packages loaded
      From worker 3:	 Activating environment at `/tigress/mk28/CooperationPolarization2/Project.toml`
      From worker 4:	 Activating environment at `/tigress/mk28/CooperationPolarization2/Project.toml`
      From worker 6:	 Activating environment at `/tigress/mk28/CooperationPolarization2/Project.toml`
      From worker 2:	 Activating environment at `/tigress/mk28/CooperationPolarization2/Project.toml`
      From worker 5:	 Activating environment at `/tigress/mk28/CooperationPolarization2/Project.toml`
      From worker 8:	 Activating environment at `/tigress/mk28/CooperationPolarization2/Project.toml`
      From worker 11:	 Activating environment at `/tigress/mk28/CooperationPolarization2/Project.toml`
      From worker 10:	 Activating environment at `/tigress/mk28/CooperationPolarization2/Project.toml`
      From worker 14:	 Activating environment at `/tigress/mk28/CooperationPolarization2/Project.toml`
      From worker 12:	 Activating environment at `/tigress/mk28/CooperationPolarization2/Project.toml`
      From worker 13:	 Activating environment at `/tigress/mk28/CooperationPolarization2/Project.toml`
      From worker 15:	 Activating environment at `/tigress/mk28/CooperationPolarization2/Project.toml`
      From worker 16:	 Activating environment at `/tigress/mk28/CooperationPolarization2/Project.toml`
      From worker 9:	 Activating environment at `/tigress/mk28/CooperationPolarization2/Project.toml`
      From worker 7:	 Activating environment at `/tigress/mk28/CooperationPolarization2/Project.toml`
      From worker 15:	packages loaded
      From worker 12:	packages loaded
      From worker 16:	packages loaded
      From worker 9:	packages loaded
      From worker 2:	packages loaded
      From worker 13:	packages loaded
      From worker 10:	packages loaded
      From worker 8:	packages loaded
      From worker 14:	packages loaded
      From worker 11:	packages loaded
      From worker 7:	packages loaded
      From worker 5:	packages loaded
      From worker 4:	packages loaded
      From worker 3:	packages loaded
      From worker 6:	packages loaded
parameters defined
      From worker 8:	
      From worker 8:	starting b_1.0_c_0.2_N_40_M_3_K_2_P_2_beta_0.001_u_0.001_v_0.011180339887498947_p_0.25_ϵ_1.0_gens_20000000_210221-073855.348
      From worker 11:	
      From worker 11:	starting b_1.0_c_0.2_N_40_M_3_K_2_P_2_beta_0.001_u_0.001_v_0.055901699437494755_p_1.0_ϵ_1.0_gens_20000000_210221-073855.348
      From worker 10:	
      From worker 10:	starting b_1.0_c_0.2_N_40_M_3_K_2_P_2_beta_0.001_u_0.001_v_0.025_p_0.75_ϵ_1.0_gens_20000000_210221-073855.348
      From worker 12:	
      From worker 12:	starting b_1.0_c_0.2_N_40_M_3_K_2_P_2_beta_0.001_u_0.001_v_0.125_p_0.0_ϵ_1.0_gens_20000000_210221-073855.348
      From worker 13:	
      From worker 13:	starting b_1.0_c_0.2_N_40_M_3_K_2_P_2_beta_0.001_u_0.001_v_0.125_p_0.25_ϵ_1.0_gens_20000000_210221-073855.348
      From worker 5:	
      From worker 5:	starting b_1.0_c_0.2_N_40_M_3_K_2_P_2_beta_0.001_u_0.001_v_0.0022360679774997894_p_0.75_ϵ_1.0_gens_20000000_210221-073855.348
      From worker 16:	
      From worker 16:	starting b_1.0_c_0.2_N_40_M_3_K_2_P_2_beta_0.001_u_0.001_v_0.625_p_1.0_ϵ_1.0_gens_20000000_210221-073855.348
      From worker 3:	
      From worker 3:	starting b_1.0_c_0.2_N_40_M_3_K_2_P_2_beta_0.001_u_0.001_v_0.001_p_0.25_ϵ_1.0_gens_20000000_210221-073855.348
      From worker 15:	
      From worker 15:	starting b_1.0_c_0.2_N_40_M_3_K_2_P_2_beta_0.001_u_0.001_v_0.2795084971874737_p_0.75_ϵ_1.0_gens_20000000_210221-073855.348
      From worker 9:	
      From worker 9:	starting b_1.0_c_0.2_N_40_M_3_K_2_P_2_beta_0.001_u_0.001_v_0.025_p_0.5_ϵ_1.0_gens_20000000_210221-073855.348
      From worker 7:	
      From worker 7:	starting b_1.0_c_0.2_N_40_M_3_K_2_P_2_beta_0.001_u_0.001_v_0.011180339887498947_p_0.0_ϵ_1.0_gens_20000000_210221-073855.348
      From worker 4:	
      From worker 4:	starting b_1.0_c_0.2_N_40_M_3_K_2_P_2_beta_0.001_u_0.001_v_0.0022360679774997894_p_0.5_ϵ_1.0_gens_20000000_210221-073855.348
      From worker 14:	
      From worker 14:	starting b_1.0_c_0.2_N_40_M_3_K_2_P_2_beta_0.001_u_0.001_v_0.2795084971874737_p_0.5_ϵ_1.0_gens_20000000_210221-073855.348
      From worker 2:	
      From worker 2:	starting b_1.0_c_0.2_N_40_M_3_K_2_P_2_beta_0.001_u_0.001_v_0.001_p_0.0_ϵ_1.0_gens_20000000_210221-073855.348
      From worker 6:	
      From worker 6:	starting b_1.0_c_0.2_N_40_M_3_K_2_P_2_beta_0.001_u_0.001_v_0.005_p_1.0_ϵ_1.0_gens_20000000_210221-073855.348
      From worker 6:	replicate complete, ran 20000000 generations:
      From worker 6:	
      From worker 6:		num_imitating:			9998520
      From worker 6:		num_not_imitating:		10001480
      From worker 6:		num_strategies_changed:  	146678
      From worker 6:			num_random_strategies: 	9912
      From worker 6:		num_sets_changed: 		589648
      From worker 6:			num_random_opinions: 	0
      From worker 6:			num_biased_opinions: 	49976
      From worker 6:		num_both_changed: 		14635
      From worker 6:	
      From worker 3:	replicate complete, ran 20000000 generations:
      From worker 3:	
      From worker 3:		num_imitating:			17500123
      From worker 3:		num_not_imitating:		2499877
      From worker 3:		num_strategies_changed:  	492075
      From worker 3:			num_random_strategies: 	17445
      From worker 3:		num_sets_changed: 		596940
      From worker 3:			num_random_opinions: 	13072
      From worker 3:			num_biased_opinions: 	4329
      From worker 3:		num_both_changed: 		34695
      From worker 3:	
      From worker 3:	data processed and exported
      From worker 6:	data processed and exported
      From worker 3:	
      From worker 3:	starting b_1.0_c_0.2_N_40_M_3_K_2_P_2_beta_0.001_u_0.001_v_0.001_p_0.5_ϵ_1.0_gens_20000000_210221-073855.348
      From worker 6:	
      From worker 6:	starting b_1.0_c_0.2_N_40_M_3_K_2_P_2_beta_0.001_u_0.001_v_0.005_p_0.0_ϵ_1.0_gens_20000000_210221-073855.348
      From worker 5:	replicate complete, ran 20000000 generations:
      From worker 5:	
      From worker 5:		num_imitating:			12500267
      From worker 5:		num_not_imitating:		7499733
      From worker 5:		num_strategies_changed:  	377360
      From worker 5:			num_random_strategies: 	12704
      From worker 5:		num_sets_changed: 		832949
      From worker 5:			num_random_opinions: 	6956
      From worker 5:			num_biased_opinions: 	20796
      From worker 5:		num_both_changed: 		55144
      From worker 5:	
      From worker 5:	data processed and exported
      From worker 2:	replicate complete, ran 20000000 generations:
      From worker 2:	
      From worker 2:		num_imitating:			20000000
      From worker 2:		num_not_imitating:		0
      From worker 2:		num_strategies_changed:  	574853
      From worker 2:			num_random_strategies: 	20084
      From worker 2:		num_sets_changed: 		669901
      From worker 2:			num_random_opinions: 	20171
      From worker 2:			num_biased_opinions: 	0
      From worker 2:		num_both_changed: 		39134
      From worker 2:	
      From worker 5:	
      From worker 5:	starting b_1.0_c_0.2_N_40_M_3_K_2_P_2_beta_0.001_u_0.001_v_0.0022360679774997894_p_1.0_ϵ_1.0_gens_20000000_210221-073855.348
      From worker 2:	data processed and exported
      From worker 2:	
      From worker 2:	starting b_1.0_c_0.2_N_40_M_3_K_2_P_2_beta_0.001_u_0.001_v_0.001_p_0.25_ϵ_1.0_gens_20000000_210221-073855.348
      From worker 4:	replicate complete, ran 20000000 generations:
      From worker 4:	
      From worker 4:		num_imitating:			14998315
      From worker 4:		num_not_imitating:		5001685
      From worker 4:		num_strategies_changed:  	439301
      From worker 4:			num_random_strategies: 	15065
      From worker 4:		num_sets_changed: 		1065200
      From worker 4:			num_random_opinions: 	16806
      From worker 4:			num_biased_opinions: 	16887
      From worker 4:		num_both_changed: 		47566
      From worker 4:	
      From worker 4:	data processed and exported
      From worker 4:	
      From worker 4:	starting b_1.0_c_0.2_N_40_M_3_K_2_P_2_beta_0.001_u_0.001_v_0.0022360679774997894_p_0.75_ϵ_1.0_gens_20000000_210221-073855.348
      From worker 11:	replicate complete, ran 20000000 generations:
      From worker 11:	
      From worker 11:		num_imitating:			9998325
      From worker 11:		num_not_imitating:		10001675
      From worker 11:		num_strategies_changed:  	150667
      From worker 11:			num_random_strategies: 	9893
      From worker 11:		num_sets_changed: 		3600470
      From worker 11:			num_random_opinions: 	0
      From worker 11:			num_biased_opinions: 	558070
      From worker 11:		num_both_changed: 		76864
      From worker 11:	
      From worker 11:	data processed and exported
      From worker 11:	
      From worker 11:	starting b_1.0_c_0.2_N_40_M_3_K_2_P_2_beta_0.001_u_0.001_v_0.055901699437494755_p_0.0_ϵ_1.0_gens_20000000_210221-073855.348
      From worker 8:	replicate complete, ran 20000000 generations:
      From worker 8:	
      From worker 8:		num_imitating:			17497659
      From worker 8:		num_not_imitating:		2502341
      From worker 8:		num_strategies_changed:  	485568
      From worker 8:			num_random_strategies: 	17477
      From worker 8:		num_sets_changed: 		4810568
      From worker 8:			num_random_opinions: 	146942
      From worker 8:			num_biased_opinions: 	49095
      From worker 8:		num_both_changed: 		221340
      From worker 8:	
      From worker 8:	data processed and exported
      From worker 8:	
      From worker 8:	starting b_1.0_c_0.2_N_40_M_3_K_2_P_2_beta_0.001_u_0.001_v_0.011180339887498947_p_0.5_ϵ_1.0_gens_20000000_210221-073855.348
      From worker 10:	replicate complete, ran 20000000 generations:
      From worker 10:	
      From worker 10:		num_imitating:			12498610
      From worker 10:		num_not_imitating:		7501390
      From worker 10:		num_strategies_changed:  	355105
      From worker 10:			num_random_strategies: 	12376
      From worker 10:		num_sets_changed: 		5342416
      From worker 10:			num_random_opinions: 	77514
      From worker 10:			num_biased_opinions: 	235486
      From worker 10:		num_both_changed: 		228835
      From worker 10:	
      From worker 10:	data processed and exported
      From worker 10:	
      From worker 10:	starting b_1.0_c_0.2_N_40_M_3_K_2_P_2_beta_0.001_u_0.001_v_0.025_p_1.0_ϵ_1.0_gens_20000000_210221-073855.348
      From worker 16:	replicate complete, ran 20000000 generations:
      From worker 16:	
      From worker 16:		num_imitating:			9999891
      From worker 16:		num_not_imitating:		10000109
      From worker 16:		num_strategies_changed:  	146442
      From worker 16:			num_random_strategies: 	10074
      From worker 16:		num_sets_changed: 		6471675
      From worker 16:			num_random_opinions: 	0
      From worker 16:			num_biased_opinions: 	6249554
      From worker 16:		num_both_changed: 		97643
      From worker 16:	
      From worker 7:	replicate complete, ran 20000000 generations:
      From worker 7:	
      From worker 7:		num_imitating:			20000000
      From worker 7:		num_not_imitating:		0
      From worker 7:		num_strategies_changed:  	587768
      From worker 7:			num_random_strategies: 	20125
      From worker 7:		num_sets_changed: 		5556474
      From worker 7:			num_random_opinions: 	223376
      From worker 7:			num_biased_opinions: 	0
      From worker 7:		num_both_changed: 		272091
      From worker 7:	
      From worker 16:	data processed and exported
      From worker 16:	
      From worker 16:	starting b_1.0_c_0.2_N_40_M_3_K_2_P_2_beta_0.001_u_0.001_v_0.625_p_0.0_ϵ_1.0_gens_20000000_210221-073855.348
      From worker 7:	data processed and exported
      From worker 7:	
      From worker 7:	starting b_1.0_c_0.2_N_40_M_3_K_2_P_2_beta_0.001_u_0.001_v_0.011180339887498947_p_0.25_ϵ_1.0_gens_20000000_210221-073855.348
      From worker 9:	replicate complete, ran 20000000 generations:
      From worker 9:	
      From worker 9:		num_imitating:			15003459
      From worker 9:		num_not_imitating:		4996541
      From worker 9:		num_strategies_changed:  	412244
      From worker 9:			num_random_strategies: 	15038
      From worker 9:		num_sets_changed: 		6601102
      From worker 9:			num_random_opinions: 	186797
      From worker 9:			num_biased_opinions: 	187160
      From worker 9:		num_both_changed: 		266694
      From worker 9:	
      From worker 9:	data processed and exported
      From worker 9:	
      From worker 9:	starting b_1.0_c_0.2_N_40_M_3_K_2_P_2_beta_0.001_u_0.001_v_0.025_p_0.75_ϵ_1.0_gens_20000000_210221-073855.348
      From worker 5:	replicate complete, ran 20000000 generations:
      From worker 5:	
      From worker 5:		num_imitating:			10000594
      From worker 5:		num_not_imitating:		9999406
      From worker 5:		num_strategies_changed:  	147114
      From worker 5:			num_random_strategies: 	9975
      From worker 5:		num_sets_changed: 		285688
      From worker 5:			num_random_opinions: 	0
      From worker 5:			num_biased_opinions: 	22291
      From worker 5:		num_both_changed: 		8373
      From worker 5:	
      From worker 5:	data processed and exported
      From worker 5:	
      From worker 5:	starting b_1.0_c_0.2_N_40_M_3_K_2_P_2_beta_0.001_u_0.001_v_0.005_p_0.0_ϵ_1.0_gens_20000000_210221-073855.348
      From worker 3:	replicate complete, ran 20000000 generations:
      From worker 3:	
      From worker 3:		num_imitating:			15002470
      From worker 3:		num_not_imitating:		4997530
      From worker 3:		num_strategies_changed:  	442416
      From worker 3:			num_random_strategies: 	14886
      From worker 3:		num_sets_changed: 		523039
      From worker 3:			num_random_opinions: 	7486
      From worker 3:			num_biased_opinions: 	7581
      From worker 3:		num_both_changed: 		25787
      From worker 3:	
      From worker 3:	data processed and exported
      From worker 3:	
      From worker 3:	starting b_1.0_c_0.2_N_40_M_3_K_2_P_2_beta_0.001_u_0.001_v_0.001_p_0.75_ϵ_1.0_gens_20000000_210221-073855.348
      From worker 15:	replicate complete, ran 20000000 generations:
      From worker 15:	
      From worker 15:		num_imitating:			12499904
      From worker 15:		num_not_imitating:		7500096
      From worker 15:		num_strategies_changed:  	367793
      From worker 15:			num_random_strategies: 	12350
      From worker 15:		num_sets_changed: 		9765533
      From worker 15:			num_random_opinions: 	874337
      From worker 15:			num_biased_opinions: 	2620411
      From worker 15:		num_both_changed: 		310403
      From worker 15:	
      From worker 15:	data processed and exported
      From worker 15:	
      From worker 15:	starting b_1.0_c_0.2_N_40_M_3_K_2_P_2_beta_0.001_u_0.001_v_0.2795084971874737_p_1.0_ϵ_1.0_gens_20000000_210221-073855.348
      From worker 2:	replicate complete, ran 20000000 generations:
      From worker 2:	
      From worker 2:		num_imitating:			17498686
      From worker 2:		num_not_imitating:		2501314
      From worker 2:		num_strategies_changed:  	523008
      From worker 2:			num_random_strategies: 	17774
      From worker 2:		num_sets_changed: 		591801
      From worker 2:			num_random_opinions: 	13189
      From worker 2:			num_biased_opinions: 	4458
      From worker 2:		num_both_changed: 		34279
      From worker 2:	
      From worker 2:	data processed and exported
      From worker 2:	
      From worker 2:	starting b_1.0_c_0.2_N_40_M_3_K_2_P_2_beta_0.001_u_0.001_v_0.001_p_0.5_ϵ_1.0_gens_20000000_210221-073855.348
      From worker 4:	replicate complete, ran 20000000 generations:
      From worker 4:	
      From worker 4:		num_imitating:			12499694
      From worker 4:		num_not_imitating:		7500306
      From worker 4:		num_strategies_changed:  	352680
      From worker 4:			num_random_strategies: 	12589
      From worker 4:		num_sets_changed: 		858065
      From worker 4:			num_random_opinions: 	7074
      From worker 4:			num_biased_opinions: 	20926
      From worker 4:		num_both_changed: 		46612
      From worker 4:	
      From worker 4:	data processed and exported
      From worker 4:	
      From worker 4:	starting b_1.0_c_0.2_N_40_M_3_K_2_P_2_beta_0.001_u_0.001_v_0.0022360679774997894_p_1.0_ϵ_1.0_gens_20000000_210221-073855.348
      From worker 14:	replicate complete, ran 20000000 generations:
      From worker 14:	
      From worker 14:		num_imitating:			14998221
      From worker 14:		num_not_imitating:		5001779
      From worker 14:		num_strategies_changed:  	437645
      From worker 14:			num_random_strategies: 	15143
      From worker 14:		num_sets_changed: 		12449638
      From worker 14:			num_random_opinions: 	2096176
      From worker 14:			num_biased_opinions: 	2097472
      From worker 14:		num_both_changed: 		387716
      From worker 14:	
      From worker 14:	data processed and exported
      From worker 14:	
      From worker 14:	starting b_1.0_c_0.2_N_40_M_3_K_2_P_2_beta_0.001_u_0.001_v_0.2795084971874737_p_0.75_ϵ_1.0_gens_20000000_210221-073855.348
      From worker 6:	replicate complete, ran 20000000 generations:
      From worker 6:	
      From worker 6:		num_imitating:			20000000
      From worker 6:		num_not_imitating:		0
      From worker 6:		num_strategies_changed:  	574106
      From worker 6:			num_random_strategies: 	20035
      From worker 6:		num_sets_changed: 		2947091
      From worker 6:			num_random_opinions: 	99538
      From worker 6:			num_biased_opinions: 	0
      From worker 6:		num_both_changed: 		154081
      From worker 6:	
      From worker 6:	data processed and exported
      From worker 6:	
      From worker 6:	starting b_1.0_c_0.2_N_40_M_3_K_2_P_2_beta_0.001_u_0.001_v_0.005_p_0.25_ϵ_1.0_gens_20000000_210221-073855.348
      From worker 13:	replicate complete, ran 20000000 generations:
      From worker 13:	
      From worker 13:		num_imitating:			17499677
      From worker 13:		num_not_imitating:		2500323
      From worker 13:		num_strategies_changed:  	500728
      From worker 13:			num_random_strategies: 	17652
      From worker 13:		num_sets_changed: 		13492072
      From worker 13:			num_random_opinions: 	1640486
      From worker 13:			num_biased_opinions: 	546780
      From worker 13:		num_both_changed: 		442753
      From worker 13:	
      From worker 13:	data processed and exported
      From worker 13:	
      From worker 13:	starting b_1.0_c_0.2_N_40_M_3_K_2_P_2_beta_0.001_u_0.001_v_0.125_p_0.5_ϵ_1.0_gens_20000000_210221-073855.348
      From worker 12:	replicate complete, ran 20000000 generations:
      From worker 12:	
      From worker 12:		num_imitating:			20000000
      From worker 12:		num_not_imitating:		0
      From worker 12:		num_strategies_changed:  	578556
      From worker 12:			num_random_strategies: 	20055
      From worker 12:		num_sets_changed: 		15575573
      From worker 12:			num_random_opinions: 	2500655
      From worker 12:			num_biased_opinions: 	0
      From worker 12:		num_both_changed: 		515864
      From worker 12:	
      From worker 12:	data processed and exported
      From worker 12:	
      From worker 12:	starting b_1.0_c_0.2_N_40_M_3_K_2_P_2_beta_0.001_u_0.001_v_0.125_p_0.25_ϵ_1.0_gens_20000000_210221-073855.348
      From worker 10:	replicate complete, ran 20000000 generations:
      From worker 10:	
      From worker 10:		num_imitating:			10002691
      From worker 10:		num_not_imitating:		9997309
      From worker 10:		num_strategies_changed:  	148833
      From worker 10:			num_random_strategies: 	9852
      From worker 10:		num_sets_changed: 		2247323
      From worker 10:			num_random_opinions: 	0
      From worker 10:			num_biased_opinions: 	250186
      From worker 10:		num_both_changed: 		53707
      From worker 10:	
      From worker 10:	data processed and exported
      From worker 10:	
      From worker 10:	starting b_1.0_c_0.2_N_40_M_3_K_2_P_2_beta_0.001_u_0.001_v_0.055901699437494755_p_0.0_ϵ_1.0_gens_20000000_210221-073855.348
      From worker 8:	replicate complete, ran 20000000 generations:
      From worker 8:	
      From worker 8:		num_imitating:			15002626
      From worker 8:		num_not_imitating:		4997374
      From worker 8:		num_strategies_changed:  	451177
      From worker 8:			num_random_strategies: 	15103
      From worker 8:		num_sets_changed: 		4090889
      From worker 8:			num_random_opinions: 	83891
      From worker 8:			num_biased_opinions: 	84329
      From worker 8:		num_both_changed: 		207063
      From worker 8:	
      From worker 8:	data processed and exported
      From worker 8:	
      From worker 8:	starting b_1.0_c_0.2_N_40_M_3_K_2_P_2_beta_0.001_u_0.001_v_0.011180339887498947_p_0.75_ϵ_1.0_gens_20000000_210221-073855.348
      From worker 3:	replicate complete, ran 20000000 generations:
      From worker 3:	
      From worker 3:		num_imitating:			12498893
      From worker 3:		num_not_imitating:		7501107
      From worker 3:		num_strategies_changed:  	361850
      From worker 3:			num_random_strategies: 	12572
      From worker 3:		num_sets_changed: 		413386
      From worker 3:			num_random_opinions: 	3165
      From worker 3:			num_biased_opinions: 	9464
      From worker 3:		num_both_changed: 		30894
      From worker 3:	
      From worker 3:	data processed and exported
      From worker 3:	
      From worker 3:	starting b_1.0_c_0.2_N_40_M_3_K_2_P_2_beta_0.001_u_0.001_v_0.001_p_1.0_ϵ_1.0_gens_20000000_210221-073855.348
      From worker 4:	replicate complete, ran 20000000 generations:
      From worker 4:	
      From worker 4:		num_imitating:			10004525
      From worker 4:		num_not_imitating:		9995475
      From worker 4:		num_strategies_changed:  	144212
      From worker 4:			num_random_strategies: 	10157
      From worker 4:		num_sets_changed: 		283391
      From worker 4:			num_random_opinions: 	0
      From worker 4:			num_biased_opinions: 	22479
      From worker 4:		num_both_changed: 		8456
      From worker 4:	
      From worker 4:	data processed and exported
      From worker 4:	
      From worker 4:	starting b_1.0_c_0.2_N_40_M_3_K_2_P_2_beta_0.001_u_0.001_v_0.0022360679774997894_p_0.0_ϵ_1.0_gens_20000000_210221-073855.348
      From worker 2:	replicate complete, ran 20000000 generations:
      From worker 2:	
      From worker 2:		num_imitating:			14995967
      From worker 2:		num_not_imitating:		5004033
      From worker 2:		num_strategies_changed:  	416385
      From worker 2:			num_random_strategies: 	14781
      From worker 2:		num_sets_changed: 		498050
      From worker 2:			num_random_opinions: 	7521
      From worker 2:			num_biased_opinions: 	7426
      From worker 2:		num_both_changed: 		23660
      From worker 2:	
      From worker 2:	data processed and exported
      From worker 2:	
      From worker 2:	starting b_1.0_c_0.2_N_40_M_3_K_2_P_2_beta_0.001_u_0.001_v_0.001_p_0.75_ϵ_1.0_gens_20000000_210221-073855.348
      From worker 7:	replicate complete, ran 20000000 generations:
      From worker 7:	
      From worker 7:		num_imitating:			17501269
      From worker 7:		num_not_imitating:		2498731
      From worker 7:		num_strategies_changed:  	500541
      From worker 7:			num_random_strategies: 	17317
      From worker 7:		num_sets_changed: 		4810365
      From worker 7:			num_random_opinions: 	147170
      From worker 7:			num_biased_opinions: 	49114
      From worker 7:		num_both_changed: 		224488
      From worker 7:	
      From worker 7:	data processed and exported
      From worker 7:	
      From worker 7:	starting b_1.0_c_0.2_N_40_M_3_K_2_P_2_beta_0.001_u_0.001_v_0.011180339887498947_p_0.5_ϵ_1.0_gens_20000000_210221-073855.348
      From worker 9:	replicate complete, ran 20000000 generations:
      From worker 9:	
      From worker 9:		num_imitating:			12501869
      From worker 9:		num_not_imitating:		7498131
      From worker 9:		num_strategies_changed:  	358536
      From worker 9:			num_random_strategies: 	12350
      From worker 9:		num_sets_changed: 		5284902
      From worker 9:			num_random_opinions: 	77699
      From worker 9:			num_biased_opinions: 	234707
      From worker 9:		num_both_changed: 		227531
      From worker 9:	
      From worker 9:	data processed and exported
      From worker 9:	
      From worker 9:	starting b_1.0_c_0.2_N_40_M_3_K_2_P_2_beta_0.001_u_0.001_v_0.025_p_1.0_ϵ_1.0_gens_20000000_210221-073855.348
      From worker 5:	replicate complete, ran 20000000 generations:
      From worker 5:	
      From worker 5:		num_imitating:			20000000
      From worker 5:		num_not_imitating:		0
      From worker 5:		num_strategies_changed:  	582796
      From worker 5:			num_random_strategies: 	20169
      From worker 5:		num_sets_changed: 		2976242
      From worker 5:			num_random_opinions: 	100176
      From worker 5:			num_biased_opinions: 	0
      From worker 5:		num_both_changed: 		157952
      From worker 5:	
      From worker 5:	data processed and exported
      From worker 5:	
      From worker 5:	starting b_1.0_c_0.2_N_40_M_3_K_2_P_2_beta_0.001_u_0.001_v_0.005_p_0.25_ϵ_1.0_gens_20000000_210221-073855.348
      From worker 15:	replicate complete, ran 20000000 generations:
      From worker 15:	
      From worker 15:		num_imitating:			9999039
      From worker 15:		num_not_imitating:		10000961
      From worker 15:		num_strategies_changed:  	143358
      From worker 15:			num_random_strategies: 	10021
      From worker 15:		num_sets_changed: 		5898752
      From worker 15:			num_random_opinions: 	0
      From worker 15:			num_biased_opinions: 	2795060
      From worker 15:		num_both_changed: 		94027
      From worker 15:	
      From worker 15:	data processed and exported
      From worker 15:	
      From worker 15:	starting b_1.0_c_0.2_N_40_M_3_K_2_P_2_beta_0.001_u_0.001_v_0.625_p_0.0_ϵ_1.0_gens_20000000_210221-073855.348
      From worker 6:	replicate complete, ran 20000000 generations:
      From worker 6:	
      From worker 6:		num_imitating:			17498367
      From worker 6:		num_not_imitating:		2501633
      From worker 6:		num_strategies_changed:  	482189
      From worker 6:			num_random_strategies: 	17301
      From worker 6:		num_sets_changed: 		2589947
      From worker 6:			num_random_opinions: 	65732
      From worker 6:			num_biased_opinions: 	21704
      From worker 6:		num_both_changed: 		117994
      From worker 6:	
      From worker 6:	data processed and exported
      From worker 6:	
      From worker 6:	starting b_1.0_c_0.2_N_40_M_3_K_2_P_2_beta_0.001_u_0.001_v_0.005_p_0.5_ϵ_1.0_gens_20000000_210221-073855.348
      From worker 11:	replicate complete, ran 20000000 generations:
      From worker 11:	
      From worker 11:		num_imitating:			20000000
      From worker 11:		num_not_imitating:		0
      From worker 11:		num_strategies_changed:  	559917
      From worker 11:			num_random_strategies: 	19974
      From worker 11:		num_sets_changed: 		12758242
      From worker 11:			num_random_opinions: 	1118444
      From worker 11:			num_biased_opinions: 	0
      From worker 11:		num_both_changed: 		463965
      From worker 11:	
      From worker 11:	data processed and exported
      From worker 11:	
      From worker 11:	starting b_1.0_c_0.2_N_40_M_3_K_2_P_2_beta_0.001_u_0.001_v_0.055901699437494755_p_0.25_ϵ_1.0_gens_20000000_210221-073855.348
      From worker 3:	replicate complete, ran 20000000 generations:
      From worker 3:	
      From worker 3:		num_imitating:			9999749
      From worker 3:		num_not_imitating:		10000251
      From worker 3:		num_strategies_changed:  	144992
      From worker 3:			num_random_strategies: 	10012
      From worker 3:		num_sets_changed: 		124437
      From worker 3:			num_random_opinions: 	0
      From worker 3:			num_biased_opinions: 	9987
      From worker 3:		num_both_changed: 		3260
      From worker 3:	
      From worker 3:	data processed and exported
      From worker 3:	
      From worker 3:	starting b_1.0_c_0.2_N_40_M_3_K_2_P_2_beta_0.001_u_0.001_v_0.0022360679774997894_p_0.0_ϵ_1.0_gens_20000000_210221-073855.348
      From worker 2:	replicate complete, ran 20000000 generations:
      From worker 2:	
      From worker 2:		num_imitating:			12501903
      From worker 2:		num_not_imitating:		7498097
      From worker 2:		num_strategies_changed:  	344412
      From worker 2:			num_random_strategies: 	12512
      From worker 2:		num_sets_changed: 		414350
      From worker 2:			num_random_opinions: 	3009
      From worker 2:			num_biased_opinions: 	9418
      From worker 2:		num_both_changed: 		21707
      From worker 2:	
      From worker 2:	data processed and exported
      From worker 2:	
      From worker 2:	starting b_1.0_c_0.2_N_40_M_3_K_2_P_2_beta_0.001_u_0.001_v_0.001_p_1.0_ϵ_1.0_gens_20000000_210221-073855.348
      From worker 4:	replicate complete, ran 20000000 generations:
      From worker 4:	
      From worker 4:		num_imitating:			20000000
      From worker 4:		num_not_imitating:		0
      From worker 4:		num_strategies_changed:  	540550
      From worker 4:			num_random_strategies: 	19872
      From worker 4:		num_sets_changed: 		1480093
      From worker 4:			num_random_opinions: 	44512
      From worker 4:			num_biased_opinions: 	0
      From worker 4:		num_both_changed: 		66922
      From worker 4:	
      From worker 4:	data processed and exported
      From worker 4:	
      From worker 4:	starting b_1.0_c_0.2_N_40_M_3_K_2_P_2_beta_0.001_u_0.001_v_0.0022360679774997894_p_0.25_ϵ_1.0_gens_20000000_210221-073855.348
      From worker 8:	replicate complete, ran 20000000 generations:
      From worker 8:	
      From worker 8:		num_imitating:			12500625
      From worker 8:		num_not_imitating:		7499375
      From worker 8:		num_strategies_changed:  	348794
      From worker 8:			num_random_strategies: 	12478
      From worker 8:		num_sets_changed: 		3295626
      From worker 8:			num_random_opinions: 	35270
      From worker 8:			num_biased_opinions: 	105174
      From worker 8:		num_both_changed: 		155686
      From worker 8:	
      From worker 8:	data processed and exported
      From worker 8:	
      From worker 8:	starting b_1.0_c_0.2_N_40_M_3_K_2_P_2_beta_0.001_u_0.001_v_0.011180339887498947_p_1.0_ϵ_1.0_gens_20000000_210221-073855.348
      From worker 14:	replicate complete, ran 20000000 generations:
      From worker 14:	
      From worker 14:		num_imitating:			12498845
      From worker 14:		num_not_imitating:		7501155
      From worker 14:		num_strategies_changed:  	342460
      From worker 14:			num_random_strategies: 	12554
      From worker 14:		num_sets_changed: 		9767663
      From worker 14:			num_random_opinions: 	871918
      From worker 14:			num_biased_opinions: 	2622389
      From worker 14:		num_both_changed: 		289278
      From worker 14:	
      From worker 14:	data processed and exported
      From worker 14:	
      From worker 14:	starting b_1.0_c_0.2_N_40_M_3_K_2_P_2_beta_0.001_u_0.001_v_0.2795084971874737_p_1.0_ϵ_1.0_gens_20000000_210221-073855.348
      From worker 9:	replicate complete, ran 20000000 generations:
      From worker 9:	
      From worker 9:		num_imitating:			9998333
      From worker 9:		num_not_imitating:		10001667
      From worker 9:		num_strategies_changed:  	149063
      From worker 9:			num_random_strategies: 	9803
      From worker 9:		num_sets_changed: 		2252671
      From worker 9:			num_random_opinions: 	0
      From worker 9:			num_biased_opinions: 	250598
      From worker 9:		num_both_changed: 		55441
      From worker 9:	
      From worker 9:	data processed and exported
      From worker 9:	
      From worker 9:	starting b_1.0_c_0.2_N_40_M_3_K_2_P_2_beta_0.001_u_0.001_v_0.025_p_0.0_ϵ_1.0_gens_20000000_210221-073855.348
      From worker 16:	replicate complete, ran 20000000 generations:
      From worker 16:	
      From worker 16:		num_imitating:			20000000
      From worker 16:		num_not_imitating:		0
      From worker 16:		num_strategies_changed:  	581431
      From worker 16:			num_random_strategies: 	20289
      From worker 16:		num_sets_changed: 		18060658
      From worker 16:			num_random_opinions: 	12497873
      From worker 16:			num_biased_opinions: 	0
      From worker 16:		num_both_changed: 		532366
      From worker 16:	
      From worker 16:	data processed and exported
      From worker 16:	
      From worker 16:	starting b_1.0_c_0.2_N_40_M_3_K_2_P_2_beta_0.001_u_0.001_v_0.625_p_0.25_ϵ_1.0_gens_20000000_210221-073855.348
      From worker 5:	replicate complete, ran 20000000 generations:
      From worker 5:	
      From worker 5:		num_imitating:			17499782
      From worker 5:		num_not_imitating:		2500218
      From worker 5:		num_strategies_changed:  	472281
      From worker 5:			num_random_strategies: 	17434
      From worker 5:		num_sets_changed: 		2579122
      From worker 5:			num_random_opinions: 	65298
      From worker 5:			num_biased_opinions: 	21917
      From worker 5:		num_both_changed: 		122990
      From worker 5:	
      From worker 5:	data processed and exported
      From worker 5:	
      From worker 5:	starting b_1.0_c_0.2_N_40_M_3_K_2_P_2_beta_0.001_u_0.001_v_0.005_p_0.5_ϵ_1.0_gens_20000000_210221-073855.348
      From worker 7:	replicate complete, ran 20000000 generations:
      From worker 7:	
      From worker 7:		num_imitating:			15000903
      From worker 7:		num_not_imitating:		4999097
      From worker 7:		num_strategies_changed:  	415889
      From worker 7:			num_random_strategies: 	15031
      From worker 7:		num_sets_changed: 		4168098
      From worker 7:			num_random_opinions: 	84392
      From worker 7:			num_biased_opinions: 	83924
      From worker 7:		num_both_changed: 		193133
      From worker 7:	
      From worker 7:	data processed and exported
      From worker 7:	
      From worker 7:	starting b_1.0_c_0.2_N_40_M_3_K_2_P_2_beta_0.001_u_0.001_v_0.011180339887498947_p_0.75_ϵ_1.0_gens_20000000_210221-073855.348
      From worker 13:	replicate complete, ran 20000000 generations:
      From worker 13:	
      From worker 13:		num_imitating:			14998469
      From worker 13:		num_not_imitating:		5001531
      From worker 13:		num_strategies_changed:  	428493
      From worker 13:			num_random_strategies: 	14792
      From worker 13:		num_sets_changed: 		11291753
      From worker 13:			num_random_opinions: 	938385
      From worker 13:			num_biased_opinions: 	938119
      From worker 13:		num_both_changed: 		373249
      From worker 13:	
      From worker 13:	data processed and exported
      From worker 13:	
      From worker 13:	starting b_1.0_c_0.2_N_40_M_3_K_2_P_2_beta_0.001_u_0.001_v_0.125_p_0.75_ϵ_1.0_gens_20000000_210221-073855.348
      From worker 6:	replicate complete, ran 20000000 generations:
      From worker 6:	
      From worker 6:		num_imitating:			15000197
      From worker 6:		num_not_imitating:		4999803
      From worker 6:		num_strategies_changed:  	423246
      From worker 6:			num_random_strategies: 	14988
      From worker 6:		num_sets_changed: 		2195479
      From worker 6:			num_random_opinions: 	37647
      From worker 6:			num_biased_opinions: 	37465
      From worker 6:		num_both_changed: 		109200
      From worker 6:	
      From worker 6:	data processed and exported
      From worker 6:	
      From worker 6:	starting b_1.0_c_0.2_N_40_M_3_K_2_P_2_beta_0.001_u_0.001_v_0.005_p_0.75_ϵ_1.0_gens_20000000_210221-073855.348
      From worker 2:	replicate complete, ran 20000000 generations:
      From worker 2:	
      From worker 2:		num_imitating:			9997026
      From worker 2:		num_not_imitating:		10002974
      From worker 2:		num_strategies_changed:  	142297
      From worker 2:			num_random_strategies: 	9994
      From worker 2:		num_sets_changed: 		129952
      From worker 2:			num_random_opinions: 	0
      From worker 2:			num_biased_opinions: 	9971
      From worker 2:		num_both_changed: 		3127
      From worker 2:	
      From worker 2:	data processed and exported
      From worker 2:	
      From worker 2:	starting b_1.0_c_0.2_N_40_M_3_K_2_P_2_beta_0.001_u_0.001_v_0.001_p_0.0_ϵ_1.0_gens_20000000_210221-073855.348
      From worker 3:	replicate complete, ran 20000000 generations:
      From worker 3:	
      From worker 3:		num_imitating:			20000000
      From worker 3:		num_not_imitating:		0
      From worker 3:		num_strategies_changed:  	556628
      From worker 3:			num_random_strategies: 	19881
      From worker 3:		num_sets_changed: 		1475901
      From worker 3:			num_random_opinions: 	44693
      From worker 3:			num_biased_opinions: 	0
      From worker 3:		num_both_changed: 		62350
      From worker 3:	
      From worker 3:	data processed and exported
      From worker 3:	
      From worker 3:	starting b_1.0_c_0.2_N_40_M_3_K_2_P_2_beta_0.001_u_0.001_v_0.0022360679774997894_p_0.25_ϵ_1.0_gens_20000000_210221-073855.348
      From worker 12:	replicate complete, ran 20000000 generations:
      From worker 12:	
      From worker 12:		num_imitating:			17498405
      From worker 12:		num_not_imitating:		2501595
      From worker 12:		num_strategies_changed:  	496706
      From worker 12:			num_random_strategies: 	17759
      From worker 12:		num_sets_changed: 		13499154
      From worker 12:			num_random_opinions: 	1640990
      From worker 12:			num_biased_opinions: 	545728
      From worker 12:		num_both_changed: 		439151
      From worker 12:	
      From worker 12:	data processed and exported
      From worker 12:	
      From worker 12:	starting b_1.0_c_0.2_N_40_M_3_K_2_P_2_beta_0.001_u_0.001_v_0.125_p_0.5_ϵ_1.0_gens_20000000_210221-073855.348
      From worker 10:	replicate complete, ran 20000000 generations:
      From worker 10:	
      From worker 10:		num_imitating:			20000000
      From worker 10:		num_not_imitating:		0
      From worker 10:		num_strategies_changed:  	569133
      From worker 10:			num_random_strategies: 	20190
      From worker 10:		num_sets_changed: 		12800421
      From worker 10:			num_random_opinions: 	1117416
      From worker 10:			num_biased_opinions: 	0
      From worker 10:		num_both_changed: 		469787
      From worker 10:	
      From worker 10:	data processed and exported
      From worker 10:	
      From worker 10:	starting b_1.0_c_0.2_N_40_M_3_K_2_P_2_beta_0.001_u_0.001_v_0.055901699437494755_p_0.25_ϵ_1.0_gens_20000000_210221-073855.348
      From worker 8:	replicate complete, ran 20000000 generations:
      From worker 8:	
      From worker 8:		num_imitating:			10003334
      From worker 8:		num_not_imitating:		9996666
      From worker 8:		num_strategies_changed:  	147470
      From worker 8:			num_random_strategies: 	9957
      From worker 8:		num_sets_changed: 		1181616
      From worker 8:			num_random_opinions: 	0
      From worker 8:			num_biased_opinions: 	111630
      From worker 8:		num_both_changed: 		28915
      From worker 8:	
      From worker 8:	data processed and exported
      From worker 4:	replicate complete, ran 20000000 generations:
      From worker 4:	
      From worker 4:		num_imitating:			17501977
      From worker 4:		num_not_imitating:		2498023
      From worker 4:		num_strategies_changed:  	453048
      From worker 4:			num_random_strategies: 	17267
      From worker 4:		num_sets_changed: 		1275183
      From worker 4:			num_random_opinions: 	29161
      From worker 4:			num_biased_opinions: 	9753
      From worker 4:		num_both_changed: 		67396
      From worker 4:	
      From worker 8:	
      From worker 8:	starting b_1.0_c_0.2_N_40_M_3_K_2_P_2_beta_0.001_u_0.001_v_0.025_p_0.0_ϵ_1.0_gens_20000000_210221-073855.348
      From worker 4:	data processed and exported
      From worker 4:	
      From worker 4:	starting b_1.0_c_0.2_N_40_M_3_K_2_P_2_beta_0.001_u_0.001_v_0.0022360679774997894_p_0.5_ϵ_1.0_gens_20000000_210221-073855.348
      From worker 5:	replicate complete, ran 20000000 generations:
      From worker 5:	
      From worker 5:		num_imitating:			14998981
      From worker 5:		num_not_imitating:		5001019
      From worker 5:		num_strategies_changed:  	437453
      From worker 5:			num_random_strategies: 	14930
      From worker 5:		num_sets_changed: 		2168828
      From worker 5:			num_random_opinions: 	37416
      From worker 5:			num_biased_opinions: 	37434
      From worker 5:		num_both_changed: 		108270
      From worker 5:	
      From worker 5:	data processed and exported
      From worker 5:	
      From worker 5:	starting b_1.0_c_0.2_N_40_M_3_K_2_P_2_beta_0.001_u_0.001_v_0.005_p_0.75_ϵ_1.0_gens_20000000_210221-073855.348
      From worker 14:	replicate complete, ran 20000000 generations:
      From worker 14:	
      From worker 14:		num_imitating:			9996953
      From worker 14:		num_not_imitating:		10003047
      From worker 14:		num_strategies_changed:  	153834
      From worker 14:			num_random_strategies: 	10065
      From worker 14:		num_sets_changed: 		5899868
      From worker 14:			num_random_opinions: 	0
      From worker 14:			num_biased_opinions: 	2794280
      From worker 14:		num_both_changed: 		100382
      From worker 14:	
      From worker 14:	data processed and exported
      From worker 14:	
      From worker 14:	starting b_1.0_c_0.2_N_40_M_3_K_2_P_2_beta_0.001_u_0.001_v_0.2795084971874737_p_0.0_ϵ_1.0_gens_20000000_210221-073855.348
      From worker 7:	replicate complete, ran 20000000 generations:
      From worker 7:	
      From worker 7:		num_imitating:			12503086
      From worker 7:		num_not_imitating:		7496914
      From worker 7:		num_strategies_changed:  	344145
      From worker 7:			num_random_strategies: 	12364
      From worker 7:		num_sets_changed: 		3214288
      From worker 7:			num_random_opinions: 	34915
      From worker 7:			num_biased_opinions: 	105191
      From worker 7:		num_both_changed: 		139763
      From worker 7:	
      From worker 7:	data processed and exported
      From worker 7:	
      From worker 7:	starting b_1.0_c_0.2_N_40_M_3_K_2_P_2_beta_0.001_u_0.001_v_0.011180339887498947_p_1.0_ϵ_1.0_gens_20000000_210221-073855.348
      From worker 11:	replicate complete, ran 20000000 generations:
      From worker 11:	
      From worker 11:		num_imitating:			17501332
      From worker 11:		num_not_imitating:		2498668
      From worker 11:		num_strategies_changed:  	487514
      From worker 11:			num_random_strategies: 	17514
      From worker 11:		num_sets_changed: 		11107121
      From worker 11:			num_random_opinions: 	732807
      From worker 11:			num_biased_opinions: 	243601
      From worker 11:		num_both_changed: 		400160
      From worker 11:	
      From worker 11:	data processed and exported
      From worker 11:	
      From worker 11:	starting b_1.0_c_0.2_N_40_M_3_K_2_P_2_beta_0.001_u_0.001_v_0.055901699437494755_p_0.5_ϵ_1.0_gens_20000000_210221-073855.348
      From worker 6:	replicate complete, ran 20000000 generations:
      From worker 6:	
      From worker 6:		num_imitating:			12502827
      From worker 6:		num_not_imitating:		7497173
      From worker 6:		num_strategies_changed:  	359253
      From worker 6:			num_random_strategies: 	12247
      From worker 6:		num_sets_changed: 		1804026
      From worker 6:			num_random_opinions: 	15558
      From worker 6:			num_biased_opinions: 	47083
      From worker 6:		num_both_changed: 		93681
      From worker 6:	
      From worker 6:	data processed and exported
      From worker 6:	
      From worker 6:	starting b_1.0_c_0.2_N_40_M_3_K_2_P_2_beta_0.001_u_0.001_v_0.005_p_1.0_ϵ_1.0_gens_20000000_210221-073855.348
      From worker 2:	replicate complete, ran 20000000 generations:
      From worker 2:	
      From worker 2:		num_imitating:			20000000
      From worker 2:		num_not_imitating:		0
      From worker 2:		num_strategies_changed:  	546176
      From worker 2:			num_random_strategies: 	19911
      From worker 2:		num_sets_changed: 		712249
      From worker 2:			num_random_opinions: 	19869
      From worker 2:			num_biased_opinions: 	0
      From worker 2:		num_both_changed: 		34876
      From worker 2:	
      From worker 2:	data processed and exported
      From worker 3:	replicate complete, ran 20000000 generations:
      From worker 3:	
      From worker 3:		num_imitating:			17498085
      From worker 3:		num_not_imitating:		2501915
      From worker 3:		num_strategies_changed:  	477250
      From worker 3:			num_random_strategies: 	17337
      From worker 3:		num_sets_changed: 		1306840
      From worker 3:			num_random_opinions: 	29504
      From worker 3:			num_biased_opinions: 	9861
      From worker 3:		num_both_changed: 		62693
      From worker 3:	
      From worker 3:	data processed and exported
      From worker 4:	replicate complete, ran 20000000 generations:
      From worker 4:	
      From worker 4:		num_imitating:			15003043
      From worker 4:		num_not_imitating:		4996957
      From worker 4:		num_strategies_changed:  	416814
      From worker 4:			num_random_strategies: 	15093
      From worker 4:		num_sets_changed: 		1071098
      From worker 4:			num_random_opinions: 	16954
      From worker 4:			num_biased_opinions: 	16844
      From worker 4:		num_both_changed: 		52202
      From worker 4:	
      From worker 4:	data processed and exported
      From worker 9:	replicate complete, ran 20000000 generations:
      From worker 9:	
      From worker 9:		num_imitating:			20000000
      From worker 9:		num_not_imitating:		0
      From worker 9:		num_strategies_changed:  	578187
      From worker 9:			num_random_strategies: 	20043
      From worker 9:		num_sets_changed: 		9066492
      From worker 9:			num_random_opinions: 	500780
      From worker 9:			num_biased_opinions: 	0
      From worker 9:		num_both_changed: 		382406
      From worker 9:	
      From worker 9:	data processed and exported
      From worker 9:	
      From worker 9:	starting b_1.0_c_0.2_N_40_M_3_K_2_P_2_beta_0.001_u_0.001_v_0.025_p_0.25_ϵ_1.0_gens_20000000_210221-073855.348
      From worker 15:	replicate complete, ran 20000000 generations:
      From worker 15:	
      From worker 15:		num_imitating:			20000000
      From worker 15:		num_not_imitating:		0
      From worker 15:		num_strategies_changed:  	564898
      From worker 15:			num_random_strategies: 	20002
      From worker 15:		num_sets_changed: 		18061623
      From worker 15:			num_random_opinions: 	12497894
      From worker 15:			num_biased_opinions: 	0
      From worker 15:		num_both_changed: 		517619
      From worker 15:	
      From worker 15:	data processed and exported
      From worker 15:	
      From worker 15:	starting b_1.0_c_0.2_N_40_M_3_K_2_P_2_beta_0.001_u_0.001_v_0.625_p_0.25_ϵ_1.0_gens_20000000_210221-073855.348
      From worker 13:	replicate complete, ran 20000000 generations:
      From worker 13:	
      From worker 13:		num_imitating:			12504281
      From worker 13:		num_not_imitating:		7495719
      From worker 13:		num_strategies_changed:  	347610
      From worker 13:			num_random_strategies: 	12477
      From worker 13:		num_sets_changed: 		8955990
      From worker 13:			num_random_opinions: 	390559
      From worker 13:			num_biased_opinions: 	1169884
      From worker 13:		num_both_changed: 		292060
      From worker 13:	
      From worker 13:	data processed and exported
      From worker 13:	
      From worker 13:	starting b_1.0_c_0.2_N_40_M_3_K_2_P_2_beta_0.001_u_0.001_v_0.125_p_1.0_ϵ_1.0_gens_20000000_210221-073855.348
      From worker 5:	replicate complete, ran 20000000 generations:
      From worker 5:	
      From worker 5:		num_imitating:			12501156
      From worker 5:		num_not_imitating:		7498844
      From worker 5:		num_strategies_changed:  	379789
      From worker 5:			num_random_strategies: 	12467
      From worker 5:		num_sets_changed: 		1756573
      From worker 5:			num_random_opinions: 	15603
      From worker 5:			num_biased_opinions: 	46589
      From worker 5:		num_both_changed: 		108779
      From worker 5:	
      From worker 5:	data processed and exported
      From worker 7:	replicate complete, ran 20000000 generations:
      From worker 7:	
      From worker 7:		num_imitating:			10001871
      From worker 7:		num_not_imitating:		9998129
      From worker 7:		num_strategies_changed:  	146485
      From worker 7:			num_random_strategies: 	9971
      From worker 7:		num_sets_changed: 		1195697
      From worker 7:			num_random_opinions: 	0
      From worker 7:			num_biased_opinions: 	111028
      From worker 7:		num_both_changed: 		30063
      From worker 7:	
      From worker 7:	data processed and exported
      From worker 7:	
      From worker 7:	starting b_1.0_c_0.2_N_40_M_3_K_2_P_2_beta_0.001_u_0.001_v_0.011180339887498947_p_0.0_ϵ_1.0_gens_20000000_210221-073855.348
      From worker 6:	replicate complete, ran 20000000 generations:
      From worker 6:	
      From worker 6:		num_imitating:			9999195
      From worker 6:		num_not_imitating:		10000805
      From worker 6:		num_strategies_changed:  	156267
      From worker 6:			num_random_strategies: 	10124
      From worker 6:		num_sets_changed: 		610095
      From worker 6:			num_random_opinions: 	0
      From worker 6:			num_biased_opinions: 	50316
      From worker 6:		num_both_changed: 		17198
      From worker 6:	
      From worker 6:	data processed and exported
      From worker 16:	replicate complete, ran 20000000 generations:
      From worker 16:	
      From worker 16:		num_imitating:			17498642
      From worker 16:		num_not_imitating:		2501358
      From worker 16:		num_strategies_changed:  	514169
      From worker 16:			num_random_strategies: 	17581
      From worker 16:		num_sets_changed: 		15613406
      From worker 16:			num_random_opinions: 	8204254
      From worker 16:			num_biased_opinions: 	2735636
      From worker 16:		num_both_changed: 		465755
      From worker 16:	
      From worker 16:	data processed and exported
      From worker 16:	
      From worker 16:	starting b_1.0_c_0.2_N_40_M_3_K_2_P_2_beta_0.001_u_0.001_v_0.625_p_0.5_ϵ_1.0_gens_20000000_210221-073855.348
      From worker 8:	replicate complete, ran 20000000 generations:
      From worker 8:	
      From worker 8:		num_imitating:			20000000
      From worker 8:		num_not_imitating:		0
      From worker 8:		num_strategies_changed:  	560703
      From worker 8:			num_random_strategies: 	20101
      From worker 8:		num_sets_changed: 		9119508
      From worker 8:			num_random_opinions: 	500264
      From worker 8:			num_biased_opinions: 	0
      From worker 8:		num_both_changed: 		370934
      From worker 8:	
      From worker 8:	data processed and exported
      From worker 8:	
      From worker 8:	starting b_1.0_c_0.2_N_40_M_3_K_2_P_2_beta_0.001_u_0.001_v_0.025_p_0.25_ϵ_1.0_gens_20000000_210221-073855.348
      From worker 10:	replicate complete, ran 20000000 generations:
      From worker 10:	
      From worker 10:		num_imitating:			17497605
      From worker 10:		num_not_imitating:		2502395
      From worker 10:		num_strategies_changed:  	491419
      From worker 10:			num_random_strategies: 	17496
      From worker 10:		num_sets_changed: 		11115862
      From worker 10:			num_random_opinions: 	734075
      From worker 10:			num_biased_opinions: 	244640
      From worker 10:		num_both_changed: 		400172
      From worker 10:	
      From worker 10:	data processed and exported
      From worker 12:	replicate complete, ran 20000000 generations:
      From worker 12:	
      From worker 12:		num_imitating:			14999689
      From worker 12:		num_not_imitating:		5000311
      From worker 12:		num_strategies_changed:  	446226
      From worker 12:			num_random_strategies: 	15016
      From worker 12:		num_sets_changed: 		11301002
      From worker 12:			num_random_opinions: 	938127
      From worker 12:			num_biased_opinions: 	937486
      From worker 12:		num_both_changed: 		388697
      From worker 12:	
      From worker 10:	
      From worker 10:	starting b_1.0_c_0.2_N_40_M_3_K_2_P_2_beta_0.001_u_0.001_v_0.055901699437494755_p_0.5_ϵ_1.0_gens_20000000_210221-073855.348
      From worker 12:	data processed and exported
      From worker 12:	
      From worker 12:	starting b_1.0_c_0.2_N_40_M_3_K_2_P_2_beta_0.001_u_0.001_v_0.125_p_0.75_ϵ_1.0_gens_20000000_210221-073855.348
      From worker 11:	replicate complete, ran 20000000 generations:
      From worker 11:	
      From worker 11:		num_imitating:			14998050
      From worker 11:		num_not_imitating:		5001950
      From worker 11:		num_strategies_changed:  	406479
      From worker 11:			num_random_strategies: 	14995
      From worker 11:		num_sets_changed: 		9254064
      From worker 11:			num_random_opinions: 	419459
      From worker 11:			num_biased_opinions: 	418736
      From worker 11:		num_both_changed: 		321236
      From worker 11:	
      From worker 11:	data processed and exported
      From worker 11:	
      From worker 11:	starting b_1.0_c_0.2_N_40_M_3_K_2_P_2_beta_0.001_u_0.001_v_0.055901699437494755_p_0.75_ϵ_1.0_gens_20000000_210221-073855.348
      From worker 13:	replicate complete, ran 20000000 generations:
      From worker 13:	
      From worker 13:		num_imitating:			10002606
      From worker 13:		num_not_imitating:		9997394
      From worker 13:		num_strategies_changed:  	150944
      From worker 13:			num_random_strategies: 	10108
      From worker 13:		num_sets_changed: 		4933433
      From worker 13:			num_random_opinions: 	0
      From worker 13:			num_biased_opinions: 	1250626
      From worker 13:		num_both_changed: 		90695
      From worker 13:	
      From worker 13:	data processed and exported
      From worker 13:	
      From worker 13:	starting b_1.0_c_0.2_N_40_M_3_K_2_P_2_beta_0.001_u_0.001_v_0.2795084971874737_p_0.0_ϵ_1.0_gens_20000000_210221-073855.348
      From worker 9:	replicate complete, ran 20000000 generations:
      From worker 9:	
      From worker 9:		num_imitating:			17500436
      From worker 9:		num_not_imitating:		2499564
      From worker 9:		num_strategies_changed:  	488575
      From worker 9:			num_random_strategies: 	17445
      From worker 9:		num_sets_changed: 		7921401
      From worker 9:			num_random_opinions: 	328639
      From worker 9:			num_biased_opinions: 	109329
      From worker 9:		num_both_changed: 		323582
      From worker 9:	
      From worker 9:	data processed and exported
      From worker 9:	
      From worker 9:	starting b_1.0_c_0.2_N_40_M_3_K_2_P_2_beta_0.001_u_0.001_v_0.025_p_0.5_ϵ_1.0_gens_20000000_210221-073855.348
      From worker 7:	replicate complete, ran 20000000 generations:
      From worker 7:	
      From worker 7:		num_imitating:			20000000
      From worker 7:		num_not_imitating:		0
      From worker 7:		num_strategies_changed:  	575817
      From worker 7:			num_random_strategies: 	20148
      From worker 7:		num_sets_changed: 		5587358
      From worker 7:			num_random_opinions: 	223369
      From worker 7:			num_biased_opinions: 	0
      From worker 7:		num_both_changed: 		264583
      From worker 7:	
      From worker 7:	data processed and exported
      From worker 14:	replicate complete, ran 20000000 generations:
      From worker 14:	
      From worker 14:		num_imitating:			20000000
      From worker 14:		num_not_imitating:		0
      From worker 14:		num_strategies_changed:  	568032
      From worker 14:			num_random_strategies: 	19904
      From worker 14:		num_sets_changed: 		17218381
      From worker 14:			num_random_opinions: 	5587804
      From worker 14:			num_biased_opinions: 	0
      From worker 14:		num_both_changed: 		517647
      From worker 14:	
      From worker 14:	data processed and exported
      From worker 14:	
      From worker 14:	starting b_1.0_c_0.2_N_40_M_3_K_2_P_2_beta_0.001_u_0.001_v_0.2795084971874737_p_0.25_ϵ_1.0_gens_20000000_210221-073855.348
      From worker 8:	replicate complete, ran 20000000 generations:
      From worker 8:	
      From worker 8:		num_imitating:			17500519
      From worker 8:		num_not_imitating:		2499481
      From worker 8:		num_strategies_changed:  	496584
      From worker 8:			num_random_strategies: 	17589
      From worker 8:		num_sets_changed: 		7900762
      From worker 8:			num_random_opinions: 	328275
      From worker 8:			num_biased_opinions: 	109078
      From worker 8:		num_both_changed: 		324682
      From worker 8:	
      From worker 8:	data processed and exported
      From worker 15:	replicate complete, ran 20000000 generations:
      From worker 15:	
      From worker 15:		num_imitating:			17500113
      From worker 15:		num_not_imitating:		2499887
      From worker 15:		num_strategies_changed:  	499910
      From worker 15:			num_random_strategies: 	17583
      From worker 15:		num_sets_changed: 		15617898
      From worker 15:			num_random_opinions: 	8201022
      From worker 15:			num_biased_opinions: 	2735189
      From worker 15:		num_both_changed: 		453406
      From worker 15:	
      From worker 15:	data processed and exported
      From worker 15:	
      From worker 15:	starting b_1.0_c_0.2_N_40_M_3_K_2_P_2_beta_0.001_u_0.001_v_0.625_p_0.5_ϵ_1.0_gens_20000000_210221-073855.348
      From worker 12:	replicate complete, ran 20000000 generations:
      From worker 12:	
      From worker 12:		num_imitating:			12500021
      From worker 12:		num_not_imitating:		7499979
      From worker 12:		num_strategies_changed:  	337201
      From worker 12:			num_random_strategies: 	12471
      From worker 12:		num_sets_changed: 		8953046
      From worker 12:			num_random_opinions: 	389240
      From worker 12:			num_biased_opinions: 	1171806
      From worker 12:		num_both_changed: 		284766
      From worker 12:	
      From worker 12:	data processed and exported
      From worker 12:	
      From worker 12:	starting b_1.0_c_0.2_N_40_M_3_K_2_P_2_beta_0.001_u_0.001_v_0.125_p_1.0_ϵ_1.0_gens_20000000_210221-073855.348
      From worker 10:	replicate complete, ran 20000000 generations:
      From worker 10:	
      From worker 10:		num_imitating:			14999332
      From worker 10:		num_not_imitating:		5000668
      From worker 10:		num_strategies_changed:  	453746
      From worker 10:			num_random_strategies: 	15114
      From worker 10:		num_sets_changed: 		9292596
      From worker 10:			num_random_opinions: 	419826
      From worker 10:			num_biased_opinions: 	418992
      From worker 10:		num_both_changed: 		369365
      From worker 10:	
      From worker 10:	data processed and exported
      From worker 10:	
      From worker 10:	starting b_1.0_c_0.2_N_40_M_3_K_2_P_2_beta_0.001_u_0.001_v_0.055901699437494755_p_0.75_ϵ_1.0_gens_20000000_210221-073855.348
      From worker 16:	replicate complete, ran 20000000 generations:
      From worker 16:	
      From worker 16:		num_imitating:			14999908
      From worker 16:		num_not_imitating:		5000092
      From worker 16:		num_strategies_changed:  	441961
      From worker 16:			num_random_strategies: 	15211
      From worker 16:		num_sets_changed: 		12879640
      From worker 16:			num_random_opinions: 	4685915
      From worker 16:			num_biased_opinions: 	4687918
      From worker 16:		num_both_changed: 		386599
      From worker 16:	
      From worker 16:	data processed and exported
      From worker 16:	
      From worker 16:	starting b_1.0_c_0.2_N_40_M_3_K_2_P_2_beta_0.001_u_0.001_v_0.625_p_0.75_ϵ_1.0_gens_20000000_210221-073855.348
      From worker 11:	replicate complete, ran 20000000 generations:
      From worker 11:	
      From worker 11:		num_imitating:			12499848
      From worker 11:		num_not_imitating:		7500152
      From worker 11:		num_strategies_changed:  	359457
      From worker 11:			num_random_strategies: 	12375
      From worker 11:		num_sets_changed: 		7412142
      From worker 11:			num_random_opinions: 	174606
      From worker 11:			num_biased_opinions: 	523763
      From worker 11:		num_both_changed: 		281060
      From worker 11:	
      From worker 11:	data processed and exported
      From worker 11:	
      From worker 11:	starting b_1.0_c_0.2_N_40_M_3_K_2_P_2_beta_0.001_u_0.001_v_0.055901699437494755_p_1.0_ϵ_1.0_gens_20000000_210221-073855.348
      From worker 9:	replicate complete, ran 20000000 generations:
      From worker 9:	
      From worker 9:		num_imitating:			15000735
      From worker 9:		num_not_imitating:		4999265
      From worker 9:		num_strategies_changed:  	433710
      From worker 9:			num_random_strategies: 	15012
      From worker 9:		num_sets_changed: 		6599339
      From worker 9:			num_random_opinions: 	187082
      From worker 9:			num_biased_opinions: 	187739
      From worker 9:		num_both_changed: 		290702
      From worker 9:	
      From worker 9:	data processed and exported
      From worker 12:	replicate complete, ran 20000000 generations:
      From worker 12:	
      From worker 12:		num_imitating:			9999995
      From worker 12:		num_not_imitating:		10000005
      From worker 12:		num_strategies_changed:  	147077
      From worker 12:			num_random_strategies: 	10049
      From worker 12:		num_sets_changed: 		4926544
      From worker 12:			num_random_opinions: 	0
      From worker 12:			num_biased_opinions: 	1249997
      From worker 12:		num_both_changed: 		89755
      From worker 12:	
      From worker 12:	data processed and exported
      From worker 12:	
      From worker 12:	starting b_1.0_c_0.2_N_40_M_3_K_2_P_2_beta_0.001_u_0.001_v_0.125_p_0.0_ϵ_1.0_gens_20000000_210221-073855.348
      From worker 13:	replicate complete, ran 20000000 generations:
      From worker 13:	
      From worker 13:		num_imitating:			20000000
      From worker 13:		num_not_imitating:		0
      From worker 13:		num_strategies_changed:  	555605
      From worker 13:			num_random_strategies: 	19568
      From worker 13:		num_sets_changed: 		17222130
      From worker 13:			num_random_opinions: 	5590346
      From worker 13:			num_biased_opinions: 	0
      From worker 13:		num_both_changed: 		506394
      From worker 13:	
      From worker 13:	data processed and exported
      From worker 13:	
      From worker 13:	starting b_1.0_c_0.2_N_40_M_3_K_2_P_2_beta_0.001_u_0.001_v_0.2795084971874737_p_0.25_ϵ_1.0_gens_20000000_210221-073855.348
      From worker 11:	replicate complete, ran 20000000 generations:
      From worker 11:	
      From worker 11:		num_imitating:			9996174
      From worker 11:		num_not_imitating:		10003826
      From worker 11:		num_strategies_changed:  	150692
      From worker 11:			num_random_strategies: 	10008
      From worker 11:		num_sets_changed: 		3590175
      From worker 11:			num_random_opinions: 	0
      From worker 11:			num_biased_opinions: 	558773
      From worker 11:		num_both_changed: 		76525
      From worker 11:	
      From worker 11:	data processed and exported
      From worker 10:	replicate complete, ran 20000000 generations:
      From worker 10:	
      From worker 10:		num_imitating:			12498591
      From worker 10:		num_not_imitating:		7501409
      From worker 10:		num_strategies_changed:  	362032
      From worker 10:			num_random_strategies: 	12435
      From worker 10:		num_sets_changed: 		7397714
      From worker 10:			num_random_opinions: 	175316
      From worker 10:			num_biased_opinions: 	522547
      From worker 10:		num_both_changed: 		283544
      From worker 10:	
      From worker 10:	data processed and exported
      From worker 14:	replicate complete, ran 20000000 generations:
      From worker 14:	
      From worker 14:		num_imitating:			17498647
      From worker 14:		num_not_imitating:		2501353
      From worker 14:		num_strategies_changed:  	501824
      From worker 14:			num_random_strategies: 	17587
      From worker 14:		num_sets_changed: 		14922483
      From worker 14:			num_random_opinions: 	3668162
      From worker 14:			num_biased_opinions: 	1223519
      From worker 14:		num_both_changed: 		454164
      From worker 14:	
      From worker 14:	data processed and exported
      From worker 14:	
      From worker 14:	starting b_1.0_c_0.2_N_40_M_3_K_2_P_2_beta_0.001_u_0.001_v_0.2795084971874737_p_0.5_ϵ_1.0_gens_20000000_210221-073855.348
      From worker 16:	replicate complete, ran 20000000 generations:
      From worker 16:	
      From worker 16:		num_imitating:			12500403
      From worker 16:		num_not_imitating:		7499597
      From worker 16:		num_strategies_changed:  	345545
      From worker 16:			num_random_strategies: 	12422
      From worker 16:		num_sets_changed: 		9890796
      From worker 16:			num_random_opinions: 	1953616
      From worker 16:			num_biased_opinions: 	5860846
      From worker 16:		num_both_changed: 		279483
      From worker 16:	
      From worker 16:	data processed and exported
      From worker 16:	
      From worker 16:	starting b_1.0_c_0.2_N_40_M_3_K_2_P_2_beta_0.001_u_0.001_v_0.625_p_1.0_ϵ_1.0_gens_20000000_210221-073855.348
      From worker 15:	replicate complete, ran 20000000 generations:
      From worker 15:	
      From worker 15:		num_imitating:			14998986
      From worker 15:		num_not_imitating:		5001014
      From worker 15:		num_strategies_changed:  	425873
      From worker 15:			num_random_strategies: 	15399
      From worker 15:		num_sets_changed: 		12878340
      From worker 15:			num_random_opinions: 	4689141
      From worker 15:			num_biased_opinions: 	4685147
      From worker 15:		num_both_changed: 		372650
      From worker 15:	
      From worker 15:	data processed and exported
      From worker 15:	
      From worker 15:	starting b_1.0_c_0.2_N_40_M_3_K_2_P_2_beta_0.001_u_0.001_v_0.625_p_0.75_ϵ_1.0_gens_20000000_210221-073855.348
      From worker 16:	replicate complete, ran 20000000 generations:
      From worker 16:	
      From worker 16:		num_imitating:			10000745
      From worker 16:		num_not_imitating:		9999255
      From worker 16:		num_strategies_changed:  	144841
      From worker 16:			num_random_strategies: 	9908
      From worker 16:		num_sets_changed: 		6471856
      From worker 16:			num_random_opinions: 	0
 Activating environment at `/tigress/mk28/CooperationPolarization2/Project.toml`
 Activating environment at `/tigress/mk28/CooperationPolarization2/Project.toml`
      From worker 16:			num_biased_opinions: 	6251459
      From worker 16:		num_both_changed: 		96307
      From worker 16:	
      From worker 16:	data processed and exported
      From worker 13:	replicate complete, ran 20000000 generations:
      From worker 13:	
      From worker 13:		num_imitating:			17499992
      From worker 13:		num_not_imitating:		2500008
      From worker 13:		num_strategies_changed:  	487729
      From worker 13:			num_random_strategies: 	17532
      From worker 13:		num_sets_changed: 		14923374
      From worker 13:			num_random_opinions: 	3667412
      From worker 13:			num_biased_opinions: 	1223231
      From worker 13:		num_both_changed: 		441535
      From worker 13:	
      From worker 13:	data processed and exported
      From worker 12:	replicate complete, ran 20000000 generations:
      From worker 12:	
      From worker 12:		num_imitating:			20000000
      From worker 12:		num_not_imitating:		0
      From worker 12:		num_strategies_changed:  	570294
      From worker 12:			num_random_strategies: 	19894
      From worker 12:		num_sets_changed: 		15576369
      From worker 12:			num_random_opinions: 	2502048
      From worker 12:			num_biased_opinions: 	0
      From worker 12:		num_both_changed: 		508593
      From worker 12:	
      From worker 12:	data processed and exported
      From worker 15:	replicate complete, ran 20000000 generations:
      From worker 15:	
      From worker 15:		num_imitating:			12498097
      From worker 15:		num_not_imitating:		7501903
      From worker 15:		num_strategies_changed:  	356641
      From worker 15:			num_random_strategies: 	12630
      From worker 15:		num_sets_changed: 		9889598
      From worker 15:			num_random_opinions: 	1954365
      From worker 15:			num_biased_opinions: 	5856116
      From worker 15:		num_both_changed: 		289228
      From worker 15:	
      From worker 15:	data processed and exported
      From worker 14:	replicate complete, ran 20000000 generations:
      From worker 14:	
      From worker 14:		num_imitating:			15001462
      From worker 14:		num_not_imitating:		4998538
      From worker 14:		num_strategies_changed:  	432221
      From worker 14:			num_random_strategies: 	14960
      From worker 14:		num_sets_changed: 		12451105
      From worker 14:			num_random_opinions: 	2095031
      From worker 14:			num_biased_opinions: 	2096415
      From worker 14:		num_both_changed: 		383448
      From worker 14:	
      From worker 14:	data processed and exported
13246.934960 seconds (2.87 M allocations: 125.053 MiB, 0.00% gc time)
