packages loaded
      From worker 2:	 Activating environment at `/tigress/mk28/CooperationPolarization2/Project.toml`
      From worker 5:	 Activating environment at `/tigress/mk28/CooperationPolarization2/Project.toml`
      From worker 3:	 Activating environment at `/tigress/mk28/CooperationPolarization2/Project.toml`
      From worker 4:	 Activating environment at `/tigress/mk28/CooperationPolarization2/Project.toml`
      From worker 6:	 Activating environment at `/tigress/mk28/CooperationPolarization2/Project.toml`
      From worker 11:	 Activating environment at `/tigress/mk28/CooperationPolarization2/Project.toml`
      From worker 8:	 Activating environment at `/tigress/mk28/CooperationPolarization2/Project.toml`
      From worker 10:	 Activating environment at `/tigress/mk28/CooperationPolarization2/Project.toml`
      From worker 12:	 Activating environment at `/tigress/mk28/CooperationPolarization2/Project.toml`
      From worker 13:	 Activating environment at `/tigress/mk28/CooperationPolarization2/Project.toml`
      From worker 9:	 Activating environment at `/tigress/mk28/CooperationPolarization2/Project.toml`
      From worker 14:	 Activating environment at `/tigress/mk28/CooperationPolarization2/Project.toml`
      From worker 7:	 Activating environment at `/tigress/mk28/CooperationPolarization2/Project.toml`
      From worker 16:	 Activating environment at `/tigress/mk28/CooperationPolarization2/Project.toml`
      From worker 15:	 Activating environment at `/tigress/mk28/CooperationPolarization2/Project.toml`
      From worker 8:	packages loaded
      From worker 2:	packages loaded
      From worker 11:	packages loaded
      From worker 12:	packages loaded
      From worker 10:	packages loaded
      From worker 4:	packages loaded
      From worker 13:	packages loaded
      From worker 16:	packages loaded
      From worker 6:	packages loaded
      From worker 9:	packages loaded
      From worker 3:	packages loaded
      From worker 5:	packages loaded
      From worker 14:	packages loaded
      From worker 7:	packages loaded
      From worker 15:	packages loaded
parameters defined
      From worker 14:	
      From worker 14:	starting b_1.0_c_0.2_N_40_M_2_K_2_P_2_beta_0.001_u_0.001_v_0.2795084971874737_p_0.5_ϵ_1.0_gens_20000000_210217-131235.692
      From worker 12:	
      From worker 12:	starting b_1.0_c_0.2_N_40_M_2_K_2_P_2_beta_0.001_u_0.001_v_0.125_p_0.0_ϵ_1.0_gens_20000000_210217-131235.692
      From worker 6:	
      From worker 6:	starting b_1.0_c_0.2_N_40_M_2_K_2_P_2_beta_0.001_u_0.001_v_0.005_p_1.0_ϵ_1.0_gens_20000000_210217-131235.692
      From worker 8:	
      From worker 8:	starting b_1.0_c_0.2_N_40_M_2_K_2_P_2_beta_0.001_u_0.001_v_0.011180339887498947_p_0.25_ϵ_1.0_gens_20000000_210217-131235.692
      From worker 11:	
      From worker 11:	starting b_1.0_c_0.2_N_40_M_2_K_2_P_2_beta_0.001_u_0.001_v_0.055901699437494755_p_1.0_ϵ_1.0_gens_20000000_210217-131235.692
      From worker 4:	
      From worker 4:	starting b_1.0_c_0.2_N_40_M_2_K_2_P_2_beta_0.001_u_0.001_v_0.0022360679774997894_p_0.5_ϵ_1.0_gens_20000000_210217-131235.692
      From worker 7:	
      From worker 7:	starting b_1.0_c_0.2_N_40_M_2_K_2_P_2_beta_0.001_u_0.001_v_0.011180339887498947_p_0.0_ϵ_1.0_gens_20000000_210217-131235.692
      From worker 3:	
      From worker 3:	starting b_1.0_c_0.2_N_40_M_2_K_2_P_2_beta_0.001_u_0.001_v_0.001_p_0.25_ϵ_1.0_gens_20000000_210217-131235.692
      From worker 5:	
      From worker 5:	starting b_1.0_c_0.2_N_40_M_2_K_2_P_2_beta_0.001_u_0.001_v_0.0022360679774997894_p_0.75_ϵ_1.0_gens_20000000_210217-131235.692
      From worker 13:	
      From worker 13:	starting b_1.0_c_0.2_N_40_M_2_K_2_P_2_beta_0.001_u_0.001_v_0.125_p_0.25_ϵ_1.0_gens_20000000_210217-131235.692
      From worker 9:	
      From worker 9:	starting b_1.0_c_0.2_N_40_M_2_K_2_P_2_beta_0.001_u_0.001_v_0.025_p_0.5_ϵ_1.0_gens_20000000_210217-131235.692
      From worker 2:	
      From worker 2:	starting b_1.0_c_0.2_N_40_M_2_K_2_P_2_beta_0.001_u_0.001_v_0.001_p_0.0_ϵ_1.0_gens_20000000_210217-131235.692
      From worker 10:	
      From worker 10:	starting b_1.0_c_0.2_N_40_M_2_K_2_P_2_beta_0.001_u_0.001_v_0.025_p_0.75_ϵ_1.0_gens_20000000_210217-131235.692
      From worker 16:	
      From worker 16:	starting b_1.0_c_0.2_N_40_M_2_K_2_P_2_beta_0.001_u_0.001_v_0.625_p_1.0_ϵ_1.0_gens_20000000_210217-131235.692
      From worker 15:	
      From worker 15:	starting b_1.0_c_0.2_N_40_M_2_K_2_P_2_beta_0.001_u_0.001_v_0.2795084971874737_p_0.75_ϵ_1.0_gens_20000000_210217-131235.692
      From worker 6:	replicate complete, ran 20000000 generations:
      From worker 6:	
      From worker 6:		num_imitating:			9999213
      From worker 6:		num_not_imitating:		10000787
      From worker 6:		num_strategies_changed:  	146825
      From worker 6:			num_random_strategies: 	9873
      From worker 6:		num_sets_changed: 		0
      From worker 6:			num_random_opinions: 	0
      From worker 6:			num_biased_opinions: 	49898
      From worker 6:		num_both_changed: 		0
      From worker 6:	
      From worker 6:	data processed and exported
      From worker 6:	
      From worker 6:	starting b_1.0_c_0.2_N_40_M_2_K_2_P_2_beta_0.001_u_0.001_v_0.005_p_0.0_ϵ_1.0_gens_20000000_210217-131235.692
      From worker 11:	replicate complete, ran 20000000 generations:
      From worker 11:	
      From worker 11:		num_imitating:			10000071
      From worker 11:		num_not_imitating:		9999929
      From worker 11:		num_strategies_changed:  	152553
      From worker 11:			num_random_strategies: 	10050
      From worker 11:		num_sets_changed: 		0
      From worker 11:			num_random_opinions: 	0
      From worker 11:			num_biased_opinions: 	558594
      From worker 11:		num_both_changed: 		0
      From worker 11:	
      From worker 11:	data processed and exported
      From worker 11:	
      From worker 11:	starting b_1.0_c_0.2_N_40_M_2_K_2_P_2_beta_0.001_u_0.001_v_0.055901699437494755_p_0.0_ϵ_1.0_gens_20000000_210217-131235.692
      From worker 16:	replicate complete, ran 20000000 generations:
      From worker 16:	
      From worker 16:		num_imitating:			10002197
      From worker 16:		num_not_imitating:		9997803
      From worker 16:		num_strategies_changed:  	144139
      From worker 16:			num_random_strategies: 	10109
      From worker 16:		num_sets_changed: 		0
      From worker 16:			num_random_opinions: 	0
      From worker 16:			num_biased_opinions: 	6252206
      From worker 16:		num_both_changed: 		0
      From worker 16:	
      From worker 16:	data processed and exported
      From worker 16:	
      From worker 16:	starting b_1.0_c_0.2_N_40_M_2_K_2_P_2_beta_0.001_u_0.001_v_0.625_p_0.0_ϵ_1.0_gens_20000000_210217-131235.692
      From worker 3:	replicate complete, ran 20000000 generations:
      From worker 3:	
      From worker 3:		num_imitating:			17500283
      From worker 3:		num_not_imitating:		2499717
      From worker 3:		num_strategies_changed:  	514575
      From worker 3:			num_random_strategies: 	17556
      From worker 3:		num_sets_changed: 		515327
      From worker 3:			num_random_opinions: 	13165
      From worker 3:			num_biased_opinions: 	4374
      From worker 3:		num_both_changed: 		26294
      From worker 3:	
      From worker 3:	data processed and exported
      From worker 3:	
      From worker 3:	starting b_1.0_c_0.2_N_40_M_2_K_2_P_2_beta_0.001_u_0.001_v_0.001_p_0.5_ϵ_1.0_gens_20000000_210217-131235.692
      From worker 2:	replicate complete, ran 20000000 generations:
      From worker 2:	
      From worker 2:		num_imitating:			20000000
      From worker 2:		num_not_imitating:		0
      From worker 2:		num_strategies_changed:  	529344
      From worker 2:			num_random_strategies: 	19909
      From worker 2:		num_sets_changed: 		598553
      From worker 2:			num_random_opinions: 	19980
      From worker 2:			num_biased_opinions: 	0
      From worker 2:		num_both_changed: 		33404
      From worker 2:	
      From worker 2:	data processed and exported
      From worker 5:	replicate complete, ran 20000000 generations:
      From worker 5:	
      From worker 5:		num_imitating:			12501161
      From worker 5:		num_not_imitating:		7498839
      From worker 5:		num_strategies_changed:  	355413
      From worker 5:			num_random_strategies: 	12680
      From worker 5:		num_sets_changed: 		669200
      From worker 5:			num_random_opinions: 	6956
      From worker 5:			num_biased_opinions: 	20762
      From worker 5:		num_both_changed: 		36304
      From worker 5:	
      From worker 2:	
      From worker 2:	starting b_1.0_c_0.2_N_40_M_2_K_2_P_2_beta_0.001_u_0.001_v_0.001_p_0.25_ϵ_1.0_gens_20000000_210217-131235.692
      From worker 5:	data processed and exported
      From worker 5:	
      From worker 5:	starting b_1.0_c_0.2_N_40_M_2_K_2_P_2_beta_0.001_u_0.001_v_0.0022360679774997894_p_1.0_ϵ_1.0_gens_20000000_210217-131235.692
      From worker 4:	replicate complete, ran 20000000 generations:
      From worker 4:	
      From worker 4:		num_imitating:			14999630
      From worker 4:		num_not_imitating:		5000370
      From worker 4:		num_strategies_changed:  	449723
      From worker 4:			num_random_strategies: 	14994
      From worker 4:		num_sets_changed: 		885865
      From worker 4:			num_random_opinions: 	16693
      From worker 4:			num_biased_opinions: 	16736
      From worker 4:		num_both_changed: 		46789
      From worker 4:	
      From worker 4:	data processed and exported
      From worker 4:	
      From worker 4:	starting b_1.0_c_0.2_N_40_M_2_K_2_P_2_beta_0.001_u_0.001_v_0.0022360679774997894_p_0.75_ϵ_1.0_gens_20000000_210217-131235.692
      From worker 10:	replicate complete, ran 20000000 generations:
      From worker 10:	
      From worker 10:		num_imitating:			12500051
      From worker 10:		num_not_imitating:		7499949
      From worker 10:		num_strategies_changed:  	350544
      From worker 10:			num_random_strategies: 	12541
      From worker 10:		num_sets_changed: 		3717285
      From worker 10:			num_random_opinions: 	77793
      From worker 10:			num_biased_opinions: 	235223
      From worker 10:		num_both_changed: 		161106
      From worker 10:	
      From worker 10:	data processed and exported
      From worker 10:	
      From worker 10:	starting b_1.0_c_0.2_N_40_M_2_K_2_P_2_beta_0.001_u_0.001_v_0.025_p_1.0_ϵ_1.0_gens_20000000_210217-131235.692
      From worker 8:	replicate complete, ran 20000000 generations:
      From worker 8:	
      From worker 8:		num_imitating:			17499708
      From worker 8:		num_not_imitating:		2500292
      From worker 8:		num_strategies_changed:  	508590
      From worker 8:			num_random_strategies: 	17481
      From worker 8:		num_sets_changed: 		3965281
      From worker 8:			num_random_opinions: 	146732
      From worker 8:			num_biased_opinions: 	48790
      From worker 8:		num_both_changed: 		192992
      From worker 8:	
      From worker 8:	data processed and exported
      From worker 8:	
      From worker 8:	starting b_1.0_c_0.2_N_40_M_2_K_2_P_2_beta_0.001_u_0.001_v_0.011180339887498947_p_0.5_ϵ_1.0_gens_20000000_210217-131235.692
      From worker 7:	replicate complete, ran 20000000 generations:
      From worker 7:	
      From worker 7:		num_imitating:			20000000
      From worker 7:		num_not_imitating:		0
      From worker 7:		num_strategies_changed:  	577850
      From worker 7:			num_random_strategies: 	20231
      From worker 7:		num_sets_changed: 		4652660
      From worker 7:			num_random_opinions: 	224247
      From worker 7:			num_biased_opinions: 	0
      From worker 7:		num_both_changed: 		227509
      From worker 7:	
      From worker 7:	data processed and exported
      From worker 7:	
      From worker 7:	starting b_1.0_c_0.2_N_40_M_2_K_2_P_2_beta_0.001_u_0.001_v_0.011180339887498947_p_0.25_ϵ_1.0_gens_20000000_210217-131235.692
      From worker 9:	replicate complete, ran 20000000 generations:
      From worker 9:	
      From worker 9:		num_imitating:			14997525
      From worker 9:		num_not_imitating:		5002475
      From worker 9:		num_strategies_changed:  	445766
      From worker 9:			num_random_strategies: 	15119
      From worker 9:		num_sets_changed: 		5184041
      From worker 9:			num_random_opinions: 	187777
      From worker 9:			num_biased_opinions: 	186869
      From worker 9:		num_both_changed: 		224615
      From worker 9:	
      From worker 9:	data processed and exported
      From worker 9:	
      From worker 9:	starting b_1.0_c_0.2_N_40_M_2_K_2_P_2_beta_0.001_u_0.001_v_0.025_p_0.75_ϵ_1.0_gens_20000000_210217-131235.692
      From worker 15:	replicate complete, ran 20000000 generations:
      From worker 15:	
      From worker 15:		num_imitating:			12499989
      From worker 15:		num_not_imitating:		7500011
      From worker 15:		num_strategies_changed:  	353412
      From worker 15:			num_random_strategies: 	12554
      From worker 15:		num_sets_changed: 		6233362
      From worker 15:			num_random_opinions: 	873597
      From worker 15:			num_biased_opinions: 	2621380
      From worker 15:		num_both_changed: 		192914
      From worker 15:	
      From worker 15:	data processed and exported
      From worker 15:	
      From worker 15:	starting b_1.0_c_0.2_N_40_M_2_K_2_P_2_beta_0.001_u_0.001_v_0.2795084971874737_p_1.0_ϵ_1.0_gens_20000000_210217-131235.692
      From worker 5:	replicate complete, ran 20000000 generations:
      From worker 5:	
      From worker 5:		num_imitating:			10000562
      From worker 5:		num_not_imitating:		9999438
      From worker 5:		num_strategies_changed:  	150605
      From worker 5:			num_random_strategies: 	9952
      From worker 5:		num_sets_changed: 		0
      From worker 5:			num_random_opinions: 	0
      From worker 5:			num_biased_opinions: 	22424
      From worker 5:		num_both_changed: 		0
      From worker 5:	
      From worker 5:	data processed and exported
      From worker 5:	
      From worker 5:	starting b_1.0_c_0.2_N_40_M_2_K_2_P_2_beta_0.001_u_0.001_v_0.005_p_0.0_ϵ_1.0_gens_20000000_210217-131235.692
      From worker 3:	replicate complete, ran 20000000 generations:
      From worker 3:	
      From worker 3:		num_imitating:			14998706
      From worker 3:		num_not_imitating:		5001294
      From worker 3:		num_strategies_changed:  	411281
      From worker 3:			num_random_strategies: 	15166
      From worker 3:		num_sets_changed: 		423017
      From worker 3:			num_random_opinions: 	7432
      From worker 3:			num_biased_opinions: 	7657
      From worker 3:		num_both_changed: 		30031
      From worker 3:	
      From worker 3:	data processed and exported
      From worker 3:	
      From worker 3:	starting b_1.0_c_0.2_N_40_M_2_K_2_P_2_beta_0.001_u_0.001_v_0.001_p_0.75_ϵ_1.0_gens_20000000_210217-131235.692
      From worker 2:	replicate complete, ran 20000000 generations:
      From worker 2:	
      From worker 2:		num_imitating:			17498234
      From worker 2:		num_not_imitating:		2501766
      From worker 2:		num_strategies_changed:  	514276
      From worker 2:			num_random_strategies: 	17488
      From worker 2:		num_sets_changed: 		531884
      From worker 2:			num_random_opinions: 	13148
      From worker 2:			num_biased_opinions: 	4436
      From worker 2:		num_both_changed: 		27756
      From worker 2:	
      From worker 2:	data processed and exported
      From worker 2:	
      From worker 2:	starting b_1.0_c_0.2_N_40_M_2_K_2_P_2_beta_0.001_u_0.001_v_0.001_p_0.5_ϵ_1.0_gens_20000000_210217-131235.692
      From worker 4:	replicate complete, ran 20000000 generations:
      From worker 4:	
      From worker 4:		num_imitating:			12500502
      From worker 4:		num_not_imitating:		7499498
      From worker 4:		num_strategies_changed:  	360467
      From worker 4:			num_random_strategies: 	12356
      From worker 4:		num_sets_changed: 		659214
      From worker 4:			num_random_opinions: 	7085
      From worker 4:			num_biased_opinions: 	20925
      From worker 4:		num_both_changed: 		36572
      From worker 4:	
      From worker 4:	data processed and exported
      From worker 4:	
      From worker 4:	starting b_1.0_c_0.2_N_40_M_2_K_2_P_2_beta_0.001_u_0.001_v_0.0022360679774997894_p_1.0_ϵ_1.0_gens_20000000_210217-131235.692
      From worker 6:	replicate complete, ran 20000000 generations:
      From worker 6:	
      From worker 6:		num_imitating:			20000000
      From worker 6:		num_not_imitating:		0
      From worker 6:		num_strategies_changed:  	581178
      From worker 6:			num_random_strategies: 	20078
      From worker 6:		num_sets_changed: 		2520105
      From worker 6:			num_random_opinions: 	100533
      From worker 6:			num_biased_opinions: 	0
      From worker 6:		num_both_changed: 		137993
      From worker 6:	
      From worker 6:	data processed and exported
      From worker 6:	
      From worker 6:	starting b_1.0_c_0.2_N_40_M_2_K_2_P_2_beta_0.001_u_0.001_v_0.005_p_0.25_ϵ_1.0_gens_20000000_210217-131235.692
      From worker 14:	replicate complete, ran 20000000 generations:
      From worker 14:	
      From worker 14:		num_imitating:			15000954
      From worker 14:		num_not_imitating:		4999046
      From worker 14:		num_strategies_changed:  	397978
      From worker 14:			num_random_strategies: 	14928
      From worker 14:		num_sets_changed: 		9379103
      From worker 14:			num_random_opinions: 	2096960
      From worker 14:			num_biased_opinions: 	2098135
      From worker 14:		num_both_changed: 		266255
      From worker 14:	
      From worker 14:	data processed and exported
      From worker 14:	
      From worker 14:	starting b_1.0_c_0.2_N_40_M_2_K_2_P_2_beta_0.001_u_0.001_v_0.2795084971874737_p_0.75_ϵ_1.0_gens_20000000_210217-131235.692
      From worker 10:	replicate complete, ran 20000000 generations:
      From worker 10:	
      From worker 10:		num_imitating:			9996810
      From worker 10:		num_not_imitating:		10003190
      From worker 10:		num_strategies_changed:  	147116
      From worker 10:			num_random_strategies: 	10094
      From worker 10:		num_sets_changed: 		0
      From worker 10:			num_random_opinions: 	0
      From worker 10:			num_biased_opinions: 	250030
      From worker 10:		num_both_changed: 		0
      From worker 10:	
      From worker 10:	data processed and exported
      From worker 10:	
      From worker 10:	starting b_1.0_c_0.2_N_40_M_2_K_2_P_2_beta_0.001_u_0.001_v_0.055901699437494755_p_0.0_ϵ_1.0_gens_20000000_210217-131235.692
      From worker 13:	replicate complete, ran 20000000 generations:
      From worker 13:	
      From worker 13:		num_imitating:			17498637
      From worker 13:		num_not_imitating:		2501363
      From worker 13:		num_strategies_changed:  	501463
      From worker 13:			num_random_strategies: 	17790
      From worker 13:		num_sets_changed: 		10885039
      From worker 13:			num_random_opinions: 	1640714
      From worker 13:			num_biased_opinions: 	545698
      From worker 13:		num_both_changed: 		357056
      From worker 13:	
      From worker 13:	data processed and exported
      From worker 13:	
      From worker 13:	starting b_1.0_c_0.2_N_40_M_2_K_2_P_2_beta_0.001_u_0.001_v_0.125_p_0.5_ϵ_1.0_gens_20000000_210217-131235.692
      From worker 12:	replicate complete, ran 20000000 generations:
      From worker 12:	
      From worker 12:		num_imitating:			20000000
      From worker 12:		num_not_imitating:		0
      From worker 12:		num_strategies_changed:  	559425
      From worker 12:			num_random_strategies: 	20215
      From worker 12:		num_sets_changed: 		12754083
      From worker 12:			num_random_opinions: 	2498874
      From worker 12:			num_biased_opinions: 	0
      From worker 12:		num_both_changed: 		407727
      From worker 12:	
      From worker 12:	data processed and exported
      From worker 12:	
      From worker 12:	starting b_1.0_c_0.2_N_40_M_2_K_2_P_2_beta_0.001_u_0.001_v_0.125_p_0.25_ϵ_1.0_gens_20000000_210217-131235.692
      From worker 15:	replicate complete, ran 20000000 generations:
      From worker 15:	
      From worker 15:		num_imitating:			9997616
      From worker 15:		num_not_imitating:		10002384
      From worker 15:		num_strategies_changed:  	154205
      From worker 15:			num_random_strategies: 	10250
      From worker 15:		num_sets_changed: 		0
      From worker 15:			num_random_opinions: 	0
      From worker 15:			num_biased_opinions: 	2794473
      From worker 15:		num_both_changed: 		0
      From worker 15:	
      From worker 15:	data processed and exported
      From worker 15:	
      From worker 15:	starting b_1.0_c_0.2_N_40_M_2_K_2_P_2_beta_0.001_u_0.001_v_0.625_p_0.0_ϵ_1.0_gens_20000000_210217-131235.692
      From worker 8:	replicate complete, ran 20000000 generations:
      From worker 8:	
      From worker 8:		num_imitating:			14999894
      From worker 8:		num_not_imitating:		5000106
      From worker 8:		num_strategies_changed:  	422083
      From worker 8:			num_random_strategies: 	14939
      From worker 8:		num_sets_changed: 		3159434
      From worker 8:			num_random_opinions: 	83678
      From worker 8:			num_biased_opinions: 	83293
      From worker 8:		num_both_changed: 		155877
      From worker 8:	
      From worker 8:	data processed and exported
      From worker 8:	
      From worker 8:	starting b_1.0_c_0.2_N_40_M_2_K_2_P_2_beta_0.001_u_0.001_v_0.011180339887498947_p_0.75_ϵ_1.0_gens_20000000_210217-131235.692
      From worker 3:	replicate complete, ran 20000000 generations:
      From worker 3:	
      From worker 3:		num_imitating:			12498829
      From worker 3:		num_not_imitating:		7501171
      From worker 3:		num_strategies_changed:  	376823
      From worker 3:			num_random_strategies: 	12480
      From worker 3:		num_sets_changed: 		333873
      From worker 3:			num_random_opinions: 	3079
      From worker 3:			num_biased_opinions: 	9470
      From worker 3:		num_both_changed: 		27308
      From worker 3:	
      From worker 3:	data processed and exported
      From worker 3:	
      From worker 3:	starting b_1.0_c_0.2_N_40_M_2_K_2_P_2_beta_0.001_u_0.001_v_0.001_p_1.0_ϵ_1.0_gens_20000000_210217-131235.692
      From worker 2:	replicate complete, ran 20000000 generations:
      From worker 2:	
      From worker 2:		num_imitating:			15000951
      From worker 2:		num_not_imitating:		4999049
      From worker 2:		num_strategies_changed:  	415983
      From worker 2:			num_random_strategies: 	14978
      From worker 2:		num_sets_changed: 		433551
      From worker 2:			num_random_opinions: 	7382
      From worker 2:			num_biased_opinions: 	7309
      From worker 2:		num_both_changed: 		25191
      From worker 2:	
      From worker 2:	data processed and exported
      From worker 2:	
      From worker 2:	starting b_1.0_c_0.2_N_40_M_2_K_2_P_2_beta_0.001_u_0.001_v_0.001_p_0.75_ϵ_1.0_gens_20000000_210217-131235.692
      From worker 4:	replicate complete, ran 20000000 generations:
      From worker 4:	
      From worker 4:		num_imitating:			9999095
      From worker 4:		num_not_imitating:		10000905
      From worker 4:		num_strategies_changed:  	151753
      From worker 4:			num_random_strategies: 	10096
      From worker 4:		num_sets_changed: 		0
      From worker 4:			num_random_opinions: 	0
      From worker 4:			num_biased_opinions: 	22259
      From worker 4:		num_both_changed: 		0
      From worker 4:	
      From worker 4:	data processed and exported
      From worker 4:	
      From worker 4:	starting b_1.0_c_0.2_N_40_M_2_K_2_P_2_beta_0.001_u_0.001_v_0.0022360679774997894_p_0.0_ϵ_1.0_gens_20000000_210217-131235.692
      From worker 7:	replicate complete, ran 20000000 generations:
      From worker 7:	
      From worker 7:		num_imitating:			17499108
      From worker 7:		num_not_imitating:		2500892
      From worker 7:		num_strategies_changed:  	482901
      From worker 7:			num_random_strategies: 	17566
      From worker 7:		num_sets_changed: 		3990954
      From worker 7:			num_random_opinions: 	146716
      From worker 7:			num_biased_opinions: 	48881
      From worker 7:		num_both_changed: 		182900
      From worker 7:	
      From worker 7:	data processed and exported
      From worker 7:	
      From worker 7:	starting b_1.0_c_0.2_N_40_M_2_K_2_P_2_beta_0.001_u_0.001_v_0.011180339887498947_p_0.5_ϵ_1.0_gens_20000000_210217-131235.692
      From worker 9:	replicate complete, ran 20000000 generations:
      From worker 9:	
      From worker 9:		num_imitating:			12502676
      From worker 9:		num_not_imitating:		7497324
      From worker 9:		num_strategies_changed:  	359259
      From worker 9:			num_random_strategies: 	12461
      From worker 9:		num_sets_changed: 		3776142
      From worker 9:			num_random_opinions: 	77975
      From worker 9:			num_biased_opinions: 	234972
      From worker 9:		num_both_changed: 		165095
      From worker 9:	
      From worker 9:	data processed and exported
      From worker 9:	
      From worker 9:	starting b_1.0_c_0.2_N_40_M_2_K_2_P_2_beta_0.001_u_0.001_v_0.025_p_1.0_ϵ_1.0_gens_20000000_210217-131235.692
      From worker 5:	replicate complete, ran 20000000 generations:
      From worker 5:	
      From worker 5:		num_imitating:			20000000
      From worker 5:		num_not_imitating:		0
      From worker 5:		num_strategies_changed:  	543224
      From worker 5:			num_random_strategies: 	19954
      From worker 5:		num_sets_changed: 		2581925
      From worker 5:			num_random_opinions: 	100244
      From worker 5:			num_biased_opinions: 	0
      From worker 5:		num_both_changed: 		125362
      From worker 5:	
      From worker 5:	data processed and exported
      From worker 5:	
      From worker 5:	starting b_1.0_c_0.2_N_40_M_2_K_2_P_2_beta_0.001_u_0.001_v_0.005_p_0.25_ϵ_1.0_gens_20000000_210217-131235.692
      From worker 11:	replicate complete, ran 20000000 generations:
      From worker 11:	
      From worker 11:		num_imitating:			20000000
      From worker 11:		num_not_imitating:		0
      From worker 11:		num_strategies_changed:  	593118
      From worker 11:			num_random_strategies: 	19829
      From worker 11:		num_sets_changed: 		10508372
      From worker 11:			num_random_opinions: 	1119906
      From worker 11:			num_biased_opinions: 	0
      From worker 11:		num_both_changed: 		400555
      From worker 11:	
      From worker 11:	data processed and exported
      From worker 11:	
      From worker 11:	starting b_1.0_c_0.2_N_40_M_2_K_2_P_2_beta_0.001_u_0.001_v_0.055901699437494755_p_0.25_ϵ_1.0_gens_20000000_210217-131235.692
      From worker 6:	replicate complete, ran 20000000 generations:
      From worker 6:	
      From worker 6:		num_imitating:			17498810
      From worker 6:		num_not_imitating:		2501190
      From worker 6:		num_strategies_changed:  	486256
      From worker 6:			num_random_strategies: 	17391
      From worker 6:		num_sets_changed: 		2215409
      From worker 6:			num_random_opinions: 	65946
      From worker 6:			num_biased_opinions: 	22106
      From worker 6:		num_both_changed: 		110668
      From worker 6:	
      From worker 6:	data processed and exported
      From worker 6:	
      From worker 6:	starting b_1.0_c_0.2_N_40_M_2_K_2_P_2_beta_0.001_u_0.001_v_0.005_p_0.5_ϵ_1.0_gens_20000000_210217-131235.692
      From worker 3:	replicate complete, ran 20000000 generations:
      From worker 3:	
      From worker 3:		num_imitating:			9999022
      From worker 3:		num_not_imitating:		10000978
      From worker 3:		num_strategies_changed:  	149760
      From worker 3:			num_random_strategies: 	9977
      From worker 3:		num_sets_changed: 		0
      From worker 3:			num_random_opinions: 	0
      From worker 3:			num_biased_opinions: 	9901
      From worker 3:		num_both_changed: 		0
      From worker 3:	
      From worker 3:	data processed and exported
      From worker 3:	
      From worker 3:	starting b_1.0_c_0.2_N_40_M_2_K_2_P_2_beta_0.001_u_0.001_v_0.0022360679774997894_p_0.0_ϵ_1.0_gens_20000000_210217-131235.692
      From worker 2:	replicate complete, ran 20000000 generations:
      From worker 2:	
      From worker 2:		num_imitating:			12500755
      From worker 2:		num_not_imitating:		7499245
      From worker 2:		num_strategies_changed:  	332810
      From worker 2:			num_random_strategies: 	12330
      From worker 2:		num_sets_changed: 		313932
      From worker 2:			num_random_opinions: 	3157
      From worker 2:			num_biased_opinions: 	9323
      From worker 2:		num_both_changed: 		19924
      From worker 2:	
      From worker 2:	data processed and exported
      From worker 2:	
      From worker 2:	starting b_1.0_c_0.2_N_40_M_2_K_2_P_2_beta_0.001_u_0.001_v_0.001_p_1.0_ϵ_1.0_gens_20000000_210217-131235.692
      From worker 9:	replicate complete, ran 20000000 generations:
      From worker 9:	
      From worker 9:		num_imitating:			10001051
      From worker 9:		num_not_imitating:		9998949
      From worker 9:		num_strategies_changed:  	137944
      From worker 9:			num_random_strategies: 	10096
      From worker 9:		num_sets_changed: 		0
      From worker 9:			num_random_opinions: 	0
      From worker 9:			num_biased_opinions: 	249727
      From worker 9:		num_both_changed: 		0
      From worker 9:	
      From worker 9:	data processed and exported
      From worker 9:	
      From worker 9:	starting b_1.0_c_0.2_N_40_M_2_K_2_P_2_beta_0.001_u_0.001_v_0.025_p_0.0_ϵ_1.0_gens_20000000_210217-131235.692
      From worker 14:	replicate complete, ran 20000000 generations:
      From worker 14:	
      From worker 14:		num_imitating:			12498920
      From worker 14:		num_not_imitating:		7501080
      From worker 14:		num_strategies_changed:  	345873
      From worker 14:			num_random_strategies: 	12505
      From worker 14:		num_sets_changed: 		6249554
      From worker 14:			num_random_opinions: 	874123
      From worker 14:			num_biased_opinions: 	2619323
      From worker 14:		num_both_changed: 		190312
      From worker 14:	
      From worker 14:	data processed and exported
      From worker 14:	
      From worker 14:	starting b_1.0_c_0.2_N_40_M_2_K_2_P_2_beta_0.001_u_0.001_v_0.2795084971874737_p_1.0_ϵ_1.0_gens_20000000_210217-131235.692
      From worker 8:	replicate complete, ran 20000000 generations:
      From worker 8:	
      From worker 8:		num_imitating:			12498682
      From worker 8:		num_not_imitating:		7501318
      From worker 8:		num_strategies_changed:  	358844
      From worker 8:			num_random_strategies: 	12498
      From worker 8:		num_sets_changed: 		2348406
      From worker 8:			num_random_opinions: 	35003
      From worker 8:			num_biased_opinions: 	104602
      From worker 8:		num_both_changed: 		117124
      From worker 8:	
      From worker 8:	data processed and exported
      From worker 8:	
      From worker 8:	starting b_1.0_c_0.2_N_40_M_2_K_2_P_2_beta_0.001_u_0.001_v_0.011180339887498947_p_1.0_ϵ_1.0_gens_20000000_210217-131235.692
      From worker 16:	replicate complete, ran 20000000 generations:
      From worker 16:	
      From worker 16:		num_imitating:			20000000
      From worker 16:		num_not_imitating:		0
      From worker 16:		num_strategies_changed:  	563692
      From worker 16:			num_random_strategies: 	19931
      From worker 16:		num_sets_changed: 		14773913
      From worker 16:			num_random_opinions: 	12497838
      From worker 16:			num_biased_opinions: 	0
      From worker 16:		num_both_changed: 		422645
      From worker 16:	
      From worker 4:	replicate complete, ran 20000000 generations:
      From worker 4:	
      From worker 4:		num_imitating:			20000000
      From worker 4:		num_not_imitating:		0
      From worker 4:		num_strategies_changed:  	567410
      From worker 4:			num_random_strategies: 	19585
      From worker 4:		num_sets_changed: 		1338645
      From worker 4:			num_random_opinions: 	44822
      From worker 4:			num_biased_opinions: 	0
      From worker 4:		num_both_changed: 		67474
      From worker 4:	
      From worker 16:	data processed and exported
      From worker 16:	
      From worker 16:	starting b_1.0_c_0.2_N_40_M_2_K_2_P_2_beta_0.001_u_0.001_v_0.625_p_0.25_ϵ_1.0_gens_20000000_210217-131235.692
      From worker 4:	data processed and exported
      From worker 4:	
      From worker 4:	starting b_1.0_c_0.2_N_40_M_2_K_2_P_2_beta_0.001_u_0.001_v_0.0022360679774997894_p_0.25_ϵ_1.0_gens_20000000_210217-131235.692
      From worker 5:	replicate complete, ran 20000000 generations:
      From worker 5:	
      From worker 5:		num_imitating:			17500004
      From worker 5:		num_not_imitating:		2499996
      From worker 5:		num_strategies_changed:  	517955
      From worker 5:			num_random_strategies: 	17799
      From worker 5:		num_sets_changed: 		2194989
      From worker 5:			num_random_opinions: 	65290
      From worker 5:			num_biased_opinions: 	21948
      From worker 5:		num_both_changed: 		109721
      From worker 5:	
      From worker 5:	data processed and exported
      From worker 5:	
      From worker 5:	starting b_1.0_c_0.2_N_40_M_2_K_2_P_2_beta_0.001_u_0.001_v_0.005_p_0.5_ϵ_1.0_gens_20000000_210217-131235.692
      From worker 7:	replicate complete, ran 20000000 generations:
      From worker 7:	
      From worker 7:		num_imitating:			15000101
      From worker 7:		num_not_imitating:		4999899
      From worker 7:		num_strategies_changed:  	420811
      From worker 7:			num_random_strategies: 	14971
      From worker 7:		num_sets_changed: 		3207294
      From worker 7:			num_random_opinions: 	83810
      From worker 7:			num_biased_opinions: 	84110
      From worker 7:		num_both_changed: 		146401
      From worker 7:	
      From worker 7:	data processed and exported
      From worker 7:	
      From worker 7:	starting b_1.0_c_0.2_N_40_M_2_K_2_P_2_beta_0.001_u_0.001_v_0.011180339887498947_p_0.75_ϵ_1.0_gens_20000000_210217-131235.692
      From worker 6:	replicate complete, ran 20000000 generations:
      From worker 6:	
      From worker 6:		num_imitating:			14998941
      From worker 6:		num_not_imitating:		5001059
      From worker 6:		num_strategies_changed:  	426990
      From worker 6:			num_random_strategies: 	15011
      From worker 6:		num_sets_changed: 		1764813
      From worker 6:			num_random_opinions: 	37703
      From worker 6:			num_biased_opinions: 	37738
      From worker 6:		num_both_changed: 		91486
      From worker 6:	
      From worker 6:	data processed and exported
      From worker 6:	
      From worker 6:	starting b_1.0_c_0.2_N_40_M_2_K_2_P_2_beta_0.001_u_0.001_v_0.005_p_0.75_ϵ_1.0_gens_20000000_210217-131235.692
      From worker 13:	replicate complete, ran 20000000 generations:
      From worker 13:	
      From worker 13:		num_imitating:			14999979
      From worker 13:		num_not_imitating:		5000021
      From worker 13:		num_strategies_changed:  	407190
      From worker 13:			num_random_strategies: 	15086
      From worker 13:		num_sets_changed: 		8647618
      From worker 13:			num_random_opinions: 	938289
      From worker 13:			num_biased_opinions: 	937274
      From worker 13:		num_both_changed: 		270932
      From worker 13:	
      From worker 13:	data processed and exported
      From worker 13:	
      From worker 13:	starting b_1.0_c_0.2_N_40_M_2_K_2_P_2_beta_0.001_u_0.001_v_0.125_p_0.75_ϵ_1.0_gens_20000000_210217-131235.692
      From worker 10:	replicate complete, ran 20000000 generations:
      From worker 10:	
      From worker 10:		num_imitating:			20000000
      From worker 10:		num_not_imitating:		0
      From worker 10:		num_strategies_changed:  	569416
      From worker 10:			num_random_strategies: 	20041
      From worker 10:		num_sets_changed: 		10493318
      From worker 10:			num_random_opinions: 	1117897
      From worker 10:			num_biased_opinions: 	0
      From worker 10:		num_both_changed: 		382070
      From worker 10:	
      From worker 10:	data processed and exported
      From worker 10:	
      From worker 10:	starting b_1.0_c_0.2_N_40_M_2_K_2_P_2_beta_0.001_u_0.001_v_0.055901699437494755_p_0.25_ϵ_1.0_gens_20000000_210217-131235.692
      From worker 2:	replicate complete, ran 20000000 generations:
      From worker 2:	
      From worker 2:		num_imitating:			10002418
      From worker 2:		num_not_imitating:		9997582
      From worker 2:		num_strategies_changed:  	140845
      From worker 2:			num_random_strategies: 	9896
      From worker 2:		num_sets_changed: 		0
      From worker 2:			num_random_opinions: 	0
      From worker 2:			num_biased_opinions: 	10046
      From worker 2:		num_both_changed: 		0
      From worker 2:	
      From worker 2:	data processed and exported
      From worker 2:	
      From worker 2:	starting b_1.0_c_0.2_N_40_M_2_K_2_P_2_beta_0.001_u_0.001_v_0.001_p_0.0_ϵ_1.0_gens_20000000_210217-131235.692
      From worker 3:	replicate complete, ran 20000000 generations:
      From worker 3:	
      From worker 3:		num_imitating:			20000000
      From worker 3:		num_not_imitating:		0
      From worker 3:		num_strategies_changed:  	604146
      From worker 3:			num_random_strategies: 	20040
      From worker 3:		num_sets_changed: 		1278010
      From worker 3:			num_random_opinions: 	44545
      From worker 3:			num_biased_opinions: 	0
      From worker 3:		num_both_changed: 		74596
      From worker 3:	
      From worker 3:	data processed and exported
      From worker 3:	
      From worker 3:	starting b_1.0_c_0.2_N_40_M_2_K_2_P_2_beta_0.001_u_0.001_v_0.0022360679774997894_p_0.25_ϵ_1.0_gens_20000000_210217-131235.692
      From worker 14:	replicate complete, ran 20000000 generations:
      From worker 14:	
      From worker 14:		num_imitating:			9999013
      From worker 14:		num_not_imitating:		10000987
      From worker 14:		num_strategies_changed:  	149529
      From worker 14:			num_random_strategies: 	9932
      From worker 14:		num_sets_changed: 		0
      From worker 14:			num_random_opinions: 	0
      From worker 14:			num_biased_opinions: 	2792700
      From worker 14:		num_both_changed: 		0
      From worker 14:	
      From worker 14:	data processed and exported
      From worker 14:	
      From worker 14:	starting b_1.0_c_0.2_N_40_M_2_K_2_P_2_beta_0.001_u_0.001_v_0.2795084971874737_p_0.0_ϵ_1.0_gens_20000000_210217-131235.692
      From worker 8:	replicate complete, ran 20000000 generations:
      From worker 8:	
      From worker 8:		num_imitating:			9998058
      From worker 8:		num_not_imitating:		10001942
      From worker 8:		num_strategies_changed:  	151663
      From worker 8:			num_random_strategies: 	10021
      From worker 8:		num_sets_changed: 		0
      From worker 8:			num_random_opinions: 	0
      From worker 8:			num_biased_opinions: 	111940
      From worker 8:		num_both_changed: 		0
      From worker 8:	
      From worker 8:	data processed and exported
      From worker 8:	
      From worker 8:	starting b_1.0_c_0.2_N_40_M_2_K_2_P_2_beta_0.001_u_0.001_v_0.025_p_0.0_ϵ_1.0_gens_20000000_210217-131235.692
      From worker 4:	replicate complete, ran 20000000 generations:
      From worker 4:	
      From worker 4:		num_imitating:			17501071
      From worker 4:		num_not_imitating:		2498929
      From worker 4:		num_strategies_changed:  	516299
      From worker 4:			num_random_strategies: 	17642
      From worker 4:		num_sets_changed: 		1103973
      From worker 4:			num_random_opinions: 	29330
      From worker 4:			num_biased_opinions: 	9722
      From worker 4:		num_both_changed: 		66334
      From worker 4:	
      From worker 4:	data processed and exported
      From worker 4:	
      From worker 4:	starting b_1.0_c_0.2_N_40_M_2_K_2_P_2_beta_0.001_u_0.001_v_0.0022360679774997894_p_0.5_ϵ_1.0_gens_20000000_210217-131235.692
      From worker 12:	replicate complete, ran 20000000 generations:
      From worker 12:	
      From worker 12:		num_imitating:			17501498
      From worker 12:		num_not_imitating:		2498502
      From worker 12:		num_strategies_changed:  	493269
      From worker 12:			num_random_strategies: 	17395
      From worker 12:		num_sets_changed: 		10885905
      From worker 12:			num_random_opinions: 	1640192
      From worker 12:			num_biased_opinions: 	548157
      From worker 12:		num_both_changed: 		352432
      From worker 12:	
      From worker 12:	data processed and exported
      From worker 12:	
      From worker 12:	starting b_1.0_c_0.2_N_40_M_2_K_2_P_2_beta_0.001_u_0.001_v_0.125_p_0.5_ϵ_1.0_gens_20000000_210217-131235.692
      From worker 11:	replicate complete, ran 20000000 generations:
      From worker 11:	
      From worker 11:		num_imitating:			17501436
      From worker 11:		num_not_imitating:		2498564
      From worker 11:		num_strategies_changed:  	494362
      From worker 11:			num_random_strategies: 	17462
      From worker 11:		num_sets_changed: 		9007595
      From worker 11:			num_random_opinions: 	734404
      From worker 11:			num_biased_opinions: 	244843
      From worker 11:		num_both_changed: 		328806
      From worker 11:	
      From worker 11:	data processed and exported
      From worker 11:	
      From worker 11:	starting b_1.0_c_0.2_N_40_M_2_K_2_P_2_beta_0.001_u_0.001_v_0.055901699437494755_p_0.5_ϵ_1.0_gens_20000000_210217-131235.692
      From worker 5:	replicate complete, ran 20000000 generations:
      From worker 5:	
      From worker 5:		num_imitating:			15000159
      From worker 5:		num_not_imitating:		4999841
      From worker 5:		num_strategies_changed:  	406771
      From worker 5:			num_random_strategies: 	15076
      From worker 5:		num_sets_changed: 		1743844
      From worker 5:			num_random_opinions: 	37444
      From worker 5:			num_biased_opinions: 	37666
      From worker 5:		num_both_changed: 		72005
      From worker 5:	
      From worker 5:	data processed and exported
      From worker 5:	
      From worker 5:	starting b_1.0_c_0.2_N_40_M_2_K_2_P_2_beta_0.001_u_0.001_v_0.005_p_0.75_ϵ_1.0_gens_20000000_210217-131235.692
      From worker 6:	replicate complete, ran 20000000 generations:
      From worker 6:	
      From worker 6:		num_imitating:			12500952
      From worker 6:		num_not_imitating:		7499048
      From worker 6:		num_strategies_changed:  	350776
      From worker 6:			num_random_strategies: 	12486
      From worker 6:		num_sets_changed: 		1298808
      From worker 6:			num_random_opinions: 	15878
      From worker 6:			num_biased_opinions: 	46958
      From worker 6:		num_both_changed: 		65192
      From worker 6:	
      From worker 6:	data processed and exported
      From worker 6:	
      From worker 6:	starting b_1.0_c_0.2_N_40_M_2_K_2_P_2_beta_0.001_u_0.001_v_0.005_p_1.0_ϵ_1.0_gens_20000000_210217-131235.692
      From worker 7:	replicate complete, ran 20000000 generations:
      From worker 7:	
      From worker 7:		num_imitating:			12497882
      From worker 7:		num_not_imitating:		7502118
      From worker 7:		num_strategies_changed:  	335348
      From worker 7:			num_random_strategies: 	12517
      From worker 7:		num_sets_changed: 		2355316
      From worker 7:			num_random_opinions: 	34823
      From worker 7:			num_biased_opinions: 	105023
      From worker 7:		num_both_changed: 		102290
      From worker 7:	
      From worker 7:	data processed and exported
      From worker 7:	
      From worker 7:	starting b_1.0_c_0.2_N_40_M_2_K_2_P_2_beta_0.001_u_0.001_v_0.011180339887498947_p_1.0_ϵ_1.0_gens_20000000_210217-131235.692
      From worker 15:	replicate complete, ran 20000000 generations:
      From worker 15:	
      From worker 15:		num_imitating:			20000000
      From worker 15:		num_not_imitating:		0
      From worker 15:		num_strategies_changed:  	574286
      From worker 15:			num_random_strategies: 	20050
      From worker 15:		num_sets_changed: 		14780271
      From worker 15:			num_random_opinions: 	12496578
      From worker 15:			num_biased_opinions: 	0
      From worker 15:		num_both_changed: 		430058
      From worker 15:	
      From worker 15:	data processed and exported
      From worker 2:	replicate complete, ran 20000000 generations:
      From worker 2:	
      From worker 2:		num_imitating:			20000000
      From worker 2:		num_not_imitating:		0
      From worker 2:		num_strategies_changed:  	573554
      From worker 2:			num_random_strategies: 	20005
      From worker 2:		num_sets_changed: 		592960
      From worker 2:			num_random_opinions: 	20163
      From worker 2:			num_biased_opinions: 	0
      From worker 2:		num_both_changed: 		30185
      From worker 2:	
      From worker 15:	
      From worker 15:	starting b_1.0_c_0.2_N_40_M_2_K_2_P_2_beta_0.001_u_0.001_v_0.625_p_0.25_ϵ_1.0_gens_20000000_210217-131235.692
      From worker 2:	data processed and exported
      From worker 3:	replicate complete, ran 20000000 generations:
      From worker 3:	
      From worker 3:		num_imitating:			17498202
      From worker 3:		num_not_imitating:		2501798
      From worker 3:		num_strategies_changed:  	500467
      From worker 3:			num_random_strategies: 	17554
      From worker 3:		num_sets_changed: 		1028856
      From worker 3:			num_random_opinions: 	29286
      From worker 3:			num_biased_opinions: 	9792
      From worker 3:		num_both_changed: 		55555
      From worker 3:	
      From worker 3:	data processed and exported
      From worker 9:	replicate complete, ran 20000000 generations:
      From worker 9:	
      From worker 9:		num_imitating:			20000000
      From worker 9:		num_not_imitating:		0
      From worker 9:		num_strategies_changed:  	576351
      From worker 9:			num_random_strategies: 	20186
      From worker 9:		num_sets_changed: 		7485758
      From worker 9:			num_random_opinions: 	498270
      From worker 9:			num_biased_opinions: 	0
      From worker 9:		num_both_changed: 		314324
      From worker 9:	
      From worker 9:	data processed and exported
      From worker 9:	
      From worker 9:	starting b_1.0_c_0.2_N_40_M_2_K_2_P_2_beta_0.001_u_0.001_v_0.025_p_0.25_ϵ_1.0_gens_20000000_210217-131235.692
      From worker 4:	replicate complete, ran 20000000 generations:
      From worker 4:	
      From worker 4:		num_imitating:			14997880
      From worker 4:		num_not_imitating:		5002120
      From worker 4:		num_strategies_changed:  	434386
      From worker 4:			num_random_strategies: 	14883
      From worker 4:		num_sets_changed: 		842226
      From worker 4:			num_random_opinions: 	16778
      From worker 4:			num_biased_opinions: 	16660
      From worker 4:		num_both_changed: 		42412
      From worker 4:	
      From worker 4:	data processed and exported
      From worker 13:	replicate complete, ran 20000000 generations:
      From worker 13:	
      From worker 13:		num_imitating:			12498010
      From worker 13:		num_not_imitating:		7501990
      From worker 13:		num_strategies_changed:  	350074
      From worker 13:			num_random_strategies: 	12514
      From worker 13:		num_sets_changed: 		6122732
      From worker 13:			num_random_opinions: 	390157
      From worker 13:			num_biased_opinions: 	1173310
      From worker 13:		num_both_changed: 		202100
      From worker 13:	
      From worker 13:	data processed and exported
      From worker 13:	
      From worker 13:	starting b_1.0_c_0.2_N_40_M_2_K_2_P_2_beta_0.001_u_0.001_v_0.125_p_1.0_ϵ_1.0_gens_20000000_210217-131235.692
      From worker 6:	replicate complete, ran 20000000 generations:
      From worker 6:	
      From worker 6:		num_imitating:			10002467
      From worker 6:		num_not_imitating:		9997533
      From worker 6:		num_strategies_changed:  	142529
      From worker 6:			num_random_strategies: 	9953
      From worker 6:		num_sets_changed: 		0
      From worker 6:			num_random_opinions: 	0
      From worker 6:			num_biased_opinions: 	49457
      From worker 6:		num_both_changed: 		0
      From worker 6:	
      From worker 6:	data processed and exported
      From worker 7:	replicate complete, ran 20000000 generations:
      From worker 7:	
      From worker 7:		num_imitating:			9997185
      From worker 7:		num_not_imitating:		10002815
      From worker 7:		num_strategies_changed:  	146160
      From worker 7:			num_random_strategies: 	9853
      From worker 7:		num_sets_changed: 		0
      From worker 7:			num_random_opinions: 	0
      From worker 7:			num_biased_opinions: 	111747
      From worker 7:		num_both_changed: 		0
      From worker 7:	
      From worker 7:	data processed and exported
      From worker 7:	
      From worker 7:	starting b_1.0_c_0.2_N_40_M_2_K_2_P_2_beta_0.001_u_0.001_v_0.011180339887498947_p_0.0_ϵ_1.0_gens_20000000_210217-131235.692
      From worker 5:	replicate complete, ran 20000000 generations:
      From worker 5:	
      From worker 5:		num_imitating:			12500851
      From worker 5:		num_not_imitating:		7499149
      From worker 5:		num_strategies_changed:  	392396
      From worker 5:			num_random_strategies: 	12447
      From worker 5:		num_sets_changed: 		1243464
      From worker 5:			num_random_opinions: 	15326
      From worker 5:			num_biased_opinions: 	46656
      From worker 5:		num_both_changed: 		69958
      From worker 5:	
      From worker 5:	data processed and exported
      From worker 16:	replicate complete, ran 20000000 generations:
      From worker 16:	
      From worker 16:		num_imitating:			17499070
      From worker 16:		num_not_imitating:		2500930
      From worker 16:		num_strategies_changed:  	500662
      From worker 16:			num_random_strategies: 	17588
      From worker 16:		num_sets_changed: 		12407993
      From worker 16:			num_random_opinions: 	8202325
      From worker 16:			num_biased_opinions: 	2734625
      From worker 16:		num_both_changed: 		361095
      From worker 16:	
      From worker 16:	data processed and exported
      From worker 16:	
      From worker 16:	starting b_1.0_c_0.2_N_40_M_2_K_2_P_2_beta_0.001_u_0.001_v_0.625_p_0.5_ϵ_1.0_gens_20000000_210217-131235.692
      From worker 10:	replicate complete, ran 20000000 generations:
      From worker 10:	
      From worker 10:		num_imitating:			17498968
      From worker 10:		num_not_imitating:		2501032
      From worker 10:		num_strategies_changed:  	494886
      From worker 10:			num_random_strategies: 	17685
      From worker 10:		num_sets_changed: 		9019787
      From worker 10:			num_random_opinions: 	733170
      From worker 10:			num_biased_opinions: 	244710
      From worker 10:		num_both_changed: 		329780
      From worker 10:	
      From worker 10:	data processed and exported
      From worker 10:	
      From worker 10:	starting b_1.0_c_0.2_N_40_M_2_K_2_P_2_beta_0.001_u_0.001_v_0.055901699437494755_p_0.5_ϵ_1.0_gens_20000000_210217-131235.692
      From worker 8:	replicate complete, ran 20000000 generations:
      From worker 8:	
      From worker 8:		num_imitating:			20000000
      From worker 8:		num_not_imitating:		0
      From worker 8:		num_strategies_changed:  	580018
      From worker 8:			num_random_strategies: 	19953
      From worker 8:		num_sets_changed: 		7578405
      From worker 8:			num_random_opinions: 	500130
      From worker 8:			num_biased_opinions: 	0
      From worker 8:		num_both_changed: 		324940
      From worker 8:	
      From worker 8:	data processed and exported
      From worker 8:	
      From worker 8:	starting b_1.0_c_0.2_N_40_M_2_K_2_P_2_beta_0.001_u_0.001_v_0.025_p_0.25_ϵ_1.0_gens_20000000_210217-131235.692
      From worker 13:	replicate complete, ran 20000000 generations:
      From worker 13:	
      From worker 13:		num_imitating:			9998651
      From worker 13:		num_not_imitating:		10001349
      From worker 13:		num_strategies_changed:  	140417
      From worker 13:			num_random_strategies: 	9923
      From worker 13:		num_sets_changed: 		0
      From worker 13:			num_random_opinions: 	0
      From worker 13:			num_biased_opinions: 	1249169
      From worker 13:		num_both_changed: 		0
      From worker 13:	
      From worker 13:	data processed and exported
      From worker 13:	
      From worker 13:	starting b_1.0_c_0.2_N_40_M_2_K_2_P_2_beta_0.001_u_0.001_v_0.2795084971874737_p_0.0_ϵ_1.0_gens_20000000_210217-131235.692
      From worker 12:	replicate complete, ran 20000000 generations:
      From worker 12:	
      From worker 12:		num_imitating:			14998782
      From worker 12:		num_not_imitating:		5001218
      From worker 12:		num_strategies_changed:  	437807
      From worker 12:			num_random_strategies: 	15126
      From worker 12:		num_sets_changed: 		8631178
      From worker 12:			num_random_opinions: 	938612
      From worker 12:			num_biased_opinions: 	937655
      From worker 12:		num_both_changed: 		288817
      From worker 12:	
      From worker 12:	data processed and exported
      From worker 12:	
      From worker 12:	starting b_1.0_c_0.2_N_40_M_2_K_2_P_2_beta_0.001_u_0.001_v_0.125_p_0.75_ϵ_1.0_gens_20000000_210217-131235.692
      From worker 11:	replicate complete, ran 20000000 generations:
      From worker 11:	
      From worker 11:		num_imitating:			14998042
      From worker 11:		num_not_imitating:		5001958
      From worker 11:		num_strategies_changed:  	433825
      From worker 11:			num_random_strategies: 	15069
      From worker 11:		num_sets_changed: 		7167638
      From worker 11:			num_random_opinions: 	418858
      From worker 11:			num_biased_opinions: 	418660
      From worker 11:		num_both_changed: 		267752
      From worker 11:	
      From worker 11:	data processed and exported
      From worker 11:	
      From worker 11:	starting b_1.0_c_0.2_N_40_M_2_K_2_P_2_beta_0.001_u_0.001_v_0.055901699437494755_p_0.75_ϵ_1.0_gens_20000000_210217-131235.692
      From worker 9:	replicate complete, ran 20000000 generations:
      From worker 9:	
      From worker 9:		num_imitating:			17500241
      From worker 9:		num_not_imitating:		2499759
      From worker 9:		num_strategies_changed:  	523571
      From worker 9:			num_random_strategies: 	17476
      From worker 9:		num_sets_changed: 		6464738
      From worker 9:			num_random_opinions: 	327878
      From worker 9:			num_biased_opinions: 	109101
      From worker 9:		num_both_changed: 		288616
      From worker 9:	
      From worker 9:	data processed and exported
      From worker 9:	
      From worker 9:	starting b_1.0_c_0.2_N_40_M_2_K_2_P_2_beta_0.001_u_0.001_v_0.025_p_0.5_ϵ_1.0_gens_20000000_210217-131235.692
      From worker 14:	replicate complete, ran 20000000 generations:
      From worker 14:	
      From worker 14:		num_imitating:			20000000
      From worker 14:		num_not_imitating:		0
      From worker 14:		num_strategies_changed:  	565667
      From worker 14:			num_random_strategies: 	19732
      From worker 14:		num_sets_changed: 		14088577
      From worker 14:			num_random_opinions: 	5590864
      From worker 14:			num_biased_opinions: 	0
      From worker 14:		num_both_changed: 		422371
      From worker 14:	
      From worker 14:	data processed and exported
      From worker 14:	
      From worker 14:	starting b_1.0_c_0.2_N_40_M_2_K_2_P_2_beta_0.001_u_0.001_v_0.2795084971874737_p_0.25_ϵ_1.0_gens_20000000_210217-131235.692
      From worker 7:	replicate complete, ran 20000000 generations:
      From worker 7:	
      From worker 7:		num_imitating:			20000000
      From worker 7:		num_not_imitating:		0
      From worker 7:		num_strategies_changed:  	580885
      From worker 7:			num_random_strategies: 	20042
      From worker 7:		num_sets_changed: 		4683307
      From worker 7:			num_random_opinions: 	223987
      From worker 7:			num_biased_opinions: 	0
      From worker 7:		num_both_changed: 		228749
      From worker 7:	
      From worker 7:	data processed and exported
      From worker 15:	replicate complete, ran 20000000 generations:
      From worker 15:	
      From worker 15:		num_imitating:			17496446
      From worker 15:		num_not_imitating:		2503554
      From worker 15:		num_strategies_changed:  	494769
      From worker 15:			num_random_strategies: 	17340
      From worker 15:		num_sets_changed: 		12408344
      From worker 15:			num_random_opinions: 	8198624
      From worker 15:			num_biased_opinions: 	2734448
      From worker 15:		num_both_changed: 		356478
      From worker 15:	
      From worker 15:	data processed and exported
      From worker 15:	
      From worker 15:	starting b_1.0_c_0.2_N_40_M_2_K_2_P_2_beta_0.001_u_0.001_v_0.625_p_0.5_ϵ_1.0_gens_20000000_210217-131235.692
      From worker 8:	replicate complete, ran 20000000 generations:
      From worker 8:	
      From worker 8:		num_imitating:			17498686
      From worker 8:		num_not_imitating:		2501314
      From worker 8:		num_strategies_changed:  	477561
      From worker 8:			num_random_strategies: 	17197
      From worker 8:		num_sets_changed: 		6454036
      From worker 8:			num_random_opinions: 	328577
      From worker 8:			num_biased_opinions: 	109431
      From worker 8:		num_both_changed: 		253654
      From worker 8:	
      From worker 8:	data processed and exported
      From worker 10:	replicate complete, ran 20000000 generations:
      From worker 10:	
      From worker 10:		num_imitating:			15001049
      From worker 10:		num_not_imitating:		4998951
      From worker 10:		num_strategies_changed:  	419914
      From worker 10:			num_random_strategies: 	15153
      From worker 10:		num_sets_changed: 		7132842
      From worker 10:			num_random_opinions: 	419487
      From worker 10:			num_biased_opinions: 	420438
      From worker 10:		num_both_changed: 		258291
      From worker 10:	
      From worker 10:	data processed and exported
      From worker 10:	
      From worker 10:	starting b_1.0_c_0.2_N_40_M_2_K_2_P_2_beta_0.001_u_0.001_v_0.055901699437494755_p_0.75_ϵ_1.0_gens_20000000_210217-131235.692
      From worker 12:	replicate complete, ran 20000000 generations:
      From worker 12:	
      From worker 12:		num_imitating:			12498550
      From worker 12:		num_not_imitating:		7501450
      From worker 12:		num_strategies_changed:  	369843
      From worker 12:			num_random_strategies: 	12371
      From worker 12:		num_sets_changed: 		6149284
      From worker 12:			num_random_opinions: 	391945
      From worker 12:			num_biased_opinions: 	1172556
      From worker 12:		num_both_changed: 		215606
      From worker 12:	
      From worker 12:	data processed and exported
      From worker 12:	
      From worker 12:	starting b_1.0_c_0.2_N_40_M_2_K_2_P_2_beta_0.001_u_0.001_v_0.125_p_1.0_ϵ_1.0_gens_20000000_210217-131235.692
      From worker 11:	replicate complete, ran 20000000 generations:
      From worker 11:	
      From worker 11:		num_imitating:			12504953
      From worker 11:		num_not_imitating:		7495047
      From worker 11:		num_strategies_changed:  	352196
      From worker 11:			num_random_strategies: 	12485
      From worker 11:		num_sets_changed: 		5191809
      From worker 11:			num_random_opinions: 	174630
      From worker 11:			num_biased_opinions: 	524730
      From worker 11:		num_both_changed: 		194299
      From worker 11:	
      From worker 11:	data processed and exported
      From worker 11:	
      From worker 11:	starting b_1.0_c_0.2_N_40_M_2_K_2_P_2_beta_0.001_u_0.001_v_0.055901699437494755_p_1.0_ϵ_1.0_gens_20000000_210217-131235.692
      From worker 16:	replicate complete, ran 20000000 generations:
      From worker 16:	
      From worker 16:		num_imitating:			14998739
      From worker 16:		num_not_imitating:		5001261
      From worker 16:		num_strategies_changed:  	415618
      From worker 16:			num_random_strategies: 	15084
      From worker 16:		num_sets_changed: 		9183380
      From worker 16:			num_random_opinions: 	4688035
      From worker 16:			num_biased_opinions: 	4684598
      From worker 16:		num_both_changed: 		259126
      From worker 16:	
      From worker 16:	data processed and exported
      From worker 16:	
      From worker 16:	starting b_1.0_c_0.2_N_40_M_2_K_2_P_2_beta_0.001_u_0.001_v_0.625_p_0.75_ϵ_1.0_gens_20000000_210217-131235.692
      From worker 9:	replicate complete, ran 20000000 generations:
      From worker 9:	
      From worker 9:		num_imitating:			14998000
      From worker 9:		num_not_imitating:		5002000
      From worker 9:		num_strategies_changed:  	422274
      From worker 9:			num_random_strategies: 	14954
      From worker 9:		num_sets_changed: 		5170522
      From worker 9:			num_random_opinions: 	186947
      From worker 9:			num_biased_opinions: 	187385
      From worker 9:		num_both_changed: 		218531
      From worker 9:	
      From worker 9:	data processed and exported
      From worker 12:	replicate complete, ran 20000000 generations:
      From worker 12:	
      From worker 12:		num_imitating:			10000548
      From worker 12:		num_not_imitating:		9999452
      From worker 12:		num_strategies_changed:  	146156
      From worker 12:			num_random_strategies: 	10123
      From worker 12:		num_sets_changed: 		0
      From worker 12:			num_random_opinions: 	0
      From worker 12:			num_biased_opinions: 	1248766
      From worker 12:		num_both_changed: 		0
      From worker 12:	
      From worker 12:	data processed and exported
      From worker 12:	
      From worker 12:	starting b_1.0_c_0.2_N_40_M_2_K_2_P_2_beta_0.001_u_0.001_v_0.125_p_0.0_ϵ_1.0_gens_20000000_210217-131235.692
      From worker 11:	replicate complete, ran 20000000 generations:
      From worker 11:	
      From worker 11:		num_imitating:			10000141
      From worker 11:		num_not_imitating:		9999859
      From worker 11:		num_strategies_changed:  	148693
      From worker 11:			num_random_strategies: 	10027
      From worker 11:		num_sets_changed: 		0
      From worker 11:			num_random_opinions: 	0
      From worker 11:			num_biased_opinions: 	559508
      From worker 11:		num_both_changed: 		0
      From worker 11:	
      From worker 11:	data processed and exported
      From worker 13:	replicate complete, ran 20000000 generations:
      From worker 13:	
      From worker 13:		num_imitating:			20000000
      From worker 13:		num_not_imitating:		0
      From worker 13:		num_strategies_changed:  	564419
      From worker 13:			num_random_strategies: 	20038
      From worker 13:		num_sets_changed: 		14087810
      From worker 13:			num_random_opinions: 	5588045
      From worker 13:			num_biased_opinions: 	0
      From worker 13:		num_both_changed: 		420902
      From worker 13:	
      From worker 13:	data processed and exported
      From worker 13:	
      From worker 13:	starting b_1.0_c_0.2_N_40_M_2_K_2_P_2_beta_0.001_u_0.001_v_0.2795084971874737_p_0.25_ϵ_1.0_gens_20000000_210217-131235.692
      From worker 14:	replicate complete, ran 20000000 generations:
      From worker 14:	
      From worker 14:		num_imitating:			17499549
      From worker 14:		num_not_imitating:		2500451
      From worker 14:		num_strategies_changed:  	527996
      From worker 14:			num_random_strategies: 	17768
      From worker 14:		num_sets_changed: 		11985904
      From worker 14:			num_random_opinions: 	3666714
      From worker 14:			num_biased_opinions: 	1223440
      From worker 14:		num_both_changed: 		383544
      From worker 14:	
      From worker 14:	data processed and exported
      From worker 14:	
      From worker 14:	starting b_1.0_c_0.2_N_40_M_2_K_2_P_2_beta_0.001_u_0.001_v_0.2795084971874737_p_0.5_ϵ_1.0_gens_20000000_210217-131235.692
      From worker 10:	replicate complete, ran 20000000 generations:
      From worker 10:	
      From worker 10:		num_imitating:			12500807
      From worker 10:		num_not_imitating:		7499193
      From worker 10:		num_strategies_changed:  	355073
      From worker 10:			num_random_strategies: 	12529
      From worker 10:		num_sets_changed: 		5196114
      From worker 10:			num_random_opinions: 	173900
      From worker 10:			num_biased_opinions: 	523167
      From worker 10:		num_both_changed: 		197627
      From worker 10:	
      From worker 10:	data processed and exported
      From worker 15:	replicate complete, ran 20000000 generations:
      From worker 15:	
      From worker 15:		num_imitating:			14997390
      From worker 15:		num_not_imitating:		5002610
      From worker 15:		num_strategies_changed:  	452326
      From worker 15:			num_random_strategies: 	15090
      From worker 15:		num_sets_changed: 		9186767
      From worker 15:			num_random_opinions: 	4689246
      From worker 15:			num_biased_opinions: 	4683262
      From worker 15:		num_both_changed: 		281670
      From worker 15:	
      From worker 15:	data processed and exported
      From worker 15:	
      From worker 15:	starting b_1.0_c_0.2_N_40_M_2_K_2_P_2_beta_0.001_u_0.001_v_0.625_p_0.75_ϵ_1.0_gens_20000000_210217-131235.692
      From worker 16:	replicate complete, ran 20000000 generations:
      From worker 16:	
      From worker 16:		num_imitating:			12500956
      From worker 16:		num_not_imitating:		7499044
      From worker 16:		num_strategies_changed:  	348352
      From worker 16:			num_random_strategies: 	12557
      From worker 16:		num_sets_changed: 		5216573
      From worker 16:			num_random_opinions: 	1953863
      From worker 16:			num_biased_opinions: 	5858824
      From worker 16:		num_both_changed: 		150177
      From worker 16:	
      From worker 16:	data processed and exported
      From worker 16:	
      From worker 16:	starting b_1.0_c_0.2_N_40_M_2_K_2_P_2_beta_0.001_u_0.001_v_0.625_p_1.0_ϵ_1.0_gens_20000000_210217-131235.692
      From worker 16:	replicate complete, ran 20000000 generations:
      From worker 16:	
      From worker 16:		num_imitating:			9999901
      From worker 16:		num_not_imitating:		10000099
      From worker 16:		num_strategies_changed:  	144295
      From worker 16:			num_random_strategies: 	10000
      From worker 16:		num_sets_changed: 		0
      From worker 16:			num_random_opinions: 	0
      From worker 16:			num_biased_opinions: 	6247432
      From worker 16:		num_both_changed: 		0
      From worker 16:	
      From worker 16:	data processed and exported
 Activating environment at `/tigress/mk28/CooperationPolarization2/Project.toml`
 Activating environment at `/tigress/mk28/CooperationPolarization2/Project.toml`
      From worker 15:	replicate complete, ran 20000000 generations:
      From worker 15:	
      From worker 15:		num_imitating:			12501369
      From worker 15:		num_not_imitating:		7498631
      From worker 15:		num_strategies_changed:  	333598
      From worker 15:			num_random_strategies: 	12408
      From worker 15:		num_sets_changed: 		5214805
      From worker 15:			num_random_opinions: 	1952985
      From worker 15:			num_biased_opinions: 	5857890
      From worker 15:		num_both_changed: 		143725
      From worker 15:	
      From worker 15:	data processed and exported
      From worker 12:	replicate complete, ran 20000000 generations:
      From worker 12:	
      From worker 12:		num_imitating:			20000000
      From worker 12:		num_not_imitating:		0
      From worker 12:		num_strategies_changed:  	581209
      From worker 12:			num_random_strategies: 	19963
      From worker 12:		num_sets_changed: 		12750068
      From worker 12:			num_random_opinions: 	2501531
      From worker 12:			num_biased_opinions: 	0
      From worker 12:		num_both_changed: 		423340
      From worker 12:	
      From worker 12:	data processed and exported
      From worker 14:	replicate complete, ran 20000000 generations:
      From worker 14:	
      From worker 14:		num_imitating:			14999949
      From worker 14:		num_not_imitating:		5000051
      From worker 14:		num_strategies_changed:  	453128
      From worker 14:			num_random_strategies: 	14756
      From worker 14:		num_sets_changed: 		9374406
      From worker 14:			num_random_opinions: 	2096308
      From worker 14:			num_biased_opinions: 	2096759
      From worker 14:		num_both_changed: 		302483
      From worker 14:	
      From worker 14:	data processed and exported
      From worker 13:	replicate complete, ran 20000000 generations:
      From worker 13:	
      From worker 13:		num_imitating:			17498844
      From worker 13:		num_not_imitating:		2501156
      From worker 13:		num_strategies_changed:  	484880
      From worker 13:			num_random_strategies: 	17651
      From worker 13:		num_sets_changed: 		11990284
      From worker 13:			num_random_opinions: 	3668031
      From worker 13:			num_biased_opinions: 	1221845
      From worker 13:		num_both_changed: 		352029
      From worker 13:	
      From worker 13:	data processed and exported
10658.070703 seconds (2.71 M allocations: 121.183 MiB, 0.00% gc time)
