packages loaded
      From worker 6:	 Activating environment at `/tigress/mk28/CooperationPolarization2/Project.toml`
      From worker 4:	 Activating environment at `/tigress/mk28/CooperationPolarization2/Project.toml`
      From worker 3:	 Activating environment at `/tigress/mk28/CooperationPolarization2/Project.toml`
      From worker 5:	 Activating environment at `/tigress/mk28/CooperationPolarization2/Project.toml`
      From worker 13:	 Activating environment at `/tigress/mk28/CooperationPolarization2/Project.toml`
      From worker 12:	 Activating environment at `/tigress/mk28/CooperationPolarization2/Project.toml`
      From worker 11:	 Activating environment at `/tigress/mk28/CooperationPolarization2/Project.toml`
      From worker 15:	 Activating environment at `/tigress/mk28/CooperationPolarization2/Project.toml`
      From worker 7:	 Activating environment at `/tigress/mk28/CooperationPolarization2/Project.toml`
      From worker 10:	 Activating environment at `/tigress/mk28/CooperationPolarization2/Project.toml`
      From worker 8:	 Activating environment at `/tigress/mk28/CooperationPolarization2/Project.toml`
      From worker 9:	 Activating environment at `/tigress/mk28/CooperationPolarization2/Project.toml`
      From worker 2:	 Activating environment at `/tigress/mk28/CooperationPolarization2/Project.toml`
      From worker 16:	 Activating environment at `/tigress/mk28/CooperationPolarization2/Project.toml`
      From worker 14:	 Activating environment at `/tigress/mk28/CooperationPolarization2/Project.toml`
      From worker 4:	packages loaded
      From worker 5:	packages loaded
      From worker 13:	packages loaded
      From worker 8:	packages loaded
      From worker 2:	packages loaded
      From worker 12:	packages loaded
      From worker 15:	packages loaded
      From worker 10:	packages loaded
      From worker 3:	packages loaded
      From worker 16:	packages loaded
      From worker 14:	packages loaded
      From worker 6:	packages loaded
      From worker 7:	packages loaded
      From worker 9:	packages loaded
      From worker 11:	packages loaded
parameters defined
      From worker 4:	
      From worker 4:	starting b_1.0_c_0.2_N_40_M_3_K_1_P_2_beta_0.001_u_0.001_v_0.0022360679774997894_p_0.5_ϵ_1.0_gens_20000000_210221-033801.960
      From worker 8:	
      From worker 8:	starting b_1.0_c_0.2_N_40_M_3_K_1_P_2_beta_0.001_u_0.001_v_0.011180339887498947_p_0.25_ϵ_1.0_gens_20000000_210221-033801.960
      From worker 16:	
      From worker 16:	starting b_1.0_c_0.2_N_40_M_3_K_1_P_2_beta_0.001_u_0.001_v_0.625_p_1.0_ϵ_1.0_gens_20000000_210221-033801.960
      From worker 2:	
      From worker 2:	starting b_1.0_c_0.2_N_40_M_3_K_1_P_2_beta_0.001_u_0.001_v_0.001_p_0.0_ϵ_1.0_gens_20000000_210221-033801.960
      From worker 11:	
      From worker 11:	starting b_1.0_c_0.2_N_40_M_3_K_1_P_2_beta_0.001_u_0.001_v_0.055901699437494755_p_1.0_ϵ_1.0_gens_20000000_210221-033801.960
      From worker 6:	
      From worker 6:	starting b_1.0_c_0.2_N_40_M_3_K_1_P_2_beta_0.001_u_0.001_v_0.005_p_1.0_ϵ_1.0_gens_20000000_210221-033801.960
      From worker 5:	
      From worker 5:	starting b_1.0_c_0.2_N_40_M_3_K_1_P_2_beta_0.001_u_0.001_v_0.0022360679774997894_p_0.75_ϵ_1.0_gens_20000000_210221-033801.960
      From worker 10:	
      From worker 10:	starting b_1.0_c_0.2_N_40_M_3_K_1_P_2_beta_0.001_u_0.001_v_0.025_p_0.75_ϵ_1.0_gens_20000000_210221-033801.960
      From worker 14:	
      From worker 14:	starting b_1.0_c_0.2_N_40_M_3_K_1_P_2_beta_0.001_u_0.001_v_0.2795084971874737_p_0.5_ϵ_1.0_gens_20000000_210221-033801.960
      From worker 12:	
      From worker 12:	starting b_1.0_c_0.2_N_40_M_3_K_1_P_2_beta_0.001_u_0.001_v_0.125_p_0.0_ϵ_1.0_gens_20000000_210221-033801.960
      From worker 13:	
      From worker 13:	starting b_1.0_c_0.2_N_40_M_3_K_1_P_2_beta_0.001_u_0.001_v_0.125_p_0.25_ϵ_1.0_gens_20000000_210221-033801.960
      From worker 7:	
      From worker 7:	starting b_1.0_c_0.2_N_40_M_3_K_1_P_2_beta_0.001_u_0.001_v_0.011180339887498947_p_0.0_ϵ_1.0_gens_20000000_210221-033801.960
      From worker 3:	
      From worker 3:	starting b_1.0_c_0.2_N_40_M_3_K_1_P_2_beta_0.001_u_0.001_v_0.001_p_0.25_ϵ_1.0_gens_20000000_210221-033801.960
      From worker 15:	
      From worker 15:	starting b_1.0_c_0.2_N_40_M_3_K_1_P_2_beta_0.001_u_0.001_v_0.2795084971874737_p_0.75_ϵ_1.0_gens_20000000_210221-033801.960
      From worker 9:	
      From worker 9:	starting b_1.0_c_0.2_N_40_M_3_K_1_P_2_beta_0.001_u_0.001_v_0.025_p_0.5_ϵ_1.0_gens_20000000_210221-033801.960
      From worker 6:	replicate complete, ran 20000000 generations:
      From worker 6:	
      From worker 6:		num_imitating:			10001593
      From worker 6:		num_not_imitating:		9998407
      From worker 6:		num_strategies_changed:  	143214
      From worker 6:			num_random_strategies: 	9927
      From worker 6:		num_sets_changed: 		602894
      From worker 6:			num_random_opinions: 	0
      From worker 6:			num_biased_opinions: 	50001
      From worker 6:		num_both_changed: 		13850
      From worker 6:	
      From worker 5:	replicate complete, ran 20000000 generations:
      From worker 5:	
      From worker 5:		num_imitating:			12502113
      From worker 5:		num_not_imitating:		7497887
      From worker 5:		num_strategies_changed:  	388313
      From worker 5:			num_random_strategies: 	12620
      From worker 5:		num_sets_changed: 		831063
      From worker 5:			num_random_opinions: 	6935
      From worker 5:			num_biased_opinions: 	20924
      From worker 5:		num_both_changed: 		51872
      From worker 5:	
      From worker 6:	data processed and exported
      From worker 6:	
      From worker 6:	starting b_1.0_c_0.2_N_40_M_3_K_1_P_2_beta_0.001_u_0.001_v_0.005_p_0.0_ϵ_1.0_gens_20000000_210221-033801.960
      From worker 5:	data processed and exported
      From worker 2:	replicate complete, ran 20000000 generations:
      From worker 2:	
      From worker 2:		num_imitating:			20000000
      From worker 2:		num_not_imitating:		0
      From worker 2:		num_strategies_changed:  	573968
      From worker 2:			num_random_strategies: 	20165
      From worker 2:		num_sets_changed: 		605545
      From worker 2:			num_random_opinions: 	19906
      From worker 2:			num_biased_opinions: 	0
      From worker 2:		num_both_changed: 		35948
      From worker 2:	
      From worker 5:	
      From worker 5:	starting b_1.0_c_0.2_N_40_M_3_K_1_P_2_beta_0.001_u_0.001_v_0.0022360679774997894_p_1.0_ϵ_1.0_gens_20000000_210221-033801.960
      From worker 4:	replicate complete, ran 20000000 generations:
      From worker 4:	
      From worker 4:		num_imitating:			15002357
      From worker 4:		num_not_imitating:		4997643
      From worker 4:		num_strategies_changed:  	453637
      From worker 4:			num_random_strategies: 	15199
      From worker 4:		num_sets_changed: 		967201
      From worker 4:			num_random_opinions: 	16728
      From worker 4:			num_biased_opinions: 	16745
      From worker 4:		num_both_changed: 		54226
      From worker 4:	
      From worker 3:	replicate complete, ran 20000000 generations:
      From worker 3:	
      From worker 3:		num_imitating:			17501525
      From worker 3:		num_not_imitating:		2498475
      From worker 3:		num_strategies_changed:  	506788
      From worker 3:			num_random_strategies: 	17629
      From worker 3:		num_sets_changed: 		545901
      From worker 3:			num_random_opinions: 	12981
      From worker 3:			num_biased_opinions: 	4464
      From worker 3:		num_both_changed: 		31176
      From worker 3:	
      From worker 2:	data processed and exported
      From worker 4:	data processed and exported
      From worker 2:	
      From worker 2:	starting b_1.0_c_0.2_N_40_M_3_K_1_P_2_beta_0.001_u_0.001_v_0.001_p_0.25_ϵ_1.0_gens_20000000_210221-033801.960
      From worker 4:	
      From worker 4:	starting b_1.0_c_0.2_N_40_M_3_K_1_P_2_beta_0.001_u_0.001_v_0.0022360679774997894_p_0.75_ϵ_1.0_gens_20000000_210221-033801.960
      From worker 3:	data processed and exported
      From worker 3:	
      From worker 3:	starting b_1.0_c_0.2_N_40_M_3_K_1_P_2_beta_0.001_u_0.001_v_0.001_p_0.5_ϵ_1.0_gens_20000000_210221-033801.960
      From worker 11:	replicate complete, ran 20000000 generations:
      From worker 11:	
      From worker 11:		num_imitating:			10000049
      From worker 11:		num_not_imitating:		9999951
      From worker 11:		num_strategies_changed:  	151279
      From worker 11:			num_random_strategies: 	10007
      From worker 11:		num_sets_changed: 		3569398
      From worker 11:			num_random_opinions: 	0
      From worker 11:			num_biased_opinions: 	557604
      From worker 11:		num_both_changed: 		75855
      From worker 11:	
      From worker 11:	data processed and exported
      From worker 11:	
      From worker 11:	starting b_1.0_c_0.2_N_40_M_3_K_1_P_2_beta_0.001_u_0.001_v_0.055901699437494755_p_0.0_ϵ_1.0_gens_20000000_210221-033801.960
      From worker 8:	replicate complete, ran 20000000 generations:
      From worker 8:	
      From worker 8:		num_imitating:			17501214
      From worker 8:		num_not_imitating:		2498786
      From worker 8:		num_strategies_changed:  	530699
      From worker 8:			num_random_strategies: 	17573
      From worker 8:		num_sets_changed: 		4325461
      From worker 8:			num_random_opinions: 	146572
      From worker 8:			num_biased_opinions: 	48197
      From worker 8:		num_both_changed: 		216021
      From worker 8:	
      From worker 8:	data processed and exported
      From worker 8:	
      From worker 8:	starting b_1.0_c_0.2_N_40_M_3_K_1_P_2_beta_0.001_u_0.001_v_0.011180339887498947_p_0.5_ϵ_1.0_gens_20000000_210221-033801.960
      From worker 10:	replicate complete, ran 20000000 generations:
      From worker 10:	
      From worker 10:		num_imitating:			12497979
      From worker 10:		num_not_imitating:		7502021
      From worker 10:		num_strategies_changed:  	344148
      From worker 10:			num_random_strategies: 	12627
      From worker 10:		num_sets_changed: 		5112831
      From worker 10:			num_random_opinions: 	77869
      From worker 10:			num_biased_opinions: 	234672
      From worker 10:		num_both_changed: 		212290
      From worker 10:	
      From worker 7:	replicate complete, ran 20000000 generations:
      From worker 7:	
      From worker 7:		num_imitating:			20000000
      From worker 7:		num_not_imitating:		0
      From worker 7:		num_strategies_changed:  	575160
      From worker 7:			num_random_strategies: 	20098
      From worker 7:		num_sets_changed: 		5026750
      From worker 7:			num_random_opinions: 	222797
      From worker 7:			num_biased_opinions: 	0
      From worker 7:		num_both_changed: 		231621
      From worker 7:	
      From worker 10:	data processed and exported
      From worker 10:	
      From worker 10:	starting b_1.0_c_0.2_N_40_M_3_K_1_P_2_beta_0.001_u_0.001_v_0.025_p_1.0_ϵ_1.0_gens_20000000_210221-033801.960
      From worker 16:	replicate complete, ran 20000000 generations:
      From worker 16:	
      From worker 16:		num_imitating:			9999586
      From worker 16:		num_not_imitating:		10000414
      From worker 16:		num_strategies_changed:  	151221
      From worker 16:			num_random_strategies: 	10120
      From worker 16:		num_sets_changed: 		6470955
      From worker 16:			num_random_opinions: 	0
      From worker 16:			num_biased_opinions: 	6250206
      From worker 16:		num_both_changed: 		100442
      From worker 16:	
      From worker 7:	data processed and exported
      From worker 7:	
      From worker 7:	starting b_1.0_c_0.2_N_40_M_3_K_1_P_2_beta_0.001_u_0.001_v_0.011180339887498947_p_0.25_ϵ_1.0_gens_20000000_210221-033801.960
      From worker 16:	data processed and exported
      From worker 16:	
      From worker 16:	starting b_1.0_c_0.2_N_40_M_3_K_1_P_2_beta_0.001_u_0.001_v_0.625_p_0.0_ϵ_1.0_gens_20000000_210221-033801.960
      From worker 9:	replicate complete, ran 20000000 generations:
      From worker 9:	
      From worker 9:		num_imitating:			14997204
      From worker 9:		num_not_imitating:		5002796
      From worker 9:		num_strategies_changed:  	456294
      From worker 9:			num_random_strategies: 	14946
      From worker 9:		num_sets_changed: 		6154779
      From worker 9:			num_random_opinions: 	187265
      From worker 9:			num_biased_opinions: 	187386
      From worker 9:		num_both_changed: 		279995
      From worker 9:	
      From worker 9:	data processed and exported
      From worker 9:	
      From worker 9:	starting b_1.0_c_0.2_N_40_M_3_K_1_P_2_beta_0.001_u_0.001_v_0.025_p_0.75_ϵ_1.0_gens_20000000_210221-033801.960
      From worker 15:	replicate complete, ran 20000000 generations:
      From worker 15:	
      From worker 15:		num_imitating:			12500268
      From worker 15:		num_not_imitating:		7499732
      From worker 15:		num_strategies_changed:  	354852
      From worker 15:			num_random_strategies: 	12330
      From worker 15:		num_sets_changed: 		9347731
      From worker 15:			num_random_opinions: 	873727
      From worker 15:			num_biased_opinions: 	2620617
      From worker 15:		num_both_changed: 		286852
      From worker 15:	
      From worker 15:	data processed and exported
      From worker 15:	
      From worker 15:	starting b_1.0_c_0.2_N_40_M_3_K_1_P_2_beta_0.001_u_0.001_v_0.2795084971874737_p_1.0_ϵ_1.0_gens_20000000_210221-033801.960
      From worker 14:	replicate complete, ran 20000000 generations:
      From worker 14:	
      From worker 14:		num_imitating:			14998532
      From worker 14:		num_not_imitating:		5001468
      From worker 14:		num_strategies_changed:  	427020
      From worker 14:			num_random_strategies: 	14942
      From worker 14:		num_sets_changed: 		11571158
      From worker 14:			num_random_opinions: 	2094809
      From worker 14:			num_biased_opinions: 	2094505
      From worker 14:		num_both_changed: 		352027
      From worker 14:	
      From worker 14:	data processed and exported
      From worker 14:	
      From worker 14:	starting b_1.0_c_0.2_N_40_M_3_K_1_P_2_beta_0.001_u_0.001_v_0.2795084971874737_p_0.75_ϵ_1.0_gens_20000000_210221-033801.960
      From worker 13:	replicate complete, ran 20000000 generations:
      From worker 13:	
      From worker 13:		num_imitating:			17502309
      From worker 13:		num_not_imitating:		2497691
      From worker 13:		num_strategies_changed:  	532421
      From worker 13:			num_random_strategies: 	17505
      From worker 13:		num_sets_changed: 		12335088
      From worker 13:			num_random_opinions: 	1641522
      From worker 13:			num_biased_opinions: 	546578
      From worker 13:		num_both_changed: 		430337
      From worker 13:	
      From worker 13:	data processed and exported
      From worker 13:	
      From worker 13:	starting b_1.0_c_0.2_N_40_M_3_K_1_P_2_beta_0.001_u_0.001_v_0.125_p_0.5_ϵ_1.0_gens_20000000_210221-033801.960
      From worker 12:	replicate complete, ran 20000000 generations:
      From worker 12:	
      From worker 12:		num_imitating:			20000000
      From worker 12:		num_not_imitating:		0
      From worker 12:		num_strategies_changed:  	568031
      From worker 12:			num_random_strategies: 	19944
      From worker 12:		num_sets_changed: 		14139415
      From worker 12:			num_random_opinions: 	2497511
      From worker 12:			num_biased_opinions: 	0
      From worker 12:		num_both_changed: 		459934
      From worker 12:	
      From worker 12:	data processed and exported
      From worker 12:	
      From worker 12:	starting b_1.0_c_0.2_N_40_M_3_K_1_P_2_beta_0.001_u_0.001_v_0.125_p_0.25_ϵ_1.0_gens_20000000_210221-033801.960
      From worker 5:	replicate complete, ran 20000000 generations:
      From worker 5:	
      From worker 5:		num_imitating:			10000418
      From worker 5:		num_not_imitating:		9999582
      From worker 5:		num_strategies_changed:  	142821
      From worker 5:			num_random_strategies: 	10010
      From worker 5:		num_sets_changed: 		287175
      From worker 5:			num_random_opinions: 	0
      From worker 5:			num_biased_opinions: 	22233
      From worker 5:		num_both_changed: 		8445
      From worker 5:	
      From worker 5:	data processed and exported
      From worker 5:	
      From worker 5:	starting b_1.0_c_0.2_N_40_M_3_K_1_P_2_beta_0.001_u_0.001_v_0.005_p_0.0_ϵ_1.0_gens_20000000_210221-033801.960
      From worker 3:	replicate complete, ran 20000000 generations:
      From worker 3:	
      From worker 3:		num_imitating:			14997860
      From worker 3:		num_not_imitating:		5002140
      From worker 3:		num_strategies_changed:  	418227
      From worker 3:			num_random_strategies: 	14897
      From worker 3:		num_sets_changed: 		453492
      From worker 3:			num_random_opinions: 	7437
      From worker 3:			num_biased_opinions: 	7497
      From worker 3:		num_both_changed: 		25997
      From worker 3:	
      From worker 2:	replicate complete, ran 20000000 generations:
      From worker 2:	
      From worker 2:		num_imitating:			17500010
      From worker 2:		num_not_imitating:		2499990
      From worker 2:		num_strategies_changed:  	500811
      From worker 2:			num_random_strategies: 	17440
      From worker 2:		num_sets_changed: 		514574
      From worker 2:			num_random_opinions: 	13076
      From worker 2:			num_biased_opinions: 	4484
      From worker 2:		num_both_changed: 		25102
      From worker 2:	
      From worker 3:	data processed and exported
      From worker 3:	
      From worker 3:	starting b_1.0_c_0.2_N_40_M_3_K_1_P_2_beta_0.001_u_0.001_v_0.001_p_0.75_ϵ_1.0_gens_20000000_210221-033801.960
      From worker 2:	data processed and exported
      From worker 4:	replicate complete, ran 20000000 generations:
      From worker 4:	
      From worker 4:		num_imitating:			12499166
      From worker 4:		num_not_imitating:		7500834
      From worker 4:		num_strategies_changed:  	335445
      From worker 4:			num_random_strategies: 	12424
      From worker 4:		num_sets_changed: 		805877
      From worker 4:			num_random_opinions: 	6902
      From worker 4:			num_biased_opinions: 	20529
      From worker 4:		num_both_changed: 		38062
      From worker 4:	
      From worker 2:	
      From worker 2:	starting b_1.0_c_0.2_N_40_M_3_K_1_P_2_beta_0.001_u_0.001_v_0.001_p_0.5_ϵ_1.0_gens_20000000_210221-033801.960
      From worker 4:	data processed and exported
      From worker 4:	
      From worker 4:	starting b_1.0_c_0.2_N_40_M_3_K_1_P_2_beta_0.001_u_0.001_v_0.0022360679774997894_p_1.0_ϵ_1.0_gens_20000000_210221-033801.960
      From worker 6:	replicate complete, ran 20000000 generations:
      From worker 6:	
      From worker 6:		num_imitating:			20000000
      From worker 6:		num_not_imitating:		0
      From worker 6:		num_strategies_changed:  	603892
      From worker 6:			num_random_strategies: 	19923
      From worker 6:		num_sets_changed: 		2667322
      From worker 6:			num_random_opinions: 	99976
      From worker 6:			num_biased_opinions: 	0
      From worker 6:		num_both_changed: 		150481
      From worker 6:	
      From worker 6:	data processed and exported
      From worker 6:	
      From worker 6:	starting b_1.0_c_0.2_N_40_M_3_K_1_P_2_beta_0.001_u_0.001_v_0.005_p_0.25_ϵ_1.0_gens_20000000_210221-033801.960
      From worker 10:	replicate complete, ran 20000000 generations:
      From worker 10:	
      From worker 10:		num_imitating:			10001198
      From worker 10:		num_not_imitating:		9998802
      From worker 10:		num_strategies_changed:  	144339
      From worker 10:			num_random_strategies: 	9971
      From worker 10:		num_sets_changed: 		2226865
      From worker 10:			num_random_opinions: 	0
      From worker 10:			num_biased_opinions: 	249820
      From worker 10:		num_both_changed: 		52016
      From worker 10:	
      From worker 10:	data processed and exported
      From worker 10:	
      From worker 10:	starting b_1.0_c_0.2_N_40_M_3_K_1_P_2_beta_0.001_u_0.001_v_0.055901699437494755_p_0.0_ϵ_1.0_gens_20000000_210221-033801.960
      From worker 8:	replicate complete, ran 20000000 generations:
      From worker 8:	
      From worker 8:		num_imitating:			14999160
      From worker 8:		num_not_imitating:		5000840
      From worker 8:		num_strategies_changed:  	448042
      From worker 8:			num_random_strategies: 	15108
      From worker 8:		num_sets_changed: 		3763842
      From worker 8:			num_random_opinions: 	83594
      From worker 8:			num_biased_opinions: 	83641
      From worker 8:		num_both_changed: 		196211
      From worker 8:	
      From worker 8:	data processed and exported
      From worker 8:	
      From worker 8:	starting b_1.0_c_0.2_N_40_M_3_K_1_P_2_beta_0.001_u_0.001_v_0.011180339887498947_p_0.75_ϵ_1.0_gens_20000000_210221-033801.960
      From worker 7:	replicate complete, ran 20000000 generations:
      From worker 7:	
      From worker 7:		num_imitating:			17500301
      From worker 7:		num_not_imitating:		2499699
      From worker 7:		num_strategies_changed:  	510191
      From worker 7:			num_random_strategies: 	17464
      From worker 7:		num_sets_changed: 		4374938
      From worker 7:			num_random_opinions: 	146510
      From worker 7:			num_biased_opinions: 	49087
      From worker 7:		num_both_changed: 		219254
      From worker 7:	
      From worker 7:	data processed and exported
      From worker 7:	
      From worker 7:	starting b_1.0_c_0.2_N_40_M_3_K_1_P_2_beta_0.001_u_0.001_v_0.011180339887498947_p_0.5_ϵ_1.0_gens_20000000_210221-033801.960
      From worker 9:	replicate complete, ran 20000000 generations:
      From worker 9:	
      From worker 9:		num_imitating:			12499293
      From worker 9:		num_not_imitating:		7500707
      From worker 9:		num_strategies_changed:  	352097
      From worker 9:			num_random_strategies: 	12332
      From worker 9:		num_sets_changed: 		5044503
      From worker 9:			num_random_opinions: 	78652
      From worker 9:			num_biased_opinions: 	234322
      From worker 9:		num_both_changed: 		216786
      From worker 9:	
      From worker 9:	data processed and exported
      From worker 9:	
      From worker 9:	starting b_1.0_c_0.2_N_40_M_3_K_1_P_2_beta_0.001_u_0.001_v_0.025_p_1.0_ϵ_1.0_gens_20000000_210221-033801.960
      From worker 15:	replicate complete, ran 20000000 generations:
      From worker 15:	
      From worker 15:		num_imitating:			10000261
      From worker 15:		num_not_imitating:		9999739
      From worker 15:		num_strategies_changed:  	150745
      From worker 15:			num_random_strategies: 	10252
      From worker 15:		num_sets_changed: 		5899795
      From worker 15:			num_random_opinions: 	0
      From worker 15:			num_biased_opinions: 	2795804
      From worker 15:		num_both_changed: 		98270
      From worker 15:	
      From worker 15:	data processed and exported
      From worker 15:	
      From worker 15:	starting b_1.0_c_0.2_N_40_M_3_K_1_P_2_beta_0.001_u_0.001_v_0.625_p_0.0_ϵ_1.0_gens_20000000_210221-033801.960
      From worker 11:	replicate complete, ran 20000000 generations:
      From worker 11:	
      From worker 11:		num_imitating:			20000000
      From worker 11:		num_not_imitating:		0
      From worker 11:		num_strategies_changed:  	580571
      From worker 11:			num_random_strategies: 	20156
      From worker 11:		num_sets_changed: 		11598860
      From worker 11:			num_random_opinions: 	1119268
      From worker 11:			num_biased_opinions: 	0
      From worker 11:		num_both_changed: 		429942
      From worker 11:	
      From worker 11:	data processed and exported
      From worker 11:	
      From worker 11:	starting b_1.0_c_0.2_N_40_M_3_K_1_P_2_beta_0.001_u_0.001_v_0.055901699437494755_p_0.25_ϵ_1.0_gens_20000000_210221-033801.960
      From worker 4:	replicate complete, ran 20000000 generations:
      From worker 4:	
      From worker 4:		num_imitating:			9998260
      From worker 4:		num_not_imitating:		10001740
      From worker 4:		num_strategies_changed:  	148076
      From worker 4:			num_random_strategies: 	10079
      From worker 4:		num_sets_changed: 		280324
      From worker 4:			num_random_opinions: 	0
      From worker 4:			num_biased_opinions: 	22371
      From worker 4:		num_both_changed: 		7657
      From worker 4:	
      From worker 4:	data processed and exported
      From worker 4:	
      From worker 4:	starting b_1.0_c_0.2_N_40_M_3_K_1_P_2_beta_0.001_u_0.001_v_0.0022360679774997894_p_0.0_ϵ_1.0_gens_20000000_210221-033801.960
      From worker 3:	replicate complete, ran 20000000 generations:
      From worker 3:	
      From worker 3:		num_imitating:			12499391
      From worker 3:		num_not_imitating:		7500609
      From worker 3:		num_strategies_changed:  	356575
      From worker 3:			num_random_strategies: 	12304
      From worker 3:		num_sets_changed: 		363811
      From worker 3:			num_random_opinions: 	3191
      From worker 3:			num_biased_opinions: 	9393
      From worker 3:		num_both_changed: 		16778
      From worker 3:	
      From worker 3:	data processed and exported
      From worker 3:	
      From worker 3:	starting b_1.0_c_0.2_N_40_M_3_K_1_P_2_beta_0.001_u_0.001_v_0.001_p_1.0_ϵ_1.0_gens_20000000_210221-033801.960
      From worker 2:	replicate complete, ran 20000000 generations:
      From worker 2:	
      From worker 2:		num_imitating:			14998049
      From worker 2:		num_not_imitating:		5001951
      From worker 2:		num_strategies_changed:  	449014
      From worker 2:			num_random_strategies: 	15143
      From worker 2:		num_sets_changed: 		443779
      From worker 2:			num_random_opinions: 	7501
      From worker 2:			num_biased_opinions: 	7546
      From worker 2:		num_both_changed: 		25676
      From worker 2:	
      From worker 2:	data processed and exported
      From worker 2:	
      From worker 2:	starting b_1.0_c_0.2_N_40_M_3_K_1_P_2_beta_0.001_u_0.001_v_0.001_p_0.75_ϵ_1.0_gens_20000000_210221-033801.960
      From worker 5:	replicate complete, ran 20000000 generations:
      From worker 5:	
      From worker 5:		num_imitating:			20000000
      From worker 5:		num_not_imitating:		0
      From worker 5:		num_strategies_changed:  	570696
      From worker 5:			num_random_strategies: 	19947
      From worker 5:		num_sets_changed: 		2660243
      From worker 5:			num_random_opinions: 	99767
      From worker 5:			num_biased_opinions: 	0
      From worker 5:		num_both_changed: 		131043
      From worker 5:	
      From worker 5:	data processed and exported
      From worker 5:	
      From worker 5:	starting b_1.0_c_0.2_N_40_M_3_K_1_P_2_beta_0.001_u_0.001_v_0.005_p_0.25_ϵ_1.0_gens_20000000_210221-033801.960
      From worker 14:	replicate complete, ran 20000000 generations:
      From worker 14:	
      From worker 14:		num_imitating:			12497866
      From worker 14:		num_not_imitating:		7502134
      From worker 14:		num_strategies_changed:  	378562
      From worker 14:			num_random_strategies: 	12406
      From worker 14:		num_sets_changed: 		9348014
      From worker 14:			num_random_opinions: 	874147
      From worker 14:			num_biased_opinions: 	2617408
      From worker 14:		num_both_changed: 		306422
      From worker 14:	
      From worker 14:	data processed and exported
      From worker 14:	
      From worker 14:	starting b_1.0_c_0.2_N_40_M_3_K_1_P_2_beta_0.001_u_0.001_v_0.2795084971874737_p_1.0_ϵ_1.0_gens_20000000_210221-033801.960
      From worker 16:	replicate complete, ran 20000000 generations:
      From worker 16:	
      From worker 16:		num_imitating:			20000000
      From worker 16:		num_not_imitating:		0
      From worker 16:		num_strategies_changed:  	583861
      From worker 16:			num_random_strategies: 	20012
      From worker 16:		num_sets_changed: 		16422173
      From worker 16:			num_random_opinions: 	12500392
      From worker 16:			num_biased_opinions: 	0
      From worker 16:		num_both_changed: 		486124
      From worker 16:	
      From worker 16:	data processed and exported
      From worker 16:	
      From worker 16:	starting b_1.0_c_0.2_N_40_M_3_K_1_P_2_beta_0.001_u_0.001_v_0.625_p_0.25_ϵ_1.0_gens_20000000_210221-033801.960
      From worker 6:	replicate complete, ran 20000000 generations:
      From worker 6:	
      From worker 6:		num_imitating:			17496444
      From worker 6:		num_not_imitating:		2503556
      From worker 6:		num_strategies_changed:  	507401
      From worker 6:			num_random_strategies: 	17469
      From worker 6:		num_sets_changed: 		2290186
      From worker 6:			num_random_opinions: 	65761
      From worker 6:			num_biased_opinions: 	21861
      From worker 6:		num_both_changed: 		119510
      From worker 6:	
      From worker 6:	data processed and exported
      From worker 6:	
      From worker 6:	starting b_1.0_c_0.2_N_40_M_3_K_1_P_2_beta_0.001_u_0.001_v_0.005_p_0.5_ϵ_1.0_gens_20000000_210221-033801.960
      From worker 13:	replicate complete, ran 20000000 generations:
      From worker 13:	
      From worker 13:		num_imitating:			14998188
      From worker 13:		num_not_imitating:		5001812
      From worker 13:		num_strategies_changed:  	443861
      From worker 13:			num_random_strategies: 	15102
      From worker 13:		num_sets_changed: 		10506007
      From worker 13:			num_random_opinions: 	937451
      From worker 13:			num_biased_opinions: 	937167
      From worker 13:		num_both_changed: 		359914
      From worker 13:	
      From worker 13:	data processed and exported
      From worker 13:	
      From worker 13:	starting b_1.0_c_0.2_N_40_M_3_K_1_P_2_beta_0.001_u_0.001_v_0.125_p_0.75_ϵ_1.0_gens_20000000_210221-033801.960
      From worker 12:	replicate complete, ran 20000000 generations:
      From worker 12:	
      From worker 12:		num_imitating:			17500594
      From worker 12:		num_not_imitating:		2499406
      From worker 12:		num_strategies_changed:  	515269
      From worker 12:			num_random_strategies: 	17439
      From worker 12:		num_sets_changed: 		12331129
      From worker 12:			num_random_opinions: 	1639707
      From worker 12:			num_biased_opinions: 	546528
      From worker 12:		num_both_changed: 		417652
      From worker 12:	
      From worker 12:	data processed and exported
      From worker 12:	
      From worker 12:	starting b_1.0_c_0.2_N_40_M_3_K_1_P_2_beta_0.001_u_0.001_v_0.125_p_0.5_ϵ_1.0_gens_20000000_210221-033801.960
      From worker 8:	replicate complete, ran 20000000 generations:
      From worker 8:	
      From worker 8:		num_imitating:			12501159
      From worker 8:		num_not_imitating:		7498841
      From worker 8:		num_strategies_changed:  	348520
      From worker 8:			num_random_strategies: 	12292
      From worker 8:		num_sets_changed: 		3045501
      From worker 8:			num_random_opinions: 	35095
      From worker 8:			num_biased_opinions: 	105131
      From worker 8:		num_both_changed: 		139369
      From worker 8:	
      From worker 8:	data processed and exported
      From worker 8:	
      From worker 8:	starting b_1.0_c_0.2_N_40_M_3_K_1_P_2_beta_0.001_u_0.001_v_0.011180339887498947_p_1.0_ϵ_1.0_gens_20000000_210221-033801.960
      From worker 9:	replicate complete, ran 20000000 generations:
      From worker 9:	
      From worker 9:		num_imitating:			9999164
      From worker 9:		num_not_imitating:		10000836
      From worker 9:		num_strategies_changed:  	139596
      From worker 9:			num_random_strategies: 	9950
      From worker 9:		num_sets_changed: 		2216646
      From worker 9:			num_random_opinions: 	0
      From worker 9:			num_biased_opinions: 	250128
      From worker 9:		num_both_changed: 		48968
      From worker 9:	
      From worker 9:	data processed and exported
      From worker 9:	
      From worker 9:	starting b_1.0_c_0.2_N_40_M_3_K_1_P_2_beta_0.001_u_0.001_v_0.025_p_0.0_ϵ_1.0_gens_20000000_210221-033801.960
      From worker 7:	replicate complete, ran 20000000 generations:
      From worker 7:	
      From worker 7:		num_imitating:			14999398
      From worker 7:		num_not_imitating:		5000602
      From worker 7:		num_strategies_changed:  	435369
      From worker 7:			num_random_strategies: 	15073
      From worker 7:		num_sets_changed: 		3746314
      From worker 7:			num_random_opinions: 	83559
      From worker 7:			num_biased_opinions: 	83871
      From worker 7:		num_both_changed: 		176644
      From worker 7:	
      From worker 7:	data processed and exported
      From worker 7:	
      From worker 7:	starting b_1.0_c_0.2_N_40_M_3_K_1_P_2_beta_0.001_u_0.001_v_0.011180339887498947_p_0.75_ϵ_1.0_gens_20000000_210221-033801.960
      From worker 3:	replicate complete, ran 20000000 generations:
      From worker 3:	
      From worker 3:		num_imitating:			10001176
      From worker 3:		num_not_imitating:		9998824
      From worker 3:		num_strategies_changed:  	145824
      From worker 3:			num_random_strategies: 	10104
      From worker 3:		num_sets_changed: 		127635
      From worker 3:			num_random_opinions: 	0
      From worker 3:			num_biased_opinions: 	10032
      From worker 3:		num_both_changed: 		2990
      From worker 3:	
      From worker 3:	data processed and exported
      From worker 3:	
      From worker 3:	starting b_1.0_c_0.2_N_40_M_3_K_1_P_2_beta_0.001_u_0.001_v_0.0022360679774997894_p_0.0_ϵ_1.0_gens_20000000_210221-033801.960
      From worker 2:	replicate complete, ran 20000000 generations:
      From worker 2:	
      From worker 2:		num_imitating:			12496678
      From worker 2:		num_not_imitating:		7503322
      From worker 2:		num_strategies_changed:  	346972
      From worker 2:			num_random_strategies: 	12521
      From worker 2:		num_sets_changed: 		377736
      From worker 2:			num_random_opinions: 	3066
      From worker 2:			num_biased_opinions: 	9545
      From worker 2:		num_both_changed: 		19984
      From worker 2:	
      From worker 2:	data processed and exported
      From worker 2:	
      From worker 2:	starting b_1.0_c_0.2_N_40_M_3_K_1_P_2_beta_0.001_u_0.001_v_0.001_p_1.0_ϵ_1.0_gens_20000000_210221-033801.960
      From worker 4:	replicate complete, ran 20000000 generations:
      From worker 4:	
      From worker 4:		num_imitating:			20000000
      From worker 4:		num_not_imitating:		0
      From worker 4:		num_strategies_changed:  	574727
      From worker 4:			num_random_strategies: 	19945
      From worker 4:		num_sets_changed: 		1302795
      From worker 4:			num_random_opinions: 	44592
      From worker 4:			num_biased_opinions: 	0
      From worker 4:		num_both_changed: 		67398
      From worker 4:	
      From worker 4:	data processed and exported
      From worker 4:	
      From worker 4:	starting b_1.0_c_0.2_N_40_M_3_K_1_P_2_beta_0.001_u_0.001_v_0.0022360679774997894_p_0.25_ϵ_1.0_gens_20000000_210221-033801.960
      From worker 10:	replicate complete, ran 20000000 generations:
      From worker 10:	
      From worker 10:		num_imitating:			20000000
      From worker 10:		num_not_imitating:		0
      From worker 10:		num_strategies_changed:  	572152
      From worker 10:			num_random_strategies: 	19869
      From worker 10:		num_sets_changed: 		11604191
      From worker 10:			num_random_opinions: 	1117703
      From worker 10:			num_biased_opinions: 	0
      From worker 10:		num_both_changed: 		429673
      From worker 10:	
      From worker 10:	data processed and exported
      From worker 10:	
      From worker 10:	starting b_1.0_c_0.2_N_40_M_3_K_1_P_2_beta_0.001_u_0.001_v_0.055901699437494755_p_0.25_ϵ_1.0_gens_20000000_210221-033801.960
      From worker 5:	replicate complete, ran 20000000 generations:
      From worker 5:	
      From worker 5:		num_imitating:			17501568
      From worker 5:		num_not_imitating:		2498432
      From worker 5:		num_strategies_changed:  	476860
      From worker 5:			num_random_strategies: 	17447
      From worker 5:		num_sets_changed: 		2322562
      From worker 5:			num_random_opinions: 	65149
      From worker 5:			num_biased_opinions: 	21947
      From worker 5:		num_both_changed: 		109513
      From worker 5:	
      From worker 5:	data processed and exported
      From worker 5:	
      From worker 5:	starting b_1.0_c_0.2_N_40_M_3_K_1_P_2_beta_0.001_u_0.001_v_0.005_p_0.5_ϵ_1.0_gens_20000000_210221-033801.960
      From worker 6:	replicate complete, ran 20000000 generations:
      From worker 6:	
      From worker 6:		num_imitating:			15001163
      From worker 6:		num_not_imitating:		4998837
      From worker 6:		num_strategies_changed:  	423846
      From worker 6:			num_random_strategies: 	14929
      From worker 6:		num_sets_changed: 		2009558
      From worker 6:			num_random_opinions: 	37317
      From worker 6:			num_biased_opinions: 	38084
      From worker 6:		num_both_changed: 		103222
      From worker 6:	
      From worker 6:	data processed and exported
      From worker 6:	
      From worker 6:	starting b_1.0_c_0.2_N_40_M_3_K_1_P_2_beta_0.001_u_0.001_v_0.005_p_0.75_ϵ_1.0_gens_20000000_210221-033801.960
      From worker 14:	replicate complete, ran 20000000 generations:
      From worker 14:	
      From worker 14:		num_imitating:			9998903
      From worker 14:		num_not_imitating:		10001097
      From worker 14:		num_strategies_changed:  	148584
      From worker 14:			num_random_strategies: 	10027
      From worker 14:		num_sets_changed: 		5900809
      From worker 14:			num_random_opinions: 	0
      From worker 14:			num_biased_opinions: 	2795956
      From worker 14:		num_both_changed: 		97686
      From worker 14:	
      From worker 14:	data processed and exported
      From worker 14:	
      From worker 14:	starting b_1.0_c_0.2_N_40_M_3_K_1_P_2_beta_0.001_u_0.001_v_0.2795084971874737_p_0.0_ϵ_1.0_gens_20000000_210221-033801.960
      From worker 11:	replicate complete, ran 20000000 generations:
      From worker 11:	
      From worker 11:		num_imitating:			17499315
      From worker 11:		num_not_imitating:		2500685
      From worker 11:		num_strategies_changed:  	478706
      From worker 11:			num_random_strategies: 	17433
      From worker 11:		num_sets_changed: 		10134062
      From worker 11:			num_random_opinions: 	733705
      From worker 11:			num_biased_opinions: 	244698
      From worker 11:		num_both_changed: 		353641
      From worker 11:	
      From worker 11:	data processed and exported
      From worker 11:	
      From worker 11:	starting b_1.0_c_0.2_N_40_M_3_K_1_P_2_beta_0.001_u_0.001_v_0.055901699437494755_p_0.5_ϵ_1.0_gens_20000000_210221-033801.960
      From worker 8:	replicate complete, ran 20000000 generations:
      From worker 8:	
      From worker 8:		num_imitating:			9998865
      From worker 8:		num_not_imitating:		10001135
      From worker 8:		num_strategies_changed:  	153078
      From worker 8:			num_random_strategies: 	10161
      From worker 8:		num_sets_changed: 		1216372
      From worker 8:			num_random_opinions: 	0
      From worker 8:			num_biased_opinions: 	111506
      From worker 8:		num_both_changed: 		30657
      From worker 8:	
      From worker 8:	data processed and exported
      From worker 8:	
      From worker 8:	starting b_1.0_c_0.2_N_40_M_3_K_1_P_2_beta_0.001_u_0.001_v_0.025_p_0.0_ϵ_1.0_gens_20000000_210221-033801.960
      From worker 13:	replicate complete, ran 20000000 generations:
      From worker 13:	
      From worker 13:		num_imitating:			12497623
      From worker 13:		num_not_imitating:		7502377
      From worker 13:		num_strategies_changed:  	363927
      From worker 13:			num_random_strategies: 	12563
      From worker 13:		num_sets_changed: 		8570935
      From worker 13:			num_random_opinions: 	389427
      From worker 13:			num_biased_opinions: 	1171457
      From worker 13:		num_both_changed: 		293873
      From worker 13:	
      From worker 13:	data processed and exported
      From worker 13:	
      From worker 13:	starting b_1.0_c_0.2_N_40_M_3_K_1_P_2_beta_0.001_u_0.001_v_0.125_p_1.0_ϵ_1.0_gens_20000000_210221-033801.960
      From worker 15:	replicate complete, ran 20000000 generations:
      From worker 15:	
      From worker 15:		num_imitating:			20000000
      From worker 15:		num_not_imitating:		0
      From worker 15:		num_strategies_changed:  	594651
      From worker 15:			num_random_strategies: 	20248
      From worker 15:		num_sets_changed: 		16418832
      From worker 15:			num_random_opinions: 	12503989
      From worker 15:			num_biased_opinions: 	0
      From worker 15:		num_both_changed: 		495286
      From worker 15:	
      From worker 15:	data processed and exported
      From worker 15:	
      From worker 15:	starting b_1.0_c_0.2_N_40_M_3_K_1_P_2_beta_0.001_u_0.001_v_0.625_p_0.25_ϵ_1.0_gens_20000000_210221-033801.960
      From worker 2:	replicate complete, ran 20000000 generations:
      From worker 2:	
      From worker 2:		num_imitating:			9997847
      From worker 2:		num_not_imitating:		10002153
      From worker 2:		num_strategies_changed:  	141801
      From worker 2:			num_random_strategies: 	9862
      From worker 2:		num_sets_changed: 		125693
      From worker 2:			num_random_opinions: 	0
      From worker 2:			num_biased_opinions: 	10101
      From worker 2:		num_both_changed: 		3451
      From worker 2:	
      From worker 2:	data processed and exported
      From worker 2:	
      From worker 2:	starting b_1.0_c_0.2_N_40_M_3_K_1_P_2_beta_0.001_u_0.001_v_0.001_p_0.0_ϵ_1.0_gens_20000000_210221-033801.960
      From worker 7:	replicate complete, ran 20000000 generations:
      From worker 7:	
      From worker 7:		num_imitating:			12500774
      From worker 7:		num_not_imitating:		7499226
      From worker 7:		num_strategies_changed:  	347133
      From worker 7:			num_random_strategies: 	12564
      From worker 7:		num_sets_changed: 		3082192
      From worker 7:			num_random_opinions: 	34698
      From worker 7:			num_biased_opinions: 	104757
      From worker 7:		num_both_changed: 		140913
      From worker 7:	
      From worker 7:	data processed and exported
      From worker 7:	
      From worker 7:	starting b_1.0_c_0.2_N_40_M_3_K_1_P_2_beta_0.001_u_0.001_v_0.011180339887498947_p_1.0_ϵ_1.0_gens_20000000_210221-033801.960
      From worker 3:	replicate complete, ran 20000000 generations:
      From worker 3:	
      From worker 3:		num_imitating:			20000000
      From worker 3:		num_not_imitating:		0
      From worker 3:		num_strategies_changed:  	563574
      From worker 3:			num_random_strategies: 	19803
      From worker 3:		num_sets_changed: 		1263064
      From worker 3:			num_random_opinions: 	44785
      From worker 3:			num_biased_opinions: 	0
      From worker 3:		num_both_changed: 		59772
      From worker 3:	
      From worker 3:	data processed and exported
      From worker 3:	
      From worker 3:	starting b_1.0_c_0.2_N_40_M_3_K_1_P_2_beta_0.001_u_0.001_v_0.0022360679774997894_p_0.25_ϵ_1.0_gens_20000000_210221-033801.960
      From worker 16:	replicate complete, ran 20000000 generations:
      From worker 16:	
      From worker 16:		num_imitating:			17499290
      From worker 16:		num_not_imitating:		2500710
      From worker 16:		num_strategies_changed:  	506701
      From worker 16:			num_random_strategies: 	17579
      From worker 16:		num_sets_changed: 		14267215
      From worker 16:			num_random_opinions: 	8200972
      From worker 16:			num_biased_opinions: 	2734321
      From worker 16:		num_both_changed: 		419707
      From worker 16:	
      From worker 16:	data processed and exported
      From worker 16:	
      From worker 16:	starting b_1.0_c_0.2_N_40_M_3_K_1_P_2_beta_0.001_u_0.001_v_0.625_p_0.5_ϵ_1.0_gens_20000000_210221-033801.960
      From worker 4:	replicate complete, ran 20000000 generations:
      From worker 4:	
      From worker 4:		num_imitating:			17500134
      From worker 4:		num_not_imitating:		2499866
      From worker 4:		num_strategies_changed:  	496963
      From worker 4:			num_random_strategies: 	17734
      From worker 4:		num_sets_changed: 		1185286
      From worker 4:			num_random_opinions: 	29147
      From worker 4:			num_biased_opinions: 	9886
      From worker 4:		num_both_changed: 		62507
      From worker 4:	
      From worker 4:	data processed and exported
      From worker 4:	
      From worker 4:	starting b_1.0_c_0.2_N_40_M_3_K_1_P_2_beta_0.001_u_0.001_v_0.0022360679774997894_p_0.5_ϵ_1.0_gens_20000000_210221-033801.960
      From worker 12:	replicate complete, ran 20000000 generations:
      From worker 12:	
      From worker 12:		num_imitating:			14999608
      From worker 12:		num_not_imitating:		5000392
      From worker 12:		num_strategies_changed:  	440303
      From worker 12:			num_random_strategies: 	15155
      From worker 12:		num_sets_changed: 		10488715
      From worker 12:			num_random_opinions: 	938070
      From worker 12:			num_biased_opinions: 	936895
      From worker 12:		num_both_changed: 		355296
      From worker 12:	
      From worker 12:	data processed and exported
      From worker 12:	
      From worker 12:	starting b_1.0_c_0.2_N_40_M_3_K_1_P_2_beta_0.001_u_0.001_v_0.125_p_0.75_ϵ_1.0_gens_20000000_210221-033801.960
      From worker 9:	replicate complete, ran 20000000 generations:
      From worker 9:	
      From worker 9:		num_imitating:			20000000
      From worker 9:		num_not_imitating:		0
      From worker 9:		num_strategies_changed:  	581254
      From worker 9:			num_random_strategies: 	19886
      From worker 9:		num_sets_changed: 		8200889
      From worker 9:			num_random_opinions: 	498456
      From worker 9:			num_biased_opinions: 	0
      From worker 9:		num_both_changed: 		354390
      From worker 9:	
      From worker 9:	data processed and exported
      From worker 9:	
      From worker 9:	starting b_1.0_c_0.2_N_40_M_3_K_1_P_2_beta_0.001_u_0.001_v_0.025_p_0.25_ϵ_1.0_gens_20000000_210221-033801.960
      From worker 5:	replicate complete, ran 20000000 generations:
      From worker 5:	
      From worker 5:		num_imitating:			15002066
      From worker 5:		num_not_imitating:		4997934
      From worker 5:		num_strategies_changed:  	431813
      From worker 5:			num_random_strategies: 	15105
      From worker 5:		num_sets_changed: 		2012178
      From worker 5:			num_random_opinions: 	37659
      From worker 5:			num_biased_opinions: 	37517
      From worker 5:		num_both_changed: 		99514
      From worker 5:	
      From worker 5:	data processed and exported
      From worker 5:	
      From worker 5:	starting b_1.0_c_0.2_N_40_M_3_K_1_P_2_beta_0.001_u_0.001_v_0.005_p_0.75_ϵ_1.0_gens_20000000_210221-033801.960
      From worker 6:	replicate complete, ran 20000000 generations:
      From worker 6:	
      From worker 6:		num_imitating:			12499325
      From worker 6:		num_not_imitating:		7500675
      From worker 6:		num_strategies_changed:  	354051
      From worker 6:			num_random_strategies: 	12400
      From worker 6:		num_sets_changed: 		1664159
      From worker 6:			num_random_opinions: 	15826
      From worker 6:			num_biased_opinions: 	47233
      From worker 6:		num_both_changed: 		88151
      From worker 6:	
      From worker 6:	data processed and exported
      From worker 6:	
      From worker 6:	starting b_1.0_c_0.2_N_40_M_3_K_1_P_2_beta_0.001_u_0.001_v_0.005_p_1.0_ϵ_1.0_gens_20000000_210221-033801.960
      From worker 10:	replicate complete, ran 20000000 generations:
      From worker 10:	
      From worker 10:		num_imitating:			17498540
      From worker 10:		num_not_imitating:		2501460
      From worker 10:		num_strategies_changed:  	505261
      From worker 10:			num_random_strategies: 	17470
      From worker 10:		num_sets_changed: 		10121460
      From worker 10:			num_random_opinions: 	733783
      From worker 10:			num_biased_opinions: 	244376
      From worker 10:		num_both_changed: 		375727
      From worker 10:	
      From worker 10:	data processed and exported
      From worker 10:	
      From worker 10:	starting b_1.0_c_0.2_N_40_M_3_K_1_P_2_beta_0.001_u_0.001_v_0.055901699437494755_p_0.5_ϵ_1.0_gens_20000000_210221-033801.960
      From worker 2:	replicate complete, ran 20000000 generations:
      From worker 2:	
      From worker 2:		num_imitating:			20000000
      From worker 2:		num_not_imitating:		0
      From worker 2:		num_strategies_changed:  	540587
      From worker 2:			num_random_strategies: 	19656
      From worker 2:		num_sets_changed: 		607106
      From worker 2:			num_random_opinions: 	20049
      From worker 2:			num_biased_opinions: 	0
      From worker 2:		num_both_changed: 		34467
      From worker 2:	
      From worker 2:	data processed and exported
      From worker 7:	replicate complete, ran 20000000 generations:
      From worker 7:	
      From worker 7:		num_imitating:			9999105
      From worker 7:		num_not_imitating:		10000895
      From worker 7:		num_strategies_changed:  	147372
      From worker 7:			num_random_strategies: 	9971
      From worker 7:		num_sets_changed: 		1212962
      From worker 7:			num_random_opinions: 	0
      From worker 7:			num_biased_opinions: 	111635
      From worker 7:		num_both_changed: 		30731
      From worker 7:	
      From worker 7:	data processed and exported
      From worker 7:	
      From worker 7:	starting b_1.0_c_0.2_N_40_M_3_K_1_P_2_beta_0.001_u_0.001_v_0.011180339887498947_p_0.0_ϵ_1.0_gens_20000000_210221-033801.960
      From worker 11:	replicate complete, ran 20000000 generations:
      From worker 11:	
      From worker 11:		num_imitating:			14999318
      From worker 11:		num_not_imitating:		5000682
      From worker 11:		num_strategies_changed:  	422819
      From worker 11:			num_random_strategies: 	14757
      From worker 11:		num_sets_changed: 		8635979
      From worker 11:			num_random_opinions: 	419065
      From worker 11:			num_biased_opinions: 	419303
      From worker 11:		num_both_changed: 		315068
      From worker 11:	
      From worker 11:	data processed and exported
      From worker 11:	
      From worker 11:	starting b_1.0_c_0.2_N_40_M_3_K_1_P_2_beta_0.001_u_0.001_v_0.055901699437494755_p_0.75_ϵ_1.0_gens_20000000_210221-033801.960
      From worker 3:	replicate complete, ran 20000000 generations:
      From worker 3:	
      From worker 3:		num_imitating:			17502017
      From worker 3:		num_not_imitating:		2497983
      From worker 3:		num_strategies_changed:  	522086
      From worker 3:			num_random_strategies: 	17632
      From worker 3:		num_sets_changed: 		1157442
      From worker 3:			num_random_opinions: 	29483
      From worker 3:			num_biased_opinions: 	9865
      From worker 3:		num_both_changed: 		66362
      From worker 3:	
      From worker 3:	data processed and exported
      From worker 13:	replicate complete, ran 20000000 generations:
      From worker 13:	
      From worker 13:		num_imitating:			9996802
      From worker 13:		num_not_imitating:		10003198
      From worker 13:		num_strategies_changed:  	138689
      From worker 13:			num_random_strategies: 	9928
      From worker 13:		num_sets_changed: 		4923608
      From worker 13:			num_random_opinions: 	0
      From worker 13:			num_biased_opinions: 	1248423
      From worker 13:		num_both_changed: 		83680
      From worker 13:	
      From worker 13:	data processed and exported
      From worker 13:	
      From worker 13:	starting b_1.0_c_0.2_N_40_M_3_K_1_P_2_beta_0.001_u_0.001_v_0.2795084971874737_p_0.0_ϵ_1.0_gens_20000000_210221-033801.960
      From worker 4:	replicate complete, ran 20000000 generations:
      From worker 4:	
      From worker 4:		num_imitating:			14996766
      From worker 4:		num_not_imitating:		5003234
      From worker 4:		num_strategies_changed:  	466677
      From worker 4:			num_random_strategies: 	14902
      From worker 4:		num_sets_changed: 		957726
      From worker 4:			num_random_opinions: 	16770
      From worker 4:			num_biased_opinions: 	17008
      From worker 4:		num_both_changed: 		56330
      From worker 4:	
      From worker 4:	data processed and exported
      From worker 8:	replicate complete, ran 20000000 generations:
      From worker 8:	
      From worker 8:		num_imitating:			20000000
      From worker 8:		num_not_imitating:		0
      From worker 8:		num_strategies_changed:  	557004
      From worker 8:			num_random_strategies: 	20163
      From worker 8:		num_sets_changed: 		8265021
      From worker 8:			num_random_opinions: 	499979
      From worker 8:			num_biased_opinions: 	0
      From worker 8:		num_both_changed: 		337535
      From worker 8:	
      From worker 8:	data processed and exported
      From worker 8:	
      From worker 8:	starting b_1.0_c_0.2_N_40_M_3_K_1_P_2_beta_0.001_u_0.001_v_0.025_p_0.25_ϵ_1.0_gens_20000000_210221-033801.960
      From worker 5:	replicate complete, ran 20000000 generations:
      From worker 5:	
      From worker 5:		num_imitating:			12499566
      From worker 5:		num_not_imitating:		7500434
      From worker 5:		num_strategies_changed:  	358617
      From worker 5:			num_random_strategies: 	12418
      From worker 5:		num_sets_changed: 		1645752
      From worker 5:			num_random_opinions: 	15660
      From worker 5:			num_biased_opinions: 	46852
      From worker 5:		num_both_changed: 		83268
      From worker 5:	
      From worker 5:	data processed and exported
      From worker 14:	replicate complete, ran 20000000 generations:
      From worker 14:	
      From worker 14:		num_imitating:			20000000
      From worker 14:		num_not_imitating:		0
      From worker 14:		num_strategies_changed:  	569611
      From worker 14:			num_random_strategies: 	19880
      From worker 14:		num_sets_changed: 		15649098
      From worker 14:			num_random_opinions: 	5591659
      From worker 14:			num_biased_opinions: 	0
      From worker 14:		num_both_changed: 		471495
      From worker 14:	
      From worker 14:	data processed and exported
      From worker 14:	
      From worker 14:	starting b_1.0_c_0.2_N_40_M_3_K_1_P_2_beta_0.001_u_0.001_v_0.2795084971874737_p_0.25_ϵ_1.0_gens_20000000_210221-033801.960
      From worker 6:	replicate complete, ran 20000000 generations:
      From worker 6:	
      From worker 6:		num_imitating:			10003116
      From worker 6:		num_not_imitating:		9996884
      From worker 6:		num_strategies_changed:  	144297
      From worker 6:			num_random_strategies: 	10114
      From worker 6:		num_sets_changed: 		593866
      From worker 6:			num_random_opinions: 	0
      From worker 6:			num_biased_opinions: 	49822
      From worker 6:		num_both_changed: 		12799
      From worker 6:	
      From worker 6:	data processed and exported
      From worker 12:	replicate complete, ran 20000000 generations:
      From worker 12:	
      From worker 12:		num_imitating:			12496605
      From worker 12:		num_not_imitating:		7503395
      From worker 12:		num_strategies_changed:  	348051
      From worker 12:			num_random_strategies: 	12653
      From worker 12:		num_sets_changed: 		8569119
      From worker 12:			num_random_opinions: 	391378
      From worker 12:			num_biased_opinions: 	1170551
      From worker 12:		num_both_changed: 		281489
      From worker 12:	
      From worker 12:	data processed and exported
      From worker 12:	
      From worker 12:	starting b_1.0_c_0.2_N_40_M_3_K_1_P_2_beta_0.001_u_0.001_v_0.125_p_1.0_ϵ_1.0_gens_20000000_210221-033801.960
      From worker 15:	replicate complete, ran 20000000 generations:
      From worker 15:	
      From worker 15:		num_imitating:			17499697
      From worker 15:		num_not_imitating:		2500303
      From worker 15:		num_strategies_changed:  	474942
      From worker 15:			num_random_strategies: 	17211
      From worker 15:		num_sets_changed: 		14269714
      From worker 15:			num_random_opinions: 	8208314
      From worker 15:			num_biased_opinions: 	2734393
      From worker 15:		num_both_changed: 		393314
      From worker 15:	
      From worker 15:	data processed and exported
      From worker 15:	
      From worker 15:	starting b_1.0_c_0.2_N_40_M_3_K_1_P_2_beta_0.001_u_0.001_v_0.625_p_0.5_ϵ_1.0_gens_20000000_210221-033801.960
      From worker 16:	replicate complete, ran 20000000 generations:
      From worker 16:	
      From worker 16:		num_imitating:			15006269
      From worker 16:		num_not_imitating:		4993731
      From worker 16:		num_strategies_changed:  	430725
      From worker 16:			num_random_strategies: 	14945
      From worker 16:		num_sets_changed: 		11960678
      From worker 16:			num_random_opinions: 	4690087
      From worker 16:			num_biased_opinions: 	4691329
      From worker 16:		num_both_changed: 		349459
      From worker 16:	
      From worker 16:	data processed and exported
      From worker 16:	
      From worker 16:	starting b_1.0_c_0.2_N_40_M_3_K_1_P_2_beta_0.001_u_0.001_v_0.625_p_0.75_ϵ_1.0_gens_20000000_210221-033801.960
      From worker 9:	replicate complete, ran 20000000 generations:
      From worker 9:	
      From worker 9:		num_imitating:			17500618
      From worker 9:		num_not_imitating:		2499382
      From worker 9:		num_strategies_changed:  	508249
      From worker 9:			num_random_strategies: 	17472
      From worker 9:		num_sets_changed: 		7180056
      From worker 9:			num_random_opinions: 	328147
      From worker 9:			num_biased_opinions: 	109532
      From worker 9:		num_both_changed: 		309728
      From worker 9:	
      From worker 9:	data processed and exported
      From worker 9:	
      From worker 9:	starting b_1.0_c_0.2_N_40_M_3_K_1_P_2_beta_0.001_u_0.001_v_0.025_p_0.5_ϵ_1.0_gens_20000000_210221-033801.960
      From worker 7:	replicate complete, ran 20000000 generations:
      From worker 7:	
      From worker 7:		num_imitating:			20000000
      From worker 7:		num_not_imitating:		0
      From worker 7:		num_strategies_changed:  	578300
      From worker 7:			num_random_strategies: 	20137
      From worker 7:		num_sets_changed: 		4950852
      From worker 7:			num_random_opinions: 	223479
      From worker 7:			num_biased_opinions: 	0
      From worker 7:		num_both_changed: 		242321
      From worker 7:	
      From worker 7:	data processed and exported
      From worker 10:	replicate complete, ran 20000000 generations:
      From worker 10:	
      From worker 10:		num_imitating:			15001643
      From worker 10:		num_not_imitating:		4998357
      From worker 10:		num_strategies_changed:  	443357
      From worker 10:			num_random_strategies: 	15030
      From worker 10:		num_sets_changed: 		8644283
      From worker 10:			num_random_opinions: 	419547
      From worker 10:			num_biased_opinions: 	419401
      From worker 10:		num_both_changed: 		334464
      From worker 10:	
      From worker 10:	data processed and exported
      From worker 10:	
      From worker 10:	starting b_1.0_c_0.2_N_40_M_3_K_1_P_2_beta_0.001_u_0.001_v_0.055901699437494755_p_0.75_ϵ_1.0_gens_20000000_210221-033801.960
      From worker 11:	replicate complete, ran 20000000 generations:
      From worker 11:	
      From worker 11:		num_imitating:			12501781
      From worker 11:		num_not_imitating:		7498219
      From worker 11:		num_strategies_changed:  	356009
      From worker 11:			num_random_strategies: 	12305
      From worker 11:		num_sets_changed: 		7098611
      From worker 11:			num_random_opinions: 	174477
      From worker 11:			num_biased_opinions: 	524978
      From worker 11:		num_both_changed: 		267809
      From worker 11:	
      From worker 11:	data processed and exported
      From worker 11:	
      From worker 11:	starting b_1.0_c_0.2_N_40_M_3_K_1_P_2_beta_0.001_u_0.001_v_0.055901699437494755_p_1.0_ϵ_1.0_gens_20000000_210221-033801.960
      From worker 8:	replicate complete, ran 20000000 generations:
      From worker 8:	
      From worker 8:		num_imitating:			17499170
      From worker 8:		num_not_imitating:		2500830
      From worker 8:		num_strategies_changed:  	498608
      From worker 8:			num_random_strategies: 	17254
      From worker 8:		num_sets_changed: 		7170154
      From worker 8:			num_random_opinions: 	328316
      From worker 8:			num_biased_opinions: 	109808
      From worker 8:		num_both_changed: 		303463
      From worker 8:	
      From worker 8:	data processed and exported
      From worker 12:	replicate complete, ran 20000000 generations:
      From worker 12:	
      From worker 12:		num_imitating:			9999996
      From worker 12:		num_not_imitating:		10000004
      From worker 12:		num_strategies_changed:  	148735
      From worker 12:			num_random_strategies: 	9969
      From worker 12:		num_sets_changed: 		4930256
      From worker 12:			num_random_opinions: 	0
      From worker 12:			num_biased_opinions: 	1251733
      From worker 12:		num_both_changed: 		91694
      From worker 12:	
      From worker 12:	data processed and exported
      From worker 12:	
      From worker 12:	starting b_1.0_c_0.2_N_40_M_3_K_1_P_2_beta_0.001_u_0.001_v_0.125_p_0.0_ϵ_1.0_gens_20000000_210221-033801.960
      From worker 13:	replicate complete, ran 20000000 generations:
      From worker 13:	
      From worker 13:		num_imitating:			20000000
      From worker 13:		num_not_imitating:		0
      From worker 13:		num_strategies_changed:  	588122
      From worker 13:			num_random_strategies: 	19898
      From worker 13:		num_sets_changed: 		15651540
      From worker 13:			num_random_opinions: 	5589008
      From worker 13:			num_biased_opinions: 	0
      From worker 13:		num_both_changed: 		486840
      From worker 13:	
      From worker 13:	data processed and exported
      From worker 13:	
      From worker 13:	starting b_1.0_c_0.2_N_40_M_3_K_1_P_2_beta_0.001_u_0.001_v_0.2795084971874737_p_0.25_ϵ_1.0_gens_20000000_210221-033801.960
      From worker 9:	replicate complete, ran 20000000 generations:
      From worker 9:	
      From worker 9:		num_imitating:			14999726
      From worker 9:		num_not_imitating:		5000274
      From worker 9:		num_strategies_changed:  	447226
      From worker 9:			num_random_strategies: 	14935
      From worker 9:		num_sets_changed: 		6153134
      From worker 9:			num_random_opinions: 	187386
      From worker 9:			num_biased_opinions: 	187342
      From worker 9:		num_both_changed: 		278454
      From worker 9:	
      From worker 9:	data processed and exported
      From worker 14:	replicate complete, ran 20000000 generations:
      From worker 14:	
      From worker 14:		num_imitating:			17499844
      From worker 14:		num_not_imitating:		2500156
      From worker 14:		num_strategies_changed:  	518723
      From worker 14:			num_random_strategies: 	17359
      From worker 14:		num_sets_changed: 		13644346
      From worker 14:			num_random_opinions: 	3670198
      From worker 14:			num_biased_opinions: 	1223750
      From worker 14:		num_both_changed: 		429448
      From worker 14:	
      From worker 14:	data processed and exported
      From worker 14:	
      From worker 14:	starting b_1.0_c_0.2_N_40_M_3_K_1_P_2_beta_0.001_u_0.001_v_0.2795084971874737_p_0.5_ϵ_1.0_gens_20000000_210221-033801.960
      From worker 16:	replicate complete, ran 20000000 generations:
      From worker 16:	
      From worker 16:		num_imitating:			12497422
      From worker 16:		num_not_imitating:		7502578
      From worker 16:		num_strategies_changed:  	350887
      From worker 16:			num_random_strategies: 	12284
      From worker 16:		num_sets_changed: 		9442766
      From worker 16:			num_random_opinions: 	1951570
      From worker 16:			num_biased_opinions: 	5859815
      From worker 16:		num_both_changed: 		271554
      From worker 16:	
      From worker 16:	data processed and exported
      From worker 16:	
      From worker 16:	starting b_1.0_c_0.2_N_40_M_3_K_1_P_2_beta_0.001_u_0.001_v_0.625_p_1.0_ϵ_1.0_gens_20000000_210221-033801.960
      From worker 15:	replicate complete, ran 20000000 generations:
      From worker 15:	
      From worker 15:		num_imitating:			14999906
      From worker 15:		num_not_imitating:		5000094
      From worker 15:		num_strategies_changed:  	433544
      From worker 15:			num_random_strategies: 	14906
      From worker 15:		num_sets_changed: 		11959382
      From worker 15:			num_random_opinions: 	4686501
      From worker 15:			num_biased_opinions: 	4688959
      From worker 15:		num_both_changed: 		352105
      From worker 15:	
      From worker 15:	data processed and exported
      From worker 15:	
      From worker 15:	starting b_1.0_c_0.2_N_40_M_3_K_1_P_2_beta_0.001_u_0.001_v_0.625_p_0.75_ϵ_1.0_gens_20000000_210221-033801.960
      From worker 11:	replicate complete, ran 20000000 generations:
      From worker 11:	
      From worker 11:		num_imitating:			9999239
      From worker 11:		num_not_imitating:		10000761
      From worker 11:		num_strategies_changed:  	148469
      From worker 11:			num_random_strategies: 	9897
      From worker 11:		num_sets_changed: 		3587468
      From worker 11:			num_random_opinions: 	0
      From worker 11:			num_biased_opinions: 	559456
      From worker 11:		num_both_changed: 		75883
      From worker 11:	
      From worker 11:	data processed and exported
      From worker 10:	replicate complete, ran 20000000 generations:
      From worker 10:	
      From worker 10:		num_imitating:			12509003
      From worker 10:		num_not_imitating:		7490997
      From worker 10:		num_strategies_changed:  	375559
      From worker 10:			num_random_strategies: 	12444
      From worker 10:		num_sets_changed: 		7110855
      From worker 10:			num_random_opinions: 	175049
      From worker 10:			num_biased_opinions: 	524435
      From worker 10:		num_both_changed: 		281962
      From worker 10:	
      From worker 10:	data processed and exported
      From worker 16:	replicate complete, ran 20000000 generations:
      From worker 16:	
      From worker 16:		num_imitating:			10002642
      From worker 16:		num_not_imitating:		9997358
      From worker 16:		num_strategies_changed:  	146438
      From worker 16:			num_random_strategies: 	10064
      From worker 16:		num_sets_changed: 		6472359
      From worker 16:			num_random_opinions: 	0
      From worker 16:			num_biased_opinions: 	6249365 Activating environment at `/tigress/mk28/CooperationPolarization2/Project.toml`
 Activating environment at `/tigress/mk28/CooperationPolarization2/Project.toml`

      From worker 16:		num_both_changed: 		97669
      From worker 16:	
      From worker 16:	data processed and exported
      From worker 12:	replicate complete, ran 20000000 generations:
      From worker 12:	
      From worker 12:		num_imitating:			20000000
      From worker 12:		num_not_imitating:		0
      From worker 12:		num_strategies_changed:  	595793
      From worker 12:			num_random_strategies: 	20090
      From worker 12:		num_sets_changed: 		14163103
      From worker 12:			num_random_opinions: 	2500803
      From worker 12:			num_biased_opinions: 	0
      From worker 12:		num_both_changed: 		482665
      From worker 12:	
      From worker 12:	data processed and exported
      From worker 13:	replicate complete, ran 20000000 generations:
      From worker 13:	
      From worker 13:		num_imitating:			17499942
      From worker 13:		num_not_imitating:		2500058
      From worker 13:		num_strategies_changed:  	494864
      From worker 13:			num_random_strategies: 	17378
      From worker 13:		num_sets_changed: 		13638848
      From worker 13:			num_random_opinions: 	3667366
      From worker 13:			num_biased_opinions: 	1223372
      From worker 13:		num_both_changed: 		409713
      From worker 13:	
      From worker 13:	data processed and exported
      From worker 14:	replicate complete, ran 20000000 generations:
      From worker 14:	
      From worker 14:		num_imitating:			14999594
      From worker 14:		num_not_imitating:		5000406
      From worker 14:		num_strategies_changed:  	429562
      From worker 14:			num_random_strategies: 	15263
      From worker 14:		num_sets_changed: 		11569038
      From worker 14:			num_random_opinions: 	2097717
      From worker 14:			num_biased_opinions: 	2095590
      From worker 14:		num_both_changed: 		353944
      From worker 14:	
      From worker 14:	data processed and exported
      From worker 15:	replicate complete, ran 20000000 generations:
      From worker 15:	
      From worker 15:		num_imitating:			12502147
      From worker 15:		num_not_imitating:		7497853
      From worker 15:		num_strategies_changed:  	373687
      From worker 15:			num_random_strategies: 	12415
      From worker 15:		num_sets_changed: 		9447688
      From worker 15:			num_random_opinions: 	1953375
      From worker 15:			num_biased_opinions: 	5859425
      From worker 15:		num_both_changed: 		289175
      From worker 15:	
      From worker 15:	data processed and exported
9805.721744 seconds (2.66 M allocations: 119.685 MiB, 0.00% gc time)
