packages loaded
      From worker 5:	 Activating environment at `/tigress/mk28/CooperationPolarization2/Project.toml`
      From worker 6:	 Activating environment at `/tigress/mk28/CooperationPolarization2/Project.toml`
      From worker 3:	 Activating environment at `/tigress/mk28/CooperationPolarization2/Project.toml`
      From worker 4:	 Activating environment at `/tigress/mk28/CooperationPolarization2/Project.toml`
      From worker 13:	 Activating environment at `/tigress/mk28/CooperationPolarization2/Project.toml`
      From worker 10:	 Activating environment at `/tigress/mk28/CooperationPolarization2/Project.toml`
      From worker 11:	 Activating environment at `/tigress/mk28/CooperationPolarization2/Project.toml`
      From worker 8:	 Activating environment at `/tigress/mk28/CooperationPolarization2/Project.toml`
      From worker 15:	 Activating environment at `/tigress/mk28/CooperationPolarization2/Project.toml`
      From worker 12:	 Activating environment at `/tigress/mk28/CooperationPolarization2/Project.toml`
      From worker 9:	 Activating environment at `/tigress/mk28/CooperationPolarization2/Project.toml`
      From worker 16:	 Activating environment at `/tigress/mk28/CooperationPolarization2/Project.toml`
      From worker 7:	 Activating environment at `/tigress/mk28/CooperationPolarization2/Project.toml`
      From worker 14:	 Activating environment at `/tigress/mk28/CooperationPolarization2/Project.toml`
      From worker 2:	 Activating environment at `/tigress/mk28/CooperationPolarization2/Project.toml`
      From worker 11:	packages loaded
      From worker 7:	packages loaded
      From worker 16:	packages loaded
      From worker 8:	packages loaded
      From worker 4:	packages loaded
      From worker 5:	packages loaded
      From worker 10:	packages loaded
      From worker 13:	packages loaded
      From worker 9:	packages loaded
      From worker 12:	packages loaded
      From worker 3:	packages loaded
      From worker 6:	packages loaded
      From worker 15:	packages loaded
      From worker 14:	packages loaded
      From worker 2:	packages loaded
parameters defined
      From worker 13:	
      From worker 13:	starting b_1.0_c_0.2_N_40_M_3_K_1_P_2_beta_0.001_u_0.001_v_0.125_p_0.25_ϵ_1.0_gens_20000000_210220-035118.869
      From worker 11:	
      From worker 11:	starting b_1.0_c_0.2_N_40_M_3_K_1_P_2_beta_0.001_u_0.001_v_0.055901699437494755_p_1.0_ϵ_1.0_gens_20000000_210220-035118.869
      From worker 14:	
      From worker 14:	starting b_1.0_c_0.2_N_40_M_3_K_1_P_2_beta_0.001_u_0.001_v_0.2795084971874737_p_0.5_ϵ_1.0_gens_20000000_210220-035118.869
      From worker 8:	
      From worker 8:	starting b_1.0_c_0.2_N_40_M_3_K_1_P_2_beta_0.001_u_0.001_v_0.011180339887498947_p_0.25_ϵ_1.0_gens_20000000_210220-035118.869
      From worker 16:	
      From worker 16:	starting b_1.0_c_0.2_N_40_M_3_K_1_P_2_beta_0.001_u_0.001_v_0.625_p_1.0_ϵ_1.0_gens_20000000_210220-035118.869
      From worker 12:	
      From worker 12:	starting b_1.0_c_0.2_N_40_M_3_K_1_P_2_beta_0.001_u_0.001_v_0.125_p_0.0_ϵ_1.0_gens_20000000_210220-035118.869
      From worker 7:	
      From worker 7:	starting b_1.0_c_0.2_N_40_M_3_K_1_P_2_beta_0.001_u_0.001_v_0.011180339887498947_p_0.0_ϵ_1.0_gens_20000000_210220-035118.869
      From worker 5:	
      From worker 5:	starting b_1.0_c_0.2_N_40_M_3_K_1_P_2_beta_0.001_u_0.001_v_0.0022360679774997894_p_0.75_ϵ_1.0_gens_20000000_210220-035118.869
      From worker 3:	
      From worker 3:	starting b_1.0_c_0.2_N_40_M_3_K_1_P_2_beta_0.001_u_0.001_v_0.001_p_0.25_ϵ_1.0_gens_20000000_210220-035118.869
      From worker 15:	
      From worker 15:	starting b_1.0_c_0.2_N_40_M_3_K_1_P_2_beta_0.001_u_0.001_v_0.2795084971874737_p_0.75_ϵ_1.0_gens_20000000_210220-035118.869
      From worker 6:	
      From worker 6:	starting b_1.0_c_0.2_N_40_M_3_K_1_P_2_beta_0.001_u_0.001_v_0.005_p_1.0_ϵ_1.0_gens_20000000_210220-035118.869
      From worker 9:	
      From worker 9:	starting b_1.0_c_0.2_N_40_M_3_K_1_P_2_beta_0.001_u_0.001_v_0.025_p_0.5_ϵ_1.0_gens_20000000_210220-035118.869
      From worker 4:	
      From worker 4:	starting b_1.0_c_0.2_N_40_M_3_K_1_P_2_beta_0.001_u_0.001_v_0.0022360679774997894_p_0.5_ϵ_1.0_gens_20000000_210220-035118.869
      From worker 10:	
      From worker 10:	starting b_1.0_c_0.2_N_40_M_3_K_1_P_2_beta_0.001_u_0.001_v_0.025_p_0.75_ϵ_1.0_gens_20000000_210220-035118.869
      From worker 2:	
      From worker 2:	starting b_1.0_c_0.2_N_40_M_3_K_1_P_2_beta_0.001_u_0.001_v_0.001_p_0.0_ϵ_1.0_gens_20000000_210220-035118.869
      From worker 6:	replicate complete, ran 20000000 generations:
      From worker 6:	
      From worker 6:		num_imitating:			9998577
      From worker 6:		num_not_imitating:		10001423
      From worker 6:		num_strategies_changed:  	142176
      From worker 6:			num_random_strategies: 	9872
      From worker 6:		num_sets_changed: 		599410
      From worker 6:			num_random_opinions: 	0
      From worker 6:			num_biased_opinions: 	49902
      From worker 6:		num_both_changed: 		16064
      From worker 6:	
      From worker 2:	replicate complete, ran 20000000 generations:
      From worker 2:	
      From worker 2:		num_imitating:			20000000
      From worker 2:		num_not_imitating:		0
      From worker 2:		num_strategies_changed:  	594202
      From worker 2:			num_random_strategies: 	20036
      From worker 2:		num_sets_changed: 		592795
      From worker 2:			num_random_opinions: 	20169
      From worker 2:			num_biased_opinions: 	0
      From worker 2:		num_both_changed: 		34988
      From worker 2:	
      From worker 6:	data processed and exported
      From worker 2:	data processed and exported
      From worker 6:	
      From worker 6:	starting b_1.0_c_0.2_N_40_M_3_K_1_P_2_beta_0.001_u_0.001_v_0.005_p_0.0_ϵ_1.0_gens_20000000_210220-035118.869
      From worker 3:	replicate complete, ran 20000000 generations:
      From worker 3:	
      From worker 3:		num_imitating:			17502900
      From worker 3:		num_not_imitating:		2497100
      From worker 3:		num_strategies_changed:  	521749
      From worker 3:			num_random_strategies: 	17547
      From worker 3:		num_sets_changed: 		548826
      From worker 3:			num_random_opinions: 	13285
      From worker 3:			num_biased_opinions: 	4389
      From worker 3:		num_both_changed: 		33015
      From worker 3:	
      From worker 2:	
      From worker 2:	starting b_1.0_c_0.2_N_40_M_3_K_1_P_2_beta_0.001_u_0.001_v_0.001_p_0.25_ϵ_1.0_gens_20000000_210220-035118.869
      From worker 5:	replicate complete, ran 20000000 generations:
      From worker 5:	
      From worker 5:		num_imitating:			12497077
      From worker 5:		num_not_imitating:		7502923
      From worker 5:		num_strategies_changed:  	370450
      From worker 5:			num_random_strategies: 	12461
      From worker 5:		num_sets_changed: 		808128
      From worker 5:			num_random_opinions: 	6946
      From worker 5:			num_biased_opinions: 	20963
      From worker 5:		num_both_changed: 		43820
      From worker 5:	
      From worker 3:	data processed and exported
      From worker 3:	
      From worker 3:	starting b_1.0_c_0.2_N_40_M_3_K_1_P_2_beta_0.001_u_0.001_v_0.001_p_0.5_ϵ_1.0_gens_20000000_210220-035118.869
      From worker 4:	replicate complete, ran 20000000 generations:
      From worker 4:	
      From worker 4:		num_imitating:			14999901
      From worker 4:		num_not_imitating:		5000099
      From worker 4:		num_strategies_changed:  	414953
      From worker 4:			num_random_strategies: 	15120
      From worker 4:		num_sets_changed: 		987113
      From worker 4:			num_random_opinions: 	16768
      From worker 4:			num_biased_opinions: 	16586
      From worker 4:		num_both_changed: 		49069
      From worker 4:	
      From worker 5:	data processed and exported
      From worker 5:	
      From worker 5:	starting b_1.0_c_0.2_N_40_M_3_K_1_P_2_beta_0.001_u_0.001_v_0.0022360679774997894_p_1.0_ϵ_1.0_gens_20000000_210220-035118.869
      From worker 4:	data processed and exported
      From worker 4:	
      From worker 4:	starting b_1.0_c_0.2_N_40_M_3_K_1_P_2_beta_0.001_u_0.001_v_0.0022360679774997894_p_0.75_ϵ_1.0_gens_20000000_210220-035118.869
      From worker 11:	replicate complete, ran 20000000 generations:
      From worker 11:	
      From worker 11:		num_imitating:			10003283
      From worker 11:		num_not_imitating:		9996717
      From worker 11:		num_strategies_changed:  	149403
      From worker 11:			num_random_strategies: 	10046
      From worker 11:		num_sets_changed: 		3606863
      From worker 11:			num_random_opinions: 	0
      From worker 11:			num_biased_opinions: 	559073
      From worker 11:		num_both_changed: 		77946
      From worker 11:	
      From worker 11:	data processed and exported
      From worker 11:	
      From worker 11:	starting b_1.0_c_0.2_N_40_M_3_K_1_P_2_beta_0.001_u_0.001_v_0.055901699437494755_p_0.0_ϵ_1.0_gens_20000000_210220-035118.869
      From worker 8:	replicate complete, ran 20000000 generations:
      From worker 8:	
      From worker 8:		num_imitating:			17499140
      From worker 8:		num_not_imitating:		2500860
      From worker 8:		num_strategies_changed:  	501797
      From worker 8:			num_random_strategies: 	17283
      From worker 8:		num_sets_changed: 		4372370
      From worker 8:			num_random_opinions: 	147107
      From worker 8:			num_biased_opinions: 	48451
      From worker 8:		num_both_changed: 		209183
      From worker 8:	
      From worker 8:	data processed and exported
      From worker 8:	
      From worker 8:	starting b_1.0_c_0.2_N_40_M_3_K_1_P_2_beta_0.001_u_0.001_v_0.011180339887498947_p_0.5_ϵ_1.0_gens_20000000_210220-035118.869
      From worker 10:	replicate complete, ran 20000000 generations:
      From worker 10:	
      From worker 10:		num_imitating:			12500410
      From worker 10:		num_not_imitating:		7499590
      From worker 10:		num_strategies_changed:  	379895
      From worker 10:			num_random_strategies: 	12692
      From worker 10:		num_sets_changed: 		5083673
      From worker 10:			num_random_opinions: 	78741
      From worker 10:			num_biased_opinions: 	233954
      From worker 10:		num_both_changed: 		229659
      From worker 10:	
      From worker 10:	data processed and exported
      From worker 10:	
      From worker 10:	starting b_1.0_c_0.2_N_40_M_3_K_1_P_2_beta_0.001_u_0.001_v_0.025_p_1.0_ϵ_1.0_gens_20000000_210220-035118.869
      From worker 7:	replicate complete, ran 20000000 generations:
      From worker 7:	
      From worker 7:		num_imitating:			20000000
      From worker 7:		num_not_imitating:		0
      From worker 7:		num_strategies_changed:  	593454
      From worker 7:			num_random_strategies: 	20011
      From worker 7:		num_sets_changed: 		4959470
      From worker 7:			num_random_opinions: 	223841
      From worker 7:			num_biased_opinions: 	0
      From worker 7:		num_both_changed: 		253909
      From worker 7:	
      From worker 16:	replicate complete, ran 20000000 generations:
      From worker 16:	
      From worker 16:		num_imitating:			10000032
      From worker 16:		num_not_imitating:		9999968
      From worker 16:		num_strategies_changed:  	141642
      From worker 16:			num_random_strategies: 	9914
      From worker 16:		num_sets_changed: 		6470067
      From worker 16:			num_random_opinions: 	0
      From worker 16:			num_biased_opinions: 	6249421
      From worker 16:		num_both_changed: 		94295
      From worker 16:	
      From worker 7:	data processed and exported
      From worker 16:	data processed and exported
      From worker 7:	
      From worker 7:	starting b_1.0_c_0.2_N_40_M_3_K_1_P_2_beta_0.001_u_0.001_v_0.011180339887498947_p_0.25_ϵ_1.0_gens_20000000_210220-035118.869
      From worker 16:	
      From worker 16:	starting b_1.0_c_0.2_N_40_M_3_K_1_P_2_beta_0.001_u_0.001_v_0.625_p_0.0_ϵ_1.0_gens_20000000_210220-035118.869
      From worker 9:	replicate complete, ran 20000000 generations:
      From worker 9:	
      From worker 9:		num_imitating:			15000368
      From worker 9:		num_not_imitating:		4999632
      From worker 9:		num_strategies_changed:  	411825
      From worker 9:			num_random_strategies: 	14887
      From worker 9:		num_sets_changed: 		6152826
      From worker 9:			num_random_opinions: 	187495
      From worker 9:			num_biased_opinions: 	186873
      From worker 9:		num_both_changed: 		249525
      From worker 9:	
      From worker 9:	data processed and exported
      From worker 9:	
      From worker 9:	starting b_1.0_c_0.2_N_40_M_3_K_1_P_2_beta_0.001_u_0.001_v_0.025_p_0.75_ϵ_1.0_gens_20000000_210220-035118.869
      From worker 15:	replicate complete, ran 20000000 generations:
      From worker 15:	
      From worker 15:		num_imitating:			12498617
      From worker 15:		num_not_imitating:		7501383
      From worker 15:		num_strategies_changed:  	373278
      From worker 15:			num_random_strategies: 	12511
      From worker 15:		num_sets_changed: 		9347582
      From worker 15:			num_random_opinions: 	873050
      From worker 15:			num_biased_opinions: 	2617678
      From worker 15:		num_both_changed: 		301870
      From worker 15:	
      From worker 15:	data processed and exported
      From worker 15:	
      From worker 15:	starting b_1.0_c_0.2_N_40_M_3_K_1_P_2_beta_0.001_u_0.001_v_0.2795084971874737_p_1.0_ϵ_1.0_gens_20000000_210220-035118.869
      From worker 14:	replicate complete, ran 20000000 generations:
      From worker 14:	
      From worker 14:		num_imitating:			14999441
      From worker 14:		num_not_imitating:		5000559
      From worker 14:		num_strategies_changed:  	449208
      From worker 14:			num_random_strategies: 	15000
      From worker 14:		num_sets_changed: 		11570275
      From worker 14:			num_random_opinions: 	2096157
      From worker 14:			num_biased_opinions: 	2097150
      From worker 14:		num_both_changed: 		370464
      From worker 14:	
      From worker 14:	data processed and exported
      From worker 14:	
      From worker 14:	starting b_1.0_c_0.2_N_40_M_3_K_1_P_2_beta_0.001_u_0.001_v_0.2795084971874737_p_0.75_ϵ_1.0_gens_20000000_210220-035118.869
      From worker 13:	replicate complete, ran 20000000 generations:
      From worker 13:	
      From worker 13:		num_imitating:			17499570
      From worker 13:		num_not_imitating:		2500430
      From worker 13:		num_strategies_changed:  	525918
      From worker 13:			num_random_strategies: 	17511
      From worker 13:		num_sets_changed: 		12336880
      From worker 13:			num_random_opinions: 	1641633
      From worker 13:			num_biased_opinions: 	546972
      From worker 13:		num_both_changed: 		426359
      From worker 13:	
      From worker 13:	data processed and exported
      From worker 13:	
      From worker 13:	starting b_1.0_c_0.2_N_40_M_3_K_1_P_2_beta_0.001_u_0.001_v_0.125_p_0.5_ϵ_1.0_gens_20000000_210220-035118.869
      From worker 12:	replicate complete, ran 20000000 generations:
      From worker 12:	
      From worker 12:		num_imitating:			20000000
      From worker 12:		num_not_imitating:		0
      From worker 12:		num_strategies_changed:  	581742
      From worker 12:			num_random_strategies: 	19946
      From worker 12:		num_sets_changed: 		14142145
      From worker 12:			num_random_opinions: 	2500023
      From worker 12:			num_biased_opinions: 	0
      From worker 12:		num_both_changed: 		471699
      From worker 12:	
      From worker 12:	data processed and exported
      From worker 12:	
      From worker 12:	starting b_1.0_c_0.2_N_40_M_3_K_1_P_2_beta_0.001_u_0.001_v_0.125_p_0.25_ϵ_1.0_gens_20000000_210220-035118.869
      From worker 5:	replicate complete, ran 20000000 generations:
      From worker 5:	
      From worker 5:		num_imitating:			9999643
      From worker 5:		num_not_imitating:		10000357
      From worker 5:		num_strategies_changed:  	152699
      From worker 5:			num_random_strategies: 	10069
      From worker 5:		num_sets_changed: 		288119
      From worker 5:			num_random_opinions: 	0
      From worker 5:			num_biased_opinions: 	22585
      From worker 5:		num_both_changed: 		9702
      From worker 5:	
      From worker 2:	replicate complete, ran 20000000 generations:
      From worker 2:	
      From worker 2:		num_imitating:			17499971
      From worker 2:		num_not_imitating:		2500029
      From worker 2:		num_strategies_changed:  	480286
      From worker 2:			num_random_strategies: 	17335
      From worker 2:		num_sets_changed: 		535645
      From worker 2:			num_random_opinions: 	13070
      From worker 2:			num_biased_opinions: 	4392
      From worker 2:		num_both_changed: 		25041
      From worker 2:	
      From worker 2:	data processed and exported
      From worker 5:	data processed and exported
      From worker 2:	
      From worker 2:	starting b_1.0_c_0.2_N_40_M_3_K_1_P_2_beta_0.001_u_0.001_v_0.001_p_0.5_ϵ_1.0_gens_20000000_210220-035118.869
      From worker 5:	
      From worker 5:	starting b_1.0_c_0.2_N_40_M_3_K_1_P_2_beta_0.001_u_0.001_v_0.005_p_0.0_ϵ_1.0_gens_20000000_210220-035118.869
      From worker 3:	replicate complete, ran 20000000 generations:
      From worker 3:	
      From worker 3:		num_imitating:			15000525
      From worker 3:		num_not_imitating:		4999475
      From worker 3:		num_strategies_changed:  	440196
      From worker 3:			num_random_strategies: 	14876
      From worker 3:		num_sets_changed: 		426558
      From worker 3:			num_random_opinions: 	7447
      From worker 3:			num_biased_opinions: 	7256
      From worker 3:		num_both_changed: 		25508
      From worker 3:	
      From worker 3:	data processed and exported
      From worker 3:	
      From worker 3:	starting b_1.0_c_0.2_N_40_M_3_K_1_P_2_beta_0.001_u_0.001_v_0.001_p_0.75_ϵ_1.0_gens_20000000_210220-035118.869
      From worker 4:	replicate complete, ran 20000000 generations:
      From worker 4:	
      From worker 4:		num_imitating:			12502327
      From worker 4:		num_not_imitating:		7497673
      From worker 4:		num_strategies_changed:  	365701
      From worker 4:			num_random_strategies: 	12379
      From worker 4:		num_sets_changed: 		820669
      From worker 4:			num_random_opinions: 	6969
      From worker 4:			num_biased_opinions: 	21059
      From worker 4:		num_both_changed: 		43767
      From worker 4:	
      From worker 4:	data processed and exported
      From worker 4:	
      From worker 4:	starting b_1.0_c_0.2_N_40_M_3_K_1_P_2_beta_0.001_u_0.001_v_0.0022360679774997894_p_1.0_ϵ_1.0_gens_20000000_210220-035118.869
      From worker 6:	replicate complete, ran 20000000 generations:
      From worker 6:	
      From worker 6:		num_imitating:			20000000
      From worker 6:		num_not_imitating:		0
      From worker 6:		num_strategies_changed:  	571405
      From worker 6:			num_random_strategies: 	20027
      From worker 6:		num_sets_changed: 		2706227
      From worker 6:			num_random_opinions: 	100106
      From worker 6:			num_biased_opinions: 	0
      From worker 6:		num_both_changed: 		135912
      From worker 6:	
      From worker 6:	data processed and exported
      From worker 6:	
      From worker 6:	starting b_1.0_c_0.2_N_40_M_3_K_1_P_2_beta_0.001_u_0.001_v_0.005_p_0.25_ϵ_1.0_gens_20000000_210220-035118.869
      From worker 10:	replicate complete, ran 20000000 generations:
      From worker 10:	
      From worker 10:		num_imitating:			10002434
      From worker 10:		num_not_imitating:		9997566
      From worker 10:		num_strategies_changed:  	141080
      From worker 10:			num_random_strategies: 	9781
      From worker 10:		num_sets_changed: 		2227926
      From worker 10:			num_random_opinions: 	0
      From worker 10:			num_biased_opinions: 	250222
      From worker 10:		num_both_changed: 		47750
      From worker 10:	
      From worker 10:	data processed and exported
      From worker 10:	
      From worker 10:	starting b_1.0_c_0.2_N_40_M_3_K_1_P_2_beta_0.001_u_0.001_v_0.055901699437494755_p_0.0_ϵ_1.0_gens_20000000_210220-035118.869
      From worker 8:	replicate complete, ran 20000000 generations:
      From worker 8:	
      From worker 8:		num_imitating:			14997757
      From worker 8:		num_not_imitating:		5002243
      From worker 8:		num_strategies_changed:  	425277
      From worker 8:			num_random_strategies: 	15134
      From worker 8:		num_sets_changed: 		3685082
      From worker 8:			num_random_opinions: 	83933
      From worker 8:			num_biased_opinions: 	84116
      From worker 8:		num_both_changed: 		174826
      From worker 8:	
      From worker 8:	data processed and exported
      From worker 8:	
      From worker 8:	starting b_1.0_c_0.2_N_40_M_3_K_1_P_2_beta_0.001_u_0.001_v_0.011180339887498947_p_0.75_ϵ_1.0_gens_20000000_210220-035118.869
      From worker 7:	replicate complete, ran 20000000 generations:
      From worker 7:	
      From worker 7:		num_imitating:			17500866
      From worker 7:		num_not_imitating:		2499134
      From worker 7:		num_strategies_changed:  	529520
      From worker 7:			num_random_strategies: 	17500
      From worker 7:		num_sets_changed: 		4372162
      From worker 7:			num_random_opinions: 	146948
      From worker 7:			num_biased_opinions: 	48474
      From worker 7:		num_both_changed: 		216928
      From worker 7:	
      From worker 7:	data processed and exported
      From worker 7:	
      From worker 7:	starting b_1.0_c_0.2_N_40_M_3_K_1_P_2_beta_0.001_u_0.001_v_0.011180339887498947_p_0.5_ϵ_1.0_gens_20000000_210220-035118.869
      From worker 9:	replicate complete, ran 20000000 generations:
      From worker 9:	
      From worker 9:		num_imitating:			12499038
      From worker 9:		num_not_imitating:		7500962
      From worker 9:		num_strategies_changed:  	341179
      From worker 9:			num_random_strategies: 	12485
      From worker 9:		num_sets_changed: 		5094077
      From worker 9:			num_random_opinions: 	77903
      From worker 9:			num_biased_opinions: 	234902
      From worker 9:		num_both_changed: 		214467
      From worker 9:	
      From worker 9:	data processed and exported
      From worker 9:	
      From worker 9:	starting b_1.0_c_0.2_N_40_M_3_K_1_P_2_beta_0.001_u_0.001_v_0.025_p_1.0_ϵ_1.0_gens_20000000_210220-035118.869
      From worker 15:	replicate complete, ran 20000000 generations:
      From worker 15:	
      From worker 15:		num_imitating:			9998007
      From worker 15:		num_not_imitating:		10001993
      From worker 15:		num_strategies_changed:  	148911
      From worker 15:			num_random_strategies: 	10075
      From worker 15:		num_sets_changed: 		5900961
      From worker 15:			num_random_opinions: 	0
      From worker 15:			num_biased_opinions: 	2795331
      From worker 15:		num_both_changed: 		97738
      From worker 15:	
      From worker 15:	data processed and exported
      From worker 15:	
      From worker 15:	starting b_1.0_c_0.2_N_40_M_3_K_1_P_2_beta_0.001_u_0.001_v_0.625_p_0.0_ϵ_1.0_gens_20000000_210220-035118.869
      From worker 11:	replicate complete, ran 20000000 generations:
      From worker 11:	
      From worker 11:		num_imitating:			20000000
      From worker 11:		num_not_imitating:		0
      From worker 11:		num_strategies_changed:  	573114
      From worker 11:			num_random_strategies: 	19828
      From worker 11:		num_sets_changed: 		11610571
      From worker 11:			num_random_opinions: 	1119028
      From worker 11:			num_biased_opinions: 	0
      From worker 11:		num_both_changed: 		424616
      From worker 11:	
      From worker 11:	data processed and exported
      From worker 11:	
      From worker 11:	starting b_1.0_c_0.2_N_40_M_3_K_1_P_2_beta_0.001_u_0.001_v_0.055901699437494755_p_0.25_ϵ_1.0_gens_20000000_210220-035118.869
      From worker 2:	replicate complete, ran 20000000 generations:
      From worker 2:	
      From worker 2:		num_imitating:			15004125
      From worker 2:		num_not_imitating:		4995875
      From worker 2:		num_strategies_changed:  	418347
      From worker 2:			num_random_strategies: 	14864
      From worker 2:		num_sets_changed: 		455178
      From worker 2:			num_random_opinions: 	7679
      From worker 2:			num_biased_opinions: 	7618
      From worker 2:		num_both_changed: 		24737
      From worker 2:	
      From worker 2:	data processed and exported
      From worker 2:	
      From worker 2:	starting b_1.0_c_0.2_N_40_M_3_K_1_P_2_beta_0.001_u_0.001_v_0.001_p_0.75_ϵ_1.0_gens_20000000_210220-035118.869
      From worker 4:	replicate complete, ran 20000000 generations:
      From worker 4:	
      From worker 4:		num_imitating:			10001386
      From worker 4:		num_not_imitating:		9998614
      From worker 4:		num_strategies_changed:  	143254
      From worker 4:			num_random_strategies: 	10079
      From worker 4:		num_sets_changed: 		281874
      From worker 4:			num_random_opinions: 	0
      From worker 4:			num_biased_opinions: 	22192
      From worker 4:		num_both_changed: 		7596
      From worker 4:	
      From worker 4:	data processed and exported
      From worker 4:	
      From worker 4:	starting b_1.0_c_0.2_N_40_M_3_K_1_P_2_beta_0.001_u_0.001_v_0.0022360679774997894_p_0.0_ϵ_1.0_gens_20000000_210220-035118.869
      From worker 3:	replicate complete, ran 20000000 generations:
      From worker 3:	
      From worker 3:		num_imitating:			12499203
      From worker 3:		num_not_imitating:		7500797
      From worker 3:		num_strategies_changed:  	372018
      From worker 3:			num_random_strategies: 	12382
      From worker 3:		num_sets_changed: 		385166
      From worker 3:			num_random_opinions: 	3150
      From worker 3:			num_biased_opinions: 	9297
      From worker 3:		num_both_changed: 		23840
      From worker 3:	
      From worker 3:	data processed and exported
      From worker 3:	
      From worker 3:	starting b_1.0_c_0.2_N_40_M_3_K_1_P_2_beta_0.001_u_0.001_v_0.001_p_1.0_ϵ_1.0_gens_20000000_210220-035118.869
      From worker 14:	replicate complete, ran 20000000 generations:
      From worker 14:	
      From worker 14:		num_imitating:			12498617
      From worker 14:		num_not_imitating:		7501383
      From worker 14:		num_strategies_changed:  	357970
      From worker 14:			num_random_strategies: 	12458
      From worker 14:		num_sets_changed: 		9347181
      From worker 14:			num_random_opinions: 	872791
      From worker 14:			num_biased_opinions: 	2618919
      From worker 14:		num_both_changed: 		289879
      From worker 14:	
      From worker 14:	data processed and exported
      From worker 14:	
      From worker 14:	starting b_1.0_c_0.2_N_40_M_3_K_1_P_2_beta_0.001_u_0.001_v_0.2795084971874737_p_1.0_ϵ_1.0_gens_20000000_210220-035118.869
      From worker 5:	replicate complete, ran 20000000 generations:
      From worker 5:	
      From worker 5:		num_imitating:			20000000
      From worker 5:		num_not_imitating:		0
      From worker 5:		num_strategies_changed:  	554616
      From worker 5:			num_random_strategies: 	19989
      From worker 5:		num_sets_changed: 		2696691
      From worker 5:			num_random_opinions: 	99817
      From worker 5:			num_biased_opinions: 	0
      From worker 5:		num_both_changed: 		134040
      From worker 5:	
      From worker 5:	data processed and exported
      From worker 5:	
      From worker 5:	starting b_1.0_c_0.2_N_40_M_3_K_1_P_2_beta_0.001_u_0.001_v_0.005_p_0.25_ϵ_1.0_gens_20000000_210220-035118.869
      From worker 16:	replicate complete, ran 20000000 generations:
      From worker 16:	
      From worker 16:		num_imitating:			20000000
      From worker 16:		num_not_imitating:		0
      From worker 16:		num_strategies_changed:  	613006
      From worker 16:			num_random_strategies: 	20147
      From worker 16:		num_sets_changed: 		16421394
      From worker 16:			num_random_opinions: 	12497479
      From worker 16:			num_biased_opinions: 	0
      From worker 16:		num_both_changed: 		510269
      From worker 16:	
      From worker 16:	data processed and exported
      From worker 16:	
      From worker 16:	starting b_1.0_c_0.2_N_40_M_3_K_1_P_2_beta_0.001_u_0.001_v_0.625_p_0.25_ϵ_1.0_gens_20000000_210220-035118.869
      From worker 6:	replicate complete, ran 20000000 generations:
      From worker 6:	
      From worker 6:		num_imitating:			17500732
      From worker 6:		num_not_imitating:		2499268
      From worker 6:		num_strategies_changed:  	511518
      From worker 6:			num_random_strategies: 	17481
      From worker 6:		num_sets_changed: 		2329297
      From worker 6:			num_random_opinions: 	65148
      From worker 6:			num_biased_opinions: 	21794
      From worker 6:		num_both_changed: 		119549
      From worker 6:	
      From worker 13:	replicate complete, ran 20000000 generations:
      From worker 13:	
      From worker 13:		num_imitating:			14997723
      From worker 13:		num_not_imitating:		5002277
      From worker 13:		num_strategies_changed:  	431366
      From worker 13:			num_random_strategies: 	15071
      From worker 13:		num_sets_changed: 		10488779
      From worker 13:			num_random_opinions: 	936503
      From worker 13:			num_biased_opinions: 	937504
      From worker 13:		num_both_changed: 		348804
      From worker 13:	
      From worker 6:	data processed and exported
      From worker 6:	
      From worker 6:	starting b_1.0_c_0.2_N_40_M_3_K_1_P_2_beta_0.001_u_0.001_v_0.005_p_0.5_ϵ_1.0_gens_20000000_210220-035118.869
      From worker 13:	data processed and exported
      From worker 13:	
      From worker 13:	starting b_1.0_c_0.2_N_40_M_3_K_1_P_2_beta_0.001_u_0.001_v_0.125_p_0.75_ϵ_1.0_gens_20000000_210220-035118.869
      From worker 12:	replicate complete, ran 20000000 generations:
      From worker 12:	
      From worker 12:		num_imitating:			17500010
      From worker 12:		num_not_imitating:		2499990
      From worker 12:		num_strategies_changed:  	501494
      From worker 12:			num_random_strategies: 	17533
      From worker 12:		num_sets_changed: 		12338507
      From worker 12:			num_random_opinions: 	1639718
      From worker 12:			num_biased_opinions: 	547456
      From worker 12:		num_both_changed: 		405344
      From worker 12:	
      From worker 12:	data processed and exported
      From worker 12:	
      From worker 12:	starting b_1.0_c_0.2_N_40_M_3_K_1_P_2_beta_0.001_u_0.001_v_0.125_p_0.5_ϵ_1.0_gens_20000000_210220-035118.869
      From worker 8:	replicate complete, ran 20000000 generations:
      From worker 8:	
      From worker 8:		num_imitating:			12500228
      From worker 8:		num_not_imitating:		7499772
      From worker 8:		num_strategies_changed:  	344399
      From worker 8:			num_random_strategies: 	12439
      From worker 8:		num_sets_changed: 		3111826
      From worker 8:			num_random_opinions: 	35100
      From worker 8:			num_biased_opinions: 	105018
      From worker 8:		num_both_changed: 		141343
      From worker 8:	
      From worker 8:	data processed and exported
      From worker 8:	
      From worker 8:	starting b_1.0_c_0.2_N_40_M_3_K_1_P_2_beta_0.001_u_0.001_v_0.011180339887498947_p_1.0_ϵ_1.0_gens_20000000_210220-035118.869
      From worker 9:	replicate complete, ran 20000000 generations:
      From worker 9:	
      From worker 9:		num_imitating:			9999252
      From worker 9:		num_not_imitating:		10000748
      From worker 9:		num_strategies_changed:  	142416
      From worker 9:			num_random_strategies: 	9896
      From worker 9:		num_sets_changed: 		2215427
      From worker 9:			num_random_opinions: 	0
      From worker 9:			num_biased_opinions: 	248657
      From worker 9:		num_both_changed: 		52031
      From worker 9:	
      From worker 9:	data processed and exported
      From worker 9:	
      From worker 9:	starting b_1.0_c_0.2_N_40_M_3_K_1_P_2_beta_0.001_u_0.001_v_0.025_p_0.0_ϵ_1.0_gens_20000000_210220-035118.869
      From worker 7:	replicate complete, ran 20000000 generations:
      From worker 7:	
      From worker 7:		num_imitating:			15000274
      From worker 7:		num_not_imitating:		4999726
      From worker 7:		num_strategies_changed:  	430606
      From worker 7:			num_random_strategies: 	14809
      From worker 7:		num_sets_changed: 		3751940
      From worker 7:			num_random_opinions: 	83942
      From worker 7:			num_biased_opinions: 	84135
      From worker 7:		num_both_changed: 		177738
      From worker 7:	
      From worker 7:	data processed and exported
      From worker 7:	
      From worker 7:	starting b_1.0_c_0.2_N_40_M_3_K_1_P_2_beta_0.001_u_0.001_v_0.011180339887498947_p_0.75_ϵ_1.0_gens_20000000_210220-035118.869
      From worker 2:	replicate complete, ran 20000000 generations:
      From worker 2:	
      From worker 2:		num_imitating:			12499518
      From worker 2:		num_not_imitating:		7500482
      From worker 2:		num_strategies_changed:  	362374
      From worker 2:			num_random_strategies: 	12489
      From worker 2:		num_sets_changed: 		369399
      From worker 2:			num_random_opinions: 	2999
      From worker 2:			num_biased_opinions: 	9318
      From worker 2:		num_both_changed: 		18884
      From worker 2:	
      From worker 2:	data processed and exported
      From worker 2:	
      From worker 2:	starting b_1.0_c_0.2_N_40_M_3_K_1_P_2_beta_0.001_u_0.001_v_0.001_p_1.0_ϵ_1.0_gens_20000000_210220-035118.869
      From worker 3:	replicate complete, ran 20000000 generations:
      From worker 3:	
      From worker 3:		num_imitating:			9999512
      From worker 3:		num_not_imitating:		10000488
      From worker 3:		num_strategies_changed:  	147683
      From worker 3:			num_random_strategies: 	10057
      From worker 3:		num_sets_changed: 		121289
      From worker 3:			num_random_opinions: 	0
      From worker 3:			num_biased_opinions: 	9868
      From worker 3:		num_both_changed: 		3206
      From worker 3:	
      From worker 3:	data processed and exported
      From worker 3:	
      From worker 3:	starting b_1.0_c_0.2_N_40_M_3_K_1_P_2_beta_0.001_u_0.001_v_0.0022360679774997894_p_0.0_ϵ_1.0_gens_20000000_210220-035118.869
      From worker 4:	replicate complete, ran 20000000 generations:
      From worker 4:	
      From worker 4:		num_imitating:			20000000
      From worker 4:		num_not_imitating:		0
      From worker 4:		num_strategies_changed:  	591245
      From worker 4:			num_random_strategies: 	20076
      From worker 4:		num_sets_changed: 		1288931
      From worker 4:			num_random_opinions: 	44674
      From worker 4:			num_biased_opinions: 	0
      From worker 4:		num_both_changed: 		75369
      From worker 4:	
      From worker 4:	data processed and exported
      From worker 4:	
      From worker 4:	starting b_1.0_c_0.2_N_40_M_3_K_1_P_2_beta_0.001_u_0.001_v_0.0022360679774997894_p_0.25_ϵ_1.0_gens_20000000_210220-035118.869
      From worker 10:	replicate complete, ran 20000000 generations:
      From worker 10:	
      From worker 10:		num_imitating:			20000000
      From worker 10:		num_not_imitating:		0
      From worker 10:		num_strategies_changed:  	591464
      From worker 10:			num_random_strategies: 	20107
      From worker 10:		num_sets_changed: 		11595007
      From worker 10:			num_random_opinions: 	1120143
      From worker 10:			num_biased_opinions: 	0
      From worker 10:		num_both_changed: 		446145
      From worker 10:	
      From worker 10:	data processed and exported
      From worker 10:	
      From worker 10:	starting b_1.0_c_0.2_N_40_M_3_K_1_P_2_beta_0.001_u_0.001_v_0.055901699437494755_p_0.25_ϵ_1.0_gens_20000000_210220-035118.869
      From worker 5:	replicate complete, ran 20000000 generations:
      From worker 5:	
      From worker 5:		num_imitating:			17498458
      From worker 5:		num_not_imitating:		2501542
      From worker 5:		num_strategies_changed:  	501809
      From worker 5:			num_random_strategies: 	17452
      From worker 5:		num_sets_changed: 		2421244
      From worker 5:			num_random_opinions: 	65916
      From worker 5:			num_biased_opinions: 	21719
      From worker 5:		num_both_changed: 		126172
      From worker 5:	
      From worker 5:	data processed and exported
      From worker 5:	
      From worker 5:	starting b_1.0_c_0.2_N_40_M_3_K_1_P_2_beta_0.001_u_0.001_v_0.005_p_0.5_ϵ_1.0_gens_20000000_210220-035118.869
      From worker 6:	replicate complete, ran 20000000 generations:
      From worker 6:	
      From worker 6:		num_imitating:			14999756
      From worker 6:		num_not_imitating:		5000244
      From worker 6:		num_strategies_changed:  	416354
      From worker 6:			num_random_strategies: 	15127
      From worker 6:		num_sets_changed: 		1939084
      From worker 6:			num_random_opinions: 	37322
      From worker 6:			num_biased_opinions: 	37451
      From worker 6:		num_both_changed: 		103057
      From worker 6:	
      From worker 6:	data processed and exported
      From worker 6:	
      From worker 6:	starting b_1.0_c_0.2_N_40_M_3_K_1_P_2_beta_0.001_u_0.001_v_0.005_p_0.75_ϵ_1.0_gens_20000000_210220-035118.869
      From worker 14:	replicate complete, ran 20000000 generations:
      From worker 14:	
      From worker 14:		num_imitating:			10000064
      From worker 14:		num_not_imitating:		9999936
      From worker 14:		num_strategies_changed:  	155650
      From worker 14:			num_random_strategies: 	10071
      From worker 14:		num_sets_changed: 		5903353
      From worker 14:			num_random_opinions: 	0
      From worker 14:			num_biased_opinions: 	2796585
      From worker 14:		num_both_changed: 		101740
      From worker 14:	
      From worker 14:	data processed and exported
      From worker 14:	
      From worker 14:	starting b_1.0_c_0.2_N_40_M_3_K_1_P_2_beta_0.001_u_0.001_v_0.2795084971874737_p_0.0_ϵ_1.0_gens_20000000_210220-035118.869
      From worker 11:	replicate complete, ran 20000000 generations:
      From worker 11:	
      From worker 11:		num_imitating:			17502829
      From worker 11:		num_not_imitating:		2497171
      From worker 11:		num_strategies_changed:  	515317
      From worker 11:			num_random_strategies: 	17622
      From worker 11:		num_sets_changed: 		10137129
      From worker 11:			num_random_opinions: 	735482
      From worker 11:			num_biased_opinions: 	244409
      From worker 11:		num_both_changed: 		388712
      From worker 11:	
      From worker 11:	data processed and exported
      From worker 11:	
      From worker 11:	starting b_1.0_c_0.2_N_40_M_3_K_1_P_2_beta_0.001_u_0.001_v_0.055901699437494755_p_0.5_ϵ_1.0_gens_20000000_210220-035118.869
      From worker 8:	replicate complete, ran 20000000 generations:
      From worker 8:	
      From worker 8:		num_imitating:			9999706
      From worker 8:		num_not_imitating:		10000294
      From worker 8:		num_strategies_changed:  	149972
      From worker 8:			num_random_strategies: 	9991
      From worker 8:		num_sets_changed: 		1209027
      From worker 8:			num_random_opinions: 	0
      From worker 8:			num_biased_opinions: 	111468
      From worker 8:		num_both_changed: 		34155
      From worker 8:	
      From worker 8:	data processed and exported
      From worker 8:	
      From worker 8:	starting b_1.0_c_0.2_N_40_M_3_K_1_P_2_beta_0.001_u_0.001_v_0.025_p_0.0_ϵ_1.0_gens_20000000_210220-035118.869
      From worker 15:	replicate complete, ran 20000000 generations:
      From worker 15:	
      From worker 15:		num_imitating:			20000000
      From worker 15:		num_not_imitating:		0
      From worker 15:		num_strategies_changed:  	569700
      From worker 15:			num_random_strategies: 	19902
      From worker 15:		num_sets_changed: 		16417343
      From worker 15:			num_random_opinions: 	12499686
      From worker 15:			num_biased_opinions: 	0
      From worker 15:		num_both_changed: 		473764
      From worker 15:	
      From worker 15:	data processed and exported
      From worker 15:	
      From worker 15:	starting b_1.0_c_0.2_N_40_M_3_K_1_P_2_beta_0.001_u_0.001_v_0.625_p_0.25_ϵ_1.0_gens_20000000_210220-035118.869
      From worker 13:	replicate complete, ran 20000000 generations:
      From worker 13:	
      From worker 13:		num_imitating:			12496796
      From worker 13:		num_not_imitating:		7503204
      From worker 13:		num_strategies_changed:  	349720
      From worker 13:			num_random_strategies: 	12438
      From worker 13:		num_sets_changed: 		8565828
      From worker 13:			num_random_opinions: 	390655
      From worker 13:			num_biased_opinions: 	1171328
      From worker 13:		num_both_changed: 		280793
      From worker 13:	
      From worker 13:	data processed and exported
      From worker 13:	
      From worker 13:	starting b_1.0_c_0.2_N_40_M_3_K_1_P_2_beta_0.001_u_0.001_v_0.125_p_1.0_ϵ_1.0_gens_20000000_210220-035118.869
      From worker 2:	replicate complete, ran 20000000 generations:
      From worker 2:	
      From worker 2:		num_imitating:			9999673
      From worker 2:		num_not_imitating:		10000327
      From worker 2:		num_strategies_changed:  	144377
      From worker 2:			num_random_strategies: 	10088
      From worker 2:		num_sets_changed: 		131583
      From worker 2:			num_random_opinions: 	0
      From worker 2:			num_biased_opinions: 	9999
      From worker 2:		num_both_changed: 		3819
      From worker 2:	
      From worker 2:	data processed and exported
      From worker 2:	
      From worker 2:	starting b_1.0_c_0.2_N_40_M_3_K_1_P_2_beta_0.001_u_0.001_v_0.001_p_0.0_ϵ_1.0_gens_20000000_210220-035118.869
      From worker 7:	replicate complete, ran 20000000 generations:
      From worker 7:	
      From worker 7:		num_imitating:			12497966
      From worker 7:		num_not_imitating:		7502034
      From worker 7:		num_strategies_changed:  	335059
      From worker 7:			num_random_strategies: 	12361
      From worker 7:		num_sets_changed: 		3134222
      From worker 7:			num_random_opinions: 	35120
      From worker 7:			num_biased_opinions: 	104627
      From worker 7:		num_both_changed: 		138774
      From worker 7:	
      From worker 7:	data processed and exported
      From worker 7:	
      From worker 7:	starting b_1.0_c_0.2_N_40_M_3_K_1_P_2_beta_0.001_u_0.001_v_0.011180339887498947_p_1.0_ϵ_1.0_gens_20000000_210220-035118.869
      From worker 3:	replicate complete, ran 20000000 generations:
      From worker 3:	
      From worker 3:		num_imitating:			20000000
      From worker 3:		num_not_imitating:		0
      From worker 3:		num_strategies_changed:  	575769
      From worker 3:			num_random_strategies: 	20122
      From worker 3:		num_sets_changed: 		1340032
      From worker 3:			num_random_opinions: 	44444
      From worker 3:			num_biased_opinions: 	0
      From worker 3:		num_both_changed: 		71803
      From worker 3:	
      From worker 3:	data processed and exported
      From worker 3:	
      From worker 3:	starting b_1.0_c_0.2_N_40_M_3_K_1_P_2_beta_0.001_u_0.001_v_0.0022360679774997894_p_0.25_ϵ_1.0_gens_20000000_210220-035118.869
      From worker 16:	replicate complete, ran 20000000 generations:
      From worker 16:	
      From worker 16:		num_imitating:			17500945
      From worker 16:		num_not_imitating:		2499055
      From worker 16:		num_strategies_changed:  	521026
      From worker 16:			num_random_strategies: 	17683
      From worker 16:		num_sets_changed: 		14268186
      From worker 16:			num_random_opinions: 	8204323
      From worker 16:			num_biased_opinions: 	2732272
      From worker 16:		num_both_changed: 		432153
      From worker 16:	
      From worker 16:	data processed and exported
      From worker 16:	
      From worker 16:	starting b_1.0_c_0.2_N_40_M_3_K_1_P_2_beta_0.001_u_0.001_v_0.625_p_0.5_ϵ_1.0_gens_20000000_210220-035118.869
      From worker 4:	replicate complete, ran 20000000 generations:
      From worker 4:	
      From worker 4:		num_imitating:			17499410
      From worker 4:		num_not_imitating:		2500590
      From worker 4:		num_strategies_changed:  	537924
      From worker 4:			num_random_strategies: 	17825
      From worker 4:		num_sets_changed: 		1142131
      From worker 4:			num_random_opinions: 	29531
      From worker 4:			num_biased_opinions: 	9839
      From worker 4:		num_both_changed: 		68411
      From worker 4:	
      From worker 4:	data processed and exported
      From worker 4:	
      From worker 4:	starting b_1.0_c_0.2_N_40_M_3_K_1_P_2_beta_0.001_u_0.001_v_0.0022360679774997894_p_0.5_ϵ_1.0_gens_20000000_210220-035118.869
      From worker 12:	replicate complete, ran 20000000 generations:
      From worker 12:	
      From worker 12:		num_imitating:			14997192
      From worker 12:		num_not_imitating:		5002808
      From worker 12:		num_strategies_changed:  	385923
      From worker 12:			num_random_strategies: 	14890
      From worker 12:		num_sets_changed: 		10500751
      From worker 12:			num_random_opinions: 	936184
      From worker 12:			num_biased_opinions: 	936204
      From worker 12:		num_both_changed: 		311028
      From worker 12:	
      From worker 12:	data processed and exported
      From worker 12:	
      From worker 12:	starting b_1.0_c_0.2_N_40_M_3_K_1_P_2_beta_0.001_u_0.001_v_0.125_p_0.75_ϵ_1.0_gens_20000000_210220-035118.869
      From worker 9:	replicate complete, ran 20000000 generations:
      From worker 9:	
      From worker 9:		num_imitating:			20000000
      From worker 9:		num_not_imitating:		0
      From worker 9:		num_strategies_changed:  	586347
      From worker 9:			num_random_strategies: 	20195
      From worker 9:		num_sets_changed: 		8259199
      From worker 9:			num_random_opinions: 	500919
      From worker 9:			num_biased_opinions: 	0
      From worker 9:		num_both_changed: 		359182
      From worker 9:	
      From worker 9:	data processed and exported
      From worker 9:	
      From worker 9:	starting b_1.0_c_0.2_N_40_M_3_K_1_P_2_beta_0.001_u_0.001_v_0.025_p_0.25_ϵ_1.0_gens_20000000_210220-035118.869
      From worker 5:	replicate complete, ran 20000000 generations:
      From worker 5:	
      From worker 5:		num_imitating:			15001969
      From worker 5:		num_not_imitating:		4998031
      From worker 5:		num_strategies_changed:  	430259
      From worker 5:			num_random_strategies: 	15013
      From worker 5:		num_sets_changed: 		1977282
      From worker 5:			num_random_opinions: 	37477
      From worker 5:			num_biased_opinions: 	37102
      From worker 5:		num_both_changed: 		98780
      From worker 5:	
      From worker 5:	data processed and exported
      From worker 5:	
      From worker 5:	starting b_1.0_c_0.2_N_40_M_3_K_1_P_2_beta_0.001_u_0.001_v_0.005_p_0.75_ϵ_1.0_gens_20000000_210220-035118.869
      From worker 6:	replicate complete, ran 20000000 generations:
      From worker 6:	
      From worker 6:		num_imitating:			12501711
      From worker 6:		num_not_imitating:		7498289
      From worker 6:		num_strategies_changed:  	368385
      From worker 6:			num_random_strategies: 	12691
      From worker 6:		num_sets_changed: 		1603874
      From worker 6:			num_random_opinions: 	15550
      From worker 6:			num_biased_opinions: 	46860
      From worker 6:		num_both_changed: 		80976
      From worker 6:	
      From worker 6:	data processed and exported
      From worker 6:	
      From worker 6:	starting b_1.0_c_0.2_N_40_M_3_K_1_P_2_beta_0.001_u_0.001_v_0.005_p_1.0_ϵ_1.0_gens_20000000_210220-035118.869
      From worker 10:	replicate complete, ran 20000000 generations:
      From worker 10:	
      From worker 10:		num_imitating:			17499789
      From worker 10:		num_not_imitating:		2500211
      From worker 10:		num_strategies_changed:  	512740
      From worker 10:			num_random_strategies: 	17345
      From worker 10:		num_sets_changed: 		10135085
      From worker 10:			num_random_opinions: 	733593
      From worker 10:			num_biased_opinions: 	244454
      From worker 10:		num_both_changed: 		385574
      From worker 10:	
      From worker 10:	data processed and exported
      From worker 10:	
      From worker 10:	starting b_1.0_c_0.2_N_40_M_3_K_1_P_2_beta_0.001_u_0.001_v_0.055901699437494755_p_0.5_ϵ_1.0_gens_20000000_210220-035118.869
      From worker 2:	replicate complete, ran 20000000 generations:
      From worker 2:	
      From worker 2:		num_imitating:			20000000
      From worker 2:		num_not_imitating:		0
      From worker 2:		num_strategies_changed:  	560569
      From worker 2:			num_random_strategies: 	20137
      From worker 2:		num_sets_changed: 		600402
      From worker 2:			num_random_opinions: 	20025
      From worker 2:			num_biased_opinions: 	0
      From worker 2:		num_both_changed: 		28419
      From worker 2:	
      From worker 2:	data processed and exported
      From worker 11:	replicate complete, ran 20000000 generations:
      From worker 11:	
      From worker 11:		num_imitating:			14996555
      From worker 11:		num_not_imitating:		5003445
      From worker 11:		num_strategies_changed:  	421745
      From worker 11:			num_random_strategies: 	14895
      From worker 11:		num_sets_changed: 		8631659
      From worker 11:			num_random_opinions: 	419573
      From worker 11:			num_biased_opinions: 	419533
      From worker 11:		num_both_changed: 		312810
      From worker 11:	
      From worker 11:	data processed and exported
      From worker 11:	
      From worker 11:	starting b_1.0_c_0.2_N_40_M_3_K_1_P_2_beta_0.001_u_0.001_v_0.055901699437494755_p_0.75_ϵ_1.0_gens_20000000_210220-035118.869
      From worker 7:	replicate complete, ran 20000000 generations:
      From worker 7:	
      From worker 7:		num_imitating:			9999855
      From worker 7:		num_not_imitating:		10000145
      From worker 7:		num_strategies_changed:  	148032
      From worker 7:			num_random_strategies: 	10092
      From worker 7:		num_sets_changed: 		1219382
      From worker 7:			num_random_opinions: 	0
      From worker 7:			num_biased_opinions: 	111847
      From worker 7:		num_both_changed: 		31616
      From worker 7:	
      From worker 7:	data processed and exported
      From worker 7:	
      From worker 7:	starting b_1.0_c_0.2_N_40_M_3_K_1_P_2_beta_0.001_u_0.001_v_0.011180339887498947_p_0.0_ϵ_1.0_gens_20000000_210220-035118.869
      From worker 13:	replicate complete, ran 20000000 generations:
      From worker 13:	
      From worker 13:		num_imitating:			9999589
      From worker 13:		num_not_imitating:		10000411
      From worker 13:		num_strategies_changed:  	149234
      From worker 13:			num_random_strategies: 	10054
      From worker 13:		num_sets_changed: 		4912125
      From worker 13:			num_random_opinions: 	0
      From worker 13:			num_biased_opinions: 	1246032
      From worker 13:		num_both_changed: 		91447
      From worker 13:	
      From worker 4:	replicate complete, ran 20000000 generations:
      From worker 4:	
      From worker 4:		num_imitating:			15003115
      From worker 4:		num_not_imitating:		4996885
      From worker 4:		num_strategies_changed:  	432355
      From worker 4:			num_random_strategies: 	15021
      From worker 4:		num_sets_changed: 		969571
      From worker 4:			num_random_opinions: 	16633
      From worker 4:			num_biased_opinions: 	16800
      From worker 4:		num_both_changed: 		47450
      From worker 4:	
      From worker 13:	data processed and exported
      From worker 13:	
      From worker 13:	starting b_1.0_c_0.2_N_40_M_3_K_1_P_2_beta_0.001_u_0.001_v_0.2795084971874737_p_0.0_ϵ_1.0_gens_20000000_210220-035118.869
      From worker 4:	data processed and exported
      From worker 3:	replicate complete, ran 20000000 generations:
      From worker 3:	
      From worker 3:		num_imitating:			17500201
      From worker 3:		num_not_imitating:		2499799
      From worker 3:		num_strategies_changed:  	501085
      From worker 3:			num_random_strategies: 	17392
      From worker 3:		num_sets_changed: 		1107020
      From worker 3:			num_random_opinions: 	29163
      From worker 3:			num_biased_opinions: 	9704
      From worker 3:		num_both_changed: 		58471
      From worker 3:	
      From worker 3:	data processed and exported
      From worker 8:	replicate complete, ran 20000000 generations:
      From worker 8:	
      From worker 8:		num_imitating:			20000000
      From worker 8:		num_not_imitating:		0
      From worker 8:		num_strategies_changed:  	599911
      From worker 8:			num_random_strategies: 	20031
      From worker 8:		num_sets_changed: 		8265109
      From worker 8:			num_random_opinions: 	499316
      From worker 8:			num_biased_opinions: 	0
      From worker 8:		num_both_changed: 		369107
      From worker 8:	
      From worker 8:	data processed and exported
      From worker 8:	
      From worker 8:	starting b_1.0_c_0.2_N_40_M_3_K_1_P_2_beta_0.001_u_0.001_v_0.025_p_0.25_ϵ_1.0_gens_20000000_210220-035118.869
      From worker 14:	replicate complete, ran 20000000 generations:
      From worker 14:	
      From worker 14:		num_imitating:			20000000
      From worker 14:		num_not_imitating:		0
      From worker 14:		num_strategies_changed:  	562988
      From worker 14:			num_random_strategies: 	20144
      From worker 14:		num_sets_changed: 		15654650
      From worker 14:			num_random_opinions: 	5593410
      From worker 14:			num_biased_opinions: 	0
      From worker 14:		num_both_changed: 		466424
      From worker 14:	
      From worker 14:	data processed and exported
      From worker 14:	
      From worker 14:	starting b_1.0_c_0.2_N_40_M_3_K_1_P_2_beta_0.001_u_0.001_v_0.2795084971874737_p_0.25_ϵ_1.0_gens_20000000_210220-035118.869
      From worker 5:	replicate complete, ran 20000000 generations:
      From worker 5:	
      From worker 5:		num_imitating:			12499872
      From worker 5:		num_not_imitating:		7500128
      From worker 5:		num_strategies_changed:  	367881
      From worker 5:			num_random_strategies: 	12493
      From worker 5:		num_sets_changed: 		1625199
      From worker 5:			num_random_opinions: 	15657
      From worker 5:			num_biased_opinions: 	47003
      From worker 5:		num_both_changed: 		86439
      From worker 5:	
      From worker 5:	data processed and exported
      From worker 6:	replicate complete, ran 20000000 generations:
      From worker 6:	
      From worker 6:		num_imitating:			10000370
      From worker 6:		num_not_imitating:		9999630
      From worker 6:		num_strategies_changed:  	146019
      From worker 6:			num_random_strategies: 	9940
      From worker 6:		num_sets_changed: 		593663
      From worker 6:			num_random_opinions: 	0
      From worker 6:			num_biased_opinions: 	50197
      From worker 6:		num_both_changed: 		16766
      From worker 6:	
      From worker 6:	data processed and exported
      From worker 15:	replicate complete, ran 20000000 generations:
      From worker 15:	
      From worker 15:		num_imitating:			17500122
      From worker 15:		num_not_imitating:		2499878
      From worker 15:		num_strategies_changed:  	489500
      From worker 15:			num_random_strategies: 	17312
      From worker 15:		num_sets_changed: 		14269426
      From worker 15:			num_random_opinions: 	8203577
      From worker 15:			num_biased_opinions: 	2735042
      From worker 15:		num_both_changed: 		405175
      From worker 15:	
      From worker 15:	data processed and exported
      From worker 15:	
      From worker 15:	starting b_1.0_c_0.2_N_40_M_3_K_1_P_2_beta_0.001_u_0.001_v_0.625_p_0.5_ϵ_1.0_gens_20000000_210220-035118.869
      From worker 12:	replicate complete, ran 20000000 generations:
      From worker 12:	
      From worker 12:		num_imitating:			12500298
      From worker 12:		num_not_imitating:		7499702
      From worker 12:		num_strategies_changed:  	345426
      From worker 12:			num_random_strategies: 	12362
      From worker 12:		num_sets_changed: 		8577785
      From worker 12:			num_random_opinions: 	390812
      From worker 12:			num_biased_opinions: 	1172619
      From worker 12:		num_both_changed: 		279104
      From worker 12:	
      From worker 12:	data processed and exported
      From worker 12:	
      From worker 12:	starting b_1.0_c_0.2_N_40_M_3_K_1_P_2_beta_0.001_u_0.001_v_0.125_p_1.0_ϵ_1.0_gens_20000000_210220-035118.869
      From worker 16:	replicate complete, ran 20000000 generations:
      From worker 16:	
      From worker 16:		num_imitating:			14997596
      From worker 16:		num_not_imitating:		5002404
      From worker 16:		num_strategies_changed:  	430955
      From worker 16:			num_random_strategies: 	14996
      From worker 16:		num_sets_changed: 		11957734
      From worker 16:			num_random_opinions: 	4684755
      From worker 16:			num_biased_opinions: 	4686743
      From worker 16:		num_both_changed: 		349761
      From worker 16:	
      From worker 16:	data processed and exported
      From worker 16:	
      From worker 16:	starting b_1.0_c_0.2_N_40_M_3_K_1_P_2_beta_0.001_u_0.001_v_0.625_p_0.75_ϵ_1.0_gens_20000000_210220-035118.869
      From worker 9:	replicate complete, ran 20000000 generations:
      From worker 9:	
      From worker 9:		num_imitating:			17497368
      From worker 9:		num_not_imitating:		2502632
      From worker 9:		num_strategies_changed:  	490190
      From worker 9:			num_random_strategies: 	17580
      From worker 9:		num_sets_changed: 		7241455
      From worker 9:			num_random_opinions: 	327881
      From worker 9:			num_biased_opinions: 	109013
      From worker 9:		num_both_changed: 		300373
      From worker 9:	
      From worker 9:	data processed and exported
      From worker 9:	
      From worker 9:	starting b_1.0_c_0.2_N_40_M_3_K_1_P_2_beta_0.001_u_0.001_v_0.025_p_0.5_ϵ_1.0_gens_20000000_210220-035118.869
      From worker 10:	replicate complete, ran 20000000 generations:
      From worker 10:	
      From worker 10:		num_imitating:			14998000
      From worker 10:		num_not_imitating:		5002000
      From worker 10:		num_strategies_changed:  	426854
      From worker 10:			num_random_strategies: 	14955
      From worker 10:		num_sets_changed: 		8650925
      From worker 10:			num_random_opinions: 	418884
      From worker 10:			num_biased_opinions: 	419727
      From worker 10:		num_both_changed: 		320013
      From worker 10:	
      From worker 10:	data processed and exported
      From worker 10:	
      From worker 10:	starting b_1.0_c_0.2_N_40_M_3_K_1_P_2_beta_0.001_u_0.001_v_0.055901699437494755_p_0.75_ϵ_1.0_gens_20000000_210220-035118.869
      From worker 7:	replicate complete, ran 20000000 generations:
      From worker 7:	
      From worker 7:		num_imitating:			20000000
      From worker 7:		num_not_imitating:		0
      From worker 7:		num_strategies_changed:  	605439
      From worker 7:			num_random_strategies: 	20119
      From worker 7:		num_sets_changed: 		4952394
      From worker 7:			num_random_opinions: 	223080
      From worker 7:			num_biased_opinions: 	0
      From worker 7:		num_both_changed: 		255221
      From worker 7:	
      From worker 7:	data processed and exported
      From worker 11:	replicate complete, ran 20000000 generations:
      From worker 11:	
      From worker 11:		num_imitating:			12499744
      From worker 11:		num_not_imitating:		7500256
      From worker 11:		num_strategies_changed:  	352354
      From worker 11:			num_random_strategies: 	12528
      From worker 11:		num_sets_changed: 		7067039
      From worker 11:			num_random_opinions: 	174410
      From worker 11:			num_biased_opinions: 	524487
      From worker 11:		num_both_changed: 		263366
      From worker 11:	
      From worker 11:	data processed and exported
      From worker 11:	
      From worker 11:	starting b_1.0_c_0.2_N_40_M_3_K_1_P_2_beta_0.001_u_0.001_v_0.055901699437494755_p_1.0_ϵ_1.0_gens_20000000_210220-035118.869
      From worker 8:	replicate complete, ran 20000000 generations:
      From worker 8:	
      From worker 8:		num_imitating:			17499061
      From worker 8:		num_not_imitating:		2500939
      From worker 8:		num_strategies_changed:  	484729
      From worker 8:			num_random_strategies: 	17446
      From worker 8:		num_sets_changed: 		7218817
      From worker 8:			num_random_opinions: 	327129
      From worker 8:			num_biased_opinions: 	109847
      From worker 8:		num_both_changed: 		294151
      From worker 8:	
      From worker 8:	data processed and exported
      From worker 12:	replicate complete, ran 20000000 generations:
      From worker 12:	
      From worker 12:		num_imitating:			10003880
      From worker 12:		num_not_imitating:		9996120
      From worker 12:		num_strategies_changed:  	145988
      From worker 12:			num_random_strategies: 	10115
      From worker 12:		num_sets_changed: 		4928335
      From worker 12:			num_random_opinions: 	0
      From worker 12:			num_biased_opinions: 	1252170
      From worker 12:		num_both_changed: 		89891
      From worker 12:	
      From worker 12:	data processed and exported
      From worker 12:	
      From worker 12:	starting b_1.0_c_0.2_N_40_M_3_K_1_P_2_beta_0.001_u_0.001_v_0.125_p_0.0_ϵ_1.0_gens_20000000_210220-035118.869
      From worker 13:	replicate complete, ran 20000000 generations:
      From worker 13:	
      From worker 13:		num_imitating:			20000000
      From worker 13:		num_not_imitating:		0
      From worker 13:		num_strategies_changed:  	608358
      From worker 13:			num_random_strategies: 	20031
      From worker 13:		num_sets_changed: 		15653384
      From worker 13:			num_random_opinions: 	5589888
      From worker 13:			num_biased_opinions: 	0
      From worker 13:		num_both_changed: 		504196
      From worker 13:	
      From worker 13:	data processed and exported
      From worker 13:	
      From worker 13:	starting b_1.0_c_0.2_N_40_M_3_K_1_P_2_beta_0.001_u_0.001_v_0.2795084971874737_p_0.25_ϵ_1.0_gens_20000000_210220-035118.869
      From worker 9:	replicate complete, ran 20000000 generations:
      From worker 9:	
      From worker 9:		num_imitating:			15000963
      From worker 9:		num_not_imitating:		4999037
      From worker 9:		num_strategies_changed:  	415223
      From worker 9:			num_random_strategies: 	14831
      From worker 9:		num_sets_changed: 		6114053
      From worker 9:			num_random_opinions: 	187186
      From worker 9:			num_biased_opinions: 	187357
      From worker 9:		num_both_changed: 		259139
      From worker 9:	
      From worker 9:	data processed and exported
      From worker 14:	replicate complete, ran 20000000 generations:
      From worker 14:	
      From worker 14:		num_imitating:			17498109
      From worker 14:		num_not_imitating:		2501891
      From worker 14:		num_strategies_changed:  	509202
      From worker 14:			num_random_strategies: 	17368
      From worker 14:		num_sets_changed: 		13641297
      From worker 14:			num_random_opinions: 	3669472
      From worker 14:			num_biased_opinions: 	1223158
      From worker 14:		num_both_changed: 		421892
      From worker 14:	
      From worker 14:	data processed and exported
      From worker 14:	
      From worker 14:	starting b_1.0_c_0.2_N_40_M_3_K_1_P_2_beta_0.001_u_0.001_v_0.2795084971874737_p_0.5_ϵ_1.0_gens_20000000_210220-035118.869
      From worker 16:	replicate complete, ran 20000000 generations:
      From worker 16:	
      From worker 16:		num_imitating:			12504128
      From worker 16:		num_not_imitating:		7495872
      From worker 16:		num_strategies_changed:  	381457
      From worker 16:			num_random_strategies: 	12640
      From worker 16:		num_sets_changed: 		9448523
      From worker 16:			num_random_opinions: 	1955179
      From worker 16:			num_biased_opinions: 	5858929
      From worker 16:		num_both_changed: 		295169
      From worker 16:	
      From worker 16:	data processed and exported
      From worker 16:	
      From worker 16:	starting b_1.0_c_0.2_N_40_M_3_K_1_P_2_beta_0.001_u_0.001_v_0.625_p_1.0_ϵ_1.0_gens_20000000_210220-035118.869
      From worker 15:	replicate complete, ran 20000000 generations:
      From worker 15:	
      From worker 15:		num_imitating:			14997461
      From worker 15:		num_not_imitating:		5002539
      From worker 15:		num_strategies_changed:  	398324
      From worker 15:			num_random_strategies: 	14973
      From worker 15:		num_sets_changed: 		11958290
      From worker 15:			num_random_opinions: 	4686698
      From worker 15:			num_biased_opinions: 	4687139
      From worker 15:		num_both_changed: 		323269
      From worker 15:	
      From worker 15:	data processed and exported
      From worker 15:	
      From worker 15:	starting b_1.0_c_0.2_N_40_M_3_K_1_P_2_beta_0.001_u_0.001_v_0.625_p_0.75_ϵ_1.0_gens_20000000_210220-035118.869
      From worker 10:	replicate complete, ran 20000000 generations:
      From worker 10:	
      From worker 10:		num_imitating:			12500883
      From worker 10:		num_not_imitating:		7499117
      From worker 10:		num_strategies_changed:  	350725
      From worker 10:			num_random_strategies: 	12419
      From worker 10:		num_sets_changed: 		7093078
      From worker 10:			num_random_opinions: 	174950
      From worker 10:			num_biased_opinions: 	524498
      From worker 10:		num_both_changed: 		264262
      From worker 10:	
      From worker 10:	data processed and exported
      From worker 11:	replicate complete, ran 20000000 generations:
      From worker 11:	
      From worker 11:		num_imitating:			10000308
      From worker 11:		num_not_imitating:		9999692
      From worker 11:		num_strategies_changed:  	149069
      From worker 11:			num_random_strategies: 	10249
      From worker 11:		num_sets_changed: 		3586535
      From worker 11:			num_random_opinions: 	0
      From worker 11:			num_biased_opinions: 	559204
      From worker 11:		num_both_changed: 		75190
      From worker 11:	
      From worker 11:	data processed and exported
      From worker 16:	replicate complete, ran 20000000 generations:
      From worker 16:	
      From worker 16:		num_imitating:			9998606
      From worker 16:		num_not_imitating:		10001394
      From worker 16:		num_strategies_changed:  	147909
      From worker 16:			num_random_strategies: 	10138
      From worker 16:		num_sets_changed: 		6471510
      From worker 16:			num_random_opinions: 	0
      From worker 16:			num_biased_opinions: 	6250330
 Activating environment at `/tigress/mk28/CooperationPolarization2/Project.toml`
 Activating environment at `/tigress/mk28/CooperationPolarization2/Project.toml`
      From worker 16:		num_both_changed: 		98467
      From worker 16:	
      From worker 16:	data processed and exported
      From worker 12:	replicate complete, ran 20000000 generations:
      From worker 12:	
      From worker 12:		num_imitating:			20000000
      From worker 12:		num_not_imitating:		0
      From worker 12:		num_strategies_changed:  	576071
      From worker 12:			num_random_strategies: 	19755
      From worker 12:		num_sets_changed: 		14145793
      From worker 12:			num_random_opinions: 	2501165
      From worker 12:			num_biased_opinions: 	0
      From worker 12:		num_both_changed: 		467656
      From worker 12:	
      From worker 12:	data processed and exported
      From worker 15:	replicate complete, ran 20000000 generations:
      From worker 15:	
      From worker 15:		num_imitating:			12502380
      From worker 15:		num_not_imitating:		7497620
      From worker 15:		num_strategies_changed:  	356233
      From worker 15:			num_random_strategies: 	12703
      From worker 15:		num_sets_changed: 		9447154
      From worker 15:			num_random_opinions: 	1951535
      From worker 15:			num_biased_opinions: 	5861113
      From worker 15:		num_both_changed: 		275579
      From worker 15:	
      From worker 15:	data processed and exported
      From worker 13:	replicate complete, ran 20000000 generations:
      From worker 13:	
      From worker 13:		num_imitating:			17500269
      From worker 13:		num_not_imitating:		2499731
      From worker 13:		num_strategies_changed:  	516485
      From worker 13:			num_random_strategies: 	17728
      From worker 13:		num_sets_changed: 		13640461
      From worker 13:			num_random_opinions: 	3668252
      From worker 13:			num_biased_opinions: 	1222211
      From worker 13:		num_both_changed: 		427601
      From worker 13:	
      From worker 13:	data processed and exported
      From worker 14:	replicate complete, ran 20000000 generations:
      From worker 14:	
      From worker 14:		num_imitating:			15000538
      From worker 14:		num_not_imitating:		4999462
      From worker 14:		num_strategies_changed:  	438298
      From worker 14:			num_random_strategies: 	15040
      From worker 14:		num_sets_changed: 		11573560
      From worker 14:			num_random_opinions: 	2095358
      From worker 14:			num_biased_opinions: 	2096924
      From worker 14:		num_both_changed: 		360800
      From worker 14:	
      From worker 14:	data processed and exported
9421.138935 seconds (2.63 M allocations: 119.014 MiB, 0.00% gc time)
