packages loaded
      From worker 6:	 Activating environment at `/tigress/mk28/CooperationPolarization2/Project.toml`
      From worker 2:	 Activating environment at `/tigress/mk28/CooperationPolarization2/Project.toml`
      From worker 3:	 Activating environment at `/tigress/mk28/CooperationPolarization2/Project.toml`
      From worker 5:	 Activating environment at `/tigress/mk28/CooperationPolarization2/Project.toml`
      From worker 4:	 Activating environment at `/tigress/mk28/CooperationPolarization2/Project.toml`
      From worker 8:	 Activating environment at `/tigress/mk28/CooperationPolarization2/Project.toml`
      From worker 13:	 Activating environment at `/tigress/mk28/CooperationPolarization2/Project.toml`
      From worker 12:	 Activating environment at `/tigress/mk28/CooperationPolarization2/Project.toml`
      From worker 9:	 Activating environment at `/tigress/mk28/CooperationPolarization2/Project.toml`
      From worker 16:	 Activating environment at `/tigress/mk28/CooperationPolarization2/Project.toml`
      From worker 15:	 Activating environment at `/tigress/mk28/CooperationPolarization2/Project.toml`
      From worker 11:	 Activating environment at `/tigress/mk28/CooperationPolarization2/Project.toml`
      From worker 10:	 Activating environment at `/tigress/mk28/CooperationPolarization2/Project.toml`
      From worker 7:	 Activating environment at `/tigress/mk28/CooperationPolarization2/Project.toml`
      From worker 14:	 Activating environment at `/tigress/mk28/CooperationPolarization2/Project.toml`
      From worker 4:	packages loaded
      From worker 5:	packages loaded
      From worker 16:	packages loaded
      From worker 3:	packages loaded
      From worker 11:	packages loaded
      From worker 15:	packages loaded
      From worker 8:	packages loaded
      From worker 6:	packages loaded
      From worker 2:	packages loaded
      From worker 7:	packages loaded
      From worker 9:	packages loaded
      From worker 12:	packages loaded
      From worker 10:	packages loaded
      From worker 13:	packages loaded
      From worker 14:	packages loaded
parameters defined
      From worker 7:	
      From worker 7:	starting b_1.0_c_0.2_N_40_M_1_K_1_P_2_beta_0.001_u_0.001_v_0.011180339887498947_p_0.0_ϵ_1.0_gens_20000000_210221-011720.772
      From worker 13:	
      From worker 13:	starting b_1.0_c_0.2_N_40_M_1_K_1_P_2_beta_0.001_u_0.001_v_0.125_p_0.25_ϵ_1.0_gens_20000000_210221-011720.772
      From worker 4:	
      From worker 4:	starting b_1.0_c_0.2_N_40_M_1_K_1_P_2_beta_0.001_u_0.001_v_0.0022360679774997894_p_0.5_ϵ_1.0_gens_20000000_210221-011720.772
      From worker 9:	
      From worker 9:	starting b_1.0_c_0.2_N_40_M_1_K_1_P_2_beta_0.001_u_0.001_v_0.025_p_0.5_ϵ_1.0_gens_20000000_210221-011720.772
      From worker 5:	
      From worker 5:	starting b_1.0_c_0.2_N_40_M_1_K_1_P_2_beta_0.001_u_0.001_v_0.0022360679774997894_p_0.75_ϵ_1.0_gens_20000000_210221-011720.772
      From worker 11:	
      From worker 11:	starting b_1.0_c_0.2_N_40_M_1_K_1_P_2_beta_0.001_u_0.001_v_0.055901699437494755_p_1.0_ϵ_1.0_gens_20000000_210221-011720.772
      From worker 16:	
      From worker 16:	starting b_1.0_c_0.2_N_40_M_1_K_1_P_2_beta_0.001_u_0.001_v_0.625_p_1.0_ϵ_1.0_gens_20000000_210221-011720.772
      From worker 6:	
      From worker 6:	starting b_1.0_c_0.2_N_40_M_1_K_1_P_2_beta_0.001_u_0.001_v_0.005_p_1.0_ϵ_1.0_gens_20000000_210221-011720.772
      From worker 10:	
      From worker 10:	starting b_1.0_c_0.2_N_40_M_1_K_1_P_2_beta_0.001_u_0.001_v_0.025_p_0.75_ϵ_1.0_gens_20000000_210221-011720.772
      From worker 12:	
      From worker 12:	starting b_1.0_c_0.2_N_40_M_1_K_1_P_2_beta_0.001_u_0.001_v_0.125_p_0.0_ϵ_1.0_gens_20000000_210221-011720.772
      From worker 8:	
      From worker 8:	starting b_1.0_c_0.2_N_40_M_1_K_1_P_2_beta_0.001_u_0.001_v_0.011180339887498947_p_0.25_ϵ_1.0_gens_20000000_210221-011720.772
      From worker 3:	
      From worker 3:	starting b_1.0_c_0.2_N_40_M_1_K_1_P_2_beta_0.001_u_0.001_v_0.001_p_0.25_ϵ_1.0_gens_20000000_210221-011720.772
      From worker 15:	
      From worker 15:	starting b_1.0_c_0.2_N_40_M_1_K_1_P_2_beta_0.001_u_0.001_v_0.2795084971874737_p_0.75_ϵ_1.0_gens_20000000_210221-011720.772
      From worker 2:	
      From worker 2:	starting b_1.0_c_0.2_N_40_M_1_K_1_P_2_beta_0.001_u_0.001_v_0.001_p_0.0_ϵ_1.0_gens_20000000_210221-011720.772
      From worker 14:	
      From worker 14:	starting b_1.0_c_0.2_N_40_M_1_K_1_P_2_beta_0.001_u_0.001_v_0.2795084971874737_p_0.5_ϵ_1.0_gens_20000000_210221-011720.772
      From worker 6:	replicate complete, ran 20000000 generations:
      From worker 6:	
      From worker 6:		num_imitating:			10001258
      From worker 6:		num_not_imitating:		9998742
      From worker 6:		num_strategies_changed:  	151891
      From worker 6:			num_random_strategies: 	9945
      From worker 6:		num_sets_changed: 		0
      From worker 6:			num_random_opinions: 	0
      From worker 6:			num_biased_opinions: 	50211
      From worker 6:		num_both_changed: 		0
      From worker 6:	
      From worker 6:	data processed and exported
      From worker 6:	
      From worker 6:	starting b_1.0_c_0.2_N_40_M_1_K_1_P_2_beta_0.001_u_0.001_v_0.005_p_0.0_ϵ_1.0_gens_20000000_210221-011720.772
      From worker 11:	replicate complete, ran 20000000 generations:
      From worker 11:	
      From worker 11:		num_imitating:			9998643
      From worker 11:		num_not_imitating:		10001357
      From worker 11:		num_strategies_changed:  	140975
      From worker 11:			num_random_strategies: 	9940
      From worker 11:		num_sets_changed: 		0
      From worker 11:			num_random_opinions: 	0
      From worker 11:			num_biased_opinions: 	559720
      From worker 11:		num_both_changed: 		0
      From worker 11:	
      From worker 11:	data processed and exported
      From worker 16:	replicate complete, ran 20000000 generations:
      From worker 16:	
      From worker 16:		num_imitating:			9999409
      From worker 16:		num_not_imitating:		10000591
      From worker 16:		num_strategies_changed:  	147690
      From worker 16:			num_random_strategies: 	10061
      From worker 16:		num_sets_changed: 		0
      From worker 16:			num_random_opinions: 	0
      From worker 16:			num_biased_opinions: 	6251056
      From worker 16:		num_both_changed: 		0
      From worker 16:	
      From worker 11:	
      From worker 11:	starting b_1.0_c_0.2_N_40_M_1_K_1_P_2_beta_0.001_u_0.001_v_0.055901699437494755_p_0.0_ϵ_1.0_gens_20000000_210221-011720.772
      From worker 16:	data processed and exported
      From worker 16:	
      From worker 16:	starting b_1.0_c_0.2_N_40_M_1_K_1_P_2_beta_0.001_u_0.001_v_0.625_p_0.0_ϵ_1.0_gens_20000000_210221-011720.772
      From worker 3:	replicate complete, ran 20000000 generations:
      From worker 3:	
      From worker 3:		num_imitating:			17498983
      From worker 3:		num_not_imitating:		2501017
      From worker 3:		num_strategies_changed:  	492766
      From worker 3:			num_random_strategies: 	17246
      From worker 3:		num_sets_changed: 		352130
      From worker 3:			num_random_opinions: 	13268
      From worker 3:			num_biased_opinions: 	4319
      From worker 3:		num_both_changed: 		17916
      From worker 3:	
      From worker 5:	replicate complete, ran 20000000 generations:
      From worker 5:	
      From worker 5:		num_imitating:			12496873
      From worker 5:		num_not_imitating:		7503127
      From worker 5:		num_strategies_changed:  	361501
      From worker 5:			num_random_strategies: 	12457
      From worker 5:		num_sets_changed: 		535130
      From worker 5:			num_random_opinions: 	6862
      From worker 5:			num_biased_opinions: 	21026
      From worker 5:		num_both_changed: 		26755
      From worker 5:	
      From worker 3:	data processed and exported
      From worker 3:	
      From worker 3:	starting b_1.0_c_0.2_N_40_M_1_K_1_P_2_beta_0.001_u_0.001_v_0.001_p_0.5_ϵ_1.0_gens_20000000_210221-011720.772
      From worker 5:	data processed and exported
      From worker 5:	
      From worker 5:	starting b_1.0_c_0.2_N_40_M_1_K_1_P_2_beta_0.001_u_0.001_v_0.0022360679774997894_p_1.0_ϵ_1.0_gens_20000000_210221-011720.772
      From worker 2:	replicate complete, ran 20000000 generations:
      From worker 2:	
      From worker 2:		num_imitating:			20000000
      From worker 2:		num_not_imitating:		0
      From worker 2:		num_strategies_changed:  	561529
      From worker 2:			num_random_strategies: 	19974
      From worker 2:		num_sets_changed: 		407226
      From worker 2:			num_random_opinions: 	19904
      From worker 2:			num_biased_opinions: 	0
      From worker 2:		num_both_changed: 		19752
      From worker 2:	
      From worker 4:	replicate complete, ran 20000000 generations:
      From worker 4:	
      From worker 4:		num_imitating:			15001756
      From worker 4:		num_not_imitating:		4998244
      From worker 4:		num_strategies_changed:  	426882
      From worker 4:			num_random_strategies: 	15095
      From worker 4:		num_sets_changed: 		616496
      From worker 4:			num_random_opinions: 	16576
      From worker 4:			num_biased_opinions: 	16872
      From worker 4:		num_both_changed: 		32094
      From worker 4:	
      From worker 2:	data processed and exported
      From worker 4:	data processed and exported
      From worker 2:	
      From worker 2:	starting b_1.0_c_0.2_N_40_M_1_K_1_P_2_beta_0.001_u_0.001_v_0.001_p_0.25_ϵ_1.0_gens_20000000_210221-011720.772
      From worker 4:	
      From worker 4:	starting b_1.0_c_0.2_N_40_M_1_K_1_P_2_beta_0.001_u_0.001_v_0.0022360679774997894_p_0.75_ϵ_1.0_gens_20000000_210221-011720.772
      From worker 8:	replicate complete, ran 20000000 generations:
      From worker 8:	
      From worker 8:		num_imitating:			17501598
      From worker 8:		num_not_imitating:		2498402
      From worker 8:		num_strategies_changed:  	514687
      From worker 8:			num_random_strategies: 	17405
      From worker 8:		num_sets_changed: 		2714224
      From worker 8:			num_random_opinions: 	146768
      From worker 8:			num_biased_opinions: 	48635
      From worker 8:		num_both_changed: 		127069
      From worker 8:	
      From worker 8:	data processed and exported
      From worker 8:	
      From worker 8:	starting b_1.0_c_0.2_N_40_M_1_K_1_P_2_beta_0.001_u_0.001_v_0.011180339887498947_p_0.5_ϵ_1.0_gens_20000000_210221-011720.772
      From worker 10:	replicate complete, ran 20000000 generations:
      From worker 10:	
      From worker 10:		num_imitating:			12499693
      From worker 10:		num_not_imitating:		7500307
      From worker 10:		num_strategies_changed:  	363366
      From worker 10:			num_random_strategies: 	12508
      From worker 10:		num_sets_changed: 		3092058
      From worker 10:			num_random_opinions: 	77908
      From worker 10:			num_biased_opinions: 	234040
      From worker 10:		num_both_changed: 		133028
      From worker 10:	
      From worker 10:	data processed and exported
      From worker 10:	
      From worker 10:	starting b_1.0_c_0.2_N_40_M_1_K_1_P_2_beta_0.001_u_0.001_v_0.025_p_1.0_ϵ_1.0_gens_20000000_210221-011720.772
      From worker 7:	replicate complete, ran 20000000 generations:
      From worker 7:	
      From worker 7:		num_imitating:			20000000
      From worker 7:		num_not_imitating:		0
      From worker 7:		num_strategies_changed:  	568458
      From worker 7:			num_random_strategies: 	19852
      From worker 7:		num_sets_changed: 		3070046
      From worker 7:			num_random_opinions: 	223214
      From worker 7:			num_biased_opinions: 	0
      From worker 7:		num_both_changed: 		145592
      From worker 7:	
      From worker 7:	data processed and exported
      From worker 7:	
      From worker 7:	starting b_1.0_c_0.2_N_40_M_1_K_1_P_2_beta_0.001_u_0.001_v_0.011180339887498947_p_0.25_ϵ_1.0_gens_20000000_210221-011720.772
      From worker 9:	replicate complete, ran 20000000 generations:
      From worker 9:	
      From worker 9:		num_imitating:			14998105
      From worker 9:		num_not_imitating:		5001895
      From worker 9:		num_strategies_changed:  	464192
      From worker 9:			num_random_strategies: 	15119
      From worker 9:		num_sets_changed: 		3782354
      From worker 9:			num_random_opinions: 	187680
      From worker 9:			num_biased_opinions: 	188332
      From worker 9:		num_both_changed: 		173245
      From worker 9:	
      From worker 9:	data processed and exported
      From worker 9:	
      From worker 9:	starting b_1.0_c_0.2_N_40_M_1_K_1_P_2_beta_0.001_u_0.001_v_0.025_p_0.75_ϵ_1.0_gens_20000000_210221-011720.772
      From worker 15:	replicate complete, ran 20000000 generations:
      From worker 15:	
      From worker 15:		num_imitating:			12502027
      From worker 15:		num_not_imitating:		7497973
      From worker 15:		num_strategies_changed:  	376114
      From worker 15:			num_random_strategies: 	12683
      From worker 15:		num_sets_changed: 		4983781
      From worker 15:			num_random_opinions: 	874424
      From worker 15:			num_biased_opinions: 	2620451
      From worker 15:		num_both_changed: 		165390
      From worker 15:	
      From worker 15:	data processed and exported
      From worker 15:	
      From worker 15:	starting b_1.0_c_0.2_N_40_M_1_K_1_P_2_beta_0.001_u_0.001_v_0.2795084971874737_p_1.0_ϵ_1.0_gens_20000000_210221-011720.772
      From worker 14:	replicate complete, ran 20000000 generations:
      From worker 14:	
      From worker 14:		num_imitating:			15000474
      From worker 14:		num_not_imitating:		4999526
      From worker 14:		num_strategies_changed:  	429995
      From worker 14:			num_random_strategies: 	15064
      From worker 14:		num_sets_changed: 		6755859
      From worker 14:			num_random_opinions: 	2099402
      From worker 14:			num_biased_opinions: 	2094399
      From worker 14:		num_both_changed: 		206253
      From worker 14:	
      From worker 14:	data processed and exported
      From worker 14:	
      From worker 14:	starting b_1.0_c_0.2_N_40_M_1_K_1_P_2_beta_0.001_u_0.001_v_0.2795084971874737_p_0.75_ϵ_1.0_gens_20000000_210221-011720.772
      From worker 13:	replicate complete, ran 20000000 generations:
      From worker 13:	
      From worker 13:		num_imitating:			17496409
      From worker 13:		num_not_imitating:		2503591
      From worker 13:		num_strategies_changed:  	509616
      From worker 13:			num_random_strategies: 	17514
      From worker 13:		num_sets_changed: 		7410908
      From worker 13:			num_random_opinions: 	1642051
      From worker 13:			num_biased_opinions: 	546817
      From worker 13:		num_both_changed: 		246340
      From worker 13:	
      From worker 13:	data processed and exported
      From worker 13:	
      From worker 13:	starting b_1.0_c_0.2_N_40_M_1_K_1_P_2_beta_0.001_u_0.001_v_0.125_p_0.5_ϵ_1.0_gens_20000000_210221-011720.772
      From worker 12:	replicate complete, ran 20000000 generations:
      From worker 12:	
      From worker 12:		num_imitating:			20000000
      From worker 12:		num_not_imitating:		0
      From worker 12:		num_strategies_changed:  	586503
      From worker 12:			num_random_strategies: 	20001
      From worker 12:		num_sets_changed: 		8503748
      From worker 12:			num_random_opinions: 	2501894
      From worker 12:			num_biased_opinions: 	0
      From worker 12:		num_both_changed: 		285203
      From worker 12:	
      From worker 12:	data processed and exported
      From worker 12:	
      From worker 12:	starting b_1.0_c_0.2_N_40_M_1_K_1_P_2_beta_0.001_u_0.001_v_0.125_p_0.25_ϵ_1.0_gens_20000000_210221-011720.772
      From worker 5:	replicate complete, ran 20000000 generations:
      From worker 5:	
      From worker 5:		num_imitating:			10002954
      From worker 5:		num_not_imitating:		9997046
      From worker 5:		num_strategies_changed:  	145494
      From worker 5:			num_random_strategies: 	9986
      From worker 5:		num_sets_changed: 		0
      From worker 5:			num_random_opinions: 	0
      From worker 5:			num_biased_opinions: 	22308
      From worker 5:		num_both_changed: 		0
      From worker 5:	
      From worker 5:	data processed and exported
      From worker 5:	
      From worker 5:	starting b_1.0_c_0.2_N_40_M_1_K_1_P_2_beta_0.001_u_0.001_v_0.005_p_0.0_ϵ_1.0_gens_20000000_210221-011720.772
      From worker 3:	replicate complete, ran 20000000 generations:
      From worker 3:	
      From worker 3:		num_imitating:			15000994
      From worker 3:		num_not_imitating:		4999006
      From worker 3:		num_strategies_changed:  	436317
      From worker 3:			num_random_strategies: 	14954
      From worker 3:		num_sets_changed: 		302226
      From worker 3:			num_random_opinions: 	7521
      From worker 3:			num_biased_opinions: 	7467
      From worker 3:		num_both_changed: 		14021
      From worker 3:	
      From worker 3:	data processed and exported
      From worker 3:	
      From worker 3:	starting b_1.0_c_0.2_N_40_M_1_K_1_P_2_beta_0.001_u_0.001_v_0.001_p_0.75_ϵ_1.0_gens_20000000_210221-011720.772
      From worker 2:	replicate complete, ran 20000000 generations:
      From worker 2:	
      From worker 2:		num_imitating:			17496273
      From worker 2:		num_not_imitating:		2503727
      From worker 2:		num_strategies_changed:  	525794
      From worker 2:			num_random_strategies: 	17404
      From worker 2:		num_sets_changed: 		320980
      From worker 2:			num_random_opinions: 	13185
      From worker 2:			num_biased_opinions: 	4339
      From worker 2:		num_both_changed: 		17892
      From worker 2:	
      From worker 2:	data processed and exported
      From worker 2:	
      From worker 2:	starting b_1.0_c_0.2_N_40_M_1_K_1_P_2_beta_0.001_u_0.001_v_0.001_p_0.5_ϵ_1.0_gens_20000000_210221-011720.772
      From worker 4:	replicate complete, ran 20000000 generations:
      From worker 4:	
      From worker 4:		num_imitating:			12499069
      From worker 4:		num_not_imitating:		7500931
      From worker 4:		num_strategies_changed:  	363724
      From worker 4:			num_random_strategies: 	12517
      From worker 4:		num_sets_changed: 		513947
      From worker 4:			num_random_opinions: 	7027
      From worker 4:			num_biased_opinions: 	20780
      From worker 4:		num_both_changed: 		28027
      From worker 4:	
      From worker 4:	data processed and exported
      From worker 4:	
      From worker 4:	starting b_1.0_c_0.2_N_40_M_1_K_1_P_2_beta_0.001_u_0.001_v_0.0022360679774997894_p_1.0_ϵ_1.0_gens_20000000_210221-011720.772
      From worker 6:	replicate complete, ran 20000000 generations:
      From worker 6:	
      From worker 6:		num_imitating:			20000000
      From worker 6:		num_not_imitating:		0
      From worker 6:		num_strategies_changed:  	578373
      From worker 6:			num_random_strategies: 	20031
      From worker 6:		num_sets_changed: 		1726622
      From worker 6:			num_random_opinions: 	100065
      From worker 6:			num_biased_opinions: 	0
      From worker 6:		num_both_changed: 		89999
      From worker 6:	
      From worker 6:	data processed and exported
      From worker 6:	
      From worker 6:	starting b_1.0_c_0.2_N_40_M_1_K_1_P_2_beta_0.001_u_0.001_v_0.005_p_0.25_ϵ_1.0_gens_20000000_210221-011720.772
      From worker 10:	replicate complete, ran 20000000 generations:
      From worker 10:	
      From worker 10:		num_imitating:			10001845
      From worker 10:		num_not_imitating:		9998155
      From worker 10:		num_strategies_changed:  	152040
      From worker 10:			num_random_strategies: 	10093
      From worker 10:		num_sets_changed: 		0
      From worker 10:			num_random_opinions: 	0
      From worker 10:			num_biased_opinions: 	250497
      From worker 10:		num_both_changed: 		0
      From worker 10:	
      From worker 10:	data processed and exported
      From worker 10:	
      From worker 10:	starting b_1.0_c_0.2_N_40_M_1_K_1_P_2_beta_0.001_u_0.001_v_0.055901699437494755_p_0.0_ϵ_1.0_gens_20000000_210221-011720.772
      From worker 15:	replicate complete, ran 20000000 generations:
      From worker 15:	
      From worker 15:		num_imitating:			9998763
      From worker 15:		num_not_imitating:		10001237
      From worker 15:		num_strategies_changed:  	140727
      From worker 15:			num_random_strategies: 	9940
      From worker 15:		num_sets_changed: 		0
      From worker 15:			num_random_opinions: 	0
      From worker 15:			num_biased_opinions: 	2794220
      From worker 15:		num_both_changed: 		0
      From worker 15:	
      From worker 15:	data processed and exported
      From worker 15:	
      From worker 15:	starting b_1.0_c_0.2_N_40_M_1_K_1_P_2_beta_0.001_u_0.001_v_0.625_p_0.0_ϵ_1.0_gens_20000000_210221-011720.772
      From worker 8:	replicate complete, ran 20000000 generations:
      From worker 8:	
      From worker 8:		num_imitating:			14999135
      From worker 8:		num_not_imitating:		5000865
      From worker 8:		num_strategies_changed:  	425181
      From worker 8:			num_random_strategies: 	14953
      From worker 8:		num_sets_changed: 		2312891
      From worker 8:			num_random_opinions: 	84128
      From worker 8:			num_biased_opinions: 	84022
      From worker 8:		num_both_changed: 		105296
      From worker 8:	
      From worker 8:	data processed and exported
      From worker 8:	
      From worker 8:	starting b_1.0_c_0.2_N_40_M_1_K_1_P_2_beta_0.001_u_0.001_v_0.011180339887498947_p_0.75_ϵ_1.0_gens_20000000_210221-011720.772
      From worker 7:	replicate complete, ran 20000000 generations:
      From worker 7:	
      From worker 7:		num_imitating:			17498270
      From worker 7:		num_not_imitating:		2501730
      From worker 7:		num_strategies_changed:  	519398
      From worker 7:			num_random_strategies: 	17505
      From worker 7:		num_sets_changed: 		2693881
      From worker 7:			num_random_opinions: 	147176
      From worker 7:			num_biased_opinions: 	49374
      From worker 7:		num_both_changed: 		136623
      From worker 7:	
      From worker 7:	data processed and exported
      From worker 7:	
      From worker 7:	starting b_1.0_c_0.2_N_40_M_1_K_1_P_2_beta_0.001_u_0.001_v_0.011180339887498947_p_0.5_ϵ_1.0_gens_20000000_210221-011720.772
      From worker 9:	replicate complete, ran 20000000 generations:
      From worker 9:	
      From worker 9:		num_imitating:			12504010
      From worker 9:		num_not_imitating:		7495990
      From worker 9:		num_strategies_changed:  	346768
      From worker 9:			num_random_strategies: 	12272
      From worker 9:		num_sets_changed: 		3078098
      From worker 9:			num_random_opinions: 	78226
      From worker 9:			num_biased_opinions: 	233981
      From worker 9:		num_both_changed: 		131596
      From worker 9:	
      From worker 9:	data processed and exported
      From worker 9:	
      From worker 9:	starting b_1.0_c_0.2_N_40_M_1_K_1_P_2_beta_0.001_u_0.001_v_0.025_p_1.0_ϵ_1.0_gens_20000000_210221-011720.772
      From worker 11:	replicate complete, ran 20000000 generations:
      From worker 11:	
      From worker 11:		num_imitating:			20000000
      From worker 11:		num_not_imitating:		0
      From worker 11:		num_strategies_changed:  	575754
      From worker 11:			num_random_strategies: 	20069
      From worker 11:		num_sets_changed: 		7025983
      From worker 11:			num_random_opinions: 	1118880
      From worker 11:			num_biased_opinions: 	0
      From worker 11:		num_both_changed: 		258260
      From worker 11:	
      From worker 11:	data processed and exported
      From worker 11:	
      From worker 11:	starting b_1.0_c_0.2_N_40_M_1_K_1_P_2_beta_0.001_u_0.001_v_0.055901699437494755_p_0.25_ϵ_1.0_gens_20000000_210221-011720.772
      From worker 16:	replicate complete, ran 20000000 generations:
      From worker 16:	
      From worker 16:		num_imitating:			20000000
      From worker 16:		num_not_imitating:		0
      From worker 16:		num_strategies_changed:  	573568
      From worker 16:			num_random_strategies: 	20019
      From worker 16:		num_sets_changed: 		9852835
      From worker 16:			num_random_opinions: 	12500948
      From worker 16:			num_biased_opinions: 	0
      From worker 16:		num_both_changed: 		286802
      From worker 16:	
      From worker 16:	data processed and exported
      From worker 16:	
      From worker 16:	starting b_1.0_c_0.2_N_40_M_1_K_1_P_2_beta_0.001_u_0.001_v_0.625_p_0.25_ϵ_1.0_gens_20000000_210221-011720.772
      From worker 4:	replicate complete, ran 20000000 generations:
      From worker 4:	
      From worker 4:		num_imitating:			9997660
      From worker 4:		num_not_imitating:		10002340
      From worker 4:		num_strategies_changed:  	139583
      From worker 4:			num_random_strategies: 	9989
      From worker 4:		num_sets_changed: 		0
      From worker 4:			num_random_opinions: 	0
      From worker 4:			num_biased_opinions: 	22383
      From worker 4:		num_both_changed: 		0
      From worker 4:	
      From worker 4:	data processed and exported
      From worker 4:	
      From worker 4:	starting b_1.0_c_0.2_N_40_M_1_K_1_P_2_beta_0.001_u_0.001_v_0.0022360679774997894_p_0.0_ϵ_1.0_gens_20000000_210221-011720.772
      From worker 3:	replicate complete, ran 20000000 generations:
      From worker 3:	
      From worker 3:		num_imitating:			12498919
      From worker 3:		num_not_imitating:		7501081
      From worker 3:		num_strategies_changed:  	362655
      From worker 3:			num_random_strategies: 	12472
      From worker 3:		num_sets_changed: 		244518
      From worker 3:			num_random_opinions: 	3017
      From worker 3:			num_biased_opinions: 	9318
      From worker 3:		num_both_changed: 		15697
      From worker 3:	
      From worker 2:	replicate complete, ran 20000000 generations:
      From worker 2:	
      From worker 2:		num_imitating:			15000908
      From worker 2:		num_not_imitating:		4999092
      From worker 2:		num_strategies_changed:  	440931
      From worker 2:			num_random_strategies: 	14922
      From worker 2:		num_sets_changed: 		295339
      From worker 2:			num_random_opinions: 	7402
      From worker 2:			num_biased_opinions: 	7483
      From worker 2:		num_both_changed: 		17474
      From worker 2:	
      From worker 3:	data processed and exported
      From worker 2:	data processed and exported
      From worker 3:	
      From worker 3:	starting b_1.0_c_0.2_N_40_M_1_K_1_P_2_beta_0.001_u_0.001_v_0.001_p_1.0_ϵ_1.0_gens_20000000_210221-011720.772
      From worker 2:	
      From worker 2:	starting b_1.0_c_0.2_N_40_M_1_K_1_P_2_beta_0.001_u_0.001_v_0.001_p_0.75_ϵ_1.0_gens_20000000_210221-011720.772
      From worker 5:	replicate complete, ran 20000000 generations:
      From worker 5:	
      From worker 5:		num_imitating:			20000000
      From worker 5:		num_not_imitating:		0
      From worker 5:		num_strategies_changed:  	586775
      From worker 5:			num_random_strategies: 	20111
      From worker 5:		num_sets_changed: 		1688392
      From worker 5:			num_random_opinions: 	99604
      From worker 5:			num_biased_opinions: 	0
      From worker 5:		num_both_changed: 		95033
      From worker 5:	
      From worker 5:	data processed and exported
      From worker 5:	
      From worker 5:	starting b_1.0_c_0.2_N_40_M_1_K_1_P_2_beta_0.001_u_0.001_v_0.005_p_0.25_ϵ_1.0_gens_20000000_210221-011720.772
      From worker 14:	replicate complete, ran 20000000 generations:
      From worker 14:	
      From worker 14:		num_imitating:			12498850
      From worker 14:		num_not_imitating:		7501150
      From worker 14:		num_strategies_changed:  	339013
      From worker 14:			num_random_strategies: 	12205
      From worker 14:		num_sets_changed: 		4982470
      From worker 14:			num_random_opinions: 	872309
      From worker 14:			num_biased_opinions: 	2620549
      From worker 14:		num_both_changed: 		147893
      From worker 14:	
      From worker 14:	data processed and exported
      From worker 14:	
      From worker 14:	starting b_1.0_c_0.2_N_40_M_1_K_1_P_2_beta_0.001_u_0.001_v_0.2795084971874737_p_1.0_ϵ_1.0_gens_20000000_210221-011720.772
      From worker 6:	replicate complete, ran 20000000 generations:
      From worker 6:	
      From worker 6:		num_imitating:			17499227
      From worker 6:		num_not_imitating:		2500773
      From worker 6:		num_strategies_changed:  	529322
      From worker 6:			num_random_strategies: 	17402
      From worker 6:		num_sets_changed: 		1469528
      From worker 6:			num_random_opinions: 	65757
      From worker 6:			num_biased_opinions: 	21472
      From worker 6:		num_both_changed: 		87470
      From worker 6:	
      From worker 6:	data processed and exported
      From worker 6:	
      From worker 6:	starting b_1.0_c_0.2_N_40_M_1_K_1_P_2_beta_0.001_u_0.001_v_0.005_p_0.5_ϵ_1.0_gens_20000000_210221-011720.772
      From worker 13:	replicate complete, ran 20000000 generations:
      From worker 13:	
      From worker 13:		num_imitating:			15003279
      From worker 13:		num_not_imitating:		4996721
      From worker 13:		num_strategies_changed:  	422884
      From worker 13:			num_random_strategies: 	15016
      From worker 13:		num_sets_changed: 		6279856
      From worker 13:			num_random_opinions: 	936989
      From worker 13:			num_biased_opinions: 	936820
      From worker 13:		num_both_changed: 		204585
      From worker 13:	
      From worker 13:	data processed and exported
      From worker 13:	
      From worker 13:	starting b_1.0_c_0.2_N_40_M_1_K_1_P_2_beta_0.001_u_0.001_v_0.125_p_0.75_ϵ_1.0_gens_20000000_210221-011720.772
      From worker 12:	replicate complete, ran 20000000 generations:
      From worker 12:	
      From worker 12:		num_imitating:			17503716
      From worker 12:		num_not_imitating:		2496284
      From worker 12:		num_strategies_changed:  	488495
      From worker 12:			num_random_strategies: 	17374
      From worker 12:		num_sets_changed: 		7408893
      From worker 12:			num_random_opinions: 	1641456
      From worker 12:			num_biased_opinions: 	547012
      From worker 12:		num_both_changed: 		236865
      From worker 12:	
      From worker 12:	data processed and exported
      From worker 12:	
      From worker 12:	starting b_1.0_c_0.2_N_40_M_1_K_1_P_2_beta_0.001_u_0.001_v_0.125_p_0.5_ϵ_1.0_gens_20000000_210221-011720.772
      From worker 9:	replicate complete, ran 20000000 generations:
      From worker 9:	
      From worker 9:		num_imitating:			10002438
      From worker 9:		num_not_imitating:		9997562
      From worker 9:		num_strategies_changed:  	142006
      From worker 9:			num_random_strategies: 	10171
      From worker 9:		num_sets_changed: 		0
      From worker 9:			num_random_opinions: 	0
      From worker 9:			num_biased_opinions: 	249141
      From worker 9:		num_both_changed: 		0
      From worker 9:	
      From worker 9:	data processed and exported
      From worker 9:	
      From worker 9:	starting b_1.0_c_0.2_N_40_M_1_K_1_P_2_beta_0.001_u_0.001_v_0.025_p_0.0_ϵ_1.0_gens_20000000_210221-011720.772
      From worker 8:	replicate complete, ran 20000000 generations:
      From worker 8:	
      From worker 8:		num_imitating:			12500471
      From worker 8:		num_not_imitating:		7499529
      From worker 8:		num_strategies_changed:  	367268
      From worker 8:			num_random_strategies: 	12488
      From worker 8:		num_sets_changed: 		1965538
      From worker 8:			num_random_opinions: 	35080
      From worker 8:			num_biased_opinions: 	104694
      From worker 8:		num_both_changed: 		104922
      From worker 8:	
      From worker 8:	data processed and exported
      From worker 8:	
      From worker 8:	starting b_1.0_c_0.2_N_40_M_1_K_1_P_2_beta_0.001_u_0.001_v_0.011180339887498947_p_1.0_ϵ_1.0_gens_20000000_210221-011720.772
      From worker 7:	replicate complete, ran 20000000 generations:
      From worker 7:	
      From worker 7:		num_imitating:			14998094
      From worker 7:		num_not_imitating:		5001906
      From worker 7:		num_strategies_changed:  	454059
      From worker 7:			num_random_strategies: 	15107
      From worker 7:		num_sets_changed: 		2326750
      From worker 7:			num_random_opinions: 	83438
      From worker 7:			num_biased_opinions: 	84423
      From worker 7:		num_both_changed: 		117079
      From worker 7:	
      From worker 7:	data processed and exported
      From worker 7:	
      From worker 7:	starting b_1.0_c_0.2_N_40_M_1_K_1_P_2_beta_0.001_u_0.001_v_0.011180339887498947_p_0.75_ϵ_1.0_gens_20000000_210221-011720.772
      From worker 10:	replicate complete, ran 20000000 generations:
      From worker 10:	
      From worker 10:		num_imitating:			20000000
      From worker 10:		num_not_imitating:		0
      From worker 10:		num_strategies_changed:  	560505
      From worker 10:			num_random_strategies: 	19811
      From worker 10:		num_sets_changed: 		7034400
      From worker 10:			num_random_opinions: 	1118037
      From worker 10:			num_biased_opinions: 	0
      From worker 10:		num_both_changed: 		254620
      From worker 10:	
      From worker 10:	data processed and exported
      From worker 10:	
      From worker 10:	starting b_1.0_c_0.2_N_40_M_1_K_1_P_2_beta_0.001_u_0.001_v_0.055901699437494755_p_0.25_ϵ_1.0_gens_20000000_210221-011720.772
      From worker 3:	replicate complete, ran 20000000 generations:
      From worker 3:	
      From worker 3:		num_imitating:			10000825
      From worker 3:		num_not_imitating:		9999175
      From worker 3:		num_strategies_changed:  	144222
      From worker 3:			num_random_strategies: 	9941
      From worker 3:		num_sets_changed: 		0
      From worker 3:			num_random_opinions: 	0
      From worker 3:			num_biased_opinions: 	9957
      From worker 3:		num_both_changed: 		0
      From worker 3:	
      From worker 3:	data processed and exported
      From worker 3:	
      From worker 3:	starting b_1.0_c_0.2_N_40_M_1_K_1_P_2_beta_0.001_u_0.001_v_0.0022360679774997894_p_0.0_ϵ_1.0_gens_20000000_210221-011720.772
      From worker 2:	replicate complete, ran 20000000 generations:
      From worker 2:	
      From worker 2:		num_imitating:			12500378
      From worker 2:		num_not_imitating:		7499622
      From worker 2:		num_strategies_changed:  	362945
      From worker 2:			num_random_strategies: 	12561
      From worker 2:		num_sets_changed: 		240856
      From worker 2:			num_random_opinions: 	3050
      From worker 2:			num_biased_opinions: 	9592
      From worker 2:		num_both_changed: 		12969
      From worker 2:	
      From worker 2:	data processed and exported
      From worker 2:	
      From worker 2:	starting b_1.0_c_0.2_N_40_M_1_K_1_P_2_beta_0.001_u_0.001_v_0.001_p_1.0_ϵ_1.0_gens_20000000_210221-011720.772
      From worker 4:	replicate complete, ran 20000000 generations:
      From worker 4:	
      From worker 4:		num_imitating:			20000000
      From worker 4:		num_not_imitating:		0
      From worker 4:		num_strategies_changed:  	598348
      From worker 4:			num_random_strategies: 	19928
      From worker 4:		num_sets_changed: 		832488
      From worker 4:			num_random_opinions: 	44715
      From worker 4:			num_biased_opinions: 	0
      From worker 4:		num_both_changed: 		45678
      From worker 4:	
      From worker 4:	data processed and exported
      From worker 4:	
      From worker 4:	starting b_1.0_c_0.2_N_40_M_1_K_1_P_2_beta_0.001_u_0.001_v_0.0022360679774997894_p_0.25_ϵ_1.0_gens_20000000_210221-011720.772
      From worker 14:	replicate complete, ran 20000000 generations:
      From worker 14:	
      From worker 14:		num_imitating:			9999875
      From worker 14:		num_not_imitating:		10000125
      From worker 14:		num_strategies_changed:  	144098
      From worker 14:			num_random_strategies: 	9917
      From worker 14:		num_sets_changed: 		0
      From worker 14:			num_random_opinions: 	0
      From worker 14:			num_biased_opinions: 	2792984
      From worker 14:		num_both_changed: 		0
      From worker 14:	
      From worker 14:	data processed and exported
      From worker 14:	
      From worker 14:	starting b_1.0_c_0.2_N_40_M_1_K_1_P_2_beta_0.001_u_0.001_v_0.2795084971874737_p_0.0_ϵ_1.0_gens_20000000_210221-011720.772
      From worker 5:	replicate complete, ran 20000000 generations:
      From worker 5:	
      From worker 5:		num_imitating:			17500531
      From worker 5:		num_not_imitating:		2499469
      From worker 5:		num_strategies_changed:  	473740
      From worker 5:			num_random_strategies: 	17472
      From worker 5:		num_sets_changed: 		1498982
      From worker 5:			num_random_opinions: 	65220
      From worker 5:			num_biased_opinions: 	21840
      From worker 5:		num_both_changed: 		66544
      From worker 5:	
      From worker 5:	data processed and exported
      From worker 5:	
      From worker 5:	starting b_1.0_c_0.2_N_40_M_1_K_1_P_2_beta_0.001_u_0.001_v_0.005_p_0.5_ϵ_1.0_gens_20000000_210221-011720.772
      From worker 11:	replicate complete, ran 20000000 generations:
      From worker 11:	
      From worker 11:		num_imitating:			17500076
      From worker 11:		num_not_imitating:		2499924
      From worker 11:		num_strategies_changed:  	512882
      From worker 11:			num_random_strategies: 	17819
      From worker 11:		num_sets_changed: 		6152324
      From worker 11:			num_random_opinions: 	734374
      From worker 11:			num_biased_opinions: 	243946
      From worker 11:		num_both_changed: 		231406
      From worker 11:	
      From worker 11:	data processed and exported
      From worker 11:	
      From worker 11:	starting b_1.0_c_0.2_N_40_M_1_K_1_P_2_beta_0.001_u_0.001_v_0.055901699437494755_p_0.5_ϵ_1.0_gens_20000000_210221-011720.772
      From worker 6:	replicate complete, ran 20000000 generations:
      From worker 6:	
      From worker 6:		num_imitating:			14998667
      From worker 6:		num_not_imitating:		5001333
      From worker 6:		num_strategies_changed:  	448278
      From worker 6:			num_random_strategies: 	14872
      From worker 6:		num_sets_changed: 		1230734
      From worker 6:			num_random_opinions: 	37299
      From worker 6:			num_biased_opinions: 	37665
      From worker 6:		num_both_changed: 		58632
      From worker 6:	
      From worker 6:	data processed and exported
      From worker 6:	
      From worker 6:	starting b_1.0_c_0.2_N_40_M_1_K_1_P_2_beta_0.001_u_0.001_v_0.005_p_0.75_ϵ_1.0_gens_20000000_210221-011720.772
      From worker 15:	replicate complete, ran 20000000 generations:
      From worker 15:	
      From worker 15:		num_imitating:			20000000
      From worker 15:		num_not_imitating:		0
      From worker 15:		num_strategies_changed:  	587750
      From worker 15:			num_random_strategies: 	20030
      From worker 15:		num_sets_changed: 		9846606
      From worker 15:			num_random_opinions: 	12500312
      From worker 15:			num_biased_opinions: 	0
      From worker 15:		num_both_changed: 		293783
      From worker 15:	
      From worker 15:	data processed and exported
      From worker 15:	
      From worker 15:	starting b_1.0_c_0.2_N_40_M_1_K_1_P_2_beta_0.001_u_0.001_v_0.625_p_0.25_ϵ_1.0_gens_20000000_210221-011720.772
      From worker 8:	replicate complete, ran 20000000 generations:
      From worker 8:	
      From worker 8:		num_imitating:			10000226
      From worker 8:		num_not_imitating:		9999774
      From worker 8:		num_strategies_changed:  	149638
      From worker 8:			num_random_strategies: 	10202
      From worker 8:		num_sets_changed: 		0
      From worker 8:			num_random_opinions: 	0
      From worker 8:			num_biased_opinions: 	112500
      From worker 8:		num_both_changed: 		0
      From worker 8:	
      From worker 8:	data processed and exported
      From worker 8:	
      From worker 8:	starting b_1.0_c_0.2_N_40_M_1_K_1_P_2_beta_0.001_u_0.001_v_0.025_p_0.0_ϵ_1.0_gens_20000000_210221-011720.772
      From worker 13:	replicate complete, ran 20000000 generations:
      From worker 13:	
      From worker 13:		num_imitating:			12498426
      From worker 13:		num_not_imitating:		7501574
      From worker 13:		num_strategies_changed:  	360055
      From worker 13:			num_random_strategies: 	12231
      From worker 13:		num_sets_changed: 		4988078
      From worker 13:			num_random_opinions: 	390770
      From worker 13:			num_biased_opinions: 	1171387
      From worker 13:		num_both_changed: 		171341
      From worker 13:	
      From worker 13:	data processed and exported
      From worker 13:	
      From worker 13:	starting b_1.0_c_0.2_N_40_M_1_K_1_P_2_beta_0.001_u_0.001_v_0.125_p_1.0_ϵ_1.0_gens_20000000_210221-011720.772
      From worker 16:	replicate complete, ran 20000000 generations:
      From worker 16:	
      From worker 16:		num_imitating:			17505174
      From worker 16:		num_not_imitating:		2494826
      From worker 16:		num_strategies_changed:  	488005
      From worker 16:			num_random_strategies: 	17326
      From worker 16:		num_sets_changed: 		8375795
      From worker 16:			num_random_opinions: 	8202616
      From worker 16:			num_biased_opinions: 	2736684
      From worker 16:		num_both_changed: 		237716
      From worker 16:	
      From worker 16:	data processed and exported
      From worker 16:	
      From worker 16:	starting b_1.0_c_0.2_N_40_M_1_K_1_P_2_beta_0.001_u_0.001_v_0.625_p_0.5_ϵ_1.0_gens_20000000_210221-011720.772
      From worker 7:	replicate complete, ran 20000000 generations:
      From worker 7:	
      From worker 7:		num_imitating:			12499429
      From worker 7:		num_not_imitating:		7500571
      From worker 7:		num_strategies_changed:  	381648
      From worker 7:			num_random_strategies: 	12519
      From worker 7:		num_sets_changed: 		1937715
      From worker 7:			num_random_opinions: 	35209
      From worker 7:			num_biased_opinions: 	104720
      From worker 7:		num_both_changed: 		99404
      From worker 7:	
      From worker 7:	data processed and exported
      From worker 7:	
      From worker 7:	starting b_1.0_c_0.2_N_40_M_1_K_1_P_2_beta_0.001_u_0.001_v_0.011180339887498947_p_1.0_ϵ_1.0_gens_20000000_210221-011720.772
      From worker 2:	replicate complete, ran 20000000 generations:
      From worker 2:	
      From worker 2:		num_imitating:			10000847
      From worker 2:		num_not_imitating:		9999153
      From worker 2:		num_strategies_changed:  	145332
      From worker 2:			num_random_strategies: 	9952
      From worker 2:		num_sets_changed: 		0
      From worker 2:			num_random_opinions: 	0
      From worker 2:			num_biased_opinions: 	9933
      From worker 2:		num_both_changed: 		0
      From worker 2:	
      From worker 2:	data processed and exported
      From worker 2:	
      From worker 2:	starting b_1.0_c_0.2_N_40_M_1_K_1_P_2_beta_0.001_u_0.001_v_0.001_p_0.0_ϵ_1.0_gens_20000000_210221-011720.772
      From worker 9:	replicate complete, ran 20000000 generations:
      From worker 9:	
      From worker 9:		num_imitating:			20000000
      From worker 9:		num_not_imitating:		0
      From worker 9:		num_strategies_changed:  	582070
      From worker 9:			num_random_strategies: 	19824
      From worker 9:		num_sets_changed: 		5119107
      From worker 9:			num_random_opinions: 	499322
      From worker 9:			num_biased_opinions: 	0
      From worker 9:		num_both_changed: 		213658
      From worker 9:	
      From worker 9:	data processed and exported
      From worker 9:	
      From worker 9:	starting b_1.0_c_0.2_N_40_M_1_K_1_P_2_beta_0.001_u_0.001_v_0.025_p_0.25_ϵ_1.0_gens_20000000_210221-011720.772
      From worker 3:	replicate complete, ran 20000000 generations:
      From worker 3:	
      From worker 3:		num_imitating:			20000000
      From worker 3:		num_not_imitating:		0
      From worker 3:		num_strategies_changed:  	583987
      From worker 3:			num_random_strategies: 	19997
      From worker 3:		num_sets_changed: 		841186
      From worker 3:			num_random_opinions: 	44696
      From worker 3:			num_biased_opinions: 	0
      From worker 3:		num_both_changed: 		49251
      From worker 3:	
      From worker 3:	data processed and exported
      From worker 3:	
      From worker 3:	starting b_1.0_c_0.2_N_40_M_1_K_1_P_2_beta_0.001_u_0.001_v_0.0022360679774997894_p_0.25_ϵ_1.0_gens_20000000_210221-011720.772
      From worker 4:	replicate complete, ran 20000000 generations:
      From worker 4:	
      From worker 4:		num_imitating:			17502597
      From worker 4:		num_not_imitating:		2497403
      From worker 4:		num_strategies_changed:  	515485
      From worker 4:			num_random_strategies: 	17497
      From worker 4:		num_sets_changed: 		735422
      From worker 4:			num_random_opinions: 	29121
      From worker 4:			num_biased_opinions: 	9830
      From worker 4:		num_both_changed: 		39839
      From worker 4:	
      From worker 4:	data processed and exported
      From worker 4:	
      From worker 4:	starting b_1.0_c_0.2_N_40_M_1_K_1_P_2_beta_0.001_u_0.001_v_0.0022360679774997894_p_0.5_ϵ_1.0_gens_20000000_210221-011720.772
      From worker 12:	replicate complete, ran 20000000 generations:
      From worker 12:	
      From worker 12:		num_imitating:			15001657
      From worker 12:		num_not_imitating:		4998343
      From worker 12:		num_strategies_changed:  	449475
      From worker 12:			num_random_strategies: 	15241
      From worker 12:		num_sets_changed: 		6276246
      From worker 12:			num_random_opinions: 	935286
      From worker 12:			num_biased_opinions: 	940210
      From worker 12:		num_both_changed: 		216885
      From worker 12:	
      From worker 12:	data processed and exported
      From worker 12:	
      From worker 12:	starting b_1.0_c_0.2_N_40_M_1_K_1_P_2_beta_0.001_u_0.001_v_0.125_p_0.75_ϵ_1.0_gens_20000000_210221-011720.772
      From worker 5:	replicate complete, ran 20000000 generations:
      From worker 5:	
      From worker 5:		num_imitating:			14998090
      From worker 5:		num_not_imitating:		5001910
      From worker 5:		num_strategies_changed:  	438762
      From worker 5:			num_random_strategies: 	15155
      From worker 5:		num_sets_changed: 		1306906
      From worker 5:			num_random_opinions: 	37691
      From worker 5:			num_biased_opinions: 	37295
      From worker 5:		num_both_changed: 		68164
      From worker 5:	
      From worker 5:	data processed and exported
      From worker 5:	
      From worker 5:	starting b_1.0_c_0.2_N_40_M_1_K_1_P_2_beta_0.001_u_0.001_v_0.005_p_0.75_ϵ_1.0_gens_20000000_210221-011720.772
      From worker 6:	replicate complete, ran 20000000 generations:
      From worker 6:	
      From worker 6:		num_imitating:			12498451
      From worker 6:		num_not_imitating:		7501549
      From worker 6:		num_strategies_changed:  	367869
      From worker 6:			num_random_strategies: 	12522
      From worker 6:		num_sets_changed: 		1020178
      From worker 6:			num_random_opinions: 	15707
      From worker 6:			num_biased_opinions: 	47040
      From worker 6:		num_both_changed: 		59893
      From worker 6:	
      From worker 6:	data processed and exported
      From worker 6:	
      From worker 6:	starting b_1.0_c_0.2_N_40_M_1_K_1_P_2_beta_0.001_u_0.001_v_0.005_p_1.0_ϵ_1.0_gens_20000000_210221-011720.772
      From worker 10:	replicate complete, ran 20000000 generations:
      From worker 10:	
      From worker 10:		num_imitating:			17499972
      From worker 10:		num_not_imitating:		2500028
      From worker 10:		num_strategies_changed:  	521282
      From worker 10:			num_random_strategies: 	17641
      From worker 10:		num_sets_changed: 		6123744
      From worker 10:			num_random_opinions: 	733264
      From worker 10:			num_biased_opinions: 	244640
      From worker 10:		num_both_changed: 		239926
      From worker 10:	
      From worker 10:	data processed and exported
      From worker 10:	
      From worker 10:	starting b_1.0_c_0.2_N_40_M_1_K_1_P_2_beta_0.001_u_0.001_v_0.055901699437494755_p_0.5_ϵ_1.0_gens_20000000_210221-011720.772
      From worker 13:	replicate complete, ran 20000000 generations:
      From worker 13:	
      From worker 13:		num_imitating:			9997943
      From worker 13:		num_not_imitating:		10002057
      From worker 13:		num_strategies_changed:  	149339
      From worker 13:			num_random_strategies: 	9776
      From worker 13:		num_sets_changed: 		0
      From worker 13:			num_random_opinions: 	0
      From worker 13:			num_biased_opinions: 	1250978
      From worker 13:		num_both_changed: 		0
      From worker 13:	
      From worker 13:	data processed and exported
      From worker 13:	
      From worker 13:	starting b_1.0_c_0.2_N_40_M_1_K_1_P_2_beta_0.001_u_0.001_v_0.2795084971874737_p_0.0_ϵ_1.0_gens_20000000_210221-011720.772
      From worker 11:	replicate complete, ran 20000000 generations:
      From worker 11:	
      From worker 11:		num_imitating:			14998178
      From worker 11:		num_not_imitating:		5001822
      From worker 11:		num_strategies_changed:  	422590
      From worker 11:			num_random_strategies: 	14988
      From worker 11:		num_sets_changed: 		5236050
      From worker 11:			num_random_opinions: 	420243
      From worker 11:			num_biased_opinions: 	419364
      From worker 11:		num_both_changed: 		189387
      From worker 11:	
      From worker 11:	data processed and exported
      From worker 11:	
      From worker 11:	starting b_1.0_c_0.2_N_40_M_1_K_1_P_2_beta_0.001_u_0.001_v_0.055901699437494755_p_0.75_ϵ_1.0_gens_20000000_210221-011720.772
      From worker 7:	replicate complete, ran 20000000 generations:
      From worker 7:	
      From worker 7:		num_imitating:			10001483
      From worker 7:		num_not_imitating:		9998517
      From worker 7:		num_strategies_changed:  	144369
      From worker 7:			num_random_strategies: 	9940
      From worker 7:		num_sets_changed: 		0
      From worker 7:			num_random_opinions: 	0
      From worker 7:			num_biased_opinions: 	111912
      From worker 7:		num_both_changed: 		0
      From worker 7:	
      From worker 7:	data processed and exported
      From worker 7:	
      From worker 7:	starting b_1.0_c_0.2_N_40_M_1_K_1_P_2_beta_0.001_u_0.001_v_0.011180339887498947_p_0.0_ϵ_1.0_gens_20000000_210221-011720.772
      From worker 2:	replicate complete, ran 20000000 generations:
      From worker 2:	
      From worker 2:		num_imitating:			20000000
      From worker 2:		num_not_imitating:		0
      From worker 2:		num_strategies_changed:  	587232
      From worker 2:			num_random_strategies: 	19846
      From worker 2:		num_sets_changed: 		387130
      From worker 2:			num_random_opinions: 	19857
      From worker 2:			num_biased_opinions: 	0
      From worker 2:		num_both_changed: 		24863
      From worker 2:	
      From worker 2:	data processed and exported
      From worker 14:	replicate complete, ran 20000000 generations:
      From worker 14:	
      From worker 14:		num_imitating:			20000000
      From worker 14:		num_not_imitating:		0
      From worker 14:		num_strategies_changed:  	568017
      From worker 14:			num_random_strategies: 	19779
      From worker 14:		num_sets_changed: 		9396987
      From worker 14:			num_random_opinions: 	5589925
      From worker 14:			num_biased_opinions: 	0
      From worker 14:		num_both_changed: 		282697
      From worker 14:	
      From worker 8:	replicate complete, ran 20000000 generations:
      From worker 8:	
      From worker 8:		num_imitating:			20000000
      From worker 8:		num_not_imitating:		0
      From worker 8:		num_strategies_changed:  	606306
      From worker 8:			num_random_strategies: 	20000
      From worker 8:		num_sets_changed: 		5051569
      From worker 8:			num_random_opinions: 	499548
      From worker 8:			num_biased_opinions: 	0
      From worker 8:		num_both_changed: 		228628
      From worker 8:	
      From worker 14:	data processed and exported
      From worker 14:	
      From worker 14:	starting b_1.0_c_0.2_N_40_M_1_K_1_P_2_beta_0.001_u_0.001_v_0.2795084971874737_p_0.25_ϵ_1.0_gens_20000000_210221-011720.772
      From worker 8:	data processed and exported
      From worker 8:	
      From worker 8:	starting b_1.0_c_0.2_N_40_M_1_K_1_P_2_beta_0.001_u_0.001_v_0.025_p_0.25_ϵ_1.0_gens_20000000_210221-011720.772
      From worker 4:	replicate complete, ran 20000000 generations:
      From worker 4:	
      From worker 4:		num_imitating:			15001601
      From worker 4:		num_not_imitating:		4998399
      From worker 4:		num_strategies_changed:  	426425
      From worker 4:			num_random_strategies: 	14987
      From worker 4:		num_sets_changed: 		643044
      From worker 4:			num_random_opinions: 	16802
      From worker 4:			num_biased_opinions: 	16729
      From worker 4:		num_both_changed: 		31382
      From worker 4:	
      From worker 3:	replicate complete, ran 20000000 generations:
      From worker 3:	
      From worker 3:		num_imitating:			17498655
      From worker 3:		num_not_imitating:		2501345
      From worker 3:		num_strategies_changed:  	525306
      From worker 3:			num_random_strategies: 	17583
      From worker 3:		num_sets_changed: 		732123
      From worker 3:			num_random_opinions: 	29514
      From worker 3:			num_biased_opinions: 	9780
      From worker 3:		num_both_changed: 		48045
      From worker 3:	
      From worker 4:	data processed and exported
      From worker 3:	data processed and exported
      From worker 15:	replicate complete, ran 20000000 generations:
      From worker 15:	
      From worker 15:		num_imitating:			17498833
      From worker 15:		num_not_imitating:		2501167
      From worker 15:		num_strategies_changed:  	511353
      From worker 15:			num_random_strategies: 	17625
      From worker 15:		num_sets_changed: 		8374382
      From worker 15:			num_random_opinions: 	8206081
      From worker 15:			num_biased_opinions: 	2734890
      From worker 15:		num_both_changed: 		248624
      From worker 15:	
      From worker 15:	data processed and exported
      From worker 15:	
      From worker 15:	starting b_1.0_c_0.2_N_40_M_1_K_1_P_2_beta_0.001_u_0.001_v_0.625_p_0.5_ϵ_1.0_gens_20000000_210221-011720.772
      From worker 6:	replicate complete, ran 20000000 generations:
      From worker 6:	
      From worker 6:		num_imitating:			10001058
      From worker 6:		num_not_imitating:		9998942
      From worker 6:		num_strategies_changed:  	143365
      From worker 6:			num_random_strategies: 	9998
      From worker 6:		num_sets_changed: 		0
      From worker 6:			num_random_opinions: 	0
      From worker 6:			num_biased_opinions: 	49987
      From worker 6:		num_both_changed: 		0
      From worker 6:	
      From worker 6:	data processed and exported
      From worker 16:	replicate complete, ran 20000000 generations:
      From worker 16:	
      From worker 16:		num_imitating:			15000851
      From worker 16:		num_not_imitating:		4999149
      From worker 16:		num_strategies_changed:  	436938
      From worker 16:			num_random_strategies: 	14834
      From worker 16:		num_sets_changed: 		6422229
      From worker 16:			num_random_opinions: 	4689722
      From worker 16:			num_biased_opinions: 	4686931
      From worker 16:		num_both_changed: 		190510
      From worker 16:	
      From worker 16:	data processed and exported
      From worker 16:	
      From worker 16:	starting b_1.0_c_0.2_N_40_M_1_K_1_P_2_beta_0.001_u_0.001_v_0.625_p_0.75_ϵ_1.0_gens_20000000_210221-011720.772
      From worker 5:	replicate complete, ran 20000000 generations:
      From worker 5:	
      From worker 5:		num_imitating:			12500076
      From worker 5:		num_not_imitating:		7499924
      From worker 5:		num_strategies_changed:  	366208
      From worker 5:			num_random_strategies: 	12383
      From worker 5:		num_sets_changed: 		1049696
      From worker 5:			num_random_opinions: 	15678
      From worker 5:			num_biased_opinions: 	46822
      From worker 5:		num_both_changed: 		55365
      From worker 5:	
      From worker 5:	data processed and exported
      From worker 9:	replicate complete, ran 20000000 generations:
      From worker 9:	
      From worker 9:		num_imitating:			17498492
      From worker 9:		num_not_imitating:		2501508
      From worker 9:		num_strategies_changed:  	500893
      From worker 9:			num_random_strategies: 	17421
      From worker 9:		num_sets_changed: 		4404822
      From worker 9:			num_random_opinions: 	328005
      From worker 9:			num_biased_opinions: 	109408
      From worker 9:		num_both_changed: 		191278
      From worker 9:	
      From worker 9:	data processed and exported
      From worker 9:	
      From worker 9:	starting b_1.0_c_0.2_N_40_M_1_K_1_P_2_beta_0.001_u_0.001_v_0.025_p_0.5_ϵ_1.0_gens_20000000_210221-011720.772
      From worker 12:	replicate complete, ran 20000000 generations:
      From worker 12:	
      From worker 12:		num_imitating:			12495111
      From worker 12:		num_not_imitating:		7504889
      From worker 12:		num_strategies_changed:  	361062
      From worker 12:			num_random_strategies: 	12257
      From worker 12:		num_sets_changed: 		4985253
      From worker 12:			num_random_opinions: 	390733
      From worker 12:			num_biased_opinions: 	1171209
      From worker 12:		num_both_changed: 		173134
      From worker 12:	
      From worker 12:	data processed and exported
      From worker 12:	
      From worker 12:	starting b_1.0_c_0.2_N_40_M_1_K_1_P_2_beta_0.001_u_0.001_v_0.125_p_1.0_ϵ_1.0_gens_20000000_210221-011720.772
      From worker 10:	replicate complete, ran 20000000 generations:
      From worker 10:	
      From worker 10:		num_imitating:			15000826
      From worker 10:		num_not_imitating:		4999174
      From worker 10:		num_strategies_changed:  	441634
      From worker 10:			num_random_strategies: 	14944
      From worker 10:		num_sets_changed: 		5233426
      From worker 10:			num_random_opinions: 	419172
      From worker 10:			num_biased_opinions: 	420149
      From worker 10:		num_both_changed: 		197792
      From worker 10:	
      From worker 10:	data processed and exported
      From worker 10:	
      From worker 10:	starting b_1.0_c_0.2_N_40_M_1_K_1_P_2_beta_0.001_u_0.001_v_0.055901699437494755_p_0.75_ϵ_1.0_gens_20000000_210221-011720.772
      From worker 11:	replicate complete, ran 20000000 generations:
      From worker 11:	
      From worker 11:		num_imitating:			12501040
      From worker 11:		num_not_imitating:		7498960
      From worker 11:		num_strategies_changed:  	378367
      From worker 11:			num_random_strategies: 	12484
      From worker 11:		num_sets_changed: 		4247504
      From worker 11:			num_random_opinions: 	175575
      From worker 11:			num_biased_opinions: 	524738
      From worker 11:		num_both_changed: 		172232
      From worker 11:	
      From worker 11:	data processed and exported
      From worker 11:	
      From worker 11:	starting b_1.0_c_0.2_N_40_M_1_K_1_P_2_beta_0.001_u_0.001_v_0.055901699437494755_p_1.0_ϵ_1.0_gens_20000000_210221-011720.772
      From worker 7:	replicate complete, ran 20000000 generations:
      From worker 7:	
      From worker 7:		num_imitating:			20000000
      From worker 7:		num_not_imitating:		0
      From worker 7:		num_strategies_changed:  	569371
      From worker 7:			num_random_strategies: 	19975
      From worker 7:		num_sets_changed: 		3196502
      From worker 7:			num_random_opinions: 	222891
      From worker 7:			num_biased_opinions: 	0
      From worker 7:		num_both_changed: 		155214
      From worker 7:	
      From worker 7:	data processed and exported
      From worker 8:	replicate complete, ran 20000000 generations:
      From worker 8:	
      From worker 8:		num_imitating:			17502772
      From worker 8:		num_not_imitating:		2497228
      From worker 8:		num_strategies_changed:  	515314
      From worker 8:			num_random_strategies: 	17615
      From worker 8:		num_sets_changed: 		4423087
      From worker 8:			num_random_opinions: 	328235
      From worker 8:			num_biased_opinions: 	110058
      From worker 8:		num_both_changed: 		196420
      From worker 8:	
      From worker 8:	data processed and exported
      From worker 12:	replicate complete, ran 20000000 generations:
      From worker 12:	
      From worker 12:		num_imitating:			9995098
      From worker 12:		num_not_imitating:		10004902
      From worker 12:		num_strategies_changed:  	143559
      From worker 12:			num_random_strategies: 	10034
      From worker 12:		num_sets_changed: 		0
      From worker 12:			num_random_opinions: 	0
      From worker 12:			num_biased_opinions: 	1249795
      From worker 12:		num_both_changed: 		0
      From worker 12:	
      From worker 12:	data processed and exported
      From worker 12:	
      From worker 12:	starting b_1.0_c_0.2_N_40_M_1_K_1_P_2_beta_0.001_u_0.001_v_0.125_p_0.0_ϵ_1.0_gens_20000000_210221-011720.772
      From worker 13:	replicate complete, ran 20000000 generations:
      From worker 13:	
      From worker 13:		num_imitating:			20000000
      From worker 13:		num_not_imitating:		0
      From worker 13:		num_strategies_changed:  	596990
      From worker 13:			num_random_strategies: 	20108
      From worker 13:		num_sets_changed: 		9396104
      From worker 13:			num_random_opinions: 	5588567
      From worker 13:			num_biased_opinions: 	0
      From worker 13:		num_both_changed: 		297166
      From worker 13:	
      From worker 13:	data processed and exported
      From worker 13:	
      From worker 13:	starting b_1.0_c_0.2_N_40_M_1_K_1_P_2_beta_0.001_u_0.001_v_0.2795084971874737_p_0.25_ϵ_1.0_gens_20000000_210221-011720.772
      From worker 16:	replicate complete, ran 20000000 generations:
      From worker 16:	
      From worker 16:		num_imitating:			12497317
      From worker 16:		num_not_imitating:		7502683
      From worker 16:		num_strategies_changed:  	354500
      From worker 16:			num_random_strategies: 	12408
      From worker 16:		num_sets_changed: 		3878384
      From worker 16:			num_random_opinions: 	1952152
      From worker 16:			num_biased_opinions: 	5858920
      From worker 16:		num_both_changed: 		114415
      From worker 16:	
      From worker 16:	data processed and exported
      From worker 16:	
      From worker 16:	starting b_1.0_c_0.2_N_40_M_1_K_1_P_2_beta_0.001_u_0.001_v_0.625_p_1.0_ϵ_1.0_gens_20000000_210221-011720.772
      From worker 9:	replicate complete, ran 20000000 generations:
      From worker 9:	
      From worker 9:		num_imitating:			14999483
      From worker 9:		num_not_imitating:		5000517
      From worker 9:		num_strategies_changed:  	398248
      From worker 9:			num_random_strategies: 	14941
      From worker 9:		num_sets_changed: 		3775668
      From worker 9:			num_random_opinions: 	187423
      From worker 9:			num_biased_opinions: 	188002
      From worker 9:		num_both_changed: 		149990
      From worker 9:	
      From worker 9:	data processed and exported
      From worker 14:	replicate complete, ran 20000000 generations:
      From worker 14:	
      From worker 14:		num_imitating:			17498576
      From worker 14:		num_not_imitating:		2501424
      From worker 14:		num_strategies_changed:  	493455
      From worker 14:			num_random_strategies: 	17599
      From worker 14:		num_sets_changed: 		8149814
      From worker 14:			num_random_opinions: 	3666928
      From worker 14:			num_biased_opinions: 	1224330
      From worker 14:		num_both_changed: 		243946
      From worker 14:	
      From worker 14:	data processed and exported
      From worker 14:	
      From worker 14:	starting b_1.0_c_0.2_N_40_M_1_K_1_P_2_beta_0.001_u_0.001_v_0.2795084971874737_p_0.5_ϵ_1.0_gens_20000000_210221-011720.772
      From worker 15:	replicate complete, ran 20000000 generations:
      From worker 15:	
      From worker 15:		num_imitating:			14997973
      From worker 15:		num_not_imitating:		5002027
      From worker 15:		num_strategies_changed:  	430332
      From worker 15:			num_random_strategies: 	15033
      From worker 15:		num_sets_changed: 		6424792
      From worker 15:			num_random_opinions: 	4684751
      From worker 15:			num_biased_opinions: 	4686489
      From worker 15:		num_both_changed: 		188711
      From worker 15:	
      From worker 15:	data processed and exported
      From worker 15:	
      From worker 15:	starting b_1.0_c_0.2_N_40_M_1_K_1_P_2_beta_0.001_u_0.001_v_0.625_p_0.75_ϵ_1.0_gens_20000000_210221-011720.772
      From worker 11:	replicate complete, ran 20000000 generations:
      From worker 11:	
      From worker 11:		num_imitating:			9998375
      From worker 11:		num_not_imitating:		10001625
      From worker 11:		num_strategies_changed:  	139567
      From worker 11:			num_random_strategies: 	9967
      From worker 11:		num_sets_changed: 		0
      From worker 11:			num_random_opinions: 	0
      From worker 11:			num_biased_opinions: 	558876
      From worker 11:		num_both_changed: 		0
      From worker 11:	
      From worker 11:	data processed and exported
      From worker 10:	replicate complete, ran 20000000 generations:
      From worker 10:	
      From worker 10:		num_imitating:			12497273
      From worker 10:		num_not_imitating:		7502727
      From worker 10:		num_strategies_changed:  	344775
      From worker 10:			num_random_strategies: 	12508
      From worker 10:		num_sets_changed: 		4251039
      From worker 10:			num_random_opinions: 	174474
      From worker 10:			num_biased_opinions: 	525259
      From worker 10:		num_both_changed: 		153975
      From worker 10:	
      From worker 10:	data processed and exported
      From worker 16:	replicate complete, ran 20000000 generations:
      From worker 16:	
      From worker 16:		num_imitating:			9999125
      From worker 16:		num_not_imitating:		10000875
      From worker 16:		num_strategies_changed:  	141057
      From worker 16:			num_random_strategies: 	10079
      From worker 16:		num_sets_changed: 		0
      From worker 16:			num_random_opinions: 	0
      From worker 16:			num_biased_opinions: 	6251553
      From worker 16:		num_both_changed: 		0
      From worker 16:	
      From worker 16:	data processed and exported
      From worker 15:	replicate complete, ran 20000000 generations:
 Activating environment at `/tigress/mk28/CooperationPolarization2/Project.toml`
 Activating environment at `/tigress/mk28/CooperationPolarization2/Project.toml`
      From worker 15:	
      From worker 15:		num_imitating:			12498239
      From worker 15:		num_not_imitating:		7501761
      From worker 15:		num_strategies_changed:  	338665
      From worker 15:			num_random_strategies: 	12553
      From worker 15:		num_sets_changed: 		3876599
      From worker 15:			num_random_opinions: 	1953510
      From worker 15:			num_biased_opinions: 	5860659
      From worker 15:		num_both_changed: 		109610
      From worker 15:	
      From worker 15:	data processed and exported
      From worker 12:	replicate complete, ran 20000000 generations:
      From worker 12:	
      From worker 12:		num_imitating:			20000000
      From worker 12:		num_not_imitating:		0
      From worker 12:		num_strategies_changed:  	576994
      From worker 12:			num_random_strategies: 	19883
      From worker 12:		num_sets_changed: 		8515846
      From worker 12:			num_random_opinions: 	2499709
      From worker 12:			num_biased_opinions: 	0
      From worker 12:		num_both_changed: 		281453
      From worker 12:	
      From worker 13:	replicate complete, ran 20000000 generations:
      From worker 13:	
      From worker 13:		num_imitating:			17499163
      From worker 13:		num_not_imitating:		2500837
      From worker 13:		num_strategies_changed:  	521641
      From worker 13:			num_random_strategies: 	17573
      From worker 13:		num_sets_changed: 		8143503
      From worker 13:			num_random_opinions: 	3669365
      From worker 13:			num_biased_opinions: 	1222260
      From worker 13:		num_both_changed: 		258070
      From worker 13:	
      From worker 12:	data processed and exported
      From worker 13:	data processed and exported
      From worker 14:	replicate complete, ran 20000000 generations:
      From worker 14:	
      From worker 14:		num_imitating:			14998749
      From worker 14:		num_not_imitating:		5001251
      From worker 14:		num_strategies_changed:  	423758
      From worker 14:			num_random_strategies: 	14899
      From worker 14:		num_sets_changed: 		6758825
      From worker 14:			num_random_opinions: 	2096373
      From worker 14:			num_biased_opinions: 	2095913
      From worker 14:		num_both_changed: 		204089
      From worker 14:	
      From worker 14:	data processed and exported
6464.700804 seconds (2.46 M allocations: 114.567 MiB, 0.00% gc time)
