packages loaded
      From worker 6:	 Activating environment at `/tigress/mk28/CooperationPolarization2/Project.toml`
      From worker 3:	 Activating environment at `/tigress/mk28/CooperationPolarization2/Project.toml`
      From worker 5:	 Activating environment at `/tigress/mk28/CooperationPolarization2/Project.toml`
      From worker 4:	 Activating environment at `/tigress/mk28/CooperationPolarization2/Project.toml`
      From worker 2:	 Activating environment at `/tigress/mk28/CooperationPolarization2/Project.toml`
      From worker 13:	 Activating environment at `/tigress/mk28/CooperationPolarization2/Project.toml`
      From worker 9:	 Activating environment at `/tigress/mk28/CooperationPolarization2/Project.toml`
      From worker 12:	 Activating environment at `/tigress/mk28/CooperationPolarization2/Project.toml`
      From worker 11:	 Activating environment at `/tigress/mk28/CooperationPolarization2/Project.toml`
      From worker 7:	 Activating environment at `/tigress/mk28/CooperationPolarization2/Project.toml`
      From worker 8:	 Activating environment at `/tigress/mk28/CooperationPolarization2/Project.toml`
      From worker 14:	 Activating environment at `/tigress/mk28/CooperationPolarization2/Project.toml`
      From worker 10:	 Activating environment at `/tigress/mk28/CooperationPolarization2/Project.toml`
      From worker 15:	 Activating environment at `/tigress/mk28/CooperationPolarization2/Project.toml`
      From worker 16:	 Activating environment at `/tigress/mk28/CooperationPolarization2/Project.toml`
      From worker 3:	packages loaded
      From worker 12:	packages loaded
      From worker 13:	packages loaded
      From worker 9:	packages loaded
      From worker 14:	packages loaded
      From worker 4:	packages loaded
      From worker 10:	packages loaded
      From worker 16:	packages loaded
      From worker 11:	packages loaded
      From worker 8:	packages loaded
      From worker 7:	packages loaded
      From worker 6:	packages loaded
      From worker 15:	packages loaded
      From worker 2:	packages loaded
      From worker 5:	packages loaded
parameters defined
      From worker 4:	
      From worker 4:	starting b_1.0_c_0.2_N_40_M_1_K_1_P_2_beta_0.001_u_0.001_v_0.0022360679774997894_p_0.5_ϵ_1.0_gens_20000000_210215-181549.880
      From worker 5:	
      From worker 5:	starting b_1.0_c_0.2_N_40_M_1_K_1_P_2_beta_0.001_u_0.001_v_0.0022360679774997894_p_0.75_ϵ_1.0_gens_20000000_210215-181549.880
      From worker 9:	
      From worker 9:	starting b_1.0_c_0.2_N_40_M_1_K_1_P_2_beta_0.001_u_0.001_v_0.025_p_0.5_ϵ_1.0_gens_20000000_210215-181549.880
      From worker 12:	
      From worker 12:	starting b_1.0_c_0.2_N_40_M_1_K_1_P_2_beta_0.001_u_0.001_v_0.125_p_0.0_ϵ_1.0_gens_20000000_210215-181549.880
      From worker 16:	
      From worker 16:	starting b_1.0_c_0.2_N_40_M_1_K_1_P_2_beta_0.001_u_0.001_v_0.625_p_1.0_ϵ_1.0_gens_20000000_210215-181549.880
      From worker 11:	
      From worker 11:	starting b_1.0_c_0.2_N_40_M_1_K_1_P_2_beta_0.001_u_0.001_v_0.055901699437494755_p_1.0_ϵ_1.0_gens_20000000_210215-181549.880
      From worker 3:	
      From worker 3:	starting b_1.0_c_0.2_N_40_M_1_K_1_P_2_beta_0.001_u_0.001_v_0.001_p_0.25_ϵ_1.0_gens_20000000_210215-181549.880
      From worker 8:	
      From worker 8:	starting b_1.0_c_0.2_N_40_M_1_K_1_P_2_beta_0.001_u_0.001_v_0.011180339887498947_p_0.25_ϵ_1.0_gens_20000000_210215-181549.880
      From worker 13:	
      From worker 13:	starting b_1.0_c_0.2_N_40_M_1_K_1_P_2_beta_0.001_u_0.001_v_0.125_p_0.25_ϵ_1.0_gens_20000000_210215-181549.880
      From worker 10:	
      From worker 10:	starting b_1.0_c_0.2_N_40_M_1_K_1_P_2_beta_0.001_u_0.001_v_0.025_p_0.75_ϵ_1.0_gens_20000000_210215-181549.880
      From worker 14:	
      From worker 14:	starting b_1.0_c_0.2_N_40_M_1_K_1_P_2_beta_0.001_u_0.001_v_0.2795084971874737_p_0.5_ϵ_1.0_gens_20000000_210215-181549.880
      From worker 2:	
      From worker 2:	starting b_1.0_c_0.2_N_40_M_1_K_1_P_2_beta_0.001_u_0.001_v_0.001_p_0.0_ϵ_1.0_gens_20000000_210215-181549.880
      From worker 6:	
      From worker 6:	starting b_1.0_c_0.2_N_40_M_1_K_1_P_2_beta_0.001_u_0.001_v_0.005_p_1.0_ϵ_1.0_gens_20000000_210215-181549.880
      From worker 7:	
      From worker 7:	starting b_1.0_c_0.2_N_40_M_1_K_1_P_2_beta_0.001_u_0.001_v_0.011180339887498947_p_0.0_ϵ_1.0_gens_20000000_210215-181549.880
      From worker 15:	
      From worker 15:	starting b_1.0_c_0.2_N_40_M_1_K_1_P_2_beta_0.001_u_0.001_v_0.2795084971874737_p_0.75_ϵ_1.0_gens_20000000_210215-181549.880
      From worker 6:	replicate complete, ran 20000000 generations:
      From worker 6:	
      From worker 6:		num_imitating:			9996076
      From worker 6:		num_not_imitating:		10003924
      From worker 6:		num_strategies_changed:  	151322
      From worker 6:			num_random_strategies: 	10013
      From worker 6:		num_sets_changed: 		0
      From worker 6:			num_random_opinions: 	0
      From worker 6:			num_biased_opinions: 	49833
      From worker 6:		num_both_changed: 		0
      From worker 6:	
      From worker 6:	data processed and exported
      From worker 6:	
      From worker 6:	starting b_1.0_c_0.2_N_40_M_1_K_1_P_2_beta_0.001_u_0.001_v_0.005_p_0.0_ϵ_1.0_gens_20000000_210215-181549.880
      From worker 16:	replicate complete, ran 20000000 generations:
      From worker 16:	
      From worker 16:		num_imitating:			9994946
      From worker 16:		num_not_imitating:		10005054
      From worker 16:		num_strategies_changed:  	142207
      From worker 16:			num_random_strategies: 	10169
      From worker 16:		num_sets_changed: 		0
      From worker 16:			num_random_opinions: 	0
      From worker 16:			num_biased_opinions: 	6246011
      From worker 16:		num_both_changed: 		0
      From worker 16:	
      From worker 16:	data processed and exported
      From worker 16:	
      From worker 16:	starting b_1.0_c_0.2_N_40_M_1_K_1_P_2_beta_0.001_u_0.001_v_0.625_p_0.0_ϵ_1.0_gens_20000000_210215-181549.880
      From worker 11:	replicate complete, ran 20000000 generations:
      From worker 11:	
      From worker 11:		num_imitating:			10002116
      From worker 11:		num_not_imitating:		9997884
      From worker 11:		num_strategies_changed:  	147528
      From worker 11:			num_random_strategies: 	9960
      From worker 11:		num_sets_changed: 		0
      From worker 11:			num_random_opinions: 	0
      From worker 11:			num_biased_opinions: 	559531
      From worker 11:		num_both_changed: 		0
      From worker 11:	
      From worker 11:	data processed and exported
      From worker 11:	
      From worker 11:	starting b_1.0_c_0.2_N_40_M_1_K_1_P_2_beta_0.001_u_0.001_v_0.055901699437494755_p_0.0_ϵ_1.0_gens_20000000_210215-181549.880
      From worker 2:	replicate complete, ran 20000000 generations:
      From worker 2:	
      From worker 2:		num_imitating:			20000000
      From worker 2:		num_not_imitating:		0
      From worker 2:		num_strategies_changed:  	574331
      From worker 2:			num_random_strategies: 	19872
      From worker 2:		num_sets_changed: 		381546
      From worker 2:			num_random_opinions: 	20050
      From worker 2:			num_biased_opinions: 	0
      From worker 2:		num_both_changed: 		19027
      From worker 2:	
      From worker 2:	data processed and exported
      From worker 3:	replicate complete, ran 20000000 generations:
      From worker 3:	
      From worker 3:		num_imitating:			17500650
      From worker 3:		num_not_imitating:		2499350
      From worker 3:		num_strategies_changed:  	505177
      From worker 3:			num_random_strategies: 	17563
      From worker 3:		num_sets_changed: 		337516
      From worker 3:			num_random_opinions: 	12831
      From worker 3:			num_biased_opinions: 	4284
      From worker 3:		num_both_changed: 		17599
      From worker 3:	
      From worker 2:	
      From worker 2:	starting b_1.0_c_0.2_N_40_M_1_K_1_P_2_beta_0.001_u_0.001_v_0.001_p_0.25_ϵ_1.0_gens_20000000_210215-181549.880
      From worker 3:	data processed and exported
      From worker 3:	
      From worker 3:	starting b_1.0_c_0.2_N_40_M_1_K_1_P_2_beta_0.001_u_0.001_v_0.001_p_0.5_ϵ_1.0_gens_20000000_210215-181549.880
      From worker 4:	replicate complete, ran 20000000 generations:
      From worker 4:	
      From worker 4:		num_imitating:			15001012
      From worker 4:		num_not_imitating:		4998988
      From worker 4:		num_strategies_changed:  	415302
      From worker 4:			num_random_strategies: 	15035
      From worker 4:		num_sets_changed: 		620004
      From worker 4:			num_random_opinions: 	16815
      From worker 4:			num_biased_opinions: 	16734
      From worker 4:		num_both_changed: 		26068
      From worker 4:	
      From worker 4:	data processed and exported
      From worker 4:	
      From worker 4:	starting b_1.0_c_0.2_N_40_M_1_K_1_P_2_beta_0.001_u_0.001_v_0.0022360679774997894_p_0.75_ϵ_1.0_gens_20000000_210215-181549.880
      From worker 5:	replicate complete, ran 20000000 generations:
      From worker 5:	
      From worker 5:		num_imitating:			12497788
      From worker 5:		num_not_imitating:		7502212
      From worker 5:		num_strategies_changed:  	366433
      From worker 5:			num_random_strategies: 	12590
      From worker 5:		num_sets_changed: 		524508
      From worker 5:			num_random_opinions: 	7168
      From worker 5:			num_biased_opinions: 	20697
      From worker 5:		num_both_changed: 		28492
      From worker 5:	
      From worker 5:	data processed and exported
      From worker 5:	
      From worker 5:	starting b_1.0_c_0.2_N_40_M_1_K_1_P_2_beta_0.001_u_0.001_v_0.0022360679774997894_p_1.0_ϵ_1.0_gens_20000000_210215-181549.880
      From worker 8:	replicate complete, ran 20000000 generations:
      From worker 8:	
      From worker 8:		num_imitating:			17498602
      From worker 8:		num_not_imitating:		2501398
      From worker 8:		num_strategies_changed:  	536170
      From worker 8:			num_random_strategies: 	17806
      From worker 8:		num_sets_changed: 		2707128
      From worker 8:			num_random_opinions: 	146658
      From worker 8:			num_biased_opinions: 	48665
      From worker 8:		num_both_changed: 		142887
      From worker 8:	
      From worker 8:	data processed and exported
      From worker 8:	
      From worker 8:	starting b_1.0_c_0.2_N_40_M_1_K_1_P_2_beta_0.001_u_0.001_v_0.011180339887498947_p_0.5_ϵ_1.0_gens_20000000_210215-181549.880
      From worker 10:	replicate complete, ran 20000000 generations:
      From worker 10:	
      From worker 10:		num_imitating:			12499717
      From worker 10:		num_not_imitating:		7500283
      From worker 10:		num_strategies_changed:  	379434
      From worker 10:			num_random_strategies: 	12615
      From worker 10:		num_sets_changed: 		3097020
      From worker 10:			num_random_opinions: 	77918
      From worker 10:			num_biased_opinions: 	234110
      From worker 10:		num_both_changed: 		143553
      From worker 10:	
      From worker 10:	data processed and exported
      From worker 10:	
      From worker 10:	starting b_1.0_c_0.2_N_40_M_1_K_1_P_2_beta_0.001_u_0.001_v_0.025_p_1.0_ϵ_1.0_gens_20000000_210215-181549.880
      From worker 7:	replicate complete, ran 20000000 generations:
      From worker 7:	
      From worker 7:		num_imitating:			20000000
      From worker 7:		num_not_imitating:		0
      From worker 7:		num_strategies_changed:  	613774
      From worker 7:			num_random_strategies: 	20047
      From worker 7:		num_sets_changed: 		3141184
      From worker 7:			num_random_opinions: 	223292
      From worker 7:			num_biased_opinions: 	0
      From worker 7:		num_both_changed: 		166075
      From worker 7:	
      From worker 7:	data processed and exported
      From worker 7:	
      From worker 7:	starting b_1.0_c_0.2_N_40_M_1_K_1_P_2_beta_0.001_u_0.001_v_0.011180339887498947_p_0.25_ϵ_1.0_gens_20000000_210215-181549.880
      From worker 9:	replicate complete, ran 20000000 generations:
      From worker 9:	
      From worker 9:		num_imitating:			14998060
      From worker 9:		num_not_imitating:		5001940
      From worker 9:		num_strategies_changed:  	439324
      From worker 9:			num_random_strategies: 	15158
      From worker 9:		num_sets_changed: 		3772216
      From worker 9:			num_random_opinions: 	187693
      From worker 9:			num_biased_opinions: 	187478
      From worker 9:		num_both_changed: 		164984
      From worker 9:	
      From worker 9:	data processed and exported
      From worker 9:	
      From worker 9:	starting b_1.0_c_0.2_N_40_M_1_K_1_P_2_beta_0.001_u_0.001_v_0.025_p_0.75_ϵ_1.0_gens_20000000_210215-181549.880
      From worker 15:	replicate complete, ran 20000000 generations:
      From worker 15:	
      From worker 15:		num_imitating:			12500434
      From worker 15:		num_not_imitating:		7499566
      From worker 15:		num_strategies_changed:  	355269
      From worker 15:			num_random_strategies: 	12590
      From worker 15:		num_sets_changed: 		4987038
      From worker 15:			num_random_opinions: 	873910
      From worker 15:			num_biased_opinions: 	2617572
      From worker 15:		num_both_changed: 		155678
      From worker 15:	
      From worker 15:	data processed and exported
      From worker 15:	
      From worker 15:	starting b_1.0_c_0.2_N_40_M_1_K_1_P_2_beta_0.001_u_0.001_v_0.2795084971874737_p_1.0_ϵ_1.0_gens_20000000_210215-181549.880
      From worker 14:	replicate complete, ran 20000000 generations:
      From worker 14:	
      From worker 14:		num_imitating:			14999273
      From worker 14:		num_not_imitating:		5000727
      From worker 14:		num_strategies_changed:  	413663
      From worker 14:			num_random_strategies: 	15012
      From worker 14:		num_sets_changed: 		6756892
      From worker 14:			num_random_opinions: 	2096314
      From worker 14:			num_biased_opinions: 	2095734
      From worker 14:		num_both_changed: 		199430
      From worker 14:	
      From worker 14:	data processed and exported
      From worker 14:	
      From worker 14:	starting b_1.0_c_0.2_N_40_M_1_K_1_P_2_beta_0.001_u_0.001_v_0.2795084971874737_p_0.75_ϵ_1.0_gens_20000000_210215-181549.880
      From worker 13:	replicate complete, ran 20000000 generations:
      From worker 13:	
      From worker 13:		num_imitating:			17498957
      From worker 13:		num_not_imitating:		2501043
      From worker 13:		num_strategies_changed:  	499493
      From worker 13:			num_random_strategies: 	17662
      From worker 13:		num_sets_changed: 		7404072
      From worker 13:			num_random_opinions: 	1641498
      From worker 13:			num_biased_opinions: 	545896
      From worker 13:		num_both_changed: 		243263
      From worker 13:	
      From worker 13:	data processed and exported
      From worker 13:	
      From worker 13:	starting b_1.0_c_0.2_N_40_M_1_K_1_P_2_beta_0.001_u_0.001_v_0.125_p_0.5_ϵ_1.0_gens_20000000_210215-181549.880
      From worker 12:	replicate complete, ran 20000000 generations:
      From worker 12:	
      From worker 12:		num_imitating:			20000000
      From worker 12:		num_not_imitating:		0
      From worker 12:		num_strategies_changed:  	599598
      From worker 12:			num_random_strategies: 	19737
      From worker 12:		num_sets_changed: 		8516248
      From worker 12:			num_random_opinions: 	2501042
      From worker 12:			num_biased_opinions: 	0
      From worker 12:		num_both_changed: 		290915
      From worker 12:	
      From worker 12:	data processed and exported
      From worker 12:	
      From worker 12:	starting b_1.0_c_0.2_N_40_M_1_K_1_P_2_beta_0.001_u_0.001_v_0.125_p_0.25_ϵ_1.0_gens_20000000_210215-181549.880
      From worker 2:	replicate complete, ran 20000000 generations:
      From worker 2:	
      From worker 2:		num_imitating:			17500915
      From worker 2:		num_not_imitating:		2499085
      From worker 2:		num_strategies_changed:  	496739
      From worker 2:			num_random_strategies: 	17546
      From worker 2:		num_sets_changed: 		365036
      From worker 2:			num_random_opinions: 	12913
      From worker 2:			num_biased_opinions: 	4353
      From worker 2:		num_both_changed: 		18459
      From worker 2:	
      From worker 2:	data processed and exported
      From worker 3:	replicate complete, ran 20000000 generations:
      From worker 3:	
      From worker 3:		num_imitating:			15000947
      From worker 3:		num_not_imitating:		4999053
      From worker 3:		num_strategies_changed:  	429983
      From worker 3:			num_random_strategies: 	15010
      From worker 3:		num_sets_changed: 		277520
      From worker 3:			num_random_opinions: 	7712
      From worker 3:			num_biased_opinions: 	7442
      From worker 3:		num_both_changed: 		14693
      From worker 3:	
      From worker 2:	
      From worker 2:	starting b_1.0_c_0.2_N_40_M_1_K_1_P_2_beta_0.001_u_0.001_v_0.001_p_0.5_ϵ_1.0_gens_20000000_210215-181549.880
      From worker 3:	data processed and exported
      From worker 3:	
      From worker 3:	starting b_1.0_c_0.2_N_40_M_1_K_1_P_2_beta_0.001_u_0.001_v_0.001_p_0.75_ϵ_1.0_gens_20000000_210215-181549.880
      From worker 5:	replicate complete, ran 20000000 generations:
      From worker 5:	
      From worker 5:		num_imitating:			9996140
      From worker 5:		num_not_imitating:		10003860
      From worker 5:		num_strategies_changed:  	142870
      From worker 5:			num_random_strategies: 	10017
      From worker 5:		num_sets_changed: 		0
      From worker 5:			num_random_opinions: 	0
      From worker 5:			num_biased_opinions: 	22373
      From worker 5:		num_both_changed: 		0
      From worker 5:	
      From worker 5:	data processed and exported
      From worker 5:	
      From worker 5:	starting b_1.0_c_0.2_N_40_M_1_K_1_P_2_beta_0.001_u_0.001_v_0.005_p_0.0_ϵ_1.0_gens_20000000_210215-181549.880
      From worker 4:	replicate complete, ran 20000000 generations:
      From worker 4:	
      From worker 4:		num_imitating:			12498721
      From worker 4:		num_not_imitating:		7501279
      From worker 4:		num_strategies_changed:  	368050
      From worker 4:			num_random_strategies: 	12546
      From worker 4:		num_sets_changed: 		518326
      From worker 4:			num_random_opinions: 	6944
      From worker 4:			num_biased_opinions: 	20904
      From worker 4:		num_both_changed: 		30163
      From worker 4:	
      From worker 4:	data processed and exported
      From worker 4:	
      From worker 4:	starting b_1.0_c_0.2_N_40_M_1_K_1_P_2_beta_0.001_u_0.001_v_0.0022360679774997894_p_1.0_ϵ_1.0_gens_20000000_210215-181549.880
      From worker 6:	replicate complete, ran 20000000 generations:
      From worker 6:	
      From worker 6:		num_imitating:			20000000
      From worker 6:		num_not_imitating:		0
      From worker 6:		num_strategies_changed:  	595228
      From worker 6:			num_random_strategies: 	20133
      From worker 6:		num_sets_changed: 		1713696
      From worker 6:			num_random_opinions: 	99652
      From worker 6:			num_biased_opinions: 	0
      From worker 6:		num_both_changed: 		98526
      From worker 6:	
      From worker 6:	data processed and exported
      From worker 6:	
      From worker 6:	starting b_1.0_c_0.2_N_40_M_1_K_1_P_2_beta_0.001_u_0.001_v_0.005_p_0.25_ϵ_1.0_gens_20000000_210215-181549.880
      From worker 10:	replicate complete, ran 20000000 generations:
      From worker 10:	
      From worker 10:		num_imitating:			10000923
      From worker 10:		num_not_imitating:		9999077
      From worker 10:		num_strategies_changed:  	147415
      From worker 10:			num_random_strategies: 	10027
      From worker 10:		num_sets_changed: 		0
      From worker 10:			num_random_opinions: 	0
      From worker 10:			num_biased_opinions: 	249821
      From worker 10:		num_both_changed: 		0
      From worker 10:	
      From worker 10:	data processed and exported
      From worker 10:	
      From worker 10:	starting b_1.0_c_0.2_N_40_M_1_K_1_P_2_beta_0.001_u_0.001_v_0.055901699437494755_p_0.0_ϵ_1.0_gens_20000000_210215-181549.880
      From worker 15:	replicate complete, ran 20000000 generations:
      From worker 15:	
      From worker 15:		num_imitating:			9999123
      From worker 15:		num_not_imitating:		10000877
      From worker 15:		num_strategies_changed:  	142647
      From worker 15:			num_random_strategies: 	9711
      From worker 15:		num_sets_changed: 		0
      From worker 15:			num_random_opinions: 	0
      From worker 15:			num_biased_opinions: 	2796199
      From worker 15:		num_both_changed: 		0
      From worker 15:	
      From worker 15:	data processed and exported
      From worker 15:	
      From worker 15:	starting b_1.0_c_0.2_N_40_M_1_K_1_P_2_beta_0.001_u_0.001_v_0.625_p_0.0_ϵ_1.0_gens_20000000_210215-181549.880
      From worker 8:	replicate complete, ran 20000000 generations:
      From worker 8:	
      From worker 8:		num_imitating:			14997536
      From worker 8:		num_not_imitating:		5002464
      From worker 8:		num_strategies_changed:  	425985
      From worker 8:			num_random_strategies: 	14950
      From worker 8:		num_sets_changed: 		2327480
      From worker 8:			num_random_opinions: 	83705
      From worker 8:			num_biased_opinions: 	84160
      From worker 8:		num_both_changed: 		109018
      From worker 8:	
      From worker 8:	data processed and exported
      From worker 8:	
      From worker 8:	starting b_1.0_c_0.2_N_40_M_1_K_1_P_2_beta_0.001_u_0.001_v_0.011180339887498947_p_0.75_ϵ_1.0_gens_20000000_210215-181549.880
      From worker 7:	replicate complete, ran 20000000 generations:
      From worker 7:	
      From worker 7:		num_imitating:			17502494
      From worker 7:		num_not_imitating:		2497506
      From worker 7:		num_strategies_changed:  	497940
      From worker 7:			num_random_strategies: 	17423
      From worker 7:		num_sets_changed: 		2741795
      From worker 7:			num_random_opinions: 	146559
      From worker 7:			num_biased_opinions: 	48929
      From worker 7:		num_both_changed: 		131820
      From worker 7:	
      From worker 7:	data processed and exported
      From worker 7:	
      From worker 7:	starting b_1.0_c_0.2_N_40_M_1_K_1_P_2_beta_0.001_u_0.001_v_0.011180339887498947_p_0.5_ϵ_1.0_gens_20000000_210215-181549.880
      From worker 9:	replicate complete, ran 20000000 generations:
      From worker 9:	
      From worker 9:		num_imitating:			12497696
      From worker 9:		num_not_imitating:		7502304
      From worker 9:		num_strategies_changed:  	360595
      From worker 9:			num_random_strategies: 	12475
      From worker 9:		num_sets_changed: 		3083754
      From worker 9:			num_random_opinions: 	78068
      From worker 9:			num_biased_opinions: 	233710
      From worker 9:		num_both_changed: 		132438
      From worker 9:	
      From worker 9:	data processed and exported
      From worker 9:	
      From worker 9:	starting b_1.0_c_0.2_N_40_M_1_K_1_P_2_beta_0.001_u_0.001_v_0.025_p_1.0_ϵ_1.0_gens_20000000_210215-181549.880
      From worker 11:	replicate complete, ran 20000000 generations:
      From worker 11:	
      From worker 11:		num_imitating:			20000000
      From worker 11:		num_not_imitating:		0
      From worker 11:		num_strategies_changed:  	565250
      From worker 11:			num_random_strategies: 	19723
      From worker 11:		num_sets_changed: 		7021688
      From worker 11:			num_random_opinions: 	1117921
      From worker 11:			num_biased_opinions: 	0
      From worker 11:		num_both_changed: 		257991
      From worker 11:	
      From worker 11:	data processed and exported
      From worker 11:	
      From worker 11:	starting b_1.0_c_0.2_N_40_M_1_K_1_P_2_beta_0.001_u_0.001_v_0.055901699437494755_p_0.25_ϵ_1.0_gens_20000000_210215-181549.880
      From worker 16:	replicate complete, ran 20000000 generations:
      From worker 16:	
      From worker 16:		num_imitating:			20000000
      From worker 16:		num_not_imitating:		0
      From worker 16:		num_strategies_changed:  	570298
      From worker 16:			num_random_strategies: 	19868
      From worker 16:		num_sets_changed: 		9851717
      From worker 16:			num_random_opinions: 	12496913
      From worker 16:			num_biased_opinions: 	0
      From worker 16:		num_both_changed: 		285239
      From worker 16:	
      From worker 16:	data processed and exported
      From worker 16:	
      From worker 16:	starting b_1.0_c_0.2_N_40_M_1_K_1_P_2_beta_0.001_u_0.001_v_0.625_p_0.25_ϵ_1.0_gens_20000000_210215-181549.880
      From worker 3:	replicate complete, ran 20000000 generations:
      From worker 3:	
      From worker 3:		num_imitating:			12499844
      From worker 3:		num_not_imitating:		7500156
      From worker 3:		num_strategies_changed:  	380131
      From worker 3:			num_random_strategies: 	12429
      From worker 3:		num_sets_changed: 		218616
      From worker 3:			num_random_opinions: 	3048
      From worker 3:			num_biased_opinions: 	9282
      From worker 3:		num_both_changed: 		12941
      From worker 3:	
      From worker 3:	data processed and exported
      From worker 3:	
      From worker 3:	starting b_1.0_c_0.2_N_40_M_1_K_1_P_2_beta_0.001_u_0.001_v_0.001_p_1.0_ϵ_1.0_gens_20000000_210215-181549.880
      From worker 4:	replicate complete, ran 20000000 generations:
      From worker 4:	
      From worker 4:		num_imitating:			9997958
      From worker 4:		num_not_imitating:		10002042
      From worker 4:		num_strategies_changed:  	146944
      From worker 4:			num_random_strategies: 	9969
      From worker 4:		num_sets_changed: 		0
      From worker 4:			num_random_opinions: 	0
      From worker 4:			num_biased_opinions: 	22320
      From worker 4:		num_both_changed: 		0
      From worker 4:	
      From worker 4:	data processed and exported
      From worker 4:	
      From worker 4:	starting b_1.0_c_0.2_N_40_M_1_K_1_P_2_beta_0.001_u_0.001_v_0.0022360679774997894_p_0.0_ϵ_1.0_gens_20000000_210215-181549.880
      From worker 2:	replicate complete, ran 20000000 generations:
      From worker 2:	
      From worker 2:		num_imitating:			15000583
      From worker 2:		num_not_imitating:		4999417
      From worker 2:		num_strategies_changed:  	439914
      From worker 2:			num_random_strategies: 	14921
      From worker 2:		num_sets_changed: 		294760
      From worker 2:			num_random_opinions: 	7536
      From worker 2:			num_biased_opinions: 	7465
      From worker 2:		num_both_changed: 		17113
      From worker 2:	
      From worker 2:	data processed and exported
      From worker 2:	
      From worker 2:	starting b_1.0_c_0.2_N_40_M_1_K_1_P_2_beta_0.001_u_0.001_v_0.001_p_0.75_ϵ_1.0_gens_20000000_210215-181549.880
      From worker 14:	replicate complete, ran 20000000 generations:
      From worker 14:	
      From worker 14:		num_imitating:			12501017
      From worker 14:		num_not_imitating:		7498983
      From worker 14:		num_strategies_changed:  	369639
      From worker 14:			num_random_strategies: 	12630
      From worker 14:		num_sets_changed: 		4986352
      From worker 14:			num_random_opinions: 	874838
      From worker 14:			num_biased_opinions: 	2619426
      From worker 14:		num_both_changed: 		162216
      From worker 14:	
      From worker 14:	data processed and exported
      From worker 14:	
      From worker 14:	starting b_1.0_c_0.2_N_40_M_1_K_1_P_2_beta_0.001_u_0.001_v_0.2795084971874737_p_1.0_ϵ_1.0_gens_20000000_210215-181549.880
      From worker 5:	replicate complete, ran 20000000 generations:
      From worker 5:	
      From worker 5:		num_imitating:			20000000
      From worker 5:		num_not_imitating:		0
      From worker 5:		num_strategies_changed:  	596824
      From worker 5:			num_random_strategies: 	19951
      From worker 5:		num_sets_changed: 		1696596
      From worker 5:			num_random_opinions: 	99116
      From worker 5:			num_biased_opinions: 	0
      From worker 5:		num_both_changed: 		88415
      From worker 5:	
      From worker 6:	replicate complete, ran 20000000 generations:
      From worker 6:	
      From worker 6:		num_imitating:			17500103
      From worker 6:		num_not_imitating:		2499897
      From worker 6:		num_strategies_changed:  	505589
      From worker 6:			num_random_strategies: 	17367
      From worker 6:		num_sets_changed: 		1494864
      From worker 6:			num_random_opinions: 	65463
      From worker 6:			num_biased_opinions: 	21596
      From worker 6:		num_both_changed: 		78885
      From worker 6:	
      From worker 5:	data processed and exported
      From worker 6:	data processed and exported
      From worker 5:	
      From worker 5:	starting b_1.0_c_0.2_N_40_M_1_K_1_P_2_beta_0.001_u_0.001_v_0.005_p_0.25_ϵ_1.0_gens_20000000_210215-181549.880
      From worker 6:	
      From worker 6:	starting b_1.0_c_0.2_N_40_M_1_K_1_P_2_beta_0.001_u_0.001_v_0.005_p_0.5_ϵ_1.0_gens_20000000_210215-181549.880
      From worker 13:	replicate complete, ran 20000000 generations:
      From worker 13:	
      From worker 13:		num_imitating:			15001074
      From worker 13:		num_not_imitating:		4998926
      From worker 13:		num_strategies_changed:  	423654
      From worker 13:			num_random_strategies: 	15088
      From worker 13:		num_sets_changed: 		6280737
      From worker 13:			num_random_opinions: 	938550
      From worker 13:			num_biased_opinions: 	937426
      From worker 13:		num_both_changed: 		204371
      From worker 13:	
      From worker 13:	data processed and exported
      From worker 13:	
      From worker 13:	starting b_1.0_c_0.2_N_40_M_1_K_1_P_2_beta_0.001_u_0.001_v_0.125_p_0.75_ϵ_1.0_gens_20000000_210215-181549.880
      From worker 9:	replicate complete, ran 20000000 generations:
      From worker 9:	
      From worker 9:		num_imitating:			10001560
      From worker 9:		num_not_imitating:		9998440
      From worker 9:		num_strategies_changed:  	147346
      From worker 9:			num_random_strategies: 	9974
      From worker 9:		num_sets_changed: 		0
      From worker 9:			num_random_opinions: 	0
      From worker 9:			num_biased_opinions: 	249789
      From worker 9:		num_both_changed: 		0
      From worker 9:	
      From worker 9:	data processed and exported
      From worker 9:	
      From worker 9:	starting b_1.0_c_0.2_N_40_M_1_K_1_P_2_beta_0.001_u_0.001_v_0.025_p_0.0_ϵ_1.0_gens_20000000_210215-181549.880
      From worker 12:	replicate complete, ran 20000000 generations:
      From worker 12:	
      From worker 12:		num_imitating:			17499055
      From worker 12:		num_not_imitating:		2500945
      From worker 12:		num_strategies_changed:  	514442
      From worker 12:			num_random_strategies: 	17678
      From worker 12:		num_sets_changed: 		7402079
      From worker 12:			num_random_opinions: 	1639324
      From worker 12:			num_biased_opinions: 	547011
      From worker 12:		num_both_changed: 		250927
      From worker 12:	
      From worker 12:	data processed and exported
      From worker 12:	
      From worker 12:	starting b_1.0_c_0.2_N_40_M_1_K_1_P_2_beta_0.001_u_0.001_v_0.125_p_0.5_ϵ_1.0_gens_20000000_210215-181549.880
      From worker 8:	replicate complete, ran 20000000 generations:
      From worker 8:	
      From worker 8:		num_imitating:			12500935
      From worker 8:		num_not_imitating:		7499065
      From worker 8:		num_strategies_changed:  	340005
      From worker 8:			num_random_strategies: 	12232
      From worker 8:		num_sets_changed: 		1910600
      From worker 8:			num_random_opinions: 	35047
      From worker 8:			num_biased_opinions: 	105152
      From worker 8:		num_both_changed: 		86665
      From worker 8:	
      From worker 8:	data processed and exported
      From worker 8:	
      From worker 8:	starting b_1.0_c_0.2_N_40_M_1_K_1_P_2_beta_0.001_u_0.001_v_0.011180339887498947_p_1.0_ϵ_1.0_gens_20000000_210215-181549.880
      From worker 7:	replicate complete, ran 20000000 generations:
      From worker 7:	
      From worker 7:		num_imitating:			14998114
      From worker 7:		num_not_imitating:		5001886
      From worker 7:		num_strategies_changed:  	431928
      From worker 7:			num_random_strategies: 	15139
      From worker 7:		num_sets_changed: 		2334897
      From worker 7:			num_random_opinions: 	84035
      From worker 7:			num_biased_opinions: 	84150
      From worker 7:		num_both_changed: 		121158
      From worker 7:	
      From worker 7:	data processed and exported
      From worker 7:	
      From worker 7:	starting b_1.0_c_0.2_N_40_M_1_K_1_P_2_beta_0.001_u_0.001_v_0.011180339887498947_p_0.75_ϵ_1.0_gens_20000000_210215-181549.880
      From worker 10:	replicate complete, ran 20000000 generations:
      From worker 10:	
      From worker 10:		num_imitating:			20000000
      From worker 10:		num_not_imitating:		0
      From worker 10:		num_strategies_changed:  	591655
      From worker 10:			num_random_strategies: 	20064
      From worker 10:		num_sets_changed: 		7031013
      From worker 10:			num_random_opinions: 	1116891
      From worker 10:			num_biased_opinions: 	0
      From worker 10:		num_both_changed: 		269445
      From worker 10:	
      From worker 10:	data processed and exported
      From worker 3:	replicate complete, ran 20000000 generations:
      From worker 3:	
      From worker 3:		num_imitating:			9999875
      From worker 3:		num_not_imitating:		10000125
      From worker 3:		num_strategies_changed:  	146802
      From worker 3:			num_random_strategies: 	10052
      From worker 3:		num_sets_changed: 		0
      From worker 3:			num_random_opinions: 	0
      From worker 3:			num_biased_opinions: 	10000
      From worker 3:		num_both_changed: 		0
      From worker 3:	
      From worker 10:	
      From worker 10:	starting b_1.0_c_0.2_N_40_M_1_K_1_P_2_beta_0.001_u_0.001_v_0.055901699437494755_p_0.25_ϵ_1.0_gens_20000000_210215-181549.880
      From worker 3:	data processed and exported
      From worker 3:	
      From worker 3:	starting b_1.0_c_0.2_N_40_M_1_K_1_P_2_beta_0.001_u_0.001_v_0.0022360679774997894_p_0.0_ϵ_1.0_gens_20000000_210215-181549.880
      From worker 2:	replicate complete, ran 20000000 generations:
      From worker 2:	
      From worker 2:		num_imitating:			12497193
      From worker 2:		num_not_imitating:		7502807
      From worker 2:		num_strategies_changed:  	341980
      From worker 2:			num_random_strategies: 	12708
      From worker 2:		num_sets_changed: 		254414
      From worker 2:			num_random_opinions: 	3100
      From worker 2:			num_biased_opinions: 	9379
      From worker 2:		num_both_changed: 		12268
      From worker 2:	
      From worker 2:	data processed and exported
      From worker 2:	
      From worker 2:	starting b_1.0_c_0.2_N_40_M_1_K_1_P_2_beta_0.001_u_0.001_v_0.001_p_1.0_ϵ_1.0_gens_20000000_210215-181549.880
      From worker 4:	replicate complete, ran 20000000 generations:
      From worker 4:	
      From worker 4:		num_imitating:			20000000
      From worker 4:		num_not_imitating:		0
      From worker 4:		num_strategies_changed:  	590505
      From worker 4:			num_random_strategies: 	19958
      From worker 4:		num_sets_changed: 		801340
      From worker 4:			num_random_opinions: 	44786
      From worker 4:			num_biased_opinions: 	0
      From worker 4:		num_both_changed: 		44988
      From worker 4:	
      From worker 4:	data processed and exported
      From worker 4:	
      From worker 4:	starting b_1.0_c_0.2_N_40_M_1_K_1_P_2_beta_0.001_u_0.001_v_0.0022360679774997894_p_0.25_ϵ_1.0_gens_20000000_210215-181549.880
      From worker 14:	replicate complete, ran 20000000 generations:
      From worker 14:	
      From worker 14:		num_imitating:			10000004
      From worker 14:		num_not_imitating:		9999996
      From worker 14:		num_strategies_changed:  	150951
      From worker 14:			num_random_strategies: 	10070
      From worker 14:		num_sets_changed: 		0
      From worker 14:			num_random_opinions: 	0
      From worker 14:			num_biased_opinions: 	2794582
      From worker 14:		num_both_changed: 		0
      From worker 14:	
      From worker 14:	data processed and exported
      From worker 14:	
      From worker 14:	starting b_1.0_c_0.2_N_40_M_1_K_1_P_2_beta_0.001_u_0.001_v_0.2795084971874737_p_0.0_ϵ_1.0_gens_20000000_210215-181549.880
      From worker 11:	replicate complete, ran 20000000 generations:
      From worker 11:	
      From worker 11:		num_imitating:			17499868
      From worker 11:		num_not_imitating:		2500132
      From worker 11:		num_strategies_changed:  	493391
      From worker 11:			num_random_strategies: 	17383
      From worker 11:		num_sets_changed: 		6137926
      From worker 11:			num_random_opinions: 	733569
      From worker 11:			num_biased_opinions: 	245014
      From worker 11:		num_both_changed: 		222471
      From worker 11:	
      From worker 11:	data processed and exported
      From worker 11:	
      From worker 11:	starting b_1.0_c_0.2_N_40_M_1_K_1_P_2_beta_0.001_u_0.001_v_0.055901699437494755_p_0.5_ϵ_1.0_gens_20000000_210215-181549.880
      From worker 6:	replicate complete, ran 20000000 generations:
      From worker 6:	
      From worker 6:		num_imitating:			15000477
      From worker 6:		num_not_imitating:		4999523
      From worker 6:		num_strategies_changed:  	424930
      From worker 6:			num_random_strategies: 	15012
      From worker 6:		num_sets_changed: 		1292023
      From worker 6:			num_random_opinions: 	37578
      From worker 6:			num_biased_opinions: 	37625
      From worker 6:		num_both_changed: 		69484
      From worker 6:	
      From worker 6:	data processed and exported
      From worker 6:	
      From worker 6:	starting b_1.0_c_0.2_N_40_M_1_K_1_P_2_beta_0.001_u_0.001_v_0.005_p_0.75_ϵ_1.0_gens_20000000_210215-181549.880
      From worker 5:	replicate complete, ran 20000000 generations:
      From worker 5:	
      From worker 5:		num_imitating:			17498576
      From worker 5:		num_not_imitating:		2501424
      From worker 5:		num_strategies_changed:  	504988
      From worker 5:			num_random_strategies: 	17396
      From worker 5:		num_sets_changed: 		1418566
      From worker 5:			num_random_opinions: 	65550
      From worker 5:			num_biased_opinions: 	21821
      From worker 5:		num_both_changed: 		72142
      From worker 5:	
      From worker 5:	data processed and exported
      From worker 5:	
      From worker 5:	starting b_1.0_c_0.2_N_40_M_1_K_1_P_2_beta_0.001_u_0.001_v_0.005_p_0.5_ϵ_1.0_gens_20000000_210215-181549.880
      From worker 15:	replicate complete, ran 20000000 generations:
      From worker 15:	
      From worker 15:		num_imitating:			20000000
      From worker 15:		num_not_imitating:		0
      From worker 15:		num_strategies_changed:  	573734
      From worker 15:			num_random_strategies: 	20232
      From worker 15:		num_sets_changed: 		9851924
      From worker 15:			num_random_opinions: 	12501856
      From worker 15:			num_biased_opinions: 	0
      From worker 15:		num_both_changed: 		286064
      From worker 15:	
      From worker 15:	data processed and exported
      From worker 15:	
      From worker 15:	starting b_1.0_c_0.2_N_40_M_1_K_1_P_2_beta_0.001_u_0.001_v_0.625_p_0.25_ϵ_1.0_gens_20000000_210215-181549.880
      From worker 8:	replicate complete, ran 20000000 generations:
      From worker 8:	
      From worker 8:		num_imitating:			9999589
      From worker 8:		num_not_imitating:		10000411
      From worker 8:		num_strategies_changed:  	142773
      From worker 8:			num_random_strategies: 	9778
      From worker 8:		num_sets_changed: 		0
      From worker 8:			num_random_opinions: 	0
      From worker 8:			num_biased_opinions: 	111710
      From worker 8:		num_both_changed: 		0
      From worker 8:	
      From worker 8:	data processed and exported
      From worker 8:	
      From worker 8:	starting b_1.0_c_0.2_N_40_M_1_K_1_P_2_beta_0.001_u_0.001_v_0.025_p_0.0_ϵ_1.0_gens_20000000_210215-181549.880
      From worker 16:	replicate complete, ran 20000000 generations:
      From worker 16:	
      From worker 16:		num_imitating:			17499083
      From worker 16:		num_not_imitating:		2500917
      From worker 16:		num_strategies_changed:  	523590
      From worker 16:			num_random_strategies: 	17583
      From worker 16:		num_sets_changed: 		8372941
      From worker 16:			num_random_opinions: 	8203349
      From worker 16:			num_biased_opinions: 	2734507
      From worker 16:		num_both_changed: 		254416
      From worker 16:	
      From worker 16:	data processed and exported
      From worker 16:	
      From worker 16:	starting b_1.0_c_0.2_N_40_M_1_K_1_P_2_beta_0.001_u_0.001_v_0.625_p_0.5_ϵ_1.0_gens_20000000_210215-181549.880
      From worker 13:	replicate complete, ran 20000000 generations:
      From worker 13:	
      From worker 13:		num_imitating:			12505703
      From worker 13:		num_not_imitating:		7494297
      From worker 13:		num_strategies_changed:  	336103
      From worker 13:			num_random_strategies: 	12298
      From worker 13:		num_sets_changed: 		4991347
      From worker 13:			num_random_opinions: 	390188
      From worker 13:			num_biased_opinions: 	1169996
      From worker 13:		num_both_changed: 		158688
      From worker 13:	
      From worker 13:	data processed and exported
      From worker 13:	
      From worker 13:	starting b_1.0_c_0.2_N_40_M_1_K_1_P_2_beta_0.001_u_0.001_v_0.125_p_1.0_ϵ_1.0_gens_20000000_210215-181549.880
      From worker 2:	replicate complete, ran 20000000 generations:
      From worker 2:	
      From worker 2:		num_imitating:			9999090
      From worker 2:		num_not_imitating:		10000910
      From worker 2:		num_strategies_changed:  	148656
      From worker 2:			num_random_strategies: 	10058
      From worker 2:		num_sets_changed: 		0
      From worker 2:			num_random_opinions: 	0
      From worker 2:			num_biased_opinions: 	9892
      From worker 2:		num_both_changed: 		0
      From worker 2:	
      From worker 2:	data processed and exported
      From worker 2:	
      From worker 2:	starting b_1.0_c_0.2_N_40_M_1_K_1_P_2_beta_0.001_u_0.001_v_0.001_p_0.0_ϵ_1.0_gens_20000000_210215-181549.880
      From worker 7:	replicate complete, ran 20000000 generations:
      From worker 7:	
      From worker 7:		num_imitating:			12498764
      From worker 7:		num_not_imitating:		7501236
      From worker 7:		num_strategies_changed:  	361863
      From worker 7:			num_random_strategies: 	12169
      From worker 7:		num_sets_changed: 		1939469
      From worker 7:			num_random_opinions: 	34801
      From worker 7:			num_biased_opinions: 	104378
      From worker 7:		num_both_changed: 		102028
      From worker 7:	
      From worker 7:	data processed and exported
      From worker 7:	
      From worker 7:	starting b_1.0_c_0.2_N_40_M_1_K_1_P_2_beta_0.001_u_0.001_v_0.011180339887498947_p_1.0_ϵ_1.0_gens_20000000_210215-181549.880
      From worker 3:	replicate complete, ran 20000000 generations:
      From worker 3:	
      From worker 3:		num_imitating:			20000000
      From worker 3:		num_not_imitating:		0
      From worker 3:		num_strategies_changed:  	585904
      From worker 3:			num_random_strategies: 	20028
      From worker 3:		num_sets_changed: 		836496
      From worker 3:			num_random_opinions: 	44665
      From worker 3:			num_biased_opinions: 	0
      From worker 3:		num_both_changed: 		46276
      From worker 3:	
      From worker 3:	data processed and exported
      From worker 3:	
      From worker 3:	starting b_1.0_c_0.2_N_40_M_1_K_1_P_2_beta_0.001_u_0.001_v_0.0022360679774997894_p_0.25_ϵ_1.0_gens_20000000_210215-181549.880
      From worker 9:	replicate complete, ran 20000000 generations:
      From worker 9:	
      From worker 9:		num_imitating:			20000000
      From worker 9:		num_not_imitating:		0
      From worker 9:		num_strategies_changed:  	588281
      From worker 9:			num_random_strategies: 	19915
      From worker 9:		num_sets_changed: 		4998106
      From worker 9:			num_random_opinions: 	498049
      From worker 9:			num_biased_opinions: 	0
      From worker 9:		num_both_changed: 		220024
      From worker 9:	
      From worker 9:	data processed and exported
      From worker 9:	
      From worker 9:	starting b_1.0_c_0.2_N_40_M_1_K_1_P_2_beta_0.001_u_0.001_v_0.025_p_0.25_ϵ_1.0_gens_20000000_210215-181549.880
      From worker 4:	replicate complete, ran 20000000 generations:
      From worker 4:	
      From worker 4:		num_imitating:			17500447
      From worker 4:		num_not_imitating:		2499553
      From worker 4:		num_strategies_changed:  	513810
      From worker 4:			num_random_strategies: 	17406
      From worker 4:		num_sets_changed: 		724918
      From worker 4:			num_random_opinions: 	29306
      From worker 4:			num_biased_opinions: 	9723
      From worker 4:		num_both_changed: 		37018
      From worker 4:	
      From worker 4:	data processed and exported
      From worker 4:	
      From worker 4:	starting b_1.0_c_0.2_N_40_M_1_K_1_P_2_beta_0.001_u_0.001_v_0.0022360679774997894_p_0.5_ϵ_1.0_gens_20000000_210215-181549.880
      From worker 12:	replicate complete, ran 20000000 generations:
      From worker 12:	
      From worker 12:		num_imitating:			14999537
      From worker 12:		num_not_imitating:		5000463
      From worker 12:		num_strategies_changed:  	430177
      From worker 12:			num_random_strategies: 	15132
      From worker 12:		num_sets_changed: 		6275961
      From worker 12:			num_random_opinions: 	936519
      From worker 12:			num_biased_opinions: 	938220
      From worker 12:		num_both_changed: 		208300
      From worker 12:	
      From worker 12:	data processed and exported
      From worker 12:	
      From worker 12:	starting b_1.0_c_0.2_N_40_M_1_K_1_P_2_beta_0.001_u_0.001_v_0.125_p_0.75_ϵ_1.0_gens_20000000_210215-181549.880
      From worker 6:	replicate complete, ran 20000000 generations:
      From worker 6:	
      From worker 6:		num_imitating:			12499559
      From worker 6:		num_not_imitating:		7500441
      From worker 6:		num_strategies_changed:  	356103
      From worker 6:			num_random_strategies: 	12474
      From worker 6:		num_sets_changed: 		1048894
      From worker 6:			num_random_opinions: 	15640
      From worker 6:			num_biased_opinions: 	46651
      From worker 6:		num_both_changed: 		58896
      From worker 6:	
      From worker 6:	data processed and exported
      From worker 6:	
      From worker 6:	starting b_1.0_c_0.2_N_40_M_1_K_1_P_2_beta_0.001_u_0.001_v_0.005_p_1.0_ϵ_1.0_gens_20000000_210215-181549.880
      From worker 5:	replicate complete, ran 20000000 generations:
      From worker 5:	
      From worker 5:		num_imitating:			15001999
      From worker 5:		num_not_imitating:		4998001
      From worker 5:		num_strategies_changed:  	428230
      From worker 5:			num_random_strategies: 	14986
      From worker 5:		num_sets_changed: 		1285206
      From worker 5:			num_random_opinions: 	37326
      From worker 5:			num_biased_opinions: 	37496
      From worker 5:		num_both_changed: 		72150
      From worker 5:	
      From worker 5:	data processed and exported
      From worker 5:	
      From worker 5:	starting b_1.0_c_0.2_N_40_M_1_K_1_P_2_beta_0.001_u_0.001_v_0.005_p_0.75_ϵ_1.0_gens_20000000_210215-181549.880
      From worker 10:	replicate complete, ran 20000000 generations:
      From worker 10:	
      From worker 10:		num_imitating:			17501227
      From worker 10:		num_not_imitating:		2498773
      From worker 10:		num_strategies_changed:  	492448
      From worker 10:			num_random_strategies: 	17404
      From worker 10:		num_sets_changed: 		6125475
      From worker 10:			num_random_opinions: 	733844
      From worker 10:			num_biased_opinions: 	243805
      From worker 10:		num_both_changed: 		224365
      From worker 10:	
      From worker 10:	data processed and exported
      From worker 10:	
      From worker 10:	starting b_1.0_c_0.2_N_40_M_1_K_1_P_2_beta_0.001_u_0.001_v_0.055901699437494755_p_0.5_ϵ_1.0_gens_20000000_210215-181549.880
      From worker 11:	replicate complete, ran 20000000 generations:
      From worker 11:	
      From worker 11:		num_imitating:			15000877
      From worker 11:		num_not_imitating:		4999123
      From worker 11:		num_strategies_changed:  	431591
      From worker 11:			num_random_strategies: 	14964
      From worker 11:		num_sets_changed: 		5203441
      From worker 11:			num_random_opinions: 	419305
      From worker 11:			num_biased_opinions: 	418979
      From worker 11:		num_both_changed: 		192272
      From worker 11:	
      From worker 11:	data processed and exported
      From worker 11:	
      From worker 11:	starting b_1.0_c_0.2_N_40_M_1_K_1_P_2_beta_0.001_u_0.001_v_0.055901699437494755_p_0.75_ϵ_1.0_gens_20000000_210215-181549.880
      From worker 13:	replicate complete, ran 20000000 generations:
      From worker 13:	
      From worker 13:		num_imitating:			9999397
      From worker 13:		num_not_imitating:		10000603
      From worker 13:		num_strategies_changed:  	155582
      From worker 13:			num_random_strategies: 	10063
      From worker 13:		num_sets_changed: 		0
      From worker 13:			num_random_opinions: 	0
      From worker 13:			num_biased_opinions: 	1249568
      From worker 13:		num_both_changed: 		0
      From worker 13:	
      From worker 13:	data processed and exported
      From worker 13:	
      From worker 13:	starting b_1.0_c_0.2_N_40_M_1_K_1_P_2_beta_0.001_u_0.001_v_0.2795084971874737_p_0.0_ϵ_1.0_gens_20000000_210215-181549.880
      From worker 2:	replicate complete, ran 20000000 generations:
      From worker 2:	
      From worker 2:		num_imitating:			20000000
      From worker 2:		num_not_imitating:		0
      From worker 2:		num_strategies_changed:  	568242
      From worker 2:			num_random_strategies: 	20036
      From worker 2:		num_sets_changed: 		405254
      From worker 2:			num_random_opinions: 	20126
      From worker 2:			num_biased_opinions: 	0
      From worker 2:		num_both_changed: 		26425
      From worker 2:	
      From worker 2:	data processed and exported
      From worker 7:	replicate complete, ran 20000000 generations:
      From worker 7:	
      From worker 7:		num_imitating:			10001561
      From worker 7:		num_not_imitating:		9998439
      From worker 7:		num_strategies_changed:  	148582
      From worker 7:			num_random_strategies: 	10104
      From worker 7:		num_sets_changed: 		0
      From worker 7:			num_random_opinions: 	0
      From worker 7:			num_biased_opinions: 	111464
      From worker 7:		num_both_changed: 		0
      From worker 7:	
      From worker 7:	data processed and exported
      From worker 7:	
      From worker 7:	starting b_1.0_c_0.2_N_40_M_1_K_1_P_2_beta_0.001_u_0.001_v_0.011180339887498947_p_0.0_ϵ_1.0_gens_20000000_210215-181549.880
      From worker 14:	replicate complete, ran 20000000 generations:
      From worker 14:	
      From worker 14:		num_imitating:			20000000
      From worker 14:		num_not_imitating:		0
      From worker 14:		num_strategies_changed:  	565887
      From worker 14:			num_random_strategies: 	20129
      From worker 14:		num_sets_changed: 		9392052
      From worker 14:			num_random_opinions: 	5592244
      From worker 14:			num_biased_opinions: 	0
      From worker 14:		num_both_changed: 		281325
      From worker 14:	
      From worker 14:	data processed and exported
      From worker 14:	
      From worker 14:	starting b_1.0_c_0.2_N_40_M_1_K_1_P_2_beta_0.001_u_0.001_v_0.2795084971874737_p_0.25_ϵ_1.0_gens_20000000_210215-181549.880
      From worker 3:	replicate complete, ran 20000000 generations:
      From worker 3:	
      From worker 3:		num_imitating:			17499113
      From worker 3:		num_not_imitating:		2500887
      From worker 3:		num_strategies_changed:  	531668
      From worker 3:			num_random_strategies: 	17634
      From worker 3:		num_sets_changed: 		726156
      From worker 3:			num_random_opinions: 	29425
      From worker 3:			num_biased_opinions: 	9963
      From worker 3:		num_both_changed: 		41711
      From worker 3:	
      From worker 3:	data processed and exported
      From worker 8:	replicate complete, ran 20000000 generations:
      From worker 8:	
      From worker 8:		num_imitating:			20000000
      From worker 8:		num_not_imitating:		0
      From worker 8:		num_strategies_changed:  	594406
      From worker 8:			num_random_strategies: 	19924
      From worker 8:		num_sets_changed: 		5033871
      From worker 8:			num_random_opinions: 	500536
      From worker 8:			num_biased_opinions: 	0
      From worker 8:		num_both_changed: 		222340
      From worker 8:	
      From worker 8:	data processed and exported
      From worker 8:	
      From worker 8:	starting b_1.0_c_0.2_N_40_M_1_K_1_P_2_beta_0.001_u_0.001_v_0.025_p_0.25_ϵ_1.0_gens_20000000_210215-181549.880
      From worker 4:	replicate complete, ran 20000000 generations:
      From worker 4:	
      From worker 4:		num_imitating:			15002386
      From worker 4:		num_not_imitating:		4997614
      From worker 4:		num_strategies_changed:  	435569
      From worker 4:			num_random_strategies: 	15033
      From worker 4:		num_sets_changed: 		628064
      From worker 4:			num_random_opinions: 	16699
      From worker 4:			num_biased_opinions: 	16670
      From worker 4:		num_both_changed: 		27733
      From worker 4:	
      From worker 4:	data processed and exported
      From worker 15:	replicate complete, ran 20000000 generations:
      From worker 15:	
      From worker 15:		num_imitating:			17499262
      From worker 15:		num_not_imitating:		2500738
      From worker 15:		num_strategies_changed:  	490197
      From worker 15:			num_random_strategies: 	17233
      From worker 15:		num_sets_changed: 		8374172
      From worker 15:			num_random_opinions: 	8203324
      From worker 15:			num_biased_opinions: 	2735202
      From worker 15:		num_both_changed: 		238775
      From worker 15:	
      From worker 15:	data processed and exported
      From worker 15:	
      From worker 15:	starting b_1.0_c_0.2_N_40_M_1_K_1_P_2_beta_0.001_u_0.001_v_0.625_p_0.5_ϵ_1.0_gens_20000000_210215-181549.880
      From worker 6:	replicate complete, ran 20000000 generations:
      From worker 6:	
      From worker 6:		num_imitating:			10000517
      From worker 6:		num_not_imitating:		9999483
      From worker 6:		num_strategies_changed:  	146154
      From worker 6:			num_random_strategies: 	9969
      From worker 6:		num_sets_changed: 		0
      From worker 6:			num_random_opinions: 	0
      From worker 6:			num_biased_opinions: 	50004
      From worker 6:		num_both_changed: 		0
      From worker 6:	
      From worker 6:	data processed and exported
      From worker 16:	replicate complete, ran 20000000 generations:
      From worker 16:	
      From worker 16:		num_imitating:			14997097
      From worker 16:		num_not_imitating:		5002903
      From worker 16:		num_strategies_changed:  	434186
      From worker 16:			num_random_strategies: 	15056
      From worker 16:		num_sets_changed: 		6425559
      From worker 16:			num_random_opinions: 	4688437
      From worker 16:			num_biased_opinions: 	4684762
      From worker 16:		num_both_changed: 		190435
      From worker 16:	
      From worker 16:	data processed and exported
      From worker 16:	
      From worker 16:	starting b_1.0_c_0.2_N_40_M_1_K_1_P_2_beta_0.001_u_0.001_v_0.625_p_0.75_ϵ_1.0_gens_20000000_210215-181549.880
      From worker 9:	replicate complete, ran 20000000 generations:
      From worker 9:	
      From worker 9:		num_imitating:			17500503
      From worker 9:		num_not_imitating:		2499497
      From worker 9:		num_strategies_changed:  	518176
      From worker 9:			num_random_strategies: 	17413
      From worker 9:		num_sets_changed: 		4405778
      From worker 9:			num_random_opinions: 	328743
      From worker 9:			num_biased_opinions: 	109089
      From worker 9:		num_both_changed: 		195757
      From worker 9:	
      From worker 9:	data processed and exported
      From worker 9:	
      From worker 9:	starting b_1.0_c_0.2_N_40_M_1_K_1_P_2_beta_0.001_u_0.001_v_0.025_p_0.5_ϵ_1.0_gens_20000000_210215-181549.880
      From worker 5:	replicate complete, ran 20000000 generations:
      From worker 5:	
      From worker 5:		num_imitating:			12496375
      From worker 5:		num_not_imitating:		7503625
      From worker 5:		num_strategies_changed:  	350667
      From worker 5:			num_random_strategies: 	12537
      From worker 5:		num_sets_changed: 		1053942
      From worker 5:			num_random_opinions: 	15548
      From worker 5:			num_biased_opinions: 	46712
      From worker 5:		num_both_changed: 		57551
      From worker 5:	
      From worker 5:	data processed and exported
      From worker 12:	replicate complete, ran 20000000 generations:
      From worker 12:	
      From worker 12:		num_imitating:			12499809
      From worker 12:		num_not_imitating:		7500191
      From worker 12:		num_strategies_changed:  	347242
      From worker 12:			num_random_strategies: 	12603
      From worker 12:		num_sets_changed: 		4987582
      From worker 12:			num_random_opinions: 	389588
      From worker 12:			num_biased_opinions: 	1170967
      From worker 12:		num_both_changed: 		164202
      From worker 12:	
      From worker 12:	data processed and exported
      From worker 12:	
      From worker 12:	starting b_1.0_c_0.2_N_40_M_1_K_1_P_2_beta_0.001_u_0.001_v_0.125_p_1.0_ϵ_1.0_gens_20000000_210215-181549.880
      From worker 10:	replicate complete, ran 20000000 generations:
      From worker 10:	
      From worker 10:		num_imitating:			15001569
      From worker 10:		num_not_imitating:		4998431
      From worker 10:		num_strategies_changed:  	420803
      From worker 10:			num_random_strategies: 	14878
      From worker 10:		num_sets_changed: 		5240199
      From worker 10:			num_random_opinions: 	419170
      From worker 10:			num_biased_opinions: 	419964
      From worker 10:		num_both_changed: 		189461
      From worker 10:	
      From worker 10:	data processed and exported
      From worker 10:	
      From worker 10:	starting b_1.0_c_0.2_N_40_M_1_K_1_P_2_beta_0.001_u_0.001_v_0.055901699437494755_p_0.75_ϵ_1.0_gens_20000000_210215-181549.880
      From worker 11:	replicate complete, ran 20000000 generations:
      From worker 11:	
      From worker 11:		num_imitating:			12497224
      From worker 11:		num_not_imitating:		7502776
      From worker 11:		num_strategies_changed:  	355904
      From worker 11:			num_random_strategies: 	12539
      From worker 11:		num_sets_changed: 		4249039
      From worker 11:			num_random_opinions: 	174656
      From worker 11:			num_biased_opinions: 	524199
      From worker 11:		num_both_changed: 		161762
      From worker 11:	
      From worker 11:	data processed and exported
      From worker 11:	
      From worker 11:	starting b_1.0_c_0.2_N_40_M_1_K_1_P_2_beta_0.001_u_0.001_v_0.055901699437494755_p_1.0_ϵ_1.0_gens_20000000_210215-181549.880
      From worker 7:	replicate complete, ran 20000000 generations:
      From worker 7:	
      From worker 7:		num_imitating:			20000000
      From worker 7:		num_not_imitating:		0
      From worker 7:		num_strategies_changed:  	590519
      From worker 7:			num_random_strategies: 	20097
      From worker 7:		num_sets_changed: 		3146497
      From worker 7:			num_random_opinions: 	223308
      From worker 7:			num_biased_opinions: 	0
      From worker 7:		num_both_changed: 		153544
      From worker 7:	
      From worker 7:	data processed and exported
      From worker 8:	replicate complete, ran 20000000 generations:
      From worker 8:	
      From worker 8:		num_imitating:			17499798
      From worker 8:		num_not_imitating:		2500202
      From worker 8:		num_strategies_changed:  	519550
      From worker 8:			num_random_strategies: 	17525
      From worker 8:		num_sets_changed: 		4417827
      From worker 8:			num_random_opinions: 	328323
      From worker 8:			num_biased_opinions: 	109559
      From worker 8:		num_both_changed: 		197753
      From worker 8:	
      From worker 8:	data processed and exported
      From worker 12:	replicate complete, ran 20000000 generations:
      From worker 12:	
      From worker 12:		num_imitating:			10002549
      From worker 12:		num_not_imitating:		9997451
      From worker 12:		num_strategies_changed:  	148701
      From worker 12:			num_random_strategies: 	9952
      From worker 12:		num_sets_changed: 		0
      From worker 12:			num_random_opinions: 	0
      From worker 12:			num_biased_opinions: 	1250625
      From worker 12:		num_both_changed: 		0
      From worker 12:	
      From worker 12:	data processed and exported
      From worker 12:	
      From worker 12:	starting b_1.0_c_0.2_N_40_M_1_K_1_P_2_beta_0.001_u_0.001_v_0.125_p_0.0_ϵ_1.0_gens_20000000_210215-181549.880
      From worker 13:	replicate complete, ran 20000000 generations:
      From worker 13:	
      From worker 13:		num_imitating:			20000000
      From worker 13:		num_not_imitating:		0
      From worker 13:		num_strategies_changed:  	542636
      From worker 13:			num_random_strategies: 	20044
      From worker 13:		num_sets_changed: 		9395243
      From worker 13:			num_random_opinions: 	5591328
      From worker 13:			num_biased_opinions: 	0
      From worker 13:		num_both_changed: 		270181
      From worker 13:	
      From worker 13:	data processed and exported
      From worker 13:	
      From worker 13:	starting b_1.0_c_0.2_N_40_M_1_K_1_P_2_beta_0.001_u_0.001_v_0.2795084971874737_p_0.25_ϵ_1.0_gens_20000000_210215-181549.880
      From worker 16:	replicate complete, ran 20000000 generations:
      From worker 16:	
      From worker 16:		num_imitating:			12502531
      From worker 16:		num_not_imitating:		7497469
      From worker 16:		num_strategies_changed:  	365779
      From worker 16:			num_random_strategies: 	12408
      From worker 16:		num_sets_changed: 		3879080
      From worker 16:			num_random_opinions: 	1953303
      From worker 16:			num_biased_opinions: 	5860706
      From worker 16:		num_both_changed: 		118326
      From worker 16:	
      From worker 16:	data processed and exported
      From worker 16:	
      From worker 16:	starting b_1.0_c_0.2_N_40_M_1_K_1_P_2_beta_0.001_u_0.001_v_0.625_p_1.0_ϵ_1.0_gens_20000000_210215-181549.880
      From worker 9:	replicate complete, ran 20000000 generations:
      From worker 9:	
      From worker 9:		num_imitating:			15001751
      From worker 9:		num_not_imitating:		4998249
      From worker 9:		num_strategies_changed:  	424658
      From worker 9:			num_random_strategies: 	14738
      From worker 9:		num_sets_changed: 		3778953
      From worker 9:			num_random_opinions: 	187446
      From worker 9:			num_biased_opinions: 	186735
      From worker 9:		num_both_changed: 		156899
      From worker 9:	
      From worker 9:	data processed and exported
      From worker 14:	replicate complete, ran 20000000 generations:
      From worker 14:	
      From worker 14:		num_imitating:			17498869
      From worker 14:		num_not_imitating:		2501131
      From worker 14:		num_strategies_changed:  	476501
      From worker 14:			num_random_strategies: 	17345
      From worker 14:		num_sets_changed: 		8148670
      From worker 14:			num_random_opinions: 	3667269
      From worker 14:			num_biased_opinions: 	1222850
      From worker 14:		num_both_changed: 		236312
      From worker 14:	
      From worker 14:	data processed and exported
      From worker 14:	
      From worker 14:	starting b_1.0_c_0.2_N_40_M_1_K_1_P_2_beta_0.001_u_0.001_v_0.2795084971874737_p_0.5_ϵ_1.0_gens_20000000_210215-181549.880
      From worker 15:	replicate complete, ran 20000000 generations:
      From worker 15:	
      From worker 15:		num_imitating:			15000779
      From worker 15:		num_not_imitating:		4999221
      From worker 15:		num_strategies_changed:  	393650
      From worker 15:			num_random_strategies: 	14912
      From worker 15:		num_sets_changed: 		6424953
      From worker 15:			num_random_opinions: 	4686505
      From worker 15:			num_biased_opinions: 	4687790
      From worker 15:		num_both_changed: 		172747
      From worker 15:	
      From worker 15:	data processed and exported
      From worker 15:	
      From worker 15:	starting b_1.0_c_0.2_N_40_M_1_K_1_P_2_beta_0.001_u_0.001_v_0.625_p_0.75_ϵ_1.0_gens_20000000_210215-181549.880
      From worker 11:	replicate complete, ran 20000000 generations:
      From worker 11:	
      From worker 11:		num_imitating:			10002342
      From worker 11:		num_not_imitating:		9997658
      From worker 11:		num_strategies_changed:  	149835
      From worker 11:			num_random_strategies: 	10081
      From worker 11:		num_sets_changed: 		0
      From worker 11:			num_random_opinions: 	0
      From worker 11:			num_biased_opinions: 	558885
      From worker 11:		num_both_changed: 		0
      From worker 11:	
      From worker 11:	data processed and exported
      From worker 10:	replicate complete, ran 20000000 generations:
      From worker 10:	
      From worker 10:		num_imitating:			12499606
      From worker 10:		num_not_imitating:		7500394
      From worker 10:		num_strategies_changed:  	350905
      From worker 10:			num_random_strategies: 	12557
      From worker 10:		num_sets_changed: 		4258068
      From worker 10:			num_random_opinions: 	174528
      From worker 10:			num_biased_opinions: 	525221
      From worker 10:		num_both_changed: 		158439
      From worker 10:	
      From worker 10:	data processed and exported
      From worker 16:	replicate complete, ran 20000000 generations:
      From worker 16:	
      From worker 16:		num_imitating:			9998741
      From worker 16:		num_not_imitating:		10001259
      From worker 16:		num_strategies_changed:  	152591
      From worker 16:			num_random_strategies: 	10035
      From worker 16:		num_sets_changed: 		0
      From worker 16:			num_random_opinions: 	0
      From worker 16:			num_biased_opinions: 	6247654
      From worker 16:		num_both_changed: 		0
      From worker 16:	
      From worker 16:	data processed and exported
      From worker 15:	replicate complete, ran 20000000 generations:
 Activating environment at `/tigress/mk28/CooperationPolarization2/Project.toml`
 Activating environment at `/tigress/mk28/CooperationPolarization2/Project.toml`
      From worker 15:	
      From worker 15:		num_imitating:			12503661
      From worker 15:		num_not_imitating:		7496339
      From worker 15:		num_strategies_changed:  	385724
      From worker 15:			num_random_strategies: 	12506
      From worker 15:		num_sets_changed: 		3877844
      From worker 15:			num_random_opinions: 	1954488
      From worker 15:			num_biased_opinions: 	5860348
      From worker 15:		num_both_changed: 		124935
      From worker 15:	
      From worker 15:	data processed and exported
      From worker 14:	replicate complete, ran 20000000 generations:
      From worker 14:	
      From worker 14:		num_imitating:			14996990
      From worker 14:		num_not_imitating:		5003010
      From worker 14:		num_strategies_changed:  	453713
      From worker 14:			num_random_strategies: 	15021
      From worker 14:		num_sets_changed: 		6756475
      From worker 14:			num_random_opinions: 	2097730
      From worker 14:			num_biased_opinions: 	2098584
      From worker 14:		num_both_changed: 		219222
      From worker 14:	
      From worker 14:	data processed and exported
      From worker 12:	replicate complete, ran 20000000 generations:
      From worker 12:	
      From worker 12:		num_imitating:			20000000
      From worker 12:		num_not_imitating:		0
      From worker 12:		num_strategies_changed:  	557022
      From worker 12:			num_random_strategies: 	19816
      From worker 12:		num_sets_changed: 		8500827
      From worker 12:			num_random_opinions: 	2501593
      From worker 12:			num_biased_opinions: 	0
      From worker 12:		num_both_changed: 		271391
      From worker 12:	
      From worker 12:	data processed and exported
      From worker 13:	replicate complete, ran 20000000 generations:
      From worker 13:	
      From worker 13:		num_imitating:			17498028
      From worker 13:		num_not_imitating:		2501972
      From worker 13:		num_strategies_changed:  	503520
      From worker 13:			num_random_strategies: 	17630
      From worker 13:		num_sets_changed: 		8150035
      From worker 13:			num_random_opinions: 	3667733
      From worker 13:			num_biased_opinions: 	1221157
      From worker 13:		num_both_changed: 		248706
      From worker 13:	
      From worker 13:	data processed and exported
6621.288683 seconds (2.47 M allocations: 114.693 MiB, 0.00% gc time)
