packages loaded
      From worker 5:	 Activating environment at `/tigress/mk28/CooperationPolarization2/Project.toml`
      From worker 3:	 Activating environment at `/tigress/mk28/CooperationPolarization2/Project.toml`
      From worker 6:	 Activating environment at `/tigress/mk28/CooperationPolarization2/Project.toml`
      From worker 4:	 Activating environment at `/tigress/mk28/CooperationPolarization2/Project.toml`
      From worker 2:	 Activating environment at `/tigress/mk28/CooperationPolarization2/Project.toml`
      From worker 14:	 Activating environment at `/tigress/mk28/CooperationPolarization2/Project.toml`
      From worker 15:	 Activating environment at `/tigress/mk28/CooperationPolarization2/Project.toml`
      From worker 12:	 Activating environment at `/tigress/mk28/CooperationPolarization2/Project.toml`
      From worker 13:	 Activating environment at `/tigress/mk28/CooperationPolarization2/Project.toml`
      From worker 11:	 Activating environment at `/tigress/mk28/CooperationPolarization2/Project.toml`
      From worker 16:	 Activating environment at `/tigress/mk28/CooperationPolarization2/Project.toml`
      From worker 10:	 Activating environment at `/tigress/mk28/CooperationPolarization2/Project.toml`
      From worker 8:	 Activating environment at `/tigress/mk28/CooperationPolarization2/Project.toml`
      From worker 7:	 Activating environment at `/tigress/mk28/CooperationPolarization2/Project.toml`
      From worker 9:	 Activating environment at `/tigress/mk28/CooperationPolarization2/Project.toml`
      From worker 15:	packages loaded
      From worker 6:	packages loaded
      From worker 14:	packages loaded
      From worker 4:	packages loaded
      From worker 5:	packages loaded
      From worker 3:	packages loaded
      From worker 13:	packages loaded
      From worker 11:	packages loaded
      From worker 2:	packages loaded
      From worker 12:	packages loaded
      From worker 7:	packages loaded
      From worker 16:	packages loaded
      From worker 10:	packages loaded
      From worker 8:	packages loaded
      From worker 9:	packages loaded
parameters defined
      From worker 4:	
      From worker 4:	starting b_1.0_c_0.2_N_40_M_3_K_1_P_2_beta_0.001_u_0.001_v_0.0022360679774997894_p_0.5_ϵ_1.0_gens_20000000_210217-193305.170
      From worker 14:	
      From worker 14:	starting b_1.0_c_0.2_N_40_M_3_K_1_P_2_beta_0.001_u_0.001_v_0.2795084971874737_p_0.5_ϵ_1.0_gens_20000000_210217-193305.170
      From worker 13:	
      From worker 13:	starting b_1.0_c_0.2_N_40_M_3_K_1_P_2_beta_0.001_u_0.001_v_0.125_p_0.25_ϵ_1.0_gens_20000000_210217-193305.170
      From worker 6:	
      From worker 6:	starting b_1.0_c_0.2_N_40_M_3_K_1_P_2_beta_0.001_u_0.001_v_0.005_p_1.0_ϵ_1.0_gens_20000000_210217-193305.170
      From worker 10:	
      From worker 10:	starting b_1.0_c_0.2_N_40_M_3_K_1_P_2_beta_0.001_u_0.001_v_0.025_p_0.75_ϵ_1.0_gens_20000000_210217-193305.170
      From worker 8:	
      From worker 8:	starting b_1.0_c_0.2_N_40_M_3_K_1_P_2_beta_0.001_u_0.001_v_0.011180339887498947_p_0.25_ϵ_1.0_gens_20000000_210217-193305.170
      From worker 5:	
      From worker 5:	starting b_1.0_c_0.2_N_40_M_3_K_1_P_2_beta_0.001_u_0.001_v_0.0022360679774997894_p_0.75_ϵ_1.0_gens_20000000_210217-193305.170
      From worker 15:	
      From worker 15:	starting b_1.0_c_0.2_N_40_M_3_K_1_P_2_beta_0.001_u_0.001_v_0.2795084971874737_p_0.75_ϵ_1.0_gens_20000000_210217-193305.170
      From worker 16:	
      From worker 16:	starting b_1.0_c_0.2_N_40_M_3_K_1_P_2_beta_0.001_u_0.001_v_0.625_p_1.0_ϵ_1.0_gens_20000000_210217-193305.170
      From worker 11:	
      From worker 11:	starting b_1.0_c_0.2_N_40_M_3_K_1_P_2_beta_0.001_u_0.001_v_0.055901699437494755_p_1.0_ϵ_1.0_gens_20000000_210217-193305.170
      From worker 12:	
      From worker 12:	starting b_1.0_c_0.2_N_40_M_3_K_1_P_2_beta_0.001_u_0.001_v_0.125_p_0.0_ϵ_1.0_gens_20000000_210217-193305.170
      From worker 3:	
      From worker 3:	starting b_1.0_c_0.2_N_40_M_3_K_1_P_2_beta_0.001_u_0.001_v_0.001_p_0.25_ϵ_1.0_gens_20000000_210217-193305.170
      From worker 7:	
      From worker 7:	starting b_1.0_c_0.2_N_40_M_3_K_1_P_2_beta_0.001_u_0.001_v_0.011180339887498947_p_0.0_ϵ_1.0_gens_20000000_210217-193305.170
      From worker 2:	
      From worker 2:	starting b_1.0_c_0.2_N_40_M_3_K_1_P_2_beta_0.001_u_0.001_v_0.001_p_0.0_ϵ_1.0_gens_20000000_210217-193305.170
      From worker 9:	
      From worker 9:	starting b_1.0_c_0.2_N_40_M_3_K_1_P_2_beta_0.001_u_0.001_v_0.025_p_0.5_ϵ_1.0_gens_20000000_210217-193305.170
      From worker 6:	replicate complete, ran 20000000 generations:
      From worker 6:	
      From worker 6:		num_imitating:			9999773
      From worker 6:		num_not_imitating:		10000227
      From worker 6:		num_strategies_changed:  	148061
      From worker 6:			num_random_strategies: 	9982
      From worker 6:		num_sets_changed: 		602228
      From worker 6:			num_random_opinions: 	0
      From worker 6:			num_biased_opinions: 	50083
      From worker 6:		num_both_changed: 		17154
      From worker 6:	
      From worker 6:	data processed and exported
      From worker 6:	
      From worker 6:	starting b_1.0_c_0.2_N_40_M_3_K_1_P_2_beta_0.001_u_0.001_v_0.005_p_0.0_ϵ_1.0_gens_20000000_210217-193305.170
      From worker 4:	replicate complete, ran 20000000 generations:
      From worker 4:	
      From worker 4:		num_imitating:			14998794
      From worker 4:		num_not_imitating:		5001206
      From worker 4:		num_strategies_changed:  	409406
      From worker 4:			num_random_strategies: 	14934
      From worker 4:		num_sets_changed: 		951997
      From worker 4:			num_random_opinions: 	16636
      From worker 4:			num_biased_opinions: 	16873
      From worker 4:		num_both_changed: 		47563
      From worker 4:	
      From worker 3:	replicate complete, ran 20000000 generations:
      From worker 3:	
      From worker 3:		num_imitating:			17500762
      From worker 3:		num_not_imitating:		2499238
      From worker 3:		num_strategies_changed:  	466111
      From worker 3:			num_random_strategies: 	17373
      From worker 3:		num_sets_changed: 		533501
      From worker 3:			num_random_opinions: 	13172
      From worker 3:			num_biased_opinions: 	4470
      From worker 3:		num_both_changed: 		22629
      From worker 3:	
      From worker 4:	data processed and exported
      From worker 2:	replicate complete, ran 20000000 generations:
      From worker 2:	
      From worker 2:		num_imitating:			20000000
      From worker 2:		num_not_imitating:		0
      From worker 2:		num_strategies_changed:  	569022
      From worker 2:			num_random_strategies: 	20037
      From worker 2:		num_sets_changed: 		594272
      From worker 2:			num_random_opinions: 	19742
      From worker 2:			num_biased_opinions: 	0
      From worker 2:		num_both_changed: 		29020
      From worker 2:	
      From worker 4:	
      From worker 4:	starting b_1.0_c_0.2_N_40_M_3_K_1_P_2_beta_0.001_u_0.001_v_0.0022360679774997894_p_0.75_ϵ_1.0_gens_20000000_210217-193305.170
      From worker 3:	data processed and exported
      From worker 5:	replicate complete, ran 20000000 generations:
      From worker 5:	
      From worker 5:		num_imitating:			12505019
      From worker 5:		num_not_imitating:		7494981
      From worker 5:		num_strategies_changed:  	354804
      From worker 5:			num_random_strategies: 	12473
      From worker 5:		num_sets_changed: 		837491
      From worker 5:			num_random_opinions: 	7025
      From worker 5:			num_biased_opinions: 	21081
      From worker 5:		num_both_changed: 		47631
      From worker 5:	
      From worker 3:	
      From worker 3:	starting b_1.0_c_0.2_N_40_M_3_K_1_P_2_beta_0.001_u_0.001_v_0.001_p_0.5_ϵ_1.0_gens_20000000_210217-193305.170
      From worker 2:	data processed and exported
      From worker 5:	data processed and exported
      From worker 2:	
      From worker 2:	starting b_1.0_c_0.2_N_40_M_3_K_1_P_2_beta_0.001_u_0.001_v_0.001_p_0.25_ϵ_1.0_gens_20000000_210217-193305.170
      From worker 5:	
      From worker 5:	starting b_1.0_c_0.2_N_40_M_3_K_1_P_2_beta_0.001_u_0.001_v_0.0022360679774997894_p_1.0_ϵ_1.0_gens_20000000_210217-193305.170
      From worker 11:	replicate complete, ran 20000000 generations:
      From worker 11:	
      From worker 11:		num_imitating:			9999894
      From worker 11:		num_not_imitating:		10000106
      From worker 11:		num_strategies_changed:  	146606
      From worker 11:			num_random_strategies: 	9884
      From worker 11:		num_sets_changed: 		3586067
      From worker 11:			num_random_opinions: 	0
      From worker 11:			num_biased_opinions: 	559510
      From worker 11:		num_both_changed: 		74671
      From worker 11:	
      From worker 11:	data processed and exported
      From worker 11:	
      From worker 11:	starting b_1.0_c_0.2_N_40_M_3_K_1_P_2_beta_0.001_u_0.001_v_0.055901699437494755_p_0.0_ϵ_1.0_gens_20000000_210217-193305.170
      From worker 8:	replicate complete, ran 20000000 generations:
      From worker 8:	
      From worker 8:		num_imitating:			17496995
      From worker 8:		num_not_imitating:		2503005
      From worker 8:		num_strategies_changed:  	502150
      From worker 8:			num_random_strategies: 	17507
      From worker 8:		num_sets_changed: 		4352331
      From worker 8:			num_random_opinions: 	147251
      From worker 8:			num_biased_opinions: 	48673
      From worker 8:		num_both_changed: 		213908
      From worker 8:	
      From worker 8:	data processed and exported
      From worker 10:	replicate complete, ran 20000000 generations:
      From worker 10:	
      From worker 10:		num_imitating:			12499532
      From worker 10:		num_not_imitating:		7500468
      From worker 10:		num_strategies_changed:  	359386
      From worker 10:			num_random_strategies: 	12656
      From worker 10:		num_sets_changed: 		5069223
      From worker 10:			num_random_opinions: 	78265
      From worker 10:			num_biased_opinions: 	234118
      From worker 10:		num_both_changed: 		216695
      From worker 10:	
      From worker 8:	
      From worker 8:	starting b_1.0_c_0.2_N_40_M_3_K_1_P_2_beta_0.001_u_0.001_v_0.011180339887498947_p_0.5_ϵ_1.0_gens_20000000_210217-193305.170
      From worker 10:	data processed and exported
      From worker 10:	
      From worker 10:	starting b_1.0_c_0.2_N_40_M_3_K_1_P_2_beta_0.001_u_0.001_v_0.025_p_1.0_ϵ_1.0_gens_20000000_210217-193305.170
      From worker 7:	replicate complete, ran 20000000 generations:
      From worker 7:	
      From worker 7:		num_imitating:			20000000
      From worker 7:		num_not_imitating:		0
      From worker 7:		num_strategies_changed:  	589998
      From worker 7:			num_random_strategies: 	20399
      From worker 7:		num_sets_changed: 		4947846
      From worker 7:			num_random_opinions: 	224408
      From worker 7:			num_biased_opinions: 	0
      From worker 7:		num_both_changed: 		244253
      From worker 7:	
      From worker 7:	data processed and exported
      From worker 7:	
      From worker 7:	starting b_1.0_c_0.2_N_40_M_3_K_1_P_2_beta_0.001_u_0.001_v_0.011180339887498947_p_0.25_ϵ_1.0_gens_20000000_210217-193305.170
      From worker 16:	replicate complete, ran 20000000 generations:
      From worker 16:	
      From worker 16:		num_imitating:			10005188
      From worker 16:		num_not_imitating:		9994812
      From worker 16:		num_strategies_changed:  	150158
      From worker 16:			num_random_strategies: 	10002
      From worker 16:		num_sets_changed: 		6473896
      From worker 16:			num_random_opinions: 	0
      From worker 16:			num_biased_opinions: 	6253326
      From worker 16:		num_both_changed: 		99930
      From worker 16:	
      From worker 16:	data processed and exported
      From worker 16:	
      From worker 16:	starting b_1.0_c_0.2_N_40_M_3_K_1_P_2_beta_0.001_u_0.001_v_0.625_p_0.0_ϵ_1.0_gens_20000000_210217-193305.170
      From worker 9:	replicate complete, ran 20000000 generations:
      From worker 9:	
      From worker 9:		num_imitating:			14996929
      From worker 9:		num_not_imitating:		5003071
      From worker 9:		num_strategies_changed:  	443294
      From worker 9:			num_random_strategies: 	15065
      From worker 9:		num_sets_changed: 		6088952
      From worker 9:			num_random_opinions: 	187674
      From worker 9:			num_biased_opinions: 	186997
      From worker 9:		num_both_changed: 		269402
      From worker 9:	
      From worker 9:	data processed and exported
      From worker 9:	
      From worker 9:	starting b_1.0_c_0.2_N_40_M_3_K_1_P_2_beta_0.001_u_0.001_v_0.025_p_0.75_ϵ_1.0_gens_20000000_210217-193305.170
      From worker 15:	replicate complete, ran 20000000 generations:
      From worker 15:	
      From worker 15:		num_imitating:			12501273
      From worker 15:		num_not_imitating:		7498727
      From worker 15:		num_strategies_changed:  	350204
      From worker 15:			num_random_strategies: 	12212
      From worker 15:		num_sets_changed: 		9345090
      From worker 15:			num_random_opinions: 	874177
      From worker 15:			num_biased_opinions: 	2621440
      From worker 15:		num_both_changed: 		283094
      From worker 15:	
      From worker 15:	data processed and exported
      From worker 15:	
      From worker 15:	starting b_1.0_c_0.2_N_40_M_3_K_1_P_2_beta_0.001_u_0.001_v_0.2795084971874737_p_1.0_ϵ_1.0_gens_20000000_210217-193305.170
      From worker 14:	replicate complete, ran 20000000 generations:
      From worker 14:	
      From worker 14:		num_imitating:			15000251
      From worker 14:		num_not_imitating:		4999749
      From worker 14:		num_strategies_changed:  	443917
      From worker 14:			num_random_strategies: 	15018
      From worker 14:		num_sets_changed: 		11571196
      From worker 14:			num_random_opinions: 	2097778
      From worker 14:			num_biased_opinions: 	2094958
      From worker 14:		num_both_changed: 		366311
      From worker 14:	
      From worker 14:	data processed and exported
      From worker 14:	
      From worker 14:	starting b_1.0_c_0.2_N_40_M_3_K_1_P_2_beta_0.001_u_0.001_v_0.2795084971874737_p_0.75_ϵ_1.0_gens_20000000_210217-193305.170
      From worker 13:	replicate complete, ran 20000000 generations:
      From worker 13:	
      From worker 13:		num_imitating:			17500448
      From worker 13:		num_not_imitating:		2499552
      From worker 13:		num_strategies_changed:  	507857
      From worker 13:			num_random_strategies: 	17376
      From worker 13:		num_sets_changed: 		12339938
      From worker 13:			num_random_opinions: 	1640610
      From worker 13:			num_biased_opinions: 	548510
      From worker 13:		num_both_changed: 		412119
      From worker 13:	
      From worker 13:	data processed and exported
      From worker 13:	
      From worker 13:	starting b_1.0_c_0.2_N_40_M_3_K_1_P_2_beta_0.001_u_0.001_v_0.125_p_0.5_ϵ_1.0_gens_20000000_210217-193305.170
      From worker 12:	replicate complete, ran 20000000 generations:
      From worker 12:	
      From worker 12:		num_imitating:			20000000
      From worker 12:		num_not_imitating:		0
      From worker 12:		num_strategies_changed:  	577111
      From worker 12:			num_random_strategies: 	19978
      From worker 12:		num_sets_changed: 		14155543
      From worker 12:			num_random_opinions: 	2501081
      From worker 12:			num_biased_opinions: 	0
      From worker 12:		num_both_changed: 		467420
      From worker 12:	
      From worker 12:	data processed and exported
      From worker 12:	
      From worker 12:	starting b_1.0_c_0.2_N_40_M_3_K_1_P_2_beta_0.001_u_0.001_v_0.125_p_0.25_ϵ_1.0_gens_20000000_210217-193305.170
      From worker 5:	replicate complete, ran 20000000 generations:
      From worker 5:	
      From worker 5:		num_imitating:			9998354
      From worker 5:		num_not_imitating:		10001646
      From worker 5:		num_strategies_changed:  	142343
      From worker 5:			num_random_strategies: 	9854
      From worker 5:		num_sets_changed: 		277868
      From worker 5:			num_random_opinions: 	0
      From worker 5:			num_biased_opinions: 	22388
      From worker 5:		num_both_changed: 		6841
      From worker 5:	
      From worker 4:	replicate complete, ran 20000000 generations:
      From worker 4:	
      From worker 4:		num_imitating:			12498872
      From worker 4:		num_not_imitating:		7501128
      From worker 4:		num_strategies_changed:  	352146
      From worker 4:			num_random_strategies: 	12469
      From worker 4:		num_sets_changed: 		804872
      From worker 4:			num_random_opinions: 	6929
      From worker 4:			num_biased_opinions: 	20997
      From worker 4:		num_both_changed: 		43309
      From worker 4:	
      From worker 5:	data processed and exported
      From worker 5:	
      From worker 5:	starting b_1.0_c_0.2_N_40_M_3_K_1_P_2_beta_0.001_u_0.001_v_0.005_p_0.0_ϵ_1.0_gens_20000000_210217-193305.170
      From worker 4:	data processed and exported
      From worker 4:	
      From worker 4:	starting b_1.0_c_0.2_N_40_M_3_K_1_P_2_beta_0.001_u_0.001_v_0.0022360679774997894_p_1.0_ϵ_1.0_gens_20000000_210217-193305.170
      From worker 3:	replicate complete, ran 20000000 generations:
      From worker 3:	
      From worker 3:		num_imitating:			15000302
      From worker 3:		num_not_imitating:		4999698
      From worker 3:		num_strategies_changed:  	433296
      From worker 3:			num_random_strategies: 	14970
      From worker 3:		num_sets_changed: 		478145
      From worker 3:			num_random_opinions: 	7426
      From worker 3:			num_biased_opinions: 	7482
      From worker 3:		num_both_changed: 		30730
      From worker 3:	
      From worker 3:	data processed and exported
      From worker 3:	
      From worker 3:	starting b_1.0_c_0.2_N_40_M_3_K_1_P_2_beta_0.001_u_0.001_v_0.001_p_0.75_ϵ_1.0_gens_20000000_210217-193305.170
      From worker 2:	replicate complete, ran 20000000 generations:
      From worker 2:	
      From worker 2:		num_imitating:			17499262
      From worker 2:		num_not_imitating:		2500738
      From worker 2:		num_strategies_changed:  	531807
      From worker 2:			num_random_strategies: 	17465
      From worker 2:		num_sets_changed: 		535722
      From worker 2:			num_random_opinions: 	13100
      From worker 2:			num_biased_opinions: 	4500
      From worker 2:		num_both_changed: 		32725
      From worker 2:	
      From worker 2:	data processed and exported
      From worker 2:	
      From worker 2:	starting b_1.0_c_0.2_N_40_M_3_K_1_P_2_beta_0.001_u_0.001_v_0.001_p_0.5_ϵ_1.0_gens_20000000_210217-193305.170
      From worker 6:	replicate complete, ran 20000000 generations:
      From worker 6:	
      From worker 6:		num_imitating:			20000000
      From worker 6:		num_not_imitating:		0
      From worker 6:		num_strategies_changed:  	555766
      From worker 6:			num_random_strategies: 	19908
      From worker 6:		num_sets_changed: 		2628067
      From worker 6:			num_random_opinions: 	100474
      From worker 6:			num_biased_opinions: 	0
      From worker 6:		num_both_changed: 		120305
      From worker 6:	
      From worker 6:	data processed and exported
      From worker 6:	
      From worker 6:	starting b_1.0_c_0.2_N_40_M_3_K_1_P_2_beta_0.001_u_0.001_v_0.005_p_0.25_ϵ_1.0_gens_20000000_210217-193305.170
      From worker 10:	replicate complete, ran 20000000 generations:
      From worker 10:	
      From worker 10:		num_imitating:			9998260
      From worker 10:		num_not_imitating:		10001740
      From worker 10:		num_strategies_changed:  	145970
      From worker 10:			num_random_strategies: 	9971
      From worker 10:		num_sets_changed: 		2227179
      From worker 10:			num_random_opinions: 	0
      From worker 10:			num_biased_opinions: 	249373
      From worker 10:		num_both_changed: 		52464
      From worker 10:	
      From worker 10:	data processed and exported
      From worker 10:	
      From worker 10:	starting b_1.0_c_0.2_N_40_M_3_K_1_P_2_beta_0.001_u_0.001_v_0.055901699437494755_p_0.0_ϵ_1.0_gens_20000000_210217-193305.170
      From worker 8:	replicate complete, ran 20000000 generations:
      From worker 8:	
      From worker 8:		num_imitating:			14996943
      From worker 8:		num_not_imitating:		5003057
      From worker 8:		num_strategies_changed:  	408338
      From worker 8:			num_random_strategies: 	14922
      From worker 8:		num_sets_changed: 		3789038
      From worker 8:			num_random_opinions: 	83859
      From worker 8:			num_biased_opinions: 	83822
      From worker 8:		num_both_changed: 		175471
      From worker 8:	
      From worker 8:	data processed and exported
      From worker 8:	
      From worker 8:	starting b_1.0_c_0.2_N_40_M_3_K_1_P_2_beta_0.001_u_0.001_v_0.011180339887498947_p_0.75_ϵ_1.0_gens_20000000_210217-193305.170
      From worker 7:	replicate complete, ran 20000000 generations:
      From worker 7:	
      From worker 7:		num_imitating:			17498893
      From worker 7:		num_not_imitating:		2501107
      From worker 7:		num_strategies_changed:  	503874
      From worker 7:			num_random_strategies: 	17481
      From worker 7:		num_sets_changed: 		4360570
      From worker 7:			num_random_opinions: 	146720
      From worker 7:			num_biased_opinions: 	48845
      From worker 7:		num_both_changed: 		213101
      From worker 7:	
      From worker 7:	data processed and exported
      From worker 7:	
      From worker 7:	starting b_1.0_c_0.2_N_40_M_3_K_1_P_2_beta_0.001_u_0.001_v_0.011180339887498947_p_0.5_ϵ_1.0_gens_20000000_210217-193305.170
      From worker 9:	replicate complete, ran 20000000 generations:
      From worker 9:	
      From worker 9:		num_imitating:			12502598
      From worker 9:		num_not_imitating:		7497402
      From worker 9:		num_strategies_changed:  	363511
      From worker 9:			num_random_strategies: 	12325
      From worker 9:		num_sets_changed: 		5047593
      From worker 9:			num_random_opinions: 	77940
      From worker 9:			num_biased_opinions: 	234427
      From worker 9:		num_both_changed: 		219394
      From worker 9:	
      From worker 9:	data processed and exported
      From worker 9:	
      From worker 9:	starting b_1.0_c_0.2_N_40_M_3_K_1_P_2_beta_0.001_u_0.001_v_0.025_p_1.0_ϵ_1.0_gens_20000000_210217-193305.170
      From worker 15:	replicate complete, ran 20000000 generations:
      From worker 15:	
      From worker 15:		num_imitating:			10001591
      From worker 15:		num_not_imitating:		9998409
      From worker 15:		num_strategies_changed:  	149288
      From worker 15:			num_random_strategies: 	10110
      From worker 15:		num_sets_changed: 		5903797
      From worker 15:			num_random_opinions: 	0
      From worker 15:			num_biased_opinions: 	2795044
      From worker 15:		num_both_changed: 		97676
      From worker 15:	
      From worker 15:	data processed and exported
      From worker 15:	
      From worker 15:	starting b_1.0_c_0.2_N_40_M_3_K_1_P_2_beta_0.001_u_0.001_v_0.625_p_0.0_ϵ_1.0_gens_20000000_210217-193305.170
      From worker 11:	replicate complete, ran 20000000 generations:
      From worker 11:	
      From worker 11:		num_imitating:			20000000
      From worker 11:		num_not_imitating:		0
      From worker 11:		num_strategies_changed:  	568921
      From worker 11:			num_random_strategies: 	19864
      From worker 11:		num_sets_changed: 		11619005
      From worker 11:			num_random_opinions: 	1117655
      From worker 11:			num_biased_opinions: 	0
      From worker 11:		num_both_changed: 		425318
      From worker 11:	
      From worker 11:	data processed and exported
      From worker 11:	
      From worker 11:	starting b_1.0_c_0.2_N_40_M_3_K_1_P_2_beta_0.001_u_0.001_v_0.055901699437494755_p_0.25_ϵ_1.0_gens_20000000_210217-193305.170
      From worker 4:	replicate complete, ran 20000000 generations:
      From worker 4:	
      From worker 4:		num_imitating:			9998436
      From worker 4:		num_not_imitating:		10001564
      From worker 4:		num_strategies_changed:  	151522
      From worker 4:			num_random_strategies: 	10187
      From worker 4:		num_sets_changed: 		279436
      From worker 4:			num_random_opinions: 	0
      From worker 4:			num_biased_opinions: 	22038
      From worker 4:		num_both_changed: 		8899
      From worker 4:	
      From worker 4:	data processed and exported
      From worker 4:	
      From worker 4:	starting b_1.0_c_0.2_N_40_M_3_K_1_P_2_beta_0.001_u_0.001_v_0.0022360679774997894_p_0.0_ϵ_1.0_gens_20000000_210217-193305.170
      From worker 3:	replicate complete, ran 20000000 generations:
      From worker 3:	
      From worker 3:		num_imitating:			12497659
      From worker 3:		num_not_imitating:		7502341
      From worker 3:		num_strategies_changed:  	347653
      From worker 3:			num_random_strategies: 	12440
      From worker 3:		num_sets_changed: 		391173
      From worker 3:			num_random_opinions: 	3128
      From worker 3:			num_biased_opinions: 	9400
      From worker 3:		num_both_changed: 		20913
      From worker 3:	
      From worker 3:	data processed and exported
      From worker 3:	
      From worker 3:	starting b_1.0_c_0.2_N_40_M_3_K_1_P_2_beta_0.001_u_0.001_v_0.001_p_1.0_ϵ_1.0_gens_20000000_210217-193305.170
      From worker 2:	replicate complete, ran 20000000 generations:
      From worker 2:	
      From worker 2:		num_imitating:			15000948
      From worker 2:		num_not_imitating:		4999052
      From worker 2:		num_strategies_changed:  	414379
      From worker 2:			num_random_strategies: 	14784
      From worker 2:		num_sets_changed: 		451065
      From worker 2:			num_random_opinions: 	7613
      From worker 2:			num_biased_opinions: 	7468
      From worker 2:		num_both_changed: 		21800
      From worker 2:	
      From worker 2:	data processed and exported
      From worker 2:	
      From worker 2:	starting b_1.0_c_0.2_N_40_M_3_K_1_P_2_beta_0.001_u_0.001_v_0.001_p_0.75_ϵ_1.0_gens_20000000_210217-193305.170
      From worker 14:	replicate complete, ran 20000000 generations:
      From worker 14:	
      From worker 14:		num_imitating:			12497767
      From worker 14:		num_not_imitating:		7502233
      From worker 14:		num_strategies_changed:  	358938
      From worker 14:			num_random_strategies: 	12469
      From worker 14:		num_sets_changed: 		9344618
      From worker 14:			num_random_opinions: 	872833
      From worker 14:			num_biased_opinions: 	2619094
      From worker 14:		num_both_changed: 		290949
      From worker 14:	
      From worker 14:	data processed and exported
      From worker 14:	
      From worker 14:	starting b_1.0_c_0.2_N_40_M_3_K_1_P_2_beta_0.001_u_0.001_v_0.2795084971874737_p_1.0_ϵ_1.0_gens_20000000_210217-193305.170
      From worker 5:	replicate complete, ran 20000000 generations:
      From worker 5:	
      From worker 5:		num_imitating:			20000000
      From worker 5:		num_not_imitating:		0
      From worker 5:		num_strategies_changed:  	557934
      From worker 5:			num_random_strategies: 	19893
      From worker 5:		num_sets_changed: 		2658104
      From worker 5:			num_random_opinions: 	100262
      From worker 5:			num_biased_opinions: 	0
      From worker 5:		num_both_changed: 		129207
      From worker 5:	
      From worker 5:	data processed and exported
      From worker 5:	
      From worker 5:	starting b_1.0_c_0.2_N_40_M_3_K_1_P_2_beta_0.001_u_0.001_v_0.005_p_0.25_ϵ_1.0_gens_20000000_210217-193305.170
      From worker 6:	replicate complete, ran 20000000 generations:
      From worker 6:	
      From worker 6:		num_imitating:			17499544
      From worker 6:		num_not_imitating:		2500456
      From worker 6:		num_strategies_changed:  	505951
      From worker 6:			num_random_strategies: 	17914
      From worker 6:		num_sets_changed: 		2280435
      From worker 6:			num_random_opinions: 	65535
      From worker 6:			num_biased_opinions: 	21843
      From worker 6:		num_both_changed: 		104964
      From worker 6:	
      From worker 6:	data processed and exported
      From worker 6:	
      From worker 6:	starting b_1.0_c_0.2_N_40_M_3_K_1_P_2_beta_0.001_u_0.001_v_0.005_p_0.5_ϵ_1.0_gens_20000000_210217-193305.170
      From worker 16:	replicate complete, ran 20000000 generations:
      From worker 16:	
      From worker 16:		num_imitating:			20000000
      From worker 16:		num_not_imitating:		0
      From worker 16:		num_strategies_changed:  	586331
      From worker 16:			num_random_strategies: 	19840
      From worker 16:		num_sets_changed: 		16419259
      From worker 16:			num_random_opinions: 	12501061
      From worker 16:			num_biased_opinions: 	0
      From worker 16:		num_both_changed: 		488290
      From worker 16:	
      From worker 16:	data processed and exported
      From worker 16:	
      From worker 16:	starting b_1.0_c_0.2_N_40_M_3_K_1_P_2_beta_0.001_u_0.001_v_0.625_p_0.25_ϵ_1.0_gens_20000000_210217-193305.170
      From worker 13:	replicate complete, ran 20000000 generations:
      From worker 13:	
      From worker 13:		num_imitating:			15001921
      From worker 13:		num_not_imitating:		4998079
      From worker 13:		num_strategies_changed:  	457062
      From worker 13:			num_random_strategies: 	15049
      From worker 13:		num_sets_changed: 		10516900
      From worker 13:			num_random_opinions: 	936651
      From worker 13:			num_biased_opinions: 	938769
      From worker 13:		num_both_changed: 		370835
      From worker 13:	
      From worker 13:	data processed and exported
      From worker 13:	
      From worker 13:	starting b_1.0_c_0.2_N_40_M_3_K_1_P_2_beta_0.001_u_0.001_v_0.125_p_0.75_ϵ_1.0_gens_20000000_210217-193305.170
      From worker 12:	replicate complete, ran 20000000 generations:
      From worker 12:	
      From worker 12:		num_imitating:			17498944
      From worker 12:		num_not_imitating:		2501056
      From worker 12:		num_strategies_changed:  	525451
      From worker 12:			num_random_strategies: 	17574
      From worker 12:		num_sets_changed: 		12327861
      From worker 12:			num_random_opinions: 	1638440
      From worker 12:			num_biased_opinions: 	546842
      From worker 12:		num_both_changed: 		424821
      From worker 12:	
      From worker 12:	data processed and exported
      From worker 12:	
      From worker 12:	starting b_1.0_c_0.2_N_40_M_3_K_1_P_2_beta_0.001_u_0.001_v_0.125_p_0.5_ϵ_1.0_gens_20000000_210217-193305.170
      From worker 8:	replicate complete, ran 20000000 generations:
      From worker 8:	
      From worker 8:		num_imitating:			12499615
      From worker 8:		num_not_imitating:		7500385
      From worker 8:		num_strategies_changed:  	360843
      From worker 8:			num_random_strategies: 	12716
      From worker 8:		num_sets_changed: 		3122464
      From worker 8:			num_random_opinions: 	34952
      From worker 8:			num_biased_opinions: 	105332
      From worker 8:		num_both_changed: 		156913
      From worker 8:	
      From worker 8:	data processed and exported
      From worker 8:	
      From worker 8:	starting b_1.0_c_0.2_N_40_M_3_K_1_P_2_beta_0.001_u_0.001_v_0.011180339887498947_p_1.0_ϵ_1.0_gens_20000000_210217-193305.170
      From worker 9:	replicate complete, ran 20000000 generations:
      From worker 9:	
      From worker 9:		num_imitating:			9998253
      From worker 9:		num_not_imitating:		10001747
      From worker 9:		num_strategies_changed:  	141648
      From worker 9:			num_random_strategies: 	10067
      From worker 9:		num_sets_changed: 		2228921
      From worker 9:			num_random_opinions: 	0
      From worker 9:			num_biased_opinions: 	249409
      From worker 9:		num_both_changed: 		49676
      From worker 9:	
      From worker 9:	data processed and exported
      From worker 9:	
      From worker 9:	starting b_1.0_c_0.2_N_40_M_3_K_1_P_2_beta_0.001_u_0.001_v_0.025_p_0.0_ϵ_1.0_gens_20000000_210217-193305.170
      From worker 7:	replicate complete, ran 20000000 generations:
      From worker 7:	
      From worker 7:		num_imitating:			14996873
      From worker 7:		num_not_imitating:		5003127
      From worker 7:		num_strategies_changed:  	421447
      From worker 7:			num_random_strategies: 	15032
      From worker 7:		num_sets_changed: 		3780245
      From worker 7:			num_random_opinions: 	83455
      From worker 7:			num_biased_opinions: 	83243
      From worker 7:		num_both_changed: 		177467
      From worker 7:	
      From worker 7:	data processed and exported
      From worker 7:	
      From worker 7:	starting b_1.0_c_0.2_N_40_M_3_K_1_P_2_beta_0.001_u_0.001_v_0.011180339887498947_p_0.75_ϵ_1.0_gens_20000000_210217-193305.170
      From worker 3:	replicate complete, ran 20000000 generations:
      From worker 3:	
      From worker 3:		num_imitating:			10001505
      From worker 3:		num_not_imitating:		9998495
      From worker 3:		num_strategies_changed:  	144761
      From worker 3:			num_random_strategies: 	9816
      From worker 3:		num_sets_changed: 		136295
      From worker 3:			num_random_opinions: 	0
      From worker 3:			num_biased_opinions: 	9993
      From worker 3:		num_both_changed: 		3670
      From worker 3:	
      From worker 3:	data processed and exported
      From worker 3:	
      From worker 3:	starting b_1.0_c_0.2_N_40_M_3_K_1_P_2_beta_0.001_u_0.001_v_0.0022360679774997894_p_0.0_ϵ_1.0_gens_20000000_210217-193305.170
      From worker 4:	replicate complete, ran 20000000 generations:
      From worker 4:	
      From worker 4:		num_imitating:			20000000
      From worker 4:		num_not_imitating:		0
      From worker 4:		num_strategies_changed:  	592713
      From worker 4:			num_random_strategies: 	20021
      From worker 4:		num_sets_changed: 		1289033
      From worker 4:			num_random_opinions: 	44850
      From worker 4:			num_biased_opinions: 	0
      From worker 4:		num_both_changed: 		66333
      From worker 4:	
      From worker 4:	data processed and exported
      From worker 4:	
      From worker 4:	starting b_1.0_c_0.2_N_40_M_3_K_1_P_2_beta_0.001_u_0.001_v_0.0022360679774997894_p_0.25_ϵ_1.0_gens_20000000_210217-193305.170
      From worker 2:	replicate complete, ran 20000000 generations:
      From worker 2:	
      From worker 2:		num_imitating:			12500524
      From worker 2:		num_not_imitating:		7499476
      From worker 2:		num_strategies_changed:  	342604
      From worker 2:			num_random_strategies: 	12504
      From worker 2:		num_sets_changed: 		397685
      From worker 2:			num_random_opinions: 	3141
      From worker 2:			num_biased_opinions: 	9345
      From worker 2:		num_both_changed: 		19062
      From worker 2:	
      From worker 2:	data processed and exported
      From worker 2:	
      From worker 2:	starting b_1.0_c_0.2_N_40_M_3_K_1_P_2_beta_0.001_u_0.001_v_0.001_p_1.0_ϵ_1.0_gens_20000000_210217-193305.170
      From worker 10:	replicate complete, ran 20000000 generations:
      From worker 10:	
      From worker 10:		num_imitating:			20000000
      From worker 10:		num_not_imitating:		0
      From worker 10:		num_strategies_changed:  	583571
      From worker 10:			num_random_strategies: 	19900
      From worker 10:		num_sets_changed: 		11609577
      From worker 10:			num_random_opinions: 	1119240
      From worker 10:			num_biased_opinions: 	0
      From worker 10:		num_both_changed: 		433994
      From worker 10:	
      From worker 10:	data processed and exported
      From worker 10:	
      From worker 10:	starting b_1.0_c_0.2_N_40_M_3_K_1_P_2_beta_0.001_u_0.001_v_0.055901699437494755_p_0.25_ϵ_1.0_gens_20000000_210217-193305.170
      From worker 5:	replicate complete, ran 20000000 generations:
      From worker 5:	
      From worker 5:		num_imitating:			17501862
      From worker 5:		num_not_imitating:		2498138
      From worker 5:		num_strategies_changed:  	511187
      From worker 5:			num_random_strategies: 	17685
      From worker 5:		num_sets_changed: 		2326947
      From worker 5:			num_random_opinions: 	65912
      From worker 5:			num_biased_opinions: 	21838
      From worker 5:		num_both_changed: 		113281
      From worker 5:	
      From worker 5:	data processed and exported
      From worker 5:	
      From worker 5:	starting b_1.0_c_0.2_N_40_M_3_K_1_P_2_beta_0.001_u_0.001_v_0.005_p_0.5_ϵ_1.0_gens_20000000_210217-193305.170
      From worker 6:	replicate complete, ran 20000000 generations:
      From worker 6:	
      From worker 6:		num_imitating:			15001638
      From worker 6:		num_not_imitating:		4998362
      From worker 6:		num_strategies_changed:  	449781
      From worker 6:			num_random_strategies: 	15035
      From worker 6:		num_sets_changed: 		2006821
      From worker 6:			num_random_opinions: 	37229
      From worker 6:			num_biased_opinions: 	37752
      From worker 6:		num_both_changed: 		111435
      From worker 6:	
      From worker 6:	data processed and exported
      From worker 6:	
      From worker 6:	starting b_1.0_c_0.2_N_40_M_3_K_1_P_2_beta_0.001_u_0.001_v_0.005_p_0.75_ϵ_1.0_gens_20000000_210217-193305.170
      From worker 14:	replicate complete, ran 20000000 generations:
      From worker 14:	
      From worker 14:		num_imitating:			9994886
      From worker 14:		num_not_imitating:		10005114
      From worker 14:		num_strategies_changed:  	144637
      From worker 14:			num_random_strategies: 	10162
      From worker 14:		num_sets_changed: 		5899684
      From worker 14:			num_random_opinions: 	0
      From worker 14:			num_biased_opinions: 	2794742
      From worker 14:		num_both_changed: 		94423
      From worker 14:	
      From worker 14:	data processed and exported
      From worker 14:	
      From worker 14:	starting b_1.0_c_0.2_N_40_M_3_K_1_P_2_beta_0.001_u_0.001_v_0.2795084971874737_p_0.0_ϵ_1.0_gens_20000000_210217-193305.170
      From worker 11:	replicate complete, ran 20000000 generations:
      From worker 11:	
      From worker 11:		num_imitating:			17498207
      From worker 11:		num_not_imitating:		2501793
      From worker 11:		num_strategies_changed:  	496586
      From worker 11:			num_random_strategies: 	17478
      From worker 11:		num_sets_changed: 		10109159
      From worker 11:			num_random_opinions: 	733344
      From worker 11:			num_biased_opinions: 	245371
      From worker 11:		num_both_changed: 		367866
      From worker 11:	
      From worker 11:	data processed and exported
      From worker 11:	
      From worker 11:	starting b_1.0_c_0.2_N_40_M_3_K_1_P_2_beta_0.001_u_0.001_v_0.055901699437494755_p_0.5_ϵ_1.0_gens_20000000_210217-193305.170
      From worker 8:	replicate complete, ran 20000000 generations:
      From worker 8:	
      From worker 8:		num_imitating:			9999612
      From worker 8:		num_not_imitating:		10000388
      From worker 8:		num_strategies_changed:  	149350
      From worker 8:			num_random_strategies: 	9932
      From worker 8:		num_sets_changed: 		1198930
      From worker 8:			num_random_opinions: 	0
      From worker 8:			num_biased_opinions: 	111817
      From worker 8:		num_both_changed: 		34693
      From worker 8:	
      From worker 8:	data processed and exported
      From worker 8:	
      From worker 8:	starting b_1.0_c_0.2_N_40_M_3_K_1_P_2_beta_0.001_u_0.001_v_0.025_p_0.0_ϵ_1.0_gens_20000000_210217-193305.170
      From worker 15:	replicate complete, ran 20000000 generations:
      From worker 15:	
      From worker 15:		num_imitating:			20000000
      From worker 15:		num_not_imitating:		0
      From worker 15:		num_strategies_changed:  	562065
      From worker 15:			num_random_strategies: 	19960
      From worker 15:		num_sets_changed: 		16419477
      From worker 15:			num_random_opinions: 	12504174
      From worker 15:			num_biased_opinions: 	0
      From worker 15:		num_both_changed: 		468723
      From worker 15:	
      From worker 15:	data processed and exported
      From worker 15:	
      From worker 15:	starting b_1.0_c_0.2_N_40_M_3_K_1_P_2_beta_0.001_u_0.001_v_0.625_p_0.25_ϵ_1.0_gens_20000000_210217-193305.170
      From worker 13:	replicate complete, ran 20000000 generations:
      From worker 13:	
      From worker 13:		num_imitating:			12500312
      From worker 13:		num_not_imitating:		7499688
      From worker 13:		num_strategies_changed:  	374162
      From worker 13:			num_random_strategies: 	12582
      From worker 13:		num_sets_changed: 		8574136
      From worker 13:			num_random_opinions: 	389906
      From worker 13:			num_biased_opinions: 	1171166
      From worker 13:		num_both_changed: 		302061
      From worker 13:	
      From worker 13:	data processed and exported
      From worker 13:	
      From worker 13:	starting b_1.0_c_0.2_N_40_M_3_K_1_P_2_beta_0.001_u_0.001_v_0.125_p_1.0_ϵ_1.0_gens_20000000_210217-193305.170
      From worker 7:	replicate complete, ran 20000000 generations:
      From worker 7:	
      From worker 7:		num_imitating:			12500252
      From worker 7:		num_not_imitating:		7499748
      From worker 7:		num_strategies_changed:  	371483
      From worker 7:			num_random_strategies: 	12534
      From worker 7:		num_sets_changed: 		3081325
      From worker 7:			num_random_opinions: 	35226
      From worker 7:			num_biased_opinions: 	104946
      From worker 7:		num_both_changed: 		151486
      From worker 7:	
      From worker 7:	data processed and exported
      From worker 7:	
      From worker 7:	starting b_1.0_c_0.2_N_40_M_3_K_1_P_2_beta_0.001_u_0.001_v_0.011180339887498947_p_1.0_ϵ_1.0_gens_20000000_210217-193305.170
      From worker 2:	replicate complete, ran 20000000 generations:
      From worker 2:	
      From worker 2:		num_imitating:			10002854
      From worker 2:		num_not_imitating:		9997146
      From worker 2:		num_strategies_changed:  	145001
      From worker 2:			num_random_strategies: 	9951
      From worker 2:		num_sets_changed: 		129928
      From worker 2:			num_random_opinions: 	0
      From worker 2:			num_biased_opinions: 	10094
      From worker 2:		num_both_changed: 		3514
      From worker 2:	
      From worker 2:	data processed and exported
      From worker 2:	
      From worker 2:	starting b_1.0_c_0.2_N_40_M_3_K_1_P_2_beta_0.001_u_0.001_v_0.001_p_0.0_ϵ_1.0_gens_20000000_210217-193305.170
      From worker 4:	replicate complete, ran 20000000 generations:
      From worker 4:	
      From worker 4:		num_imitating:			17502322
      From worker 4:		num_not_imitating:		2497678
      From worker 4:		num_strategies_changed:  	495189
      From worker 4:			num_random_strategies: 	17283
      From worker 4:		num_sets_changed: 		1179792
      From worker 4:			num_random_opinions: 	29701
      From worker 4:			num_biased_opinions: 	9711
      From worker 4:		num_both_changed: 		64098
      From worker 4:	
      From worker 4:	data processed and exported
      From worker 4:	
      From worker 4:	starting b_1.0_c_0.2_N_40_M_3_K_1_P_2_beta_0.001_u_0.001_v_0.0022360679774997894_p_0.5_ϵ_1.0_gens_20000000_210217-193305.170
      From worker 3:	replicate complete, ran 20000000 generations:
      From worker 3:	
      From worker 3:		num_imitating:			20000000
      From worker 3:		num_not_imitating:		0
      From worker 3:		num_strategies_changed:  	561636
      From worker 3:			num_random_strategies: 	19996
      From worker 3:		num_sets_changed: 		1301372
      From worker 3:			num_random_opinions: 	44384
      From worker 3:			num_biased_opinions: 	0
      From worker 3:		num_both_changed: 		73321
      From worker 3:	
      From worker 3:	data processed and exported
      From worker 3:	
      From worker 3:	starting b_1.0_c_0.2_N_40_M_3_K_1_P_2_beta_0.001_u_0.001_v_0.0022360679774997894_p_0.25_ϵ_1.0_gens_20000000_210217-193305.170
      From worker 16:	replicate complete, ran 20000000 generations:
      From worker 16:	
      From worker 16:		num_imitating:			17499498
      From worker 16:		num_not_imitating:		2500502
      From worker 16:		num_strategies_changed:  	506657
      From worker 16:			num_random_strategies: 	17670
      From worker 16:		num_sets_changed: 		14267007
      From worker 16:			num_random_opinions: 	8198854
      From worker 16:			num_biased_opinions: 	2735585
      From worker 16:		num_both_changed: 		419615
      From worker 16:	
      From worker 16:	data processed and exported
      From worker 16:	
      From worker 16:	starting b_1.0_c_0.2_N_40_M_3_K_1_P_2_beta_0.001_u_0.001_v_0.625_p_0.5_ϵ_1.0_gens_20000000_210217-193305.170
      From worker 12:	replicate complete, ran 20000000 generations:
      From worker 12:	
      From worker 12:		num_imitating:			15000626
      From worker 12:		num_not_imitating:		4999374
      From worker 12:		num_strategies_changed:  	444600
      From worker 12:			num_random_strategies: 	15215
      From worker 12:		num_sets_changed: 		10508634
      From worker 12:			num_random_opinions: 	938478
      From worker 12:			num_biased_opinions: 	938060
      From worker 12:		num_both_changed: 		360337
      From worker 12:	
      From worker 12:	data processed and exported
      From worker 12:	
      From worker 12:	starting b_1.0_c_0.2_N_40_M_3_K_1_P_2_beta_0.001_u_0.001_v_0.125_p_0.75_ϵ_1.0_gens_20000000_210217-193305.170
      From worker 9:	replicate complete, ran 20000000 generations:
      From worker 9:	
      From worker 9:		num_imitating:			20000000
      From worker 9:		num_not_imitating:		0
      From worker 9:		num_strategies_changed:  	569413
      From worker 9:			num_random_strategies: 	19968
      From worker 9:		num_sets_changed: 		8201735
      From worker 9:			num_random_opinions: 	499958
      From worker 9:			num_biased_opinions: 	0
      From worker 9:		num_both_changed: 		344979
      From worker 9:	
      From worker 9:	data processed and exported
      From worker 9:	
      From worker 9:	starting b_1.0_c_0.2_N_40_M_3_K_1_P_2_beta_0.001_u_0.001_v_0.025_p_0.25_ϵ_1.0_gens_20000000_210217-193305.170
      From worker 6:	replicate complete, ran 20000000 generations:
      From worker 6:	
      From worker 6:		num_imitating:			12495500
      From worker 6:		num_not_imitating:		7504500
      From worker 6:		num_strategies_changed:  	355365
      From worker 6:			num_random_strategies: 	12493
      From worker 6:		num_sets_changed: 		1658171
      From worker 6:			num_random_opinions: 	15632
      From worker 6:			num_biased_opinions: 	46690
      From worker 6:		num_both_changed: 		84726
      From worker 6:	
      From worker 6:	data processed and exported
      From worker 6:	
      From worker 6:	starting b_1.0_c_0.2_N_40_M_3_K_1_P_2_beta_0.001_u_0.001_v_0.005_p_1.0_ϵ_1.0_gens_20000000_210217-193305.170
      From worker 5:	replicate complete, ran 20000000 generations:
      From worker 5:	
      From worker 5:		num_imitating:			14999483
      From worker 5:		num_not_imitating:		5000517
      From worker 5:		num_strategies_changed:  	435413
      From worker 5:			num_random_strategies: 	15003
      From worker 5:		num_sets_changed: 		2011107
      From worker 5:			num_random_opinions: 	37387
      From worker 5:			num_biased_opinions: 	37499
      From worker 5:		num_both_changed: 		104082
      From worker 5:	
      From worker 5:	data processed and exported
      From worker 5:	
      From worker 5:	starting b_1.0_c_0.2_N_40_M_3_K_1_P_2_beta_0.001_u_0.001_v_0.005_p_0.75_ϵ_1.0_gens_20000000_210217-193305.170
      From worker 10:	replicate complete, ran 20000000 generations:
      From worker 10:	
      From worker 10:		num_imitating:			17499626
      From worker 10:		num_not_imitating:		2500374
      From worker 10:		num_strategies_changed:  	500164
      From worker 10:			num_random_strategies: 	17537
      From worker 10:		num_sets_changed: 		10131899
      From worker 10:			num_random_opinions: 	733867
      From worker 10:			num_biased_opinions: 	243889
      From worker 10:		num_both_changed: 		373989
      From worker 10:	
      From worker 10:	data processed and exported
      From worker 10:	
      From worker 10:	starting b_1.0_c_0.2_N_40_M_3_K_1_P_2_beta_0.001_u_0.001_v_0.055901699437494755_p_0.5_ϵ_1.0_gens_20000000_210217-193305.170
      From worker 7:	replicate complete, ran 20000000 generations:
      From worker 7:	
      From worker 7:		num_imitating:			10000684
      From worker 7:		num_not_imitating:		9999316
      From worker 7:		num_strategies_changed:  	138414
      From worker 7:			num_random_strategies: 	9876
      From worker 7:		num_sets_changed: 		1214289
      From worker 7:			num_random_opinions: 	0
      From worker 7:			num_biased_opinions: 	111935
      From worker 7:		num_both_changed: 		31726
      From worker 7:	
      From worker 7:	data processed and exported
      From worker 7:	
      From worker 7:	starting b_1.0_c_0.2_N_40_M_3_K_1_P_2_beta_0.001_u_0.001_v_0.011180339887498947_p_0.0_ϵ_1.0_gens_20000000_210217-193305.170
      From worker 2:	replicate complete, ran 20000000 generations:
      From worker 2:	
      From worker 2:		num_imitating:			20000000
      From worker 2:		num_not_imitating:		0
      From worker 2:		num_strategies_changed:  	615198
      From worker 2:			num_random_strategies: 	20030
      From worker 2:		num_sets_changed: 		607259
      From worker 2:			num_random_opinions: 	19960
      From worker 2:			num_biased_opinions: 	0
      From worker 2:		num_both_changed: 		34986
      From worker 2:	
      From worker 2:	data processed and exported
      From worker 4:	replicate complete, ran 20000000 generations:
      From worker 4:	
      From worker 4:		num_imitating:			15001574
      From worker 4:		num_not_imitating:		4998426
      From worker 4:		num_strategies_changed:  	431657
      From worker 4:			num_random_strategies: 	14865
      From worker 4:		num_sets_changed: 		950846
      From worker 4:			num_random_opinions: 	16868
      From worker 4:			num_biased_opinions: 	16949
      From worker 4:		num_both_changed: 		52679
      From worker 4:	
      From worker 4:	data processed and exported
      From worker 13:	replicate complete, ran 20000000 generations:
      From worker 13:	
      From worker 13:		num_imitating:			10000937
      From worker 13:		num_not_imitating:		9999063
      From worker 13:		num_strategies_changed:  	142442
      From worker 13:			num_random_strategies: 	10025
      From worker 13:		num_sets_changed: 		4924720
      From worker 13:			num_random_opinions: 	0
      From worker 13:			num_biased_opinions: 	1250854
      From worker 13:		num_both_changed: 		86400
      From worker 13:	
      From worker 11:	replicate complete, ran 20000000 generations:
      From worker 11:	
      From worker 11:		num_imitating:			15001147
      From worker 11:		num_not_imitating:		4998853
      From worker 11:		num_strategies_changed:  	410593
      From worker 11:			num_random_strategies: 	14846
      From worker 11:		num_sets_changed: 		8620529
      From worker 11:			num_random_opinions: 	418825
      From worker 11:			num_biased_opinions: 	419125
      From worker 11:		num_both_changed: 		307945
      From worker 11:	
      From worker 13:	data processed and exported
      From worker 11:	data processed and exported
      From worker 13:	
      From worker 13:	starting b_1.0_c_0.2_N_40_M_3_K_1_P_2_beta_0.001_u_0.001_v_0.2795084971874737_p_0.0_ϵ_1.0_gens_20000000_210217-193305.170
      From worker 11:	
      From worker 11:	starting b_1.0_c_0.2_N_40_M_3_K_1_P_2_beta_0.001_u_0.001_v_0.055901699437494755_p_0.75_ϵ_1.0_gens_20000000_210217-193305.170
      From worker 3:	replicate complete, ran 20000000 generations:
      From worker 3:	
      From worker 3:		num_imitating:			17498237
      From worker 3:		num_not_imitating:		2501763
      From worker 3:		num_strategies_changed:  	513944
      From worker 3:			num_random_strategies: 	17430
      From worker 3:		num_sets_changed: 		1154047
      From worker 3:			num_random_opinions: 	29205
      From worker 3:			num_biased_opinions: 	9825
      From worker 3:		num_both_changed: 		55622
      From worker 3:	
      From worker 3:	data processed and exported
      From worker 8:	replicate complete, ran 20000000 generations:
      From worker 8:	
      From worker 8:		num_imitating:			20000000
      From worker 8:		num_not_imitating:		0
      From worker 8:		num_strategies_changed:  	573701
      From worker 8:			num_random_strategies: 	20076
      From worker 8:		num_sets_changed: 		8243428
      From worker 8:			num_random_opinions: 	499389
      From worker 8:			num_biased_opinions: 	0
      From worker 8:		num_both_changed: 		343924
      From worker 8:	
      From worker 8:	data processed and exported
      From worker 8:	
      From worker 8:	starting b_1.0_c_0.2_N_40_M_3_K_1_P_2_beta_0.001_u_0.001_v_0.025_p_0.25_ϵ_1.0_gens_20000000_210217-193305.170
      From worker 6:	replicate complete, ran 20000000 generations:
      From worker 6:	
      From worker 6:		num_imitating:			10000965
      From worker 6:		num_not_imitating:		9999035
      From worker 6:		num_strategies_changed:  	151351
      From worker 6:			num_random_strategies: 	10186
      From worker 6:		num_sets_changed: 		599076
      From worker 6:			num_random_opinions: 	0
      From worker 6:			num_biased_opinions: 	50096
      From worker 6:		num_both_changed: 		16778
      From worker 6:	
      From worker 14:	replicate complete, ran 20000000 generations:
      From worker 14:	
      From worker 14:		num_imitating:			20000000
      From worker 14:		num_not_imitating:		0
      From worker 14:		num_strategies_changed:  	578905
      From worker 14:			num_random_strategies: 	20269
      From worker 14:		num_sets_changed: 		15651280
      From worker 14:			num_random_opinions: 	5588411
      From worker 14:			num_biased_opinions: 	0
      From worker 14:		num_both_changed: 		479414
      From worker 14:	
      From worker 6:	data processed and exported
      From worker 14:	data processed and exported
      From worker 14:	
      From worker 14:	starting b_1.0_c_0.2_N_40_M_3_K_1_P_2_beta_0.001_u_0.001_v_0.2795084971874737_p_0.25_ϵ_1.0_gens_20000000_210217-193305.170
      From worker 5:	replicate complete, ran 20000000 generations:
      From worker 5:	
      From worker 5:		num_imitating:			12497119
      From worker 5:		num_not_imitating:		7502881
      From worker 5:		num_strategies_changed:  	357564
      From worker 5:			num_random_strategies: 	12385
      From worker 5:		num_sets_changed: 		1672119
      From worker 5:			num_random_opinions: 	15607
      From worker 5:			num_biased_opinions: 	46742
      From worker 5:		num_both_changed: 		85041
      From worker 5:	
      From worker 5:	data processed and exported
      From worker 15:	replicate complete, ran 20000000 generations:
      From worker 15:	
      From worker 15:		num_imitating:			17500455
      From worker 15:		num_not_imitating:		2499545
      From worker 15:		num_strategies_changed:  	537342
      From worker 15:			num_random_strategies: 	17710
      From worker 15:		num_sets_changed: 		14265699
      From worker 15:			num_random_opinions: 	8203138
      From worker 15:			num_biased_opinions: 	2733563
      From worker 15:		num_both_changed: 		444938
      From worker 15:	
      From worker 15:	data processed and exported
      From worker 15:	
      From worker 15:	starting b_1.0_c_0.2_N_40_M_3_K_1_P_2_beta_0.001_u_0.001_v_0.625_p_0.5_ϵ_1.0_gens_20000000_210217-193305.170
      From worker 12:	replicate complete, ran 20000000 generations:
      From worker 12:	
      From worker 12:		num_imitating:			12501866
      From worker 12:		num_not_imitating:		7498134
      From worker 12:		num_strategies_changed:  	357011
      From worker 12:			num_random_strategies: 	12424
      From worker 12:		num_sets_changed: 		8583850
      From worker 12:			num_random_opinions: 	389947
      From worker 12:			num_biased_opinions: 	1174346
      From worker 12:		num_both_changed: 		288558
      From worker 12:	
      From worker 12:	data processed and exported
      From worker 12:	
      From worker 12:	starting b_1.0_c_0.2_N_40_M_3_K_1_P_2_beta_0.001_u_0.001_v_0.125_p_1.0_ϵ_1.0_gens_20000000_210217-193305.170
      From worker 16:	replicate complete, ran 20000000 generations:
      From worker 16:	
      From worker 16:		num_imitating:			14999756
      From worker 16:		num_not_imitating:		5000244
      From worker 16:		num_strategies_changed:  	436828
      From worker 16:			num_random_strategies: 	15067
      From worker 16:		num_sets_changed: 		11957819
      From worker 16:			num_random_opinions: 	4686261
      From worker 16:			num_biased_opinions: 	4687842
      From worker 16:		num_both_changed: 		354481
      From worker 16:	
      From worker 16:	data processed and exported
      From worker 16:	
      From worker 16:	starting b_1.0_c_0.2_N_40_M_3_K_1_P_2_beta_0.001_u_0.001_v_0.625_p_0.75_ϵ_1.0_gens_20000000_210217-193305.170
      From worker 9:	replicate complete, ran 20000000 generations:
      From worker 9:	
      From worker 9:		num_imitating:			17500509
      From worker 9:		num_not_imitating:		2499491
      From worker 9:		num_strategies_changed:  	505359
      From worker 9:			num_random_strategies: 	17663
      From worker 9:		num_sets_changed: 		7205090
      From worker 9:			num_random_opinions: 	328123
      From worker 9:			num_biased_opinions: 	108702
      From worker 9:		num_both_changed: 		305565
      From worker 9:	
      From worker 9:	data processed and exported
      From worker 9:	
      From worker 9:	starting b_1.0_c_0.2_N_40_M_3_K_1_P_2_beta_0.001_u_0.001_v_0.025_p_0.5_ϵ_1.0_gens_20000000_210217-193305.170
      From worker 10:	replicate complete, ran 20000000 generations:
      From worker 10:	
      From worker 10:		num_imitating:			14998811
      From worker 10:		num_not_imitating:		5001189
      From worker 10:		num_strategies_changed:  	402845
      From worker 10:			num_random_strategies: 	14946
      From worker 10:		num_sets_changed: 		8650541
      From worker 10:			num_random_opinions: 	420119
      From worker 10:			num_biased_opinions: 	418539
      From worker 10:		num_both_changed: 		300823
      From worker 10:	
      From worker 10:	data processed and exported
      From worker 10:	
      From worker 10:	starting b_1.0_c_0.2_N_40_M_3_K_1_P_2_beta_0.001_u_0.001_v_0.055901699437494755_p_0.75_ϵ_1.0_gens_20000000_210217-193305.170
      From worker 7:	replicate complete, ran 20000000 generations:
      From worker 7:	
      From worker 7:		num_imitating:			20000000
      From worker 7:		num_not_imitating:		0
      From worker 7:		num_strategies_changed:  	580590
      From worker 7:			num_random_strategies: 	20081
      From worker 7:		num_sets_changed: 		5087102
      From worker 7:			num_random_opinions: 	223259
      From worker 7:			num_biased_opinions: 	0
      From worker 7:		num_both_changed: 		240245
      From worker 7:	
      From worker 7:	data processed and exported
      From worker 11:	replicate complete, ran 20000000 generations:
      From worker 11:	
      From worker 11:		num_imitating:			12503271
      From worker 11:		num_not_imitating:		7496729
      From worker 11:		num_strategies_changed:  	375762
      From worker 11:			num_random_strategies: 	12474
      From worker 11:		num_sets_changed: 		7095481
      From worker 11:			num_random_opinions: 	174378
      From worker 11:			num_biased_opinions: 	523895
      From worker 11:		num_both_changed: 		282029
      From worker 11:	
      From worker 11:	data processed and exported
      From worker 11:	
      From worker 11:	starting b_1.0_c_0.2_N_40_M_3_K_1_P_2_beta_0.001_u_0.001_v_0.055901699437494755_p_1.0_ϵ_1.0_gens_20000000_210217-193305.170
      From worker 8:	replicate complete, ran 20000000 generations:
      From worker 8:	
      From worker 8:		num_imitating:			17497518
      From worker 8:		num_not_imitating:		2502482
      From worker 8:		num_strategies_changed:  	526214
      From worker 8:			num_random_strategies: 	17547
      From worker 8:		num_sets_changed: 		7229703
      From worker 8:			num_random_opinions: 	327554
      From worker 8:			num_biased_opinions: 	109623
      From worker 8:		num_both_changed: 		330141
      From worker 8:	
      From worker 8:	data processed and exported
      From worker 13:	replicate complete, ran 20000000 generations:
      From worker 13:	
      From worker 13:		num_imitating:			20000000
      From worker 13:		num_not_imitating:		0
      From worker 13:		num_strategies_changed:  	586007
      From worker 13:			num_random_strategies: 	20173
      From worker 13:		num_sets_changed: 		15655299
      From worker 13:			num_random_opinions: 	5591222
      From worker 13:			num_biased_opinions: 	0
      From worker 13:		num_both_changed: 		485639
      From worker 13:	
      From worker 12:	replicate complete, ran 20000000 generations:
      From worker 12:	
      From worker 12:		num_imitating:			9999423
      From worker 12:		num_not_imitating:		10000577
      From worker 12:		num_strategies_changed:  	152003
      From worker 12:			num_random_strategies: 	9925
      From worker 12:		num_sets_changed: 		4920644
      From worker 12:			num_random_opinions: 	0
      From worker 12:			num_biased_opinions: 	1248253
      From worker 12:		num_both_changed: 		92305
      From worker 12:	
      From worker 12:	data processed and exported
      From worker 13:	data processed and exported
      From worker 12:	
      From worker 12:	starting b_1.0_c_0.2_N_40_M_3_K_1_P_2_beta_0.001_u_0.001_v_0.125_p_0.0_ϵ_1.0_gens_20000000_210217-193305.170
      From worker 13:	
      From worker 13:	starting b_1.0_c_0.2_N_40_M_3_K_1_P_2_beta_0.001_u_0.001_v_0.2795084971874737_p_0.25_ϵ_1.0_gens_20000000_210217-193305.170
      From worker 14:	replicate complete, ran 20000000 generations:
      From worker 14:	
      From worker 14:		num_imitating:			17502225
      From worker 14:		num_not_imitating:		2497775
      From worker 14:		num_strategies_changed:  	507842
      From worker 14:			num_random_strategies: 	17601
      From worker 14:		num_sets_changed: 		13644461
      From worker 14:			num_random_opinions: 	3667502
      From worker 14:			num_biased_opinions: 	1221867
      From worker 14:		num_both_changed: 		420546
      From worker 14:	
      From worker 14:	data processed and exported
      From worker 14:	
      From worker 14:	starting b_1.0_c_0.2_N_40_M_3_K_1_P_2_beta_0.001_u_0.001_v_0.2795084971874737_p_0.5_ϵ_1.0_gens_20000000_210217-193305.170
      From worker 9:	replicate complete, ran 20000000 generations:
      From worker 9:	
      From worker 9:		num_imitating:			14997968
      From worker 9:		num_not_imitating:		5002032
      From worker 9:		num_strategies_changed:  	420364
      From worker 9:			num_random_strategies: 	15155
      From worker 9:		num_sets_changed: 		6179186
      From worker 9:			num_random_opinions: 	187438
      From worker 9:			num_biased_opinions: 	187444
      From worker 9:		num_both_changed: 		261165
      From worker 9:	
      From worker 9:	data processed and exported
      From worker 15:	replicate complete, ran 20000000 generations:
      From worker 15:	
      From worker 15:		num_imitating:			15002405
      From worker 15:		num_not_imitating:		4997595
      From worker 15:		num_strategies_changed:  	430998
      From worker 15:			num_random_strategies: 	15024
      From worker 15:		num_sets_changed: 		11957812
      From worker 15:			num_random_opinions: 	4689966
      From worker 15:			num_biased_opinions: 	4689985
      From worker 15:		num_both_changed: 		350013
      From worker 15:	
      From worker 16:	replicate complete, ran 20000000 generations:
      From worker 16:	
      From worker 16:		num_imitating:			12499037
      From worker 16:		num_not_imitating:		7500963
      From worker 16:		num_strategies_changed:  	377194
      From worker 16:			num_random_strategies: 	12398
      From worker 16:		num_sets_changed: 		9442287
      From worker 16:			num_random_opinions: 	1953051
      From worker 16:			num_biased_opinions: 	5857439
      From worker 16:		num_both_changed: 		291634
      From worker 16:	
      From worker 15:	data processed and exported
      From worker 15:	
      From worker 15:	starting b_1.0_c_0.2_N_40_M_3_K_1_P_2_beta_0.001_u_0.001_v_0.625_p_0.75_ϵ_1.0_gens_20000000_210217-193305.170
      From worker 16:	data processed and exported
      From worker 16:	
      From worker 16:	starting b_1.0_c_0.2_N_40_M_3_K_1_P_2_beta_0.001_u_0.001_v_0.625_p_1.0_ϵ_1.0_gens_20000000_210217-193305.170
      From worker 10:	replicate complete, ran 20000000 generations:
      From worker 10:	
      From worker 10:		num_imitating:			12500795
      From worker 10:		num_not_imitating:		7499205
      From worker 10:		num_strategies_changed:  	349147
      From worker 10:			num_random_strategies: 	12518
      From worker 10:		num_sets_changed: 		7090488
      From worker 10:			num_random_opinions: 	175180
      From worker 10:			num_biased_opinions: 	523609
      From worker 10:		num_both_changed: 		260729
      From worker 10:	
      From worker 10:	data processed and exported
      From worker 11:	replicate complete, ran 20000000 generations:
      From worker 11:	
      From worker 11:		num_imitating:			10002409
      From worker 11:		num_not_imitating:		9997591
      From worker 11:		num_strategies_changed:  	146487
      From worker 11:			num_random_strategies: 	9867
      From worker 11:		num_sets_changed: 		3588594
      From worker 11:			num_random_opinions: 	0
      From worker 11:			num_biased_opinions: 	558705
      From worker 11:		num_both_changed: 		75232
      From worker 11:	
      From worker 11:	data processed and exported
      From worker 16:	replicate complete, ran 20000000 generations:
      From worker 16:	
      From worker 16:		num_imitating:			9998212
      From worker 16:		num_not_imitating:		10001788
      From worker 16:		num_strategies_changed:  	142704
      From worker 16:			num_random_strategies: 	9976
      From worker 16:		num_sets_changed: 		6469329
      From worker 16:			num_random_opinions: 	0
      From worker 16:			num_biased_opinions: 	6250841 Activating environment at `/tigress/mk28/CooperationPolarization2/Project.toml`
 Activating environment at `/tigress/mk28/CooperationPolarization2/Project.toml`

      From worker 16:		num_both_changed: 		94832
      From worker 16:	
      From worker 16:	data processed and exported
      From worker 13:	replicate complete, ran 20000000 generations:
      From worker 13:	
      From worker 13:		num_imitating:			17499350
      From worker 13:		num_not_imitating:		2500650
      From worker 13:		num_strategies_changed:  	516553
      From worker 13:			num_random_strategies: 	17397
      From worker 13:		num_sets_changed: 		13634730
      From worker 13:			num_random_opinions: 	3668824
      From worker 13:			num_biased_opinions: 	1222676
      From worker 13:		num_both_changed: 		427603
      From worker 13:	
      From worker 13:	data processed and exported
      From worker 14:	replicate complete, ran 20000000 generations:
      From worker 14:	
      From worker 14:		num_imitating:			15004953
      From worker 14:		num_not_imitating:		4995047
      From worker 14:		num_strategies_changed:  	446691
      From worker 14:			num_random_strategies: 	15128
      From worker 14:		num_sets_changed: 		11577719
      From worker 14:			num_random_opinions: 	2095902
      From worker 14:			num_biased_opinions: 	2097711
      From worker 14:		num_both_changed: 		368560
      From worker 14:	
      From worker 14:	data processed and exported
      From worker 12:	replicate complete, ran 20000000 generations:
      From worker 12:	
      From worker 12:		num_imitating:			20000000
      From worker 12:		num_not_imitating:		0
      From worker 12:		num_strategies_changed:  	604004
      From worker 12:			num_random_strategies: 	19841
      From worker 12:		num_sets_changed: 		14156095
      From worker 12:			num_random_opinions: 	2499277
      From worker 12:			num_biased_opinions: 	0
      From worker 12:		num_both_changed: 		489634
      From worker 12:	
      From worker 12:	data processed and exported
      From worker 15:	replicate complete, ran 20000000 generations:
      From worker 15:	
      From worker 15:		num_imitating:			12497703
      From worker 15:		num_not_imitating:		7502297
      From worker 15:		num_strategies_changed:  	348024
      From worker 15:			num_random_strategies: 	12311
      From worker 15:		num_sets_changed: 		9446634
      From worker 15:			num_random_opinions: 	1952723
      From worker 15:			num_biased_opinions: 	5855981
      From worker 15:		num_both_changed: 		269288
      From worker 15:	
      From worker 15:	data processed and exported
9472.973506 seconds (2.63 M allocations: 118.807 MiB, 0.00% gc time)
