packages loaded
      From worker 5:	 Activating environment at `/tigress/mk28/CooperationPolarization2/Project.toml`
      From worker 2:	 Activating environment at `/tigress/mk28/CooperationPolarization2/Project.toml`
      From worker 10:	 Activating environment at `/tigress/mk28/CooperationPolarization2/Project.toml`
      From worker 9:	 Activating environment at `/tigress/mk28/CooperationPolarization2/Project.toml`
      From worker 4:	 Activating environment at `/tigress/mk28/CooperationPolarization2/Project.toml`
      From worker 6:	 Activating environment at `/tigress/mk28/CooperationPolarization2/Project.toml`
      From worker 14:	 Activating environment at `/tigress/mk28/CooperationPolarization2/Project.toml`
      From worker 3:	 Activating environment at `/tigress/mk28/CooperationPolarization2/Project.toml`
      From worker 12:	 Activating environment at `/tigress/mk28/CooperationPolarization2/Project.toml`
      From worker 7:	 Activating environment at `/tigress/mk28/CooperationPolarization2/Project.toml`
      From worker 8:	 Activating environment at `/tigress/mk28/CooperationPolarization2/Project.toml`
      From worker 13:	 Activating environment at `/tigress/mk28/CooperationPolarization2/Project.toml`
      From worker 11:	 Activating environment at `/tigress/mk28/CooperationPolarization2/Project.toml`
      From worker 15:	 Activating environment at `/tigress/mk28/CooperationPolarization2/Project.toml`
      From worker 16:	 Activating environment at `/tigress/mk28/CooperationPolarization2/Project.toml`
      From worker 12:	packages loaded
      From worker 2:	packages loaded
      From worker 4:	packages loaded
      From worker 5:	packages loaded
      From worker 3:	packages loaded
      From worker 7:	packages loaded
      From worker 10:	packages loaded
      From worker 15:	packages loaded
      From worker 16:	packages loaded
      From worker 6:	packages loaded
      From worker 13:	packages loaded
      From worker 8:	packages loaded
      From worker 9:	packages loaded
      From worker 11:	packages loaded
      From worker 14:	packages loaded
parameters defined
      From worker 7:	
      From worker 7:	starting b_1.0_c_0.2_N_40_M_1_K_1_P_2_beta_0.001_u_0.001_v_0.011180339887498947_p_0.0_ϵ_1.0_gens_20000000_210220-063127.519
      From worker 12:	
      From worker 12:	starting b_1.0_c_0.2_N_40_M_1_K_1_P_2_beta_0.001_u_0.001_v_0.125_p_0.0_ϵ_1.0_gens_20000000_210220-063127.519
      From worker 4:	
      From worker 4:	starting b_1.0_c_0.2_N_40_M_1_K_1_P_2_beta_0.001_u_0.001_v_0.0022360679774997894_p_0.5_ϵ_1.0_gens_20000000_210220-063127.519
      From worker 3:	
      From worker 3:	starting b_1.0_c_0.2_N_40_M_1_K_1_P_2_beta_0.001_u_0.001_v_0.001_p_0.25_ϵ_1.0_gens_20000000_210220-063127.519
      From worker 10:	
      From worker 10:	starting b_1.0_c_0.2_N_40_M_1_K_1_P_2_beta_0.001_u_0.001_v_0.025_p_0.75_ϵ_1.0_gens_20000000_210220-063127.519
      From worker 2:	
      From worker 2:	starting b_1.0_c_0.2_N_40_M_1_K_1_P_2_beta_0.001_u_0.001_v_0.001_p_0.0_ϵ_1.0_gens_20000000_210220-063127.519
      From worker 5:	
      From worker 5:	starting b_1.0_c_0.2_N_40_M_1_K_1_P_2_beta_0.001_u_0.001_v_0.0022360679774997894_p_0.75_ϵ_1.0_gens_20000000_210220-063127.519
      From worker 11:	
      From worker 11:	starting b_1.0_c_0.2_N_40_M_1_K_1_P_2_beta_0.001_u_0.001_v_0.055901699437494755_p_1.0_ϵ_1.0_gens_20000000_210220-063127.519
      From worker 15:	
      From worker 15:	starting b_1.0_c_0.2_N_40_M_1_K_1_P_2_beta_0.001_u_0.001_v_0.2795084971874737_p_0.75_ϵ_1.0_gens_20000000_210220-063127.519
      From worker 9:	
      From worker 9:	starting b_1.0_c_0.2_N_40_M_1_K_1_P_2_beta_0.001_u_0.001_v_0.025_p_0.5_ϵ_1.0_gens_20000000_210220-063127.519
      From worker 6:	
      From worker 6:	starting b_1.0_c_0.2_N_40_M_1_K_1_P_2_beta_0.001_u_0.001_v_0.005_p_1.0_ϵ_1.0_gens_20000000_210220-063127.519
      From worker 16:	
      From worker 16:	starting b_1.0_c_0.2_N_40_M_1_K_1_P_2_beta_0.001_u_0.001_v_0.625_p_1.0_ϵ_1.0_gens_20000000_210220-063127.519
      From worker 13:	
      From worker 13:	starting b_1.0_c_0.2_N_40_M_1_K_1_P_2_beta_0.001_u_0.001_v_0.125_p_0.25_ϵ_1.0_gens_20000000_210220-063127.519
      From worker 8:	
      From worker 8:	starting b_1.0_c_0.2_N_40_M_1_K_1_P_2_beta_0.001_u_0.001_v_0.011180339887498947_p_0.25_ϵ_1.0_gens_20000000_210220-063127.519
      From worker 14:	
      From worker 14:	starting b_1.0_c_0.2_N_40_M_1_K_1_P_2_beta_0.001_u_0.001_v_0.2795084971874737_p_0.5_ϵ_1.0_gens_20000000_210220-063127.519
      From worker 16:	replicate complete, ran 20000000 generations:
      From worker 16:	
      From worker 16:		num_imitating:			9997852
      From worker 16:		num_not_imitating:		10002148
      From worker 16:		num_strategies_changed:  	151854
      From worker 16:			num_random_strategies: 	9988
      From worker 16:		num_sets_changed: 		0
      From worker 16:			num_random_opinions: 	0
      From worker 16:			num_biased_opinions: 	6250361
      From worker 16:		num_both_changed: 		0
      From worker 16:	
      From worker 16:	data processed and exported
      From worker 2:	replicate complete, ran 20000000 generations:
      From worker 2:	
      From worker 2:		num_imitating:			20000000
      From worker 2:		num_not_imitating:		0
      From worker 2:		num_strategies_changed:  	572297
      From worker 2:			num_random_strategies: 	19951
      From worker 2:		num_sets_changed: 		372244
      From worker 2:			num_random_opinions: 	19870
      From worker 2:			num_biased_opinions: 	0
      From worker 2:		num_both_changed: 		24018
      From worker 2:	
      From worker 16:	
      From worker 16:	starting b_1.0_c_0.2_N_40_M_1_K_1_P_2_beta_0.001_u_0.001_v_0.625_p_0.0_ϵ_1.0_gens_20000000_210220-063127.519
      From worker 2:	data processed and exported
      From worker 3:	replicate complete, ran 20000000 generations:
      From worker 3:	
      From worker 3:		num_imitating:			17499299
      From worker 3:		num_not_imitating:		2500701
      From worker 3:		num_strategies_changed:  	490385
      From worker 3:			num_random_strategies: 	17436
      From worker 3:		num_sets_changed: 		346674
      From worker 3:			num_random_opinions: 	13355
      From worker 3:			num_biased_opinions: 	4397
      From worker 3:		num_both_changed: 		17357
      From worker 3:	
      From worker 2:	
      From worker 2:	starting b_1.0_c_0.2_N_40_M_1_K_1_P_2_beta_0.001_u_0.001_v_0.001_p_0.25_ϵ_1.0_gens_20000000_210220-063127.519
      From worker 3:	data processed and exported
      From worker 3:	
      From worker 3:	starting b_1.0_c_0.2_N_40_M_1_K_1_P_2_beta_0.001_u_0.001_v_0.001_p_0.5_ϵ_1.0_gens_20000000_210220-063127.519
      From worker 6:	replicate complete, ran 20000000 generations:
      From worker 6:	
      From worker 6:		num_imitating:			10001016
      From worker 6:		num_not_imitating:		9998984
      From worker 6:		num_strategies_changed:  	146052
      From worker 6:			num_random_strategies: 	9835
      From worker 6:		num_sets_changed: 		0
      From worker 6:			num_random_opinions: 	0
      From worker 6:			num_biased_opinions: 	49984
      From worker 6:		num_both_changed: 		0
      From worker 6:	
      From worker 11:	replicate complete, ran 20000000 generations:
      From worker 11:	
      From worker 11:		num_imitating:			10000843
      From worker 11:		num_not_imitating:		9999157
      From worker 11:		num_strategies_changed:  	145052
      From worker 11:			num_random_strategies: 	10002
      From worker 11:		num_sets_changed: 		0
      From worker 11:			num_random_opinions: 	0
      From worker 11:			num_biased_opinions: 	559443
      From worker 11:		num_both_changed: 		0
      From worker 11:	
      From worker 4:	replicate complete, ran 20000000 generations:
      From worker 4:	
      From worker 4:		num_imitating:			15003669
      From worker 4:		num_not_imitating:		4996331
      From worker 4:		num_strategies_changed:  	416135
      From worker 4:			num_random_strategies: 	14882
      From worker 4:		num_sets_changed: 		624982
      From worker 4:			num_random_opinions: 	16924
      From worker 4:			num_biased_opinions: 	16876
      From worker 4:		num_both_changed: 		33079
      From worker 4:	
      From worker 5:	replicate complete, ran 20000000 generations:
      From worker 5:	
      From worker 5:		num_imitating:			12496264
      From worker 5:		num_not_imitating:		7503736
      From worker 5:		num_strategies_changed:  	347759
      From worker 5:			num_random_strategies: 	12497
      From worker 5:		num_sets_changed: 		503830
      From worker 5:			num_random_opinions: 	6990
      From worker 5:			num_biased_opinions: 	20920
      From worker 5:		num_both_changed: 		25091
      From worker 5:	
      From worker 6:	data processed and exported
      From worker 11:	data processed and exported
      From worker 4:	data processed and exported
      From worker 6:	
      From worker 6:	starting b_1.0_c_0.2_N_40_M_1_K_1_P_2_beta_0.001_u_0.001_v_0.005_p_0.0_ϵ_1.0_gens_20000000_210220-063127.519
      From worker 5:	data processed and exported
      From worker 11:	
      From worker 11:	starting b_1.0_c_0.2_N_40_M_1_K_1_P_2_beta_0.001_u_0.001_v_0.055901699437494755_p_0.0_ϵ_1.0_gens_20000000_210220-063127.519
      From worker 4:	
      From worker 4:	starting b_1.0_c_0.2_N_40_M_1_K_1_P_2_beta_0.001_u_0.001_v_0.0022360679774997894_p_0.75_ϵ_1.0_gens_20000000_210220-063127.519
      From worker 5:	
      From worker 5:	starting b_1.0_c_0.2_N_40_M_1_K_1_P_2_beta_0.001_u_0.001_v_0.0022360679774997894_p_1.0_ϵ_1.0_gens_20000000_210220-063127.519
      From worker 7:	replicate complete, ran 20000000 generations:
      From worker 7:	
      From worker 7:		num_imitating:			20000000
      From worker 7:		num_not_imitating:		0
      From worker 7:		num_strategies_changed:  	564542
      From worker 7:			num_random_strategies: 	20050
      From worker 7:		num_sets_changed: 		3135234
      From worker 7:			num_random_opinions: 	223345
      From worker 7:			num_biased_opinions: 	0
      From worker 7:		num_both_changed: 		150080
      From worker 7:	
      From worker 7:	data processed and exported
      From worker 10:	replicate complete, ran 20000000 generations:
      From worker 10:	
      From worker 10:		num_imitating:			12498851
      From worker 10:		num_not_imitating:		7501149
      From worker 10:		num_strategies_changed:  	349453
      From worker 10:			num_random_strategies: 	12571
      From worker 10:		num_sets_changed: 		3100019
      From worker 10:			num_random_opinions: 	78265
      From worker 10:			num_biased_opinions: 	233328
      From worker 10:		num_both_changed: 		134179
      From worker 10:	
      From worker 7:	
      From worker 7:	starting b_1.0_c_0.2_N_40_M_1_K_1_P_2_beta_0.001_u_0.001_v_0.011180339887498947_p_0.25_ϵ_1.0_gens_20000000_210220-063127.519
      From worker 10:	data processed and exported
      From worker 10:	
      From worker 10:	starting b_1.0_c_0.2_N_40_M_1_K_1_P_2_beta_0.001_u_0.001_v_0.025_p_1.0_ϵ_1.0_gens_20000000_210220-063127.519
      From worker 8:	replicate complete, ran 20000000 generations:
      From worker 8:	
      From worker 8:		num_imitating:			17499946
      From worker 8:		num_not_imitating:		2500054
      From worker 8:		num_strategies_changed:  	530119
      From worker 8:			num_random_strategies: 	17432
      From worker 8:		num_sets_changed: 		2730122
      From worker 8:			num_random_opinions: 	147153
      From worker 8:			num_biased_opinions: 	48820
      From worker 8:		num_both_changed: 		143383
      From worker 8:	
      From worker 8:	data processed and exported
      From worker 8:	
      From worker 8:	starting b_1.0_c_0.2_N_40_M_1_K_1_P_2_beta_0.001_u_0.001_v_0.011180339887498947_p_0.5_ϵ_1.0_gens_20000000_210220-063127.519
      From worker 9:	replicate complete, ran 20000000 generations:
      From worker 9:	
      From worker 9:		num_imitating:			14999804
      From worker 9:		num_not_imitating:		5000196
      From worker 9:		num_strategies_changed:  	408640
      From worker 9:			num_random_strategies: 	15139
      From worker 9:		num_sets_changed: 		3799712
      From worker 9:			num_random_opinions: 	187669
      From worker 9:			num_biased_opinions: 	187341
      From worker 9:		num_both_changed: 		156043
      From worker 9:	
      From worker 9:	data processed and exported
      From worker 9:	
      From worker 9:	starting b_1.0_c_0.2_N_40_M_1_K_1_P_2_beta_0.001_u_0.001_v_0.025_p_0.75_ϵ_1.0_gens_20000000_210220-063127.519
      From worker 15:	replicate complete, ran 20000000 generations:
      From worker 15:	
      From worker 15:		num_imitating:			12501121
      From worker 15:		num_not_imitating:		7498879
      From worker 15:		num_strategies_changed:  	338881
      From worker 15:			num_random_strategies: 	12279
      From worker 15:		num_sets_changed: 		4985812
      From worker 15:			num_random_opinions: 	874331
      From worker 15:			num_biased_opinions: 	2619156
      From worker 15:		num_both_changed: 		148810
      From worker 15:	
      From worker 15:	data processed and exported
      From worker 15:	
      From worker 15:	starting b_1.0_c_0.2_N_40_M_1_K_1_P_2_beta_0.001_u_0.001_v_0.2795084971874737_p_1.0_ϵ_1.0_gens_20000000_210220-063127.519
      From worker 14:	replicate complete, ran 20000000 generations:
      From worker 14:	
      From worker 14:		num_imitating:			14999736
      From worker 14:		num_not_imitating:		5000264
      From worker 14:		num_strategies_changed:  	442391
      From worker 14:			num_random_strategies: 	14972
      From worker 14:		num_sets_changed: 		6753146
      From worker 14:			num_random_opinions: 	2094424
      From worker 14:			num_biased_opinions: 	2097346
      From worker 14:		num_both_changed: 		212732
      From worker 14:	
      From worker 14:	data processed and exported
      From worker 14:	
      From worker 14:	starting b_1.0_c_0.2_N_40_M_1_K_1_P_2_beta_0.001_u_0.001_v_0.2795084971874737_p_0.75_ϵ_1.0_gens_20000000_210220-063127.519
      From worker 12:	replicate complete, ran 20000000 generations:
      From worker 12:	
      From worker 12:		num_imitating:			20000000
      From worker 12:		num_not_imitating:		0
      From worker 12:		num_strategies_changed:  	590636
      From worker 12:			num_random_strategies: 	20105
      From worker 12:		num_sets_changed: 		8500172
      From worker 12:			num_random_opinions: 	2502601
      From worker 12:			num_biased_opinions: 	0
      From worker 12:		num_both_changed: 		286353
      From worker 12:	
      From worker 12:	data processed and exported
      From worker 13:	replicate complete, ran 20000000 generations:
      From worker 13:	
      From worker 13:		num_imitating:			17501423
      From worker 13:		num_not_imitating:		2498577
      From worker 13:		num_strategies_changed:  	516443
      From worker 13:			num_random_strategies: 	17342
      From worker 13:		num_sets_changed: 		7405652
      From worker 13:			num_random_opinions: 	1641708
      From worker 13:			num_biased_opinions: 	548934
      From worker 13:		num_both_changed: 		249503
      From worker 13:	
      From worker 12:	
      From worker 12:	starting b_1.0_c_0.2_N_40_M_1_K_1_P_2_beta_0.001_u_0.001_v_0.125_p_0.25_ϵ_1.0_gens_20000000_210220-063127.519
      From worker 13:	data processed and exported
      From worker 13:	
      From worker 13:	starting b_1.0_c_0.2_N_40_M_1_K_1_P_2_beta_0.001_u_0.001_v_0.125_p_0.5_ϵ_1.0_gens_20000000_210220-063127.519
      From worker 3:	replicate complete, ran 20000000 generations:
      From worker 3:	
      From worker 3:		num_imitating:			14996723
      From worker 3:		num_not_imitating:		5003277
      From worker 3:		num_strategies_changed:  	433735
      From worker 3:			num_random_strategies: 	15022
      From worker 3:		num_sets_changed: 		301400
      From worker 3:			num_random_opinions: 	7542
      From worker 3:			num_biased_opinions: 	7324
      From worker 3:		num_both_changed: 		16410
      From worker 3:	
      From worker 3:	data processed and exported
      From worker 3:	
      From worker 3:	starting b_1.0_c_0.2_N_40_M_1_K_1_P_2_beta_0.001_u_0.001_v_0.001_p_0.75_ϵ_1.0_gens_20000000_210220-063127.519
      From worker 2:	replicate complete, ran 20000000 generations:
      From worker 2:	
      From worker 2:		num_imitating:			17500091
      From worker 2:		num_not_imitating:		2499909
      From worker 2:		num_strategies_changed:  	499048
      From worker 2:			num_random_strategies: 	17395
      From worker 2:		num_sets_changed: 		356686
      From worker 2:			num_random_opinions: 	13246
      From worker 2:			num_biased_opinions: 	4370
      From worker 2:		num_both_changed: 		22053
      From worker 2:	
      From worker 2:	data processed and exported
      From worker 2:	
      From worker 2:	starting b_1.0_c_0.2_N_40_M_1_K_1_P_2_beta_0.001_u_0.001_v_0.001_p_0.5_ϵ_1.0_gens_20000000_210220-063127.519
      From worker 5:	replicate complete, ran 20000000 generations:
      From worker 5:	
      From worker 5:		num_imitating:			9998142
      From worker 5:		num_not_imitating:		10001858
      From worker 5:		num_strategies_changed:  	144522
      From worker 5:			num_random_strategies: 	9973
      From worker 5:		num_sets_changed: 		0
      From worker 5:			num_random_opinions: 	0
      From worker 5:			num_biased_opinions: 	22188
      From worker 5:		num_both_changed: 		0
      From worker 5:	
      From worker 5:	data processed and exported
      From worker 5:	
      From worker 5:	starting b_1.0_c_0.2_N_40_M_1_K_1_P_2_beta_0.001_u_0.001_v_0.005_p_0.0_ϵ_1.0_gens_20000000_210220-063127.519
      From worker 4:	replicate complete, ran 20000000 generations:
      From worker 4:	
      From worker 4:		num_imitating:			12499520
      From worker 4:		num_not_imitating:		7500480
      From worker 4:		num_strategies_changed:  	349780
      From worker 4:			num_random_strategies: 	12401
      From worker 4:		num_sets_changed: 		529006
      From worker 4:			num_random_opinions: 	6935
      From worker 4:			num_biased_opinions: 	21270
      From worker 4:		num_both_changed: 		34098
      From worker 4:	
      From worker 4:	data processed and exported
      From worker 4:	
      From worker 4:	starting b_1.0_c_0.2_N_40_M_1_K_1_P_2_beta_0.001_u_0.001_v_0.0022360679774997894_p_1.0_ϵ_1.0_gens_20000000_210220-063127.519
      From worker 10:	replicate complete, ran 20000000 generations:
      From worker 10:	
      From worker 10:		num_imitating:			10001354
      From worker 10:		num_not_imitating:		9998646
      From worker 10:		num_strategies_changed:  	142513
      From worker 10:			num_random_strategies: 	10108
      From worker 10:		num_sets_changed: 		0
      From worker 10:			num_random_opinions: 	0
      From worker 10:			num_biased_opinions: 	250106
      From worker 10:		num_both_changed: 		0
      From worker 10:	
      From worker 10:	data processed and exported
      From worker 10:	
      From worker 10:	starting b_1.0_c_0.2_N_40_M_1_K_1_P_2_beta_0.001_u_0.001_v_0.055901699437494755_p_0.0_ϵ_1.0_gens_20000000_210220-063127.519
      From worker 6:	replicate complete, ran 20000000 generations:
      From worker 6:	
      From worker 6:		num_imitating:			20000000
      From worker 6:		num_not_imitating:		0
      From worker 6:		num_strategies_changed:  	571849
      From worker 6:			num_random_strategies: 	19890
      From worker 6:		num_sets_changed: 		1726803
      From worker 6:			num_random_opinions: 	99832
      From worker 6:			num_biased_opinions: 	0
      From worker 6:		num_both_changed: 		89353
      From worker 6:	
      From worker 6:	data processed and exported
      From worker 6:	
      From worker 6:	starting b_1.0_c_0.2_N_40_M_1_K_1_P_2_beta_0.001_u_0.001_v_0.005_p_0.25_ϵ_1.0_gens_20000000_210220-063127.519
      From worker 15:	replicate complete, ran 20000000 generations:
      From worker 15:	
      From worker 15:		num_imitating:			9997617
      From worker 15:		num_not_imitating:		10002383
      From worker 15:		num_strategies_changed:  	143702
      From worker 15:			num_random_strategies: 	9896
      From worker 15:		num_sets_changed: 		0
      From worker 15:			num_random_opinions: 	0
      From worker 15:			num_biased_opinions: 	2795095
      From worker 15:		num_both_changed: 		0
      From worker 15:	
      From worker 7:	replicate complete, ran 20000000 generations:
      From worker 7:	
      From worker 7:		num_imitating:			17500267
      From worker 7:		num_not_imitating:		2499733
      From worker 7:		num_strategies_changed:  	487298
      From worker 7:			num_random_strategies: 	17202
      From worker 7:		num_sets_changed: 		2731188
      From worker 7:			num_random_opinions: 	146914
      From worker 7:			num_biased_opinions: 	49184
      From worker 7:		num_both_changed: 		125979
      From worker 7:	
      From worker 15:	data processed and exported
      From worker 15:	
      From worker 15:	starting b_1.0_c_0.2_N_40_M_1_K_1_P_2_beta_0.001_u_0.001_v_0.625_p_0.0_ϵ_1.0_gens_20000000_210220-063127.519
      From worker 7:	data processed and exported
      From worker 7:	
      From worker 7:	starting b_1.0_c_0.2_N_40_M_1_K_1_P_2_beta_0.001_u_0.001_v_0.011180339887498947_p_0.5_ϵ_1.0_gens_20000000_210220-063127.519
      From worker 8:	replicate complete, ran 20000000 generations:
      From worker 8:	
      From worker 8:		num_imitating:			15000075
      From worker 8:		num_not_imitating:		4999925
      From worker 8:		num_strategies_changed:  	422311
      From worker 8:			num_random_strategies: 	15136
      From worker 8:		num_sets_changed: 		2344748
      From worker 8:			num_random_opinions: 	83997
      From worker 8:			num_biased_opinions: 	83579
      From worker 8:		num_both_changed: 		105213
      From worker 8:	
      From worker 8:	data processed and exported
      From worker 8:	
      From worker 8:	starting b_1.0_c_0.2_N_40_M_1_K_1_P_2_beta_0.001_u_0.001_v_0.011180339887498947_p_0.75_ϵ_1.0_gens_20000000_210220-063127.519
      From worker 9:	replicate complete, ran 20000000 generations:
      From worker 9:	
      From worker 9:		num_imitating:			12498454
      From worker 9:		num_not_imitating:		7501546
      From worker 9:		num_strategies_changed:  	354767
      From worker 9:			num_random_strategies: 	12445
      From worker 9:		num_sets_changed: 		3138419
      From worker 9:			num_random_opinions: 	78092
      From worker 9:			num_biased_opinions: 	234771
      From worker 9:		num_both_changed: 		134461
      From worker 9:	
      From worker 9:	data processed and exported
      From worker 9:	
      From worker 9:	starting b_1.0_c_0.2_N_40_M_1_K_1_P_2_beta_0.001_u_0.001_v_0.025_p_1.0_ϵ_1.0_gens_20000000_210220-063127.519
      From worker 11:	replicate complete, ran 20000000 generations:
      From worker 11:	
      From worker 11:		num_imitating:			20000000
      From worker 11:		num_not_imitating:		0
      From worker 11:		num_strategies_changed:  	565108
      From worker 11:			num_random_strategies: 	19988
      From worker 11:		num_sets_changed: 		7023338
      From worker 11:			num_random_opinions: 	1117583
      From worker 11:			num_biased_opinions: 	0
      From worker 11:		num_both_changed: 		253067
      From worker 11:	
      From worker 11:	data processed and exported
      From worker 11:	
      From worker 11:	starting b_1.0_c_0.2_N_40_M_1_K_1_P_2_beta_0.001_u_0.001_v_0.055901699437494755_p_0.25_ϵ_1.0_gens_20000000_210220-063127.519
      From worker 3:	replicate complete, ran 20000000 generations:
      From worker 3:	
      From worker 3:		num_imitating:			12498585
      From worker 3:		num_not_imitating:		7501415
      From worker 3:		num_strategies_changed:  	362791
      From worker 3:			num_random_strategies: 	12564
      From worker 3:		num_sets_changed: 		227360
      From worker 3:			num_random_opinions: 	3069
      From worker 3:			num_biased_opinions: 	9417
      From worker 3:		num_both_changed: 		13998
      From worker 3:	
      From worker 3:	data processed and exported
      From worker 3:	
      From worker 3:	starting b_1.0_c_0.2_N_40_M_1_K_1_P_2_beta_0.001_u_0.001_v_0.001_p_1.0_ϵ_1.0_gens_20000000_210220-063127.519
      From worker 2:	replicate complete, ran 20000000 generations:
      From worker 2:	
      From worker 2:		num_imitating:			14997805
      From worker 2:		num_not_imitating:		5002195
      From worker 2:		num_strategies_changed:  	427798
      From worker 2:			num_random_strategies: 	15106
      From worker 2:		num_sets_changed: 		306024
      From worker 2:			num_random_opinions: 	7508
      From worker 2:			num_biased_opinions: 	7443
      From worker 2:		num_both_changed: 		15919
      From worker 2:	
      From worker 2:	data processed and exported
      From worker 2:	
      From worker 2:	starting b_1.0_c_0.2_N_40_M_1_K_1_P_2_beta_0.001_u_0.001_v_0.001_p_0.75_ϵ_1.0_gens_20000000_210220-063127.519
      From worker 4:	replicate complete, ran 20000000 generations:
      From worker 4:	
      From worker 4:		num_imitating:			10003676
      From worker 4:		num_not_imitating:		9996324
      From worker 4:		num_strategies_changed:  	147068
      From worker 4:			num_random_strategies: 	10015
      From worker 4:		num_sets_changed: 		0
      From worker 4:			num_random_opinions: 	0
      From worker 4:			num_biased_opinions: 	22349
      From worker 4:		num_both_changed: 		0
      From worker 4:	
      From worker 4:	data processed and exported
      From worker 4:	
      From worker 4:	starting b_1.0_c_0.2_N_40_M_1_K_1_P_2_beta_0.001_u_0.001_v_0.0022360679774997894_p_0.0_ϵ_1.0_gens_20000000_210220-063127.519
      From worker 16:	replicate complete, ran 20000000 generations:
      From worker 16:	
      From worker 16:		num_imitating:			20000000
      From worker 16:		num_not_imitating:		0
      From worker 16:		num_strategies_changed:  	563373
      From worker 16:			num_random_strategies: 	19770
      From worker 16:		num_sets_changed: 		9850886
      From worker 16:			num_random_opinions: 	12496872
      From worker 16:			num_biased_opinions: 	0
      From worker 16:		num_both_changed: 		281113
      From worker 16:	
      From worker 16:	data processed and exported
      From worker 16:	
      From worker 16:	starting b_1.0_c_0.2_N_40_M_1_K_1_P_2_beta_0.001_u_0.001_v_0.625_p_0.25_ϵ_1.0_gens_20000000_210220-063127.519
      From worker 5:	replicate complete, ran 20000000 generations:
      From worker 5:	
      From worker 5:		num_imitating:			20000000
      From worker 5:		num_not_imitating:		0
      From worker 5:		num_strategies_changed:  	575634
      From worker 5:			num_random_strategies: 	19938
      From worker 5:		num_sets_changed: 		1673897
      From worker 5:			num_random_opinions: 	99227
      From worker 5:			num_biased_opinions: 	0
      From worker 5:		num_both_changed: 		86799
      From worker 5:	
      From worker 5:	data processed and exported
      From worker 14:	replicate complete, ran 20000000 generations:
      From worker 14:	
      From worker 14:		num_imitating:			12500329
      From worker 14:		num_not_imitating:		7499671
      From worker 14:		num_strategies_changed:  	356447
      From worker 14:			num_random_strategies: 	12444
      From worker 14:		num_sets_changed: 		4980876
      From worker 14:			num_random_opinions: 	872092
      From worker 14:			num_biased_opinions: 	2620881
      From worker 14:		num_both_changed: 		156406
      From worker 14:	
      From worker 5:	
      From worker 5:	starting b_1.0_c_0.2_N_40_M_1_K_1_P_2_beta_0.001_u_0.001_v_0.005_p_0.25_ϵ_1.0_gens_20000000_210220-063127.519
      From worker 14:	data processed and exported
      From worker 14:	
      From worker 14:	starting b_1.0_c_0.2_N_40_M_1_K_1_P_2_beta_0.001_u_0.001_v_0.2795084971874737_p_1.0_ϵ_1.0_gens_20000000_210220-063127.519
      From worker 6:	replicate complete, ran 20000000 generations:
      From worker 6:	
      From worker 6:		num_imitating:			17499059
      From worker 6:		num_not_imitating:		2500941
      From worker 6:		num_strategies_changed:  	505899
      From worker 6:			num_random_strategies: 	17531
      From worker 6:		num_sets_changed: 		1424628
      From worker 6:			num_random_opinions: 	65628
      From worker 6:			num_biased_opinions: 	21818
      From worker 6:		num_both_changed: 		73190
      From worker 6:	
      From worker 6:	data processed and exported
      From worker 6:	
      From worker 6:	starting b_1.0_c_0.2_N_40_M_1_K_1_P_2_beta_0.001_u_0.001_v_0.005_p_0.5_ϵ_1.0_gens_20000000_210220-063127.519
      From worker 12:	replicate complete, ran 20000000 generations:
      From worker 12:	
      From worker 12:		num_imitating:			17498797
      From worker 12:		num_not_imitating:		2501203
      From worker 12:		num_strategies_changed:  	500798
      From worker 12:			num_random_strategies: 	17285
      From worker 12:		num_sets_changed: 		7416266
      From worker 12:			num_random_opinions: 	1640463
      From worker 12:			num_biased_opinions: 	547103
      From worker 12:		num_both_changed: 		245590
      From worker 12:	
      From worker 12:	data processed and exported
      From worker 13:	replicate complete, ran 20000000 generations:
      From worker 13:	
      From worker 13:		num_imitating:			14995282
      From worker 13:		num_not_imitating:		5004718
      From worker 13:		num_strategies_changed:  	450466
      From worker 13:			num_random_strategies: 	15299
      From worker 13:		num_sets_changed: 		6275765
      From worker 13:			num_random_opinions: 	938246
      From worker 13:			num_biased_opinions: 	938405
      From worker 13:		num_both_changed: 		216655
      From worker 13:	
      From worker 12:	
      From worker 12:	starting b_1.0_c_0.2_N_40_M_1_K_1_P_2_beta_0.001_u_0.001_v_0.125_p_0.5_ϵ_1.0_gens_20000000_210220-063127.519
      From worker 13:	data processed and exported
      From worker 13:	
      From worker 13:	starting b_1.0_c_0.2_N_40_M_1_K_1_P_2_beta_0.001_u_0.001_v_0.125_p_0.75_ϵ_1.0_gens_20000000_210220-063127.519
      From worker 7:	replicate complete, ran 20000000 generations:
      From worker 7:	
      From worker 7:		num_imitating:			15004387
      From worker 7:		num_not_imitating:		4995613
      From worker 7:		num_strategies_changed:  	417124
      From worker 7:			num_random_strategies: 	15104
      From worker 7:		num_sets_changed: 		2315012
      From worker 7:			num_random_opinions: 	83646
      From worker 7:			num_biased_opinions: 	83879
      From worker 7:		num_both_changed: 		101964
      From worker 7:	
      From worker 9:	replicate complete, ran 20000000 generations:
      From worker 9:	
      From worker 9:		num_imitating:			9997882
      From worker 9:		num_not_imitating:		10002118
      From worker 9:		num_strategies_changed:  	147016
      From worker 9:			num_random_strategies: 	10025
      From worker 9:		num_sets_changed: 		0
      From worker 9:			num_random_opinions: 	0
      From worker 9:			num_biased_opinions: 	249917
      From worker 9:		num_both_changed: 		0
      From worker 9:	
      From worker 7:	data processed and exported
      From worker 9:	data processed and exported
      From worker 7:	
      From worker 7:	starting b_1.0_c_0.2_N_40_M_1_K_1_P_2_beta_0.001_u_0.001_v_0.011180339887498947_p_0.75_ϵ_1.0_gens_20000000_210220-063127.519
      From worker 9:	
      From worker 9:	starting b_1.0_c_0.2_N_40_M_1_K_1_P_2_beta_0.001_u_0.001_v_0.025_p_0.0_ϵ_1.0_gens_20000000_210220-063127.519
      From worker 8:	replicate complete, ran 20000000 generations:
      From worker 8:	
      From worker 8:		num_imitating:			12500561
      From worker 8:		num_not_imitating:		7499439
      From worker 8:		num_strategies_changed:  	361685
      From worker 8:			num_random_strategies: 	12382
      From worker 8:		num_sets_changed: 		1934079
      From worker 8:			num_random_opinions: 	35177
      From worker 8:			num_biased_opinions: 	104995
      From worker 8:		num_both_changed: 		99049
      From worker 8:	
      From worker 8:	data processed and exported
      From worker 8:	
      From worker 8:	starting b_1.0_c_0.2_N_40_M_1_K_1_P_2_beta_0.001_u_0.001_v_0.011180339887498947_p_1.0_ϵ_1.0_gens_20000000_210220-063127.519
      From worker 3:	replicate complete, ran 20000000 generations:
      From worker 3:	
      From worker 3:		num_imitating:			9999666
      From worker 3:		num_not_imitating:		10000334
      From worker 3:		num_strategies_changed:  	146522
      From worker 3:			num_random_strategies: 	9980
      From worker 3:		num_sets_changed: 		0
      From worker 3:			num_random_opinions: 	0
      From worker 3:			num_biased_opinions: 	10221
      From worker 3:		num_both_changed: 		0
      From worker 3:	
      From worker 3:	data processed and exported
      From worker 3:	
      From worker 3:	starting b_1.0_c_0.2_N_40_M_1_K_1_P_2_beta_0.001_u_0.001_v_0.0022360679774997894_p_0.0_ϵ_1.0_gens_20000000_210220-063127.519
      From worker 2:	replicate complete, ran 20000000 generations:
      From worker 2:	
      From worker 2:		num_imitating:			12497674
      From worker 2:		num_not_imitating:		7502326
      From worker 2:		num_strategies_changed:  	358427
      From worker 2:			num_random_strategies: 	12290
      From worker 2:		num_sets_changed: 		254602
      From worker 2:			num_random_opinions: 	3226
      From worker 2:			num_biased_opinions: 	9513
      From worker 2:		num_both_changed: 		11240
      From worker 2:	
      From worker 2:	data processed and exported
      From worker 2:	
      From worker 2:	starting b_1.0_c_0.2_N_40_M_1_K_1_P_2_beta_0.001_u_0.001_v_0.001_p_1.0_ϵ_1.0_gens_20000000_210220-063127.519
      From worker 10:	replicate complete, ran 20000000 generations:
      From worker 10:	
      From worker 10:		num_imitating:			20000000
      From worker 10:		num_not_imitating:		0
      From worker 10:		num_strategies_changed:  	583632
      From worker 10:			num_random_strategies: 	19853
      From worker 10:		num_sets_changed: 		7027989
      From worker 10:			num_random_opinions: 	1118123
      From worker 10:			num_biased_opinions: 	0
      From worker 10:		num_both_changed: 		262272
      From worker 10:	
      From worker 10:	data processed and exported
      From worker 10:	
      From worker 10:	starting b_1.0_c_0.2_N_40_M_1_K_1_P_2_beta_0.001_u_0.001_v_0.055901699437494755_p_0.25_ϵ_1.0_gens_20000000_210220-063127.519
      From worker 14:	replicate complete, ran 20000000 generations:
      From worker 14:	
      From worker 14:		num_imitating:			9997103
      From worker 14:		num_not_imitating:		10002897
      From worker 14:		num_strategies_changed:  	145063
      From worker 14:			num_random_strategies: 	9919
      From worker 14:		num_sets_changed: 		0
      From worker 14:			num_random_opinions: 	0
      From worker 14:			num_biased_opinions: 	2795136
      From worker 14:		num_both_changed: 		0
      From worker 14:	
      From worker 14:	data processed and exported
      From worker 14:	
      From worker 14:	starting b_1.0_c_0.2_N_40_M_1_K_1_P_2_beta_0.001_u_0.001_v_0.2795084971874737_p_0.0_ϵ_1.0_gens_20000000_210220-063127.519
      From worker 4:	replicate complete, ran 20000000 generations:
      From worker 4:	
      From worker 4:		num_imitating:			20000000
      From worker 4:		num_not_imitating:		0
      From worker 4:		num_strategies_changed:  	561347
      From worker 4:			num_random_strategies: 	19815
      From worker 4:		num_sets_changed: 		815750
      From worker 4:			num_random_opinions: 	44414
      From worker 4:			num_biased_opinions: 	0
      From worker 4:		num_both_changed: 		47142
      From worker 4:	
      From worker 4:	data processed and exported
      From worker 4:	
      From worker 4:	starting b_1.0_c_0.2_N_40_M_1_K_1_P_2_beta_0.001_u_0.001_v_0.0022360679774997894_p_0.25_ϵ_1.0_gens_20000000_210220-063127.519
      From worker 5:	replicate complete, ran 20000000 generations:
      From worker 5:	
      From worker 5:		num_imitating:			17499735
      From worker 5:		num_not_imitating:		2500265
      From worker 5:		num_strategies_changed:  	495723
      From worker 5:			num_random_strategies: 	17694
      From worker 5:		num_sets_changed: 		1468192
      From worker 5:			num_random_opinions: 	65429
      From worker 5:			num_biased_opinions: 	21970
      From worker 5:		num_both_changed: 		76213
      From worker 5:	
      From worker 5:	data processed and exported
      From worker 5:	
      From worker 5:	starting b_1.0_c_0.2_N_40_M_1_K_1_P_2_beta_0.001_u_0.001_v_0.005_p_0.5_ϵ_1.0_gens_20000000_210220-063127.519
      From worker 6:	replicate complete, ran 20000000 generations:
      From worker 6:	
      From worker 6:		num_imitating:			15002948
      From worker 6:		num_not_imitating:		4997052
      From worker 6:		num_strategies_changed:  	458285
      From worker 6:			num_random_strategies: 	15050
      From worker 6:		num_sets_changed: 		1241026
      From worker 6:			num_random_opinions: 	37371
      From worker 6:			num_biased_opinions: 	37194
      From worker 6:		num_both_changed: 		63889
      From worker 6:	
      From worker 11:	replicate complete, ran 20000000 generations:
      From worker 11:	
      From worker 11:		num_imitating:			17499587
      From worker 11:		num_not_imitating:		2500413
      From worker 11:		num_strategies_changed:  	508821
      From worker 11:			num_random_strategies: 	17560
      From worker 11:		num_sets_changed: 		6096930
      From worker 11:			num_random_opinions: 	733673
      From worker 11:			num_biased_opinions: 	245196
      From worker 11:		num_both_changed: 		227136
      From worker 11:	
      From worker 6:	data processed and exported
      From worker 6:	
      From worker 6:	starting b_1.0_c_0.2_N_40_M_1_K_1_P_2_beta_0.001_u_0.001_v_0.005_p_0.75_ϵ_1.0_gens_20000000_210220-063127.519
      From worker 11:	data processed and exported
      From worker 8:	replicate complete, ran 20000000 generations:
      From worker 8:	
      From worker 8:		num_imitating:			10000951
      From worker 8:		num_not_imitating:		9999049
      From worker 8:		num_strategies_changed:  	142052
      From worker 8:			num_random_strategies: 	9943
      From worker 8:		num_sets_changed: 		0
      From worker 8:			num_random_opinions: 	0
      From worker 8:			num_biased_opinions: 	112299
      From worker 8:		num_both_changed: 		0
      From worker 8:	
      From worker 8:	data processed and exported
      From worker 11:	
      From worker 11:	starting b_1.0_c_0.2_N_40_M_1_K_1_P_2_beta_0.001_u_0.001_v_0.055901699437494755_p_0.5_ϵ_1.0_gens_20000000_210220-063127.519
      From worker 8:	
      From worker 8:	starting b_1.0_c_0.2_N_40_M_1_K_1_P_2_beta_0.001_u_0.001_v_0.025_p_0.0_ϵ_1.0_gens_20000000_210220-063127.519
      From worker 15:	replicate complete, ran 20000000 generations:
      From worker 15:	
      From worker 15:		num_imitating:			20000000
      From worker 15:		num_not_imitating:		0
      From worker 15:		num_strategies_changed:  	572086
      From worker 15:			num_random_strategies: 	19979
      From worker 15:		num_sets_changed: 		9852301
      From worker 15:			num_random_opinions: 	12496688
      From worker 15:			num_biased_opinions: 	0
      From worker 15:		num_both_changed: 		286206
      From worker 15:	
      From worker 15:	data processed and exported
      From worker 15:	
      From worker 15:	starting b_1.0_c_0.2_N_40_M_1_K_1_P_2_beta_0.001_u_0.001_v_0.625_p_0.25_ϵ_1.0_gens_20000000_210220-063127.519
      From worker 7:	replicate complete, ran 20000000 generations:
      From worker 7:	
      From worker 7:		num_imitating:			12501802
      From worker 7:		num_not_imitating:		7498198
      From worker 7:		num_strategies_changed:  	358834
      From worker 7:			num_random_strategies: 	12592
      From worker 7:		num_sets_changed: 		1896980
      From worker 7:			num_random_opinions: 	35026
      From worker 7:			num_biased_opinions: 	104522
      From worker 7:		num_both_changed: 		96610
      From worker 7:	
      From worker 2:	replicate complete, ran 20000000 generations:
      From worker 2:	
      From worker 2:		num_imitating:			9999024
      From worker 2:		num_not_imitating:		10000976
      From worker 2:		num_strategies_changed:  	147785
      From worker 2:			num_random_strategies: 	10034
      From worker 2:		num_sets_changed: 		0
      From worker 2:			num_random_opinions: 	0
      From worker 2:			num_biased_opinions: 	9981
      From worker 2:		num_both_changed: 		0
      From worker 2:	
      From worker 7:	data processed and exported
      From worker 7:	
      From worker 7:	starting b_1.0_c_0.2_N_40_M_1_K_1_P_2_beta_0.001_u_0.001_v_0.011180339887498947_p_1.0_ϵ_1.0_gens_20000000_210220-063127.519
      From worker 2:	data processed and exported
      From worker 3:	replicate complete, ran 20000000 generations:
      From worker 3:	
      From worker 3:		num_imitating:			20000000
      From worker 3:		num_not_imitating:		0
      From worker 3:		num_strategies_changed:  	572655
      From worker 3:			num_random_strategies: 	20025
      From worker 3:		num_sets_changed: 		855448
      From worker 3:			num_random_opinions: 	44577
      From worker 3:			num_biased_opinions: 	0
      From worker 3:		num_both_changed: 		45932
      From worker 3:	
      From worker 2:	
      From worker 2:	starting b_1.0_c_0.2_N_40_M_1_K_1_P_2_beta_0.001_u_0.001_v_0.001_p_0.0_ϵ_1.0_gens_20000000_210220-063127.519
      From worker 3:	data processed and exported
      From worker 3:	
      From worker 3:	starting b_1.0_c_0.2_N_40_M_1_K_1_P_2_beta_0.001_u_0.001_v_0.0022360679774997894_p_0.25_ϵ_1.0_gens_20000000_210220-063127.519
      From worker 16:	replicate complete, ran 20000000 generations:
      From worker 16:	
      From worker 16:		num_imitating:			17498518
      From worker 16:		num_not_imitating:		2501482
      From worker 16:		num_strategies_changed:  	486045
      From worker 16:			num_random_strategies: 	17392
      From worker 16:		num_sets_changed: 		8372607
      From worker 16:			num_random_opinions: 	8205723
      From worker 16:			num_biased_opinions: 	2735959
      From worker 16:		num_both_changed: 		236154
      From worker 16:	
      From worker 16:	data processed and exported
      From worker 16:	
      From worker 16:	starting b_1.0_c_0.2_N_40_M_1_K_1_P_2_beta_0.001_u_0.001_v_0.625_p_0.5_ϵ_1.0_gens_20000000_210220-063127.519
      From worker 12:	replicate complete, ran 20000000 generations:
      From worker 12:	
      From worker 12:		num_imitating:			14999659
      From worker 12:		num_not_imitating:		5000341
      From worker 12:		num_strategies_changed:  	415437
      From worker 12:			num_random_strategies: 	15031
      From worker 12:		num_sets_changed: 		6265309
      From worker 12:			num_random_opinions: 	937141
      From worker 12:			num_biased_opinions: 	938059
      From worker 12:		num_both_changed: 		201184
      From worker 12:	
      From worker 12:	data processed and exported
      From worker 12:	
      From worker 12:	starting b_1.0_c_0.2_N_40_M_1_K_1_P_2_beta_0.001_u_0.001_v_0.125_p_0.75_ϵ_1.0_gens_20000000_210220-063127.519
      From worker 13:	replicate complete, ran 20000000 generations:
      From worker 13:	
      From worker 13:		num_imitating:			12503244
      From worker 13:		num_not_imitating:		7496756
      From worker 13:		num_strategies_changed:  	343848
      From worker 13:			num_random_strategies: 	12637
      From worker 13:		num_sets_changed: 		4994216
      From worker 13:			num_random_opinions: 	390914
      From worker 13:			num_biased_opinions: 	1173547
      From worker 13:		num_both_changed: 		162819
      From worker 13:	
      From worker 13:	data processed and exported
      From worker 13:	
      From worker 13:	starting b_1.0_c_0.2_N_40_M_1_K_1_P_2_beta_0.001_u_0.001_v_0.125_p_1.0_ϵ_1.0_gens_20000000_210220-063127.519
      From worker 9:	replicate complete, ran 20000000 generations:
      From worker 9:	
      From worker 9:		num_imitating:			20000000
      From worker 9:		num_not_imitating:		0
      From worker 9:		num_strategies_changed:  	579941
      From worker 9:			num_random_strategies: 	20000
      From worker 9:		num_sets_changed: 		5020606
      From worker 9:			num_random_opinions: 	498524
      From worker 9:			num_biased_opinions: 	0
      From worker 9:		num_both_changed: 		212003
      From worker 9:	
      From worker 9:	data processed and exported
      From worker 9:	
      From worker 9:	starting b_1.0_c_0.2_N_40_M_1_K_1_P_2_beta_0.001_u_0.001_v_0.025_p_0.25_ϵ_1.0_gens_20000000_210220-063127.519
      From worker 5:	replicate complete, ran 20000000 generations:
      From worker 5:	
      From worker 5:		num_imitating:			15001918
      From worker 5:		num_not_imitating:		4998082
      From worker 5:		num_strategies_changed:  	438012
      From worker 5:			num_random_strategies: 	14795
      From worker 5:		num_sets_changed: 		1291202
      From worker 5:			num_random_opinions: 	37289
      From worker 5:			num_biased_opinions: 	37576
      From worker 5:		num_both_changed: 		68091
      From worker 5:	
      From worker 5:	data processed and exported
      From worker 5:	
      From worker 5:	starting b_1.0_c_0.2_N_40_M_1_K_1_P_2_beta_0.001_u_0.001_v_0.005_p_0.75_ϵ_1.0_gens_20000000_210220-063127.519
      From worker 4:	replicate complete, ran 20000000 generations:
      From worker 4:	
      From worker 4:		num_imitating:			17501612
      From worker 4:		num_not_imitating:		2498388
      From worker 4:		num_strategies_changed:  	483929
      From worker 4:			num_random_strategies: 	17386
      From worker 4:		num_sets_changed: 		713120
      From worker 4:			num_random_opinions: 	29507
      From worker 4:			num_biased_opinions: 	9737
      From worker 4:		num_both_changed: 		33870
      From worker 4:	
      From worker 4:	data processed and exported
      From worker 4:	
      From worker 4:	starting b_1.0_c_0.2_N_40_M_1_K_1_P_2_beta_0.001_u_0.001_v_0.0022360679774997894_p_0.5_ϵ_1.0_gens_20000000_210220-063127.519
      From worker 10:	replicate complete, ran 20000000 generations:
      From worker 10:	
      From worker 10:		num_imitating:			17503147
      From worker 10:		num_not_imitating:		2496853
      From worker 10:		num_strategies_changed:  	495198
      From worker 10:			num_random_strategies: 	17534
      From worker 10:		num_sets_changed: 		6117535
      From worker 10:			num_random_opinions: 	733629
      From worker 10:			num_biased_opinions: 	244905
      From worker 10:		num_both_changed: 		220482
      From worker 10:	
      From worker 10:	data processed and exported
      From worker 10:	
      From worker 10:	starting b_1.0_c_0.2_N_40_M_1_K_1_P_2_beta_0.001_u_0.001_v_0.055901699437494755_p_0.5_ϵ_1.0_gens_20000000_210220-063127.519
      From worker 7:	replicate complete, ran 20000000 generations:
      From worker 7:	
      From worker 7:		num_imitating:			9999832
      From worker 7:		num_not_imitating:		10000168
      From worker 7:		num_strategies_changed:  	143777
      From worker 7:			num_random_strategies: 	10011
      From worker 7:		num_sets_changed: 		0
      From worker 7:			num_random_opinions: 	0
      From worker 7:			num_biased_opinions: 	111625
      From worker 7:		num_both_changed: 		0
      From worker 7:	
      From worker 7:	data processed and exported
      From worker 7:	
      From worker 7:	starting b_1.0_c_0.2_N_40_M_1_K_1_P_2_beta_0.001_u_0.001_v_0.011180339887498947_p_0.0_ϵ_1.0_gens_20000000_210220-063127.519
      From worker 6:	replicate complete, ran 20000000 generations:
      From worker 6:	
      From worker 6:		num_imitating:			12500981
      From worker 6:		num_not_imitating:		7499019
      From worker 6:		num_strategies_changed:  	370820
      From worker 6:			num_random_strategies: 	12617
      From worker 6:		num_sets_changed: 		1073374
      From worker 6:			num_random_opinions: 	15480
      From worker 6:			num_biased_opinions: 	46944
      From worker 6:		num_both_changed: 		65308
      From worker 6:	
      From worker 6:	data processed and exported
      From worker 2:	replicate complete, ran 20000000 generations:
      From worker 2:	
      From worker 2:		num_imitating:			20000000
      From worker 2:		num_not_imitating:		0
      From worker 2:		num_strategies_changed:  	579876
      From worker 2:			num_random_strategies: 	19863
      From worker 2:		num_sets_changed: 		366956
      From worker 2:			num_random_opinions: 	19933
      From worker 2:			num_biased_opinions: 	0
      From worker 2:		num_both_changed: 		23861
      From worker 2:	
      From worker 6:	
      From worker 6:	starting b_1.0_c_0.2_N_40_M_1_K_1_P_2_beta_0.001_u_0.001_v_0.005_p_1.0_ϵ_1.0_gens_20000000_210220-063127.519
      From worker 2:	data processed and exported
      From worker 3:	replicate complete, ran 20000000 generations:
      From worker 3:	
      From worker 3:		num_imitating:			17496820
      From worker 3:		num_not_imitating:		2503180
      From worker 3:		num_strategies_changed:  	482614
      From worker 3:			num_random_strategies: 	17826
      From worker 3:		num_sets_changed: 		724988
      From worker 3:			num_random_opinions: 	29430
      From worker 3:			num_biased_opinions: 	9851
      From worker 3:		num_both_changed: 		36237
      From worker 3:	
      From worker 3:	data processed and exported
      From worker 8:	replicate complete, ran 20000000 generations:
      From worker 8:	
      From worker 8:		num_imitating:			20000000
      From worker 8:		num_not_imitating:		0
      From worker 8:		num_strategies_changed:  	579653
      From worker 8:			num_random_strategies: 	19892
      From worker 8:		num_sets_changed: 		5083963
      From worker 8:			num_random_opinions: 	500369
      From worker 8:			num_biased_opinions: 	0
      From worker 8:		num_both_changed: 		220190
      From worker 8:	
      From worker 8:	data processed and exported
      From worker 8:	
      From worker 8:	starting b_1.0_c_0.2_N_40_M_1_K_1_P_2_beta_0.001_u_0.001_v_0.025_p_0.25_ϵ_1.0_gens_20000000_210220-063127.519
      From worker 13:	replicate complete, ran 20000000 generations:
      From worker 13:	
      From worker 13:		num_imitating:			9999379
      From worker 13:		num_not_imitating:		10000621
      From worker 13:		num_strategies_changed:  	141558
      From worker 13:			num_random_strategies: 	10001
      From worker 13:		num_sets_changed: 		0
      From worker 13:			num_random_opinions: 	0
      From worker 13:			num_biased_opinions: 	1251079
      From worker 13:		num_both_changed: 		0
      From worker 13:	
      From worker 14:	replicate complete, ran 20000000 generations:
      From worker 14:	
      From worker 14:		num_imitating:			20000000
      From worker 14:		num_not_imitating:		0
      From worker 14:		num_strategies_changed:  	596439
      From worker 14:			num_random_strategies: 	19836
      From worker 14:		num_sets_changed: 		9396322
      From worker 14:			num_random_opinions: 	5592345
      From worker 14:			num_biased_opinions: 	0
      From worker 14:		num_both_changed: 		296058
      From worker 14:	
      From worker 13:	data processed and exported
      From worker 13:	
      From worker 13:	starting b_1.0_c_0.2_N_40_M_1_K_1_P_2_beta_0.001_u_0.001_v_0.2795084971874737_p_0.0_ϵ_1.0_gens_20000000_210220-063127.519
      From worker 14:	data processed and exported
      From worker 11:	replicate complete, ran 20000000 generations:
      From worker 11:	
      From worker 11:		num_imitating:			14999513
      From worker 11:		num_not_imitating:		5000487
      From worker 11:		num_strategies_changed:  	423670
      From worker 11:			num_random_strategies: 	14995
      From worker 11:		num_sets_changed: 		5221402
      From worker 11:			num_random_opinions: 	418680
      From worker 11:			num_biased_opinions: 	418702
      From worker 11:		num_both_changed: 		193725
      From worker 11:	
      From worker 14:	
      From worker 14:	starting b_1.0_c_0.2_N_40_M_1_K_1_P_2_beta_0.001_u_0.001_v_0.2795084971874737_p_0.25_ϵ_1.0_gens_20000000_210220-063127.519
      From worker 11:	data processed and exported
      From worker 11:	
      From worker 11:	starting b_1.0_c_0.2_N_40_M_1_K_1_P_2_beta_0.001_u_0.001_v_0.055901699437494755_p_0.75_ϵ_1.0_gens_20000000_210220-063127.519
      From worker 5:	replicate complete, ran 20000000 generations:
      From worker 5:	
      From worker 5:		num_imitating:			12498762
      From worker 5:		num_not_imitating:		7501238
      From worker 5:		num_strategies_changed:  	349832
      From worker 5:			num_random_strategies: 	12493
      From worker 5:		num_sets_changed: 		1061606
      From worker 5:			num_random_opinions: 	15592
      From worker 5:			num_biased_opinions: 	46812
      From worker 5:		num_both_changed: 		47885
      From worker 5:	
      From worker 5:	data processed and exported
      From worker 4:	replicate complete, ran 20000000 generations:
      From worker 4:	
      From worker 4:		num_imitating:			14996905
      From worker 4:		num_not_imitating:		5003095
      From worker 4:		num_strategies_changed:  	424244
      From worker 4:			num_random_strategies: 	15038
      From worker 4:		num_sets_changed: 		634590
      From worker 4:			num_random_opinions: 	16950
      From worker 4:			num_biased_opinions: 	16563
      From worker 4:		num_both_changed: 		34285
      From worker 4:	
      From worker 4:	data processed and exported
      From worker 12:	replicate complete, ran 20000000 generations:
      From worker 12:	
      From worker 12:		num_imitating:			12498667
      From worker 12:		num_not_imitating:		7501333
      From worker 12:		num_strategies_changed:  	369249
      From worker 12:			num_random_strategies: 	12337
      From worker 12:		num_sets_changed: 		4988706
      From worker 12:			num_random_opinions: 	390992
      From worker 12:			num_biased_opinions: 	1172828
      From worker 12:		num_both_changed: 		174980
      From worker 12:	
      From worker 12:	data processed and exported
      From worker 12:	
      From worker 12:	starting b_1.0_c_0.2_N_40_M_1_K_1_P_2_beta_0.001_u_0.001_v_0.125_p_1.0_ϵ_1.0_gens_20000000_210220-063127.519
      From worker 15:	replicate complete, ran 20000000 generations:
      From worker 15:	
      From worker 15:		num_imitating:			17500798
      From worker 15:		num_not_imitating:		2499202
      From worker 15:		num_strategies_changed:  	485769
      From worker 15:			num_random_strategies: 	17386
      From worker 15:		num_sets_changed: 		8376887
      From worker 15:			num_random_opinions: 	8203014
      From worker 15:			num_biased_opinions: 	2735824
      From worker 15:		num_both_changed: 		236555
      From worker 15:	
      From worker 15:	data processed and exported
      From worker 15:	
      From worker 15:	starting b_1.0_c_0.2_N_40_M_1_K_1_P_2_beta_0.001_u_0.001_v_0.625_p_0.5_ϵ_1.0_gens_20000000_210220-063127.519
      From worker 9:	replicate complete, ran 20000000 generations:
      From worker 9:	
      From worker 9:		num_imitating:			17498411
      From worker 9:		num_not_imitating:		2501589
      From worker 9:		num_strategies_changed:  	499983
      From worker 9:			num_random_strategies: 	17658
      From worker 9:		num_sets_changed: 		4371584
      From worker 9:			num_random_opinions: 	327702
      From worker 9:			num_biased_opinions: 	109178
      From worker 9:		num_both_changed: 		186886
      From worker 9:	
      From worker 9:	data processed and exported
      From worker 6:	replicate complete, ran 20000000 generations:
      From worker 6:	
      From worker 6:		num_imitating:			10002277
      From worker 6:		num_not_imitating:		9997723
      From worker 6:		num_strategies_changed:  	145363
      From worker 6:			num_random_strategies: 	10054
      From worker 6:		num_sets_changed: 		0
      From worker 6:			num_random_opinions: 	0
      From worker 6:			num_biased_opinions: 	50029
      From worker 6:		num_both_changed: 		0
      From worker 6:	
      From worker 9:	
      From worker 9:	starting b_1.0_c_0.2_N_40_M_1_K_1_P_2_beta_0.001_u_0.001_v_0.025_p_0.5_ϵ_1.0_gens_20000000_210220-063127.519
      From worker 6:	data processed and exported
      From worker 16:	replicate complete, ran 20000000 generations:
      From worker 16:	
      From worker 16:		num_imitating:			15001177
      From worker 16:		num_not_imitating:		4998823
      From worker 16:		num_strategies_changed:  	431271
      From worker 16:			num_random_strategies: 	14969
      From worker 16:		num_sets_changed: 		6420840
      From worker 16:			num_random_opinions: 	4685717
      From worker 16:			num_biased_opinions: 	4690090
      From worker 16:		num_both_changed: 		188409
      From worker 16:	
      From worker 16:	data processed and exported
      From worker 16:	
      From worker 16:	starting b_1.0_c_0.2_N_40_M_1_K_1_P_2_beta_0.001_u_0.001_v_0.625_p_0.75_ϵ_1.0_gens_20000000_210220-063127.519
      From worker 10:	replicate complete, ran 20000000 generations:
      From worker 10:	
      From worker 10:		num_imitating:			15002617
      From worker 10:		num_not_imitating:		4997383
      From worker 10:		num_strategies_changed:  	427485
      From worker 10:			num_random_strategies: 	14959
      From worker 10:		num_sets_changed: 		5205919
      From worker 10:			num_random_opinions: 	418839
      From worker 10:			num_biased_opinions: 	418961
      From worker 10:		num_both_changed: 		193141
      From worker 10:	
      From worker 7:	replicate complete, ran 20000000 generations:
      From worker 7:	
      From worker 7:		num_imitating:			20000000
      From worker 7:		num_not_imitating:		0
      From worker 7:		num_strategies_changed:  	582058
      From worker 7:			num_random_strategies: 	20031
      From worker 7:		num_sets_changed: 		3141952
      From worker 7:			num_random_opinions: 	223191
      From worker 7:			num_biased_opinions: 	0
      From worker 7:		num_both_changed: 		155882
      From worker 7:	
      From worker 10:	data processed and exported
      From worker 7:	data processed and exported
      From worker 10:	
      From worker 10:	starting b_1.0_c_0.2_N_40_M_1_K_1_P_2_beta_0.001_u_0.001_v_0.055901699437494755_p_0.75_ϵ_1.0_gens_20000000_210220-063127.519
      From worker 8:	replicate complete, ran 20000000 generations:
      From worker 8:	
      From worker 8:		num_imitating:			17498601
      From worker 8:		num_not_imitating:		2501399
      From worker 8:		num_strategies_changed:  	525960
      From worker 8:			num_random_strategies: 	17583
      From worker 8:		num_sets_changed: 		4436699
      From worker 8:			num_random_opinions: 	328790
      From worker 8:			num_biased_opinions: 	109424
      From worker 8:		num_both_changed: 		201737
      From worker 8:	
      From worker 8:	data processed and exported
      From worker 12:	replicate complete, ran 20000000 generations:
      From worker 12:	
      From worker 12:		num_imitating:			9998746
      From worker 12:		num_not_imitating:		10001254
      From worker 12:		num_strategies_changed:  	152426
      From worker 12:			num_random_strategies: 	9989
      From worker 12:		num_sets_changed: 		0
      From worker 12:			num_random_opinions: 	0
      From worker 12:			num_biased_opinions: 	1250186
      From worker 12:		num_both_changed: 		0
      From worker 12:	
      From worker 12:	data processed and exported
      From worker 12:	
      From worker 12:	starting b_1.0_c_0.2_N_40_M_1_K_1_P_2_beta_0.001_u_0.001_v_0.125_p_0.0_ϵ_1.0_gens_20000000_210220-063127.519
      From worker 11:	replicate complete, ran 20000000 generations:
      From worker 11:	
      From worker 11:		num_imitating:			12496180
      From worker 11:		num_not_imitating:		7503820
      From worker 11:		num_strategies_changed:  	375479
      From worker 11:			num_random_strategies: 	12599
      From worker 11:		num_sets_changed: 		4241366
      From worker 11:			num_random_opinions: 	174902
      From worker 11:			num_biased_opinions: 	522825
      From worker 11:		num_both_changed: 		168009
      From worker 11:	
      From worker 11:	data processed and exported
      From worker 11:	
      From worker 11:	starting b_1.0_c_0.2_N_40_M_1_K_1_P_2_beta_0.001_u_0.001_v_0.055901699437494755_p_1.0_ϵ_1.0_gens_20000000_210220-063127.519
      From worker 9:	replicate complete, ran 20000000 generations:
      From worker 9:	
      From worker 9:		num_imitating:			15001016
      From worker 9:		num_not_imitating:		4998984
      From worker 9:		num_strategies_changed:  	453761
      From worker 9:			num_random_strategies: 	15167
      From worker 9:		num_sets_changed: 		3743793
      From worker 9:			num_random_opinions: 	186852
      From worker 9:			num_biased_opinions: 	186643
      From worker 9:		num_both_changed: 		176828
      From worker 9:	
      From worker 9:	data processed and exported
      From worker 10:	replicate complete, ran 20000000 generations:
      From worker 10:	
      From worker 10:		num_imitating:			12498545
      From worker 10:		num_not_imitating:		7501455
      From worker 10:		num_strategies_changed:  	335477
      From worker 10:			num_random_strategies: 	12489
      From worker 10:		num_sets_changed: 		4227828
      From worker 10:			num_random_opinions: 	174164
      From worker 10:			num_biased_opinions: 	524820
      From worker 10:		num_both_changed: 		152882
      From worker 10:	
      From worker 10:	data processed and exported
      From worker 14:	replicate complete, ran 20000000 generations:
      From worker 14:	
      From worker 14:		num_imitating:			17499814
      From worker 14:		num_not_imitating:		2500186
      From worker 14:		num_strategies_changed:  	504405
      From worker 14:			num_random_strategies: 	17332
      From worker 14:		num_sets_changed: 		8142831
      From worker 14:			num_random_opinions: 	3667054
      From worker 14:			num_biased_opinions: 	1223596
      From worker 14:		num_both_changed: 		249088
      From worker 14:	
      From worker 14:	data processed and exported
      From worker 14:	
      From worker 14:	starting b_1.0_c_0.2_N_40_M_1_K_1_P_2_beta_0.001_u_0.001_v_0.2795084971874737_p_0.5_ϵ_1.0_gens_20000000_210220-063127.519
      From worker 16:	replicate complete, ran 20000000 generations:
      From worker 16:	
      From worker 16:		num_imitating:			12499933
      From worker 16:		num_not_imitating:		7500067
      From worker 16:		num_strategies_changed:  	376876
      From worker 16:			num_random_strategies: 	12442
      From worker 16:		num_sets_changed: 		3877030
      From worker 16:			num_random_opinions: 	1952782
      From worker 16:			num_biased_opinions: 	5860302
      From worker 16:		num_both_changed: 		121145
      From worker 16:	
      From worker 16:	data processed and exported
      From worker 16:	
      From worker 16:	starting b_1.0_c_0.2_N_40_M_1_K_1_P_2_beta_0.001_u_0.001_v_0.625_p_1.0_ϵ_1.0_gens_20000000_210220-063127.519
      From worker 15:	replicate complete, ran 20000000 generations:
      From worker 15:	
      From worker 15:		num_imitating:			15001072
      From worker 15:		num_not_imitating:		4998928
      From worker 15:		num_strategies_changed:  	430942
      From worker 15:			num_random_strategies: 	14888
      From worker 15:		num_sets_changed: 		6422381
      From worker 15:			num_random_opinions: 	4685619
      From worker 15:			num_biased_opinions: 	4687466
      From worker 15:		num_both_changed: 		188368
      From worker 15:	
      From worker 15:	data processed and exported
      From worker 15:	
      From worker 15:	starting b_1.0_c_0.2_N_40_M_1_K_1_P_2_beta_0.001_u_0.001_v_0.625_p_0.75_ϵ_1.0_gens_20000000_210220-063127.519
      From worker 13:	replicate complete, ran 20000000 generations:
      From worker 13:	
      From worker 13:		num_imitating:			20000000
      From worker 13:		num_not_imitating:		0
      From worker 13:		num_strategies_changed:  	585275
      From worker 13:			num_random_strategies: 	19959
      From worker 13:		num_sets_changed: 		9400824
      From worker 13:			num_random_opinions: 	5589244
      From worker 13:			num_biased_opinions: 	0
      From worker 13:		num_both_changed: 		292654
      From worker 13:	
      From worker 13:	data processed and exported
      From worker 13:	
      From worker 13:	starting b_1.0_c_0.2_N_40_M_1_K_1_P_2_beta_0.001_u_0.001_v_0.2795084971874737_p_0.25_ϵ_1.0_gens_20000000_210220-063127.519
      From worker 11:	replicate complete, ran 20000000 generations:
      From worker 11:	
      From worker 11:		num_imitating:			9995820
      From worker 11:		num_not_imitating:		10004180
      From worker 11:		num_strategies_changed:  	152904
      From worker 11:			num_random_strategies: 	10081
      From worker 11:		num_sets_changed: 		0
      From worker 11:			num_random_opinions: 	0
      From worker 11:			num_biased_opinions: 	558797
      From worker 11:		num_both_changed: 		0
      From worker 11:	
      From worker 11:	data processed and exported
      From worker 12:	replicate complete, ran 20000000 generations:
      From worker 12:	
      From worker 12:		num_imitating:			20000000
      From worker 12:		num_not_imitating:		0
      From worker 12:		num_strategies_changed:  	553954
      From worker 12:			num_random_strategies: 	19978
      From worker 12:		num_sets_changed: 		8514930
      From worker 12:			num_random_opinions: 	2499450
      From worker 12:			num_biased_opinions: 	0
      From worker 12:		num_both_changed: 		268683
      From worker 12:	
      From worker 12:	data processed and exported
      From worker 16:	replicate complete, ran 20000000 generations:
 Activating environment at `/tigress/mk28/CooperationPolarization2/Project.toml`
 Activating environment at `/tigress/mk28/CooperationPolarization2/Project.toml`
      From worker 16:	
      From worker 16:		num_imitating:			10001835
      From worker 16:		num_not_imitating:		9998165
      From worker 16:		num_strategies_changed:  	149856
      From worker 16:			num_random_strategies: 	10106
      From worker 16:		num_sets_changed: 		0
      From worker 16:			num_random_opinions: 	0
      From worker 16:			num_biased_opinions: 	6248382
      From worker 16:		num_both_changed: 		0
      From worker 16:	
      From worker 16:	data processed and exported
      From worker 15:	replicate complete, ran 20000000 generations:
      From worker 15:	
      From worker 15:		num_imitating:			12503986
      From worker 15:		num_not_imitating:		7496014
      From worker 15:		num_strategies_changed:  	354113
      From worker 15:			num_random_strategies: 	12455
      From worker 15:		num_sets_changed: 		3875924
      From worker 15:			num_random_opinions: 	1952959
      From worker 15:			num_biased_opinions: 	5863410
      From worker 15:		num_both_changed: 		114572
      From worker 15:	
      From worker 15:	data processed and exported
      From worker 14:	replicate complete, ran 20000000 generations:
      From worker 14:	
      From worker 14:		num_imitating:			14999812
      From worker 14:		num_not_imitating:		5000188
      From worker 14:		num_strategies_changed:  	444590
      From worker 14:			num_random_strategies: 	15291
      From worker 14:		num_sets_changed: 		6759186
      From worker 14:			num_random_opinions: 	2094822
      From worker 14:			num_biased_opinions: 	2097496
      From worker 14:		num_both_changed: 		215246
      From worker 14:	
      From worker 14:	data processed and exported
      From worker 13:	replicate complete, ran 20000000 generations:
      From worker 13:	
      From worker 13:		num_imitating:			17503726
      From worker 13:		num_not_imitating:		2496274
      From worker 13:		num_strategies_changed:  	489569
      From worker 13:			num_random_strategies: 	17687
      From worker 13:		num_sets_changed: 		8147583
      From worker 13:			num_random_opinions: 	3670522
      From worker 13:			num_biased_opinions: 	1223470
      From worker 13:		num_both_changed: 		242874
      From worker 13:	
      From worker 13:	data processed and exported
6294.977408 seconds (2.45 M allocations: 114.213 MiB, 0.00% gc time)
