packages loaded
      From worker 2:	 Activating environment at `/tigress/mk28/CooperationPolarization2/Project.toml`
      From worker 3:	 Activating environment at `/tigress/mk28/CooperationPolarization2/Project.toml`
      From worker 4:	 Activating environment at `/tigress/mk28/CooperationPolarization2/Project.toml`
      From worker 5:	 Activating environment at `/tigress/mk28/CooperationPolarization2/Project.toml`
      From worker 6:	 Activating environment at `/tigress/mk28/CooperationPolarization2/Project.toml`
      From worker 15:	 Activating environment at `/tigress/mk28/CooperationPolarization2/Project.toml`
      From worker 7:	 Activating environment at `/tigress/mk28/CooperationPolarization2/Project.toml`
      From worker 12:	 Activating environment at `/tigress/mk28/CooperationPolarization2/Project.toml`
      From worker 8:	 Activating environment at `/tigress/mk28/CooperationPolarization2/Project.toml`
      From worker 14:	 Activating environment at `/tigress/mk28/CooperationPolarization2/Project.toml`
      From worker 11:	 Activating environment at `/tigress/mk28/CooperationPolarization2/Project.toml`
      From worker 16:	 Activating environment at `/tigress/mk28/CooperationPolarization2/Project.toml`
      From worker 9:	 Activating environment at `/tigress/mk28/CooperationPolarization2/Project.toml`
      From worker 13:	 Activating environment at `/tigress/mk28/CooperationPolarization2/Project.toml`
      From worker 10:	 Activating environment at `/tigress/mk28/CooperationPolarization2/Project.toml`
      From worker 2:	packages loaded
      From worker 9:	packages loaded
      From worker 7:	packages loaded
      From worker 16:	packages loaded
      From worker 14:	packages loaded
      From worker 15:	packages loaded
      From worker 12:	packages loaded
      From worker 13:	packages loaded
      From worker 8:	packages loaded
      From worker 11:	packages loaded
      From worker 3:	packages loaded
      From worker 4:	packages loaded
      From worker 5:	packages loaded
      From worker 6:	packages loaded
      From worker 10:	packages loaded
parameters defined
      From worker 2:	
      From worker 2:	starting b_1.0_c_0.2_N_40_M_3_K_3_P_2_beta_0.001_u_0.001_v_0.001_p_0.0_ϵ_1.0_gens_20000000_210224-090439.238
      From worker 14:	
      From worker 14:	starting b_1.0_c_0.2_N_40_M_3_K_3_P_2_beta_0.001_u_0.001_v_0.2795084971874737_p_0.5_ϵ_1.0_gens_20000000_210224-090439.238
      From worker 12:	
      From worker 12:	starting b_1.0_c_0.2_N_40_M_3_K_3_P_2_beta_0.001_u_0.001_v_0.125_p_0.0_ϵ_1.0_gens_20000000_210224-090439.238
      From worker 8:	
      From worker 8:	starting b_1.0_c_0.2_N_40_M_3_K_3_P_2_beta_0.001_u_0.001_v_0.011180339887498947_p_0.25_ϵ_1.0_gens_20000000_210224-090439.238
      From worker 7:	
      From worker 7:	starting b_1.0_c_0.2_N_40_M_3_K_3_P_2_beta_0.001_u_0.001_v_0.011180339887498947_p_0.0_ϵ_1.0_gens_20000000_210224-090439.238
      From worker 15:	
      From worker 15:	starting b_1.0_c_0.2_N_40_M_3_K_3_P_2_beta_0.001_u_0.001_v_0.2795084971874737_p_0.75_ϵ_1.0_gens_20000000_210224-090439.238
      From worker 5:	
      From worker 5:	starting b_1.0_c_0.2_N_40_M_3_K_3_P_2_beta_0.001_u_0.001_v_0.0022360679774997894_p_0.75_ϵ_1.0_gens_20000000_210224-090439.238
      From worker 16:	
      From worker 16:	starting b_1.0_c_0.2_N_40_M_3_K_3_P_2_beta_0.001_u_0.001_v_0.625_p_1.0_ϵ_1.0_gens_20000000_210224-090439.238
      From worker 4:	
      From worker 4:	starting b_1.0_c_0.2_N_40_M_3_K_3_P_2_beta_0.001_u_0.001_v_0.0022360679774997894_p_0.5_ϵ_1.0_gens_20000000_210224-090439.238
      From worker 3:	
      From worker 3:	starting b_1.0_c_0.2_N_40_M_3_K_3_P_2_beta_0.001_u_0.001_v_0.001_p_0.25_ϵ_1.0_gens_20000000_210224-090439.238
      From worker 9:	
      From worker 9:	starting b_1.0_c_0.2_N_40_M_3_K_3_P_2_beta_0.001_u_0.001_v_0.025_p_0.5_ϵ_1.0_gens_20000000_210224-090439.238
      From worker 13:	
      From worker 13:	starting b_1.0_c_0.2_N_40_M_3_K_3_P_2_beta_0.001_u_0.001_v_0.125_p_0.25_ϵ_1.0_gens_20000000_210224-090439.238
      From worker 11:	
      From worker 11:	starting b_1.0_c_0.2_N_40_M_3_K_3_P_2_beta_0.001_u_0.001_v_0.055901699437494755_p_1.0_ϵ_1.0_gens_20000000_210224-090439.238
      From worker 6:	
      From worker 6:	starting b_1.0_c_0.2_N_40_M_3_K_3_P_2_beta_0.001_u_0.001_v_0.005_p_1.0_ϵ_1.0_gens_20000000_210224-090439.238
      From worker 10:	
      From worker 10:	starting b_1.0_c_0.2_N_40_M_3_K_3_P_2_beta_0.001_u_0.001_v_0.025_p_0.75_ϵ_1.0_gens_20000000_210224-090439.238
      From worker 16:	replicate complete, ran 20000000 generations:
      From worker 16:	
      From worker 16:		num_imitating:			10004408
      From worker 16:		num_not_imitating:		9995592
      From worker 16:		num_strategies_changed:  	147268
      From worker 16:			num_random_strategies: 	10054
      From worker 16:		num_sets_changed: 		0
      From worker 16:			num_random_opinions: 	0
      From worker 16:			num_biased_opinions: 	6252807
      From worker 16:		num_both_changed: 		0
      From worker 16:	
      From worker 6:	replicate complete, ran 20000000 generations:
      From worker 6:	
      From worker 6:		num_imitating:			9999542
      From worker 6:		num_not_imitating:		10000458
      From worker 6:		num_strategies_changed:  	145048
      From worker 6:			num_random_strategies: 	10121
      From worker 6:		num_sets_changed: 		0
      From worker 6:			num_random_opinions: 	0
      From worker 6:			num_biased_opinions: 	50112
      From worker 6:		num_both_changed: 		0
      From worker 6:	
      From worker 16:	data processed and exported
      From worker 6:	data processed and exported
      From worker 11:	replicate complete, ran 20000000 generations:
      From worker 11:	
      From worker 11:		num_imitating:			10003213
      From worker 11:		num_not_imitating:		9996787
      From worker 11:		num_strategies_changed:  	148823
      From worker 11:			num_random_strategies: 	9982
      From worker 11:		num_sets_changed: 		0
      From worker 11:			num_random_opinions: 	0
      From worker 11:			num_biased_opinions: 	558828
      From worker 11:		num_both_changed: 		0
      From worker 11:	
      From worker 16:	
      From worker 16:	starting b_1.0_c_0.2_N_40_M_3_K_3_P_2_beta_0.001_u_0.001_v_0.625_p_0.0_ϵ_1.0_gens_20000000_210224-090439.238
      From worker 6:	
      From worker 6:	starting b_1.0_c_0.2_N_40_M_3_K_3_P_2_beta_0.001_u_0.001_v_0.005_p_0.0_ϵ_1.0_gens_20000000_210224-090439.238
      From worker 11:	data processed and exported
      From worker 11:	
      From worker 11:	starting b_1.0_c_0.2_N_40_M_3_K_3_P_2_beta_0.001_u_0.001_v_0.055901699437494755_p_0.0_ϵ_1.0_gens_20000000_210224-090439.238
      From worker 3:	replicate complete, ran 20000000 generations:
      From worker 3:	
      From worker 3:		num_imitating:			17500910
      From worker 3:		num_not_imitating:		2499090
      From worker 3:		num_strategies_changed:  	473167
      From worker 3:			num_random_strategies: 	17417
      From worker 3:		num_sets_changed: 		605965
      From worker 3:			num_random_opinions: 	13132
      From worker 3:			num_biased_opinions: 	4411
      From worker 3:		num_both_changed: 		25953
      From worker 3:	
      From worker 3:	data processed and exported
      From worker 3:	
      From worker 3:	starting b_1.0_c_0.2_N_40_M_3_K_3_P_2_beta_0.001_u_0.001_v_0.001_p_0.5_ϵ_1.0_gens_20000000_210224-090439.238
      From worker 5:	replicate complete, ran 20000000 generations:
      From worker 5:	
      From worker 5:		num_imitating:			12500192
      From worker 5:		num_not_imitating:		7499808
      From worker 5:		num_strategies_changed:  	354886
      From worker 5:			num_random_strategies: 	12413
      From worker 5:		num_sets_changed: 		748856
      From worker 5:			num_random_opinions: 	7019
      From worker 5:			num_biased_opinions: 	21043
      From worker 5:		num_both_changed: 		34008
      From worker 5:	
      From worker 5:	data processed and exported
      From worker 5:	
      From worker 5:	starting b_1.0_c_0.2_N_40_M_3_K_3_P_2_beta_0.001_u_0.001_v_0.0022360679774997894_p_1.0_ϵ_1.0_gens_20000000_210224-090439.238
      From worker 2:	replicate complete, ran 20000000 generations:
      From worker 2:	
      From worker 2:		num_imitating:			20000000
      From worker 2:		num_not_imitating:		0
      From worker 2:		num_strategies_changed:  	535459
      From worker 2:			num_random_strategies: 	19890
      From worker 2:		num_sets_changed: 		734789
      From worker 2:			num_random_opinions: 	19840
      From worker 2:			num_biased_opinions: 	0
      From worker 2:		num_both_changed: 		36982
      From worker 2:	
      From worker 2:	data processed and exported
      From worker 2:	
      From worker 2:	starting b_1.0_c_0.2_N_40_M_3_K_3_P_2_beta_0.001_u_0.001_v_0.001_p_0.25_ϵ_1.0_gens_20000000_210224-090439.238
      From worker 4:	replicate complete, ran 20000000 generations:
      From worker 4:	
      From worker 4:		num_imitating:			15000565
      From worker 4:		num_not_imitating:		4999435
      From worker 4:		num_strategies_changed:  	426610
      From worker 4:			num_random_strategies: 	15041
      From worker 4:		num_sets_changed: 		996998
      From worker 4:			num_random_opinions: 	16561
      From worker 4:			num_biased_opinions: 	16788
      From worker 4:		num_both_changed: 		55396
      From worker 4:	
      From worker 4:	data processed and exported
      From worker 4:	
      From worker 4:	starting b_1.0_c_0.2_N_40_M_3_K_3_P_2_beta_0.001_u_0.001_v_0.0022360679774997894_p_0.75_ϵ_1.0_gens_20000000_210224-090439.238
      From worker 10:	replicate complete, ran 20000000 generations:
      From worker 10:	
      From worker 10:		num_imitating:			12504590
      From worker 10:		num_not_imitating:		7495410
      From worker 10:		num_strategies_changed:  	349113
      From worker 10:			num_random_strategies: 	12698
      From worker 10:		num_sets_changed: 		4137191
      From worker 10:			num_random_opinions: 	78732
      From worker 10:			num_biased_opinions: 	234196
      From worker 10:		num_both_changed: 		176602
      From worker 10:	
      From worker 10:	data processed and exported
      From worker 10:	
      From worker 10:	starting b_1.0_c_0.2_N_40_M_3_K_3_P_2_beta_0.001_u_0.001_v_0.025_p_1.0_ϵ_1.0_gens_20000000_210224-090439.238
      From worker 8:	replicate complete, ran 20000000 generations:
      From worker 8:	
      From worker 8:		num_imitating:			17500580
      From worker 8:		num_not_imitating:		2499420
      From worker 8:		num_strategies_changed:  	472513
      From worker 8:			num_random_strategies: 	17579
      From worker 8:		num_sets_changed: 		4626693
      From worker 8:			num_random_opinions: 	147249
      From worker 8:			num_biased_opinions: 	48969
      From worker 8:		num_both_changed: 		207178
      From worker 8:	
      From worker 8:	data processed and exported
      From worker 8:	
      From worker 8:	starting b_1.0_c_0.2_N_40_M_3_K_3_P_2_beta_0.001_u_0.001_v_0.011180339887498947_p_0.5_ϵ_1.0_gens_20000000_210224-090439.238
      From worker 7:	replicate complete, ran 20000000 generations:
      From worker 7:	
      From worker 7:		num_imitating:			20000000
      From worker 7:		num_not_imitating:		0
      From worker 7:		num_strategies_changed:  	562163
      From worker 7:			num_random_strategies: 	19927
      From worker 7:		num_sets_changed: 		5419980
      From worker 7:			num_random_opinions: 	223825
      From worker 7:			num_biased_opinions: 	0
      From worker 7:		num_both_changed: 		250560
      From worker 7:	
      From worker 7:	data processed and exported
      From worker 7:	
      From worker 7:	starting b_1.0_c_0.2_N_40_M_3_K_3_P_2_beta_0.001_u_0.001_v_0.011180339887498947_p_0.25_ϵ_1.0_gens_20000000_210224-090439.238
      From worker 9:	replicate complete, ran 20000000 generations:
      From worker 9:	
      From worker 9:		num_imitating:			14999650
      From worker 9:		num_not_imitating:		5000350
      From worker 9:		num_strategies_changed:  	428141
      From worker 9:			num_random_strategies: 	15120
      From worker 9:		num_sets_changed: 		5773801
      From worker 9:			num_random_opinions: 	187343
      From worker 9:			num_biased_opinions: 	188333
      From worker 9:		num_both_changed: 		240487
      From worker 9:	
      From worker 9:	data processed and exported
      From worker 9:	
      From worker 9:	starting b_1.0_c_0.2_N_40_M_3_K_3_P_2_beta_0.001_u_0.001_v_0.025_p_0.75_ϵ_1.0_gens_20000000_210224-090439.238
      From worker 5:	replicate complete, ran 20000000 generations:
      From worker 5:	
      From worker 5:		num_imitating:			9994399
      From worker 5:		num_not_imitating:		10005601
      From worker 5:		num_strategies_changed:  	146219
      From worker 5:			num_random_strategies: 	10003
      From worker 5:		num_sets_changed: 		0
      From worker 5:			num_random_opinions: 	0
      From worker 5:			num_biased_opinions: 	22354
      From worker 5:		num_both_changed: 		0
      From worker 5:	
      From worker 5:	data processed and exported
      From worker 5:	
      From worker 5:	starting b_1.0_c_0.2_N_40_M_3_K_3_P_2_beta_0.001_u_0.001_v_0.005_p_0.0_ϵ_1.0_gens_20000000_210224-090439.238
      From worker 3:	replicate complete, ran 20000000 generations:
      From worker 3:	
      From worker 3:		num_imitating:			15002461
      From worker 3:		num_not_imitating:		4997539
      From worker 3:		num_strategies_changed:  	390473
      From worker 3:			num_random_strategies: 	14936
      From worker 3:		num_sets_changed: 		512676
      From worker 3:			num_random_opinions: 	7403
      From worker 3:			num_biased_opinions: 	7413
      From worker 3:		num_both_changed: 		26273
      From worker 3:	
      From worker 3:	data processed and exported
      From worker 3:	
      From worker 3:	starting b_1.0_c_0.2_N_40_M_3_K_3_P_2_beta_0.001_u_0.001_v_0.001_p_0.75_ϵ_1.0_gens_20000000_210224-090439.238
      From worker 2:	replicate complete, ran 20000000 generations:
      From worker 2:	
      From worker 2:		num_imitating:			17497999
      From worker 2:		num_not_imitating:		2502001
      From worker 2:		num_strategies_changed:  	485501
      From worker 2:			num_random_strategies: 	17735
      From worker 2:		num_sets_changed: 		601762
      From worker 2:			num_random_opinions: 	12940
      From worker 2:			num_biased_opinions: 	4416
      From worker 2:		num_both_changed: 		33006
      From worker 2:	
      From worker 15:	replicate complete, ran 20000000 generations:
      From worker 15:	
      From worker 15:		num_imitating:			12502031
      From worker 15:		num_not_imitating:		7497969
      From worker 15:		num_strategies_changed:  	341925
      From worker 15:			num_random_strategies: 	12443
      From worker 15:		num_sets_changed: 		6876588
      From worker 15:			num_random_opinions: 	874044
      From worker 15:			num_biased_opinions: 	2621405
      From worker 15:		num_both_changed: 		205862
      From worker 15:	
      From worker 2:	data processed and exported
      From worker 2:	
      From worker 2:	starting b_1.0_c_0.2_N_40_M_3_K_3_P_2_beta_0.001_u_0.001_v_0.001_p_0.5_ϵ_1.0_gens_20000000_210224-090439.238
      From worker 15:	data processed and exported
      From worker 15:	
      From worker 15:	starting b_1.0_c_0.2_N_40_M_3_K_3_P_2_beta_0.001_u_0.001_v_0.2795084971874737_p_1.0_ϵ_1.0_gens_20000000_210224-090439.238
      From worker 4:	replicate complete, ran 20000000 generations:
      From worker 4:	
      From worker 4:		num_imitating:			12501448
      From worker 4:		num_not_imitating:		7498552
      From worker 4:		num_strategies_changed:  	333033
      From worker 4:			num_random_strategies: 	12631
      From worker 4:		num_sets_changed: 		707539
      From worker 4:			num_random_opinions: 	6997
      From worker 4:			num_biased_opinions: 	20970
      From worker 4:		num_both_changed: 		35459
      From worker 4:	
      From worker 4:	data processed and exported
      From worker 4:	
      From worker 4:	starting b_1.0_c_0.2_N_40_M_3_K_3_P_2_beta_0.001_u_0.001_v_0.0022360679774997894_p_1.0_ϵ_1.0_gens_20000000_210224-090439.238
      From worker 6:	replicate complete, ran 20000000 generations:
      From worker 6:	
      From worker 6:		num_imitating:			20000000
      From worker 6:		num_not_imitating:		0
      From worker 6:		num_strategies_changed:  	580565
      From worker 6:			num_random_strategies: 	20275
      From worker 6:		num_sets_changed: 		3014194
      From worker 6:			num_random_opinions: 	99944
      From worker 6:			num_biased_opinions: 	0
      From worker 6:		num_both_changed: 		153871
      From worker 6:	
      From worker 6:	data processed and exported
      From worker 6:	
      From worker 6:	starting b_1.0_c_0.2_N_40_M_3_K_3_P_2_beta_0.001_u_0.001_v_0.005_p_0.25_ϵ_1.0_gens_20000000_210224-090439.238
      From worker 10:	replicate complete, ran 20000000 generations:
      From worker 10:	
      From worker 10:		num_imitating:			10000057
      From worker 10:		num_not_imitating:		9999943
      From worker 10:		num_strategies_changed:  	147265
      From worker 10:			num_random_strategies: 	10146
      From worker 10:		num_sets_changed: 		0
      From worker 10:			num_random_opinions: 	0
      From worker 10:			num_biased_opinions: 	250368
      From worker 10:		num_both_changed: 		0
      From worker 10:	
      From worker 10:	data processed and exported
      From worker 10:	
      From worker 10:	starting b_1.0_c_0.2_N_40_M_3_K_3_P_2_beta_0.001_u_0.001_v_0.055901699437494755_p_0.0_ϵ_1.0_gens_20000000_210224-090439.238
      From worker 14:	replicate complete, ran 20000000 generations:
      From worker 14:	
      From worker 14:		num_imitating:			15001588
      From worker 14:		num_not_imitating:		4998412
      From worker 14:		num_strategies_changed:  	420003
      From worker 14:			num_random_strategies: 	14949
      From worker 14:		num_sets_changed: 		10689649
      From worker 14:			num_random_opinions: 	2095239
      From worker 14:			num_biased_opinions: 	2099016
      From worker 14:		num_both_changed: 		319976
      From worker 14:	
      From worker 14:	data processed and exported
      From worker 14:	
      From worker 14:	starting b_1.0_c_0.2_N_40_M_3_K_3_P_2_beta_0.001_u_0.001_v_0.2795084971874737_p_0.75_ϵ_1.0_gens_20000000_210224-090439.238
      From worker 15:	replicate complete, ran 20000000 generations:
      From worker 15:	
      From worker 15:		num_imitating:			10000456
      From worker 15:		num_not_imitating:		9999544
      From worker 15:		num_strategies_changed:  	150939
      From worker 15:			num_random_strategies: 	9989
      From worker 15:		num_sets_changed: 		0
      From worker 15:			num_random_opinions: 	0
      From worker 15:			num_biased_opinions: 	2794942
      From worker 15:		num_both_changed: 		0
      From worker 15:	
      From worker 15:	data processed and exported
      From worker 3:	replicate complete, ran 20000000 generations:
      From worker 3:	
      From worker 3:		num_imitating:			12500943
      From worker 3:		num_not_imitating:		7499057
      From worker 3:		num_strategies_changed:  	324844
      From worker 3:			num_random_strategies: 	12422
      From worker 3:		num_sets_changed: 		371512
      From worker 3:			num_random_opinions: 	3107
      From worker 3:			num_biased_opinions: 	9481
      From worker 3:		num_both_changed: 		14806
      From worker 3:	
      From worker 15:	
      From worker 15:	starting b_1.0_c_0.2_N_40_M_3_K_3_P_2_beta_0.001_u_0.001_v_0.625_p_0.0_ϵ_1.0_gens_20000000_210224-090439.238
      From worker 3:	data processed and exported
      From worker 3:	
      From worker 3:	starting b_1.0_c_0.2_N_40_M_3_K_3_P_2_beta_0.001_u_0.001_v_0.001_p_1.0_ϵ_1.0_gens_20000000_210224-090439.238
      From worker 4:	replicate complete, ran 20000000 generations:
      From worker 4:	
      From worker 4:		num_imitating:			10002456
      From worker 4:		num_not_imitating:		9997544
      From worker 4:		num_strategies_changed:  	146101
      From worker 4:			num_random_strategies: 	10054
      From worker 4:		num_sets_changed: 		0
      From worker 4:			num_random_opinions: 	0
      From worker 4:			num_biased_opinions: 	22326
      From worker 4:		num_both_changed: 		0
      From worker 4:	
      From worker 4:	data processed and exported
      From worker 4:	
      From worker 4:	starting b_1.0_c_0.2_N_40_M_3_K_3_P_2_beta_0.001_u_0.001_v_0.0022360679774997894_p_0.0_ϵ_1.0_gens_20000000_210224-090439.238
      From worker 13:	replicate complete, ran 20000000 generations:
      From worker 13:	
      From worker 13:		num_imitating:			17501248
      From worker 13:		num_not_imitating:		2498752
      From worker 13:		num_strategies_changed:  	481558
      From worker 13:			num_random_strategies: 	17527
      From worker 13:		num_sets_changed: 		12626134
      From worker 13:			num_random_opinions: 	1640788
      From worker 13:			num_biased_opinions: 	546158
      From worker 13:		num_both_changed: 		398610
      From worker 13:	
      From worker 13:	data processed and exported
      From worker 13:	
      From worker 13:	starting b_1.0_c_0.2_N_40_M_3_K_3_P_2_beta_0.001_u_0.001_v_0.125_p_0.5_ϵ_1.0_gens_20000000_210224-090439.238
      From worker 2:	replicate complete, ran 20000000 generations:
      From worker 2:	
      From worker 2:		num_imitating:			15001665
      From worker 2:		num_not_imitating:		4998335
      From worker 2:		num_strategies_changed:  	397671
      From worker 2:			num_random_strategies: 	15100
      From worker 2:		num_sets_changed: 		535134
      From worker 2:			num_random_opinions: 	7641
      From worker 2:			num_biased_opinions: 	7526
      From worker 2:		num_both_changed: 		23982
      From worker 2:	
      From worker 2:	data processed and exported
      From worker 2:	
      From worker 2:	starting b_1.0_c_0.2_N_40_M_3_K_3_P_2_beta_0.001_u_0.001_v_0.001_p_0.75_ϵ_1.0_gens_20000000_210224-090439.238
      From worker 8:	replicate complete, ran 20000000 generations:
      From worker 8:	
      From worker 8:		num_imitating:			15001888
      From worker 8:		num_not_imitating:		4998112
      From worker 8:		num_strategies_changed:  	425659
      From worker 8:			num_random_strategies: 	15133
      From worker 8:		num_sets_changed: 		3619483
      From worker 8:			num_random_opinions: 	83925
      From worker 8:			num_biased_opinions: 	84180
      From worker 8:		num_both_changed: 		174335
      From worker 8:	
      From worker 8:	data processed and exported
      From worker 8:	
      From worker 8:	starting b_1.0_c_0.2_N_40_M_3_K_3_P_2_beta_0.001_u_0.001_v_0.011180339887498947_p_0.75_ϵ_1.0_gens_20000000_210224-090439.238
      From worker 5:	replicate complete, ran 20000000 generations:
      From worker 5:	
      From worker 5:		num_imitating:			20000000
      From worker 5:		num_not_imitating:		0
      From worker 5:		num_strategies_changed:  	564508
      From worker 5:			num_random_strategies: 	20131
      From worker 5:		num_sets_changed: 		2988759
      From worker 5:			num_random_opinions: 	100087
      From worker 5:			num_biased_opinions: 	0
      From worker 5:		num_both_changed: 		148741
      From worker 5:	
      From worker 5:	data processed and exported
      From worker 5:	
      From worker 5:	starting b_1.0_c_0.2_N_40_M_3_K_3_P_2_beta_0.001_u_0.001_v_0.005_p_0.25_ϵ_1.0_gens_20000000_210224-090439.238
      From worker 12:	replicate complete, ran 20000000 generations:
      From worker 12:	
      From worker 12:		num_imitating:			20000000
      From worker 12:		num_not_imitating:		0
      From worker 12:		num_strategies_changed:  	536753
      From worker 12:			num_random_strategies: 	20175
      From worker 12:		num_sets_changed: 		14872550
      From worker 12:			num_random_opinions: 	2498410
      From worker 12:			num_biased_opinions: 	0
      From worker 12:		num_both_changed: 		455512
      From worker 12:	
      From worker 12:	data processed and exported
      From worker 12:	
      From worker 12:	starting b_1.0_c_0.2_N_40_M_3_K_3_P_2_beta_0.001_u_0.001_v_0.125_p_0.25_ϵ_1.0_gens_20000000_210224-090439.238
      From worker 7:	replicate complete, ran 20000000 generations:
      From worker 7:	
      From worker 7:		num_imitating:			17498284
      From worker 7:		num_not_imitating:		2501716
      From worker 7:		num_strategies_changed:  	485317
      From worker 7:			num_random_strategies: 	17320
      From worker 7:		num_sets_changed: 		4626786
      From worker 7:			num_random_opinions: 	147204
      From worker 7:			num_biased_opinions: 	48796
      From worker 7:		num_both_changed: 		212051
      From worker 7:	
      From worker 7:	data processed and exported
      From worker 7:	
      From worker 7:	starting b_1.0_c_0.2_N_40_M_3_K_3_P_2_beta_0.001_u_0.001_v_0.011180339887498947_p_0.5_ϵ_1.0_gens_20000000_210224-090439.238
      From worker 9:	replicate complete, ran 20000000 generations:
      From worker 9:	
      From worker 9:		num_imitating:			12500305
      From worker 9:		num_not_imitating:		7499695
      From worker 9:		num_strategies_changed:  	368901
      From worker 9:			num_random_strategies: 	12623
      From worker 9:		num_sets_changed: 		4033512
      From worker 9:			num_random_opinions: 	78016
      From worker 9:			num_biased_opinions: 	234776
      From worker 9:		num_both_changed: 		182350
      From worker 9:	
      From worker 9:	data processed and exported
      From worker 9:	
      From worker 9:	starting b_1.0_c_0.2_N_40_M_3_K_3_P_2_beta_0.001_u_0.001_v_0.025_p_1.0_ϵ_1.0_gens_20000000_210224-090439.238
      From worker 6:	replicate complete, ran 20000000 generations:
      From worker 6:	
      From worker 6:		num_imitating:			17501943
      From worker 6:		num_not_imitating:		2498057
      From worker 6:		num_strategies_changed:  	481568
      From worker 6:			num_random_strategies: 	17464
      From worker 6:		num_sets_changed: 		2649423
      From worker 6:			num_random_opinions: 	65681
      From worker 6:			num_biased_opinions: 	21899
      From worker 6:		num_both_changed: 		122564
      From worker 6:	
      From worker 6:	data processed and exported
      From worker 6:	
      From worker 6:	starting b_1.0_c_0.2_N_40_M_3_K_3_P_2_beta_0.001_u_0.001_v_0.005_p_0.5_ϵ_1.0_gens_20000000_210224-090439.238
      From worker 3:	replicate complete, ran 20000000 generations:
      From worker 3:	
      From worker 3:		num_imitating:			9999603
      From worker 3:		num_not_imitating:		10000397
      From worker 3:		num_strategies_changed:  	147161
      From worker 3:			num_random_strategies: 	9883
      From worker 3:		num_sets_changed: 		0
      From worker 3:			num_random_opinions: 	0
      From worker 3:			num_biased_opinions: 	10015
      From worker 3:		num_both_changed: 		0
      From worker 3:	
      From worker 3:	data processed and exported
      From worker 3:	
      From worker 3:	starting b_1.0_c_0.2_N_40_M_3_K_3_P_2_beta_0.001_u_0.001_v_0.0022360679774997894_p_0.0_ϵ_1.0_gens_20000000_210224-090439.238
      From worker 11:	replicate complete, ran 20000000 generations:
      From worker 11:	
      From worker 11:		num_imitating:			20000000
      From worker 11:		num_not_imitating:		0
      From worker 11:		num_strategies_changed:  	563783
      From worker 11:			num_random_strategies: 	19924
      From worker 11:		num_sets_changed: 		12278183
      From worker 11:			num_random_opinions: 	1118010
      From worker 11:			num_biased_opinions: 	0
      From worker 11:		num_both_changed: 		446009
      From worker 11:	
      From worker 11:	data processed and exported
      From worker 11:	
      From worker 11:	starting b_1.0_c_0.2_N_40_M_3_K_3_P_2_beta_0.001_u_0.001_v_0.055901699437494755_p_0.25_ϵ_1.0_gens_20000000_210224-090439.238
      From worker 2:	replicate complete, ran 20000000 generations:
      From worker 2:	
      From worker 2:		num_imitating:			12497045
      From worker 2:		num_not_imitating:		7502955
      From worker 2:		num_strategies_changed:  	352259
      From worker 2:			num_random_strategies: 	12565
      From worker 2:		num_sets_changed: 		338245
      From worker 2:			num_random_opinions: 	3151
      From worker 2:			num_biased_opinions: 	9264
      From worker 2:		num_both_changed: 		20642
      From worker 2:	
      From worker 2:	data processed and exported
      From worker 2:	
      From worker 2:	starting b_1.0_c_0.2_N_40_M_3_K_3_P_2_beta_0.001_u_0.001_v_0.001_p_1.0_ϵ_1.0_gens_20000000_210224-090439.238
      From worker 4:	replicate complete, ran 20000000 generations:
      From worker 4:	
      From worker 4:		num_imitating:			20000000
      From worker 4:		num_not_imitating:		0
      From worker 4:		num_strategies_changed:  	566390
      From worker 4:			num_random_strategies: 	20060
      From worker 4:		num_sets_changed: 		1538647
      From worker 4:			num_random_opinions: 	44767
      From worker 4:			num_biased_opinions: 	0
      From worker 4:		num_both_changed: 		78368
      From worker 4:	
      From worker 4:	data processed and exported
      From worker 4:	
      From worker 4:	starting b_1.0_c_0.2_N_40_M_3_K_3_P_2_beta_0.001_u_0.001_v_0.0022360679774997894_p_0.25_ϵ_1.0_gens_20000000_210224-090439.238
      From worker 9:	replicate complete, ran 20000000 generations:
      From worker 9:	
      From worker 9:		num_imitating:			10004545
      From worker 9:		num_not_imitating:		9995455
      From worker 9:		num_strategies_changed:  	143710
      From worker 9:			num_random_strategies: 	9955
      From worker 9:		num_sets_changed: 		0
      From worker 9:			num_random_opinions: 	0
      From worker 9:			num_biased_opinions: 	250699
      From worker 9:		num_both_changed: 		0
      From worker 9:	
      From worker 9:	data processed and exported
      From worker 9:	
      From worker 9:	starting b_1.0_c_0.2_N_40_M_3_K_3_P_2_beta_0.001_u_0.001_v_0.025_p_0.0_ϵ_1.0_gens_20000000_210224-090439.238
      From worker 8:	replicate complete, ran 20000000 generations:
      From worker 8:	
      From worker 8:		num_imitating:			12497935
      From worker 8:		num_not_imitating:		7502065
      From worker 8:		num_strategies_changed:  	356902
      From worker 8:			num_random_strategies: 	12693
      From worker 8:		num_sets_changed: 		2603166
      From worker 8:			num_random_opinions: 	34799
      From worker 8:			num_biased_opinions: 	105358
      From worker 8:		num_both_changed: 		128284
      From worker 8:	
      From worker 8:	data processed and exported
      From worker 8:	
      From worker 8:	starting b_1.0_c_0.2_N_40_M_3_K_3_P_2_beta_0.001_u_0.001_v_0.011180339887498947_p_1.0_ϵ_1.0_gens_20000000_210224-090439.238
      From worker 5:	replicate complete, ran 20000000 generations:
      From worker 5:	
      From worker 5:		num_imitating:			17500902
      From worker 5:		num_not_imitating:		2499098
      From worker 5:		num_strategies_changed:  	484930
      From worker 5:			num_random_strategies: 	17535
      From worker 5:		num_sets_changed: 		2672817
      From worker 5:			num_random_opinions: 	65823
      From worker 5:			num_biased_opinions: 	21946
      From worker 5:		num_both_changed: 		123862
      From worker 5:	
      From worker 5:	data processed and exported
      From worker 5:	
      From worker 5:	starting b_1.0_c_0.2_N_40_M_3_K_3_P_2_beta_0.001_u_0.001_v_0.005_p_0.5_ϵ_1.0_gens_20000000_210224-090439.238
      From worker 16:	replicate complete, ran 20000000 generations:
      From worker 16:	
      From worker 16:		num_imitating:			20000000
      From worker 16:		num_not_imitating:		0
      From worker 16:		num_strategies_changed:  	552656
      From worker 16:			num_random_strategies: 	19859
      From worker 16:		num_sets_changed: 		17242066
      From worker 16:			num_random_opinions: 	12501104
      From worker 16:			num_biased_opinions: 	0
      From worker 16:		num_both_changed: 		483022
      From worker 16:	
      From worker 14:	replicate complete, ran 20000000 generations:
      From worker 14:	
      From worker 14:		num_imitating:			12498867
      From worker 14:		num_not_imitating:		7501133
      From worker 14:		num_strategies_changed:  	351182
      From worker 14:			num_random_strategies: 	12348
      From worker 14:		num_sets_changed: 		6872157
      From worker 14:			num_random_opinions: 	873343
      From worker 14:			num_biased_opinions: 	2619023
      From worker 14:		num_both_changed: 		210610
      From worker 14:	
      From worker 16:	data processed and exported
      From worker 16:	
      From worker 16:	starting b_1.0_c_0.2_N_40_M_3_K_3_P_2_beta_0.001_u_0.001_v_0.625_p_0.25_ϵ_1.0_gens_20000000_210224-090439.238
      From worker 14:	data processed and exported
      From worker 14:	
      From worker 14:	starting b_1.0_c_0.2_N_40_M_3_K_3_P_2_beta_0.001_u_0.001_v_0.2795084971874737_p_1.0_ϵ_1.0_gens_20000000_210224-090439.238
      From worker 6:	replicate complete, ran 20000000 generations:
      From worker 6:	
      From worker 6:		num_imitating:			14999324
      From worker 6:		num_not_imitating:		5000676
      From worker 6:		num_strategies_changed:  	416049
      From worker 6:			num_random_strategies: 	15017
      From worker 6:		num_sets_changed: 		1988201
      From worker 6:			num_random_opinions: 	37068
      From worker 6:			num_biased_opinions: 	37530
      From worker 6:		num_both_changed: 		91234
      From worker 6:	
      From worker 6:	data processed and exported
      From worker 6:	
      From worker 6:	starting b_1.0_c_0.2_N_40_M_3_K_3_P_2_beta_0.001_u_0.001_v_0.005_p_0.75_ϵ_1.0_gens_20000000_210224-090439.238
      From worker 2:	replicate complete, ran 20000000 generations:
      From worker 2:	
      From worker 2:		num_imitating:			10000795
      From worker 2:		num_not_imitating:		9999205
      From worker 2:		num_strategies_changed:  	144222
      From worker 2:			num_random_strategies: 	10097
      From worker 2:		num_sets_changed: 		0
      From worker 2:			num_random_opinions: 	0
      From worker 2:			num_biased_opinions: 	10058
      From worker 2:		num_both_changed: 		0
      From worker 2:	
      From worker 2:	data processed and exported
      From worker 2:	
      From worker 2:	starting b_1.0_c_0.2_N_40_M_3_K_3_P_2_beta_0.001_u_0.001_v_0.001_p_0.0_ϵ_1.0_gens_20000000_210224-090439.238
      From worker 3:	replicate complete, ran 20000000 generations:
      From worker 3:	
      From worker 3:		num_imitating:			20000000
      From worker 3:		num_not_imitating:		0
      From worker 3:		num_strategies_changed:  	580839
      From worker 3:			num_random_strategies: 	20055
      From worker 3:		num_sets_changed: 		1509844
      From worker 3:			num_random_opinions: 	44795
      From worker 3:			num_biased_opinions: 	0
      From worker 3:		num_both_changed: 		86997
      From worker 3:	
      From worker 7:	replicate complete, ran 20000000 generations:
      From worker 7:	
      From worker 7:		num_imitating:			14998959
      From worker 7:		num_not_imitating:		5001041
      From worker 7:		num_strategies_changed:  	456055
      From worker 7:			num_random_strategies: 	14969
      From worker 7:		num_sets_changed: 		3656265
      From worker 7:			num_random_opinions: 	84297
      From worker 7:			num_biased_opinions: 	83274
      From worker 7:		num_both_changed: 		184138
      From worker 7:	
      From worker 3:	data processed and exported
      From worker 3:	
      From worker 3:	starting b_1.0_c_0.2_N_40_M_3_K_3_P_2_beta_0.001_u_0.001_v_0.0022360679774997894_p_0.25_ϵ_1.0_gens_20000000_210224-090439.238
      From worker 7:	data processed and exported
      From worker 7:	
      From worker 7:	starting b_1.0_c_0.2_N_40_M_3_K_3_P_2_beta_0.001_u_0.001_v_0.011180339887498947_p_0.75_ϵ_1.0_gens_20000000_210224-090439.238
      From worker 4:	replicate complete, ran 20000000 generations:
      From worker 4:	
      From worker 4:		num_imitating:			17499894
      From worker 4:		num_not_imitating:		2500106
      From worker 4:		num_strategies_changed:  	479743
      From worker 4:			num_random_strategies: 	17559
      From worker 4:		num_sets_changed: 		1297513
      From worker 4:			num_random_opinions: 	29223
      From worker 4:			num_biased_opinions: 	9861
      From worker 4:		num_both_changed: 		64452
      From worker 4:	
      From worker 4:	data processed and exported
      From worker 4:	
      From worker 4:	starting b_1.0_c_0.2_N_40_M_3_K_3_P_2_beta_0.001_u_0.001_v_0.0022360679774997894_p_0.5_ϵ_1.0_gens_20000000_210224-090439.238
      From worker 8:	replicate complete, ran 20000000 generations:
      From worker 8:	
      From worker 8:		num_imitating:			9998902
      From worker 8:		num_not_imitating:		10001098
      From worker 8:		num_strategies_changed:  	155745
      From worker 8:			num_random_strategies: 	9977
      From worker 8:		num_sets_changed: 		0
      From worker 8:			num_random_opinions: 	0
      From worker 8:			num_biased_opinions: 	111393
      From worker 8:		num_both_changed: 		0
      From worker 8:	
      From worker 8:	data processed and exported
      From worker 8:	
      From worker 8:	starting b_1.0_c_0.2_N_40_M_3_K_3_P_2_beta_0.001_u_0.001_v_0.025_p_0.0_ϵ_1.0_gens_20000000_210224-090439.238
      From worker 10:	replicate complete, ran 20000000 generations:
      From worker 10:	
      From worker 10:		num_imitating:			20000000
      From worker 10:		num_not_imitating:		0
      From worker 10:		num_strategies_changed:  	567454
      From worker 10:			num_random_strategies: 	20247
      From worker 10:		num_sets_changed: 		12264636
      From worker 10:			num_random_opinions: 	1118512
      From worker 10:			num_biased_opinions: 	0
      From worker 10:		num_both_changed: 		450027
      From worker 10:	
      From worker 10:	data processed and exported
      From worker 10:	
      From worker 10:	starting b_1.0_c_0.2_N_40_M_3_K_3_P_2_beta_0.001_u_0.001_v_0.055901699437494755_p_0.25_ϵ_1.0_gens_20000000_210224-090439.238
      From worker 13:	replicate complete, ran 20000000 generations:
      From worker 13:	
      From worker 13:		num_imitating:			14998824
      From worker 13:		num_not_imitating:		5001176
      From worker 13:		num_strategies_changed:  	422580
      From worker 13:			num_random_strategies: 	14964
      From worker 13:		num_sets_changed: 		9834327
      From worker 13:			num_random_opinions: 	936992
      From worker 13:			num_biased_opinions: 	937428
      From worker 13:		num_both_changed: 		320746
      From worker 13:	
      From worker 13:	data processed and exported
      From worker 13:	
      From worker 13:	starting b_1.0_c_0.2_N_40_M_3_K_3_P_2_beta_0.001_u_0.001_v_0.125_p_0.75_ϵ_1.0_gens_20000000_210224-090439.238
      From worker 14:	replicate complete, ran 20000000 generations:
      From worker 14:	
      From worker 14:		num_imitating:			9998949
      From worker 14:		num_not_imitating:		10001051
      From worker 14:		num_strategies_changed:  	147638
      From worker 14:			num_random_strategies: 	9984
      From worker 14:		num_sets_changed: 		0
      From worker 14:			num_random_opinions: 	0
      From worker 14:			num_biased_opinions: 	2794359
      From worker 14:		num_both_changed: 		0
      From worker 14:	
      From worker 14:	data processed and exported
      From worker 14:	
      From worker 14:	starting b_1.0_c_0.2_N_40_M_3_K_3_P_2_beta_0.001_u_0.001_v_0.2795084971874737_p_0.0_ϵ_1.0_gens_20000000_210224-090439.238
      From worker 5:	replicate complete, ran 20000000 generations:
      From worker 5:	
      From worker 5:		num_imitating:			14999454
      From worker 5:		num_not_imitating:		5000546
      From worker 5:		num_strategies_changed:  	434233
      From worker 5:			num_random_strategies: 	15061
      From worker 5:		num_sets_changed: 		2031739
      From worker 5:			num_random_opinions: 	37604
      From worker 5:			num_biased_opinions: 	37641
      From worker 5:		num_both_changed: 		98660
      From worker 5:	
      From worker 5:	data processed and exported
      From worker 5:	
      From worker 5:	starting b_1.0_c_0.2_N_40_M_3_K_3_P_2_beta_0.001_u_0.001_v_0.005_p_0.75_ϵ_1.0_gens_20000000_210224-090439.238
      From worker 2:	replicate complete, ran 20000000 generations:
      From worker 2:	
      From worker 2:		num_imitating:			20000000
      From worker 2:		num_not_imitating:		0
      From worker 2:		num_strategies_changed:  	551116
      From worker 2:			num_random_strategies: 	19861
      From worker 2:		num_sets_changed: 		742141
      From worker 2:			num_random_opinions: 	19802
      From worker 2:			num_biased_opinions: 	0
      From worker 2:		num_both_changed: 		41024
      From worker 2:	
      From worker 2:	data processed and exported
      From worker 6:	replicate complete, ran 20000000 generations:
      From worker 6:	
      From worker 6:		num_imitating:			12500340
      From worker 6:		num_not_imitating:		7499660
      From worker 6:		num_strategies_changed:  	353266
      From worker 6:			num_random_strategies: 	12802
      From worker 6:		num_sets_changed: 		1376382
      From worker 6:			num_random_opinions: 	15774
      From worker 6:			num_biased_opinions: 	46990
      From worker 6:		num_both_changed: 		67434
      From worker 6:	
      From worker 6:	data processed and exported
      From worker 6:	
      From worker 6:	starting b_1.0_c_0.2_N_40_M_3_K_3_P_2_beta_0.001_u_0.001_v_0.005_p_1.0_ϵ_1.0_gens_20000000_210224-090439.238
      From worker 3:	replicate complete, ran 20000000 generations:
      From worker 3:	
      From worker 3:		num_imitating:			17501106
      From worker 3:		num_not_imitating:		2498894
      From worker 3:		num_strategies_changed:  	518895
      From worker 3:			num_random_strategies: 	17577
      From worker 3:		num_sets_changed: 		1322066
      From worker 3:			num_random_opinions: 	29418
      From worker 3:			num_biased_opinions: 	9942
      From worker 3:		num_both_changed: 		73113
      From worker 3:	
      From worker 3:	data processed and exported
      From worker 7:	replicate complete, ran 20000000 generations:
      From worker 7:	
      From worker 7:		num_imitating:			12497524
      From worker 7:		num_not_imitating:		7502476
      From worker 7:		num_strategies_changed:  	356422
      From worker 7:			num_random_strategies: 	12503
      From worker 7:		num_sets_changed: 		2542417
      From worker 7:			num_random_opinions: 	34741
      From worker 7:			num_biased_opinions: 	105076
      From worker 7:		num_both_changed: 		125144
      From worker 7:	
      From worker 7:	data processed and exported
      From worker 7:	
      From worker 7:	starting b_1.0_c_0.2_N_40_M_3_K_3_P_2_beta_0.001_u_0.001_v_0.011180339887498947_p_1.0_ϵ_1.0_gens_20000000_210224-090439.238
      From worker 4:	replicate complete, ran 20000000 generations:
      From worker 4:	
      From worker 4:		num_imitating:			15001901
      From worker 4:		num_not_imitating:		4998099
      From worker 4:		num_strategies_changed:  	426362
      From worker 4:			num_random_strategies: 	15124
      From worker 4:		num_sets_changed: 		1078228
      From worker 4:			num_random_opinions: 	16714
      From worker 4:			num_biased_opinions: 	16754
      From worker 4:		num_both_changed: 		61281
      From worker 4:	
      From worker 4:	data processed and exported
      From worker 12:	replicate complete, ran 20000000 generations:
      From worker 12:	
      From worker 12:		num_imitating:			17498645
      From worker 12:		num_not_imitating:		2501355
      From worker 12:		num_strategies_changed:  	509640
      From worker 12:			num_random_strategies: 	17356
      From worker 12:		num_sets_changed: 		12619704
      From worker 12:			num_random_opinions: 	1639812
      From worker 12:			num_biased_opinions: 	547471
      From worker 12:		num_both_changed: 		423025
      From worker 12:	
      From worker 12:	data processed and exported
      From worker 12:	
      From worker 12:	starting b_1.0_c_0.2_N_40_M_3_K_3_P_2_beta_0.001_u_0.001_v_0.125_p_0.5_ϵ_1.0_gens_20000000_210224-090439.238
      From worker 11:	replicate complete, ran 20000000 generations:
      From worker 11:	
      From worker 11:		num_imitating:			17500362
      From worker 11:		num_not_imitating:		2499638
      From worker 11:		num_strategies_changed:  	501845
      From worker 11:			num_random_strategies: 	17464
      From worker 11:		num_sets_changed: 		10385573
      From worker 11:			num_random_opinions: 	734701
      From worker 11:			num_biased_opinions: 	245232
      From worker 11:		num_both_changed: 		384312
      From worker 11:	
      From worker 11:	data processed and exported
      From worker 11:	
      From worker 11:	starting b_1.0_c_0.2_N_40_M_3_K_3_P_2_beta_0.001_u_0.001_v_0.055901699437494755_p_0.5_ϵ_1.0_gens_20000000_210224-090439.238
      From worker 9:	replicate complete, ran 20000000 generations:
      From worker 9:	
      From worker 9:		num_imitating:			20000000
      From worker 9:		num_not_imitating:		0
      From worker 9:		num_strategies_changed:  	572427
      From worker 9:			num_random_strategies: 	19903
      From worker 9:		num_sets_changed: 		8802139
      From worker 9:			num_random_opinions: 	499712
      From worker 9:			num_biased_opinions: 	0
      From worker 9:		num_both_changed: 		370820
      From worker 9:	
      From worker 9:	data processed and exported
      From worker 9:	
      From worker 9:	starting b_1.0_c_0.2_N_40_M_3_K_3_P_2_beta_0.001_u_0.001_v_0.025_p_0.25_ϵ_1.0_gens_20000000_210224-090439.238
      From worker 15:	replicate complete, ran 20000000 generations:
      From worker 15:	
      From worker 15:		num_imitating:			20000000
      From worker 15:		num_not_imitating:		0
      From worker 15:		num_strategies_changed:  	555953
      From worker 15:			num_random_strategies: 	19913
      From worker 15:		num_sets_changed: 		17243834
      From worker 15:			num_random_opinions: 	12499127
      From worker 15:			num_biased_opinions: 	0
      From worker 15:		num_both_changed: 		486520
      From worker 15:	
      From worker 15:	data processed and exported
      From worker 15:	
      From worker 15:	starting b_1.0_c_0.2_N_40_M_3_K_3_P_2_beta_0.001_u_0.001_v_0.625_p_0.25_ϵ_1.0_gens_20000000_210224-090439.238
      From worker 6:	replicate complete, ran 20000000 generations:
      From worker 6:	
      From worker 6:		num_imitating:			10003365
      From worker 6:		num_not_imitating:		9996635
      From worker 6:		num_strategies_changed:  	146218
      From worker 6:			num_random_strategies: 	9984
      From worker 6:		num_sets_changed: 		0
      From worker 6:			num_random_opinions: 	0
      From worker 6:			num_biased_opinions: 	50320
      From worker 6:		num_both_changed: 		0
      From worker 6:	
      From worker 6:	data processed and exported
      From worker 5:	replicate complete, ran 20000000 generations:
      From worker 5:	
      From worker 5:		num_imitating:			12499613
      From worker 5:		num_not_imitating:		7500387
      From worker 5:		num_strategies_changed:  	350733
      From worker 5:			num_random_strategies: 	12528
      From worker 5:		num_sets_changed: 		1476321
      From worker 5:			num_random_opinions: 	15555
      From worker 5:			num_biased_opinions: 	47287
      From worker 5:		num_both_changed: 		77341
      From worker 5:	
      From worker 5:	data processed and exported
      From worker 7:	replicate complete, ran 20000000 generations:
      From worker 7:	
      From worker 7:		num_imitating:			10002853
      From worker 7:		num_not_imitating:		9997147
      From worker 7:		num_strategies_changed:  	148761
      From worker 7:			num_random_strategies: 	10046
      From worker 7:		num_sets_changed: 		0
      From worker 7:			num_random_opinions: 	0
      From worker 7:			num_biased_opinions: 	111375
      From worker 7:		num_both_changed: 		0
      From worker 7:	
      From worker 7:	data processed and exported
      From worker 7:	
      From worker 7:	starting b_1.0_c_0.2_N_40_M_3_K_3_P_2_beta_0.001_u_0.001_v_0.011180339887498947_p_0.0_ϵ_1.0_gens_20000000_210224-090439.238
      From worker 13:	replicate complete, ran 20000000 generations:
      From worker 13:	
      From worker 13:		num_imitating:			12497477
      From worker 13:		num_not_imitating:		7502523
      From worker 13:		num_strategies_changed:  	340945
      From worker 13:			num_random_strategies: 	12505
      From worker 13:		num_sets_changed: 		6678189
      From worker 13:			num_random_opinions: 	389851
      From worker 13:			num_biased_opinions: 	1170882
      From worker 13:		num_both_changed: 		215224
      From worker 13:	
      From worker 13:	data processed and exported
      From worker 13:	
      From worker 13:	starting b_1.0_c_0.2_N_40_M_3_K_3_P_2_beta_0.001_u_0.001_v_0.125_p_1.0_ϵ_1.0_gens_20000000_210224-090439.238
      From worker 8:	replicate complete, ran 20000000 generations:
      From worker 8:	
      From worker 8:		num_imitating:			20000000
      From worker 8:		num_not_imitating:		0
      From worker 8:		num_strategies_changed:  	557878
      From worker 8:			num_random_strategies: 	20096
      From worker 8:		num_sets_changed: 		8751979
      From worker 8:			num_random_opinions: 	501044
      From worker 8:			num_biased_opinions: 	0
      From worker 8:		num_both_changed: 		352345
      From worker 8:	
      From worker 8:	data processed and exported
      From worker 8:	
      From worker 8:	starting b_1.0_c_0.2_N_40_M_3_K_3_P_2_beta_0.001_u_0.001_v_0.025_p_0.25_ϵ_1.0_gens_20000000_210224-090439.238
      From worker 16:	replicate complete, ran 20000000 generations:
      From worker 16:	
      From worker 16:		num_imitating:			17499368
      From worker 16:		num_not_imitating:		2500632
      From worker 16:		num_strategies_changed:  	495473
      From worker 16:			num_random_strategies: 	17463
      From worker 16:		num_sets_changed: 		14425492
      From worker 16:			num_random_opinions: 	8203070
      From worker 16:			num_biased_opinions: 	2735738
      From worker 16:		num_both_changed: 		414644
      From worker 16:	
      From worker 16:	data processed and exported
      From worker 16:	
      From worker 16:	starting b_1.0_c_0.2_N_40_M_3_K_3_P_2_beta_0.001_u_0.001_v_0.625_p_0.5_ϵ_1.0_gens_20000000_210224-090439.238
      From worker 10:	replicate complete, ran 20000000 generations:
      From worker 10:	
      From worker 10:		num_imitating:			17499598
      From worker 10:		num_not_imitating:		2500402
      From worker 10:		num_strategies_changed:  	477601
      From worker 10:			num_random_strategies: 	17386
      From worker 10:		num_sets_changed: 		10372490
      From worker 10:			num_random_opinions: 	732064
      From worker 10:			num_biased_opinions: 	244342
      From worker 10:		num_both_changed: 		365545
      From worker 10:	
      From worker 10:	data processed and exported
      From worker 10:	
      From worker 10:	starting b_1.0_c_0.2_N_40_M_3_K_3_P_2_beta_0.001_u_0.001_v_0.055901699437494755_p_0.5_ϵ_1.0_gens_20000000_210224-090439.238
      From worker 13:	replicate complete, ran 20000000 generations:
      From worker 13:	
      From worker 13:		num_imitating:			9998953
      From worker 13:		num_not_imitating:		10001047
      From worker 13:		num_strategies_changed:  	140838
      From worker 13:			num_random_strategies: 	10029
      From worker 13:		num_sets_changed: 		0
      From worker 13:			num_random_opinions: 	0
      From worker 13:			num_biased_opinions: 	1250422
      From worker 13:		num_both_changed: 		0
      From worker 13:	
      From worker 13:	data processed and exported
      From worker 13:	
      From worker 13:	starting b_1.0_c_0.2_N_40_M_3_K_3_P_2_beta_0.001_u_0.001_v_0.2795084971874737_p_0.0_ϵ_1.0_gens_20000000_210224-090439.238
      From worker 11:	replicate complete, ran 20000000 generations:
      From worker 11:	
      From worker 11:		num_imitating:			14999504
      From worker 11:		num_not_imitating:		5000496
      From worker 11:		num_strategies_changed:  	436079
      From worker 11:			num_random_strategies: 	14967
      From worker 11:		num_sets_changed: 		8121230
      From worker 11:			num_random_opinions: 	420070
      From worker 11:			num_biased_opinions: 	418492
      From worker 11:		num_both_changed: 		305266
      From worker 11:	
      From worker 11:	data processed and exported
      From worker 11:	
      From worker 11:	starting b_1.0_c_0.2_N_40_M_3_K_3_P_2_beta_0.001_u_0.001_v_0.055901699437494755_p_0.75_ϵ_1.0_gens_20000000_210224-090439.238
      From worker 9:	replicate complete, ran 20000000 generations:
      From worker 9:	
      From worker 9:		num_imitating:			17501520
      From worker 9:		num_not_imitating:		2498480
      From worker 9:		num_strategies_changed:  	490115
      From worker 9:			num_random_strategies: 	17566
      From worker 9:		num_sets_changed: 		7563264
      From worker 9:			num_random_opinions: 	327785
      From worker 9:			num_biased_opinions: 	109430
      From worker 9:		num_both_changed: 		311211
      From worker 9:	
      From worker 9:	data processed and exported
      From worker 9:	
      From worker 9:	starting b_1.0_c_0.2_N_40_M_3_K_3_P_2_beta_0.001_u_0.001_v_0.025_p_0.5_ϵ_1.0_gens_20000000_210224-090439.238
      From worker 7:	replicate complete, ran 20000000 generations:
      From worker 7:	
      From worker 7:		num_imitating:			20000000
      From worker 7:		num_not_imitating:		0
      From worker 7:		num_strategies_changed:  	561203
      From worker 7:			num_random_strategies: 	19695
      From worker 7:		num_sets_changed: 		5450077
      From worker 7:			num_random_opinions: 	222752
      From worker 7:			num_biased_opinions: 	0
      From worker 7:		num_both_changed: 		249353
      From worker 7:	
      From worker 7:	data processed and exported
      From worker 12:	replicate complete, ran 20000000 generations:
      From worker 12:	
      From worker 12:		num_imitating:			15000529
      From worker 12:		num_not_imitating:		4999471
      From worker 12:		num_strategies_changed:  	424271
      From worker 12:			num_random_strategies: 	14907
      From worker 12:		num_sets_changed: 		9836498
      From worker 12:			num_random_opinions: 	937369
      From worker 12:			num_biased_opinions: 	937315
      From worker 12:		num_both_changed: 		322105
      From worker 12:	
      From worker 12:	data processed and exported
      From worker 12:	
      From worker 12:	starting b_1.0_c_0.2_N_40_M_3_K_3_P_2_beta_0.001_u_0.001_v_0.125_p_0.75_ϵ_1.0_gens_20000000_210224-090439.238
      From worker 14:	replicate complete, ran 20000000 generations:
      From worker 14:	
      From worker 14:		num_imitating:			20000000
      From worker 14:		num_not_imitating:		0
      From worker 14:		num_strategies_changed:  	554899
      From worker 14:			num_random_strategies: 	20121
      From worker 14:		num_sets_changed: 		16441160
      From worker 14:			num_random_opinions: 	5592767
      From worker 14:			num_biased_opinions: 	0
      From worker 14:		num_both_changed: 		482923
      From worker 14:	
      From worker 14:	data processed and exported
      From worker 14:	
      From worker 14:	starting b_1.0_c_0.2_N_40_M_3_K_3_P_2_beta_0.001_u_0.001_v_0.2795084971874737_p_0.25_ϵ_1.0_gens_20000000_210224-090439.238
      From worker 8:	replicate complete, ran 20000000 generations:
      From worker 8:	
      From worker 8:		num_imitating:			17502580
      From worker 8:		num_not_imitating:		2497420
      From worker 8:		num_strategies_changed:  	458384
      From worker 8:			num_random_strategies: 	17339
      From worker 8:		num_sets_changed: 		7541314
      From worker 8:			num_random_opinions: 	327342
      From worker 8:			num_biased_opinions: 	109231
      From worker 8:		num_both_changed: 		289315
      From worker 8:	
      From worker 8:	data processed and exported
      From worker 15:	replicate complete, ran 20000000 generations:
      From worker 15:	
      From worker 15:		num_imitating:			17498115
      From worker 15:		num_not_imitating:		2501885
      From worker 15:		num_strategies_changed:  	486052
      From worker 15:			num_random_strategies: 	17481
      From worker 15:		num_sets_changed: 		14424019
      From worker 15:			num_random_opinions: 	8202085
      From worker 15:			num_biased_opinions: 	2733917
      From worker 15:		num_both_changed: 		407258
      From worker 15:	
      From worker 15:	data processed and exported
      From worker 15:	
      From worker 15:	starting b_1.0_c_0.2_N_40_M_3_K_3_P_2_beta_0.001_u_0.001_v_0.625_p_0.5_ϵ_1.0_gens_20000000_210224-090439.238
      From worker 10:	replicate complete, ran 20000000 generations:
      From worker 10:	
      From worker 10:		num_imitating:			15004488
      From worker 10:		num_not_imitating:		4995512
      From worker 10:		num_strategies_changed:  	424926
      From worker 10:			num_random_strategies: 	15037
      From worker 10:		num_sets_changed: 		8110974
      From worker 10:			num_random_opinions: 	418371
      From worker 10:			num_biased_opinions: 	419147
      From worker 10:		num_both_changed: 		298146
      From worker 10:	
      From worker 10:	data processed and exported
      From worker 10:	
      From worker 10:	starting b_1.0_c_0.2_N_40_M_3_K_3_P_2_beta_0.001_u_0.001_v_0.055901699437494755_p_0.75_ϵ_1.0_gens_20000000_210224-090439.238
      From worker 11:	replicate complete, ran 20000000 generations:
      From worker 11:	
      From worker 11:		num_imitating:			12496699
      From worker 11:		num_not_imitating:		7503301
      From worker 11:		num_strategies_changed:  	370960
      From worker 11:			num_random_strategies: 	12484
      From worker 11:		num_sets_changed: 		5629539
      From worker 11:			num_random_opinions: 	174641
      From worker 11:			num_biased_opinions: 	523533
      From worker 11:		num_both_changed: 		221949
      From worker 11:	
      From worker 11:	data processed and exported
      From worker 11:	
      From worker 11:	starting b_1.0_c_0.2_N_40_M_3_K_3_P_2_beta_0.001_u_0.001_v_0.055901699437494755_p_1.0_ϵ_1.0_gens_20000000_210224-090439.238
      From worker 9:	replicate complete, ran 20000000 generations:
      From worker 9:	
      From worker 9:		num_imitating:			14999750
      From worker 9:		num_not_imitating:		5000250
      From worker 9:		num_strategies_changed:  	412373
      From worker 9:			num_random_strategies: 	15037
      From worker 9:		num_sets_changed: 		5768527
      From worker 9:			num_random_opinions: 	187218
      From worker 9:			num_biased_opinions: 	187318
      From worker 9:		num_both_changed: 		233686
      From worker 9:	
      From worker 9:	data processed and exported
      From worker 16:	replicate complete, ran 20000000 generations:
      From worker 16:	
      From worker 16:		num_imitating:			15000874
      From worker 16:		num_not_imitating:		4999126
      From worker 16:		num_strategies_changed:  	427939
      From worker 16:			num_random_strategies: 	14947
      From worker 16:		num_sets_changed: 		10573582
      From worker 16:			num_random_opinions: 	4690623
      From worker 16:			num_biased_opinions: 	4686306
      From worker 16:		num_both_changed: 		307478
      From worker 16:	
      From worker 16:	data processed and exported
      From worker 16:	
      From worker 16:	starting b_1.0_c_0.2_N_40_M_3_K_3_P_2_beta_0.001_u_0.001_v_0.625_p_0.75_ϵ_1.0_gens_20000000_210224-090439.238
      From worker 12:	replicate complete, ran 20000000 generations:
      From worker 12:	
      From worker 12:		num_imitating:			12502774
      From worker 12:		num_not_imitating:		7497226
      From worker 12:		num_strategies_changed:  	359788
      From worker 12:			num_random_strategies: 	12092
      From worker 12:		num_sets_changed: 		6676720
      From worker 12:			num_random_opinions: 	390254
      From worker 12:			num_biased_opinions: 	1172732
      From worker 12:		num_both_changed: 		226288
      From worker 12:	
      From worker 12:	data processed and exported
      From worker 12:	
      From worker 12:	starting b_1.0_c_0.2_N_40_M_3_K_3_P_2_beta_0.001_u_0.001_v_0.125_p_1.0_ϵ_1.0_gens_20000000_210224-090439.238
      From worker 11:	replicate complete, ran 20000000 generations:
      From worker 11:	
      From worker 11:		num_imitating:			9999404
      From worker 11:		num_not_imitating:		10000596
      From worker 11:		num_strategies_changed:  	144876
      From worker 11:			num_random_strategies: 	9966
      From worker 11:		num_sets_changed: 		0
      From worker 11:			num_random_opinions: 	0
      From worker 11:			num_biased_opinions: 	558692
      From worker 11:		num_both_changed: 		0
      From worker 11:	
      From worker 11:	data processed and exported
      From worker 12:	replicate complete, ran 20000000 generations:
      From worker 12:	
      From worker 12:		num_imitating:			10001143
      From worker 12:		num_not_imitating:		9998857
      From worker 12:		num_strategies_changed:  	141927
      From worker 12:			num_random_strategies: 	9978
      From worker 12:		num_sets_changed: 		0
      From worker 12:			num_random_opinions: 	0
      From worker 12:			num_biased_opinions: 	1249796
      From worker 12:		num_both_changed: 		0
      From worker 12:	
      From worker 12:	data processed and exported
      From worker 12:	
      From worker 12:	starting b_1.0_c_0.2_N_40_M_3_K_3_P_2_beta_0.001_u_0.001_v_0.125_p_0.0_ϵ_1.0_gens_20000000_210224-090439.238
      From worker 13:	replicate complete, ran 20000000 generations:
      From worker 13:	
      From worker 13:		num_imitating:			20000000
      From worker 13:		num_not_imitating:		0
      From worker 13:		num_strategies_changed:  	570336
      From worker 13:			num_random_strategies: 	19756
      From worker 13:		num_sets_changed: 		16439014
      From worker 13:			num_random_opinions: 	5590417
      From worker 13:			num_biased_opinions: 	0
      From worker 13:		num_both_changed: 		496388
      From worker 13:	
      From worker 13:	data processed and exported
      From worker 13:	
      From worker 13:	starting b_1.0_c_0.2_N_40_M_3_K_3_P_2_beta_0.001_u_0.001_v_0.2795084971874737_p_0.25_ϵ_1.0_gens_20000000_210224-090439.238
      From worker 10:	replicate complete, ran 20000000 generations:
      From worker 10:	
      From worker 10:		num_imitating:			12500504
      From worker 10:		num_not_imitating:		7499496
      From worker 10:		num_strategies_changed:  	347690
      From worker 10:			num_random_strategies: 	12336
      From worker 10:		num_sets_changed: 		5612685
      From worker 10:			num_random_opinions: 	174118
      From worker 10:			num_biased_opinions: 	523694
      From worker 10:		num_both_changed: 		207640
      From worker 10:	
      From worker 10:	data processed and exported
      From worker 14:	replicate complete, ran 20000000 generations:
      From worker 14:	
      From worker 14:		num_imitating:			17499344
      From worker 14:		num_not_imitating:		2500656
      From worker 14:		num_strategies_changed:  	492638
      From worker 14:			num_random_strategies: 	17550
      From worker 14:		num_sets_changed: 		13915624
      From worker 14:			num_random_opinions: 	3666952
      From worker 14:			num_biased_opinions: 	1223751
      From worker 14:		num_both_changed: 		416013
      From worker 14:	
      From worker 14:	data processed and exported
      From worker 14:	
      From worker 14:	starting b_1.0_c_0.2_N_40_M_3_K_3_P_2_beta_0.001_u_0.001_v_0.2795084971874737_p_0.5_ϵ_1.0_gens_20000000_210224-090439.238
      From worker 16:	replicate complete, ran 20000000 generations:
      From worker 16:	
      From worker 16:		num_imitating:			12503201
      From worker 16:		num_not_imitating:		7496799
      From worker 16:		num_strategies_changed:  	359424
      From worker 16:			num_random_strategies: 	12475
      From worker 16:		num_sets_changed: 		5879514
      From worker 16:			num_random_opinions: 	1950698
      From worker 16:			num_biased_opinions: 	5862940
      From worker 16:		num_both_changed: 		175294
      From worker 16:	
      From worker 16:	data processed and exported
      From worker 16:	
      From worker 16:	starting b_1.0_c_0.2_N_40_M_3_K_3_P_2_beta_0.001_u_0.001_v_0.625_p_1.0_ϵ_1.0_gens_20000000_210224-090439.238
      From worker 15:	replicate complete, ran 20000000 generations:
      From worker 15:	
      From worker 15:		num_imitating:			15000511
      From worker 15:		num_not_imitating:		4999489
      From worker 15:		num_strategies_changed:  	429144
      From worker 15:			num_random_strategies: 	15137
      From worker 15:		num_sets_changed: 		10571048
      From worker 15:			num_random_opinions: 	4689521
      From worker 15:			num_biased_opinions: 	4686058
      From worker 15:		num_both_changed: 		308533
      From worker 15:	
      From worker 15:	data processed and exported
      From worker 15:	
      From worker 15:	starting b_1.0_c_0.2_N_40_M_3_K_3_P_2_beta_0.001_u_0.001_v_0.625_p_0.75_ϵ_1.0_gens_20000000_210224-090439.238
      From worker 16:	replicate complete, ran 20000000 generations:
      From worker 16:	
      From worker 16:		num_imitating:			10000313
      From worker 16:		num_not_imitating:		9999687
      From worker 16:		num_strategies_changed:  	141701
      From worker 16:			num_random_strategies: 	9974
      From worker 16:		num_sets_changed: 		0
      From worker 16:			num_random_opinions: 	0
      From worker 16:			num_biased_opinions: 	6251041
      From worker 16:		num_both_changed: 		0
      From worker 16:	
      From worker 16:	data processed and exported
 Activating environment at `/tigress/mk28/CooperationPolarization2/Project.toml`
 Activating environment at `/tigress/mk28/CooperationPolarization2/Project.toml`
      From worker 15:	replicate complete, ran 20000000 generations:
      From worker 15:	
      From worker 15:		num_imitating:			12499213
      From worker 15:		num_not_imitating:		7500787
      From worker 15:		num_strategies_changed:  	345847
      From worker 15:			num_random_strategies: 	12400
      From worker 15:		num_sets_changed: 		5886135
      From worker 15:			num_random_opinions: 	1954898
      From worker 15:			num_biased_opinions: 	5858596
      From worker 15:		num_both_changed: 		167683
      From worker 15:	
      From worker 15:	data processed and exported
      From worker 14:	replicate complete, ran 20000000 generations:
      From worker 14:	
      From worker 14:		num_imitating:			14999784
      From worker 14:		num_not_imitating:		5000216
      From worker 14:		num_strategies_changed:  	400101
      From worker 14:			num_random_strategies: 	14999
      From worker 14:		num_sets_changed: 		10684999
      From worker 14:			num_random_opinions: 	2094510
      From worker 14:			num_biased_opinions: 	2096424
      From worker 14:		num_both_changed: 		304209
      From worker 14:	
      From worker 14:	data processed and exported
      From worker 12:	replicate complete, ran 20000000 generations:
      From worker 12:	
      From worker 12:		num_imitating:			20000000
      From worker 12:		num_not_imitating:		0
      From worker 12:		num_strategies_changed:  	583060
      From worker 12:			num_random_strategies: 	20237
      From worker 12:		num_sets_changed: 		14875078
      From worker 12:			num_random_opinions: 	2501187
      From worker 12:			num_biased_opinions: 	0
      From worker 12:		num_both_changed: 		496026
      From worker 12:	
      From worker 12:	data processed and exported
      From worker 13:	replicate complete, ran 20000000 generations:
      From worker 13:	
      From worker 13:		num_imitating:			17501505
      From worker 13:		num_not_imitating:		2498495
      From worker 13:		num_strategies_changed:  	518218
      From worker 13:			num_random_strategies: 	17553
      From worker 13:		num_sets_changed: 		13910021
      From worker 13:			num_random_opinions: 	3667289
      From worker 13:			num_biased_opinions: 	1223131
      From worker 13:		num_both_changed: 		437014
      From worker 13:	
      From worker 13:	data processed and exported
16889.906897 seconds (3.08 M allocations: 130.658 MiB, 0.00% gc time)
