packages loaded
      From worker 11:	 Activating environment at `/tigress/mk28/CooperationPolarization2/Project.toml`
      From worker 15:	 Activating environment at `/tigress/mk28/CooperationPolarization2/Project.toml`
      From worker 4:	 Activating environment at `/tigress/mk28/CooperationPolarization2/Project.toml`
      From worker 7:	 Activating environment at `/tigress/mk28/CooperationPolarization2/Project.toml`
      From worker 12:	 Activating environment at `/tigress/mk28/CooperationPolarization2/Project.toml`
      From worker 13:	 Activating environment at `/tigress/mk28/CooperationPolarization2/Project.toml`
      From worker 14:	 Activating environment at `/tigress/mk28/CooperationPolarization2/Project.toml`
      From worker 2:	 Activating environment at `/tigress/mk28/CooperationPolarization2/Project.toml`
      From worker 8:	 Activating environment at `/tigress/mk28/CooperationPolarization2/Project.toml`
      From worker 3:	 Activating environment at `/tigress/mk28/CooperationPolarization2/Project.toml`
      From worker 6:	 Activating environment at `/tigress/mk28/CooperationPolarization2/Project.toml`
      From worker 9:	 Activating environment at `/tigress/mk28/CooperationPolarization2/Project.toml`
      From worker 10:	 Activating environment at `/tigress/mk28/CooperationPolarization2/Project.toml`
      From worker 5:	 Activating environment at `/tigress/mk28/CooperationPolarization2/Project.toml`
      From worker 16:	 Activating environment at `/tigress/mk28/CooperationPolarization2/Project.toml`
      From worker 11:	packages loaded
      From worker 15:	packages loaded
      From worker 12:	packages loaded
      From worker 7:	packages loaded
      From worker 4:	packages loaded
      From worker 6:	packages loaded
      From worker 8:	packages loaded
      From worker 16:	packages loaded
      From worker 10:	packages loaded
      From worker 9:	packages loaded
      From worker 3:	packages loaded
      From worker 13:	packages loaded
      From worker 2:	packages loaded
      From worker 5:	packages loaded
      From worker 14:	packages loaded
parameters defined
      From worker 15:	
      From worker 15:	starting b_1.0_c_0.2_N_40_M_3_K_1_P_2_beta_0.001_u_0.001_v_0.2795084971874737_p_0.75_ϵ_1.0_gens_20000000_210224-200450.223
      From worker 4:	
      From worker 4:	starting b_1.0_c_0.2_N_40_M_3_K_1_P_2_beta_0.001_u_0.001_v_0.0022360679774997894_p_0.5_ϵ_1.0_gens_20000000_210224-200450.223
      From worker 11:	
      From worker 11:	starting b_1.0_c_0.2_N_40_M_3_K_1_P_2_beta_0.001_u_0.001_v_0.055901699437494755_p_1.0_ϵ_1.0_gens_20000000_210224-200450.223
      From worker 6:	
      From worker 6:	starting b_1.0_c_0.2_N_40_M_3_K_1_P_2_beta_0.001_u_0.001_v_0.005_p_1.0_ϵ_1.0_gens_20000000_210224-200450.223
      From worker 12:	
      From worker 12:	starting b_1.0_c_0.2_N_40_M_3_K_1_P_2_beta_0.001_u_0.001_v_0.125_p_0.0_ϵ_1.0_gens_20000000_210224-200450.223
      From worker 13:	
      From worker 13:	starting b_1.0_c_0.2_N_40_M_3_K_1_P_2_beta_0.001_u_0.001_v_0.125_p_0.25_ϵ_1.0_gens_20000000_210224-200450.223
      From worker 10:	
      From worker 10:	starting b_1.0_c_0.2_N_40_M_3_K_1_P_2_beta_0.001_u_0.001_v_0.025_p_0.75_ϵ_1.0_gens_20000000_210224-200450.223
      From worker 7:	
      From worker 7:	starting b_1.0_c_0.2_N_40_M_3_K_1_P_2_beta_0.001_u_0.001_v_0.011180339887498947_p_0.0_ϵ_1.0_gens_20000000_210224-200450.223
      From worker 14:	
      From worker 14:	starting b_1.0_c_0.2_N_40_M_3_K_1_P_2_beta_0.001_u_0.001_v_0.2795084971874737_p_0.5_ϵ_1.0_gens_20000000_210224-200450.223
      From worker 2:	
      From worker 2:	starting b_1.0_c_0.2_N_40_M_3_K_1_P_2_beta_0.001_u_0.001_v_0.001_p_0.0_ϵ_1.0_gens_20000000_210224-200450.223
      From worker 9:	
      From worker 9:	starting b_1.0_c_0.2_N_40_M_3_K_1_P_2_beta_0.001_u_0.001_v_0.025_p_0.5_ϵ_1.0_gens_20000000_210224-200450.223
      From worker 5:	
      From worker 5:	starting b_1.0_c_0.2_N_40_M_3_K_1_P_2_beta_0.001_u_0.001_v_0.0022360679774997894_p_0.75_ϵ_1.0_gens_20000000_210224-200450.223
      From worker 16:	
      From worker 16:	starting b_1.0_c_0.2_N_40_M_3_K_1_P_2_beta_0.001_u_0.001_v_0.625_p_1.0_ϵ_1.0_gens_20000000_210224-200450.223
      From worker 8:	
      From worker 8:	starting b_1.0_c_0.2_N_40_M_3_K_1_P_2_beta_0.001_u_0.001_v_0.011180339887498947_p_0.25_ϵ_1.0_gens_20000000_210224-200450.223
      From worker 3:	
      From worker 3:	starting b_1.0_c_0.2_N_40_M_3_K_1_P_2_beta_0.001_u_0.001_v_0.001_p_0.25_ϵ_1.0_gens_20000000_210224-200450.223
      From worker 6:	replicate complete, ran 20000000 generations:
      From worker 6:	
      From worker 6:		num_imitating:			10000701
      From worker 6:		num_not_imitating:		9999299
      From worker 6:		num_strategies_changed:  	155579
      From worker 6:			num_random_strategies: 	10073
      From worker 6:		num_sets_changed: 		603075
      From worker 6:			num_random_opinions: 	0
      From worker 6:			num_biased_opinions: 	50371
      From worker 6:		num_both_changed: 		18051
      From worker 6:	
      From worker 6:	data processed and exported
      From worker 6:	
      From worker 6:	starting b_1.0_c_0.2_N_40_M_3_K_1_P_2_beta_0.001_u_0.001_v_0.005_p_0.0_ϵ_1.0_gens_20000000_210224-200450.223
      From worker 3:	replicate complete, ran 20000000 generations:
      From worker 3:	
      From worker 3:		num_imitating:			17497538
      From worker 3:		num_not_imitating:		2502462
      From worker 3:		num_strategies_changed:  	499884
      From worker 3:			num_random_strategies: 	17556
      From worker 3:		num_sets_changed: 		502268
      From worker 3:			num_random_opinions: 	13010
      From worker 3:			num_biased_opinions: 	4409
      From worker 3:		num_both_changed: 		27317
      From worker 3:	
      From worker 3:	data processed and exported
      From worker 2:	replicate complete, ran 20000000 generations:
      From worker 2:	
      From worker 2:		num_imitating:			20000000
      From worker 2:		num_not_imitating:		0
      From worker 2:		num_strategies_changed:  	571610
      From worker 2:			num_random_strategies: 	20108
      From worker 2:		num_sets_changed: 		623556
      From worker 2:			num_random_opinions: 	20129
      From worker 2:			num_biased_opinions: 	0
      From worker 2:		num_both_changed: 		41739
      From worker 2:	
      From worker 3:	
      From worker 3:	starting b_1.0_c_0.2_N_40_M_3_K_1_P_2_beta_0.001_u_0.001_v_0.001_p_0.5_ϵ_1.0_gens_20000000_210224-200450.223
      From worker 4:	replicate complete, ran 20000000 generations:
      From worker 4:	
      From worker 4:		num_imitating:			15000937
      From worker 4:		num_not_imitating:		4999063
      From worker 4:		num_strategies_changed:  	434774
      From worker 4:			num_random_strategies: 	14999
      From worker 4:		num_sets_changed: 		993858
      From worker 4:			num_random_opinions: 	16936
      From worker 4:			num_biased_opinions: 	16759
      From worker 4:		num_both_changed: 		57479
      From worker 4:	
      From worker 2:	data processed and exported
      From worker 2:	
      From worker 2:	starting b_1.0_c_0.2_N_40_M_3_K_1_P_2_beta_0.001_u_0.001_v_0.001_p_0.25_ϵ_1.0_gens_20000000_210224-200450.223
      From worker 4:	data processed and exported
      From worker 4:	
      From worker 4:	starting b_1.0_c_0.2_N_40_M_3_K_1_P_2_beta_0.001_u_0.001_v_0.0022360679774997894_p_0.75_ϵ_1.0_gens_20000000_210224-200450.223
      From worker 5:	replicate complete, ran 20000000 generations:
      From worker 5:	
      From worker 5:		num_imitating:			12501056
      From worker 5:		num_not_imitating:		7498944
      From worker 5:		num_strategies_changed:  	338742
      From worker 5:			num_random_strategies: 	12374
      From worker 5:		num_sets_changed: 		802056
      From worker 5:			num_random_opinions: 	7009
      From worker 5:			num_biased_opinions: 	21035
      From worker 5:		num_both_changed: 		45637
      From worker 5:	
      From worker 5:	data processed and exported
      From worker 5:	
      From worker 5:	starting b_1.0_c_0.2_N_40_M_3_K_1_P_2_beta_0.001_u_0.001_v_0.0022360679774997894_p_1.0_ϵ_1.0_gens_20000000_210224-200450.223
      From worker 11:	replicate complete, ran 20000000 generations:
      From worker 11:	
      From worker 11:		num_imitating:			10006282
      From worker 11:		num_not_imitating:		9993718
      From worker 11:		num_strategies_changed:  	147573
      From worker 11:			num_random_strategies: 	10145
      From worker 11:		num_sets_changed: 		3594192
      From worker 11:			num_random_opinions: 	0
      From worker 11:			num_biased_opinions: 	558875
      From worker 11:		num_both_changed: 		76394
      From worker 11:	
      From worker 11:	data processed and exported
      From worker 11:	
      From worker 11:	starting b_1.0_c_0.2_N_40_M_3_K_1_P_2_beta_0.001_u_0.001_v_0.055901699437494755_p_0.0_ϵ_1.0_gens_20000000_210224-200450.223
      From worker 10:	replicate complete, ran 20000000 generations:
      From worker 10:	
      From worker 10:		num_imitating:			12501547
      From worker 10:		num_not_imitating:		7498453
      From worker 10:		num_strategies_changed:  	352060
      From worker 10:			num_random_strategies: 	12492
      From worker 10:		num_sets_changed: 		5071892
      From worker 10:			num_random_opinions: 	78486
      From worker 10:			num_biased_opinions: 	235289
      From worker 10:		num_both_changed: 		218985
      From worker 10:	
      From worker 10:	data processed and exported
      From worker 10:	
      From worker 10:	starting b_1.0_c_0.2_N_40_M_3_K_1_P_2_beta_0.001_u_0.001_v_0.025_p_1.0_ϵ_1.0_gens_20000000_210224-200450.223
      From worker 8:	replicate complete, ran 20000000 generations:
      From worker 8:	
      From worker 8:		num_imitating:			17498098
      From worker 8:		num_not_imitating:		2501902
      From worker 8:		num_strategies_changed:  	499179
      From worker 8:			num_random_strategies: 	17386
      From worker 8:		num_sets_changed: 		4374642
      From worker 8:			num_random_opinions: 	146375
      From worker 8:			num_biased_opinions: 	49001
      From worker 8:		num_both_changed: 		212153
      From worker 8:	
      From worker 8:	data processed and exported
      From worker 8:	
      From worker 8:	starting b_1.0_c_0.2_N_40_M_3_K_1_P_2_beta_0.001_u_0.001_v_0.011180339887498947_p_0.5_ϵ_1.0_gens_20000000_210224-200450.223
      From worker 7:	replicate complete, ran 20000000 generations:
      From worker 7:	
      From worker 7:		num_imitating:			20000000
      From worker 7:		num_not_imitating:		0
      From worker 7:		num_strategies_changed:  	590635
      From worker 7:			num_random_strategies: 	19883
      From worker 7:		num_sets_changed: 		5078447
      From worker 7:			num_random_opinions: 	223990
      From worker 7:			num_biased_opinions: 	0
      From worker 7:		num_both_changed: 		241488
      From worker 7:	
      From worker 7:	data processed and exported
      From worker 7:	
      From worker 7:	starting b_1.0_c_0.2_N_40_M_3_K_1_P_2_beta_0.001_u_0.001_v_0.011180339887498947_p_0.25_ϵ_1.0_gens_20000000_210224-200450.223
      From worker 16:	replicate complete, ran 20000000 generations:
      From worker 16:	
      From worker 16:		num_imitating:			10002395
      From worker 16:		num_not_imitating:		9997605
      From worker 16:		num_strategies_changed:  	150511
      From worker 16:			num_random_strategies: 	9780
      From worker 16:		num_sets_changed: 		6472229
      From worker 16:			num_random_opinions: 	0
      From worker 16:			num_biased_opinions: 	6250674
      From worker 16:		num_both_changed: 		100008
      From worker 16:	
      From worker 16:	data processed and exported
      From worker 16:	
      From worker 16:	starting b_1.0_c_0.2_N_40_M_3_K_1_P_2_beta_0.001_u_0.001_v_0.625_p_0.0_ϵ_1.0_gens_20000000_210224-200450.223
      From worker 9:	replicate complete, ran 20000000 generations:
      From worker 9:	
      From worker 9:		num_imitating:			15000578
      From worker 9:		num_not_imitating:		4999422
      From worker 9:		num_strategies_changed:  	429683
      From worker 9:			num_random_strategies: 	15039
      From worker 9:		num_sets_changed: 		6170243
      From worker 9:			num_random_opinions: 	186909
      From worker 9:			num_biased_opinions: 	188106
      From worker 9:		num_both_changed: 		252448
      From worker 9:	
      From worker 9:	data processed and exported
      From worker 9:	
      From worker 9:	starting b_1.0_c_0.2_N_40_M_3_K_1_P_2_beta_0.001_u_0.001_v_0.025_p_0.75_ϵ_1.0_gens_20000000_210224-200450.223
      From worker 15:	replicate complete, ran 20000000 generations:
      From worker 15:	
      From worker 15:		num_imitating:			12500135
      From worker 15:		num_not_imitating:		7499865
      From worker 15:		num_strategies_changed:  	359612
      From worker 15:			num_random_strategies: 	12600
      From worker 15:		num_sets_changed: 		9347461
      From worker 15:			num_random_opinions: 	874354
      From worker 15:			num_biased_opinions: 	2622251
      From worker 15:		num_both_changed: 		290945
      From worker 15:	
      From worker 15:	data processed and exported
      From worker 15:	
      From worker 15:	starting b_1.0_c_0.2_N_40_M_3_K_1_P_2_beta_0.001_u_0.001_v_0.2795084971874737_p_1.0_ϵ_1.0_gens_20000000_210224-200450.223
      From worker 14:	replicate complete, ran 20000000 generations:
      From worker 14:	
      From worker 14:		num_imitating:			15000370
      From worker 14:		num_not_imitating:		4999630
      From worker 14:		num_strategies_changed:  	434095
      From worker 14:			num_random_strategies: 	14900
      From worker 14:		num_sets_changed: 		11573035
      From worker 14:			num_random_opinions: 	2097282
      From worker 14:			num_biased_opinions: 	2094356
      From worker 14:		num_both_changed: 		357350
      From worker 14:	
      From worker 14:	data processed and exported
      From worker 14:	
      From worker 14:	starting b_1.0_c_0.2_N_40_M_3_K_1_P_2_beta_0.001_u_0.001_v_0.2795084971874737_p_0.75_ϵ_1.0_gens_20000000_210224-200450.223
      From worker 13:	replicate complete, ran 20000000 generations:
      From worker 13:	
      From worker 13:		num_imitating:			17499439
      From worker 13:		num_not_imitating:		2500561
      From worker 13:		num_strategies_changed:  	510080
      From worker 13:			num_random_strategies: 	17678
      From worker 13:		num_sets_changed: 		12337423
      From worker 13:			num_random_opinions: 	1640977
      From worker 13:			num_biased_opinions: 	547146
      From worker 13:		num_both_changed: 		413065
      From worker 13:	
      From worker 13:	data processed and exported
      From worker 13:	
      From worker 13:	starting b_1.0_c_0.2_N_40_M_3_K_1_P_2_beta_0.001_u_0.001_v_0.125_p_0.5_ϵ_1.0_gens_20000000_210224-200450.223
      From worker 12:	replicate complete, ran 20000000 generations:
      From worker 12:	
      From worker 12:		num_imitating:			20000000
      From worker 12:		num_not_imitating:		0
      From worker 12:		num_strategies_changed:  	564316
      From worker 12:			num_random_strategies: 	19910
      From worker 12:		num_sets_changed: 		14135838
      From worker 12:			num_random_opinions: 	2498225
      From worker 12:			num_biased_opinions: 	0
      From worker 12:		num_both_changed: 		456630
      From worker 12:	
      From worker 12:	data processed and exported
      From worker 12:	
      From worker 12:	starting b_1.0_c_0.2_N_40_M_3_K_1_P_2_beta_0.001_u_0.001_v_0.125_p_0.25_ϵ_1.0_gens_20000000_210224-200450.223
      From worker 3:	replicate complete, ran 20000000 generations:
      From worker 3:	
      From worker 3:		num_imitating:			14999814
      From worker 3:		num_not_imitating:		5000186
      From worker 3:		num_strategies_changed:  	414327
      From worker 3:			num_random_strategies: 	14983
      From worker 3:		num_sets_changed: 		441826
      From worker 3:			num_random_opinions: 	7306
      From worker 3:			num_biased_opinions: 	7414
      From worker 3:		num_both_changed: 		21447
      From worker 3:	
      From worker 3:	data processed and exported
      From worker 3:	
      From worker 3:	starting b_1.0_c_0.2_N_40_M_3_K_1_P_2_beta_0.001_u_0.001_v_0.001_p_0.75_ϵ_1.0_gens_20000000_210224-200450.223
      From worker 2:	replicate complete, ran 20000000 generations:
      From worker 2:	
      From worker 2:		num_imitating:			17500918
      From worker 2:		num_not_imitating:		2499082
      From worker 2:		num_strategies_changed:  	525731
      From worker 2:			num_random_strategies: 	17539
      From worker 2:		num_sets_changed: 		538884
      From worker 2:			num_random_opinions: 	13076
      From worker 2:			num_biased_opinions: 	4402
      From worker 2:		num_both_changed: 		32215
      From worker 2:	
      From worker 2:	data processed and exported
      From worker 2:	
      From worker 2:	starting b_1.0_c_0.2_N_40_M_3_K_1_P_2_beta_0.001_u_0.001_v_0.001_p_0.5_ϵ_1.0_gens_20000000_210224-200450.223
      From worker 5:	replicate complete, ran 20000000 generations:
      From worker 5:	
      From worker 5:		num_imitating:			10000845
      From worker 5:		num_not_imitating:		9999155
      From worker 5:		num_strategies_changed:  	142591
      From worker 5:			num_random_strategies: 	9926
      From worker 5:		num_sets_changed: 		267464
      From worker 5:			num_random_opinions: 	0
      From worker 5:			num_biased_opinions: 	22340
      From worker 5:		num_both_changed: 		6645
      From worker 5:	
      From worker 5:	data processed and exported
      From worker 5:	
      From worker 5:	starting b_1.0_c_0.2_N_40_M_3_K_1_P_2_beta_0.001_u_0.001_v_0.005_p_0.0_ϵ_1.0_gens_20000000_210224-200450.223
      From worker 4:	replicate complete, ran 20000000 generations:
      From worker 4:	
      From worker 4:		num_imitating:			12502437
      From worker 4:		num_not_imitating:		7497563
      From worker 4:		num_strategies_changed:  	347940
      From worker 4:			num_random_strategies: 	12665
      From worker 4:		num_sets_changed: 		811448
      From worker 4:			num_random_opinions: 	7019
      From worker 4:			num_biased_opinions: 	20953
      From worker 4:		num_both_changed: 		41223
      From worker 4:	
      From worker 4:	data processed and exported
      From worker 4:	
      From worker 4:	starting b_1.0_c_0.2_N_40_M_3_K_1_P_2_beta_0.001_u_0.001_v_0.0022360679774997894_p_1.0_ϵ_1.0_gens_20000000_210224-200450.223
      From worker 6:	replicate complete, ran 20000000 generations:
      From worker 6:	
      From worker 6:		num_imitating:			20000000
      From worker 6:		num_not_imitating:		0
      From worker 6:		num_strategies_changed:  	579198
      From worker 6:			num_random_strategies: 	20295
      From worker 6:		num_sets_changed: 		2671250
      From worker 6:			num_random_opinions: 	100810
      From worker 6:			num_biased_opinions: 	0
      From worker 6:		num_both_changed: 		135875
      From worker 6:	
      From worker 6:	data processed and exported
      From worker 6:	
      From worker 6:	starting b_1.0_c_0.2_N_40_M_3_K_1_P_2_beta_0.001_u_0.001_v_0.005_p_0.25_ϵ_1.0_gens_20000000_210224-200450.223
      From worker 10:	replicate complete, ran 20000000 generations:
      From worker 10:	
      From worker 10:		num_imitating:			9998958
      From worker 10:		num_not_imitating:		10001042
      From worker 10:		num_strategies_changed:  	148755
      From worker 10:			num_random_strategies: 	9836
      From worker 10:		num_sets_changed: 		2228925
      From worker 10:			num_random_opinions: 	0
      From worker 10:			num_biased_opinions: 	250609
      From worker 10:		num_both_changed: 		55680
      From worker 10:	
      From worker 10:	data processed and exported
      From worker 10:	
      From worker 10:	starting b_1.0_c_0.2_N_40_M_3_K_1_P_2_beta_0.001_u_0.001_v_0.055901699437494755_p_0.0_ϵ_1.0_gens_20000000_210224-200450.223
      From worker 8:	replicate complete, ran 20000000 generations:
      From worker 8:	
      From worker 8:		num_imitating:			14998385
      From worker 8:		num_not_imitating:		5001615
      From worker 8:		num_strategies_changed:  	445862
      From worker 8:			num_random_strategies: 	15067
      From worker 8:		num_sets_changed: 		3727440
      From worker 8:			num_random_opinions: 	84331
      From worker 8:			num_biased_opinions: 	83283
      From worker 8:		num_both_changed: 		177988
      From worker 8:	
      From worker 8:	data processed and exported
      From worker 8:	
      From worker 8:	starting b_1.0_c_0.2_N_40_M_3_K_1_P_2_beta_0.001_u_0.001_v_0.011180339887498947_p_0.75_ϵ_1.0_gens_20000000_210224-200450.223
      From worker 7:	replicate complete, ran 20000000 generations:
      From worker 7:	
      From worker 7:		num_imitating:			17501246
      From worker 7:		num_not_imitating:		2498754
      From worker 7:		num_strategies_changed:  	492764
      From worker 7:			num_random_strategies: 	17458
      From worker 7:		num_sets_changed: 		4335235
      From worker 7:			num_random_opinions: 	146506
      From worker 7:			num_biased_opinions: 	49268
      From worker 7:		num_both_changed: 		195904
      From worker 7:	
      From worker 7:	data processed and exported
      From worker 7:	
      From worker 7:	starting b_1.0_c_0.2_N_40_M_3_K_1_P_2_beta_0.001_u_0.001_v_0.011180339887498947_p_0.5_ϵ_1.0_gens_20000000_210224-200450.223
      From worker 9:	replicate complete, ran 20000000 generations:
      From worker 9:	
      From worker 9:		num_imitating:			12499977
      From worker 9:		num_not_imitating:		7500023
      From worker 9:		num_strategies_changed:  	365062
      From worker 9:			num_random_strategies: 	12717
      From worker 9:		num_sets_changed: 		5076071
      From worker 9:			num_random_opinions: 	78343
      From worker 9:			num_biased_opinions: 	234640
      From worker 9:		num_both_changed: 		226627
      From worker 9:	
      From worker 9:	data processed and exported
      From worker 9:	
      From worker 9:	starting b_1.0_c_0.2_N_40_M_3_K_1_P_2_beta_0.001_u_0.001_v_0.025_p_1.0_ϵ_1.0_gens_20000000_210224-200450.223
      From worker 15:	replicate complete, ran 20000000 generations:
      From worker 15:	
      From worker 15:		num_imitating:			10000451
      From worker 15:		num_not_imitating:		9999549
      From worker 15:		num_strategies_changed:  	144509
      From worker 15:			num_random_strategies: 	10041
      From worker 15:		num_sets_changed: 		5902122
      From worker 15:			num_random_opinions: 	0
      From worker 15:			num_biased_opinions: 	2793896
      From worker 15:		num_both_changed: 		94615
      From worker 15:	
      From worker 15:	data processed and exported
      From worker 15:	
      From worker 15:	starting b_1.0_c_0.2_N_40_M_3_K_1_P_2_beta_0.001_u_0.001_v_0.625_p_0.0_ϵ_1.0_gens_20000000_210224-200450.223
      From worker 11:	replicate complete, ran 20000000 generations:
      From worker 11:	
      From worker 11:		num_imitating:			20000000
      From worker 11:		num_not_imitating:		0
      From worker 11:		num_strategies_changed:  	575498
      From worker 11:			num_random_strategies: 	19888
      From worker 11:		num_sets_changed: 		11628577
      From worker 11:			num_random_opinions: 	1117139
      From worker 11:			num_biased_opinions: 	0
      From worker 11:		num_both_changed: 		432865
      From worker 11:	
      From worker 11:	data processed and exported
      From worker 11:	
      From worker 11:	starting b_1.0_c_0.2_N_40_M_3_K_1_P_2_beta_0.001_u_0.001_v_0.055901699437494755_p_0.25_ϵ_1.0_gens_20000000_210224-200450.223
      From worker 3:	replicate complete, ran 20000000 generations:
      From worker 3:	
      From worker 3:		num_imitating:			12499044
      From worker 3:		num_not_imitating:		7500956
      From worker 3:		num_strategies_changed:  	365811
      From worker 3:			num_random_strategies: 	12728
      From worker 3:		num_sets_changed: 		380781
      From worker 3:			num_random_opinions: 	3143
      From worker 3:			num_biased_opinions: 	9356
      From worker 3:		num_both_changed: 		24345
      From worker 3:	
      From worker 3:	data processed and exported
      From worker 3:	
      From worker 3:	starting b_1.0_c_0.2_N_40_M_3_K_1_P_2_beta_0.001_u_0.001_v_0.001_p_1.0_ϵ_1.0_gens_20000000_210224-200450.223
      From worker 2:	replicate complete, ran 20000000 generations:
      From worker 2:	
      From worker 2:		num_imitating:			15001710
      From worker 2:		num_not_imitating:		4998290
      From worker 2:		num_strategies_changed:  	443952
      From worker 2:			num_random_strategies: 	15194
      From worker 2:		num_sets_changed: 		441327
      From worker 2:			num_random_opinions: 	7635
      From worker 2:			num_biased_opinions: 	7437
      From worker 2:		num_both_changed: 		20492
      From worker 2:	
      From worker 4:	replicate complete, ran 20000000 generations:
      From worker 4:	
      From worker 4:		num_imitating:			10002111
      From worker 4:		num_not_imitating:		9997889
      From worker 4:		num_strategies_changed:  	149108
      From worker 4:			num_random_strategies: 	10033
      From worker 4:		num_sets_changed: 		275090
      From worker 4:			num_random_opinions: 	0
      From worker 4:			num_biased_opinions: 	22343
      From worker 4:		num_both_changed: 		8178
      From worker 4:	
      From worker 2:	data processed and exported
      From worker 4:	data processed and exported
      From worker 2:	
      From worker 2:	starting b_1.0_c_0.2_N_40_M_3_K_1_P_2_beta_0.001_u_0.001_v_0.001_p_0.75_ϵ_1.0_gens_20000000_210224-200450.223
      From worker 4:	
      From worker 4:	starting b_1.0_c_0.2_N_40_M_3_K_1_P_2_beta_0.001_u_0.001_v_0.0022360679774997894_p_0.0_ϵ_1.0_gens_20000000_210224-200450.223
      From worker 14:	replicate complete, ran 20000000 generations:
      From worker 14:	
      From worker 14:		num_imitating:			12502528
      From worker 14:		num_not_imitating:		7497472
      From worker 14:		num_strategies_changed:  	366005
      From worker 14:			num_random_strategies: 	12607
      From worker 14:		num_sets_changed: 		9351264
      From worker 14:			num_random_opinions: 	873429
      From worker 14:			num_biased_opinions: 	2623502
      From worker 14:		num_both_changed: 		295761
      From worker 14:	
      From worker 14:	data processed and exported
      From worker 5:	replicate complete, ran 20000000 generations:
      From worker 5:	
      From worker 5:		num_imitating:			20000000
      From worker 5:		num_not_imitating:		0
      From worker 5:		num_strategies_changed:  	568148
      From worker 5:			num_random_strategies: 	19794
      From worker 5:		num_sets_changed: 		2658979
      From worker 5:			num_random_opinions: 	99971
      From worker 5:			num_biased_opinions: 	0
      From worker 5:		num_both_changed: 		131331
      From worker 5:	
      From worker 14:	
      From worker 14:	starting b_1.0_c_0.2_N_40_M_3_K_1_P_2_beta_0.001_u_0.001_v_0.2795084971874737_p_1.0_ϵ_1.0_gens_20000000_210224-200450.223
      From worker 5:	data processed and exported
      From worker 5:	
      From worker 5:	starting b_1.0_c_0.2_N_40_M_3_K_1_P_2_beta_0.001_u_0.001_v_0.005_p_0.25_ϵ_1.0_gens_20000000_210224-200450.223
      From worker 16:	replicate complete, ran 20000000 generations:
      From worker 16:	
      From worker 16:		num_imitating:			20000000
      From worker 16:		num_not_imitating:		0
      From worker 16:		num_strategies_changed:  	582820
      From worker 16:			num_random_strategies: 	20104
      From worker 16:		num_sets_changed: 		16417268
      From worker 16:			num_random_opinions: 	12500387
      From worker 16:			num_biased_opinions: 	0
      From worker 16:		num_both_changed: 		485326
      From worker 16:	
      From worker 16:	data processed and exported
      From worker 6:	replicate complete, ran 20000000 generations:
      From worker 6:	
      From worker 6:		num_imitating:			17502346
      From worker 6:		num_not_imitating:		2497654
      From worker 6:		num_strategies_changed:  	547275
      From worker 6:			num_random_strategies: 	17567
      From worker 6:		num_sets_changed: 		2310930
      From worker 6:			num_random_opinions: 	65731
      From worker 6:			num_biased_opinions: 	21863
      From worker 6:		num_both_changed: 		128280
      From worker 6:	
      From worker 16:	
      From worker 16:	starting b_1.0_c_0.2_N_40_M_3_K_1_P_2_beta_0.001_u_0.001_v_0.625_p_0.25_ϵ_1.0_gens_20000000_210224-200450.223
      From worker 6:	data processed and exported
      From worker 6:	
      From worker 6:	starting b_1.0_c_0.2_N_40_M_3_K_1_P_2_beta_0.001_u_0.001_v_0.005_p_0.5_ϵ_1.0_gens_20000000_210224-200450.223
      From worker 13:	replicate complete, ran 20000000 generations:
      From worker 13:	
      From worker 13:		num_imitating:			15000579
      From worker 13:		num_not_imitating:		4999421
      From worker 13:		num_strategies_changed:  	433422
      From worker 13:			num_random_strategies: 	14999
      From worker 13:		num_sets_changed: 		10503875
      From worker 13:			num_random_opinions: 	937970
      From worker 13:			num_biased_opinions: 	937196
      From worker 13:		num_both_changed: 		350227
      From worker 13:	
      From worker 13:	data processed and exported
      From worker 13:	
      From worker 13:	starting b_1.0_c_0.2_N_40_M_3_K_1_P_2_beta_0.001_u_0.001_v_0.125_p_0.75_ϵ_1.0_gens_20000000_210224-200450.223
      From worker 12:	replicate complete, ran 20000000 generations:
      From worker 12:	
      From worker 12:		num_imitating:			17499856
      From worker 12:		num_not_imitating:		2500144
      From worker 12:		num_strategies_changed:  	485508
      From worker 12:			num_random_strategies: 	17251
      From worker 12:		num_sets_changed: 		12330395
      From worker 12:			num_random_opinions: 	1640166
      From worker 12:			num_biased_opinions: 	546392
      From worker 12:		num_both_changed: 		391996
      From worker 12:	
      From worker 12:	data processed and exported
      From worker 12:	
      From worker 12:	starting b_1.0_c_0.2_N_40_M_3_K_1_P_2_beta_0.001_u_0.001_v_0.125_p_0.5_ϵ_1.0_gens_20000000_210224-200450.223
      From worker 8:	replicate complete, ran 20000000 generations:
      From worker 8:	
      From worker 8:		num_imitating:			12499712
      From worker 8:		num_not_imitating:		7500288
      From worker 8:		num_strategies_changed:  	355564
      From worker 8:			num_random_strategies: 	12599
      From worker 8:		num_sets_changed: 		3076724
      From worker 8:			num_random_opinions: 	34759
      From worker 8:			num_biased_opinions: 	104841
      From worker 8:		num_both_changed: 		144659
      From worker 8:	
      From worker 8:	data processed and exported
      From worker 8:	
      From worker 8:	starting b_1.0_c_0.2_N_40_M_3_K_1_P_2_beta_0.001_u_0.001_v_0.011180339887498947_p_1.0_ϵ_1.0_gens_20000000_210224-200450.223
      From worker 9:	replicate complete, ran 20000000 generations:
      From worker 9:	
      From worker 9:		num_imitating:			9996100
      From worker 9:		num_not_imitating:		10003900
      From worker 9:		num_strategies_changed:  	146435
      From worker 9:			num_random_strategies: 	9968
      From worker 9:		num_sets_changed: 		2221005
      From worker 9:			num_random_opinions: 	0
      From worker 9:			num_biased_opinions: 	250437
      From worker 9:		num_both_changed: 		53067
      From worker 9:	
      From worker 9:	data processed and exported
      From worker 9:	
      From worker 9:	starting b_1.0_c_0.2_N_40_M_3_K_1_P_2_beta_0.001_u_0.001_v_0.025_p_0.0_ϵ_1.0_gens_20000000_210224-200450.223
      From worker 7:	replicate complete, ran 20000000 generations:
      From worker 7:	
      From worker 7:		num_imitating:			14998490
      From worker 7:		num_not_imitating:		5001510
      From worker 7:		num_strategies_changed:  	405405
      From worker 7:			num_random_strategies: 	15275
      From worker 7:		num_sets_changed: 		3708139
      From worker 7:			num_random_opinions: 	83877
      From worker 7:			num_biased_opinions: 	83649
      From worker 7:		num_both_changed: 		166661
      From worker 7:	
      From worker 7:	data processed and exported
      From worker 7:	
      From worker 7:	starting b_1.0_c_0.2_N_40_M_3_K_1_P_2_beta_0.001_u_0.001_v_0.011180339887498947_p_0.75_ϵ_1.0_gens_20000000_210224-200450.223
      From worker 3:	replicate complete, ran 20000000 generations:
      From worker 3:	
      From worker 3:		num_imitating:			10001031
      From worker 3:		num_not_imitating:		9998969
      From worker 3:		num_strategies_changed:  	147126
      From worker 3:			num_random_strategies: 	10006
      From worker 3:		num_sets_changed: 		132835
      From worker 3:			num_random_opinions: 	0
      From worker 3:			num_biased_opinions: 	10084
      From worker 3:		num_both_changed: 		3424
      From worker 3:	
      From worker 3:	data processed and exported
      From worker 3:	
      From worker 3:	starting b_1.0_c_0.2_N_40_M_3_K_1_P_2_beta_0.001_u_0.001_v_0.0022360679774997894_p_0.0_ϵ_1.0_gens_20000000_210224-200450.223
      From worker 2:	replicate complete, ran 20000000 generations:
      From worker 2:	
      From worker 2:		num_imitating:			12496452
      From worker 2:		num_not_imitating:		7503548
      From worker 2:		num_strategies_changed:  	376778
      From worker 2:			num_random_strategies: 	12569
      From worker 2:		num_sets_changed: 		381958
      From worker 2:			num_random_opinions: 	3126
      From worker 2:			num_biased_opinions: 	9455
      From worker 2:		num_both_changed: 		17849
      From worker 2:	
      From worker 2:	data processed and exported
      From worker 2:	
      From worker 2:	starting b_1.0_c_0.2_N_40_M_3_K_1_P_2_beta_0.001_u_0.001_v_0.001_p_1.0_ϵ_1.0_gens_20000000_210224-200450.223
      From worker 4:	replicate complete, ran 20000000 generations:
      From worker 4:	
      From worker 4:		num_imitating:			20000000
      From worker 4:		num_not_imitating:		0
      From worker 4:		num_strategies_changed:  	564935
      From worker 4:			num_random_strategies: 	19895
      From worker 4:		num_sets_changed: 		1300895
      From worker 4:			num_random_opinions: 	44476
      From worker 4:			num_biased_opinions: 	0
      From worker 4:		num_both_changed: 		70943
      From worker 4:	
      From worker 4:	data processed and exported
      From worker 4:	
      From worker 4:	starting b_1.0_c_0.2_N_40_M_3_K_1_P_2_beta_0.001_u_0.001_v_0.0022360679774997894_p_0.25_ϵ_1.0_gens_20000000_210224-200450.223
      From worker 10:	replicate complete, ran 20000000 generations:
      From worker 10:	
      From worker 10:		num_imitating:			20000000
      From worker 10:		num_not_imitating:		0
      From worker 10:		num_strategies_changed:  	568901
      From worker 10:			num_random_strategies: 	20071
      From worker 10:		num_sets_changed: 		11619776
      From worker 10:			num_random_opinions: 	1119234
      From worker 10:			num_biased_opinions: 	0
      From worker 10:		num_both_changed: 		424811
      From worker 10:	
      From worker 10:	data processed and exported
      From worker 10:	
      From worker 10:	starting b_1.0_c_0.2_N_40_M_3_K_1_P_2_beta_0.001_u_0.001_v_0.055901699437494755_p_0.25_ϵ_1.0_gens_20000000_210224-200450.223
      From worker 5:	replicate complete, ran 20000000 generations:
      From worker 5:	
      From worker 5:		num_imitating:			17499068
      From worker 5:		num_not_imitating:		2500932
      From worker 5:		num_strategies_changed:  	527743
      From worker 5:			num_random_strategies: 	17634
      From worker 5:		num_sets_changed: 		2313781
      From worker 5:			num_random_opinions: 	66179
      From worker 5:			num_biased_opinions: 	21940
      From worker 5:		num_both_changed: 		132982
      From worker 5:	
      From worker 5:	data processed and exported
      From worker 5:	
      From worker 5:	starting b_1.0_c_0.2_N_40_M_3_K_1_P_2_beta_0.001_u_0.001_v_0.005_p_0.5_ϵ_1.0_gens_20000000_210224-200450.223
      From worker 6:	replicate complete, ran 20000000 generations:
      From worker 6:	
      From worker 6:		num_imitating:			15000501
      From worker 6:		num_not_imitating:		4999499
      From worker 6:		num_strategies_changed:  	406525
      From worker 6:			num_random_strategies: 	14956
      From worker 6:		num_sets_changed: 		1951042
      From worker 6:			num_random_opinions: 	37442
      From worker 6:			num_biased_opinions: 	37056
      From worker 6:		num_both_changed: 		100141
      From worker 6:	
      From worker 6:	data processed and exported
      From worker 6:	
      From worker 6:	starting b_1.0_c_0.2_N_40_M_3_K_1_P_2_beta_0.001_u_0.001_v_0.005_p_0.75_ϵ_1.0_gens_20000000_210224-200450.223
      From worker 11:	replicate complete, ran 20000000 generations:
      From worker 11:	
      From worker 11:		num_imitating:			17501503
      From worker 11:		num_not_imitating:		2498497
      From worker 11:		num_strategies_changed:  	504407
      From worker 11:			num_random_strategies: 	17939
      From worker 11:		num_sets_changed: 		10128156
      From worker 11:			num_random_opinions: 	734855
      From worker 11:			num_biased_opinions: 	243700
      From worker 11:		num_both_changed: 		374009
      From worker 11:	
      From worker 11:	data processed and exported
      From worker 11:	
      From worker 11:	starting b_1.0_c_0.2_N_40_M_3_K_1_P_2_beta_0.001_u_0.001_v_0.055901699437494755_p_0.5_ϵ_1.0_gens_20000000_210224-200450.223
      From worker 14:	replicate complete, ran 20000000 generations:
      From worker 14:	
      From worker 14:		num_imitating:			9999015
      From worker 14:		num_not_imitating:		10000985
      From worker 14:		num_strategies_changed:  	143022
      From worker 14:			num_random_strategies: 	10125
      From worker 14:		num_sets_changed: 		5902212
      From worker 14:			num_random_opinions: 	0
      From worker 14:			num_biased_opinions: 	2794749
      From worker 14:		num_both_changed: 		93024
      From worker 14:	
      From worker 14:	data processed and exported
      From worker 14:	
      From worker 14:	starting b_1.0_c_0.2_N_40_M_3_K_1_P_2_beta_0.001_u_0.001_v_0.2795084971874737_p_0.0_ϵ_1.0_gens_20000000_210224-200450.223
      From worker 8:	replicate complete, ran 20000000 generations:
      From worker 8:	
      From worker 8:		num_imitating:			10000249
      From worker 8:		num_not_imitating:		9999751
      From worker 8:		num_strategies_changed:  	147807
      From worker 8:			num_random_strategies: 	9845
      From worker 8:		num_sets_changed: 		1206176
      From worker 8:			num_random_opinions: 	0
      From worker 8:			num_biased_opinions: 	111704
      From worker 8:		num_both_changed: 		29997
      From worker 8:	
      From worker 8:	data processed and exported
      From worker 8:	
      From worker 8:	starting b_1.0_c_0.2_N_40_M_3_K_1_P_2_beta_0.001_u_0.001_v_0.025_p_0.0_ϵ_1.0_gens_20000000_210224-200450.223
      From worker 15:	replicate complete, ran 20000000 generations:
      From worker 15:	
      From worker 15:		num_imitating:			20000000
      From worker 15:		num_not_imitating:		0
      From worker 15:		num_strategies_changed:  	559576
      From worker 15:			num_random_strategies: 	19789
      From worker 15:		num_sets_changed: 		16419163
      From worker 15:			num_random_opinions: 	12499736
      From worker 15:			num_biased_opinions: 	0
      From worker 15:		num_both_changed: 		466042
      From worker 15:	
      From worker 15:	data processed and exported
      From worker 15:	
      From worker 15:	starting b_1.0_c_0.2_N_40_M_3_K_1_P_2_beta_0.001_u_0.001_v_0.625_p_0.25_ϵ_1.0_gens_20000000_210224-200450.223
      From worker 13:	replicate complete, ran 20000000 generations:
      From worker 13:	
      From worker 13:		num_imitating:			12494302
      From worker 13:		num_not_imitating:		7505698
      From worker 13:		num_strategies_changed:  	364192
      From worker 13:			num_random_strategies: 	12573
      From worker 13:		num_sets_changed: 		8577304
      From worker 13:			num_random_opinions: 	390070
      From worker 13:			num_biased_opinions: 	1169574
      From worker 13:		num_both_changed: 		293003
      From worker 13:	
      From worker 13:	data processed and exported
      From worker 13:	
      From worker 13:	starting b_1.0_c_0.2_N_40_M_3_K_1_P_2_beta_0.001_u_0.001_v_0.125_p_1.0_ϵ_1.0_gens_20000000_210224-200450.223
      From worker 2:	replicate complete, ran 20000000 generations:
      From worker 2:	
      From worker 2:		num_imitating:			10001352
      From worker 2:		num_not_imitating:		9998648
      From worker 2:		num_strategies_changed:  	150957
      From worker 2:			num_random_strategies: 	10092
      From worker 2:		num_sets_changed: 		127884
      From worker 2:			num_random_opinions: 	0
      From worker 2:			num_biased_opinions: 	10006
      From worker 2:		num_both_changed: 		4506
      From worker 2:	
      From worker 2:	data processed and exported
      From worker 2:	
      From worker 2:	starting b_1.0_c_0.2_N_40_M_3_K_1_P_2_beta_0.001_u_0.001_v_0.001_p_0.0_ϵ_1.0_gens_20000000_210224-200450.223
      From worker 7:	replicate complete, ran 20000000 generations:
      From worker 7:	
      From worker 7:		num_imitating:			12502644
      From worker 7:		num_not_imitating:		7497356
      From worker 7:		num_strategies_changed:  	346989
      From worker 7:			num_random_strategies: 	12395
      From worker 7:		num_sets_changed: 		3129858
      From worker 7:			num_random_opinions: 	35018
      From worker 7:			num_biased_opinions: 	105263
      From worker 7:		num_both_changed: 		147241
      From worker 7:	
      From worker 3:	replicate complete, ran 20000000 generations:
      From worker 3:	
      From worker 3:		num_imitating:			20000000
      From worker 3:		num_not_imitating:		0
      From worker 3:		num_strategies_changed:  	564569
      From worker 3:			num_random_strategies: 	20219
      From worker 3:		num_sets_changed: 		1305949
      From worker 3:			num_random_opinions: 	44689
      From worker 3:			num_biased_opinions: 	0
      From worker 3:		num_both_changed: 		59842
      From worker 3:	
      From worker 7:	data processed and exported
      From worker 7:	
      From worker 7:	starting b_1.0_c_0.2_N_40_M_3_K_1_P_2_beta_0.001_u_0.001_v_0.011180339887498947_p_1.0_ϵ_1.0_gens_20000000_210224-200450.223
      From worker 3:	data processed and exported
      From worker 3:	
      From worker 3:	starting b_1.0_c_0.2_N_40_M_3_K_1_P_2_beta_0.001_u_0.001_v_0.0022360679774997894_p_0.25_ϵ_1.0_gens_20000000_210224-200450.223
      From worker 4:	replicate complete, ran 20000000 generations:
      From worker 4:	
      From worker 4:		num_imitating:			17501921
      From worker 4:		num_not_imitating:		2498079
      From worker 4:		num_strategies_changed:  	492318
      From worker 4:			num_random_strategies: 	17423
      From worker 4:		num_sets_changed: 		1138988
      From worker 4:			num_random_opinions: 	29390
      From worker 4:			num_biased_opinions: 	9910
      From worker 4:		num_both_changed: 		57497
      From worker 4:	
      From worker 4:	data processed and exported
      From worker 4:	
      From worker 4:	starting b_1.0_c_0.2_N_40_M_3_K_1_P_2_beta_0.001_u_0.001_v_0.0022360679774997894_p_0.5_ϵ_1.0_gens_20000000_210224-200450.223
      From worker 16:	replicate complete, ran 20000000 generations:
      From worker 16:	
      From worker 16:		num_imitating:			17498704
      From worker 16:		num_not_imitating:		2501296
      From worker 16:		num_strategies_changed:  	509189
      From worker 16:			num_random_strategies: 	17366
      From worker 16:		num_sets_changed: 		14268340
      From worker 16:			num_random_opinions: 	8200864
      From worker 16:			num_biased_opinions: 	2733039
      From worker 16:		num_both_changed: 		422164
      From worker 16:	
      From worker 16:	data processed and exported
      From worker 16:	
      From worker 16:	starting b_1.0_c_0.2_N_40_M_3_K_1_P_2_beta_0.001_u_0.001_v_0.625_p_0.5_ϵ_1.0_gens_20000000_210224-200450.223
      From worker 12:	replicate complete, ran 20000000 generations:
      From worker 12:	
      From worker 12:		num_imitating:			14999654
      From worker 12:		num_not_imitating:		5000346
      From worker 12:		num_strategies_changed:  	425558
      From worker 12:			num_random_strategies: 	14896
      From worker 12:		num_sets_changed: 		10507525
      From worker 12:			num_random_opinions: 	937778
      From worker 12:			num_biased_opinions: 	938409
      From worker 12:		num_both_changed: 		345098
      From worker 12:	
      From worker 12:	data processed and exported
      From worker 12:	
      From worker 12:	starting b_1.0_c_0.2_N_40_M_3_K_1_P_2_beta_0.001_u_0.001_v_0.125_p_0.75_ϵ_1.0_gens_20000000_210224-200450.223
      From worker 9:	replicate complete, ran 20000000 generations:
      From worker 9:	
      From worker 9:		num_imitating:			20000000
      From worker 9:		num_not_imitating:		0
      From worker 9:		num_strategies_changed:  	592497
      From worker 9:			num_random_strategies: 	19798
      From worker 9:		num_sets_changed: 		8260950
      From worker 9:			num_random_opinions: 	499511
      From worker 9:			num_biased_opinions: 	0
      From worker 9:		num_both_changed: 		359860
      From worker 9:	
      From worker 9:	data processed and exported
      From worker 9:	
      From worker 9:	starting b_1.0_c_0.2_N_40_M_3_K_1_P_2_beta_0.001_u_0.001_v_0.025_p_0.25_ϵ_1.0_gens_20000000_210224-200450.223
      From worker 5:	replicate complete, ran 20000000 generations:
      From worker 5:	
      From worker 5:		num_imitating:			15000191
      From worker 5:		num_not_imitating:		4999809
      From worker 5:		num_strategies_changed:  	426340
      From worker 5:			num_random_strategies: 	14896
      From worker 5:		num_sets_changed: 		2018198
      From worker 5:			num_random_opinions: 	37375
      From worker 5:			num_biased_opinions: 	37479
      From worker 5:		num_both_changed: 		100072
      From worker 5:	
      From worker 5:	data processed and exported
      From worker 5:	
      From worker 5:	starting b_1.0_c_0.2_N_40_M_3_K_1_P_2_beta_0.001_u_0.001_v_0.005_p_0.75_ϵ_1.0_gens_20000000_210224-200450.223
      From worker 6:	replicate complete, ran 20000000 generations:
      From worker 6:	
      From worker 6:		num_imitating:			12502337
      From worker 6:		num_not_imitating:		7497663
      From worker 6:		num_strategies_changed:  	346951
      From worker 6:			num_random_strategies: 	12438
      From worker 6:		num_sets_changed: 		1630631
      From worker 6:			num_random_opinions: 	15667
      From worker 6:			num_biased_opinions: 	46828
      From worker 6:		num_both_changed: 		82056
      From worker 6:	
      From worker 6:	data processed and exported
      From worker 6:	
      From worker 6:	starting b_1.0_c_0.2_N_40_M_3_K_1_P_2_beta_0.001_u_0.001_v_0.005_p_1.0_ϵ_1.0_gens_20000000_210224-200450.223
      From worker 10:	replicate complete, ran 20000000 generations:
      From worker 10:	
      From worker 10:		num_imitating:			17497897
      From worker 10:		num_not_imitating:		2502103
      From worker 10:		num_strategies_changed:  	498531
      From worker 10:			num_random_strategies: 	17612
      From worker 10:		num_sets_changed: 		10119477
      From worker 10:			num_random_opinions: 	733671
      From worker 10:			num_biased_opinions: 	244847
      From worker 10:		num_both_changed: 		369335
      From worker 10:	
      From worker 10:	data processed and exported
      From worker 10:	
      From worker 10:	starting b_1.0_c_0.2_N_40_M_3_K_1_P_2_beta_0.001_u_0.001_v_0.055901699437494755_p_0.5_ϵ_1.0_gens_20000000_210224-200450.223
      From worker 2:	replicate complete, ran 20000000 generations:
      From worker 2:	
      From worker 2:		num_imitating:			20000000
      From worker 2:		num_not_imitating:		0
      From worker 2:		num_strategies_changed:  	536259
      From worker 2:			num_random_strategies: 	19962
      From worker 2:		num_sets_changed: 		594957
      From worker 2:			num_random_opinions: 	20179
      From worker 2:			num_biased_opinions: 	0
      From worker 2:		num_both_changed: 		28700
      From worker 2:	
      From worker 2:	data processed and exported
      From worker 11:	replicate complete, ran 20000000 generations:
      From worker 11:	
      From worker 11:		num_imitating:			14998471
      From worker 11:		num_not_imitating:		5001529
      From worker 11:		num_strategies_changed:  	426792
      From worker 11:			num_random_strategies: 	14822
      From worker 11:		num_sets_changed: 		8623172
      From worker 11:			num_random_opinions: 	418721
      From worker 11:			num_biased_opinions: 	419608
      From worker 11:		num_both_changed: 		323264
      From worker 11:	
      From worker 11:	data processed and exported
      From worker 11:	
      From worker 11:	starting b_1.0_c_0.2_N_40_M_3_K_1_P_2_beta_0.001_u_0.001_v_0.055901699437494755_p_0.75_ϵ_1.0_gens_20000000_210224-200450.223
      From worker 13:	replicate complete, ran 20000000 generations:
      From worker 13:	
      From worker 13:		num_imitating:			9996837
      From worker 13:		num_not_imitating:		10003163
      From worker 13:		num_strategies_changed:  	148002
      From worker 13:			num_random_strategies: 	10000
      From worker 13:		num_sets_changed: 		4913151
      From worker 13:			num_random_opinions: 	0
      From worker 13:			num_biased_opinions: 	1248213
      From worker 13:		num_both_changed: 		90233
      From worker 13:	
      From worker 7:	replicate complete, ran 20000000 generations:
      From worker 7:	
      From worker 7:		num_imitating:			9999556
      From worker 7:		num_not_imitating:		10000444
      From worker 7:		num_strategies_changed:  	143149
      From worker 7:			num_random_strategies: 	10040
      From worker 7:		num_sets_changed: 		1193422
      From worker 7:			num_random_opinions: 	0
      From worker 7:			num_biased_opinions: 	111959
      From worker 7:		num_both_changed: 		29069
      From worker 7:	
      From worker 13:	data processed and exported
      From worker 7:	data processed and exported
      From worker 13:	
      From worker 13:	starting b_1.0_c_0.2_N_40_M_3_K_1_P_2_beta_0.001_u_0.001_v_0.2795084971874737_p_0.0_ϵ_1.0_gens_20000000_210224-200450.223
      From worker 7:	
      From worker 7:	starting b_1.0_c_0.2_N_40_M_3_K_1_P_2_beta_0.001_u_0.001_v_0.011180339887498947_p_0.0_ϵ_1.0_gens_20000000_210224-200450.223
      From worker 3:	replicate complete, ran 20000000 generations:
      From worker 3:	
      From worker 3:		num_imitating:			17499287
      From worker 3:		num_not_imitating:		2500713
      From worker 3:		num_strategies_changed:  	502392
      From worker 3:			num_random_strategies: 	17758
      From worker 3:		num_sets_changed: 		1106027
      From worker 3:			num_random_opinions: 	29279
      From worker 3:			num_biased_opinions: 	9840
      From worker 3:		num_both_changed: 		49317
      From worker 3:	
      From worker 3:	data processed and exported
      From worker 4:	replicate complete, ran 20000000 generations:
      From worker 4:	
      From worker 4:		num_imitating:			15001785
      From worker 4:		num_not_imitating:		4998215
      From worker 4:		num_strategies_changed:  	441604
      From worker 4:			num_random_strategies: 	15124
      From worker 4:		num_sets_changed: 		1004182
      From worker 4:			num_random_opinions: 	16844
      From worker 4:			num_biased_opinions: 	16458
      From worker 4:		num_both_changed: 		57528
      From worker 4:	
      From worker 4:	data processed and exported
      From worker 8:	replicate complete, ran 20000000 generations:
      From worker 8:	
      From worker 8:		num_imitating:			20000000
      From worker 8:		num_not_imitating:		0
      From worker 8:		num_strategies_changed:  	589900
      From worker 8:			num_random_strategies: 	19960
      From worker 8:		num_sets_changed: 		8237523
      From worker 8:			num_random_opinions: 	499969
      From worker 8:			num_biased_opinions: 	0
      From worker 8:		num_both_changed: 		354036
      From worker 8:	
      From worker 8:	data processed and exported
      From worker 8:	
      From worker 8:	starting b_1.0_c_0.2_N_40_M_3_K_1_P_2_beta_0.001_u_0.001_v_0.025_p_0.25_ϵ_1.0_gens_20000000_210224-200450.223
      From worker 5:	replicate complete, ran 20000000 generations:
      From worker 5:	
      From worker 5:		num_imitating:			12495574
      From worker 5:		num_not_imitating:		7504426
      From worker 5:		num_strategies_changed:  	348842
      From worker 5:			num_random_strategies: 	12534
      From worker 5:		num_sets_changed: 		1627643
      From worker 5:			num_random_opinions: 	15587
      From worker 5:			num_biased_opinions: 	46874
      From worker 5:		num_both_changed: 		89620
      From worker 5:	
      From worker 5:	data processed and exported
      From worker 14:	replicate complete, ran 20000000 generations:
      From worker 14:	
      From worker 14:		num_imitating:			20000000
      From worker 14:		num_not_imitating:		0
      From worker 14:		num_strategies_changed:  	588435
      From worker 14:			num_random_strategies: 	20015
      From worker 14:		num_sets_changed: 		15651317
      From worker 14:			num_random_opinions: 	5589907
      From worker 14:			num_biased_opinions: 	0
      From worker 14:		num_both_changed: 		487245
      From worker 14:	
      From worker 14:	data processed and exported
      From worker 14:	
      From worker 14:	starting b_1.0_c_0.2_N_40_M_3_K_1_P_2_beta_0.001_u_0.001_v_0.2795084971874737_p_0.25_ϵ_1.0_gens_20000000_210224-200450.223
      From worker 6:	replicate complete, ran 20000000 generations:
      From worker 6:	
      From worker 6:		num_imitating:			10000847
      From worker 6:		num_not_imitating:		9999153
      From worker 6:		num_strategies_changed:  	147139
      From worker 6:			num_random_strategies: 	10103
      From worker 6:		num_sets_changed: 		606043
      From worker 6:			num_random_opinions: 	0
      From worker 6:			num_biased_opinions: 	50082
      From worker 6:		num_both_changed: 		16402
      From worker 6:	
      From worker 6:	data processed and exported
      From worker 15:	replicate complete, ran 20000000 generations:
      From worker 15:	
      From worker 15:		num_imitating:			17502445
      From worker 15:		num_not_imitating:		2497555
      From worker 15:		num_strategies_changed:  	502369
      From worker 15:			num_random_strategies: 	17637
      From worker 15:		num_sets_changed: 		14271891
      From worker 15:			num_random_opinions: 	8204638
      From worker 15:			num_biased_opinions: 	2735379
      From worker 15:		num_both_changed: 		416103
      From worker 15:	
      From worker 15:	data processed and exported
      From worker 15:	
      From worker 15:	starting b_1.0_c_0.2_N_40_M_3_K_1_P_2_beta_0.001_u_0.001_v_0.625_p_0.5_ϵ_1.0_gens_20000000_210224-200450.223
      From worker 12:	replicate complete, ran 20000000 generations:
      From worker 12:	
      From worker 12:		num_imitating:			12499659
      From worker 12:		num_not_imitating:		7500341
      From worker 12:		num_strategies_changed:  	343818
      From worker 12:			num_random_strategies: 	12550
      From worker 12:		num_sets_changed: 		8573113
      From worker 12:			num_random_opinions: 	390647
      From worker 12:			num_biased_opinions: 	1172261
      From worker 12:		num_both_changed: 		277158
      From worker 12:	
      From worker 12:	data processed and exported
      From worker 12:	
      From worker 12:	starting b_1.0_c_0.2_N_40_M_3_K_1_P_2_beta_0.001_u_0.001_v_0.125_p_1.0_ϵ_1.0_gens_20000000_210224-200450.223
      From worker 9:	replicate complete, ran 20000000 generations:
      From worker 9:	
      From worker 9:		num_imitating:			17498899
      From worker 9:		num_not_imitating:		2501101
      From worker 9:		num_strategies_changed:  	492659
      From worker 9:			num_random_strategies: 	17448
      From worker 9:		num_sets_changed: 		7166372
      From worker 9:			num_random_opinions: 	328501
      From worker 9:			num_biased_opinions: 	109761
      From worker 9:		num_both_changed: 		295012
      From worker 9:	
      From worker 9:	data processed and exported
      From worker 9:	
      From worker 9:	starting b_1.0_c_0.2_N_40_M_3_K_1_P_2_beta_0.001_u_0.001_v_0.025_p_0.5_ϵ_1.0_gens_20000000_210224-200450.223
      From worker 16:	replicate complete, ran 20000000 generations:
      From worker 16:	
      From worker 16:		num_imitating:			14998221
      From worker 16:		num_not_imitating:		5001779
      From worker 16:		num_strategies_changed:  	417039
      From worker 16:			num_random_strategies: 	14893
      From worker 16:		num_sets_changed: 		11956615
      From worker 16:			num_random_opinions: 	4688682
      From worker 16:			num_biased_opinions: 	4685310
      From worker 16:		num_both_changed: 		338424
      From worker 16:	
      From worker 16:	data processed and exported
      From worker 16:	
      From worker 16:	starting b_1.0_c_0.2_N_40_M_3_K_1_P_2_beta_0.001_u_0.001_v_0.625_p_0.75_ϵ_1.0_gens_20000000_210224-200450.223
      From worker 10:	replicate complete, ran 20000000 generations:
      From worker 10:	
      From worker 10:		num_imitating:			15000473
      From worker 10:		num_not_imitating:		4999527
      From worker 10:		num_strategies_changed:  	416368
      From worker 10:			num_random_strategies: 	15116
      From worker 10:		num_sets_changed: 		8642481
      From worker 10:			num_random_opinions: 	418852
      From worker 10:			num_biased_opinions: 	419050
      From worker 10:		num_both_changed: 		308284
      From worker 10:	
      From worker 10:	data processed and exported
      From worker 10:	
      From worker 10:	starting b_1.0_c_0.2_N_40_M_3_K_1_P_2_beta_0.001_u_0.001_v_0.055901699437494755_p_0.75_ϵ_1.0_gens_20000000_210224-200450.223
      From worker 7:	replicate complete, ran 20000000 generations:
      From worker 7:	
      From worker 7:		num_imitating:			20000000
      From worker 7:		num_not_imitating:		0
      From worker 7:		num_strategies_changed:  	570327
      From worker 7:			num_random_strategies: 	19942
      From worker 7:		num_sets_changed: 		5011627
      From worker 7:			num_random_opinions: 	223507
      From worker 7:			num_biased_opinions: 	0
      From worker 7:		num_both_changed: 		235422
      From worker 7:	
      From worker 7:	data processed and exported
      From worker 11:	replicate complete, ran 20000000 generations:
      From worker 11:	
      From worker 11:		num_imitating:			12500427
      From worker 11:		num_not_imitating:		7499573
      From worker 11:		num_strategies_changed:  	363436
      From worker 11:			num_random_strategies: 	12488
      From worker 11:		num_sets_changed: 		7072170
      From worker 11:			num_random_opinions: 	175354
      From worker 11:			num_biased_opinions: 	524049
      From worker 11:		num_both_changed: 		274551
      From worker 11:	
      From worker 11:	data processed and exported
      From worker 11:	
      From worker 11:	starting b_1.0_c_0.2_N_40_M_3_K_1_P_2_beta_0.001_u_0.001_v_0.055901699437494755_p_1.0_ϵ_1.0_gens_20000000_210224-200450.223
      From worker 8:	replicate complete, ran 20000000 generations:
      From worker 8:	
      From worker 8:		num_imitating:			17503888
      From worker 8:		num_not_imitating:		2496112
      From worker 8:		num_strategies_changed:  	475366
      From worker 8:			num_random_strategies: 	17562
      From worker 8:		num_sets_changed: 		7184743
      From worker 8:			num_random_opinions: 	328176
      From worker 8:			num_biased_opinions: 	109313
      From worker 8:		num_both_changed: 		286293
      From worker 8:	
      From worker 8:	data processed and exported
      From worker 12:	replicate complete, ran 20000000 generations:
      From worker 12:	
      From worker 12:		num_imitating:			9997970
      From worker 12:		num_not_imitating:		10002030
      From worker 12:		num_strategies_changed:  	146352
      From worker 12:			num_random_strategies: 	9956
      From worker 12:		num_sets_changed: 		4928710
      From worker 12:			num_random_opinions: 	0
      From worker 12:			num_biased_opinions: 	1249349
      From worker 12:		num_both_changed: 		89932
      From worker 12:	
      From worker 12:	data processed and exported
      From worker 12:	
      From worker 12:	starting b_1.0_c_0.2_N_40_M_3_K_1_P_2_beta_0.001_u_0.001_v_0.125_p_0.0_ϵ_1.0_gens_20000000_210224-200450.223
      From worker 13:	replicate complete, ran 20000000 generations:
      From worker 13:	
      From worker 13:		num_imitating:			20000000
      From worker 13:		num_not_imitating:		0
      From worker 13:		num_strategies_changed:  	581966
      From worker 13:			num_random_strategies: 	20165
      From worker 13:		num_sets_changed: 		15653391
      From worker 13:			num_random_opinions: 	5587663
      From worker 13:			num_biased_opinions: 	0
      From worker 13:		num_both_changed: 		482399
      From worker 13:	
      From worker 13:	data processed and exported
      From worker 13:	
      From worker 13:	starting b_1.0_c_0.2_N_40_M_3_K_1_P_2_beta_0.001_u_0.001_v_0.2795084971874737_p_0.25_ϵ_1.0_gens_20000000_210224-200450.223
      From worker 9:	replicate complete, ran 20000000 generations:
      From worker 9:	
      From worker 9:		num_imitating:			15002011
      From worker 9:		num_not_imitating:		4997989
      From worker 9:		num_strategies_changed:  	425209
      From worker 9:			num_random_strategies: 	15049
      From worker 9:		num_sets_changed: 		6149642
      From worker 9:			num_random_opinions: 	187938
      From worker 9:			num_biased_opinions: 	187868
      From worker 9:		num_both_changed: 		254509
      From worker 9:	
      From worker 9:	data processed and exported
      From worker 15:	replicate complete, ran 20000000 generations:
      From worker 15:	
      From worker 15:		num_imitating:			14998154
      From worker 15:		num_not_imitating:		5001846
      From worker 15:		num_strategies_changed:  	458450
      From worker 15:			num_random_strategies: 	15118
      From worker 15:		num_sets_changed: 		11957024
      From worker 15:			num_random_opinions: 	4685589
      From worker 15:			num_biased_opinions: 	4687832
      From worker 15:		num_both_changed: 		372015
      From worker 15:	
      From worker 15:	data processed and exported
      From worker 15:	
      From worker 15:	starting b_1.0_c_0.2_N_40_M_3_K_1_P_2_beta_0.001_u_0.001_v_0.625_p_0.75_ϵ_1.0_gens_20000000_210224-200450.223
      From worker 14:	replicate complete, ran 20000000 generations:
      From worker 14:	
      From worker 14:		num_imitating:			17501202
      From worker 14:		num_not_imitating:		2498798
      From worker 14:		num_strategies_changed:  	486494
      From worker 14:			num_random_strategies: 	17398
      From worker 14:		num_sets_changed: 		13644586
      From worker 14:			num_random_opinions: 	3672637
      From worker 14:			num_biased_opinions: 	1221487
      From worker 14:		num_both_changed: 		402542
      From worker 14:	
      From worker 14:	data processed and exported
      From worker 14:	
      From worker 14:	starting b_1.0_c_0.2_N_40_M_3_K_1_P_2_beta_0.001_u_0.001_v_0.2795084971874737_p_0.5_ϵ_1.0_gens_20000000_210224-200450.223
      From worker 16:	replicate complete, ran 20000000 generations:
      From worker 16:	
      From worker 16:		num_imitating:			12501598
      From worker 16:		num_not_imitating:		7498402
      From worker 16:		num_strategies_changed:  	356582
      From worker 16:			num_random_strategies: 	12358
      From worker 16:		num_sets_changed: 		9443277
      From worker 16:			num_random_opinions: 	1954280
      From worker 16:			num_biased_opinions: 	5858390
      From worker 16:		num_both_changed: 		275511
      From worker 16:	
      From worker 16:	data processed and exported
      From worker 16:	
      From worker 16:	starting b_1.0_c_0.2_N_40_M_3_K_1_P_2_beta_0.001_u_0.001_v_0.625_p_1.0_ϵ_1.0_gens_20000000_210224-200450.223
      From worker 10:	replicate complete, ran 20000000 generations:
      From worker 10:	
      From worker 10:		num_imitating:			12498146
      From worker 10:		num_not_imitating:		7501854
      From worker 10:		num_strategies_changed:  	350432
      From worker 10:			num_random_strategies: 	12362
      From worker 10:		num_sets_changed: 		7085324
      From worker 10:			num_random_opinions: 	174484
      From worker 10:			num_biased_opinions: 	524260
      From worker 10:		num_both_changed: 		263938
      From worker 10:	
      From worker 10:	data processed and exported
      From worker 11:	replicate complete, ran 20000000 generations:
      From worker 11:	
      From worker 11:		num_imitating:			10000763
      From worker 11:		num_not_imitating:		9999237
      From worker 11:		num_strategies_changed:  	140927
      From worker 11:			num_random_strategies: 	9965
      From worker 11:		num_sets_changed: 		3584414
      From worker 11:			num_random_opinions: 	0
      From worker 11:			num_biased_opinions: 	558405
      From worker 11:		num_both_changed: 		72478
      From worker 11:	
      From worker 11:	data processed and exported
      From worker 12:	replicate complete, ran 20000000 generations:
      From worker 12:	
      From worker 12:		num_imitating:			20000000
      From worker 12:		num_not_imitating:		0
      From worker 12:		num_strategies_changed:  	553547
      From worker 12:			num_random_strategies: 	20003
      From worker 12:		num_sets_changed: 		14137120
      From worker 12:			num_random_opinions: 	2497590
      From worker 12:			num_biased_opinions: 	0
 Activating environment at `/tigress/mk28/CooperationPolarization2/Project.toml`
 Activating environment at `/tigress/mk28/CooperationPolarization2/Project.toml`
      From worker 12:		num_both_changed: 		448162
      From worker 12:	
      From worker 12:	data processed and exported
      From worker 16:	replicate complete, ran 20000000 generations:
      From worker 16:	
      From worker 16:		num_imitating:			9999708
      From worker 16:		num_not_imitating:		10000292
      From worker 16:		num_strategies_changed:  	151232
      From worker 16:			num_random_strategies: 	10034
      From worker 16:		num_sets_changed: 		6474209
      From worker 16:			num_random_opinions: 	0
      From worker 16:			num_biased_opinions: 	6249783
      From worker 16:		num_both_changed: 		100445
      From worker 16:	
      From worker 16:	data processed and exported
      From worker 13:	replicate complete, ran 20000000 generations:
      From worker 13:	
      From worker 13:		num_imitating:			17501612
      From worker 13:		num_not_imitating:		2498388
      From worker 13:		num_strategies_changed:  	511744
      From worker 13:			num_random_strategies: 	17609
      From worker 13:		num_sets_changed: 		13642274
      From worker 13:			num_random_opinions: 	3666874
      From worker 13:			num_biased_opinions: 	1222761
      From worker 13:		num_both_changed: 		423481
      From worker 13:	
      From worker 13:	data processed and exported
      From worker 15:	replicate complete, ran 20000000 generations:
      From worker 15:	
      From worker 15:		num_imitating:			12503476
      From worker 15:		num_not_imitating:		7496524
      From worker 15:		num_strategies_changed:  	360970
      From worker 15:			num_random_strategies: 	12706
      From worker 15:		num_sets_changed: 		9444468
      From worker 15:			num_random_opinions: 	1951854
      From worker 15:			num_biased_opinions: 	5859271
      From worker 15:		num_both_changed: 		279428
      From worker 15:	
      From worker 15:	data processed and exported
      From worker 14:	replicate complete, ran 20000000 generations:
      From worker 14:	
      From worker 14:		num_imitating:			14999185
      From worker 14:		num_not_imitating:		5000815
      From worker 14:		num_strategies_changed:  	449111
      From worker 14:			num_random_strategies: 	15023
      From worker 14:		num_sets_changed: 		11572845
      From worker 14:			num_random_opinions: 	2095541
      From worker 14:			num_biased_opinions: 	2094809
      From worker 14:		num_both_changed: 		369852
      From worker 14:	
      From worker 14:	data processed and exported
10907.622958 seconds (2.71 M allocations: 120.841 MiB, 0.00% gc time)
