packages loaded
      From worker 3:	 Activating environment at `/tigress/mk28/CooperationPolarization2/Project.toml`
      From worker 6:	 Activating environment at `/tigress/mk28/CooperationPolarization2/Project.toml`
      From worker 5:	 Activating environment at `/tigress/mk28/CooperationPolarization2/Project.toml`
      From worker 4:	 Activating environment at `/tigress/mk28/CooperationPolarization2/Project.toml`
      From worker 2:	 Activating environment at `/tigress/mk28/CooperationPolarization2/Project.toml`
      From worker 15:	 Activating environment at `/tigress/mk28/CooperationPolarization2/Project.toml`
      From worker 8:	 Activating environment at `/tigress/mk28/CooperationPolarization2/Project.toml`
      From worker 9:	 Activating environment at `/tigress/mk28/CooperationPolarization2/Project.toml`
      From worker 13:	 Activating environment at `/tigress/mk28/CooperationPolarization2/Project.toml`
      From worker 12:	 Activating environment at `/tigress/mk28/CooperationPolarization2/Project.toml`
      From worker 10:	 Activating environment at `/tigress/mk28/CooperationPolarization2/Project.toml`
      From worker 11:	 Activating environment at `/tigress/mk28/CooperationPolarization2/Project.toml`
      From worker 16:	 Activating environment at `/tigress/mk28/CooperationPolarization2/Project.toml`
      From worker 14:	 Activating environment at `/tigress/mk28/CooperationPolarization2/Project.toml`
      From worker 7:	 Activating environment at `/tigress/mk28/CooperationPolarization2/Project.toml`
      From worker 5:	packages loaded
      From worker 6:	packages loaded
      From worker 3:	packages loaded
      From worker 15:	packages loaded
      From worker 4:	packages loaded
      From worker 11:	packages loaded
      From worker 12:	packages loaded
      From worker 9:	packages loaded
      From worker 8:	packages loaded
      From worker 10:	packages loaded
      From worker 2:	packages loaded
      From worker 13:	packages loaded
      From worker 16:	packages loaded
      From worker 7:	packages loaded
      From worker 14:	packages loaded
parameters defined
      From worker 9:	
      From worker 9:	starting b_1.0_c_0.2_N_40_M_1_K_1_P_2_beta_0.001_u_0.001_v_0.025_p_0.5_ϵ_1.0_gens_20000000_210216-214934.756
      From worker 5:	
      From worker 5:	starting b_1.0_c_0.2_N_40_M_1_K_1_P_2_beta_0.001_u_0.001_v_0.0022360679774997894_p_0.75_ϵ_1.0_gens_20000000_210216-214934.756
      From worker 16:	
      From worker 16:	starting b_1.0_c_0.2_N_40_M_1_K_1_P_2_beta_0.001_u_0.001_v_0.625_p_1.0_ϵ_1.0_gens_20000000_210216-214934.756
      From worker 11:	
      From worker 11:	starting b_1.0_c_0.2_N_40_M_1_K_1_P_2_beta_0.001_u_0.001_v_0.055901699437494755_p_1.0_ϵ_1.0_gens_20000000_210216-214934.756
      From worker 6:	
      From worker 6:	starting b_1.0_c_0.2_N_40_M_1_K_1_P_2_beta_0.001_u_0.001_v_0.005_p_1.0_ϵ_1.0_gens_20000000_210216-214934.756
      From worker 3:	
      From worker 3:	starting b_1.0_c_0.2_N_40_M_1_K_1_P_2_beta_0.001_u_0.001_v_0.001_p_0.25_ϵ_1.0_gens_20000000_210216-214934.756
      From worker 13:	
      From worker 13:	starting b_1.0_c_0.2_N_40_M_1_K_1_P_2_beta_0.001_u_0.001_v_0.125_p_0.25_ϵ_1.0_gens_20000000_210216-214934.756
      From worker 7:	
      From worker 7:	starting b_1.0_c_0.2_N_40_M_1_K_1_P_2_beta_0.001_u_0.001_v_0.011180339887498947_p_0.0_ϵ_1.0_gens_20000000_210216-214934.756
      From worker 10:	
      From worker 10:	starting b_1.0_c_0.2_N_40_M_1_K_1_P_2_beta_0.001_u_0.001_v_0.025_p_0.75_ϵ_1.0_gens_20000000_210216-214934.756
      From worker 8:	
      From worker 8:	starting b_1.0_c_0.2_N_40_M_1_K_1_P_2_beta_0.001_u_0.001_v_0.011180339887498947_p_0.25_ϵ_1.0_gens_20000000_210216-214934.756
      From worker 4:	
      From worker 4:	starting b_1.0_c_0.2_N_40_M_1_K_1_P_2_beta_0.001_u_0.001_v_0.0022360679774997894_p_0.5_ϵ_1.0_gens_20000000_210216-214934.756
      From worker 2:	
      From worker 2:	starting b_1.0_c_0.2_N_40_M_1_K_1_P_2_beta_0.001_u_0.001_v_0.001_p_0.0_ϵ_1.0_gens_20000000_210216-214934.756
      From worker 15:	
      From worker 15:	starting b_1.0_c_0.2_N_40_M_1_K_1_P_2_beta_0.001_u_0.001_v_0.2795084971874737_p_0.75_ϵ_1.0_gens_20000000_210216-214934.756
      From worker 12:	
      From worker 12:	starting b_1.0_c_0.2_N_40_M_1_K_1_P_2_beta_0.001_u_0.001_v_0.125_p_0.0_ϵ_1.0_gens_20000000_210216-214934.756
      From worker 14:	
      From worker 14:	starting b_1.0_c_0.2_N_40_M_1_K_1_P_2_beta_0.001_u_0.001_v_0.2795084971874737_p_0.5_ϵ_1.0_gens_20000000_210216-214934.756
      From worker 6:	replicate complete, ran 20000000 generations:
      From worker 6:	
      From worker 6:		num_imitating:			10002208
      From worker 6:		num_not_imitating:		9997792
      From worker 6:		num_strategies_changed:  	151828
      From worker 6:			num_random_strategies: 	10109
      From worker 6:		num_sets_changed: 		0
      From worker 6:			num_random_opinions: 	0
      From worker 6:			num_biased_opinions: 	49544
      From worker 6:		num_both_changed: 		0
      From worker 6:	
      From worker 16:	replicate complete, ran 20000000 generations:
      From worker 16:	
      From worker 16:		num_imitating:			10000541
      From worker 16:		num_not_imitating:		9999459
      From worker 16:		num_strategies_changed:  	147407
      From worker 16:			num_random_strategies: 	10081
      From worker 16:		num_sets_changed: 		0
      From worker 16:			num_random_opinions: 	0
      From worker 16:			num_biased_opinions: 	6251551
      From worker 16:		num_both_changed: 		0
      From worker 16:	
      From worker 6:	data processed and exported
      From worker 6:	
      From worker 6:	starting b_1.0_c_0.2_N_40_M_1_K_1_P_2_beta_0.001_u_0.001_v_0.005_p_0.0_ϵ_1.0_gens_20000000_210216-214934.756
      From worker 16:	data processed and exported
      From worker 16:	
      From worker 16:	starting b_1.0_c_0.2_N_40_M_1_K_1_P_2_beta_0.001_u_0.001_v_0.625_p_0.0_ϵ_1.0_gens_20000000_210216-214934.756
      From worker 11:	replicate complete, ran 20000000 generations:
      From worker 11:	
      From worker 11:		num_imitating:			9997678
      From worker 11:		num_not_imitating:		10002322
      From worker 11:		num_strategies_changed:  	149889
      From worker 11:			num_random_strategies: 	9943
      From worker 11:		num_sets_changed: 		0
      From worker 11:			num_random_opinions: 	0
      From worker 11:			num_biased_opinions: 	559065
      From worker 11:		num_both_changed: 		0
      From worker 11:	
      From worker 11:	data processed and exported
      From worker 11:	
      From worker 11:	starting b_1.0_c_0.2_N_40_M_1_K_1_P_2_beta_0.001_u_0.001_v_0.055901699437494755_p_0.0_ϵ_1.0_gens_20000000_210216-214934.756
      From worker 2:	replicate complete, ran 20000000 generations:
      From worker 2:	
      From worker 2:		num_imitating:			20000000
      From worker 2:		num_not_imitating:		0
      From worker 2:		num_strategies_changed:  	558443
      From worker 2:			num_random_strategies: 	19789
      From worker 2:		num_sets_changed: 		388014
      From worker 2:			num_random_opinions: 	20009
      From worker 2:			num_biased_opinions: 	0
      From worker 2:		num_both_changed: 		21869
      From worker 2:	
      From worker 2:	data processed and exported
      From worker 5:	replicate complete, ran 20000000 generations:
      From worker 5:	
      From worker 5:		num_imitating:			12496569
      From worker 5:		num_not_imitating:		7503431
      From worker 5:		num_strategies_changed:  	352150
      From worker 5:			num_random_strategies: 	12501
      From worker 5:		num_sets_changed: 		507876
      From worker 5:			num_random_opinions: 	7094
      From worker 5:			num_biased_opinions: 	20888
      From worker 5:		num_both_changed: 		30395
      From worker 5:	
      From worker 2:	
      From worker 2:	starting b_1.0_c_0.2_N_40_M_1_K_1_P_2_beta_0.001_u_0.001_v_0.001_p_0.25_ϵ_1.0_gens_20000000_210216-214934.756
      From worker 5:	data processed and exported
      From worker 5:	
      From worker 5:	starting b_1.0_c_0.2_N_40_M_1_K_1_P_2_beta_0.001_u_0.001_v_0.0022360679774997894_p_1.0_ϵ_1.0_gens_20000000_210216-214934.756
      From worker 3:	replicate complete, ran 20000000 generations:
      From worker 3:	
      From worker 3:		num_imitating:			17498455
      From worker 3:		num_not_imitating:		2501545
      From worker 3:		num_strategies_changed:  	506952
      From worker 3:			num_random_strategies: 	17313
      From worker 3:		num_sets_changed: 		344862
      From worker 3:			num_random_opinions: 	13310
      From worker 3:			num_biased_opinions: 	4456
      From worker 3:		num_both_changed: 		20253
      From worker 3:	
      From worker 3:	data processed and exported
      From worker 3:	
      From worker 3:	starting b_1.0_c_0.2_N_40_M_1_K_1_P_2_beta_0.001_u_0.001_v_0.001_p_0.5_ϵ_1.0_gens_20000000_210216-214934.756
      From worker 4:	replicate complete, ran 20000000 generations:
      From worker 4:	
      From worker 4:		num_imitating:			15002567
      From worker 4:		num_not_imitating:		4997433
      From worker 4:		num_strategies_changed:  	453563
      From worker 4:			num_random_strategies: 	15085
      From worker 4:		num_sets_changed: 		594180
      From worker 4:			num_random_opinions: 	16852
      From worker 4:			num_biased_opinions: 	16825
      From worker 4:		num_both_changed: 		35700
      From worker 4:	
      From worker 4:	data processed and exported
      From worker 4:	
      From worker 4:	starting b_1.0_c_0.2_N_40_M_1_K_1_P_2_beta_0.001_u_0.001_v_0.0022360679774997894_p_0.75_ϵ_1.0_gens_20000000_210216-214934.756
      From worker 8:	replicate complete, ran 20000000 generations:
      From worker 8:	
      From worker 8:		num_imitating:			17498054
      From worker 8:		num_not_imitating:		2501946
      From worker 8:		num_strategies_changed:  	527381
      From worker 8:			num_random_strategies: 	17371
      From worker 8:		num_sets_changed: 		2736810
      From worker 8:			num_random_opinions: 	146323
      From worker 8:			num_biased_opinions: 	48878
      From worker 8:		num_both_changed: 		137090
      From worker 8:	
      From worker 8:	data processed and exported
      From worker 8:	
      From worker 8:	starting b_1.0_c_0.2_N_40_M_1_K_1_P_2_beta_0.001_u_0.001_v_0.011180339887498947_p_0.5_ϵ_1.0_gens_20000000_210216-214934.756
      From worker 10:	replicate complete, ran 20000000 generations:
      From worker 10:	
      From worker 10:		num_imitating:			12500321
      From worker 10:		num_not_imitating:		7499679
      From worker 10:		num_strategies_changed:  	349714
      From worker 10:			num_random_strategies: 	12301
      From worker 10:		num_sets_changed: 		3110538
      From worker 10:			num_random_opinions: 	78159
      From worker 10:			num_biased_opinions: 	235011
      From worker 10:		num_both_changed: 		130205
      From worker 10:	
      From worker 10:	data processed and exported
      From worker 10:	
      From worker 10:	starting b_1.0_c_0.2_N_40_M_1_K_1_P_2_beta_0.001_u_0.001_v_0.025_p_1.0_ϵ_1.0_gens_20000000_210216-214934.756
      From worker 7:	replicate complete, ran 20000000 generations:
      From worker 7:	
      From worker 7:		num_imitating:			20000000
      From worker 7:		num_not_imitating:		0
      From worker 7:		num_strategies_changed:  	596683
      From worker 7:			num_random_strategies: 	20071
      From worker 7:		num_sets_changed: 		3110480
      From worker 7:			num_random_opinions: 	223239
      From worker 7:			num_biased_opinions: 	0
      From worker 7:		num_both_changed: 		163954
      From worker 7:	
      From worker 7:	data processed and exported
      From worker 7:	
      From worker 7:	starting b_1.0_c_0.2_N_40_M_1_K_1_P_2_beta_0.001_u_0.001_v_0.011180339887498947_p_0.25_ϵ_1.0_gens_20000000_210216-214934.756
      From worker 9:	replicate complete, ran 20000000 generations:
      From worker 9:	
      From worker 9:		num_imitating:			14999490
      From worker 9:		num_not_imitating:		5000510
      From worker 9:		num_strategies_changed:  	415380
      From worker 9:			num_random_strategies: 	14894
      From worker 9:		num_sets_changed: 		3751474
      From worker 9:			num_random_opinions: 	187231
      From worker 9:			num_biased_opinions: 	187129
      From worker 9:		num_both_changed: 		155511
      From worker 9:	
      From worker 9:	data processed and exported
      From worker 9:	
      From worker 9:	starting b_1.0_c_0.2_N_40_M_1_K_1_P_2_beta_0.001_u_0.001_v_0.025_p_0.75_ϵ_1.0_gens_20000000_210216-214934.756
      From worker 15:	replicate complete, ran 20000000 generations:
      From worker 15:	
      From worker 15:		num_imitating:			12503184
      From worker 15:		num_not_imitating:		7496816
      From worker 15:		num_strategies_changed:  	348491
      From worker 15:			num_random_strategies: 	12584
      From worker 15:		num_sets_changed: 		4984677
      From worker 15:			num_random_opinions: 	872498
      From worker 15:			num_biased_opinions: 	2621956
      From worker 15:		num_both_changed: 		153333
      From worker 15:	
      From worker 15:	data processed and exported
      From worker 15:	
      From worker 15:	starting b_1.0_c_0.2_N_40_M_1_K_1_P_2_beta_0.001_u_0.001_v_0.2795084971874737_p_1.0_ϵ_1.0_gens_20000000_210216-214934.756
      From worker 14:	replicate complete, ran 20000000 generations:
      From worker 14:	
      From worker 14:		num_imitating:			14999430
      From worker 14:		num_not_imitating:		5000570
      From worker 14:		num_strategies_changed:  	451157
      From worker 14:			num_random_strategies: 	15096
      From worker 14:		num_sets_changed: 		6754398
      From worker 14:			num_random_opinions: 	2096382
      From worker 14:			num_biased_opinions: 	2094514
      From worker 14:		num_both_changed: 		216788
      From worker 14:	
      From worker 14:	data processed and exported
      From worker 14:	
      From worker 14:	starting b_1.0_c_0.2_N_40_M_1_K_1_P_2_beta_0.001_u_0.001_v_0.2795084971874737_p_0.75_ϵ_1.0_gens_20000000_210216-214934.756
      From worker 13:	replicate complete, ran 20000000 generations:
      From worker 13:	
      From worker 13:		num_imitating:			17502072
      From worker 13:		num_not_imitating:		2497928
      From worker 13:		num_strategies_changed:  	529681
      From worker 13:			num_random_strategies: 	17585
      From worker 13:		num_sets_changed: 		7413867
      From worker 13:			num_random_opinions: 	1640546
      From worker 13:			num_biased_opinions: 	547619
      From worker 13:		num_both_changed: 		258301
      From worker 13:	
      From worker 13:	data processed and exported
      From worker 13:	
      From worker 13:	starting b_1.0_c_0.2_N_40_M_1_K_1_P_2_beta_0.001_u_0.001_v_0.125_p_0.5_ϵ_1.0_gens_20000000_210216-214934.756
      From worker 12:	replicate complete, ran 20000000 generations:
      From worker 12:	
      From worker 12:		num_imitating:			20000000
      From worker 12:		num_not_imitating:		0
      From worker 12:		num_strategies_changed:  	573972
      From worker 12:			num_random_strategies: 	19918
      From worker 12:		num_sets_changed: 		8503622
      From worker 12:			num_random_opinions: 	2499346
      From worker 12:			num_biased_opinions: 	0
      From worker 12:		num_both_changed: 		280351
      From worker 12:	
      From worker 12:	data processed and exported
      From worker 12:	
      From worker 12:	starting b_1.0_c_0.2_N_40_M_1_K_1_P_2_beta_0.001_u_0.001_v_0.125_p_0.25_ϵ_1.0_gens_20000000_210216-214934.756
      From worker 5:	replicate complete, ran 20000000 generations:
      From worker 5:	
      From worker 5:		num_imitating:			9999469
      From worker 5:		num_not_imitating:		10000531
      From worker 5:		num_strategies_changed:  	145996
      From worker 5:			num_random_strategies: 	10130
      From worker 5:		num_sets_changed: 		0
      From worker 5:			num_random_opinions: 	0
      From worker 5:			num_biased_opinions: 	22312
      From worker 5:		num_both_changed: 		0
      From worker 5:	
      From worker 5:	data processed and exported
      From worker 5:	
      From worker 5:	starting b_1.0_c_0.2_N_40_M_1_K_1_P_2_beta_0.001_u_0.001_v_0.005_p_0.0_ϵ_1.0_gens_20000000_210216-214934.756
      From worker 2:	replicate complete, ran 20000000 generations:
      From worker 2:	
      From worker 2:		num_imitating:			17500042
      From worker 2:		num_not_imitating:		2499958
      From worker 2:		num_strategies_changed:  	499437
      From worker 2:			num_random_strategies: 	17533
      From worker 2:		num_sets_changed: 		366278
      From worker 2:			num_random_opinions: 	13250
      From worker 2:			num_biased_opinions: 	4300
      From worker 2:		num_both_changed: 		17774
      From worker 2:	
      From worker 2:	data processed and exported
      From worker 2:	
      From worker 2:	starting b_1.0_c_0.2_N_40_M_1_K_1_P_2_beta_0.001_u_0.001_v_0.001_p_0.5_ϵ_1.0_gens_20000000_210216-214934.756
      From worker 3:	replicate complete, ran 20000000 generations:
      From worker 3:	
      From worker 3:		num_imitating:			14997163
      From worker 3:		num_not_imitating:		5002837
      From worker 3:		num_strategies_changed:  	440850
      From worker 3:			num_random_strategies: 	15074
      From worker 3:		num_sets_changed: 		293132
      From worker 3:			num_random_opinions: 	7544
      From worker 3:			num_biased_opinions: 	7556
      From worker 3:		num_both_changed: 		16035
      From worker 3:	
      From worker 3:	data processed and exported
      From worker 3:	
      From worker 3:	starting b_1.0_c_0.2_N_40_M_1_K_1_P_2_beta_0.001_u_0.001_v_0.001_p_0.75_ϵ_1.0_gens_20000000_210216-214934.756
      From worker 4:	replicate complete, ran 20000000 generations:
      From worker 4:	
      From worker 4:		num_imitating:			12498482
      From worker 4:		num_not_imitating:		7501518
      From worker 4:		num_strategies_changed:  	345639
      From worker 4:			num_random_strategies: 	12575
      From worker 4:		num_sets_changed: 		518061
      From worker 4:			num_random_opinions: 	7102
      From worker 4:			num_biased_opinions: 	20805
      From worker 4:		num_both_changed: 		28721
      From worker 4:	
      From worker 4:	data processed and exported
      From worker 4:	
      From worker 4:	starting b_1.0_c_0.2_N_40_M_1_K_1_P_2_beta_0.001_u_0.001_v_0.0022360679774997894_p_1.0_ϵ_1.0_gens_20000000_210216-214934.756
      From worker 6:	replicate complete, ran 20000000 generations:
      From worker 6:	
      From worker 6:		num_imitating:			20000000
      From worker 6:		num_not_imitating:		0
      From worker 6:		num_strategies_changed:  	561183
      From worker 6:			num_random_strategies: 	19736
      From worker 6:		num_sets_changed: 		1633447
      From worker 6:			num_random_opinions: 	99649
      From worker 6:			num_biased_opinions: 	0
      From worker 6:		num_both_changed: 		69997
      From worker 6:	
      From worker 6:	data processed and exported
      From worker 6:	
      From worker 6:	starting b_1.0_c_0.2_N_40_M_1_K_1_P_2_beta_0.001_u_0.001_v_0.005_p_0.25_ϵ_1.0_gens_20000000_210216-214934.756
      From worker 10:	replicate complete, ran 20000000 generations:
      From worker 10:	
      From worker 10:		num_imitating:			10000447
      From worker 10:		num_not_imitating:		9999553
      From worker 10:		num_strategies_changed:  	154836
      From worker 10:			num_random_strategies: 	9985
      From worker 10:		num_sets_changed: 		0
      From worker 10:			num_random_opinions: 	0
      From worker 10:			num_biased_opinions: 	249719
      From worker 10:		num_both_changed: 		0
      From worker 10:	
      From worker 10:	data processed and exported
      From worker 10:	
      From worker 10:	starting b_1.0_c_0.2_N_40_M_1_K_1_P_2_beta_0.001_u_0.001_v_0.055901699437494755_p_0.0_ϵ_1.0_gens_20000000_210216-214934.756
      From worker 15:	replicate complete, ran 20000000 generations:
      From worker 15:	
      From worker 15:		num_imitating:			10000274
      From worker 15:		num_not_imitating:		9999726
      From worker 15:		num_strategies_changed:  	146735
      From worker 15:			num_random_strategies: 	9802
      From worker 15:		num_sets_changed: 		0
      From worker 15:			num_random_opinions: 	0
      From worker 15:			num_biased_opinions: 	2795708
      From worker 15:		num_both_changed: 		0
      From worker 15:	
      From worker 15:	data processed and exported
      From worker 15:	
      From worker 15:	starting b_1.0_c_0.2_N_40_M_1_K_1_P_2_beta_0.001_u_0.001_v_0.625_p_0.0_ϵ_1.0_gens_20000000_210216-214934.756
      From worker 8:	replicate complete, ran 20000000 generations:
      From worker 8:	
      From worker 8:		num_imitating:			15000370
      From worker 8:		num_not_imitating:		4999630
      From worker 8:		num_strategies_changed:  	434581
      From worker 8:			num_random_strategies: 	14944
      From worker 8:		num_sets_changed: 		2370191
      From worker 8:			num_random_opinions: 	83772
      From worker 8:			num_biased_opinions: 	83914
      From worker 8:		num_both_changed: 		115914
      From worker 8:	
      From worker 8:	data processed and exported
      From worker 8:	
      From worker 8:	starting b_1.0_c_0.2_N_40_M_1_K_1_P_2_beta_0.001_u_0.001_v_0.011180339887498947_p_0.75_ϵ_1.0_gens_20000000_210216-214934.756
      From worker 7:	replicate complete, ran 20000000 generations:
      From worker 7:	
      From worker 7:		num_imitating:			17500321
      From worker 7:		num_not_imitating:		2499679
      From worker 7:		num_strategies_changed:  	473534
      From worker 7:			num_random_strategies: 	17346
      From worker 7:		num_sets_changed: 		2715462
      From worker 7:			num_random_opinions: 	146807
      From worker 7:			num_biased_opinions: 	49139
      From worker 7:		num_both_changed: 		117869
      From worker 7:	
      From worker 7:	data processed and exported
      From worker 7:	
      From worker 7:	starting b_1.0_c_0.2_N_40_M_1_K_1_P_2_beta_0.001_u_0.001_v_0.011180339887498947_p_0.5_ϵ_1.0_gens_20000000_210216-214934.756
      From worker 11:	replicate complete, ran 20000000 generations:
      From worker 11:	
      From worker 11:		num_imitating:			20000000
      From worker 11:		num_not_imitating:		0
      From worker 11:		num_strategies_changed:  	585638
      From worker 11:			num_random_strategies: 	20060
      From worker 11:		num_sets_changed: 		6992939
      From worker 11:			num_random_opinions: 	1117927
      From worker 11:			num_biased_opinions: 	0
      From worker 11:		num_both_changed: 		264524
      From worker 11:	
      From worker 9:	replicate complete, ran 20000000 generations:
      From worker 9:	
      From worker 9:		num_imitating:			12494216
      From worker 9:		num_not_imitating:		7505784
      From worker 9:		num_strategies_changed:  	378637
      From worker 9:			num_random_strategies: 	12486
      From worker 9:		num_sets_changed: 		3088942
      From worker 9:			num_random_opinions: 	77473
      From worker 9:			num_biased_opinions: 	233695
      From worker 9:		num_both_changed: 		144473
      From worker 9:	
      From worker 11:	data processed and exported
      From worker 11:	
      From worker 11:	starting b_1.0_c_0.2_N_40_M_1_K_1_P_2_beta_0.001_u_0.001_v_0.055901699437494755_p_0.25_ϵ_1.0_gens_20000000_210216-214934.756
      From worker 9:	data processed and exported
      From worker 9:	
      From worker 9:	starting b_1.0_c_0.2_N_40_M_1_K_1_P_2_beta_0.001_u_0.001_v_0.025_p_1.0_ϵ_1.0_gens_20000000_210216-214934.756
      From worker 16:	replicate complete, ran 20000000 generations:
      From worker 16:	
      From worker 16:		num_imitating:			20000000
      From worker 16:		num_not_imitating:		0
      From worker 16:		num_strategies_changed:  	568364
      From worker 16:			num_random_strategies: 	19990
      From worker 16:		num_sets_changed: 		9852203
      From worker 16:			num_random_opinions: 	12498839
      From worker 16:			num_biased_opinions: 	0
      From worker 16:		num_both_changed: 		284687
      From worker 16:	
      From worker 16:	data processed and exported
      From worker 16:	
      From worker 16:	starting b_1.0_c_0.2_N_40_M_1_K_1_P_2_beta_0.001_u_0.001_v_0.625_p_0.25_ϵ_1.0_gens_20000000_210216-214934.756
      From worker 2:	replicate complete, ran 20000000 generations:
      From worker 2:	
      From worker 2:		num_imitating:			14999438
      From worker 2:		num_not_imitating:		5000562
      From worker 2:		num_strategies_changed:  	417830
      From worker 2:			num_random_strategies: 	14965
      From worker 2:		num_sets_changed: 		295540
      From worker 2:			num_random_opinions: 	7393
      From worker 2:			num_biased_opinions: 	7445
      From worker 2:		num_both_changed: 		17768
      From worker 2:	
      From worker 2:	data processed and exported
      From worker 2:	
      From worker 2:	starting b_1.0_c_0.2_N_40_M_1_K_1_P_2_beta_0.001_u_0.001_v_0.001_p_0.75_ϵ_1.0_gens_20000000_210216-214934.756
      From worker 4:	replicate complete, ran 20000000 generations:
      From worker 4:	
      From worker 4:		num_imitating:			9999238
      From worker 4:		num_not_imitating:		10000762
      From worker 4:		num_strategies_changed:  	151285
      From worker 4:			num_random_strategies: 	9832
      From worker 4:		num_sets_changed: 		0
      From worker 4:			num_random_opinions: 	0
      From worker 4:			num_biased_opinions: 	22488
      From worker 4:		num_both_changed: 		0
      From worker 4:	
      From worker 4:	data processed and exported
      From worker 4:	
      From worker 4:	starting b_1.0_c_0.2_N_40_M_1_K_1_P_2_beta_0.001_u_0.001_v_0.0022360679774997894_p_0.0_ϵ_1.0_gens_20000000_210216-214934.756
      From worker 3:	replicate complete, ran 20000000 generations:
      From worker 3:	
      From worker 3:		num_imitating:			12495917
      From worker 3:		num_not_imitating:		7504083
      From worker 3:		num_strategies_changed:  	356861
      From worker 3:			num_random_strategies: 	12770
      From worker 3:		num_sets_changed: 		257628
      From worker 3:			num_random_opinions: 	3189
      From worker 3:			num_biased_opinions: 	9481
      From worker 3:		num_both_changed: 		15640
      From worker 3:	
      From worker 3:	data processed and exported
      From worker 3:	
      From worker 3:	starting b_1.0_c_0.2_N_40_M_1_K_1_P_2_beta_0.001_u_0.001_v_0.001_p_1.0_ϵ_1.0_gens_20000000_210216-214934.756
      From worker 5:	replicate complete, ran 20000000 generations:
      From worker 5:	
      From worker 5:		num_imitating:			20000000
      From worker 5:		num_not_imitating:		0
      From worker 5:		num_strategies_changed:  	592087
      From worker 5:			num_random_strategies: 	20101
      From worker 5:		num_sets_changed: 		1630270
      From worker 5:			num_random_opinions: 	99731
      From worker 5:			num_biased_opinions: 	0
      From worker 5:		num_both_changed: 		83763
      From worker 5:	
      From worker 5:	data processed and exported
      From worker 5:	
      From worker 5:	starting b_1.0_c_0.2_N_40_M_1_K_1_P_2_beta_0.001_u_0.001_v_0.005_p_0.25_ϵ_1.0_gens_20000000_210216-214934.756
      From worker 14:	replicate complete, ran 20000000 generations:
      From worker 14:	
      From worker 14:		num_imitating:			12497079
      From worker 14:		num_not_imitating:		7502921
      From worker 14:		num_strategies_changed:  	355956
      From worker 14:			num_random_strategies: 	12442
      From worker 14:		num_sets_changed: 		4980802
      From worker 14:			num_random_opinions: 	873471
      From worker 14:			num_biased_opinions: 	2619514
      From worker 14:		num_both_changed: 		156386
      From worker 14:	
      From worker 14:	data processed and exported
      From worker 14:	
      From worker 14:	starting b_1.0_c_0.2_N_40_M_1_K_1_P_2_beta_0.001_u_0.001_v_0.2795084971874737_p_1.0_ϵ_1.0_gens_20000000_210216-214934.756
      From worker 6:	replicate complete, ran 20000000 generations:
      From worker 6:	
      From worker 6:		num_imitating:			17500255
      From worker 6:		num_not_imitating:		2499745
      From worker 6:		num_strategies_changed:  	515714
      From worker 6:			num_random_strategies: 	17481
      From worker 6:		num_sets_changed: 		1524566
      From worker 6:			num_random_opinions: 	65864
      From worker 6:			num_biased_opinions: 	21886
      From worker 6:		num_both_changed: 		82298
      From worker 6:	
      From worker 6:	data processed and exported
      From worker 6:	
      From worker 6:	starting b_1.0_c_0.2_N_40_M_1_K_1_P_2_beta_0.001_u_0.001_v_0.005_p_0.5_ϵ_1.0_gens_20000000_210216-214934.756
      From worker 13:	replicate complete, ran 20000000 generations:
      From worker 13:	
      From worker 13:		num_imitating:			15000502
      From worker 13:		num_not_imitating:		4999498
      From worker 13:		num_strategies_changed:  	441520
      From worker 13:			num_random_strategies: 	15118
      From worker 13:		num_sets_changed: 		6262536
      From worker 13:			num_random_opinions: 	935136
      From worker 13:			num_biased_opinions: 	938517
      From worker 13:		num_both_changed: 		214072
      From worker 13:	
      From worker 13:	data processed and exported
      From worker 13:	
      From worker 13:	starting b_1.0_c_0.2_N_40_M_1_K_1_P_2_beta_0.001_u_0.001_v_0.125_p_0.75_ϵ_1.0_gens_20000000_210216-214934.756
      From worker 12:	replicate complete, ran 20000000 generations:
      From worker 12:	
      From worker 12:		num_imitating:			17499351
      From worker 12:		num_not_imitating:		2500649
      From worker 12:		num_strategies_changed:  	520779
      From worker 12:			num_random_strategies: 	17652
      From worker 12:		num_sets_changed: 		7417810
      From worker 12:			num_random_opinions: 	1640440
      From worker 12:			num_biased_opinions: 	547259
      From worker 12:		num_both_changed: 		252789
      From worker 12:	
      From worker 12:	data processed and exported
      From worker 12:	
      From worker 12:	starting b_1.0_c_0.2_N_40_M_1_K_1_P_2_beta_0.001_u_0.001_v_0.125_p_0.5_ϵ_1.0_gens_20000000_210216-214934.756
      From worker 9:	replicate complete, ran 20000000 generations:
      From worker 9:	
      From worker 9:		num_imitating:			9999644
      From worker 9:		num_not_imitating:		10000356
      From worker 9:		num_strategies_changed:  	146246
      From worker 9:			num_random_strategies: 	9980
      From worker 9:		num_sets_changed: 		0
      From worker 9:			num_random_opinions: 	0
      From worker 9:			num_biased_opinions: 	249760
      From worker 9:		num_both_changed: 		0
      From worker 9:	
      From worker 9:	data processed and exported
      From worker 9:	
      From worker 9:	starting b_1.0_c_0.2_N_40_M_1_K_1_P_2_beta_0.001_u_0.001_v_0.025_p_0.0_ϵ_1.0_gens_20000000_210216-214934.756
      From worker 8:	replicate complete, ran 20000000 generations:
      From worker 8:	
      From worker 8:		num_imitating:			12501101
      From worker 8:		num_not_imitating:		7498899
      From worker 8:		num_strategies_changed:  	359450
      From worker 8:			num_random_strategies: 	12566
      From worker 8:		num_sets_changed: 		1902614
      From worker 8:			num_random_opinions: 	35234
      From worker 8:			num_biased_opinions: 	104727
      From worker 8:		num_both_changed: 		92086
      From worker 8:	
      From worker 8:	data processed and exported
      From worker 8:	
      From worker 8:	starting b_1.0_c_0.2_N_40_M_1_K_1_P_2_beta_0.001_u_0.001_v_0.011180339887498947_p_1.0_ϵ_1.0_gens_20000000_210216-214934.756
      From worker 7:	replicate complete, ran 20000000 generations:
      From worker 7:	
      From worker 7:		num_imitating:			14999799
      From worker 7:		num_not_imitating:		5000201
      From worker 7:		num_strategies_changed:  	422836
      From worker 7:			num_random_strategies: 	14881
      From worker 7:		num_sets_changed: 		2348564
      From worker 7:			num_random_opinions: 	84526
      From worker 7:			num_biased_opinions: 	83716
      From worker 7:		num_both_changed: 		110113
      From worker 7:	
      From worker 7:	data processed and exported
      From worker 7:	
      From worker 7:	starting b_1.0_c_0.2_N_40_M_1_K_1_P_2_beta_0.001_u_0.001_v_0.011180339887498947_p_0.75_ϵ_1.0_gens_20000000_210216-214934.756
      From worker 10:	replicate complete, ran 20000000 generations:
      From worker 10:	
      From worker 10:		num_imitating:			20000000
      From worker 10:		num_not_imitating:		0
      From worker 10:		num_strategies_changed:  	590547
      From worker 10:			num_random_strategies: 	20209
      From worker 10:		num_sets_changed: 		7033689
      From worker 10:			num_random_opinions: 	1117729
      From worker 10:			num_biased_opinions: 	0
      From worker 10:		num_both_changed: 		264223
      From worker 10:	
      From worker 10:	data processed and exported
      From worker 10:	
      From worker 10:	starting b_1.0_c_0.2_N_40_M_1_K_1_P_2_beta_0.001_u_0.001_v_0.055901699437494755_p_0.25_ϵ_1.0_gens_20000000_210216-214934.756
      From worker 3:	replicate complete, ran 20000000 generations:
      From worker 3:	
      From worker 3:		num_imitating:			10000348
      From worker 3:		num_not_imitating:		9999652
      From worker 3:		num_strategies_changed:  	142783
      From worker 3:			num_random_strategies: 	9994
      From worker 3:		num_sets_changed: 		0
      From worker 3:			num_random_opinions: 	0
      From worker 3:			num_biased_opinions: 	9756
      From worker 3:		num_both_changed: 		0
      From worker 3:	
      From worker 2:	replicate complete, ran 20000000 generations:
      From worker 2:	
      From worker 2:		num_imitating:			12499486
      From worker 2:		num_not_imitating:		7500514
      From worker 2:		num_strategies_changed:  	363882
      From worker 2:			num_random_strategies: 	12412
      From worker 2:		num_sets_changed: 		262850
      From worker 2:			num_random_opinions: 	3208
      From worker 2:			num_biased_opinions: 	9336
      From worker 2:		num_both_changed: 		15103
      From worker 2:	
      From worker 2:	data processed and exported
      From worker 3:	data processed and exported
      From worker 3:	
      From worker 3:	starting b_1.0_c_0.2_N_40_M_1_K_1_P_2_beta_0.001_u_0.001_v_0.0022360679774997894_p_0.0_ϵ_1.0_gens_20000000_210216-214934.756
      From worker 2:	
      From worker 2:	starting b_1.0_c_0.2_N_40_M_1_K_1_P_2_beta_0.001_u_0.001_v_0.001_p_1.0_ϵ_1.0_gens_20000000_210216-214934.756
      From worker 4:	replicate complete, ran 20000000 generations:
      From worker 4:	
      From worker 4:		num_imitating:			20000000
      From worker 4:		num_not_imitating:		0
      From worker 4:		num_strategies_changed:  	577931
      From worker 4:			num_random_strategies: 	20297
      From worker 4:		num_sets_changed: 		836866
      From worker 4:			num_random_opinions: 	44686
      From worker 4:			num_biased_opinions: 	0
      From worker 4:		num_both_changed: 		44721
      From worker 4:	
      From worker 4:	data processed and exported
      From worker 4:	
      From worker 4:	starting b_1.0_c_0.2_N_40_M_1_K_1_P_2_beta_0.001_u_0.001_v_0.0022360679774997894_p_0.25_ϵ_1.0_gens_20000000_210216-214934.756
      From worker 14:	replicate complete, ran 20000000 generations:
      From worker 14:	
      From worker 14:		num_imitating:			10001890
      From worker 14:		num_not_imitating:		9998110
      From worker 14:		num_strategies_changed:  	142905
      From worker 14:			num_random_strategies: 	9932
      From worker 14:		num_sets_changed: 		0
      From worker 14:			num_random_opinions: 	0
      From worker 14:			num_biased_opinions: 	2793779
      From worker 14:		num_both_changed: 		0
      From worker 14:	
      From worker 14:	data processed and exported
      From worker 14:	
      From worker 14:	starting b_1.0_c_0.2_N_40_M_1_K_1_P_2_beta_0.001_u_0.001_v_0.2795084971874737_p_0.0_ϵ_1.0_gens_20000000_210216-214934.756
      From worker 5:	replicate complete, ran 20000000 generations:
      From worker 5:	
      From worker 5:		num_imitating:			17499252
      From worker 5:		num_not_imitating:		2500748
      From worker 5:		num_strategies_changed:  	493774
      From worker 5:			num_random_strategies: 	17492
      From worker 5:		num_sets_changed: 		1501262
      From worker 5:			num_random_opinions: 	65562
      From worker 5:			num_biased_opinions: 	21658
      From worker 5:		num_both_changed: 		77461
      From worker 5:	
      From worker 5:	data processed and exported
      From worker 5:	
      From worker 5:	starting b_1.0_c_0.2_N_40_M_1_K_1_P_2_beta_0.001_u_0.001_v_0.005_p_0.5_ϵ_1.0_gens_20000000_210216-214934.756
      From worker 6:	replicate complete, ran 20000000 generations:
      From worker 6:	
      From worker 6:		num_imitating:			15001079
      From worker 6:		num_not_imitating:		4998921
      From worker 6:		num_strategies_changed:  	443959
      From worker 6:			num_random_strategies: 	14954
      From worker 6:		num_sets_changed: 		1265014
      From worker 6:			num_random_opinions: 	37840
      From worker 6:			num_biased_opinions: 	37461
      From worker 6:		num_both_changed: 		62589
      From worker 6:	
      From worker 6:	data processed and exported
      From worker 6:	
      From worker 6:	starting b_1.0_c_0.2_N_40_M_1_K_1_P_2_beta_0.001_u_0.001_v_0.005_p_0.75_ϵ_1.0_gens_20000000_210216-214934.756
      From worker 11:	replicate complete, ran 20000000 generations:
      From worker 11:	
      From worker 11:		num_imitating:			17501778
      From worker 11:		num_not_imitating:		2498222
      From worker 11:		num_strategies_changed:  	505060
      From worker 11:			num_random_strategies: 	17511
      From worker 11:		num_sets_changed: 		6144940
      From worker 11:			num_random_opinions: 	734218
      From worker 11:			num_biased_opinions: 	245141
      From worker 11:		num_both_changed: 		227708
      From worker 11:	
      From worker 11:	data processed and exported
      From worker 11:	
      From worker 11:	starting b_1.0_c_0.2_N_40_M_1_K_1_P_2_beta_0.001_u_0.001_v_0.055901699437494755_p_0.5_ϵ_1.0_gens_20000000_210216-214934.756
      From worker 15:	replicate complete, ran 20000000 generations:
      From worker 15:	
      From worker 15:		num_imitating:			20000000
      From worker 15:		num_not_imitating:		0
      From worker 15:		num_strategies_changed:  	590479
      From worker 15:			num_random_strategies: 	19811
      From worker 15:		num_sets_changed: 		9853257
      From worker 15:			num_random_opinions: 	12501600
      From worker 15:			num_biased_opinions: 	0
      From worker 15:		num_both_changed: 		295116
      From worker 15:	
      From worker 15:	data processed and exported
      From worker 15:	
      From worker 15:	starting b_1.0_c_0.2_N_40_M_1_K_1_P_2_beta_0.001_u_0.001_v_0.625_p_0.25_ϵ_1.0_gens_20000000_210216-214934.756
      From worker 8:	replicate complete, ran 20000000 generations:
      From worker 8:	
      From worker 8:		num_imitating:			10001941
      From worker 8:		num_not_imitating:		9998059
      From worker 8:		num_strategies_changed:  	145596
      From worker 8:			num_random_strategies: 	10076
      From worker 8:		num_sets_changed: 		0
      From worker 8:			num_random_opinions: 	0
      From worker 8:			num_biased_opinions: 	111553
      From worker 8:		num_both_changed: 		0
      From worker 8:	
      From worker 8:	data processed and exported
      From worker 8:	
      From worker 8:	starting b_1.0_c_0.2_N_40_M_1_K_1_P_2_beta_0.001_u_0.001_v_0.025_p_0.0_ϵ_1.0_gens_20000000_210216-214934.756
      From worker 16:	replicate complete, ran 20000000 generations:
      From worker 16:	
      From worker 16:		num_imitating:			17499877
      From worker 16:		num_not_imitating:		2500123
      From worker 16:		num_strategies_changed:  	517129
      From worker 16:			num_random_strategies: 	17513
      From worker 16:		num_sets_changed: 		8374688
      From worker 16:			num_random_opinions: 	8201610
      From worker 16:			num_biased_opinions: 	2736131
      From worker 16:		num_both_changed: 		251625
      From worker 16:	
      From worker 16:	data processed and exported
      From worker 16:	
      From worker 16:	starting b_1.0_c_0.2_N_40_M_1_K_1_P_2_beta_0.001_u_0.001_v_0.625_p_0.5_ϵ_1.0_gens_20000000_210216-214934.756
      From worker 7:	replicate complete, ran 20000000 generations:
      From worker 7:	
      From worker 7:		num_imitating:			12501584
      From worker 7:		num_not_imitating:		7498416
      From worker 7:		num_strategies_changed:  	377149
      From worker 7:			num_random_strategies: 	12602
      From worker 7:		num_sets_changed: 		1958768
      From worker 7:			num_random_opinions: 	35058
      From worker 7:			num_biased_opinions: 	104824
      From worker 7:		num_both_changed: 		101221
      From worker 7:	
      From worker 7:	data processed and exported
      From worker 7:	
      From worker 7:	starting b_1.0_c_0.2_N_40_M_1_K_1_P_2_beta_0.001_u_0.001_v_0.011180339887498947_p_1.0_ϵ_1.0_gens_20000000_210216-214934.756
      From worker 13:	replicate complete, ran 20000000 generations:
      From worker 13:	
      From worker 13:		num_imitating:			12499822
      From worker 13:		num_not_imitating:		7500178
      From worker 13:		num_strategies_changed:  	372372
      From worker 13:			num_random_strategies: 	12455
      From worker 13:		num_sets_changed: 		4982516
      From worker 13:			num_random_opinions: 	389849
      From worker 13:			num_biased_opinions: 	1171918
      From worker 13:		num_both_changed: 		175147
      From worker 13:	
      From worker 13:	data processed and exported
      From worker 13:	
      From worker 13:	starting b_1.0_c_0.2_N_40_M_1_K_1_P_2_beta_0.001_u_0.001_v_0.125_p_1.0_ϵ_1.0_gens_20000000_210216-214934.756
      From worker 2:	replicate complete, ran 20000000 generations:
      From worker 2:	
      From worker 2:		num_imitating:			10000983
      From worker 2:		num_not_imitating:		9999017
      From worker 2:		num_strategies_changed:  	145276
      From worker 2:			num_random_strategies: 	9940
      From worker 2:		num_sets_changed: 		0
      From worker 2:			num_random_opinions: 	0
      From worker 2:			num_biased_opinions: 	9917
      From worker 2:		num_both_changed: 		0
      From worker 2:	
      From worker 2:	data processed and exported
      From worker 2:	
      From worker 2:	starting b_1.0_c_0.2_N_40_M_1_K_1_P_2_beta_0.001_u_0.001_v_0.001_p_0.0_ϵ_1.0_gens_20000000_210216-214934.756
      From worker 3:	replicate complete, ran 20000000 generations:
      From worker 3:	
      From worker 3:		num_imitating:			20000000
      From worker 3:		num_not_imitating:		0
      From worker 3:		num_strategies_changed:  	575269
      From worker 3:			num_random_strategies: 	20111
      From worker 3:		num_sets_changed: 		833882
      From worker 3:			num_random_opinions: 	44634
      From worker 3:			num_biased_opinions: 	0
      From worker 3:		num_both_changed: 		45446
      From worker 3:	
      From worker 3:	data processed and exported
      From worker 3:	
      From worker 3:	starting b_1.0_c_0.2_N_40_M_1_K_1_P_2_beta_0.001_u_0.001_v_0.0022360679774997894_p_0.25_ϵ_1.0_gens_20000000_210216-214934.756
      From worker 4:	replicate complete, ran 20000000 generations:
      From worker 4:	
      From worker 4:		num_imitating:			17501328
      From worker 4:		num_not_imitating:		2498672
      From worker 4:		num_strategies_changed:  	509926
      From worker 4:			num_random_strategies: 	17464
      From worker 4:		num_sets_changed: 		724966
      From worker 4:			num_random_opinions: 	29287
      From worker 4:			num_biased_opinions: 	9912
      From worker 4:		num_both_changed: 		44185
      From worker 4:	
      From worker 4:	data processed and exported
      From worker 4:	
      From worker 4:	starting b_1.0_c_0.2_N_40_M_1_K_1_P_2_beta_0.001_u_0.001_v_0.0022360679774997894_p_0.5_ϵ_1.0_gens_20000000_210216-214934.756
      From worker 9:	replicate complete, ran 20000000 generations:
      From worker 9:	
      From worker 9:		num_imitating:			20000000
      From worker 9:		num_not_imitating:		0
      From worker 9:		num_strategies_changed:  	573937
      From worker 9:			num_random_strategies: 	20215
      From worker 9:		num_sets_changed: 		5076307
      From worker 9:			num_random_opinions: 	500246
      From worker 9:			num_biased_opinions: 	0
      From worker 9:		num_both_changed: 		211681
      From worker 9:	
      From worker 9:	data processed and exported
      From worker 9:	
      From worker 9:	starting b_1.0_c_0.2_N_40_M_1_K_1_P_2_beta_0.001_u_0.001_v_0.025_p_0.25_ϵ_1.0_gens_20000000_210216-214934.756
      From worker 12:	replicate complete, ran 20000000 generations:
      From worker 12:	
      From worker 12:		num_imitating:			15000545
      From worker 12:		num_not_imitating:		4999455
      From worker 12:		num_strategies_changed:  	434313
      From worker 12:			num_random_strategies: 	14817
      From worker 12:		num_sets_changed: 		6283729
      From worker 12:			num_random_opinions: 	937694
      From worker 12:			num_biased_opinions: 	935735
      From worker 12:		num_both_changed: 		211548
      From worker 12:	
      From worker 12:	data processed and exported
      From worker 12:	
      From worker 12:	starting b_1.0_c_0.2_N_40_M_1_K_1_P_2_beta_0.001_u_0.001_v_0.125_p_0.75_ϵ_1.0_gens_20000000_210216-214934.756
      From worker 5:	replicate complete, ran 20000000 generations:
      From worker 5:	
      From worker 5:		num_imitating:			14999652
      From worker 5:		num_not_imitating:		5000348
      From worker 5:		num_strategies_changed:  	397096
      From worker 5:			num_random_strategies: 	14825
      From worker 5:		num_sets_changed: 		1285464
      From worker 5:			num_random_opinions: 	37591
      From worker 5:			num_biased_opinions: 	37404
      From worker 5:		num_both_changed: 		60150
      From worker 5:	
      From worker 5:	data processed and exported
      From worker 5:	
      From worker 5:	starting b_1.0_c_0.2_N_40_M_1_K_1_P_2_beta_0.001_u_0.001_v_0.005_p_0.75_ϵ_1.0_gens_20000000_210216-214934.756
      From worker 6:	replicate complete, ran 20000000 generations:
      From worker 6:	
      From worker 6:		num_imitating:			12497523
      From worker 6:		num_not_imitating:		7502477
      From worker 6:		num_strategies_changed:  	365456
      From worker 6:			num_random_strategies: 	12541
      From worker 6:		num_sets_changed: 		1078851
      From worker 6:			num_random_opinions: 	15573
      From worker 6:			num_biased_opinions: 	46667
      From worker 6:		num_both_changed: 		60393
      From worker 6:	
      From worker 6:	data processed and exported
      From worker 6:	
      From worker 6:	starting b_1.0_c_0.2_N_40_M_1_K_1_P_2_beta_0.001_u_0.001_v_0.005_p_1.0_ϵ_1.0_gens_20000000_210216-214934.756
      From worker 10:	replicate complete, ran 20000000 generations:
      From worker 10:	
      From worker 10:		num_imitating:			17497770
      From worker 10:		num_not_imitating:		2502230
      From worker 10:		num_strategies_changed:  	502688
      From worker 10:			num_random_strategies: 	17684
      From worker 10:		num_sets_changed: 		6098080
      From worker 10:			num_random_opinions: 	733785
      From worker 10:			num_biased_opinions: 	244103
      From worker 10:		num_both_changed: 		225191
      From worker 10:	
      From worker 10:	data processed and exported
      From worker 10:	
      From worker 10:	starting b_1.0_c_0.2_N_40_M_1_K_1_P_2_beta_0.001_u_0.001_v_0.055901699437494755_p_0.5_ϵ_1.0_gens_20000000_210216-214934.756
      From worker 11:	replicate complete, ran 20000000 generations:
      From worker 11:	
      From worker 11:		num_imitating:			15005674
      From worker 11:		num_not_imitating:		4994326
      From worker 11:		num_strategies_changed:  	420209
      From worker 11:			num_random_strategies: 	15103
      From worker 11:		num_sets_changed: 		5225679
      From worker 11:			num_random_opinions: 	419202
      From worker 11:			num_biased_opinions: 	418365
      From worker 11:		num_both_changed: 		190236
      From worker 11:	
      From worker 11:	data processed and exported
      From worker 11:	
      From worker 11:	starting b_1.0_c_0.2_N_40_M_1_K_1_P_2_beta_0.001_u_0.001_v_0.055901699437494755_p_0.75_ϵ_1.0_gens_20000000_210216-214934.756
      From worker 7:	replicate complete, ran 20000000 generations:
      From worker 7:	
      From worker 7:		num_imitating:			9999905
      From worker 7:		num_not_imitating:		10000095
      From worker 7:		num_strategies_changed:  	151977
      From worker 7:			num_random_strategies: 	10254
      From worker 7:		num_sets_changed: 		0
      From worker 7:			num_random_opinions: 	0
      From worker 7:			num_biased_opinions: 	111471
      From worker 7:		num_both_changed: 		0
      From worker 7:	
      From worker 7:	data processed and exported
      From worker 7:	
      From worker 7:	starting b_1.0_c_0.2_N_40_M_1_K_1_P_2_beta_0.001_u_0.001_v_0.011180339887498947_p_0.0_ϵ_1.0_gens_20000000_210216-214934.756
      From worker 13:	replicate complete, ran 20000000 generations:
      From worker 13:	
      From worker 13:		num_imitating:			10001785
      From worker 13:		num_not_imitating:		9998215
      From worker 13:		num_strategies_changed:  	139611
      From worker 13:			num_random_strategies: 	9900
      From worker 13:		num_sets_changed: 		0
      From worker 13:			num_random_opinions: 	0
      From worker 13:			num_biased_opinions: 	1249960
      From worker 13:		num_both_changed: 		0
      From worker 13:	
      From worker 13:	data processed and exported
      From worker 13:	
      From worker 13:	starting b_1.0_c_0.2_N_40_M_1_K_1_P_2_beta_0.001_u_0.001_v_0.2795084971874737_p_0.0_ϵ_1.0_gens_20000000_210216-214934.756
      From worker 2:	replicate complete, ran 20000000 generations:
      From worker 2:	
      From worker 2:		num_imitating:			20000000
      From worker 2:		num_not_imitating:		0
      From worker 2:		num_strategies_changed:  	604747
      From worker 2:			num_random_strategies: 	20289
      From worker 2:		num_sets_changed: 		415778
      From worker 2:			num_random_opinions: 	19928
      From worker 2:			num_biased_opinions: 	0
      From worker 2:		num_both_changed: 		26639
      From worker 2:	
      From worker 2:	data processed and exported
      From worker 14:	replicate complete, ran 20000000 generations:
      From worker 14:	
      From worker 14:		num_imitating:			20000000
      From worker 14:		num_not_imitating:		0
      From worker 14:		num_strategies_changed:  	579350
      From worker 14:			num_random_strategies: 	20107
      From worker 14:		num_sets_changed: 		9394810
      From worker 14:			num_random_opinions: 	5591249
      From worker 14:			num_biased_opinions: 	0
      From worker 14:		num_both_changed: 		287191
      From worker 14:	
      From worker 14:	data processed and exported
      From worker 14:	
      From worker 14:	starting b_1.0_c_0.2_N_40_M_1_K_1_P_2_beta_0.001_u_0.001_v_0.2795084971874737_p_0.25_ϵ_1.0_gens_20000000_210216-214934.756
      From worker 3:	replicate complete, ran 20000000 generations:
      From worker 3:	
      From worker 3:		num_imitating:			17502434
      From worker 3:		num_not_imitating:		2497566
      From worker 3:		num_strategies_changed:  	494566
      From worker 3:			num_random_strategies: 	17344
      From worker 3:		num_sets_changed: 		727938
      From worker 3:			num_random_opinions: 	29227
      From worker 3:			num_biased_opinions: 	9776
      From worker 3:		num_both_changed: 		41168
      From worker 3:	
      From worker 3:	data processed and exported
      From worker 8:	replicate complete, ran 20000000 generations:
      From worker 8:	
      From worker 8:		num_imitating:			20000000
      From worker 8:		num_not_imitating:		0
      From worker 8:		num_strategies_changed:  	572493
      From worker 8:			num_random_strategies: 	20125
      From worker 8:		num_sets_changed: 		5037440
      From worker 8:			num_random_opinions: 	499691
      From worker 8:			num_biased_opinions: 	0
      From worker 8:		num_both_changed: 		212299
      From worker 8:	
      From worker 8:	data processed and exported
      From worker 8:	
      From worker 8:	starting b_1.0_c_0.2_N_40_M_1_K_1_P_2_beta_0.001_u_0.001_v_0.025_p_0.25_ϵ_1.0_gens_20000000_210216-214934.756
      From worker 4:	replicate complete, ran 20000000 generations:
      From worker 4:	
      From worker 4:		num_imitating:			14997027
      From worker 4:		num_not_imitating:		5002973
      From worker 4:		num_strategies_changed:  	434331
      From worker 4:			num_random_strategies: 	15125
      From worker 4:		num_sets_changed: 		615906
      From worker 4:			num_random_opinions: 	16828
      From worker 4:			num_biased_opinions: 	16738
      From worker 4:		num_both_changed: 		32290
      From worker 4:	
      From worker 4:	data processed and exported
      From worker 6:	replicate complete, ran 20000000 generations:
      From worker 6:	
      From worker 6:		num_imitating:			10000122
      From worker 6:		num_not_imitating:		9999878
      From worker 6:		num_strategies_changed:  	148005
      From worker 6:			num_random_strategies: 	10022
      From worker 6:		num_sets_changed: 		0
      From worker 6:			num_random_opinions: 	0
      From worker 6:			num_biased_opinions: 	49987
      From worker 6:		num_both_changed: 		0
      From worker 6:	
      From worker 6:	data processed and exported
      From worker 15:	replicate complete, ran 20000000 generations:
      From worker 15:	
      From worker 15:		num_imitating:			17499615
      From worker 15:		num_not_imitating:		2500385
      From worker 15:		num_strategies_changed:  	540497
      From worker 15:			num_random_strategies: 	17598
      From worker 15:		num_sets_changed: 		8370433
      From worker 15:			num_random_opinions: 	8198702
      From worker 15:			num_biased_opinions: 	2734529
      From worker 15:		num_both_changed: 		262664
      From worker 15:	
      From worker 15:	data processed and exported
      From worker 15:	
      From worker 15:	starting b_1.0_c_0.2_N_40_M_1_K_1_P_2_beta_0.001_u_0.001_v_0.625_p_0.5_ϵ_1.0_gens_20000000_210216-214934.756
      From worker 5:	replicate complete, ran 20000000 generations:
      From worker 5:	
      From worker 5:		num_imitating:			12501172
      From worker 5:		num_not_imitating:		7498828
      From worker 5:		num_strategies_changed:  	358350
      From worker 5:			num_random_strategies: 	12367
      From worker 5:		num_sets_changed: 		1056726
      From worker 5:			num_random_opinions: 	15735
      From worker 5:			num_biased_opinions: 	46861
      From worker 5:		num_both_changed: 		55439
      From worker 5:	
      From worker 5:	data processed and exported
      From worker 16:	replicate complete, ran 20000000 generations:
      From worker 16:	
      From worker 16:		num_imitating:			14999018
      From worker 16:		num_not_imitating:		5000982
      From worker 16:		num_strategies_changed:  	421455
      From worker 16:			num_random_strategies: 	15006
      From worker 16:		num_sets_changed: 		6422700
      From worker 16:			num_random_opinions: 	4687174
      From worker 16:			num_biased_opinions: 	4687647
      From worker 16:		num_both_changed: 		183794
      From worker 16:	
      From worker 16:	data processed and exported
      From worker 16:	
      From worker 16:	starting b_1.0_c_0.2_N_40_M_1_K_1_P_2_beta_0.001_u_0.001_v_0.625_p_0.75_ϵ_1.0_gens_20000000_210216-214934.756
      From worker 9:	replicate complete, ran 20000000 generations:
      From worker 9:	
      From worker 9:		num_imitating:			17497820
      From worker 9:		num_not_imitating:		2502180
      From worker 9:		num_strategies_changed:  	500635
      From worker 9:			num_random_strategies: 	17657
      From worker 9:		num_sets_changed: 		4398302
      From worker 9:			num_random_opinions: 	328749
      From worker 9:			num_biased_opinions: 	109298
      From worker 9:		num_both_changed: 		185139
      From worker 9:	
      From worker 9:	data processed and exported
      From worker 9:	
      From worker 9:	starting b_1.0_c_0.2_N_40_M_1_K_1_P_2_beta_0.001_u_0.001_v_0.025_p_0.5_ϵ_1.0_gens_20000000_210216-214934.756
      From worker 12:	replicate complete, ran 20000000 generations:
      From worker 12:	
      From worker 12:		num_imitating:			12495559
      From worker 12:		num_not_imitating:		7504441
      From worker 12:		num_strategies_changed:  	367639
      From worker 12:			num_random_strategies: 	12516
      From worker 12:		num_sets_changed: 		4999291
      From worker 12:			num_random_opinions: 	390514
      From worker 12:			num_biased_opinions: 	1171878
      From worker 12:		num_both_changed: 		173402
      From worker 12:	
      From worker 12:	data processed and exported
      From worker 12:	
      From worker 12:	starting b_1.0_c_0.2_N_40_M_1_K_1_P_2_beta_0.001_u_0.001_v_0.125_p_1.0_ϵ_1.0_gens_20000000_210216-214934.756
      From worker 10:	replicate complete, ran 20000000 generations:
      From worker 10:	
      From worker 10:		num_imitating:			14996158
      From worker 10:		num_not_imitating:		5003842
      From worker 10:		num_strategies_changed:  	429539
      From worker 10:			num_random_strategies: 	15021
      From worker 10:		num_sets_changed: 		5190271
      From worker 10:			num_random_opinions: 	420149
      From worker 10:			num_biased_opinions: 	419314
      From worker 10:		num_both_changed: 		195841
      From worker 10:	
      From worker 10:	data processed and exported
      From worker 10:	
      From worker 10:	starting b_1.0_c_0.2_N_40_M_1_K_1_P_2_beta_0.001_u_0.001_v_0.055901699437494755_p_0.75_ϵ_1.0_gens_20000000_210216-214934.756
      From worker 7:	replicate complete, ran 20000000 generations:
      From worker 7:	
      From worker 7:		num_imitating:			20000000
      From worker 7:		num_not_imitating:		0
      From worker 7:		num_strategies_changed:  	564308
      From worker 7:			num_random_strategies: 	20072
      From worker 7:		num_sets_changed: 		3156851
      From worker 7:			num_random_opinions: 	223630
      From worker 7:			num_biased_opinions: 	0
      From worker 7:		num_both_changed: 		140182
      From worker 7:	
      From worker 7:	data processed and exported
      From worker 11:	replicate complete, ran 20000000 generations:
      From worker 11:	
      From worker 11:		num_imitating:			12499932
      From worker 11:		num_not_imitating:		7500068
      From worker 11:		num_strategies_changed:  	370557
      From worker 11:			num_random_strategies: 	12487
      From worker 11:		num_sets_changed: 		4258579
      From worker 11:			num_random_opinions: 	173734
      From worker 11:			num_biased_opinions: 	524174
      From worker 11:		num_both_changed: 		170758
      From worker 11:	
      From worker 11:	data processed and exported
      From worker 11:	
      From worker 11:	starting b_1.0_c_0.2_N_40_M_1_K_1_P_2_beta_0.001_u_0.001_v_0.055901699437494755_p_1.0_ϵ_1.0_gens_20000000_210216-214934.756
      From worker 8:	replicate complete, ran 20000000 generations:
      From worker 8:	
      From worker 8:		num_imitating:			17500246
      From worker 8:		num_not_imitating:		2499754
      From worker 8:		num_strategies_changed:  	519742
      From worker 8:			num_random_strategies: 	17478
      From worker 8:		num_sets_changed: 		4426693
      From worker 8:			num_random_opinions: 	327288
      From worker 8:			num_biased_opinions: 	109171
      From worker 8:		num_both_changed: 		196600
      From worker 8:	
      From worker 8:	data processed and exported
      From worker 12:	replicate complete, ran 20000000 generations:
      From worker 12:	
      From worker 12:		num_imitating:			9998859
      From worker 12:		num_not_imitating:		10001141
      From worker 12:		num_strategies_changed:  	143004
      From worker 12:			num_random_strategies: 	9778
      From worker 12:		num_sets_changed: 		0
      From worker 12:			num_random_opinions: 	0
      From worker 12:			num_biased_opinions: 	1251289
      From worker 12:		num_both_changed: 		0
      From worker 12:	
      From worker 12:	data processed and exported
      From worker 12:	
      From worker 12:	starting b_1.0_c_0.2_N_40_M_1_K_1_P_2_beta_0.001_u_0.001_v_0.125_p_0.0_ϵ_1.0_gens_20000000_210216-214934.756
      From worker 16:	replicate complete, ran 20000000 generations:
      From worker 16:	
      From worker 16:		num_imitating:			12501788
      From worker 16:		num_not_imitating:		7498212
      From worker 16:		num_strategies_changed:  	355908
      From worker 16:			num_random_strategies: 	12296
      From worker 16:		num_sets_changed: 		3877338
      From worker 16:			num_random_opinions: 	1951740
      From worker 16:			num_biased_opinions: 	5862157
      From worker 16:		num_both_changed: 		115107
      From worker 16:	
      From worker 16:	data processed and exported
      From worker 16:	
      From worker 16:	starting b_1.0_c_0.2_N_40_M_1_K_1_P_2_beta_0.001_u_0.001_v_0.625_p_1.0_ϵ_1.0_gens_20000000_210216-214934.756
      From worker 13:	replicate complete, ran 20000000 generations:
      From worker 13:	
      From worker 13:		num_imitating:			20000000
      From worker 13:		num_not_imitating:		0
      From worker 13:		num_strategies_changed:  	570559
      From worker 13:			num_random_strategies: 	20012
      From worker 13:		num_sets_changed: 		9393627
      From worker 13:			num_random_opinions: 	5590964
      From worker 13:			num_biased_opinions: 	0
      From worker 13:		num_both_changed: 		283814
      From worker 13:	
      From worker 13:	data processed and exported
      From worker 13:	
      From worker 13:	starting b_1.0_c_0.2_N_40_M_1_K_1_P_2_beta_0.001_u_0.001_v_0.2795084971874737_p_0.25_ϵ_1.0_gens_20000000_210216-214934.756
      From worker 14:	replicate complete, ran 20000000 generations:
      From worker 14:	
      From worker 14:		num_imitating:			17498922
      From worker 14:		num_not_imitating:		2501078
      From worker 14:		num_strategies_changed:  	494158
      From worker 14:			num_random_strategies: 	17596
      From worker 14:		num_sets_changed: 		8146533
      From worker 14:			num_random_opinions: 	3668607
      From worker 14:			num_biased_opinions: 	1224604
      From worker 14:		num_both_changed: 		244769
      From worker 14:	
      From worker 14:	data processed and exported
      From worker 14:	
      From worker 14:	starting b_1.0_c_0.2_N_40_M_1_K_1_P_2_beta_0.001_u_0.001_v_0.2795084971874737_p_0.5_ϵ_1.0_gens_20000000_210216-214934.756
      From worker 9:	replicate complete, ran 20000000 generations:
      From worker 9:	
      From worker 9:		num_imitating:			15001008
      From worker 9:		num_not_imitating:		4998992
      From worker 9:		num_strategies_changed:  	428077
      From worker 9:			num_random_strategies: 	14796
      From worker 9:		num_sets_changed: 		3737525
      From worker 9:			num_random_opinions: 	187171
      From worker 9:			num_biased_opinions: 	187079
      From worker 9:		num_both_changed: 		156260
      From worker 9:	
      From worker 9:	data processed and exported
      From worker 15:	replicate complete, ran 20000000 generations:
      From worker 15:	
      From worker 15:		num_imitating:			14999043
      From worker 15:		num_not_imitating:		5000957
      From worker 15:		num_strategies_changed:  	430771
      From worker 15:			num_random_strategies: 	15106
      From worker 15:		num_sets_changed: 		6423737
      From worker 15:			num_random_opinions: 	4686355
      From worker 15:			num_biased_opinions: 	4689320
      From worker 15:		num_both_changed: 		188100
      From worker 15:	
      From worker 15:	data processed and exported
      From worker 15:	
      From worker 15:	starting b_1.0_c_0.2_N_40_M_1_K_1_P_2_beta_0.001_u_0.001_v_0.625_p_0.75_ϵ_1.0_gens_20000000_210216-214934.756
      From worker 11:	replicate complete, ran 20000000 generations:
      From worker 11:	
      From worker 11:		num_imitating:			9994956
      From worker 11:		num_not_imitating:		10005044
      From worker 11:		num_strategies_changed:  	151340
      From worker 11:			num_random_strategies: 	9965
      From worker 11:		num_sets_changed: 		0
      From worker 11:			num_random_opinions: 	0
      From worker 11:			num_biased_opinions: 	558670
      From worker 11:		num_both_changed: 		0
      From worker 11:	
      From worker 11:	data processed and exported
      From worker 10:	replicate complete, ran 20000000 generations:
      From worker 10:	
      From worker 10:		num_imitating:			12497028
      From worker 10:		num_not_imitating:		7502972
      From worker 10:		num_strategies_changed:  	365854
      From worker 10:			num_random_strategies: 	12650
      From worker 10:		num_sets_changed: 		4251003
      From worker 10:			num_random_opinions: 	175186
      From worker 10:			num_biased_opinions: 	525120
      From worker 10:		num_both_changed: 		164864
      From worker 10:	
      From worker 10:	data processed and exported
      From worker 16:	replicate complete, ran 20000000 generations:
      From worker 16:	
      From worker 16:		num_imitating:			10000192
      From worker 16:		num_not_imitating:		9999808
      From worker 16:		num_strategies_changed:  	152978
      From worker 16:			num_random_strategies: 	9993
      From worker 16:		num_sets_changed: 		0
      From worker 16:			num_random_opinions: 	0
      From worker 16:			num_biased_opinions: 	6250652
      From worker 16:		num_both_changed: 		0
      From worker 16:	
      From worker 16:	data processed and exported
      From worker 15:	replicate complete, ran 20000000 generations:
      From worker 15:	
 Activating environment at `/tigress/mk28/CooperationPolarization2/Project.toml`
 Activating environment at `/tigress/mk28/CooperationPolarization2/Project.toml`
      From worker 15:		num_imitating:			12501745
      From worker 15:		num_not_imitating:		7498255
      From worker 15:		num_strategies_changed:  	348286
      From worker 15:			num_random_strategies: 	12546
      From worker 15:		num_sets_changed: 		3880286
      From worker 15:			num_random_opinions: 	1951960
      From worker 15:			num_biased_opinions: 	5861646
      From worker 15:		num_both_changed: 		112385
      From worker 15:	
      From worker 15:	data processed and exported
      From worker 14:	replicate complete, ran 20000000 generations:
      From worker 14:	
      From worker 14:		num_imitating:			14997449
      From worker 14:		num_not_imitating:		5002551
      From worker 14:		num_strategies_changed:  	440367
      From worker 14:			num_random_strategies: 	14876
      From worker 14:		num_sets_changed: 		6762870
      From worker 14:			num_random_opinions: 	2094699
      From worker 14:			num_biased_opinions: 	2094823
      From worker 14:		num_both_changed: 		212421
      From worker 14:	
      From worker 14:	data processed and exported
      From worker 12:	replicate complete, ran 20000000 generations:
      From worker 12:	
      From worker 12:		num_imitating:			20000000
      From worker 12:		num_not_imitating:		0
      From worker 12:		num_strategies_changed:  	583501
      From worker 12:			num_random_strategies: 	19922
      From worker 12:		num_sets_changed: 		8507515
      From worker 12:			num_random_opinions: 	2500144
      From worker 12:			num_biased_opinions: 	0
      From worker 12:		num_both_changed: 		282383
      From worker 12:	
      From worker 12:	data processed and exported
      From worker 13:	replicate complete, ran 20000000 generations:
      From worker 13:	
      From worker 13:		num_imitating:			17498992
      From worker 13:		num_not_imitating:		2501008
      From worker 13:		num_strategies_changed:  	483276
      From worker 13:			num_random_strategies: 	17252
      From worker 13:		num_sets_changed: 		8142307
      From worker 13:			num_random_opinions: 	3666915
      From worker 13:			num_biased_opinions: 	1222344
      From worker 13:		num_both_changed: 		239205
      From worker 13:	
      From worker 13:	data processed and exported
6664.237945 seconds (2.47 M allocations: 114.745 MiB, 0.00% gc time)
