packages loaded
      From worker 5:	 Activating environment at `/tigress/mk28/CooperationPolarization2/Project.toml`
      From worker 3:	 Activating environment at `/tigress/mk28/CooperationPolarization2/Project.toml`
      From worker 2:	 Activating environment at `/tigress/mk28/CooperationPolarization2/Project.toml`
      From worker 4:	 Activating environment at `/tigress/mk28/CooperationPolarization2/Project.toml`
      From worker 11:	 Activating environment at `/tigress/mk28/CooperationPolarization2/Project.toml`
      From worker 8:	 Activating environment at `/tigress/mk28/CooperationPolarization2/Project.toml`
      From worker 10:	 Activating environment at `/tigress/mk28/CooperationPolarization2/Project.toml`
      From worker 12:	 Activating environment at `/tigress/mk28/CooperationPolarization2/Project.toml`
      From worker 14:	 Activating environment at `/tigress/mk28/CooperationPolarization2/Project.toml`
      From worker 16:	 Activating environment at `/tigress/mk28/CooperationPolarization2/Project.toml`
      From worker 9:	 Activating environment at `/tigress/mk28/CooperationPolarization2/Project.toml`
      From worker 15:	 Activating environment at `/tigress/mk28/CooperationPolarization2/Project.toml`
      From worker 13:	 Activating environment at `/tigress/mk28/CooperationPolarization2/Project.toml`
      From worker 7:	 Activating environment at `/tigress/mk28/CooperationPolarization2/Project.toml`
      From worker 6:	 Activating environment at `/tigress/mk28/CooperationPolarization2/Project.toml`
      From worker 3:	packages loaded
      From worker 11:	packages loaded
      From worker 16:	packages loaded
      From worker 15:	packages loaded
      From worker 10:	packages loaded
      From worker 2:	packages loaded
      From worker 5:	packages loaded
      From worker 14:	packages loaded
      From worker 4:	packages loaded
      From worker 8:	packages loaded
      From worker 7:	packages loaded
      From worker 12:	packages loaded
      From worker 9:	packages loaded
      From worker 13:	packages loaded
      From worker 6:	packages loaded
parameters defined
      From worker 11:	
      From worker 11:	starting b_1.0_c_0.2_N_40_M_1_K_1_P_2_beta_0.001_u_0.001_v_0.055901699437494755_p_1.0_ϵ_1.0_gens_20000000_210215-033731.414
      From worker 3:	
      From worker 3:	starting b_1.0_c_0.2_N_40_M_1_K_1_P_2_beta_0.001_u_0.001_v_0.001_p_0.25_ϵ_1.0_gens_20000000_210215-033731.414
      From worker 9:	
      From worker 9:	starting b_1.0_c_0.2_N_40_M_1_K_1_P_2_beta_0.001_u_0.001_v_0.025_p_0.5_ϵ_1.0_gens_20000000_210215-033731.414
      From worker 13:	
      From worker 13:	starting b_1.0_c_0.2_N_40_M_1_K_1_P_2_beta_0.001_u_0.001_v_0.125_p_0.25_ϵ_1.0_gens_20000000_210215-033731.414
      From worker 4:	
      From worker 4:	starting b_1.0_c_0.2_N_40_M_1_K_1_P_2_beta_0.001_u_0.001_v_0.0022360679774997894_p_0.5_ϵ_1.0_gens_20000000_210215-033731.414
      From worker 12:	
      From worker 12:	starting b_1.0_c_0.2_N_40_M_1_K_1_P_2_beta_0.001_u_0.001_v_0.125_p_0.0_ϵ_1.0_gens_20000000_210215-033731.414
      From worker 16:	
      From worker 16:	starting b_1.0_c_0.2_N_40_M_1_K_1_P_2_beta_0.001_u_0.001_v_0.625_p_1.0_ϵ_1.0_gens_20000000_210215-033731.414
      From worker 15:	
      From worker 15:	starting b_1.0_c_0.2_N_40_M_1_K_1_P_2_beta_0.001_u_0.001_v_0.2795084971874737_p_0.75_ϵ_1.0_gens_20000000_210215-033731.414
      From worker 10:	
      From worker 10:	starting b_1.0_c_0.2_N_40_M_1_K_1_P_2_beta_0.001_u_0.001_v_0.025_p_0.75_ϵ_1.0_gens_20000000_210215-033731.414
      From worker 5:	
      From worker 5:	starting b_1.0_c_0.2_N_40_M_1_K_1_P_2_beta_0.001_u_0.001_v_0.0022360679774997894_p_0.75_ϵ_1.0_gens_20000000_210215-033731.414
      From worker 7:	
      From worker 7:	starting b_1.0_c_0.2_N_40_M_1_K_1_P_2_beta_0.001_u_0.001_v_0.011180339887498947_p_0.0_ϵ_1.0_gens_20000000_210215-033731.414
      From worker 14:	
      From worker 14:	starting b_1.0_c_0.2_N_40_M_1_K_1_P_2_beta_0.001_u_0.001_v_0.2795084971874737_p_0.5_ϵ_1.0_gens_20000000_210215-033731.414
      From worker 8:	
      From worker 8:	starting b_1.0_c_0.2_N_40_M_1_K_1_P_2_beta_0.001_u_0.001_v_0.011180339887498947_p_0.25_ϵ_1.0_gens_20000000_210215-033731.414
      From worker 2:	
      From worker 2:	starting b_1.0_c_0.2_N_40_M_1_K_1_P_2_beta_0.001_u_0.001_v_0.001_p_0.0_ϵ_1.0_gens_20000000_210215-033731.414
      From worker 6:	
      From worker 6:	starting b_1.0_c_0.2_N_40_M_1_K_1_P_2_beta_0.001_u_0.001_v_0.005_p_1.0_ϵ_1.0_gens_20000000_210215-033731.414
      From worker 11:	replicate complete, ran 20000000 generations:
      From worker 11:	
      From worker 11:		num_imitating:			9998261
      From worker 11:		num_not_imitating:		10001739
      From worker 11:		num_strategies_changed:  	143347
      From worker 11:			num_random_strategies: 	9976
      From worker 11:		num_sets_changed: 		0
      From worker 11:			num_random_opinions: 	0
      From worker 11:			num_biased_opinions: 	559425
      From worker 11:		num_both_changed: 		0
      From worker 11:	
      From worker 11:	data processed and exported
      From worker 11:	
      From worker 11:	starting b_1.0_c_0.2_N_40_M_1_K_1_P_2_beta_0.001_u_0.001_v_0.055901699437494755_p_0.0_ϵ_1.0_gens_20000000_210215-033731.414
      From worker 16:	replicate complete, ran 20000000 generations:
      From worker 16:	
      From worker 16:		num_imitating:			10001306
      From worker 16:		num_not_imitating:		9998694
      From worker 16:		num_strategies_changed:  	148072
      From worker 16:			num_random_strategies: 	10039
      From worker 16:		num_sets_changed: 		0
      From worker 16:			num_random_opinions: 	0
      From worker 16:			num_biased_opinions: 	6250525
      From worker 16:		num_both_changed: 		0
      From worker 16:	
      From worker 16:	data processed and exported
      From worker 6:	replicate complete, ran 20000000 generations:
      From worker 6:	
      From worker 6:		num_imitating:			10000550
      From worker 6:		num_not_imitating:		9999450
      From worker 6:		num_strategies_changed:  	150675
      From worker 6:			num_random_strategies: 	10089
      From worker 6:		num_sets_changed: 		0
      From worker 6:			num_random_opinions: 	0
      From worker 6:			num_biased_opinions: 	49896
      From worker 6:		num_both_changed: 		0
      From worker 6:	
      From worker 16:	
      From worker 16:	starting b_1.0_c_0.2_N_40_M_1_K_1_P_2_beta_0.001_u_0.001_v_0.625_p_0.0_ϵ_1.0_gens_20000000_210215-033731.414
      From worker 6:	data processed and exported
      From worker 6:	
      From worker 6:	starting b_1.0_c_0.2_N_40_M_1_K_1_P_2_beta_0.001_u_0.001_v_0.005_p_0.0_ϵ_1.0_gens_20000000_210215-033731.414
      From worker 2:	replicate complete, ran 20000000 generations:
      From worker 2:	
      From worker 2:		num_imitating:			20000000
      From worker 2:		num_not_imitating:		0
      From worker 2:		num_strategies_changed:  	569091
      From worker 2:			num_random_strategies: 	20076
      From worker 2:		num_sets_changed: 		383210
      From worker 2:			num_random_opinions: 	20032
      From worker 2:			num_biased_opinions: 	0
      From worker 2:		num_both_changed: 		19965
      From worker 2:	
      From worker 2:	data processed and exported
      From worker 2:	
      From worker 2:	starting b_1.0_c_0.2_N_40_M_1_K_1_P_2_beta_0.001_u_0.001_v_0.001_p_0.25_ϵ_1.0_gens_20000000_210215-033731.414
      From worker 5:	replicate complete, ran 20000000 generations:
      From worker 5:	
      From worker 5:		num_imitating:			12499780
      From worker 5:		num_not_imitating:		7500220
      From worker 5:		num_strategies_changed:  	376082
      From worker 5:			num_random_strategies: 	12646
      From worker 5:		num_sets_changed: 		523136
      From worker 5:			num_random_opinions: 	6928
      From worker 5:			num_biased_opinions: 	21037
      From worker 5:		num_both_changed: 		27245
      From worker 5:	
      From worker 5:	data processed and exported
      From worker 5:	
      From worker 5:	starting b_1.0_c_0.2_N_40_M_1_K_1_P_2_beta_0.001_u_0.001_v_0.0022360679774997894_p_1.0_ϵ_1.0_gens_20000000_210215-033731.414
      From worker 3:	replicate complete, ran 20000000 generations:
      From worker 3:	
      From worker 3:		num_imitating:			17500848
      From worker 3:		num_not_imitating:		2499152
      From worker 3:		num_strategies_changed:  	506643
      From worker 3:			num_random_strategies: 	17592
      From worker 3:		num_sets_changed: 		338806
      From worker 3:			num_random_opinions: 	13196
      From worker 3:			num_biased_opinions: 	4327
      From worker 3:		num_both_changed: 		18104
      From worker 3:	
      From worker 3:	data processed and exported
      From worker 3:	
      From worker 3:	starting b_1.0_c_0.2_N_40_M_1_K_1_P_2_beta_0.001_u_0.001_v_0.001_p_0.5_ϵ_1.0_gens_20000000_210215-033731.414
      From worker 4:	replicate complete, ran 20000000 generations:
      From worker 4:	
      From worker 4:		num_imitating:			14997360
      From worker 4:		num_not_imitating:		5002640
      From worker 4:		num_strategies_changed:  	443102
      From worker 4:			num_random_strategies: 	15196
      From worker 4:		num_sets_changed: 		648060
      From worker 4:			num_random_opinions: 	16845
      From worker 4:			num_biased_opinions: 	16432
      From worker 4:		num_both_changed: 		37501
      From worker 4:	
      From worker 4:	data processed and exported
      From worker 4:	
      From worker 4:	starting b_1.0_c_0.2_N_40_M_1_K_1_P_2_beta_0.001_u_0.001_v_0.0022360679774997894_p_0.75_ϵ_1.0_gens_20000000_210215-033731.414
      From worker 8:	replicate complete, ran 20000000 generations:
      From worker 8:	
      From worker 8:		num_imitating:			17500396
      From worker 8:		num_not_imitating:		2499604
      From worker 8:		num_strategies_changed:  	506382
      From worker 8:			num_random_strategies: 	17551
      From worker 8:		num_sets_changed: 		2727341
      From worker 8:			num_random_opinions: 	146766
      From worker 8:			num_biased_opinions: 	48701
      From worker 8:		num_both_changed: 		127037
      From worker 8:	
      From worker 8:	data processed and exported
      From worker 8:	
      From worker 8:	starting b_1.0_c_0.2_N_40_M_1_K_1_P_2_beta_0.001_u_0.001_v_0.011180339887498947_p_0.5_ϵ_1.0_gens_20000000_210215-033731.414
      From worker 10:	replicate complete, ran 20000000 generations:
      From worker 10:	
      From worker 10:		num_imitating:			12503217
      From worker 10:		num_not_imitating:		7496783
      From worker 10:		num_strategies_changed:  	345097
      From worker 10:			num_random_strategies: 	12685
      From worker 10:		num_sets_changed: 		3103869
      From worker 10:			num_random_opinions: 	78370
      From worker 10:			num_biased_opinions: 	233807
      From worker 10:		num_both_changed: 		132870
      From worker 10:	
      From worker 10:	data processed and exported
      From worker 10:	
      From worker 10:	starting b_1.0_c_0.2_N_40_M_1_K_1_P_2_beta_0.001_u_0.001_v_0.025_p_1.0_ϵ_1.0_gens_20000000_210215-033731.414
      From worker 7:	replicate complete, ran 20000000 generations:
      From worker 7:	
      From worker 7:		num_imitating:			20000000
      From worker 7:		num_not_imitating:		0
      From worker 7:		num_strategies_changed:  	567855
      From worker 7:			num_random_strategies: 	20073
      From worker 7:		num_sets_changed: 		3119784
      From worker 7:			num_random_opinions: 	223526
      From worker 7:			num_biased_opinions: 	0
      From worker 7:		num_both_changed: 		142576
      From worker 7:	
      From worker 7:	data processed and exported
      From worker 7:	
      From worker 7:	starting b_1.0_c_0.2_N_40_M_1_K_1_P_2_beta_0.001_u_0.001_v_0.011180339887498947_p_0.25_ϵ_1.0_gens_20000000_210215-033731.414
      From worker 9:	replicate complete, ran 20000000 generations:
      From worker 9:	
      From worker 9:		num_imitating:			15004495
      From worker 9:		num_not_imitating:		4995505
      From worker 9:		num_strategies_changed:  	433830
      From worker 9:			num_random_strategies: 	14971
      From worker 9:		num_sets_changed: 		3728042
      From worker 9:			num_random_opinions: 	186790
      From worker 9:			num_biased_opinions: 	187363
      From worker 9:		num_both_changed: 		153478
      From worker 9:	
      From worker 9:	data processed and exported
      From worker 9:	
      From worker 9:	starting b_1.0_c_0.2_N_40_M_1_K_1_P_2_beta_0.001_u_0.001_v_0.025_p_0.75_ϵ_1.0_gens_20000000_210215-033731.414
      From worker 15:	replicate complete, ran 20000000 generations:
      From worker 15:	
      From worker 15:		num_imitating:			12496697
      From worker 15:		num_not_imitating:		7503303
      From worker 15:		num_strategies_changed:  	377416
      From worker 15:			num_random_strategies: 	12520
      From worker 15:		num_sets_changed: 		4980861
      From worker 15:			num_random_opinions: 	873598
      From worker 15:			num_biased_opinions: 	2620405
      From worker 15:		num_both_changed: 		165497
      From worker 15:	
      From worker 15:	data processed and exported
      From worker 15:	
      From worker 15:	starting b_1.0_c_0.2_N_40_M_1_K_1_P_2_beta_0.001_u_0.001_v_0.2795084971874737_p_1.0_ϵ_1.0_gens_20000000_210215-033731.414
      From worker 14:	replicate complete, ran 20000000 generations:
      From worker 14:	
      From worker 14:		num_imitating:			14999395
      From worker 14:		num_not_imitating:		5000605
      From worker 14:		num_strategies_changed:  	420098
      From worker 14:			num_random_strategies: 	14944
      From worker 14:		num_sets_changed: 		6749220
      From worker 14:			num_random_opinions: 	2096639
      From worker 14:			num_biased_opinions: 	2098299
      From worker 14:		num_both_changed: 		202831
      From worker 14:	
      From worker 14:	data processed and exported
      From worker 14:	
      From worker 14:	starting b_1.0_c_0.2_N_40_M_1_K_1_P_2_beta_0.001_u_0.001_v_0.2795084971874737_p_0.75_ϵ_1.0_gens_20000000_210215-033731.414
      From worker 13:	replicate complete, ran 20000000 generations:
      From worker 13:	
      From worker 13:		num_imitating:			17498197
      From worker 13:		num_not_imitating:		2501803
      From worker 13:		num_strategies_changed:  	496740
      From worker 13:			num_random_strategies: 	17398
      From worker 13:		num_sets_changed: 		7410720
      From worker 13:			num_random_opinions: 	1641159
      From worker 13:			num_biased_opinions: 	546321
      From worker 13:		num_both_changed: 		241031
      From worker 13:	
      From worker 13:	data processed and exported
      From worker 13:	
      From worker 13:	starting b_1.0_c_0.2_N_40_M_1_K_1_P_2_beta_0.001_u_0.001_v_0.125_p_0.5_ϵ_1.0_gens_20000000_210215-033731.414
      From worker 12:	replicate complete, ran 20000000 generations:
      From worker 12:	
      From worker 12:		num_imitating:			20000000
      From worker 12:		num_not_imitating:		0
      From worker 12:		num_strategies_changed:  	605083
      From worker 12:			num_random_strategies: 	20020
      From worker 12:		num_sets_changed: 		8515536
      From worker 12:			num_random_opinions: 	2499133
      From worker 12:			num_biased_opinions: 	0
      From worker 12:		num_both_changed: 		295936
      From worker 12:	
      From worker 12:	data processed and exported
      From worker 12:	
      From worker 12:	starting b_1.0_c_0.2_N_40_M_1_K_1_P_2_beta_0.001_u_0.001_v_0.125_p_0.25_ϵ_1.0_gens_20000000_210215-033731.414
      From worker 5:	replicate complete, ran 20000000 generations:
      From worker 5:	
      From worker 5:		num_imitating:			10003464
      From worker 5:		num_not_imitating:		9996536
      From worker 5:		num_strategies_changed:  	143037
      From worker 5:			num_random_strategies: 	10044
      From worker 5:		num_sets_changed: 		0
      From worker 5:			num_random_opinions: 	0
      From worker 5:			num_biased_opinions: 	22526
      From worker 5:		num_both_changed: 		0
      From worker 5:	
      From worker 5:	data processed and exported
      From worker 5:	
      From worker 5:	starting b_1.0_c_0.2_N_40_M_1_K_1_P_2_beta_0.001_u_0.001_v_0.005_p_0.0_ϵ_1.0_gens_20000000_210215-033731.414
      From worker 2:	replicate complete, ran 20000000 generations:
      From worker 2:	
      From worker 2:		num_imitating:			17500277
      From worker 2:		num_not_imitating:		2499723
      From worker 2:		num_strategies_changed:  	515941
      From worker 2:			num_random_strategies: 	17525
      From worker 2:		num_sets_changed: 		348424
      From worker 2:			num_random_opinions: 	13073
      From worker 2:			num_biased_opinions: 	4334
      From worker 2:		num_both_changed: 		16817
      From worker 2:	
      From worker 2:	data processed and exported
      From worker 2:	
      From worker 2:	starting b_1.0_c_0.2_N_40_M_1_K_1_P_2_beta_0.001_u_0.001_v_0.001_p_0.5_ϵ_1.0_gens_20000000_210215-033731.414
      From worker 3:	replicate complete, ran 20000000 generations:
      From worker 3:	
      From worker 3:		num_imitating:			14999937
      From worker 3:		num_not_imitating:		5000063
      From worker 3:		num_strategies_changed:  	398753
      From worker 3:			num_random_strategies: 	15067
      From worker 3:		num_sets_changed: 		290276
      From worker 3:			num_random_opinions: 	7569
      From worker 3:			num_biased_opinions: 	7454
      From worker 3:		num_both_changed: 		13248
      From worker 3:	
      From worker 3:	data processed and exported
      From worker 3:	
      From worker 3:	starting b_1.0_c_0.2_N_40_M_1_K_1_P_2_beta_0.001_u_0.001_v_0.001_p_0.75_ϵ_1.0_gens_20000000_210215-033731.414
      From worker 4:	replicate complete, ran 20000000 generations:
      From worker 4:	
      From worker 4:		num_imitating:			12498825
      From worker 4:		num_not_imitating:		7501175
      From worker 4:		num_strategies_changed:  	365440
      From worker 4:			num_random_strategies: 	12649
      From worker 4:		num_sets_changed: 		521631
      From worker 4:			num_random_opinions: 	6982
      From worker 4:			num_biased_opinions: 	21010
      From worker 4:		num_both_changed: 		31962
      From worker 4:	
      From worker 4:	data processed and exported
      From worker 4:	
      From worker 4:	starting b_1.0_c_0.2_N_40_M_1_K_1_P_2_beta_0.001_u_0.001_v_0.0022360679774997894_p_1.0_ϵ_1.0_gens_20000000_210215-033731.414
      From worker 6:	replicate complete, ran 20000000 generations:
      From worker 6:	
      From worker 6:		num_imitating:			20000000
      From worker 6:		num_not_imitating:		0
      From worker 6:		num_strategies_changed:  	601283
      From worker 6:			num_random_strategies: 	20022
      From worker 6:		num_sets_changed: 		1708036
      From worker 6:			num_random_opinions: 	100095
      From worker 6:			num_biased_opinions: 	0
      From worker 6:		num_both_changed: 		95238
      From worker 6:	
      From worker 6:	data processed and exported
      From worker 6:	
      From worker 6:	starting b_1.0_c_0.2_N_40_M_1_K_1_P_2_beta_0.001_u_0.001_v_0.005_p_0.25_ϵ_1.0_gens_20000000_210215-033731.414
      From worker 10:	replicate complete, ran 20000000 generations:
      From worker 10:	
      From worker 10:		num_imitating:			10000813
      From worker 10:		num_not_imitating:		9999187
      From worker 10:		num_strategies_changed:  	142794
      From worker 10:			num_random_strategies: 	9781
      From worker 10:		num_sets_changed: 		0
      From worker 10:			num_random_opinions: 	0
      From worker 10:			num_biased_opinions: 	249885
      From worker 10:		num_both_changed: 		0
      From worker 10:	
      From worker 10:	data processed and exported
      From worker 10:	
      From worker 10:	starting b_1.0_c_0.2_N_40_M_1_K_1_P_2_beta_0.001_u_0.001_v_0.055901699437494755_p_0.0_ϵ_1.0_gens_20000000_210215-033731.414
      From worker 15:	replicate complete, ran 20000000 generations:
      From worker 15:	
      From worker 15:		num_imitating:			9999500
      From worker 15:		num_not_imitating:		10000500
      From worker 15:		num_strategies_changed:  	143673
      From worker 15:			num_random_strategies: 	9930
      From worker 15:		num_sets_changed: 		0
      From worker 15:			num_random_opinions: 	0
      From worker 15:			num_biased_opinions: 	2796159
      From worker 15:		num_both_changed: 		0
      From worker 15:	
      From worker 15:	data processed and exported
      From worker 8:	replicate complete, ran 20000000 generations:
      From worker 8:	
      From worker 8:		num_imitating:			15000337
      From worker 8:		num_not_imitating:		4999663
      From worker 8:		num_strategies_changed:  	426804
      From worker 8:			num_random_strategies: 	15074
      From worker 8:		num_sets_changed: 		2331939
      From worker 8:			num_random_opinions: 	83591
      From worker 8:			num_biased_opinions: 	84027
      From worker 8:		num_both_changed: 		111888
      From worker 8:	
      From worker 15:	
      From worker 15:	starting b_1.0_c_0.2_N_40_M_1_K_1_P_2_beta_0.001_u_0.001_v_0.625_p_0.0_ϵ_1.0_gens_20000000_210215-033731.414
      From worker 8:	data processed and exported
      From worker 8:	
      From worker 8:	starting b_1.0_c_0.2_N_40_M_1_K_1_P_2_beta_0.001_u_0.001_v_0.011180339887498947_p_0.75_ϵ_1.0_gens_20000000_210215-033731.414
      From worker 7:	replicate complete, ran 20000000 generations:
      From worker 7:	
      From worker 7:		num_imitating:			17501762
      From worker 7:		num_not_imitating:		2498238
      From worker 7:		num_strategies_changed:  	487652
      From worker 7:			num_random_strategies: 	17571
      From worker 7:		num_sets_changed: 		2731322
      From worker 7:			num_random_opinions: 	147313
      From worker 7:			num_biased_opinions: 	49133
      From worker 7:		num_both_changed: 		121997
      From worker 7:	
      From worker 7:	data processed and exported
      From worker 7:	
      From worker 7:	starting b_1.0_c_0.2_N_40_M_1_K_1_P_2_beta_0.001_u_0.001_v_0.011180339887498947_p_0.5_ϵ_1.0_gens_20000000_210215-033731.414
      From worker 11:	replicate complete, ran 20000000 generations:
      From worker 11:	
      From worker 11:		num_imitating:			20000000
      From worker 11:		num_not_imitating:		0
      From worker 11:		num_strategies_changed:  	583606
      From worker 11:			num_random_strategies: 	19979
      From worker 11:		num_sets_changed: 		6994257
      From worker 11:			num_random_opinions: 	1116600
      From worker 11:			num_biased_opinions: 	0
      From worker 11:		num_both_changed: 		261201
      From worker 11:	
      From worker 11:	data processed and exported
      From worker 11:	
      From worker 11:	starting b_1.0_c_0.2_N_40_M_1_K_1_P_2_beta_0.001_u_0.001_v_0.055901699437494755_p_0.25_ϵ_1.0_gens_20000000_210215-033731.414
      From worker 9:	replicate complete, ran 20000000 generations:
      From worker 9:	
      From worker 9:		num_imitating:			12497612
      From worker 9:		num_not_imitating:		7502388
      From worker 9:		num_strategies_changed:  	379400
      From worker 9:			num_random_strategies: 	12448
      From worker 9:		num_sets_changed: 		3090501
      From worker 9:			num_random_opinions: 	78120
      From worker 9:			num_biased_opinions: 	234776
      From worker 9:		num_both_changed: 		147191
      From worker 9:	
      From worker 9:	data processed and exported
      From worker 9:	
      From worker 9:	starting b_1.0_c_0.2_N_40_M_1_K_1_P_2_beta_0.001_u_0.001_v_0.025_p_1.0_ϵ_1.0_gens_20000000_210215-033731.414
      From worker 16:	replicate complete, ran 20000000 generations:
      From worker 16:	
      From worker 16:		num_imitating:			20000000
      From worker 16:		num_not_imitating:		0
      From worker 16:		num_strategies_changed:  	596251
      From worker 16:			num_random_strategies: 	20026
      From worker 16:		num_sets_changed: 		9851260
      From worker 16:			num_random_opinions: 	12503298
      From worker 16:			num_biased_opinions: 	0
      From worker 16:		num_both_changed: 		297842
      From worker 16:	
      From worker 16:	data processed and exported
      From worker 16:	
      From worker 16:	starting b_1.0_c_0.2_N_40_M_1_K_1_P_2_beta_0.001_u_0.001_v_0.625_p_0.25_ϵ_1.0_gens_20000000_210215-033731.414
      From worker 2:	replicate complete, ran 20000000 generations:
      From worker 2:	
      From worker 2:		num_imitating:			15000735
      From worker 2:		num_not_imitating:		4999265
      From worker 2:		num_strategies_changed:  	456660
      From worker 2:			num_random_strategies: 	15011
      From worker 2:		num_sets_changed: 		309496
      From worker 2:			num_random_opinions: 	7596
      From worker 2:			num_biased_opinions: 	7632
      From worker 2:		num_both_changed: 		20719
      From worker 2:	
      From worker 2:	data processed and exported
      From worker 2:	
      From worker 2:	starting b_1.0_c_0.2_N_40_M_1_K_1_P_2_beta_0.001_u_0.001_v_0.001_p_0.75_ϵ_1.0_gens_20000000_210215-033731.414
      From worker 4:	replicate complete, ran 20000000 generations:
      From worker 4:	
      From worker 4:		num_imitating:			9998571
      From worker 4:		num_not_imitating:		10001429
      From worker 4:		num_strategies_changed:  	147268
      From worker 4:			num_random_strategies: 	10008
      From worker 4:		num_sets_changed: 		0
      From worker 4:			num_random_opinions: 	0
      From worker 4:			num_biased_opinions: 	22357
      From worker 4:		num_both_changed: 		0
      From worker 4:	
      From worker 4:	data processed and exported
      From worker 4:	
      From worker 4:	starting b_1.0_c_0.2_N_40_M_1_K_1_P_2_beta_0.001_u_0.001_v_0.0022360679774997894_p_0.0_ϵ_1.0_gens_20000000_210215-033731.414
      From worker 3:	replicate complete, ran 20000000 generations:
      From worker 3:	
      From worker 3:		num_imitating:			12500607
      From worker 3:		num_not_imitating:		7499393
      From worker 3:		num_strategies_changed:  	357323
      From worker 3:			num_random_strategies: 	12436
      From worker 3:		num_sets_changed: 		239942
      From worker 3:			num_random_opinions: 	3151
      From worker 3:			num_biased_opinions: 	9260
      From worker 3:		num_both_changed: 		13786
      From worker 3:	
      From worker 3:	data processed and exported
      From worker 3:	
      From worker 3:	starting b_1.0_c_0.2_N_40_M_1_K_1_P_2_beta_0.001_u_0.001_v_0.001_p_1.0_ϵ_1.0_gens_20000000_210215-033731.414
      From worker 5:	replicate complete, ran 20000000 generations:
      From worker 5:	
      From worker 5:		num_imitating:			20000000
      From worker 5:		num_not_imitating:		0
      From worker 5:		num_strategies_changed:  	599835
      From worker 5:			num_random_strategies: 	20126
      From worker 5:		num_sets_changed: 		1680786
      From worker 5:			num_random_opinions: 	100414
      From worker 5:			num_biased_opinions: 	0
      From worker 5:		num_both_changed: 		94043
      From worker 5:	
      From worker 5:	data processed and exported
      From worker 5:	
      From worker 5:	starting b_1.0_c_0.2_N_40_M_1_K_1_P_2_beta_0.001_u_0.001_v_0.005_p_0.25_ϵ_1.0_gens_20000000_210215-033731.414
      From worker 14:	replicate complete, ran 20000000 generations:
      From worker 14:	
      From worker 14:		num_imitating:			12497427
      From worker 14:		num_not_imitating:		7502573
      From worker 14:		num_strategies_changed:  	357253
      From worker 14:			num_random_strategies: 	12625
      From worker 14:		num_sets_changed: 		4978344
      From worker 14:			num_random_opinions: 	874327
      From worker 14:			num_biased_opinions: 	2620363
      From worker 14:		num_both_changed: 		157248
      From worker 14:	
      From worker 14:	data processed and exported
      From worker 14:	
      From worker 14:	starting b_1.0_c_0.2_N_40_M_1_K_1_P_2_beta_0.001_u_0.001_v_0.2795084971874737_p_1.0_ϵ_1.0_gens_20000000_210215-033731.414
      From worker 6:	replicate complete, ran 20000000 generations:
      From worker 6:	
      From worker 6:		num_imitating:			17497934
      From worker 6:		num_not_imitating:		2502066
      From worker 6:		num_strategies_changed:  	496488
      From worker 6:			num_random_strategies: 	17430
      From worker 6:		num_sets_changed: 		1479903
      From worker 6:			num_random_opinions: 	65511
      From worker 6:			num_biased_opinions: 	21861
      From worker 6:		num_both_changed: 		72044
      From worker 6:	
      From worker 6:	data processed and exported
      From worker 6:	
      From worker 6:	starting b_1.0_c_0.2_N_40_M_1_K_1_P_2_beta_0.001_u_0.001_v_0.005_p_0.5_ϵ_1.0_gens_20000000_210215-033731.414
      From worker 13:	replicate complete, ran 20000000 generations:
      From worker 13:	
      From worker 13:		num_imitating:			15002284
      From worker 13:		num_not_imitating:		4997716
      From worker 13:		num_strategies_changed:  	415332
      From worker 13:			num_random_strategies: 	15119
      From worker 13:		num_sets_changed: 		6277503
      From worker 13:			num_random_opinions: 	937407
      From worker 13:			num_biased_opinions: 	938741
      From worker 13:		num_both_changed: 		201682
      From worker 13:	
      From worker 13:	data processed and exported
      From worker 13:	
      From worker 13:	starting b_1.0_c_0.2_N_40_M_1_K_1_P_2_beta_0.001_u_0.001_v_0.125_p_0.75_ϵ_1.0_gens_20000000_210215-033731.414
      From worker 12:	replicate complete, ran 20000000 generations:
      From worker 12:	
      From worker 12:		num_imitating:			17500140
      From worker 12:		num_not_imitating:		2499860
      From worker 12:		num_strategies_changed:  	512826
      From worker 12:			num_random_strategies: 	17468
      From worker 12:		num_sets_changed: 		7414466
      From worker 12:			num_random_opinions: 	1639027
      From worker 12:			num_biased_opinions: 	547039
      From worker 12:		num_both_changed: 		249517
      From worker 12:	
      From worker 12:	data processed and exported
      From worker 8:	replicate complete, ran 20000000 generations:
      From worker 8:	
      From worker 8:		num_imitating:			12498862
      From worker 8:		num_not_imitating:		7501138
      From worker 8:		num_strategies_changed:  	349001
      From worker 8:			num_random_strategies: 	12563
      From worker 8:		num_sets_changed: 		1943106
      From worker 8:			num_random_opinions: 	34764
      From worker 8:			num_biased_opinions: 	104306
      From worker 8:		num_both_changed: 		93743
      From worker 8:	
      From worker 12:	
      From worker 12:	starting b_1.0_c_0.2_N_40_M_1_K_1_P_2_beta_0.001_u_0.001_v_0.125_p_0.5_ϵ_1.0_gens_20000000_210215-033731.414
      From worker 8:	data processed and exported
      From worker 8:	
      From worker 8:	starting b_1.0_c_0.2_N_40_M_1_K_1_P_2_beta_0.001_u_0.001_v_0.011180339887498947_p_1.0_ϵ_1.0_gens_20000000_210215-033731.414
      From worker 9:	replicate complete, ran 20000000 generations:
      From worker 9:	
      From worker 9:		num_imitating:			10000593
      From worker 9:		num_not_imitating:		9999407
      From worker 9:		num_strategies_changed:  	148693
      From worker 9:			num_random_strategies: 	10088
      From worker 9:		num_sets_changed: 		0
      From worker 9:			num_random_opinions: 	0
      From worker 9:			num_biased_opinions: 	249981
      From worker 9:		num_both_changed: 		0
      From worker 9:	
      From worker 9:	data processed and exported
      From worker 9:	
      From worker 9:	starting b_1.0_c_0.2_N_40_M_1_K_1_P_2_beta_0.001_u_0.001_v_0.025_p_0.0_ϵ_1.0_gens_20000000_210215-033731.414
      From worker 7:	replicate complete, ran 20000000 generations:
      From worker 7:	
      From worker 7:		num_imitating:			14996548
      From worker 7:		num_not_imitating:		5003452
      From worker 7:		num_strategies_changed:  	436460
      From worker 7:			num_random_strategies: 	14784
      From worker 7:		num_sets_changed: 		2304336
      From worker 7:			num_random_opinions: 	84221
      From worker 7:			num_biased_opinions: 	83678
      From worker 7:		num_both_changed: 		113371
      From worker 7:	
      From worker 7:	data processed and exported
      From worker 7:	
      From worker 7:	starting b_1.0_c_0.2_N_40_M_1_K_1_P_2_beta_0.001_u_0.001_v_0.011180339887498947_p_0.75_ϵ_1.0_gens_20000000_210215-033731.414
      From worker 2:	replicate complete, ran 20000000 generations:
      From worker 2:	
      From worker 2:		num_imitating:			12497966
      From worker 2:		num_not_imitating:		7502034
      From worker 2:		num_strategies_changed:  	388840
      From worker 2:			num_random_strategies: 	12348
      From worker 2:		num_sets_changed: 		253340
      From worker 2:			num_random_opinions: 	3092
      From worker 2:			num_biased_opinions: 	9572
      From worker 2:		num_both_changed: 		15898
      From worker 2:	
      From worker 2:	data processed and exported
      From worker 10:	replicate complete, ran 20000000 generations:
      From worker 10:	
      From worker 10:		num_imitating:			20000000
      From worker 10:		num_not_imitating:		0
      From worker 10:		num_strategies_changed:  	588079
      From worker 10:			num_random_strategies: 	20163
      From worker 10:		num_sets_changed: 		7040275
      From worker 10:			num_random_opinions: 	1118047
      From worker 10:			num_biased_opinions: 	0
      From worker 10:		num_both_changed: 		264679
      From worker 10:	
      From worker 2:	
      From worker 2:	starting b_1.0_c_0.2_N_40_M_1_K_1_P_2_beta_0.001_u_0.001_v_0.001_p_1.0_ϵ_1.0_gens_20000000_210215-033731.414
      From worker 10:	data processed and exported
      From worker 10:	
      From worker 10:	starting b_1.0_c_0.2_N_40_M_1_K_1_P_2_beta_0.001_u_0.001_v_0.055901699437494755_p_0.25_ϵ_1.0_gens_20000000_210215-033731.414
      From worker 3:	replicate complete, ran 20000000 generations:
      From worker 3:	
      From worker 3:		num_imitating:			10000789
      From worker 3:		num_not_imitating:		9999211
      From worker 3:		num_strategies_changed:  	149193
      From worker 3:			num_random_strategies: 	9987
      From worker 3:		num_sets_changed: 		0
      From worker 3:			num_random_opinions: 	0
      From worker 3:			num_biased_opinions: 	10022
      From worker 3:		num_both_changed: 		0
      From worker 3:	
      From worker 3:	data processed and exported
      From worker 3:	
      From worker 3:	starting b_1.0_c_0.2_N_40_M_1_K_1_P_2_beta_0.001_u_0.001_v_0.0022360679774997894_p_0.0_ϵ_1.0_gens_20000000_210215-033731.414
      From worker 14:	replicate complete, ran 20000000 generations:
      From worker 14:	
      From worker 14:		num_imitating:			10003244
      From worker 14:		num_not_imitating:		9996756
      From worker 14:		num_strategies_changed:  	148633
      From worker 14:			num_random_strategies: 	9856
      From worker 14:		num_sets_changed: 		0
      From worker 14:			num_random_opinions: 	0
      From worker 14:			num_biased_opinions: 	2798046
      From worker 14:		num_both_changed: 		0
      From worker 14:	
      From worker 14:	data processed and exported
      From worker 14:	
      From worker 14:	starting b_1.0_c_0.2_N_40_M_1_K_1_P_2_beta_0.001_u_0.001_v_0.2795084971874737_p_0.0_ϵ_1.0_gens_20000000_210215-033731.414
      From worker 4:	replicate complete, ran 20000000 generations:
      From worker 4:	
      From worker 4:		num_imitating:			20000000
      From worker 4:		num_not_imitating:		0
      From worker 4:		num_strategies_changed:  	554627
      From worker 4:			num_random_strategies: 	20008
      From worker 4:		num_sets_changed: 		828158
      From worker 4:			num_random_opinions: 	44777
      From worker 4:			num_biased_opinions: 	0
      From worker 4:		num_both_changed: 		40187
      From worker 4:	
      From worker 4:	data processed and exported
      From worker 4:	
      From worker 4:	starting b_1.0_c_0.2_N_40_M_1_K_1_P_2_beta_0.001_u_0.001_v_0.0022360679774997894_p_0.25_ϵ_1.0_gens_20000000_210215-033731.414
      From worker 5:	replicate complete, ran 20000000 generations:
      From worker 5:	
      From worker 5:		num_imitating:			17501061
      From worker 5:		num_not_imitating:		2498939
      From worker 5:		num_strategies_changed:  	507395
      From worker 5:			num_random_strategies: 	17546
      From worker 5:		num_sets_changed: 		1503834
      From worker 5:			num_random_opinions: 	65534
      From worker 5:			num_biased_opinions: 	21616
      From worker 5:		num_both_changed: 		77508
      From worker 5:	
      From worker 11:	replicate complete, ran 20000000 generations:
      From worker 11:	
      From worker 11:		num_imitating:			17499430
      From worker 11:		num_not_imitating:		2500570
      From worker 11:		num_strategies_changed:  	505484
      From worker 11:			num_random_strategies: 	17475
      From worker 11:		num_sets_changed: 		6125039
      From worker 11:			num_random_opinions: 	732030
      From worker 11:			num_biased_opinions: 	244449
      From worker 11:		num_both_changed: 		227012
      From worker 11:	
      From worker 5:	data processed and exported
      From worker 11:	data processed and exported
      From worker 5:	
      From worker 5:	starting b_1.0_c_0.2_N_40_M_1_K_1_P_2_beta_0.001_u_0.001_v_0.005_p_0.5_ϵ_1.0_gens_20000000_210215-033731.414
      From worker 11:	
      From worker 11:	starting b_1.0_c_0.2_N_40_M_1_K_1_P_2_beta_0.001_u_0.001_v_0.055901699437494755_p_0.5_ϵ_1.0_gens_20000000_210215-033731.414
      From worker 6:	replicate complete, ran 20000000 generations:
      From worker 6:	
      From worker 6:		num_imitating:			15000219
      From worker 6:		num_not_imitating:		4999781
      From worker 6:		num_strategies_changed:  	447564
      From worker 6:			num_random_strategies: 	15108
      From worker 6:		num_sets_changed: 		1290406
      From worker 6:			num_random_opinions: 	37282
      From worker 6:			num_biased_opinions: 	37478
      From worker 6:		num_both_changed: 		69784
      From worker 6:	
      From worker 6:	data processed and exported
      From worker 6:	
      From worker 6:	starting b_1.0_c_0.2_N_40_M_1_K_1_P_2_beta_0.001_u_0.001_v_0.005_p_0.75_ϵ_1.0_gens_20000000_210215-033731.414
      From worker 15:	replicate complete, ran 20000000 generations:
      From worker 15:	
      From worker 15:		num_imitating:			20000000
      From worker 15:		num_not_imitating:		0
      From worker 15:		num_strategies_changed:  	593784
      From worker 15:			num_random_strategies: 	19800
      From worker 15:		num_sets_changed: 		9850843
      From worker 15:			num_random_opinions: 	12499961
      From worker 15:			num_biased_opinions: 	0
      From worker 15:		num_both_changed: 		296137
      From worker 15:	
      From worker 15:	data processed and exported
      From worker 15:	
      From worker 15:	starting b_1.0_c_0.2_N_40_M_1_K_1_P_2_beta_0.001_u_0.001_v_0.625_p_0.25_ϵ_1.0_gens_20000000_210215-033731.414
      From worker 8:	replicate complete, ran 20000000 generations:
      From worker 8:	
      From worker 8:		num_imitating:			9998697
      From worker 8:		num_not_imitating:		10001303
      From worker 8:		num_strategies_changed:  	139936
      From worker 8:			num_random_strategies: 	9868
      From worker 8:		num_sets_changed: 		0
      From worker 8:			num_random_opinions: 	0
      From worker 8:			num_biased_opinions: 	111780
      From worker 8:		num_both_changed: 		0
      From worker 8:	
      From worker 8:	data processed and exported
      From worker 8:	
      From worker 8:	starting b_1.0_c_0.2_N_40_M_1_K_1_P_2_beta_0.001_u_0.001_v_0.025_p_0.0_ϵ_1.0_gens_20000000_210215-033731.414
      From worker 16:	replicate complete, ran 20000000 generations:
      From worker 16:	
      From worker 16:		num_imitating:			17501698
      From worker 16:		num_not_imitating:		2498302
      From worker 16:		num_strategies_changed:  	536312
      From worker 16:			num_random_strategies: 	17521
      From worker 16:		num_sets_changed: 		8380795
      From worker 16:			num_random_opinions: 	8204462
      From worker 16:			num_biased_opinions: 	2732532
      From worker 16:		num_both_changed: 		260519
      From worker 16:	
      From worker 16:	data processed and exported
      From worker 16:	
      From worker 16:	starting b_1.0_c_0.2_N_40_M_1_K_1_P_2_beta_0.001_u_0.001_v_0.625_p_0.5_ϵ_1.0_gens_20000000_210215-033731.414
      From worker 2:	replicate complete, ran 20000000 generations:
      From worker 2:	
      From worker 2:		num_imitating:			9998534
      From worker 2:		num_not_imitating:		10001466
      From worker 2:		num_strategies_changed:  	142126
      From worker 2:			num_random_strategies: 	10001
      From worker 2:		num_sets_changed: 		0
      From worker 2:			num_random_opinions: 	0
      From worker 2:			num_biased_opinions: 	10003
      From worker 2:		num_both_changed: 		0
      From worker 2:	
      From worker 2:	data processed and exported
      From worker 2:	
      From worker 2:	starting b_1.0_c_0.2_N_40_M_1_K_1_P_2_beta_0.001_u_0.001_v_0.001_p_0.0_ϵ_1.0_gens_20000000_210215-033731.414
      From worker 13:	replicate complete, ran 20000000 generations:
      From worker 13:	
      From worker 13:		num_imitating:			12502810
      From worker 13:		num_not_imitating:		7497190
      From worker 13:		num_strategies_changed:  	347189
      From worker 13:			num_random_strategies: 	12385
      From worker 13:		num_sets_changed: 		4994563
      From worker 13:			num_random_opinions: 	391911
      From worker 13:			num_biased_opinions: 	1174214
      From worker 13:		num_both_changed: 		164618
      From worker 13:	
      From worker 13:	data processed and exported
      From worker 13:	
      From worker 13:	starting b_1.0_c_0.2_N_40_M_1_K_1_P_2_beta_0.001_u_0.001_v_0.125_p_1.0_ϵ_1.0_gens_20000000_210215-033731.414
      From worker 7:	replicate complete, ran 20000000 generations:
      From worker 7:	
      From worker 7:		num_imitating:			12501226
      From worker 7:		num_not_imitating:		7498774
      From worker 7:		num_strategies_changed:  	350400
      From worker 7:			num_random_strategies: 	12572
      From worker 7:		num_sets_changed: 		1886792
      From worker 7:			num_random_opinions: 	35014
      From worker 7:			num_biased_opinions: 	104590
      From worker 7:		num_both_changed: 		87366
      From worker 7:	
      From worker 7:	data processed and exported
      From worker 7:	
      From worker 7:	starting b_1.0_c_0.2_N_40_M_1_K_1_P_2_beta_0.001_u_0.001_v_0.011180339887498947_p_1.0_ϵ_1.0_gens_20000000_210215-033731.414
      From worker 3:	replicate complete, ran 20000000 generations:
      From worker 3:	
      From worker 3:		num_imitating:			20000000
      From worker 3:		num_not_imitating:		0
      From worker 3:		num_strategies_changed:  	571722
      From worker 3:			num_random_strategies: 	19914
      From worker 3:		num_sets_changed: 		846141
      From worker 3:			num_random_opinions: 	44561
      From worker 3:			num_biased_opinions: 	0
      From worker 3:		num_both_changed: 		39514
      From worker 3:	
      From worker 3:	data processed and exported
      From worker 3:	
      From worker 3:	starting b_1.0_c_0.2_N_40_M_1_K_1_P_2_beta_0.001_u_0.001_v_0.0022360679774997894_p_0.25_ϵ_1.0_gens_20000000_210215-033731.414
      From worker 4:	replicate complete, ran 20000000 generations:
      From worker 4:	
      From worker 4:		num_imitating:			17500487
      From worker 4:		num_not_imitating:		2499513
      From worker 4:		num_strategies_changed:  	527769
      From worker 4:			num_random_strategies: 	17540
      From worker 4:		num_sets_changed: 		758934
      From worker 4:			num_random_opinions: 	29459
      From worker 4:			num_biased_opinions: 	9783
      From worker 4:		num_both_changed: 		40149
      From worker 4:	
      From worker 9:	replicate complete, ran 20000000 generations:
      From worker 9:	
      From worker 9:		num_imitating:			20000000
      From worker 9:		num_not_imitating:		0
      From worker 9:		num_strategies_changed:  	541886
      From worker 9:			num_random_strategies: 	19967
      From worker 9:		num_sets_changed: 		5118620
      From worker 9:			num_random_opinions: 	499085
      From worker 9:			num_biased_opinions: 	0
      From worker 9:		num_both_changed: 		201073
      From worker 9:	
      From worker 4:	data processed and exported
      From worker 4:	
      From worker 4:	starting b_1.0_c_0.2_N_40_M_1_K_1_P_2_beta_0.001_u_0.001_v_0.0022360679774997894_p_0.5_ϵ_1.0_gens_20000000_210215-033731.414
      From worker 9:	data processed and exported
      From worker 9:	
      From worker 9:	starting b_1.0_c_0.2_N_40_M_1_K_1_P_2_beta_0.001_u_0.001_v_0.025_p_0.25_ϵ_1.0_gens_20000000_210215-033731.414
      From worker 12:	replicate complete, ran 20000000 generations:
      From worker 12:	
      From worker 12:		num_imitating:			15000791
      From worker 12:		num_not_imitating:		4999209
      From worker 12:		num_strategies_changed:  	447817
      From worker 12:			num_random_strategies: 	15132
      From worker 12:		num_sets_changed: 		6276257
      From worker 12:			num_random_opinions: 	939469
      From worker 12:			num_biased_opinions: 	937370
      From worker 12:		num_both_changed: 		216463
      From worker 12:	
      From worker 12:	data processed and exported
      From worker 12:	
      From worker 12:	starting b_1.0_c_0.2_N_40_M_1_K_1_P_2_beta_0.001_u_0.001_v_0.125_p_0.75_ϵ_1.0_gens_20000000_210215-033731.414
      From worker 5:	replicate complete, ran 20000000 generations:
      From worker 5:	
      From worker 5:		num_imitating:			14998182
      From worker 5:		num_not_imitating:		5001818
      From worker 5:		num_strategies_changed:  	397353
      From worker 5:			num_random_strategies: 	14644
      From worker 5:		num_sets_changed: 		1238538
      From worker 5:			num_random_opinions: 	37457
      From worker 5:			num_biased_opinions: 	37430
      From worker 5:		num_both_changed: 		57379
      From worker 5:	
      From worker 5:	data processed and exported
      From worker 5:	
      From worker 5:	starting b_1.0_c_0.2_N_40_M_1_K_1_P_2_beta_0.001_u_0.001_v_0.005_p_0.75_ϵ_1.0_gens_20000000_210215-033731.414
      From worker 6:	replicate complete, ran 20000000 generations:
      From worker 6:	
      From worker 6:		num_imitating:			12504056
      From worker 6:		num_not_imitating:		7495944
      From worker 6:		num_strategies_changed:  	355315
      From worker 6:			num_random_strategies: 	12423
      From worker 6:		num_sets_changed: 		1061521
      From worker 6:			num_random_opinions: 	15663
      From worker 6:			num_biased_opinions: 	46821
      From worker 6:		num_both_changed: 		57155
      From worker 6:	
      From worker 6:	data processed and exported
      From worker 6:	
      From worker 6:	starting b_1.0_c_0.2_N_40_M_1_K_1_P_2_beta_0.001_u_0.001_v_0.005_p_1.0_ϵ_1.0_gens_20000000_210215-033731.414
      From worker 10:	replicate complete, ran 20000000 generations:
      From worker 10:	
      From worker 10:		num_imitating:			17498224
      From worker 10:		num_not_imitating:		2501776
      From worker 10:		num_strategies_changed:  	507131
      From worker 10:			num_random_strategies: 	17480
      From worker 10:		num_sets_changed: 		6094420
      From worker 10:			num_random_opinions: 	733740
      From worker 10:			num_biased_opinions: 	245009
      From worker 10:		num_both_changed: 		226893
      From worker 10:	
      From worker 10:	data processed and exported
      From worker 10:	
      From worker 10:	starting b_1.0_c_0.2_N_40_M_1_K_1_P_2_beta_0.001_u_0.001_v_0.055901699437494755_p_0.5_ϵ_1.0_gens_20000000_210215-033731.414
      From worker 11:	replicate complete, ran 20000000 generations:
      From worker 11:	
      From worker 11:		num_imitating:			14999412
      From worker 11:		num_not_imitating:		5000588
      From worker 11:		num_strategies_changed:  	425375
      From worker 11:			num_random_strategies: 	14876
      From worker 11:		num_sets_changed: 		5207154
      From worker 11:			num_random_opinions: 	419760
      From worker 11:			num_biased_opinions: 	418770
      From worker 11:		num_both_changed: 		191640
      From worker 11:	
      From worker 11:	data processed and exported
      From worker 11:	
      From worker 11:	starting b_1.0_c_0.2_N_40_M_1_K_1_P_2_beta_0.001_u_0.001_v_0.055901699437494755_p_0.75_ϵ_1.0_gens_20000000_210215-033731.414
      From worker 7:	replicate complete, ran 20000000 generations:
      From worker 7:	
      From worker 7:		num_imitating:			9999919
      From worker 7:		num_not_imitating:		10000081
      From worker 7:		num_strategies_changed:  	144270
      From worker 7:			num_random_strategies: 	10071
      From worker 7:		num_sets_changed: 		0
      From worker 7:			num_random_opinions: 	0
      From worker 7:			num_biased_opinions: 	111663
      From worker 7:		num_both_changed: 		0
      From worker 7:	
      From worker 7:	data processed and exported
      From worker 7:	
      From worker 7:	starting b_1.0_c_0.2_N_40_M_1_K_1_P_2_beta_0.001_u_0.001_v_0.011180339887498947_p_0.0_ϵ_1.0_gens_20000000_210215-033731.414
      From worker 2:	replicate complete, ran 20000000 generations:
      From worker 2:	
      From worker 2:		num_imitating:			20000000
      From worker 2:		num_not_imitating:		0
      From worker 2:		num_strategies_changed:  	570511
      From worker 2:			num_random_strategies: 	20214
      From worker 2:		num_sets_changed: 		386856
      From worker 2:			num_random_opinions: 	20000
      From worker 2:			num_biased_opinions: 	0
      From worker 2:		num_both_changed: 		19191
      From worker 2:	
      From worker 2:	data processed and exported
      From worker 13:	replicate complete, ran 20000000 generations:
      From worker 13:	
      From worker 13:		num_imitating:			9999219
      From worker 13:		num_not_imitating:		10000781
      From worker 13:		num_strategies_changed:  	150339
      From worker 13:			num_random_strategies: 	9909
      From worker 13:		num_sets_changed: 		0
      From worker 13:			num_random_opinions: 	0
      From worker 13:			num_biased_opinions: 	1249048
      From worker 13:		num_both_changed: 		0
      From worker 13:	
      From worker 13:	data processed and exported
      From worker 13:	
      From worker 13:	starting b_1.0_c_0.2_N_40_M_1_K_1_P_2_beta_0.001_u_0.001_v_0.2795084971874737_p_0.0_ϵ_1.0_gens_20000000_210215-033731.414
      From worker 14:	replicate complete, ran 20000000 generations:
      From worker 14:	
      From worker 14:		num_imitating:			20000000
      From worker 14:		num_not_imitating:		0
      From worker 14:		num_strategies_changed:  	592322
      From worker 14:			num_random_strategies: 	20021
      From worker 14:		num_sets_changed: 		9397531
      From worker 14:			num_random_opinions: 	5588836
      From worker 14:			num_biased_opinions: 	0
      From worker 14:		num_both_changed: 		294582
      From worker 14:	
      From worker 14:	data processed and exported
      From worker 14:	
      From worker 14:	starting b_1.0_c_0.2_N_40_M_1_K_1_P_2_beta_0.001_u_0.001_v_0.2795084971874737_p_0.25_ϵ_1.0_gens_20000000_210215-033731.414
      From worker 8:	replicate complete, ran 20000000 generations:
      From worker 8:	
      From worker 8:		num_imitating:			20000000
      From worker 8:		num_not_imitating:		0
      From worker 8:		num_strategies_changed:  	581723
      From worker 8:			num_random_strategies: 	20242
      From worker 8:		num_sets_changed: 		5063144
      From worker 8:			num_random_opinions: 	500297
      From worker 8:			num_biased_opinions: 	0
      From worker 8:		num_both_changed: 		220427
      From worker 8:	
      From worker 8:	data processed and exported
      From worker 8:	
      From worker 8:	starting b_1.0_c_0.2_N_40_M_1_K_1_P_2_beta_0.001_u_0.001_v_0.025_p_0.25_ϵ_1.0_gens_20000000_210215-033731.414
      From worker 4:	replicate complete, ran 20000000 generations:
      From worker 4:	
      From worker 4:		num_imitating:			15000811
      From worker 4:		num_not_imitating:		4999189
      From worker 4:		num_strategies_changed:  	439330
      From worker 4:			num_random_strategies: 	14938
      From worker 4:		num_sets_changed: 		631904
      From worker 4:			num_random_opinions: 	16767
      From worker 4:			num_biased_opinions: 	16867
      From worker 4:		num_both_changed: 		34542
      From worker 4:	
      From worker 3:	replicate complete, ran 20000000 generations:
      From worker 3:	
      From worker 3:		num_imitating:			17498931
      From worker 3:		num_not_imitating:		2501069
      From worker 3:		num_strategies_changed:  	528086
      From worker 3:			num_random_strategies: 	17487
      From worker 3:		num_sets_changed: 		722506
      From worker 3:			num_random_opinions: 	29314
      From worker 3:			num_biased_opinions: 	9804
      From worker 3:		num_both_changed: 		46197
      From worker 3:	
      From worker 4:	data processed and exported
      From worker 3:	data processed and exported
      From worker 15:	replicate complete, ran 20000000 generations:
      From worker 15:	
      From worker 15:		num_imitating:			17497621
      From worker 15:		num_not_imitating:		2502379
      From worker 15:		num_strategies_changed:  	502830
      From worker 15:			num_random_strategies: 	17583
      From worker 15:		num_sets_changed: 		8373480
      From worker 15:			num_random_opinions: 	8201230
      From worker 15:			num_biased_opinions: 	2736591
      From worker 15:		num_both_changed: 		244465
      From worker 15:	
      From worker 15:	data processed and exported
      From worker 15:	
      From worker 15:	starting b_1.0_c_0.2_N_40_M_1_K_1_P_2_beta_0.001_u_0.001_v_0.625_p_0.5_ϵ_1.0_gens_20000000_210215-033731.414
      From worker 6:	replicate complete, ran 20000000 generations:
      From worker 6:	
      From worker 6:		num_imitating:			9997815
      From worker 6:		num_not_imitating:		10002185
      From worker 6:		num_strategies_changed:  	143014
      From worker 6:			num_random_strategies: 	9832
      From worker 6:		num_sets_changed: 		0
      From worker 6:			num_random_opinions: 	0
      From worker 6:			num_biased_opinions: 	50030
      From worker 6:		num_both_changed: 		0
      From worker 6:	
      From worker 6:	data processed and exported
      From worker 5:	replicate complete, ran 20000000 generations:
      From worker 5:	
      From worker 5:		num_imitating:			12503279
      From worker 5:		num_not_imitating:		7496721
      From worker 5:		num_strategies_changed:  	350724
      From worker 5:			num_random_strategies: 	12595
      From worker 5:		num_sets_changed: 		1047124
      From worker 5:			num_random_opinions: 	15442
      From worker 5:			num_biased_opinions: 	46704
      From worker 5:		num_both_changed: 		58164
      From worker 5:	
      From worker 5:	data processed and exported
      From worker 16:	replicate complete, ran 20000000 generations:
      From worker 16:	
      From worker 16:		num_imitating:			15000908
      From worker 16:		num_not_imitating:		4999092
      From worker 16:		num_strategies_changed:  	441496
      From worker 16:			num_random_strategies: 	15213
      From worker 16:		num_sets_changed: 		6423363
      From worker 16:			num_random_opinions: 	4686637
      From worker 16:			num_biased_opinions: 	4686069
      From worker 16:		num_both_changed: 		193145
      From worker 16:	
      From worker 16:	data processed and exported
      From worker 16:	
      From worker 16:	starting b_1.0_c_0.2_N_40_M_1_K_1_P_2_beta_0.001_u_0.001_v_0.625_p_0.75_ϵ_1.0_gens_20000000_210215-033731.414
      From worker 9:	replicate complete, ran 20000000 generations:
      From worker 9:	
      From worker 9:		num_imitating:			17500004
      From worker 9:		num_not_imitating:		2499996
      From worker 9:		num_strategies_changed:  	513763
      From worker 9:			num_random_strategies: 	17375
      From worker 9:		num_sets_changed: 		4383939
      From worker 9:			num_random_opinions: 	327908
      From worker 9:			num_biased_opinions: 	109263
      From worker 9:		num_both_changed: 		189406
      From worker 9:	
      From worker 9:	data processed and exported
      From worker 9:	
      From worker 9:	starting b_1.0_c_0.2_N_40_M_1_K_1_P_2_beta_0.001_u_0.001_v_0.025_p_0.5_ϵ_1.0_gens_20000000_210215-033731.414
      From worker 12:	replicate complete, ran 20000000 generations:
      From worker 12:	
      From worker 12:		num_imitating:			12497147
      From worker 12:		num_not_imitating:		7502853
      From worker 12:		num_strategies_changed:  	373512
      From worker 12:			num_random_strategies: 	12449
      From worker 12:		num_sets_changed: 		4985919
      From worker 12:			num_random_opinions: 	390283
      From worker 12:			num_biased_opinions: 	1170860
      From worker 12:		num_both_changed: 		176898
      From worker 12:	
      From worker 12:	data processed and exported
      From worker 12:	
      From worker 12:	starting b_1.0_c_0.2_N_40_M_1_K_1_P_2_beta_0.001_u_0.001_v_0.125_p_1.0_ϵ_1.0_gens_20000000_210215-033731.414
      From worker 10:	replicate complete, ran 20000000 generations:
      From worker 10:	
      From worker 10:		num_imitating:			14997350
      From worker 10:		num_not_imitating:		5002650
      From worker 10:		num_strategies_changed:  	455089
      From worker 10:			num_random_strategies: 	15153
      From worker 10:		num_sets_changed: 		5224850
      From worker 10:			num_random_opinions: 	418609
      From worker 10:			num_biased_opinions: 	419518
      From worker 10:		num_both_changed: 		202342
      From worker 10:	
      From worker 10:	data processed and exported
      From worker 10:	
      From worker 10:	starting b_1.0_c_0.2_N_40_M_1_K_1_P_2_beta_0.001_u_0.001_v_0.055901699437494755_p_0.75_ϵ_1.0_gens_20000000_210215-033731.414
      From worker 11:	replicate complete, ran 20000000 generations:
      From worker 11:	
      From worker 11:		num_imitating:			12502056
      From worker 11:		num_not_imitating:		7497944
      From worker 11:		num_strategies_changed:  	358404
      From worker 11:			num_random_strategies: 	12577
      From worker 11:		num_sets_changed: 		4225743
      From worker 11:			num_random_opinions: 	174904
      From worker 11:			num_biased_opinions: 	523426
      From worker 11:		num_both_changed: 		158289
      From worker 11:	
      From worker 11:	data processed and exported
      From worker 11:	
      From worker 11:	starting b_1.0_c_0.2_N_40_M_1_K_1_P_2_beta_0.001_u_0.001_v_0.055901699437494755_p_1.0_ϵ_1.0_gens_20000000_210215-033731.414
      From worker 7:	replicate complete, ran 20000000 generations:
      From worker 7:	
      From worker 7:		num_imitating:			20000000
      From worker 7:		num_not_imitating:		0
      From worker 7:		num_strategies_changed:  	582694
      From worker 7:			num_random_strategies: 	19906
      From worker 7:		num_sets_changed: 		3137058
      From worker 7:			num_random_opinions: 	223843
      From worker 7:			num_biased_opinions: 	0
      From worker 7:		num_both_changed: 		147718
      From worker 7:	
      From worker 7:	data processed and exported
      From worker 8:	replicate complete, ran 20000000 generations:
      From worker 8:	
      From worker 8:		num_imitating:			17502355
      From worker 8:		num_not_imitating:		2497645
      From worker 8:		num_strategies_changed:  	493473
      From worker 8:			num_random_strategies: 	17373
      From worker 8:		num_sets_changed: 		4442846
      From worker 8:			num_random_opinions: 	327294
      From worker 8:			num_biased_opinions: 	109204
      From worker 8:		num_both_changed: 		182667
      From worker 8:	
      From worker 8:	data processed and exported
      From worker 12:	replicate complete, ran 20000000 generations:
      From worker 12:	
      From worker 12:		num_imitating:			10004070
      From worker 12:		num_not_imitating:		9995930
      From worker 12:		num_strategies_changed:  	145300
      From worker 12:			num_random_strategies: 	9993
      From worker 12:		num_sets_changed: 		0
      From worker 12:			num_random_opinions: 	0
      From worker 12:			num_biased_opinions: 	1249892
      From worker 12:		num_both_changed: 		0
      From worker 12:	
      From worker 12:	data processed and exported
      From worker 12:	
      From worker 12:	starting b_1.0_c_0.2_N_40_M_1_K_1_P_2_beta_0.001_u_0.001_v_0.125_p_0.0_ϵ_1.0_gens_20000000_210215-033731.414
      From worker 16:	replicate complete, ran 20000000 generations:
      From worker 16:	
      From worker 16:		num_imitating:			12498364
      From worker 16:		num_not_imitating:		7501636
      From worker 16:		num_strategies_changed:  	365357
      From worker 16:			num_random_strategies: 	12482
      From worker 16:		num_sets_changed: 		3879424
      From worker 16:			num_random_opinions: 	1953321
      From worker 16:			num_biased_opinions: 	5856749
      From worker 16:		num_both_changed: 		118027
      From worker 16:	
      From worker 16:	data processed and exported
      From worker 16:	
      From worker 16:	starting b_1.0_c_0.2_N_40_M_1_K_1_P_2_beta_0.001_u_0.001_v_0.625_p_1.0_ϵ_1.0_gens_20000000_210215-033731.414
      From worker 14:	replicate complete, ran 20000000 generations:
      From worker 14:	
      From worker 14:		num_imitating:			17501162
      From worker 14:		num_not_imitating:		2498838
      From worker 14:		num_strategies_changed:  	485394
      From worker 14:			num_random_strategies: 	17350
      From worker 14:		num_sets_changed: 		8145897
      From worker 14:			num_random_opinions: 	3669990
      From worker 14:			num_biased_opinions: 	1223272
      From worker 14:		num_both_changed: 		240068
      From worker 14:	
      From worker 14:	data processed and exported
      From worker 14:	
      From worker 14:	starting b_1.0_c_0.2_N_40_M_1_K_1_P_2_beta_0.001_u_0.001_v_0.2795084971874737_p_0.5_ϵ_1.0_gens_20000000_210215-033731.414
      From worker 13:	replicate complete, ran 20000000 generations:
      From worker 13:	
      From worker 13:		num_imitating:			20000000
      From worker 13:		num_not_imitating:		0
      From worker 13:		num_strategies_changed:  	591334
      From worker 13:			num_random_strategies: 	20021
      From worker 13:		num_sets_changed: 		9396009
      From worker 13:			num_random_opinions: 	5590715
      From worker 13:			num_biased_opinions: 	0
      From worker 13:		num_both_changed: 		294206
      From worker 13:	
      From worker 13:	data processed and exported
      From worker 13:	
      From worker 13:	starting b_1.0_c_0.2_N_40_M_1_K_1_P_2_beta_0.001_u_0.001_v_0.2795084971874737_p_0.25_ϵ_1.0_gens_20000000_210215-033731.414
      From worker 15:	replicate complete, ran 20000000 generations:
      From worker 15:	
      From worker 15:		num_imitating:			14999994
      From worker 15:		num_not_imitating:		5000006
      From worker 15:		num_strategies_changed:  	428687
      From worker 15:			num_random_strategies: 	14831
      From worker 15:		num_sets_changed: 		6425015
      From worker 15:			num_random_opinions: 	4691993
      From worker 15:			num_biased_opinions: 	4685896
      From worker 15:		num_both_changed: 		187828
      From worker 15:	
      From worker 15:	data processed and exported
      From worker 15:	
      From worker 15:	starting b_1.0_c_0.2_N_40_M_1_K_1_P_2_beta_0.001_u_0.001_v_0.625_p_0.75_ϵ_1.0_gens_20000000_210215-033731.414
      From worker 9:	replicate complete, ran 20000000 generations:
      From worker 9:	
      From worker 9:		num_imitating:			14997349
      From worker 9:		num_not_imitating:		5002651
      From worker 9:		num_strategies_changed:  	448859
      From worker 9:			num_random_strategies: 	15099
      From worker 9:		num_sets_changed: 		3744481
      From worker 9:			num_random_opinions: 	187541
      From worker 9:			num_biased_opinions: 	187531
      From worker 9:		num_both_changed: 		166413
      From worker 9:	
      From worker 9:	data processed and exported
      From worker 11:	replicate complete, ran 20000000 generations:
      From worker 11:	
      From worker 11:		num_imitating:			9999232
      From worker 11:		num_not_imitating:		10000768
      From worker 11:		num_strategies_changed:  	141920
      From worker 11:			num_random_strategies: 	10150
      From worker 11:		num_sets_changed: 		0
      From worker 11:			num_random_opinions: 	0
      From worker 11:			num_biased_opinions: 	558911
      From worker 11:		num_both_changed: 		0
      From worker 11:	
      From worker 11:	data processed and exported
      From worker 10:	replicate complete, ran 20000000 generations:
      From worker 10:	
      From worker 10:		num_imitating:			12502052
      From worker 10:		num_not_imitating:		7497948
      From worker 10:		num_strategies_changed:  	361869
      From worker 10:			num_random_strategies: 	12454
      From worker 10:		num_sets_changed: 		4258859
      From worker 10:			num_random_opinions: 	174032
      From worker 10:			num_biased_opinions: 	524555
      From worker 10:		num_both_changed: 		166981
      From worker 10:	
      From worker 10:	data processed and exported
      From worker 16:	replicate complete, ran 20000000 generations:
      From worker 16:	
      From worker 16:		num_imitating:			10002815
      From worker 16:		num_not_imitating:		9997185
      From worker 16:		num_strategies_changed:  	153439
      From worker 16:			num_random_strategies: 	9960
      From worker 16:		num_sets_changed: 		0
      From worker 16:			num_random_opinions: 	0
      From worker 16:			num_biased_opinions: 	6251026
      From worker 16:		num_both_changed: 		0
      From worker 16:	
      From worker 16:	data processed and exported
      From worker 15:	replicate complete, ran 20000000 generations: Activating environment at `/tigress/mk28/CooperationPolarization2/Project.toml`
 Activating environment at `/tigress/mk28/CooperationPolarization2/Project.toml`

      From worker 15:	
      From worker 15:		num_imitating:			12498522
      From worker 15:		num_not_imitating:		7501478
      From worker 15:		num_strategies_changed:  	347460
      From worker 15:			num_random_strategies: 	12547
      From worker 15:		num_sets_changed: 		3873062
      From worker 15:			num_random_opinions: 	1952877
      From worker 15:			num_biased_opinions: 	5859491
      From worker 15:		num_both_changed: 		111971
      From worker 15:	
      From worker 15:	data processed and exported
      From worker 14:	replicate complete, ran 20000000 generations:
      From worker 14:	
      From worker 14:		num_imitating:			15000804
      From worker 14:		num_not_imitating:		4999196
      From worker 14:		num_strategies_changed:  	443535
      From worker 14:			num_random_strategies: 	14969
      From worker 14:		num_sets_changed: 		6757282
      From worker 14:			num_random_opinions: 	2097151
      From worker 14:			num_biased_opinions: 	2096640
      From worker 14:		num_both_changed: 		213398
      From worker 14:	
      From worker 14:	data processed and exported
      From worker 12:	replicate complete, ran 20000000 generations:
      From worker 12:	
      From worker 12:		num_imitating:			20000000
      From worker 12:		num_not_imitating:		0
      From worker 12:		num_strategies_changed:  	570493
      From worker 12:			num_random_strategies: 	20219
      From worker 12:		num_sets_changed: 		8506361
      From worker 12:			num_random_opinions: 	2499246
      From worker 12:			num_biased_opinions: 	0
      From worker 12:		num_both_changed: 		277962
      From worker 12:	
      From worker 12:	data processed and exported
      From worker 13:	replicate complete, ran 20000000 generations:
      From worker 13:	
      From worker 13:		num_imitating:			17498100
      From worker 13:		num_not_imitating:		2501900
      From worker 13:		num_strategies_changed:  	514540
      From worker 13:			num_random_strategies: 	17577
      From worker 13:		num_sets_changed: 		8144796
      From worker 13:			num_random_opinions: 	3669441
      From worker 13:			num_biased_opinions: 	1223710
      From worker 13:		num_both_changed: 		255193
      From worker 13:	
      From worker 13:	data processed and exported
6615.811824 seconds (2.47 M allocations: 114.666 MiB, 0.00% gc time)
