packages loaded
      From worker 4:	 Activating environment at `/tigress/mk28/CooperationPolarization2/Project.toml`
      From worker 5:	 Activating environment at `/tigress/mk28/CooperationPolarization2/Project.toml`
      From worker 6:	 Activating environment at `/tigress/mk28/CooperationPolarization2/Project.toml`
      From worker 3:	 Activating environment at `/tigress/mk28/CooperationPolarization2/Project.toml`
      From worker 2:	 Activating environment at `/tigress/mk28/CooperationPolarization2/Project.toml`
      From worker 15:	 Activating environment at `/tigress/mk28/CooperationPolarization2/Project.toml`
      From worker 9:	 Activating environment at `/tigress/mk28/CooperationPolarization2/Project.toml`
      From worker 12:	 Activating environment at `/tigress/mk28/CooperationPolarization2/Project.toml`
      From worker 14:	 Activating environment at `/tigress/mk28/CooperationPolarization2/Project.toml`
      From worker 11:	 Activating environment at `/tigress/mk28/CooperationPolarization2/Project.toml`
      From worker 16:	 Activating environment at `/tigress/mk28/CooperationPolarization2/Project.toml`
      From worker 8:	 Activating environment at `/tigress/mk28/CooperationPolarization2/Project.toml`
      From worker 10:	 Activating environment at `/tigress/mk28/CooperationPolarization2/Project.toml`
      From worker 13:	 Activating environment at `/tigress/mk28/CooperationPolarization2/Project.toml`
      From worker 7:	 Activating environment at `/tigress/mk28/CooperationPolarization2/Project.toml`
      From worker 2:	packages loaded
      From worker 4:	packages loaded
      From worker 8:	packages loaded
      From worker 6:	packages loaded
      From worker 15:	packages loaded
      From worker 5:	packages loaded
      From worker 9:	packages loaded
      From worker 3:	packages loaded
      From worker 16:	packages loaded
      From worker 13:	packages loaded
      From worker 14:	packages loaded
      From worker 12:	packages loaded
      From worker 11:	packages loaded
      From worker 10:	packages loaded
      From worker 7:	packages loaded
parameters defined
      From worker 8:	
      From worker 8:	starting b_1.0_c_0.2_N_40_M_3_K_2_P_2_beta_0.001_u_0.001_v_0.011180339887498947_p_0.25_ϵ_1.0_gens_20000000_210223-050757.113
      From worker 7:	
      From worker 7:	starting b_1.0_c_0.2_N_40_M_3_K_2_P_2_beta_0.001_u_0.001_v_0.011180339887498947_p_0.0_ϵ_1.0_gens_20000000_210223-050757.113
      From worker 12:	
      From worker 12:	starting b_1.0_c_0.2_N_40_M_3_K_2_P_2_beta_0.001_u_0.001_v_0.125_p_0.0_ϵ_1.0_gens_20000000_210223-050757.113
      From worker 14:	
      From worker 14:	starting b_1.0_c_0.2_N_40_M_3_K_2_P_2_beta_0.001_u_0.001_v_0.2795084971874737_p_0.5_ϵ_1.0_gens_20000000_210223-050757.113
      From worker 2:	
      From worker 2:	starting b_1.0_c_0.2_N_40_M_3_K_2_P_2_beta_0.001_u_0.001_v_0.001_p_0.0_ϵ_1.0_gens_20000000_210223-050757.113
      From worker 9:	
      From worker 9:	starting b_1.0_c_0.2_N_40_M_3_K_2_P_2_beta_0.001_u_0.001_v_0.025_p_0.5_ϵ_1.0_gens_20000000_210223-050757.113
      From worker 13:	
      From worker 13:	starting b_1.0_c_0.2_N_40_M_3_K_2_P_2_beta_0.001_u_0.001_v_0.125_p_0.25_ϵ_1.0_gens_20000000_210223-050757.113
      From worker 11:	
      From worker 11:	starting b_1.0_c_0.2_N_40_M_3_K_2_P_2_beta_0.001_u_0.001_v_0.055901699437494755_p_1.0_ϵ_1.0_gens_20000000_210223-050757.113
      From worker 4:	
      From worker 4:	starting b_1.0_c_0.2_N_40_M_3_K_2_P_2_beta_0.001_u_0.001_v_0.0022360679774997894_p_0.5_ϵ_1.0_gens_20000000_210223-050757.113
      From worker 10:	
      From worker 10:	starting b_1.0_c_0.2_N_40_M_3_K_2_P_2_beta_0.001_u_0.001_v_0.025_p_0.75_ϵ_1.0_gens_20000000_210223-050757.113
      From worker 3:	
      From worker 3:	starting b_1.0_c_0.2_N_40_M_3_K_2_P_2_beta_0.001_u_0.001_v_0.001_p_0.25_ϵ_1.0_gens_20000000_210223-050757.113
      From worker 5:	
      From worker 5:	starting b_1.0_c_0.2_N_40_M_3_K_2_P_2_beta_0.001_u_0.001_v_0.0022360679774997894_p_0.75_ϵ_1.0_gens_20000000_210223-050757.113
      From worker 15:	
      From worker 15:	starting b_1.0_c_0.2_N_40_M_3_K_2_P_2_beta_0.001_u_0.001_v_0.2795084971874737_p_0.75_ϵ_1.0_gens_20000000_210223-050757.113
      From worker 16:	
      From worker 16:	starting b_1.0_c_0.2_N_40_M_3_K_2_P_2_beta_0.001_u_0.001_v_0.625_p_1.0_ϵ_1.0_gens_20000000_210223-050757.113
      From worker 6:	
      From worker 6:	starting b_1.0_c_0.2_N_40_M_3_K_2_P_2_beta_0.001_u_0.001_v_0.005_p_1.0_ϵ_1.0_gens_20000000_210223-050757.113
      From worker 6:	replicate complete, ran 20000000 generations:
      From worker 6:	
      From worker 6:		num_imitating:			10001415
      From worker 6:		num_not_imitating:		9998585
      From worker 6:		num_strategies_changed:  	152899
      From worker 6:			num_random_strategies: 	10030
      From worker 6:		num_sets_changed: 		584296
      From worker 6:			num_random_opinions: 	0
      From worker 6:			num_biased_opinions: 	49486
      From worker 6:		num_both_changed: 		16764
      From worker 6:	
      From worker 3:	replicate complete, ran 20000000 generations:
      From worker 3:	
      From worker 3:		num_imitating:			17500304
      From worker 3:		num_not_imitating:		2499696
      From worker 3:		num_strategies_changed:  	472503
      From worker 3:			num_random_strategies: 	17362
      From worker 3:		num_sets_changed: 		587223
      From worker 3:			num_random_opinions: 	13220
      From worker 3:			num_biased_opinions: 	4286
      From worker 3:		num_both_changed: 		29560
      From worker 3:	
      From worker 6:	data processed and exported
      From worker 6:	
      From worker 6:	starting b_1.0_c_0.2_N_40_M_3_K_2_P_2_beta_0.001_u_0.001_v_0.005_p_0.0_ϵ_1.0_gens_20000000_210223-050757.113
      From worker 3:	data processed and exported
      From worker 3:	
      From worker 3:	starting b_1.0_c_0.2_N_40_M_3_K_2_P_2_beta_0.001_u_0.001_v_0.001_p_0.5_ϵ_1.0_gens_20000000_210223-050757.113
      From worker 2:	replicate complete, ran 20000000 generations:
      From worker 2:	
      From worker 2:		num_imitating:			20000000
      From worker 2:		num_not_imitating:		0
      From worker 2:		num_strategies_changed:  	553945
      From worker 2:			num_random_strategies: 	19876
      From worker 2:		num_sets_changed: 		712581
      From worker 2:			num_random_opinions: 	20107
      From worker 2:			num_biased_opinions: 	0
      From worker 2:		num_both_changed: 		31185
      From worker 2:	
      From worker 5:	replicate complete, ran 20000000 generations:
      From worker 5:	
      From worker 5:		num_imitating:			12498748
      From worker 5:		num_not_imitating:		7501252
      From worker 5:		num_strategies_changed:  	349020
      From worker 5:			num_random_strategies: 	12572
      From worker 5:		num_sets_changed: 		852329
      From worker 5:			num_random_opinions: 	7032
      From worker 5:			num_biased_opinions: 	20749
      From worker 5:		num_both_changed: 		50567
      From worker 5:	
      From worker 2:	data processed and exported
      From worker 5:	data processed and exported
      From worker 2:	
      From worker 2:	starting b_1.0_c_0.2_N_40_M_3_K_2_P_2_beta_0.001_u_0.001_v_0.001_p_0.25_ϵ_1.0_gens_20000000_210223-050757.113
      From worker 5:	
      From worker 5:	starting b_1.0_c_0.2_N_40_M_3_K_2_P_2_beta_0.001_u_0.001_v_0.0022360679774997894_p_1.0_ϵ_1.0_gens_20000000_210223-050757.113
      From worker 4:	replicate complete, ran 20000000 generations:
      From worker 4:	
      From worker 4:		num_imitating:			14998943
      From worker 4:		num_not_imitating:		5001057
      From worker 4:		num_strategies_changed:  	444767
      From worker 4:			num_random_strategies: 	14938
      From worker 4:		num_sets_changed: 		1084217
      From worker 4:			num_random_opinions: 	16819
      From worker 4:			num_biased_opinions: 	16957
      From worker 4:		num_both_changed: 		61063
      From worker 4:	
      From worker 4:	data processed and exported
      From worker 4:	
      From worker 4:	starting b_1.0_c_0.2_N_40_M_3_K_2_P_2_beta_0.001_u_0.001_v_0.0022360679774997894_p_0.75_ϵ_1.0_gens_20000000_210223-050757.113
      From worker 11:	replicate complete, ran 20000000 generations:
      From worker 11:	
      From worker 11:		num_imitating:			10002662
      From worker 11:		num_not_imitating:		9997338
      From worker 11:		num_strategies_changed:  	146996
      From worker 11:			num_random_strategies: 	10018
      From worker 11:		num_sets_changed: 		3599952
      From worker 11:			num_random_opinions: 	0
      From worker 11:			num_biased_opinions: 	559619
      From worker 11:		num_both_changed: 		75259
      From worker 11:	
      From worker 11:	data processed and exported
      From worker 11:	
      From worker 11:	starting b_1.0_c_0.2_N_40_M_3_K_2_P_2_beta_0.001_u_0.001_v_0.055901699437494755_p_0.0_ϵ_1.0_gens_20000000_210223-050757.113
      From worker 8:	replicate complete, ran 20000000 generations:
      From worker 8:	
      From worker 8:		num_imitating:			17501228
      From worker 8:		num_not_imitating:		2498772
      From worker 8:		num_strategies_changed:  	511130
      From worker 8:			num_random_strategies: 	17501
      From worker 8:		num_sets_changed: 		4697545
      From worker 8:			num_random_opinions: 	146522
      From worker 8:			num_biased_opinions: 	48826
      From worker 8:		num_both_changed: 		224890
      From worker 8:	
      From worker 8:	data processed and exported
      From worker 8:	
      From worker 8:	starting b_1.0_c_0.2_N_40_M_3_K_2_P_2_beta_0.001_u_0.001_v_0.011180339887498947_p_0.5_ϵ_1.0_gens_20000000_210223-050757.113
      From worker 10:	replicate complete, ran 20000000 generations:
      From worker 10:	
      From worker 10:		num_imitating:			12498214
      From worker 10:		num_not_imitating:		7501786
      From worker 10:		num_strategies_changed:  	366156
      From worker 10:			num_random_strategies: 	12610
      From worker 10:		num_sets_changed: 		5272294
      From worker 10:			num_random_opinions: 	78131
      From worker 10:			num_biased_opinions: 	234421
      From worker 10:		num_both_changed: 		238790
      From worker 10:	
      From worker 10:	data processed and exported
      From worker 10:	
      From worker 10:	starting b_1.0_c_0.2_N_40_M_3_K_2_P_2_beta_0.001_u_0.001_v_0.025_p_1.0_ϵ_1.0_gens_20000000_210223-050757.113
      From worker 16:	replicate complete, ran 20000000 generations:
      From worker 16:	
      From worker 16:		num_imitating:			10000704
      From worker 16:		num_not_imitating:		9999296
      From worker 16:		num_strategies_changed:  	148774
      From worker 16:			num_random_strategies: 	10016
      From worker 16:		num_sets_changed: 		6470863
      From worker 16:			num_random_opinions: 	0
      From worker 16:			num_biased_opinions: 	6247532
      From worker 16:		num_both_changed: 		99068
      From worker 16:	
      From worker 7:	replicate complete, ran 20000000 generations:
      From worker 7:	
      From worker 7:		num_imitating:			20000000
      From worker 7:		num_not_imitating:		0
      From worker 7:		num_strategies_changed:  	555488
      From worker 7:			num_random_strategies: 	20037
      From worker 7:		num_sets_changed: 		5553791
      From worker 7:			num_random_opinions: 	223568
      From worker 7:			num_biased_opinions: 	0
      From worker 7:		num_both_changed: 		250457
      From worker 7:	
      From worker 16:	data processed and exported
      From worker 16:	
      From worker 16:	starting b_1.0_c_0.2_N_40_M_3_K_2_P_2_beta_0.001_u_0.001_v_0.625_p_0.0_ϵ_1.0_gens_20000000_210223-050757.113
      From worker 7:	data processed and exported
      From worker 7:	
      From worker 7:	starting b_1.0_c_0.2_N_40_M_3_K_2_P_2_beta_0.001_u_0.001_v_0.011180339887498947_p_0.25_ϵ_1.0_gens_20000000_210223-050757.113
      From worker 9:	replicate complete, ran 20000000 generations:
      From worker 9:	
      From worker 9:		num_imitating:			15001639
      From worker 9:		num_not_imitating:		4998361
      From worker 9:		num_strategies_changed:  	419441
      From worker 9:			num_random_strategies: 	14753
      From worker 9:		num_sets_changed: 		6579072
      From worker 9:			num_random_opinions: 	187161
      From worker 9:			num_biased_opinions: 	188199
      From worker 9:		num_both_changed: 		276680
      From worker 9:	
      From worker 9:	data processed and exported
      From worker 9:	
      From worker 9:	starting b_1.0_c_0.2_N_40_M_3_K_2_P_2_beta_0.001_u_0.001_v_0.025_p_0.75_ϵ_1.0_gens_20000000_210223-050757.113
      From worker 5:	replicate complete, ran 20000000 generations:
      From worker 5:	
      From worker 5:		num_imitating:			9996430
      From worker 5:		num_not_imitating:		10003570
      From worker 5:		num_strategies_changed:  	145080
      From worker 5:			num_random_strategies: 	10066
      From worker 5:		num_sets_changed: 		276509
      From worker 5:			num_random_opinions: 	0
      From worker 5:			num_biased_opinions: 	22378
      From worker 5:		num_both_changed: 		8350
      From worker 5:	
      From worker 5:	data processed and exported
      From worker 5:	
      From worker 5:	starting b_1.0_c_0.2_N_40_M_3_K_2_P_2_beta_0.001_u_0.001_v_0.005_p_0.0_ϵ_1.0_gens_20000000_210223-050757.113
      From worker 3:	replicate complete, ran 20000000 generations:
      From worker 3:	
      From worker 3:		num_imitating:			15001234
      From worker 3:		num_not_imitating:		4998766
      From worker 3:		num_strategies_changed:  	420950
      From worker 3:			num_random_strategies: 	15195
      From worker 3:		num_sets_changed: 		514677
      From worker 3:			num_random_opinions: 	7533
      From worker 3:			num_biased_opinions: 	7577
      From worker 3:		num_both_changed: 		28789
      From worker 3:	
      From worker 15:	replicate complete, ran 20000000 generations:
      From worker 15:	
      From worker 15:		num_imitating:			12496806
      From worker 15:		num_not_imitating:		7503194
      From worker 15:		num_strategies_changed:  	363398
      From worker 15:			num_random_strategies: 	12539
      From worker 15:		num_sets_changed: 		9763125
      From worker 15:			num_random_opinions: 	872592
      From worker 15:			num_biased_opinions: 	2621592
      From worker 15:		num_both_changed: 		307457
      From worker 15:	
      From worker 3:	data processed and exported
      From worker 3:	
      From worker 3:	starting b_1.0_c_0.2_N_40_M_3_K_2_P_2_beta_0.001_u_0.001_v_0.001_p_0.75_ϵ_1.0_gens_20000000_210223-050757.113
      From worker 15:	data processed and exported
      From worker 15:	
      From worker 15:	starting b_1.0_c_0.2_N_40_M_3_K_2_P_2_beta_0.001_u_0.001_v_0.2795084971874737_p_1.0_ϵ_1.0_gens_20000000_210223-050757.113
      From worker 2:	replicate complete, ran 20000000 generations:
      From worker 2:	
      From worker 2:		num_imitating:			17499855
      From worker 2:		num_not_imitating:		2500145
      From worker 2:		num_strategies_changed:  	513793
      From worker 2:			num_random_strategies: 	17367
      From worker 2:		num_sets_changed: 		593086
      From worker 2:			num_random_opinions: 	13066
      From worker 2:			num_biased_opinions: 	4394
      From worker 2:		num_both_changed: 		35155
      From worker 2:	
      From worker 2:	data processed and exported
      From worker 2:	
      From worker 2:	starting b_1.0_c_0.2_N_40_M_3_K_2_P_2_beta_0.001_u_0.001_v_0.001_p_0.5_ϵ_1.0_gens_20000000_210223-050757.113
      From worker 4:	replicate complete, ran 20000000 generations:
      From worker 4:	
      From worker 4:		num_imitating:			12497833
      From worker 4:		num_not_imitating:		7502167
      From worker 4:		num_strategies_changed:  	362566
      From worker 4:			num_random_strategies: 	12395
      From worker 4:		num_sets_changed: 		896197
      From worker 4:			num_random_opinions: 	7001
      From worker 4:			num_biased_opinions: 	20980
      From worker 4:		num_both_changed: 		48958
      From worker 4:	
      From worker 4:	data processed and exported
      From worker 4:	
      From worker 4:	starting b_1.0_c_0.2_N_40_M_3_K_2_P_2_beta_0.001_u_0.001_v_0.0022360679774997894_p_1.0_ϵ_1.0_gens_20000000_210223-050757.113
      From worker 6:	replicate complete, ran 20000000 generations:
      From worker 6:	
      From worker 6:		num_imitating:			20000000
      From worker 6:		num_not_imitating:		0
      From worker 6:		num_strategies_changed:  	561416
      From worker 6:			num_random_strategies: 	19986
      From worker 6:		num_sets_changed: 		2950722
      From worker 6:			num_random_opinions: 	99767
      From worker 6:			num_biased_opinions: 	0
      From worker 6:		num_both_changed: 		148282
      From worker 6:	
      From worker 14:	replicate complete, ran 20000000 generations:
      From worker 14:	
      From worker 14:		num_imitating:			15002272
      From worker 14:		num_not_imitating:		4997728
      From worker 14:		num_strategies_changed:  	416792
      From worker 14:			num_random_strategies: 	15100
      From worker 14:		num_sets_changed: 		12451002
      From worker 14:			num_random_opinions: 	2099134
      From worker 14:			num_biased_opinions: 	2098051
      From worker 14:		num_both_changed: 		368768
      From worker 14:	
      From worker 6:	data processed and exported
      From worker 14:	data processed and exported
      From worker 6:	
      From worker 6:	starting b_1.0_c_0.2_N_40_M_3_K_2_P_2_beta_0.001_u_0.001_v_0.005_p_0.25_ϵ_1.0_gens_20000000_210223-050757.113
      From worker 14:	
      From worker 14:	starting b_1.0_c_0.2_N_40_M_3_K_2_P_2_beta_0.001_u_0.001_v_0.2795084971874737_p_0.75_ϵ_1.0_gens_20000000_210223-050757.113
      From worker 13:	replicate complete, ran 20000000 generations:
      From worker 13:	
      From worker 13:		num_imitating:			17501344
      From worker 13:		num_not_imitating:		2498656
      From worker 13:		num_strategies_changed:  	482130
      From worker 13:			num_random_strategies: 	17337
      From worker 13:		num_sets_changed: 		13505433
      From worker 13:			num_random_opinions: 	1639826
      From worker 13:			num_biased_opinions: 	546957
      From worker 13:		num_both_changed: 		427544
      From worker 13:	
      From worker 13:	data processed and exported
      From worker 13:	
      From worker 13:	starting b_1.0_c_0.2_N_40_M_3_K_2_P_2_beta_0.001_u_0.001_v_0.125_p_0.5_ϵ_1.0_gens_20000000_210223-050757.113
      From worker 10:	replicate complete, ran 20000000 generations:
      From worker 10:	
      From worker 10:		num_imitating:			10006526
      From worker 10:		num_not_imitating:		9993474
      From worker 10:		num_strategies_changed:  	152331
      From worker 10:			num_random_strategies: 	9965
      From worker 10:		num_sets_changed: 		2235983
      From worker 10:			num_random_opinions: 	0
      From worker 10:			num_biased_opinions: 	249993
      From worker 10:		num_both_changed: 		55201
      From worker 10:	
      From worker 10:	data processed and exported
      From worker 10:	
      From worker 10:	starting b_1.0_c_0.2_N_40_M_3_K_2_P_2_beta_0.001_u_0.001_v_0.055901699437494755_p_0.0_ϵ_1.0_gens_20000000_210223-050757.113
      From worker 12:	replicate complete, ran 20000000 generations:
      From worker 12:	
      From worker 12:		num_imitating:			20000000
      From worker 12:		num_not_imitating:		0
      From worker 12:		num_strategies_changed:  	576349
      From worker 12:			num_random_strategies: 	20066
      From worker 12:		num_sets_changed: 		15573632
      From worker 12:			num_random_opinions: 	2498106
      From worker 12:			num_biased_opinions: 	0
      From worker 12:		num_both_changed: 		514851
      From worker 12:	
      From worker 12:	data processed and exported
      From worker 12:	
      From worker 12:	starting b_1.0_c_0.2_N_40_M_3_K_2_P_2_beta_0.001_u_0.001_v_0.125_p_0.25_ϵ_1.0_gens_20000000_210223-050757.113
      From worker 8:	replicate complete, ran 20000000 generations:
      From worker 8:	
      From worker 8:		num_imitating:			15000387
      From worker 8:		num_not_imitating:		4999613
      From worker 8:		num_strategies_changed:  	418252
      From worker 8:			num_random_strategies: 	14976
      From worker 8:		num_sets_changed: 		4044592
      From worker 8:			num_random_opinions: 	83523
      From worker 8:			num_biased_opinions: 	83704
      From worker 8:		num_both_changed: 		190405
      From worker 8:	
      From worker 8:	data processed and exported
      From worker 8:	
      From worker 8:	starting b_1.0_c_0.2_N_40_M_3_K_2_P_2_beta_0.001_u_0.001_v_0.011180339887498947_p_0.75_ϵ_1.0_gens_20000000_210223-050757.113
      From worker 3:	replicate complete, ran 20000000 generations:
      From worker 3:	
      From worker 3:		num_imitating:			12503738
      From worker 3:		num_not_imitating:		7496262
      From worker 3:		num_strategies_changed:  	374061
      From worker 3:			num_random_strategies: 	12572
      From worker 3:		num_sets_changed: 		386062
      From worker 3:			num_random_opinions: 	3152
      From worker 3:			num_biased_opinions: 	9255
      From worker 3:		num_both_changed: 		23252
      From worker 3:	
      From worker 3:	data processed and exported
      From worker 3:	
      From worker 3:	starting b_1.0_c_0.2_N_40_M_3_K_2_P_2_beta_0.001_u_0.001_v_0.001_p_1.0_ϵ_1.0_gens_20000000_210223-050757.113
      From worker 2:	replicate complete, ran 20000000 generations:
      From worker 2:	
      From worker 2:		num_imitating:			15000158
      From worker 2:		num_not_imitating:		4999842
      From worker 2:		num_strategies_changed:  	417962
      From worker 2:			num_random_strategies: 	14995
      From worker 2:		num_sets_changed: 		478653
      From worker 2:			num_random_opinions: 	7567
      From worker 2:			num_biased_opinions: 	7529
      From worker 2:		num_both_changed: 		29861
      From worker 2:	
      From worker 2:	data processed and exported
      From worker 2:	
      From worker 2:	starting b_1.0_c_0.2_N_40_M_3_K_2_P_2_beta_0.001_u_0.001_v_0.001_p_0.75_ϵ_1.0_gens_20000000_210223-050757.113
      From worker 4:	replicate complete, ran 20000000 generations:
      From worker 4:	
      From worker 4:		num_imitating:			9998617
      From worker 4:		num_not_imitating:		10001383
      From worker 4:		num_strategies_changed:  	148716
      From worker 4:			num_random_strategies: 	10112
      From worker 4:		num_sets_changed: 		279156
      From worker 4:			num_random_opinions: 	0
      From worker 4:			num_biased_opinions: 	22274
      From worker 4:		num_both_changed: 		6965
      From worker 4:	
      From worker 4:	data processed and exported
      From worker 4:	
      From worker 4:	starting b_1.0_c_0.2_N_40_M_3_K_2_P_2_beta_0.001_u_0.001_v_0.0022360679774997894_p_0.0_ϵ_1.0_gens_20000000_210223-050757.113
      From worker 7:	replicate complete, ran 20000000 generations:
      From worker 7:	
      From worker 7:		num_imitating:			17499559
      From worker 7:		num_not_imitating:		2500441
      From worker 7:		num_strategies_changed:  	515769
      From worker 7:			num_random_strategies: 	17337
      From worker 7:		num_sets_changed: 		4833013
      From worker 7:			num_random_opinions: 	147014
      From worker 7:			num_biased_opinions: 	49358
      From worker 7:		num_both_changed: 		234141
      From worker 7:	
      From worker 7:	data processed and exported
      From worker 7:	
      From worker 7:	starting b_1.0_c_0.2_N_40_M_3_K_2_P_2_beta_0.001_u_0.001_v_0.011180339887498947_p_0.5_ϵ_1.0_gens_20000000_210223-050757.113
      From worker 9:	replicate complete, ran 20000000 generations:
      From worker 9:	
      From worker 9:		num_imitating:			12497778
      From worker 9:		num_not_imitating:		7502222
      From worker 9:		num_strategies_changed:  	347321
      From worker 9:			num_random_strategies: 	12378
      From worker 9:		num_sets_changed: 		5281627
      From worker 9:			num_random_opinions: 	77675
      From worker 9:			num_biased_opinions: 	234677
      From worker 9:		num_both_changed: 		220632
      From worker 9:	
      From worker 9:	data processed and exported
      From worker 9:	
      From worker 9:	starting b_1.0_c_0.2_N_40_M_3_K_2_P_2_beta_0.001_u_0.001_v_0.025_p_1.0_ϵ_1.0_gens_20000000_210223-050757.113
      From worker 5:	replicate complete, ran 20000000 generations:
      From worker 5:	
      From worker 5:		num_imitating:			20000000
      From worker 5:		num_not_imitating:		0
      From worker 5:		num_strategies_changed:  	583759
      From worker 5:			num_random_strategies: 	20165
      From worker 5:		num_sets_changed: 		2953325
      From worker 5:			num_random_opinions: 	99830
      From worker 5:			num_biased_opinions: 	0
      From worker 5:		num_both_changed: 		152164
      From worker 5:	
      From worker 5:	data processed and exported
      From worker 5:	
      From worker 5:	starting b_1.0_c_0.2_N_40_M_3_K_2_P_2_beta_0.001_u_0.001_v_0.005_p_0.25_ϵ_1.0_gens_20000000_210223-050757.113
      From worker 15:	replicate complete, ran 20000000 generations:
      From worker 15:	
      From worker 15:		num_imitating:			9997572
      From worker 15:		num_not_imitating:		10002428
      From worker 15:		num_strategies_changed:  	144636
      From worker 15:			num_random_strategies: 	9886
      From worker 15:		num_sets_changed: 		5900121
      From worker 15:			num_random_opinions: 	0
      From worker 15:			num_biased_opinions: 	2793640
      From worker 15:		num_both_changed: 		94928
      From worker 15:	
      From worker 15:	data processed and exported
      From worker 15:	
      From worker 15:	starting b_1.0_c_0.2_N_40_M_3_K_2_P_2_beta_0.001_u_0.001_v_0.625_p_0.0_ϵ_1.0_gens_20000000_210223-050757.113
      From worker 6:	replicate complete, ran 20000000 generations:
      From worker 6:	
      From worker 6:		num_imitating:			17500299
      From worker 6:		num_not_imitating:		2499701
      From worker 6:		num_strategies_changed:  	495523
      From worker 6:			num_random_strategies: 	17545
      From worker 6:		num_sets_changed: 		2618962
      From worker 6:			num_random_opinions: 	65780
      From worker 6:			num_biased_opinions: 	21977
      From worker 6:		num_both_changed: 		134872
      From worker 6:	
      From worker 6:	data processed and exported
      From worker 6:	
      From worker 6:	starting b_1.0_c_0.2_N_40_M_3_K_2_P_2_beta_0.001_u_0.001_v_0.005_p_0.5_ϵ_1.0_gens_20000000_210223-050757.113
      From worker 11:	replicate complete, ran 20000000 generations:
      From worker 11:	
      From worker 11:		num_imitating:			20000000
      From worker 11:		num_not_imitating:		0
      From worker 11:		num_strategies_changed:  	582096
      From worker 11:			num_random_strategies: 	19879
      From worker 11:		num_sets_changed: 		12794467
      From worker 11:			num_random_opinions: 	1118736
      From worker 11:			num_biased_opinions: 	0
      From worker 11:		num_both_changed: 		479987
      From worker 11:	
      From worker 11:	data processed and exported
      From worker 11:	
      From worker 11:	starting b_1.0_c_0.2_N_40_M_3_K_2_P_2_beta_0.001_u_0.001_v_0.055901699437494755_p_0.25_ϵ_1.0_gens_20000000_210223-050757.113
      From worker 3:	replicate complete, ran 20000000 generations:
      From worker 3:	
      From worker 3:		num_imitating:			10003498
      From worker 3:		num_not_imitating:		9996502
      From worker 3:		num_strategies_changed:  	139745
      From worker 3:			num_random_strategies: 	9969
      From worker 3:		num_sets_changed: 		121093
      From worker 3:			num_random_opinions: 	0
      From worker 3:			num_biased_opinions: 	10033
      From worker 3:		num_both_changed: 		3664
      From worker 3:	
      From worker 3:	data processed and exported
      From worker 3:	
      From worker 3:	starting b_1.0_c_0.2_N_40_M_3_K_2_P_2_beta_0.001_u_0.001_v_0.0022360679774997894_p_0.0_ϵ_1.0_gens_20000000_210223-050757.113
      From worker 2:	replicate complete, ran 20000000 generations:
      From worker 2:	
      From worker 2:		num_imitating:			12502793
      From worker 2:		num_not_imitating:		7497207
      From worker 2:		num_strategies_changed:  	334723
      From worker 2:			num_random_strategies: 	12493
      From worker 2:		num_sets_changed: 		403892
      From worker 2:			num_random_opinions: 	3121
      From worker 2:			num_biased_opinions: 	9366
      From worker 2:		num_both_changed: 		21130
      From worker 2:	
      From worker 2:	data processed and exported
      From worker 2:	
      From worker 2:	starting b_1.0_c_0.2_N_40_M_3_K_2_P_2_beta_0.001_u_0.001_v_0.001_p_1.0_ϵ_1.0_gens_20000000_210223-050757.113
      From worker 4:	replicate complete, ran 20000000 generations:
      From worker 4:	
      From worker 4:		num_imitating:			20000000
      From worker 4:		num_not_imitating:		0
      From worker 4:		num_strategies_changed:  	578080
      From worker 4:			num_random_strategies: 	20016
      From worker 4:		num_sets_changed: 		1456686
      From worker 4:			num_random_opinions: 	44738
      From worker 4:			num_biased_opinions: 	0
      From worker 4:		num_both_changed: 		73838
      From worker 4:	
      From worker 4:	data processed and exported
      From worker 4:	
      From worker 4:	starting b_1.0_c_0.2_N_40_M_3_K_2_P_2_beta_0.001_u_0.001_v_0.0022360679774997894_p_0.25_ϵ_1.0_gens_20000000_210223-050757.113
      From worker 8:	replicate complete, ran 20000000 generations:
      From worker 8:	
      From worker 8:		num_imitating:			12497823
      From worker 8:		num_not_imitating:		7502177
      From worker 8:		num_strategies_changed:  	359114
      From worker 8:			num_random_strategies: 	12458
      From worker 8:		num_sets_changed: 		3290772
      From worker 8:			num_random_opinions: 	35006
      From worker 8:			num_biased_opinions: 	105056
      From worker 8:		num_both_changed: 		162287
      From worker 8:	
      From worker 8:	data processed and exported
      From worker 8:	
      From worker 8:	starting b_1.0_c_0.2_N_40_M_3_K_2_P_2_beta_0.001_u_0.001_v_0.011180339887498947_p_1.0_ϵ_1.0_gens_20000000_210223-050757.113
      From worker 14:	replicate complete, ran 20000000 generations:
      From worker 14:	
      From worker 14:		num_imitating:			12498740
      From worker 14:		num_not_imitating:		7501260
      From worker 14:		num_strategies_changed:  	383720
      From worker 14:			num_random_strategies: 	12522
      From worker 14:		num_sets_changed: 		9770417
      From worker 14:			num_random_opinions: 	874501
      From worker 14:			num_biased_opinions: 	2620951
      From worker 14:		num_both_changed: 		324497
      From worker 14:	
      From worker 14:	data processed and exported
      From worker 14:	
      From worker 14:	starting b_1.0_c_0.2_N_40_M_3_K_2_P_2_beta_0.001_u_0.001_v_0.2795084971874737_p_1.0_ϵ_1.0_gens_20000000_210223-050757.113
      From worker 9:	replicate complete, ran 20000000 generations:
      From worker 9:	
      From worker 9:		num_imitating:			9997656
      From worker 9:		num_not_imitating:		10002344
      From worker 9:		num_strategies_changed:  	142733
      From worker 9:			num_random_strategies: 	10009
      From worker 9:		num_sets_changed: 		2236955
      From worker 9:			num_random_opinions: 	0
      From worker 9:			num_biased_opinions: 	250598
      From worker 9:		num_both_changed: 		50254
      From worker 9:	
      From worker 9:	data processed and exported
      From worker 9:	
      From worker 9:	starting b_1.0_c_0.2_N_40_M_3_K_2_P_2_beta_0.001_u_0.001_v_0.025_p_0.0_ϵ_1.0_gens_20000000_210223-050757.113
      From worker 16:	replicate complete, ran 20000000 generations:
      From worker 16:	
      From worker 16:		num_imitating:			20000000
      From worker 16:		num_not_imitating:		0
      From worker 16:		num_strategies_changed:  	564122
      From worker 16:			num_random_strategies: 	20020
      From worker 16:		num_sets_changed: 		18062068
      From worker 16:			num_random_opinions: 	12501082
      From worker 16:			num_biased_opinions: 	0
      From worker 16:		num_both_changed: 		516711
      From worker 16:	
      From worker 16:	data processed and exported
      From worker 16:	
      From worker 16:	starting b_1.0_c_0.2_N_40_M_3_K_2_P_2_beta_0.001_u_0.001_v_0.625_p_0.25_ϵ_1.0_gens_20000000_210223-050757.113
      From worker 5:	replicate complete, ran 20000000 generations:
      From worker 5:	
      From worker 5:		num_imitating:			17500266
      From worker 5:		num_not_imitating:		2499734
      From worker 5:		num_strategies_changed:  	490653
      From worker 5:			num_random_strategies: 	17494
      From worker 5:		num_sets_changed: 		2597470
      From worker 5:			num_random_opinions: 	65686
      From worker 5:			num_biased_opinions: 	21806
      From worker 5:		num_both_changed: 		132751
      From worker 5:	
      From worker 5:	data processed and exported
      From worker 5:	
      From worker 5:	starting b_1.0_c_0.2_N_40_M_3_K_2_P_2_beta_0.001_u_0.001_v_0.005_p_0.5_ϵ_1.0_gens_20000000_210223-050757.113
      From worker 7:	replicate complete, ran 20000000 generations:
      From worker 7:	
      From worker 7:		num_imitating:			15001286
      From worker 7:		num_not_imitating:		4998714
      From worker 7:		num_strategies_changed:  	432259
      From worker 7:			num_random_strategies: 	14974
      From worker 7:		num_sets_changed: 		4013772
      From worker 7:			num_random_opinions: 	83147
      From worker 7:			num_biased_opinions: 	83989
      From worker 7:		num_both_changed: 		192241
      From worker 7:	
      From worker 7:	data processed and exported
      From worker 7:	
      From worker 7:	starting b_1.0_c_0.2_N_40_M_3_K_2_P_2_beta_0.001_u_0.001_v_0.011180339887498947_p_0.75_ϵ_1.0_gens_20000000_210223-050757.113
      From worker 13:	replicate complete, ran 20000000 generations:
      From worker 13:	
      From worker 13:		num_imitating:			14996302
      From worker 13:		num_not_imitating:		5003698
      From worker 13:		num_strategies_changed:  	414535
      From worker 13:			num_random_strategies: 	15005
      From worker 13:		num_sets_changed: 		11293055
      From worker 13:			num_random_opinions: 	935979
      From worker 13:			num_biased_opinions: 	937272
      From worker 13:		num_both_changed: 		360345
      From worker 13:	
      From worker 13:	data processed and exported
      From worker 13:	
      From worker 13:	starting b_1.0_c_0.2_N_40_M_3_K_2_P_2_beta_0.001_u_0.001_v_0.125_p_0.75_ϵ_1.0_gens_20000000_210223-050757.113
      From worker 6:	replicate complete, ran 20000000 generations:
      From worker 6:	
      From worker 6:		num_imitating:			14998973
      From worker 6:		num_not_imitating:		5001027
      From worker 6:		num_strategies_changed:  	437875
      From worker 6:			num_random_strategies: 	15008
      From worker 6:		num_sets_changed: 		2209405
      From worker 6:			num_random_opinions: 	37759
      From worker 6:			num_biased_opinions: 	37260
      From worker 6:		num_both_changed: 		110492
      From worker 6:	
      From worker 6:	data processed and exported
      From worker 6:	
      From worker 6:	starting b_1.0_c_0.2_N_40_M_3_K_2_P_2_beta_0.001_u_0.001_v_0.005_p_0.75_ϵ_1.0_gens_20000000_210223-050757.113
      From worker 2:	replicate complete, ran 20000000 generations:
      From worker 2:	
      From worker 2:		num_imitating:			9998283
      From worker 2:		num_not_imitating:		10001717
      From worker 2:		num_strategies_changed:  	135096
      From worker 2:			num_random_strategies: 	9881
      From worker 2:		num_sets_changed: 		130286
      From worker 2:			num_random_opinions: 	0
      From worker 2:			num_biased_opinions: 	9958
      From worker 2:		num_both_changed: 		3358
      From worker 2:	
      From worker 2:	data processed and exported
      From worker 2:	
      From worker 2:	starting b_1.0_c_0.2_N_40_M_3_K_2_P_2_beta_0.001_u_0.001_v_0.001_p_0.0_ϵ_1.0_gens_20000000_210223-050757.113
      From worker 3:	replicate complete, ran 20000000 generations:
      From worker 3:	
      From worker 3:		num_imitating:			20000000
      From worker 3:		num_not_imitating:		0
      From worker 3:		num_strategies_changed:  	582805
      From worker 3:			num_random_strategies: 	19694
      From worker 3:		num_sets_changed: 		1462254
      From worker 3:			num_random_opinions: 	44928
      From worker 3:			num_biased_opinions: 	0
      From worker 3:		num_both_changed: 		80567
      From worker 3:	
      From worker 3:	data processed and exported
      From worker 3:	
      From worker 3:	starting b_1.0_c_0.2_N_40_M_3_K_2_P_2_beta_0.001_u_0.001_v_0.0022360679774997894_p_0.25_ϵ_1.0_gens_20000000_210223-050757.113
      From worker 10:	replicate complete, ran 20000000 generations:
      From worker 10:	
      From worker 10:		num_imitating:			20000000
      From worker 10:		num_not_imitating:		0
      From worker 10:		num_strategies_changed:  	558934
      From worker 10:			num_random_strategies: 	19666
      From worker 10:		num_sets_changed: 		12768087
      From worker 10:			num_random_opinions: 	1118460
      From worker 10:			num_biased_opinions: 	0
      From worker 10:		num_both_changed: 		456760
      From worker 10:	
      From worker 10:	data processed and exported
      From worker 10:	
      From worker 10:	starting b_1.0_c_0.2_N_40_M_3_K_2_P_2_beta_0.001_u_0.001_v_0.055901699437494755_p_0.25_ϵ_1.0_gens_20000000_210223-050757.113
      From worker 12:	replicate complete, ran 20000000 generations:
      From worker 12:	
      From worker 12:		num_imitating:			17500646
      From worker 12:		num_not_imitating:		2499354
      From worker 12:		num_strategies_changed:  	497071
      From worker 12:			num_random_strategies: 	17668
      From worker 12:		num_sets_changed: 		13503989
      From worker 12:			num_random_opinions: 	1641627
      From worker 12:			num_biased_opinions: 	546961
      From worker 12:		num_both_changed: 		439680
      From worker 12:	
      From worker 12:	data processed and exported
      From worker 12:	
      From worker 12:	starting b_1.0_c_0.2_N_40_M_3_K_2_P_2_beta_0.001_u_0.001_v_0.125_p_0.5_ϵ_1.0_gens_20000000_210223-050757.113
      From worker 8:	replicate complete, ran 20000000 generations:
      From worker 8:	
      From worker 8:		num_imitating:			9998876
      From worker 8:		num_not_imitating:		10001124
      From worker 8:		num_strategies_changed:  	145669
      From worker 8:			num_random_strategies: 	10092
      From worker 8:		num_sets_changed: 		1208194
      From worker 8:			num_random_opinions: 	0
      From worker 8:			num_biased_opinions: 	111772
      From worker 8:		num_both_changed: 		30196
      From worker 8:	
      From worker 8:	data processed and exported
      From worker 8:	
      From worker 8:	starting b_1.0_c_0.2_N_40_M_3_K_2_P_2_beta_0.001_u_0.001_v_0.025_p_0.0_ϵ_1.0_gens_20000000_210223-050757.113
      From worker 4:	replicate complete, ran 20000000 generations:
      From worker 4:	
      From worker 4:		num_imitating:			17500475
      From worker 4:		num_not_imitating:		2499525
      From worker 4:		num_strategies_changed:  	490559
      From worker 4:			num_random_strategies: 	17591
      From worker 4:		num_sets_changed: 		1329772
      From worker 4:			num_random_opinions: 	29094
      From worker 4:			num_biased_opinions: 	9772
      From worker 4:		num_both_changed: 		65617
      From worker 4:	
      From worker 4:	data processed and exported
      From worker 4:	
      From worker 4:	starting b_1.0_c_0.2_N_40_M_3_K_2_P_2_beta_0.001_u_0.001_v_0.0022360679774997894_p_0.5_ϵ_1.0_gens_20000000_210223-050757.113
      From worker 5:	replicate complete, ran 20000000 generations:
      From worker 5:	
      From worker 5:		num_imitating:			14999759
      From worker 5:		num_not_imitating:		5000241
      From worker 5:		num_strategies_changed:  	427171
      From worker 5:			num_random_strategies: 	15097
      From worker 5:		num_sets_changed: 		2122981
      From worker 5:			num_random_opinions: 	37403
      From worker 5:			num_biased_opinions: 	37344
      From worker 5:		num_both_changed: 		110494
      From worker 5:	
      From worker 5:	data processed and exported
      From worker 5:	
      From worker 5:	starting b_1.0_c_0.2_N_40_M_3_K_2_P_2_beta_0.001_u_0.001_v_0.005_p_0.75_ϵ_1.0_gens_20000000_210223-050757.113
      From worker 14:	replicate complete, ran 20000000 generations:
      From worker 14:	
      From worker 14:		num_imitating:			10002144
      From worker 14:		num_not_imitating:		9997856
      From worker 14:		num_strategies_changed:  	147512
      From worker 14:			num_random_strategies: 	9851
      From worker 14:		num_sets_changed: 		5902430
      From worker 14:			num_random_opinions: 	0
      From worker 14:			num_biased_opinions: 	2794671
      From worker 14:		num_both_changed: 		96857
      From worker 14:	
      From worker 14:	data processed and exported
      From worker 14:	
      From worker 14:	starting b_1.0_c_0.2_N_40_M_3_K_2_P_2_beta_0.001_u_0.001_v_0.2795084971874737_p_0.0_ϵ_1.0_gens_20000000_210223-050757.113
      From worker 7:	replicate complete, ran 20000000 generations:
      From worker 7:	
      From worker 7:		num_imitating:			12500321
      From worker 7:		num_not_imitating:		7499679
      From worker 7:		num_strategies_changed:  	350125
      From worker 7:			num_random_strategies: 	12524
      From worker 7:		num_sets_changed: 		3271063
      From worker 7:			num_random_opinions: 	34496
      From worker 7:			num_biased_opinions: 	105215
      From worker 7:		num_both_changed: 		160377
      From worker 7:	
      From worker 7:	data processed and exported
      From worker 7:	
      From worker 7:	starting b_1.0_c_0.2_N_40_M_3_K_2_P_2_beta_0.001_u_0.001_v_0.011180339887498947_p_1.0_ϵ_1.0_gens_20000000_210223-050757.113
      From worker 6:	replicate complete, ran 20000000 generations:
      From worker 6:	
      From worker 6:		num_imitating:			12501471
      From worker 6:		num_not_imitating:		7498529
      From worker 6:		num_strategies_changed:  	374755
      From worker 6:			num_random_strategies: 	12494
      From worker 6:		num_sets_changed: 		1749834
      From worker 6:			num_random_opinions: 	15638
      From worker 6:			num_biased_opinions: 	46657
      From worker 6:		num_both_changed: 		101305
      From worker 6:	
      From worker 6:	data processed and exported
      From worker 6:	
      From worker 6:	starting b_1.0_c_0.2_N_40_M_3_K_2_P_2_beta_0.001_u_0.001_v_0.005_p_1.0_ϵ_1.0_gens_20000000_210223-050757.113
      From worker 11:	replicate complete, ran 20000000 generations:
      From worker 11:	
      From worker 11:		num_imitating:			17501568
      From worker 11:		num_not_imitating:		2498432
      From worker 11:		num_strategies_changed:  	516110
      From worker 11:			num_random_strategies: 	17393
      From worker 11:		num_sets_changed: 		11092615
      From worker 11:			num_random_opinions: 	735592
      From worker 11:			num_biased_opinions: 	244010
      From worker 11:		num_both_changed: 		422044
      From worker 11:	
      From worker 11:	data processed and exported
      From worker 11:	
      From worker 11:	starting b_1.0_c_0.2_N_40_M_3_K_2_P_2_beta_0.001_u_0.001_v_0.055901699437494755_p_0.5_ϵ_1.0_gens_20000000_210223-050757.113
      From worker 2:	replicate complete, ran 20000000 generations:
      From worker 2:	
      From worker 2:		num_imitating:			20000000
      From worker 2:		num_not_imitating:		0
      From worker 2:		num_strategies_changed:  	559309
      From worker 2:			num_random_strategies: 	20042
      From worker 2:		num_sets_changed: 		693766
      From worker 2:			num_random_opinions: 	20143
      From worker 2:			num_biased_opinions: 	0
      From worker 2:		num_both_changed: 		35310
      From worker 2:	
      From worker 2:	data processed and exported
      From worker 3:	replicate complete, ran 20000000 generations:
      From worker 3:	
      From worker 3:		num_imitating:			17499078
      From worker 3:		num_not_imitating:		2500922
      From worker 3:		num_strategies_changed:  	485689
      From worker 3:			num_random_strategies: 	17386
      From worker 3:		num_sets_changed: 		1275717
      From worker 3:			num_random_opinions: 	29158
      From worker 3:			num_biased_opinions: 	9695
      From worker 3:		num_both_changed: 		70222
      From worker 3:	
      From worker 3:	data processed and exported
      From worker 4:	replicate complete, ran 20000000 generations:
      From worker 4:	
      From worker 4:		num_imitating:			14999427
      From worker 4:		num_not_imitating:		5000573
      From worker 4:		num_strategies_changed:  	439013
      From worker 4:			num_random_strategies: 	14859
      From worker 4:		num_sets_changed: 		1080281
      From worker 4:			num_random_opinions: 	16739
      From worker 4:			num_biased_opinions: 	16761
      From worker 4:		num_both_changed: 		55045
      From worker 4:	
      From worker 4:	data processed and exported
      From worker 9:	replicate complete, ran 20000000 generations:
      From worker 9:	
      From worker 9:		num_imitating:			20000000
      From worker 9:		num_not_imitating:		0
      From worker 9:		num_strategies_changed:  	572472
      From worker 9:			num_random_strategies: 	20184
      From worker 9:		num_sets_changed: 		9120140
      From worker 9:			num_random_opinions: 	500787
      From worker 9:			num_biased_opinions: 	0
      From worker 9:		num_both_changed: 		384010
      From worker 9:	
      From worker 9:	data processed and exported
      From worker 9:	
      From worker 9:	starting b_1.0_c_0.2_N_40_M_3_K_2_P_2_beta_0.001_u_0.001_v_0.025_p_0.25_ϵ_1.0_gens_20000000_210223-050757.113
      From worker 15:	replicate complete, ran 20000000 generations:
      From worker 15:	
      From worker 15:		num_imitating:			20000000
      From worker 15:		num_not_imitating:		0
      From worker 15:		num_strategies_changed:  	564660
      From worker 15:			num_random_strategies: 	19997
      From worker 15:		num_sets_changed: 		18059969
      From worker 15:			num_random_opinions: 	12502487
      From worker 15:			num_biased_opinions: 	0
      From worker 15:		num_both_changed: 		517090
      From worker 15:	
      From worker 15:	data processed and exported
      From worker 15:	
      From worker 15:	starting b_1.0_c_0.2_N_40_M_3_K_2_P_2_beta_0.001_u_0.001_v_0.625_p_0.25_ϵ_1.0_gens_20000000_210223-050757.113
      From worker 13:	replicate complete, ran 20000000 generations:
      From worker 13:	
      From worker 13:		num_imitating:			12498744
      From worker 13:		num_not_imitating:		7501256
      From worker 13:		num_strategies_changed:  	330688
      From worker 13:			num_random_strategies: 	12509
      From worker 13:		num_sets_changed: 		8954993
      From worker 13:			num_random_opinions: 	391350
      From worker 13:			num_biased_opinions: 	1172764
      From worker 13:		num_both_changed: 		277550
      From worker 13:	
      From worker 13:	data processed and exported
      From worker 13:	
      From worker 13:	starting b_1.0_c_0.2_N_40_M_3_K_2_P_2_beta_0.001_u_0.001_v_0.125_p_1.0_ϵ_1.0_gens_20000000_210223-050757.113
      From worker 5:	replicate complete, ran 20000000 generations:
      From worker 5:	
      From worker 5:		num_imitating:			12501089
      From worker 5:		num_not_imitating:		7498911
      From worker 5:		num_strategies_changed:  	362262
      From worker 5:			num_random_strategies: 	12537
      From worker 5:		num_sets_changed: 		1724724
      From worker 5:			num_random_opinions: 	15570
      From worker 5:			num_biased_opinions: 	46836
      From worker 5:		num_both_changed: 		90668
      From worker 5:	
      From worker 5:	data processed and exported
      From worker 6:	replicate complete, ran 20000000 generations:
      From worker 6:	
      From worker 6:		num_imitating:			9999262
      From worker 6:		num_not_imitating:		10000738
      From worker 6:		num_strategies_changed:  	146369
      From worker 6:			num_random_strategies: 	10049
      From worker 6:		num_sets_changed: 		584724
      From worker 6:			num_random_opinions: 	0
      From worker 6:			num_biased_opinions: 	49892
      From worker 6:		num_both_changed: 		14291
      From worker 6:	
      From worker 6:	data processed and exported
      From worker 7:	replicate complete, ran 20000000 generations:
      From worker 7:	
      From worker 7:		num_imitating:			9996659
      From worker 7:		num_not_imitating:		10003341
      From worker 7:		num_strategies_changed:  	150265
      From worker 7:			num_random_strategies: 	9976
      From worker 7:		num_sets_changed: 		1209018
      From worker 7:			num_random_opinions: 	0
      From worker 7:			num_biased_opinions: 	111402
      From worker 7:		num_both_changed: 		32808
      From worker 7:	
      From worker 7:	data processed and exported
      From worker 7:	
      From worker 7:	starting b_1.0_c_0.2_N_40_M_3_K_2_P_2_beta_0.001_u_0.001_v_0.011180339887498947_p_0.0_ϵ_1.0_gens_20000000_210223-050757.113
      From worker 16:	replicate complete, ran 20000000 generations:
      From worker 16:	
      From worker 16:		num_imitating:			17502344
      From worker 16:		num_not_imitating:		2497656
      From worker 16:		num_strategies_changed:  	515272
      From worker 16:			num_random_strategies: 	17604
      From worker 16:		num_sets_changed: 		15615005
      From worker 16:			num_random_opinions: 	8203369
      From worker 16:			num_biased_opinions: 	2734575
      From worker 16:		num_both_changed: 		466604
      From worker 16:	
      From worker 16:	data processed and exported
      From worker 16:	
      From worker 16:	starting b_1.0_c_0.2_N_40_M_3_K_2_P_2_beta_0.001_u_0.001_v_0.625_p_0.5_ϵ_1.0_gens_20000000_210223-050757.113
      From worker 8:	replicate complete, ran 20000000 generations:
      From worker 8:	
      From worker 8:		num_imitating:			20000000
      From worker 8:		num_not_imitating:		0
      From worker 8:		num_strategies_changed:  	570021
      From worker 8:			num_random_strategies: 	20092
      From worker 8:		num_sets_changed: 		9027776
      From worker 8:			num_random_opinions: 	499082
      From worker 8:			num_biased_opinions: 	0
      From worker 8:		num_both_changed: 		380129
      From worker 8:	
      From worker 8:	data processed and exported
      From worker 8:	
      From worker 8:	starting b_1.0_c_0.2_N_40_M_3_K_2_P_2_beta_0.001_u_0.001_v_0.025_p_0.25_ϵ_1.0_gens_20000000_210223-050757.113
      From worker 10:	replicate complete, ran 20000000 generations:
      From worker 10:	
      From worker 10:		num_imitating:			17498683
      From worker 10:		num_not_imitating:		2501317
      From worker 10:		num_strategies_changed:  	490005
      From worker 10:			num_random_strategies: 	17552
      From worker 10:		num_sets_changed: 		11111945
      From worker 10:			num_random_opinions: 	731392
      From worker 10:			num_biased_opinions: 	244912
      From worker 10:		num_both_changed: 		403985
      From worker 10:	
      From worker 10:	data processed and exported
      From worker 10:	
      From worker 10:	starting b_1.0_c_0.2_N_40_M_3_K_2_P_2_beta_0.001_u_0.001_v_0.055901699437494755_p_0.5_ϵ_1.0_gens_20000000_210223-050757.113
      From worker 12:	replicate complete, ran 20000000 generations:
      From worker 12:	
      From worker 12:		num_imitating:			15000086
      From worker 12:		num_not_imitating:		4999914
      From worker 12:		num_strategies_changed:  	426283
      From worker 12:			num_random_strategies: 	14953
      From worker 12:		num_sets_changed: 		11297655
      From worker 12:			num_random_opinions: 	938041
      From worker 12:			num_biased_opinions: 	937384
      From worker 12:		num_both_changed: 		371592
      From worker 12:	
      From worker 12:	data processed and exported
      From worker 12:	
      From worker 12:	starting b_1.0_c_0.2_N_40_M_3_K_2_P_2_beta_0.001_u_0.001_v_0.125_p_0.75_ϵ_1.0_gens_20000000_210223-050757.113
      From worker 11:	replicate complete, ran 20000000 generations:
      From worker 11:	
      From worker 11:		num_imitating:			14999740
      From worker 11:		num_not_imitating:		5000260
      From worker 11:		num_strategies_changed:  	421193
      From worker 11:			num_random_strategies: 	14999
      From worker 11:		num_sets_changed: 		9273326
      From worker 11:			num_random_opinions: 	419416
      From worker 11:			num_biased_opinions: 	419107
      From worker 11:		num_both_changed: 		335176
      From worker 11:	
      From worker 11:	data processed and exported
      From worker 11:	
      From worker 11:	starting b_1.0_c_0.2_N_40_M_3_K_2_P_2_beta_0.001_u_0.001_v_0.055901699437494755_p_0.75_ϵ_1.0_gens_20000000_210223-050757.113
      From worker 13:	replicate complete, ran 20000000 generations:
      From worker 13:	
      From worker 13:		num_imitating:			9999496
      From worker 13:		num_not_imitating:		10000504
      From worker 13:		num_strategies_changed:  	152410
      From worker 13:			num_random_strategies: 	10077
      From worker 13:		num_sets_changed: 		4927843
      From worker 13:			num_random_opinions: 	0
      From worker 13:			num_biased_opinions: 	1250266
      From worker 13:		num_both_changed: 		92393
      From worker 13:	
      From worker 13:	data processed and exported
      From worker 13:	
      From worker 13:	starting b_1.0_c_0.2_N_40_M_3_K_2_P_2_beta_0.001_u_0.001_v_0.2795084971874737_p_0.0_ϵ_1.0_gens_20000000_210223-050757.113
      From worker 9:	replicate complete, ran 20000000 generations:
      From worker 9:	
      From worker 9:		num_imitating:			17500506
      From worker 9:		num_not_imitating:		2499494
      From worker 9:		num_strategies_changed:  	475185
      From worker 9:			num_random_strategies: 	17396
      From worker 9:		num_sets_changed: 		7848038
      From worker 9:			num_random_opinions: 	328455
      From worker 9:			num_biased_opinions: 	109552
      From worker 9:		num_both_changed: 		312660
      From worker 9:	
      From worker 9:	data processed and exported
      From worker 9:	
      From worker 9:	starting b_1.0_c_0.2_N_40_M_3_K_2_P_2_beta_0.001_u_0.001_v_0.025_p_0.5_ϵ_1.0_gens_20000000_210223-050757.113
      From worker 7:	replicate complete, ran 20000000 generations:
      From worker 7:	
      From worker 7:		num_imitating:			20000000
      From worker 7:		num_not_imitating:		0
      From worker 7:		num_strategies_changed:  	605030
      From worker 7:			num_random_strategies: 	19992
      From worker 7:		num_sets_changed: 		5591324
      From worker 7:			num_random_opinions: 	224356
      From worker 7:			num_biased_opinions: 	0
      From worker 7:		num_both_changed: 		273008
      From worker 7:	
      From worker 7:	data processed and exported
      From worker 14:	replicate complete, ran 20000000 generations:
      From worker 14:	
      From worker 14:		num_imitating:			20000000
      From worker 14:		num_not_imitating:		0
      From worker 14:		num_strategies_changed:  	601498
      From worker 14:			num_random_strategies: 	19931
      From worker 14:		num_sets_changed: 		17217680
      From worker 14:			num_random_opinions: 	5588394
      From worker 14:			num_biased_opinions: 	0
      From worker 14:		num_both_changed: 		548773
      From worker 14:	
      From worker 14:	data processed and exported
      From worker 14:	
      From worker 14:	starting b_1.0_c_0.2_N_40_M_3_K_2_P_2_beta_0.001_u_0.001_v_0.2795084971874737_p_0.25_ϵ_1.0_gens_20000000_210223-050757.113
      From worker 8:	replicate complete, ran 20000000 generations:
      From worker 8:	
      From worker 8:		num_imitating:			17499369
      From worker 8:		num_not_imitating:		2500631
      From worker 8:		num_strategies_changed:  	512288
      From worker 8:			num_random_strategies: 	17421
      From worker 8:		num_sets_changed: 		7876573
      From worker 8:			num_random_opinions: 	328104
      From worker 8:			num_biased_opinions: 	109794
      From worker 8:		num_both_changed: 		344102
      From worker 8:	
      From worker 8:	data processed and exported
      From worker 15:	replicate complete, ran 20000000 generations:
      From worker 15:	
      From worker 15:		num_imitating:			17501244
      From worker 15:		num_not_imitating:		2498756
      From worker 15:		num_strategies_changed:  	504920
      From worker 15:			num_random_strategies: 	17301
      From worker 15:		num_sets_changed: 		15617972
      From worker 15:			num_random_opinions: 	8206473
      From worker 15:			num_biased_opinions: 	2733618
      From worker 15:		num_both_changed: 		457617
      From worker 15:	
      From worker 15:	data processed and exported
      From worker 15:	
      From worker 15:	starting b_1.0_c_0.2_N_40_M_3_K_2_P_2_beta_0.001_u_0.001_v_0.625_p_0.5_ϵ_1.0_gens_20000000_210223-050757.113
      From worker 12:	replicate complete, ran 20000000 generations:
      From worker 12:	
      From worker 12:		num_imitating:			12503009
      From worker 12:		num_not_imitating:		7496991
      From worker 12:		num_strategies_changed:  	366687
      From worker 12:			num_random_strategies: 	12544
      From worker 12:		num_sets_changed: 		8956336
      From worker 12:			num_random_opinions: 	390255
      From worker 12:			num_biased_opinions: 	1173057
      From worker 12:		num_both_changed: 		308686
      From worker 12:	
      From worker 12:	data processed and exported
      From worker 12:	
      From worker 12:	starting b_1.0_c_0.2_N_40_M_3_K_2_P_2_beta_0.001_u_0.001_v_0.125_p_1.0_ϵ_1.0_gens_20000000_210223-050757.113
      From worker 10:	replicate complete, ran 20000000 generations:
      From worker 10:	
      From worker 10:		num_imitating:			15000461
      From worker 10:		num_not_imitating:		4999539
      From worker 10:		num_strategies_changed:  	406134
      From worker 10:			num_random_strategies: 	15011
      From worker 10:		num_sets_changed: 		9308130
      From worker 10:			num_random_opinions: 	420262
      From worker 10:			num_biased_opinions: 	419584
      From worker 10:		num_both_changed: 		329607
      From worker 10:	
      From worker 10:	data processed and exported
      From worker 10:	
      From worker 10:	starting b_1.0_c_0.2_N_40_M_3_K_2_P_2_beta_0.001_u_0.001_v_0.055901699437494755_p_0.75_ϵ_1.0_gens_20000000_210223-050757.113
      From worker 16:	replicate complete, ran 20000000 generations:
      From worker 16:	
      From worker 16:		num_imitating:			15000178
      From worker 16:		num_not_imitating:		4999822
      From worker 16:		num_strategies_changed:  	434624
      From worker 16:			num_random_strategies: 	14815
      From worker 16:		num_sets_changed: 		12879573
      From worker 16:			num_random_opinions: 	4685715
      From worker 16:			num_biased_opinions: 	4685797
      From worker 16:		num_both_changed: 		380199
      From worker 16:	
      From worker 16:	data processed and exported
      From worker 16:	
      From worker 16:	starting b_1.0_c_0.2_N_40_M_3_K_2_P_2_beta_0.001_u_0.001_v_0.625_p_0.75_ϵ_1.0_gens_20000000_210223-050757.113
      From worker 11:	replicate complete, ran 20000000 generations:
      From worker 11:	
      From worker 11:		num_imitating:			12500648
      From worker 11:		num_not_imitating:		7499352
      From worker 11:		num_strategies_changed:  	330171
      From worker 11:			num_random_strategies: 	12316
      From worker 11:		num_sets_changed: 		7394945
      From worker 11:			num_random_opinions: 	174750
      From worker 11:			num_biased_opinions: 	524159
      From worker 11:		num_both_changed: 		256232
      From worker 11:	
      From worker 11:	data processed and exported
      From worker 11:	
      From worker 11:	starting b_1.0_c_0.2_N_40_M_3_K_2_P_2_beta_0.001_u_0.001_v_0.055901699437494755_p_1.0_ϵ_1.0_gens_20000000_210223-050757.113
      From worker 9:	replicate complete, ran 20000000 generations:
      From worker 9:	
      From worker 9:		num_imitating:			14999373
      From worker 9:		num_not_imitating:		5000627
      From worker 9:		num_strategies_changed:  	419802
      From worker 9:			num_random_strategies: 	14947
      From worker 9:		num_sets_changed: 		6603403
      From worker 9:			num_random_opinions: 	187681
      From worker 9:			num_biased_opinions: 	187290
      From worker 9:		num_both_changed: 		275305
      From worker 9:	
      From worker 9:	data processed and exported
      From worker 12:	replicate complete, ran 20000000 generations:
      From worker 12:	
      From worker 12:		num_imitating:			9999116
      From worker 12:		num_not_imitating:		10000884
      From worker 12:		num_strategies_changed:  	146927
      From worker 12:			num_random_strategies: 	10067
      From worker 12:		num_sets_changed: 		4920382
      From worker 12:			num_random_opinions: 	0
      From worker 12:			num_biased_opinions: 	1248936
      From worker 12:		num_both_changed: 		89589
      From worker 12:	
      From worker 12:	data processed and exported
      From worker 12:	
      From worker 12:	starting b_1.0_c_0.2_N_40_M_3_K_2_P_2_beta_0.001_u_0.001_v_0.125_p_0.0_ϵ_1.0_gens_20000000_210223-050757.113
      From worker 13:	replicate complete, ran 20000000 generations:
      From worker 13:	
      From worker 13:		num_imitating:			20000000
      From worker 13:		num_not_imitating:		0
      From worker 13:		num_strategies_changed:  	575740
      From worker 13:			num_random_strategies: 	20169
      From worker 13:		num_sets_changed: 		17216441
      From worker 13:			num_random_opinions: 	5591717
      From worker 13:			num_biased_opinions: 	0
      From worker 13:		num_both_changed: 		524833
      From worker 13:	
      From worker 13:	data processed and exported
      From worker 13:	
      From worker 13:	starting b_1.0_c_0.2_N_40_M_3_K_2_P_2_beta_0.001_u_0.001_v_0.2795084971874737_p_0.25_ϵ_1.0_gens_20000000_210223-050757.113
      From worker 11:	replicate complete, ran 20000000 generations:
      From worker 11:	
      From worker 11:		num_imitating:			9999498
      From worker 11:		num_not_imitating:		10000502
      From worker 11:		num_strategies_changed:  	147193
      From worker 11:			num_random_strategies: 	10176
      From worker 11:		num_sets_changed: 		3593384
      From worker 11:			num_random_opinions: 	0
      From worker 11:			num_biased_opinions: 	559847
      From worker 11:		num_both_changed: 		76132
      From worker 11:	
      From worker 11:	data processed and exported
      From worker 10:	replicate complete, ran 20000000 generations:
      From worker 10:	
      From worker 10:		num_imitating:			12499533
      From worker 10:		num_not_imitating:		7500467
      From worker 10:		num_strategies_changed:  	330010
      From worker 10:			num_random_strategies: 	12198
      From worker 10:		num_sets_changed: 		7398378
      From worker 10:			num_random_opinions: 	175005
      From worker 10:			num_biased_opinions: 	526054
      From worker 10:		num_both_changed: 		258175
      From worker 10:	
      From worker 10:	data processed and exported
      From worker 14:	replicate complete, ran 20000000 generations:
      From worker 14:	
      From worker 14:		num_imitating:			17500675
      From worker 14:		num_not_imitating:		2499325
      From worker 14:		num_strategies_changed:  	477490
      From worker 14:			num_random_strategies: 	17422
      From worker 14:		num_sets_changed: 		14923149
      From worker 14:			num_random_opinions: 	3668575
      From worker 14:			num_biased_opinions: 	1222267
      From worker 14:		num_both_changed: 		432475
      From worker 14:	
      From worker 14:	data processed and exported
      From worker 14:	
      From worker 14:	starting b_1.0_c_0.2_N_40_M_3_K_2_P_2_beta_0.001_u_0.001_v_0.2795084971874737_p_0.5_ϵ_1.0_gens_20000000_210223-050757.113
      From worker 16:	replicate complete, ran 20000000 generations:
      From worker 16:	
      From worker 16:		num_imitating:			12496860
      From worker 16:		num_not_imitating:		7503140
      From worker 16:		num_strategies_changed:  	358012
      From worker 16:			num_random_strategies: 	12296
      From worker 16:		num_sets_changed: 		9884291
      From worker 16:			num_random_opinions: 	1953769
      From worker 16:			num_biased_opinions: 	5857418
      From worker 16:		num_both_changed: 		289390
      From worker 16:	
      From worker 16:	data processed and exported
      From worker 16:	
      From worker 16:	starting b_1.0_c_0.2_N_40_M_3_K_2_P_2_beta_0.001_u_0.001_v_0.625_p_1.0_ϵ_1.0_gens_20000000_210223-050757.113
      From worker 15:	replicate complete, ran 20000000 generations:
      From worker 15:	
      From worker 15:		num_imitating:			14999062
      From worker 15:		num_not_imitating:		5000938
      From worker 15:		num_strategies_changed:  	472168
      From worker 15:			num_random_strategies: 	15375
      From worker 15:		num_sets_changed: 		12880451
      From worker 15:			num_random_opinions: 	4687510
      From worker 15:			num_biased_opinions: 	4685650
      From worker 15:		num_both_changed: 		413263
      From worker 15:	
      From worker 15:	data processed and exported
      From worker 15:	
      From worker 15:	starting b_1.0_c_0.2_N_40_M_3_K_2_P_2_beta_0.001_u_0.001_v_0.625_p_0.75_ϵ_1.0_gens_20000000_210223-050757.113
      From worker 16:	replicate complete, ran 20000000 generations:
      From worker 16:	
      From worker 16:		num_imitating:			9999805
      From worker 16:		num_not_imitating:		10000195
      From worker 16:		num_strategies_changed:  	146702
      From worker 16:			num_random_strategies: 	9981
      From worker 16:		num_sets_changed: 		6469871
      From worker 16:			num_random_opinions: 	0
 Activating environment at `/tigress/mk28/CooperationPolarization2/Project.toml`
 Activating environment at `/tigress/mk28/CooperationPolarization2/Project.toml`
      From worker 16:			num_biased_opinions: 	6251705
      From worker 16:		num_both_changed: 		97508
      From worker 16:	
      From worker 16:	data processed and exported
      From worker 12:	replicate complete, ran 20000000 generations:
      From worker 12:	
      From worker 12:		num_imitating:			20000000
      From worker 12:		num_not_imitating:		0
      From worker 12:		num_strategies_changed:  	575231
      From worker 12:			num_random_strategies: 	20113
      From worker 12:		num_sets_changed: 		15570256
      From worker 12:			num_random_opinions: 	2499231
      From worker 12:			num_biased_opinions: 	0
      From worker 12:		num_both_changed: 		513814
      From worker 12:	
      From worker 12:	data processed and exported
      From worker 13:	replicate complete, ran 20000000 generations:
      From worker 13:	
      From worker 13:		num_imitating:			17501276
      From worker 13:		num_not_imitating:		2498724
      From worker 13:		num_strategies_changed:  	516249
      From worker 13:			num_random_strategies: 	17389
      From worker 13:		num_sets_changed: 		14925653
      From worker 13:			num_random_opinions: 	3667883
      From worker 13:			num_biased_opinions: 	1222780
      From worker 13:		num_both_changed: 		467545
      From worker 13:	
      From worker 13:	data processed and exported
      From worker 15:	replicate complete, ran 20000000 generations:
      From worker 15:	
      From worker 15:		num_imitating:			12500850
      From worker 15:		num_not_imitating:		7499150
      From worker 15:		num_strategies_changed:  	385282
      From worker 15:			num_random_strategies: 	12602
      From worker 15:		num_sets_changed: 		9892962
      From worker 15:			num_random_opinions: 	1951074
      From worker 15:			num_biased_opinions: 	5860929
      From worker 15:		num_both_changed: 		312569
      From worker 15:	
      From worker 14:	replicate complete, ran 20000000 generations:
      From worker 14:	
      From worker 14:		num_imitating:			14999062
      From worker 14:		num_not_imitating:		5000938
      From worker 14:		num_strategies_changed:  	427671
      From worker 14:			num_random_strategies: 	14916
      From worker 14:		num_sets_changed: 		12449661
      From worker 14:			num_random_opinions: 	2097527
      From worker 14:			num_biased_opinions: 	2095640
      From worker 14:		num_both_changed: 		378789
      From worker 14:	
      From worker 15:	data processed and exported
      From worker 14:	data processed and exported
13226.329297 seconds (2.86 M allocations: 125.008 MiB, 0.00% gc time)
