packages loaded
      From worker 4:	 Activating environment at `/tigress/mk28/CooperationPolarization2/Project.toml`
      From worker 3:	 Activating environment at `/tigress/mk28/CooperationPolarization2/Project.toml`
      From worker 5:	 Activating environment at `/tigress/mk28/CooperationPolarization2/Project.toml`
      From worker 6:	 Activating environment at `/tigress/mk28/CooperationPolarization2/Project.toml`
      From worker 2:	 Activating environment at `/tigress/mk28/CooperationPolarization2/Project.toml`
      From worker 9:	 Activating environment at `/tigress/mk28/CooperationPolarization2/Project.toml`
      From worker 13:	 Activating environment at `/tigress/mk28/CooperationPolarization2/Project.toml`
      From worker 15:	 Activating environment at `/tigress/mk28/CooperationPolarization2/Project.toml`
      From worker 14:	 Activating environment at `/tigress/mk28/CooperationPolarization2/Project.toml`
      From worker 8:	 Activating environment at `/tigress/mk28/CooperationPolarization2/Project.toml`
      From worker 12:	 Activating environment at `/tigress/mk28/CooperationPolarization2/Project.toml`
      From worker 16:	 Activating environment at `/tigress/mk28/CooperationPolarization2/Project.toml`
      From worker 10:	 Activating environment at `/tigress/mk28/CooperationPolarization2/Project.toml`
      From worker 7:	 Activating environment at `/tigress/mk28/CooperationPolarization2/Project.toml`
      From worker 11:	 Activating environment at `/tigress/mk28/CooperationPolarization2/Project.toml`
      From worker 9:	packages loaded
      From worker 12:	packages loaded
      From worker 13:	packages loaded
      From worker 15:	packages loaded
      From worker 16:	packages loaded
      From worker 2:	packages loaded
      From worker 8:	packages loaded
      From worker 7:	packages loaded
      From worker 10:	packages loaded
      From worker 14:	packages loaded
      From worker 4:	packages loaded
      From worker 3:	packages loaded
      From worker 6:	packages loaded
      From worker 5:	packages loaded
      From worker 11:	packages loaded
parameters defined
      From worker 2:	
      From worker 2:	starting b_1.0_c_0.2_N_40_M_3_K_1_P_2_beta_0.001_u_0.001_v_0.001_p_0.0_ϵ_1.0_gens_20000000_210216-093353.494
      From worker 12:	
      From worker 12:	starting b_1.0_c_0.2_N_40_M_3_K_1_P_2_beta_0.001_u_0.001_v_0.125_p_0.0_ϵ_1.0_gens_20000000_210216-093353.494
      From worker 13:	
      From worker 13:	starting b_1.0_c_0.2_N_40_M_3_K_1_P_2_beta_0.001_u_0.001_v_0.125_p_0.25_ϵ_1.0_gens_20000000_210216-093353.494
      From worker 6:	
      From worker 6:	starting b_1.0_c_0.2_N_40_M_3_K_1_P_2_beta_0.001_u_0.001_v_0.005_p_1.0_ϵ_1.0_gens_20000000_210216-093353.494
      From worker 8:	
      From worker 8:	starting b_1.0_c_0.2_N_40_M_3_K_1_P_2_beta_0.001_u_0.001_v_0.011180339887498947_p_0.25_ϵ_1.0_gens_20000000_210216-093353.494
      From worker 3:	
      From worker 3:	starting b_1.0_c_0.2_N_40_M_3_K_1_P_2_beta_0.001_u_0.001_v_0.001_p_0.25_ϵ_1.0_gens_20000000_210216-093353.494
      From worker 5:	
      From worker 5:	starting b_1.0_c_0.2_N_40_M_3_K_1_P_2_beta_0.001_u_0.001_v_0.0022360679774997894_p_0.75_ϵ_1.0_gens_20000000_210216-093353.494
      From worker 15:	
      From worker 15:	starting b_1.0_c_0.2_N_40_M_3_K_1_P_2_beta_0.001_u_0.001_v_0.2795084971874737_p_0.75_ϵ_1.0_gens_20000000_210216-093353.494
      From worker 9:	
      From worker 9:	starting b_1.0_c_0.2_N_40_M_3_K_1_P_2_beta_0.001_u_0.001_v_0.025_p_0.5_ϵ_1.0_gens_20000000_210216-093353.494
      From worker 10:	
      From worker 10:	starting b_1.0_c_0.2_N_40_M_3_K_1_P_2_beta_0.001_u_0.001_v_0.025_p_0.75_ϵ_1.0_gens_20000000_210216-093353.494
      From worker 16:	
      From worker 16:	starting b_1.0_c_0.2_N_40_M_3_K_1_P_2_beta_0.001_u_0.001_v_0.625_p_1.0_ϵ_1.0_gens_20000000_210216-093353.494
      From worker 7:	
      From worker 7:	starting b_1.0_c_0.2_N_40_M_3_K_1_P_2_beta_0.001_u_0.001_v_0.011180339887498947_p_0.0_ϵ_1.0_gens_20000000_210216-093353.494
      From worker 14:	
      From worker 14:	starting b_1.0_c_0.2_N_40_M_3_K_1_P_2_beta_0.001_u_0.001_v_0.2795084971874737_p_0.5_ϵ_1.0_gens_20000000_210216-093353.494
      From worker 4:	
      From worker 4:	starting b_1.0_c_0.2_N_40_M_3_K_1_P_2_beta_0.001_u_0.001_v_0.0022360679774997894_p_0.5_ϵ_1.0_gens_20000000_210216-093353.494
      From worker 11:	
      From worker 11:	starting b_1.0_c_0.2_N_40_M_3_K_1_P_2_beta_0.001_u_0.001_v_0.055901699437494755_p_1.0_ϵ_1.0_gens_20000000_210216-093353.494
      From worker 6:	replicate complete, ran 20000000 generations:
      From worker 6:	
      From worker 6:		num_imitating:			10003408
      From worker 6:		num_not_imitating:		9996592
      From worker 6:		num_strategies_changed:  	142224
      From worker 6:			num_random_strategies: 	9968
      From worker 6:		num_sets_changed: 		598194
      From worker 6:			num_random_opinions: 	0
      From worker 6:			num_biased_opinions: 	50141
      From worker 6:		num_both_changed: 		14012
      From worker 6:	
      From worker 6:	data processed and exported
      From worker 6:	
      From worker 6:	starting b_1.0_c_0.2_N_40_M_3_K_1_P_2_beta_0.001_u_0.001_v_0.005_p_0.0_ϵ_1.0_gens_20000000_210216-093353.494
      From worker 3:	replicate complete, ran 20000000 generations:
      From worker 3:	
      From worker 3:		num_imitating:			17501852
      From worker 3:		num_not_imitating:		2498148
      From worker 3:		num_strategies_changed:  	524951
      From worker 3:			num_random_strategies: 	17571
      From worker 3:		num_sets_changed: 		532481
      From worker 3:			num_random_opinions: 	13195
      From worker 3:			num_biased_opinions: 	4370
      From worker 3:		num_both_changed: 		28233
      From worker 3:	
      From worker 5:	replicate complete, ran 20000000 generations:
      From worker 5:	
      From worker 5:		num_imitating:			12500354
      From worker 5:		num_not_imitating:		7499646
      From worker 5:		num_strategies_changed:  	335090
      From worker 5:			num_random_strategies: 	12347
      From worker 5:		num_sets_changed: 		821208
      From worker 5:			num_random_opinions: 	7114
      From worker 5:			num_biased_opinions: 	20841
      From worker 5:		num_both_changed: 		43080
      From worker 5:	
      From worker 3:	data processed and exported
      From worker 2:	replicate complete, ran 20000000 generations:
      From worker 2:	
      From worker 2:		num_imitating:			20000000
      From worker 2:		num_not_imitating:		0
      From worker 2:		num_strategies_changed:  	579982
      From worker 2:			num_random_strategies: 	20005
      From worker 2:		num_sets_changed: 		609719
      From worker 2:			num_random_opinions: 	19981
      From worker 2:			num_biased_opinions: 	0
      From worker 2:		num_both_changed: 		31290
      From worker 2:	
      From worker 3:	
      From worker 3:	starting b_1.0_c_0.2_N_40_M_3_K_1_P_2_beta_0.001_u_0.001_v_0.001_p_0.5_ϵ_1.0_gens_20000000_210216-093353.494
      From worker 5:	data processed and exported
      From worker 5:	
      From worker 5:	starting b_1.0_c_0.2_N_40_M_3_K_1_P_2_beta_0.001_u_0.001_v_0.0022360679774997894_p_1.0_ϵ_1.0_gens_20000000_210216-093353.494
      From worker 2:	data processed and exported
      From worker 2:	
      From worker 2:	starting b_1.0_c_0.2_N_40_M_3_K_1_P_2_beta_0.001_u_0.001_v_0.001_p_0.25_ϵ_1.0_gens_20000000_210216-093353.494
      From worker 4:	replicate complete, ran 20000000 generations:
      From worker 4:	
      From worker 4:		num_imitating:			14998053
      From worker 4:		num_not_imitating:		5001947
      From worker 4:		num_strategies_changed:  	437964
      From worker 4:			num_random_strategies: 	15054
      From worker 4:		num_sets_changed: 		962516
      From worker 4:			num_random_opinions: 	16734
      From worker 4:			num_biased_opinions: 	16836
      From worker 4:		num_both_changed: 		52860
      From worker 4:	
      From worker 4:	data processed and exported
      From worker 4:	
      From worker 4:	starting b_1.0_c_0.2_N_40_M_3_K_1_P_2_beta_0.001_u_0.001_v_0.0022360679774997894_p_0.75_ϵ_1.0_gens_20000000_210216-093353.494
      From worker 11:	replicate complete, ran 20000000 generations:
      From worker 11:	
      From worker 11:		num_imitating:			10000682
      From worker 11:		num_not_imitating:		9999318
      From worker 11:		num_strategies_changed:  	149027
      From worker 11:			num_random_strategies: 	9911
      From worker 11:		num_sets_changed: 		3569813
      From worker 11:			num_random_opinions: 	0
      From worker 11:			num_biased_opinions: 	558343
      From worker 11:		num_both_changed: 		77279
      From worker 11:	
      From worker 11:	data processed and exported
      From worker 11:	
      From worker 11:	starting b_1.0_c_0.2_N_40_M_3_K_1_P_2_beta_0.001_u_0.001_v_0.055901699437494755_p_0.0_ϵ_1.0_gens_20000000_210216-093353.494
      From worker 8:	replicate complete, ran 20000000 generations:
      From worker 8:	
      From worker 8:		num_imitating:			17498752
      From worker 8:		num_not_imitating:		2501248
      From worker 8:		num_strategies_changed:  	485582
      From worker 8:			num_random_strategies: 	17459
      From worker 8:		num_sets_changed: 		4303034
      From worker 8:			num_random_opinions: 	146712
      From worker 8:			num_biased_opinions: 	48808
      From worker 8:		num_both_changed: 		194552
      From worker 8:	
      From worker 8:	data processed and exported
      From worker 8:	
      From worker 8:	starting b_1.0_c_0.2_N_40_M_3_K_1_P_2_beta_0.001_u_0.001_v_0.011180339887498947_p_0.5_ϵ_1.0_gens_20000000_210216-093353.494
      From worker 10:	replicate complete, ran 20000000 generations:
      From worker 10:	
      From worker 10:		num_imitating:			12501119
      From worker 10:		num_not_imitating:		7498881
      From worker 10:		num_strategies_changed:  	377547
      From worker 10:			num_random_strategies: 	12373
      From worker 10:		num_sets_changed: 		5098456
      From worker 10:			num_random_opinions: 	78110
      From worker 10:			num_biased_opinions: 	234114
      From worker 10:		num_both_changed: 		236803
      From worker 10:	
      From worker 10:	data processed and exported
      From worker 10:	
      From worker 10:	starting b_1.0_c_0.2_N_40_M_3_K_1_P_2_beta_0.001_u_0.001_v_0.025_p_1.0_ϵ_1.0_gens_20000000_210216-093353.494
      From worker 7:	replicate complete, ran 20000000 generations:
      From worker 7:	
      From worker 7:		num_imitating:			20000000
      From worker 7:		num_not_imitating:		0
      From worker 7:		num_strategies_changed:  	571540
      From worker 7:			num_random_strategies: 	20069
      From worker 7:		num_sets_changed: 		4946260
      From worker 7:			num_random_opinions: 	223096
      From worker 7:			num_biased_opinions: 	0
      From worker 7:		num_both_changed: 		226189
      From worker 7:	
      From worker 16:	replicate complete, ran 20000000 generations:
      From worker 16:	
      From worker 16:		num_imitating:			9998111
      From worker 16:		num_not_imitating:		10001889
      From worker 16:		num_strategies_changed:  	138168
      From worker 16:			num_random_strategies: 	9778
      From worker 16:		num_sets_changed: 		6469778
      From worker 16:			num_random_opinions: 	0
      From worker 16:			num_biased_opinions: 	6248188
      From worker 16:		num_both_changed: 		91902
      From worker 16:	
      From worker 7:	data processed and exported
      From worker 7:	
      From worker 7:	starting b_1.0_c_0.2_N_40_M_3_K_1_P_2_beta_0.001_u_0.001_v_0.011180339887498947_p_0.25_ϵ_1.0_gens_20000000_210216-093353.494
      From worker 16:	data processed and exported
      From worker 16:	
      From worker 16:	starting b_1.0_c_0.2_N_40_M_3_K_1_P_2_beta_0.001_u_0.001_v_0.625_p_0.0_ϵ_1.0_gens_20000000_210216-093353.494
      From worker 9:	replicate complete, ran 20000000 generations:
      From worker 9:	
      From worker 9:		num_imitating:			14999571
      From worker 9:		num_not_imitating:		5000429
      From worker 9:		num_strategies_changed:  	418052
      From worker 9:			num_random_strategies: 	15186
      From worker 9:		num_sets_changed: 		6151564
      From worker 9:			num_random_opinions: 	188378
      From worker 9:			num_biased_opinions: 	187666
      From worker 9:		num_both_changed: 		248398
      From worker 9:	
      From worker 9:	data processed and exported
      From worker 9:	
      From worker 9:	starting b_1.0_c_0.2_N_40_M_3_K_1_P_2_beta_0.001_u_0.001_v_0.025_p_0.75_ϵ_1.0_gens_20000000_210216-093353.494
      From worker 15:	replicate complete, ran 20000000 generations:
      From worker 15:	
      From worker 15:		num_imitating:			12500532
      From worker 15:		num_not_imitating:		7499468
      From worker 15:		num_strategies_changed:  	367254
      From worker 15:			num_random_strategies: 	12546
      From worker 15:		num_sets_changed: 		9350178
      From worker 15:			num_random_opinions: 	872655
      From worker 15:			num_biased_opinions: 	2620005
      From worker 15:		num_both_changed: 		297292
      From worker 15:	
      From worker 15:	data processed and exported
      From worker 15:	
      From worker 15:	starting b_1.0_c_0.2_N_40_M_3_K_1_P_2_beta_0.001_u_0.001_v_0.2795084971874737_p_1.0_ϵ_1.0_gens_20000000_210216-093353.494
      From worker 14:	replicate complete, ran 20000000 generations:
      From worker 14:	
      From worker 14:		num_imitating:			15002827
      From worker 14:		num_not_imitating:		4997173
      From worker 14:		num_strategies_changed:  	416510
      From worker 14:			num_random_strategies: 	14909
      From worker 14:		num_sets_changed: 		11573469
      From worker 14:			num_random_opinions: 	2095849
      From worker 14:			num_biased_opinions: 	2094939
      From worker 14:		num_both_changed: 		343246
      From worker 14:	
      From worker 14:	data processed and exported
      From worker 14:	
      From worker 14:	starting b_1.0_c_0.2_N_40_M_3_K_1_P_2_beta_0.001_u_0.001_v_0.2795084971874737_p_0.75_ϵ_1.0_gens_20000000_210216-093353.494
      From worker 13:	replicate complete, ran 20000000 generations:
      From worker 13:	
      From worker 13:		num_imitating:			17503637
      From worker 13:		num_not_imitating:		2496363
      From worker 13:		num_strategies_changed:  	494087
      From worker 13:			num_random_strategies: 	17420
      From worker 13:		num_sets_changed: 		12340387
      From worker 13:			num_random_opinions: 	1641334
      From worker 13:			num_biased_opinions: 	546941
      From worker 13:		num_both_changed: 		400099
      From worker 13:	
      From worker 13:	data processed and exported
      From worker 13:	
      From worker 13:	starting b_1.0_c_0.2_N_40_M_3_K_1_P_2_beta_0.001_u_0.001_v_0.125_p_0.5_ϵ_1.0_gens_20000000_210216-093353.494
      From worker 12:	replicate complete, ran 20000000 generations:
      From worker 12:	
      From worker 12:		num_imitating:			20000000
      From worker 12:		num_not_imitating:		0
      From worker 12:		num_strategies_changed:  	556036
      From worker 12:			num_random_strategies: 	20044
      From worker 12:		num_sets_changed: 		14155239
      From worker 12:			num_random_opinions: 	2501139
      From worker 12:			num_biased_opinions: 	0
      From worker 12:		num_both_changed: 		449555
      From worker 12:	
      From worker 12:	data processed and exported
      From worker 12:	
      From worker 12:	starting b_1.0_c_0.2_N_40_M_3_K_1_P_2_beta_0.001_u_0.001_v_0.125_p_0.25_ϵ_1.0_gens_20000000_210216-093353.494
      From worker 5:	replicate complete, ran 20000000 generations:
      From worker 5:	
      From worker 5:		num_imitating:			10000139
      From worker 5:		num_not_imitating:		9999861
      From worker 5:		num_strategies_changed:  	144480
      From worker 5:			num_random_strategies: 	10279
      From worker 5:		num_sets_changed: 		280366
      From worker 5:			num_random_opinions: 	0
      From worker 5:			num_biased_opinions: 	22366
      From worker 5:		num_both_changed: 		7948
      From worker 5:	
      From worker 5:	data processed and exported
      From worker 5:	
      From worker 5:	starting b_1.0_c_0.2_N_40_M_3_K_1_P_2_beta_0.001_u_0.001_v_0.005_p_0.0_ϵ_1.0_gens_20000000_210216-093353.494
      From worker 3:	replicate complete, ran 20000000 generations:
      From worker 3:	
      From worker 3:		num_imitating:			14997840
      From worker 3:		num_not_imitating:		5002160
      From worker 3:		num_strategies_changed:  	418590
      From worker 3:			num_random_strategies: 	14626
      From worker 3:		num_sets_changed: 		449345
      From worker 3:			num_random_opinions: 	7506
      From worker 3:			num_biased_opinions: 	7644
      From worker 3:		num_both_changed: 		22742
      From worker 3:	
      From worker 3:	data processed and exported
      From worker 3:	
      From worker 3:	starting b_1.0_c_0.2_N_40_M_3_K_1_P_2_beta_0.001_u_0.001_v_0.001_p_0.75_ϵ_1.0_gens_20000000_210216-093353.494
      From worker 2:	replicate complete, ran 20000000 generations:
      From worker 2:	
      From worker 2:		num_imitating:			17499533
      From worker 2:		num_not_imitating:		2500467
      From worker 2:		num_strategies_changed:  	491710
      From worker 2:			num_random_strategies: 	17518
      From worker 2:		num_sets_changed: 		528942
      From worker 2:			num_random_opinions: 	12896
      From worker 2:			num_biased_opinions: 	4344
      From worker 2:		num_both_changed: 		33985
      From worker 2:	
      From worker 2:	data processed and exported
      From worker 2:	
      From worker 2:	starting b_1.0_c_0.2_N_40_M_3_K_1_P_2_beta_0.001_u_0.001_v_0.001_p_0.5_ϵ_1.0_gens_20000000_210216-093353.494
      From worker 4:	replicate complete, ran 20000000 generations:
      From worker 4:	
      From worker 4:		num_imitating:			12502785
      From worker 4:		num_not_imitating:		7497215
      From worker 4:		num_strategies_changed:  	355430
      From worker 4:			num_random_strategies: 	12546
      From worker 4:		num_sets_changed: 		831660
      From worker 4:			num_random_opinions: 	7069
      From worker 4:			num_biased_opinions: 	20792
      From worker 4:		num_both_changed: 		46681
      From worker 4:	
      From worker 4:	data processed and exported
      From worker 4:	
      From worker 4:	starting b_1.0_c_0.2_N_40_M_3_K_1_P_2_beta_0.001_u_0.001_v_0.0022360679774997894_p_1.0_ϵ_1.0_gens_20000000_210216-093353.494
      From worker 6:	replicate complete, ran 20000000 generations:
      From worker 6:	
      From worker 6:		num_imitating:			20000000
      From worker 6:		num_not_imitating:		0
      From worker 6:		num_strategies_changed:  	587900
      From worker 6:			num_random_strategies: 	20145
      From worker 6:		num_sets_changed: 		2704373
      From worker 6:			num_random_opinions: 	100159
      From worker 6:			num_biased_opinions: 	0
      From worker 6:		num_both_changed: 		149085
      From worker 6:	
      From worker 6:	data processed and exported
      From worker 6:	
      From worker 6:	starting b_1.0_c_0.2_N_40_M_3_K_1_P_2_beta_0.001_u_0.001_v_0.005_p_0.25_ϵ_1.0_gens_20000000_210216-093353.494
      From worker 10:	replicate complete, ran 20000000 generations:
      From worker 10:	
      From worker 10:		num_imitating:			9999610
      From worker 10:		num_not_imitating:		10000390
      From worker 10:		num_strategies_changed:  	152333
      From worker 10:			num_random_strategies: 	10013
      From worker 10:		num_sets_changed: 		2247010
      From worker 10:			num_random_opinions: 	0
      From worker 10:			num_biased_opinions: 	250234
      From worker 10:		num_both_changed: 		53376
      From worker 10:	
      From worker 10:	data processed and exported
      From worker 10:	
      From worker 10:	starting b_1.0_c_0.2_N_40_M_3_K_1_P_2_beta_0.001_u_0.001_v_0.055901699437494755_p_0.0_ϵ_1.0_gens_20000000_210216-093353.494
      From worker 8:	replicate complete, ran 20000000 generations:
      From worker 8:	
      From worker 8:		num_imitating:			14999522
      From worker 8:		num_not_imitating:		5000478
      From worker 8:		num_strategies_changed:  	432238
      From worker 8:			num_random_strategies: 	15200
      From worker 8:		num_sets_changed: 		3763649
      From worker 8:			num_random_opinions: 	84023
      From worker 8:			num_biased_opinions: 	83740
      From worker 8:		num_both_changed: 		176836
      From worker 8:	
      From worker 8:	data processed and exported
      From worker 8:	
      From worker 8:	starting b_1.0_c_0.2_N_40_M_3_K_1_P_2_beta_0.001_u_0.001_v_0.011180339887498947_p_0.75_ϵ_1.0_gens_20000000_210216-093353.494
      From worker 7:	replicate complete, ran 20000000 generations:
      From worker 7:	
      From worker 7:		num_imitating:			17498429
      From worker 7:		num_not_imitating:		2501571
      From worker 7:		num_strategies_changed:  	478852
      From worker 7:			num_random_strategies: 	17400
      From worker 7:		num_sets_changed: 		4317179
      From worker 7:			num_random_opinions: 	146632
      From worker 7:			num_biased_opinions: 	48471
      From worker 7:		num_both_changed: 		196301
      From worker 7:	
      From worker 7:	data processed and exported
      From worker 7:	
      From worker 7:	starting b_1.0_c_0.2_N_40_M_3_K_1_P_2_beta_0.001_u_0.001_v_0.011180339887498947_p_0.5_ϵ_1.0_gens_20000000_210216-093353.494
      From worker 9:	replicate complete, ran 20000000 generations:
      From worker 9:	
      From worker 9:		num_imitating:			12500401
      From worker 9:		num_not_imitating:		7499599
      From worker 9:		num_strategies_changed:  	360380
      From worker 9:			num_random_strategies: 	12345
      From worker 9:		num_sets_changed: 		5051881
      From worker 9:			num_random_opinions: 	77959
      From worker 9:			num_biased_opinions: 	234318
      From worker 9:		num_both_changed: 		220458
      From worker 9:	
      From worker 9:	data processed and exported
      From worker 9:	
      From worker 9:	starting b_1.0_c_0.2_N_40_M_3_K_1_P_2_beta_0.001_u_0.001_v_0.025_p_1.0_ϵ_1.0_gens_20000000_210216-093353.494
      From worker 15:	replicate complete, ran 20000000 generations:
      From worker 15:	
      From worker 15:		num_imitating:			9999112
      From worker 15:		num_not_imitating:		10000888
      From worker 15:		num_strategies_changed:  	148720
      From worker 15:			num_random_strategies: 	10147
      From worker 15:		num_sets_changed: 		5904128
      From worker 15:			num_random_opinions: 	0
      From worker 15:			num_biased_opinions: 	2791983
      From worker 15:		num_both_changed: 		97585
      From worker 15:	
      From worker 15:	data processed and exported
      From worker 15:	
      From worker 15:	starting b_1.0_c_0.2_N_40_M_3_K_1_P_2_beta_0.001_u_0.001_v_0.625_p_0.0_ϵ_1.0_gens_20000000_210216-093353.494
      From worker 11:	replicate complete, ran 20000000 generations:
      From worker 11:	
      From worker 11:		num_imitating:			20000000
      From worker 11:		num_not_imitating:		0
      From worker 11:		num_strategies_changed:  	568520
      From worker 11:			num_random_strategies: 	19882
      From worker 11:		num_sets_changed: 		11592665
      From worker 11:			num_random_opinions: 	1119107
      From worker 11:			num_biased_opinions: 	0
      From worker 11:		num_both_changed: 		426149
      From worker 11:	
      From worker 11:	data processed and exported
      From worker 11:	
      From worker 11:	starting b_1.0_c_0.2_N_40_M_3_K_1_P_2_beta_0.001_u_0.001_v_0.055901699437494755_p_0.25_ϵ_1.0_gens_20000000_210216-093353.494
      From worker 3:	replicate complete, ran 20000000 generations:
      From worker 3:	
      From worker 3:		num_imitating:			12503981
      From worker 3:		num_not_imitating:		7496019
      From worker 3:		num_strategies_changed:  	364612
      From worker 3:			num_random_strategies: 	12556
      From worker 3:		num_sets_changed: 		379122
      From worker 3:			num_random_opinions: 	3148
      From worker 3:			num_biased_opinions: 	9396
      From worker 3:		num_both_changed: 		20352
      From worker 3:	
      From worker 3:	data processed and exported
      From worker 3:	
      From worker 3:	starting b_1.0_c_0.2_N_40_M_3_K_1_P_2_beta_0.001_u_0.001_v_0.001_p_1.0_ϵ_1.0_gens_20000000_210216-093353.494
      From worker 4:	replicate complete, ran 20000000 generations:
      From worker 4:	
      From worker 4:		num_imitating:			10002506
      From worker 4:		num_not_imitating:		9997494
      From worker 4:		num_strategies_changed:  	146051
      From worker 4:			num_random_strategies: 	9885
      From worker 4:		num_sets_changed: 		271617
      From worker 4:			num_random_opinions: 	0
      From worker 4:			num_biased_opinions: 	22311
      From worker 4:		num_both_changed: 		6985
      From worker 4:	
      From worker 2:	replicate complete, ran 20000000 generations:
      From worker 2:	
      From worker 2:		num_imitating:			14999867
      From worker 2:		num_not_imitating:		5000133
      From worker 2:		num_strategies_changed:  	407270
      From worker 2:			num_random_strategies: 	15107
      From worker 2:		num_sets_changed: 		479565
      From worker 2:			num_random_opinions: 	7573
      From worker 2:			num_biased_opinions: 	7459
      From worker 2:		num_both_changed: 		28483
      From worker 2:	
      From worker 4:	data processed and exported
      From worker 2:	data processed and exported
      From worker 4:	
      From worker 4:	starting b_1.0_c_0.2_N_40_M_3_K_1_P_2_beta_0.001_u_0.001_v_0.0022360679774997894_p_0.0_ϵ_1.0_gens_20000000_210216-093353.494
      From worker 2:	
      From worker 2:	starting b_1.0_c_0.2_N_40_M_3_K_1_P_2_beta_0.001_u_0.001_v_0.001_p_0.75_ϵ_1.0_gens_20000000_210216-093353.494
      From worker 5:	replicate complete, ran 20000000 generations:
      From worker 5:	
      From worker 5:		num_imitating:			20000000
      From worker 5:		num_not_imitating:		0
      From worker 5:		num_strategies_changed:  	544417
      From worker 5:			num_random_strategies: 	19767
      From worker 5:		num_sets_changed: 		2627615
      From worker 5:			num_random_opinions: 	99655
      From worker 5:			num_biased_opinions: 	0
      From worker 5:		num_both_changed: 		123067
      From worker 5:	
      From worker 14:	replicate complete, ran 20000000 generations:
      From worker 14:	
      From worker 14:		num_imitating:			12501396
      From worker 14:		num_not_imitating:		7498604
      From worker 14:		num_strategies_changed:  	358400
      From worker 14:			num_random_strategies: 	12408
      From worker 14:		num_sets_changed: 		9350198
      From worker 14:			num_random_opinions: 	873789
      From worker 14:			num_biased_opinions: 	2619248
      From worker 14:		num_both_changed: 		290158
      From worker 14:	
      From worker 5:	data processed and exported
      From worker 5:	
      From worker 5:	starting b_1.0_c_0.2_N_40_M_3_K_1_P_2_beta_0.001_u_0.001_v_0.005_p_0.25_ϵ_1.0_gens_20000000_210216-093353.494
      From worker 14:	data processed and exported
      From worker 14:	
      From worker 14:	starting b_1.0_c_0.2_N_40_M_3_K_1_P_2_beta_0.001_u_0.001_v_0.2795084971874737_p_1.0_ϵ_1.0_gens_20000000_210216-093353.494
      From worker 16:	replicate complete, ran 20000000 generations:
      From worker 16:	
      From worker 16:		num_imitating:			20000000
      From worker 16:		num_not_imitating:		0
      From worker 16:		num_strategies_changed:  	581253
      From worker 16:			num_random_strategies: 	19902
      From worker 16:		num_sets_changed: 		16416396
      From worker 16:			num_random_opinions: 	12496453
      From worker 16:			num_biased_opinions: 	0
      From worker 16:		num_both_changed: 		483857
      From worker 16:	
      From worker 16:	data processed and exported
      From worker 16:	
      From worker 16:	starting b_1.0_c_0.2_N_40_M_3_K_1_P_2_beta_0.001_u_0.001_v_0.625_p_0.25_ϵ_1.0_gens_20000000_210216-093353.494
      From worker 13:	replicate complete, ran 20000000 generations:
      From worker 13:	
      From worker 13:		num_imitating:			14999795
      From worker 13:		num_not_imitating:		5000205
      From worker 13:		num_strategies_changed:  	451233
      From worker 13:			num_random_strategies: 	15023
      From worker 13:		num_sets_changed: 		10502414
      From worker 13:			num_random_opinions: 	939119
      From worker 13:			num_biased_opinions: 	936866
      From worker 13:		num_both_changed: 		365065
      From worker 13:	
      From worker 6:	replicate complete, ran 20000000 generations:
      From worker 6:	
      From worker 6:		num_imitating:			17499366
      From worker 6:		num_not_imitating:		2500634
      From worker 6:		num_strategies_changed:  	498655
      From worker 6:			num_random_strategies: 	17446
      From worker 6:		num_sets_changed: 		2345006
      From worker 6:			num_random_opinions: 	65367
      From worker 6:			num_biased_opinions: 	21810
      From worker 6:		num_both_changed: 		123814
      From worker 6:	
      From worker 13:	data processed and exported
      From worker 13:	
      From worker 13:	starting b_1.0_c_0.2_N_40_M_3_K_1_P_2_beta_0.001_u_0.001_v_0.125_p_0.75_ϵ_1.0_gens_20000000_210216-093353.494
      From worker 6:	data processed and exported
      From worker 6:	
      From worker 6:	starting b_1.0_c_0.2_N_40_M_3_K_1_P_2_beta_0.001_u_0.001_v_0.005_p_0.5_ϵ_1.0_gens_20000000_210216-093353.494
      From worker 12:	replicate complete, ran 20000000 generations:
      From worker 12:	
      From worker 12:		num_imitating:			17502468
      From worker 12:		num_not_imitating:		2497532
      From worker 12:		num_strategies_changed:  	508156
      From worker 12:			num_random_strategies: 	17426
      From worker 12:		num_sets_changed: 		12347457
      From worker 12:			num_random_opinions: 	1639161
      From worker 12:			num_biased_opinions: 	546305
      From worker 12:		num_both_changed: 		411431
      From worker 12:	
      From worker 12:	data processed and exported
      From worker 12:	
      From worker 12:	starting b_1.0_c_0.2_N_40_M_3_K_1_P_2_beta_0.001_u_0.001_v_0.125_p_0.5_ϵ_1.0_gens_20000000_210216-093353.494
      From worker 8:	replicate complete, ran 20000000 generations:
      From worker 8:	
      From worker 8:		num_imitating:			12497829
      From worker 8:		num_not_imitating:		7502171
      From worker 8:		num_strategies_changed:  	369001
      From worker 8:			num_random_strategies: 	12613
      From worker 8:		num_sets_changed: 		3111238
      From worker 8:			num_random_opinions: 	34874
      From worker 8:			num_biased_opinions: 	104713
      From worker 8:		num_both_changed: 		150636
      From worker 8:	
      From worker 8:	data processed and exported
      From worker 8:	
      From worker 8:	starting b_1.0_c_0.2_N_40_M_3_K_1_P_2_beta_0.001_u_0.001_v_0.011180339887498947_p_1.0_ϵ_1.0_gens_20000000_210216-093353.494
      From worker 9:	replicate complete, ran 20000000 generations:
      From worker 9:	
      From worker 9:		num_imitating:			10003381
      From worker 9:		num_not_imitating:		9996619
      From worker 9:		num_strategies_changed:  	148708
      From worker 9:			num_random_strategies: 	10079
      From worker 9:		num_sets_changed: 		2223614
      From worker 9:			num_random_opinions: 	0
      From worker 9:			num_biased_opinions: 	249405
      From worker 9:		num_both_changed: 		52554
      From worker 9:	
      From worker 9:	data processed and exported
      From worker 9:	
      From worker 9:	starting b_1.0_c_0.2_N_40_M_3_K_1_P_2_beta_0.001_u_0.001_v_0.025_p_0.0_ϵ_1.0_gens_20000000_210216-093353.494
      From worker 7:	replicate complete, ran 20000000 generations:
      From worker 7:	
      From worker 7:		num_imitating:			15002181
      From worker 7:		num_not_imitating:		4997819
      From worker 7:		num_strategies_changed:  	410903
      From worker 7:			num_random_strategies: 	15066
      From worker 7:		num_sets_changed: 		3729863
      From worker 7:			num_random_opinions: 	83965
      From worker 7:			num_biased_opinions: 	84128
      From worker 7:		num_both_changed: 		169893
      From worker 7:	
      From worker 7:	data processed and exported
      From worker 7:	
      From worker 7:	starting b_1.0_c_0.2_N_40_M_3_K_1_P_2_beta_0.001_u_0.001_v_0.011180339887498947_p_0.75_ϵ_1.0_gens_20000000_210216-093353.494
      From worker 3:	replicate complete, ran 20000000 generations:
      From worker 3:	
      From worker 3:		num_imitating:			10001612
      From worker 3:		num_not_imitating:		9998388
      From worker 3:		num_strategies_changed:  	147911
      From worker 3:			num_random_strategies: 	10057
      From worker 3:		num_sets_changed: 		129096
      From worker 3:			num_random_opinions: 	0
      From worker 3:			num_biased_opinions: 	9894
      From worker 3:		num_both_changed: 		4223
      From worker 3:	
      From worker 3:	data processed and exported
      From worker 3:	
      From worker 3:	starting b_1.0_c_0.2_N_40_M_3_K_1_P_2_beta_0.001_u_0.001_v_0.0022360679774997894_p_0.0_ϵ_1.0_gens_20000000_210216-093353.494
      From worker 2:	replicate complete, ran 20000000 generations:
      From worker 2:	
      From worker 2:		num_imitating:			12497786
      From worker 2:		num_not_imitating:		7502214
      From worker 2:		num_strategies_changed:  	372296
      From worker 2:			num_random_strategies: 	12586
      From worker 2:		num_sets_changed: 		370894
      From worker 2:			num_random_opinions: 	3146
      From worker 2:			num_biased_opinions: 	9446
      From worker 2:		num_both_changed: 		23141
      From worker 2:	
      From worker 2:	data processed and exported
      From worker 2:	
      From worker 2:	starting b_1.0_c_0.2_N_40_M_3_K_1_P_2_beta_0.001_u_0.001_v_0.001_p_1.0_ϵ_1.0_gens_20000000_210216-093353.494
      From worker 4:	replicate complete, ran 20000000 generations:
      From worker 4:	
      From worker 4:		num_imitating:			20000000
      From worker 4:		num_not_imitating:		0
      From worker 4:		num_strategies_changed:  	591883
      From worker 4:			num_random_strategies: 	19971
      From worker 4:		num_sets_changed: 		1276079
      From worker 4:			num_random_opinions: 	44855
      From worker 4:			num_biased_opinions: 	0
      From worker 4:		num_both_changed: 		69084
      From worker 4:	
      From worker 4:	data processed and exported
      From worker 4:	
      From worker 4:	starting b_1.0_c_0.2_N_40_M_3_K_1_P_2_beta_0.001_u_0.001_v_0.0022360679774997894_p_0.25_ϵ_1.0_gens_20000000_210216-093353.494
      From worker 10:	replicate complete, ran 20000000 generations:
      From worker 10:	
      From worker 10:		num_imitating:			20000000
      From worker 10:		num_not_imitating:		0
      From worker 10:		num_strategies_changed:  	568324
      From worker 10:			num_random_strategies: 	19654
      From worker 10:		num_sets_changed: 		11618173
      From worker 10:			num_random_opinions: 	1118798
      From worker 10:			num_biased_opinions: 	0
      From worker 10:		num_both_changed: 		425037
      From worker 10:	
      From worker 10:	data processed and exported
      From worker 10:	
      From worker 10:	starting b_1.0_c_0.2_N_40_M_3_K_1_P_2_beta_0.001_u_0.001_v_0.055901699437494755_p_0.25_ϵ_1.0_gens_20000000_210216-093353.494
      From worker 5:	replicate complete, ran 20000000 generations:
      From worker 5:	
      From worker 5:		num_imitating:			17501402
      From worker 5:		num_not_imitating:		2498598
      From worker 5:		num_strategies_changed:  	493062
      From worker 5:			num_random_strategies: 	17604
      From worker 5:		num_sets_changed: 		2371018
      From worker 5:			num_random_opinions: 	65463
      From worker 5:			num_biased_opinions: 	21905
      From worker 5:		num_both_changed: 		113572
      From worker 5:	
      From worker 5:	data processed and exported
      From worker 5:	
      From worker 5:	starting b_1.0_c_0.2_N_40_M_3_K_1_P_2_beta_0.001_u_0.001_v_0.005_p_0.5_ϵ_1.0_gens_20000000_210216-093353.494
      From worker 6:	replicate complete, ran 20000000 generations:
      From worker 6:	
      From worker 6:		num_imitating:			14999622
      From worker 6:		num_not_imitating:		5000378
      From worker 6:		num_strategies_changed:  	446741
      From worker 6:			num_random_strategies: 	14872
      From worker 6:		num_sets_changed: 		1979189
      From worker 6:			num_random_opinions: 	37349
      From worker 6:			num_biased_opinions: 	37389
      From worker 6:		num_both_changed: 		98515
      From worker 6:	
      From worker 6:	data processed and exported
      From worker 6:	
      From worker 6:	starting b_1.0_c_0.2_N_40_M_3_K_1_P_2_beta_0.001_u_0.001_v_0.005_p_0.75_ϵ_1.0_gens_20000000_210216-093353.494
      From worker 14:	replicate complete, ran 20000000 generations:
      From worker 14:	
      From worker 14:		num_imitating:			10000190
      From worker 14:		num_not_imitating:		9999810
      From worker 14:		num_strategies_changed:  	148182
      From worker 14:			num_random_strategies: 	10098
      From worker 14:		num_sets_changed: 		5901589
      From worker 14:			num_random_opinions: 	0
      From worker 14:			num_biased_opinions: 	2799062
      From worker 14:		num_both_changed: 		96679
      From worker 14:	
      From worker 14:	data processed and exported
      From worker 14:	
      From worker 14:	starting b_1.0_c_0.2_N_40_M_3_K_1_P_2_beta_0.001_u_0.001_v_0.2795084971874737_p_0.0_ϵ_1.0_gens_20000000_210216-093353.494
      From worker 11:	replicate complete, ran 20000000 generations:
      From worker 11:	
      From worker 11:		num_imitating:			17500671
      From worker 11:		num_not_imitating:		2499329
      From worker 11:		num_strategies_changed:  	509497
      From worker 11:			num_random_strategies: 	17743
      From worker 11:		num_sets_changed: 		10110330
      From worker 11:			num_random_opinions: 	735643
      From worker 11:			num_biased_opinions: 	244109
      From worker 11:		num_both_changed: 		381971
      From worker 11:	
      From worker 11:	data processed and exported
      From worker 11:	
      From worker 11:	starting b_1.0_c_0.2_N_40_M_3_K_1_P_2_beta_0.001_u_0.001_v_0.055901699437494755_p_0.5_ϵ_1.0_gens_20000000_210216-093353.494
      From worker 8:	replicate complete, ran 20000000 generations:
      From worker 8:	
      From worker 8:		num_imitating:			9999396
      From worker 8:		num_not_imitating:		10000604
      From worker 8:		num_strategies_changed:  	141278
      From worker 8:			num_random_strategies: 	9872
      From worker 8:		num_sets_changed: 		1192647
      From worker 8:			num_random_opinions: 	0
      From worker 8:			num_biased_opinions: 	111910
      From worker 8:		num_both_changed: 		27912
      From worker 8:	
      From worker 8:	data processed and exported
      From worker 8:	
      From worker 8:	starting b_1.0_c_0.2_N_40_M_3_K_1_P_2_beta_0.001_u_0.001_v_0.025_p_0.0_ϵ_1.0_gens_20000000_210216-093353.494
      From worker 15:	replicate complete, ran 20000000 generations:
      From worker 15:	
      From worker 15:		num_imitating:			20000000
      From worker 15:		num_not_imitating:		0
      From worker 15:		num_strategies_changed:  	593977
      From worker 15:			num_random_strategies: 	20033
      From worker 15:		num_sets_changed: 		16419929
      From worker 15:			num_random_opinions: 	12500962
      From worker 15:			num_biased_opinions: 	0
      From worker 15:		num_both_changed: 		494906
      From worker 15:	
      From worker 15:	data processed and exported
      From worker 15:	
      From worker 15:	starting b_1.0_c_0.2_N_40_M_3_K_1_P_2_beta_0.001_u_0.001_v_0.625_p_0.25_ϵ_1.0_gens_20000000_210216-093353.494
      From worker 13:	replicate complete, ran 20000000 generations:
      From worker 13:	
      From worker 13:		num_imitating:			12496425
      From worker 13:		num_not_imitating:		7503575
      From worker 13:		num_strategies_changed:  	343925
      From worker 13:			num_random_strategies: 	12508
      From worker 13:		num_sets_changed: 		8579422
      From worker 13:			num_random_opinions: 	389657
      From worker 13:			num_biased_opinions: 	1171842
      From worker 13:		num_both_changed: 		276201
      From worker 13:	
      From worker 13:	data processed and exported
      From worker 13:	
      From worker 13:	starting b_1.0_c_0.2_N_40_M_3_K_1_P_2_beta_0.001_u_0.001_v_0.125_p_1.0_ϵ_1.0_gens_20000000_210216-093353.494
      From worker 2:	replicate complete, ran 20000000 generations:
      From worker 2:	
      From worker 2:		num_imitating:			9999788
      From worker 2:		num_not_imitating:		10000212
      From worker 2:		num_strategies_changed:  	148440
      From worker 2:			num_random_strategies: 	10009
      From worker 2:		num_sets_changed: 		133015
      From worker 2:			num_random_opinions: 	0
      From worker 2:			num_biased_opinions: 	10111
      From worker 2:		num_both_changed: 		3246
      From worker 2:	
      From worker 2:	data processed and exported
      From worker 2:	
      From worker 2:	starting b_1.0_c_0.2_N_40_M_3_K_1_P_2_beta_0.001_u_0.001_v_0.001_p_0.0_ϵ_1.0_gens_20000000_210216-093353.494
      From worker 7:	replicate complete, ran 20000000 generations:
      From worker 7:	
      From worker 7:		num_imitating:			12496027
      From worker 7:		num_not_imitating:		7503973
      From worker 7:		num_strategies_changed:  	365635
      From worker 7:			num_random_strategies: 	12584
      From worker 7:		num_sets_changed: 		3072434
      From worker 7:			num_random_opinions: 	34666
      From worker 7:			num_biased_opinions: 	104437
      From worker 7:		num_both_changed: 		152274
      From worker 7:	
      From worker 7:	data processed and exported
      From worker 7:	
      From worker 7:	starting b_1.0_c_0.2_N_40_M_3_K_1_P_2_beta_0.001_u_0.001_v_0.011180339887498947_p_1.0_ϵ_1.0_gens_20000000_210216-093353.494
      From worker 3:	replicate complete, ran 20000000 generations:
      From worker 3:	
      From worker 3:		num_imitating:			20000000
      From worker 3:		num_not_imitating:		0
      From worker 3:		num_strategies_changed:  	573683
      From worker 3:			num_random_strategies: 	19773
      From worker 3:		num_sets_changed: 		1313397
      From worker 3:			num_random_opinions: 	44538
      From worker 3:			num_biased_opinions: 	0
      From worker 3:		num_both_changed: 		69928
      From worker 3:	
      From worker 3:	data processed and exported
      From worker 3:	
      From worker 3:	starting b_1.0_c_0.2_N_40_M_3_K_1_P_2_beta_0.001_u_0.001_v_0.0022360679774997894_p_0.25_ϵ_1.0_gens_20000000_210216-093353.494
      From worker 16:	replicate complete, ran 20000000 generations:
      From worker 16:	
      From worker 16:		num_imitating:			17501361
      From worker 16:		num_not_imitating:		2498639
      From worker 16:		num_strategies_changed:  	510408
      From worker 16:			num_random_strategies: 	17573
      From worker 16:		num_sets_changed: 		14270668
      From worker 16:			num_random_opinions: 	8202044
      From worker 16:			num_biased_opinions: 	2735273
      From worker 16:		num_both_changed: 		422581
      From worker 16:	
      From worker 16:	data processed and exported
      From worker 16:	
      From worker 16:	starting b_1.0_c_0.2_N_40_M_3_K_1_P_2_beta_0.001_u_0.001_v_0.625_p_0.5_ϵ_1.0_gens_20000000_210216-093353.494
      From worker 4:	replicate complete, ran 20000000 generations:
      From worker 4:	
      From worker 4:		num_imitating:			17504806
      From worker 4:		num_not_imitating:		2495194
      From worker 4:		num_strategies_changed:  	506527
      From worker 4:			num_random_strategies: 	17665
      From worker 4:		num_sets_changed: 		1090615
      From worker 4:			num_random_opinions: 	29219
      From worker 4:			num_biased_opinions: 	9649
      From worker 4:		num_both_changed: 		57900
      From worker 4:	
      From worker 4:	data processed and exported
      From worker 4:	
      From worker 4:	starting b_1.0_c_0.2_N_40_M_3_K_1_P_2_beta_0.001_u_0.001_v_0.0022360679774997894_p_0.5_ϵ_1.0_gens_20000000_210216-093353.494
      From worker 12:	replicate complete, ran 20000000 generations:
      From worker 12:	
      From worker 12:		num_imitating:			15002014
      From worker 12:		num_not_imitating:		4997986
      From worker 12:		num_strategies_changed:  	436933
      From worker 12:			num_random_strategies: 	15135
      From worker 12:		num_sets_changed: 		10504810
      From worker 12:			num_random_opinions: 	937765
      From worker 12:			num_biased_opinions: 	937680
      From worker 12:		num_both_changed: 		353539
      From worker 12:	
      From worker 12:	data processed and exported
      From worker 12:	
      From worker 12:	starting b_1.0_c_0.2_N_40_M_3_K_1_P_2_beta_0.001_u_0.001_v_0.125_p_0.75_ϵ_1.0_gens_20000000_210216-093353.494
      From worker 9:	replicate complete, ran 20000000 generations:
      From worker 9:	
      From worker 9:		num_imitating:			20000000
      From worker 9:		num_not_imitating:		0
      From worker 9:		num_strategies_changed:  	561674
      From worker 9:			num_random_strategies: 	20076
      From worker 9:		num_sets_changed: 		8221270
      From worker 9:			num_random_opinions: 	498868
      From worker 9:			num_biased_opinions: 	0
      From worker 9:		num_both_changed: 		337714
      From worker 9:	
      From worker 9:	data processed and exported
      From worker 9:	
      From worker 9:	starting b_1.0_c_0.2_N_40_M_3_K_1_P_2_beta_0.001_u_0.001_v_0.025_p_0.25_ϵ_1.0_gens_20000000_210216-093353.494
      From worker 5:	replicate complete, ran 20000000 generations:
      From worker 5:	
      From worker 5:		num_imitating:			14999520
      From worker 5:		num_not_imitating:		5000480
      From worker 5:		num_strategies_changed:  	432066
      From worker 5:			num_random_strategies: 	15144
      From worker 5:		num_sets_changed: 		1961545
      From worker 5:			num_random_opinions: 	37133
      From worker 5:			num_biased_opinions: 	37482
      From worker 5:		num_both_changed: 		110902
      From worker 5:	
      From worker 5:	data processed and exported
      From worker 5:	
      From worker 5:	starting b_1.0_c_0.2_N_40_M_3_K_1_P_2_beta_0.001_u_0.001_v_0.005_p_0.75_ϵ_1.0_gens_20000000_210216-093353.494
      From worker 6:	replicate complete, ran 20000000 generations:
      From worker 6:	
      From worker 6:		num_imitating:			12502195
      From worker 6:		num_not_imitating:		7497805
      From worker 6:		num_strategies_changed:  	356382
      From worker 6:			num_random_strategies: 	12535
      From worker 6:		num_sets_changed: 		1668988
      From worker 6:			num_random_opinions: 	15658
      From worker 6:			num_biased_opinions: 	46758
      From worker 6:		num_both_changed: 		87124
      From worker 6:	
      From worker 6:	data processed and exported
      From worker 6:	
      From worker 6:	starting b_1.0_c_0.2_N_40_M_3_K_1_P_2_beta_0.001_u_0.001_v_0.005_p_1.0_ϵ_1.0_gens_20000000_210216-093353.494
      From worker 10:	replicate complete, ran 20000000 generations:
      From worker 10:	
      From worker 10:		num_imitating:			17499689
      From worker 10:		num_not_imitating:		2500311
      From worker 10:		num_strategies_changed:  	487348
      From worker 10:			num_random_strategies: 	17538
      From worker 10:		num_sets_changed: 		10105346
      From worker 10:			num_random_opinions: 	734852
      From worker 10:			num_biased_opinions: 	243479
      From worker 10:		num_both_changed: 		366363
      From worker 10:	
      From worker 10:	data processed and exported
      From worker 10:	
      From worker 10:	starting b_1.0_c_0.2_N_40_M_3_K_1_P_2_beta_0.001_u_0.001_v_0.055901699437494755_p_0.5_ϵ_1.0_gens_20000000_210216-093353.494
      From worker 11:	replicate complete, ran 20000000 generations:
      From worker 11:	
      From worker 11:		num_imitating:			14998872
      From worker 11:		num_not_imitating:		5001128
      From worker 11:		num_strategies_changed:  	432760
      From worker 11:			num_random_strategies: 	14957
      From worker 11:		num_sets_changed: 		8631285
      From worker 11:			num_random_opinions: 	419955
      From worker 11:			num_biased_opinions: 	420299
      From worker 11:		num_both_changed: 		322843
      From worker 11:	
      From worker 11:	data processed and exported
      From worker 13:	replicate complete, ran 20000000 generations:
      From worker 13:	
      From worker 13:		num_imitating:			9997018
      From worker 13:		num_not_imitating:		10002982
      From worker 13:		num_strategies_changed:  	146124
      From worker 13:			num_random_strategies: 	9988
      From worker 13:		num_sets_changed: 		4922477
      From worker 13:			num_random_opinions: 	0
      From worker 13:			num_biased_opinions: 	1250220
      From worker 13:		num_both_changed: 		89514
      From worker 13:	
      From worker 11:	
      From worker 11:	starting b_1.0_c_0.2_N_40_M_3_K_1_P_2_beta_0.001_u_0.001_v_0.055901699437494755_p_0.75_ϵ_1.0_gens_20000000_210216-093353.494
      From worker 2:	replicate complete, ran 20000000 generations:
      From worker 2:	
      From worker 2:		num_imitating:			20000000
      From worker 2:		num_not_imitating:		0
      From worker 2:		num_strategies_changed:  	568334
      From worker 2:			num_random_strategies: 	20098
      From worker 2:		num_sets_changed: 		586317
      From worker 2:			num_random_opinions: 	19777
      From worker 2:			num_biased_opinions: 	0
      From worker 2:		num_both_changed: 		28851
      From worker 2:	
      From worker 13:	data processed and exported
      From worker 13:	
      From worker 13:	starting b_1.0_c_0.2_N_40_M_3_K_1_P_2_beta_0.001_u_0.001_v_0.2795084971874737_p_0.0_ϵ_1.0_gens_20000000_210216-093353.494
      From worker 2:	data processed and exported
      From worker 3:	replicate complete, ran 20000000 generations:
      From worker 3:	
      From worker 3:		num_imitating:			17500233
      From worker 3:		num_not_imitating:		2499767
      From worker 3:		num_strategies_changed:  	514238
      From worker 3:			num_random_strategies: 	17425
      From worker 3:		num_sets_changed: 		1148350
      From worker 3:			num_random_opinions: 	29414
      From worker 3:			num_biased_opinions: 	9639
      From worker 3:		num_both_changed: 		56518
      From worker 3:	
      From worker 7:	replicate complete, ran 20000000 generations:
      From worker 7:	
      From worker 7:		num_imitating:			10001421
      From worker 7:		num_not_imitating:		9998579
      From worker 7:		num_strategies_changed:  	138068
      From worker 7:			num_random_strategies: 	9833
      From worker 7:		num_sets_changed: 		1194634
      From worker 7:			num_random_opinions: 	0
      From worker 7:			num_biased_opinions: 	111539
      From worker 7:		num_both_changed: 		27559
      From worker 7:	
      From worker 3:	data processed and exported
      From worker 7:	data processed and exported
      From worker 7:	
      From worker 7:	starting b_1.0_c_0.2_N_40_M_3_K_1_P_2_beta_0.001_u_0.001_v_0.011180339887498947_p_0.0_ϵ_1.0_gens_20000000_210216-093353.494
      From worker 4:	replicate complete, ran 20000000 generations:
      From worker 4:	
      From worker 4:		num_imitating:			15002192
      From worker 4:		num_not_imitating:		4997808
      From worker 4:		num_strategies_changed:  	409208
      From worker 4:			num_random_strategies: 	15149
      From worker 4:		num_sets_changed: 		980127
      From worker 4:			num_random_opinions: 	17186
      From worker 4:			num_biased_opinions: 	16698
      From worker 4:		num_both_changed: 		58964
      From worker 4:	
      From worker 4:	data processed and exported
      From worker 8:	replicate complete, ran 20000000 generations:
      From worker 8:	
      From worker 8:		num_imitating:			20000000
      From worker 8:		num_not_imitating:		0
      From worker 8:		num_strategies_changed:  	562483
      From worker 8:			num_random_strategies: 	20173
      From worker 8:		num_sets_changed: 		8208518
      From worker 8:			num_random_opinions: 	501043
      From worker 8:			num_biased_opinions: 	0
      From worker 8:		num_both_changed: 		335129
      From worker 8:	
      From worker 8:	data processed and exported
      From worker 8:	
      From worker 8:	starting b_1.0_c_0.2_N_40_M_3_K_1_P_2_beta_0.001_u_0.001_v_0.025_p_0.25_ϵ_1.0_gens_20000000_210216-093353.494
      From worker 14:	replicate complete, ran 20000000 generations:
      From worker 14:	
      From worker 14:		num_imitating:			20000000
      From worker 14:		num_not_imitating:		0
      From worker 14:		num_strategies_changed:  	601840
      From worker 14:			num_random_strategies: 	19839
      From worker 14:		num_sets_changed: 		15653120
      From worker 14:			num_random_opinions: 	5591558
      From worker 14:			num_biased_opinions: 	0
      From worker 14:		num_both_changed: 		498646
      From worker 14:	
      From worker 14:	data processed and exported
      From worker 14:	
      From worker 14:	starting b_1.0_c_0.2_N_40_M_3_K_1_P_2_beta_0.001_u_0.001_v_0.2795084971874737_p_0.25_ϵ_1.0_gens_20000000_210216-093353.494
      From worker 5:	replicate complete, ran 20000000 generations:
      From worker 5:	
      From worker 5:		num_imitating:			12497617
      From worker 5:		num_not_imitating:		7502383
      From worker 5:		num_strategies_changed:  	361098
      From worker 5:			num_random_strategies: 	12388
      From worker 5:		num_sets_changed: 		1694724
      From worker 5:			num_random_opinions: 	15617
      From worker 5:			num_biased_opinions: 	46766
      From worker 5:		num_both_changed: 		97589
      From worker 5:	
      From worker 5:	data processed and exported
      From worker 6:	replicate complete, ran 20000000 generations:
      From worker 6:	
      From worker 6:		num_imitating:			10000994
      From worker 6:		num_not_imitating:		9999006
      From worker 6:		num_strategies_changed:  	151864
      From worker 6:			num_random_strategies: 	10148
      From worker 6:		num_sets_changed: 		604721
      From worker 6:			num_random_opinions: 	0
      From worker 6:			num_biased_opinions: 	50324
      From worker 6:		num_both_changed: 		15929
      From worker 6:	
      From worker 6:	data processed and exported
      From worker 15:	replicate complete, ran 20000000 generations:
      From worker 15:	
      From worker 15:		num_imitating:			17497950
      From worker 15:		num_not_imitating:		2502050
      From worker 15:		num_strategies_changed:  	500332
      From worker 15:			num_random_strategies: 	17394
      From worker 15:		num_sets_changed: 		14264489
      From worker 15:			num_random_opinions: 	8204039
      From worker 15:			num_biased_opinions: 	2735559
      From worker 15:		num_both_changed: 		413864
      From worker 15:	
      From worker 15:	data processed and exported
      From worker 15:	
      From worker 15:	starting b_1.0_c_0.2_N_40_M_3_K_1_P_2_beta_0.001_u_0.001_v_0.625_p_0.5_ϵ_1.0_gens_20000000_210216-093353.494
      From worker 12:	replicate complete, ran 20000000 generations:
      From worker 12:	
      From worker 12:		num_imitating:			12502565
      From worker 12:		num_not_imitating:		7497435
      From worker 12:		num_strategies_changed:  	340457
      From worker 12:			num_random_strategies: 	12335
      From worker 12:		num_sets_changed: 		8571296
      From worker 12:			num_random_opinions: 	391028
      From worker 12:			num_biased_opinions: 	1172819
      From worker 12:		num_both_changed: 		273541
      From worker 12:	
      From worker 12:	data processed and exported
      From worker 12:	
      From worker 12:	starting b_1.0_c_0.2_N_40_M_3_K_1_P_2_beta_0.001_u_0.001_v_0.125_p_1.0_ϵ_1.0_gens_20000000_210216-093353.494
      From worker 16:	replicate complete, ran 20000000 generations:
      From worker 16:	
      From worker 16:		num_imitating:			15000667
      From worker 16:		num_not_imitating:		4999333
      From worker 16:		num_strategies_changed:  	453383
      From worker 16:			num_random_strategies: 	15103
      From worker 16:		num_sets_changed: 		11957494
      From worker 16:			num_random_opinions: 	4681817
      From worker 16:			num_biased_opinions: 	4691418
      From worker 16:		num_both_changed: 		368015
      From worker 16:	
      From worker 16:	data processed and exported
      From worker 16:	
      From worker 16:	starting b_1.0_c_0.2_N_40_M_3_K_1_P_2_beta_0.001_u_0.001_v_0.625_p_0.75_ϵ_1.0_gens_20000000_210216-093353.494
      From worker 9:	replicate complete, ran 20000000 generations:
      From worker 9:	
      From worker 9:		num_imitating:			17499012
      From worker 9:		num_not_imitating:		2500988
      From worker 9:		num_strategies_changed:  	515030
      From worker 9:			num_random_strategies: 	17454
      From worker 9:		num_sets_changed: 		7171741
      From worker 9:			num_random_opinions: 	327749
      From worker 9:			num_biased_opinions: 	109290
      From worker 9:		num_both_changed: 		315695
      From worker 9:	
      From worker 9:	data processed and exported
      From worker 9:	
      From worker 9:	starting b_1.0_c_0.2_N_40_M_3_K_1_P_2_beta_0.001_u_0.001_v_0.025_p_0.5_ϵ_1.0_gens_20000000_210216-093353.494
      From worker 10:	replicate complete, ran 20000000 generations:
      From worker 10:	
      From worker 10:		num_imitating:			15003169
      From worker 10:		num_not_imitating:		4996831
      From worker 10:		num_strategies_changed:  	424060
      From worker 10:			num_random_strategies: 	14971
      From worker 10:		num_sets_changed: 		8637759
      From worker 10:			num_random_opinions: 	418427
      From worker 10:			num_biased_opinions: 	420932
      From worker 10:		num_both_changed: 		317077
      From worker 10:	
      From worker 10:	data processed and exported
      From worker 10:	
      From worker 10:	starting b_1.0_c_0.2_N_40_M_3_K_1_P_2_beta_0.001_u_0.001_v_0.055901699437494755_p_0.75_ϵ_1.0_gens_20000000_210216-093353.494
      From worker 7:	replicate complete, ran 20000000 generations:
      From worker 7:	
      From worker 7:		num_imitating:			20000000
      From worker 7:		num_not_imitating:		0
      From worker 7:		num_strategies_changed:  	592254
      From worker 7:			num_random_strategies: 	20130
      From worker 7:		num_sets_changed: 		4968600
      From worker 7:			num_random_opinions: 	224007
      From worker 7:			num_biased_opinions: 	0
      From worker 7:		num_both_changed: 		251901
      From worker 7:	
      From worker 7:	data processed and exported
      From worker 11:	replicate complete, ran 20000000 generations:
      From worker 11:	
      From worker 11:		num_imitating:			12495153
      From worker 11:		num_not_imitating:		7504847
      From worker 11:		num_strategies_changed:  	354303
      From worker 11:			num_random_strategies: 	12557
      From worker 11:		num_sets_changed: 		7055133
      From worker 11:			num_random_opinions: 	175389
      From worker 11:			num_biased_opinions: 	523199
      From worker 11:		num_both_changed: 		260885
      From worker 11:	
      From worker 11:	data processed and exported
      From worker 11:	
      From worker 11:	starting b_1.0_c_0.2_N_40_M_3_K_1_P_2_beta_0.001_u_0.001_v_0.055901699437494755_p_1.0_ϵ_1.0_gens_20000000_210216-093353.494
      From worker 8:	replicate complete, ran 20000000 generations:
      From worker 8:	
      From worker 8:		num_imitating:			17498772
      From worker 8:		num_not_imitating:		2501228
      From worker 8:		num_strategies_changed:  	506680
      From worker 8:			num_random_strategies: 	17283
      From worker 8:		num_sets_changed: 		7149593
      From worker 8:			num_random_opinions: 	326922
      From worker 8:			num_biased_opinions: 	109087
      From worker 8:		num_both_changed: 		303943
      From worker 8:	
      From worker 8:	data processed and exported
      From worker 12:	replicate complete, ran 20000000 generations:
      From worker 12:	
      From worker 12:		num_imitating:			10001847
      From worker 12:		num_not_imitating:		9998153
      From worker 12:		num_strategies_changed:  	148411
      From worker 12:			num_random_strategies: 	10027
      From worker 12:		num_sets_changed: 		4921396
      From worker 12:			num_random_opinions: 	0
      From worker 12:			num_biased_opinions: 	1249819
      From worker 12:		num_both_changed: 		91137
      From worker 12:	
      From worker 12:	data processed and exported
      From worker 13:	replicate complete, ran 20000000 generations:
      From worker 13:	
      From worker 13:		num_imitating:			20000000
      From worker 13:		num_not_imitating:		0
      From worker 13:		num_strategies_changed:  	591470
      From worker 13:			num_random_strategies: 	20139
      From worker 13:		num_sets_changed: 		15650452
      From worker 13:			num_random_opinions: 	5589887
      From worker 13:			num_biased_opinions: 	0
      From worker 13:		num_both_changed: 		489488
      From worker 13:	
      From worker 12:	
      From worker 12:	starting b_1.0_c_0.2_N_40_M_3_K_1_P_2_beta_0.001_u_0.001_v_0.125_p_0.0_ϵ_1.0_gens_20000000_210216-093353.494
      From worker 13:	data processed and exported
      From worker 13:	
      From worker 13:	starting b_1.0_c_0.2_N_40_M_3_K_1_P_2_beta_0.001_u_0.001_v_0.2795084971874737_p_0.25_ϵ_1.0_gens_20000000_210216-093353.494
      From worker 14:	replicate complete, ran 20000000 generations:
      From worker 14:	
      From worker 14:		num_imitating:			17499090
      From worker 14:		num_not_imitating:		2500910
      From worker 14:		num_strategies_changed:  	506989
      From worker 14:			num_random_strategies: 	17622
      From worker 14:		num_sets_changed: 		13637313
      From worker 14:			num_random_opinions: 	3668871
      From worker 14:			num_biased_opinions: 	1222294
      From worker 14:		num_both_changed: 		419928
      From worker 14:	
      From worker 14:	data processed and exported
      From worker 14:	
      From worker 14:	starting b_1.0_c_0.2_N_40_M_3_K_1_P_2_beta_0.001_u_0.001_v_0.2795084971874737_p_0.5_ϵ_1.0_gens_20000000_210216-093353.494
      From worker 9:	replicate complete, ran 20000000 generations:
      From worker 9:	
      From worker 9:		num_imitating:			14995209
      From worker 9:		num_not_imitating:		5004791
      From worker 9:		num_strategies_changed:  	442537
      From worker 9:			num_random_strategies: 	14835
      From worker 9:		num_sets_changed: 		6134887
      From worker 9:			num_random_opinions: 	187391
      From worker 9:			num_biased_opinions: 	187653
      From worker 9:		num_both_changed: 		272104
      From worker 9:	
      From worker 9:	data processed and exported
      From worker 16:	replicate complete, ran 20000000 generations:
      From worker 16:	
      From worker 16:		num_imitating:			12501974
      From worker 16:		num_not_imitating:		7498026
      From worker 16:		num_strategies_changed:  	352583
      From worker 16:			num_random_strategies: 	12539
      From worker 16:		num_sets_changed: 		9446425
      From worker 16:			num_random_opinions: 	1951582
      From worker 16:			num_biased_opinions: 	5862325
      From worker 16:		num_both_changed: 		272318
      From worker 16:	
      From worker 16:	data processed and exported
      From worker 16:	
      From worker 16:	starting b_1.0_c_0.2_N_40_M_3_K_1_P_2_beta_0.001_u_0.001_v_0.625_p_1.0_ϵ_1.0_gens_20000000_210216-093353.494
      From worker 15:	replicate complete, ran 20000000 generations:
      From worker 15:	
      From worker 15:		num_imitating:			15003386
      From worker 15:		num_not_imitating:		4996614
      From worker 15:		num_strategies_changed:  	441154
      From worker 15:			num_random_strategies: 	15008
      From worker 15:		num_sets_changed: 		11960421
      From worker 15:			num_random_opinions: 	4688206
      From worker 15:			num_biased_opinions: 	4689597
      From worker 15:		num_both_changed: 		358014
      From worker 15:	
      From worker 15:	data processed and exported
      From worker 15:	
      From worker 15:	starting b_1.0_c_0.2_N_40_M_3_K_1_P_2_beta_0.001_u_0.001_v_0.625_p_0.75_ϵ_1.0_gens_20000000_210216-093353.494
      From worker 11:	replicate complete, ran 20000000 generations:
      From worker 11:	
      From worker 11:		num_imitating:			10000303
      From worker 11:		num_not_imitating:		9999697
      From worker 11:		num_strategies_changed:  	144255
      From worker 11:			num_random_strategies: 	9899
      From worker 11:		num_sets_changed: 		3606039
      From worker 11:			num_random_opinions: 	0
      From worker 11:			num_biased_opinions: 	558210
      From worker 11:		num_both_changed: 		75402
      From worker 11:	
      From worker 11:	data processed and exported
      From worker 10:	replicate complete, ran 20000000 generations:
      From worker 10:	
      From worker 10:		num_imitating:			12503323
      From worker 10:		num_not_imitating:		7496677
      From worker 10:		num_strategies_changed:  	349588
      From worker 10:			num_random_strategies: 	12619
      From worker 10:		num_sets_changed: 		7113396
      From worker 10:			num_random_opinions: 	175222
      From worker 10:			num_biased_opinions: 	524163
      From worker 10:		num_both_changed: 		262116
      From worker 10:	
      From worker 10:	data processed and exported
      From worker 16:	replicate complete, ran 20000000 generations:
      From worker 16:	
      From worker 16:		num_imitating:			9999659
      From worker 16:		num_not_imitating:		10000341
      From worker 16:		num_strategies_changed:  	144603
      From worker 16:			num_random_strategies: 	10099
      From worker 16:		num_sets_changed: 		6472195
      From worker 16:			num_random_opinions: 	0
 Activating environment at `/tigress/mk28/CooperationPolarization2/Project.toml`
 Activating environment at `/tigress/mk28/CooperationPolarization2/Project.toml`
      From worker 16:			num_biased_opinions: 	6249830
      From worker 16:		num_both_changed: 		96416
      From worker 16:	
      From worker 16:	data processed and exported
      From worker 13:	replicate complete, ran 20000000 generations:
      From worker 13:	
      From worker 13:		num_imitating:			17500160
      From worker 13:		num_not_imitating:		2499840
      From worker 13:		num_strategies_changed:  	533113
      From worker 13:			num_random_strategies: 	17686
      From worker 13:		num_sets_changed: 		13638443
      From worker 13:			num_random_opinions: 	3665801
      From worker 13:			num_biased_opinions: 	1221793
      From worker 13:		num_both_changed: 		441531
      From worker 13:	
      From worker 13:	data processed and exported
      From worker 15:	replicate complete, ran 20000000 generations:
      From worker 15:	
      From worker 15:		num_imitating:			12498392
      From worker 15:		num_not_imitating:		7501608
      From worker 15:		num_strategies_changed:  	349224
      From worker 15:			num_random_strategies: 	12526
      From worker 15:		num_sets_changed: 		9443993
      From worker 15:			num_random_opinions: 	1951594
      From worker 15:			num_biased_opinions: 	5860206
      From worker 15:		num_both_changed: 		270275
      From worker 15:	
      From worker 12:	replicate complete, ran 20000000 generations:
      From worker 12:	
      From worker 12:		num_imitating:			20000000
      From worker 12:		num_not_imitating:		0
      From worker 12:		num_strategies_changed:  	581985
      From worker 12:			num_random_strategies: 	19931
      From worker 12:		num_sets_changed: 		14155200
      From worker 12:			num_random_opinions: 	2502161
      From worker 12:			num_biased_opinions: 	0
      From worker 12:		num_both_changed: 		470792
      From worker 12:	
      From worker 15:	data processed and exported
      From worker 12:	data processed and exported
      From worker 14:	replicate complete, ran 20000000 generations:
      From worker 14:	
      From worker 14:		num_imitating:			15000144
      From worker 14:		num_not_imitating:		4999856
      From worker 14:		num_strategies_changed:  	417004
      From worker 14:			num_random_strategies: 	14862
      From worker 14:		num_sets_changed: 		11573236
      From worker 14:			num_random_opinions: 	2095414
      From worker 14:			num_biased_opinions: 	2097534
      From worker 14:		num_both_changed: 		343809
      From worker 14:	
      From worker 14:	data processed and exported
10419.960107 seconds (2.69 M allocations: 120.538 MiB, 0.00% gc time)
