packages loaded
      From worker 4:	 Activating environment at `/tigress/mk28/CooperationPolarization2/Project.toml`
      From worker 8:	 Activating environment at `/tigress/mk28/CooperationPolarization2/Project.toml`
      From worker 3:	 Activating environment at `/tigress/mk28/CooperationPolarization2/Project.toml`
      From worker 6:	 Activating environment at `/tigress/mk28/CooperationPolarization2/Project.toml`
      From worker 5:	 Activating environment at `/tigress/mk28/CooperationPolarization2/Project.toml`
      From worker 15:	 Activating environment at `/tigress/mk28/CooperationPolarization2/Project.toml`
      From worker 10:	 Activating environment at `/tigress/mk28/CooperationPolarization2/Project.toml`
      From worker 13:	 Activating environment at `/tigress/mk28/CooperationPolarization2/Project.toml`
      From worker 12:	 Activating environment at `/tigress/mk28/CooperationPolarization2/Project.toml`
      From worker 16:	 Activating environment at `/tigress/mk28/CooperationPolarization2/Project.toml`
      From worker 9:	 Activating environment at `/tigress/mk28/CooperationPolarization2/Project.toml`
      From worker 11:	 Activating environment at `/tigress/mk28/CooperationPolarization2/Project.toml`
      From worker 14:	 Activating environment at `/tigress/mk28/CooperationPolarization2/Project.toml`
      From worker 2:	 Activating environment at `/tigress/mk28/CooperationPolarization2/Project.toml`
      From worker 7:	 Activating environment at `/tigress/mk28/CooperationPolarization2/Project.toml`
      From worker 4:	packages loaded
      From worker 3:	packages loaded
      From worker 15:	packages loaded
      From worker 9:	packages loaded
      From worker 16:	packages loaded
      From worker 5:	packages loaded
      From worker 13:	packages loaded
      From worker 10:	packages loaded
      From worker 11:	packages loaded
      From worker 12:	packages loaded
      From worker 14:	packages loaded
      From worker 7:	packages loaded
      From worker 6:	packages loaded
      From worker 8:	packages loaded
      From worker 2:	packages loaded
parameters defined
      From worker 6:	
      From worker 6:	starting b_1.0_c_0.2_N_40_M_2_K_2_P_2_beta_0.001_u_0.001_v_0.005_p_1.0_ϵ_1.0_gens_20000000_210221-011620.873
      From worker 14:	
      From worker 14:	starting b_1.0_c_0.2_N_40_M_2_K_2_P_2_beta_0.001_u_0.001_v_0.2795084971874737_p_0.5_ϵ_1.0_gens_20000000_210221-011620.873
      From worker 16:	
      From worker 16:	starting b_1.0_c_0.2_N_40_M_2_K_2_P_2_beta_0.001_u_0.001_v_0.625_p_1.0_ϵ_1.0_gens_20000000_210221-011620.873
      From worker 5:	
      From worker 5:	starting b_1.0_c_0.2_N_40_M_2_K_2_P_2_beta_0.001_u_0.001_v_0.0022360679774997894_p_0.75_ϵ_1.0_gens_20000000_210221-011620.873
      From worker 11:	
      From worker 11:	starting b_1.0_c_0.2_N_40_M_2_K_2_P_2_beta_0.001_u_0.001_v_0.055901699437494755_p_1.0_ϵ_1.0_gens_20000000_210221-011620.873
      From worker 3:	
      From worker 3:	starting b_1.0_c_0.2_N_40_M_2_K_2_P_2_beta_0.001_u_0.001_v_0.001_p_0.25_ϵ_1.0_gens_20000000_210221-011620.873
      From worker 12:	
      From worker 12:	starting b_1.0_c_0.2_N_40_M_2_K_2_P_2_beta_0.001_u_0.001_v_0.125_p_0.0_ϵ_1.0_gens_20000000_210221-011620.873
      From worker 9:	
      From worker 9:	starting b_1.0_c_0.2_N_40_M_2_K_2_P_2_beta_0.001_u_0.001_v_0.025_p_0.5_ϵ_1.0_gens_20000000_210221-011620.873
      From worker 2:	
      From worker 2:	starting b_1.0_c_0.2_N_40_M_2_K_2_P_2_beta_0.001_u_0.001_v_0.001_p_0.0_ϵ_1.0_gens_20000000_210221-011620.873
      From worker 15:	
      From worker 15:	starting b_1.0_c_0.2_N_40_M_2_K_2_P_2_beta_0.001_u_0.001_v_0.2795084971874737_p_0.75_ϵ_1.0_gens_20000000_210221-011620.873
      From worker 13:	
      From worker 13:	starting b_1.0_c_0.2_N_40_M_2_K_2_P_2_beta_0.001_u_0.001_v_0.125_p_0.25_ϵ_1.0_gens_20000000_210221-011620.873
      From worker 10:	
      From worker 10:	starting b_1.0_c_0.2_N_40_M_2_K_2_P_2_beta_0.001_u_0.001_v_0.025_p_0.75_ϵ_1.0_gens_20000000_210221-011620.873
      From worker 4:	
      From worker 4:	starting b_1.0_c_0.2_N_40_M_2_K_2_P_2_beta_0.001_u_0.001_v_0.0022360679774997894_p_0.5_ϵ_1.0_gens_20000000_210221-011620.873
      From worker 7:	
      From worker 7:	starting b_1.0_c_0.2_N_40_M_2_K_2_P_2_beta_0.001_u_0.001_v_0.011180339887498947_p_0.0_ϵ_1.0_gens_20000000_210221-011620.873
      From worker 8:	
      From worker 8:	starting b_1.0_c_0.2_N_40_M_2_K_2_P_2_beta_0.001_u_0.001_v_0.011180339887498947_p_0.25_ϵ_1.0_gens_20000000_210221-011620.873
      From worker 16:	replicate complete, ran 20000000 generations:
      From worker 16:	
      From worker 16:		num_imitating:			9999883
      From worker 16:		num_not_imitating:		10000117
      From worker 16:		num_strategies_changed:  	147975
      From worker 16:			num_random_strategies: 	10070
      From worker 16:		num_sets_changed: 		0
      From worker 16:			num_random_opinions: 	0
      From worker 16:			num_biased_opinions: 	6251071
      From worker 16:		num_both_changed: 		0
      From worker 16:	
      From worker 16:	data processed and exported
      From worker 16:	
      From worker 16:	starting b_1.0_c_0.2_N_40_M_2_K_2_P_2_beta_0.001_u_0.001_v_0.625_p_0.0_ϵ_1.0_gens_20000000_210221-011620.873
      From worker 6:	replicate complete, ran 20000000 generations:
      From worker 6:	
      From worker 6:		num_imitating:			9999413
      From worker 6:		num_not_imitating:		10000587
      From worker 6:		num_strategies_changed:  	140833
      From worker 6:			num_random_strategies: 	9967
      From worker 6:		num_sets_changed: 		0
      From worker 6:			num_random_opinions: 	0
      From worker 6:			num_biased_opinions: 	49625
      From worker 6:		num_both_changed: 		0
      From worker 6:	
      From worker 11:	replicate complete, ran 20000000 generations:
      From worker 11:	
      From worker 11:		num_imitating:			10000087
      From worker 11:		num_not_imitating:		9999913
      From worker 11:		num_strategies_changed:  	153883
      From worker 11:			num_random_strategies: 	10162
      From worker 11:		num_sets_changed: 		0
      From worker 11:			num_random_opinions: 	0
      From worker 11:			num_biased_opinions: 	559871
      From worker 11:		num_both_changed: 		0
      From worker 11:	
      From worker 6:	data processed and exported
      From worker 6:	
      From worker 6:	starting b_1.0_c_0.2_N_40_M_2_K_2_P_2_beta_0.001_u_0.001_v_0.005_p_0.0_ϵ_1.0_gens_20000000_210221-011620.873
      From worker 11:	data processed and exported
      From worker 11:	
      From worker 11:	starting b_1.0_c_0.2_N_40_M_2_K_2_P_2_beta_0.001_u_0.001_v_0.055901699437494755_p_0.0_ϵ_1.0_gens_20000000_210221-011620.873
      From worker 2:	replicate complete, ran 20000000 generations:
      From worker 2:	
      From worker 2:		num_imitating:			20000000
      From worker 2:		num_not_imitating:		0
      From worker 2:		num_strategies_changed:  	565895
      From worker 2:			num_random_strategies: 	19972
      From worker 2:		num_sets_changed: 		586705
      From worker 2:			num_random_opinions: 	19827
      From worker 2:			num_biased_opinions: 	0
      From worker 2:		num_both_changed: 		26466
      From worker 2:	
      From worker 3:	replicate complete, ran 20000000 generations:
      From worker 3:	
      From worker 3:		num_imitating:			17501276
      From worker 3:		num_not_imitating:		2498724
      From worker 3:		num_strategies_changed:  	508035
      From worker 3:			num_random_strategies: 	17478
      From worker 3:		num_sets_changed: 		508589
      From worker 3:			num_random_opinions: 	13352
      From worker 3:			num_biased_opinions: 	4380
      From worker 3:		num_both_changed: 		28400
      From worker 3:	
      From worker 2:	data processed and exported
      From worker 2:	
      From worker 2:	starting b_1.0_c_0.2_N_40_M_2_K_2_P_2_beta_0.001_u_0.001_v_0.001_p_0.25_ϵ_1.0_gens_20000000_210221-011620.873
      From worker 3:	data processed and exported
      From worker 3:	
      From worker 3:	starting b_1.0_c_0.2_N_40_M_2_K_2_P_2_beta_0.001_u_0.001_v_0.001_p_0.5_ϵ_1.0_gens_20000000_210221-011620.873
      From worker 5:	replicate complete, ran 20000000 generations:
      From worker 5:	
      From worker 5:		num_imitating:			12501151
      From worker 5:		num_not_imitating:		7498849
      From worker 5:		num_strategies_changed:  	362745
      From worker 5:			num_random_strategies: 	12737
      From worker 5:		num_sets_changed: 		656073
      From worker 5:			num_random_opinions: 	7058
      From worker 5:			num_biased_opinions: 	20893
      From worker 5:		num_both_changed: 		36377
      From worker 5:	
      From worker 5:	data processed and exported
      From worker 5:	
      From worker 5:	starting b_1.0_c_0.2_N_40_M_2_K_2_P_2_beta_0.001_u_0.001_v_0.0022360679774997894_p_1.0_ϵ_1.0_gens_20000000_210221-011620.873
      From worker 4:	replicate complete, ran 20000000 generations:
      From worker 4:	
      From worker 4:		num_imitating:			14998357
      From worker 4:		num_not_imitating:		5001643
      From worker 4:		num_strategies_changed:  	422723
      From worker 4:			num_random_strategies: 	15010
      From worker 4:		num_sets_changed: 		891128
      From worker 4:			num_random_opinions: 	16764
      From worker 4:			num_biased_opinions: 	17001
      From worker 4:		num_both_changed: 		51489
      From worker 4:	
      From worker 4:	data processed and exported
      From worker 4:	
      From worker 4:	starting b_1.0_c_0.2_N_40_M_2_K_2_P_2_beta_0.001_u_0.001_v_0.0022360679774997894_p_0.75_ϵ_1.0_gens_20000000_210221-011620.873
      From worker 10:	replicate complete, ran 20000000 generations:
      From worker 10:	
      From worker 10:		num_imitating:			12504046
      From worker 10:		num_not_imitating:		7495954
      From worker 10:		num_strategies_changed:  	360425
      From worker 10:			num_random_strategies: 	12463
      From worker 10:		num_sets_changed: 		3784604
      From worker 10:			num_random_opinions: 	77673
      From worker 10:			num_biased_opinions: 	234078
      From worker 10:		num_both_changed: 		165752
      From worker 10:	
      From worker 10:	data processed and exported
      From worker 10:	
      From worker 10:	starting b_1.0_c_0.2_N_40_M_2_K_2_P_2_beta_0.001_u_0.001_v_0.025_p_1.0_ϵ_1.0_gens_20000000_210221-011620.873
      From worker 8:	replicate complete, ran 20000000 generations:
      From worker 8:	
      From worker 8:		num_imitating:			17499337
      From worker 8:		num_not_imitating:		2500663
      From worker 8:		num_strategies_changed:  	506918
      From worker 8:			num_random_strategies: 	17615
      From worker 8:		num_sets_changed: 		3934424
      From worker 8:			num_random_opinions: 	146832
      From worker 8:			num_biased_opinions: 	48606
      From worker 8:		num_both_changed: 		188454
      From worker 8:	
      From worker 8:	data processed and exported
      From worker 8:	
      From worker 8:	starting b_1.0_c_0.2_N_40_M_2_K_2_P_2_beta_0.001_u_0.001_v_0.011180339887498947_p_0.5_ϵ_1.0_gens_20000000_210221-011620.873
      From worker 7:	replicate complete, ran 20000000 generations:
      From worker 7:	
      From worker 7:		num_imitating:			20000000
      From worker 7:		num_not_imitating:		0
      From worker 7:		num_strategies_changed:  	546718
      From worker 7:			num_random_strategies: 	19838
      From worker 7:		num_sets_changed: 		4694430
      From worker 7:			num_random_opinions: 	224243
      From worker 7:			num_biased_opinions: 	0
      From worker 7:		num_both_changed: 		211672
      From worker 7:	
      From worker 7:	data processed and exported
      From worker 7:	
      From worker 7:	starting b_1.0_c_0.2_N_40_M_2_K_2_P_2_beta_0.001_u_0.001_v_0.011180339887498947_p_0.25_ϵ_1.0_gens_20000000_210221-011620.873
      From worker 9:	replicate complete, ran 20000000 generations:
      From worker 9:	
      From worker 9:		num_imitating:			14997275
      From worker 9:		num_not_imitating:		5002725
      From worker 9:		num_strategies_changed:  	430407
      From worker 9:			num_random_strategies: 	14967
      From worker 9:		num_sets_changed: 		5181375
      From worker 9:			num_random_opinions: 	187689
      From worker 9:			num_biased_opinions: 	187250
      From worker 9:		num_both_changed: 		218228
      From worker 9:	
      From worker 9:	data processed and exported
      From worker 9:	
      From worker 9:	starting b_1.0_c_0.2_N_40_M_2_K_2_P_2_beta_0.001_u_0.001_v_0.025_p_0.75_ϵ_1.0_gens_20000000_210221-011620.873
      From worker 15:	replicate complete, ran 20000000 generations:
      From worker 15:	
      From worker 15:		num_imitating:			12500395
      From worker 15:		num_not_imitating:		7499605
      From worker 15:		num_strategies_changed:  	361278
      From worker 15:			num_random_strategies: 	12512
      From worker 15:		num_sets_changed: 		6249718
      From worker 15:			num_random_opinions: 	874300
      From worker 15:			num_biased_opinions: 	2618001
      From worker 15:		num_both_changed: 		197525
      From worker 15:	
      From worker 15:	data processed and exported
      From worker 15:	
      From worker 15:	starting b_1.0_c_0.2_N_40_M_2_K_2_P_2_beta_0.001_u_0.001_v_0.2795084971874737_p_1.0_ϵ_1.0_gens_20000000_210221-011620.873
      From worker 5:	replicate complete, ran 20000000 generations:
      From worker 5:	
      From worker 5:		num_imitating:			10000641
      From worker 5:		num_not_imitating:		9999359
      From worker 5:		num_strategies_changed:  	147610
      From worker 5:			num_random_strategies: 	9969
      From worker 5:		num_sets_changed: 		0
      From worker 5:			num_random_opinions: 	0
      From worker 5:			num_biased_opinions: 	22520
      From worker 5:		num_both_changed: 		0
      From worker 5:	
      From worker 5:	data processed and exported
      From worker 5:	
      From worker 5:	starting b_1.0_c_0.2_N_40_M_2_K_2_P_2_beta_0.001_u_0.001_v_0.005_p_0.0_ϵ_1.0_gens_20000000_210221-011620.873
      From worker 2:	replicate complete, ran 20000000 generations:
      From worker 2:	
      From worker 2:		num_imitating:			17500621
      From worker 2:		num_not_imitating:		2499379
      From worker 2:		num_strategies_changed:  	456239
      From worker 2:			num_random_strategies: 	17257
      From worker 2:		num_sets_changed: 		488219
      From worker 2:			num_random_opinions: 	13082
      From worker 2:			num_biased_opinions: 	4368
      From worker 2:		num_both_changed: 		22974
      From worker 2:	
      From worker 2:	data processed and exported
      From worker 2:	
      From worker 2:	starting b_1.0_c_0.2_N_40_M_2_K_2_P_2_beta_0.001_u_0.001_v_0.001_p_0.5_ϵ_1.0_gens_20000000_210221-011620.873
      From worker 3:	replicate complete, ran 20000000 generations:
      From worker 3:	
      From worker 3:		num_imitating:			14998337
      From worker 3:		num_not_imitating:		5001663
      From worker 3:		num_strategies_changed:  	412219
      From worker 3:			num_random_strategies: 	14815
      From worker 3:		num_sets_changed: 		412861
      From worker 3:			num_random_opinions: 	7532
      From worker 3:			num_biased_opinions: 	7444
      From worker 3:		num_both_changed: 		22957
      From worker 3:	
      From worker 3:	data processed and exported
      From worker 3:	
      From worker 3:	starting b_1.0_c_0.2_N_40_M_2_K_2_P_2_beta_0.001_u_0.001_v_0.001_p_0.75_ϵ_1.0_gens_20000000_210221-011620.873
      From worker 4:	replicate complete, ran 20000000 generations:
      From worker 4:	
      From worker 4:		num_imitating:			12503423
      From worker 4:		num_not_imitating:		7496577
      From worker 4:		num_strategies_changed:  	368158
      From worker 4:			num_random_strategies: 	12568
      From worker 4:		num_sets_changed: 		647116
      From worker 4:			num_random_opinions: 	6983
      From worker 4:			num_biased_opinions: 	20863
      From worker 4:		num_both_changed: 		31123
      From worker 4:	
      From worker 4:	data processed and exported
      From worker 4:	
      From worker 4:	starting b_1.0_c_0.2_N_40_M_2_K_2_P_2_beta_0.001_u_0.001_v_0.0022360679774997894_p_1.0_ϵ_1.0_gens_20000000_210221-011620.873
      From worker 6:	replicate complete, ran 20000000 generations:
      From worker 6:	
      From worker 6:		num_imitating:			20000000
      From worker 6:		num_not_imitating:		0
      From worker 6:		num_strategies_changed:  	552537
      From worker 6:			num_random_strategies: 	19809
      From worker 6:		num_sets_changed: 		2599651
      From worker 6:			num_random_opinions: 	99525
      From worker 6:			num_biased_opinions: 	0
      From worker 6:		num_both_changed: 		126025
      From worker 6:	
      From worker 6:	data processed and exported
      From worker 6:	
      From worker 6:	starting b_1.0_c_0.2_N_40_M_2_K_2_P_2_beta_0.001_u_0.001_v_0.005_p_0.25_ϵ_1.0_gens_20000000_210221-011620.873
      From worker 14:	replicate complete, ran 20000000 generations:
      From worker 14:	
      From worker 14:		num_imitating:			14998860
      From worker 14:		num_not_imitating:		5001140
      From worker 14:		num_strategies_changed:  	446002
      From worker 14:			num_random_strategies: 	15298
      From worker 14:		num_sets_changed: 		9381569
      From worker 14:			num_random_opinions: 	2094466
      From worker 14:			num_biased_opinions: 	2094760
      From worker 14:		num_both_changed: 		298758
      From worker 14:	
      From worker 14:	data processed and exported
      From worker 14:	
      From worker 14:	starting b_1.0_c_0.2_N_40_M_2_K_2_P_2_beta_0.001_u_0.001_v_0.2795084971874737_p_0.75_ϵ_1.0_gens_20000000_210221-011620.873
      From worker 10:	replicate complete, ran 20000000 generations:
      From worker 10:	
      From worker 10:		num_imitating:			9999802
      From worker 10:		num_not_imitating:		10000198
      From worker 10:		num_strategies_changed:  	147950
      From worker 10:			num_random_strategies: 	10092
      From worker 10:		num_sets_changed: 		0
      From worker 10:			num_random_opinions: 	0
      From worker 10:			num_biased_opinions: 	250863
      From worker 10:		num_both_changed: 		0
      From worker 10:	
      From worker 10:	data processed and exported
      From worker 10:	
      From worker 10:	starting b_1.0_c_0.2_N_40_M_2_K_2_P_2_beta_0.001_u_0.001_v_0.055901699437494755_p_0.0_ϵ_1.0_gens_20000000_210221-011620.873
      From worker 13:	replicate complete, ran 20000000 generations:
      From worker 13:	
      From worker 13:		num_imitating:			17500335
      From worker 13:		num_not_imitating:		2499665
      From worker 13:		num_strategies_changed:  	518051
      From worker 13:			num_random_strategies: 	17593
      From worker 13:		num_sets_changed: 		10884155
      From worker 13:			num_random_opinions: 	1638088
      From worker 13:			num_biased_opinions: 	546684
      From worker 13:		num_both_changed: 		370176
      From worker 13:	
      From worker 13:	data processed and exported
      From worker 13:	
      From worker 13:	starting b_1.0_c_0.2_N_40_M_2_K_2_P_2_beta_0.001_u_0.001_v_0.125_p_0.5_ϵ_1.0_gens_20000000_210221-011620.873
      From worker 15:	replicate complete, ran 20000000 generations:
      From worker 15:	
      From worker 15:		num_imitating:			9999266
      From worker 15:		num_not_imitating:		10000734
      From worker 15:		num_strategies_changed:  	143525
      From worker 15:			num_random_strategies: 	9977
      From worker 15:		num_sets_changed: 		0
      From worker 15:			num_random_opinions: 	0
      From worker 15:			num_biased_opinions: 	2795512
      From worker 15:		num_both_changed: 		0
      From worker 15:	
      From worker 15:	data processed and exported
      From worker 15:	
      From worker 15:	starting b_1.0_c_0.2_N_40_M_2_K_2_P_2_beta_0.001_u_0.001_v_0.625_p_0.0_ϵ_1.0_gens_20000000_210221-011620.873
      From worker 12:	replicate complete, ran 20000000 generations:
      From worker 12:	
      From worker 12:		num_imitating:			20000000
      From worker 12:		num_not_imitating:		0
      From worker 12:		num_strategies_changed:  	568060
      From worker 12:			num_random_strategies: 	20014
      From worker 12:		num_sets_changed: 		12760197
      From worker 12:			num_random_opinions: 	2502535
      From worker 12:			num_biased_opinions: 	0
      From worker 12:		num_both_changed: 		413796
      From worker 12:	
      From worker 12:	data processed and exported
      From worker 12:	
      From worker 12:	starting b_1.0_c_0.2_N_40_M_2_K_2_P_2_beta_0.001_u_0.001_v_0.125_p_0.25_ϵ_1.0_gens_20000000_210221-011620.873
      From worker 8:	replicate complete, ran 20000000 generations:
      From worker 8:	
      From worker 8:		num_imitating:			14997578
      From worker 8:		num_not_imitating:		5002422
      From worker 8:		num_strategies_changed:  	439788
      From worker 8:			num_random_strategies: 	14913
      From worker 8:		num_sets_changed: 		3238475
      From worker 8:			num_random_opinions: 	84100
      From worker 8:			num_biased_opinions: 	83876
      From worker 8:		num_both_changed: 		151036
      From worker 8:	
      From worker 8:	data processed and exported
      From worker 8:	
      From worker 8:	starting b_1.0_c_0.2_N_40_M_2_K_2_P_2_beta_0.001_u_0.001_v_0.011180339887498947_p_0.75_ϵ_1.0_gens_20000000_210221-011620.873
      From worker 2:	replicate complete, ran 20000000 generations:
      From worker 2:	
      From worker 2:		num_imitating:			14999730
      From worker 2:		num_not_imitating:		5000270
      From worker 2:		num_strategies_changed:  	420578
      From worker 2:			num_random_strategies: 	15087
      From worker 2:		num_sets_changed: 		384296
      From worker 2:			num_random_opinions: 	7421
      From worker 2:			num_biased_opinions: 	7418
      From worker 2:		num_both_changed: 		22628
      From worker 2:	
      From worker 2:	data processed and exported
      From worker 2:	
      From worker 2:	starting b_1.0_c_0.2_N_40_M_2_K_2_P_2_beta_0.001_u_0.001_v_0.001_p_0.75_ϵ_1.0_gens_20000000_210221-011620.873
      From worker 3:	replicate complete, ran 20000000 generations:
      From worker 3:	
      From worker 3:		num_imitating:			12499391
      From worker 3:		num_not_imitating:		7500609
      From worker 3:		num_strategies_changed:  	365197
      From worker 3:			num_random_strategies: 	12590
      From worker 3:		num_sets_changed: 		292711
      From worker 3:			num_random_opinions: 	3152
      From worker 3:			num_biased_opinions: 	9362
      From worker 3:		num_both_changed: 		19598
      From worker 3:	
      From worker 3:	data processed and exported
      From worker 3:	
      From worker 3:	starting b_1.0_c_0.2_N_40_M_2_K_2_P_2_beta_0.001_u_0.001_v_0.001_p_1.0_ϵ_1.0_gens_20000000_210221-011620.873
      From worker 4:	replicate complete, ran 20000000 generations:
      From worker 4:	
      From worker 4:		num_imitating:			10001651
      From worker 4:		num_not_imitating:		9998349
      From worker 4:		num_strategies_changed:  	145091
      From worker 4:			num_random_strategies: 	9986
      From worker 4:		num_sets_changed: 		0
      From worker 4:			num_random_opinions: 	0
      From worker 4:			num_biased_opinions: 	22148
      From worker 4:		num_both_changed: 		0
      From worker 4:	
      From worker 4:	data processed and exported
      From worker 4:	
      From worker 4:	starting b_1.0_c_0.2_N_40_M_2_K_2_P_2_beta_0.001_u_0.001_v_0.0022360679774997894_p_0.0_ϵ_1.0_gens_20000000_210221-011620.873
      From worker 7:	replicate complete, ran 20000000 generations:
      From worker 7:	
      From worker 7:		num_imitating:			17499497
      From worker 7:		num_not_imitating:		2500503
      From worker 7:		num_strategies_changed:  	495553
      From worker 7:			num_random_strategies: 	17293
      From worker 7:		num_sets_changed: 		4041418
      From worker 7:			num_random_opinions: 	147323
      From worker 7:			num_biased_opinions: 	48520
      From worker 7:		num_both_changed: 		184987
      From worker 7:	
      From worker 7:	data processed and exported
      From worker 7:	
      From worker 7:	starting b_1.0_c_0.2_N_40_M_2_K_2_P_2_beta_0.001_u_0.001_v_0.011180339887498947_p_0.5_ϵ_1.0_gens_20000000_210221-011620.873
      From worker 9:	replicate complete, ran 20000000 generations:
      From worker 9:	
      From worker 9:		num_imitating:			12501235
      From worker 9:		num_not_imitating:		7498765
      From worker 9:		num_strategies_changed:  	350817
      From worker 9:			num_random_strategies: 	12431
      From worker 9:		num_sets_changed: 		3737479
      From worker 9:			num_random_opinions: 	78212
      From worker 9:			num_biased_opinions: 	234929
      From worker 9:		num_both_changed: 		153316
      From worker 9:	
      From worker 9:	data processed and exported
      From worker 9:	
      From worker 9:	starting b_1.0_c_0.2_N_40_M_2_K_2_P_2_beta_0.001_u_0.001_v_0.025_p_1.0_ϵ_1.0_gens_20000000_210221-011620.873
      From worker 5:	replicate complete, ran 20000000 generations:
      From worker 5:	
      From worker 5:		num_imitating:			20000000
      From worker 5:		num_not_imitating:		0
      From worker 5:		num_strategies_changed:  	554391
      From worker 5:			num_random_strategies: 	19804
      From worker 5:		num_sets_changed: 		2553526
      From worker 5:			num_random_opinions: 	100234
      From worker 5:			num_biased_opinions: 	0
      From worker 5:		num_both_changed: 		124951
      From worker 5:	
      From worker 5:	data processed and exported
      From worker 5:	
      From worker 5:	starting b_1.0_c_0.2_N_40_M_2_K_2_P_2_beta_0.001_u_0.001_v_0.005_p_0.25_ϵ_1.0_gens_20000000_210221-011620.873
      From worker 11:	replicate complete, ran 20000000 generations:
      From worker 11:	
      From worker 11:		num_imitating:			20000000
      From worker 11:		num_not_imitating:		0
      From worker 11:		num_strategies_changed:  	550126
      From worker 11:			num_random_strategies: 	20159
      From worker 11:		num_sets_changed: 		10500682
      From worker 11:			num_random_opinions: 	1117528
      From worker 11:			num_biased_opinions: 	0
      From worker 11:		num_both_changed: 		370213
      From worker 11:	
      From worker 11:	data processed and exported
      From worker 11:	
      From worker 11:	starting b_1.0_c_0.2_N_40_M_2_K_2_P_2_beta_0.001_u_0.001_v_0.055901699437494755_p_0.25_ϵ_1.0_gens_20000000_210221-011620.873
      From worker 6:	replicate complete, ran 20000000 generations:
      From worker 6:	
      From worker 6:		num_imitating:			17501280
      From worker 6:		num_not_imitating:		2498720
      From worker 6:		num_strategies_changed:  	482097
      From worker 6:			num_random_strategies: 	17503
      From worker 6:		num_sets_changed: 		2212257
      From worker 6:			num_random_opinions: 	65610
      From worker 6:			num_biased_opinions: 	21972
      From worker 6:		num_both_changed: 		109935
      From worker 6:	
      From worker 6:	data processed and exported
      From worker 6:	
      From worker 6:	starting b_1.0_c_0.2_N_40_M_2_K_2_P_2_beta_0.001_u_0.001_v_0.005_p_0.5_ϵ_1.0_gens_20000000_210221-011620.873
      From worker 3:	replicate complete, ran 20000000 generations:
      From worker 3:	
      From worker 3:		num_imitating:			9999953
      From worker 3:		num_not_imitating:		10000047
      From worker 3:		num_strategies_changed:  	144348
      From worker 3:			num_random_strategies: 	9818
      From worker 3:		num_sets_changed: 		0
      From worker 3:			num_random_opinions: 	0
      From worker 3:			num_biased_opinions: 	9978
      From worker 3:		num_both_changed: 		0
      From worker 3:	
      From worker 3:	data processed and exported
      From worker 3:	
      From worker 3:	starting b_1.0_c_0.2_N_40_M_2_K_2_P_2_beta_0.001_u_0.001_v_0.0022360679774997894_p_0.0_ϵ_1.0_gens_20000000_210221-011620.873
      From worker 2:	replicate complete, ran 20000000 generations:
      From worker 2:	
      From worker 2:		num_imitating:			12500137
      From worker 2:		num_not_imitating:		7499863
      From worker 2:		num_strategies_changed:  	346604
      From worker 2:			num_random_strategies: 	12662
      From worker 2:		num_sets_changed: 		308130
      From worker 2:			num_random_opinions: 	3175
      From worker 2:			num_biased_opinions: 	9282
      From worker 2:		num_both_changed: 		15471
      From worker 2:	
      From worker 2:	data processed and exported
      From worker 2:	
      From worker 2:	starting b_1.0_c_0.2_N_40_M_2_K_2_P_2_beta_0.001_u_0.001_v_0.001_p_1.0_ϵ_1.0_gens_20000000_210221-011620.873
      From worker 9:	replicate complete, ran 20000000 generations:
      From worker 9:	
      From worker 9:		num_imitating:			10003324
      From worker 9:		num_not_imitating:		9996676
      From worker 9:		num_strategies_changed:  	144317
      From worker 9:			num_random_strategies: 	9931
      From worker 9:		num_sets_changed: 		0
      From worker 9:			num_random_opinions: 	0
      From worker 9:			num_biased_opinions: 	249679
      From worker 9:		num_both_changed: 		0
      From worker 9:	
      From worker 9:	data processed and exported
      From worker 9:	
      From worker 9:	starting b_1.0_c_0.2_N_40_M_2_K_2_P_2_beta_0.001_u_0.001_v_0.025_p_0.0_ϵ_1.0_gens_20000000_210221-011620.873
      From worker 16:	replicate complete, ran 20000000 generations:
      From worker 16:	
      From worker 16:		num_imitating:			20000000
      From worker 16:		num_not_imitating:		0
      From worker 16:		num_strategies_changed:  	559623
      From worker 16:			num_random_strategies: 	20086
      From worker 16:		num_sets_changed: 		14780216
      From worker 16:			num_random_opinions: 	12498029
      From worker 16:			num_biased_opinions: 	0
      From worker 16:		num_both_changed: 		419782
      From worker 16:	
      From worker 16:	data processed and exported
      From worker 16:	
      From worker 16:	starting b_1.0_c_0.2_N_40_M_2_K_2_P_2_beta_0.001_u_0.001_v_0.625_p_0.25_ϵ_1.0_gens_20000000_210221-011620.873
      From worker 14:	replicate complete, ran 20000000 generations:
      From worker 14:	
      From worker 14:		num_imitating:			12502371
      From worker 14:		num_not_imitating:		7497629
      From worker 14:		num_strategies_changed:  	368444
      From worker 14:			num_random_strategies: 	12391
      From worker 14:		num_sets_changed: 		6239867
      From worker 14:			num_random_opinions: 	874019
      From worker 14:			num_biased_opinions: 	2619852
      From worker 14:		num_both_changed: 		201598
      From worker 14:	
      From worker 14:	data processed and exported
      From worker 14:	
      From worker 14:	starting b_1.0_c_0.2_N_40_M_2_K_2_P_2_beta_0.001_u_0.001_v_0.2795084971874737_p_1.0_ϵ_1.0_gens_20000000_210221-011620.873
      From worker 4:	replicate complete, ran 20000000 generations:
      From worker 4:	
      From worker 4:		num_imitating:			20000000
      From worker 4:		num_not_imitating:		0
      From worker 4:		num_strategies_changed:  	573847
      From worker 4:			num_random_strategies: 	19809
      From worker 4:		num_sets_changed: 		1284573
      From worker 4:			num_random_opinions: 	45006
      From worker 4:			num_biased_opinions: 	0
      From worker 4:		num_both_changed: 		64448
      From worker 4:	
      From worker 4:	data processed and exported
      From worker 4:	
      From worker 4:	starting b_1.0_c_0.2_N_40_M_2_K_2_P_2_beta_0.001_u_0.001_v_0.0022360679774997894_p_0.25_ϵ_1.0_gens_20000000_210221-011620.873
      From worker 8:	replicate complete, ran 20000000 generations:
      From worker 8:	
      From worker 8:		num_imitating:			12498318
      From worker 8:		num_not_imitating:		7501682
      From worker 8:		num_strategies_changed:  	350721
      From worker 8:			num_random_strategies: 	12541
      From worker 8:		num_sets_changed: 		2403438
      From worker 8:			num_random_opinions: 	34867
      From worker 8:			num_biased_opinions: 	104652
      From worker 8:		num_both_changed: 		113387
      From worker 8:	
      From worker 8:	data processed and exported
      From worker 8:	
      From worker 8:	starting b_1.0_c_0.2_N_40_M_2_K_2_P_2_beta_0.001_u_0.001_v_0.011180339887498947_p_1.0_ϵ_1.0_gens_20000000_210221-011620.873
      From worker 5:	replicate complete, ran 20000000 generations:
      From worker 5:	
      From worker 5:		num_imitating:			17501469
      From worker 5:		num_not_imitating:		2498531
      From worker 5:		num_strategies_changed:  	455326
      From worker 5:			num_random_strategies: 	17501
      From worker 5:		num_sets_changed: 		2221308
      From worker 5:			num_random_opinions: 	65256
      From worker 5:			num_biased_opinions: 	21930
      From worker 5:		num_both_changed: 		96083
      From worker 5:	
      From worker 5:	data processed and exported
      From worker 5:	
      From worker 5:	starting b_1.0_c_0.2_N_40_M_2_K_2_P_2_beta_0.001_u_0.001_v_0.005_p_0.5_ϵ_1.0_gens_20000000_210221-011620.873
      From worker 7:	replicate complete, ran 20000000 generations:
      From worker 7:	
      From worker 7:		num_imitating:			15002603
      From worker 7:		num_not_imitating:		4997397
      From worker 7:		num_strategies_changed:  	408308
      From worker 7:			num_random_strategies: 	15183
      From worker 7:		num_sets_changed: 		3178164
      From worker 7:			num_random_opinions: 	83705
      From worker 7:			num_biased_opinions: 	84490
      From worker 7:		num_both_changed: 		140205
      From worker 7:	
      From worker 7:	data processed and exported
      From worker 7:	
      From worker 7:	starting b_1.0_c_0.2_N_40_M_2_K_2_P_2_beta_0.001_u_0.001_v_0.011180339887498947_p_0.75_ϵ_1.0_gens_20000000_210221-011620.873
      From worker 6:	replicate complete, ran 20000000 generations:
      From worker 6:	
      From worker 6:		num_imitating:			15001149
      From worker 6:		num_not_imitating:		4998851
      From worker 6:		num_strategies_changed:  	418065
      From worker 6:			num_random_strategies: 	15004
      From worker 6:		num_sets_changed: 		1783890
      From worker 6:			num_random_opinions: 	37802
      From worker 6:			num_biased_opinions: 	37526
      From worker 6:		num_both_changed: 		83315
      From worker 6:	
      From worker 6:	data processed and exported
      From worker 6:	
      From worker 6:	starting b_1.0_c_0.2_N_40_M_2_K_2_P_2_beta_0.001_u_0.001_v_0.005_p_0.75_ϵ_1.0_gens_20000000_210221-011620.873
      From worker 13:	replicate complete, ran 20000000 generations:
      From worker 13:	
      From worker 13:		num_imitating:			15000811
      From worker 13:		num_not_imitating:		4999189
      From worker 13:		num_strategies_changed:  	416975
      From worker 13:			num_random_strategies: 	14993
      From worker 13:		num_sets_changed: 		8642239
      From worker 13:			num_random_opinions: 	937468
      From worker 13:			num_biased_opinions: 	937659
      From worker 13:		num_both_changed: 		278289
      From worker 13:	
      From worker 13:	data processed and exported
      From worker 13:	
      From worker 13:	starting b_1.0_c_0.2_N_40_M_2_K_2_P_2_beta_0.001_u_0.001_v_0.125_p_0.75_ϵ_1.0_gens_20000000_210221-011620.873
      From worker 10:	replicate complete, ran 20000000 generations:
      From worker 10:	
      From worker 10:		num_imitating:			20000000
      From worker 10:		num_not_imitating:		0
      From worker 10:		num_strategies_changed:  	564630
      From worker 10:			num_random_strategies: 	20082
      From worker 10:		num_sets_changed: 		10509366
      From worker 10:			num_random_opinions: 	1117274
      From worker 10:			num_biased_opinions: 	0
      From worker 10:		num_both_changed: 		379719
      From worker 10:	
      From worker 10:	data processed and exported
      From worker 10:	
      From worker 10:	starting b_1.0_c_0.2_N_40_M_2_K_2_P_2_beta_0.001_u_0.001_v_0.055901699437494755_p_0.25_ϵ_1.0_gens_20000000_210221-011620.873
      From worker 2:	replicate complete, ran 20000000 generations:
      From worker 2:	
      From worker 2:		num_imitating:			9996484
      From worker 2:		num_not_imitating:		10003516
      From worker 2:		num_strategies_changed:  	145498
      From worker 2:			num_random_strategies: 	9956
      From worker 2:		num_sets_changed: 		0
      From worker 2:			num_random_opinions: 	0
      From worker 2:			num_biased_opinions: 	9934
      From worker 2:		num_both_changed: 		0
      From worker 2:	
      From worker 2:	data processed and exported
      From worker 2:	
      From worker 2:	starting b_1.0_c_0.2_N_40_M_2_K_2_P_2_beta_0.001_u_0.001_v_0.001_p_0.0_ϵ_1.0_gens_20000000_210221-011620.873
      From worker 3:	replicate complete, ran 20000000 generations:
      From worker 3:	
      From worker 3:		num_imitating:			20000000
      From worker 3:		num_not_imitating:		0
      From worker 3:		num_strategies_changed:  	572791
      From worker 3:			num_random_strategies: 	20014
      From worker 3:		num_sets_changed: 		1311825
      From worker 3:			num_random_opinions: 	44969
      From worker 3:			num_biased_opinions: 	0
      From worker 3:		num_both_changed: 		66814
      From worker 3:	
      From worker 3:	data processed and exported
      From worker 3:	
      From worker 3:	starting b_1.0_c_0.2_N_40_M_2_K_2_P_2_beta_0.001_u_0.001_v_0.0022360679774997894_p_0.25_ϵ_1.0_gens_20000000_210221-011620.873
      From worker 14:	replicate complete, ran 20000000 generations:
      From worker 14:	
      From worker 14:		num_imitating:			9998870
      From worker 14:		num_not_imitating:		10001130
      From worker 14:		num_strategies_changed:  	145577
      From worker 14:			num_random_strategies: 	10074
      From worker 14:		num_sets_changed: 		0
      From worker 14:			num_random_opinions: 	0
      From worker 14:			num_biased_opinions: 	2794626
      From worker 14:		num_both_changed: 		0
      From worker 14:	
      From worker 14:	data processed and exported
      From worker 14:	
      From worker 14:	starting b_1.0_c_0.2_N_40_M_2_K_2_P_2_beta_0.001_u_0.001_v_0.2795084971874737_p_0.0_ϵ_1.0_gens_20000000_210221-011620.873
      From worker 8:	replicate complete, ran 20000000 generations:
      From worker 8:	
      From worker 8:		num_imitating:			9998712
      From worker 8:		num_not_imitating:		10001288
      From worker 8:		num_strategies_changed:  	160452
      From worker 8:			num_random_strategies: 	10260
      From worker 8:		num_sets_changed: 		0
      From worker 8:			num_random_opinions: 	0
      From worker 8:			num_biased_opinions: 	112311
      From worker 8:		num_both_changed: 		0
      From worker 8:	
      From worker 8:	data processed and exported
      From worker 8:	
      From worker 8:	starting b_1.0_c_0.2_N_40_M_2_K_2_P_2_beta_0.001_u_0.001_v_0.025_p_0.0_ϵ_1.0_gens_20000000_210221-011620.873
      From worker 4:	replicate complete, ran 20000000 generations:
      From worker 4:	
      From worker 4:		num_imitating:			17501196
      From worker 4:		num_not_imitating:		2498804
      From worker 4:		num_strategies_changed:  	502674
      From worker 4:			num_random_strategies: 	17592
      From worker 4:		num_sets_changed: 		1083009
      From worker 4:			num_random_opinions: 	29605
      From worker 4:			num_biased_opinions: 	9725
      From worker 4:		num_both_changed: 		51938
      From worker 4:	
      From worker 4:	data processed and exported
      From worker 4:	
      From worker 4:	starting b_1.0_c_0.2_N_40_M_2_K_2_P_2_beta_0.001_u_0.001_v_0.0022360679774997894_p_0.5_ϵ_1.0_gens_20000000_210221-011620.873
      From worker 12:	replicate complete, ran 20000000 generations:
      From worker 12:	
      From worker 12:		num_imitating:			17500845
      From worker 12:		num_not_imitating:		2499155
      From worker 12:		num_strategies_changed:  	541115
      From worker 12:			num_random_strategies: 	17715
      From worker 12:		num_sets_changed: 		10882731
      From worker 12:			num_random_opinions: 	1639506
      From worker 12:			num_biased_opinions: 	547667
      From worker 12:		num_both_changed: 		386877
      From worker 12:	
      From worker 12:	data processed and exported
      From worker 12:	
      From worker 12:	starting b_1.0_c_0.2_N_40_M_2_K_2_P_2_beta_0.001_u_0.001_v_0.125_p_0.5_ϵ_1.0_gens_20000000_210221-011620.873
      From worker 11:	replicate complete, ran 20000000 generations:
      From worker 11:	
      From worker 11:		num_imitating:			17502774
      From worker 11:		num_not_imitating:		2497226
      From worker 11:		num_strategies_changed:  	493716
      From worker 11:			num_random_strategies: 	17330
      From worker 11:		num_sets_changed: 		8960670
      From worker 11:			num_random_opinions: 	733994
      From worker 11:			num_biased_opinions: 	244647
      From worker 11:		num_both_changed: 		326459
      From worker 11:	
      From worker 11:	data processed and exported
      From worker 11:	
      From worker 11:	starting b_1.0_c_0.2_N_40_M_2_K_2_P_2_beta_0.001_u_0.001_v_0.055901699437494755_p_0.5_ϵ_1.0_gens_20000000_210221-011620.873
      From worker 5:	replicate complete, ran 20000000 generations:
      From worker 5:	
      From worker 5:		num_imitating:			15001358
      From worker 5:		num_not_imitating:		4998642
      From worker 5:		num_strategies_changed:  	427039
      From worker 5:			num_random_strategies: 	14992
      From worker 5:		num_sets_changed: 		1699144
      From worker 5:			num_random_opinions: 	37531
      From worker 5:			num_biased_opinions: 	37402
      From worker 5:		num_both_changed: 		90726
      From worker 5:	
      From worker 5:	data processed and exported
      From worker 5:	
      From worker 5:	starting b_1.0_c_0.2_N_40_M_2_K_2_P_2_beta_0.001_u_0.001_v_0.005_p_0.75_ϵ_1.0_gens_20000000_210221-011620.873
      From worker 7:	replicate complete, ran 20000000 generations:
      From worker 7:	
      From worker 7:		num_imitating:			12503528
      From worker 7:		num_not_imitating:		7496472
      From worker 7:		num_strategies_changed:  	382592
      From worker 7:			num_random_strategies: 	12488
      From worker 7:		num_sets_changed: 		2334294
      From worker 7:			num_random_opinions: 	34896
      From worker 7:			num_biased_opinions: 	105155
      From worker 7:		num_both_changed: 		127041
      From worker 7:	
      From worker 6:	replicate complete, ran 20000000 generations:
      From worker 6:	
      From worker 6:		num_imitating:			12499728
      From worker 6:		num_not_imitating:		7500272
      From worker 6:		num_strategies_changed:  	354197
      From worker 6:			num_random_strategies: 	12449
      From worker 6:		num_sets_changed: 		1317850
      From worker 6:			num_random_opinions: 	15767
      From worker 6:			num_biased_opinions: 	46450
      From worker 6:		num_both_changed: 		73746
      From worker 6:	
      From worker 7:	data processed and exported
      From worker 6:	data processed and exported
      From worker 7:	
      From worker 7:	starting b_1.0_c_0.2_N_40_M_2_K_2_P_2_beta_0.001_u_0.001_v_0.011180339887498947_p_1.0_ϵ_1.0_gens_20000000_210221-011620.873
      From worker 6:	
      From worker 6:	starting b_1.0_c_0.2_N_40_M_2_K_2_P_2_beta_0.001_u_0.001_v_0.005_p_1.0_ϵ_1.0_gens_20000000_210221-011620.873
      From worker 15:	replicate complete, ran 20000000 generations:
      From worker 15:	
      From worker 15:		num_imitating:			20000000
      From worker 15:		num_not_imitating:		0
      From worker 15:		num_strategies_changed:  	542765
      From worker 15:			num_random_strategies: 	19912
      From worker 15:		num_sets_changed: 		14778896
      From worker 15:			num_random_opinions: 	12499135
      From worker 15:			num_biased_opinions: 	0
      From worker 15:		num_both_changed: 		406216
      From worker 15:	
      From worker 15:	data processed and exported
      From worker 15:	
      From worker 15:	starting b_1.0_c_0.2_N_40_M_2_K_2_P_2_beta_0.001_u_0.001_v_0.625_p_0.25_ϵ_1.0_gens_20000000_210221-011620.873
      From worker 2:	replicate complete, ran 20000000 generations:
      From worker 2:	
      From worker 2:		num_imitating:			20000000
      From worker 2:		num_not_imitating:		0
      From worker 2:		num_strategies_changed:  	571351
      From worker 2:			num_random_strategies: 	19798
      From worker 2:		num_sets_changed: 		590273
      From worker 2:			num_random_opinions: 	20099
      From worker 2:			num_biased_opinions: 	0
      From worker 2:		num_both_changed: 		33896
      From worker 2:	
      From worker 2:	data processed and exported
      From worker 9:	replicate complete, ran 20000000 generations:
      From worker 9:	
      From worker 9:		num_imitating:			20000000
      From worker 9:		num_not_imitating:		0
      From worker 9:		num_strategies_changed:  	564221
      From worker 9:			num_random_strategies: 	20024
      From worker 9:		num_sets_changed: 		7539634
      From worker 9:			num_random_opinions: 	500423
      From worker 9:			num_biased_opinions: 	0
      From worker 9:		num_both_changed: 		311275
      From worker 9:	
      From worker 9:	data processed and exported
      From worker 9:	
      From worker 9:	starting b_1.0_c_0.2_N_40_M_2_K_2_P_2_beta_0.001_u_0.001_v_0.025_p_0.25_ϵ_1.0_gens_20000000_210221-011620.873
      From worker 3:	replicate complete, ran 20000000 generations:
      From worker 3:	
      From worker 3:		num_imitating:			17500174
      From worker 3:		num_not_imitating:		2499826
      From worker 3:		num_strategies_changed:  	491168
      From worker 3:			num_random_strategies: 	17653
      From worker 3:		num_sets_changed: 		1146681
      From worker 3:			num_random_opinions: 	29141
      From worker 3:			num_biased_opinions: 	9862
      From worker 3:		num_both_changed: 		60240
      From worker 3:	
      From worker 3:	data processed and exported
      From worker 4:	replicate complete, ran 20000000 generations:
      From worker 4:	
      From worker 4:		num_imitating:			14997133
      From worker 4:		num_not_imitating:		5002867
      From worker 4:		num_strategies_changed:  	423946
      From worker 4:			num_random_strategies: 	15150
      From worker 4:		num_sets_changed: 		887302
      From worker 4:			num_random_opinions: 	16732
      From worker 4:			num_biased_opinions: 	16676
      From worker 4:		num_both_changed: 		46374
      From worker 4:	
      From worker 4:	data processed and exported
      From worker 13:	replicate complete, ran 20000000 generations:
      From worker 13:	
      From worker 13:		num_imitating:			12500905
      From worker 13:		num_not_imitating:		7499095
      From worker 13:		num_strategies_changed:  	356629
      From worker 13:			num_random_strategies: 	12505
      From worker 13:		num_sets_changed: 		6132931
      From worker 13:			num_random_opinions: 	390568
      From worker 13:			num_biased_opinions: 	1170821
      From worker 13:		num_both_changed: 		205936
      From worker 13:	
      From worker 13:	data processed and exported
      From worker 13:	
      From worker 13:	starting b_1.0_c_0.2_N_40_M_2_K_2_P_2_beta_0.001_u_0.001_v_0.125_p_1.0_ϵ_1.0_gens_20000000_210221-011620.873
      From worker 7:	replicate complete, ran 20000000 generations:
      From worker 7:	
      From worker 7:		num_imitating:			9997574
      From worker 7:		num_not_imitating:		10002426
      From worker 7:		num_strategies_changed:  	154501
      From worker 7:			num_random_strategies: 	10066
      From worker 7:		num_sets_changed: 		0
      From worker 7:			num_random_opinions: 	0
      From worker 7:			num_biased_opinions: 	111782
      From worker 7:		num_both_changed: 		0
      From worker 7:	
      From worker 6:	replicate complete, ran 20000000 generations:
      From worker 6:	
      From worker 6:		num_imitating:			10000570
      From worker 6:		num_not_imitating:		9999430
      From worker 6:		num_strategies_changed:  	153190
      From worker 6:			num_random_strategies: 	9945
      From worker 6:		num_sets_changed: 		0
      From worker 6:			num_random_opinions: 	0
      From worker 6:			num_biased_opinions: 	50002
      From worker 6:		num_both_changed: 		0
      From worker 6:	
      From worker 7:	data processed and exported
      From worker 7:	
      From worker 7:	starting b_1.0_c_0.2_N_40_M_2_K_2_P_2_beta_0.001_u_0.001_v_0.011180339887498947_p_0.0_ϵ_1.0_gens_20000000_210221-011620.873
      From worker 6:	data processed and exported
      From worker 5:	replicate complete, ran 20000000 generations:
      From worker 5:	
      From worker 5:		num_imitating:			12502292
      From worker 5:		num_not_imitating:		7497708
      From worker 5:		num_strategies_changed:  	364135
      From worker 5:			num_random_strategies: 	12438
      From worker 5:		num_sets_changed: 		1298857
      From worker 5:			num_random_opinions: 	15545
      From worker 5:			num_biased_opinions: 	46769
      From worker 5:		num_both_changed: 		77066
      From worker 5:	
      From worker 5:	data processed and exported
      From worker 16:	replicate complete, ran 20000000 generations:
      From worker 16:	
      From worker 16:		num_imitating:			17500911
      From worker 16:		num_not_imitating:		2499089
      From worker 16:		num_strategies_changed:  	522196
      From worker 16:			num_random_strategies: 	17548
      From worker 16:		num_sets_changed: 		12408877
      From worker 16:			num_random_opinions: 	8198713
      From worker 16:			num_biased_opinions: 	2735859
      From worker 16:		num_both_changed: 		376013
      From worker 16:	
      From worker 16:	data processed and exported
      From worker 16:	
      From worker 16:	starting b_1.0_c_0.2_N_40_M_2_K_2_P_2_beta_0.001_u_0.001_v_0.625_p_0.5_ϵ_1.0_gens_20000000_210221-011620.873
      From worker 10:	replicate complete, ran 20000000 generations:
      From worker 10:	
      From worker 10:		num_imitating:			17496924
      From worker 10:		num_not_imitating:		2503076
      From worker 10:		num_strategies_changed:  	484092
      From worker 10:			num_random_strategies: 	17706
      From worker 10:		num_sets_changed: 		8967774
      From worker 10:			num_random_opinions: 	734370
      From worker 10:			num_biased_opinions: 	244661
      From worker 10:		num_both_changed: 		321395
      From worker 10:	
      From worker 10:	data processed and exported
      From worker 10:	
      From worker 10:	starting b_1.0_c_0.2_N_40_M_2_K_2_P_2_beta_0.001_u_0.001_v_0.055901699437494755_p_0.5_ϵ_1.0_gens_20000000_210221-011620.873
      From worker 8:	replicate complete, ran 20000000 generations:
      From worker 8:	
      From worker 8:		num_imitating:			20000000
      From worker 8:		num_not_imitating:		0
      From worker 8:		num_strategies_changed:  	569297
      From worker 8:			num_random_strategies: 	20051
      From worker 8:		num_sets_changed: 		7510746
      From worker 8:			num_random_opinions: 	499133
      From worker 8:			num_biased_opinions: 	0
      From worker 8:		num_both_changed: 		310779
      From worker 8:	
      From worker 8:	data processed and exported
      From worker 8:	
      From worker 8:	starting b_1.0_c_0.2_N_40_M_2_K_2_P_2_beta_0.001_u_0.001_v_0.025_p_0.25_ϵ_1.0_gens_20000000_210221-011620.873
      From worker 13:	replicate complete, ran 20000000 generations:
      From worker 13:	
      From worker 13:		num_imitating:			10002154
      From worker 13:		num_not_imitating:		9997846
      From worker 13:		num_strategies_changed:  	150999
      From worker 13:			num_random_strategies: 	10091
      From worker 13:		num_sets_changed: 		0
      From worker 13:			num_random_opinions: 	0
      From worker 13:			num_biased_opinions: 	1251783
      From worker 13:		num_both_changed: 		0
      From worker 13:	
      From worker 13:	data processed and exported
      From worker 13:	
      From worker 13:	starting b_1.0_c_0.2_N_40_M_2_K_2_P_2_beta_0.001_u_0.001_v_0.2795084971874737_p_0.0_ϵ_1.0_gens_20000000_210221-011620.873
      From worker 12:	replicate complete, ran 20000000 generations:
      From worker 12:	
      From worker 12:		num_imitating:			15000827
      From worker 12:		num_not_imitating:		4999173
      From worker 12:		num_strategies_changed:  	449328
      From worker 12:			num_random_strategies: 	14998
      From worker 12:		num_sets_changed: 		8645322
      From worker 12:			num_random_opinions: 	939177
      From worker 12:			num_biased_opinions: 	937371
      From worker 12:		num_both_changed: 		301832
      From worker 12:	
      From worker 12:	data processed and exported
      From worker 12:	
      From worker 12:	starting b_1.0_c_0.2_N_40_M_2_K_2_P_2_beta_0.001_u_0.001_v_0.125_p_0.75_ϵ_1.0_gens_20000000_210221-011620.873
      From worker 11:	replicate complete, ran 20000000 generations:
      From worker 11:	
      From worker 11:		num_imitating:			15001822
      From worker 11:		num_not_imitating:		4998178
      From worker 11:		num_strategies_changed:  	413528
      From worker 11:			num_random_strategies: 	14909
      From worker 11:		num_sets_changed: 		7177174
      From worker 11:			num_random_opinions: 	420227
      From worker 11:			num_biased_opinions: 	418836
      From worker 11:		num_both_changed: 		256385
      From worker 11:	
      From worker 11:	data processed and exported
      From worker 11:	
      From worker 11:	starting b_1.0_c_0.2_N_40_M_2_K_2_P_2_beta_0.001_u_0.001_v_0.055901699437494755_p_0.75_ϵ_1.0_gens_20000000_210221-011620.873
      From worker 9:	replicate complete, ran 20000000 generations:
      From worker 9:	
      From worker 9:		num_imitating:			17502300
      From worker 9:		num_not_imitating:		2497700
      From worker 9:		num_strategies_changed:  	489107
      From worker 9:			num_random_strategies: 	17563
      From worker 9:		num_sets_changed: 		6429421
      From worker 9:			num_random_opinions: 	327928
      From worker 9:			num_biased_opinions: 	109360
      From worker 9:		num_both_changed: 		265610
      From worker 9:	
      From worker 9:	data processed and exported
      From worker 9:	
      From worker 9:	starting b_1.0_c_0.2_N_40_M_2_K_2_P_2_beta_0.001_u_0.001_v_0.025_p_0.5_ϵ_1.0_gens_20000000_210221-011620.873
      From worker 14:	replicate complete, ran 20000000 generations:
      From worker 14:	
      From worker 14:		num_imitating:			20000000
      From worker 14:		num_not_imitating:		0
      From worker 14:		num_strategies_changed:  	570711
      From worker 14:			num_random_strategies: 	20032
      From worker 14:		num_sets_changed: 		14094771
      From worker 14:			num_random_opinions: 	5593529
      From worker 14:			num_biased_opinions: 	0
      From worker 14:		num_both_changed: 		425870
      From worker 14:	
      From worker 14:	data processed and exported
      From worker 14:	
      From worker 14:	starting b_1.0_c_0.2_N_40_M_2_K_2_P_2_beta_0.001_u_0.001_v_0.2795084971874737_p_0.25_ϵ_1.0_gens_20000000_210221-011620.873
      From worker 7:	replicate complete, ran 20000000 generations:
      From worker 7:	
      From worker 7:		num_imitating:			20000000
      From worker 7:		num_not_imitating:		0
      From worker 7:		num_strategies_changed:  	566008
      From worker 7:			num_random_strategies: 	20056
      From worker 7:		num_sets_changed: 		4693194
      From worker 7:			num_random_opinions: 	222865
      From worker 7:			num_biased_opinions: 	0
      From worker 7:		num_both_changed: 		218754
      From worker 7:	
      From worker 7:	data processed and exported
      From worker 15:	replicate complete, ran 20000000 generations:
      From worker 15:	
      From worker 15:		num_imitating:			17500141
      From worker 15:		num_not_imitating:		2499859
      From worker 15:		num_strategies_changed:  	501748
      From worker 15:			num_random_strategies: 	17536
      From worker 15:		num_sets_changed: 		12406414
      From worker 15:			num_random_opinions: 	8206387
      From worker 15:			num_biased_opinions: 	2732148
      From worker 15:		num_both_changed: 		361025
      From worker 15:	
      From worker 15:	data processed and exported
      From worker 15:	
      From worker 15:	starting b_1.0_c_0.2_N_40_M_2_K_2_P_2_beta_0.001_u_0.001_v_0.625_p_0.5_ϵ_1.0_gens_20000000_210221-011620.873
      From worker 10:	replicate complete, ran 20000000 generations:
      From worker 10:	
      From worker 10:		num_imitating:			15001212
      From worker 10:		num_not_imitating:		4998788
      From worker 10:		num_strategies_changed:  	432527
      From worker 10:			num_random_strategies: 	14988
      From worker 10:		num_sets_changed: 		7190015
      From worker 10:			num_random_opinions: 	419611
      From worker 10:			num_biased_opinions: 	419920
      From worker 10:		num_both_changed: 		270689
      From worker 10:	
      From worker 10:	data processed and exported
      From worker 10:	
      From worker 10:	starting b_1.0_c_0.2_N_40_M_2_K_2_P_2_beta_0.001_u_0.001_v_0.055901699437494755_p_0.75_ϵ_1.0_gens_20000000_210221-011620.873
      From worker 8:	replicate complete, ran 20000000 generations:
      From worker 8:	
      From worker 8:		num_imitating:			17502726
      From worker 8:		num_not_imitating:		2497274
      From worker 8:		num_strategies_changed:  	479678
      From worker 8:			num_random_strategies: 	17473
      From worker 8:		num_sets_changed: 		6489205
      From worker 8:			num_random_opinions: 	326849
      From worker 8:			num_biased_opinions: 	109295
      From worker 8:		num_both_changed: 		251746
      From worker 8:	
      From worker 8:	data processed and exported
      From worker 16:	replicate complete, ran 20000000 generations:
      From worker 16:	
      From worker 16:		num_imitating:			15001011
      From worker 16:		num_not_imitating:		4998989
      From worker 16:		num_strategies_changed:  	420111
      From worker 16:			num_random_strategies: 	14973
      From worker 16:		num_sets_changed: 		9183062
      From worker 16:			num_random_opinions: 	4686571
      From worker 16:			num_biased_opinions: 	4691342
      From worker 16:		num_both_changed: 		262081
      From worker 16:	
      From worker 16:	data processed and exported
      From worker 16:	
      From worker 16:	starting b_1.0_c_0.2_N_40_M_2_K_2_P_2_beta_0.001_u_0.001_v_0.625_p_0.75_ϵ_1.0_gens_20000000_210221-011620.873
      From worker 11:	replicate complete, ran 20000000 generations:
      From worker 11:	
      From worker 11:		num_imitating:			12497821
      From worker 11:		num_not_imitating:		7502179
      From worker 11:		num_strategies_changed:  	344238
      From worker 11:			num_random_strategies: 	12623
      From worker 11:		num_sets_changed: 		5222494
      From worker 11:			num_random_opinions: 	174804
      From worker 11:			num_biased_opinions: 	523630
      From worker 11:		num_both_changed: 		190911
      From worker 11:	
      From worker 11:	data processed and exported
      From worker 11:	
      From worker 11:	starting b_1.0_c_0.2_N_40_M_2_K_2_P_2_beta_0.001_u_0.001_v_0.055901699437494755_p_1.0_ϵ_1.0_gens_20000000_210221-011620.873
      From worker 12:	replicate complete, ran 20000000 generations:
      From worker 12:	
      From worker 12:		num_imitating:			12499792
      From worker 12:		num_not_imitating:		7500208
      From worker 12:		num_strategies_changed:  	343285
      From worker 12:			num_random_strategies: 	12541
      From worker 12:		num_sets_changed: 		6123076
      From worker 12:			num_random_opinions: 	390924
      From worker 12:			num_biased_opinions: 	1171961
      From worker 12:		num_both_changed: 		197948
      From worker 12:	
      From worker 12:	data processed and exported
      From worker 12:	
      From worker 12:	starting b_1.0_c_0.2_N_40_M_2_K_2_P_2_beta_0.001_u_0.001_v_0.125_p_1.0_ϵ_1.0_gens_20000000_210221-011620.873
      From worker 9:	replicate complete, ran 20000000 generations:
      From worker 9:	
      From worker 9:		num_imitating:			14998616
      From worker 9:		num_not_imitating:		5001384
      From worker 9:		num_strategies_changed:  	458977
      From worker 9:			num_random_strategies: 	15153
      From worker 9:		num_sets_changed: 		5190071
      From worker 9:			num_random_opinions: 	187654
      From worker 9:			num_biased_opinions: 	187658
      From worker 9:		num_both_changed: 		239261
      From worker 9:	
      From worker 9:	data processed and exported
      From worker 11:	replicate complete, ran 20000000 generations:
      From worker 11:	
      From worker 11:		num_imitating:			10002651
      From worker 11:		num_not_imitating:		9997349
      From worker 11:		num_strategies_changed:  	144447
      From worker 11:			num_random_strategies: 	9865
      From worker 11:		num_sets_changed: 		0
      From worker 11:			num_random_opinions: 	0
      From worker 11:			num_biased_opinions: 	559066
      From worker 11:		num_both_changed: 		0
      From worker 11:	
      From worker 11:	data processed and exported
      From worker 12:	replicate complete, ran 20000000 generations:
      From worker 12:	
      From worker 12:		num_imitating:			10002046
      From worker 12:		num_not_imitating:		9997954
      From worker 12:		num_strategies_changed:  	150932
      From worker 12:			num_random_strategies: 	9911
      From worker 12:		num_sets_changed: 		0
      From worker 12:			num_random_opinions: 	0
      From worker 12:			num_biased_opinions: 	1249442
      From worker 12:		num_both_changed: 		0
      From worker 12:	
      From worker 12:	data processed and exported
      From worker 12:	
      From worker 12:	starting b_1.0_c_0.2_N_40_M_2_K_2_P_2_beta_0.001_u_0.001_v_0.125_p_0.0_ϵ_1.0_gens_20000000_210221-011620.873
      From worker 13:	replicate complete, ran 20000000 generations:
      From worker 13:	
      From worker 13:		num_imitating:			20000000
      From worker 13:		num_not_imitating:		0
      From worker 13:		num_strategies_changed:  	560478
      From worker 13:			num_random_strategies: 	19723
      From worker 13:		num_sets_changed: 		14087323
      From worker 13:			num_random_opinions: 	5590718
      From worker 13:			num_biased_opinions: 	0
      From worker 13:		num_both_changed: 		417411
      From worker 13:	
      From worker 13:	data processed and exported
      From worker 13:	
      From worker 13:	starting b_1.0_c_0.2_N_40_M_2_K_2_P_2_beta_0.001_u_0.001_v_0.2795084971874737_p_0.25_ϵ_1.0_gens_20000000_210221-011620.873
      From worker 10:	replicate complete, ran 20000000 generations:
      From worker 10:	
      From worker 10:		num_imitating:			12497163
      From worker 10:		num_not_imitating:		7502837
      From worker 10:		num_strategies_changed:  	359735
      From worker 10:			num_random_strategies: 	12477
      From worker 10:		num_sets_changed: 		5193312
      From worker 10:			num_random_opinions: 	175208
      From worker 10:			num_biased_opinions: 	524074
      From worker 10:		num_both_changed: 		196275
      From worker 10:	
      From worker 10:	data processed and exported
      From worker 14:	replicate complete, ran 20000000 generations:
      From worker 14:	
      From worker 14:		num_imitating:			17500469
      From worker 14:		num_not_imitating:		2499531
      From worker 14:		num_strategies_changed:  	494720
      From worker 14:			num_random_strategies: 	17387
      From worker 14:		num_sets_changed: 		11991125
      From worker 14:			num_random_opinions: 	3666946
      From worker 14:			num_biased_opinions: 	1223155
      From worker 14:		num_both_changed: 		360079
      From worker 14:	
      From worker 14:	data processed and exported
      From worker 14:	
      From worker 14:	starting b_1.0_c_0.2_N_40_M_2_K_2_P_2_beta_0.001_u_0.001_v_0.2795084971874737_p_0.5_ϵ_1.0_gens_20000000_210221-011620.873
      From worker 16:	replicate complete, ran 20000000 generations:
      From worker 16:	
      From worker 16:		num_imitating:			12502412
      From worker 16:		num_not_imitating:		7497588
      From worker 16:		num_strategies_changed:  	356358
      From worker 16:			num_random_strategies: 	12490
      From worker 16:		num_sets_changed: 		5216394
      From worker 16:			num_random_opinions: 	1953767
      From worker 16:			num_biased_opinions: 	5859690
      From worker 16:		num_both_changed: 		154495
      From worker 16:	
      From worker 16:	data processed and exported
      From worker 16:	
      From worker 16:	starting b_1.0_c_0.2_N_40_M_2_K_2_P_2_beta_0.001_u_0.001_v_0.625_p_1.0_ϵ_1.0_gens_20000000_210221-011620.873
      From worker 15:	replicate complete, ran 20000000 generations:
      From worker 15:	
      From worker 15:		num_imitating:			15003939
      From worker 15:		num_not_imitating:		4996061
      From worker 15:		num_strategies_changed:  	446104
      From worker 15:			num_random_strategies: 	14998
      From worker 15:		num_sets_changed: 		9186002
      From worker 15:			num_random_opinions: 	4688403
      From worker 15:			num_biased_opinions: 	4687341
      From worker 15:		num_both_changed: 		278580
      From worker 15:	
      From worker 15:	data processed and exported
      From worker 15:	
      From worker 15:	starting b_1.0_c_0.2_N_40_M_2_K_2_P_2_beta_0.001_u_0.001_v_0.625_p_0.75_ϵ_1.0_gens_20000000_210221-011620.873
      From worker 16:	replicate complete, ran 20000000 generations:
      From worker 16:	
      From worker 16:		num_imitating:			10003106
      From worker 16:		num_not_imitating:		9996894
      From worker 16:		num_strategies_changed:  	147237
      From worker 16:			num_random_strategies: 	9941
      From worker 16:		num_sets_changed: 		0
      From worker 16:			num_random_opinions: 	0
      From worker 16:			num_biased_opinions: 	6252807
      From worker 16:		num_both_changed: 		0
      From worker 16:	
      From worker 16:	data processed and exported
 Activating environment at `/tigress/mk28/CooperationPolarization2/Project.toml`
 Activating environment at `/tigress/mk28/CooperationPolarization2/Project.toml`
      From worker 15:	replicate complete, ran 20000000 generations:
      From worker 15:	
      From worker 15:		num_imitating:			12501493
      From worker 15:		num_not_imitating:		7498507
      From worker 15:		num_strategies_changed:  	343711
      From worker 15:			num_random_strategies: 	12589
      From worker 15:		num_sets_changed: 		5217712
      From worker 15:			num_random_opinions: 	1953434
      From worker 15:			num_biased_opinions: 	5860912
      From worker 15:		num_both_changed: 		148281
      From worker 15:	
      From worker 15:	data processed and exported
      From worker 13:	replicate complete, ran 20000000 generations:
      From worker 13:	
      From worker 13:		num_imitating:			17499794
      From worker 13:		num_not_imitating:		2500206
      From worker 13:		num_strategies_changed:  	485459
      From worker 13:			num_random_strategies: 	17684
      From worker 13:		num_sets_changed: 		11991262
      From worker 13:			num_random_opinions: 	3664012
      From worker 13:			num_biased_opinions: 	1223772
      From worker 13:		num_both_changed: 		353408
      From worker 13:	
      From worker 13:	data processed and exported
      From worker 14:	replicate complete, ran 20000000 generations:
      From worker 14:	
      From worker 14:		num_imitating:			15000585
      From worker 14:		num_not_imitating:		4999415
      From worker 14:		num_strategies_changed:  	435039
      From worker 14:			num_random_strategies: 	15079
      From worker 14:		num_sets_changed: 		9389058
      From worker 14:			num_random_opinions: 	2097283
      From worker 14:			num_biased_opinions: 	2095336
      From worker 14:		num_both_changed: 		290219
      From worker 14:	
      From worker 14:	data processed and exported
      From worker 12:	replicate complete, ran 20000000 generations:
      From worker 12:	
      From worker 12:		num_imitating:			20000000
      From worker 12:		num_not_imitating:		0
      From worker 12:		num_strategies_changed:  	593544
      From worker 12:			num_random_strategies: 	19991
      From worker 12:		num_sets_changed: 		12758399
      From worker 12:			num_random_opinions: 	2500854
      From worker 12:			num_biased_opinions: 	0
      From worker 12:		num_both_changed: 		433572
      From worker 12:	
      From worker 12:	data processed and exported
10773.125070 seconds (2.71 M allocations: 121.135 MiB, 0.00% gc time)
