packages loaded
      From worker 4:	 Activating environment at `/tigress/mk28/CooperationPolarization2/Project.toml`
      From worker 3:	 Activating environment at `/tigress/mk28/CooperationPolarization2/Project.toml`
      From worker 6:	 Activating environment at `/tigress/mk28/CooperationPolarization2/Project.toml`
      From worker 2:	 Activating environment at `/tigress/mk28/CooperationPolarization2/Project.toml`
      From worker 5:	 Activating environment at `/tigress/mk28/CooperationPolarization2/Project.toml`
      From worker 14:	 Activating environment at `/tigress/mk28/CooperationPolarization2/Project.toml`
      From worker 10:	 Activating environment at `/tigress/mk28/CooperationPolarization2/Project.toml`
      From worker 13:	 Activating environment at `/tigress/mk28/CooperationPolarization2/Project.toml`
      From worker 15:	 Activating environment at `/tigress/mk28/CooperationPolarization2/Project.toml`
      From worker 11:	 Activating environment at `/tigress/mk28/CooperationPolarization2/Project.toml`
      From worker 12:	 Activating environment at `/tigress/mk28/CooperationPolarization2/Project.toml`
      From worker 8:	 Activating environment at `/tigress/mk28/CooperationPolarization2/Project.toml`
      From worker 9:	 Activating environment at `/tigress/mk28/CooperationPolarization2/Project.toml`
      From worker 16:	 Activating environment at `/tigress/mk28/CooperationPolarization2/Project.toml`
      From worker 7:	 Activating environment at `/tigress/mk28/CooperationPolarization2/Project.toml`
      From worker 6:	packages loaded
      From worker 2:	packages loaded
      From worker 15:	packages loaded
      From worker 3:	packages loaded
      From worker 5:	packages loaded
      From worker 10:	packages loaded
      From worker 4:	packages loaded
      From worker 14:	packages loaded
      From worker 16:	packages loaded
      From worker 12:	packages loaded
      From worker 11:	packages loaded
      From worker 13:	packages loaded
      From worker 9:	packages loaded
      From worker 8:	packages loaded
      From worker 7:	packages loaded
parameters defined
      From worker 6:	
      From worker 6:	starting b_1.0_c_0.2_N_40_M_1_K_1_P_2_beta_0.001_u_0.001_v_0.005_p_1.0_ϵ_1.0_gens_20000000_210213-023443.365
      From worker 3:	
      From worker 3:	starting b_1.0_c_0.2_N_40_M_1_K_1_P_2_beta_0.001_u_0.001_v_0.001_p_0.25_ϵ_1.0_gens_20000000_210213-023443.365
      From worker 7:	
      From worker 7:	starting b_1.0_c_0.2_N_40_M_1_K_1_P_2_beta_0.001_u_0.001_v_0.011180339887498947_p_0.0_ϵ_1.0_gens_20000000_210213-023443.365
      From worker 8:	
      From worker 8:	starting b_1.0_c_0.2_N_40_M_1_K_1_P_2_beta_0.001_u_0.001_v_0.011180339887498947_p_0.25_ϵ_1.0_gens_20000000_210213-023443.365
      From worker 16:	
      From worker 16:	starting b_1.0_c_0.2_N_40_M_1_K_1_P_2_beta_0.001_u_0.001_v_0.625_p_1.0_ϵ_1.0_gens_20000000_210213-023443.365
      From worker 15:	
      From worker 15:	starting b_1.0_c_0.2_N_40_M_1_K_1_P_2_beta_0.001_u_0.001_v_0.2795084971874737_p_0.75_ϵ_1.0_gens_20000000_210213-023443.365
      From worker 10:	
      From worker 10:	starting b_1.0_c_0.2_N_40_M_1_K_1_P_2_beta_0.001_u_0.001_v_0.025_p_0.75_ϵ_1.0_gens_20000000_210213-023443.365
      From worker 4:	
      From worker 4:	starting b_1.0_c_0.2_N_40_M_1_K_1_P_2_beta_0.001_u_0.001_v_0.0022360679774997894_p_0.5_ϵ_1.0_gens_20000000_210213-023443.365
      From worker 12:	
      From worker 12:	starting b_1.0_c_0.2_N_40_M_1_K_1_P_2_beta_0.001_u_0.001_v_0.125_p_0.0_ϵ_1.0_gens_20000000_210213-023443.365
      From worker 13:	
      From worker 13:	starting b_1.0_c_0.2_N_40_M_1_K_1_P_2_beta_0.001_u_0.001_v_0.125_p_0.25_ϵ_1.0_gens_20000000_210213-023443.365
      From worker 9:	
      From worker 9:	starting b_1.0_c_0.2_N_40_M_1_K_1_P_2_beta_0.001_u_0.001_v_0.025_p_0.5_ϵ_1.0_gens_20000000_210213-023443.365
      From worker 2:	
      From worker 2:	starting b_1.0_c_0.2_N_40_M_1_K_1_P_2_beta_0.001_u_0.001_v_0.001_p_0.0_ϵ_1.0_gens_20000000_210213-023443.365
      From worker 11:	
      From worker 11:	starting b_1.0_c_0.2_N_40_M_1_K_1_P_2_beta_0.001_u_0.001_v_0.055901699437494755_p_1.0_ϵ_1.0_gens_20000000_210213-023443.365
      From worker 5:	
      From worker 5:	starting b_1.0_c_0.2_N_40_M_1_K_1_P_2_beta_0.001_u_0.001_v_0.0022360679774997894_p_0.75_ϵ_1.0_gens_20000000_210213-023443.365
      From worker 14:	
      From worker 14:	starting b_1.0_c_0.2_N_40_M_1_K_1_P_2_beta_0.001_u_0.001_v_0.2795084971874737_p_0.5_ϵ_1.0_gens_20000000_210213-023443.365
      From worker 6:	replicate complete, ran 20000000 generations:
      From worker 6:	
      From worker 6:		num_imitating:			9997218
      From worker 6:		num_not_imitating:		10002782
      From worker 6:		num_strategies_changed:  	148685
      From worker 6:			num_random_strategies: 	9983
      From worker 6:		num_sets_changed: 		0
      From worker 6:			num_random_opinions: 	0
      From worker 6:			num_biased_opinions: 	49597
      From worker 6:		num_both_changed: 		0
      From worker 6:	
      From worker 6:	data processed and exported
      From worker 6:	
      From worker 6:	starting b_1.0_c_0.2_N_40_M_1_K_1_P_2_beta_0.001_u_0.001_v_0.005_p_0.0_ϵ_1.0_gens_20000000_210213-023443.365
      From worker 16:	replicate complete, ran 20000000 generations:
      From worker 16:	
      From worker 16:		num_imitating:			9998642
      From worker 16:		num_not_imitating:		10001358
      From worker 16:		num_strategies_changed:  	149077
      From worker 16:			num_random_strategies: 	9949
      From worker 16:		num_sets_changed: 		0
      From worker 16:			num_random_opinions: 	0
      From worker 16:			num_biased_opinions: 	6250521
      From worker 16:		num_both_changed: 		0
      From worker 16:	
      From worker 16:	data processed and exported
      From worker 16:	
      From worker 16:	starting b_1.0_c_0.2_N_40_M_1_K_1_P_2_beta_0.001_u_0.001_v_0.625_p_0.0_ϵ_1.0_gens_20000000_210213-023443.365
      From worker 11:	replicate complete, ran 20000000 generations:
      From worker 11:	
      From worker 11:		num_imitating:			9996081
      From worker 11:		num_not_imitating:		10003919
      From worker 11:		num_strategies_changed:  	147423
      From worker 11:			num_random_strategies: 	9868
      From worker 11:		num_sets_changed: 		0
      From worker 11:			num_random_opinions: 	0
      From worker 11:			num_biased_opinions: 	560257
      From worker 11:		num_both_changed: 		0
      From worker 11:	
      From worker 11:	data processed and exported
      From worker 11:	
      From worker 11:	starting b_1.0_c_0.2_N_40_M_1_K_1_P_2_beta_0.001_u_0.001_v_0.055901699437494755_p_0.0_ϵ_1.0_gens_20000000_210213-023443.365
      From worker 4:	replicate complete, ran 20000000 generations:
      From worker 4:	
      From worker 4:		num_imitating:			15001119
      From worker 4:		num_not_imitating:		4998881
      From worker 4:		num_strategies_changed:  	435643
      From worker 4:			num_random_strategies: 	15106
      From worker 4:		num_sets_changed: 		622990
      From worker 4:			num_random_opinions: 	16668
      From worker 4:			num_biased_opinions: 	16760
      From worker 4:		num_both_changed: 		36926
      From worker 4:	
      From worker 4:	data processed and exported
      From worker 4:	
      From worker 4:	starting b_1.0_c_0.2_N_40_M_1_K_1_P_2_beta_0.001_u_0.001_v_0.0022360679774997894_p_0.75_ϵ_1.0_gens_20000000_210213-023443.365
      From worker 5:	replicate complete, ran 20000000 generations:
      From worker 5:	
      From worker 5:		num_imitating:			12503333
      From worker 5:		num_not_imitating:		7496667
      From worker 5:		num_strategies_changed:  	357173
      From worker 5:			num_random_strategies: 	12471
      From worker 5:		num_sets_changed: 		558508
      From worker 5:			num_random_opinions: 	7007
      From worker 5:			num_biased_opinions: 	21253
      From worker 5:		num_both_changed: 		31515
      From worker 5:	
      From worker 2:	replicate complete, ran 20000000 generations:
      From worker 2:	
      From worker 2:		num_imitating:			20000000
      From worker 2:		num_not_imitating:		0
      From worker 2:		num_strategies_changed:  	568483
      From worker 2:			num_random_strategies: 	19837
      From worker 2:		num_sets_changed: 		411360
      From worker 2:			num_random_opinions: 	20141
      From worker 2:			num_biased_opinions: 	0
      From worker 2:		num_both_changed: 		15532
      From worker 2:	
      From worker 5:	data processed and exported
      From worker 3:	replicate complete, ran 20000000 generations:
      From worker 3:	
      From worker 3:		num_imitating:			17497591
      From worker 3:		num_not_imitating:		2502409
      From worker 3:		num_strategies_changed:  	488794
      From worker 3:			num_random_strategies: 	17225
      From worker 3:		num_sets_changed: 		338148
      From worker 3:			num_random_opinions: 	13187
      From worker 3:			num_biased_opinions: 	4367
      From worker 3:		num_both_changed: 		17797
      From worker 3:	
      From worker 5:	
      From worker 5:	starting b_1.0_c_0.2_N_40_M_1_K_1_P_2_beta_0.001_u_0.001_v_0.0022360679774997894_p_1.0_ϵ_1.0_gens_20000000_210213-023443.365
      From worker 2:	data processed and exported
      From worker 3:	data processed and exported
      From worker 2:	
      From worker 2:	starting b_1.0_c_0.2_N_40_M_1_K_1_P_2_beta_0.001_u_0.001_v_0.001_p_0.25_ϵ_1.0_gens_20000000_210213-023443.365
      From worker 3:	
      From worker 3:	starting b_1.0_c_0.2_N_40_M_1_K_1_P_2_beta_0.001_u_0.001_v_0.001_p_0.5_ϵ_1.0_gens_20000000_210213-023443.365
      From worker 8:	replicate complete, ran 20000000 generations:
      From worker 8:	
      From worker 8:		num_imitating:			17498213
      From worker 8:		num_not_imitating:		2501787
      From worker 8:		num_strategies_changed:  	489033
      From worker 8:			num_random_strategies: 	17639
      From worker 8:		num_sets_changed: 		2736982
      From worker 8:			num_random_opinions: 	146575
      From worker 8:			num_biased_opinions: 	48735
      From worker 8:		num_both_changed: 		127842
      From worker 8:	
      From worker 10:	replicate complete, ran 20000000 generations:
      From worker 10:	
      From worker 10:		num_imitating:			12502254
      From worker 10:		num_not_imitating:		7497746
      From worker 10:		num_strategies_changed:  	352298
      From worker 10:			num_random_strategies: 	12618
      From worker 10:		num_sets_changed: 		3127570
      From worker 10:			num_random_opinions: 	78077
      From worker 10:			num_biased_opinions: 	234670
      From worker 10:		num_both_changed: 		131205
      From worker 10:	
      From worker 8:	data processed and exported
      From worker 8:	
      From worker 8:	starting b_1.0_c_0.2_N_40_M_1_K_1_P_2_beta_0.001_u_0.001_v_0.011180339887498947_p_0.5_ϵ_1.0_gens_20000000_210213-023443.365
      From worker 10:	data processed and exported
      From worker 10:	
      From worker 10:	starting b_1.0_c_0.2_N_40_M_1_K_1_P_2_beta_0.001_u_0.001_v_0.025_p_1.0_ϵ_1.0_gens_20000000_210213-023443.365
      From worker 7:	replicate complete, ran 20000000 generations:
      From worker 7:	
      From worker 7:		num_imitating:			20000000
      From worker 7:		num_not_imitating:		0
      From worker 7:		num_strategies_changed:  	595868
      From worker 7:			num_random_strategies: 	19988
      From worker 7:		num_sets_changed: 		3078936
      From worker 7:			num_random_opinions: 	224229
      From worker 7:			num_biased_opinions: 	0
      From worker 7:		num_both_changed: 		151833
      From worker 7:	
      From worker 7:	data processed and exported
      From worker 7:	
      From worker 7:	starting b_1.0_c_0.2_N_40_M_1_K_1_P_2_beta_0.001_u_0.001_v_0.011180339887498947_p_0.25_ϵ_1.0_gens_20000000_210213-023443.365
      From worker 9:	replicate complete, ran 20000000 generations:
      From worker 9:	
      From worker 9:		num_imitating:			14999396
      From worker 9:		num_not_imitating:		5000604
      From worker 9:		num_strategies_changed:  	425794
      From worker 9:			num_random_strategies: 	14834
      From worker 9:		num_sets_changed: 		3740383
      From worker 9:			num_random_opinions: 	187181
      From worker 9:			num_biased_opinions: 	187751
      From worker 9:		num_both_changed: 		155390
      From worker 9:	
      From worker 9:	data processed and exported
      From worker 9:	
      From worker 9:	starting b_1.0_c_0.2_N_40_M_1_K_1_P_2_beta_0.001_u_0.001_v_0.025_p_0.75_ϵ_1.0_gens_20000000_210213-023443.365
      From worker 15:	replicate complete, ran 20000000 generations:
      From worker 15:	
      From worker 15:		num_imitating:			12503473
      From worker 15:		num_not_imitating:		7496527
      From worker 15:		num_strategies_changed:  	352530
      From worker 15:			num_random_strategies: 	12446
      From worker 15:		num_sets_changed: 		4982707
      From worker 15:			num_random_opinions: 	873172
      From worker 15:			num_biased_opinions: 	2621526
      From worker 15:		num_both_changed: 		154701
      From worker 15:	
      From worker 15:	data processed and exported
      From worker 15:	
      From worker 15:	starting b_1.0_c_0.2_N_40_M_1_K_1_P_2_beta_0.001_u_0.001_v_0.2795084971874737_p_1.0_ϵ_1.0_gens_20000000_210213-023443.365
      From worker 14:	replicate complete, ran 20000000 generations:
      From worker 14:	
      From worker 14:		num_imitating:			14996891
      From worker 14:		num_not_imitating:		5003109
      From worker 14:		num_strategies_changed:  	444254
      From worker 14:			num_random_strategies: 	14841
      From worker 14:		num_sets_changed: 		6750614
      From worker 14:			num_random_opinions: 	2097520
      From worker 14:			num_biased_opinions: 	2094230
      From worker 14:		num_both_changed: 		213613
      From worker 14:	
      From worker 14:	data processed and exported
      From worker 14:	
      From worker 14:	starting b_1.0_c_0.2_N_40_M_1_K_1_P_2_beta_0.001_u_0.001_v_0.2795084971874737_p_0.75_ϵ_1.0_gens_20000000_210213-023443.365
      From worker 13:	replicate complete, ran 20000000 generations:
      From worker 13:	
      From worker 13:		num_imitating:			17502597
      From worker 13:		num_not_imitating:		2497403
      From worker 13:		num_strategies_changed:  	494649
      From worker 13:			num_random_strategies: 	17451
      From worker 13:		num_sets_changed: 		7410377
      From worker 13:			num_random_opinions: 	1639524
      From worker 13:			num_biased_opinions: 	546074
      From worker 13:		num_both_changed: 		241248
      From worker 13:	
      From worker 13:	data processed and exported
      From worker 13:	
      From worker 13:	starting b_1.0_c_0.2_N_40_M_1_K_1_P_2_beta_0.001_u_0.001_v_0.125_p_0.5_ϵ_1.0_gens_20000000_210213-023443.365
      From worker 12:	replicate complete, ran 20000000 generations:
      From worker 12:	
      From worker 12:		num_imitating:			20000000
      From worker 12:		num_not_imitating:		0
      From worker 12:		num_strategies_changed:  	577185
      From worker 12:			num_random_strategies: 	19957
      From worker 12:		num_sets_changed: 		8515773
      From worker 12:			num_random_opinions: 	2498453
      From worker 12:			num_biased_opinions: 	0
      From worker 12:		num_both_changed: 		282823
      From worker 12:	
      From worker 12:	data processed and exported
      From worker 12:	
      From worker 12:	starting b_1.0_c_0.2_N_40_M_1_K_1_P_2_beta_0.001_u_0.001_v_0.125_p_0.25_ϵ_1.0_gens_20000000_210213-023443.365
      From worker 5:	replicate complete, ran 20000000 generations:
      From worker 5:	
      From worker 5:		num_imitating:			10001664
      From worker 5:		num_not_imitating:		9998336
      From worker 5:		num_strategies_changed:  	141997
      From worker 5:			num_random_strategies: 	10127
      From worker 5:		num_sets_changed: 		0
      From worker 5:			num_random_opinions: 	0
      From worker 5:			num_biased_opinions: 	22193
      From worker 5:		num_both_changed: 		0
      From worker 5:	
      From worker 5:	data processed and exported
      From worker 5:	
      From worker 5:	starting b_1.0_c_0.2_N_40_M_1_K_1_P_2_beta_0.001_u_0.001_v_0.005_p_0.0_ϵ_1.0_gens_20000000_210213-023443.365
      From worker 4:	replicate complete, ran 20000000 generations:
      From worker 4:	
      From worker 4:		num_imitating:			12497120
      From worker 4:		num_not_imitating:		7502880
      From worker 4:		num_strategies_changed:  	357633
      From worker 4:			num_random_strategies: 	12505
      From worker 4:		num_sets_changed: 		515888
      From worker 4:			num_random_opinions: 	6946
      From worker 4:			num_biased_opinions: 	21056
      From worker 4:		num_both_changed: 		24531
      From worker 4:	
      From worker 4:	data processed and exported
      From worker 4:	
      From worker 4:	starting b_1.0_c_0.2_N_40_M_1_K_1_P_2_beta_0.001_u_0.001_v_0.0022360679774997894_p_1.0_ϵ_1.0_gens_20000000_210213-023443.365
      From worker 3:	replicate complete, ran 20000000 generations:
      From worker 3:	
      From worker 3:		num_imitating:			15001329
      From worker 3:		num_not_imitating:		4998671
      From worker 3:		num_strategies_changed:  	393700
      From worker 3:			num_random_strategies: 	15057
      From worker 3:		num_sets_changed: 		306414
      From worker 3:			num_random_opinions: 	7383
      From worker 3:			num_biased_opinions: 	7365
      From worker 3:		num_both_changed: 		14487
      From worker 3:	
      From worker 3:	data processed and exported
      From worker 3:	
      From worker 3:	starting b_1.0_c_0.2_N_40_M_1_K_1_P_2_beta_0.001_u_0.001_v_0.001_p_0.75_ϵ_1.0_gens_20000000_210213-023443.365
      From worker 2:	replicate complete, ran 20000000 generations:
      From worker 2:	
      From worker 2:		num_imitating:			17500824
      From worker 2:		num_not_imitating:		2499176
      From worker 2:		num_strategies_changed:  	522834
      From worker 2:			num_random_strategies: 	17825
      From worker 2:		num_sets_changed: 		340832
      From worker 2:			num_random_opinions: 	13028
      From worker 2:			num_biased_opinions: 	4399
      From worker 2:		num_both_changed: 		23245
      From worker 2:	
      From worker 2:	data processed and exported
      From worker 2:	
      From worker 2:	starting b_1.0_c_0.2_N_40_M_1_K_1_P_2_beta_0.001_u_0.001_v_0.001_p_0.5_ϵ_1.0_gens_20000000_210213-023443.365
      From worker 6:	replicate complete, ran 20000000 generations:
      From worker 6:	
      From worker 6:		num_imitating:			20000000
      From worker 6:		num_not_imitating:		0
      From worker 6:		num_strategies_changed:  	559370
      From worker 6:			num_random_strategies: 	20165
      From worker 6:		num_sets_changed: 		1666710
      From worker 6:			num_random_opinions: 	99535
      From worker 6:			num_biased_opinions: 	0
      From worker 6:		num_both_changed: 		79048
      From worker 6:	
      From worker 6:	data processed and exported
      From worker 6:	
      From worker 6:	starting b_1.0_c_0.2_N_40_M_1_K_1_P_2_beta_0.001_u_0.001_v_0.005_p_0.25_ϵ_1.0_gens_20000000_210213-023443.365
      From worker 10:	replicate complete, ran 20000000 generations:
      From worker 10:	
      From worker 10:		num_imitating:			10000597
      From worker 10:		num_not_imitating:		9999403
      From worker 10:		num_strategies_changed:  	141989
      From worker 10:			num_random_strategies: 	9908
      From worker 10:		num_sets_changed: 		0
      From worker 10:			num_random_opinions: 	0
      From worker 10:			num_biased_opinions: 	249813
      From worker 10:		num_both_changed: 		0
      From worker 10:	
      From worker 10:	data processed and exported
      From worker 10:	
      From worker 10:	starting b_1.0_c_0.2_N_40_M_1_K_1_P_2_beta_0.001_u_0.001_v_0.055901699437494755_p_0.0_ϵ_1.0_gens_20000000_210213-023443.365
      From worker 15:	replicate complete, ran 20000000 generations:
      From worker 15:	
      From worker 15:		num_imitating:			9997831
      From worker 15:		num_not_imitating:		10002169
      From worker 15:		num_strategies_changed:  	147494
      From worker 15:			num_random_strategies: 	9865
      From worker 15:		num_sets_changed: 		0
      From worker 15:			num_random_opinions: 	0
      From worker 15:			num_biased_opinions: 	2796195
      From worker 15:		num_both_changed: 		0
      From worker 15:	
      From worker 15:	data processed and exported
      From worker 15:	
      From worker 15:	starting b_1.0_c_0.2_N_40_M_1_K_1_P_2_beta_0.001_u_0.001_v_0.625_p_0.0_ϵ_1.0_gens_20000000_210213-023443.365
      From worker 8:	replicate complete, ran 20000000 generations:
      From worker 8:	
      From worker 8:		num_imitating:			15002236
      From worker 8:		num_not_imitating:		4997764
      From worker 8:		num_strategies_changed:  	442591
      From worker 8:			num_random_strategies: 	15176
      From worker 8:		num_sets_changed: 		2315587
      From worker 8:			num_random_opinions: 	84073
      From worker 8:			num_biased_opinions: 	83693
      From worker 8:		num_both_changed: 		117395
      From worker 8:	
      From worker 8:	data processed and exported
      From worker 8:	
      From worker 8:	starting b_1.0_c_0.2_N_40_M_1_K_1_P_2_beta_0.001_u_0.001_v_0.011180339887498947_p_0.75_ϵ_1.0_gens_20000000_210213-023443.365
      From worker 7:	replicate complete, ran 20000000 generations:
      From worker 7:	
      From worker 7:		num_imitating:			17498235
      From worker 7:		num_not_imitating:		2501765
      From worker 7:		num_strategies_changed:  	462065
      From worker 7:			num_random_strategies: 	17473
      From worker 7:		num_sets_changed: 		2700612
      From worker 7:			num_random_opinions: 	147388
      From worker 7:			num_biased_opinions: 	48873
      From worker 7:		num_both_changed: 		114132
      From worker 7:	
      From worker 7:	data processed and exported
      From worker 7:	
      From worker 7:	starting b_1.0_c_0.2_N_40_M_1_K_1_P_2_beta_0.001_u_0.001_v_0.011180339887498947_p_0.5_ϵ_1.0_gens_20000000_210213-023443.365
      From worker 9:	replicate complete, ran 20000000 generations:
      From worker 9:	
      From worker 9:		num_imitating:			12501905
      From worker 9:		num_not_imitating:		7498095
      From worker 9:		num_strategies_changed:  	354417
      From worker 9:			num_random_strategies: 	12478
      From worker 9:		num_sets_changed: 		3140389
      From worker 9:			num_random_opinions: 	77660
      From worker 9:			num_biased_opinions: 	234822
      From worker 9:		num_both_changed: 		130768
      From worker 9:	
      From worker 9:	data processed and exported
      From worker 9:	
      From worker 9:	starting b_1.0_c_0.2_N_40_M_1_K_1_P_2_beta_0.001_u_0.001_v_0.025_p_1.0_ϵ_1.0_gens_20000000_210213-023443.365
      From worker 11:	replicate complete, ran 20000000 generations:
      From worker 11:	
      From worker 11:		num_imitating:			20000000
      From worker 11:		num_not_imitating:		0
      From worker 11:		num_strategies_changed:  	551910
      From worker 11:			num_random_strategies: 	20221
      From worker 11:		num_sets_changed: 		7049772
      From worker 11:			num_random_opinions: 	1118307
      From worker 11:			num_biased_opinions: 	0
      From worker 11:		num_both_changed: 		246819
      From worker 11:	
      From worker 11:	data processed and exported
      From worker 11:	
      From worker 11:	starting b_1.0_c_0.2_N_40_M_1_K_1_P_2_beta_0.001_u_0.001_v_0.055901699437494755_p_0.25_ϵ_1.0_gens_20000000_210213-023443.365
      From worker 16:	replicate complete, ran 20000000 generations:
      From worker 16:	
      From worker 16:		num_imitating:			20000000
      From worker 16:		num_not_imitating:		0
      From worker 16:		num_strategies_changed:  	554273
      From worker 16:			num_random_strategies: 	20176
      From worker 16:		num_sets_changed: 		9851293
      From worker 16:			num_random_opinions: 	12499117
      From worker 16:			num_biased_opinions: 	0
      From worker 16:		num_both_changed: 		277470
      From worker 16:	
      From worker 16:	data processed and exported
      From worker 16:	
      From worker 16:	starting b_1.0_c_0.2_N_40_M_1_K_1_P_2_beta_0.001_u_0.001_v_0.625_p_0.25_ϵ_1.0_gens_20000000_210213-023443.365
      From worker 4:	replicate complete, ran 20000000 generations:
      From worker 4:	
      From worker 4:		num_imitating:			10000934
      From worker 4:		num_not_imitating:		9999066
      From worker 4:		num_strategies_changed:  	146466
      From worker 4:			num_random_strategies: 	10055
      From worker 4:		num_sets_changed: 		0
      From worker 4:			num_random_opinions: 	0
      From worker 4:			num_biased_opinions: 	22247
      From worker 4:		num_both_changed: 		0
      From worker 4:	
      From worker 4:	data processed and exported
      From worker 4:	
      From worker 4:	starting b_1.0_c_0.2_N_40_M_1_K_1_P_2_beta_0.001_u_0.001_v_0.0022360679774997894_p_0.0_ϵ_1.0_gens_20000000_210213-023443.365
      From worker 3:	replicate complete, ran 20000000 generations:
      From worker 3:	
      From worker 3:		num_imitating:			12498610
      From worker 3:		num_not_imitating:		7501390
      From worker 3:		num_strategies_changed:  	375577
      From worker 3:			num_random_strategies: 	12513
      From worker 3:		num_sets_changed: 		249398
      From worker 3:			num_random_opinions: 	3138
      From worker 3:			num_biased_opinions: 	9436
      From worker 3:		num_both_changed: 		15289
      From worker 3:	
      From worker 3:	data processed and exported
      From worker 3:	
      From worker 3:	starting b_1.0_c_0.2_N_40_M_1_K_1_P_2_beta_0.001_u_0.001_v_0.001_p_1.0_ϵ_1.0_gens_20000000_210213-023443.365
      From worker 14:	replicate complete, ran 20000000 generations:
      From worker 14:	
      From worker 14:		num_imitating:			12501658
      From worker 14:		num_not_imitating:		7498342
      From worker 14:		num_strategies_changed:  	344821
      From worker 14:			num_random_strategies: 	12217
      From worker 14:		num_sets_changed: 		4982343
      From worker 14:			num_random_opinions: 	873117
      From worker 14:			num_biased_opinions: 	2622366
      From worker 14:		num_both_changed: 		152071
      From worker 14:	
      From worker 2:	replicate complete, ran 20000000 generations:
      From worker 2:	
      From worker 2:		num_imitating:			15000701
      From worker 2:		num_not_imitating:		4999299
      From worker 2:		num_strategies_changed:  	427106
      From worker 2:			num_random_strategies: 	15003
      From worker 2:		num_sets_changed: 		274560
      From worker 2:			num_random_opinions: 	7422
      From worker 2:			num_biased_opinions: 	7538
      From worker 2:		num_both_changed: 		13040
      From worker 2:	
      From worker 14:	data processed and exported
      From worker 2:	data processed and exported
      From worker 14:	
      From worker 14:	starting b_1.0_c_0.2_N_40_M_1_K_1_P_2_beta_0.001_u_0.001_v_0.2795084971874737_p_1.0_ϵ_1.0_gens_20000000_210213-023443.365
      From worker 2:	
      From worker 2:	starting b_1.0_c_0.2_N_40_M_1_K_1_P_2_beta_0.001_u_0.001_v_0.001_p_0.75_ϵ_1.0_gens_20000000_210213-023443.365
      From worker 5:	replicate complete, ran 20000000 generations:
      From worker 5:	
      From worker 5:		num_imitating:			20000000
      From worker 5:		num_not_imitating:		0
      From worker 5:		num_strategies_changed:  	601611
      From worker 5:			num_random_strategies: 	20121
      From worker 5:		num_sets_changed: 		1671788
      From worker 5:			num_random_opinions: 	99782
      From worker 5:			num_biased_opinions: 	0
      From worker 5:		num_both_changed: 		78941
      From worker 5:	
      From worker 5:	data processed and exported
      From worker 5:	
      From worker 5:	starting b_1.0_c_0.2_N_40_M_1_K_1_P_2_beta_0.001_u_0.001_v_0.005_p_0.25_ϵ_1.0_gens_20000000_210213-023443.365
      From worker 6:	replicate complete, ran 20000000 generations:
      From worker 6:	
      From worker 6:		num_imitating:			17497995
      From worker 6:		num_not_imitating:		2502005
      From worker 6:		num_strategies_changed:  	532645
      From worker 6:			num_random_strategies: 	17703
      From worker 6:		num_sets_changed: 		1486960
      From worker 6:			num_random_opinions: 	65686
      From worker 6:			num_biased_opinions: 	22069
      From worker 6:		num_both_changed: 		78773
      From worker 6:	
      From worker 6:	data processed and exported
      From worker 6:	
      From worker 6:	starting b_1.0_c_0.2_N_40_M_1_K_1_P_2_beta_0.001_u_0.001_v_0.005_p_0.5_ϵ_1.0_gens_20000000_210213-023443.365
      From worker 13:	replicate complete, ran 20000000 generations:
      From worker 13:	
      From worker 13:		num_imitating:			14999038
      From worker 13:		num_not_imitating:		5000962
      From worker 13:		num_strategies_changed:  	406957
      From worker 13:			num_random_strategies: 	15044
      From worker 13:		num_sets_changed: 		6274172
      From worker 13:			num_random_opinions: 	936446
      From worker 13:			num_biased_opinions: 	937825
      From worker 13:		num_both_changed: 		196718
      From worker 13:	
      From worker 13:	data processed and exported
      From worker 13:	
      From worker 13:	starting b_1.0_c_0.2_N_40_M_1_K_1_P_2_beta_0.001_u_0.001_v_0.125_p_0.75_ϵ_1.0_gens_20000000_210213-023443.365
      From worker 12:	replicate complete, ran 20000000 generations:
      From worker 12:	
      From worker 12:		num_imitating:			17499892
      From worker 12:		num_not_imitating:		2500108
      From worker 12:		num_strategies_changed:  	502185
      From worker 12:			num_random_strategies: 	17404
      From worker 12:		num_sets_changed: 		7418643
      From worker 12:			num_random_opinions: 	1640012
      From worker 12:			num_biased_opinions: 	548626
      From worker 12:		num_both_changed: 		246193
      From worker 12:	
      From worker 12:	data processed and exported
      From worker 12:	
      From worker 12:	starting b_1.0_c_0.2_N_40_M_1_K_1_P_2_beta_0.001_u_0.001_v_0.125_p_0.5_ϵ_1.0_gens_20000000_210213-023443.365
      From worker 9:	replicate complete, ran 20000000 generations:
      From worker 9:	
      From worker 9:		num_imitating:			10001955
      From worker 9:		num_not_imitating:		9998045
      From worker 9:		num_strategies_changed:  	145010
      From worker 9:			num_random_strategies: 	9822
      From worker 9:		num_sets_changed: 		0
      From worker 9:			num_random_opinions: 	0
      From worker 9:			num_biased_opinions: 	249857
      From worker 9:		num_both_changed: 		0
      From worker 9:	
      From worker 9:	data processed and exported
      From worker 9:	
      From worker 9:	starting b_1.0_c_0.2_N_40_M_1_K_1_P_2_beta_0.001_u_0.001_v_0.025_p_0.0_ϵ_1.0_gens_20000000_210213-023443.365
      From worker 8:	replicate complete, ran 20000000 generations:
      From worker 8:	
      From worker 8:		num_imitating:			12501851
      From worker 8:		num_not_imitating:		7498149
      From worker 8:		num_strategies_changed:  	355509
      From worker 8:			num_random_strategies: 	12555
      From worker 8:		num_sets_changed: 		1962707
      From worker 8:			num_random_opinions: 	34835
      From worker 8:			num_biased_opinions: 	104809
      From worker 8:		num_both_changed: 		97114
      From worker 8:	
      From worker 8:	data processed and exported
      From worker 8:	
      From worker 8:	starting b_1.0_c_0.2_N_40_M_1_K_1_P_2_beta_0.001_u_0.001_v_0.011180339887498947_p_1.0_ϵ_1.0_gens_20000000_210213-023443.365
      From worker 7:	replicate complete, ran 20000000 generations:
      From worker 7:	
      From worker 7:		num_imitating:			14998502
      From worker 7:		num_not_imitating:		5001498
      From worker 7:		num_strategies_changed:  	416168
      From worker 7:			num_random_strategies: 	14982
      From worker 7:		num_sets_changed: 		2324840
      From worker 7:			num_random_opinions: 	83728
      From worker 7:			num_biased_opinions: 	83895
      From worker 7:		num_both_changed: 		105515
      From worker 7:	
      From worker 7:	data processed and exported
      From worker 7:	
      From worker 7:	starting b_1.0_c_0.2_N_40_M_1_K_1_P_2_beta_0.001_u_0.001_v_0.011180339887498947_p_0.75_ϵ_1.0_gens_20000000_210213-023443.365
      From worker 10:	replicate complete, ran 20000000 generations:
      From worker 10:	
      From worker 10:		num_imitating:			20000000
      From worker 10:		num_not_imitating:		0
      From worker 10:		num_strategies_changed:  	556030
      From worker 10:			num_random_strategies: 	20000
      From worker 10:		num_sets_changed: 		7027383
      From worker 10:			num_random_opinions: 	1115878
      From worker 10:			num_biased_opinions: 	0
      From worker 10:		num_both_changed: 		252673
      From worker 10:	
      From worker 10:	data processed and exported
      From worker 10:	
      From worker 10:	starting b_1.0_c_0.2_N_40_M_1_K_1_P_2_beta_0.001_u_0.001_v_0.055901699437494755_p_0.25_ϵ_1.0_gens_20000000_210213-023443.365
      From worker 4:	replicate complete, ran 20000000 generations:
      From worker 4:	
      From worker 4:		num_imitating:			20000000
      From worker 4:		num_not_imitating:		0
      From worker 4:		num_strategies_changed:  	582967
      From worker 4:			num_random_strategies: 	19945
      From worker 4:		num_sets_changed: 		841446
      From worker 4:			num_random_opinions: 	44811
      From worker 4:			num_biased_opinions: 	0
      From worker 4:		num_both_changed: 		44644
      From worker 4:	
      From worker 4:	data processed and exported
      From worker 4:	
      From worker 4:	starting b_1.0_c_0.2_N_40_M_1_K_1_P_2_beta_0.001_u_0.001_v_0.0022360679774997894_p_0.25_ϵ_1.0_gens_20000000_210213-023443.365
      From worker 14:	replicate complete, ran 20000000 generations:
      From worker 14:	
      From worker 14:		num_imitating:			10000847
      From worker 14:		num_not_imitating:		9999153
      From worker 14:		num_strategies_changed:  	144974
      From worker 14:			num_random_strategies: 	9801
      From worker 14:		num_sets_changed: 		0
      From worker 14:			num_random_opinions: 	0
      From worker 14:			num_biased_opinions: 	2793696
      From worker 14:		num_both_changed: 		0
      From worker 14:	
      From worker 3:	replicate complete, ran 20000000 generations:
      From worker 3:	
      From worker 3:		num_imitating:			9997882
      From worker 3:		num_not_imitating:		10002118
      From worker 3:		num_strategies_changed:  	151867
      From worker 3:			num_random_strategies: 	10088
      From worker 3:		num_sets_changed: 		0
      From worker 3:			num_random_opinions: 	0
      From worker 3:			num_biased_opinions: 	10151
      From worker 3:		num_both_changed: 		0
      From worker 3:	
      From worker 14:	data processed and exported
      From worker 14:	
      From worker 14:	starting b_1.0_c_0.2_N_40_M_1_K_1_P_2_beta_0.001_u_0.001_v_0.2795084971874737_p_0.0_ϵ_1.0_gens_20000000_210213-023443.365
      From worker 3:	data processed and exported
      From worker 3:	
      From worker 3:	starting b_1.0_c_0.2_N_40_M_1_K_1_P_2_beta_0.001_u_0.001_v_0.0022360679774997894_p_0.0_ϵ_1.0_gens_20000000_210213-023443.365
      From worker 2:	replicate complete, ran 20000000 generations:
      From worker 2:	
      From worker 2:		num_imitating:			12500703
      From worker 2:		num_not_imitating:		7499297
      From worker 2:		num_strategies_changed:  	394094
      From worker 2:			num_random_strategies: 	12570
      From worker 2:		num_sets_changed: 		245616
      From worker 2:			num_random_opinions: 	3109
      From worker 2:			num_biased_opinions: 	9294
      From worker 2:		num_both_changed: 		20798
      From worker 2:	
      From worker 2:	data processed and exported
      From worker 2:	
      From worker 2:	starting b_1.0_c_0.2_N_40_M_1_K_1_P_2_beta_0.001_u_0.001_v_0.001_p_1.0_ϵ_1.0_gens_20000000_210213-023443.365
      From worker 11:	replicate complete, ran 20000000 generations:
      From worker 11:	
      From worker 11:		num_imitating:			17499683
      From worker 11:		num_not_imitating:		2500317
      From worker 11:		num_strategies_changed:  	512433
      From worker 11:			num_random_strategies: 	17645
      From worker 11:		num_sets_changed: 		6098077
      From worker 11:			num_random_opinions: 	732400
      From worker 11:			num_biased_opinions: 	244161
      From worker 11:		num_both_changed: 		230244
      From worker 11:	
      From worker 5:	replicate complete, ran 20000000 generations:
      From worker 5:	
      From worker 5:		num_imitating:			17501608
      From worker 5:		num_not_imitating:		2498392
      From worker 5:		num_strategies_changed:  	518499
      From worker 5:			num_random_strategies: 	17584
      From worker 5:		num_sets_changed: 		1512816
      From worker 5:			num_random_opinions: 	65727
      From worker 5:			num_biased_opinions: 	22056
      From worker 5:		num_both_changed: 		82046
      From worker 5:	
      From worker 11:	data processed and exported
      From worker 11:	
      From worker 11:	starting b_1.0_c_0.2_N_40_M_1_K_1_P_2_beta_0.001_u_0.001_v_0.055901699437494755_p_0.5_ϵ_1.0_gens_20000000_210213-023443.365
      From worker 5:	data processed and exported
      From worker 5:	
      From worker 5:	starting b_1.0_c_0.2_N_40_M_1_K_1_P_2_beta_0.001_u_0.001_v_0.005_p_0.5_ϵ_1.0_gens_20000000_210213-023443.365
      From worker 6:	replicate complete, ran 20000000 generations:
      From worker 6:	
      From worker 6:		num_imitating:			14998549
      From worker 6:		num_not_imitating:		5001451
      From worker 6:		num_strategies_changed:  	440154
      From worker 6:			num_random_strategies: 	15247
      From worker 6:		num_sets_changed: 		1279450
      From worker 6:			num_random_opinions: 	37562
      From worker 6:			num_biased_opinions: 	37246
      From worker 6:		num_both_changed: 		69661
      From worker 6:	
      From worker 6:	data processed and exported
      From worker 6:	
      From worker 6:	starting b_1.0_c_0.2_N_40_M_1_K_1_P_2_beta_0.001_u_0.001_v_0.005_p_0.75_ϵ_1.0_gens_20000000_210213-023443.365
      From worker 15:	replicate complete, ran 20000000 generations:
      From worker 15:	
      From worker 15:		num_imitating:			20000000
      From worker 15:		num_not_imitating:		0
      From worker 15:		num_strategies_changed:  	590974
      From worker 15:			num_random_strategies: 	20027
      From worker 15:		num_sets_changed: 		9850602
      From worker 15:			num_random_opinions: 	12499955
      From worker 15:			num_biased_opinions: 	0
      From worker 15:		num_both_changed: 		294997
      From worker 15:	
      From worker 15:	data processed and exported
      From worker 15:	
      From worker 15:	starting b_1.0_c_0.2_N_40_M_1_K_1_P_2_beta_0.001_u_0.001_v_0.625_p_0.25_ϵ_1.0_gens_20000000_210213-023443.365
      From worker 8:	replicate complete, ran 20000000 generations:
      From worker 8:	
      From worker 8:		num_imitating:			9998484
      From worker 8:		num_not_imitating:		10001516
      From worker 8:		num_strategies_changed:  	145002
      From worker 8:			num_random_strategies: 	9933
      From worker 8:		num_sets_changed: 		0
      From worker 8:			num_random_opinions: 	0
      From worker 8:			num_biased_opinions: 	111517
      From worker 8:		num_both_changed: 		0
      From worker 8:	
      From worker 8:	data processed and exported
      From worker 8:	
      From worker 8:	starting b_1.0_c_0.2_N_40_M_1_K_1_P_2_beta_0.001_u_0.001_v_0.025_p_0.0_ϵ_1.0_gens_20000000_210213-023443.365
      From worker 16:	replicate complete, ran 20000000 generations:
      From worker 16:	
      From worker 16:		num_imitating:			17500538
      From worker 16:		num_not_imitating:		2499462
      From worker 16:		num_strategies_changed:  	535801
      From worker 16:			num_random_strategies: 	17705
      From worker 16:		num_sets_changed: 		8378233
      From worker 16:			num_random_opinions: 	8206882
      From worker 16:			num_biased_opinions: 	2734682
      From worker 16:		num_both_changed: 		260336
      From worker 16:	
      From worker 16:	data processed and exported
      From worker 16:	
      From worker 16:	starting b_1.0_c_0.2_N_40_M_1_K_1_P_2_beta_0.001_u_0.001_v_0.625_p_0.5_ϵ_1.0_gens_20000000_210213-023443.365
      From worker 13:	replicate complete, ran 20000000 generations:
      From worker 13:	
      From worker 13:		num_imitating:			12496380
      From worker 13:		num_not_imitating:		7503620
      From worker 13:		num_strategies_changed:  	343562
      From worker 13:			num_random_strategies: 	12417
      From worker 13:		num_sets_changed: 		4985030
      From worker 13:			num_random_opinions: 	391481
      From worker 13:			num_biased_opinions: 	1170741
      From worker 13:		num_both_changed: 		163051
      From worker 13:	
      From worker 13:	data processed and exported
      From worker 13:	
      From worker 13:	starting b_1.0_c_0.2_N_40_M_1_K_1_P_2_beta_0.001_u_0.001_v_0.125_p_1.0_ϵ_1.0_gens_20000000_210213-023443.365
      From worker 7:	replicate complete, ran 20000000 generations:
      From worker 7:	
      From worker 7:		num_imitating:			12499578
      From worker 7:		num_not_imitating:		7500422
      From worker 7:		num_strategies_changed:  	358542
      From worker 7:			num_random_strategies: 	12597
      From worker 7:		num_sets_changed: 		1921927
      From worker 7:			num_random_opinions: 	34994
      From worker 7:			num_biased_opinions: 	104602
      From worker 7:		num_both_changed: 		92881
      From worker 7:	
      From worker 7:	data processed and exported
      From worker 7:	
      From worker 7:	starting b_1.0_c_0.2_N_40_M_1_K_1_P_2_beta_0.001_u_0.001_v_0.011180339887498947_p_1.0_ϵ_1.0_gens_20000000_210213-023443.365
      From worker 9:	replicate complete, ran 20000000 generations:
      From worker 9:	
      From worker 9:		num_imitating:			20000000
      From worker 9:		num_not_imitating:		0
      From worker 9:		num_strategies_changed:  	571123
      From worker 9:			num_random_strategies: 	20165
      From worker 9:		num_sets_changed: 		5043785
      From worker 9:			num_random_opinions: 	499737
      From worker 9:			num_biased_opinions: 	0
      From worker 9:		num_both_changed: 		210440
      From worker 9:	
      From worker 9:	data processed and exported
      From worker 9:	
      From worker 9:	starting b_1.0_c_0.2_N_40_M_1_K_1_P_2_beta_0.001_u_0.001_v_0.025_p_0.25_ϵ_1.0_gens_20000000_210213-023443.365
      From worker 4:	replicate complete, ran 20000000 generations:
      From worker 4:	
      From worker 4:		num_imitating:			17497069
      From worker 4:		num_not_imitating:		2502931
      From worker 4:		num_strategies_changed:  	511392
      From worker 4:			num_random_strategies: 	17416
      From worker 4:		num_sets_changed: 		739778
      From worker 4:			num_random_opinions: 	29200
      From worker 4:			num_biased_opinions: 	9794
      From worker 4:		num_both_changed: 		39789
      From worker 4:	
      From worker 4:	data processed and exported
      From worker 4:	
      From worker 4:	starting b_1.0_c_0.2_N_40_M_1_K_1_P_2_beta_0.001_u_0.001_v_0.0022360679774997894_p_0.5_ϵ_1.0_gens_20000000_210213-023443.365
      From worker 2:	replicate complete, ran 20000000 generations:
      From worker 2:	
      From worker 2:		num_imitating:			9999783
      From worker 2:		num_not_imitating:		10000217
      From worker 2:		num_strategies_changed:  	153633
      From worker 2:			num_random_strategies: 	10128
      From worker 2:		num_sets_changed: 		0
      From worker 2:			num_random_opinions: 	0
      From worker 2:			num_biased_opinions: 	10117
      From worker 2:		num_both_changed: 		0
      From worker 2:	
      From worker 2:	data processed and exported
      From worker 2:	
      From worker 2:	starting b_1.0_c_0.2_N_40_M_1_K_1_P_2_beta_0.001_u_0.001_v_0.001_p_0.0_ϵ_1.0_gens_20000000_210213-023443.365
      From worker 3:	replicate complete, ran 20000000 generations:
      From worker 3:	
      From worker 3:		num_imitating:			20000000
      From worker 3:		num_not_imitating:		0
      From worker 3:		num_strategies_changed:  	552776
      From worker 3:			num_random_strategies: 	19924
      From worker 3:		num_sets_changed: 		862682
      From worker 3:			num_random_opinions: 	44803
      From worker 3:			num_biased_opinions: 	0
      From worker 3:		num_both_changed: 		48794
      From worker 3:	
      From worker 3:	data processed and exported
      From worker 3:	
      From worker 3:	starting b_1.0_c_0.2_N_40_M_1_K_1_P_2_beta_0.001_u_0.001_v_0.0022360679774997894_p_0.25_ϵ_1.0_gens_20000000_210213-023443.365
      From worker 12:	replicate complete, ran 20000000 generations:
      From worker 12:	
      From worker 12:		num_imitating:			14998612
      From worker 12:		num_not_imitating:		5001388
      From worker 12:		num_strategies_changed:  	394100
      From worker 12:			num_random_strategies: 	15032
      From worker 12:		num_sets_changed: 		6260989
      From worker 12:			num_random_opinions: 	937425
      From worker 12:			num_biased_opinions: 	939336
      From worker 12:		num_both_changed: 		191094
      From worker 12:	
      From worker 12:	data processed and exported
      From worker 12:	
      From worker 12:	starting b_1.0_c_0.2_N_40_M_1_K_1_P_2_beta_0.001_u_0.001_v_0.125_p_0.75_ϵ_1.0_gens_20000000_210213-023443.365
      From worker 5:	replicate complete, ran 20000000 generations:
      From worker 5:	
      From worker 5:		num_imitating:			14999085
      From worker 5:		num_not_imitating:		5000915
      From worker 5:		num_strategies_changed:  	441148
      From worker 5:			num_random_strategies: 	15093
      From worker 5:		num_sets_changed: 		1286082
      From worker 5:			num_random_opinions: 	37482
      From worker 5:			num_biased_opinions: 	37317
      From worker 5:		num_both_changed: 		63667
      From worker 5:	
      From worker 5:	data processed and exported
      From worker 5:	
      From worker 5:	starting b_1.0_c_0.2_N_40_M_1_K_1_P_2_beta_0.001_u_0.001_v_0.005_p_0.75_ϵ_1.0_gens_20000000_210213-023443.365
      From worker 6:	replicate complete, ran 20000000 generations:
      From worker 6:	
      From worker 6:		num_imitating:			12498705
      From worker 6:		num_not_imitating:		7501295
      From worker 6:		num_strategies_changed:  	362740
      From worker 6:			num_random_strategies: 	12442
      From worker 6:		num_sets_changed: 		1054964
      From worker 6:			num_random_opinions: 	15617
      From worker 6:			num_biased_opinions: 	46953
      From worker 6:		num_both_changed: 		54981
      From worker 6:	
      From worker 6:	data processed and exported
      From worker 6:	
      From worker 6:	starting b_1.0_c_0.2_N_40_M_1_K_1_P_2_beta_0.001_u_0.001_v_0.005_p_1.0_ϵ_1.0_gens_20000000_210213-023443.365
      From worker 10:	replicate complete, ran 20000000 generations:
      From worker 10:	
      From worker 10:		num_imitating:			17500684
      From worker 10:		num_not_imitating:		2499316
      From worker 10:		num_strategies_changed:  	483434
      From worker 10:			num_random_strategies: 	17208
      From worker 10:		num_sets_changed: 		6109103
      From worker 10:			num_random_opinions: 	733121
      From worker 10:			num_biased_opinions: 	244749
      From worker 10:		num_both_changed: 		217967
      From worker 10:	
      From worker 10:	data processed and exported
      From worker 10:	
      From worker 10:	starting b_1.0_c_0.2_N_40_M_1_K_1_P_2_beta_0.001_u_0.001_v_0.055901699437494755_p_0.5_ϵ_1.0_gens_20000000_210213-023443.365
      From worker 13:	replicate complete, ran 20000000 generations:
      From worker 13:	
      From worker 13:		num_imitating:			10001731
      From worker 13:		num_not_imitating:		9998269
      From worker 13:		num_strategies_changed:  	150622
      From worker 13:			num_random_strategies: 	10028
      From worker 13:		num_sets_changed: 		0
      From worker 13:			num_random_opinions: 	0
      From worker 13:			num_biased_opinions: 	1250452
      From worker 13:		num_both_changed: 		0
      From worker 13:	
      From worker 13:	data processed and exported
      From worker 13:	
      From worker 13:	starting b_1.0_c_0.2_N_40_M_1_K_1_P_2_beta_0.001_u_0.001_v_0.2795084971874737_p_0.0_ϵ_1.0_gens_20000000_210213-023443.365
      From worker 11:	replicate complete, ran 20000000 generations:
      From worker 11:	
      From worker 11:		num_imitating:			15002466
      From worker 11:		num_not_imitating:		4997534
      From worker 11:		num_strategies_changed:  	430092
      From worker 11:			num_random_strategies: 	14996
      From worker 11:		num_sets_changed: 		5234131
      From worker 11:			num_random_opinions: 	419202
      From worker 11:			num_biased_opinions: 	420287
      From worker 11:		num_both_changed: 		195411
      From worker 11:	
      From worker 11:	data processed and exported
      From worker 11:	
      From worker 11:	starting b_1.0_c_0.2_N_40_M_1_K_1_P_2_beta_0.001_u_0.001_v_0.055901699437494755_p_0.75_ϵ_1.0_gens_20000000_210213-023443.365
      From worker 7:	replicate complete, ran 20000000 generations:
      From worker 7:	
      From worker 7:		num_imitating:			9997540
      From worker 7:		num_not_imitating:		10002460
      From worker 7:		num_strategies_changed:  	146247
      From worker 7:			num_random_strategies: 	10060
      From worker 7:		num_sets_changed: 		0
      From worker 7:			num_random_opinions: 	0
      From worker 7:			num_biased_opinions: 	111568
      From worker 7:		num_both_changed: 		0
      From worker 7:	
      From worker 7:	data processed and exported
      From worker 7:	
      From worker 7:	starting b_1.0_c_0.2_N_40_M_1_K_1_P_2_beta_0.001_u_0.001_v_0.011180339887498947_p_0.0_ϵ_1.0_gens_20000000_210213-023443.365
      From worker 14:	replicate complete, ran 20000000 generations:
      From worker 14:	
      From worker 14:		num_imitating:			20000000
      From worker 14:		num_not_imitating:		0
      From worker 14:		num_strategies_changed:  	548030
      From worker 14:			num_random_strategies: 	19876
      From worker 14:		num_sets_changed: 		9392271
      From worker 14:			num_random_opinions: 	5588818
      From worker 14:			num_biased_opinions: 	0
      From worker 14:		num_both_changed: 		271916
      From worker 14:	
      From worker 14:	data processed and exported
      From worker 14:	
      From worker 14:	starting b_1.0_c_0.2_N_40_M_1_K_1_P_2_beta_0.001_u_0.001_v_0.2795084971874737_p_0.25_ϵ_1.0_gens_20000000_210213-023443.365
      From worker 4:	replicate complete, ran 20000000 generations:
      From worker 4:	
      From worker 4:		num_imitating:			14998077
      From worker 4:		num_not_imitating:		5001923
      From worker 4:		num_strategies_changed:  	432863
      From worker 4:			num_random_strategies: 	14873
      From worker 4:		num_sets_changed: 		620850
      From worker 4:			num_random_opinions: 	16737
      From worker 4:			num_biased_opinions: 	16708
      From worker 4:		num_both_changed: 		35171
      From worker 4:	
      From worker 4:	data processed and exported
      From worker 2:	replicate complete, ran 20000000 generations:
      From worker 2:	
      From worker 2:		num_imitating:			20000000
      From worker 2:		num_not_imitating:		0
      From worker 2:		num_strategies_changed:  	557726
      From worker 2:			num_random_strategies: 	20140
      From worker 2:		num_sets_changed: 		411556
      From worker 2:			num_random_opinions: 	20190
      From worker 2:			num_biased_opinions: 	0
      From worker 2:		num_both_changed: 		19718
      From worker 2:	
      From worker 8:	replicate complete, ran 20000000 generations:
      From worker 8:	
      From worker 8:		num_imitating:			20000000
      From worker 8:		num_not_imitating:		0
      From worker 8:		num_strategies_changed:  	601561
      From worker 8:			num_random_strategies: 	19903
      From worker 8:		num_sets_changed: 		5067516
      From worker 8:			num_random_opinions: 	500264
      From worker 8:			num_biased_opinions: 	0
      From worker 8:		num_both_changed: 		225835
      From worker 8:	
      From worker 2:	data processed and exported
      From worker 8:	data processed and exported
      From worker 8:	
      From worker 8:	starting b_1.0_c_0.2_N_40_M_1_K_1_P_2_beta_0.001_u_0.001_v_0.025_p_0.25_ϵ_1.0_gens_20000000_210213-023443.365
      From worker 15:	replicate complete, ran 20000000 generations:
      From worker 15:	
      From worker 15:		num_imitating:			17498563
      From worker 15:		num_not_imitating:		2501437
      From worker 15:		num_strategies_changed:  	509380
      From worker 15:			num_random_strategies: 	17605
      From worker 15:		num_sets_changed: 		8372731
      From worker 15:			num_random_opinions: 	8203842
      From worker 15:			num_biased_opinions: 	2734251
      From worker 15:		num_both_changed: 		247472
      From worker 15:	
      From worker 15:	data processed and exported
      From worker 15:	
      From worker 15:	starting b_1.0_c_0.2_N_40_M_1_K_1_P_2_beta_0.001_u_0.001_v_0.625_p_0.5_ϵ_1.0_gens_20000000_210213-023443.365
      From worker 3:	replicate complete, ran 20000000 generations:
      From worker 3:	
      From worker 3:		num_imitating:			17503210
      From worker 3:		num_not_imitating:		2496790
      From worker 3:		num_strategies_changed:  	498530
      From worker 3:			num_random_strategies: 	17589
      From worker 3:		num_sets_changed: 		714612
      From worker 3:			num_random_opinions: 	29531
      From worker 3:			num_biased_opinions: 	9821
      From worker 3:		num_both_changed: 		32723
      From worker 3:	
      From worker 3:	data processed and exported
      From worker 16:	replicate complete, ran 20000000 generations:
      From worker 16:	
      From worker 16:		num_imitating:			14998815
      From worker 16:		num_not_imitating:		5001185
      From worker 16:		num_strategies_changed:  	409244
      From worker 16:			num_random_strategies: 	14816
      From worker 16:		num_sets_changed: 		6427148
      From worker 16:			num_random_opinions: 	4688904
      From worker 16:			num_biased_opinions: 	4687732
      From worker 16:		num_both_changed: 		178895
      From worker 16:	
      From worker 16:	data processed and exported
      From worker 16:	
      From worker 16:	starting b_1.0_c_0.2_N_40_M_1_K_1_P_2_beta_0.001_u_0.001_v_0.625_p_0.75_ϵ_1.0_gens_20000000_210213-023443.365
      From worker 6:	replicate complete, ran 20000000 generations:
      From worker 6:	
      From worker 6:		num_imitating:			10002863
      From worker 6:		num_not_imitating:		9997137
      From worker 6:		num_strategies_changed:  	146753
      From worker 6:			num_random_strategies: 	10154
      From worker 6:		num_sets_changed: 		0
      From worker 6:			num_random_opinions: 	0
      From worker 6:			num_biased_opinions: 	50608
      From worker 6:		num_both_changed: 		0
      From worker 6:	
      From worker 6:	data processed and exported
      From worker 9:	replicate complete, ran 20000000 generations:
      From worker 9:	
      From worker 9:		num_imitating:			17498640
      From worker 9:		num_not_imitating:		2501360
      From worker 9:		num_strategies_changed:  	501616
      From worker 9:			num_random_strategies: 	17436
      From worker 9:		num_sets_changed: 		4412394
      From worker 9:			num_random_opinions: 	328461
      From worker 9:			num_biased_opinions: 	109448
      From worker 9:		num_both_changed: 		194242
      From worker 9:	
      From worker 9:	data processed and exported
      From worker 9:	
      From worker 9:	starting b_1.0_c_0.2_N_40_M_1_K_1_P_2_beta_0.001_u_0.001_v_0.025_p_0.5_ϵ_1.0_gens_20000000_210213-023443.365
      From worker 5:	replicate complete, ran 20000000 generations:
      From worker 5:	
      From worker 5:		num_imitating:			12505115
      From worker 5:		num_not_imitating:		7494885
      From worker 5:		num_strategies_changed:  	355544
      From worker 5:			num_random_strategies: 	12651
      From worker 5:		num_sets_changed: 		1058300
      From worker 5:			num_random_opinions: 	15773
      From worker 5:			num_biased_opinions: 	46408
      From worker 5:		num_both_changed: 		58461
      From worker 5:	
      From worker 5:	data processed and exported
      From worker 12:	replicate complete, ran 20000000 generations:
      From worker 12:	
      From worker 12:		num_imitating:			12499000
      From worker 12:		num_not_imitating:		7501000
      From worker 12:		num_strategies_changed:  	348071
      From worker 12:			num_random_strategies: 	12510
      From worker 12:		num_sets_changed: 		4991297
      From worker 12:			num_random_opinions: 	391180
      From worker 12:			num_biased_opinions: 	1172716
      From worker 12:		num_both_changed: 		164848
      From worker 12:	
      From worker 12:	data processed and exported
      From worker 12:	
      From worker 12:	starting b_1.0_c_0.2_N_40_M_1_K_1_P_2_beta_0.001_u_0.001_v_0.125_p_1.0_ϵ_1.0_gens_20000000_210213-023443.365
      From worker 10:	replicate complete, ran 20000000 generations:
      From worker 10:	
      From worker 10:		num_imitating:			14997993
      From worker 10:		num_not_imitating:		5002007
      From worker 10:		num_strategies_changed:  	417047
      From worker 10:			num_random_strategies: 	14726
      From worker 10:		num_sets_changed: 		5212658
      From worker 10:			num_random_opinions: 	419096
      From worker 10:			num_biased_opinions: 	419201
      From worker 10:		num_both_changed: 		185123
      From worker 10:	
      From worker 10:	data processed and exported
      From worker 10:	
      From worker 10:	starting b_1.0_c_0.2_N_40_M_1_K_1_P_2_beta_0.001_u_0.001_v_0.055901699437494755_p_0.75_ϵ_1.0_gens_20000000_210213-023443.365
      From worker 7:	replicate complete, ran 20000000 generations:
      From worker 7:	
      From worker 7:		num_imitating:			20000000
      From worker 7:		num_not_imitating:		0
      From worker 7:		num_strategies_changed:  	548570
      From worker 7:			num_random_strategies: 	20186
      From worker 7:		num_sets_changed: 		3083170
      From worker 7:			num_random_opinions: 	223973
      From worker 7:			num_biased_opinions: 	0
      From worker 7:		num_both_changed: 		139237
      From worker 7:	
      From worker 7:	data processed and exported
      From worker 11:	replicate complete, ran 20000000 generations:
      From worker 11:	
      From worker 11:		num_imitating:			12501232
      From worker 11:		num_not_imitating:		7498768
      From worker 11:		num_strategies_changed:  	365669
      From worker 11:			num_random_strategies: 	12428
      From worker 11:		num_sets_changed: 		4257890
      From worker 11:			num_random_opinions: 	173231
      From worker 11:			num_biased_opinions: 	523464
      From worker 11:		num_both_changed: 		165631
      From worker 11:	
      From worker 11:	data processed and exported
      From worker 11:	
      From worker 11:	starting b_1.0_c_0.2_N_40_M_1_K_1_P_2_beta_0.001_u_0.001_v_0.055901699437494755_p_1.0_ϵ_1.0_gens_20000000_210213-023443.365
      From worker 8:	replicate complete, ran 20000000 generations:
      From worker 8:	
      From worker 8:		num_imitating:			17499703
      From worker 8:		num_not_imitating:		2500297
      From worker 8:		num_strategies_changed:  	494744
      From worker 8:			num_random_strategies: 	17355
      From worker 8:		num_sets_changed: 		4432269
      From worker 8:			num_random_opinions: 	327316
      From worker 8:			num_biased_opinions: 	109288
      From worker 8:		num_both_changed: 		184848
      From worker 8:	
      From worker 8:	data processed and exported
      From worker 12:	replicate complete, ran 20000000 generations:
      From worker 12:	
      From worker 12:		num_imitating:			9996844
      From worker 12:		num_not_imitating:		10003156
      From worker 12:		num_strategies_changed:  	151915
      From worker 12:			num_random_strategies: 	9997
      From worker 12:		num_sets_changed: 		0
      From worker 12:			num_random_opinions: 	0
      From worker 12:			num_biased_opinions: 	1247531
      From worker 12:		num_both_changed: 		0
      From worker 12:	
      From worker 12:	data processed and exported
      From worker 12:	
      From worker 12:	starting b_1.0_c_0.2_N_40_M_1_K_1_P_2_beta_0.001_u_0.001_v_0.125_p_0.0_ϵ_1.0_gens_20000000_210213-023443.365
      From worker 16:	replicate complete, ran 20000000 generations:
      From worker 16:	
      From worker 16:		num_imitating:			12500082
      From worker 16:		num_not_imitating:		7499918
      From worker 16:		num_strategies_changed:  	350799
      From worker 16:			num_random_strategies: 	12440
      From worker 16:		num_sets_changed: 		3873364
      From worker 16:			num_random_opinions: 	1952757
      From worker 16:			num_biased_opinions: 	5859566
      From worker 16:		num_both_changed: 		113250
      From worker 16:	
      From worker 16:	data processed and exported
      From worker 16:	
      From worker 16:	starting b_1.0_c_0.2_N_40_M_1_K_1_P_2_beta_0.001_u_0.001_v_0.625_p_1.0_ϵ_1.0_gens_20000000_210213-023443.365
      From worker 13:	replicate complete, ran 20000000 generations:
      From worker 13:	
      From worker 13:		num_imitating:			20000000
      From worker 13:		num_not_imitating:		0
      From worker 13:		num_strategies_changed:  	584357
      From worker 13:			num_random_strategies: 	19994
      From worker 13:		num_sets_changed: 		9396628
      From worker 13:			num_random_opinions: 	5592812
      From worker 13:			num_biased_opinions: 	0
      From worker 13:		num_both_changed: 		290371
      From worker 13:	
      From worker 13:	data processed and exported
      From worker 13:	
      From worker 13:	starting b_1.0_c_0.2_N_40_M_1_K_1_P_2_beta_0.001_u_0.001_v_0.2795084971874737_p_0.25_ϵ_1.0_gens_20000000_210213-023443.365
      From worker 14:	replicate complete, ran 20000000 generations:
      From worker 14:	
      From worker 14:		num_imitating:			17498203
      From worker 14:		num_not_imitating:		2501797
      From worker 14:		num_strategies_changed:  	506490
      From worker 14:			num_random_strategies: 	17527
      From worker 14:		num_sets_changed: 		8149070
      From worker 14:			num_random_opinions: 	3667755
      From worker 14:			num_biased_opinions: 	1222900
      From worker 14:		num_both_changed: 		251293
      From worker 14:	
      From worker 14:	data processed and exported
      From worker 14:	
      From worker 14:	starting b_1.0_c_0.2_N_40_M_1_K_1_P_2_beta_0.001_u_0.001_v_0.2795084971874737_p_0.5_ϵ_1.0_gens_20000000_210213-023443.365
      From worker 9:	replicate complete, ran 20000000 generations:
      From worker 9:	
      From worker 9:		num_imitating:			15000164
      From worker 9:		num_not_imitating:		4999836
      From worker 9:		num_strategies_changed:  	469822
      From worker 9:			num_random_strategies: 	15138
      From worker 9:		num_sets_changed: 		3776555
      From worker 9:			num_random_opinions: 	188123
      From worker 9:			num_biased_opinions: 	187754
      From worker 9:		num_both_changed: 		181159
      From worker 9:	
      From worker 9:	data processed and exported
      From worker 15:	replicate complete, ran 20000000 generations:
      From worker 15:	
      From worker 15:		num_imitating:			14999640
      From worker 15:		num_not_imitating:		5000360
      From worker 15:		num_strategies_changed:  	443397
      From worker 15:			num_random_strategies: 	14993
      From worker 15:		num_sets_changed: 		6424939
      From worker 15:			num_random_opinions: 	4688336
      From worker 15:			num_biased_opinions: 	4688827
      From worker 15:		num_both_changed: 		193404
      From worker 15:	
      From worker 15:	data processed and exported
      From worker 15:	
      From worker 15:	starting b_1.0_c_0.2_N_40_M_1_K_1_P_2_beta_0.001_u_0.001_v_0.625_p_0.75_ϵ_1.0_gens_20000000_210213-023443.365
      From worker 11:	replicate complete, ran 20000000 generations:
      From worker 11:	
      From worker 11:		num_imitating:			9998583
      From worker 11:		num_not_imitating:		10001417
      From worker 11:		num_strategies_changed:  	145186
      From worker 11:			num_random_strategies: 	9987
      From worker 11:		num_sets_changed: 		0
      From worker 11:			num_random_opinions: 	0
      From worker 11:			num_biased_opinions: 	560124
      From worker 11:		num_both_changed: 		0
      From worker 11:	
      From worker 11:	data processed and exported
      From worker 10:	replicate complete, ran 20000000 generations:
      From worker 10:	
      From worker 10:		num_imitating:			12499776
      From worker 10:		num_not_imitating:		7500224
      From worker 10:		num_strategies_changed:  	359826
      From worker 10:			num_random_strategies: 	12453
      From worker 10:		num_sets_changed: 		4246041
      From worker 10:			num_random_opinions: 	175399
      From worker 10:			num_biased_opinions: 	524563
      From worker 10:		num_both_changed: 		161249
      From worker 10:	
      From worker 10:	data processed and exported
      From worker 16:	replicate complete, ran 20000000 generations:
      From worker 16:	
      From worker 16:		num_imitating:			10003193
      From worker 16:		num_not_imitating:		9996807
      From worker 16:		num_strategies_changed:  	144670
      From worker 16:			num_random_strategies: 	9876
      From worker 16:		num_sets_changed: 		0
      From worker 16:			num_random_opinions: 	0
      From worker 16:			num_biased_opinions: 	6252850
      From worker 16:		num_both_changed: 		0
      From worker 16:	
      From worker 16:	data processed and exported
      From worker 15:	replicate complete, ran 20000000 generations:
      From worker 15:	
 Activating environment at `/tigress/mk28/CooperationPolarization2/Project.toml`
 Activating environment at `/tigress/mk28/CooperationPolarization2/Project.toml`
      From worker 15:		num_imitating:			12500227
      From worker 15:		num_not_imitating:		7499773
      From worker 15:		num_strategies_changed:  	347471
      From worker 15:			num_random_strategies: 	12609
      From worker 15:		num_sets_changed: 		3878597
      From worker 15:			num_random_opinions: 	1953126
      From worker 15:			num_biased_opinions: 	5858642
      From worker 15:		num_both_changed: 		112033
      From worker 15:	
      From worker 15:	data processed and exported
      From worker 14:	replicate complete, ran 20000000 generations:
      From worker 14:	
      From worker 14:		num_imitating:			14997859
      From worker 14:		num_not_imitating:		5002141
      From worker 14:		num_strategies_changed:  	426033
      From worker 14:			num_random_strategies: 	15103
      From worker 14:		num_sets_changed: 		6759895
      From worker 14:			num_random_opinions: 	2097447
      From worker 14:			num_biased_opinions: 	2097168
      From worker 14:		num_both_changed: 		205106
      From worker 14:	
      From worker 14:	data processed and exported
      From worker 12:	replicate complete, ran 20000000 generations:
      From worker 12:	
      From worker 12:		num_imitating:			20000000
      From worker 12:		num_not_imitating:		0
      From worker 12:		num_strategies_changed:  	591059
      From worker 12:			num_random_strategies: 	20119
      From worker 12:		num_sets_changed: 		8514031
      From worker 12:			num_random_opinions: 	2498398
      From worker 12:			num_biased_opinions: 	0
      From worker 12:		num_both_changed: 		287531
      From worker 12:	
      From worker 12:	data processed and exported
      From worker 13:	replicate complete, ran 20000000 generations:
      From worker 13:	
      From worker 13:		num_imitating:			17500670
      From worker 13:		num_not_imitating:		2499330
      From worker 13:		num_strategies_changed:  	513791
      From worker 13:			num_random_strategies: 	17433
      From worker 13:		num_sets_changed: 		8146789
      From worker 13:			num_random_opinions: 	3667369
      From worker 13:			num_biased_opinions: 	1224123
      From worker 13:		num_both_changed: 		253968
      From worker 13:	
      From worker 13:	data processed and exported
6588.610649 seconds (2.46 M allocations: 114.499 MiB, 0.00% gc time)
