packages loaded
      From worker 3:	 Activating environment at `/tigress/mk28/CooperationPolarization2/Project.toml`
      From worker 6:	 Activating environment at `/tigress/mk28/CooperationPolarization2/Project.toml`
      From worker 2:	 Activating environment at `/tigress/mk28/CooperationPolarization2/Project.toml`
      From worker 5:	 Activating environment at `/tigress/mk28/CooperationPolarization2/Project.toml`
      From worker 4:	 Activating environment at `/tigress/mk28/CooperationPolarization2/Project.toml`
      From worker 11:	 Activating environment at `/tigress/mk28/CooperationPolarization2/Project.toml`
      From worker 8:	 Activating environment at `/tigress/mk28/CooperationPolarization2/Project.toml`
      From worker 13:	 Activating environment at `/tigress/mk28/CooperationPolarization2/Project.toml`
      From worker 9:	 Activating environment at `/tigress/mk28/CooperationPolarization2/Project.toml`
      From worker 15:	 Activating environment at `/tigress/mk28/CooperationPolarization2/Project.toml`
      From worker 14:	 Activating environment at `/tigress/mk28/CooperationPolarization2/Project.toml`
      From worker 12:	 Activating environment at `/tigress/mk28/CooperationPolarization2/Project.toml`
      From worker 10:	 Activating environment at `/tigress/mk28/CooperationPolarization2/Project.toml`
      From worker 16:	 Activating environment at `/tigress/mk28/CooperationPolarization2/Project.toml`
      From worker 7:	 Activating environment at `/tigress/mk28/CooperationPolarization2/Project.toml`
      From worker 2:	packages loaded
      From worker 4:	packages loaded
      From worker 5:	packages loaded
      From worker 3:	packages loaded
      From worker 12:	packages loaded
      From worker 6:	packages loaded
      From worker 9:	packages loaded
      From worker 11:	packages loaded
      From worker 13:	packages loaded
      From worker 16:	packages loaded
      From worker 8:	packages loaded
      From worker 7:	packages loaded
      From worker 14:	packages loaded
      From worker 15:	packages loaded
      From worker 10:	packages loaded
parameters defined
      From worker 14:	
      From worker 14:	starting b_1.0_c_0.2_N_40_M_2_K_1_P_2_beta_0.001_u_0.001_v_0.2795084971874737_p_0.5_ϵ_1.0_gens_20000000_210215-155518.330
      From worker 13:	
      From worker 13:	starting b_1.0_c_0.2_N_40_M_2_K_1_P_2_beta_0.001_u_0.001_v_0.125_p_0.25_ϵ_1.0_gens_20000000_210215-155518.330
      From worker 12:	
      From worker 12:	starting b_1.0_c_0.2_N_40_M_2_K_1_P_2_beta_0.001_u_0.001_v_0.125_p_0.0_ϵ_1.0_gens_20000000_210215-155518.330
      From worker 11:	
      From worker 11:	starting b_1.0_c_0.2_N_40_M_2_K_1_P_2_beta_0.001_u_0.001_v_0.055901699437494755_p_1.0_ϵ_1.0_gens_20000000_210215-155518.330
      From worker 9:	
      From worker 9:	starting b_1.0_c_0.2_N_40_M_2_K_1_P_2_beta_0.001_u_0.001_v_0.025_p_0.5_ϵ_1.0_gens_20000000_210215-155518.330
      From worker 5:	
      From worker 5:	starting b_1.0_c_0.2_N_40_M_2_K_1_P_2_beta_0.001_u_0.001_v_0.0022360679774997894_p_0.75_ϵ_1.0_gens_20000000_210215-155518.330
      From worker 4:	
      From worker 4:	starting b_1.0_c_0.2_N_40_M_2_K_1_P_2_beta_0.001_u_0.001_v_0.0022360679774997894_p_0.5_ϵ_1.0_gens_20000000_210215-155518.330
      From worker 2:	
      From worker 2:	starting b_1.0_c_0.2_N_40_M_2_K_1_P_2_beta_0.001_u_0.001_v_0.001_p_0.0_ϵ_1.0_gens_20000000_210215-155518.330
      From worker 3:	
      From worker 3:	starting b_1.0_c_0.2_N_40_M_2_K_1_P_2_beta_0.001_u_0.001_v_0.001_p_0.25_ϵ_1.0_gens_20000000_210215-155518.330
      From worker 6:	
      From worker 6:	starting b_1.0_c_0.2_N_40_M_2_K_1_P_2_beta_0.001_u_0.001_v_0.005_p_1.0_ϵ_1.0_gens_20000000_210215-155518.330
      From worker 8:	
      From worker 8:	starting b_1.0_c_0.2_N_40_M_2_K_1_P_2_beta_0.001_u_0.001_v_0.011180339887498947_p_0.25_ϵ_1.0_gens_20000000_210215-155518.330
      From worker 7:	
      From worker 7:	starting b_1.0_c_0.2_N_40_M_2_K_1_P_2_beta_0.001_u_0.001_v_0.011180339887498947_p_0.0_ϵ_1.0_gens_20000000_210215-155518.330
      From worker 10:	
      From worker 10:	starting b_1.0_c_0.2_N_40_M_2_K_1_P_2_beta_0.001_u_0.001_v_0.025_p_0.75_ϵ_1.0_gens_20000000_210215-155518.330
      From worker 16:	
      From worker 16:	starting b_1.0_c_0.2_N_40_M_2_K_1_P_2_beta_0.001_u_0.001_v_0.625_p_1.0_ϵ_1.0_gens_20000000_210215-155518.330
      From worker 15:	
      From worker 15:	starting b_1.0_c_0.2_N_40_M_2_K_1_P_2_beta_0.001_u_0.001_v_0.2795084971874737_p_0.75_ϵ_1.0_gens_20000000_210215-155518.330
      From worker 6:	replicate complete, ran 20000000 generations:
      From worker 6:	
      From worker 6:		num_imitating:			10000423
      From worker 6:		num_not_imitating:		9999577
      From worker 6:		num_strategies_changed:  	149056
      From worker 6:			num_random_strategies: 	10132
      From worker 6:		num_sets_changed: 		448942
      From worker 6:			num_random_opinions: 	0
      From worker 6:			num_biased_opinions: 	49488
      From worker 6:		num_both_changed: 		13231
      From worker 6:	
      From worker 6:	data processed and exported
      From worker 6:	
      From worker 6:	starting b_1.0_c_0.2_N_40_M_2_K_1_P_2_beta_0.001_u_0.001_v_0.005_p_0.0_ϵ_1.0_gens_20000000_210215-155518.330
      From worker 3:	replicate complete, ran 20000000 generations:
      From worker 3:	
      From worker 3:		num_imitating:			17500567
      From worker 3:		num_not_imitating:		2499433
      From worker 3:		num_strategies_changed:  	469130
      From worker 3:			num_random_strategies: 	17425
      From worker 3:		num_sets_changed: 		483217
      From worker 3:			num_random_opinions: 	13116
      From worker 3:			num_biased_opinions: 	4389
      From worker 3:		num_both_changed: 		19132
      From worker 3:	
      From worker 3:	data processed and exported
      From worker 3:	
      From worker 3:	starting b_1.0_c_0.2_N_40_M_2_K_1_P_2_beta_0.001_u_0.001_v_0.001_p_0.5_ϵ_1.0_gens_20000000_210215-155518.330
      From worker 5:	replicate complete, ran 20000000 generations:
      From worker 5:	
      From worker 5:		num_imitating:			12497670
      From worker 5:		num_not_imitating:		7502330
      From worker 5:		num_strategies_changed:  	373117
      From worker 5:			num_random_strategies: 	12463
      From worker 5:		num_sets_changed: 		746568
      From worker 5:			num_random_opinions: 	6920
      From worker 5:			num_biased_opinions: 	20787
      From worker 5:		num_both_changed: 		39126
      From worker 5:	
      From worker 2:	replicate complete, ran 20000000 generations:
      From worker 2:	
      From worker 2:		num_imitating:			20000000
      From worker 2:		num_not_imitating:		0
      From worker 2:		num_strategies_changed:  	567583
      From worker 2:			num_random_strategies: 	20079
      From worker 2:		num_sets_changed: 		539684
      From worker 2:			num_random_opinions: 	19735
      From worker 2:			num_biased_opinions: 	0
      From worker 2:		num_both_changed: 		29589
      From worker 2:	
      From worker 2:	data processed and exported
      From worker 5:	data processed and exported
      From worker 2:	
      From worker 2:	starting b_1.0_c_0.2_N_40_M_2_K_1_P_2_beta_0.001_u_0.001_v_0.001_p_0.25_ϵ_1.0_gens_20000000_210215-155518.330
      From worker 5:	
      From worker 5:	starting b_1.0_c_0.2_N_40_M_2_K_1_P_2_beta_0.001_u_0.001_v_0.0022360679774997894_p_1.0_ϵ_1.0_gens_20000000_210215-155518.330
      From worker 4:	replicate complete, ran 20000000 generations:
      From worker 4:	
      From worker 4:		num_imitating:			15001600
      From worker 4:		num_not_imitating:		4998400
      From worker 4:		num_strategies_changed:  	441740
      From worker 4:			num_random_strategies: 	15046
      From worker 4:		num_sets_changed: 		914920
      From worker 4:			num_random_opinions: 	16578
      From worker 4:			num_biased_opinions: 	16837
      From worker 4:		num_both_changed: 		49410
      From worker 4:	
      From worker 4:	data processed and exported
      From worker 4:	
      From worker 4:	starting b_1.0_c_0.2_N_40_M_2_K_1_P_2_beta_0.001_u_0.001_v_0.0022360679774997894_p_0.75_ϵ_1.0_gens_20000000_210215-155518.330
      From worker 11:	replicate complete, ran 20000000 generations:
      From worker 11:	
      From worker 11:		num_imitating:			9998622
      From worker 11:		num_not_imitating:		10001378
      From worker 11:		num_strategies_changed:  	148730
      From worker 11:			num_random_strategies: 	10168
      From worker 11:		num_sets_changed: 		2682868
      From worker 11:			num_random_opinions: 	0
      From worker 11:			num_biased_opinions: 	557628
      From worker 11:		num_both_changed: 		57293
      From worker 11:	
      From worker 11:	data processed and exported
      From worker 11:	
      From worker 11:	starting b_1.0_c_0.2_N_40_M_2_K_1_P_2_beta_0.001_u_0.001_v_0.055901699437494755_p_0.0_ϵ_1.0_gens_20000000_210215-155518.330
      From worker 16:	replicate complete, ran 20000000 generations:
      From worker 16:	
      From worker 16:		num_imitating:			9998800
      From worker 16:		num_not_imitating:		10001200
      From worker 16:		num_strategies_changed:  	152335
      From worker 16:			num_random_strategies: 	10089
      From worker 16:		num_sets_changed: 		4852684
      From worker 16:			num_random_opinions: 	0
      From worker 16:			num_biased_opinions: 	6249684
      From worker 16:		num_both_changed: 		75926
      From worker 16:	
      From worker 8:	replicate complete, ran 20000000 generations:
      From worker 8:	
      From worker 8:		num_imitating:			17500900
      From worker 8:		num_not_imitating:		2499100
      From worker 8:		num_strategies_changed:  	492645
      From worker 8:			num_random_strategies: 	17482
      From worker 8:		num_sets_changed: 		3976808
      From worker 8:			num_random_opinions: 	147219
      From worker 8:			num_biased_opinions: 	49052
      From worker 8:		num_both_changed: 		185222
      From worker 8:	
      From worker 16:	data processed and exported
      From worker 16:	
      From worker 16:	starting b_1.0_c_0.2_N_40_M_2_K_1_P_2_beta_0.001_u_0.001_v_0.625_p_0.0_ϵ_1.0_gens_20000000_210215-155518.330
      From worker 8:	data processed and exported
      From worker 8:	
      From worker 8:	starting b_1.0_c_0.2_N_40_M_2_K_1_P_2_beta_0.001_u_0.001_v_0.011180339887498947_p_0.5_ϵ_1.0_gens_20000000_210215-155518.330
      From worker 7:	replicate complete, ran 20000000 generations:
      From worker 7:	
      From worker 7:		num_imitating:			20000000
      From worker 7:		num_not_imitating:		0
      From worker 7:		num_strategies_changed:  	544005
      From worker 7:			num_random_strategies: 	20002
      From worker 7:		num_sets_changed: 		4528076
      From worker 7:			num_random_opinions: 	223539
      From worker 7:			num_biased_opinions: 	0
      From worker 7:		num_both_changed: 		206959
      From worker 7:	
      From worker 7:	data processed and exported
      From worker 10:	replicate complete, ran 20000000 generations:
      From worker 10:	
      From worker 10:		num_imitating:			12503217
      From worker 10:		num_not_imitating:		7496783
      From worker 10:		num_strategies_changed:  	368664
      From worker 10:			num_random_strategies: 	12540
      From worker 10:		num_sets_changed: 		4553749
      From worker 10:			num_random_opinions: 	78768
      From worker 10:			num_biased_opinions: 	234313
      From worker 10:		num_both_changed: 		204512
      From worker 10:	
      From worker 7:	
      From worker 7:	starting b_1.0_c_0.2_N_40_M_2_K_1_P_2_beta_0.001_u_0.001_v_0.011180339887498947_p_0.25_ϵ_1.0_gens_20000000_210215-155518.330
      From worker 10:	data processed and exported
      From worker 10:	
      From worker 10:	starting b_1.0_c_0.2_N_40_M_2_K_1_P_2_beta_0.001_u_0.001_v_0.025_p_1.0_ϵ_1.0_gens_20000000_210215-155518.330
      From worker 9:	replicate complete, ran 20000000 generations:
      From worker 9:	
      From worker 9:		num_imitating:			15003617
      From worker 9:		num_not_imitating:		4996383
      From worker 9:		num_strategies_changed:  	424028
      From worker 9:			num_random_strategies: 	14923
      From worker 9:		num_sets_changed: 		5562253
      From worker 9:			num_random_opinions: 	187600
      From worker 9:			num_biased_opinions: 	187449
      From worker 9:		num_both_changed: 		233457
      From worker 9:	
      From worker 9:	data processed and exported
      From worker 9:	
      From worker 9:	starting b_1.0_c_0.2_N_40_M_2_K_1_P_2_beta_0.001_u_0.001_v_0.025_p_0.75_ϵ_1.0_gens_20000000_210215-155518.330
      From worker 15:	replicate complete, ran 20000000 generations:
      From worker 15:	
      From worker 15:		num_imitating:			12498063
      From worker 15:		num_not_imitating:		7501937
      From worker 15:		num_strategies_changed:  	375535
      From worker 15:			num_random_strategies: 	12595
      From worker 15:		num_sets_changed: 		8252078
      From worker 15:			num_random_opinions: 	873743
      From worker 15:			num_biased_opinions: 	2619631
      From worker 15:		num_both_changed: 		268476
      From worker 15:	
      From worker 15:	data processed and exported
      From worker 15:	
      From worker 15:	starting b_1.0_c_0.2_N_40_M_2_K_1_P_2_beta_0.001_u_0.001_v_0.2795084971874737_p_1.0_ϵ_1.0_gens_20000000_210215-155518.330
      From worker 14:	replicate complete, ran 20000000 generations:
      From worker 14:	
      From worker 14:		num_imitating:			14997119
      From worker 14:		num_not_imitating:		5002881
      From worker 14:		num_strategies_changed:  	419865
      From worker 14:			num_random_strategies: 	14788
      From worker 14:		num_sets_changed: 		10365426
      From worker 14:			num_random_opinions: 	2095247
      From worker 14:			num_biased_opinions: 	2096720
      From worker 14:		num_both_changed: 		309491
      From worker 14:	
      From worker 14:	data processed and exported
      From worker 14:	
      From worker 14:	starting b_1.0_c_0.2_N_40_M_2_K_1_P_2_beta_0.001_u_0.001_v_0.2795084971874737_p_0.75_ϵ_1.0_gens_20000000_210215-155518.330
      From worker 13:	replicate complete, ran 20000000 generations:
      From worker 13:	
      From worker 13:		num_imitating:			17499103
      From worker 13:		num_not_imitating:		2500897
      From worker 13:		num_strategies_changed:  	503819
      From worker 13:			num_random_strategies: 	17405
      From worker 13:		num_sets_changed: 		11112052
      From worker 13:			num_random_opinions: 	1640495
      From worker 13:			num_biased_opinions: 	545803
      From worker 13:		num_both_changed: 		368086
      From worker 13:	
      From worker 13:	data processed and exported
      From worker 13:	
      From worker 13:	starting b_1.0_c_0.2_N_40_M_2_K_1_P_2_beta_0.001_u_0.001_v_0.125_p_0.5_ϵ_1.0_gens_20000000_210215-155518.330
      From worker 12:	replicate complete, ran 20000000 generations:
      From worker 12:	
      From worker 12:		num_imitating:			20000000
      From worker 12:		num_not_imitating:		0
      From worker 12:		num_strategies_changed:  	576941
      From worker 12:			num_random_strategies: 	20033
      From worker 12:		num_sets_changed: 		12736524
      From worker 12:			num_random_opinions: 	2498695
      From worker 12:			num_biased_opinions: 	0
      From worker 12:		num_both_changed: 		421342
      From worker 12:	
      From worker 12:	data processed and exported
      From worker 12:	
      From worker 12:	starting b_1.0_c_0.2_N_40_M_2_K_1_P_2_beta_0.001_u_0.001_v_0.125_p_0.25_ϵ_1.0_gens_20000000_210215-155518.330
      From worker 5:	replicate complete, ran 20000000 generations:
      From worker 5:	
      From worker 5:		num_imitating:			9999730
      From worker 5:		num_not_imitating:		10000270
      From worker 5:		num_strategies_changed:  	139876
      From worker 5:			num_random_strategies: 	9910
      From worker 5:		num_sets_changed: 		213163
      From worker 5:			num_random_opinions: 	0
      From worker 5:			num_biased_opinions: 	22479
      From worker 5:		num_both_changed: 		5863
      From worker 5:	
      From worker 5:	data processed and exported
      From worker 5:	
      From worker 5:	starting b_1.0_c_0.2_N_40_M_2_K_1_P_2_beta_0.001_u_0.001_v_0.005_p_0.0_ϵ_1.0_gens_20000000_210215-155518.330
      From worker 3:	replicate complete, ran 20000000 generations:
      From worker 3:	
      From worker 3:		num_imitating:			15002952
      From worker 3:		num_not_imitating:		4997048
      From worker 3:		num_strategies_changed:  	445423
      From worker 3:			num_random_strategies: 	14949
      From worker 3:		num_sets_changed: 		417517
      From worker 3:			num_random_opinions: 	7539
      From worker 3:			num_biased_opinions: 	7551
      From worker 3:		num_both_changed: 		25281
      From worker 3:	
      From worker 3:	data processed and exported
      From worker 3:	
      From worker 3:	starting b_1.0_c_0.2_N_40_M_2_K_1_P_2_beta_0.001_u_0.001_v_0.001_p_0.75_ϵ_1.0_gens_20000000_210215-155518.330
      From worker 2:	replicate complete, ran 20000000 generations:
      From worker 2:	
      From worker 2:		num_imitating:			17499369
      From worker 2:		num_not_imitating:		2500631
      From worker 2:		num_strategies_changed:  	503157
      From worker 2:			num_random_strategies: 	17312
      From worker 2:		num_sets_changed: 		477287
      From worker 2:			num_random_opinions: 	13264
      From worker 2:			num_biased_opinions: 	4349
      From worker 2:		num_both_changed: 		19842
      From worker 2:	
      From worker 2:	data processed and exported
      From worker 2:	
      From worker 2:	starting b_1.0_c_0.2_N_40_M_2_K_1_P_2_beta_0.001_u_0.001_v_0.001_p_0.5_ϵ_1.0_gens_20000000_210215-155518.330
      From worker 4:	replicate complete, ran 20000000 generations:
      From worker 4:	
      From worker 4:		num_imitating:			12498677
      From worker 4:		num_not_imitating:		7501323
      From worker 4:		num_strategies_changed:  	344673
      From worker 4:			num_random_strategies: 	12350
      From worker 4:		num_sets_changed: 		777532
      From worker 4:			num_random_opinions: 	6975
      From worker 4:			num_biased_opinions: 	20964
      From worker 4:		num_both_changed: 		45984
      From worker 4:	
      From worker 4:	data processed and exported
      From worker 4:	
      From worker 4:	starting b_1.0_c_0.2_N_40_M_2_K_1_P_2_beta_0.001_u_0.001_v_0.0022360679774997894_p_1.0_ϵ_1.0_gens_20000000_210215-155518.330
      From worker 6:	replicate complete, ran 20000000 generations:
      From worker 6:	
      From worker 6:		num_imitating:			20000000
      From worker 6:		num_not_imitating:		0
      From worker 6:		num_strategies_changed:  	582254
      From worker 6:			num_random_strategies: 	20077
      From worker 6:		num_sets_changed: 		2417474
      From worker 6:			num_random_opinions: 	100025
      From worker 6:			num_biased_opinions: 	0
      From worker 6:		num_both_changed: 		113641
      From worker 6:	
      From worker 6:	data processed and exported
      From worker 6:	
      From worker 6:	starting b_1.0_c_0.2_N_40_M_2_K_1_P_2_beta_0.001_u_0.001_v_0.005_p_0.25_ϵ_1.0_gens_20000000_210215-155518.330
      From worker 10:	replicate complete, ran 20000000 generations:
      From worker 10:	
      From worker 10:		num_imitating:			9999977
      From worker 10:		num_not_imitating:		10000023
      From worker 10:		num_strategies_changed:  	142568
      From worker 10:			num_random_strategies: 	10053
      From worker 10:		num_sets_changed: 		1664750
      From worker 10:			num_random_opinions: 	0
      From worker 10:			num_biased_opinions: 	249355
      From worker 10:		num_both_changed: 		36838
      From worker 10:	
      From worker 10:	data processed and exported
      From worker 10:	
      From worker 10:	starting b_1.0_c_0.2_N_40_M_2_K_1_P_2_beta_0.001_u_0.001_v_0.055901699437494755_p_0.0_ϵ_1.0_gens_20000000_210215-155518.330
      From worker 8:	replicate complete, ran 20000000 generations:
      From worker 8:	
      From worker 8:		num_imitating:			14998377
      From worker 8:		num_not_imitating:		5001623
      From worker 8:		num_strategies_changed:  	456670
      From worker 8:			num_random_strategies: 	14714
      From worker 8:		num_sets_changed: 		3349043
      From worker 8:			num_random_opinions: 	83667
      From worker 8:			num_biased_opinions: 	83446
      From worker 8:		num_both_changed: 		168773
      From worker 8:	
      From worker 8:	data processed and exported
      From worker 8:	
      From worker 8:	starting b_1.0_c_0.2_N_40_M_2_K_1_P_2_beta_0.001_u_0.001_v_0.011180339887498947_p_0.75_ϵ_1.0_gens_20000000_210215-155518.330
      From worker 7:	replicate complete, ran 20000000 generations:
      From worker 7:	
      From worker 7:		num_imitating:			17501133
      From worker 7:		num_not_imitating:		2498867
      From worker 7:		num_strategies_changed:  	497251
      From worker 7:			num_random_strategies: 	17430
      From worker 7:		num_sets_changed: 		4039569
      From worker 7:			num_random_opinions: 	146919
      From worker 7:			num_biased_opinions: 	49082
      From worker 7:		num_both_changed: 		196462
      From worker 7:	
      From worker 7:	data processed and exported
      From worker 7:	
      From worker 7:	starting b_1.0_c_0.2_N_40_M_2_K_1_P_2_beta_0.001_u_0.001_v_0.011180339887498947_p_0.5_ϵ_1.0_gens_20000000_210215-155518.330
      From worker 9:	replicate complete, ran 20000000 generations:
      From worker 9:	
      From worker 9:		num_imitating:			12506396
      From worker 9:		num_not_imitating:		7493604
      From worker 9:		num_strategies_changed:  	369264
      From worker 9:			num_random_strategies: 	12519
      From worker 9:		num_sets_changed: 		4559846
      From worker 9:			num_random_opinions: 	78087
      From worker 9:			num_biased_opinions: 	234612
      From worker 9:		num_both_changed: 		208766
      From worker 9:	
      From worker 9:	data processed and exported
      From worker 9:	
      From worker 9:	starting b_1.0_c_0.2_N_40_M_2_K_1_P_2_beta_0.001_u_0.001_v_0.025_p_1.0_ϵ_1.0_gens_20000000_210215-155518.330
      From worker 15:	replicate complete, ran 20000000 generations:
      From worker 15:	
      From worker 15:		num_imitating:			10000311
      From worker 15:		num_not_imitating:		9999689
      From worker 15:		num_strategies_changed:  	153476
      From worker 15:			num_random_strategies: 	10055
      From worker 15:		num_sets_changed: 		4424265
      From worker 15:			num_random_opinions: 	0
      From worker 15:			num_biased_opinions: 	2795366
      From worker 15:		num_both_changed: 		75243
      From worker 15:	
      From worker 15:	data processed and exported
      From worker 15:	
      From worker 15:	starting b_1.0_c_0.2_N_40_M_2_K_1_P_2_beta_0.001_u_0.001_v_0.625_p_0.0_ϵ_1.0_gens_20000000_210215-155518.330
      From worker 11:	replicate complete, ran 20000000 generations:
      From worker 11:	
      From worker 11:		num_imitating:			20000000
      From worker 11:		num_not_imitating:		0
      From worker 11:		num_strategies_changed:  	567851
      From worker 11:			num_random_strategies: 	19949
      From worker 11:		num_sets_changed: 		10444161
      From worker 11:			num_random_opinions: 	1118509
      From worker 11:			num_biased_opinions: 	0
      From worker 11:		num_both_changed: 		379827
      From worker 11:	
      From worker 11:	data processed and exported
      From worker 11:	
      From worker 11:	starting b_1.0_c_0.2_N_40_M_2_K_1_P_2_beta_0.001_u_0.001_v_0.055901699437494755_p_0.25_ϵ_1.0_gens_20000000_210215-155518.330
      From worker 3:	replicate complete, ran 20000000 generations:
      From worker 3:	
      From worker 3:		num_imitating:			12498506
      From worker 3:		num_not_imitating:		7501494
      From worker 3:		num_strategies_changed:  	351628
      From worker 3:			num_random_strategies: 	12550
      From worker 3:		num_sets_changed: 		334018
      From worker 3:			num_random_opinions: 	3079
      From worker 3:			num_biased_opinions: 	9389
      From worker 3:		num_both_changed: 		16811
      From worker 3:	
      From worker 3:	data processed and exported
      From worker 3:	
      From worker 3:	starting b_1.0_c_0.2_N_40_M_2_K_1_P_2_beta_0.001_u_0.001_v_0.001_p_1.0_ϵ_1.0_gens_20000000_210215-155518.330
      From worker 2:	replicate complete, ran 20000000 generations:
      From worker 2:	
      From worker 2:		num_imitating:			15000211
      From worker 2:		num_not_imitating:		4999789
      From worker 2:		num_strategies_changed:  	397262
      From worker 2:			num_random_strategies: 	15055
      From worker 2:		num_sets_changed: 		406978
      From worker 2:			num_random_opinions: 	7486
      From worker 2:			num_biased_opinions: 	7504
      From worker 2:		num_both_changed: 		22855
      From worker 2:	
      From worker 2:	data processed and exported
      From worker 2:	
      From worker 2:	starting b_1.0_c_0.2_N_40_M_2_K_1_P_2_beta_0.001_u_0.001_v_0.001_p_0.75_ϵ_1.0_gens_20000000_210215-155518.330
      From worker 4:	replicate complete, ran 20000000 generations:
      From worker 4:	
      From worker 4:		num_imitating:			9999193
      From worker 4:		num_not_imitating:		10000807
      From worker 4:		num_strategies_changed:  	142518
      From worker 4:			num_random_strategies: 	10007
      From worker 4:		num_sets_changed: 		214687
      From worker 4:			num_random_opinions: 	0
      From worker 4:			num_biased_opinions: 	22227
      From worker 4:		num_both_changed: 		5733
      From worker 4:	
      From worker 4:	data processed and exported
      From worker 4:	
      From worker 4:	starting b_1.0_c_0.2_N_40_M_2_K_1_P_2_beta_0.001_u_0.001_v_0.0022360679774997894_p_0.0_ϵ_1.0_gens_20000000_210215-155518.330
      From worker 5:	replicate complete, ran 20000000 generations:
      From worker 5:	
      From worker 5:		num_imitating:			20000000
      From worker 5:		num_not_imitating:		0
      From worker 5:		num_strategies_changed:  	577241
      From worker 5:			num_random_strategies: 	19935
      From worker 5:		num_sets_changed: 		2401824
      From worker 5:			num_random_opinions: 	100353
      From worker 5:			num_biased_opinions: 	0
      From worker 5:		num_both_changed: 		135837
      From worker 5:	
      From worker 5:	data processed and exported
      From worker 5:	
      From worker 5:	starting b_1.0_c_0.2_N_40_M_2_K_1_P_2_beta_0.001_u_0.001_v_0.005_p_0.25_ϵ_1.0_gens_20000000_210215-155518.330
      From worker 14:	replicate complete, ran 20000000 generations:
      From worker 14:	
      From worker 14:		num_imitating:			12500338
      From worker 14:		num_not_imitating:		7499662
      From worker 14:		num_strategies_changed:  	349819
      From worker 14:			num_random_strategies: 	12428
      From worker 14:		num_sets_changed: 		8258048
      From worker 14:			num_random_opinions: 	874150
      From worker 14:			num_biased_opinions: 	2621153
      From worker 14:		num_both_changed: 		249588
      From worker 14:	
      From worker 14:	data processed and exported
      From worker 14:	
      From worker 14:	starting b_1.0_c_0.2_N_40_M_2_K_1_P_2_beta_0.001_u_0.001_v_0.2795084971874737_p_1.0_ϵ_1.0_gens_20000000_210215-155518.330
      From worker 6:	replicate complete, ran 20000000 generations:
      From worker 6:	
      From worker 6:		num_imitating:			17499727
      From worker 6:		num_not_imitating:		2500273
      From worker 6:		num_strategies_changed:  	490244
      From worker 6:			num_random_strategies: 	17474
      From worker 6:		num_sets_changed: 		2085379
      From worker 6:			num_random_opinions: 	65835
      From worker 6:			num_biased_opinions: 	21766
      From worker 6:		num_both_changed: 		107646
      From worker 6:	
      From worker 6:	data processed and exported
      From worker 6:	
      From worker 6:	starting b_1.0_c_0.2_N_40_M_2_K_1_P_2_beta_0.001_u_0.001_v_0.005_p_0.5_ϵ_1.0_gens_20000000_210215-155518.330
      From worker 16:	replicate complete, ran 20000000 generations:
      From worker 16:	
      From worker 16:		num_imitating:			20000000
      From worker 16:		num_not_imitating:		0
      From worker 16:		num_strategies_changed:  	607142
      From worker 16:			num_random_strategies: 	19776
      From worker 16:		num_sets_changed: 		14775179
      From worker 16:			num_random_opinions: 	12498642
      From worker 16:			num_biased_opinions: 	0
      From worker 16:		num_both_changed: 		455160
      From worker 16:	
      From worker 16:	data processed and exported
      From worker 16:	
      From worker 16:	starting b_1.0_c_0.2_N_40_M_2_K_1_P_2_beta_0.001_u_0.001_v_0.625_p_0.25_ϵ_1.0_gens_20000000_210215-155518.330
      From worker 13:	replicate complete, ran 20000000 generations:
      From worker 13:	
      From worker 13:		num_imitating:			15000163
      From worker 13:		num_not_imitating:		4999837
      From worker 13:		num_strategies_changed:  	407345
      From worker 13:			num_random_strategies: 	14978
      From worker 13:		num_sets_changed: 		9444470
      From worker 13:			num_random_opinions: 	938360
      From worker 13:			num_biased_opinions: 	938364
      From worker 13:		num_both_changed: 		297481
      From worker 13:	
      From worker 13:	data processed and exported
      From worker 13:	
      From worker 13:	starting b_1.0_c_0.2_N_40_M_2_K_1_P_2_beta_0.001_u_0.001_v_0.125_p_0.75_ϵ_1.0_gens_20000000_210215-155518.330
      From worker 12:	replicate complete, ran 20000000 generations:
      From worker 12:	
      From worker 12:		num_imitating:			17500869
      From worker 12:		num_not_imitating:		2499131
      From worker 12:		num_strategies_changed:  	476181
      From worker 12:			num_random_strategies: 	17645
      From worker 12:		num_sets_changed: 		11099801
      From worker 12:			num_random_opinions: 	1639143
      From worker 12:			num_biased_opinions: 	546819
      From worker 12:		num_both_changed: 		346140
      From worker 12:	
      From worker 12:	data processed and exported
      From worker 12:	
      From worker 12:	starting b_1.0_c_0.2_N_40_M_2_K_1_P_2_beta_0.001_u_0.001_v_0.125_p_0.5_ϵ_1.0_gens_20000000_210215-155518.330
      From worker 8:	replicate complete, ran 20000000 generations:
      From worker 8:	
      From worker 8:		num_imitating:			12501044
      From worker 8:		num_not_imitating:		7498956
      From worker 8:		num_strategies_changed:  	349996
      From worker 8:			num_random_strategies: 	12510
      From worker 8:		num_sets_changed: 		2788435
      From worker 8:			num_random_opinions: 	34942
      From worker 8:			num_biased_opinions: 	104744
      From worker 8:		num_both_changed: 		129950
      From worker 8:	
      From worker 8:	data processed and exported
      From worker 8:	
      From worker 8:	starting b_1.0_c_0.2_N_40_M_2_K_1_P_2_beta_0.001_u_0.001_v_0.011180339887498947_p_1.0_ϵ_1.0_gens_20000000_210215-155518.330
      From worker 9:	replicate complete, ran 20000000 generations:
      From worker 9:	
      From worker 9:		num_imitating:			9996082
      From worker 9:		num_not_imitating:		10003918
      From worker 9:		num_strategies_changed:  	145736
      From worker 9:			num_random_strategies: 	9925
      From worker 9:		num_sets_changed: 		1672385
      From worker 9:			num_random_opinions: 	0
      From worker 9:			num_biased_opinions: 	250057
      From worker 9:		num_both_changed: 		40724
      From worker 9:	
      From worker 9:	data processed and exported
      From worker 9:	
      From worker 9:	starting b_1.0_c_0.2_N_40_M_2_K_1_P_2_beta_0.001_u_0.001_v_0.025_p_0.0_ϵ_1.0_gens_20000000_210215-155518.330
      From worker 7:	replicate complete, ran 20000000 generations:
      From worker 7:	
      From worker 7:		num_imitating:			15003308
      From worker 7:		num_not_imitating:		4996692
      From worker 7:		num_strategies_changed:  	451437
      From worker 7:			num_random_strategies: 	14989
      From worker 7:		num_sets_changed: 		3323449
      From worker 7:			num_random_opinions: 	83949
      From worker 7:			num_biased_opinions: 	83814
      From worker 7:		num_both_changed: 		160722
      From worker 7:	
      From worker 7:	data processed and exported
      From worker 7:	
      From worker 7:	starting b_1.0_c_0.2_N_40_M_2_K_1_P_2_beta_0.001_u_0.001_v_0.011180339887498947_p_0.75_ϵ_1.0_gens_20000000_210215-155518.330
      From worker 3:	replicate complete, ran 20000000 generations:
      From worker 3:	
      From worker 3:		num_imitating:			10000337
      From worker 3:		num_not_imitating:		9999663
      From worker 3:		num_strategies_changed:  	143192
      From worker 3:			num_random_strategies: 	10069
      From worker 3:		num_sets_changed: 		99207
      From worker 3:			num_random_opinions: 	0
      From worker 3:			num_biased_opinions: 	9919
      From worker 3:		num_both_changed: 		3562
      From worker 3:	
      From worker 3:	data processed and exported
      From worker 3:	
      From worker 3:	starting b_1.0_c_0.2_N_40_M_2_K_1_P_2_beta_0.001_u_0.001_v_0.0022360679774997894_p_0.0_ϵ_1.0_gens_20000000_210215-155518.330
      From worker 2:	replicate complete, ran 20000000 generations:
      From worker 2:	
      From worker 2:		num_imitating:			12502927
      From worker 2:		num_not_imitating:		7497073
      From worker 2:		num_strategies_changed:  	347649
      From worker 2:			num_random_strategies: 	12401
      From worker 2:		num_sets_changed: 		359469
      From worker 2:			num_random_opinions: 	3164
      From worker 2:			num_biased_opinions: 	9251
      From worker 2:		num_both_changed: 		23357
      From worker 2:	
      From worker 2:	data processed and exported
      From worker 2:	
      From worker 2:	starting b_1.0_c_0.2_N_40_M_2_K_1_P_2_beta_0.001_u_0.001_v_0.001_p_1.0_ϵ_1.0_gens_20000000_210215-155518.330
      From worker 4:	replicate complete, ran 20000000 generations:
      From worker 4:	
      From worker 4:		num_imitating:			20000000
      From worker 4:		num_not_imitating:		0
      From worker 4:		num_strategies_changed:  	579099
      From worker 4:			num_random_strategies: 	20001
      From worker 4:		num_sets_changed: 		1151554
      From worker 4:			num_random_opinions: 	44687
      From worker 4:			num_biased_opinions: 	0
      From worker 4:		num_both_changed: 		65583
      From worker 4:	
      From worker 4:	data processed and exported
      From worker 4:	
      From worker 4:	starting b_1.0_c_0.2_N_40_M_2_K_1_P_2_beta_0.001_u_0.001_v_0.0022360679774997894_p_0.25_ϵ_1.0_gens_20000000_210215-155518.330
      From worker 10:	replicate complete, ran 20000000 generations:
      From worker 10:	
      From worker 10:		num_imitating:			20000000
      From worker 10:		num_not_imitating:		0
      From worker 10:		num_strategies_changed:  	542476
      From worker 10:			num_random_strategies: 	19976
      From worker 10:		num_sets_changed: 		10463258
      From worker 10:			num_random_opinions: 	1118160
      From worker 10:			num_biased_opinions: 	0
      From worker 10:		num_both_changed: 		366464
      From worker 10:	
      From worker 10:	data processed and exported
      From worker 10:	
      From worker 10:	starting b_1.0_c_0.2_N_40_M_2_K_1_P_2_beta_0.001_u_0.001_v_0.055901699437494755_p_0.25_ϵ_1.0_gens_20000000_210215-155518.330
      From worker 5:	replicate complete, ran 20000000 generations:
      From worker 5:	
      From worker 5:		num_imitating:			17498438
      From worker 5:		num_not_imitating:		2501562
      From worker 5:		num_strategies_changed:  	514387
      From worker 5:			num_random_strategies: 	17484
      From worker 5:		num_sets_changed: 		2107577
      From worker 5:			num_random_opinions: 	65436
      From worker 5:			num_biased_opinions: 	21862
      From worker 5:		num_both_changed: 		108973
      From worker 5:	
      From worker 5:	data processed and exported
      From worker 5:	
      From worker 5:	starting b_1.0_c_0.2_N_40_M_2_K_1_P_2_beta_0.001_u_0.001_v_0.005_p_0.5_ϵ_1.0_gens_20000000_210215-155518.330
      From worker 6:	replicate complete, ran 20000000 generations:
      From worker 6:	
      From worker 6:		num_imitating:			14998010
      From worker 6:		num_not_imitating:		5001990
      From worker 6:		num_strategies_changed:  	445500
      From worker 6:			num_random_strategies: 	14818
      From worker 6:		num_sets_changed: 		1784459
      From worker 6:			num_random_opinions: 	37237
      From worker 6:			num_biased_opinions: 	37482
      From worker 6:		num_both_changed: 		94489
      From worker 6:	
      From worker 6:	data processed and exported
      From worker 6:	
      From worker 6:	starting b_1.0_c_0.2_N_40_M_2_K_1_P_2_beta_0.001_u_0.001_v_0.005_p_0.75_ϵ_1.0_gens_20000000_210215-155518.330
      From worker 14:	replicate complete, ran 20000000 generations:
      From worker 14:	
      From worker 14:		num_imitating:			9997368
      From worker 14:		num_not_imitating:		10002632
      From worker 14:		num_strategies_changed:  	144772
      From worker 14:			num_random_strategies: 	9824
      From worker 14:		num_sets_changed: 		4426581
      From worker 14:			num_random_opinions: 	0
      From worker 14:			num_biased_opinions: 	2794075
      From worker 14:		num_both_changed: 		71052
      From worker 14:	
      From worker 14:	data processed and exported
      From worker 14:	
      From worker 14:	starting b_1.0_c_0.2_N_40_M_2_K_1_P_2_beta_0.001_u_0.001_v_0.2795084971874737_p_0.0_ϵ_1.0_gens_20000000_210215-155518.330
      From worker 11:	replicate complete, ran 20000000 generations:
      From worker 11:	
      From worker 11:		num_imitating:			17500411
      From worker 11:		num_not_imitating:		2499589
      From worker 11:		num_strategies_changed:  	485000
      From worker 11:			num_random_strategies: 	17582
      From worker 11:		num_sets_changed: 		9125530
      From worker 11:			num_random_opinions: 	734588
      From worker 11:			num_biased_opinions: 	244143
      From worker 11:		num_both_changed: 		324830
      From worker 11:	
      From worker 11:	data processed and exported
      From worker 11:	
      From worker 11:	starting b_1.0_c_0.2_N_40_M_2_K_1_P_2_beta_0.001_u_0.001_v_0.055901699437494755_p_0.5_ϵ_1.0_gens_20000000_210215-155518.330
      From worker 8:	replicate complete, ran 20000000 generations:
      From worker 8:	
      From worker 8:		num_imitating:			10000339
      From worker 8:		num_not_imitating:		9999661
      From worker 8:		num_strategies_changed:  	143828
      From worker 8:			num_random_strategies: 	10008
      From worker 8:		num_sets_changed: 		909043
      From worker 8:			num_random_opinions: 	0
      From worker 8:			num_biased_opinions: 	111118
      From worker 8:		num_both_changed: 		23920
      From worker 8:	
      From worker 8:	data processed and exported
      From worker 8:	
      From worker 8:	starting b_1.0_c_0.2_N_40_M_2_K_1_P_2_beta_0.001_u_0.001_v_0.025_p_0.0_ϵ_1.0_gens_20000000_210215-155518.330
      From worker 15:	replicate complete, ran 20000000 generations:
      From worker 15:	
      From worker 15:		num_imitating:			20000000
      From worker 15:		num_not_imitating:		0
      From worker 15:		num_strategies_changed:  	600517
      From worker 15:			num_random_strategies: 	19864
      From worker 15:		num_sets_changed: 		14776643
      From worker 15:			num_random_opinions: 	12500654
      From worker 15:			num_biased_opinions: 	0
      From worker 15:		num_both_changed: 		450014
      From worker 15:	
      From worker 15:	data processed and exported
      From worker 15:	
      From worker 15:	starting b_1.0_c_0.2_N_40_M_2_K_1_P_2_beta_0.001_u_0.001_v_0.625_p_0.25_ϵ_1.0_gens_20000000_210215-155518.330
      From worker 13:	replicate complete, ran 20000000 generations:
      From worker 13:	
      From worker 13:		num_imitating:			12498544
      From worker 13:		num_not_imitating:		7501456
      From worker 13:		num_strategies_changed:  	354436
      From worker 13:			num_random_strategies: 	12467
      From worker 13:		num_sets_changed: 		7675628
      From worker 13:			num_random_opinions: 	390044
      From worker 13:			num_biased_opinions: 	1170630
      From worker 13:		num_both_changed: 		255666
      From worker 13:	
      From worker 13:	data processed and exported
      From worker 13:	
      From worker 13:	starting b_1.0_c_0.2_N_40_M_2_K_1_P_2_beta_0.001_u_0.001_v_0.125_p_1.0_ϵ_1.0_gens_20000000_210215-155518.330
      From worker 3:	replicate complete, ran 20000000 generations:
      From worker 3:	
      From worker 3:		num_imitating:			20000000
      From worker 3:		num_not_imitating:		0
      From worker 3:		num_strategies_changed:  	590136
      From worker 3:			num_random_strategies: 	20005
      From worker 3:		num_sets_changed: 		1218572
      From worker 3:			num_random_opinions: 	44896
      From worker 3:			num_biased_opinions: 	0
      From worker 3:		num_both_changed: 		69357
      From worker 3:	
      From worker 3:	data processed and exported
      From worker 3:	
      From worker 3:	starting b_1.0_c_0.2_N_40_M_2_K_1_P_2_beta_0.001_u_0.001_v_0.0022360679774997894_p_0.25_ϵ_1.0_gens_20000000_210215-155518.330
      From worker 2:	replicate complete, ran 20000000 generations:
      From worker 2:	
      From worker 2:		num_imitating:			10000305
      From worker 2:		num_not_imitating:		9999695
      From worker 2:		num_strategies_changed:  	143422
      From worker 2:			num_random_strategies: 	9933
      From worker 2:		num_sets_changed: 		91959
      From worker 2:			num_random_opinions: 	0
      From worker 2:			num_biased_opinions: 	9974
      From worker 2:		num_both_changed: 		2323
      From worker 2:	
      From worker 7:	replicate complete, ran 20000000 generations:
      From worker 7:	
      From worker 7:		num_imitating:			12506160
      From worker 7:		num_not_imitating:		7493840
      From worker 7:		num_strategies_changed:  	367027
      From worker 7:			num_random_strategies: 	12593
      From worker 7:		num_sets_changed: 		2799036
      From worker 7:			num_random_opinions: 	34905
      From worker 7:			num_biased_opinions: 	105026
      From worker 7:		num_both_changed: 		138311
      From worker 7:	
      From worker 2:	data processed and exported
      From worker 2:	
      From worker 2:	starting b_1.0_c_0.2_N_40_M_2_K_1_P_2_beta_0.001_u_0.001_v_0.001_p_0.0_ϵ_1.0_gens_20000000_210215-155518.330
      From worker 7:	data processed and exported
      From worker 7:	
      From worker 7:	starting b_1.0_c_0.2_N_40_M_2_K_1_P_2_beta_0.001_u_0.001_v_0.011180339887498947_p_1.0_ϵ_1.0_gens_20000000_210215-155518.330
      From worker 16:	replicate complete, ran 20000000 generations:
      From worker 16:	
      From worker 16:		num_imitating:			17497772
      From worker 16:		num_not_imitating:		2502228
      From worker 16:		num_strategies_changed:  	503296
      From worker 16:			num_random_strategies: 	17376
      From worker 16:		num_sets_changed: 		12796463
      From worker 16:			num_random_opinions: 	8198976
      From worker 16:			num_biased_opinions: 	2735669
      From worker 16:		num_both_changed: 		373984
      From worker 16:	
      From worker 16:	data processed and exported
      From worker 16:	
      From worker 16:	starting b_1.0_c_0.2_N_40_M_2_K_1_P_2_beta_0.001_u_0.001_v_0.625_p_0.5_ϵ_1.0_gens_20000000_210215-155518.330
      From worker 4:	replicate complete, ran 20000000 generations:
      From worker 4:	
      From worker 4:		num_imitating:			17499562
      From worker 4:		num_not_imitating:		2500438
      From worker 4:		num_strategies_changed:  	488695
      From worker 4:			num_random_strategies: 	17496
      From worker 4:		num_sets_changed: 		1028568
      From worker 4:			num_random_opinions: 	29284
      From worker 4:			num_biased_opinions: 	9817
      From worker 4:		num_both_changed: 		57812
      From worker 4:	
      From worker 4:	data processed and exported
      From worker 4:	
      From worker 4:	starting b_1.0_c_0.2_N_40_M_2_K_1_P_2_beta_0.001_u_0.001_v_0.0022360679774997894_p_0.5_ϵ_1.0_gens_20000000_210215-155518.330
      From worker 12:	replicate complete, ran 20000000 generations:
      From worker 12:	
      From worker 12:		num_imitating:			15000779
      From worker 12:		num_not_imitating:		4999221
      From worker 12:		num_strategies_changed:  	443511
      From worker 12:			num_random_strategies: 	15141
      From worker 12:		num_sets_changed: 		9435629
      From worker 12:			num_random_opinions: 	937630
      From worker 12:			num_biased_opinions: 	937271
      From worker 12:		num_both_changed: 		320982
      From worker 12:	
      From worker 12:	data processed and exported
      From worker 12:	
      From worker 12:	starting b_1.0_c_0.2_N_40_M_2_K_1_P_2_beta_0.001_u_0.001_v_0.125_p_0.75_ϵ_1.0_gens_20000000_210215-155518.330
      From worker 9:	replicate complete, ran 20000000 generations:
      From worker 9:	
      From worker 9:		num_imitating:			20000000
      From worker 9:		num_not_imitating:		0
      From worker 9:		num_strategies_changed:  	588448
      From worker 9:			num_random_strategies: 	19910
      From worker 9:		num_sets_changed: 		7409353
      From worker 9:			num_random_opinions: 	499361
      From worker 9:			num_biased_opinions: 	0
      From worker 9:		num_both_changed: 		314434
      From worker 9:	
      From worker 9:	data processed and exported
      From worker 9:	
      From worker 9:	starting b_1.0_c_0.2_N_40_M_2_K_1_P_2_beta_0.001_u_0.001_v_0.025_p_0.25_ϵ_1.0_gens_20000000_210215-155518.330
      From worker 5:	replicate complete, ran 20000000 generations:
      From worker 5:	
      From worker 5:		num_imitating:			14997628
      From worker 5:		num_not_imitating:		5002372
      From worker 5:		num_strategies_changed:  	434385
      From worker 5:			num_random_strategies: 	14873
      From worker 5:		num_sets_changed: 		1815058
      From worker 5:			num_random_opinions: 	37589
      From worker 5:			num_biased_opinions: 	37680
      From worker 5:		num_both_changed: 		95549
      From worker 5:	
      From worker 5:	data processed and exported
      From worker 5:	
      From worker 5:	starting b_1.0_c_0.2_N_40_M_2_K_1_P_2_beta_0.001_u_0.001_v_0.005_p_0.75_ϵ_1.0_gens_20000000_210215-155518.330
      From worker 6:	replicate complete, ran 20000000 generations:
      From worker 6:	
      From worker 6:		num_imitating:			12499587
      From worker 6:		num_not_imitating:		7500413
      From worker 6:		num_strategies_changed:  	369077
      From worker 6:			num_random_strategies: 	12554
      From worker 6:		num_sets_changed: 		1474163
      From worker 6:			num_random_opinions: 	15794
      From worker 6:			num_biased_opinions: 	46971
      From worker 6:		num_both_changed: 		81967
      From worker 6:	
      From worker 6:	data processed and exported
      From worker 6:	
      From worker 6:	starting b_1.0_c_0.2_N_40_M_2_K_1_P_2_beta_0.001_u_0.001_v_0.005_p_1.0_ϵ_1.0_gens_20000000_210215-155518.330
      From worker 10:	replicate complete, ran 20000000 generations:
      From worker 10:	
      From worker 10:		num_imitating:			17499876
      From worker 10:		num_not_imitating:		2500124
      From worker 10:		num_strategies_changed:  	511226
      From worker 10:			num_random_strategies: 	17802
      From worker 10:		num_sets_changed: 		9105481
      From worker 10:			num_random_opinions: 	732995
      From worker 10:			num_biased_opinions: 	245164
      From worker 10:		num_both_changed: 		343445
      From worker 10:	
      From worker 10:	data processed and exported
      From worker 10:	
      From worker 10:	starting b_1.0_c_0.2_N_40_M_2_K_1_P_2_beta_0.001_u_0.001_v_0.055901699437494755_p_0.5_ϵ_1.0_gens_20000000_210215-155518.330
      From worker 7:	replicate complete, ran 20000000 generations:
      From worker 7:	
      From worker 7:		num_imitating:			9998536
      From worker 7:		num_not_imitating:		10001464
      From worker 7:		num_strategies_changed:  	155128
      From worker 7:			num_random_strategies: 	9931
      From worker 7:		num_sets_changed: 		905281
      From worker 7:			num_random_opinions: 	0
      From worker 7:			num_biased_opinions: 	111760
      From worker 7:		num_both_changed: 		24228
      From worker 7:	
      From worker 2:	replicate complete, ran 20000000 generations:
      From worker 2:	
      From worker 2:		num_imitating:			20000000
      From worker 2:		num_not_imitating:		0
      From worker 2:		num_strategies_changed:  	583153
      From worker 2:			num_random_strategies: 	20202
      From worker 2:		num_sets_changed: 		578828
      From worker 2:			num_random_opinions: 	19788
      From worker 2:			num_biased_opinions: 	0
      From worker 2:		num_both_changed: 		29711
      From worker 2:	
      From worker 3:	replicate complete, ran 20000000 generations:
      From worker 3:	
      From worker 3:		num_imitating:			17500898
      From worker 3:		num_not_imitating:		2499102
      From worker 3:		num_strategies_changed:  	536795
      From worker 3:			num_random_strategies: 	17657
      From worker 3:		num_sets_changed: 		1021009
      From worker 3:			num_random_opinions: 	29303
      From worker 3:			num_biased_opinions: 	9886
      From worker 3:		num_both_changed: 		54141
      From worker 3:	
      From worker 7:	data processed and exported
      From worker 7:	
      From worker 7:	starting b_1.0_c_0.2_N_40_M_2_K_1_P_2_beta_0.001_u_0.001_v_0.011180339887498947_p_0.0_ϵ_1.0_gens_20000000_210215-155518.330
      From worker 2:	data processed and exported
      From worker 3:	data processed and exported
      From worker 11:	replicate complete, ran 20000000 generations:
      From worker 11:	
      From worker 11:		num_imitating:			15001068
      From worker 11:		num_not_imitating:		4998932
      From worker 11:		num_strategies_changed:  	439007
      From worker 11:			num_random_strategies: 	15080
      From worker 11:		num_sets_changed: 		7759606
      From worker 11:			num_random_opinions: 	418574
      From worker 11:			num_biased_opinions: 	420069
      From worker 11:		num_both_changed: 		294294
      From worker 11:	
      From worker 11:	data processed and exported
      From worker 11:	
      From worker 11:	starting b_1.0_c_0.2_N_40_M_2_K_1_P_2_beta_0.001_u_0.001_v_0.055901699437494755_p_0.75_ϵ_1.0_gens_20000000_210215-155518.330
      From worker 13:	replicate complete, ran 20000000 generations:
      From worker 13:	
      From worker 13:		num_imitating:			10000465
      From worker 13:		num_not_imitating:		9999535
      From worker 13:		num_strategies_changed:  	145363
      From worker 13:			num_random_strategies: 	9871
      From worker 13:		num_sets_changed: 		3685573
      From worker 13:			num_random_opinions: 	0
      From worker 13:			num_biased_opinions: 	1250340
      From worker 13:		num_both_changed: 		66508
      From worker 13:	
      From worker 13:	data processed and exported
      From worker 13:	
      From worker 13:	starting b_1.0_c_0.2_N_40_M_2_K_1_P_2_beta_0.001_u_0.001_v_0.2795084971874737_p_0.0_ϵ_1.0_gens_20000000_210215-155518.330
      From worker 8:	replicate complete, ran 20000000 generations:
      From worker 8:	
      From worker 8:		num_imitating:			20000000
      From worker 8:		num_not_imitating:		0
      From worker 8:		num_strategies_changed:  	584686
      From worker 8:			num_random_strategies: 	20129
      From worker 8:		num_sets_changed: 		7440835
      From worker 8:			num_random_opinions: 	499937
      From worker 8:			num_biased_opinions: 	0
      From worker 8:		num_both_changed: 		321207
      From worker 8:	
      From worker 8:	data processed and exported
      From worker 8:	
      From worker 8:	starting b_1.0_c_0.2_N_40_M_2_K_1_P_2_beta_0.001_u_0.001_v_0.025_p_0.25_ϵ_1.0_gens_20000000_210215-155518.330
      From worker 4:	replicate complete, ran 20000000 generations:
      From worker 4:	
      From worker 4:		num_imitating:			15000428
      From worker 4:		num_not_imitating:		4999572
      From worker 4:		num_strategies_changed:  	420280
      From worker 4:			num_random_strategies: 	15115
      From worker 4:		num_sets_changed: 		868186
      From worker 4:			num_random_opinions: 	16644
      From worker 4:			num_biased_opinions: 	16518
      From worker 4:		num_both_changed: 		45191
      From worker 4:	
      From worker 4:	data processed and exported
      From worker 6:	replicate complete, ran 20000000 generations:
      From worker 6:	
      From worker 6:		num_imitating:			10004387
      From worker 6:		num_not_imitating:		9995613
      From worker 6:		num_strategies_changed:  	153793
      From worker 6:			num_random_strategies: 	10047
      From worker 6:		num_sets_changed: 		442953
      From worker 6:			num_random_opinions: 	0
      From worker 6:			num_biased_opinions: 	49899
      From worker 6:		num_both_changed: 		11381
      From worker 6:	
      From worker 6:	data processed and exported
      From worker 5:	replicate complete, ran 20000000 generations:
      From worker 5:	
      From worker 5:		num_imitating:			12497968
      From worker 5:		num_not_imitating:		7502032
      From worker 5:		num_strategies_changed:  	387053
      From worker 5:			num_random_strategies: 	12746
      From worker 5:		num_sets_changed: 		1507630
      From worker 5:			num_random_opinions: 	15578
      From worker 5:			num_biased_opinions: 	46930
      From worker 5:		num_both_changed: 		91121
      From worker 5:	
      From worker 14:	replicate complete, ran 20000000 generations:
      From worker 14:	
      From worker 14:		num_imitating:			20000000
      From worker 14:		num_not_imitating:		0
      From worker 14:		num_strategies_changed:  	582686
      From worker 14:			num_random_strategies: 	19896
      From worker 14:		num_sets_changed: 		14081848
      From worker 14:			num_random_opinions: 	5591244
      From worker 14:			num_biased_opinions: 	0
      From worker 14:		num_both_changed: 		434026
      From worker 14:	
      From worker 5:	data processed and exported
      From worker 14:	data processed and exported
      From worker 14:	
      From worker 14:	starting b_1.0_c_0.2_N_40_M_2_K_1_P_2_beta_0.001_u_0.001_v_0.2795084971874737_p_0.25_ϵ_1.0_gens_20000000_210215-155518.330
      From worker 9:	replicate complete, ran 20000000 generations:
      From worker 9:	
      From worker 9:		num_imitating:			17499810
      From worker 9:		num_not_imitating:		2500190
      From worker 9:		num_strategies_changed:  	514251
      From worker 9:			num_random_strategies: 	17510
      From worker 9:		num_sets_changed: 		6489995
      From worker 9:			num_random_opinions: 	328187
      From worker 9:			num_biased_opinions: 	109438
      From worker 9:		num_both_changed: 		281535
      From worker 9:	
      From worker 9:	data processed and exported
      From worker 9:	
      From worker 9:	starting b_1.0_c_0.2_N_40_M_2_K_1_P_2_beta_0.001_u_0.001_v_0.025_p_0.5_ϵ_1.0_gens_20000000_210215-155518.330
      From worker 12:	replicate complete, ran 20000000 generations:
      From worker 12:	
      From worker 12:		num_imitating:			12499316
      From worker 12:		num_not_imitating:		7500684
      From worker 12:		num_strategies_changed:  	377587
      From worker 12:			num_random_strategies: 	12560
      From worker 12:		num_sets_changed: 		7681152
      From worker 12:			num_random_opinions: 	390697
      From worker 12:			num_biased_opinions: 	1173015
      From worker 12:		num_both_changed: 		273081
      From worker 12:	
      From worker 12:	data processed and exported
      From worker 12:	
      From worker 12:	starting b_1.0_c_0.2_N_40_M_2_K_1_P_2_beta_0.001_u_0.001_v_0.125_p_1.0_ϵ_1.0_gens_20000000_210215-155518.330
      From worker 15:	replicate complete, ran 20000000 generations:
      From worker 15:	
      From worker 15:		num_imitating:			17499798
      From worker 15:		num_not_imitating:		2500202
      From worker 15:		num_strategies_changed:  	511838
      From worker 15:			num_random_strategies: 	17523
      From worker 15:		num_sets_changed: 		12796214
      From worker 15:			num_random_opinions: 	8203002
      From worker 15:			num_biased_opinions: 	2732905
      From worker 15:		num_both_changed: 		380350
      From worker 15:	
      From worker 15:	data processed and exported
      From worker 15:	
      From worker 15:	starting b_1.0_c_0.2_N_40_M_2_K_1_P_2_beta_0.001_u_0.001_v_0.625_p_0.5_ϵ_1.0_gens_20000000_210215-155518.330
      From worker 16:	replicate complete, ran 20000000 generations:
      From worker 16:	
      From worker 16:		num_imitating:			14998060
      From worker 16:		num_not_imitating:		5001940
      From worker 16:		num_strategies_changed:  	445506
      From worker 16:			num_random_strategies: 	15233
      From worker 16:		num_sets_changed: 		10573842
      From worker 16:			num_random_opinions: 	4686588
      From worker 16:			num_biased_opinions: 	4686036
      From worker 16:		num_both_changed: 		320386
      From worker 16:	
      From worker 16:	data processed and exported
      From worker 16:	
      From worker 16:	starting b_1.0_c_0.2_N_40_M_2_K_1_P_2_beta_0.001_u_0.001_v_0.625_p_0.75_ϵ_1.0_gens_20000000_210215-155518.330
      From worker 7:	replicate complete, ran 20000000 generations:
      From worker 7:	
      From worker 7:		num_imitating:			20000000
      From worker 7:		num_not_imitating:		0
      From worker 7:		num_strategies_changed:  	550742
      From worker 7:			num_random_strategies: 	19962
      From worker 7:		num_sets_changed: 		4512863
      From worker 7:			num_random_opinions: 	223214
      From worker 7:			num_biased_opinions: 	0
      From worker 7:		num_both_changed: 		199371
      From worker 7:	
      From worker 7:	data processed and exported
      From worker 10:	replicate complete, ran 20000000 generations:
      From worker 10:	
      From worker 10:		num_imitating:			14999882
      From worker 10:		num_not_imitating:		5000118
      From worker 10:		num_strategies_changed:  	436987
      From worker 10:			num_random_strategies: 	15179
      From worker 10:		num_sets_changed: 		7748024
      From worker 10:			num_random_opinions: 	418607
      From worker 10:			num_biased_opinions: 	419250
      From worker 10:		num_both_changed: 		292792
      From worker 10:	
      From worker 10:	data processed and exported
      From worker 10:	
      From worker 10:	starting b_1.0_c_0.2_N_40_M_2_K_1_P_2_beta_0.001_u_0.001_v_0.055901699437494755_p_0.75_ϵ_1.0_gens_20000000_210215-155518.330
      From worker 11:	replicate complete, ran 20000000 generations:
      From worker 11:	
      From worker 11:		num_imitating:			12499471
      From worker 11:		num_not_imitating:		7500529
      From worker 11:		num_strategies_changed:  	375626
      From worker 11:			num_random_strategies: 	12513
      From worker 11:		num_sets_changed: 		6379213
      From worker 11:			num_random_opinions: 	175551
      From worker 11:			num_biased_opinions: 	524350
      From worker 11:		num_both_changed: 		258014
      From worker 11:	
      From worker 11:	data processed and exported
      From worker 11:	
      From worker 11:	starting b_1.0_c_0.2_N_40_M_2_K_1_P_2_beta_0.001_u_0.001_v_0.055901699437494755_p_1.0_ϵ_1.0_gens_20000000_210215-155518.330
      From worker 8:	replicate complete, ran 20000000 generations:
      From worker 8:	
      From worker 8:		num_imitating:			17496706
      From worker 8:		num_not_imitating:		2503294
      From worker 8:		num_strategies_changed:  	483977
      From worker 8:			num_random_strategies: 	17364
      From worker 8:		num_sets_changed: 		6455100
      From worker 8:			num_random_opinions: 	327675
      From worker 8:			num_biased_opinions: 	109217
      From worker 8:		num_both_changed: 		266192
      From worker 8:	
      From worker 8:	data processed and exported
      From worker 12:	replicate complete, ran 20000000 generations:
      From worker 12:	
      From worker 12:		num_imitating:			9998313
      From worker 12:		num_not_imitating:		10001687
      From worker 12:		num_strategies_changed:  	144858
      From worker 12:			num_random_strategies: 	9984
      From worker 12:		num_sets_changed: 		3685300
      From worker 12:			num_random_opinions: 	0
      From worker 12:			num_biased_opinions: 	1251503
      From worker 12:		num_both_changed: 		66330
      From worker 12:	
      From worker 12:	data processed and exported
      From worker 12:	
      From worker 12:	starting b_1.0_c_0.2_N_40_M_2_K_1_P_2_beta_0.001_u_0.001_v_0.125_p_0.0_ϵ_1.0_gens_20000000_210215-155518.330
      From worker 13:	replicate complete, ran 20000000 generations:
      From worker 13:	
      From worker 13:		num_imitating:			20000000
      From worker 13:		num_not_imitating:		0
      From worker 13:		num_strategies_changed:  	608896
      From worker 13:			num_random_strategies: 	20033
      From worker 13:		num_sets_changed: 		14084297
      From worker 13:			num_random_opinions: 	5588257
      From worker 13:			num_biased_opinions: 	0
      From worker 13:		num_both_changed: 		453924
      From worker 13:	
      From worker 13:	data processed and exported
      From worker 13:	
      From worker 13:	starting b_1.0_c_0.2_N_40_M_2_K_1_P_2_beta_0.001_u_0.001_v_0.2795084971874737_p_0.25_ϵ_1.0_gens_20000000_210215-155518.330
      From worker 9:	replicate complete, ran 20000000 generations:
      From worker 9:	
      From worker 9:		num_imitating:			14997882
      From worker 9:		num_not_imitating:		5002118
      From worker 9:		num_strategies_changed:  	415575
      From worker 9:			num_random_strategies: 	15042
      From worker 9:		num_sets_changed: 		5562337
      From worker 9:			num_random_opinions: 	187958
      From worker 9:			num_biased_opinions: 	187777
      From worker 9:		num_both_changed: 		231543
      From worker 9:	
      From worker 9:	data processed and exported
      From worker 14:	replicate complete, ran 20000000 generations:
      From worker 14:	
      From worker 14:		num_imitating:			17499484
      From worker 14:		num_not_imitating:		2500516
      From worker 14:		num_strategies_changed:  	510235
      From worker 14:			num_random_strategies: 	17487
      From worker 14:		num_sets_changed: 		12271017
      From worker 14:			num_random_opinions: 	3672304
      From worker 14:			num_biased_opinions: 	1222934
      From worker 14:		num_both_changed: 		379742
      From worker 14:	
      From worker 14:	data processed and exported
      From worker 14:	
      From worker 14:	starting b_1.0_c_0.2_N_40_M_2_K_1_P_2_beta_0.001_u_0.001_v_0.2795084971874737_p_0.5_ϵ_1.0_gens_20000000_210215-155518.330
      From worker 16:	replicate complete, ran 20000000 generations:
      From worker 16:	
      From worker 16:		num_imitating:			12496902
      From worker 16:		num_not_imitating:		7503098
      From worker 16:		num_strategies_changed:  	362151
      From worker 16:			num_random_strategies: 	12550
      From worker 16:		num_sets_changed: 		8050251
      From worker 16:			num_random_opinions: 	1950546
      From worker 16:			num_biased_opinions: 	5857638
      From worker 16:		num_both_changed: 		239344
      From worker 16:	
      From worker 16:	data processed and exported
      From worker 16:	
      From worker 16:	starting b_1.0_c_0.2_N_40_M_2_K_1_P_2_beta_0.001_u_0.001_v_0.625_p_1.0_ϵ_1.0_gens_20000000_210215-155518.330
      From worker 15:	replicate complete, ran 20000000 generations:
      From worker 15:	
      From worker 15:		num_imitating:			14999785
      From worker 15:		num_not_imitating:		5000215
      From worker 15:		num_strategies_changed:  	433624
      From worker 15:			num_random_strategies: 	15051
      From worker 15:		num_sets_changed: 		10575371
      From worker 15:			num_random_opinions: 	4685136
      From worker 15:			num_biased_opinions: 	4688980
      From worker 15:		num_both_changed: 		311414
      From worker 15:	
      From worker 15:	data processed and exported
      From worker 15:	
      From worker 15:	starting b_1.0_c_0.2_N_40_M_2_K_1_P_2_beta_0.001_u_0.001_v_0.625_p_0.75_ϵ_1.0_gens_20000000_210215-155518.330
      From worker 11:	replicate complete, ran 20000000 generations:
      From worker 11:	
      From worker 11:		num_imitating:			10003146
      From worker 11:		num_not_imitating:		9996854
      From worker 11:		num_strategies_changed:  	145560
      From worker 11:			num_random_strategies: 	10024
      From worker 11:		num_sets_changed: 		2691193
      From worker 11:			num_random_opinions: 	0
      From worker 11:			num_biased_opinions: 	559978
      From worker 11:		num_both_changed: 		55328
      From worker 11:	
      From worker 11:	data processed and exported
      From worker 10:	replicate complete, ran 20000000 generations:
      From worker 10:	
      From worker 10:		num_imitating:			12495649
      From worker 10:		num_not_imitating:		7504351
      From worker 10:		num_strategies_changed:  	367760
      From worker 10:			num_random_strategies: 	12587
      From worker 10:		num_sets_changed: 		6378563
      From worker 10:			num_random_opinions: 	174546
      From worker 10:			num_biased_opinions: 	523492
      From worker 10:		num_both_changed: 		254242
      From worker 10:	
      From worker 10:	data processed and exported
      From worker 16:	replicate complete, ran 20000000 generations:
      From worker 16:	
      From worker 16:		num_imitating:			10001623
      From worker 16:		num_not_imitating:		9998377
      From worker 16:		num_strategies_changed:  	151309
      From worker 16:			num_random_strategies: 	9948
      From worker 16:		num_sets_changed: 		4854542
      From worker 16:			num_random_opinions: 	0
      From worker 16:			num_biased_opinions: 	6248153
 Activating environment at `/tigress/mk28/CooperationPolarization2/Project.toml`
 Activating environment at `/tigress/mk28/CooperationPolarization2/Project.toml`
      From worker 16:		num_both_changed: 		75068
      From worker 16:	
      From worker 16:	data processed and exported
      From worker 12:	replicate complete, ran 20000000 generations:
      From worker 12:	
      From worker 12:		num_imitating:			20000000
      From worker 12:		num_not_imitating:		0
      From worker 12:		num_strategies_changed:  	569430
      From worker 12:			num_random_strategies: 	20312
      From worker 12:		num_sets_changed: 		12730987
      From worker 12:			num_random_opinions: 	2500333
      From worker 12:			num_biased_opinions: 	0
      From worker 12:		num_both_changed: 		413855
      From worker 12:	
      From worker 12:	data processed and exported
      From worker 13:	replicate complete, ran 20000000 generations:
      From worker 13:	
      From worker 13:		num_imitating:			17501850
      From worker 13:		num_not_imitating:		2498150
      From worker 13:		num_strategies_changed:  	496791
      From worker 13:			num_random_strategies: 	17570
      From worker 13:		num_sets_changed: 		12272013
      From worker 13:			num_random_opinions: 	3669552
      From worker 13:			num_biased_opinions: 	1222688
      From worker 13:		num_both_changed: 		370292
      From worker 13:	
      From worker 13:	data processed and exported
      From worker 14:	replicate complete, ran 20000000 generations:
      From worker 14:	
      From worker 14:		num_imitating:			15001145
      From worker 14:		num_not_imitating:		4998855
      From worker 14:		num_strategies_changed:  	431470
      From worker 14:			num_random_strategies: 	14915
      From worker 14:		num_sets_changed: 		10366793
      From worker 14:			num_random_opinions: 	2094831
      From worker 14:			num_biased_opinions: 	2097185
      From worker 14:		num_both_changed: 		318245
      From worker 14:	
      From worker 14:	data processed and exported
      From worker 15:	replicate complete, ran 20000000 generations:
      From worker 15:	
      From worker 15:		num_imitating:			12504917
      From worker 15:		num_not_imitating:		7495083
      From worker 15:		num_strategies_changed:  	371531
      From worker 15:			num_random_strategies: 	12329
      From worker 15:		num_sets_changed: 		8055837
      From worker 15:			num_random_opinions: 	1952550
      From worker 15:			num_biased_opinions: 	5862444
      From worker 15:		num_both_changed: 		245178
      From worker 15:	
      From worker 15:	data processed and exported
8366.971560 seconds (2.57 M allocations: 117.395 MiB, 0.00% gc time)
