packages loaded
      From worker 3:	 Activating environment at `/tigress/mk28/CooperationPolarization2/Project.toml`
      From worker 5:	 Activating environment at `/tigress/mk28/CooperationPolarization2/Project.toml`
      From worker 6:	 Activating environment at `/tigress/mk28/CooperationPolarization2/Project.toml`
      From worker 4:	 Activating environment at `/tigress/mk28/CooperationPolarization2/Project.toml`
      From worker 2:	 Activating environment at `/tigress/mk28/CooperationPolarization2/Project.toml`
      From worker 11:	 Activating environment at `/tigress/mk28/CooperationPolarization2/Project.toml`
      From worker 12:	 Activating environment at `/tigress/mk28/CooperationPolarization2/Project.toml`
      From worker 13:	 Activating environment at `/tigress/mk28/CooperationPolarization2/Project.toml`
      From worker 10:	 Activating environment at `/tigress/mk28/CooperationPolarization2/Project.toml`
      From worker 15:	 Activating environment at `/tigress/mk28/CooperationPolarization2/Project.toml`
      From worker 8:	 Activating environment at `/tigress/mk28/CooperationPolarization2/Project.toml`
      From worker 7:	 Activating environment at `/tigress/mk28/CooperationPolarization2/Project.toml`
      From worker 14:	 Activating environment at `/tigress/mk28/CooperationPolarization2/Project.toml`
      From worker 16:	 Activating environment at `/tigress/mk28/CooperationPolarization2/Project.toml`
      From worker 9:	 Activating environment at `/tigress/mk28/CooperationPolarization2/Project.toml`
      From worker 2:	packages loaded
      From worker 3:	packages loaded
      From worker 6:	packages loaded
      From worker 4:	packages loaded
      From worker 11:	packages loaded
      From worker 7:	packages loaded
      From worker 5:	packages loaded
      From worker 10:	packages loaded
      From worker 12:	packages loaded
      From worker 15:	packages loaded
      From worker 16:	packages loaded
      From worker 13:	packages loaded
      From worker 8:	packages loaded
      From worker 14:	packages loaded
      From worker 9:	packages loaded
parameters defined
      From worker 14:	
      From worker 14:	starting b_1.0_c_0.2_N_40_M_1_K_1_P_2_beta_0.001_u_0.001_v_0.2795084971874737_p_0.5_ϵ_1.0_gens_20000000_210220-041154.975
      From worker 11:	
      From worker 11:	starting b_1.0_c_0.2_N_40_M_1_K_1_P_2_beta_0.001_u_0.001_v_0.055901699437494755_p_1.0_ϵ_1.0_gens_20000000_210220-041154.975
      From worker 3:	
      From worker 3:	starting b_1.0_c_0.2_N_40_M_1_K_1_P_2_beta_0.001_u_0.001_v_0.001_p_0.25_ϵ_1.0_gens_20000000_210220-041154.975
      From worker 12:	
      From worker 12:	starting b_1.0_c_0.2_N_40_M_1_K_1_P_2_beta_0.001_u_0.001_v_0.125_p_0.0_ϵ_1.0_gens_20000000_210220-041154.975
      From worker 8:	
      From worker 8:	starting b_1.0_c_0.2_N_40_M_1_K_1_P_2_beta_0.001_u_0.001_v_0.011180339887498947_p_0.25_ϵ_1.0_gens_20000000_210220-041154.975
      From worker 2:	
      From worker 2:	starting b_1.0_c_0.2_N_40_M_1_K_1_P_2_beta_0.001_u_0.001_v_0.001_p_0.0_ϵ_1.0_gens_20000000_210220-041154.975
      From worker 5:	
      From worker 5:	starting b_1.0_c_0.2_N_40_M_1_K_1_P_2_beta_0.001_u_0.001_v_0.0022360679774997894_p_0.75_ϵ_1.0_gens_20000000_210220-041154.975
      From worker 15:	
      From worker 15:	starting b_1.0_c_0.2_N_40_M_1_K_1_P_2_beta_0.001_u_0.001_v_0.2795084971874737_p_0.75_ϵ_1.0_gens_20000000_210220-041154.975
      From worker 10:	
      From worker 10:	starting b_1.0_c_0.2_N_40_M_1_K_1_P_2_beta_0.001_u_0.001_v_0.025_p_0.75_ϵ_1.0_gens_20000000_210220-041154.975
      From worker 16:	
      From worker 16:	starting b_1.0_c_0.2_N_40_M_1_K_1_P_2_beta_0.001_u_0.001_v_0.625_p_1.0_ϵ_1.0_gens_20000000_210220-041154.975
      From worker 7:	
      From worker 7:	starting b_1.0_c_0.2_N_40_M_1_K_1_P_2_beta_0.001_u_0.001_v_0.011180339887498947_p_0.0_ϵ_1.0_gens_20000000_210220-041154.975
      From worker 13:	
      From worker 13:	starting b_1.0_c_0.2_N_40_M_1_K_1_P_2_beta_0.001_u_0.001_v_0.125_p_0.25_ϵ_1.0_gens_20000000_210220-041154.975
      From worker 6:	
      From worker 6:	starting b_1.0_c_0.2_N_40_M_1_K_1_P_2_beta_0.001_u_0.001_v_0.005_p_1.0_ϵ_1.0_gens_20000000_210220-041154.975
      From worker 4:	
      From worker 4:	starting b_1.0_c_0.2_N_40_M_1_K_1_P_2_beta_0.001_u_0.001_v_0.0022360679774997894_p_0.5_ϵ_1.0_gens_20000000_210220-041154.975
      From worker 9:	
      From worker 9:	starting b_1.0_c_0.2_N_40_M_1_K_1_P_2_beta_0.001_u_0.001_v_0.025_p_0.5_ϵ_1.0_gens_20000000_210220-041154.975
      From worker 11:	replicate complete, ran 20000000 generations:
      From worker 11:	
      From worker 11:		num_imitating:			10000528
      From worker 11:		num_not_imitating:		9999472
      From worker 11:		num_strategies_changed:  	141893
      From worker 11:			num_random_strategies: 	9979
      From worker 11:		num_sets_changed: 		0
      From worker 11:			num_random_opinions: 	0
      From worker 11:			num_biased_opinions: 	558593
      From worker 11:		num_both_changed: 		0
      From worker 11:	
      From worker 11:	data processed and exported
      From worker 11:	
      From worker 11:	starting b_1.0_c_0.2_N_40_M_1_K_1_P_2_beta_0.001_u_0.001_v_0.055901699437494755_p_0.0_ϵ_1.0_gens_20000000_210220-041154.975
      From worker 16:	replicate complete, ran 20000000 generations:
      From worker 16:	
      From worker 16:		num_imitating:			10002334
      From worker 16:		num_not_imitating:		9997666
      From worker 16:		num_strategies_changed:  	148013
      From worker 16:			num_random_strategies: 	9891
      From worker 16:		num_sets_changed: 		0
      From worker 16:			num_random_opinions: 	0
      From worker 16:			num_biased_opinions: 	6253009
      From worker 16:		num_both_changed: 		0
      From worker 16:	
      From worker 16:	data processed and exported
      From worker 6:	replicate complete, ran 20000000 generations:
      From worker 6:	
      From worker 6:		num_imitating:			9997317
      From worker 6:		num_not_imitating:		10002683
      From worker 6:		num_strategies_changed:  	152009
      From worker 6:			num_random_strategies: 	10010
      From worker 6:		num_sets_changed: 		0
      From worker 6:			num_random_opinions: 	0
      From worker 6:			num_biased_opinions: 	49906
      From worker 6:		num_both_changed: 		0
      From worker 6:	
      From worker 16:	
      From worker 16:	starting b_1.0_c_0.2_N_40_M_1_K_1_P_2_beta_0.001_u_0.001_v_0.625_p_0.0_ϵ_1.0_gens_20000000_210220-041154.975
      From worker 6:	data processed and exported
      From worker 6:	
      From worker 6:	starting b_1.0_c_0.2_N_40_M_1_K_1_P_2_beta_0.001_u_0.001_v_0.005_p_0.0_ϵ_1.0_gens_20000000_210220-041154.975
      From worker 3:	replicate complete, ran 20000000 generations:
      From worker 3:	
      From worker 3:		num_imitating:			17500384
      From worker 3:		num_not_imitating:		2499616
      From worker 3:		num_strategies_changed:  	499093
      From worker 3:			num_random_strategies: 	17443
      From worker 3:		num_sets_changed: 		347002
      From worker 3:			num_random_opinions: 	13250
      From worker 3:			num_biased_opinions: 	4350
      From worker 3:		num_both_changed: 		16910
      From worker 3:	
      From worker 3:	data processed and exported
      From worker 3:	
      From worker 3:	starting b_1.0_c_0.2_N_40_M_1_K_1_P_2_beta_0.001_u_0.001_v_0.001_p_0.5_ϵ_1.0_gens_20000000_210220-041154.975
      From worker 2:	replicate complete, ran 20000000 generations:
      From worker 2:	
      From worker 2:		num_imitating:			20000000
      From worker 2:		num_not_imitating:		0
      From worker 2:		num_strategies_changed:  	574992
      From worker 2:			num_random_strategies: 	20081
      From worker 2:		num_sets_changed: 		401216
      From worker 2:			num_random_opinions: 	20100
      From worker 2:			num_biased_opinions: 	0
      From worker 2:		num_both_changed: 		26505
      From worker 2:	
      From worker 2:	data processed and exported
      From worker 2:	
      From worker 2:	starting b_1.0_c_0.2_N_40_M_1_K_1_P_2_beta_0.001_u_0.001_v_0.001_p_0.25_ϵ_1.0_gens_20000000_210220-041154.975
      From worker 4:	replicate complete, ran 20000000 generations:
      From worker 4:	
      From worker 4:		num_imitating:			15000287
      From worker 4:		num_not_imitating:		4999713
      From worker 4:		num_strategies_changed:  	416655
      From worker 4:			num_random_strategies: 	14940
      From worker 4:		num_sets_changed: 		604531
      From worker 4:			num_random_opinions: 	16533
      From worker 4:			num_biased_opinions: 	16598
      From worker 4:		num_both_changed: 		32359
      From worker 4:	
      From worker 4:	data processed and exported
      From worker 5:	replicate complete, ran 20000000 generations:
      From worker 5:	
      From worker 5:		num_imitating:			12498716
      From worker 5:		num_not_imitating:		7501284
      From worker 5:		num_strategies_changed:  	353572
      From worker 5:			num_random_strategies: 	12564
      From worker 5:		num_sets_changed: 		518992
      From worker 5:			num_random_opinions: 	6928
      From worker 5:			num_biased_opinions: 	21044
      From worker 5:		num_both_changed: 		31947
      From worker 5:	
      From worker 4:	
      From worker 4:	starting b_1.0_c_0.2_N_40_M_1_K_1_P_2_beta_0.001_u_0.001_v_0.0022360679774997894_p_0.75_ϵ_1.0_gens_20000000_210220-041154.975
      From worker 5:	data processed and exported
      From worker 5:	
      From worker 5:	starting b_1.0_c_0.2_N_40_M_1_K_1_P_2_beta_0.001_u_0.001_v_0.0022360679774997894_p_1.0_ϵ_1.0_gens_20000000_210220-041154.975
      From worker 8:	replicate complete, ran 20000000 generations:
      From worker 8:	
      From worker 8:		num_imitating:			17500006
      From worker 8:		num_not_imitating:		2499994
      From worker 8:		num_strategies_changed:  	513458
      From worker 8:			num_random_strategies: 	17647
      From worker 8:		num_sets_changed: 		2734579
      From worker 8:			num_random_opinions: 	146265
      From worker 8:			num_biased_opinions: 	48891
      From worker 8:		num_both_changed: 		132734
      From worker 8:	
      From worker 8:	data processed and exported
      From worker 8:	
      From worker 8:	starting b_1.0_c_0.2_N_40_M_1_K_1_P_2_beta_0.001_u_0.001_v_0.011180339887498947_p_0.5_ϵ_1.0_gens_20000000_210220-041154.975
      From worker 10:	replicate complete, ran 20000000 generations:
      From worker 10:	
      From worker 10:		num_imitating:			12500926
      From worker 10:		num_not_imitating:		7499074
      From worker 10:		num_strategies_changed:  	357640
      From worker 10:			num_random_strategies: 	12564
      From worker 10:		num_sets_changed: 		3058561
      From worker 10:			num_random_opinions: 	77971
      From worker 10:			num_biased_opinions: 	234452
      From worker 10:		num_both_changed: 		131578
      From worker 10:	
      From worker 10:	data processed and exported
      From worker 10:	
      From worker 10:	starting b_1.0_c_0.2_N_40_M_1_K_1_P_2_beta_0.001_u_0.001_v_0.025_p_1.0_ϵ_1.0_gens_20000000_210220-041154.975
      From worker 7:	replicate complete, ran 20000000 generations:
      From worker 7:	
      From worker 7:		num_imitating:			20000000
      From worker 7:		num_not_imitating:		0
      From worker 7:		num_strategies_changed:  	553380
      From worker 7:			num_random_strategies: 	19724
      From worker 7:		num_sets_changed: 		3174762
      From worker 7:			num_random_opinions: 	223605
      From worker 7:			num_biased_opinions: 	0
      From worker 7:		num_both_changed: 		141352
      From worker 7:	
      From worker 7:	data processed and exported
      From worker 7:	
      From worker 7:	starting b_1.0_c_0.2_N_40_M_1_K_1_P_2_beta_0.001_u_0.001_v_0.011180339887498947_p_0.25_ϵ_1.0_gens_20000000_210220-041154.975
      From worker 9:	replicate complete, ran 20000000 generations:
      From worker 9:	
      From worker 9:		num_imitating:			15000301
      From worker 9:		num_not_imitating:		4999699
      From worker 9:		num_strategies_changed:  	463557
      From worker 9:			num_random_strategies: 	15094
      From worker 9:		num_sets_changed: 		3778693
      From worker 9:			num_random_opinions: 	186969
      From worker 9:			num_biased_opinions: 	187535
      From worker 9:		num_both_changed: 		173340
      From worker 9:	
      From worker 9:	data processed and exported
      From worker 9:	
      From worker 9:	starting b_1.0_c_0.2_N_40_M_1_K_1_P_2_beta_0.001_u_0.001_v_0.025_p_0.75_ϵ_1.0_gens_20000000_210220-041154.975
      From worker 15:	replicate complete, ran 20000000 generations:
      From worker 15:	
      From worker 15:		num_imitating:			12499326
      From worker 15:		num_not_imitating:		7500674
      From worker 15:		num_strategies_changed:  	369662
      From worker 15:			num_random_strategies: 	12484
      From worker 15:		num_sets_changed: 		4984435
      From worker 15:			num_random_opinions: 	873956
      From worker 15:			num_biased_opinions: 	2620824
      From worker 15:		num_both_changed: 		161841
      From worker 15:	
      From worker 15:	data processed and exported
      From worker 15:	
      From worker 15:	starting b_1.0_c_0.2_N_40_M_1_K_1_P_2_beta_0.001_u_0.001_v_0.2795084971874737_p_1.0_ϵ_1.0_gens_20000000_210220-041154.975
      From worker 14:	replicate complete, ran 20000000 generations:
      From worker 14:	
      From worker 14:		num_imitating:			15001426
      From worker 14:		num_not_imitating:		4998574
      From worker 14:		num_strategies_changed:  	442382
      From worker 14:			num_random_strategies: 	14967
      From worker 14:		num_sets_changed: 		6760434
      From worker 14:			num_random_opinions: 	2096357
      From worker 14:			num_biased_opinions: 	2097199
      From worker 14:		num_both_changed: 		212682
      From worker 14:	
      From worker 14:	data processed and exported
      From worker 14:	
      From worker 14:	starting b_1.0_c_0.2_N_40_M_1_K_1_P_2_beta_0.001_u_0.001_v_0.2795084971874737_p_0.75_ϵ_1.0_gens_20000000_210220-041154.975
      From worker 13:	replicate complete, ran 20000000 generations:
      From worker 13:	
      From worker 13:		num_imitating:			17501294
      From worker 13:		num_not_imitating:		2498706
      From worker 13:		num_strategies_changed:  	471687
      From worker 13:			num_random_strategies: 	17437
      From worker 13:		num_sets_changed: 		7400831
      From worker 13:			num_random_opinions: 	1639649
      From worker 13:			num_biased_opinions: 	546580
      From worker 13:		num_both_changed: 		228941
      From worker 13:	
      From worker 13:	data processed and exported
      From worker 13:	
      From worker 13:	starting b_1.0_c_0.2_N_40_M_1_K_1_P_2_beta_0.001_u_0.001_v_0.125_p_0.5_ϵ_1.0_gens_20000000_210220-041154.975
      From worker 12:	replicate complete, ran 20000000 generations:
      From worker 12:	
      From worker 12:		num_imitating:			20000000
      From worker 12:		num_not_imitating:		0
      From worker 12:		num_strategies_changed:  	557967
      From worker 12:			num_random_strategies: 	20022
      From worker 12:		num_sets_changed: 		8491866
      From worker 12:			num_random_opinions: 	2500086
      From worker 12:			num_biased_opinions: 	0
      From worker 12:		num_both_changed: 		272804
      From worker 12:	
      From worker 12:	data processed and exported
      From worker 12:	
      From worker 12:	starting b_1.0_c_0.2_N_40_M_1_K_1_P_2_beta_0.001_u_0.001_v_0.125_p_0.25_ϵ_1.0_gens_20000000_210220-041154.975
      From worker 3:	replicate complete, ran 20000000 generations:
      From worker 3:	
      From worker 3:		num_imitating:			15000252
      From worker 3:		num_not_imitating:		4999748
      From worker 3:		num_strategies_changed:  	429894
      From worker 3:			num_random_strategies: 	14999
      From worker 3:		num_sets_changed: 		308320
      From worker 3:			num_random_opinions: 	7465
      From worker 3:			num_biased_opinions: 	7517
      From worker 3:		num_both_changed: 		16846
      From worker 3:	
      From worker 3:	data processed and exported
      From worker 3:	
      From worker 3:	starting b_1.0_c_0.2_N_40_M_1_K_1_P_2_beta_0.001_u_0.001_v_0.001_p_0.75_ϵ_1.0_gens_20000000_210220-041154.975
      From worker 5:	replicate complete, ran 20000000 generations:
      From worker 5:	
      From worker 5:		num_imitating:			10006309
      From worker 5:		num_not_imitating:		9993691
      From worker 5:		num_strategies_changed:  	148666
      From worker 5:			num_random_strategies: 	10047
      From worker 5:		num_sets_changed: 		0
      From worker 5:			num_random_opinions: 	0
      From worker 5:			num_biased_opinions: 	22393
      From worker 5:		num_both_changed: 		0
      From worker 5:	
      From worker 5:	data processed and exported
      From worker 5:	
      From worker 5:	starting b_1.0_c_0.2_N_40_M_1_K_1_P_2_beta_0.001_u_0.001_v_0.005_p_0.0_ϵ_1.0_gens_20000000_210220-041154.975
      From worker 2:	replicate complete, ran 20000000 generations:
      From worker 2:	
      From worker 2:		num_imitating:			17500605
      From worker 2:		num_not_imitating:		2499395
      From worker 2:		num_strategies_changed:  	499569
      From worker 2:			num_random_strategies: 	17525
      From worker 2:		num_sets_changed: 		343690
      From worker 2:			num_random_opinions: 	13411
      From worker 2:			num_biased_opinions: 	4293
      From worker 2:		num_both_changed: 		14972
      From worker 2:	
      From worker 2:	data processed and exported
      From worker 2:	
      From worker 2:	starting b_1.0_c_0.2_N_40_M_1_K_1_P_2_beta_0.001_u_0.001_v_0.001_p_0.5_ϵ_1.0_gens_20000000_210220-041154.975
      From worker 4:	replicate complete, ran 20000000 generations:
      From worker 4:	
      From worker 4:		num_imitating:			12497916
      From worker 4:		num_not_imitating:		7502084
      From worker 4:		num_strategies_changed:  	353692
      From worker 4:			num_random_strategies: 	12473
      From worker 4:		num_sets_changed: 		514424
      From worker 4:			num_random_opinions: 	7097
      From worker 4:			num_biased_opinions: 	21192
      From worker 4:		num_both_changed: 		30232
      From worker 4:	
      From worker 4:	data processed and exported
      From worker 4:	
      From worker 4:	starting b_1.0_c_0.2_N_40_M_1_K_1_P_2_beta_0.001_u_0.001_v_0.0022360679774997894_p_1.0_ϵ_1.0_gens_20000000_210220-041154.975
      From worker 6:	replicate complete, ran 20000000 generations:
      From worker 6:	
      From worker 6:		num_imitating:			20000000
      From worker 6:		num_not_imitating:		0
      From worker 6:		num_strategies_changed:  	556402
      From worker 6:			num_random_strategies: 	20088
      From worker 6:		num_sets_changed: 		1674914
      From worker 6:			num_random_opinions: 	100003
      From worker 6:			num_biased_opinions: 	0
      From worker 6:		num_both_changed: 		83182
      From worker 6:	
      From worker 6:	data processed and exported
      From worker 6:	
      From worker 6:	starting b_1.0_c_0.2_N_40_M_1_K_1_P_2_beta_0.001_u_0.001_v_0.005_p_0.25_ϵ_1.0_gens_20000000_210220-041154.975
      From worker 10:	replicate complete, ran 20000000 generations:
      From worker 10:	
      From worker 10:		num_imitating:			9999564
      From worker 10:		num_not_imitating:		10000436
      From worker 10:		num_strategies_changed:  	142414
      From worker 10:			num_random_strategies: 	9868
      From worker 10:		num_sets_changed: 		0
      From worker 10:			num_random_opinions: 	0
      From worker 10:			num_biased_opinions: 	250109
      From worker 10:		num_both_changed: 		0
      From worker 10:	
      From worker 10:	data processed and exported
      From worker 10:	
      From worker 10:	starting b_1.0_c_0.2_N_40_M_1_K_1_P_2_beta_0.001_u_0.001_v_0.055901699437494755_p_0.0_ϵ_1.0_gens_20000000_210220-041154.975
      From worker 15:	replicate complete, ran 20000000 generations:
      From worker 15:	
      From worker 15:		num_imitating:			9999994
      From worker 15:		num_not_imitating:		10000006
      From worker 15:		num_strategies_changed:  	141560
      From worker 15:			num_random_strategies: 	10100
      From worker 15:		num_sets_changed: 		0
      From worker 15:			num_random_opinions: 	0
      From worker 15:			num_biased_opinions: 	2795943
      From worker 15:		num_both_changed: 		0
      From worker 15:	
      From worker 15:	data processed and exported
      From worker 15:	
      From worker 15:	starting b_1.0_c_0.2_N_40_M_1_K_1_P_2_beta_0.001_u_0.001_v_0.625_p_0.0_ϵ_1.0_gens_20000000_210220-041154.975
      From worker 8:	replicate complete, ran 20000000 generations:
      From worker 8:	
      From worker 8:		num_imitating:			15003040
      From worker 8:		num_not_imitating:		4996960
      From worker 8:		num_strategies_changed:  	435673
      From worker 8:			num_random_strategies: 	15076
      From worker 8:		num_sets_changed: 		2349460
      From worker 8:			num_random_opinions: 	83670
      From worker 8:			num_biased_opinions: 	84343
      From worker 8:		num_both_changed: 		119834
      From worker 8:	
      From worker 8:	data processed and exported
      From worker 8:	
      From worker 8:	starting b_1.0_c_0.2_N_40_M_1_K_1_P_2_beta_0.001_u_0.001_v_0.011180339887498947_p_0.75_ϵ_1.0_gens_20000000_210220-041154.975
      From worker 7:	replicate complete, ran 20000000 generations:
      From worker 7:	
      From worker 7:		num_imitating:			17501758
      From worker 7:		num_not_imitating:		2498242
      From worker 7:		num_strategies_changed:  	502233
      From worker 7:			num_random_strategies: 	17398
      From worker 7:		num_sets_changed: 		2762652
      From worker 7:			num_random_opinions: 	146148
      From worker 7:			num_biased_opinions: 	49255
      From worker 7:		num_both_changed: 		119781
      From worker 7:	
      From worker 7:	data processed and exported
      From worker 7:	
      From worker 7:	starting b_1.0_c_0.2_N_40_M_1_K_1_P_2_beta_0.001_u_0.001_v_0.011180339887498947_p_0.5_ϵ_1.0_gens_20000000_210220-041154.975
      From worker 11:	replicate complete, ran 20000000 generations:
      From worker 11:	
      From worker 11:		num_imitating:			20000000
      From worker 11:		num_not_imitating:		0
      From worker 11:		num_strategies_changed:  	543388
      From worker 11:			num_random_strategies: 	19705
      From worker 11:		num_sets_changed: 		7012867
      From worker 11:			num_random_opinions: 	1117066
      From worker 11:			num_biased_opinions: 	0
      From worker 11:		num_both_changed: 		244002
      From worker 11:	
      From worker 11:	data processed and exported
      From worker 11:	
      From worker 11:	starting b_1.0_c_0.2_N_40_M_1_K_1_P_2_beta_0.001_u_0.001_v_0.055901699437494755_p_0.25_ϵ_1.0_gens_20000000_210220-041154.975
      From worker 9:	replicate complete, ran 20000000 generations:
      From worker 9:	
      From worker 9:		num_imitating:			12502566
      From worker 9:		num_not_imitating:		7497434
      From worker 9:		num_strategies_changed:  	382025
      From worker 9:			num_random_strategies: 	12608
      From worker 9:		num_sets_changed: 		3106902
      From worker 9:			num_random_opinions: 	78119
      From worker 9:			num_biased_opinions: 	234455
      From worker 9:		num_both_changed: 		139183
      From worker 9:	
      From worker 9:	data processed and exported
      From worker 9:	
      From worker 9:	starting b_1.0_c_0.2_N_40_M_1_K_1_P_2_beta_0.001_u_0.001_v_0.025_p_1.0_ϵ_1.0_gens_20000000_210220-041154.975
      From worker 3:	replicate complete, ran 20000000 generations:
      From worker 3:	
      From worker 3:		num_imitating:			12495742
      From worker 3:		num_not_imitating:		7504258
      From worker 3:		num_strategies_changed:  	353207
      From worker 3:			num_random_strategies: 	12453
      From worker 3:		num_sets_changed: 		235700
      From worker 3:			num_random_opinions: 	3084
      From worker 3:			num_biased_opinions: 	9419
      From worker 3:		num_both_changed: 		13919
      From worker 3:	
      From worker 3:	data processed and exported
      From worker 3:	
      From worker 3:	starting b_1.0_c_0.2_N_40_M_1_K_1_P_2_beta_0.001_u_0.001_v_0.001_p_1.0_ϵ_1.0_gens_20000000_210220-041154.975
      From worker 16:	replicate complete, ran 20000000 generations:
      From worker 16:	
      From worker 16:		num_imitating:			20000000
      From worker 16:		num_not_imitating:		0
      From worker 16:		num_strategies_changed:  	560399
      From worker 16:			num_random_strategies: 	20029
      From worker 16:		num_sets_changed: 		9853532
      From worker 16:			num_random_opinions: 	12498381
      From worker 16:			num_biased_opinions: 	0
      From worker 16:		num_both_changed: 		280419
      From worker 16:	
      From worker 16:	data processed and exported
      From worker 16:	
      From worker 16:	starting b_1.0_c_0.2_N_40_M_1_K_1_P_2_beta_0.001_u_0.001_v_0.625_p_0.25_ϵ_1.0_gens_20000000_210220-041154.975
      From worker 4:	replicate complete, ran 20000000 generations:
      From worker 4:	
      From worker 4:		num_imitating:			10000269
      From worker 4:		num_not_imitating:		9999731
      From worker 4:		num_strategies_changed:  	151006
      From worker 4:			num_random_strategies: 	10025
      From worker 4:		num_sets_changed: 		0
      From worker 4:			num_random_opinions: 	0
      From worker 4:			num_biased_opinions: 	22451
      From worker 4:		num_both_changed: 		0
      From worker 4:	
      From worker 4:	data processed and exported
      From worker 4:	
      From worker 4:	starting b_1.0_c_0.2_N_40_M_1_K_1_P_2_beta_0.001_u_0.001_v_0.0022360679774997894_p_0.0_ϵ_1.0_gens_20000000_210220-041154.975
      From worker 2:	replicate complete, ran 20000000 generations:
      From worker 2:	
      From worker 2:		num_imitating:			14998563
      From worker 2:		num_not_imitating:		5001437
      From worker 2:		num_strategies_changed:  	445536
      From worker 2:			num_random_strategies: 	15053
      From worker 2:		num_sets_changed: 		305636
      From worker 2:			num_random_opinions: 	7480
      From worker 2:			num_biased_opinions: 	7523
      From worker 2:		num_both_changed: 		17593
      From worker 2:	
      From worker 2:	data processed and exported
      From worker 2:	
      From worker 2:	starting b_1.0_c_0.2_N_40_M_1_K_1_P_2_beta_0.001_u_0.001_v_0.001_p_0.75_ϵ_1.0_gens_20000000_210220-041154.975
      From worker 14:	replicate complete, ran 20000000 generations:
      From worker 14:	
      From worker 14:		num_imitating:			12505393
      From worker 14:		num_not_imitating:		7494607
      From worker 14:		num_strategies_changed:  	363360
      From worker 14:			num_random_strategies: 	12572
      From worker 14:		num_sets_changed: 		4978868
      From worker 14:			num_random_opinions: 	872914
      From worker 14:			num_biased_opinions: 	2625021
      From worker 14:		num_both_changed: 		159643
      From worker 14:	
      From worker 14:	data processed and exported
      From worker 14:	
      From worker 14:	starting b_1.0_c_0.2_N_40_M_1_K_1_P_2_beta_0.001_u_0.001_v_0.2795084971874737_p_1.0_ϵ_1.0_gens_20000000_210220-041154.975
      From worker 5:	replicate complete, ran 20000000 generations:
      From worker 5:	
      From worker 5:		num_imitating:			20000000
      From worker 5:		num_not_imitating:		0
      From worker 5:		num_strategies_changed:  	591679
      From worker 5:			num_random_strategies: 	20220
      From worker 5:		num_sets_changed: 		1696578
      From worker 5:			num_random_opinions: 	100053
      From worker 5:			num_biased_opinions: 	0
      From worker 5:		num_both_changed: 		88133
      From worker 5:	
      From worker 5:	data processed and exported
      From worker 5:	
      From worker 5:	starting b_1.0_c_0.2_N_40_M_1_K_1_P_2_beta_0.001_u_0.001_v_0.005_p_0.25_ϵ_1.0_gens_20000000_210220-041154.975
      From worker 6:	replicate complete, ran 20000000 generations:
      From worker 6:	
      From worker 6:		num_imitating:			17500831
      From worker 6:		num_not_imitating:		2499169
      From worker 6:		num_strategies_changed:  	515453
      From worker 6:			num_random_strategies: 	17677
      From worker 6:		num_sets_changed: 		1496158
      From worker 6:			num_random_opinions: 	65389
      From worker 6:			num_biased_opinions: 	21994
      From worker 6:		num_both_changed: 		76477
      From worker 6:	
      From worker 6:	data processed and exported
      From worker 6:	
      From worker 6:	starting b_1.0_c_0.2_N_40_M_1_K_1_P_2_beta_0.001_u_0.001_v_0.005_p_0.5_ϵ_1.0_gens_20000000_210220-041154.975
      From worker 13:	replicate complete, ran 20000000 generations:
      From worker 13:	
      From worker 13:		num_imitating:			15000464
      From worker 13:		num_not_imitating:		4999536
      From worker 13:		num_strategies_changed:  	446234
      From worker 13:			num_random_strategies: 	15128
      From worker 13:		num_sets_changed: 		6283509
      From worker 13:			num_random_opinions: 	937960
      From worker 13:			num_biased_opinions: 	936372
      From worker 13:		num_both_changed: 		215987
      From worker 13:	
      From worker 13:	data processed and exported
      From worker 13:	
      From worker 13:	starting b_1.0_c_0.2_N_40_M_1_K_1_P_2_beta_0.001_u_0.001_v_0.125_p_0.75_ϵ_1.0_gens_20000000_210220-041154.975
      From worker 12:	replicate complete, ran 20000000 generations:
      From worker 12:	
      From worker 12:		num_imitating:			17497725
      From worker 12:		num_not_imitating:		2502275
      From worker 12:		num_strategies_changed:  	524731
      From worker 12:			num_random_strategies: 	17658
      From worker 12:		num_sets_changed: 		7405896
      From worker 12:			num_random_opinions: 	1641366
      From worker 12:			num_biased_opinions: 	546473
      From worker 12:		num_both_changed: 		255203
      From worker 12:	
      From worker 12:	data processed and exported
      From worker 12:	
      From worker 12:	starting b_1.0_c_0.2_N_40_M_1_K_1_P_2_beta_0.001_u_0.001_v_0.125_p_0.5_ϵ_1.0_gens_20000000_210220-041154.975
      From worker 8:	replicate complete, ran 20000000 generations:
      From worker 8:	
      From worker 8:		num_imitating:			12499593
      From worker 8:		num_not_imitating:		7500407
      From worker 8:		num_strategies_changed:  	352852
      From worker 8:			num_random_strategies: 	12632
      From worker 8:		num_sets_changed: 		1976286
      From worker 8:			num_random_opinions: 	35201
      From worker 8:			num_biased_opinions: 	104647
      From worker 8:		num_both_changed: 		91300
      From worker 8:	
      From worker 8:	data processed and exported
      From worker 8:	
      From worker 8:	starting b_1.0_c_0.2_N_40_M_1_K_1_P_2_beta_0.001_u_0.001_v_0.011180339887498947_p_1.0_ϵ_1.0_gens_20000000_210220-041154.975
      From worker 9:	replicate complete, ran 20000000 generations:
      From worker 9:	
      From worker 9:		num_imitating:			10005176
      From worker 9:		num_not_imitating:		9994824
      From worker 9:		num_strategies_changed:  	147079
      From worker 9:			num_random_strategies: 	9964
      From worker 9:		num_sets_changed: 		0
      From worker 9:			num_random_opinions: 	0
      From worker 9:			num_biased_opinions: 	250390
      From worker 9:		num_both_changed: 		0
      From worker 9:	
      From worker 9:	data processed and exported
      From worker 9:	
      From worker 9:	starting b_1.0_c_0.2_N_40_M_1_K_1_P_2_beta_0.001_u_0.001_v_0.025_p_0.0_ϵ_1.0_gens_20000000_210220-041154.975
      From worker 7:	replicate complete, ran 20000000 generations:
      From worker 7:	
      From worker 7:		num_imitating:			14997879
      From worker 7:		num_not_imitating:		5002121
      From worker 7:		num_strategies_changed:  	430278
      From worker 7:			num_random_strategies: 	14959
      From worker 7:		num_sets_changed: 		2310126
      From worker 7:			num_random_opinions: 	84166
      From worker 7:			num_biased_opinions: 	83790
      From worker 7:		num_both_changed: 		109271
      From worker 7:	
      From worker 7:	data processed and exported
      From worker 7:	
      From worker 7:	starting b_1.0_c_0.2_N_40_M_1_K_1_P_2_beta_0.001_u_0.001_v_0.011180339887498947_p_0.75_ϵ_1.0_gens_20000000_210220-041154.975
      From worker 3:	replicate complete, ran 20000000 generations:
      From worker 3:	
      From worker 3:		num_imitating:			9998047
      From worker 3:		num_not_imitating:		10001953
      From worker 3:		num_strategies_changed:  	152694
      From worker 3:			num_random_strategies: 	10060
      From worker 3:		num_sets_changed: 		0
      From worker 3:			num_random_opinions: 	0
      From worker 3:			num_biased_opinions: 	9877
      From worker 3:		num_both_changed: 		0
      From worker 3:	
      From worker 3:	data processed and exported
      From worker 3:	
      From worker 3:	starting b_1.0_c_0.2_N_40_M_1_K_1_P_2_beta_0.001_u_0.001_v_0.0022360679774997894_p_0.0_ϵ_1.0_gens_20000000_210220-041154.975
      From worker 10:	replicate complete, ran 20000000 generations:
      From worker 10:	
      From worker 10:		num_imitating:			20000000
      From worker 10:		num_not_imitating:		0
      From worker 10:		num_strategies_changed:  	557042
      From worker 10:			num_random_strategies: 	19829
      From worker 10:		num_sets_changed: 		6997907
      From worker 10:			num_random_opinions: 	1118398
      From worker 10:			num_biased_opinions: 	0
      From worker 10:		num_both_changed: 		250001
      From worker 10:	
      From worker 10:	data processed and exported
      From worker 10:	
      From worker 10:	starting b_1.0_c_0.2_N_40_M_1_K_1_P_2_beta_0.001_u_0.001_v_0.055901699437494755_p_0.25_ϵ_1.0_gens_20000000_210220-041154.975
      From worker 2:	replicate complete, ran 20000000 generations:
      From worker 2:	
      From worker 2:		num_imitating:			12500908
      From worker 2:		num_not_imitating:		7499092
      From worker 2:		num_strategies_changed:  	349916
      From worker 2:			num_random_strategies: 	12224
      From worker 2:		num_sets_changed: 		262518
      From worker 2:			num_random_opinions: 	3170
      From worker 2:			num_biased_opinions: 	9374
      From worker 2:		num_both_changed: 		12870
      From worker 2:	
      From worker 2:	data processed and exported
      From worker 2:	
      From worker 2:	starting b_1.0_c_0.2_N_40_M_1_K_1_P_2_beta_0.001_u_0.001_v_0.001_p_1.0_ϵ_1.0_gens_20000000_210220-041154.975
      From worker 4:	replicate complete, ran 20000000 generations:
      From worker 4:	
      From worker 4:		num_imitating:			20000000
      From worker 4:		num_not_imitating:		0
      From worker 4:		num_strategies_changed:  	587243
      From worker 4:			num_random_strategies: 	19935
      From worker 4:		num_sets_changed: 		865228
      From worker 4:			num_random_opinions: 	44265
      From worker 4:			num_biased_opinions: 	0
      From worker 4:		num_both_changed: 		42248
      From worker 4:	
      From worker 4:	data processed and exported
      From worker 4:	
      From worker 4:	starting b_1.0_c_0.2_N_40_M_1_K_1_P_2_beta_0.001_u_0.001_v_0.0022360679774997894_p_0.25_ϵ_1.0_gens_20000000_210220-041154.975
      From worker 14:	replicate complete, ran 20000000 generations:
      From worker 14:	
      From worker 14:		num_imitating:			10001178
      From worker 14:		num_not_imitating:		9998822
      From worker 14:		num_strategies_changed:  	138347
      From worker 14:			num_random_strategies: 	10107
      From worker 14:		num_sets_changed: 		0
      From worker 14:			num_random_opinions: 	0
      From worker 14:			num_biased_opinions: 	2792323
      From worker 14:		num_both_changed: 		0
      From worker 14:	
      From worker 14:	data processed and exported
      From worker 14:	
      From worker 14:	starting b_1.0_c_0.2_N_40_M_1_K_1_P_2_beta_0.001_u_0.001_v_0.2795084971874737_p_0.0_ϵ_1.0_gens_20000000_210220-041154.975
      From worker 11:	replicate complete, ran 20000000 generations:
      From worker 11:	
      From worker 11:		num_imitating:			17501383
      From worker 11:		num_not_imitating:		2498617
      From worker 11:		num_strategies_changed:  	516182
      From worker 11:			num_random_strategies: 	17430
      From worker 11:		num_sets_changed: 		6101588
      From worker 11:			num_random_opinions: 	734018
      From worker 11:			num_biased_opinions: 	245064
      From worker 11:		num_both_changed: 		230499
      From worker 11:	
      From worker 11:	data processed and exported
      From worker 11:	
      From worker 11:	starting b_1.0_c_0.2_N_40_M_1_K_1_P_2_beta_0.001_u_0.001_v_0.055901699437494755_p_0.5_ϵ_1.0_gens_20000000_210220-041154.975
      From worker 5:	replicate complete, ran 20000000 generations:
      From worker 5:	
      From worker 5:		num_imitating:			17500431
      From worker 5:		num_not_imitating:		2499569
      From worker 5:		num_strategies_changed:  	505036
      From worker 5:			num_random_strategies: 	17597
      From worker 5:		num_sets_changed: 		1442436
      From worker 5:			num_random_opinions: 	65141
      From worker 5:			num_biased_opinions: 	21636
      From worker 5:		num_both_changed: 		71564
      From worker 5:	
      From worker 5:	data processed and exported
      From worker 5:	
      From worker 5:	starting b_1.0_c_0.2_N_40_M_1_K_1_P_2_beta_0.001_u_0.001_v_0.005_p_0.5_ϵ_1.0_gens_20000000_210220-041154.975
      From worker 6:	replicate complete, ran 20000000 generations:
      From worker 6:	
      From worker 6:		num_imitating:			14996434
      From worker 6:		num_not_imitating:		5003566
      From worker 6:		num_strategies_changed:  	438385
      From worker 6:			num_random_strategies: 	14855
      From worker 6:		num_sets_changed: 		1238970
      From worker 6:			num_random_opinions: 	37600
      From worker 6:			num_biased_opinions: 	37708
      From worker 6:		num_both_changed: 		68449
      From worker 6:	
      From worker 6:	data processed and exported
      From worker 6:	
      From worker 6:	starting b_1.0_c_0.2_N_40_M_1_K_1_P_2_beta_0.001_u_0.001_v_0.005_p_0.75_ϵ_1.0_gens_20000000_210220-041154.975
      From worker 15:	replicate complete, ran 20000000 generations:
      From worker 15:	
      From worker 15:		num_imitating:			20000000
      From worker 15:		num_not_imitating:		0
      From worker 15:		num_strategies_changed:  	552887
      From worker 15:			num_random_strategies: 	20116
      From worker 15:		num_sets_changed: 		9853579
      From worker 15:			num_random_opinions: 	12502492
      From worker 15:			num_biased_opinions: 	0
      From worker 15:		num_both_changed: 		276600
      From worker 15:	
      From worker 15:	data processed and exported
      From worker 15:	
      From worker 15:	starting b_1.0_c_0.2_N_40_M_1_K_1_P_2_beta_0.001_u_0.001_v_0.625_p_0.25_ϵ_1.0_gens_20000000_210220-041154.975
      From worker 8:	replicate complete, ran 20000000 generations:
      From worker 8:	
      From worker 8:		num_imitating:			9999932
      From worker 8:		num_not_imitating:		10000068
      From worker 8:		num_strategies_changed:  	152383
      From worker 8:			num_random_strategies: 	10103
      From worker 8:		num_sets_changed: 		0
      From worker 8:			num_random_opinions: 	0
      From worker 8:			num_biased_opinions: 	112075
      From worker 8:		num_both_changed: 		0
      From worker 8:	
      From worker 8:	data processed and exported
      From worker 8:	
      From worker 8:	starting b_1.0_c_0.2_N_40_M_1_K_1_P_2_beta_0.001_u_0.001_v_0.025_p_0.0_ϵ_1.0_gens_20000000_210220-041154.975
      From worker 13:	replicate complete, ran 20000000 generations:
      From worker 13:	
      From worker 13:		num_imitating:			12493860
      From worker 13:		num_not_imitating:		7506140
      From worker 13:		num_strategies_changed:  	377473
      From worker 13:			num_random_strategies: 	12461
      From worker 13:		num_sets_changed: 		4994216
      From worker 13:			num_random_opinions: 	390927
      From worker 13:			num_biased_opinions: 	1172441
      From worker 13:		num_both_changed: 		179823
      From worker 13:	
      From worker 16:	replicate complete, ran 20000000 generations:
      From worker 16:	
      From worker 16:		num_imitating:			17500199
      From worker 16:		num_not_imitating:		2499801
      From worker 16:		num_strategies_changed:  	515096
      From worker 16:			num_random_strategies: 	17423
      From worker 16:		num_sets_changed: 		8376266
      From worker 16:			num_random_opinions: 	8203092
      From worker 16:			num_biased_opinions: 	2734898
      From worker 16:		num_both_changed: 		250457
      From worker 16:	
      From worker 13:	data processed and exported
      From worker 16:	data processed and exported
      From worker 13:	
      From worker 13:	starting b_1.0_c_0.2_N_40_M_1_K_1_P_2_beta_0.001_u_0.001_v_0.125_p_1.0_ϵ_1.0_gens_20000000_210220-041154.975
      From worker 16:	
      From worker 16:	starting b_1.0_c_0.2_N_40_M_1_K_1_P_2_beta_0.001_u_0.001_v_0.625_p_0.5_ϵ_1.0_gens_20000000_210220-041154.975
      From worker 7:	replicate complete, ran 20000000 generations:
      From worker 7:	
      From worker 7:		num_imitating:			12500533
      From worker 7:		num_not_imitating:		7499467
      From worker 7:		num_strategies_changed:  	342537
      From worker 7:			num_random_strategies: 	12256
      From worker 7:		num_sets_changed: 		1905884
      From worker 7:			num_random_opinions: 	35023
      From worker 7:			num_biased_opinions: 	105315
      From worker 7:		num_both_changed: 		86620
      From worker 7:	
      From worker 7:	data processed and exported
      From worker 7:	
      From worker 7:	starting b_1.0_c_0.2_N_40_M_1_K_1_P_2_beta_0.001_u_0.001_v_0.011180339887498947_p_1.0_ϵ_1.0_gens_20000000_210220-041154.975
      From worker 3:	replicate complete, ran 20000000 generations:
      From worker 3:	
      From worker 3:		num_imitating:			20000000
      From worker 3:		num_not_imitating:		0
      From worker 3:		num_strategies_changed:  	565308
      From worker 3:			num_random_strategies: 	19882
      From worker 3:		num_sets_changed: 		813330
      From worker 3:			num_random_opinions: 	44575
      From worker 3:			num_biased_opinions: 	0
      From worker 3:		num_both_changed: 		41677
      From worker 3:	
      From worker 3:	data processed and exported
      From worker 3:	
      From worker 3:	starting b_1.0_c_0.2_N_40_M_1_K_1_P_2_beta_0.001_u_0.001_v_0.0022360679774997894_p_0.25_ϵ_1.0_gens_20000000_210220-041154.975
      From worker 2:	replicate complete, ran 20000000 generations:
      From worker 2:	
      From worker 2:		num_imitating:			9996978
      From worker 2:		num_not_imitating:		10003022
      From worker 2:		num_strategies_changed:  	145123
      From worker 2:			num_random_strategies: 	9970
      From worker 2:		num_sets_changed: 		0
      From worker 2:			num_random_opinions: 	0
      From worker 2:			num_biased_opinions: 	9867
      From worker 2:		num_both_changed: 		0
      From worker 2:	
      From worker 2:	data processed and exported
      From worker 2:	
      From worker 2:	starting b_1.0_c_0.2_N_40_M_1_K_1_P_2_beta_0.001_u_0.001_v_0.001_p_0.0_ϵ_1.0_gens_20000000_210220-041154.975
      From worker 4:	replicate complete, ran 20000000 generations:
      From worker 4:	
      From worker 4:		num_imitating:			17500323
      From worker 4:		num_not_imitating:		2499677
      From worker 4:		num_strategies_changed:  	524545
      From worker 4:			num_random_strategies: 	17480
      From worker 4:		num_sets_changed: 		662942
      From worker 4:			num_random_opinions: 	29503
      From worker 4:			num_biased_opinions: 	9863
      From worker 4:		num_both_changed: 		38828
      From worker 4:	
      From worker 4:	data processed and exported
      From worker 4:	
      From worker 4:	starting b_1.0_c_0.2_N_40_M_1_K_1_P_2_beta_0.001_u_0.001_v_0.0022360679774997894_p_0.5_ϵ_1.0_gens_20000000_210220-041154.975
      From worker 12:	replicate complete, ran 20000000 generations:
      From worker 12:	
      From worker 12:		num_imitating:			14998949
      From worker 12:		num_not_imitating:		5001051
      From worker 12:		num_strategies_changed:  	420161
      From worker 12:			num_random_strategies: 	14866
      From worker 12:		num_sets_changed: 		6266211
      From worker 12:			num_random_opinions: 	938109
      From worker 12:			num_biased_opinions: 	937848
      From worker 12:		num_both_changed: 		202985
      From worker 12:	
      From worker 12:	data processed and exported
      From worker 12:	
      From worker 12:	starting b_1.0_c_0.2_N_40_M_1_K_1_P_2_beta_0.001_u_0.001_v_0.125_p_0.75_ϵ_1.0_gens_20000000_210220-041154.975
      From worker 9:	replicate complete, ran 20000000 generations:
      From worker 9:	
      From worker 9:		num_imitating:			20000000
      From worker 9:		num_not_imitating:		0
      From worker 9:		num_strategies_changed:  	594867
      From worker 9:			num_random_strategies: 	20094
      From worker 9:		num_sets_changed: 		5059774
      From worker 9:			num_random_opinions: 	499231
      From worker 9:			num_biased_opinions: 	0
      From worker 9:		num_both_changed: 		217811
      From worker 9:	
      From worker 9:	data processed and exported
      From worker 9:	
      From worker 9:	starting b_1.0_c_0.2_N_40_M_1_K_1_P_2_beta_0.001_u_0.001_v_0.025_p_0.25_ϵ_1.0_gens_20000000_210220-041154.975
      From worker 5:	replicate complete, ran 20000000 generations:
      From worker 5:	
      From worker 5:		num_imitating:			14999769
      From worker 5:		num_not_imitating:		5000231
      From worker 5:		num_strategies_changed:  	436252
      From worker 5:			num_random_strategies: 	15079
      From worker 5:		num_sets_changed: 		1225740
      From worker 5:			num_random_opinions: 	37585
      From worker 5:			num_biased_opinions: 	37381
      From worker 5:		num_both_changed: 		58763
      From worker 5:	
      From worker 5:	data processed and exported
      From worker 6:	replicate complete, ran 20000000 generations:
      From worker 6:	
      From worker 6:		num_imitating:			12503762
      From worker 6:		num_not_imitating:		7496238
      From worker 6:		num_strategies_changed:  	339471
      From worker 6:			num_random_strategies: 	12515
      From worker 6:		num_sets_changed: 		1033397
      From worker 6:			num_random_opinions: 	15575
      From worker 6:			num_biased_opinions: 	46982
      From worker 6:		num_both_changed: 		47706
      From worker 6:	
      From worker 5:	
      From worker 5:	starting b_1.0_c_0.2_N_40_M_1_K_1_P_2_beta_0.001_u_0.001_v_0.005_p_0.75_ϵ_1.0_gens_20000000_210220-041154.975
      From worker 10:	replicate complete, ran 20000000 generations:
      From worker 10:	
      From worker 10:		num_imitating:			17500169
      From worker 10:		num_not_imitating:		2499831
      From worker 10:		num_strategies_changed:  	503285
      From worker 10:			num_random_strategies: 	17645
      From worker 10:		num_sets_changed: 		6135471
      From worker 10:			num_random_opinions: 	734161
      From worker 10:			num_biased_opinions: 	244684
      From worker 10:		num_both_changed: 		225295
      From worker 10:	
      From worker 6:	data processed and exported
      From worker 6:	
      From worker 6:	starting b_1.0_c_0.2_N_40_M_1_K_1_P_2_beta_0.001_u_0.001_v_0.005_p_1.0_ϵ_1.0_gens_20000000_210220-041154.975
      From worker 10:	data processed and exported
      From worker 10:	
      From worker 10:	starting b_1.0_c_0.2_N_40_M_1_K_1_P_2_beta_0.001_u_0.001_v_0.055901699437494755_p_0.5_ϵ_1.0_gens_20000000_210220-041154.975
      From worker 11:	replicate complete, ran 20000000 generations:
      From worker 11:	
      From worker 11:		num_imitating:			14999390
      From worker 11:		num_not_imitating:		5000610
      From worker 11:		num_strategies_changed:  	449506
      From worker 11:			num_random_strategies: 	14889
      From worker 11:		num_sets_changed: 		5238242
      From worker 11:			num_random_opinions: 	419434
      From worker 11:			num_biased_opinions: 	419846
      From worker 11:		num_both_changed: 		202468
      From worker 11:	
      From worker 11:	data processed and exported
      From worker 11:	
      From worker 11:	starting b_1.0_c_0.2_N_40_M_1_K_1_P_2_beta_0.001_u_0.001_v_0.055901699437494755_p_0.75_ϵ_1.0_gens_20000000_210220-041154.975
      From worker 7:	replicate complete, ran 20000000 generations:
      From worker 7:	
      From worker 7:		num_imitating:			10001021
      From worker 7:		num_not_imitating:		9998979
      From worker 7:		num_strategies_changed:  	140282
      From worker 7:			num_random_strategies: 	9957
      From worker 7:		num_sets_changed: 		0
      From worker 7:			num_random_opinions: 	0
      From worker 7:			num_biased_opinions: 	111880
      From worker 7:		num_both_changed: 		0
      From worker 7:	
      From worker 7:	data processed and exported
      From worker 7:	
      From worker 7:	starting b_1.0_c_0.2_N_40_M_1_K_1_P_2_beta_0.001_u_0.001_v_0.011180339887498947_p_0.0_ϵ_1.0_gens_20000000_210220-041154.975
      From worker 13:	replicate complete, ran 20000000 generations:
      From worker 13:	
      From worker 13:		num_imitating:			9999831
      From worker 13:		num_not_imitating:		10000169
      From worker 13:		num_strategies_changed:  	146904
      From worker 13:			num_random_strategies: 	10028
      From worker 13:		num_sets_changed: 		0
      From worker 13:			num_random_opinions: 	0
      From worker 13:			num_biased_opinions: 	1251301
      From worker 13:		num_both_changed: 		0
      From worker 13:	
      From worker 13:	data processed and exported
      From worker 13:	
      From worker 13:	starting b_1.0_c_0.2_N_40_M_1_K_1_P_2_beta_0.001_u_0.001_v_0.2795084971874737_p_0.0_ϵ_1.0_gens_20000000_210220-041154.975
      From worker 3:	replicate complete, ran 20000000 generations:
      From worker 3:	
      From worker 3:		num_imitating:			17498086
      From worker 3:		num_not_imitating:		2501914
      From worker 3:		num_strategies_changed:  	473985
      From worker 3:			num_random_strategies: 	17382
      From worker 3:		num_sets_changed: 		743710
      From worker 3:			num_random_opinions: 	29092
      From worker 3:			num_biased_opinions: 	9720
      From worker 3:		num_both_changed: 		35760
      From worker 3:	
      From worker 3:	data processed and exported
      From worker 14:	replicate complete, ran 20000000 generations:
      From worker 14:	
      From worker 14:		num_imitating:			20000000
      From worker 14:		num_not_imitating:		0
      From worker 14:		num_strategies_changed:  	589673
      From worker 14:			num_random_strategies: 	20164
      From worker 14:		num_sets_changed: 		9396096
      From worker 14:			num_random_opinions: 	5590128
      From worker 14:			num_biased_opinions: 	0
      From worker 14:		num_both_changed: 		293671
      From worker 14:	
      From worker 2:	replicate complete, ran 20000000 generations:
      From worker 2:	
      From worker 2:		num_imitating:			20000000
      From worker 2:		num_not_imitating:		0
      From worker 2:		num_strategies_changed:  	590146
      From worker 2:			num_random_strategies: 	19988
      From worker 2:		num_sets_changed: 		403156
      From worker 2:			num_random_opinions: 	20224
      From worker 2:			num_biased_opinions: 	0
      From worker 2:		num_both_changed: 		24340
      From worker 2:	
      From worker 14:	data processed and exported
      From worker 14:	
      From worker 14:	starting b_1.0_c_0.2_N_40_M_1_K_1_P_2_beta_0.001_u_0.001_v_0.2795084971874737_p_0.25_ϵ_1.0_gens_20000000_210220-041154.975
      From worker 2:	data processed and exported
      From worker 8:	replicate complete, ran 20000000 generations:
      From worker 8:	
      From worker 8:		num_imitating:			20000000
      From worker 8:		num_not_imitating:		0
      From worker 8:		num_strategies_changed:  	576269
      From worker 8:			num_random_strategies: 	19957
      From worker 8:		num_sets_changed: 		5028788
      From worker 8:			num_random_opinions: 	500369
      From worker 8:			num_biased_opinions: 	0
      From worker 8:		num_both_changed: 		209324
      From worker 8:	
      From worker 8:	data processed and exported
      From worker 8:	
      From worker 8:	starting b_1.0_c_0.2_N_40_M_1_K_1_P_2_beta_0.001_u_0.001_v_0.025_p_0.25_ϵ_1.0_gens_20000000_210220-041154.975
      From worker 4:	replicate complete, ran 20000000 generations:
      From worker 4:	
      From worker 4:		num_imitating:			14999287
      From worker 4:		num_not_imitating:		5000713
      From worker 4:		num_strategies_changed:  	419696
      From worker 4:			num_random_strategies: 	15004
      From worker 4:		num_sets_changed: 		637110
      From worker 4:			num_random_opinions: 	16839
      From worker 4:			num_biased_opinions: 	16638
      From worker 4:		num_both_changed: 		29346
      From worker 4:	
      From worker 4:	data processed and exported
      From worker 15:	replicate complete, ran 20000000 generations:
      From worker 15:	
      From worker 15:		num_imitating:			17500733
      From worker 15:		num_not_imitating:		2499267
      From worker 15:		num_strategies_changed:  	503655
      From worker 15:			num_random_strategies: 	17596
      From worker 15:		num_sets_changed: 		8377237
      From worker 15:			num_random_opinions: 	8198888
      From worker 15:			num_biased_opinions: 	2734668
      From worker 15:		num_both_changed: 		244778
      From worker 15:	
      From worker 15:	data processed and exported
      From worker 15:	
      From worker 15:	starting b_1.0_c_0.2_N_40_M_1_K_1_P_2_beta_0.001_u_0.001_v_0.625_p_0.5_ϵ_1.0_gens_20000000_210220-041154.975
      From worker 6:	replicate complete, ran 20000000 generations:
      From worker 6:	
      From worker 6:		num_imitating:			10000201
      From worker 6:		num_not_imitating:		9999799
      From worker 6:		num_strategies_changed:  	146610
      From worker 6:			num_random_strategies: 	9989
      From worker 6:		num_sets_changed: 		0
      From worker 6:			num_random_opinions: 	0
      From worker 6:			num_biased_opinions: 	49422
      From worker 6:		num_both_changed: 		0
      From worker 6:	
      From worker 6:	data processed and exported
      From worker 16:	replicate complete, ran 20000000 generations:
      From worker 16:	
      From worker 16:		num_imitating:			14998730
      From worker 16:		num_not_imitating:		5001270
      From worker 16:		num_strategies_changed:  	454739
      From worker 16:			num_random_strategies: 	14986
      From worker 16:		num_sets_changed: 		6423683
      From worker 16:			num_random_opinions: 	4688426
      From worker 16:			num_biased_opinions: 	4687975
      From worker 16:		num_both_changed: 		199882
      From worker 16:	
      From worker 16:	data processed and exported
      From worker 16:	
      From worker 16:	starting b_1.0_c_0.2_N_40_M_1_K_1_P_2_beta_0.001_u_0.001_v_0.625_p_0.75_ϵ_1.0_gens_20000000_210220-041154.975
      From worker 5:	replicate complete, ran 20000000 generations:
      From worker 5:	
      From worker 5:		num_imitating:			12496732
      From worker 5:		num_not_imitating:		7503268
      From worker 5:		num_strategies_changed:  	362473
      From worker 5:			num_random_strategies: 	12550
      From worker 5:		num_sets_changed: 		1064209
      From worker 5:			num_random_opinions: 	15772
      From worker 5:			num_biased_opinions: 	46816
      From worker 5:		num_both_changed: 		55362
      From worker 5:	
      From worker 5:	data processed and exported
      From worker 9:	replicate complete, ran 20000000 generations:
      From worker 9:	
      From worker 9:		num_imitating:			17499243
      From worker 9:		num_not_imitating:		2500757
      From worker 9:		num_strategies_changed:  	517429
      From worker 9:			num_random_strategies: 	17552
      From worker 9:		num_sets_changed: 		4386413
      From worker 9:			num_random_opinions: 	327949
      From worker 9:			num_biased_opinions: 	109647
      From worker 9:		num_both_changed: 		195913
      From worker 9:	
      From worker 9:	data processed and exported
      From worker 9:	
      From worker 9:	starting b_1.0_c_0.2_N_40_M_1_K_1_P_2_beta_0.001_u_0.001_v_0.025_p_0.5_ϵ_1.0_gens_20000000_210220-041154.975
      From worker 12:	replicate complete, ran 20000000 generations:
      From worker 12:	
      From worker 12:		num_imitating:			12501027
      From worker 12:		num_not_imitating:		7498973
      From worker 12:		num_strategies_changed:  	341199
      From worker 12:			num_random_strategies: 	12353
      From worker 12:		num_sets_changed: 		4989150
      From worker 12:			num_random_opinions: 	390809
      From worker 12:			num_biased_opinions: 	1172492
      From worker 12:		num_both_changed: 		160830
      From worker 12:	
      From worker 12:	data processed and exported
      From worker 12:	
      From worker 12:	starting b_1.0_c_0.2_N_40_M_1_K_1_P_2_beta_0.001_u_0.001_v_0.125_p_1.0_ϵ_1.0_gens_20000000_210220-041154.975
      From worker 10:	replicate complete, ran 20000000 generations:
      From worker 10:	
      From worker 10:		num_imitating:			14996874
      From worker 10:		num_not_imitating:		5003126
      From worker 10:		num_strategies_changed:  	449275
      From worker 10:			num_random_strategies: 	15268
      From worker 10:		num_sets_changed: 		5199583
      From worker 10:			num_random_opinions: 	418636
      From worker 10:			num_biased_opinions: 	419188
      From worker 10:		num_both_changed: 		200583
      From worker 10:	
      From worker 10:	data processed and exported
      From worker 10:	
      From worker 10:	starting b_1.0_c_0.2_N_40_M_1_K_1_P_2_beta_0.001_u_0.001_v_0.055901699437494755_p_0.75_ϵ_1.0_gens_20000000_210220-041154.975
      From worker 11:	replicate complete, ran 20000000 generations:
      From worker 11:	
      From worker 11:		num_imitating:			12501009
      From worker 11:		num_not_imitating:		7498991
      From worker 11:		num_strategies_changed:  	367124
      From worker 11:			num_random_strategies: 	12538
      From worker 11:		num_sets_changed: 		4256032
      From worker 11:			num_random_opinions: 	174419
      From worker 11:			num_biased_opinions: 	524542
      From worker 11:		num_both_changed: 		163471
      From worker 11:	
      From worker 11:	data processed and exported
      From worker 11:	
      From worker 11:	starting b_1.0_c_0.2_N_40_M_1_K_1_P_2_beta_0.001_u_0.001_v_0.055901699437494755_p_1.0_ϵ_1.0_gens_20000000_210220-041154.975
      From worker 7:	replicate complete, ran 20000000 generations:
      From worker 7:	
      From worker 7:		num_imitating:			20000000
      From worker 7:		num_not_imitating:		0
      From worker 7:		num_strategies_changed:  	559720
      From worker 7:			num_random_strategies: 	19621
      From worker 7:		num_sets_changed: 		3091481
      From worker 7:			num_random_opinions: 	223768
      From worker 7:			num_biased_opinions: 	0
      From worker 7:		num_both_changed: 		140654
      From worker 7:	
      From worker 7:	data processed and exported
      From worker 8:	replicate complete, ran 20000000 generations:
      From worker 8:	
      From worker 8:		num_imitating:			17502202
      From worker 8:		num_not_imitating:		2497798
      From worker 8:		num_strategies_changed:  	491799
      From worker 8:			num_random_strategies: 	17429
      From worker 8:		num_sets_changed: 		4402224
      From worker 8:			num_random_opinions: 	328220
      From worker 8:			num_biased_opinions: 	109432
      From worker 8:		num_both_changed: 		186505
      From worker 8:	
      From worker 8:	data processed and exported
      From worker 12:	replicate complete, ran 20000000 generations:
      From worker 12:	
      From worker 12:		num_imitating:			10000050
      From worker 12:		num_not_imitating:		9999950
      From worker 12:		num_strategies_changed:  	150117
      From worker 12:			num_random_strategies: 	9839
      From worker 12:		num_sets_changed: 		0
      From worker 12:			num_random_opinions: 	0
      From worker 12:			num_biased_opinions: 	1250924
      From worker 12:		num_both_changed: 		0
      From worker 12:	
      From worker 12:	data processed and exported
      From worker 12:	
      From worker 12:	starting b_1.0_c_0.2_N_40_M_1_K_1_P_2_beta_0.001_u_0.001_v_0.125_p_0.0_ϵ_1.0_gens_20000000_210220-041154.975
      From worker 13:	replicate complete, ran 20000000 generations:
      From worker 13:	
      From worker 13:		num_imitating:			20000000
      From worker 13:		num_not_imitating:		0
      From worker 13:		num_strategies_changed:  	567187
      From worker 13:			num_random_strategies: 	19833
      From worker 13:		num_sets_changed: 		9396895
      From worker 13:			num_random_opinions: 	5592355
      From worker 13:			num_biased_opinions: 	0
      From worker 13:		num_both_changed: 		282704
      From worker 13:	
      From worker 13:	data processed and exported
      From worker 13:	
      From worker 13:	starting b_1.0_c_0.2_N_40_M_1_K_1_P_2_beta_0.001_u_0.001_v_0.2795084971874737_p_0.25_ϵ_1.0_gens_20000000_210220-041154.975
      From worker 15:	replicate complete, ran 20000000 generations:
      From worker 15:	
      From worker 15:		num_imitating:			15000551
      From worker 15:		num_not_imitating:		4999449
      From worker 15:		num_strategies_changed:  	401828
      From worker 15:			num_random_strategies: 	15134
      From worker 15:		num_sets_changed: 		6425290
      From worker 15:			num_random_opinions: 	4686629
      From worker 15:			num_biased_opinions: 	4687819
      From worker 15:		num_both_changed: 		175980
      From worker 15:	
      From worker 15:	data processed and exported
      From worker 15:	
      From worker 15:	starting b_1.0_c_0.2_N_40_M_1_K_1_P_2_beta_0.001_u_0.001_v_0.625_p_0.75_ϵ_1.0_gens_20000000_210220-041154.975
      From worker 14:	replicate complete, ran 20000000 generations:
      From worker 14:	
      From worker 14:		num_imitating:			17499880
      From worker 14:		num_not_imitating:		2500120
      From worker 14:		num_strategies_changed:  	514318
      From worker 14:			num_random_strategies: 	17536
      From worker 14:		num_sets_changed: 		8146593
      From worker 14:			num_random_opinions: 	3664435
      From worker 14:			num_biased_opinions: 	1221548
      From worker 14:		num_both_changed: 		254383
      From worker 14:	
      From worker 14:	data processed and exported
      From worker 14:	
      From worker 14:	starting b_1.0_c_0.2_N_40_M_1_K_1_P_2_beta_0.001_u_0.001_v_0.2795084971874737_p_0.5_ϵ_1.0_gens_20000000_210220-041154.975
      From worker 16:	replicate complete, ran 20000000 generations:
      From worker 16:	
      From worker 16:		num_imitating:			12499415
      From worker 16:		num_not_imitating:		7500585
      From worker 16:		num_strategies_changed:  	362079
      From worker 16:			num_random_strategies: 	12504
      From worker 16:		num_sets_changed: 		3874317
      From worker 16:			num_random_opinions: 	1952129
      From worker 16:			num_biased_opinions: 	5857920
      From worker 16:		num_both_changed: 		116978
      From worker 16:	
      From worker 16:	data processed and exported
      From worker 16:	
      From worker 16:	starting b_1.0_c_0.2_N_40_M_1_K_1_P_2_beta_0.001_u_0.001_v_0.625_p_1.0_ϵ_1.0_gens_20000000_210220-041154.975
      From worker 9:	replicate complete, ran 20000000 generations:
      From worker 9:	
      From worker 9:		num_imitating:			14998633
      From worker 9:		num_not_imitating:		5001367
      From worker 9:		num_strategies_changed:  	462027
      From worker 9:			num_random_strategies: 	15011
      From worker 9:		num_sets_changed: 		3786803
      From worker 9:			num_random_opinions: 	186480
      From worker 9:			num_biased_opinions: 	187705
      From worker 9:		num_both_changed: 		173576
      From worker 9:	
      From worker 9:	data processed and exported
      From worker 11:	replicate complete, ran 20000000 generations:
      From worker 11:	
      From worker 11:		num_imitating:			10000810
      From worker 11:		num_not_imitating:		9999190
      From worker 11:		num_strategies_changed:  	145911
      From worker 11:			num_random_strategies: 	9992
      From worker 11:		num_sets_changed: 		0
      From worker 11:			num_random_opinions: 	0
      From worker 11:			num_biased_opinions: 	559037
      From worker 11:		num_both_changed: 		0
      From worker 11:	
      From worker 11:	data processed and exported
      From worker 10:	replicate complete, ran 20000000 generations:
      From worker 10:	
      From worker 10:		num_imitating:			12496553
      From worker 10:		num_not_imitating:		7503447
      From worker 10:		num_strategies_changed:  	338689
      From worker 10:			num_random_strategies: 	12355
      From worker 10:		num_sets_changed: 		4250229
      From worker 10:			num_random_opinions: 	174158
      From worker 10:			num_biased_opinions: 	523628
      From worker 10:		num_both_changed: 		151375
      From worker 10:	
      From worker 10:	data processed and exported
      From worker 16:	replicate complete, ran 20000000 generations:
      From worker 16:	
      From worker 16:		num_imitating:			9997997
      From worker 16:		num_not_imitating:		10002003
      From worker 16:		num_strategies_changed:  	143199
      From worker 16:			num_random_strategies: 	10012
      From worker 16:		num_sets_changed: 		0
      From worker 16:			num_random_opinions: 	0
      From worker 16:			num_biased_opinions: 	6252266
      From worker 16:		num_both_changed: 		0
      From worker 16:	
      From worker 16:	data processed and exported
      From worker 15:	replicate complete, ran 20000000 generations:
 Activating environment at `/tigress/mk28/CooperationPolarization2/Project.toml`
 Activating environment at `/tigress/mk28/CooperationPolarization2/Project.toml`
      From worker 15:	
      From worker 15:		num_imitating:			12501138
      From worker 15:		num_not_imitating:		7498862
      From worker 15:		num_strategies_changed:  	341836
      From worker 15:			num_random_strategies: 	12508
      From worker 15:		num_sets_changed: 		3877115
      From worker 15:			num_random_opinions: 	1952257
      From worker 15:			num_biased_opinions: 	5858732
      From worker 15:		num_both_changed: 		110018
      From worker 15:	
      From worker 15:	data processed and exported
      From worker 12:	replicate complete, ran 20000000 generations:
      From worker 12:	
      From worker 12:		num_imitating:			20000000
      From worker 12:		num_not_imitating:		0
      From worker 12:		num_strategies_changed:  	550064
      From worker 12:			num_random_strategies: 	20166
      From worker 12:		num_sets_changed: 		8507212
      From worker 12:			num_random_opinions: 	2502191
      From worker 12:			num_biased_opinions: 	0
      From worker 12:		num_both_changed: 		269709
      From worker 12:	
      From worker 12:	data processed and exported
      From worker 14:	replicate complete, ran 20000000 generations:
      From worker 14:	
      From worker 14:		num_imitating:			15004931
      From worker 14:		num_not_imitating:		4995069
      From worker 14:		num_strategies_changed:  	420962
      From worker 14:			num_random_strategies: 	14990
      From worker 14:		num_sets_changed: 		6763031
      From worker 14:			num_random_opinions: 	2094426
      From worker 14:			num_biased_opinions: 	2098320
      From worker 14:		num_both_changed: 		203526
      From worker 14:	
      From worker 14:	data processed and exported
      From worker 13:	replicate complete, ran 20000000 generations:
      From worker 13:	
      From worker 13:		num_imitating:			17502043
      From worker 13:		num_not_imitating:		2497957
      From worker 13:		num_strategies_changed:  	535619
      From worker 13:			num_random_strategies: 	17806
      From worker 13:		num_sets_changed: 		8148781
      From worker 13:			num_random_opinions: 	3668476
      From worker 13:			num_biased_opinions: 	1223859
      From worker 13:		num_both_changed: 		265048
      From worker 13:	
      From worker 13:	data processed and exported
6526.824712 seconds (2.46 M allocations: 114.388 MiB, 0.00% gc time)
