packages loaded
      From worker 6:	 Activating environment at `/tigress/mk28/CooperationPolarization2/Project.toml`
      From worker 4:	 Activating environment at `/tigress/mk28/CooperationPolarization2/Project.toml`
      From worker 3:	 Activating environment at `/tigress/mk28/CooperationPolarization2/Project.toml`
      From worker 5:	 Activating environment at `/tigress/mk28/CooperationPolarization2/Project.toml`
      From worker 2:	 Activating environment at `/tigress/mk28/CooperationPolarization2/Project.toml`
      From worker 12:	 Activating environment at `/tigress/mk28/CooperationPolarization2/Project.toml`
      From worker 15:	 Activating environment at `/tigress/mk28/CooperationPolarization2/Project.toml`
      From worker 11:	 Activating environment at `/tigress/mk28/CooperationPolarization2/Project.toml`
      From worker 13:	 Activating environment at `/tigress/mk28/CooperationPolarization2/Project.toml`
      From worker 7:	 Activating environment at `/tigress/mk28/CooperationPolarization2/Project.toml`
      From worker 16:	 Activating environment at `/tigress/mk28/CooperationPolarization2/Project.toml`
      From worker 9:	 Activating environment at `/tigress/mk28/CooperationPolarization2/Project.toml`
      From worker 14:	 Activating environment at `/tigress/mk28/CooperationPolarization2/Project.toml`
      From worker 10:	 Activating environment at `/tigress/mk28/CooperationPolarization2/Project.toml`
      From worker 8:	 Activating environment at `/tigress/mk28/CooperationPolarization2/Project.toml`
      From worker 4:	packages loaded
      From worker 10:	packages loaded
      From worker 6:	packages loaded
      From worker 7:	packages loaded
      From worker 12:	packages loaded
      From worker 9:	packages loaded
      From worker 11:	packages loaded
      From worker 16:	packages loaded
      From worker 3:	packages loaded
      From worker 2:	packages loaded
      From worker 13:	packages loaded
      From worker 5:	packages loaded
      From worker 8:	packages loaded
      From worker 14:	packages loaded
      From worker 15:	packages loaded
parameters defined
      From worker 6:	
      From worker 6:	starting b_1.0_c_0.2_N_40_M_2_K_2_P_2_beta_0.001_u_0.001_v_0.005_p_1.0_ϵ_1.0_gens_20000000_210220-042759.575
      From worker 8:	
      From worker 8:	starting b_1.0_c_0.2_N_40_M_2_K_2_P_2_beta_0.001_u_0.001_v_0.011180339887498947_p_0.25_ϵ_1.0_gens_20000000_210220-042759.575
      From worker 4:	
      From worker 4:	starting b_1.0_c_0.2_N_40_M_2_K_2_P_2_beta_0.001_u_0.001_v_0.0022360679774997894_p_0.5_ϵ_1.0_gens_20000000_210220-042759.575
      From worker 16:	
      From worker 16:	starting b_1.0_c_0.2_N_40_M_2_K_2_P_2_beta_0.001_u_0.001_v_0.625_p_1.0_ϵ_1.0_gens_20000000_210220-042759.575
      From worker 9:	
      From worker 9:	starting b_1.0_c_0.2_N_40_M_2_K_2_P_2_beta_0.001_u_0.001_v_0.025_p_0.5_ϵ_1.0_gens_20000000_210220-042759.575
      From worker 12:	
      From worker 12:	starting b_1.0_c_0.2_N_40_M_2_K_2_P_2_beta_0.001_u_0.001_v_0.125_p_0.0_ϵ_1.0_gens_20000000_210220-042759.575
      From worker 10:	
      From worker 10:	starting b_1.0_c_0.2_N_40_M_2_K_2_P_2_beta_0.001_u_0.001_v_0.025_p_0.75_ϵ_1.0_gens_20000000_210220-042759.575
      From worker 3:	
      From worker 3:	starting b_1.0_c_0.2_N_40_M_2_K_2_P_2_beta_0.001_u_0.001_v_0.001_p_0.25_ϵ_1.0_gens_20000000_210220-042759.575
      From worker 7:	
      From worker 7:	starting b_1.0_c_0.2_N_40_M_2_K_2_P_2_beta_0.001_u_0.001_v_0.011180339887498947_p_0.0_ϵ_1.0_gens_20000000_210220-042759.575
      From worker 5:	
      From worker 5:	starting b_1.0_c_0.2_N_40_M_2_K_2_P_2_beta_0.001_u_0.001_v_0.0022360679774997894_p_0.75_ϵ_1.0_gens_20000000_210220-042759.575
      From worker 14:	
      From worker 14:	starting b_1.0_c_0.2_N_40_M_2_K_2_P_2_beta_0.001_u_0.001_v_0.2795084971874737_p_0.5_ϵ_1.0_gens_20000000_210220-042759.575
      From worker 2:	
      From worker 2:	starting b_1.0_c_0.2_N_40_M_2_K_2_P_2_beta_0.001_u_0.001_v_0.001_p_0.0_ϵ_1.0_gens_20000000_210220-042759.575
      From worker 13:	
      From worker 13:	starting b_1.0_c_0.2_N_40_M_2_K_2_P_2_beta_0.001_u_0.001_v_0.125_p_0.25_ϵ_1.0_gens_20000000_210220-042759.575
      From worker 11:	
      From worker 11:	starting b_1.0_c_0.2_N_40_M_2_K_2_P_2_beta_0.001_u_0.001_v_0.055901699437494755_p_1.0_ϵ_1.0_gens_20000000_210220-042759.575
      From worker 15:	
      From worker 15:	starting b_1.0_c_0.2_N_40_M_2_K_2_P_2_beta_0.001_u_0.001_v_0.2795084971874737_p_0.75_ϵ_1.0_gens_20000000_210220-042759.575
      From worker 6:	replicate complete, ran 20000000 generations:
      From worker 6:	
      From worker 6:		num_imitating:			9995852
      From worker 6:		num_not_imitating:		10004148
      From worker 6:		num_strategies_changed:  	148207
      From worker 6:			num_random_strategies: 	10027
      From worker 6:		num_sets_changed: 		0
      From worker 6:			num_random_opinions: 	0
      From worker 6:			num_biased_opinions: 	50106
      From worker 6:		num_both_changed: 		0
      From worker 6:	
      From worker 11:	replicate complete, ran 20000000 generations:
      From worker 11:	
      From worker 11:		num_imitating:			10002634
      From worker 11:		num_not_imitating:		9997366
      From worker 11:		num_strategies_changed:  	154801
      From worker 11:			num_random_strategies: 	10060
      From worker 11:		num_sets_changed: 		0
      From worker 11:			num_random_opinions: 	0
      From worker 11:			num_biased_opinions: 	559993
      From worker 11:		num_both_changed: 		0
      From worker 11:	
      From worker 6:	data processed and exported
      From worker 11:	data processed and exported
      From worker 6:	
      From worker 6:	starting b_1.0_c_0.2_N_40_M_2_K_2_P_2_beta_0.001_u_0.001_v_0.005_p_0.0_ϵ_1.0_gens_20000000_210220-042759.575
      From worker 11:	
      From worker 11:	starting b_1.0_c_0.2_N_40_M_2_K_2_P_2_beta_0.001_u_0.001_v_0.055901699437494755_p_0.0_ϵ_1.0_gens_20000000_210220-042759.575
      From worker 16:	replicate complete, ran 20000000 generations:
      From worker 16:	
      From worker 16:		num_imitating:			10000419
      From worker 16:		num_not_imitating:		9999581
      From worker 16:		num_strategies_changed:  	153360
      From worker 16:			num_random_strategies: 	10166
      From worker 16:		num_sets_changed: 		0
      From worker 16:			num_random_opinions: 	0
      From worker 16:			num_biased_opinions: 	6247359
      From worker 16:		num_both_changed: 		0
      From worker 16:	
      From worker 16:	data processed and exported
      From worker 16:	
      From worker 16:	starting b_1.0_c_0.2_N_40_M_2_K_2_P_2_beta_0.001_u_0.001_v_0.625_p_0.0_ϵ_1.0_gens_20000000_210220-042759.575
      From worker 3:	replicate complete, ran 20000000 generations:
      From worker 3:	
      From worker 3:		num_imitating:			17499114
      From worker 3:		num_not_imitating:		2500886
      From worker 3:		num_strategies_changed:  	484375
      From worker 3:			num_random_strategies: 	17648
      From worker 3:		num_sets_changed: 		531613
      From worker 3:			num_random_opinions: 	13188
      From worker 3:			num_biased_opinions: 	4361
      From worker 3:		num_both_changed: 		29568
      From worker 3:	
      From worker 3:	data processed and exported
      From worker 3:	
      From worker 3:	starting b_1.0_c_0.2_N_40_M_2_K_2_P_2_beta_0.001_u_0.001_v_0.001_p_0.5_ϵ_1.0_gens_20000000_210220-042759.575
      From worker 5:	replicate complete, ran 20000000 generations:
      From worker 5:	
      From worker 5:		num_imitating:			12497064
      From worker 5:		num_not_imitating:		7502936
      From worker 5:		num_strategies_changed:  	340026
      From worker 5:			num_random_strategies: 	12594
      From worker 5:		num_sets_changed: 		633867
      From worker 5:			num_random_opinions: 	7030
      From worker 5:			num_biased_opinions: 	20799
      From worker 5:		num_both_changed: 		27658
      From worker 5:	
      From worker 5:	data processed and exported
      From worker 5:	
      From worker 5:	starting b_1.0_c_0.2_N_40_M_2_K_2_P_2_beta_0.001_u_0.001_v_0.0022360679774997894_p_1.0_ϵ_1.0_gens_20000000_210220-042759.575
      From worker 2:	replicate complete, ran 20000000 generations:
      From worker 2:	
      From worker 2:		num_imitating:			20000000
      From worker 2:		num_not_imitating:		0
      From worker 2:		num_strategies_changed:  	561049
      From worker 2:			num_random_strategies: 	20112
      From worker 2:		num_sets_changed: 		612593
      From worker 2:			num_random_opinions: 	19970
      From worker 2:			num_biased_opinions: 	0
      From worker 2:		num_both_changed: 		36248
      From worker 2:	
      From worker 2:	data processed and exported
      From worker 2:	
      From worker 2:	starting b_1.0_c_0.2_N_40_M_2_K_2_P_2_beta_0.001_u_0.001_v_0.001_p_0.25_ϵ_1.0_gens_20000000_210220-042759.575
      From worker 4:	replicate complete, ran 20000000 generations:
      From worker 4:	
      From worker 4:		num_imitating:			15001860
      From worker 4:		num_not_imitating:		4998140
      From worker 4:		num_strategies_changed:  	440259
      From worker 4:			num_random_strategies: 	15056
      From worker 4:		num_sets_changed: 		888620
      From worker 4:			num_random_opinions: 	16749
      From worker 4:			num_biased_opinions: 	16676
      From worker 4:		num_both_changed: 		48709
      From worker 4:	
      From worker 4:	data processed and exported
      From worker 4:	
      From worker 4:	starting b_1.0_c_0.2_N_40_M_2_K_2_P_2_beta_0.001_u_0.001_v_0.0022360679774997894_p_0.75_ϵ_1.0_gens_20000000_210220-042759.575
      From worker 10:	replicate complete, ran 20000000 generations:
      From worker 10:	
      From worker 10:		num_imitating:			12496173
      From worker 10:		num_not_imitating:		7503827
      From worker 10:		num_strategies_changed:  	368730
      From worker 10:			num_random_strategies: 	12503
      From worker 10:		num_sets_changed: 		3737893
      From worker 10:			num_random_opinions: 	77831
      From worker 10:			num_biased_opinions: 	235071
      From worker 10:		num_both_changed: 		166632
      From worker 10:	
      From worker 10:	data processed and exported
      From worker 10:	
      From worker 10:	starting b_1.0_c_0.2_N_40_M_2_K_2_P_2_beta_0.001_u_0.001_v_0.025_p_1.0_ϵ_1.0_gens_20000000_210220-042759.575
      From worker 8:	replicate complete, ran 20000000 generations:
      From worker 8:	
      From worker 8:		num_imitating:			17502219
      From worker 8:		num_not_imitating:		2497781
      From worker 8:		num_strategies_changed:  	504857
      From worker 8:			num_random_strategies: 	17576
      From worker 8:		num_sets_changed: 		4021650
      From worker 8:			num_random_opinions: 	146728
      From worker 8:			num_biased_opinions: 	49340
      From worker 8:		num_both_changed: 		195543
      From worker 8:	
      From worker 8:	data processed and exported
      From worker 8:	
      From worker 8:	starting b_1.0_c_0.2_N_40_M_2_K_2_P_2_beta_0.001_u_0.001_v_0.011180339887498947_p_0.5_ϵ_1.0_gens_20000000_210220-042759.575
      From worker 7:	replicate complete, ran 20000000 generations:
      From worker 7:	
      From worker 7:		num_imitating:			20000000
      From worker 7:		num_not_imitating:		0
      From worker 7:		num_strategies_changed:  	554652
      From worker 7:			num_random_strategies: 	19984
      From worker 7:		num_sets_changed: 		4693596
      From worker 7:			num_random_opinions: 	223486
      From worker 7:			num_biased_opinions: 	0
      From worker 7:		num_both_changed: 		205882
      From worker 7:	
      From worker 7:	data processed and exported
      From worker 7:	
      From worker 7:	starting b_1.0_c_0.2_N_40_M_2_K_2_P_2_beta_0.001_u_0.001_v_0.011180339887498947_p_0.25_ϵ_1.0_gens_20000000_210220-042759.575
      From worker 9:	replicate complete, ran 20000000 generations:
      From worker 9:	
      From worker 9:		num_imitating:			15000428
      From worker 9:		num_not_imitating:		4999572
      From worker 9:		num_strategies_changed:  	404863
      From worker 9:			num_random_strategies: 	14854
      From worker 9:		num_sets_changed: 		5142012
      From worker 9:			num_random_opinions: 	188002
      From worker 9:			num_biased_opinions: 	188018
      From worker 9:		num_both_changed: 		207476
      From worker 9:	
      From worker 9:	data processed and exported
      From worker 9:	
      From worker 9:	starting b_1.0_c_0.2_N_40_M_2_K_2_P_2_beta_0.001_u_0.001_v_0.025_p_0.75_ϵ_1.0_gens_20000000_210220-042759.575
      From worker 15:	replicate complete, ran 20000000 generations:
      From worker 15:	
      From worker 15:		num_imitating:			12496257
      From worker 15:		num_not_imitating:		7503743
      From worker 15:		num_strategies_changed:  	342722
      From worker 15:			num_random_strategies: 	12546
      From worker 15:		num_sets_changed: 		6239473
      From worker 15:			num_random_opinions: 	873788
      From worker 15:			num_biased_opinions: 	2619423
      From worker 15:		num_both_changed: 		187251
      From worker 15:	
      From worker 15:	data processed and exported
      From worker 15:	
      From worker 15:	starting b_1.0_c_0.2_N_40_M_2_K_2_P_2_beta_0.001_u_0.001_v_0.2795084971874737_p_1.0_ϵ_1.0_gens_20000000_210220-042759.575
      From worker 5:	replicate complete, ran 20000000 generations:
      From worker 5:	
      From worker 5:		num_imitating:			9999650
      From worker 5:		num_not_imitating:		10000350
      From worker 5:		num_strategies_changed:  	155959
      From worker 5:			num_random_strategies: 	10086
      From worker 5:		num_sets_changed: 		0
      From worker 5:			num_random_opinions: 	0
      From worker 5:			num_biased_opinions: 	22234
      From worker 5:		num_both_changed: 		0
      From worker 5:	
      From worker 5:	data processed and exported
      From worker 5:	
      From worker 5:	starting b_1.0_c_0.2_N_40_M_2_K_2_P_2_beta_0.001_u_0.001_v_0.005_p_0.0_ϵ_1.0_gens_20000000_210220-042759.575
      From worker 3:	replicate complete, ran 20000000 generations:
      From worker 3:	
      From worker 3:		num_imitating:			15001748
      From worker 3:		num_not_imitating:		4998252
      From worker 3:		num_strategies_changed:  	410256
      From worker 3:			num_random_strategies: 	15033
      From worker 3:		num_sets_changed: 		431052
      From worker 3:			num_random_opinions: 	7475
      From worker 3:			num_biased_opinions: 	7547
      From worker 3:		num_both_changed: 		19567
      From worker 3:	
      From worker 3:	data processed and exported
      From worker 3:	
      From worker 3:	starting b_1.0_c_0.2_N_40_M_2_K_2_P_2_beta_0.001_u_0.001_v_0.001_p_0.75_ϵ_1.0_gens_20000000_210220-042759.575
      From worker 2:	replicate complete, ran 20000000 generations:
      From worker 2:	
      From worker 2:		num_imitating:			17499169
      From worker 2:		num_not_imitating:		2500831
      From worker 2:		num_strategies_changed:  	477927
      From worker 2:			num_random_strategies: 	17526
      From worker 2:		num_sets_changed: 		514431
      From worker 2:			num_random_opinions: 	12954
      From worker 2:			num_biased_opinions: 	4326
      From worker 2:		num_both_changed: 		28155
      From worker 2:	
      From worker 2:	data processed and exported
      From worker 2:	
      From worker 2:	starting b_1.0_c_0.2_N_40_M_2_K_2_P_2_beta_0.001_u_0.001_v_0.001_p_0.5_ϵ_1.0_gens_20000000_210220-042759.575
      From worker 4:	replicate complete, ran 20000000 generations:
      From worker 4:	
      From worker 4:		num_imitating:			12500803
      From worker 4:		num_not_imitating:		7499197
      From worker 4:		num_strategies_changed:  	366910
      From worker 4:			num_random_strategies: 	12731
      From worker 4:		num_sets_changed: 		673390
      From worker 4:			num_random_opinions: 	6993
      From worker 4:			num_biased_opinions: 	21009
      From worker 4:		num_both_changed: 		40170
      From worker 4:	
      From worker 4:	data processed and exported
      From worker 4:	
      From worker 4:	starting b_1.0_c_0.2_N_40_M_2_K_2_P_2_beta_0.001_u_0.001_v_0.0022360679774997894_p_1.0_ϵ_1.0_gens_20000000_210220-042759.575
      From worker 6:	replicate complete, ran 20000000 generations:
      From worker 6:	
      From worker 6:		num_imitating:			20000000
      From worker 6:		num_not_imitating:		0
      From worker 6:		num_strategies_changed:  	560593
      From worker 6:			num_random_strategies: 	19947
      From worker 6:		num_sets_changed: 		2654497
      From worker 6:			num_random_opinions: 	99936
      From worker 6:			num_biased_opinions: 	0
      From worker 6:		num_both_changed: 		129970
      From worker 6:	
      From worker 6:	data processed and exported
      From worker 6:	
      From worker 6:	starting b_1.0_c_0.2_N_40_M_2_K_2_P_2_beta_0.001_u_0.001_v_0.005_p_0.25_ϵ_1.0_gens_20000000_210220-042759.575
      From worker 14:	replicate complete, ran 20000000 generations:
      From worker 14:	
      From worker 14:		num_imitating:			14998560
      From worker 14:		num_not_imitating:		5001440
      From worker 14:		num_strategies_changed:  	405765
      From worker 14:			num_random_strategies: 	14767
      From worker 14:		num_sets_changed: 		9372932
      From worker 14:			num_random_opinions: 	2094983
      From worker 14:			num_biased_opinions: 	2095804
      From worker 14:		num_both_changed: 		271427
      From worker 14:	
      From worker 14:	data processed and exported
      From worker 14:	
      From worker 14:	starting b_1.0_c_0.2_N_40_M_2_K_2_P_2_beta_0.001_u_0.001_v_0.2795084971874737_p_0.75_ϵ_1.0_gens_20000000_210220-042759.575
      From worker 10:	replicate complete, ran 20000000 generations:
      From worker 10:	
      From worker 10:		num_imitating:			9996483
      From worker 10:		num_not_imitating:		10003517
      From worker 10:		num_strategies_changed:  	144064
      From worker 10:			num_random_strategies: 	10024
      From worker 10:		num_sets_changed: 		0
      From worker 10:			num_random_opinions: 	0
      From worker 10:			num_biased_opinions: 	250541
      From worker 10:		num_both_changed: 		0
      From worker 10:	
      From worker 10:	data processed and exported
      From worker 10:	
      From worker 10:	starting b_1.0_c_0.2_N_40_M_2_K_2_P_2_beta_0.001_u_0.001_v_0.055901699437494755_p_0.0_ϵ_1.0_gens_20000000_210220-042759.575
      From worker 13:	replicate complete, ran 20000000 generations:
      From worker 13:	
      From worker 13:		num_imitating:			17499675
      From worker 13:		num_not_imitating:		2500325
      From worker 13:		num_strategies_changed:  	496744
      From worker 13:			num_random_strategies: 	17404
      From worker 13:		num_sets_changed: 		10891479
      From worker 13:			num_random_opinions: 	1638585
      From worker 13:			num_biased_opinions: 	547607
      From worker 13:		num_both_changed: 		355711
      From worker 13:	
      From worker 13:	data processed and exported
      From worker 13:	
      From worker 13:	starting b_1.0_c_0.2_N_40_M_2_K_2_P_2_beta_0.001_u_0.001_v_0.125_p_0.5_ϵ_1.0_gens_20000000_210220-042759.575
      From worker 15:	replicate complete, ran 20000000 generations:
      From worker 15:	
      From worker 15:		num_imitating:			9994550
      From worker 15:		num_not_imitating:		10005450
      From worker 15:		num_strategies_changed:  	137998
      From worker 15:			num_random_strategies: 	9818
      From worker 15:		num_sets_changed: 		0
      From worker 15:			num_random_opinions: 	0
      From worker 15:			num_biased_opinions: 	2794015
      From worker 15:		num_both_changed: 		0
      From worker 15:	
      From worker 15:	data processed and exported
      From worker 15:	
      From worker 15:	starting b_1.0_c_0.2_N_40_M_2_K_2_P_2_beta_0.001_u_0.001_v_0.625_p_0.0_ϵ_1.0_gens_20000000_210220-042759.575
      From worker 12:	replicate complete, ran 20000000 generations:
      From worker 12:	
      From worker 12:		num_imitating:			20000000
      From worker 12:		num_not_imitating:		0
      From worker 12:		num_strategies_changed:  	574478
      From worker 12:			num_random_strategies: 	20140
      From worker 12:		num_sets_changed: 		12754266
      From worker 12:			num_random_opinions: 	2501564
      From worker 12:			num_biased_opinions: 	0
      From worker 12:		num_both_changed: 		419626
      From worker 12:	
      From worker 12:	data processed and exported
      From worker 12:	
      From worker 12:	starting b_1.0_c_0.2_N_40_M_2_K_2_P_2_beta_0.001_u_0.001_v_0.125_p_0.25_ϵ_1.0_gens_20000000_210220-042759.575
      From worker 8:	replicate complete, ran 20000000 generations:
      From worker 8:	
      From worker 8:		num_imitating:			15002602
      From worker 8:		num_not_imitating:		4997398
      From worker 8:		num_strategies_changed:  	446456
      From worker 8:			num_random_strategies: 	15019
      From worker 8:		num_sets_changed: 		3233248
      From worker 8:			num_random_opinions: 	84002
      From worker 8:			num_biased_opinions: 	83801
      From worker 8:		num_both_changed: 		161221
      From worker 8:	
      From worker 8:	data processed and exported
      From worker 8:	
      From worker 8:	starting b_1.0_c_0.2_N_40_M_2_K_2_P_2_beta_0.001_u_0.001_v_0.011180339887498947_p_0.75_ϵ_1.0_gens_20000000_210220-042759.575
      From worker 3:	replicate complete, ran 20000000 generations:
      From worker 3:	
      From worker 3:		num_imitating:			12499096
      From worker 3:		num_not_imitating:		7500904
      From worker 3:		num_strategies_changed:  	341717
      From worker 3:			num_random_strategies: 	12486
      From worker 3:		num_sets_changed: 		319633
      From worker 3:			num_random_opinions: 	3167
      From worker 3:			num_biased_opinions: 	9468
      From worker 3:		num_both_changed: 		15459
      From worker 3:	
      From worker 3:	data processed and exported
      From worker 3:	
      From worker 3:	starting b_1.0_c_0.2_N_40_M_2_K_2_P_2_beta_0.001_u_0.001_v_0.001_p_1.0_ϵ_1.0_gens_20000000_210220-042759.575
      From worker 4:	replicate complete, ran 20000000 generations:
      From worker 4:	
      From worker 4:		num_imitating:			10000078
      From worker 4:		num_not_imitating:		9999922
      From worker 4:		num_strategies_changed:  	151553
      From worker 4:			num_random_strategies: 	9919
      From worker 4:		num_sets_changed: 		0
      From worker 4:			num_random_opinions: 	0
      From worker 4:			num_biased_opinions: 	22383
      From worker 4:		num_both_changed: 		0
      From worker 4:	
      From worker 4:	data processed and exported
      From worker 4:	
      From worker 4:	starting b_1.0_c_0.2_N_40_M_2_K_2_P_2_beta_0.001_u_0.001_v_0.0022360679774997894_p_0.0_ϵ_1.0_gens_20000000_210220-042759.575
      From worker 2:	replicate complete, ran 20000000 generations:
      From worker 2:	
      From worker 2:		num_imitating:			14999630
      From worker 2:		num_not_imitating:		5000370
      From worker 2:		num_strategies_changed:  	432419
      From worker 2:			num_random_strategies: 	14998
      From worker 2:		num_sets_changed: 		422687
      From worker 2:			num_random_opinions: 	7455
      From worker 2:			num_biased_opinions: 	7478
      From worker 2:		num_both_changed: 		22753
      From worker 2:	
      From worker 2:	data processed and exported
      From worker 2:	
      From worker 2:	starting b_1.0_c_0.2_N_40_M_2_K_2_P_2_beta_0.001_u_0.001_v_0.001_p_0.75_ϵ_1.0_gens_20000000_210220-042759.575
      From worker 9:	replicate complete, ran 20000000 generations:
      From worker 9:	
      From worker 9:		num_imitating:			12497582
      From worker 9:		num_not_imitating:		7502418
      From worker 9:		num_strategies_changed:  	378279
      From worker 9:			num_random_strategies: 	12329
      From worker 9:		num_sets_changed: 		3751557
      From worker 9:			num_random_opinions: 	77672
      From worker 9:			num_biased_opinions: 	235367
      From worker 9:		num_both_changed: 		170652
      From worker 9:	
      From worker 9:	data processed and exported
      From worker 9:	
      From worker 9:	starting b_1.0_c_0.2_N_40_M_2_K_2_P_2_beta_0.001_u_0.001_v_0.025_p_1.0_ϵ_1.0_gens_20000000_210220-042759.575
      From worker 7:	replicate complete, ran 20000000 generations:
      From worker 7:	
      From worker 7:		num_imitating:			17500035
      From worker 7:		num_not_imitating:		2499965
      From worker 7:		num_strategies_changed:  	493861
      From worker 7:			num_random_strategies: 	17641
      From worker 7:		num_sets_changed: 		4016752
      From worker 7:			num_random_opinions: 	146921
      From worker 7:			num_biased_opinions: 	48826
      From worker 7:		num_both_changed: 		185006
      From worker 7:	
      From worker 7:	data processed and exported
      From worker 7:	
      From worker 7:	starting b_1.0_c_0.2_N_40_M_2_K_2_P_2_beta_0.001_u_0.001_v_0.011180339887498947_p_0.5_ϵ_1.0_gens_20000000_210220-042759.575
      From worker 5:	replicate complete, ran 20000000 generations:
      From worker 5:	
      From worker 5:		num_imitating:			20000000
      From worker 5:		num_not_imitating:		0
      From worker 5:		num_strategies_changed:  	555290
      From worker 5:			num_random_strategies: 	20166
      From worker 5:		num_sets_changed: 		2532516
      From worker 5:			num_random_opinions: 	100440
      From worker 5:			num_biased_opinions: 	0
      From worker 5:		num_both_changed: 		124579
      From worker 5:	
      From worker 5:	data processed and exported
      From worker 5:	
      From worker 5:	starting b_1.0_c_0.2_N_40_M_2_K_2_P_2_beta_0.001_u_0.001_v_0.005_p_0.25_ϵ_1.0_gens_20000000_210220-042759.575
      From worker 11:	replicate complete, ran 20000000 generations:
      From worker 11:	
      From worker 11:		num_imitating:			20000000
      From worker 11:		num_not_imitating:		0
      From worker 11:		num_strategies_changed:  	522094
      From worker 11:			num_random_strategies: 	19841
      From worker 11:		num_sets_changed: 		10486547
      From worker 11:			num_random_opinions: 	1119070
      From worker 11:			num_biased_opinions: 	0
      From worker 11:		num_both_changed: 		348814
      From worker 11:	
      From worker 11:	data processed and exported
      From worker 11:	
      From worker 11:	starting b_1.0_c_0.2_N_40_M_2_K_2_P_2_beta_0.001_u_0.001_v_0.055901699437494755_p_0.25_ϵ_1.0_gens_20000000_210220-042759.575
      From worker 6:	replicate complete, ran 20000000 generations:
      From worker 6:	
      From worker 6:		num_imitating:			17499908
      From worker 6:		num_not_imitating:		2500092
      From worker 6:		num_strategies_changed:  	502867
      From worker 6:			num_random_strategies: 	17329
      From worker 6:		num_sets_changed: 		2223992
      From worker 6:			num_random_opinions: 	65889
      From worker 6:			num_biased_opinions: 	21786
      From worker 6:		num_both_changed: 		107494
      From worker 6:	
      From worker 6:	data processed and exported
      From worker 6:	
      From worker 6:	starting b_1.0_c_0.2_N_40_M_2_K_2_P_2_beta_0.001_u_0.001_v_0.005_p_0.5_ϵ_1.0_gens_20000000_210220-042759.575
      From worker 3:	replicate complete, ran 20000000 generations:
      From worker 3:	
      From worker 3:		num_imitating:			10001489
      From worker 3:		num_not_imitating:		9998511
      From worker 3:		num_strategies_changed:  	150220
      From worker 3:			num_random_strategies: 	9871
      From worker 3:		num_sets_changed: 		0
      From worker 3:			num_random_opinions: 	0
      From worker 3:			num_biased_opinions: 	10074
      From worker 3:		num_both_changed: 		0
      From worker 3:	
      From worker 3:	data processed and exported
      From worker 3:	
      From worker 3:	starting b_1.0_c_0.2_N_40_M_2_K_2_P_2_beta_0.001_u_0.001_v_0.0022360679774997894_p_0.0_ϵ_1.0_gens_20000000_210220-042759.575
      From worker 2:	replicate complete, ran 20000000 generations:
      From worker 2:	
      From worker 2:		num_imitating:			12496810
      From worker 2:		num_not_imitating:		7503190
      From worker 2:		num_strategies_changed:  	346650
      From worker 2:			num_random_strategies: 	12467
      From worker 2:		num_sets_changed: 		321003
      From worker 2:			num_random_opinions: 	3034
      From worker 2:			num_biased_opinions: 	9449
      From worker 2:		num_both_changed: 		14955
      From worker 2:	
      From worker 2:	data processed and exported
      From worker 2:	
      From worker 2:	starting b_1.0_c_0.2_N_40_M_2_K_2_P_2_beta_0.001_u_0.001_v_0.001_p_1.0_ϵ_1.0_gens_20000000_210220-042759.575
      From worker 9:	replicate complete, ran 20000000 generations:
      From worker 9:	
      From worker 9:		num_imitating:			10003459
      From worker 9:		num_not_imitating:		9996541
      From worker 9:		num_strategies_changed:  	154778
      From worker 9:			num_random_strategies: 	10051
      From worker 9:		num_sets_changed: 		0
      From worker 9:			num_random_opinions: 	0
      From worker 9:			num_biased_opinions: 	249444
      From worker 9:		num_both_changed: 		0
      From worker 9:	
      From worker 9:	data processed and exported
      From worker 9:	
      From worker 9:	starting b_1.0_c_0.2_N_40_M_2_K_2_P_2_beta_0.001_u_0.001_v_0.025_p_0.0_ϵ_1.0_gens_20000000_210220-042759.575
      From worker 4:	replicate complete, ran 20000000 generations:
      From worker 4:	
      From worker 4:		num_imitating:			20000000
      From worker 4:		num_not_imitating:		0
      From worker 4:		num_strategies_changed:  	559992
      From worker 4:			num_random_strategies: 	20232
      From worker 4:		num_sets_changed: 		1258398
      From worker 4:			num_random_opinions: 	44583
      From worker 4:			num_biased_opinions: 	0
      From worker 4:		num_both_changed: 		66405
      From worker 4:	
      From worker 4:	data processed and exported
      From worker 4:	
      From worker 4:	starting b_1.0_c_0.2_N_40_M_2_K_2_P_2_beta_0.001_u_0.001_v_0.0022360679774997894_p_0.25_ϵ_1.0_gens_20000000_210220-042759.575
      From worker 16:	replicate complete, ran 20000000 generations:
      From worker 16:	
      From worker 16:		num_imitating:			20000000
      From worker 16:		num_not_imitating:		0
      From worker 16:		num_strategies_changed:  	570121
      From worker 16:			num_random_strategies: 	19973
      From worker 16:		num_sets_changed: 		14776157
      From worker 16:			num_random_opinions: 	12498004
      From worker 16:			num_biased_opinions: 	0
      From worker 16:		num_both_changed: 		427483
      From worker 16:	
      From worker 16:	data processed and exported
      From worker 16:	
      From worker 16:	starting b_1.0_c_0.2_N_40_M_2_K_2_P_2_beta_0.001_u_0.001_v_0.625_p_0.25_ϵ_1.0_gens_20000000_210220-042759.575
      From worker 8:	replicate complete, ran 20000000 generations:
      From worker 8:	
      From worker 8:		num_imitating:			12500584
      From worker 8:		num_not_imitating:		7499416
      From worker 8:		num_strategies_changed:  	350610
      From worker 8:			num_random_strategies: 	12454
      From worker 8:		num_sets_changed: 		2350792
      From worker 8:			num_random_opinions: 	35256
      From worker 8:			num_biased_opinions: 	104203
      From worker 8:		num_both_changed: 		106822
      From worker 8:	
      From worker 8:	data processed and exported
      From worker 8:	
      From worker 8:	starting b_1.0_c_0.2_N_40_M_2_K_2_P_2_beta_0.001_u_0.001_v_0.011180339887498947_p_1.0_ϵ_1.0_gens_20000000_210220-042759.575
      From worker 14:	replicate complete, ran 20000000 generations:
      From worker 14:	
      From worker 14:		num_imitating:			12499345
      From worker 14:		num_not_imitating:		7500655
      From worker 14:		num_strategies_changed:  	364400
      From worker 14:			num_random_strategies: 	12537
      From worker 14:		num_sets_changed: 		6246414
      From worker 14:			num_random_opinions: 	873027
      From worker 14:			num_biased_opinions: 	2621163
      From worker 14:		num_both_changed: 		199961
      From worker 14:	
      From worker 14:	data processed and exported
      From worker 14:	
      From worker 14:	starting b_1.0_c_0.2_N_40_M_2_K_2_P_2_beta_0.001_u_0.001_v_0.2795084971874737_p_1.0_ϵ_1.0_gens_20000000_210220-042759.575
      From worker 5:	replicate complete, ran 20000000 generations:
      From worker 5:	
      From worker 5:		num_imitating:			17497631
      From worker 5:		num_not_imitating:		2502369
      From worker 5:		num_strategies_changed:  	502893
      From worker 5:			num_random_strategies: 	17770
      From worker 5:		num_sets_changed: 		2221157
      From worker 5:			num_random_opinions: 	65521
      From worker 5:			num_biased_opinions: 	22031
      From worker 5:		num_both_changed: 		110389
      From worker 5:	
      From worker 5:	data processed and exported
      From worker 5:	
      From worker 5:	starting b_1.0_c_0.2_N_40_M_2_K_2_P_2_beta_0.001_u_0.001_v_0.005_p_0.5_ϵ_1.0_gens_20000000_210220-042759.575
      From worker 7:	replicate complete, ran 20000000 generations:
      From worker 7:	
      From worker 7:		num_imitating:			14999869
      From worker 7:		num_not_imitating:		5000131
      From worker 7:		num_strategies_changed:  	421260
      From worker 7:			num_random_strategies: 	15072
      From worker 7:		num_sets_changed: 		3166351
      From worker 7:			num_random_opinions: 	83769
      From worker 7:			num_biased_opinions: 	84159
      From worker 7:		num_both_changed: 		149040
      From worker 7:	
      From worker 7:	data processed and exported
      From worker 7:	
      From worker 7:	starting b_1.0_c_0.2_N_40_M_2_K_2_P_2_beta_0.001_u_0.001_v_0.011180339887498947_p_0.75_ϵ_1.0_gens_20000000_210220-042759.575
      From worker 6:	replicate complete, ran 20000000 generations:
      From worker 6:	
      From worker 6:		num_imitating:			14999889
      From worker 6:		num_not_imitating:		5000111
      From worker 6:		num_strategies_changed:  	415703
      From worker 6:			num_random_strategies: 	15183
      From worker 6:		num_sets_changed: 		1779441
      From worker 6:			num_random_opinions: 	37380
      From worker 6:			num_biased_opinions: 	37463
      From worker 6:		num_both_changed: 		92473
      From worker 6:	
      From worker 6:	data processed and exported
      From worker 6:	
      From worker 6:	starting b_1.0_c_0.2_N_40_M_2_K_2_P_2_beta_0.001_u_0.001_v_0.005_p_0.75_ϵ_1.0_gens_20000000_210220-042759.575
      From worker 13:	replicate complete, ran 20000000 generations:
      From worker 13:	
      From worker 13:		num_imitating:			14997295
      From worker 13:		num_not_imitating:		5002705
      From worker 13:		num_strategies_changed:  	445228
      From worker 13:			num_random_strategies: 	14945
      From worker 13:		num_sets_changed: 		8641775
      From worker 13:			num_random_opinions: 	937865
      From worker 13:			num_biased_opinions: 	938040
      From worker 13:		num_both_changed: 		296760
      From worker 13:	
      From worker 13:	data processed and exported
      From worker 13:	
      From worker 13:	starting b_1.0_c_0.2_N_40_M_2_K_2_P_2_beta_0.001_u_0.001_v_0.125_p_0.75_ϵ_1.0_gens_20000000_210220-042759.575
      From worker 10:	replicate complete, ran 20000000 generations:
      From worker 10:	
      From worker 10:		num_imitating:			20000000
      From worker 10:		num_not_imitating:		0
      From worker 10:		num_strategies_changed:  	585354
      From worker 10:			num_random_strategies: 	19973
      From worker 10:		num_sets_changed: 		10540396
      From worker 10:			num_random_opinions: 	1117317
      From worker 10:			num_biased_opinions: 	0
      From worker 10:		num_both_changed: 		397470
      From worker 10:	
      From worker 10:	data processed and exported
      From worker 10:	
      From worker 10:	starting b_1.0_c_0.2_N_40_M_2_K_2_P_2_beta_0.001_u_0.001_v_0.055901699437494755_p_0.25_ϵ_1.0_gens_20000000_210220-042759.575
      From worker 2:	replicate complete, ran 20000000 generations:
      From worker 2:	
      From worker 2:		num_imitating:			9997125
      From worker 2:		num_not_imitating:		10002875
      From worker 2:		num_strategies_changed:  	150274
      From worker 2:			num_random_strategies: 	10018
      From worker 2:		num_sets_changed: 		0
      From worker 2:			num_random_opinions: 	0
      From worker 2:			num_biased_opinions: 	10004
      From worker 2:		num_both_changed: 		0
      From worker 2:	
      From worker 3:	replicate complete, ran 20000000 generations:
      From worker 3:	
      From worker 3:		num_imitating:			20000000
      From worker 3:		num_not_imitating:		0
      From worker 3:		num_strategies_changed:  	576297
      From worker 3:			num_random_strategies: 	20141
      From worker 3:		num_sets_changed: 		1273305
      From worker 3:			num_random_opinions: 	44733
      From worker 3:			num_biased_opinions: 	0
      From worker 3:		num_both_changed: 		66782
      From worker 3:	
      From worker 2:	data processed and exported
      From worker 2:	
      From worker 2:	starting b_1.0_c_0.2_N_40_M_2_K_2_P_2_beta_0.001_u_0.001_v_0.001_p_0.0_ϵ_1.0_gens_20000000_210220-042759.575
      From worker 3:	data processed and exported
      From worker 3:	
      From worker 3:	starting b_1.0_c_0.2_N_40_M_2_K_2_P_2_beta_0.001_u_0.001_v_0.0022360679774997894_p_0.25_ϵ_1.0_gens_20000000_210220-042759.575
      From worker 8:	replicate complete, ran 20000000 generations:
      From worker 8:	
      From worker 8:		num_imitating:			10000907
      From worker 8:		num_not_imitating:		9999093
      From worker 8:		num_strategies_changed:  	141164
      From worker 8:			num_random_strategies: 	9907
      From worker 8:		num_sets_changed: 		0
      From worker 8:			num_random_opinions: 	0
      From worker 8:			num_biased_opinions: 	111570
      From worker 8:		num_both_changed: 		0
      From worker 8:	
      From worker 8:	data processed and exported
      From worker 8:	
      From worker 8:	starting b_1.0_c_0.2_N_40_M_2_K_2_P_2_beta_0.001_u_0.001_v_0.025_p_0.0_ϵ_1.0_gens_20000000_210220-042759.575
      From worker 14:	replicate complete, ran 20000000 generations:
      From worker 14:	
      From worker 14:		num_imitating:			10000966
      From worker 14:		num_not_imitating:		9999034
      From worker 14:		num_strategies_changed:  	147610
      From worker 14:			num_random_strategies: 	9922
      From worker 14:		num_sets_changed: 		0
      From worker 14:			num_random_opinions: 	0
      From worker 14:			num_biased_opinions: 	2794791
      From worker 14:		num_both_changed: 		0
      From worker 14:	
      From worker 14:	data processed and exported
      From worker 14:	
      From worker 14:	starting b_1.0_c_0.2_N_40_M_2_K_2_P_2_beta_0.001_u_0.001_v_0.2795084971874737_p_0.0_ϵ_1.0_gens_20000000_210220-042759.575
      From worker 4:	replicate complete, ran 20000000 generations:
      From worker 4:	
      From worker 4:		num_imitating:			17500457
      From worker 4:		num_not_imitating:		2499543
      From worker 4:		num_strategies_changed:  	485483
      From worker 4:			num_random_strategies: 	17364
      From worker 4:		num_sets_changed: 		1083866
      From worker 4:			num_random_opinions: 	29437
      From worker 4:			num_biased_opinions: 	9865
      From worker 4:		num_both_changed: 		59403
      From worker 4:	
      From worker 4:	data processed and exported
      From worker 4:	
      From worker 4:	starting b_1.0_c_0.2_N_40_M_2_K_2_P_2_beta_0.001_u_0.001_v_0.0022360679774997894_p_0.5_ϵ_1.0_gens_20000000_210220-042759.575
      From worker 12:	replicate complete, ran 20000000 generations:
      From worker 12:	
      From worker 12:		num_imitating:			17499628
      From worker 12:		num_not_imitating:		2500372
      From worker 12:		num_strategies_changed:  	493295
      From worker 12:			num_random_strategies: 	17467
      From worker 12:		num_sets_changed: 		10889099
      From worker 12:			num_random_opinions: 	1641800
      From worker 12:			num_biased_opinions: 	545967
      From worker 12:		num_both_changed: 		352701
      From worker 12:	
      From worker 12:	data processed and exported
      From worker 12:	
      From worker 12:	starting b_1.0_c_0.2_N_40_M_2_K_2_P_2_beta_0.001_u_0.001_v_0.125_p_0.5_ϵ_1.0_gens_20000000_210220-042759.575
      From worker 11:	replicate complete, ran 20000000 generations:
      From worker 11:	
      From worker 11:		num_imitating:			17498386
      From worker 11:		num_not_imitating:		2501614
      From worker 11:		num_strategies_changed:  	516258
      From worker 11:			num_random_strategies: 	17527
      From worker 11:		num_sets_changed: 		8963227
      From worker 11:			num_random_opinions: 	732701
      From worker 11:			num_biased_opinions: 	244143
      From worker 11:		num_both_changed: 		338953
      From worker 11:	
      From worker 11:	data processed and exported
      From worker 11:	
      From worker 11:	starting b_1.0_c_0.2_N_40_M_2_K_2_P_2_beta_0.001_u_0.001_v_0.055901699437494755_p_0.5_ϵ_1.0_gens_20000000_210220-042759.575
      From worker 5:	replicate complete, ran 20000000 generations:
      From worker 5:	
      From worker 5:		num_imitating:			15001601
      From worker 5:		num_not_imitating:		4998399
      From worker 5:		num_strategies_changed:  	434053
      From worker 5:			num_random_strategies: 	15066
      From worker 5:		num_sets_changed: 		1812240
      From worker 5:			num_random_opinions: 	37809
      From worker 5:			num_biased_opinions: 	37223
      From worker 5:		num_both_changed: 		95722
      From worker 5:	
      From worker 5:	data processed and exported
      From worker 5:	
      From worker 5:	starting b_1.0_c_0.2_N_40_M_2_K_2_P_2_beta_0.001_u_0.001_v_0.005_p_0.75_ϵ_1.0_gens_20000000_210220-042759.575
      From worker 6:	replicate complete, ran 20000000 generations:
      From worker 6:	
      From worker 6:		num_imitating:			12495831
      From worker 6:		num_not_imitating:		7504169
      From worker 6:		num_strategies_changed:  	384548
      From worker 6:			num_random_strategies: 	12353
      From worker 6:		num_sets_changed: 		1280631
      From worker 6:			num_random_opinions: 	15657
      From worker 6:			num_biased_opinions: 	46567
      From worker 6:		num_both_changed: 		74104
      From worker 6:	
      From worker 6:	data processed and exported
      From worker 6:	
      From worker 6:	starting b_1.0_c_0.2_N_40_M_2_K_2_P_2_beta_0.001_u_0.001_v_0.005_p_1.0_ϵ_1.0_gens_20000000_210220-042759.575
      From worker 15:	replicate complete, ran 20000000 generations:
      From worker 15:	
      From worker 15:		num_imitating:			20000000
      From worker 15:		num_not_imitating:		0
      From worker 15:		num_strategies_changed:  	565921
      From worker 15:			num_random_strategies: 	20151
      From worker 15:		num_sets_changed: 		14776766
      From worker 15:			num_random_opinions: 	12496634
      From worker 15:			num_biased_opinions: 	0
      From worker 15:		num_both_changed: 		424310
      From worker 15:	
      From worker 15:	data processed and exported
      From worker 15:	
      From worker 15:	starting b_1.0_c_0.2_N_40_M_2_K_2_P_2_beta_0.001_u_0.001_v_0.625_p_0.25_ϵ_1.0_gens_20000000_210220-042759.575
      From worker 7:	replicate complete, ran 20000000 generations:
      From worker 7:	
      From worker 7:		num_imitating:			12501404
      From worker 7:		num_not_imitating:		7498596
      From worker 7:		num_strategies_changed:  	363154
      From worker 7:			num_random_strategies: 	12649
      From worker 7:		num_sets_changed: 		2336367
      From worker 7:			num_random_opinions: 	34953
      From worker 7:			num_biased_opinions: 	104227
      From worker 7:		num_both_changed: 		122396
      From worker 7:	
      From worker 7:	data processed and exported
      From worker 7:	
      From worker 7:	starting b_1.0_c_0.2_N_40_M_2_K_2_P_2_beta_0.001_u_0.001_v_0.011180339887498947_p_1.0_ϵ_1.0_gens_20000000_210220-042759.575
      From worker 2:	replicate complete, ran 20000000 generations:
      From worker 2:	
      From worker 2:		num_imitating:			20000000
      From worker 2:		num_not_imitating:		0
      From worker 2:		num_strategies_changed:  	564690
      From worker 2:			num_random_strategies: 	19997
      From worker 2:		num_sets_changed: 		597941
      From worker 2:			num_random_opinions: 	20232
      From worker 2:			num_biased_opinions: 	0
      From worker 2:		num_both_changed: 		30133
      From worker 2:	
      From worker 2:	data processed and exported
      From worker 3:	replicate complete, ran 20000000 generations:
      From worker 3:	
      From worker 3:		num_imitating:			17496342
      From worker 3:		num_not_imitating:		2503658
      From worker 3:		num_strategies_changed:  	486780
      From worker 3:			num_random_strategies: 	17574
      From worker 3:		num_sets_changed: 		1094948
      From worker 3:			num_random_opinions: 	29308
      From worker 3:			num_biased_opinions: 	9712
      From worker 3:		num_both_changed: 		57929
      From worker 3:	
      From worker 3:	data processed and exported
      From worker 9:	replicate complete, ran 20000000 generations:
      From worker 9:	
      From worker 9:		num_imitating:			20000000
      From worker 9:		num_not_imitating:		0
      From worker 9:		num_strategies_changed:  	591857
      From worker 9:			num_random_strategies: 	20350
      From worker 9:		num_sets_changed: 		7527558
      From worker 9:			num_random_opinions: 	499329
      From worker 9:			num_biased_opinions: 	0
      From worker 9:		num_both_changed: 		326039
      From worker 9:	
      From worker 9:	data processed and exported
      From worker 9:	
      From worker 9:	starting b_1.0_c_0.2_N_40_M_2_K_2_P_2_beta_0.001_u_0.001_v_0.025_p_0.25_ϵ_1.0_gens_20000000_210220-042759.575
      From worker 4:	replicate complete, ran 20000000 generations:
      From worker 4:	
      From worker 4:		num_imitating:			14996998
      From worker 4:		num_not_imitating:		5003002
      From worker 4:		num_strategies_changed:  	416995
      From worker 4:			num_random_strategies: 	15082
      From worker 4:		num_sets_changed: 		849089
      From worker 4:			num_random_opinions: 	16731
      From worker 4:			num_biased_opinions: 	16839
      From worker 4:		num_both_changed: 		45073
      From worker 4:	
      From worker 4:	data processed and exported
      From worker 13:	replicate complete, ran 20000000 generations:
      From worker 13:	
      From worker 13:		num_imitating:			12501633
      From worker 13:		num_not_imitating:		7498367
      From worker 13:		num_strategies_changed:  	378270
      From worker 13:			num_random_strategies: 	12504
      From worker 13:		num_sets_changed: 		6140056
      From worker 13:			num_random_opinions: 	390345
      From worker 13:			num_biased_opinions: 	1171729
      From worker 13:		num_both_changed: 		220322
      From worker 13:	
      From worker 13:	data processed and exported
      From worker 13:	
      From worker 13:	starting b_1.0_c_0.2_N_40_M_2_K_2_P_2_beta_0.001_u_0.001_v_0.125_p_1.0_ϵ_1.0_gens_20000000_210220-042759.575
      From worker 6:	replicate complete, ran 20000000 generations:
      From worker 6:	
      From worker 6:		num_imitating:			10001848
      From worker 6:		num_not_imitating:		9998152
      From worker 6:		num_strategies_changed:  	148090
      From worker 6:			num_random_strategies: 	10131
      From worker 6:		num_sets_changed: 		0
      From worker 6:			num_random_opinions: 	0
      From worker 6:			num_biased_opinions: 	49878
      From worker 6:		num_both_changed: 		0
      From worker 6:	
      From worker 6:	data processed and exported
      From worker 7:	replicate complete, ran 20000000 generations:
      From worker 7:	
      From worker 7:		num_imitating:			10002739
      From worker 7:		num_not_imitating:		9997261
      From worker 7:		num_strategies_changed:  	140863
      From worker 7:			num_random_strategies: 	10080
      From worker 7:		num_sets_changed: 		0
      From worker 7:			num_random_opinions: 	0
      From worker 7:			num_biased_opinions: 	111725
      From worker 7:		num_both_changed: 		0
      From worker 7:	
      From worker 7:	data processed and exported
      From worker 7:	
      From worker 7:	starting b_1.0_c_0.2_N_40_M_2_K_2_P_2_beta_0.001_u_0.001_v_0.011180339887498947_p_0.0_ϵ_1.0_gens_20000000_210220-042759.575
      From worker 5:	replicate complete, ran 20000000 generations:
      From worker 5:	
      From worker 5:		num_imitating:			12502622
      From worker 5:		num_not_imitating:		7497378
      From worker 5:		num_strategies_changed:  	370547
      From worker 5:			num_random_strategies: 	12333
      From worker 5:		num_sets_changed: 		1268519
      From worker 5:			num_random_opinions: 	15763
      From worker 5:			num_biased_opinions: 	46896
      From worker 5:		num_both_changed: 		75332
      From worker 5:	
      From worker 5:	data processed and exported
      From worker 16:	replicate complete, ran 20000000 generations:
      From worker 16:	
      From worker 16:		num_imitating:			17502254
      From worker 16:		num_not_imitating:		2497746
      From worker 16:		num_strategies_changed:  	490428
      From worker 16:			num_random_strategies: 	17442
      From worker 16:		num_sets_changed: 		12410201
      From worker 16:			num_random_opinions: 	8204741
      From worker 16:			num_biased_opinions: 	2735455
      From worker 16:		num_both_changed: 		353665
      From worker 16:	
      From worker 16:	data processed and exported
      From worker 16:	
      From worker 16:	starting b_1.0_c_0.2_N_40_M_2_K_2_P_2_beta_0.001_u_0.001_v_0.625_p_0.5_ϵ_1.0_gens_20000000_210220-042759.575
      From worker 10:	replicate complete, ran 20000000 generations:
      From worker 10:	
      From worker 10:		num_imitating:			17499603
      From worker 10:		num_not_imitating:		2500397
      From worker 10:		num_strategies_changed:  	511708
      From worker 10:			num_random_strategies: 	17358
      From worker 10:		num_sets_changed: 		9010631
      From worker 10:			num_random_opinions: 	733864
      From worker 10:			num_biased_opinions: 	245039
      From worker 10:		num_both_changed: 		342920
      From worker 10:	
      From worker 10:	data processed and exported
      From worker 10:	
      From worker 10:	starting b_1.0_c_0.2_N_40_M_2_K_2_P_2_beta_0.001_u_0.001_v_0.055901699437494755_p_0.5_ϵ_1.0_gens_20000000_210220-042759.575
      From worker 8:	replicate complete, ran 20000000 generations:
      From worker 8:	
      From worker 8:		num_imitating:			20000000
      From worker 8:		num_not_imitating:		0
      From worker 8:		num_strategies_changed:  	550771
      From worker 8:			num_random_strategies: 	19977
      From worker 8:		num_sets_changed: 		7610366
      From worker 8:			num_random_opinions: 	498695
      From worker 8:			num_biased_opinions: 	0
      From worker 8:		num_both_changed: 		307505
      From worker 8:	
      From worker 8:	data processed and exported
      From worker 8:	
      From worker 8:	starting b_1.0_c_0.2_N_40_M_2_K_2_P_2_beta_0.001_u_0.001_v_0.025_p_0.25_ϵ_1.0_gens_20000000_210220-042759.575
      From worker 13:	replicate complete, ran 20000000 generations:
      From worker 13:	
      From worker 13:		num_imitating:			10001334
      From worker 13:		num_not_imitating:		9998666
      From worker 13:		num_strategies_changed:  	149664
      From worker 13:			num_random_strategies: 	10078
      From worker 13:		num_sets_changed: 		0
      From worker 13:			num_random_opinions: 	0
      From worker 13:			num_biased_opinions: 	1252837
      From worker 13:		num_both_changed: 		0
      From worker 13:	
      From worker 13:	data processed and exported
      From worker 13:	
      From worker 13:	starting b_1.0_c_0.2_N_40_M_2_K_2_P_2_beta_0.001_u_0.001_v_0.2795084971874737_p_0.0_ϵ_1.0_gens_20000000_210220-042759.575
      From worker 11:	replicate complete, ran 20000000 generations:
      From worker 11:	
      From worker 11:		num_imitating:			15000965
      From worker 11:		num_not_imitating:		4999035
      From worker 11:		num_strategies_changed:  	429306
      From worker 11:			num_random_strategies: 	15107
      From worker 11:		num_sets_changed: 		7183818
      From worker 11:			num_random_opinions: 	418775
      From worker 11:			num_biased_opinions: 	419816
      From worker 11:		num_both_changed: 		268440
      From worker 11:	
      From worker 11:	data processed and exported
      From worker 11:	
      From worker 11:	starting b_1.0_c_0.2_N_40_M_2_K_2_P_2_beta_0.001_u_0.001_v_0.055901699437494755_p_0.75_ϵ_1.0_gens_20000000_210220-042759.575
      From worker 12:	replicate complete, ran 20000000 generations:
      From worker 12:	
      From worker 12:		num_imitating:			15001232
      From worker 12:		num_not_imitating:		4998768
      From worker 12:		num_strategies_changed:  	404150
      From worker 12:			num_random_strategies: 	14903
      From worker 12:		num_sets_changed: 		8637934
      From worker 12:			num_random_opinions: 	938273
      From worker 12:			num_biased_opinions: 	938900
      From worker 12:		num_both_changed: 		268710
      From worker 12:	
      From worker 12:	data processed and exported
      From worker 12:	
      From worker 12:	starting b_1.0_c_0.2_N_40_M_2_K_2_P_2_beta_0.001_u_0.001_v_0.125_p_0.75_ϵ_1.0_gens_20000000_210220-042759.575
      From worker 9:	replicate complete, ran 20000000 generations:
      From worker 9:	
      From worker 9:		num_imitating:			17500375
      From worker 9:		num_not_imitating:		2499625
      From worker 9:		num_strategies_changed:  	514257
      From worker 9:			num_random_strategies: 	17457
      From worker 9:		num_sets_changed: 		6442025
      From worker 9:			num_random_opinions: 	327449
      From worker 9:			num_biased_opinions: 	109956
      From worker 9:		num_both_changed: 		278775
      From worker 9:	
      From worker 9:	data processed and exported
      From worker 9:	
      From worker 9:	starting b_1.0_c_0.2_N_40_M_2_K_2_P_2_beta_0.001_u_0.001_v_0.025_p_0.5_ϵ_1.0_gens_20000000_210220-042759.575
      From worker 14:	replicate complete, ran 20000000 generations:
      From worker 14:	
      From worker 14:		num_imitating:			20000000
      From worker 14:		num_not_imitating:		0
      From worker 14:		num_strategies_changed:  	598255
      From worker 14:			num_random_strategies: 	20121
      From worker 14:		num_sets_changed: 		14088213
      From worker 14:			num_random_opinions: 	5589707
      From worker 14:			num_biased_opinions: 	0
      From worker 14:		num_both_changed: 		445683
      From worker 14:	
      From worker 14:	data processed and exported
      From worker 14:	
      From worker 14:	starting b_1.0_c_0.2_N_40_M_2_K_2_P_2_beta_0.001_u_0.001_v_0.2795084971874737_p_0.25_ϵ_1.0_gens_20000000_210220-042759.575
      From worker 7:	replicate complete, ran 20000000 generations:
      From worker 7:	
      From worker 7:		num_imitating:			20000000
      From worker 7:		num_not_imitating:		0
      From worker 7:		num_strategies_changed:  	570661
      From worker 7:			num_random_strategies: 	19978
      From worker 7:		num_sets_changed: 		4646689
      From worker 7:			num_random_opinions: 	223507
      From worker 7:			num_biased_opinions: 	0
      From worker 7:		num_both_changed: 		221754
      From worker 7:	
      From worker 7:	data processed and exported
      From worker 15:	replicate complete, ran 20000000 generations:
      From worker 15:	
      From worker 15:		num_imitating:			17500969
      From worker 15:		num_not_imitating:		2499031
      From worker 15:		num_strategies_changed:  	503155
      From worker 15:			num_random_strategies: 	17300
      From worker 15:		num_sets_changed: 		12409807
      From worker 15:			num_random_opinions: 	8202393
      From worker 15:			num_biased_opinions: 	2735604
      From worker 15:		num_both_changed: 		362110
      From worker 15:	
      From worker 15:	data processed and exported
      From worker 15:	
      From worker 15:	starting b_1.0_c_0.2_N_40_M_2_K_2_P_2_beta_0.001_u_0.001_v_0.625_p_0.5_ϵ_1.0_gens_20000000_210220-042759.575
      From worker 8:	replicate complete, ran 20000000 generations:
      From worker 8:	
      From worker 8:		num_imitating:			17500170
      From worker 8:		num_not_imitating:		2499830
      From worker 8:		num_strategies_changed:  	516538
      From worker 8:			num_random_strategies: 	17809
      From worker 8:		num_sets_changed: 		6402080
      From worker 8:			num_random_opinions: 	327252
      From worker 8:			num_biased_opinions: 	109145
      From worker 8:		num_both_changed: 		275089
      From worker 8:	
      From worker 8:	data processed and exported
      From worker 10:	replicate complete, ran 20000000 generations:
      From worker 10:	
      From worker 10:		num_imitating:			15000377
      From worker 10:		num_not_imitating:		4999623
      From worker 10:		num_strategies_changed:  	442859
      From worker 10:			num_random_strategies: 	15068
      From worker 10:		num_sets_changed: 		7152751
      From worker 10:			num_random_opinions: 	418806
      From worker 10:			num_biased_opinions: 	418306
      From worker 10:		num_both_changed: 		273352
      From worker 10:	
      From worker 10:	data processed and exported
      From worker 10:	
      From worker 10:	starting b_1.0_c_0.2_N_40_M_2_K_2_P_2_beta_0.001_u_0.001_v_0.055901699437494755_p_0.75_ϵ_1.0_gens_20000000_210220-042759.575
      From worker 11:	replicate complete, ran 20000000 generations:
      From worker 11:	
      From worker 11:		num_imitating:			12501836
      From worker 11:		num_not_imitating:		7498164
      From worker 11:		num_strategies_changed:  	352981
      From worker 11:			num_random_strategies: 	12429
      From worker 11:		num_sets_changed: 		5165142
      From worker 11:			num_random_opinions: 	174740
      From worker 11:			num_biased_opinions: 	524801
      From worker 11:		num_both_changed: 		195779
      From worker 11:	
      From worker 11:	data processed and exported
      From worker 11:	
      From worker 11:	starting b_1.0_c_0.2_N_40_M_2_K_2_P_2_beta_0.001_u_0.001_v_0.055901699437494755_p_1.0_ϵ_1.0_gens_20000000_210220-042759.575
      From worker 16:	replicate complete, ran 20000000 generations:
      From worker 16:	
      From worker 16:		num_imitating:			15002411
      From worker 16:		num_not_imitating:		4997589
      From worker 16:		num_strategies_changed:  	423957
      From worker 16:			num_random_strategies: 	15116
      From worker 16:		num_sets_changed: 		9184838
      From worker 16:			num_random_opinions: 	4684638
      From worker 16:			num_biased_opinions: 	4687109
      From worker 16:		num_both_changed: 		265117
      From worker 16:	
      From worker 16:	data processed and exported
      From worker 16:	
      From worker 16:	starting b_1.0_c_0.2_N_40_M_2_K_2_P_2_beta_0.001_u_0.001_v_0.625_p_0.75_ϵ_1.0_gens_20000000_210220-042759.575
      From worker 12:	replicate complete, ran 20000000 generations:
      From worker 12:	
      From worker 12:		num_imitating:			12498851
      From worker 12:		num_not_imitating:		7501149
      From worker 12:		num_strategies_changed:  	364316
      From worker 12:			num_random_strategies: 	12605
      From worker 12:		num_sets_changed: 		6124809
      From worker 12:			num_random_opinions: 	389728
      From worker 12:			num_biased_opinions: 	1171157
      From worker 12:		num_both_changed: 		210757
      From worker 12:	
      From worker 12:	data processed and exported
      From worker 12:	
      From worker 12:	starting b_1.0_c_0.2_N_40_M_2_K_2_P_2_beta_0.001_u_0.001_v_0.125_p_1.0_ϵ_1.0_gens_20000000_210220-042759.575
      From worker 9:	replicate complete, ran 20000000 generations:
      From worker 9:	
      From worker 9:		num_imitating:			15000817
      From worker 9:		num_not_imitating:		4999183
      From worker 9:		num_strategies_changed:  	414501
      From worker 9:			num_random_strategies: 	15003
      From worker 9:		num_sets_changed: 		5171478
      From worker 9:			num_random_opinions: 	187685
      From worker 9:			num_biased_opinions: 	187651
      From worker 9:		num_both_changed: 		212095
      From worker 9:	
      From worker 9:	data processed and exported
      From worker 11:	replicate complete, ran 20000000 generations:
      From worker 11:	
      From worker 11:		num_imitating:			9994990
      From worker 11:		num_not_imitating:		10005010
      From worker 11:		num_strategies_changed:  	149453
      From worker 11:			num_random_strategies: 	9998
      From worker 11:		num_sets_changed: 		0
      From worker 11:			num_random_opinions: 	0
      From worker 11:			num_biased_opinions: 	559485
      From worker 11:		num_both_changed: 		0
      From worker 11:	
      From worker 11:	data processed and exported
      From worker 12:	replicate complete, ran 20000000 generations:
      From worker 12:	
      From worker 12:		num_imitating:			9998987
      From worker 12:		num_not_imitating:		10001013
      From worker 12:		num_strategies_changed:  	143401
      From worker 12:			num_random_strategies: 	10043
      From worker 12:		num_sets_changed: 		0
      From worker 12:			num_random_opinions: 	0
      From worker 12:			num_biased_opinions: 	1249859
      From worker 12:		num_both_changed: 		0
      From worker 12:	
      From worker 12:	data processed and exported
      From worker 12:	
      From worker 12:	starting b_1.0_c_0.2_N_40_M_2_K_2_P_2_beta_0.001_u_0.001_v_0.125_p_0.0_ϵ_1.0_gens_20000000_210220-042759.575
      From worker 13:	replicate complete, ran 20000000 generations:
      From worker 13:	
      From worker 13:		num_imitating:			20000000
      From worker 13:		num_not_imitating:		0
      From worker 13:		num_strategies_changed:  	543026
      From worker 13:			num_random_strategies: 	20213
      From worker 13:		num_sets_changed: 		14091035
      From worker 13:			num_random_opinions: 	5592418
      From worker 13:			num_biased_opinions: 	0
      From worker 13:		num_both_changed: 		404747
      From worker 13:	
      From worker 13:	data processed and exported
      From worker 13:	
      From worker 13:	starting b_1.0_c_0.2_N_40_M_2_K_2_P_2_beta_0.001_u_0.001_v_0.2795084971874737_p_0.25_ϵ_1.0_gens_20000000_210220-042759.575
      From worker 10:	replicate complete, ran 20000000 generations:
      From worker 10:	
      From worker 10:		num_imitating:			12498865
      From worker 10:		num_not_imitating:		7501135
      From worker 10:		num_strategies_changed:  	357422
      From worker 10:			num_random_strategies: 	12331
      From worker 10:		num_sets_changed: 		5176449
      From worker 10:			num_random_opinions: 	175082
      From worker 10:			num_biased_opinions: 	524728
      From worker 10:		num_both_changed: 		197763
      From worker 10:	
      From worker 10:	data processed and exported
      From worker 15:	replicate complete, ran 20000000 generations:
      From worker 15:	
      From worker 15:		num_imitating:			15003594
      From worker 15:		num_not_imitating:		4996406
      From worker 15:		num_strategies_changed:  	444106
      From worker 15:			num_random_strategies: 	14965
      From worker 15:		num_sets_changed: 		9182738
      From worker 15:			num_random_opinions: 	4688377
      From worker 15:			num_biased_opinions: 	4689942
      From worker 15:		num_both_changed: 		277194
      From worker 15:	
      From worker 15:	data processed and exported
      From worker 15:	
      From worker 15:	starting b_1.0_c_0.2_N_40_M_2_K_2_P_2_beta_0.001_u_0.001_v_0.625_p_0.75_ϵ_1.0_gens_20000000_210220-042759.575
      From worker 16:	replicate complete, ran 20000000 generations:
      From worker 16:	
      From worker 16:		num_imitating:			12500208
      From worker 16:		num_not_imitating:		7499792
      From worker 16:		num_strategies_changed:  	358494
      From worker 16:			num_random_strategies: 	12549
      From worker 16:		num_sets_changed: 		5220864
      From worker 16:			num_random_opinions: 	1956283
      From worker 16:			num_biased_opinions: 	5858526
      From worker 16:		num_both_changed: 		156070
      From worker 16:	
      From worker 16:	data processed and exported
      From worker 14:	replicate complete, ran 20000000 generations:
      From worker 14:	
      From worker 14:		num_imitating:			17499408
      From worker 14:		num_not_imitating:		2500592
      From worker 14:		num_strategies_changed:  	478520
      From worker 14:			num_random_strategies: 	17552
      From worker 14:		num_sets_changed: 		11985577
      From worker 14:			num_random_opinions: 	3667381
      From worker 14:			num_biased_opinions: 	1223790
      From worker 14:		num_both_changed: 		347681
      From worker 14:	
      From worker 16:	
      From worker 16:	starting b_1.0_c_0.2_N_40_M_2_K_2_P_2_beta_0.001_u_0.001_v_0.625_p_1.0_ϵ_1.0_gens_20000000_210220-042759.575
      From worker 14:	data processed and exported
      From worker 14:	
      From worker 14:	starting b_1.0_c_0.2_N_40_M_2_K_2_P_2_beta_0.001_u_0.001_v_0.2795084971874737_p_0.5_ϵ_1.0_gens_20000000_210220-042759.575
      From worker 16:	replicate complete, ran 20000000 generations:
      From worker 16:	
      From worker 16:		num_imitating:			10001160
      From worker 16:		num_not_imitating:		9998840
      From worker 16:		num_strategies_changed:  	150795
      From worker 16:			num_random_strategies: 	10082
      From worker 16:		num_sets_changed: 		0
      From worker 16:			num_random_opinions: 	0
      From worker 16:			num_biased_opinions: 	6249692
      From worker 16:		num_both_changed: 		0
      From worker 16:	
      From worker 16:	data processed and exported
 Activating environment at `/tigress/mk28/CooperationPolarization2/Project.toml`
 Activating environment at `/tigress/mk28/CooperationPolarization2/Project.toml`
      From worker 15:	replicate complete, ran 20000000 generations:
      From worker 15:	
      From worker 15:		num_imitating:			12499245
      From worker 15:		num_not_imitating:		7500755
      From worker 15:		num_strategies_changed:  	364561
      From worker 15:			num_random_strategies: 	12551
      From worker 15:		num_sets_changed: 		5217490
      From worker 15:			num_random_opinions: 	1956749
      From worker 15:			num_biased_opinions: 	5859554
      From worker 15:		num_both_changed: 		157735
      From worker 15:	
      From worker 15:	data processed and exported
      From worker 12:	replicate complete, ran 20000000 generations:
      From worker 12:	
      From worker 12:		num_imitating:			20000000
      From worker 12:		num_not_imitating:		0
      From worker 12:		num_strategies_changed:  	567636
      From worker 12:			num_random_strategies: 	20244
      From worker 12:		num_sets_changed: 		12761851
      From worker 12:			num_random_opinions: 	2497676
      From worker 12:			num_biased_opinions: 	0
      From worker 12:		num_both_changed: 		414422
      From worker 12:	
      From worker 12:	data processed and exported
      From worker 13:	replicate complete, ran 20000000 generations:
      From worker 13:	
      From worker 13:		num_imitating:			17499524
      From worker 13:		num_not_imitating:		2500476
      From worker 13:		num_strategies_changed:  	503398
      From worker 13:			num_random_strategies: 	17629
      From worker 13:		num_sets_changed: 		11989626
      From worker 13:			num_random_opinions: 	3667300
      From worker 13:			num_biased_opinions: 	1223368
      From worker 13:		num_both_changed: 		366393
      From worker 13:	
      From worker 13:	data processed and exported
      From worker 14:	replicate complete, ran 20000000 generations:
      From worker 14:	
      From worker 14:		num_imitating:			15001103
      From worker 14:		num_not_imitating:		4998897
      From worker 14:		num_strategies_changed:  	442196
      From worker 14:			num_random_strategies: 	15032
      From worker 14:		num_sets_changed: 		9378355
      From worker 14:			num_random_opinions: 	2095432
      From worker 14:			num_biased_opinions: 	2094324
      From worker 14:		num_both_changed: 		295313
      From worker 14:	
      From worker 14:	data processed and exported
10984.904795 seconds (2.72 M allocations: 121.243 MiB, 0.00% gc time)
