packages loaded
      From worker 5:	 Activating environment at `/tigress/mk28/CooperationPolarization2/Project.toml`
      From worker 3:	 Activating environment at `/tigress/mk28/CooperationPolarization2/Project.toml`
      From worker 6:	 Activating environment at `/tigress/mk28/CooperationPolarization2/Project.toml`
      From worker 2:	 Activating environment at `/tigress/mk28/CooperationPolarization2/Project.toml`
      From worker 4:	 Activating environment at `/tigress/mk28/CooperationPolarization2/Project.toml`
      From worker 13:	 Activating environment at `/tigress/mk28/CooperationPolarization2/Project.toml`
      From worker 12:	 Activating environment at `/tigress/mk28/CooperationPolarization2/Project.toml`
      From worker 15:	 Activating environment at `/tigress/mk28/CooperationPolarization2/Project.toml`
      From worker 8:	 Activating environment at `/tigress/mk28/CooperationPolarization2/Project.toml`
      From worker 11:	 Activating environment at `/tigress/mk28/CooperationPolarization2/Project.toml`
      From worker 14:	 Activating environment at `/tigress/mk28/CooperationPolarization2/Project.toml`
      From worker 9:	 Activating environment at `/tigress/mk28/CooperationPolarization2/Project.toml`
      From worker 10:	 Activating environment at `/tigress/mk28/CooperationPolarization2/Project.toml`
      From worker 7:	 Activating environment at `/tigress/mk28/CooperationPolarization2/Project.toml`
      From worker 16:	 Activating environment at `/tigress/mk28/CooperationPolarization2/Project.toml`
      From worker 5:	packages loaded
      From worker 6:	packages loaded
      From worker 13:	packages loaded
      From worker 15:	packages loaded
      From worker 2:	packages loaded
      From worker 9:	packages loaded
      From worker 3:	packages loaded
      From worker 11:	packages loaded
      From worker 8:	packages loaded
      From worker 4:	packages loaded
      From worker 16:	packages loaded
      From worker 14:	packages loaded
      From worker 12:	packages loaded
      From worker 10:	packages loaded
      From worker 7:	packages loaded
parameters defined
      From worker 9:	
      From worker 9:	starting b_1.0_c_0.2_N_40_M_3_K_2_P_2_beta_0.001_u_0.001_v_0.025_p_0.5_ϵ_1.0_gens_20000000_210223-175931.695
      From worker 8:	
      From worker 8:	starting b_1.0_c_0.2_N_40_M_3_K_2_P_2_beta_0.001_u_0.001_v_0.011180339887498947_p_0.25_ϵ_1.0_gens_20000000_210223-175931.695
      From worker 6:	
      From worker 6:	starting b_1.0_c_0.2_N_40_M_3_K_2_P_2_beta_0.001_u_0.001_v_0.005_p_1.0_ϵ_1.0_gens_20000000_210223-175931.695
      From worker 2:	
      From worker 2:	starting b_1.0_c_0.2_N_40_M_3_K_2_P_2_beta_0.001_u_0.001_v_0.001_p_0.0_ϵ_1.0_gens_20000000_210223-175931.695
      From worker 11:	
      From worker 11:	starting b_1.0_c_0.2_N_40_M_3_K_2_P_2_beta_0.001_u_0.001_v_0.055901699437494755_p_1.0_ϵ_1.0_gens_20000000_210223-175931.695
      From worker 5:	
      From worker 5:	starting b_1.0_c_0.2_N_40_M_3_K_2_P_2_beta_0.001_u_0.001_v_0.0022360679774997894_p_0.75_ϵ_1.0_gens_20000000_210223-175931.695
      From worker 16:	
      From worker 16:	starting b_1.0_c_0.2_N_40_M_3_K_2_P_2_beta_0.001_u_0.001_v_0.625_p_1.0_ϵ_1.0_gens_20000000_210223-175931.695
      From worker 4:	
      From worker 4:	starting b_1.0_c_0.2_N_40_M_3_K_2_P_2_beta_0.001_u_0.001_v_0.0022360679774997894_p_0.5_ϵ_1.0_gens_20000000_210223-175931.695
      From worker 15:	
      From worker 15:	starting b_1.0_c_0.2_N_40_M_3_K_2_P_2_beta_0.001_u_0.001_v_0.2795084971874737_p_0.75_ϵ_1.0_gens_20000000_210223-175931.695
      From worker 13:	
      From worker 13:	starting b_1.0_c_0.2_N_40_M_3_K_2_P_2_beta_0.001_u_0.001_v_0.125_p_0.25_ϵ_1.0_gens_20000000_210223-175931.695
      From worker 3:	
      From worker 3:	starting b_1.0_c_0.2_N_40_M_3_K_2_P_2_beta_0.001_u_0.001_v_0.001_p_0.25_ϵ_1.0_gens_20000000_210223-175931.695
      From worker 12:	
      From worker 12:	starting b_1.0_c_0.2_N_40_M_3_K_2_P_2_beta_0.001_u_0.001_v_0.125_p_0.0_ϵ_1.0_gens_20000000_210223-175931.695
      From worker 14:	
      From worker 14:	starting b_1.0_c_0.2_N_40_M_3_K_2_P_2_beta_0.001_u_0.001_v_0.2795084971874737_p_0.5_ϵ_1.0_gens_20000000_210223-175931.695
      From worker 10:	
      From worker 10:	starting b_1.0_c_0.2_N_40_M_3_K_2_P_2_beta_0.001_u_0.001_v_0.025_p_0.75_ϵ_1.0_gens_20000000_210223-175931.695
      From worker 7:	
      From worker 7:	starting b_1.0_c_0.2_N_40_M_3_K_2_P_2_beta_0.001_u_0.001_v_0.011180339887498947_p_0.0_ϵ_1.0_gens_20000000_210223-175931.695
      From worker 6:	replicate complete, ran 20000000 generations:
      From worker 6:	
      From worker 6:		num_imitating:			10000337
      From worker 6:		num_not_imitating:		9999663
      From worker 6:		num_strategies_changed:  	144938
      From worker 6:			num_random_strategies: 	9861
      From worker 6:		num_sets_changed: 		600247
      From worker 6:			num_random_opinions: 	0
      From worker 6:			num_biased_opinions: 	50079
      From worker 6:		num_both_changed: 		17407
      From worker 6:	
      From worker 6:	data processed and exported
      From worker 6:	
      From worker 6:	starting b_1.0_c_0.2_N_40_M_3_K_2_P_2_beta_0.001_u_0.001_v_0.005_p_0.0_ϵ_1.0_gens_20000000_210223-175931.695
      From worker 3:	replicate complete, ran 20000000 generations:
      From worker 3:	
      From worker 3:		num_imitating:			17499583
      From worker 3:		num_not_imitating:		2500417
      From worker 3:		num_strategies_changed:  	515462
      From worker 3:			num_random_strategies: 	17607
      From worker 3:		num_sets_changed: 		636476
      From worker 3:			num_random_opinions: 	13085
      From worker 3:			num_biased_opinions: 	4244
      From worker 3:		num_both_changed: 		40236
      From worker 3:	
      From worker 3:	data processed and exported
      From worker 3:	
      From worker 3:	starting b_1.0_c_0.2_N_40_M_3_K_2_P_2_beta_0.001_u_0.001_v_0.001_p_0.5_ϵ_1.0_gens_20000000_210223-175931.695
      From worker 2:	replicate complete, ran 20000000 generations:
      From worker 2:	
      From worker 2:		num_imitating:			20000000
      From worker 2:		num_not_imitating:		0
      From worker 2:		num_strategies_changed:  	579215
      From worker 2:			num_random_strategies: 	20225
      From worker 2:		num_sets_changed: 		677853
      From worker 2:			num_random_opinions: 	19973
      From worker 2:			num_biased_opinions: 	0
      From worker 2:		num_both_changed: 		33965
      From worker 2:	
      From worker 2:	data processed and exported
      From worker 2:	
      From worker 2:	starting b_1.0_c_0.2_N_40_M_3_K_2_P_2_beta_0.001_u_0.001_v_0.001_p_0.25_ϵ_1.0_gens_20000000_210223-175931.695
      From worker 5:	replicate complete, ran 20000000 generations:
      From worker 5:	
      From worker 5:		num_imitating:			12499061
      From worker 5:		num_not_imitating:		7500939
      From worker 5:		num_strategies_changed:  	357781
      From worker 5:			num_random_strategies: 	12681
      From worker 5:		num_sets_changed: 		937887
      From worker 5:			num_random_opinions: 	7011
      From worker 5:			num_biased_opinions: 	20988
      From worker 5:		num_both_changed: 		54326
      From worker 5:	
      From worker 5:	data processed and exported
      From worker 4:	replicate complete, ran 20000000 generations:
      From worker 4:	
      From worker 4:		num_imitating:			14999350
      From worker 4:		num_not_imitating:		5000650
      From worker 4:		num_strategies_changed:  	413309
      From worker 4:			num_random_strategies: 	14865
      From worker 4:		num_sets_changed: 		1042755
      From worker 4:			num_random_opinions: 	16819
      From worker 4:			num_biased_opinions: 	16484
      From worker 4:		num_both_changed: 		51268
      From worker 4:	
      From worker 5:	
      From worker 5:	starting b_1.0_c_0.2_N_40_M_3_K_2_P_2_beta_0.001_u_0.001_v_0.0022360679774997894_p_1.0_ϵ_1.0_gens_20000000_210223-175931.695
      From worker 4:	data processed and exported
      From worker 4:	
      From worker 4:	starting b_1.0_c_0.2_N_40_M_3_K_2_P_2_beta_0.001_u_0.001_v_0.0022360679774997894_p_0.75_ϵ_1.0_gens_20000000_210223-175931.695
      From worker 11:	replicate complete, ran 20000000 generations:
      From worker 11:	
      From worker 11:		num_imitating:			10000936
      From worker 11:		num_not_imitating:		9999064
      From worker 11:		num_strategies_changed:  	151344
      From worker 11:			num_random_strategies: 	10020
      From worker 11:		num_sets_changed: 		3602545
      From worker 11:			num_random_opinions: 	0
      From worker 11:			num_biased_opinions: 	560070
      From worker 11:		num_both_changed: 		78327
      From worker 11:	
      From worker 11:	data processed and exported
      From worker 11:	
      From worker 11:	starting b_1.0_c_0.2_N_40_M_3_K_2_P_2_beta_0.001_u_0.001_v_0.055901699437494755_p_0.0_ϵ_1.0_gens_20000000_210223-175931.695
      From worker 8:	replicate complete, ran 20000000 generations:
      From worker 8:	
      From worker 8:		num_imitating:			17502624
      From worker 8:		num_not_imitating:		2497376
      From worker 8:		num_strategies_changed:  	492968
      From worker 8:			num_random_strategies: 	17408
      From worker 8:		num_sets_changed: 		4797793
      From worker 8:			num_random_opinions: 	146434
      From worker 8:			num_biased_opinions: 	48925
      From worker 8:		num_both_changed: 		224580
      From worker 8:	
      From worker 8:	data processed and exported
      From worker 8:	
      From worker 8:	starting b_1.0_c_0.2_N_40_M_3_K_2_P_2_beta_0.001_u_0.001_v_0.011180339887498947_p_0.5_ϵ_1.0_gens_20000000_210223-175931.695
      From worker 10:	replicate complete, ran 20000000 generations:
      From worker 10:	
      From worker 10:		num_imitating:			12496986
      From worker 10:		num_not_imitating:		7503014
      From worker 10:		num_strategies_changed:  	343321
      From worker 10:			num_random_strategies: 	12739
      From worker 10:		num_sets_changed: 		5281718
      From worker 10:			num_random_opinions: 	77996
      From worker 10:			num_biased_opinions: 	235375
      From worker 10:		num_both_changed: 		216322
      From worker 10:	
      From worker 10:	data processed and exported
      From worker 10:	
      From worker 10:	starting b_1.0_c_0.2_N_40_M_3_K_2_P_2_beta_0.001_u_0.001_v_0.025_p_1.0_ϵ_1.0_gens_20000000_210223-175931.695
      From worker 16:	replicate complete, ran 20000000 generations:
      From worker 16:	
      From worker 16:		num_imitating:			9996801
      From worker 16:		num_not_imitating:		10003199
      From worker 16:		num_strategies_changed:  	144878
      From worker 16:			num_random_strategies: 	10009
      From worker 16:		num_sets_changed: 		6470564
      From worker 16:			num_random_opinions: 	0
      From worker 16:			num_biased_opinions: 	6249950
      From worker 16:		num_both_changed: 		96378
      From worker 16:	
      From worker 16:	data processed and exported
      From worker 16:	
      From worker 16:	starting b_1.0_c_0.2_N_40_M_3_K_2_P_2_beta_0.001_u_0.001_v_0.625_p_0.0_ϵ_1.0_gens_20000000_210223-175931.695
      From worker 7:	replicate complete, ran 20000000 generations:
      From worker 7:	
      From worker 7:		num_imitating:			20000000
      From worker 7:		num_not_imitating:		0
      From worker 7:		num_strategies_changed:  	553989
      From worker 7:			num_random_strategies: 	19852
      From worker 7:		num_sets_changed: 		5576143
      From worker 7:			num_random_opinions: 	223643
      From worker 7:			num_biased_opinions: 	0
      From worker 7:		num_both_changed: 		250322
      From worker 7:	
      From worker 7:	data processed and exported
      From worker 7:	
      From worker 7:	starting b_1.0_c_0.2_N_40_M_3_K_2_P_2_beta_0.001_u_0.001_v_0.011180339887498947_p_0.25_ϵ_1.0_gens_20000000_210223-175931.695
      From worker 9:	replicate complete, ran 20000000 generations:
      From worker 9:	
      From worker 9:		num_imitating:			15005108
      From worker 9:		num_not_imitating:		4994892
      From worker 9:		num_strategies_changed:  	446339
      From worker 9:			num_random_strategies: 	15271
      From worker 9:		num_sets_changed: 		6595731
      From worker 9:			num_random_opinions: 	187327
      From worker 9:			num_biased_opinions: 	187778
      From worker 9:		num_both_changed: 		293365
      From worker 9:	
      From worker 9:	data processed and exported
      From worker 9:	
      From worker 9:	starting b_1.0_c_0.2_N_40_M_3_K_2_P_2_beta_0.001_u_0.001_v_0.025_p_0.75_ϵ_1.0_gens_20000000_210223-175931.695
      From worker 15:	replicate complete, ran 20000000 generations:
      From worker 15:	
      From worker 15:		num_imitating:			12503593
      From worker 15:		num_not_imitating:		7496407
      From worker 15:		num_strategies_changed:  	357909
      From worker 15:			num_random_strategies: 	12456
      From worker 15:		num_sets_changed: 		9772604
      From worker 15:			num_random_opinions: 	875223
      From worker 15:			num_biased_opinions: 	2617506
      From worker 15:		num_both_changed: 		302270
      From worker 15:	
      From worker 15:	data processed and exported
      From worker 15:	
      From worker 15:	starting b_1.0_c_0.2_N_40_M_3_K_2_P_2_beta_0.001_u_0.001_v_0.2795084971874737_p_1.0_ϵ_1.0_gens_20000000_210223-175931.695
      From worker 5:	replicate complete, ran 20000000 generations:
      From worker 5:	
      From worker 5:		num_imitating:			10002120
      From worker 5:		num_not_imitating:		9997880
      From worker 5:		num_strategies_changed:  	152437
      From worker 5:			num_random_strategies: 	9960
      From worker 5:		num_sets_changed: 		284219
      From worker 5:			num_random_opinions: 	0
      From worker 5:			num_biased_opinions: 	22481
      From worker 5:		num_both_changed: 		8959
      From worker 5:	
      From worker 5:	data processed and exported
      From worker 5:	
      From worker 5:	starting b_1.0_c_0.2_N_40_M_3_K_2_P_2_beta_0.001_u_0.001_v_0.005_p_0.0_ϵ_1.0_gens_20000000_210223-175931.695
      From worker 3:	replicate complete, ran 20000000 generations:
      From worker 3:	
      From worker 3:		num_imitating:			15002024
      From worker 3:		num_not_imitating:		4997976
      From worker 3:		num_strategies_changed:  	416249
      From worker 3:			num_random_strategies: 	14981
      From worker 3:		num_sets_changed: 		521447
      From worker 3:			num_random_opinions: 	7538
      From worker 3:			num_biased_opinions: 	7411
      From worker 3:		num_both_changed: 		27668
      From worker 3:	
      From worker 3:	data processed and exported
      From worker 3:	
      From worker 3:	starting b_1.0_c_0.2_N_40_M_3_K_2_P_2_beta_0.001_u_0.001_v_0.001_p_0.75_ϵ_1.0_gens_20000000_210223-175931.695
      From worker 2:	replicate complete, ran 20000000 generations:
      From worker 2:	
      From worker 2:		num_imitating:			17500577
      From worker 2:		num_not_imitating:		2499423
      From worker 2:		num_strategies_changed:  	503830
      From worker 2:			num_random_strategies: 	17551
      From worker 2:		num_sets_changed: 		567425
      From worker 2:			num_random_opinions: 	13062
      From worker 2:			num_biased_opinions: 	4277
      From worker 2:		num_both_changed: 		34310
      From worker 2:	
      From worker 2:	data processed and exported
      From worker 2:	
      From worker 2:	starting b_1.0_c_0.2_N_40_M_3_K_2_P_2_beta_0.001_u_0.001_v_0.001_p_0.5_ϵ_1.0_gens_20000000_210223-175931.695
      From worker 4:	replicate complete, ran 20000000 generations:
      From worker 4:	
      From worker 4:		num_imitating:			12496573
      From worker 4:		num_not_imitating:		7503427
      From worker 4:		num_strategies_changed:  	362021
      From worker 4:			num_random_strategies: 	12519
      From worker 4:		num_sets_changed: 		841976
      From worker 4:			num_random_opinions: 	7000
      From worker 4:			num_biased_opinions: 	20860
      From worker 4:		num_both_changed: 		46567
      From worker 4:	
      From worker 4:	data processed and exported
      From worker 4:	
      From worker 4:	starting b_1.0_c_0.2_N_40_M_3_K_2_P_2_beta_0.001_u_0.001_v_0.0022360679774997894_p_1.0_ϵ_1.0_gens_20000000_210223-175931.695
      From worker 6:	replicate complete, ran 20000000 generations:
      From worker 6:	
      From worker 6:		num_imitating:			20000000
      From worker 6:		num_not_imitating:		0
      From worker 6:		num_strategies_changed:  	589410
      From worker 6:			num_random_strategies: 	20167
      From worker 6:		num_sets_changed: 		2944331
      From worker 6:			num_random_opinions: 	99820
      From worker 6:			num_biased_opinions: 	0
      From worker 6:		num_both_changed: 		146455
      From worker 6:	
      From worker 6:	data processed and exported
      From worker 6:	
      From worker 6:	starting b_1.0_c_0.2_N_40_M_3_K_2_P_2_beta_0.001_u_0.001_v_0.005_p_0.25_ϵ_1.0_gens_20000000_210223-175931.695
      From worker 14:	replicate complete, ran 20000000 generations:
      From worker 14:	
      From worker 14:		num_imitating:			15003250
      From worker 14:		num_not_imitating:		4996750
      From worker 14:		num_strategies_changed:  	427842
      From worker 14:			num_random_strategies: 	14975
      From worker 14:		num_sets_changed: 		12448778
      From worker 14:			num_random_opinions: 	2095849
      From worker 14:			num_biased_opinions: 	2097041
      From worker 14:		num_both_changed: 		379045
      From worker 14:	
      From worker 14:	data processed and exported
      From worker 14:	
      From worker 14:	starting b_1.0_c_0.2_N_40_M_3_K_2_P_2_beta_0.001_u_0.001_v_0.2795084971874737_p_0.75_ϵ_1.0_gens_20000000_210223-175931.695
      From worker 13:	replicate complete, ran 20000000 generations:
      From worker 13:	
      From worker 13:		num_imitating:			17503364
      From worker 13:		num_not_imitating:		2496636
      From worker 13:		num_strategies_changed:  	508319
      From worker 13:			num_random_strategies: 	17499
      From worker 13:		num_sets_changed: 		13516187
      From worker 13:			num_random_opinions: 	1640532
      From worker 13:			num_biased_opinions: 	547816
      From worker 13:		num_both_changed: 		450060
      From worker 13:	
      From worker 13:	data processed and exported
      From worker 13:	
      From worker 13:	starting b_1.0_c_0.2_N_40_M_3_K_2_P_2_beta_0.001_u_0.001_v_0.125_p_0.5_ϵ_1.0_gens_20000000_210223-175931.695
      From worker 12:	replicate complete, ran 20000000 generations:
      From worker 12:	
      From worker 12:		num_imitating:			20000000
      From worker 12:		num_not_imitating:		0
      From worker 12:		num_strategies_changed:  	562657
      From worker 12:			num_random_strategies: 	19912
      From worker 12:		num_sets_changed: 		15559497
      From worker 12:			num_random_opinions: 	2498837
      From worker 12:			num_biased_opinions: 	0
      From worker 12:		num_both_changed: 		501759
      From worker 12:	
      From worker 12:	data processed and exported
      From worker 12:	
      From worker 12:	starting b_1.0_c_0.2_N_40_M_3_K_2_P_2_beta_0.001_u_0.001_v_0.125_p_0.25_ϵ_1.0_gens_20000000_210223-175931.695
      From worker 10:	replicate complete, ran 20000000 generations:
      From worker 10:	
      From worker 10:		num_imitating:			10001939
      From worker 10:		num_not_imitating:		9998061
      From worker 10:		num_strategies_changed:  	144519
      From worker 10:			num_random_strategies: 	10067
      From worker 10:		num_sets_changed: 		2233169
      From worker 10:			num_random_opinions: 	0
      From worker 10:			num_biased_opinions: 	250860
      From worker 10:		num_both_changed: 		53852
      From worker 10:	
      From worker 10:	data processed and exported
      From worker 10:	
      From worker 10:	starting b_1.0_c_0.2_N_40_M_3_K_2_P_2_beta_0.001_u_0.001_v_0.055901699437494755_p_0.0_ϵ_1.0_gens_20000000_210223-175931.695
      From worker 8:	replicate complete, ran 20000000 generations:
      From worker 8:	
      From worker 8:		num_imitating:			15000305
      From worker 8:		num_not_imitating:		4999695
      From worker 8:		num_strategies_changed:  	441353
      From worker 8:			num_random_strategies: 	15006
      From worker 8:		num_sets_changed: 		4035008
      From worker 8:			num_random_opinions: 	84021
      From worker 8:			num_biased_opinions: 	83967
      From worker 8:		num_both_changed: 		192729
      From worker 8:	
      From worker 8:	data processed and exported
      From worker 8:	
      From worker 8:	starting b_1.0_c_0.2_N_40_M_3_K_2_P_2_beta_0.001_u_0.001_v_0.011180339887498947_p_0.75_ϵ_1.0_gens_20000000_210223-175931.695
      From worker 3:	replicate complete, ran 20000000 generations:
      From worker 3:	
      From worker 3:		num_imitating:			12503016
      From worker 3:		num_not_imitating:		7496984
      From worker 3:		num_strategies_changed:  	356890
      From worker 3:			num_random_strategies: 	12436
      From worker 3:		num_sets_changed: 		407576
      From worker 3:			num_random_opinions: 	3072
      From worker 3:			num_biased_opinions: 	9442
      From worker 3:		num_both_changed: 		20358
      From worker 3:	
      From worker 3:	data processed and exported
      From worker 3:	
      From worker 3:	starting b_1.0_c_0.2_N_40_M_3_K_2_P_2_beta_0.001_u_0.001_v_0.001_p_1.0_ϵ_1.0_gens_20000000_210223-175931.695
      From worker 4:	replicate complete, ran 20000000 generations:
      From worker 4:	
      From worker 4:		num_imitating:			9996793
      From worker 4:		num_not_imitating:		10003207
      From worker 4:		num_strategies_changed:  	144182
      From worker 4:			num_random_strategies: 	9711
      From worker 4:		num_sets_changed: 		279943
      From worker 4:			num_random_opinions: 	0
      From worker 4:			num_biased_opinions: 	22395
      From worker 4:		num_both_changed: 		9248
      From worker 4:	
      From worker 4:	data processed and exported
      From worker 4:	
      From worker 4:	starting b_1.0_c_0.2_N_40_M_3_K_2_P_2_beta_0.001_u_0.001_v_0.0022360679774997894_p_0.0_ϵ_1.0_gens_20000000_210223-175931.695
      From worker 2:	replicate complete, ran 20000000 generations:
      From worker 2:	
      From worker 2:		num_imitating:			15000733
      From worker 2:		num_not_imitating:		4999267
      From worker 2:		num_strategies_changed:  	406412
      From worker 2:			num_random_strategies: 	14921
      From worker 2:		num_sets_changed: 		508808
      From worker 2:			num_random_opinions: 	7498
      From worker 2:			num_biased_opinions: 	7487
      From worker 2:		num_both_changed: 		30312
      From worker 2:	
      From worker 2:	data processed and exported
      From worker 2:	
      From worker 2:	starting b_1.0_c_0.2_N_40_M_3_K_2_P_2_beta_0.001_u_0.001_v_0.001_p_0.75_ϵ_1.0_gens_20000000_210223-175931.695
      From worker 7:	replicate complete, ran 20000000 generations:
      From worker 7:	
      From worker 7:		num_imitating:			17498621
      From worker 7:		num_not_imitating:		2501379
      From worker 7:		num_strategies_changed:  	501629
      From worker 7:			num_random_strategies: 	17379
      From worker 7:		num_sets_changed: 		4830801
      From worker 7:			num_random_opinions: 	147027
      From worker 7:			num_biased_opinions: 	49050
      From worker 7:		num_both_changed: 		240885
      From worker 7:	
      From worker 7:	data processed and exported
      From worker 7:	
      From worker 7:	starting b_1.0_c_0.2_N_40_M_3_K_2_P_2_beta_0.001_u_0.001_v_0.011180339887498947_p_0.5_ϵ_1.0_gens_20000000_210223-175931.695
      From worker 9:	replicate complete, ran 20000000 generations:
      From worker 9:	
      From worker 9:		num_imitating:			12501289
      From worker 9:		num_not_imitating:		7498711
      From worker 9:		num_strategies_changed:  	338898
      From worker 9:			num_random_strategies: 	12445
      From worker 9:		num_sets_changed: 		5288317
      From worker 9:			num_random_opinions: 	78096
      From worker 9:			num_biased_opinions: 	234075
      From worker 9:		num_both_changed: 		217537
      From worker 9:	
      From worker 9:	data processed and exported
      From worker 9:	
      From worker 9:	starting b_1.0_c_0.2_N_40_M_3_K_2_P_2_beta_0.001_u_0.001_v_0.025_p_1.0_ϵ_1.0_gens_20000000_210223-175931.695
      From worker 5:	replicate complete, ran 20000000 generations:
      From worker 5:	
      From worker 5:		num_imitating:			20000000
      From worker 5:		num_not_imitating:		0
      From worker 5:		num_strategies_changed:  	550004
      From worker 5:			num_random_strategies: 	20030
      From worker 5:		num_sets_changed: 		3004486
      From worker 5:			num_random_opinions: 	99890
      From worker 5:			num_biased_opinions: 	0
      From worker 5:		num_both_changed: 		157319
      From worker 5:	
      From worker 5:	data processed and exported
      From worker 5:	
      From worker 5:	starting b_1.0_c_0.2_N_40_M_3_K_2_P_2_beta_0.001_u_0.001_v_0.005_p_0.25_ϵ_1.0_gens_20000000_210223-175931.695
      From worker 15:	replicate complete, ran 20000000 generations:
      From worker 15:	
      From worker 15:		num_imitating:			9998419
      From worker 15:		num_not_imitating:		10001581
      From worker 15:		num_strategies_changed:  	147459
      From worker 15:			num_random_strategies: 	10067
      From worker 15:		num_sets_changed: 		5900211
      From worker 15:			num_random_opinions: 	0
      From worker 15:			num_biased_opinions: 	2797310
      From worker 15:		num_both_changed: 		96384
      From worker 15:	
      From worker 15:	data processed and exported
      From worker 15:	
      From worker 15:	starting b_1.0_c_0.2_N_40_M_3_K_2_P_2_beta_0.001_u_0.001_v_0.625_p_0.0_ϵ_1.0_gens_20000000_210223-175931.695
      From worker 6:	replicate complete, ran 20000000 generations:
      From worker 6:	
      From worker 6:		num_imitating:			17502961
      From worker 6:		num_not_imitating:		2497039
      From worker 6:		num_strategies_changed:  	474712
      From worker 6:			num_random_strategies: 	17607
      From worker 6:		num_sets_changed: 		2601053
      From worker 6:			num_random_opinions: 	65874
      From worker 6:			num_biased_opinions: 	21768
      From worker 6:		num_both_changed: 		117277
      From worker 6:	
      From worker 6:	data processed and exported
      From worker 6:	
      From worker 6:	starting b_1.0_c_0.2_N_40_M_3_K_2_P_2_beta_0.001_u_0.001_v_0.005_p_0.5_ϵ_1.0_gens_20000000_210223-175931.695
      From worker 11:	replicate complete, ran 20000000 generations:
      From worker 11:	
      From worker 11:		num_imitating:			20000000
      From worker 11:		num_not_imitating:		0
      From worker 11:		num_strategies_changed:  	578511
      From worker 11:			num_random_strategies: 	20056
      From worker 11:		num_sets_changed: 		12789055
      From worker 11:			num_random_opinions: 	1118312
      From worker 11:			num_biased_opinions: 	0
      From worker 11:		num_both_changed: 		478767
      From worker 11:	
      From worker 11:	data processed and exported
      From worker 11:	
      From worker 11:	starting b_1.0_c_0.2_N_40_M_3_K_2_P_2_beta_0.001_u_0.001_v_0.055901699437494755_p_0.25_ϵ_1.0_gens_20000000_210223-175931.695
      From worker 3:	replicate complete, ran 20000000 generations:
      From worker 3:	
      From worker 3:		num_imitating:			9997116
      From worker 3:		num_not_imitating:		10002884
      From worker 3:		num_strategies_changed:  	147716
      From worker 3:			num_random_strategies: 	9841
      From worker 3:		num_sets_changed: 		130017
      From worker 3:			num_random_opinions: 	0
      From worker 3:			num_biased_opinions: 	9978
      From worker 3:		num_both_changed: 		4670
      From worker 3:	
      From worker 3:	data processed and exported
      From worker 3:	
      From worker 3:	starting b_1.0_c_0.2_N_40_M_3_K_2_P_2_beta_0.001_u_0.001_v_0.0022360679774997894_p_0.0_ϵ_1.0_gens_20000000_210223-175931.695
      From worker 2:	replicate complete, ran 20000000 generations:
      From worker 2:	
      From worker 2:		num_imitating:			12501372
      From worker 2:		num_not_imitating:		7498628
      From worker 2:		num_strategies_changed:  	316364
      From worker 2:			num_random_strategies: 	12585
      From worker 2:		num_sets_changed: 		426852
      From worker 2:			num_random_opinions: 	3130
      From worker 2:			num_biased_opinions: 	9347
      From worker 2:		num_both_changed: 		22443
      From worker 2:	
      From worker 2:	data processed and exported
      From worker 2:	
      From worker 2:	starting b_1.0_c_0.2_N_40_M_3_K_2_P_2_beta_0.001_u_0.001_v_0.001_p_1.0_ϵ_1.0_gens_20000000_210223-175931.695
      From worker 4:	replicate complete, ran 20000000 generations:
      From worker 4:	
      From worker 4:		num_imitating:			20000000
      From worker 4:		num_not_imitating:		0
      From worker 4:		num_strategies_changed:  	549481
      From worker 4:			num_random_strategies: 	19976
      From worker 4:		num_sets_changed: 		1476409
      From worker 4:			num_random_opinions: 	44586
      From worker 4:			num_biased_opinions: 	0
      From worker 4:		num_both_changed: 		72279
      From worker 4:	
      From worker 4:	data processed and exported
      From worker 4:	
      From worker 4:	starting b_1.0_c_0.2_N_40_M_3_K_2_P_2_beta_0.001_u_0.001_v_0.0022360679774997894_p_0.25_ϵ_1.0_gens_20000000_210223-175931.695
      From worker 8:	replicate complete, ran 20000000 generations:
      From worker 8:	
      From worker 8:		num_imitating:			12501432
      From worker 8:		num_not_imitating:		7498568
      From worker 8:		num_strategies_changed:  	370968
      From worker 8:			num_random_strategies: 	12596
      From worker 8:		num_sets_changed: 		3272154
      From worker 8:			num_random_opinions: 	34959
      From worker 8:			num_biased_opinions: 	104709
      From worker 8:		num_both_changed: 		164433
      From worker 8:	
      From worker 8:	data processed and exported
      From worker 8:	
      From worker 8:	starting b_1.0_c_0.2_N_40_M_3_K_2_P_2_beta_0.001_u_0.001_v_0.011180339887498947_p_1.0_ϵ_1.0_gens_20000000_210223-175931.695
      From worker 14:	replicate complete, ran 20000000 generations:
      From worker 14:	
      From worker 14:		num_imitating:			12498901
      From worker 14:		num_not_imitating:		7501099
      From worker 14:		num_strategies_changed:  	357675
      From worker 14:			num_random_strategies: 	12587
      From worker 14:		num_sets_changed: 		9767851
      From worker 14:			num_random_opinions: 	872679
      From worker 14:			num_biased_opinions: 	2617579
      From worker 14:		num_both_changed: 		302321
      From worker 14:	
      From worker 14:	data processed and exported
      From worker 14:	
      From worker 14:	starting b_1.0_c_0.2_N_40_M_3_K_2_P_2_beta_0.001_u_0.001_v_0.2795084971874737_p_1.0_ϵ_1.0_gens_20000000_210223-175931.695
      From worker 9:	replicate complete, ran 20000000 generations:
      From worker 9:	
      From worker 9:		num_imitating:			10001228
      From worker 9:		num_not_imitating:		9998772
      From worker 9:		num_strategies_changed:  	153597
      From worker 9:			num_random_strategies: 	10052
      From worker 9:		num_sets_changed: 		2254613
      From worker 9:			num_random_opinions: 	0
      From worker 9:			num_biased_opinions: 	249436
      From worker 9:		num_both_changed: 		55486
      From worker 9:	
      From worker 9:	data processed and exported
      From worker 9:	
      From worker 9:	starting b_1.0_c_0.2_N_40_M_3_K_2_P_2_beta_0.001_u_0.001_v_0.025_p_0.0_ϵ_1.0_gens_20000000_210223-175931.695
      From worker 16:	replicate complete, ran 20000000 generations:
      From worker 16:	
      From worker 16:		num_imitating:			20000000
      From worker 16:		num_not_imitating:		0
      From worker 16:		num_strategies_changed:  	593696
      From worker 16:			num_random_strategies: 	20158
      From worker 16:		num_sets_changed: 		18061175
      From worker 16:			num_random_opinions: 	12500046
      From worker 16:			num_biased_opinions: 	0
      From worker 16:		num_both_changed: 		543984
      From worker 16:	
      From worker 16:	data processed and exported
      From worker 16:	
      From worker 16:	starting b_1.0_c_0.2_N_40_M_3_K_2_P_2_beta_0.001_u_0.001_v_0.625_p_0.25_ϵ_1.0_gens_20000000_210223-175931.695
      From worker 7:	replicate complete, ran 20000000 generations:
      From worker 7:	
      From worker 7:		num_imitating:			14996860
      From worker 7:		num_not_imitating:		5003140
      From worker 7:		num_strategies_changed:  	429472
      From worker 7:			num_random_strategies: 	14857
      From worker 7:		num_sets_changed: 		4049717
      From worker 7:			num_random_opinions: 	83576
      From worker 7:			num_biased_opinions: 	83937
      From worker 7:		num_both_changed: 		186262
      From worker 7:	
      From worker 7:	data processed and exported
      From worker 7:	
      From worker 7:	starting b_1.0_c_0.2_N_40_M_3_K_2_P_2_beta_0.001_u_0.001_v_0.011180339887498947_p_0.75_ϵ_1.0_gens_20000000_210223-175931.695
      From worker 13:	replicate complete, ran 20000000 generations:
      From worker 13:	
      From worker 13:		num_imitating:			15002317
      From worker 13:		num_not_imitating:		4997683
      From worker 13:		num_strategies_changed:  	430181
      From worker 13:			num_random_strategies: 	15214
      From worker 13:		num_sets_changed: 		11306379
      From worker 13:			num_random_opinions: 	937656
      From worker 13:			num_biased_opinions: 	937657
      From worker 13:		num_both_changed: 		375168
      From worker 13:	
      From worker 13:	data processed and exported
      From worker 13:	
      From worker 13:	starting b_1.0_c_0.2_N_40_M_3_K_2_P_2_beta_0.001_u_0.001_v_0.125_p_0.75_ϵ_1.0_gens_20000000_210223-175931.695
      From worker 5:	replicate complete, ran 20000000 generations:
      From worker 5:	
      From worker 5:		num_imitating:			17500361
      From worker 5:		num_not_imitating:		2499639
      From worker 5:		num_strategies_changed:  	505382
      From worker 5:			num_random_strategies: 	17770
      From worker 5:		num_sets_changed: 		2620676
      From worker 5:			num_random_opinions: 	65514
      From worker 5:			num_biased_opinions: 	22037
      From worker 5:		num_both_changed: 		138809
      From worker 5:	
      From worker 5:	data processed and exported
      From worker 5:	
      From worker 5:	starting b_1.0_c_0.2_N_40_M_3_K_2_P_2_beta_0.001_u_0.001_v_0.005_p_0.5_ϵ_1.0_gens_20000000_210223-175931.695
      From worker 6:	replicate complete, ran 20000000 generations:
      From worker 6:	
      From worker 6:		num_imitating:			15001559
      From worker 6:		num_not_imitating:		4998441
      From worker 6:		num_strategies_changed:  	447491
      From worker 6:			num_random_strategies: 	14839
      From worker 6:		num_sets_changed: 		2184441
      From worker 6:			num_random_opinions: 	37514
      From worker 6:			num_biased_opinions: 	37419
      From worker 6:		num_both_changed: 		124421
      From worker 6:	
      From worker 6:	data processed and exported
      From worker 6:	
      From worker 6:	starting b_1.0_c_0.2_N_40_M_3_K_2_P_2_beta_0.001_u_0.001_v_0.005_p_0.75_ϵ_1.0_gens_20000000_210223-175931.695
      From worker 2:	replicate complete, ran 20000000 generations:
      From worker 2:	
      From worker 2:		num_imitating:			9997928
      From worker 2:		num_not_imitating:		10002072
      From worker 2:		num_strategies_changed:  	149453
      From worker 2:			num_random_strategies: 	10054
      From worker 2:		num_sets_changed: 		130993
      From worker 2:			num_random_opinions: 	0
      From worker 2:			num_biased_opinions: 	10031
      From worker 2:		num_both_changed: 		3267
      From worker 2:	
      From worker 2:	data processed and exported
      From worker 2:	
      From worker 2:	starting b_1.0_c_0.2_N_40_M_3_K_2_P_2_beta_0.001_u_0.001_v_0.001_p_0.0_ϵ_1.0_gens_20000000_210223-175931.695
      From worker 12:	replicate complete, ran 20000000 generations:
      From worker 12:	
      From worker 12:		num_imitating:			17500284
      From worker 12:		num_not_imitating:		2499716
      From worker 12:		num_strategies_changed:  	485879
      From worker 12:			num_random_strategies: 	17520
      From worker 12:		num_sets_changed: 		13509209
      From worker 12:			num_random_opinions: 	1639800
      From worker 12:			num_biased_opinions: 	546826
      From worker 12:		num_both_changed: 		430857
      From worker 12:	
      From worker 12:	data processed and exported
      From worker 12:	
      From worker 12:	starting b_1.0_c_0.2_N_40_M_3_K_2_P_2_beta_0.001_u_0.001_v_0.125_p_0.5_ϵ_1.0_gens_20000000_210223-175931.695
      From worker 3:	replicate complete, ran 20000000 generations:
      From worker 3:	
      From worker 3:		num_imitating:			20000000
      From worker 3:		num_not_imitating:		0
      From worker 3:		num_strategies_changed:  	582200
      From worker 3:			num_random_strategies: 	19888
      From worker 3:		num_sets_changed: 		1508934
      From worker 3:			num_random_opinions: 	44855
      From worker 3:			num_biased_opinions: 	0
      From worker 3:		num_both_changed: 		77126
      From worker 3:	
      From worker 3:	data processed and exported
      From worker 3:	
      From worker 3:	starting b_1.0_c_0.2_N_40_M_3_K_2_P_2_beta_0.001_u_0.001_v_0.0022360679774997894_p_0.25_ϵ_1.0_gens_20000000_210223-175931.695
      From worker 10:	replicate complete, ran 20000000 generations:
      From worker 10:	
      From worker 10:		num_imitating:			20000000
      From worker 10:		num_not_imitating:		0
      From worker 10:		num_strategies_changed:  	602359
      From worker 10:			num_random_strategies: 	20104
      From worker 10:		num_sets_changed: 		12799382
      From worker 10:			num_random_opinions: 	1118930
      From worker 10:			num_biased_opinions: 	0
      From worker 10:		num_both_changed: 		497678
      From worker 10:	
      From worker 10:	data processed and exported
      From worker 10:	
      From worker 10:	starting b_1.0_c_0.2_N_40_M_3_K_2_P_2_beta_0.001_u_0.001_v_0.055901699437494755_p_0.25_ϵ_1.0_gens_20000000_210223-175931.695
      From worker 8:	replicate complete, ran 20000000 generations:
      From worker 8:	
      From worker 8:		num_imitating:			9999701
      From worker 8:		num_not_imitating:		10000299
      From worker 8:		num_strategies_changed:  	141516
      From worker 8:			num_random_strategies: 	9998
      From worker 8:		num_sets_changed: 		1195415
      From worker 8:			num_random_opinions: 	0
      From worker 8:			num_biased_opinions: 	111603
      From worker 8:		num_both_changed: 		27354
      From worker 8:	
      From worker 8:	data processed and exported
      From worker 4:	replicate complete, ran 20000000 generations:
      From worker 4:	
      From worker 4:		num_imitating:			17499940
      From worker 4:		num_not_imitating:		2500060
      From worker 4:		num_strategies_changed:  	496858
      From worker 4:			num_random_strategies: 	17445
      From worker 4:		num_sets_changed: 		1257334
      From worker 4:			num_random_opinions: 	29183
      From worker 4:			num_biased_opinions: 	9882
      From worker 4:		num_both_changed: 		76333
      From worker 4:	
      From worker 8:	
      From worker 8:	starting b_1.0_c_0.2_N_40_M_3_K_2_P_2_beta_0.001_u_0.001_v_0.025_p_0.0_ϵ_1.0_gens_20000000_210223-175931.695
      From worker 4:	data processed and exported
      From worker 4:	
      From worker 4:	starting b_1.0_c_0.2_N_40_M_3_K_2_P_2_beta_0.001_u_0.001_v_0.0022360679774997894_p_0.5_ϵ_1.0_gens_20000000_210223-175931.695
      From worker 5:	replicate complete, ran 20000000 generations:
      From worker 5:	
      From worker 5:		num_imitating:			14999035
      From worker 5:		num_not_imitating:		5000965
      From worker 5:		num_strategies_changed:  	445340
      From worker 5:			num_random_strategies: 	15072
      From worker 5:		num_sets_changed: 		2226042
      From worker 5:			num_random_opinions: 	37379
      From worker 5:			num_biased_opinions: 	37759
      From worker 5:		num_both_changed: 		120520
      From worker 5:	
      From worker 5:	data processed and exported
      From worker 5:	
      From worker 5:	starting b_1.0_c_0.2_N_40_M_3_K_2_P_2_beta_0.001_u_0.001_v_0.005_p_0.75_ϵ_1.0_gens_20000000_210223-175931.695
      From worker 14:	replicate complete, ran 20000000 generations:
      From worker 14:	
      From worker 14:		num_imitating:			10000032
      From worker 14:		num_not_imitating:		9999968
      From worker 14:		num_strategies_changed:  	148850
      From worker 14:			num_random_strategies: 	9943
      From worker 14:		num_sets_changed: 		5902278
      From worker 14:			num_random_opinions: 	0
      From worker 14:			num_biased_opinions: 	2793908
      From worker 14:		num_both_changed: 		96813
      From worker 14:	
      From worker 14:	data processed and exported
      From worker 14:	
      From worker 14:	starting b_1.0_c_0.2_N_40_M_3_K_2_P_2_beta_0.001_u_0.001_v_0.2795084971874737_p_0.0_ϵ_1.0_gens_20000000_210223-175931.695
      From worker 7:	replicate complete, ran 20000000 generations:
      From worker 7:	
      From worker 7:		num_imitating:			12502224
      From worker 7:		num_not_imitating:		7497776
      From worker 7:		num_strategies_changed:  	356406
      From worker 7:			num_random_strategies: 	12592
      From worker 7:		num_sets_changed: 		3272862
      From worker 7:			num_random_opinions: 	34867
      From worker 7:			num_biased_opinions: 	105466
      From worker 7:		num_both_changed: 		156305
      From worker 7:	
      From worker 7:	data processed and exported
      From worker 7:	
      From worker 7:	starting b_1.0_c_0.2_N_40_M_3_K_2_P_2_beta_0.001_u_0.001_v_0.011180339887498947_p_1.0_ϵ_1.0_gens_20000000_210223-175931.695
      From worker 6:	replicate complete, ran 20000000 generations:
      From worker 6:	
      From worker 6:		num_imitating:			12498324
      From worker 6:		num_not_imitating:		7501676
      From worker 6:		num_strategies_changed:  	360317
      From worker 6:			num_random_strategies: 	12614
      From worker 6:		num_sets_changed: 		1747506
      From worker 6:			num_random_opinions: 	15625
      From worker 6:			num_biased_opinions: 	47000
      From worker 6:		num_both_changed: 		87018
      From worker 6:	
      From worker 11:	replicate complete, ran 20000000 generations:
      From worker 11:	
      From worker 11:		num_imitating:			17503886
      From worker 11:		num_not_imitating:		2496114
      From worker 11:		num_strategies_changed:  	520085
      From worker 11:			num_random_strategies: 	17322
      From worker 11:		num_sets_changed: 		11084542
      From worker 11:			num_random_opinions: 	733868
      From worker 11:			num_biased_opinions: 	243992
      From worker 11:		num_both_changed: 		425609
      From worker 11:	
      From worker 6:	data processed and exported
      From worker 11:	data processed and exported
      From worker 6:	
      From worker 6:	starting b_1.0_c_0.2_N_40_M_3_K_2_P_2_beta_0.001_u_0.001_v_0.005_p_1.0_ϵ_1.0_gens_20000000_210223-175931.695
      From worker 11:	
      From worker 11:	starting b_1.0_c_0.2_N_40_M_3_K_2_P_2_beta_0.001_u_0.001_v_0.055901699437494755_p_0.5_ϵ_1.0_gens_20000000_210223-175931.695
      From worker 2:	replicate complete, ran 20000000 generations:
      From worker 2:	
      From worker 2:		num_imitating:			20000000
      From worker 2:		num_not_imitating:		0
      From worker 2:		num_strategies_changed:  	544618
      From worker 2:			num_random_strategies: 	19976
      From worker 2:		num_sets_changed: 		687854
      From worker 2:			num_random_opinions: 	20048
      From worker 2:			num_biased_opinions: 	0
      From worker 2:		num_both_changed: 		33884
      From worker 2:	
      From worker 2:	data processed and exported
      From worker 3:	replicate complete, ran 20000000 generations:
      From worker 3:	
      From worker 3:		num_imitating:			17501141
      From worker 3:		num_not_imitating:		2498859
      From worker 3:		num_strategies_changed:  	494817
      From worker 3:			num_random_strategies: 	17491
      From worker 3:		num_sets_changed: 		1285741
      From worker 3:			num_random_opinions: 	29545
      From worker 3:			num_biased_opinions: 	9662
      From worker 3:		num_both_changed: 		67020
      From worker 3:	
      From worker 3:	data processed and exported
      From worker 4:	replicate complete, ran 20000000 generations:
      From worker 4:	
      From worker 4:		num_imitating:			15004791
      From worker 4:		num_not_imitating:		4995209
      From worker 4:		num_strategies_changed:  	458934
      From worker 4:			num_random_strategies: 	15202
      From worker 4:		num_sets_changed: 		1086401
      From worker 4:			num_random_opinions: 	16859
      From worker 4:			num_biased_opinions: 	16850
      From worker 4:		num_both_changed: 		62952
      From worker 4:	
      From worker 4:	data processed and exported
      From worker 9:	replicate complete, ran 20000000 generations:
      From worker 9:	
      From worker 9:		num_imitating:			20000000
      From worker 9:		num_not_imitating:		0
      From worker 9:		num_strategies_changed:  	539465
      From worker 9:			num_random_strategies: 	20114
      From worker 9:		num_sets_changed: 		9118391
      From worker 9:			num_random_opinions: 	499795
      From worker 9:			num_biased_opinions: 	0
      From worker 9:		num_both_changed: 		356340
      From worker 9:	
      From worker 9:	data processed and exported
      From worker 9:	
      From worker 9:	starting b_1.0_c_0.2_N_40_M_3_K_2_P_2_beta_0.001_u_0.001_v_0.025_p_0.25_ϵ_1.0_gens_20000000_210223-175931.695
      From worker 15:	replicate complete, ran 20000000 generations:
      From worker 15:	
      From worker 15:		num_imitating:			20000000
      From worker 15:		num_not_imitating:		0
      From worker 15:		num_strategies_changed:  	573888
      From worker 15:			num_random_strategies: 	20275
      From worker 15:		num_sets_changed: 		18061156
      From worker 15:			num_random_opinions: 	12500278
      From worker 15:			num_biased_opinions: 	0
      From worker 15:		num_both_changed: 		525515
      From worker 15:	
      From worker 15:	data processed and exported
      From worker 15:	
      From worker 15:	starting b_1.0_c_0.2_N_40_M_3_K_2_P_2_beta_0.001_u_0.001_v_0.625_p_0.25_ϵ_1.0_gens_20000000_210223-175931.695
      From worker 13:	replicate complete, ran 20000000 generations:
      From worker 13:	
      From worker 13:		num_imitating:			12499891
      From worker 13:		num_not_imitating:		7500109
      From worker 13:		num_strategies_changed:  	345574
      From worker 13:			num_random_strategies: 	12411
      From worker 13:		num_sets_changed: 		8951110
      From worker 13:			num_random_opinions: 	390394
      From worker 13:			num_biased_opinions: 	1173191
      From worker 13:		num_both_changed: 		290178
      From worker 13:	
      From worker 13:	data processed and exported
      From worker 13:	
      From worker 13:	starting b_1.0_c_0.2_N_40_M_3_K_2_P_2_beta_0.001_u_0.001_v_0.125_p_1.0_ϵ_1.0_gens_20000000_210223-175931.695
      From worker 6:	replicate complete, ran 20000000 generations:
      From worker 6:	
      From worker 6:		num_imitating:			9996077
      From worker 6:		num_not_imitating:		10003923
      From worker 6:		num_strategies_changed:  	145234
      From worker 6:			num_random_strategies: 	10109
      From worker 6:		num_sets_changed: 		612677
      From worker 6:			num_random_opinions: 	0
      From worker 6:			num_biased_opinions: 	50113
      From worker 6:		num_both_changed: 		16972
      From worker 6:	
      From worker 6:	data processed and exported
      From worker 7:	replicate complete, ran 20000000 generations:
      From worker 7:	
      From worker 7:		num_imitating:			9998829
      From worker 7:		num_not_imitating:		10001171
      From worker 7:		num_strategies_changed:  	148335
      From worker 7:			num_random_strategies: 	9909
      From worker 7:		num_sets_changed: 		1206200
      From worker 7:			num_random_opinions: 	0
      From worker 7:			num_biased_opinions: 	111701
      From worker 7:		num_both_changed: 		32439
      From worker 7:	
      From worker 7:	data processed and exported
      From worker 7:	
      From worker 7:	starting b_1.0_c_0.2_N_40_M_3_K_2_P_2_beta_0.001_u_0.001_v_0.011180339887498947_p_0.0_ϵ_1.0_gens_20000000_210223-175931.695
      From worker 5:	replicate complete, ran 20000000 generations:
      From worker 5:	
      From worker 5:		num_imitating:			12500891
      From worker 5:		num_not_imitating:		7499109
      From worker 5:		num_strategies_changed:  	355335
      From worker 5:			num_random_strategies: 	12505
      From worker 5:		num_sets_changed: 		1716607
      From worker 5:			num_random_opinions: 	15340
      From worker 5:			num_biased_opinions: 	46978
      From worker 5:		num_both_changed: 		93770
      From worker 5:	
      From worker 5:	data processed and exported
      From worker 16:	replicate complete, ran 20000000 generations:
      From worker 16:	
      From worker 16:		num_imitating:			17503624
      From worker 16:		num_not_imitating:		2496376
      From worker 16:		num_strategies_changed:  	520843
      From worker 16:			num_random_strategies: 	17557
      From worker 16:		num_sets_changed: 		15617081
      From worker 16:			num_random_opinions: 	8204851
      From worker 16:			num_biased_opinions: 	2735387
      From worker 16:		num_both_changed: 		471990
      From worker 16:	
      From worker 16:	data processed and exported
      From worker 16:	
      From worker 16:	starting b_1.0_c_0.2_N_40_M_3_K_2_P_2_beta_0.001_u_0.001_v_0.625_p_0.5_ϵ_1.0_gens_20000000_210223-175931.695
      From worker 12:	replicate complete, ran 20000000 generations:
      From worker 12:	
      From worker 12:		num_imitating:			15000447
      From worker 12:		num_not_imitating:		4999553
      From worker 12:		num_strategies_changed:  	445871
      From worker 12:			num_random_strategies: 	15147
      From worker 12:		num_sets_changed: 		11297177
      From worker 12:			num_random_opinions: 	937575
      From worker 12:			num_biased_opinions: 	936365
      From worker 12:		num_both_changed: 		386419
      From worker 12:	
      From worker 12:	data processed and exported
      From worker 12:	
      From worker 12:	starting b_1.0_c_0.2_N_40_M_3_K_2_P_2_beta_0.001_u_0.001_v_0.125_p_0.75_ϵ_1.0_gens_20000000_210223-175931.695
      From worker 8:	replicate complete, ran 20000000 generations:
      From worker 8:	
      From worker 8:		num_imitating:			20000000
      From worker 8:		num_not_imitating:		0
      From worker 8:		num_strategies_changed:  	558232
      From worker 8:			num_random_strategies: 	20100
      From worker 8:		num_sets_changed: 		9064675
      From worker 8:			num_random_opinions: 	499320
      From worker 8:			num_biased_opinions: 	0
      From worker 8:		num_both_changed: 		373173
      From worker 8:	
      From worker 8:	data processed and exported
      From worker 8:	
      From worker 8:	starting b_1.0_c_0.2_N_40_M_3_K_2_P_2_beta_0.001_u_0.001_v_0.025_p_0.25_ϵ_1.0_gens_20000000_210223-175931.695
      From worker 10:	replicate complete, ran 20000000 generations:
      From worker 10:	
      From worker 10:		num_imitating:			17500968
      From worker 10:		num_not_imitating:		2499032
      From worker 10:		num_strategies_changed:  	503652
      From worker 10:			num_random_strategies: 	17676
      From worker 10:		num_sets_changed: 		11078080
      From worker 10:			num_random_opinions: 	734068
      From worker 10:			num_biased_opinions: 	244198
      From worker 10:		num_both_changed: 		412905
      From worker 10:	
      From worker 10:	data processed and exported
      From worker 10:	
      From worker 10:	starting b_1.0_c_0.2_N_40_M_3_K_2_P_2_beta_0.001_u_0.001_v_0.055901699437494755_p_0.5_ϵ_1.0_gens_20000000_210223-175931.695
      From worker 11:	replicate complete, ran 20000000 generations:
      From worker 11:	
      From worker 11:		num_imitating:			14998689
      From worker 11:		num_not_imitating:		5001311
      From worker 11:		num_strategies_changed:  	401735
      From worker 11:			num_random_strategies: 	14898
      From worker 11:		num_sets_changed: 		9294529
      From worker 11:			num_random_opinions: 	419430
      From worker 11:			num_biased_opinions: 	418362
      From worker 11:		num_both_changed: 		322754
      From worker 11:	
      From worker 11:	data processed and exported
      From worker 11:	
      From worker 11:	starting b_1.0_c_0.2_N_40_M_3_K_2_P_2_beta_0.001_u_0.001_v_0.055901699437494755_p_0.75_ϵ_1.0_gens_20000000_210223-175931.695
      From worker 13:	replicate complete, ran 20000000 generations:
      From worker 13:	
      From worker 13:		num_imitating:			9999135
      From worker 13:		num_not_imitating:		10000865
      From worker 13:		num_strategies_changed:  	149091
      From worker 13:			num_random_strategies: 	10017
      From worker 13:		num_sets_changed: 		4917648
      From worker 13:			num_random_opinions: 	0
      From worker 13:			num_biased_opinions: 	1250054
      From worker 13:		num_both_changed: 		90785
      From worker 13:	
      From worker 13:	data processed and exported
      From worker 13:	
      From worker 13:	starting b_1.0_c_0.2_N_40_M_3_K_2_P_2_beta_0.001_u_0.001_v_0.2795084971874737_p_0.0_ϵ_1.0_gens_20000000_210223-175931.695
      From worker 9:	replicate complete, ran 20000000 generations:
      From worker 9:	
      From worker 9:		num_imitating:			17500293
      From worker 9:		num_not_imitating:		2499707
      From worker 9:		num_strategies_changed:  	518353
      From worker 9:			num_random_strategies: 	17667
      From worker 9:		num_sets_changed: 		7924753
      From worker 9:			num_random_opinions: 	329160
      From worker 9:			num_biased_opinions: 	109571
      From worker 9:		num_both_changed: 		340523
      From worker 9:	
      From worker 9:	data processed and exported
      From worker 9:	
      From worker 9:	starting b_1.0_c_0.2_N_40_M_3_K_2_P_2_beta_0.001_u_0.001_v_0.025_p_0.5_ϵ_1.0_gens_20000000_210223-175931.695
      From worker 7:	replicate complete, ran 20000000 generations:
      From worker 7:	
      From worker 7:		num_imitating:			20000000
      From worker 7:		num_not_imitating:		0
      From worker 7:		num_strategies_changed:  	569951
      From worker 7:			num_random_strategies: 	19931
      From worker 7:		num_sets_changed: 		5503217
      From worker 7:			num_random_opinions: 	224023
      From worker 7:			num_biased_opinions: 	0
      From worker 7:		num_both_changed: 		258583
      From worker 7:	
      From worker 7:	data processed and exported
      From worker 14:	replicate complete, ran 20000000 generations:
      From worker 14:	
      From worker 14:		num_imitating:			20000000
      From worker 14:		num_not_imitating:		0
      From worker 14:		num_strategies_changed:  	550696
      From worker 14:			num_random_strategies: 	19962
      From worker 14:		num_sets_changed: 		17216253
      From worker 14:			num_random_opinions: 	5592763
      From worker 14:			num_biased_opinions: 	0
      From worker 14:		num_both_changed: 		501920
      From worker 14:	
      From worker 14:	data processed and exported
      From worker 14:	
      From worker 14:	starting b_1.0_c_0.2_N_40_M_3_K_2_P_2_beta_0.001_u_0.001_v_0.2795084971874737_p_0.25_ϵ_1.0_gens_20000000_210223-175931.695
      From worker 15:	replicate complete, ran 20000000 generations:
      From worker 15:	
      From worker 15:		num_imitating:			17499596
      From worker 15:		num_not_imitating:		2500404
      From worker 15:		num_strategies_changed:  	497650
      From worker 15:			num_random_strategies: 	17392
      From worker 15:		num_sets_changed: 		15615420
      From worker 15:			num_random_opinions: 	8204121
      From worker 15:			num_biased_opinions: 	2733570
      From worker 15:		num_both_changed: 		451311
      From worker 15:	
      From worker 15:	data processed and exported
      From worker 15:	
      From worker 15:	starting b_1.0_c_0.2_N_40_M_3_K_2_P_2_beta_0.001_u_0.001_v_0.625_p_0.5_ϵ_1.0_gens_20000000_210223-175931.695
      From worker 8:	replicate complete, ran 20000000 generations:
      From worker 8:	
      From worker 8:		num_imitating:			17499996
      From worker 8:		num_not_imitating:		2500004
      From worker 8:		num_strategies_changed:  	506620
      From worker 8:			num_random_strategies: 	17651
      From worker 8:		num_sets_changed: 		7916396
      From worker 8:			num_random_opinions: 	328284
      From worker 8:			num_biased_opinions: 	108979
      From worker 8:		num_both_changed: 		341541
      From worker 8:	
      From worker 8:	data processed and exported
      From worker 12:	replicate complete, ran 20000000 generations:
      From worker 12:	
      From worker 12:		num_imitating:			12502576
      From worker 12:		num_not_imitating:		7497424
      From worker 12:		num_strategies_changed:  	374746
      From worker 12:			num_random_strategies: 	12560
      From worker 12:		num_sets_changed: 		8960849
      From worker 12:			num_random_opinions: 	390732
      From worker 12:			num_biased_opinions: 	1172957
      From worker 12:		num_both_changed: 		315675
      From worker 12:	
      From worker 12:	data processed and exported
      From worker 12:	
      From worker 12:	starting b_1.0_c_0.2_N_40_M_3_K_2_P_2_beta_0.001_u_0.001_v_0.125_p_1.0_ϵ_1.0_gens_20000000_210223-175931.695
      From worker 10:	replicate complete, ran 20000000 generations:
      From worker 10:	
      From worker 10:		num_imitating:			14999781
      From worker 10:		num_not_imitating:		5000219
      From worker 10:		num_strategies_changed:  	414830
      From worker 10:			num_random_strategies: 	14864
      From worker 10:		num_sets_changed: 		9285494
      From worker 10:			num_random_opinions: 	420052
      From worker 10:			num_biased_opinions: 	419227
      From worker 10:		num_both_changed: 		336468
      From worker 10:	
      From worker 10:	data processed and exported
      From worker 10:	
      From worker 10:	starting b_1.0_c_0.2_N_40_M_3_K_2_P_2_beta_0.001_u_0.001_v_0.055901699437494755_p_0.75_ϵ_1.0_gens_20000000_210223-175931.695
      From worker 16:	replicate complete, ran 20000000 generations:
      From worker 16:	
      From worker 16:		num_imitating:			14998218
      From worker 16:		num_not_imitating:		5001782
      From worker 16:		num_strategies_changed:  	442350
      From worker 16:			num_random_strategies: 	14767
      From worker 16:		num_sets_changed: 		12877386
      From worker 16:			num_random_opinions: 	4691259
      From worker 16:			num_biased_opinions: 	4687495
      From worker 16:		num_both_changed: 		387172
      From worker 16:	
      From worker 16:	data processed and exported
      From worker 16:	
      From worker 16:	starting b_1.0_c_0.2_N_40_M_3_K_2_P_2_beta_0.001_u_0.001_v_0.625_p_0.75_ϵ_1.0_gens_20000000_210223-175931.695
      From worker 11:	replicate complete, ran 20000000 generations:
      From worker 11:	
      From worker 11:		num_imitating:			12502936
      From worker 11:		num_not_imitating:		7497064
      From worker 11:		num_strategies_changed:  	345862
      From worker 11:			num_random_strategies: 	12529
      From worker 11:		num_sets_changed: 		7387840
      From worker 11:			num_random_opinions: 	174749
      From worker 11:			num_biased_opinions: 	523351
      From worker 11:		num_both_changed: 		268214
      From worker 11:	
      From worker 11:	data processed and exported
      From worker 11:	
      From worker 11:	starting b_1.0_c_0.2_N_40_M_3_K_2_P_2_beta_0.001_u_0.001_v_0.055901699437494755_p_1.0_ϵ_1.0_gens_20000000_210223-175931.695
      From worker 9:	replicate complete, ran 20000000 generations:
      From worker 9:	
      From worker 9:		num_imitating:			15000180
      From worker 9:		num_not_imitating:		4999820
      From worker 9:		num_strategies_changed:  	421250
      From worker 9:			num_random_strategies: 	15133
      From worker 9:		num_sets_changed: 		6616538
      From worker 9:			num_random_opinions: 	186830
      From worker 9:			num_biased_opinions: 	187715
      From worker 9:		num_both_changed: 		271391
      From worker 9:	
      From worker 9:	data processed and exported
      From worker 12:	replicate complete, ran 20000000 generations:
      From worker 12:	
      From worker 12:		num_imitating:			10002100
      From worker 12:		num_not_imitating:		9997900
      From worker 12:		num_strategies_changed:  	134389
      From worker 12:			num_random_strategies: 	9880
      From worker 12:		num_sets_changed: 		4931980
      From worker 12:			num_random_opinions: 	0
      From worker 12:			num_biased_opinions: 	1251545
      From worker 12:		num_both_changed: 		82607
      From worker 12:	
      From worker 12:	data processed and exported
      From worker 12:	
      From worker 12:	starting b_1.0_c_0.2_N_40_M_3_K_2_P_2_beta_0.001_u_0.001_v_0.125_p_0.0_ϵ_1.0_gens_20000000_210223-175931.695
      From worker 13:	replicate complete, ran 20000000 generations:
      From worker 13:	
      From worker 13:		num_imitating:			20000000
      From worker 13:		num_not_imitating:		0
      From worker 13:		num_strategies_changed:  	590363
      From worker 13:			num_random_strategies: 	20338
      From worker 13:		num_sets_changed: 		17216283
      From worker 13:			num_random_opinions: 	5589441
      From worker 13:			num_biased_opinions: 	0
      From worker 13:		num_both_changed: 		538346
      From worker 13:	
      From worker 13:	data processed and exported
      From worker 13:	
      From worker 13:	starting b_1.0_c_0.2_N_40_M_3_K_2_P_2_beta_0.001_u_0.001_v_0.2795084971874737_p_0.25_ϵ_1.0_gens_20000000_210223-175931.695
      From worker 11:	replicate complete, ran 20000000 generations:
      From worker 11:	
      From worker 11:		num_imitating:			10000446
      From worker 11:		num_not_imitating:		9999554
      From worker 11:		num_strategies_changed:  	142744
      From worker 11:			num_random_strategies: 	9953
      From worker 11:		num_sets_changed: 		3589819
      From worker 11:			num_random_opinions: 	0
      From worker 11:			num_biased_opinions: 	559039
      From worker 11:		num_both_changed: 		72408
      From worker 11:	
      From worker 11:	data processed and exported
      From worker 10:	replicate complete, ran 20000000 generations:
      From worker 10:	
      From worker 10:		num_imitating:			12500052
      From worker 10:		num_not_imitating:		7499948
      From worker 10:		num_strategies_changed:  	351813
      From worker 10:			num_random_strategies: 	12550
      From worker 10:		num_sets_changed: 		7413294
      From worker 10:			num_random_opinions: 	175070
      From worker 10:			num_biased_opinions: 	523430
      From worker 10:		num_both_changed: 		274337
      From worker 10:	
      From worker 10:	data processed and exported
      From worker 14:	replicate complete, ran 20000000 generations:
      From worker 14:	
      From worker 14:		num_imitating:			17500318
      From worker 14:		num_not_imitating:		2499682
      From worker 14:		num_strategies_changed:  	494276
      From worker 14:			num_random_strategies: 	17478
      From worker 14:		num_sets_changed: 		14930416
      From worker 14:			num_random_opinions: 	3669011
      From worker 14:			num_biased_opinions: 	1222825
      From worker 14:		num_both_changed: 		447153
      From worker 14:	
      From worker 14:	data processed and exported
      From worker 14:	
      From worker 14:	starting b_1.0_c_0.2_N_40_M_3_K_2_P_2_beta_0.001_u_0.001_v_0.2795084971874737_p_0.5_ϵ_1.0_gens_20000000_210223-175931.695
      From worker 15:	replicate complete, ran 20000000 generations:
      From worker 15:	
      From worker 15:		num_imitating:			14998661
      From worker 15:		num_not_imitating:		5001339
      From worker 15:		num_strategies_changed:  	442703
      From worker 15:			num_random_strategies: 	14959
      From worker 15:		num_sets_changed: 		12879829
      From worker 15:			num_random_opinions: 	4683458
      From worker 15:			num_biased_opinions: 	4686886
      From worker 15:		num_both_changed: 		387316
      From worker 15:	
      From worker 15:	data processed and exported
      From worker 15:	
      From worker 15:	starting b_1.0_c_0.2_N_40_M_3_K_2_P_2_beta_0.001_u_0.001_v_0.625_p_0.75_ϵ_1.0_gens_20000000_210223-175931.695
      From worker 16:	replicate complete, ran 20000000 generations:
      From worker 16:	
      From worker 16:		num_imitating:			12501972
      From worker 16:		num_not_imitating:		7498028
      From worker 16:		num_strategies_changed:  	368801
      From worker 16:			num_random_strategies: 	12214
      From worker 16:		num_sets_changed: 		9891007
      From worker 16:			num_random_opinions: 	1953350
      From worker 16:			num_biased_opinions: 	5863437
      From worker 16:		num_both_changed: 		298411
      From worker 16:	
      From worker 16:	data processed and exported
      From worker 16:	
      From worker 16:	starting b_1.0_c_0.2_N_40_M_3_K_2_P_2_beta_0.001_u_0.001_v_0.625_p_1.0_ϵ_1.0_gens_20000000_210223-175931.695
      From worker 16:	replicate complete, ran 20000000 generations:
      From worker 16:	
      From worker 16:		num_imitating:			9994712
      From worker 16:		num_not_imitating:		10005288
      From worker 16:		num_strategies_changed:  	147137
      From worker 16:			num_random_strategies: 	10063
      From worker 16:		num_sets_changed: 		6467854
      From worker 16:			num_random_opinions: 	0
 Activating environment at `/tigress/mk28/CooperationPolarization2/Project.toml`
 Activating environment at `/tigress/mk28/CooperationPolarization2/Project.toml`
      From worker 16:			num_biased_opinions: 	6248097
      From worker 16:		num_both_changed: 		97696
      From worker 16:	
      From worker 16:	data processed and exported
      From worker 12:	replicate complete, ran 20000000 generations:
      From worker 12:	
      From worker 12:		num_imitating:			20000000
      From worker 12:		num_not_imitating:		0
      From worker 12:		num_strategies_changed:  	559994
      From worker 12:			num_random_strategies: 	19957
      From worker 12:		num_sets_changed: 		15574669
      From worker 12:			num_random_opinions: 	2500982
      From worker 12:			num_biased_opinions: 	0
      From worker 12:		num_both_changed: 		498523
      From worker 12:	
      From worker 12:	data processed and exported
      From worker 15:	replicate complete, ran 20000000 generations:
      From worker 15:	
      From worker 15:		num_imitating:			12499445
      From worker 15:		num_not_imitating:		7500555
      From worker 15:		num_strategies_changed:  	360373
      From worker 15:			num_random_strategies: 	12501
      From worker 15:		num_sets_changed: 		9888637
      From worker 15:			num_random_opinions: 	1954965
      From worker 15:			num_biased_opinions: 	5860283
      From worker 15:		num_both_changed: 		291687
      From worker 15:	
      From worker 15:	data processed and exported
      From worker 13:	replicate complete, ran 20000000 generations:
      From worker 13:	
      From worker 13:		num_imitating:			17500832
      From worker 13:		num_not_imitating:		2499168
      From worker 13:		num_strategies_changed:  	559512
      From worker 13:			num_random_strategies: 	17623
      From worker 13:		num_sets_changed: 		14924919
      From worker 13:			num_random_opinions: 	3671776
      From worker 13:			num_biased_opinions: 	1224908
      From worker 13:		num_both_changed: 		507099
      From worker 13:	
      From worker 13:	data processed and exported
      From worker 14:	replicate complete, ran 20000000 generations:
      From worker 14:	
      From worker 14:		num_imitating:			14997419
      From worker 14:		num_not_imitating:		5002581
      From worker 14:		num_strategies_changed:  	441649
      From worker 14:			num_random_strategies: 	15056
      From worker 14:		num_sets_changed: 		12441580
      From worker 14:			num_random_opinions: 	2095977
      From worker 14:			num_biased_opinions: 	2095362
      From worker 14:		num_both_changed: 		390663
      From worker 14:	
      From worker 14:	data processed and exported
14709.454907 seconds (2.95 M allocations: 127.453 MiB, 0.00% gc time)
