packages loaded
      From worker 5:	 Activating environment at `/tigress/mk28/CooperationPolarization2/Project.toml`
      From worker 6:	 Activating environment at `/tigress/mk28/CooperationPolarization2/Project.toml`
      From worker 3:	 Activating environment at `/tigress/mk28/CooperationPolarization2/Project.toml`
      From worker 2:	 Activating environment at `/tigress/mk28/CooperationPolarization2/Project.toml`
      From worker 11:	 Activating environment at `/tigress/mk28/CooperationPolarization2/Project.toml`
      From worker 15:	 Activating environment at `/tigress/mk28/CooperationPolarization2/Project.toml`
      From worker 7:	 Activating environment at `/tigress/mk28/CooperationPolarization2/Project.toml`
      From worker 9:	 Activating environment at `/tigress/mk28/CooperationPolarization2/Project.toml`
      From worker 14:	 Activating environment at `/tigress/mk28/CooperationPolarization2/Project.toml`
      From worker 13:	 Activating environment at `/tigress/mk28/CooperationPolarization2/Project.toml`
      From worker 12:	 Activating environment at `/tigress/mk28/CooperationPolarization2/Project.toml`
      From worker 8:	 Activating environment at `/tigress/mk28/CooperationPolarization2/Project.toml`
      From worker 10:	 Activating environment at `/tigress/mk28/CooperationPolarization2/Project.toml`
      From worker 16:	 Activating environment at `/tigress/mk28/CooperationPolarization2/Project.toml`
      From worker 4:	 Activating environment at `/tigress/mk28/CooperationPolarization2/Project.toml`
      From worker 5:	packages loaded
      From worker 7:	packages loaded
      From worker 6:	packages loaded
      From worker 3:	packages loaded
      From worker 2:	packages loaded
      From worker 15:	packages loaded
      From worker 9:	packages loaded
      From worker 13:	packages loaded
      From worker 11:	packages loaded
      From worker 14:	packages loaded
      From worker 8:	packages loaded
      From worker 10:	packages loaded
      From worker 16:	packages loaded
      From worker 12:	packages loaded
      From worker 4:	packages loaded
parameters defined
      From worker 7:	
      From worker 7:	starting b_1.0_c_0.2_N_40_M_3_K_3_P_2_beta_0.001_u_0.001_v_0.011180339887498947_p_0.0_ϵ_1.0_gens_20000000_210216-230300.104
      From worker 8:	
      From worker 8:	starting b_1.0_c_0.2_N_40_M_3_K_3_P_2_beta_0.001_u_0.001_v_0.011180339887498947_p_0.25_ϵ_1.0_gens_20000000_210216-230300.104
      From worker 3:	
      From worker 3:	starting b_1.0_c_0.2_N_40_M_3_K_3_P_2_beta_0.001_u_0.001_v_0.001_p_0.25_ϵ_1.0_gens_20000000_210216-230300.104
      From worker 2:	
      From worker 2:	starting b_1.0_c_0.2_N_40_M_3_K_3_P_2_beta_0.001_u_0.001_v_0.001_p_0.0_ϵ_1.0_gens_20000000_210216-230300.104
      From worker 9:	
      From worker 9:	starting b_1.0_c_0.2_N_40_M_3_K_3_P_2_beta_0.001_u_0.001_v_0.025_p_0.5_ϵ_1.0_gens_20000000_210216-230300.104
      From worker 13:	
      From worker 13:	starting b_1.0_c_0.2_N_40_M_3_K_3_P_2_beta_0.001_u_0.001_v_0.125_p_0.25_ϵ_1.0_gens_20000000_210216-230300.104
      From worker 15:	
      From worker 15:	starting b_1.0_c_0.2_N_40_M_3_K_3_P_2_beta_0.001_u_0.001_v_0.2795084971874737_p_0.75_ϵ_1.0_gens_20000000_210216-230300.104
      From worker 5:	
      From worker 5:	starting b_1.0_c_0.2_N_40_M_3_K_3_P_2_beta_0.001_u_0.001_v_0.0022360679774997894_p_0.75_ϵ_1.0_gens_20000000_210216-230300.104
      From worker 12:	
      From worker 12:	starting b_1.0_c_0.2_N_40_M_3_K_3_P_2_beta_0.001_u_0.001_v_0.125_p_0.0_ϵ_1.0_gens_20000000_210216-230300.104
      From worker 11:	
      From worker 11:	starting b_1.0_c_0.2_N_40_M_3_K_3_P_2_beta_0.001_u_0.001_v_0.055901699437494755_p_1.0_ϵ_1.0_gens_20000000_210216-230300.104
      From worker 10:	
      From worker 10:	starting b_1.0_c_0.2_N_40_M_3_K_3_P_2_beta_0.001_u_0.001_v_0.025_p_0.75_ϵ_1.0_gens_20000000_210216-230300.104
      From worker 6:	
      From worker 6:	starting b_1.0_c_0.2_N_40_M_3_K_3_P_2_beta_0.001_u_0.001_v_0.005_p_1.0_ϵ_1.0_gens_20000000_210216-230300.104
      From worker 14:	
      From worker 14:	starting b_1.0_c_0.2_N_40_M_3_K_3_P_2_beta_0.001_u_0.001_v_0.2795084971874737_p_0.5_ϵ_1.0_gens_20000000_210216-230300.104
      From worker 16:	
      From worker 16:	starting b_1.0_c_0.2_N_40_M_3_K_3_P_2_beta_0.001_u_0.001_v_0.625_p_1.0_ϵ_1.0_gens_20000000_210216-230300.104
      From worker 4:	
      From worker 4:	starting b_1.0_c_0.2_N_40_M_3_K_3_P_2_beta_0.001_u_0.001_v_0.0022360679774997894_p_0.5_ϵ_1.0_gens_20000000_210216-230300.104
      From worker 6:	replicate complete, ran 20000000 generations:
      From worker 6:	
      From worker 6:		num_imitating:			9995512
      From worker 6:		num_not_imitating:		10004488
      From worker 6:		num_strategies_changed:  	148358
      From worker 6:			num_random_strategies: 	9963
      From worker 6:		num_sets_changed: 		0
      From worker 6:			num_random_opinions: 	0
      From worker 6:			num_biased_opinions: 	49699
      From worker 6:		num_both_changed: 		0
      From worker 6:	
      From worker 6:	data processed and exported
      From worker 6:	
      From worker 6:	starting b_1.0_c_0.2_N_40_M_3_K_3_P_2_beta_0.001_u_0.001_v_0.005_p_0.0_ϵ_1.0_gens_20000000_210216-230300.104
      From worker 11:	replicate complete, ran 20000000 generations:
      From worker 11:	
      From worker 11:		num_imitating:			9997526
      From worker 11:		num_not_imitating:		10002474
      From worker 11:		num_strategies_changed:  	153082
      From worker 11:			num_random_strategies: 	10165
      From worker 11:		num_sets_changed: 		0
      From worker 11:			num_random_opinions: 	0
      From worker 11:			num_biased_opinions: 	560594
      From worker 11:		num_both_changed: 		0
      From worker 11:	
      From worker 11:	data processed and exported
      From worker 16:	replicate complete, ran 20000000 generations:
      From worker 16:	
      From worker 16:		num_imitating:			9999929
      From worker 16:		num_not_imitating:		10000071
      From worker 16:		num_strategies_changed:  	143548
      From worker 16:			num_random_strategies: 	10072
      From worker 16:		num_sets_changed: 		0
      From worker 16:			num_random_opinions: 	0
      From worker 16:			num_biased_opinions: 	6250099
      From worker 16:		num_both_changed: 		0
      From worker 16:	
      From worker 11:	
      From worker 11:	starting b_1.0_c_0.2_N_40_M_3_K_3_P_2_beta_0.001_u_0.001_v_0.055901699437494755_p_0.0_ϵ_1.0_gens_20000000_210216-230300.104
      From worker 16:	data processed and exported
      From worker 16:	
      From worker 16:	starting b_1.0_c_0.2_N_40_M_3_K_3_P_2_beta_0.001_u_0.001_v_0.625_p_0.0_ϵ_1.0_gens_20000000_210216-230300.104
      From worker 3:	replicate complete, ran 20000000 generations:
      From worker 3:	
      From worker 3:		num_imitating:			17498411
      From worker 3:		num_not_imitating:		2501589
      From worker 3:		num_strategies_changed:  	461657
      From worker 3:			num_random_strategies: 	17473
      From worker 3:		num_sets_changed: 		614176
      From worker 3:			num_random_opinions: 	13176
      From worker 3:			num_biased_opinions: 	4271
      From worker 3:		num_both_changed: 		34291
      From worker 3:	
      From worker 3:	data processed and exported
      From worker 3:	
      From worker 3:	starting b_1.0_c_0.2_N_40_M_3_K_3_P_2_beta_0.001_u_0.001_v_0.001_p_0.5_ϵ_1.0_gens_20000000_210216-230300.104
      From worker 5:	replicate complete, ran 20000000 generations:
      From worker 5:	
      From worker 5:		num_imitating:			12498396
      From worker 5:		num_not_imitating:		7501604
      From worker 5:		num_strategies_changed:  	358160
      From worker 5:			num_random_strategies: 	12619
      From worker 5:		num_sets_changed: 		761619
      From worker 5:			num_random_opinions: 	7133
      From worker 5:			num_biased_opinions: 	21250
      From worker 5:		num_both_changed: 		40625
      From worker 5:	
      From worker 2:	replicate complete, ran 20000000 generations:
      From worker 2:	
      From worker 2:		num_imitating:			20000000
      From worker 2:		num_not_imitating:		0
      From worker 2:		num_strategies_changed:  	548082
      From worker 2:			num_random_strategies: 	20003
      From worker 2:		num_sets_changed: 		735155
      From worker 2:			num_random_opinions: 	20047
      From worker 2:			num_biased_opinions: 	0
      From worker 2:		num_both_changed: 		35533
      From worker 2:	
      From worker 5:	data processed and exported
      From worker 5:	
      From worker 5:	starting b_1.0_c_0.2_N_40_M_3_K_3_P_2_beta_0.001_u_0.001_v_0.0022360679774997894_p_1.0_ϵ_1.0_gens_20000000_210216-230300.104
      From worker 2:	data processed and exported
      From worker 2:	
      From worker 2:	starting b_1.0_c_0.2_N_40_M_3_K_3_P_2_beta_0.001_u_0.001_v_0.001_p_0.25_ϵ_1.0_gens_20000000_210216-230300.104
      From worker 4:	replicate complete, ran 20000000 generations:
      From worker 4:	
      From worker 4:		num_imitating:			15000830
      From worker 4:		num_not_imitating:		4999170
      From worker 4:		num_strategies_changed:  	423206
      From worker 4:			num_random_strategies: 	14815
      From worker 4:		num_sets_changed: 		1016673
      From worker 4:			num_random_opinions: 	16796
      From worker 4:			num_biased_opinions: 	16914
      From worker 4:		num_both_changed: 		45711
      From worker 4:	
      From worker 4:	data processed and exported
      From worker 4:	
      From worker 4:	starting b_1.0_c_0.2_N_40_M_3_K_3_P_2_beta_0.001_u_0.001_v_0.0022360679774997894_p_0.75_ϵ_1.0_gens_20000000_210216-230300.104
      From worker 10:	replicate complete, ran 20000000 generations:
      From worker 10:	
      From worker 10:		num_imitating:			12498636
      From worker 10:		num_not_imitating:		7501364
      From worker 10:		num_strategies_changed:  	361581
      From worker 10:			num_random_strategies: 	12495
      From worker 10:		num_sets_changed: 		4062986
      From worker 10:			num_random_opinions: 	77932
      From worker 10:			num_biased_opinions: 	234160
      From worker 10:		num_both_changed: 		188145
      From worker 10:	
      From worker 10:	data processed and exported
      From worker 10:	
      From worker 10:	starting b_1.0_c_0.2_N_40_M_3_K_3_P_2_beta_0.001_u_0.001_v_0.025_p_1.0_ϵ_1.0_gens_20000000_210216-230300.104
      From worker 8:	replicate complete, ran 20000000 generations:
      From worker 8:	
      From worker 8:		num_imitating:			17501332
      From worker 8:		num_not_imitating:		2498668
      From worker 8:		num_strategies_changed:  	523429
      From worker 8:			num_random_strategies: 	17477
      From worker 8:		num_sets_changed: 		4690009
      From worker 8:			num_random_opinions: 	146943
      From worker 8:			num_biased_opinions: 	49148
      From worker 8:		num_both_changed: 		225990
      From worker 8:	
      From worker 8:	data processed and exported
      From worker 8:	
      From worker 8:	starting b_1.0_c_0.2_N_40_M_3_K_3_P_2_beta_0.001_u_0.001_v_0.011180339887498947_p_0.5_ϵ_1.0_gens_20000000_210216-230300.104
      From worker 7:	replicate complete, ran 20000000 generations:
      From worker 7:	
      From worker 7:		num_imitating:			20000000
      From worker 7:		num_not_imitating:		0
      From worker 7:		num_strategies_changed:  	550237
      From worker 7:			num_random_strategies: 	20282
      From worker 7:		num_sets_changed: 		5425132
      From worker 7:			num_random_opinions: 	223167
      From worker 7:			num_biased_opinions: 	0
      From worker 7:		num_both_changed: 		236656
      From worker 7:	
      From worker 7:	data processed and exported
      From worker 7:	
      From worker 7:	starting b_1.0_c_0.2_N_40_M_3_K_3_P_2_beta_0.001_u_0.001_v_0.011180339887498947_p_0.25_ϵ_1.0_gens_20000000_210216-230300.104
      From worker 9:	replicate complete, ran 20000000 generations:
      From worker 9:	
      From worker 9:		num_imitating:			15000131
      From worker 9:		num_not_imitating:		4999869
      From worker 9:		num_strategies_changed:  	395597
      From worker 9:			num_random_strategies: 	15025
      From worker 9:		num_sets_changed: 		5838508
      From worker 9:			num_random_opinions: 	187797
      From worker 9:			num_biased_opinions: 	187789
      From worker 9:		num_both_changed: 		225903
      From worker 9:	
      From worker 9:	data processed and exported
      From worker 9:	
      From worker 9:	starting b_1.0_c_0.2_N_40_M_3_K_3_P_2_beta_0.001_u_0.001_v_0.025_p_0.75_ϵ_1.0_gens_20000000_210216-230300.104
      From worker 5:	replicate complete, ran 20000000 generations:
      From worker 5:	
      From worker 5:		num_imitating:			10003124
      From worker 5:		num_not_imitating:		9996876
      From worker 5:		num_strategies_changed:  	145934
      From worker 5:			num_random_strategies: 	10035
      From worker 5:		num_sets_changed: 		0
      From worker 5:			num_random_opinions: 	0
      From worker 5:			num_biased_opinions: 	22414
      From worker 5:		num_both_changed: 		0
      From worker 5:	
      From worker 5:	data processed and exported
      From worker 5:	
      From worker 5:	starting b_1.0_c_0.2_N_40_M_3_K_3_P_2_beta_0.001_u_0.001_v_0.005_p_0.0_ϵ_1.0_gens_20000000_210216-230300.104
      From worker 3:	replicate complete, ran 20000000 generations:
      From worker 3:	
      From worker 3:		num_imitating:			14998665
      From worker 3:		num_not_imitating:		5001335
      From worker 3:		num_strategies_changed:  	387829
      From worker 3:			num_random_strategies: 	14990
      From worker 3:		num_sets_changed: 		492139
      From worker 3:			num_random_opinions: 	7522
      From worker 3:			num_biased_opinions: 	7616
      From worker 3:		num_both_changed: 		28088
      From worker 3:	
      From worker 3:	data processed and exported
      From worker 3:	
      From worker 3:	starting b_1.0_c_0.2_N_40_M_3_K_3_P_2_beta_0.001_u_0.001_v_0.001_p_0.75_ϵ_1.0_gens_20000000_210216-230300.104
      From worker 2:	replicate complete, ran 20000000 generations:
      From worker 2:	
      From worker 2:		num_imitating:			17497629
      From worker 2:		num_not_imitating:		2502371
      From worker 2:		num_strategies_changed:  	498716
      From worker 2:			num_random_strategies: 	17721
      From worker 2:		num_sets_changed: 		611696
      From worker 2:			num_random_opinions: 	13154
      From worker 2:			num_biased_opinions: 	4426
      From worker 2:		num_both_changed: 		33257
      From worker 2:	
      From worker 2:	data processed and exported
      From worker 2:	
      From worker 2:	starting b_1.0_c_0.2_N_40_M_3_K_3_P_2_beta_0.001_u_0.001_v_0.001_p_0.5_ϵ_1.0_gens_20000000_210216-230300.104
      From worker 15:	replicate complete, ran 20000000 generations:
      From worker 15:	
      From worker 15:		num_imitating:			12494725
      From worker 15:		num_not_imitating:		7505275
      From worker 15:		num_strategies_changed:  	354739
      From worker 15:			num_random_strategies: 	12526
      From worker 15:		num_sets_changed: 		6868125
      From worker 15:			num_random_opinions: 	872676
      From worker 15:			num_biased_opinions: 	2619273
      From worker 15:		num_both_changed: 		213866
      From worker 15:	
      From worker 4:	replicate complete, ran 20000000 generations:
      From worker 4:	
      From worker 4:		num_imitating:			12494682
      From worker 4:		num_not_imitating:		7505318
      From worker 4:		num_strategies_changed:  	342436
      From worker 4:			num_random_strategies: 	12373
      From worker 4:		num_sets_changed: 		757356
      From worker 4:			num_random_opinions: 	6926
      From worker 4:			num_biased_opinions: 	21070
      From worker 4:		num_both_changed: 		40139
      From worker 4:	
      From worker 15:	data processed and exported
      From worker 4:	data processed and exported
      From worker 15:	
      From worker 15:	starting b_1.0_c_0.2_N_40_M_3_K_3_P_2_beta_0.001_u_0.001_v_0.2795084971874737_p_1.0_ϵ_1.0_gens_20000000_210216-230300.104
      From worker 4:	
      From worker 4:	starting b_1.0_c_0.2_N_40_M_3_K_3_P_2_beta_0.001_u_0.001_v_0.0022360679774997894_p_1.0_ϵ_1.0_gens_20000000_210216-230300.104
      From worker 6:	replicate complete, ran 20000000 generations:
      From worker 6:	
      From worker 6:		num_imitating:			20000000
      From worker 6:		num_not_imitating:		0
      From worker 6:		num_strategies_changed:  	559883
      From worker 6:			num_random_strategies: 	20025
      From worker 6:		num_sets_changed: 		3075159
      From worker 6:			num_random_opinions: 	100515
      From worker 6:			num_biased_opinions: 	0
      From worker 6:		num_both_changed: 		152298
      From worker 6:	
      From worker 6:	data processed and exported
      From worker 6:	
      From worker 6:	starting b_1.0_c_0.2_N_40_M_3_K_3_P_2_beta_0.001_u_0.001_v_0.005_p_0.25_ϵ_1.0_gens_20000000_210216-230300.104
      From worker 10:	replicate complete, ran 20000000 generations:
      From worker 10:	
      From worker 10:		num_imitating:			9999666
      From worker 10:		num_not_imitating:		10000334
      From worker 10:		num_strategies_changed:  	147683
      From worker 10:			num_random_strategies: 	10082
      From worker 10:		num_sets_changed: 		0
      From worker 10:			num_random_opinions: 	0
      From worker 10:			num_biased_opinions: 	249732
      From worker 10:		num_both_changed: 		0
      From worker 10:	
      From worker 10:	data processed and exported
      From worker 10:	
      From worker 10:	starting b_1.0_c_0.2_N_40_M_3_K_3_P_2_beta_0.001_u_0.001_v_0.055901699437494755_p_0.0_ϵ_1.0_gens_20000000_210216-230300.104
      From worker 14:	replicate complete, ran 20000000 generations:
      From worker 14:	
      From worker 14:		num_imitating:			14997624
      From worker 14:		num_not_imitating:		5002376
      From worker 14:		num_strategies_changed:  	423745
      From worker 14:			num_random_strategies: 	14889
      From worker 14:		num_sets_changed: 		10696968
      From worker 14:			num_random_opinions: 	2098030
      From worker 14:			num_biased_opinions: 	2095212
      From worker 14:		num_both_changed: 		321573
      From worker 14:	
      From worker 14:	data processed and exported
      From worker 14:	
      From worker 14:	starting b_1.0_c_0.2_N_40_M_3_K_3_P_2_beta_0.001_u_0.001_v_0.2795084971874737_p_0.75_ϵ_1.0_gens_20000000_210216-230300.104
      From worker 3:	replicate complete, ran 20000000 generations:
      From worker 3:	
      From worker 3:		num_imitating:			12500430
      From worker 3:		num_not_imitating:		7499570
      From worker 3:		num_strategies_changed:  	333263
      From worker 3:			num_random_strategies: 	12601
      From worker 3:		num_sets_changed: 		347677
      From worker 3:			num_random_opinions: 	3183
      From worker 3:			num_biased_opinions: 	9371
      From worker 3:		num_both_changed: 		17368
      From worker 3:	
      From worker 3:	data processed and exported
      From worker 3:	
      From worker 3:	starting b_1.0_c_0.2_N_40_M_3_K_3_P_2_beta_0.001_u_0.001_v_0.001_p_1.0_ϵ_1.0_gens_20000000_210216-230300.104
      From worker 15:	replicate complete, ran 20000000 generations:
      From worker 15:	
      From worker 15:		num_imitating:			9999505
      From worker 15:		num_not_imitating:		10000495
      From worker 15:		num_strategies_changed:  	148257
      From worker 15:			num_random_strategies: 	10211
      From worker 15:		num_sets_changed: 		0
      From worker 15:			num_random_opinions: 	0
      From worker 15:			num_biased_opinions: 	2796986
      From worker 15:		num_both_changed: 		0
      From worker 15:	
      From worker 15:	data processed and exported
      From worker 15:	
      From worker 15:	starting b_1.0_c_0.2_N_40_M_3_K_3_P_2_beta_0.001_u_0.001_v_0.625_p_0.0_ϵ_1.0_gens_20000000_210216-230300.104
      From worker 4:	replicate complete, ran 20000000 generations:
      From worker 4:	
      From worker 4:		num_imitating:			10000867
      From worker 4:		num_not_imitating:		9999133
      From worker 4:		num_strategies_changed:  	145923
      From worker 4:			num_random_strategies: 	9958
      From worker 4:		num_sets_changed: 		0
      From worker 4:			num_random_opinions: 	0
      From worker 4:			num_biased_opinions: 	22281
      From worker 4:		num_both_changed: 		0
      From worker 4:	
      From worker 4:	data processed and exported
      From worker 4:	
      From worker 4:	starting b_1.0_c_0.2_N_40_M_3_K_3_P_2_beta_0.001_u_0.001_v_0.0022360679774997894_p_0.0_ϵ_1.0_gens_20000000_210216-230300.104
      From worker 2:	replicate complete, ran 20000000 generations:
      From worker 2:	
      From worker 2:		num_imitating:			14998545
      From worker 2:		num_not_imitating:		5001455
      From worker 2:		num_strategies_changed:  	419434
      From worker 2:			num_random_strategies: 	14860
      From worker 2:		num_sets_changed: 		513477
      From worker 2:			num_random_opinions: 	7424
      From worker 2:			num_biased_opinions: 	7531
      From worker 2:		num_both_changed: 		21243
      From worker 2:	
      From worker 2:	data processed and exported
      From worker 2:	
      From worker 2:	starting b_1.0_c_0.2_N_40_M_3_K_3_P_2_beta_0.001_u_0.001_v_0.001_p_0.75_ϵ_1.0_gens_20000000_210216-230300.104
      From worker 13:	replicate complete, ran 20000000 generations:
      From worker 13:	
      From worker 13:		num_imitating:			17498095
      From worker 13:		num_not_imitating:		2501905
      From worker 13:		num_strategies_changed:  	477951
      From worker 13:			num_random_strategies: 	17546
      From worker 13:		num_sets_changed: 		12610402
      From worker 13:			num_random_opinions: 	1641099
      From worker 13:			num_biased_opinions: 	546354
      From worker 13:		num_both_changed: 		396180
      From worker 13:	
      From worker 13:	data processed and exported
      From worker 13:	
      From worker 13:	starting b_1.0_c_0.2_N_40_M_3_K_3_P_2_beta_0.001_u_0.001_v_0.125_p_0.5_ϵ_1.0_gens_20000000_210216-230300.104
      From worker 8:	replicate complete, ran 20000000 generations:
      From worker 8:	
      From worker 8:		num_imitating:			15004297
      From worker 8:		num_not_imitating:		4995703
      From worker 8:		num_strategies_changed:  	399300
      From worker 8:			num_random_strategies: 	15205
      From worker 8:		num_sets_changed: 		3744597
      From worker 8:			num_random_opinions: 	83506
      From worker 8:			num_biased_opinions: 	84056
      From worker 8:		num_both_changed: 		164871
      From worker 8:	
      From worker 8:	data processed and exported
      From worker 8:	
      From worker 8:	starting b_1.0_c_0.2_N_40_M_3_K_3_P_2_beta_0.001_u_0.001_v_0.011180339887498947_p_0.75_ϵ_1.0_gens_20000000_210216-230300.104
      From worker 5:	replicate complete, ran 20000000 generations:
      From worker 5:	
      From worker 5:		num_imitating:			20000000
      From worker 5:		num_not_imitating:		0
      From worker 5:		num_strategies_changed:  	579722
      From worker 5:			num_random_strategies: 	19809
      From worker 5:		num_sets_changed: 		3004437
      From worker 5:			num_random_opinions: 	99525
      From worker 5:			num_biased_opinions: 	0
      From worker 5:		num_both_changed: 		159449
      From worker 5:	
      From worker 5:	data processed and exported
      From worker 5:	
      From worker 5:	starting b_1.0_c_0.2_N_40_M_3_K_3_P_2_beta_0.001_u_0.001_v_0.005_p_0.25_ϵ_1.0_gens_20000000_210216-230300.104
      From worker 12:	replicate complete, ran 20000000 generations:
      From worker 12:	
      From worker 12:		num_imitating:			20000000
      From worker 12:		num_not_imitating:		0
      From worker 12:		num_strategies_changed:  	549725
      From worker 12:			num_random_strategies: 	20116
      From worker 12:		num_sets_changed: 		14878725
      From worker 12:			num_random_opinions: 	2497801
      From worker 12:			num_biased_opinions: 	0
      From worker 12:		num_both_changed: 		467465
      From worker 12:	
      From worker 7:	replicate complete, ran 20000000 generations:
      From worker 7:	
      From worker 7:		num_imitating:			17500623
      From worker 7:		num_not_imitating:		2499377
      From worker 7:		num_strategies_changed:  	520432
      From worker 7:			num_random_strategies: 	17657
      From worker 7:		num_sets_changed: 		4751271
      From worker 7:			num_random_opinions: 	147448
      From worker 7:			num_biased_opinions: 	48702
      From worker 7:		num_both_changed: 		243474
      From worker 7:	
      From worker 12:	data processed and exported
      From worker 12:	
      From worker 12:	starting b_1.0_c_0.2_N_40_M_3_K_3_P_2_beta_0.001_u_0.001_v_0.125_p_0.25_ϵ_1.0_gens_20000000_210216-230300.104
      From worker 7:	data processed and exported
      From worker 7:	
      From worker 7:	starting b_1.0_c_0.2_N_40_M_3_K_3_P_2_beta_0.001_u_0.001_v_0.011180339887498947_p_0.5_ϵ_1.0_gens_20000000_210216-230300.104
      From worker 9:	replicate complete, ran 20000000 generations:
      From worker 9:	
      From worker 9:		num_imitating:			12498746
      From worker 9:		num_not_imitating:		7501254
      From worker 9:		num_strategies_changed:  	343171
      From worker 9:			num_random_strategies: 	12505
      From worker 9:		num_sets_changed: 		4070287
      From worker 9:			num_random_opinions: 	77993
      From worker 9:			num_biased_opinions: 	234523
      From worker 9:		num_both_changed: 		166427
      From worker 9:	
      From worker 9:	data processed and exported
      From worker 9:	
      From worker 9:	starting b_1.0_c_0.2_N_40_M_3_K_3_P_2_beta_0.001_u_0.001_v_0.025_p_1.0_ϵ_1.0_gens_20000000_210216-230300.104
      From worker 6:	replicate complete, ran 20000000 generations:
      From worker 6:	
      From worker 6:		num_imitating:			17501262
      From worker 6:		num_not_imitating:		2498738
      From worker 6:		num_strategies_changed:  	483326
      From worker 6:			num_random_strategies: 	17417
      From worker 6:		num_sets_changed: 		2572089
      From worker 6:			num_random_opinions: 	66052
      From worker 6:			num_biased_opinions: 	21769
      From worker 6:		num_both_changed: 		132600
      From worker 6:	
      From worker 6:	data processed and exported
      From worker 6:	
      From worker 6:	starting b_1.0_c_0.2_N_40_M_3_K_3_P_2_beta_0.001_u_0.001_v_0.005_p_0.5_ϵ_1.0_gens_20000000_210216-230300.104
      From worker 11:	replicate complete, ran 20000000 generations:
      From worker 11:	
      From worker 11:		num_imitating:			20000000
      From worker 11:		num_not_imitating:		0
      From worker 11:		num_strategies_changed:  	552703
      From worker 11:			num_random_strategies: 	20094
      From worker 11:		num_sets_changed: 		12261207
      From worker 11:			num_random_opinions: 	1118045
      From worker 11:			num_biased_opinions: 	0
      From worker 11:		num_both_changed: 		434612
      From worker 11:	
      From worker 3:	replicate complete, ran 20000000 generations:
      From worker 3:	
      From worker 3:		num_imitating:			9997418
      From worker 3:		num_not_imitating:		10002582
      From worker 3:		num_strategies_changed:  	149082
      From worker 3:			num_random_strategies: 	10032
      From worker 3:		num_sets_changed: 		0
      From worker 3:			num_random_opinions: 	0
      From worker 3:			num_biased_opinions: 	9798
      From worker 3:		num_both_changed: 		0
      From worker 3:	
      From worker 11:	data processed and exported
      From worker 11:	
      From worker 11:	starting b_1.0_c_0.2_N_40_M_3_K_3_P_2_beta_0.001_u_0.001_v_0.055901699437494755_p_0.25_ϵ_1.0_gens_20000000_210216-230300.104
      From worker 3:	data processed and exported
      From worker 3:	
      From worker 3:	starting b_1.0_c_0.2_N_40_M_3_K_3_P_2_beta_0.001_u_0.001_v_0.0022360679774997894_p_0.0_ϵ_1.0_gens_20000000_210216-230300.104
      From worker 2:	replicate complete, ran 20000000 generations:
      From worker 2:	
      From worker 2:		num_imitating:			12495227
      From worker 2:		num_not_imitating:		7504773
      From worker 2:		num_strategies_changed:  	335600
      From worker 2:			num_random_strategies: 	12536
      From worker 2:		num_sets_changed: 		364985
      From worker 2:			num_random_opinions: 	3085
      From worker 2:			num_biased_opinions: 	9281
      From worker 2:		num_both_changed: 		14811
      From worker 2:	
      From worker 2:	data processed and exported
      From worker 2:	
      From worker 2:	starting b_1.0_c_0.2_N_40_M_3_K_3_P_2_beta_0.001_u_0.001_v_0.001_p_1.0_ϵ_1.0_gens_20000000_210216-230300.104
      From worker 4:	replicate complete, ran 20000000 generations:
      From worker 4:	
      From worker 4:		num_imitating:			20000000
      From worker 4:		num_not_imitating:		0
      From worker 4:		num_strategies_changed:  	556759
      From worker 4:			num_random_strategies: 	20071
      From worker 4:		num_sets_changed: 		1546175
      From worker 4:			num_random_opinions: 	44706
      From worker 4:			num_biased_opinions: 	0
      From worker 4:		num_both_changed: 		81436
      From worker 4:	
      From worker 4:	data processed and exported
      From worker 4:	
      From worker 4:	starting b_1.0_c_0.2_N_40_M_3_K_3_P_2_beta_0.001_u_0.001_v_0.0022360679774997894_p_0.25_ϵ_1.0_gens_20000000_210216-230300.104
      From worker 9:	replicate complete, ran 20000000 generations:
      From worker 9:	
      From worker 9:		num_imitating:			10000830
      From worker 9:		num_not_imitating:		9999170
      From worker 9:		num_strategies_changed:  	146335
      From worker 9:			num_random_strategies: 	9926
      From worker 9:		num_sets_changed: 		0
      From worker 9:			num_random_opinions: 	0
      From worker 9:			num_biased_opinions: 	249929
      From worker 9:		num_both_changed: 		0
      From worker 9:	
      From worker 9:	data processed and exported
      From worker 9:	
      From worker 9:	starting b_1.0_c_0.2_N_40_M_3_K_3_P_2_beta_0.001_u_0.001_v_0.025_p_0.0_ϵ_1.0_gens_20000000_210216-230300.104
      From worker 8:	replicate complete, ran 20000000 generations:
      From worker 8:	
      From worker 8:		num_imitating:			12501025
      From worker 8:		num_not_imitating:		7498975
      From worker 8:		num_strategies_changed:  	364609
      From worker 8:			num_random_strategies: 	12755
      From worker 8:		num_sets_changed: 		2603727
      From worker 8:			num_random_opinions: 	35033
      From worker 8:			num_biased_opinions: 	104843
      From worker 8:		num_both_changed: 		128570
      From worker 8:	
      From worker 8:	data processed and exported
      From worker 8:	
      From worker 8:	starting b_1.0_c_0.2_N_40_M_3_K_3_P_2_beta_0.001_u_0.001_v_0.011180339887498947_p_1.0_ϵ_1.0_gens_20000000_210216-230300.104
      From worker 5:	replicate complete, ran 20000000 generations:
      From worker 5:	
      From worker 5:		num_imitating:			17501982
      From worker 5:		num_not_imitating:		2498018
      From worker 5:		num_strategies_changed:  	508261
      From worker 5:			num_random_strategies: 	17625
      From worker 5:		num_sets_changed: 		2520194
      From worker 5:			num_random_opinions: 	65333
      From worker 5:			num_biased_opinions: 	21616
      From worker 5:		num_both_changed: 		129004
      From worker 5:	
      From worker 5:	data processed and exported
      From worker 5:	
      From worker 5:	starting b_1.0_c_0.2_N_40_M_3_K_3_P_2_beta_0.001_u_0.001_v_0.005_p_0.5_ϵ_1.0_gens_20000000_210216-230300.104
      From worker 16:	replicate complete, ran 20000000 generations:
      From worker 16:	
      From worker 16:		num_imitating:			20000000
      From worker 16:		num_not_imitating:		0
      From worker 16:		num_strategies_changed:  	583120
      From worker 16:			num_random_strategies: 	19915
      From worker 16:		num_sets_changed: 		17241731
      From worker 16:			num_random_opinions: 	12498460
      From worker 16:			num_biased_opinions: 	0
      From worker 16:		num_both_changed: 		510247
      From worker 16:	
      From worker 16:	data processed and exported
      From worker 16:	
      From worker 16:	starting b_1.0_c_0.2_N_40_M_3_K_3_P_2_beta_0.001_u_0.001_v_0.625_p_0.25_ϵ_1.0_gens_20000000_210216-230300.104
      From worker 14:	replicate complete, ran 20000000 generations:
      From worker 14:	
      From worker 14:		num_imitating:			12498548
      From worker 14:		num_not_imitating:		7501452
      From worker 14:		num_strategies_changed:  	350936
      From worker 14:			num_random_strategies: 	12530
      From worker 14:		num_sets_changed: 		6875464
      From worker 14:			num_random_opinions: 	873480
      From worker 14:			num_biased_opinions: 	2620937
      From worker 14:		num_both_changed: 		210303
      From worker 14:	
      From worker 14:	data processed and exported
      From worker 14:	
      From worker 14:	starting b_1.0_c_0.2_N_40_M_3_K_3_P_2_beta_0.001_u_0.001_v_0.2795084971874737_p_1.0_ϵ_1.0_gens_20000000_210216-230300.104
      From worker 2:	replicate complete, ran 20000000 generations:
      From worker 2:	
      From worker 2:		num_imitating:			9996743
      From worker 2:		num_not_imitating:		10003257
      From worker 2:		num_strategies_changed:  	147596
      From worker 2:			num_random_strategies: 	10169
      From worker 2:		num_sets_changed: 		0
      From worker 2:			num_random_opinions: 	0
      From worker 2:			num_biased_opinions: 	10012
      From worker 2:		num_both_changed: 		0
      From worker 2:	
      From worker 2:	data processed and exported
      From worker 2:	
      From worker 2:	starting b_1.0_c_0.2_N_40_M_3_K_3_P_2_beta_0.001_u_0.001_v_0.001_p_0.0_ϵ_1.0_gens_20000000_210216-230300.104
      From worker 6:	replicate complete, ran 20000000 generations:
      From worker 6:	
      From worker 6:		num_imitating:			15000393
      From worker 6:		num_not_imitating:		4999607
      From worker 6:		num_strategies_changed:  	400964
      From worker 6:			num_random_strategies: 	14827
      From worker 6:		num_sets_changed: 		2109188
      From worker 6:			num_random_opinions: 	37248
      From worker 6:			num_biased_opinions: 	38306
      From worker 6:		num_both_changed: 		101351
      From worker 6:	
      From worker 6:	data processed and exported
      From worker 6:	
      From worker 6:	starting b_1.0_c_0.2_N_40_M_3_K_3_P_2_beta_0.001_u_0.001_v_0.005_p_0.75_ϵ_1.0_gens_20000000_210216-230300.104
      From worker 7:	replicate complete, ran 20000000 generations:
      From worker 7:	
      From worker 7:		num_imitating:			15001008
      From worker 7:		num_not_imitating:		4998992
      From worker 7:		num_strategies_changed:  	419020
      From worker 7:			num_random_strategies: 	14925
      From worker 7:		num_sets_changed: 		3687333
      From worker 7:			num_random_opinions: 	84280
      From worker 7:			num_biased_opinions: 	84033
      From worker 7:		num_both_changed: 		168312
      From worker 7:	
      From worker 7:	data processed and exported
      From worker 7:	
      From worker 7:	starting b_1.0_c_0.2_N_40_M_3_K_3_P_2_beta_0.001_u_0.001_v_0.011180339887498947_p_0.75_ϵ_1.0_gens_20000000_210216-230300.104
      From worker 3:	replicate complete, ran 20000000 generations:
      From worker 3:	
      From worker 3:		num_imitating:			20000000
      From worker 3:		num_not_imitating:		0
      From worker 3:		num_strategies_changed:  	517338
      From worker 3:			num_random_strategies: 	19955
      From worker 3:		num_sets_changed: 		1579083
      From worker 3:			num_random_opinions: 	45077
      From worker 3:			num_biased_opinions: 	0
      From worker 3:		num_both_changed: 		71228
      From worker 3:	
      From worker 3:	data processed and exported
      From worker 3:	
      From worker 3:	starting b_1.0_c_0.2_N_40_M_3_K_3_P_2_beta_0.001_u_0.001_v_0.0022360679774997894_p_0.25_ϵ_1.0_gens_20000000_210216-230300.104
      From worker 4:	replicate complete, ran 20000000 generations:
      From worker 4:	
      From worker 4:		num_imitating:			17501334
      From worker 4:		num_not_imitating:		2498666
      From worker 4:		num_strategies_changed:  	484466
      From worker 4:			num_random_strategies: 	17456
      From worker 4:		num_sets_changed: 		1343926
      From worker 4:			num_random_opinions: 	29164
      From worker 4:			num_biased_opinions: 	9682
      From worker 4:		num_both_changed: 		60923
      From worker 4:	
      From worker 4:	data processed and exported
      From worker 4:	
      From worker 4:	starting b_1.0_c_0.2_N_40_M_3_K_3_P_2_beta_0.001_u_0.001_v_0.0022360679774997894_p_0.5_ϵ_1.0_gens_20000000_210216-230300.104
      From worker 8:	replicate complete, ran 20000000 generations:
      From worker 8:	
      From worker 8:		num_imitating:			9999775
      From worker 8:		num_not_imitating:		10000225
      From worker 8:		num_strategies_changed:  	145589
      From worker 8:			num_random_strategies: 	10073
      From worker 8:		num_sets_changed: 		0
      From worker 8:			num_random_opinions: 	0
      From worker 8:			num_biased_opinions: 	112318
      From worker 8:		num_both_changed: 		0
      From worker 8:	
      From worker 8:	data processed and exported
      From worker 8:	
      From worker 8:	starting b_1.0_c_0.2_N_40_M_3_K_3_P_2_beta_0.001_u_0.001_v_0.025_p_0.0_ϵ_1.0_gens_20000000_210216-230300.104
      From worker 10:	replicate complete, ran 20000000 generations:
      From worker 10:	
      From worker 10:		num_imitating:			20000000
      From worker 10:		num_not_imitating:		0
      From worker 10:		num_strategies_changed:  	533796
      From worker 10:			num_random_strategies: 	19983
      From worker 10:		num_sets_changed: 		12262519
      From worker 10:			num_random_opinions: 	1117706
      From worker 10:			num_biased_opinions: 	0
      From worker 10:		num_both_changed: 		418730
      From worker 10:	
      From worker 10:	data processed and exported
      From worker 10:	
      From worker 10:	starting b_1.0_c_0.2_N_40_M_3_K_3_P_2_beta_0.001_u_0.001_v_0.055901699437494755_p_0.25_ϵ_1.0_gens_20000000_210216-230300.104
      From worker 13:	replicate complete, ran 20000000 generations:
      From worker 13:	
      From worker 13:		num_imitating:			15000724
      From worker 13:		num_not_imitating:		4999276
      From worker 13:		num_strategies_changed:  	404909
      From worker 13:			num_random_strategies: 	15142
      From worker 13:		num_sets_changed: 		9827713
      From worker 13:			num_random_opinions: 	936545
      From worker 13:			num_biased_opinions: 	936096
      From worker 13:		num_both_changed: 		305055
      From worker 13:	
      From worker 13:	data processed and exported
      From worker 13:	
      From worker 13:	starting b_1.0_c_0.2_N_40_M_3_K_3_P_2_beta_0.001_u_0.001_v_0.125_p_0.75_ϵ_1.0_gens_20000000_210216-230300.104
      From worker 14:	replicate complete, ran 20000000 generations:
      From worker 14:	
      From worker 14:		num_imitating:			10000505
      From worker 14:		num_not_imitating:		9999495
      From worker 14:		num_strategies_changed:  	145533
      From worker 14:			num_random_strategies: 	9974
      From worker 14:		num_sets_changed: 		0
      From worker 14:			num_random_opinions: 	0
      From worker 14:			num_biased_opinions: 	2796258
      From worker 14:		num_both_changed: 		0
      From worker 14:	
      From worker 14:	data processed and exported
      From worker 14:	
      From worker 14:	starting b_1.0_c_0.2_N_40_M_3_K_3_P_2_beta_0.001_u_0.001_v_0.2795084971874737_p_0.0_ϵ_1.0_gens_20000000_210216-230300.104
      From worker 2:	replicate complete, ran 20000000 generations:
      From worker 2:	
      From worker 2:		num_imitating:			20000000
      From worker 2:		num_not_imitating:		0
      From worker 2:		num_strategies_changed:  	541138
      From worker 2:			num_random_strategies: 	19896
      From worker 2:		num_sets_changed: 		734460
      From worker 2:			num_random_opinions: 	20184
      From worker 2:			num_biased_opinions: 	0
      From worker 2:		num_both_changed: 		38990
      From worker 2:	
      From worker 2:	data processed and exported
      From worker 5:	replicate complete, ran 20000000 generations:
      From worker 5:	
      From worker 5:		num_imitating:			14999348
      From worker 5:		num_not_imitating:		5000652
      From worker 5:		num_strategies_changed:  	421261
      From worker 5:			num_random_strategies: 	14903
      From worker 5:		num_sets_changed: 		2052529
      From worker 5:			num_random_opinions: 	37871
      From worker 5:			num_biased_opinions: 	37606
      From worker 5:		num_both_changed: 		103778
      From worker 5:	
      From worker 5:	data processed and exported
      From worker 5:	
      From worker 5:	starting b_1.0_c_0.2_N_40_M_3_K_3_P_2_beta_0.001_u_0.001_v_0.005_p_0.75_ϵ_1.0_gens_20000000_210216-230300.104
      From worker 6:	replicate complete, ran 20000000 generations:
      From worker 6:	
      From worker 6:		num_imitating:			12503210
      From worker 6:		num_not_imitating:		7496790
      From worker 6:		num_strategies_changed:  	352102
      From worker 6:			num_random_strategies: 	12740
      From worker 6:		num_sets_changed: 		1428615
      From worker 6:			num_random_opinions: 	15701
      From worker 6:			num_biased_opinions: 	47155
      From worker 6:		num_both_changed: 		73299
      From worker 6:	
      From worker 6:	data processed and exported
      From worker 6:	
      From worker 6:	starting b_1.0_c_0.2_N_40_M_3_K_3_P_2_beta_0.001_u_0.001_v_0.005_p_1.0_ϵ_1.0_gens_20000000_210216-230300.104
      From worker 3:	replicate complete, ran 20000000 generations:
      From worker 3:	
      From worker 3:		num_imitating:			17503483
      From worker 3:		num_not_imitating:		2496517
      From worker 3:		num_strategies_changed:  	472476
      From worker 3:			num_random_strategies: 	17331
      From worker 3:		num_sets_changed: 		1238698
      From worker 3:			num_random_opinions: 	28927
      From worker 3:			num_biased_opinions: 	9697
      From worker 3:		num_both_changed: 		60716
      From worker 3:	
      From worker 3:	data processed and exported
      From worker 7:	replicate complete, ran 20000000 generations:
      From worker 7:	
      From worker 7:		num_imitating:			12504152
      From worker 7:		num_not_imitating:		7495848
      From worker 7:		num_strategies_changed:  	351624
      From worker 7:			num_random_strategies: 	12449
      From worker 7:		num_sets_changed: 		2578640
      From worker 7:			num_random_opinions: 	35018
      From worker 7:			num_biased_opinions: 	105181
      From worker 7:		num_both_changed: 		130749
      From worker 7:	
      From worker 7:	data processed and exported
      From worker 7:	
      From worker 7:	starting b_1.0_c_0.2_N_40_M_3_K_3_P_2_beta_0.001_u_0.001_v_0.011180339887498947_p_1.0_ϵ_1.0_gens_20000000_210216-230300.104
      From worker 4:	replicate complete, ran 20000000 generations:
      From worker 4:	
      From worker 4:		num_imitating:			15000927
      From worker 4:		num_not_imitating:		4999073
      From worker 4:		num_strategies_changed:  	431822
      From worker 4:			num_random_strategies: 	14980
      From worker 4:		num_sets_changed: 		980916
      From worker 4:			num_random_opinions: 	16617
      From worker 4:			num_biased_opinions: 	16641
      From worker 4:		num_both_changed: 		57136
      From worker 4:	
      From worker 4:	data processed and exported
      From worker 12:	replicate complete, ran 20000000 generations:
      From worker 12:	
      From worker 12:		num_imitating:			17498522
      From worker 12:		num_not_imitating:		2501478
      From worker 12:		num_strategies_changed:  	483195
      From worker 12:			num_random_strategies: 	17610
      From worker 12:		num_sets_changed: 		12616691
      From worker 12:			num_random_opinions: 	1639815
      From worker 12:			num_biased_opinions: 	546018
      From worker 12:		num_both_changed: 		400812
      From worker 12:	
      From worker 12:	data processed and exported
      From worker 12:	
      From worker 12:	starting b_1.0_c_0.2_N_40_M_3_K_3_P_2_beta_0.001_u_0.001_v_0.125_p_0.5_ϵ_1.0_gens_20000000_210216-230300.104
      From worker 11:	replicate complete, ran 20000000 generations:
      From worker 11:	
      From worker 11:		num_imitating:			17501861
      From worker 11:		num_not_imitating:		2498139
      From worker 11:		num_strategies_changed:  	508838
      From worker 11:			num_random_strategies: 	17647
      From worker 11:		num_sets_changed: 		10405680
      From worker 11:			num_random_opinions: 	733268
      From worker 11:			num_biased_opinions: 	244934
      From worker 11:		num_both_changed: 		389008
      From worker 11:	
      From worker 11:	data processed and exported
      From worker 11:	
      From worker 11:	starting b_1.0_c_0.2_N_40_M_3_K_3_P_2_beta_0.001_u_0.001_v_0.055901699437494755_p_0.5_ϵ_1.0_gens_20000000_210216-230300.104
      From worker 9:	replicate complete, ran 20000000 generations:
      From worker 9:	
      From worker 9:		num_imitating:			20000000
      From worker 9:		num_not_imitating:		0
      From worker 9:		num_strategies_changed:  	542565
      From worker 9:			num_random_strategies: 	20186
      From worker 9:		num_sets_changed: 		8795128
      From worker 9:			num_random_opinions: 	499772
      From worker 9:			num_biased_opinions: 	0
      From worker 9:		num_both_changed: 		351284
      From worker 9:	
      From worker 9:	data processed and exported
      From worker 9:	
      From worker 9:	starting b_1.0_c_0.2_N_40_M_3_K_3_P_2_beta_0.001_u_0.001_v_0.025_p_0.25_ϵ_1.0_gens_20000000_210216-230300.104
      From worker 6:	replicate complete, ran 20000000 generations:
      From worker 6:	
      From worker 6:		num_imitating:			9995611
      From worker 6:		num_not_imitating:		10004389
      From worker 6:		num_strategies_changed:  	145231
      From worker 6:			num_random_strategies: 	10108
      From worker 6:		num_sets_changed: 		0
      From worker 6:			num_random_opinions: 	0
      From worker 6:			num_biased_opinions: 	50139
      From worker 6:		num_both_changed: 		0
      From worker 6:	
      From worker 6:	data processed and exported
      From worker 15:	replicate complete, ran 20000000 generations:
      From worker 15:	
      From worker 15:		num_imitating:			20000000
      From worker 15:		num_not_imitating:		0
      From worker 15:		num_strategies_changed:  	553376
      From worker 15:			num_random_strategies: 	20042
      From worker 15:		num_sets_changed: 		17239381
      From worker 15:			num_random_opinions: 	12497652
      From worker 15:			num_biased_opinions: 	0
      From worker 15:		num_both_changed: 		484074
      From worker 15:	
      From worker 15:	data processed and exported
      From worker 15:	
      From worker 15:	starting b_1.0_c_0.2_N_40_M_3_K_3_P_2_beta_0.001_u_0.001_v_0.625_p_0.25_ϵ_1.0_gens_20000000_210216-230300.104
      From worker 5:	replicate complete, ran 20000000 generations:
      From worker 5:	
      From worker 5:		num_imitating:			12501353
      From worker 5:		num_not_imitating:		7498647
      From worker 5:		num_strategies_changed:  	328441
      From worker 5:			num_random_strategies: 	12651
      From worker 5:		num_sets_changed: 		1351353
      From worker 5:			num_random_opinions: 	15651
      From worker 5:			num_biased_opinions: 	46702
      From worker 5:		num_both_changed: 		59840
      From worker 5:	
      From worker 5:	data processed and exported
      From worker 7:	replicate complete, ran 20000000 generations:
      From worker 7:	
      From worker 7:		num_imitating:			9997488
      From worker 7:		num_not_imitating:		10002512
      From worker 7:		num_strategies_changed:  	152413
      From worker 7:			num_random_strategies: 	10093
      From worker 7:		num_sets_changed: 		0
      From worker 7:			num_random_opinions: 	0
      From worker 7:			num_biased_opinions: 	112054
      From worker 7:		num_both_changed: 		0
      From worker 7:	
      From worker 7:	data processed and exported
      From worker 7:	
      From worker 7:	starting b_1.0_c_0.2_N_40_M_3_K_3_P_2_beta_0.001_u_0.001_v_0.011180339887498947_p_0.0_ϵ_1.0_gens_20000000_210216-230300.104
      From worker 13:	replicate complete, ran 20000000 generations:
      From worker 13:	
      From worker 13:		num_imitating:			12501637
      From worker 13:		num_not_imitating:		7498363
      From worker 13:		num_strategies_changed:  	350230
      From worker 13:			num_random_strategies: 	12511
      From worker 13:		num_sets_changed: 		6681389
      From worker 13:			num_random_opinions: 	389739
      From worker 13:			num_biased_opinions: 	1172457
      From worker 13:		num_both_changed: 		220424
      From worker 13:	
      From worker 8:	replicate complete, ran 20000000 generations:
      From worker 8:	
      From worker 8:		num_imitating:			20000000
      From worker 8:		num_not_imitating:		0
      From worker 8:		num_strategies_changed:  	582229
      From worker 8:			num_random_strategies: 	20243
      From worker 8:		num_sets_changed: 		8830645
      From worker 8:			num_random_opinions: 	500216
      From worker 8:			num_biased_opinions: 	0
      From worker 8:		num_both_changed: 		381005
      From worker 8:	
      From worker 13:	data processed and exported
      From worker 13:	
      From worker 13:	starting b_1.0_c_0.2_N_40_M_3_K_3_P_2_beta_0.001_u_0.001_v_0.125_p_1.0_ϵ_1.0_gens_20000000_210216-230300.104
      From worker 8:	data processed and exported
      From worker 8:	
      From worker 8:	starting b_1.0_c_0.2_N_40_M_3_K_3_P_2_beta_0.001_u_0.001_v_0.025_p_0.25_ϵ_1.0_gens_20000000_210216-230300.104
      From worker 10:	replicate complete, ran 20000000 generations:
      From worker 10:	
      From worker 10:		num_imitating:			17500014
      From worker 10:		num_not_imitating:		2499986
      From worker 10:		num_strategies_changed:  	477292
      From worker 10:			num_random_strategies: 	17530
      From worker 10:		num_sets_changed: 		10386848
      From worker 10:			num_random_opinions: 	732587
      From worker 10:			num_biased_opinions: 	245207
      From worker 10:		num_both_changed: 		365705
      From worker 10:	
      From worker 10:	data processed and exported
      From worker 10:	
      From worker 10:	starting b_1.0_c_0.2_N_40_M_3_K_3_P_2_beta_0.001_u_0.001_v_0.055901699437494755_p_0.5_ϵ_1.0_gens_20000000_210216-230300.104
      From worker 16:	replicate complete, ran 20000000 generations:
      From worker 16:	
      From worker 16:		num_imitating:			17501900
      From worker 16:		num_not_imitating:		2498100
      From worker 16:		num_strategies_changed:  	491053
      From worker 16:			num_random_strategies: 	17337
      From worker 16:		num_sets_changed: 		14428590
      From worker 16:			num_random_opinions: 	8204668
      From worker 16:			num_biased_opinions: 	2731894
      From worker 16:		num_both_changed: 		411217
      From worker 16:	
      From worker 16:	data processed and exported
      From worker 16:	
      From worker 16:	starting b_1.0_c_0.2_N_40_M_3_K_3_P_2_beta_0.001_u_0.001_v_0.625_p_0.5_ϵ_1.0_gens_20000000_210216-230300.104
      From worker 13:	replicate complete, ran 20000000 generations:
      From worker 13:	
      From worker 13:		num_imitating:			10001434
      From worker 13:		num_not_imitating:		9998566
      From worker 13:		num_strategies_changed:  	142918
      From worker 13:			num_random_strategies: 	10187
      From worker 13:		num_sets_changed: 		0
      From worker 13:			num_random_opinions: 	0
      From worker 13:			num_biased_opinions: 	1250170
      From worker 13:		num_both_changed: 		0
      From worker 13:	
      From worker 13:	data processed and exported
      From worker 13:	
      From worker 13:	starting b_1.0_c_0.2_N_40_M_3_K_3_P_2_beta_0.001_u_0.001_v_0.2795084971874737_p_0.0_ϵ_1.0_gens_20000000_210216-230300.104
      From worker 11:	replicate complete, ran 20000000 generations:
      From worker 11:	
      From worker 11:		num_imitating:			15001964
      From worker 11:		num_not_imitating:		4998036
      From worker 11:		num_strategies_changed:  	437981
      From worker 11:			num_random_strategies: 	14859
      From worker 11:		num_sets_changed: 		8131171
      From worker 11:			num_random_opinions: 	419418
      From worker 11:			num_biased_opinions: 	419064
      From worker 11:		num_both_changed: 		312847
      From worker 11:	
      From worker 11:	data processed and exported
      From worker 11:	
      From worker 11:	starting b_1.0_c_0.2_N_40_M_3_K_3_P_2_beta_0.001_u_0.001_v_0.055901699437494755_p_0.75_ϵ_1.0_gens_20000000_210216-230300.104
      From worker 7:	replicate complete, ran 20000000 generations:
      From worker 7:	
      From worker 7:		num_imitating:			20000000
      From worker 7:		num_not_imitating:		0
      From worker 7:		num_strategies_changed:  	566587
      From worker 7:			num_random_strategies: 	19969
      From worker 7:		num_sets_changed: 		5406147
      From worker 7:			num_random_opinions: 	223821
      From worker 7:			num_biased_opinions: 	0
      From worker 7:		num_both_changed: 		253251
      From worker 7:	
      From worker 7:	data processed and exported
      From worker 9:	replicate complete, ran 20000000 generations:
      From worker 9:	
      From worker 9:		num_imitating:			17501396
      From worker 9:		num_not_imitating:		2498604
      From worker 9:		num_strategies_changed:  	463424
      From worker 9:			num_random_strategies: 	17574
      From worker 9:		num_sets_changed: 		7468918
      From worker 9:			num_random_opinions: 	327341
      From worker 9:			num_biased_opinions: 	109349
      From worker 9:		num_both_changed: 		288331
      From worker 9:	
      From worker 9:	data processed and exported
      From worker 9:	
      From worker 9:	starting b_1.0_c_0.2_N_40_M_3_K_3_P_2_beta_0.001_u_0.001_v_0.025_p_0.5_ϵ_1.0_gens_20000000_210216-230300.104
      From worker 12:	replicate complete, ran 20000000 generations:
      From worker 12:	
      From worker 12:		num_imitating:			14997333
      From worker 12:		num_not_imitating:		5002667
      From worker 12:		num_strategies_changed:  	425404
      From worker 12:			num_random_strategies: 	15120
      From worker 12:		num_sets_changed: 		9829803
      From worker 12:			num_random_opinions: 	938489
      From worker 12:			num_biased_opinions: 	936375
      From worker 12:		num_both_changed: 		322594
      From worker 12:	
      From worker 12:	data processed and exported
      From worker 12:	
      From worker 12:	starting b_1.0_c_0.2_N_40_M_3_K_3_P_2_beta_0.001_u_0.001_v_0.125_p_0.75_ϵ_1.0_gens_20000000_210216-230300.104
      From worker 14:	replicate complete, ran 20000000 generations:
      From worker 14:	
      From worker 14:		num_imitating:			20000000
      From worker 14:		num_not_imitating:		0
      From worker 14:		num_strategies_changed:  	543446
      From worker 14:			num_random_strategies: 	19829
      From worker 14:		num_sets_changed: 		16447164
      From worker 14:			num_random_opinions: 	5596317
      From worker 14:			num_biased_opinions: 	0
      From worker 14:		num_both_changed: 		473034
      From worker 14:	
      From worker 14:	data processed and exported
      From worker 14:	
      From worker 14:	starting b_1.0_c_0.2_N_40_M_3_K_3_P_2_beta_0.001_u_0.001_v_0.2795084971874737_p_0.25_ϵ_1.0_gens_20000000_210216-230300.104
      From worker 8:	replicate complete, ran 20000000 generations:
      From worker 8:	
      From worker 8:		num_imitating:			17503487
      From worker 8:		num_not_imitating:		2496513
      From worker 8:		num_strategies_changed:  	511780
      From worker 8:			num_random_strategies: 	17671
      From worker 8:		num_sets_changed: 		7521538
      From worker 8:			num_random_opinions: 	328672
      From worker 8:			num_biased_opinions: 	109792
      From worker 8:		num_both_changed: 		324810
      From worker 8:	
      From worker 8:	data processed and exported
      From worker 15:	replicate complete, ran 20000000 generations:
      From worker 15:	
      From worker 15:		num_imitating:			17500077
      From worker 15:		num_not_imitating:		2499923
      From worker 15:		num_strategies_changed:  	486785
      From worker 15:			num_random_strategies: 	17651
      From worker 15:		num_sets_changed: 		14425662
      From worker 15:			num_random_opinions: 	8201742
      From worker 15:			num_biased_opinions: 	2735535
      From worker 15:		num_both_changed: 		407370
      From worker 15:	
      From worker 10:	replicate complete, ran 20000000 generations:
      From worker 10:	
      From worker 10:		num_imitating:			15003454
      From worker 10:		num_not_imitating:		4996546
      From worker 10:		num_strategies_changed:  	408180
      From worker 10:			num_random_strategies: 	14904
      From worker 10:		num_sets_changed: 		8138905
      From worker 10:			num_random_opinions: 	419774
      From worker 10:			num_biased_opinions: 	417970
      From worker 10:		num_both_changed: 		287938
      From worker 10:	
      From worker 15:	data processed and exported
      From worker 10:	data processed and exported
      From worker 15:	
      From worker 15:	starting b_1.0_c_0.2_N_40_M_3_K_3_P_2_beta_0.001_u_0.001_v_0.625_p_0.5_ϵ_1.0_gens_20000000_210216-230300.104
      From worker 10:	
      From worker 10:	starting b_1.0_c_0.2_N_40_M_3_K_3_P_2_beta_0.001_u_0.001_v_0.055901699437494755_p_0.75_ϵ_1.0_gens_20000000_210216-230300.104
      From worker 11:	replicate complete, ran 20000000 generations:
      From worker 11:	
      From worker 11:		num_imitating:			12502593
      From worker 11:		num_not_imitating:		7497407
      From worker 11:		num_strategies_changed:  	355917
      From worker 11:			num_random_strategies: 	12385
      From worker 11:		num_sets_changed: 		5621577
      From worker 11:			num_random_opinions: 	174092
      From worker 11:			num_biased_opinions: 	524581
      From worker 11:		num_both_changed: 		215320
      From worker 11:	
      From worker 11:	data processed and exported
      From worker 11:	
      From worker 11:	starting b_1.0_c_0.2_N_40_M_3_K_3_P_2_beta_0.001_u_0.001_v_0.055901699437494755_p_1.0_ϵ_1.0_gens_20000000_210216-230300.104
      From worker 9:	replicate complete, ran 20000000 generations:
      From worker 9:	
      From worker 9:		num_imitating:			15001048
      From worker 9:		num_not_imitating:		4998952
      From worker 9:		num_strategies_changed:  	423578
      From worker 9:			num_random_strategies: 	14975
      From worker 9:		num_sets_changed: 		5839347
      From worker 9:			num_random_opinions: 	187001
      From worker 9:			num_biased_opinions: 	187624
      From worker 9:		num_both_changed: 		242462
      From worker 9:	
      From worker 9:	data processed and exported
      From worker 16:	replicate complete, ran 20000000 generations:
      From worker 16:	
      From worker 16:		num_imitating:			14998459
      From worker 16:		num_not_imitating:		5001541
      From worker 16:		num_strategies_changed:  	415604
      From worker 16:			num_random_strategies: 	14915
      From worker 16:		num_sets_changed: 		10570612
      From worker 16:			num_random_opinions: 	4687248
      From worker 16:			num_biased_opinions: 	4684310
      From worker 16:		num_both_changed: 		298572
      From worker 16:	
      From worker 16:	data processed and exported
      From worker 16:	
      From worker 16:	starting b_1.0_c_0.2_N_40_M_3_K_3_P_2_beta_0.001_u_0.001_v_0.625_p_0.75_ϵ_1.0_gens_20000000_210216-230300.104
      From worker 12:	replicate complete, ran 20000000 generations:
      From worker 12:	
      From worker 12:		num_imitating:			12497774
      From worker 12:		num_not_imitating:		7502226
      From worker 12:		num_strategies_changed:  	359382
      From worker 12:			num_random_strategies: 	12511
      From worker 12:		num_sets_changed: 		6677706
      From worker 12:			num_random_opinions: 	390312
      From worker 12:			num_biased_opinions: 	1173499
      From worker 12:		num_both_changed: 		226767
      From worker 12:	
      From worker 12:	data processed and exported
      From worker 12:	
      From worker 12:	starting b_1.0_c_0.2_N_40_M_3_K_3_P_2_beta_0.001_u_0.001_v_0.125_p_1.0_ϵ_1.0_gens_20000000_210216-230300.104
      From worker 11:	replicate complete, ran 20000000 generations:
      From worker 11:	
      From worker 11:		num_imitating:			10001268
      From worker 11:		num_not_imitating:		9998732
      From worker 11:		num_strategies_changed:  	159253
      From worker 11:			num_random_strategies: 	10190
      From worker 11:		num_sets_changed: 		0
      From worker 11:			num_random_opinions: 	0
      From worker 11:			num_biased_opinions: 	559316
      From worker 11:		num_both_changed: 		0
      From worker 11:	
      From worker 11:	data processed and exported
      From worker 12:	replicate complete, ran 20000000 generations:
      From worker 12:	
      From worker 12:		num_imitating:			10000420
      From worker 12:		num_not_imitating:		9999580
      From worker 12:		num_strategies_changed:  	150294
      From worker 12:			num_random_strategies: 	9951
      From worker 12:		num_sets_changed: 		0
      From worker 12:			num_random_opinions: 	0
      From worker 12:			num_biased_opinions: 	1248459
      From worker 12:		num_both_changed: 		0
      From worker 12:	
      From worker 12:	data processed and exported
      From worker 12:	
      From worker 12:	starting b_1.0_c_0.2_N_40_M_3_K_3_P_2_beta_0.001_u_0.001_v_0.125_p_0.0_ϵ_1.0_gens_20000000_210216-230300.104
      From worker 10:	replicate complete, ran 20000000 generations:
      From worker 10:	
      From worker 10:		num_imitating:			12498969
      From worker 10:		num_not_imitating:		7501031
      From worker 10:		num_strategies_changed:  	355246
      From worker 10:			num_random_strategies: 	12493
      From worker 10:		num_sets_changed: 		5604316
      From worker 10:			num_random_opinions: 	174640
      From worker 10:			num_biased_opinions: 	522807
      From worker 10:		num_both_changed: 		212331
      From worker 10:	
      From worker 10:	data processed and exported
      From worker 13:	replicate complete, ran 20000000 generations:
      From worker 13:	
      From worker 13:		num_imitating:			20000000
      From worker 13:		num_not_imitating:		0
      From worker 13:		num_strategies_changed:  	560986
      From worker 13:			num_random_strategies: 	20070
      From worker 13:		num_sets_changed: 		16444051
      From worker 13:			num_random_opinions: 	5587606
      From worker 13:			num_biased_opinions: 	0
      From worker 13:		num_both_changed: 		488317
      From worker 13:	
      From worker 13:	data processed and exported
      From worker 13:	
      From worker 13:	starting b_1.0_c_0.2_N_40_M_3_K_3_P_2_beta_0.001_u_0.001_v_0.2795084971874737_p_0.25_ϵ_1.0_gens_20000000_210216-230300.104
      From worker 14:	replicate complete, ran 20000000 generations:
      From worker 14:	
      From worker 14:		num_imitating:			17499283
      From worker 14:		num_not_imitating:		2500717
      From worker 14:		num_strategies_changed:  	483539
      From worker 14:			num_random_strategies: 	17638
      From worker 14:		num_sets_changed: 		13911145
      From worker 14:			num_random_opinions: 	3671796
      From worker 14:			num_biased_opinions: 	1220774
      From worker 14:		num_both_changed: 		407715
      From worker 14:	
      From worker 14:	data processed and exported
      From worker 14:	
      From worker 14:	starting b_1.0_c_0.2_N_40_M_3_K_3_P_2_beta_0.001_u_0.001_v_0.2795084971874737_p_0.5_ϵ_1.0_gens_20000000_210216-230300.104
      From worker 16:	replicate complete, ran 20000000 generations:
      From worker 16:	
      From worker 16:		num_imitating:			12500324
      From worker 16:		num_not_imitating:		7499676
      From worker 16:		num_strategies_changed:  	363099
      From worker 16:			num_random_strategies: 	12512
      From worker 16:		num_sets_changed: 		5882751
      From worker 16:			num_random_opinions: 	1953493
      From worker 16:			num_biased_opinions: 	5859332
      From worker 16:		num_both_changed: 		176323
      From worker 16:	
      From worker 16:	data processed and exported
      From worker 16:	
      From worker 16:	starting b_1.0_c_0.2_N_40_M_3_K_3_P_2_beta_0.001_u_0.001_v_0.625_p_1.0_ϵ_1.0_gens_20000000_210216-230300.104
      From worker 15:	replicate complete, ran 20000000 generations:
      From worker 15:	
      From worker 15:		num_imitating:			14999846
      From worker 15:		num_not_imitating:		5000154
      From worker 15:		num_strategies_changed:  	429691
      From worker 15:			num_random_strategies: 	15172
      From worker 15:		num_sets_changed: 		10568096
      From worker 15:			num_random_opinions: 	4688153
      From worker 15:			num_biased_opinions: 	4686603
      From worker 15:		num_both_changed: 		308949
      From worker 15:	
      From worker 15:	data processed and exported
      From worker 15:	
      From worker 15:	starting b_1.0_c_0.2_N_40_M_3_K_3_P_2_beta_0.001_u_0.001_v_0.625_p_0.75_ϵ_1.0_gens_20000000_210216-230300.104
      From worker 16:	replicate complete, ran 20000000 generations:
      From worker 16:	
      From worker 16:		num_imitating:			10002906
      From worker 16:		num_not_imitating:		9997094
      From worker 16:		num_strategies_changed:  	151887
      From worker 16:			num_random_strategies: 	10040
      From worker 16:		num_sets_changed: 		0
      From worker 16:			num_random_opinions: 	0
      From worker 16:			num_biased_opinions: 	6250250
      From worker 16:		num_both_changed: 		0
      From worker 16:	
      From worker 16:	data processed and exported
 Activating environment at `/tigress/mk28/CooperationPolarization2/Project.toml`
 Activating environment at `/tigress/mk28/CooperationPolarization2/Project.toml`
      From worker 15:	replicate complete, ran 20000000 generations:
      From worker 15:	
      From worker 15:		num_imitating:			12501904
      From worker 15:		num_not_imitating:		7498096
      From worker 15:		num_strategies_changed:  	336154
      From worker 15:			num_random_strategies: 	12477
      From worker 15:		num_sets_changed: 		5880813
      From worker 15:			num_random_opinions: 	1952510
      From worker 15:			num_biased_opinions: 	5860281
      From worker 15:		num_both_changed: 		163325
      From worker 15:	
      From worker 15:	data processed and exported
      From worker 12:	replicate complete, ran 20000000 generations:
      From worker 12:	
      From worker 12:		num_imitating:			20000000
      From worker 12:		num_not_imitating:		0
      From worker 12:		num_strategies_changed:  	543114
      From worker 12:			num_random_strategies: 	20019
      From worker 12:		num_sets_changed: 		14887364
      From worker 12:			num_random_opinions: 	2502177
      From worker 12:			num_biased_opinions: 	0
      From worker 12:		num_both_changed: 		461822
      From worker 12:	
      From worker 12:	data processed and exported
      From worker 14:	replicate complete, ran 20000000 generations:
      From worker 14:	
      From worker 14:		num_imitating:			15001084
      From worker 14:		num_not_imitating:		4998916
      From worker 14:		num_strategies_changed:  	420783
      From worker 14:			num_random_strategies: 	14955
      From worker 14:		num_sets_changed: 		10695283
      From worker 14:			num_random_opinions: 	2096162
      From worker 14:			num_biased_opinions: 	2097542
      From worker 14:		num_both_changed: 		320803
      From worker 14:	
      From worker 14:	data processed and exported
      From worker 13:	replicate complete, ran 20000000 generations:
      From worker 13:	
      From worker 13:		num_imitating:			17503867
      From worker 13:		num_not_imitating:		2496133
      From worker 13:		num_strategies_changed:  	471578
      From worker 13:			num_random_strategies: 	17283
      From worker 13:		num_sets_changed: 		13919054
      From worker 13:			num_random_opinions: 	3671085
      From worker 13:			num_biased_opinions: 	1222797
      From worker 13:		num_both_changed: 		398235
      From worker 13:	
      From worker 13:	data processed and exported
15852.632507 seconds (3.03 M allocations: 129.481 MiB, 0.00% gc time)
