packages loaded
      From worker 3:	 Activating environment at `/tigress/mk28/CooperationPolarization2/Project.toml`
      From worker 4:	 Activating environment at `/tigress/mk28/CooperationPolarization2/Project.toml`
      From worker 2:	 Activating environment at `/tigress/mk28/CooperationPolarization2/Project.toml`
      From worker 6:	 Activating environment at `/tigress/mk28/CooperationPolarization2/Project.toml`
      From worker 5:	 Activating environment at `/tigress/mk28/CooperationPolarization2/Project.toml`
      From worker 8:	 Activating environment at `/tigress/mk28/CooperationPolarization2/Project.toml`
      From worker 10:	 Activating environment at `/tigress/mk28/CooperationPolarization2/Project.toml`
      From worker 13:	 Activating environment at `/tigress/mk28/CooperationPolarization2/Project.toml`
      From worker 14:	 Activating environment at `/tigress/mk28/CooperationPolarization2/Project.toml`
      From worker 7:	 Activating environment at `/tigress/mk28/CooperationPolarization2/Project.toml`
      From worker 9:	 Activating environment at `/tigress/mk28/CooperationPolarization2/Project.toml`
      From worker 15:	 Activating environment at `/tigress/mk28/CooperationPolarization2/Project.toml`
      From worker 11:	 Activating environment at `/tigress/mk28/CooperationPolarization2/Project.toml`
      From worker 12:	 Activating environment at `/tigress/mk28/CooperationPolarization2/Project.toml`
      From worker 16:	 Activating environment at `/tigress/mk28/CooperationPolarization2/Project.toml`
      From worker 8:	packages loaded
      From worker 14:	packages loaded
      From worker 11:	packages loaded
      From worker 6:	packages loaded
      From worker 15:	packages loaded
      From worker 9:	packages loaded
      From worker 7:	packages loaded
      From worker 13:	packages loaded
      From worker 4:	packages loaded
      From worker 3:	packages loaded
      From worker 12:	packages loaded
      From worker 5:	packages loaded
      From worker 2:	packages loaded
      From worker 16:	packages loaded
      From worker 10:	packages loaded
parameters defined
      From worker 11:	
      From worker 11:	starting b_1.0_c_0.2_N_40_M_1_K_1_P_2_beta_0.001_u_0.001_v_0.025_p_1.0_ϵ_1.0_gens_20000000_210210-125509.854
      From worker 8:	
      From worker 8:	starting b_1.0_c_0.2_N_40_M_1_K_1_P_2_beta_0.001_u_0.001_v_0.015_p_0.25_ϵ_1.0_gens_20000000_210210-125509.854
      From worker 14:	
      From worker 14:	starting b_1.0_c_0.2_N_40_M_1_K_1_P_2_beta_0.001_u_0.001_v_0.1_p_0.5_ϵ_1.0_gens_20000000_210210-125509.854
      From worker 6:	
      From worker 6:	starting b_1.0_c_0.2_N_40_M_1_K_1_P_2_beta_0.001_u_0.001_v_0.01_p_1.0_ϵ_1.0_gens_20000000_210210-125509.854
      From worker 16:	
      From worker 16:	starting b_1.0_c_0.2_N_40_M_1_K_1_P_2_beta_0.001_u_0.001_v_0.5_p_1.0_ϵ_1.0_gens_20000000_210210-125509.854
      From worker 4:	
      From worker 4:	starting b_1.0_c_0.2_N_40_M_1_K_1_P_2_beta_0.001_u_0.001_v_0.005_p_0.5_ϵ_1.0_gens_20000000_210210-125509.854
      From worker 10:	
      From worker 10:	starting b_1.0_c_0.2_N_40_M_1_K_1_P_2_beta_0.001_u_0.001_v_0.02_p_0.75_ϵ_1.0_gens_20000000_210210-125509.854
      From worker 3:	
      From worker 3:	starting b_1.0_c_0.2_N_40_M_1_K_1_P_2_beta_0.001_u_0.001_v_0.001_p_0.25_ϵ_1.0_gens_20000000_210210-125509.854
      From worker 7:	
      From worker 7:	starting b_1.0_c_0.2_N_40_M_1_K_1_P_2_beta_0.001_u_0.001_v_0.015_p_0.0_ϵ_1.0_gens_20000000_210210-125509.854
      From worker 15:	
      From worker 15:	starting b_1.0_c_0.2_N_40_M_1_K_1_P_2_beta_0.001_u_0.001_v_0.1_p_0.75_ϵ_1.0_gens_20000000_210210-125509.854
      From worker 13:	
      From worker 13:	starting b_1.0_c_0.2_N_40_M_1_K_1_P_2_beta_0.001_u_0.001_v_0.05_p_0.25_ϵ_1.0_gens_20000000_210210-125509.854
      From worker 5:	
      From worker 5:	starting b_1.0_c_0.2_N_40_M_1_K_1_P_2_beta_0.001_u_0.001_v_0.005_p_0.75_ϵ_1.0_gens_20000000_210210-125509.854
      From worker 9:	
      From worker 9:	starting b_1.0_c_0.2_N_40_M_1_K_1_P_2_beta_0.001_u_0.001_v_0.02_p_0.5_ϵ_1.0_gens_20000000_210210-125509.854
      From worker 12:	
      From worker 12:	starting b_1.0_c_0.2_N_40_M_1_K_1_P_2_beta_0.001_u_0.001_v_0.05_p_0.0_ϵ_1.0_gens_20000000_210210-125509.854
      From worker 2:	
      From worker 2:	starting b_1.0_c_0.2_N_40_M_1_K_1_P_2_beta_0.001_u_0.001_v_0.001_p_0.0_ϵ_1.0_gens_20000000_210210-125509.854
      From worker 11:	replicate complete, ran 20000000 generations:
      From worker 11:	
      From worker 11:		num_imitating:			9741302
      From worker 11:		num_not_imitating:		10258698
      From worker 11:		num_strategies_changed:  	143237
      From worker 11:			num_random_strategies: 	9719
      From worker 11:		num_sets_changed: 		0
      From worker 11:			num_random_opinions: 	0
      From worker 11:			num_biased_opinions: 	243298
      From worker 11:		num_both_changed: 		0
      From worker 11:	
      From worker 11:	data processed and exported
      From worker 11:	
      From worker 11:	starting b_1.0_c_0.2_N_40_M_1_K_1_P_2_beta_0.001_u_0.001_v_0.025_p_0.0_ϵ_1.0_gens_20000000_210210-125509.854
      From worker 6:	replicate complete, ran 20000000 generations:
      From worker 6:	
      From worker 6:		num_imitating:			9743577
      From worker 6:		num_not_imitating:		10256423
      From worker 6:		num_strategies_changed:  	150428
      From worker 6:			num_random_strategies: 	9786
      From worker 6:		num_sets_changed: 		0
      From worker 6:			num_random_opinions: 	0
      From worker 6:			num_biased_opinions: 	97296
      From worker 6:		num_both_changed: 		0
      From worker 6:	
      From worker 6:	data processed and exported
      From worker 6:	
      From worker 6:	starting b_1.0_c_0.2_N_40_M_1_K_1_P_2_beta_0.001_u_0.001_v_0.01_p_0.0_ϵ_1.0_gens_20000000_210210-125509.854
      From worker 16:	replicate complete, ran 20000000 generations:
      From worker 16:	
      From worker 16:		num_imitating:			9747152
      From worker 16:		num_not_imitating:		10252848
      From worker 16:		num_strategies_changed:  	150017
      From worker 16:			num_random_strategies: 	9868
      From worker 16:		num_sets_changed: 		0
      From worker 16:			num_random_opinions: 	0
      From worker 16:			num_biased_opinions: 	4875136
      From worker 16:		num_both_changed: 		0
      From worker 16:	
      From worker 16:	data processed and exported
      From worker 16:	
      From worker 16:	starting b_1.0_c_0.2_N_40_M_1_K_1_P_2_beta_0.001_u_0.001_v_0.5_p_0.0_ϵ_1.0_gens_20000000_210210-125509.854
      From worker 3:	replicate complete, ran 20000000 generations:
      From worker 3:	
      From worker 3:		num_imitating:			17435025
      From worker 3:		num_not_imitating:		2564975
      From worker 3:		num_strategies_changed:  	510682
      From worker 3:			num_random_strategies: 	17450
      From worker 3:		num_sets_changed: 		352496
      From worker 3:			num_random_opinions: 	13253
      From worker 3:			num_biased_opinions: 	4364
      From worker 3:		num_both_changed: 		20468
      From worker 3:	
      From worker 3:	data processed and exported
      From worker 3:	
      From worker 3:	starting b_1.0_c_0.2_N_40_M_1_K_1_P_2_beta_0.001_u_0.001_v_0.001_p_0.5_ϵ_1.0_gens_20000000_210210-125509.854
      From worker 2:	replicate complete, ran 20000000 generations:
      From worker 2:	
      From worker 2:		num_imitating:			20000000
      From worker 2:		num_not_imitating:		0
      From worker 2:		num_strategies_changed:  	592098
      From worker 2:			num_random_strategies: 	19915
      From worker 2:		num_sets_changed: 		388050
      From worker 2:			num_random_opinions: 	19917
      From worker 2:			num_biased_opinions: 	0
      From worker 2:		num_both_changed: 		20966
      From worker 2:	
      From worker 2:	data processed and exported
      From worker 2:	
      From worker 2:	starting b_1.0_c_0.2_N_40_M_1_K_1_P_2_beta_0.001_u_0.001_v_0.001_p_0.25_ϵ_1.0_gens_20000000_210210-125509.854
      From worker 5:	replicate complete, ran 20000000 generations:
      From worker 5:	
      From worker 5:		num_imitating:			12303156
      From worker 5:		num_not_imitating:		7696844
      From worker 5:		num_strategies_changed:  	363099
      From worker 5:			num_random_strategies: 	12533
      From worker 5:		num_sets_changed: 		1023546
      From worker 5:			num_random_opinions: 	15445
      From worker 5:			num_biased_opinions: 	46500
      From worker 5:		num_both_changed: 		51675
      From worker 5:	
      From worker 5:	data processed and exported
      From worker 5:	
      From worker 5:	starting b_1.0_c_0.2_N_40_M_1_K_1_P_2_beta_0.001_u_0.001_v_0.005_p_1.0_ϵ_1.0_gens_20000000_210210-125509.854
      From worker 4:	replicate complete, ran 20000000 generations:
      From worker 4:	
      From worker 4:		num_imitating:			14872828
      From worker 4:		num_not_imitating:		5127172
      From worker 4:		num_strategies_changed:  	420568
      From worker 4:			num_random_strategies: 	14660
      From worker 4:		num_sets_changed: 		1287290
      From worker 4:			num_random_opinions: 	37187
      From worker 4:			num_biased_opinions: 	37354
      From worker 4:		num_both_changed: 		71069
      From worker 4:	
      From worker 4:	data processed and exported
      From worker 4:	
      From worker 4:	starting b_1.0_c_0.2_N_40_M_1_K_1_P_2_beta_0.001_u_0.001_v_0.005_p_0.75_ϵ_1.0_gens_20000000_210210-125509.854
      From worker 10:	replicate complete, ran 20000000 generations:
      From worker 10:	
      From worker 10:		num_imitating:			12305500
      From worker 10:		num_not_imitating:		7694500
      From worker 10:		num_strategies_changed:  	353350
      From worker 10:			num_random_strategies: 	12358
      From worker 10:		num_sets_changed: 		2726943
      From worker 10:			num_random_opinions: 	61469
      From worker 10:			num_biased_opinions: 	185070
      From worker 10:		num_both_changed: 		122421
      From worker 10:	
      From worker 10:	data processed and exported
      From worker 10:	
      From worker 10:	starting b_1.0_c_0.2_N_40_M_1_K_1_P_2_beta_0.001_u_0.001_v_0.02_p_1.0_ϵ_1.0_gens_20000000_210210-125509.854
      From worker 9:	replicate complete, ran 20000000 generations:
      From worker 9:	
      From worker 9:		num_imitating:			14871130
      From worker 9:		num_not_imitating:		5128870
      From worker 9:		num_strategies_changed:  	418970
      From worker 9:			num_random_strategies: 	14752
      From worker 9:		num_sets_changed: 		3383500
      From worker 9:			num_random_opinions: 	148629
      From worker 9:			num_biased_opinions: 	149092
      From worker 9:		num_both_changed: 		142435
      From worker 9:	
      From worker 9:	data processed and exported
      From worker 9:	
      From worker 9:	starting b_1.0_c_0.2_N_40_M_1_K_1_P_2_beta_0.001_u_0.001_v_0.02_p_0.75_ϵ_1.0_gens_20000000_210210-125509.854
      From worker 8:	replicate complete, ran 20000000 generations:
      From worker 8:	
      From worker 8:		num_imitating:			17434175
      From worker 8:		num_not_imitating:		2565825
      From worker 8:		num_strategies_changed:  	508355
      From worker 8:			num_random_strategies: 	17245
      From worker 8:		num_sets_changed: 		3287190
      From worker 8:			num_random_opinions: 	195689
      From worker 8:			num_biased_opinions: 	65211
      From worker 8:		num_both_changed: 		149411
      From worker 8:	
      From worker 8:	data processed and exported
      From worker 8:	
      From worker 8:	starting b_1.0_c_0.2_N_40_M_1_K_1_P_2_beta_0.001_u_0.001_v_0.015_p_0.5_ϵ_1.0_gens_20000000_210210-125509.854
      From worker 7:	replicate complete, ran 20000000 generations:
      From worker 7:	
      From worker 7:		num_imitating:			20000000
      From worker 7:		num_not_imitating:		0
      From worker 7:		num_strategies_changed:  	544175
      From worker 7:			num_random_strategies: 	19944
      From worker 7:		num_sets_changed: 		3874562
      From worker 7:			num_random_opinions: 	299409
      From worker 7:			num_biased_opinions: 	0
      From worker 7:		num_both_changed: 		167176
      From worker 7:	
      From worker 7:	data processed and exported
      From worker 7:	
      From worker 7:	starting b_1.0_c_0.2_N_40_M_1_K_1_P_2_beta_0.001_u_0.001_v_0.015_p_0.25_ϵ_1.0_gens_20000000_210210-125509.854
      From worker 15:	replicate complete, ran 20000000 generations:
      From worker 15:	
      From worker 15:		num_imitating:			12306980
      From worker 15:		num_not_imitating:		7693020
      From worker 15:		num_strategies_changed:  	345605
      From worker 15:			num_random_strategies: 	12346
      From worker 15:		num_sets_changed: 		4907802
      From worker 15:			num_random_opinions: 	308475
      From worker 15:			num_biased_opinions: 	921724
      From worker 15:		num_both_changed: 		162246
      From worker 15:	
      From worker 15:	data processed and exported
      From worker 15:	
      From worker 15:	starting b_1.0_c_0.2_N_40_M_1_K_1_P_2_beta_0.001_u_0.001_v_0.1_p_1.0_ϵ_1.0_gens_20000000_210210-125509.854
      From worker 13:	replicate complete, ran 20000000 generations:
      From worker 13:	
      From worker 13:		num_imitating:			17437411
      From worker 13:		num_not_imitating:		2562589
      From worker 13:		num_strategies_changed:  	542459
      From worker 13:			num_random_strategies: 	17739
      From worker 13:		num_sets_changed: 		5983490
      From worker 13:			num_random_opinions: 	654201
      From worker 13:			num_biased_opinions: 	217621
      From worker 13:		num_both_changed: 		240660
      From worker 13:	
      From worker 13:	data processed and exported
      From worker 13:	
      From worker 13:	starting b_1.0_c_0.2_N_40_M_1_K_1_P_2_beta_0.001_u_0.001_v_0.05_p_0.5_ϵ_1.0_gens_20000000_210210-125509.854
      From worker 14:	replicate complete, ran 20000000 generations:
      From worker 14:	
      From worker 14:		num_imitating:			14872134
      From worker 14:		num_not_imitating:		5127866
      From worker 14:		num_strategies_changed:  	421372
      From worker 14:			num_random_strategies: 	14760
      From worker 14:		num_sets_changed: 		6137050
      From worker 14:			num_random_opinions: 	743555
      From worker 14:			num_biased_opinions: 	742932
      From worker 14:		num_both_changed: 		202106
      From worker 14:	
      From worker 14:	data processed and exported
      From worker 14:	
      From worker 14:	starting b_1.0_c_0.2_N_40_M_1_K_1_P_2_beta_0.001_u_0.001_v_0.1_p_0.75_ϵ_1.0_gens_20000000_210210-125509.854
      From worker 12:	replicate complete, ran 20000000 generations:
      From worker 12:	
      From worker 12:		num_imitating:			20000000
      From worker 12:		num_not_imitating:		0
      From worker 12:		num_strategies_changed:  	569460
      From worker 12:			num_random_strategies: 	19916
      From worker 12:		num_sets_changed: 		6900608
      From worker 12:			num_random_opinions: 	1000583
      From worker 12:			num_biased_opinions: 	0
      From worker 12:		num_both_changed: 		252518
      From worker 12:	
      From worker 12:	data processed and exported
      From worker 12:	
      From worker 12:	starting b_1.0_c_0.2_N_40_M_1_K_1_P_2_beta_0.001_u_0.001_v_0.05_p_0.25_ϵ_1.0_gens_20000000_210210-125509.854
      From worker 3:	replicate complete, ran 20000000 generations:
      From worker 3:	
      From worker 3:		num_imitating:			14871867
      From worker 3:		num_not_imitating:		5128133
      From worker 3:		num_strategies_changed:  	406880
      From worker 3:			num_random_strategies: 	14852
      From worker 3:		num_sets_changed: 		283657
      From worker 3:			num_random_opinions: 	7258
      From worker 3:			num_biased_opinions: 	7405
      From worker 3:		num_both_changed: 		19785
      From worker 3:	
      From worker 3:	data processed and exported
      From worker 3:	
      From worker 3:	starting b_1.0_c_0.2_N_40_M_1_K_1_P_2_beta_0.001_u_0.001_v_0.001_p_0.75_ϵ_1.0_gens_20000000_210210-125509.854
      From worker 5:	replicate complete, ran 20000000 generations:
      From worker 5:	
      From worker 5:		num_imitating:			9748256
      From worker 5:		num_not_imitating:		10251744
      From worker 5:		num_strategies_changed:  	147220
      From worker 5:			num_random_strategies: 	9808
      From worker 5:		num_sets_changed: 		0
      From worker 5:			num_random_opinions: 	0
      From worker 5:			num_biased_opinions: 	48600
      From worker 5:		num_both_changed: 		0
      From worker 5:	
      From worker 5:	data processed and exported
      From worker 5:	
      From worker 5:	starting b_1.0_c_0.2_N_40_M_1_K_1_P_2_beta_0.001_u_0.001_v_0.01_p_0.0_ϵ_1.0_gens_20000000_210210-125509.854
      From worker 2:	replicate complete, ran 20000000 generations:
      From worker 2:	
      From worker 2:		num_imitating:			17437718
      From worker 2:		num_not_imitating:		2562282
      From worker 2:		num_strategies_changed:  	519609
      From worker 2:			num_random_strategies: 	17619
      From worker 2:		num_sets_changed: 		336216
      From worker 2:			num_random_opinions: 	13075
      From worker 2:			num_biased_opinions: 	4384
      From worker 2:		num_both_changed: 		18698
      From worker 2:	
      From worker 2:	data processed and exported
      From worker 2:	
      From worker 2:	starting b_1.0_c_0.2_N_40_M_1_K_1_P_2_beta_0.001_u_0.001_v_0.001_p_0.5_ϵ_1.0_gens_20000000_210210-125509.854
      From worker 4:	replicate complete, ran 20000000 generations:
      From worker 4:	
      From worker 4:		num_imitating:			12309383
      From worker 4:		num_not_imitating:		7690617
      From worker 4:		num_strategies_changed:  	349923
      From worker 4:			num_random_strategies: 	12136
      From worker 4:		num_sets_changed: 		1048840
      From worker 4:			num_random_opinions: 	15437
      From worker 4:			num_biased_opinions: 	46526
      From worker 4:		num_both_changed: 		61474
      From worker 4:	
      From worker 4:	data processed and exported
      From worker 4:	
      From worker 4:	starting b_1.0_c_0.2_N_40_M_1_K_1_P_2_beta_0.001_u_0.001_v_0.005_p_1.0_ϵ_1.0_gens_20000000_210210-125509.854
      From worker 10:	replicate complete, ran 20000000 generations:
      From worker 10:	
      From worker 10:		num_imitating:			9745615
      From worker 10:		num_not_imitating:		10254385
      From worker 10:		num_strategies_changed:  	139285
      From worker 10:			num_random_strategies: 	9619
      From worker 10:		num_sets_changed: 		0
      From worker 10:			num_random_opinions: 	0
      From worker 10:			num_biased_opinions: 	195066
      From worker 10:		num_both_changed: 		0
      From worker 10:	
      From worker 10:	data processed and exported
      From worker 10:	
      From worker 10:	starting b_1.0_c_0.2_N_40_M_1_K_1_P_2_beta_0.001_u_0.001_v_0.025_p_0.0_ϵ_1.0_gens_20000000_210210-125509.854
      From worker 6:	replicate complete, ran 20000000 generations:
      From worker 6:	
      From worker 6:		num_imitating:			20000000
      From worker 6:		num_not_imitating:		0
      From worker 6:		num_strategies_changed:  	561421
      From worker 6:			num_random_strategies: 	20029
      From worker 6:		num_sets_changed: 		2943156
      From worker 6:			num_random_opinions: 	199630
      From worker 6:			num_biased_opinions: 	0
      From worker 6:		num_both_changed: 		128481
      From worker 6:	
      From worker 6:	data processed and exported
      From worker 6:	
      From worker 6:	starting b_1.0_c_0.2_N_40_M_1_K_1_P_2_beta_0.001_u_0.001_v_0.01_p_0.25_ϵ_1.0_gens_20000000_210210-125509.854
      From worker 11:	replicate complete, ran 20000000 generations:
      From worker 11:	
      From worker 11:		num_imitating:			20000000
      From worker 11:		num_not_imitating:		0
      From worker 11:		num_strategies_changed:  	535861
      From worker 11:			num_random_strategies: 	20018
      From worker 11:		num_sets_changed: 		5145576
      From worker 11:			num_random_opinions: 	500273
      From worker 11:			num_biased_opinions: 	0
      From worker 11:		num_both_changed: 		191644
      From worker 11:	
      From worker 11:	data processed and exported
      From worker 11:	
      From worker 11:	starting b_1.0_c_0.2_N_40_M_1_K_1_P_2_beta_0.001_u_0.001_v_0.025_p_0.25_ϵ_1.0_gens_20000000_210210-125509.854
      From worker 15:	replicate complete, ran 20000000 generations:
      From worker 15:	
      From worker 15:		num_imitating:			9738143
      From worker 15:		num_not_imitating:		10261857
      From worker 15:		num_strategies_changed:  	140443
      From worker 15:			num_random_strategies: 	9666
      From worker 15:		num_sets_changed: 		0
      From worker 15:			num_random_opinions: 	0
      From worker 15:			num_biased_opinions: 	974094
      From worker 15:		num_both_changed: 		0
      From worker 15:	
      From worker 15:	data processed and exported
      From worker 15:	
      From worker 15:	starting b_1.0_c_0.2_N_40_M_1_K_1_P_2_beta_0.001_u_0.001_v_0.5_p_0.0_ϵ_1.0_gens_20000000_210210-125509.854
      From worker 9:	replicate complete, ran 20000000 generations:
      From worker 9:	
      From worker 9:		num_imitating:			12309155
      From worker 9:		num_not_imitating:		7690845
      From worker 9:		num_strategies_changed:  	345428
      From worker 9:			num_random_strategies: 	12183
      From worker 9:		num_sets_changed: 		2773064
      From worker 9:			num_random_opinions: 	61658
      From worker 9:			num_biased_opinions: 	184355
      From worker 9:		num_both_changed: 		115423
      From worker 9:	
      From worker 9:	data processed and exported
      From worker 9:	
      From worker 9:	starting b_1.0_c_0.2_N_40_M_1_K_1_P_2_beta_0.001_u_0.001_v_0.02_p_1.0_ϵ_1.0_gens_20000000_210210-125509.854
      From worker 8:	replicate complete, ran 20000000 generations:
      From worker 8:	
      From worker 8:		num_imitating:			14871680
      From worker 8:		num_not_imitating:		5128320
      From worker 8:		num_strategies_changed:  	438251
      From worker 8:			num_random_strategies: 	14891
      From worker 8:		num_sets_changed: 		2833160
      From worker 8:			num_random_opinions: 	111606
      From worker 8:			num_biased_opinions: 	111430
      From worker 8:		num_both_changed: 		132996
      From worker 8:	
      From worker 8:	data processed and exported
      From worker 8:	
      From worker 8:	starting b_1.0_c_0.2_N_40_M_1_K_1_P_2_beta_0.001_u_0.001_v_0.015_p_0.75_ϵ_1.0_gens_20000000_210210-125509.854
      From worker 7:	replicate complete, ran 20000000 generations:
      From worker 7:	
      From worker 7:		num_imitating:			17438457
      From worker 7:		num_not_imitating:		2561543
      From worker 7:		num_strategies_changed:  	515906
      From worker 7:			num_random_strategies: 	17450
      From worker 7:		num_sets_changed: 		3316390
      From worker 7:			num_random_opinions: 	196434
      From worker 7:			num_biased_opinions: 	66069
      From worker 7:		num_both_changed: 		155889
      From worker 7:	
      From worker 7:	data processed and exported
      From worker 7:	
      From worker 7:	starting b_1.0_c_0.2_N_40_M_1_K_1_P_2_beta_0.001_u_0.001_v_0.015_p_0.5_ϵ_1.0_gens_20000000_210210-125509.854
      From worker 16:	replicate complete, ran 20000000 generations:
      From worker 16:	
      From worker 16:		num_imitating:			20000000
      From worker 16:		num_not_imitating:		0
      From worker 16:		num_strategies_changed:  	583491
      From worker 16:			num_random_strategies: 	19847
      From worker 16:		num_sets_changed: 		9872740
      From worker 16:			num_random_opinions: 	9998757
      From worker 16:			num_biased_opinions: 	0
      From worker 16:		num_both_changed: 		291714
      From worker 16:	
      From worker 16:	data processed and exported
      From worker 16:	
      From worker 16:	starting b_1.0_c_0.2_N_40_M_1_K_1_P_2_beta_0.001_u_0.001_v_0.5_p_0.25_ϵ_1.0_gens_20000000_210210-125509.854
      From worker 14:	replicate complete, ran 20000000 generations:
      From worker 14:	
      From worker 14:		num_imitating:			12308604
      From worker 14:		num_not_imitating:		7691396
      From worker 14:		num_strategies_changed:  	352488
      From worker 14:			num_random_strategies: 	12283
      From worker 14:		num_sets_changed: 		4915058
      From worker 14:			num_random_opinions: 	307706
      From worker 14:			num_biased_opinions: 	922940
      From worker 14:		num_both_changed: 		166238
      From worker 14:	
      From worker 14:	data processed and exported
      From worker 14:	
      From worker 14:	starting b_1.0_c_0.2_N_40_M_1_K_1_P_2_beta_0.001_u_0.001_v_0.1_p_1.0_ϵ_1.0_gens_20000000_210210-125509.854
      From worker 13:	replicate complete, ran 20000000 generations:
      From worker 13:	
      From worker 13:		num_imitating:			14873928
      From worker 13:		num_not_imitating:		5126072
      From worker 13:		num_strategies_changed:  	426836
      From worker 13:			num_random_strategies: 	14967
      From worker 13:		num_sets_changed: 		5090989
      From worker 13:			num_random_opinions: 	372463
      From worker 13:			num_biased_opinions: 	371954
      From worker 13:		num_both_changed: 		184759
      From worker 13:	
      From worker 13:	data processed and exported
      From worker 13:	
      From worker 13:	starting b_1.0_c_0.2_N_40_M_1_K_1_P_2_beta_0.001_u_0.001_v_0.05_p_0.75_ϵ_1.0_gens_20000000_210210-125509.854
      From worker 3:	replicate complete, ran 20000000 generations:
      From worker 3:	
      From worker 3:		num_imitating:			12307753
      From worker 3:		num_not_imitating:		7692247
      From worker 3:		num_strategies_changed:  	351136
      From worker 3:			num_random_strategies: 	12198
      From worker 3:		num_sets_changed: 		214008
      From worker 3:			num_random_opinions: 	3122
      From worker 3:			num_biased_opinions: 	9130
      From worker 3:		num_both_changed: 		16226
      From worker 3:	
      From worker 3:	data processed and exported
      From worker 3:	
      From worker 3:	starting b_1.0_c_0.2_N_40_M_1_K_1_P_2_beta_0.001_u_0.001_v_0.001_p_1.0_ϵ_1.0_gens_20000000_210210-125509.854
      From worker 2:	replicate complete, ran 20000000 generations:
      From worker 2:	
      From worker 2:		num_imitating:			14870276
      From worker 2:		num_not_imitating:		5129724
      From worker 2:		num_strategies_changed:  	417928
      From worker 2:			num_random_strategies: 	14974
      From worker 2:		num_sets_changed: 		299306
      From worker 2:			num_random_opinions: 	7292
      From worker 2:			num_biased_opinions: 	7411
      From worker 2:		num_both_changed: 		16083
      From worker 2:	
      From worker 2:	data processed and exported
      From worker 2:	
      From worker 2:	starting b_1.0_c_0.2_N_40_M_1_K_1_P_2_beta_0.001_u_0.001_v_0.001_p_0.75_ϵ_1.0_gens_20000000_210210-125509.854
      From worker 4:	replicate complete, ran 20000000 generations:
      From worker 4:	
      From worker 4:		num_imitating:			9744938
      From worker 4:		num_not_imitating:		10255062
      From worker 4:		num_strategies_changed:  	140166
      From worker 4:			num_random_strategies: 	9825
      From worker 4:		num_sets_changed: 		0
      From worker 4:			num_random_opinions: 	0
      From worker 4:			num_biased_opinions: 	48764
      From worker 4:		num_both_changed: 		0
      From worker 4:	
      From worker 4:	data processed and exported
      From worker 4:	
      From worker 4:	starting b_1.0_c_0.2_N_40_M_1_K_1_P_2_beta_0.001_u_0.001_v_0.005_p_0.0_ϵ_1.0_gens_20000000_210210-125509.854
      From worker 12:	replicate complete, ran 20000000 generations:
      From worker 12:	
      From worker 12:		num_imitating:			17434992
      From worker 12:		num_not_imitating:		2565008
      From worker 12:		num_strategies_changed:  	515362
      From worker 12:			num_random_strategies: 	17373
      From worker 12:		num_sets_changed: 		5998735
      From worker 12:			num_random_opinions: 	653063
      From worker 12:			num_biased_opinions: 	217757
      From worker 12:		num_both_changed: 		229729
      From worker 12:	
      From worker 12:	data processed and exported
      From worker 12:	
      From worker 12:	starting b_1.0_c_0.2_N_40_M_1_K_1_P_2_beta_0.001_u_0.001_v_0.05_p_0.5_ϵ_1.0_gens_20000000_210210-125509.854
      From worker 5:	replicate complete, ran 20000000 generations:
      From worker 5:	
      From worker 5:		num_imitating:			20000000
      From worker 5:		num_not_imitating:		0
      From worker 5:		num_strategies_changed:  	581681
      From worker 5:			num_random_strategies: 	19855
      From worker 5:		num_sets_changed: 		2918668
      From worker 5:			num_random_opinions: 	200561
      From worker 5:			num_biased_opinions: 	0
      From worker 5:		num_both_changed: 		146690
      From worker 5:	
      From worker 5:	data processed and exported
      From worker 5:	
      From worker 5:	starting b_1.0_c_0.2_N_40_M_1_K_1_P_2_beta_0.001_u_0.001_v_0.01_p_0.25_ϵ_1.0_gens_20000000_210210-125509.854
      From worker 9:	replicate complete, ran 20000000 generations:
      From worker 9:	
      From worker 9:		num_imitating:			9743345
      From worker 9:		num_not_imitating:		10256655
      From worker 9:		num_strategies_changed:  	141137
      From worker 9:			num_random_strategies: 	9646
      From worker 9:		num_sets_changed: 		0
      From worker 9:			num_random_opinions: 	0
      From worker 9:			num_biased_opinions: 	194204
      From worker 9:		num_both_changed: 		0
      From worker 9:	
      From worker 9:	data processed and exported
      From worker 9:	
      From worker 9:	starting b_1.0_c_0.2_N_40_M_1_K_1_P_2_beta_0.001_u_0.001_v_0.02_p_0.0_ϵ_1.0_gens_20000000_210210-125509.854
      From worker 6:	replicate complete, ran 20000000 generations:
      From worker 6:	
      From worker 6:		num_imitating:			17433603
      From worker 6:		num_not_imitating:		2566397
      From worker 6:		num_strategies_changed:  	510225
      From worker 6:			num_random_strategies: 	17295
      From worker 6:		num_sets_changed: 		2597718
      From worker 6:			num_random_opinions: 	130793
      From worker 6:			num_biased_opinions: 	43629
      From worker 6:		num_both_changed: 		123658
      From worker 6:	
      From worker 6:	data processed and exported
      From worker 6:	
      From worker 6:	starting b_1.0_c_0.2_N_40_M_1_K_1_P_2_beta_0.001_u_0.001_v_0.01_p_0.5_ϵ_1.0_gens_20000000_210210-125509.854
      From worker 10:	replicate complete, ran 20000000 generations:
      From worker 10:	
      From worker 10:		num_imitating:			20000000
      From worker 10:		num_not_imitating:		0
      From worker 10:		num_strategies_changed:  	568474
      From worker 10:			num_random_strategies: 	20140
      From worker 10:		num_sets_changed: 		5124369
      From worker 10:			num_random_opinions: 	499896
      From worker 10:			num_biased_opinions: 	0
      From worker 10:		num_both_changed: 		204286
      From worker 10:	
      From worker 10:	data processed and exported
      From worker 10:	
      From worker 10:	starting b_1.0_c_0.2_N_40_M_1_K_1_P_2_beta_0.001_u_0.001_v_0.025_p_0.25_ϵ_1.0_gens_20000000_210210-125509.854
      From worker 8:	replicate complete, ran 20000000 generations:
      From worker 8:	
      From worker 8:		num_imitating:			12306998
      From worker 8:		num_not_imitating:		7693002
      From worker 8:		num_strategies_changed:  	365990
      From worker 8:			num_random_strategies: 	12428
      From worker 8:		num_sets_changed: 		2320600
      From worker 8:			num_random_opinions: 	45996
      From worker 8:			num_biased_opinions: 	138155
      From worker 8:		num_both_changed: 		105933
      From worker 8:	
      From worker 8:	data processed and exported
      From worker 8:	
      From worker 8:	starting b_1.0_c_0.2_N_40_M_1_K_1_P_2_beta_0.001_u_0.001_v_0.015_p_1.0_ϵ_1.0_gens_20000000_210210-125509.854
      From worker 11:	replicate complete, ran 20000000 generations:
      From worker 11:	
      From worker 11:		num_imitating:			17435966
      From worker 11:		num_not_imitating:		2564034
      From worker 11:		num_strategies_changed:  	513076
      From worker 11:			num_random_strategies: 	17510
      From worker 11:		num_sets_changed: 		4475156
      From worker 11:			num_random_opinions: 	326592
      From worker 11:			num_biased_opinions: 	109504
      From worker 11:		num_both_changed: 		184683
      From worker 11:	
      From worker 11:	data processed and exported
      From worker 11:	
      From worker 11:	starting b_1.0_c_0.2_N_40_M_1_K_1_P_2_beta_0.001_u_0.001_v_0.025_p_0.5_ϵ_1.0_gens_20000000_210210-125509.854
      From worker 7:	replicate complete, ran 20000000 generations:
      From worker 7:	
      From worker 7:		num_imitating:			14869730
      From worker 7:		num_not_imitating:		5130270
      From worker 7:		num_strategies_changed:  	406034
      From worker 7:			num_random_strategies: 	14764
      From worker 7:		num_sets_changed: 		2843286
      From worker 7:			num_random_opinions: 	111488
      From worker 7:			num_biased_opinions: 	111329
      From worker 7:		num_both_changed: 		116840
      From worker 7:	
      From worker 7:	data processed and exported
      From worker 7:	
      From worker 7:	starting b_1.0_c_0.2_N_40_M_1_K_1_P_2_beta_0.001_u_0.001_v_0.015_p_0.75_ϵ_1.0_gens_20000000_210210-125509.854
      From worker 14:	replicate complete, ran 20000000 generations:
      From worker 14:	
      From worker 14:		num_imitating:			9744283
      From worker 14:		num_not_imitating:		10255717
      From worker 14:		num_strategies_changed:  	143385
      From worker 14:			num_random_strategies: 	9651
      From worker 14:		num_sets_changed: 		0
      From worker 14:			num_random_opinions: 	0
      From worker 14:			num_biased_opinions: 	972937
      From worker 14:		num_both_changed: 		0
      From worker 14:	
      From worker 14:	data processed and exported
      From worker 14:	
      From worker 14:	starting b_1.0_c_0.2_N_40_M_1_K_1_P_2_beta_0.001_u_0.001_v_0.1_p_0.0_ϵ_1.0_gens_20000000_210210-125509.854
      From worker 3:	replicate complete, ran 20000000 generations:
      From worker 3:	
      From worker 3:		num_imitating:			9745212
      From worker 3:		num_not_imitating:		10254788
      From worker 3:		num_strategies_changed:  	147076
      From worker 3:			num_random_strategies: 	9852
      From worker 3:		num_sets_changed: 		0
      From worker 3:			num_random_opinions: 	0
      From worker 3:			num_biased_opinions: 	9703
      From worker 3:		num_both_changed: 		0
      From worker 3:	
      From worker 3:	data processed and exported
      From worker 3:	
      From worker 3:	starting b_1.0_c_0.2_N_40_M_1_K_1_P_2_beta_0.001_u_0.001_v_0.005_p_0.0_ϵ_1.0_gens_20000000_210210-125509.854
      From worker 2:	replicate complete, ran 20000000 generations:
      From worker 2:	
      From worker 2:		num_imitating:			12308548
      From worker 2:		num_not_imitating:		7691452
      From worker 2:		num_strategies_changed:  	352190
      From worker 2:			num_random_strategies: 	12358
      From worker 2:		num_sets_changed: 		246560
      From worker 2:			num_random_opinions: 	3067
      From worker 2:			num_biased_opinions: 	9205
      From worker 2:		num_both_changed: 		12271
      From worker 2:	
      From worker 2:	data processed and exported
      From worker 2:	
      From worker 2:	starting b_1.0_c_0.2_N_40_M_1_K_1_P_2_beta_0.001_u_0.001_v_0.001_p_1.0_ϵ_1.0_gens_20000000_210210-125509.854
      From worker 4:	replicate complete, ran 20000000 generations:
      From worker 4:	
      From worker 4:		num_imitating:			20000000
      From worker 4:		num_not_imitating:		0
      From worker 4:		num_strategies_changed:  	561762
      From worker 4:			num_random_strategies: 	19832
      From worker 4:		num_sets_changed: 		1677228
      From worker 4:			num_random_opinions: 	99973
      From worker 4:			num_biased_opinions: 	0
      From worker 4:		num_both_changed: 		88375
      From worker 4:	
      From worker 4:	data processed and exported
      From worker 4:	
      From worker 4:	starting b_1.0_c_0.2_N_40_M_1_K_1_P_2_beta_0.001_u_0.001_v_0.005_p_0.25_ϵ_1.0_gens_20000000_210210-125509.854
      From worker 13:	replicate complete, ran 20000000 generations:
      From worker 13:	
      From worker 13:		num_imitating:			12305400
      From worker 13:		num_not_imitating:		7694600
      From worker 13:		num_strategies_changed:  	343037
      From worker 13:			num_random_strategies: 	12449
      From worker 13:		num_sets_changed: 		4132651
      From worker 13:			num_random_opinions: 	153640
      From worker 13:			num_biased_opinions: 	460939
      From worker 13:		num_both_changed: 		152607
      From worker 13:	
      From worker 13:	data processed and exported
      From worker 13:	
      From worker 13:	starting b_1.0_c_0.2_N_40_M_1_K_1_P_2_beta_0.001_u_0.001_v_0.05_p_1.0_ϵ_1.0_gens_20000000_210210-125509.854
      From worker 15:	replicate complete, ran 20000000 generations:
      From worker 15:	
      From worker 15:		num_imitating:			20000000
      From worker 15:		num_not_imitating:		0
      From worker 15:		num_strategies_changed:  	575156
      From worker 15:			num_random_strategies: 	19901
      From worker 15:		num_sets_changed: 		9874103
      From worker 15:			num_random_opinions: 	9998262
      From worker 15:			num_biased_opinions: 	0
      From worker 15:		num_both_changed: 		286770
      From worker 15:	
      From worker 15:	data processed and exported
      From worker 15:	
      From worker 15:	starting b_1.0_c_0.2_N_40_M_1_K_1_P_2_beta_0.001_u_0.001_v_0.5_p_0.25_ϵ_1.0_gens_20000000_210210-125509.854
      From worker 5:	replicate complete, ran 20000000 generations:
      From worker 5:	
      From worker 5:		num_imitating:			17434744
      From worker 5:		num_not_imitating:		2565256
      From worker 5:		num_strategies_changed:  	503858
      From worker 5:			num_random_strategies: 	17496
      From worker 5:		num_sets_changed: 		2502547
      From worker 5:			num_random_opinions: 	130578
      From worker 5:			num_biased_opinions: 	43471
      From worker 5:		num_both_changed: 		122108
      From worker 5:	
      From worker 5:	data processed and exported
      From worker 5:	
      From worker 5:	starting b_1.0_c_0.2_N_40_M_1_K_1_P_2_beta_0.001_u_0.001_v_0.01_p_0.5_ϵ_1.0_gens_20000000_210210-125509.854
      From worker 12:	replicate complete, ran 20000000 generations:
      From worker 12:	
      From worker 12:		num_imitating:			14877497
      From worker 12:		num_not_imitating:		5122503
      From worker 12:		num_strategies_changed:  	426749
      From worker 12:			num_random_strategies: 	14738
      From worker 12:		num_sets_changed: 		5076533
      From worker 12:			num_random_opinions: 	372043
      From worker 12:			num_biased_opinions: 	372015
      From worker 12:		num_both_changed: 		189734
      From worker 12:	
      From worker 12:	data processed and exported
      From worker 12:	
      From worker 12:	starting b_1.0_c_0.2_N_40_M_1_K_1_P_2_beta_0.001_u_0.001_v_0.05_p_0.75_ϵ_1.0_gens_20000000_210210-125509.854
      From worker 8:	replicate complete, ran 20000000 generations:
      From worker 8:	
      From worker 8:		num_imitating:			9742163
      From worker 8:		num_not_imitating:		10257837
      From worker 8:		num_strategies_changed:  	135414
      From worker 8:			num_random_strategies: 	9658
      From worker 8:		num_sets_changed: 		0
      From worker 8:			num_random_opinions: 	0
      From worker 8:			num_biased_opinions: 	146628
      From worker 8:		num_both_changed: 		0
      From worker 8:	
      From worker 8:	data processed and exported
      From worker 8:	
      From worker 8:	starting b_1.0_c_0.2_N_40_M_1_K_1_P_2_beta_0.001_u_0.001_v_0.02_p_0.0_ϵ_1.0_gens_20000000_210210-125509.854
      From worker 6:	replicate complete, ran 20000000 generations:
      From worker 6:	
      From worker 6:		num_imitating:			14870227
      From worker 6:		num_not_imitating:		5129773
      From worker 6:		num_strategies_changed:  	441154
      From worker 6:			num_random_strategies: 	14881
      From worker 6:		num_sets_changed: 		2177451
      From worker 6:			num_random_opinions: 	74375
      From worker 6:			num_biased_opinions: 	73806
      From worker 6:		num_both_changed: 		108332
      From worker 6:	
      From worker 6:	data processed and exported
      From worker 6:	
      From worker 6:	starting b_1.0_c_0.2_N_40_M_1_K_1_P_2_beta_0.001_u_0.001_v_0.01_p_0.75_ϵ_1.0_gens_20000000_210210-125509.854
      From worker 16:	replicate complete, ran 20000000 generations:
      From worker 16:	
      From worker 16:		num_imitating:			17437471
      From worker 16:		num_not_imitating:		2562529
      From worker 16:		num_strategies_changed:  	504291
      From worker 16:			num_random_strategies: 	17544
      From worker 16:		num_sets_changed: 		8455174
      From worker 16:			num_random_opinions: 	6538335
      From worker 16:			num_biased_opinions: 	2176644
      From worker 16:		num_both_changed: 		247506
      From worker 16:	
      From worker 16:	data processed and exported
      From worker 16:	
      From worker 16:	starting b_1.0_c_0.2_N_40_M_1_K_1_P_2_beta_0.001_u_0.001_v_0.5_p_0.5_ϵ_1.0_gens_20000000_210210-125509.854
      From worker 9:	replicate complete, ran 20000000 generations:
      From worker 9:	
      From worker 9:		num_imitating:			20000000
      From worker 9:		num_not_imitating:		0
      From worker 9:		num_strategies_changed:  	614698
      From worker 9:			num_random_strategies: 	19889
      From worker 9:		num_sets_changed: 		4501576
      From worker 9:			num_random_opinions: 	400318
      From worker 9:			num_biased_opinions: 	0
      From worker 9:		num_both_changed: 		204120
      From worker 9:	
      From worker 9:	data processed and exported
      From worker 9:	
      From worker 9:	starting b_1.0_c_0.2_N_40_M_1_K_1_P_2_beta_0.001_u_0.001_v_0.02_p_0.25_ϵ_1.0_gens_20000000_210210-125509.854
      From worker 10:	replicate complete, ran 20000000 generations:
      From worker 10:	
      From worker 10:		num_imitating:			17435019
      From worker 10:		num_not_imitating:		2564981
      From worker 10:		num_strategies_changed:  	521128
      From worker 10:			num_random_strategies: 	17407
      From worker 10:		num_sets_changed: 		4498686
      From worker 10:			num_random_opinions: 	327259
      From worker 10:			num_biased_opinions: 	109309
      From worker 10:		num_both_changed: 		202244
      From worker 10:	
      From worker 10:	data processed and exported
      From worker 10:	
      From worker 10:	starting b_1.0_c_0.2_N_40_M_1_K_1_P_2_beta_0.001_u_0.001_v_0.025_p_0.5_ϵ_1.0_gens_20000000_210210-125509.854
      From worker 7:	replicate complete, ran 20000000 generations:
      From worker 7:	
      From worker 7:		num_imitating:			12308632
      From worker 7:		num_not_imitating:		7691368
      From worker 7:		num_strategies_changed:  	351005
      From worker 7:			num_random_strategies: 	12315
      From worker 7:		num_sets_changed: 		2315242
      From worker 7:			num_random_opinions: 	45880
      From worker 7:			num_biased_opinions: 	139129
      From worker 7:		num_both_changed: 		103551
      From worker 7:	
      From worker 7:	data processed and exported
      From worker 2:	replicate complete, ran 20000000 generations:
      From worker 2:	
      From worker 2:		num_imitating:			9747594
      From worker 2:		num_not_imitating:		10252406
      From worker 2:		num_strategies_changed:  	153873
      From worker 2:			num_random_strategies: 	9850
      From worker 2:		num_sets_changed: 		0
      From worker 2:			num_random_opinions: 	0
      From worker 2:			num_biased_opinions: 	9845
      From worker 2:		num_both_changed: 		0
      From worker 2:	
      From worker 7:	
      From worker 7:	starting b_1.0_c_0.2_N_40_M_1_K_1_P_2_beta_0.001_u_0.001_v_0.015_p_1.0_ϵ_1.0_gens_20000000_210210-125509.854
      From worker 2:	data processed and exported
      From worker 11:	replicate complete, ran 20000000 generations:
      From worker 11:	
      From worker 11:		num_imitating:			14872640
      From worker 11:		num_not_imitating:		5127360
      From worker 11:		num_strategies_changed:  	445785
      From worker 11:			num_random_strategies: 	15149
      From worker 11:		num_sets_changed: 		3757067
      From worker 11:			num_random_opinions: 	185288
      From worker 11:			num_biased_opinions: 	186408
      From worker 11:		num_both_changed: 		157337
      From worker 11:	
      From worker 2:	
      From worker 2:	starting b_1.0_c_0.2_N_40_M_1_K_1_P_2_beta_0.001_u_0.001_v_0.001_p_0.0_ϵ_1.0_gens_20000000_210210-125509.854
      From worker 11:	data processed and exported
      From worker 11:	
      From worker 11:	starting b_1.0_c_0.2_N_40_M_1_K_1_P_2_beta_0.001_u_0.001_v_0.025_p_0.75_ϵ_1.0_gens_20000000_210210-125509.854
      From worker 3:	replicate complete, ran 20000000 generations:
      From worker 3:	
      From worker 3:		num_imitating:			20000000
      From worker 3:		num_not_imitating:		0
      From worker 3:		num_strategies_changed:  	570195
      From worker 3:			num_random_strategies: 	20051
      From worker 3:		num_sets_changed: 		1730062
      From worker 3:			num_random_opinions: 	100609
      From worker 3:			num_biased_opinions: 	0
      From worker 3:		num_both_changed: 		82899
      From worker 3:	
      From worker 3:	data processed and exported
      From worker 3:	
      From worker 3:	starting b_1.0_c_0.2_N_40_M_1_K_1_P_2_beta_0.001_u_0.001_v_0.005_p_0.25_ϵ_1.0_gens_20000000_210210-125509.854
      From worker 13:	replicate complete, ran 20000000 generations:
      From worker 13:	
      From worker 13:		num_imitating:			9743015
      From worker 13:		num_not_imitating:		10256985
      From worker 13:		num_strategies_changed:  	146193
      From worker 13:			num_random_strategies: 	9763
      From worker 13:		num_sets_changed: 		0
      From worker 13:			num_random_opinions: 	0
      From worker 13:			num_biased_opinions: 	487097
      From worker 13:		num_both_changed: 		0
      From worker 13:	
      From worker 13:	data processed and exported
      From worker 13:	
      From worker 13:	starting b_1.0_c_0.2_N_40_M_1_K_1_P_2_beta_0.001_u_0.001_v_0.1_p_0.0_ϵ_1.0_gens_20000000_210210-125509.854
      From worker 4:	replicate complete, ran 20000000 generations:
      From worker 4:	
      From worker 4:		num_imitating:			17437109
      From worker 4:		num_not_imitating:		2562891
      From worker 4:		num_strategies_changed:  	504003
      From worker 4:			num_random_strategies: 	17572
      From worker 4:		num_sets_changed: 		1527358
      From worker 4:			num_random_opinions: 	65367
      From worker 4:			num_biased_opinions: 	21697
      From worker 4:		num_both_changed: 		76782
      From worker 4:	
      From worker 4:	data processed and exported
      From worker 4:	
      From worker 4:	starting b_1.0_c_0.2_N_40_M_1_K_1_P_2_beta_0.001_u_0.001_v_0.005_p_0.5_ϵ_1.0_gens_20000000_210210-125509.854
      From worker 14:	replicate complete, ran 20000000 generations:
      From worker 14:	
      From worker 14:		num_imitating:			20000000
      From worker 14:		num_not_imitating:		0
      From worker 14:		num_strategies_changed:  	594544
      From worker 14:			num_random_strategies: 	19484
      From worker 14:		num_sets_changed: 		8298894
      From worker 14:			num_random_opinions: 	1999150
      From worker 14:			num_biased_opinions: 	0
      From worker 14:		num_both_changed: 		283252
      From worker 14:	
      From worker 14:	data processed and exported
      From worker 14:	
      From worker 14:	starting b_1.0_c_0.2_N_40_M_1_K_1_P_2_beta_0.001_u_0.001_v_0.1_p_0.25_ϵ_1.0_gens_20000000_210210-125509.854
      From worker 5:	replicate complete, ran 20000000 generations:
      From worker 5:	
      From worker 5:		num_imitating:			14871005
      From worker 5:		num_not_imitating:		5128995
      From worker 5:		num_strategies_changed:  	424390
      From worker 5:			num_random_strategies: 	14840
      From worker 5:		num_sets_changed: 		2121640
      From worker 5:			num_random_opinions: 	73915
      From worker 5:			num_biased_opinions: 	74554
      From worker 5:		num_both_changed: 		102062
      From worker 5:	
      From worker 5:	data processed and exported
      From worker 5:	
      From worker 5:	starting b_1.0_c_0.2_N_40_M_1_K_1_P_2_beta_0.001_u_0.001_v_0.01_p_0.75_ϵ_1.0_gens_20000000_210210-125509.854
      From worker 6:	replicate complete, ran 20000000 generations:
      From worker 6:	
      From worker 6:		num_imitating:			12308154
      From worker 6:		num_not_imitating:		7691846
      From worker 6:		num_strategies_changed:  	350689
      From worker 6:			num_random_strategies: 	12391
      From worker 6:		num_sets_changed: 		1812942
      From worker 6:			num_random_opinions: 	30794
      From worker 6:			num_biased_opinions: 	92776
      From worker 6:		num_both_changed: 		90273
      From worker 6:	
      From worker 6:	data processed and exported
      From worker 6:	
      From worker 6:	starting b_1.0_c_0.2_N_40_M_1_K_1_P_2_beta_0.001_u_0.001_v_0.01_p_1.0_ϵ_1.0_gens_20000000_210210-125509.854
      From worker 12:	replicate complete, ran 20000000 generations:
      From worker 12:	
      From worker 12:		num_imitating:			12304852
      From worker 12:		num_not_imitating:		7695148
      From worker 12:		num_strategies_changed:  	323079
      From worker 12:			num_random_strategies: 	12244
      From worker 12:		num_sets_changed: 		4128394
      From worker 12:			num_random_opinions: 	153846
      From worker 12:			num_biased_opinions: 	460926
      From worker 12:		num_both_changed: 		141517
      From worker 12:	
      From worker 12:	data processed and exported
      From worker 12:	
      From worker 12:	starting b_1.0_c_0.2_N_40_M_1_K_1_P_2_beta_0.001_u_0.001_v_0.05_p_1.0_ϵ_1.0_gens_20000000_210210-125509.854
      From worker 8:	replicate complete, ran 20000000 generations:
      From worker 8:	
      From worker 8:		num_imitating:			20000000
      From worker 8:		num_not_imitating:		0
      From worker 8:		num_strategies_changed:  	586265
      From worker 8:			num_random_strategies: 	19815
      From worker 8:		num_sets_changed: 		4593427
      From worker 8:			num_random_opinions: 	400671
      From worker 8:			num_biased_opinions: 	0
      From worker 8:		num_both_changed: 		209581
      From worker 8:	
      From worker 8:	data processed and exported
      From worker 8:	
      From worker 8:	starting b_1.0_c_0.2_N_40_M_1_K_1_P_2_beta_0.001_u_0.001_v_0.02_p_0.25_ϵ_1.0_gens_20000000_210210-125509.854
      From worker 7:	replicate complete, ran 20000000 generations:
      From worker 7:	
      From worker 7:		num_imitating:			9743132
      From worker 7:		num_not_imitating:		10256868
      From worker 7:		num_strategies_changed:  	141610
      From worker 7:			num_random_strategies: 	9790
      From worker 7:		num_sets_changed: 		0
      From worker 7:			num_random_opinions: 	0
      From worker 7:			num_biased_opinions: 	146379
      From worker 7:		num_both_changed: 		0
      From worker 7:	
      From worker 7:	data processed and exported
      From worker 7:	
      From worker 7:	starting b_1.0_c_0.2_N_40_M_1_K_1_P_2_beta_0.001_u_0.001_v_0.015_p_0.0_ϵ_1.0_gens_20000000_210210-125509.854
      From worker 15:	replicate complete, ran 20000000 generations:
      From worker 15:	
      From worker 15:		num_imitating:			17436702
      From worker 15:		num_not_imitating:		2563298
      From worker 15:		num_strategies_changed:  	517686
      From worker 15:			num_random_strategies: 	17589
      From worker 15:		num_sets_changed: 		8455403
      From worker 15:			num_random_opinions: 	6533946
      From worker 15:			num_biased_opinions: 	2180174
      From worker 15:		num_both_changed: 		253873
      From worker 15:	
      From worker 15:	data processed and exported
      From worker 15:	
      From worker 15:	starting b_1.0_c_0.2_N_40_M_1_K_1_P_2_beta_0.001_u_0.001_v_0.5_p_0.5_ϵ_1.0_gens_20000000_210210-125509.854
      From worker 9:	replicate complete, ran 20000000 generations:
      From worker 9:	
      From worker 9:		num_imitating:			17432909
      From worker 9:		num_not_imitating:		2567091
      From worker 9:		num_strategies_changed:  	517050
      From worker 9:			num_random_strategies: 	17271
      From worker 9:		num_sets_changed: 		3971476
      From worker 9:			num_random_opinions: 	261690
      From worker 9:			num_biased_opinions: 	87206
      From worker 9:		num_both_changed: 		184975
      From worker 9:	
      From worker 9:	data processed and exported
      From worker 9:	
      From worker 9:	starting b_1.0_c_0.2_N_40_M_1_K_1_P_2_beta_0.001_u_0.001_v_0.02_p_0.5_ϵ_1.0_gens_20000000_210210-125509.854
      From worker 2:	replicate complete, ran 20000000 generations:
      From worker 2:	
      From worker 2:		num_imitating:			20000000
      From worker 2:		num_not_imitating:		0
      From worker 2:		num_strategies_changed:  	559014
      From worker 2:			num_random_strategies: 	19935
      From worker 2:		num_sets_changed: 		402922
      From worker 2:			num_random_opinions: 	20065
      From worker 2:			num_biased_opinions: 	0
      From worker 2:		num_both_changed: 		26074
      From worker 2:	
      From worker 2:	data processed and exported
      From worker 3:	replicate complete, ran 20000000 generations:
      From worker 3:	
      From worker 3:		num_imitating:			17434675
      From worker 3:		num_not_imitating:		2565325
      From worker 3:		num_strategies_changed:  	519140
      From worker 3:			num_random_strategies: 	17420
      From worker 3:		num_sets_changed: 		1479952
      From worker 3:			num_random_opinions: 	65133
      From worker 3:			num_biased_opinions: 	21604
      From worker 3:		num_both_changed: 		74103
      From worker 3:	
      From worker 3:	data processed and exported
      From worker 10:	replicate complete, ran 20000000 generations:
      From worker 10:	
      From worker 10:		num_imitating:			14876063
      From worker 10:		num_not_imitating:		5123937
      From worker 10:		num_strategies_changed:  	441946
      From worker 10:			num_random_strategies: 	14858
      From worker 10:		num_sets_changed: 		3801448
      From worker 10:			num_random_opinions: 	186134
      From worker 10:			num_biased_opinions: 	186220
      From worker 10:		num_both_changed: 		162646
      From worker 10:	
      From worker 10:	data processed and exported
      From worker 10:	
      From worker 10:	starting b_1.0_c_0.2_N_40_M_1_K_1_P_2_beta_0.001_u_0.001_v_0.025_p_0.75_ϵ_1.0_gens_20000000_210210-125509.854
      From worker 16:	replicate complete, ran 20000000 generations:
      From worker 16:	
      From worker 16:		num_imitating:			14872115
      From worker 16:		num_not_imitating:		5127885
      From worker 16:		num_strategies_changed:  	430639
      From worker 16:			num_random_strategies: 	14932
      From worker 16:		num_sets_changed: 		6695068
      From worker 16:			num_random_opinions: 	3718466
      From worker 16:			num_biased_opinions: 	3719059
      From worker 16:		num_both_changed: 		196919
      From worker 16:	
      From worker 11:	replicate complete, ran 20000000 generations:
      From worker 11:	
      From worker 11:		num_imitating:			12306776
      From worker 11:		num_not_imitating:		7693224
      From worker 11:		num_strategies_changed:  	358540
      From worker 11:			num_random_strategies: 	12245
      From worker 11:		num_sets_changed: 		3076851
      From worker 11:			num_random_opinions: 	76373
      From worker 11:			num_biased_opinions: 	230791
      From worker 11:		num_both_changed: 		125618
      From worker 11:	
      From worker 16:	data processed and exported
      From worker 16:	
      From worker 16:	starting b_1.0_c_0.2_N_40_M_1_K_1_P_2_beta_0.001_u_0.001_v_0.5_p_0.75_ϵ_1.0_gens_20000000_210210-125509.854
      From worker 11:	data processed and exported
      From worker 11:	
      From worker 11:	starting b_1.0_c_0.2_N_40_M_1_K_1_P_2_beta_0.001_u_0.001_v_0.025_p_1.0_ϵ_1.0_gens_20000000_210210-125509.854
      From worker 4:	replicate complete, ran 20000000 generations:
      From worker 4:	
      From worker 4:		num_imitating:			14873547
      From worker 4:		num_not_imitating:		5126453
      From worker 4:		num_strategies_changed:  	427318
      From worker 4:			num_random_strategies: 	14867
      From worker 4:		num_sets_changed: 		1231047
      From worker 4:			num_random_opinions: 	37323
      From worker 4:			num_biased_opinions: 	36904
      From worker 4:		num_both_changed: 		57323
      From worker 4:	
      From worker 4:	data processed and exported
      From worker 6:	replicate complete, ran 20000000 generations:
      From worker 6:	
      From worker 6:		num_imitating:			9744834
      From worker 6:		num_not_imitating:		10255166
      From worker 6:		num_strategies_changed:  	146034
      From worker 6:			num_random_strategies: 	9850
      From worker 6:		num_sets_changed: 		0
      From worker 6:			num_random_opinions: 	0
      From worker 6:			num_biased_opinions: 	97389
      From worker 6:		num_both_changed: 		0
      From worker 6:	
      From worker 6:	data processed and exported
      From worker 12:	replicate complete, ran 20000000 generations:
      From worker 12:	
      From worker 12:		num_imitating:			9741769
      From worker 12:		num_not_imitating:		10258231
      From worker 12:		num_strategies_changed:  	143865
      From worker 12:			num_random_strategies: 	9675
      From worker 12:		num_sets_changed: 		0
      From worker 12:			num_random_opinions: 	0
      From worker 12:			num_biased_opinions: 	486911
      From worker 12:		num_both_changed: 		0
      From worker 12:	
      From worker 12:	data processed and exported
      From worker 12:	
      From worker 12:	starting b_1.0_c_0.2_N_40_M_1_K_1_P_2_beta_0.001_u_0.001_v_0.05_p_0.0_ϵ_1.0_gens_20000000_210210-125509.854
      From worker 5:	replicate complete, ran 20000000 generations:
      From worker 5:	
      From worker 5:		num_imitating:			12307429
      From worker 5:		num_not_imitating:		7692571
      From worker 5:		num_strategies_changed:  	361764
      From worker 5:			num_random_strategies: 	12227
      From worker 5:		num_sets_changed: 		1801157
      From worker 5:			num_random_opinions: 	30393
      From worker 5:			num_biased_opinions: 	92284
      From worker 5:		num_both_changed: 		87984
      From worker 5:	
      From worker 5:	data processed and exported
      From worker 13:	replicate complete, ran 20000000 generations:
      From worker 13:	
      From worker 13:		num_imitating:			20000000
      From worker 13:		num_not_imitating:		0
      From worker 13:		num_strategies_changed:  	559735
      From worker 13:			num_random_strategies: 	20083
      From worker 13:		num_sets_changed: 		8294110
      From worker 13:			num_random_opinions: 	1997225
      From worker 13:			num_biased_opinions: 	0
      From worker 13:		num_both_changed: 		269683
      From worker 13:	
      From worker 13:	data processed and exported
      From worker 13:	
      From worker 13:	starting b_1.0_c_0.2_N_40_M_1_K_1_P_2_beta_0.001_u_0.001_v_0.1_p_0.25_ϵ_1.0_gens_20000000_210210-125509.854
      From worker 11:	replicate complete, ran 20000000 generations:
      From worker 11:	
      From worker 11:		num_imitating:			9742495
      From worker 11:		num_not_imitating:		10257505
      From worker 11:		num_strategies_changed:  	143855
      From worker 11:			num_random_strategies: 	9797
      From worker 11:		num_sets_changed: 		0
      From worker 11:			num_random_opinions: 	0
      From worker 11:			num_biased_opinions: 	243507
      From worker 11:		num_both_changed: 		0
      From worker 11:	
      From worker 14:	replicate complete, ran 20000000 generations:
      From worker 14:	
      From worker 14:		num_imitating:			17436926
      From worker 14:		num_not_imitating:		2563074
      From worker 14:		num_strategies_changed:  	467590
      From worker 14:			num_random_strategies: 	17277
      From worker 14:		num_sets_changed: 		7248890
      From worker 14:			num_random_opinions: 	1308361
      From worker 14:			num_biased_opinions: 	434693
      From worker 14:		num_both_changed: 		226453
      From worker 14:	
      From worker 11:	data processed and exported
      From worker 14:	data processed and exported
      From worker 14:	
      From worker 14:	starting b_1.0_c_0.2_N_40_M_1_K_1_P_2_beta_0.001_u_0.001_v_0.1_p_0.5_ϵ_1.0_gens_20000000_210210-125509.854
      From worker 8:	replicate complete, ran 20000000 generations:
      From worker 8:	
      From worker 8:		num_imitating:			17437349
      From worker 8:		num_not_imitating:		2562651
      From worker 8:		num_strategies_changed:  	491722
      From worker 8:			num_random_strategies: 	17237
      From worker 8:		num_sets_changed: 		3917381
      From worker 8:			num_random_opinions: 	262151
      From worker 8:			num_biased_opinions: 	87109
      From worker 8:		num_both_changed: 		161242
      From worker 8:	
      From worker 8:	data processed and exported
      From worker 9:	replicate complete, ran 20000000 generations:
      From worker 9:	
      From worker 9:		num_imitating:			14869744
      From worker 9:		num_not_imitating:		5130256
      From worker 9:		num_strategies_changed:  	426289
      From worker 9:			num_random_strategies: 	14927
      From worker 9:		num_sets_changed: 		3388834
      From worker 9:			num_random_opinions: 	149140
      From worker 9:			num_biased_opinions: 	148727
      From worker 9:		num_both_changed: 		146507
      From worker 9:	
      From worker 9:	data processed and exported
      From worker 7:	replicate complete, ran 20000000 generations:
      From worker 7:	
      From worker 7:		num_imitating:			20000000
      From worker 7:		num_not_imitating:		0
      From worker 7:		num_strategies_changed:  	561720
      From worker 7:			num_random_strategies: 	19938
      From worker 7:		num_sets_changed: 		3844794
      From worker 7:			num_random_opinions: 	299928
      From worker 7:			num_biased_opinions: 	0
      From worker 7:		num_both_changed: 		165866
      From worker 7:	
      From worker 7:	data processed and exported
      From worker 10:	replicate complete, ran 20000000 generations:
      From worker 10:	
      From worker 10:		num_imitating:			12308204
      From worker 10:		num_not_imitating:		7691796
      From worker 10:		num_strategies_changed:  	363029
      From worker 10:			num_random_strategies: 	12313
      From worker 10:		num_sets_changed: 		3108150
      From worker 10:			num_random_opinions: 	76867
      From worker 10:			num_biased_opinions: 	230613
      From worker 10:		num_both_changed: 		137877
      From worker 10:	
      From worker 10:	data processed and exported
      From worker 15:	replicate complete, ran 20000000 generations:
      From worker 15:	
      From worker 15:		num_imitating:			14869746
      From worker 15:		num_not_imitating:		5130254
      From worker 15:		num_strategies_changed:  	439690
      From worker 15:			num_random_strategies: 	14945
      From worker 15:		num_sets_changed: 		6692973
      From worker 15:			num_random_opinions: 	3715692
      From worker 15:			num_biased_opinions: 	3717684
      From worker 15:		num_both_changed: 		201434
      From worker 15:	
      From worker 15:	data processed and exported
      From worker 15:	
      From worker 15:	starting b_1.0_c_0.2_N_40_M_1_K_1_P_2_beta_0.001_u_0.001_v_0.5_p_0.75_ϵ_1.0_gens_20000000_210210-125509.854
      From worker 16:	replicate complete, ran 20000000 generations:
      From worker 16:	
      From worker 16:		num_imitating:			12308213
      From worker 16:		num_not_imitating:		7691787
      From worker 16:		num_strategies_changed:  	359530
      From worker 16:			num_random_strategies: 	12455
      From worker 16:		num_sets_changed: 		4356063
      From worker 16:			num_random_opinions: 	1539320
      From worker 16:			num_biased_opinions: 	4617550
      From worker 16:		num_both_changed: 		131372
      From worker 16:	
      From worker 16:	data processed and exported
      From worker 16:	
      From worker 16:	starting b_1.0_c_0.2_N_40_M_1_K_1_P_2_beta_0.001_u_0.001_v_0.5_p_1.0_ϵ_1.0_gens_20000000_210210-125509.854
      From worker 12:	replicate complete, ran 20000000 generations:
      From worker 12:	
      From worker 12:		num_imitating:			20000000
      From worker 12:		num_not_imitating:		0
      From worker 12:		num_strategies_changed:  	582475
      From worker 12:			num_random_strategies: 	20014
      From worker 12:		num_sets_changed: 		6874154
      From worker 12:			num_random_opinions: 	1000890
      From worker 12:			num_biased_opinions: 	0
      From worker 12:		num_both_changed: 		257943
      From worker 12:	
      From worker 12:	data processed and exported
      From worker 13:	replicate complete, ran 20000000 generations:
      From worker 13:	
      From worker 13:		num_imitating:			17439555
      From worker 13:		num_not_imitating:		2560445
      From worker 13:		num_strategies_changed:  	482885
      From worker 13:			num_random_strategies: 	17378
      From worker 13:		num_sets_changed: 		7206858
      From worker 13:			num_random_opinions: 	1308901
      From worker 13:			num_biased_opinions: 	435358
      From worker 13:		num_both_changed: 		230894
      From worker 13:	
      From worker 13:	data processed and exported
      From worker 16:	replicate complete, ran 20000000 generations:
      From worker 16:	
 Activating environment at `/tigress/mk28/CooperationPolarization2/Project.toml`
 Activating environment at `/tigress/mk28/CooperationPolarization2/Project.toml`
      From worker 16:		num_imitating:			9741385
      From worker 16:		num_not_imitating:		10258615
      From worker 16:		num_strategies_changed:  	145942
      From worker 16:			num_random_strategies: 	9781
      From worker 16:		num_sets_changed: 		0
      From worker 16:			num_random_opinions: 	0
      From worker 16:			num_biased_opinions: 	4870876
      From worker 16:		num_both_changed: 		0
      From worker 16:	
      From worker 16:	data processed and exported
      From worker 14:	replicate complete, ran 20000000 generations:
      From worker 14:	
      From worker 14:		num_imitating:			14871421
      From worker 14:		num_not_imitating:		5128579
      From worker 14:		num_strategies_changed:  	423136
      From worker 14:			num_random_strategies: 	14865
      From worker 14:		num_sets_changed: 		6129688
      From worker 14:			num_random_opinions: 	743519
      From worker 14:			num_biased_opinions: 	742809
      From worker 14:		num_both_changed: 		202586
      From worker 14:	
      From worker 14:	data processed and exported
      From worker 15:	replicate complete, ran 20000000 generations:
      From worker 15:	
      From worker 15:		num_imitating:			12304740
      From worker 15:		num_not_imitating:		7695260
      From worker 15:		num_strategies_changed:  	363886
      From worker 15:			num_random_strategies: 	12316
      From worker 15:		num_sets_changed: 		4354665
      From worker 15:			num_random_opinions: 	1537708
      From worker 15:			num_biased_opinions: 	4614990
      From worker 15:		num_both_changed: 		133246
      From worker 15:	
      From worker 15:	data processed and exported
6694.742015 seconds (2.46 M allocations: 114.493 MiB, 0.00% gc time)
