packages loaded
      From worker 4:	 Activating environment at `/tigress/mk28/CooperationPolarization2/Project.toml`
      From worker 6:	 Activating environment at `/tigress/mk28/CooperationPolarization2/Project.toml`
      From worker 3:	 Activating environment at `/tigress/mk28/CooperationPolarization2/Project.toml`
      From worker 2:	 Activating environment at `/tigress/mk28/CooperationPolarization2/Project.toml`
      From worker 5:	 Activating environment at `/tigress/mk28/CooperationPolarization2/Project.toml`
      From worker 12:	 Activating environment at `/tigress/mk28/CooperationPolarization2/Project.toml`
      From worker 14:	 Activating environment at `/tigress/mk28/CooperationPolarization2/Project.toml`
      From worker 11:	 Activating environment at `/tigress/mk28/CooperationPolarization2/Project.toml`
      From worker 9:	 Activating environment at `/tigress/mk28/CooperationPolarization2/Project.toml`
      From worker 15:	 Activating environment at `/tigress/mk28/CooperationPolarization2/Project.toml`
      From worker 8:	 Activating environment at `/tigress/mk28/CooperationPolarization2/Project.toml`
      From worker 13:	 Activating environment at `/tigress/mk28/CooperationPolarization2/Project.toml`
      From worker 10:	 Activating environment at `/tigress/mk28/CooperationPolarization2/Project.toml`
      From worker 7:	 Activating environment at `/tigress/mk28/CooperationPolarization2/Project.toml`
      From worker 16:	 Activating environment at `/tigress/mk28/CooperationPolarization2/Project.toml`
      From worker 4:	packages loaded
      From worker 5:	packages loaded
      From worker 8:	packages loaded
      From worker 7:	packages loaded
      From worker 2:	packages loaded
      From worker 6:	packages loaded
      From worker 13:	packages loaded
      From worker 15:	packages loaded
      From worker 3:	packages loaded
      From worker 9:	packages loaded
      From worker 10:	packages loaded
      From worker 11:	packages loaded
      From worker 12:	packages loaded
      From worker 14:	packages loaded
      From worker 16:	packages loaded
parameters defined
      From worker 6:	
      From worker 6:	starting b_1.0_c_0.2_N_40_M_2_K_2_P_2_beta_0.001_u_0.001_v_0.005_p_1.0_ϵ_1.0_gens_20000000_210215-155518.172
      From worker 4:	
      From worker 4:	starting b_1.0_c_0.2_N_40_M_2_K_2_P_2_beta_0.001_u_0.001_v_0.0022360679774997894_p_0.5_ϵ_1.0_gens_20000000_210215-155518.172
      From worker 3:	
      From worker 3:	starting b_1.0_c_0.2_N_40_M_2_K_2_P_2_beta_0.001_u_0.001_v_0.001_p_0.25_ϵ_1.0_gens_20000000_210215-155518.172
      From worker 7:	
      From worker 7:	starting b_1.0_c_0.2_N_40_M_2_K_2_P_2_beta_0.001_u_0.001_v_0.011180339887498947_p_0.0_ϵ_1.0_gens_20000000_210215-155518.172
      From worker 10:	
      From worker 10:	starting b_1.0_c_0.2_N_40_M_2_K_2_P_2_beta_0.001_u_0.001_v_0.025_p_0.75_ϵ_1.0_gens_20000000_210215-155518.172
      From worker 2:	
      From worker 2:	starting b_1.0_c_0.2_N_40_M_2_K_2_P_2_beta_0.001_u_0.001_v_0.001_p_0.0_ϵ_1.0_gens_20000000_210215-155518.172
      From worker 14:	
      From worker 14:	starting b_1.0_c_0.2_N_40_M_2_K_2_P_2_beta_0.001_u_0.001_v_0.2795084971874737_p_0.5_ϵ_1.0_gens_20000000_210215-155518.172
      From worker 11:	
      From worker 11:	starting b_1.0_c_0.2_N_40_M_2_K_2_P_2_beta_0.001_u_0.001_v_0.055901699437494755_p_1.0_ϵ_1.0_gens_20000000_210215-155518.172
      From worker 12:	
      From worker 12:	starting b_1.0_c_0.2_N_40_M_2_K_2_P_2_beta_0.001_u_0.001_v_0.125_p_0.0_ϵ_1.0_gens_20000000_210215-155518.172
      From worker 5:	
      From worker 5:	starting b_1.0_c_0.2_N_40_M_2_K_2_P_2_beta_0.001_u_0.001_v_0.0022360679774997894_p_0.75_ϵ_1.0_gens_20000000_210215-155518.172
      From worker 13:	
      From worker 13:	starting b_1.0_c_0.2_N_40_M_2_K_2_P_2_beta_0.001_u_0.001_v_0.125_p_0.25_ϵ_1.0_gens_20000000_210215-155518.172
      From worker 8:	
      From worker 8:	starting b_1.0_c_0.2_N_40_M_2_K_2_P_2_beta_0.001_u_0.001_v_0.011180339887498947_p_0.25_ϵ_1.0_gens_20000000_210215-155518.172
      From worker 16:	
      From worker 16:	starting b_1.0_c_0.2_N_40_M_2_K_2_P_2_beta_0.001_u_0.001_v_0.625_p_1.0_ϵ_1.0_gens_20000000_210215-155518.172
      From worker 15:	
      From worker 15:	starting b_1.0_c_0.2_N_40_M_2_K_2_P_2_beta_0.001_u_0.001_v_0.2795084971874737_p_0.75_ϵ_1.0_gens_20000000_210215-155518.172
      From worker 9:	
      From worker 9:	starting b_1.0_c_0.2_N_40_M_2_K_2_P_2_beta_0.001_u_0.001_v_0.025_p_0.5_ϵ_1.0_gens_20000000_210215-155518.172
      From worker 16:	replicate complete, ran 20000000 generations:
      From worker 16:	
      From worker 16:		num_imitating:			10000937
      From worker 16:		num_not_imitating:		9999063
      From worker 16:		num_strategies_changed:  	152513
      From worker 16:			num_random_strategies: 	9897
      From worker 16:		num_sets_changed: 		0
      From worker 16:			num_random_opinions: 	0
      From worker 16:			num_biased_opinions: 	6253393
      From worker 16:		num_both_changed: 		0
      From worker 16:	
      From worker 16:	data processed and exported
      From worker 16:	
      From worker 16:	starting b_1.0_c_0.2_N_40_M_2_K_2_P_2_beta_0.001_u_0.001_v_0.625_p_0.0_ϵ_1.0_gens_20000000_210215-155518.172
      From worker 11:	replicate complete, ran 20000000 generations:
      From worker 11:	
      From worker 11:		num_imitating:			9995132
      From worker 11:		num_not_imitating:		10004868
      From worker 11:		num_strategies_changed:  	149934
      From worker 11:			num_random_strategies: 	10068
      From worker 11:		num_sets_changed: 		0
      From worker 11:			num_random_opinions: 	0
      From worker 11:			num_biased_opinions: 	559160
      From worker 11:		num_both_changed: 		0
      From worker 11:	
      From worker 11:	data processed and exported
      From worker 11:	
      From worker 11:	starting b_1.0_c_0.2_N_40_M_2_K_2_P_2_beta_0.001_u_0.001_v_0.055901699437494755_p_0.0_ϵ_1.0_gens_20000000_210215-155518.172
      From worker 6:	replicate complete, ran 20000000 generations:
      From worker 6:	
      From worker 6:		num_imitating:			9996814
      From worker 6:		num_not_imitating:		10003186
      From worker 6:		num_strategies_changed:  	149625
      From worker 6:			num_random_strategies: 	10022
      From worker 6:		num_sets_changed: 		0
      From worker 6:			num_random_opinions: 	0
      From worker 6:			num_biased_opinions: 	49707
      From worker 6:		num_both_changed: 		0
      From worker 6:	
      From worker 6:	data processed and exported
      From worker 6:	
      From worker 6:	starting b_1.0_c_0.2_N_40_M_2_K_2_P_2_beta_0.001_u_0.001_v_0.005_p_0.0_ϵ_1.0_gens_20000000_210215-155518.172
      From worker 3:	replicate complete, ran 20000000 generations:
      From worker 3:	
      From worker 3:		num_imitating:			17500139
      From worker 3:		num_not_imitating:		2499861
      From worker 3:		num_strategies_changed:  	494136
      From worker 3:			num_random_strategies: 	17565
      From worker 3:		num_sets_changed: 		528511
      From worker 3:			num_random_opinions: 	13165
      From worker 3:			num_biased_opinions: 	4469
      From worker 3:		num_both_changed: 		27712
      From worker 3:	
      From worker 3:	data processed and exported
      From worker 3:	
      From worker 3:	starting b_1.0_c_0.2_N_40_M_2_K_2_P_2_beta_0.001_u_0.001_v_0.001_p_0.5_ϵ_1.0_gens_20000000_210215-155518.172
      From worker 5:	replicate complete, ran 20000000 generations:
      From worker 5:	
      From worker 5:		num_imitating:			12503242
      From worker 5:		num_not_imitating:		7496758
      From worker 5:		num_strategies_changed:  	345071
      From worker 5:			num_random_strategies: 	12303
      From worker 5:		num_sets_changed: 		680371
      From worker 5:			num_random_opinions: 	6955
      From worker 5:			num_biased_opinions: 	21064
      From worker 5:		num_both_changed: 		36109
      From worker 5:	
      From worker 5:	data processed and exported
      From worker 5:	
      From worker 5:	starting b_1.0_c_0.2_N_40_M_2_K_2_P_2_beta_0.001_u_0.001_v_0.0022360679774997894_p_1.0_ϵ_1.0_gens_20000000_210215-155518.172
      From worker 2:	replicate complete, ran 20000000 generations:
      From worker 2:	
      From worker 2:		num_imitating:			20000000
      From worker 2:		num_not_imitating:		0
      From worker 2:		num_strategies_changed:  	549616
      From worker 2:			num_random_strategies: 	19914
      From worker 2:		num_sets_changed: 		616703
      From worker 2:			num_random_opinions: 	20199
      From worker 2:			num_biased_opinions: 	0
      From worker 2:		num_both_changed: 		35307
      From worker 2:	
      From worker 2:	data processed and exported
      From worker 2:	
      From worker 2:	starting b_1.0_c_0.2_N_40_M_2_K_2_P_2_beta_0.001_u_0.001_v_0.001_p_0.25_ϵ_1.0_gens_20000000_210215-155518.172
      From worker 4:	replicate complete, ran 20000000 generations:
      From worker 4:	
      From worker 4:		num_imitating:			14999596
      From worker 4:		num_not_imitating:		5000404
      From worker 4:		num_strategies_changed:  	440574
      From worker 4:			num_random_strategies: 	15155
      From worker 4:		num_sets_changed: 		862612
      From worker 4:			num_random_opinions: 	16544
      From worker 4:			num_biased_opinions: 	16581
      From worker 4:		num_both_changed: 		47376
      From worker 4:	
      From worker 4:	data processed and exported
      From worker 4:	
      From worker 4:	starting b_1.0_c_0.2_N_40_M_2_K_2_P_2_beta_0.001_u_0.001_v_0.0022360679774997894_p_0.75_ϵ_1.0_gens_20000000_210215-155518.172
      From worker 10:	replicate complete, ran 20000000 generations:
      From worker 10:	
      From worker 10:		num_imitating:			12497212
      From worker 10:		num_not_imitating:		7502788
      From worker 10:		num_strategies_changed:  	368190
      From worker 10:			num_random_strategies: 	12664
      From worker 10:		num_sets_changed: 		3773032
      From worker 10:			num_random_opinions: 	77851
      From worker 10:			num_biased_opinions: 	234088
      From worker 10:		num_both_changed: 		174058
      From worker 10:	
      From worker 10:	data processed and exported
      From worker 10:	
      From worker 10:	starting b_1.0_c_0.2_N_40_M_2_K_2_P_2_beta_0.001_u_0.001_v_0.025_p_1.0_ϵ_1.0_gens_20000000_210215-155518.172
      From worker 8:	replicate complete, ran 20000000 generations:
      From worker 8:	
      From worker 8:		num_imitating:			17499572
      From worker 8:		num_not_imitating:		2500428
      From worker 8:		num_strategies_changed:  	507383
      From worker 8:			num_random_strategies: 	17590
      From worker 8:		num_sets_changed: 		4005835
      From worker 8:			num_random_opinions: 	146578
      From worker 8:			num_biased_opinions: 	48660
      From worker 8:		num_both_changed: 		188300
      From worker 8:	
      From worker 8:	data processed and exported
      From worker 8:	
      From worker 8:	starting b_1.0_c_0.2_N_40_M_2_K_2_P_2_beta_0.001_u_0.001_v_0.011180339887498947_p_0.5_ϵ_1.0_gens_20000000_210215-155518.172
      From worker 7:	replicate complete, ran 20000000 generations:
      From worker 7:	
      From worker 7:		num_imitating:			20000000
      From worker 7:		num_not_imitating:		0
      From worker 7:		num_strategies_changed:  	589520
      From worker 7:			num_random_strategies: 	19863
      From worker 7:		num_sets_changed: 		4742438
      From worker 7:			num_random_opinions: 	223618
      From worker 7:			num_biased_opinions: 	0
      From worker 7:		num_both_changed: 		232207
      From worker 7:	
      From worker 7:	data processed and exported
      From worker 7:	
      From worker 7:	starting b_1.0_c_0.2_N_40_M_2_K_2_P_2_beta_0.001_u_0.001_v_0.011180339887498947_p_0.25_ϵ_1.0_gens_20000000_210215-155518.172
      From worker 9:	replicate complete, ran 20000000 generations:
      From worker 9:	
      From worker 9:		num_imitating:			15000037
      From worker 9:		num_not_imitating:		4999963
      From worker 9:		num_strategies_changed:  	424742
      From worker 9:			num_random_strategies: 	15020
      From worker 9:		num_sets_changed: 		5179431
      From worker 9:			num_random_opinions: 	187347
      From worker 9:			num_biased_opinions: 	187466
      From worker 9:		num_both_changed: 		215688
      From worker 9:	
      From worker 9:	data processed and exported
      From worker 9:	
      From worker 9:	starting b_1.0_c_0.2_N_40_M_2_K_2_P_2_beta_0.001_u_0.001_v_0.025_p_0.75_ϵ_1.0_gens_20000000_210215-155518.172
      From worker 15:	replicate complete, ran 20000000 generations:
      From worker 15:	
      From worker 15:		num_imitating:			12499311
      From worker 15:		num_not_imitating:		7500689
      From worker 15:		num_strategies_changed:  	338466
      From worker 15:			num_random_strategies: 	12479
      From worker 15:		num_sets_changed: 		6249121
      From worker 15:			num_random_opinions: 	873490
      From worker 15:			num_biased_opinions: 	2617442
      From worker 15:		num_both_changed: 		185213
      From worker 15:	
      From worker 15:	data processed and exported
      From worker 15:	
      From worker 15:	starting b_1.0_c_0.2_N_40_M_2_K_2_P_2_beta_0.001_u_0.001_v_0.2795084971874737_p_1.0_ϵ_1.0_gens_20000000_210215-155518.172
      From worker 5:	replicate complete, ran 20000000 generations:
      From worker 5:	
      From worker 5:		num_imitating:			9998745
      From worker 5:		num_not_imitating:		10001255
      From worker 5:		num_strategies_changed:  	141825
      From worker 5:			num_random_strategies: 	9966
      From worker 5:		num_sets_changed: 		0
      From worker 5:			num_random_opinions: 	0
      From worker 5:			num_biased_opinions: 	22459
      From worker 5:		num_both_changed: 		0
      From worker 5:	
      From worker 5:	data processed and exported
      From worker 5:	
      From worker 5:	starting b_1.0_c_0.2_N_40_M_2_K_2_P_2_beta_0.001_u_0.001_v_0.005_p_0.0_ϵ_1.0_gens_20000000_210215-155518.172
      From worker 3:	replicate complete, ran 20000000 generations:
      From worker 3:	
      From worker 3:		num_imitating:			15001027
      From worker 3:		num_not_imitating:		4998973
      From worker 3:		num_strategies_changed:  	435954
      From worker 3:			num_random_strategies: 	15100
      From worker 3:		num_sets_changed: 		412387
      From worker 3:			num_random_opinions: 	7564
      From worker 3:			num_biased_opinions: 	7564
      From worker 3:		num_both_changed: 		22991
      From worker 3:	
      From worker 3:	data processed and exported
      From worker 3:	
      From worker 3:	starting b_1.0_c_0.2_N_40_M_2_K_2_P_2_beta_0.001_u_0.001_v_0.001_p_0.75_ϵ_1.0_gens_20000000_210215-155518.172
      From worker 2:	replicate complete, ran 20000000 generations:
      From worker 2:	
      From worker 2:		num_imitating:			17499974
      From worker 2:		num_not_imitating:		2500026
      From worker 2:		num_strategies_changed:  	477840
      From worker 2:			num_random_strategies: 	17480
      From worker 2:		num_sets_changed: 		485299
      From worker 2:			num_random_opinions: 	13078
      From worker 2:			num_biased_opinions: 	4391
      From worker 2:		num_both_changed: 		21703
      From worker 2:	
      From worker 2:	data processed and exported
      From worker 2:	
      From worker 2:	starting b_1.0_c_0.2_N_40_M_2_K_2_P_2_beta_0.001_u_0.001_v_0.001_p_0.5_ϵ_1.0_gens_20000000_210215-155518.172
      From worker 4:	replicate complete, ran 20000000 generations:
      From worker 4:	
      From worker 4:		num_imitating:			12501114
      From worker 4:		num_not_imitating:		7498886
      From worker 4:		num_strategies_changed:  	358429
      From worker 4:			num_random_strategies: 	12410
      From worker 4:		num_sets_changed: 		672557
      From worker 4:			num_random_opinions: 	7008
      From worker 4:			num_biased_opinions: 	20808
      From worker 4:		num_both_changed: 		35111
      From worker 4:	
      From worker 4:	data processed and exported
      From worker 4:	
      From worker 4:	starting b_1.0_c_0.2_N_40_M_2_K_2_P_2_beta_0.001_u_0.001_v_0.0022360679774997894_p_1.0_ϵ_1.0_gens_20000000_210215-155518.172
      From worker 14:	replicate complete, ran 20000000 generations:
      From worker 14:	
      From worker 14:		num_imitating:			14997616
      From worker 14:		num_not_imitating:		5002384
      From worker 14:		num_strategies_changed:  	422307
      From worker 14:			num_random_strategies: 	15020
      From worker 14:		num_sets_changed: 		9376739
      From worker 14:			num_random_opinions: 	2096200
      From worker 14:			num_biased_opinions: 	2098682
      From worker 14:		num_both_changed: 		282501
      From worker 14:	
      From worker 14:	data processed and exported
      From worker 14:	
      From worker 14:	starting b_1.0_c_0.2_N_40_M_2_K_2_P_2_beta_0.001_u_0.001_v_0.2795084971874737_p_0.75_ϵ_1.0_gens_20000000_210215-155518.172
      From worker 6:	replicate complete, ran 20000000 generations:
      From worker 6:	
      From worker 6:		num_imitating:			20000000
      From worker 6:		num_not_imitating:		0
      From worker 6:		num_strategies_changed:  	587312
      From worker 6:			num_random_strategies: 	20094
      From worker 6:		num_sets_changed: 		2571117
      From worker 6:			num_random_opinions: 	100494
      From worker 6:			num_biased_opinions: 	0
      From worker 6:		num_both_changed: 		135279
      From worker 6:	
      From worker 6:	data processed and exported
      From worker 6:	
      From worker 6:	starting b_1.0_c_0.2_N_40_M_2_K_2_P_2_beta_0.001_u_0.001_v_0.005_p_0.25_ϵ_1.0_gens_20000000_210215-155518.172
      From worker 10:	replicate complete, ran 20000000 generations:
      From worker 10:	
      From worker 10:		num_imitating:			9996834
      From worker 10:		num_not_imitating:		10003166
      From worker 10:		num_strategies_changed:  	147120
      From worker 10:			num_random_strategies: 	10026
      From worker 10:		num_sets_changed: 		0
      From worker 10:			num_random_opinions: 	0
      From worker 10:			num_biased_opinions: 	249731
      From worker 10:		num_both_changed: 		0
      From worker 10:	
      From worker 10:	data processed and exported
      From worker 10:	
      From worker 10:	starting b_1.0_c_0.2_N_40_M_2_K_2_P_2_beta_0.001_u_0.001_v_0.055901699437494755_p_0.0_ϵ_1.0_gens_20000000_210215-155518.172
      From worker 13:	replicate complete, ran 20000000 generations:
      From worker 13:	
      From worker 13:		num_imitating:			17497325
      From worker 13:		num_not_imitating:		2502675
      From worker 13:		num_strategies_changed:  	528214
      From worker 13:			num_random_strategies: 	17645
      From worker 13:		num_sets_changed: 		10885874
      From worker 13:			num_random_opinions: 	1641579
      From worker 13:			num_biased_opinions: 	548164
      From worker 13:		num_both_changed: 		377784
      From worker 13:	
      From worker 13:	data processed and exported
      From worker 13:	
      From worker 13:	starting b_1.0_c_0.2_N_40_M_2_K_2_P_2_beta_0.001_u_0.001_v_0.125_p_0.5_ϵ_1.0_gens_20000000_210215-155518.172
      From worker 15:	replicate complete, ran 20000000 generations:
      From worker 15:	
      From worker 15:		num_imitating:			9997477
      From worker 15:		num_not_imitating:		10002523
      From worker 15:		num_strategies_changed:  	146935
      From worker 15:			num_random_strategies: 	10050
      From worker 15:		num_sets_changed: 		0
      From worker 15:			num_random_opinions: 	0
      From worker 15:			num_biased_opinions: 	2793916
      From worker 15:		num_both_changed: 		0
      From worker 15:	
      From worker 15:	data processed and exported
      From worker 15:	
      From worker 15:	starting b_1.0_c_0.2_N_40_M_2_K_2_P_2_beta_0.001_u_0.001_v_0.625_p_0.0_ϵ_1.0_gens_20000000_210215-155518.172
      From worker 12:	replicate complete, ran 20000000 generations:
      From worker 12:	
      From worker 12:		num_imitating:			20000000
      From worker 12:		num_not_imitating:		0
      From worker 12:		num_strategies_changed:  	591218
      From worker 12:			num_random_strategies: 	20104
      From worker 12:		num_sets_changed: 		12754897
      From worker 12:			num_random_opinions: 	2500468
      From worker 12:			num_biased_opinions: 	0
      From worker 12:		num_both_changed: 		431412
      From worker 12:	
      From worker 12:	data processed and exported
      From worker 12:	
      From worker 12:	starting b_1.0_c_0.2_N_40_M_2_K_2_P_2_beta_0.001_u_0.001_v_0.125_p_0.25_ϵ_1.0_gens_20000000_210215-155518.172
      From worker 8:	replicate complete, ran 20000000 generations:
      From worker 8:	
      From worker 8:		num_imitating:			15000089
      From worker 8:		num_not_imitating:		4999911
      From worker 8:		num_strategies_changed:  	435360
      From worker 8:			num_random_strategies: 	14889
      From worker 8:		num_sets_changed: 		3182327
      From worker 8:			num_random_opinions: 	84171
      From worker 8:			num_biased_opinions: 	83988
      From worker 8:		num_both_changed: 		157002
      From worker 8:	
      From worker 8:	data processed and exported
      From worker 8:	
      From worker 8:	starting b_1.0_c_0.2_N_40_M_2_K_2_P_2_beta_0.001_u_0.001_v_0.011180339887498947_p_0.75_ϵ_1.0_gens_20000000_210215-155518.172
      From worker 3:	replicate complete, ran 20000000 generations:
      From worker 3:	
      From worker 3:		num_imitating:			12502598
      From worker 3:		num_not_imitating:		7497402
      From worker 3:		num_strategies_changed:  	353957
      From worker 3:			num_random_strategies: 	12557
      From worker 3:		num_sets_changed: 		307668
      From worker 3:			num_random_opinions: 	3157
      From worker 3:			num_biased_opinions: 	9402
      From worker 3:		num_both_changed: 		13855
      From worker 3:	
      From worker 3:	data processed and exported
      From worker 3:	
      From worker 3:	starting b_1.0_c_0.2_N_40_M_2_K_2_P_2_beta_0.001_u_0.001_v_0.001_p_1.0_ϵ_1.0_gens_20000000_210215-155518.172
      From worker 4:	replicate complete, ran 20000000 generations:
      From worker 4:	
      From worker 4:		num_imitating:			10004149
      From worker 4:		num_not_imitating:		9995851
      From worker 4:		num_strategies_changed:  	150784
      From worker 4:			num_random_strategies: 	9973
      From worker 4:		num_sets_changed: 		0
      From worker 4:			num_random_opinions: 	0
      From worker 4:			num_biased_opinions: 	22417
      From worker 4:		num_both_changed: 		0
      From worker 4:	
      From worker 4:	data processed and exported
      From worker 4:	
      From worker 4:	starting b_1.0_c_0.2_N_40_M_2_K_2_P_2_beta_0.001_u_0.001_v_0.0022360679774997894_p_0.0_ϵ_1.0_gens_20000000_210215-155518.172
      From worker 2:	replicate complete, ran 20000000 generations:
      From worker 2:	
      From worker 2:		num_imitating:			15001898
      From worker 2:		num_not_imitating:		4998102
      From worker 2:		num_strategies_changed:  	439709
      From worker 2:			num_random_strategies: 	15096
      From worker 2:		num_sets_changed: 		411808
      From worker 2:			num_random_opinions: 	7600
      From worker 2:			num_biased_opinions: 	7526
      From worker 2:		num_both_changed: 		22561
      From worker 2:	
      From worker 2:	data processed and exported
      From worker 2:	
      From worker 2:	starting b_1.0_c_0.2_N_40_M_2_K_2_P_2_beta_0.001_u_0.001_v_0.001_p_0.75_ϵ_1.0_gens_20000000_210215-155518.172
      From worker 7:	replicate complete, ran 20000000 generations:
      From worker 7:	
      From worker 7:		num_imitating:			17498697
      From worker 7:		num_not_imitating:		2501303
      From worker 7:		num_strategies_changed:  	491823
      From worker 7:			num_random_strategies: 	17580
      From worker 7:		num_sets_changed: 		4051889
      From worker 7:			num_random_opinions: 	146820
      From worker 7:			num_biased_opinions: 	49249
      From worker 7:		num_both_changed: 		189541
      From worker 7:	
      From worker 7:	data processed and exported
      From worker 7:	
      From worker 7:	starting b_1.0_c_0.2_N_40_M_2_K_2_P_2_beta_0.001_u_0.001_v_0.011180339887498947_p_0.5_ϵ_1.0_gens_20000000_210215-155518.172
      From worker 9:	replicate complete, ran 20000000 generations:
      From worker 9:	
      From worker 9:		num_imitating:			12499338
      From worker 9:		num_not_imitating:		7500662
      From worker 9:		num_strategies_changed:  	341679
      From worker 9:			num_random_strategies: 	12543
      From worker 9:		num_sets_changed: 		3716376
      From worker 9:			num_random_opinions: 	78273
      From worker 9:			num_biased_opinions: 	235031
      From worker 9:		num_both_changed: 		153802
      From worker 9:	
      From worker 9:	data processed and exported
      From worker 9:	
      From worker 9:	starting b_1.0_c_0.2_N_40_M_2_K_2_P_2_beta_0.001_u_0.001_v_0.025_p_1.0_ϵ_1.0_gens_20000000_210215-155518.172
      From worker 5:	replicate complete, ran 20000000 generations:
      From worker 5:	
      From worker 5:		num_imitating:			20000000
      From worker 5:		num_not_imitating:		0
      From worker 5:		num_strategies_changed:  	573128
      From worker 5:			num_random_strategies: 	19936
      From worker 5:		num_sets_changed: 		2530668
      From worker 5:			num_random_opinions: 	99568
      From worker 5:			num_biased_opinions: 	0
      From worker 5:		num_both_changed: 		139365
      From worker 5:	
      From worker 5:	data processed and exported
      From worker 5:	
      From worker 5:	starting b_1.0_c_0.2_N_40_M_2_K_2_P_2_beta_0.001_u_0.001_v_0.005_p_0.25_ϵ_1.0_gens_20000000_210215-155518.172
      From worker 11:	replicate complete, ran 20000000 generations:
      From worker 11:	
      From worker 11:		num_imitating:			20000000
      From worker 11:		num_not_imitating:		0
      From worker 11:		num_strategies_changed:  	592833
      From worker 11:			num_random_strategies: 	20073
      From worker 11:		num_sets_changed: 		10506196
      From worker 11:			num_random_opinions: 	1118289
      From worker 11:			num_biased_opinions: 	0
      From worker 11:		num_both_changed: 		400981
      From worker 11:	
      From worker 11:	data processed and exported
      From worker 11:	
      From worker 11:	starting b_1.0_c_0.2_N_40_M_2_K_2_P_2_beta_0.001_u_0.001_v_0.055901699437494755_p_0.25_ϵ_1.0_gens_20000000_210215-155518.172
      From worker 6:	replicate complete, ran 20000000 generations:
      From worker 6:	
      From worker 6:		num_imitating:			17501333
      From worker 6:		num_not_imitating:		2498667
      From worker 6:		num_strategies_changed:  	529399
      From worker 6:			num_random_strategies: 	17584
      From worker 6:		num_sets_changed: 		2228703
      From worker 6:			num_random_opinions: 	65560
      From worker 6:			num_biased_opinions: 	21730
      From worker 6:		num_both_changed: 		130189
      From worker 6:	
      From worker 6:	data processed and exported
      From worker 6:	
      From worker 6:	starting b_1.0_c_0.2_N_40_M_2_K_2_P_2_beta_0.001_u_0.001_v_0.005_p_0.5_ϵ_1.0_gens_20000000_210215-155518.172
      From worker 3:	replicate complete, ran 20000000 generations:
      From worker 3:	
      From worker 3:		num_imitating:			9996898
      From worker 3:		num_not_imitating:		10003102
      From worker 3:		num_strategies_changed:  	147786
      From worker 3:			num_random_strategies: 	10018
      From worker 3:		num_sets_changed: 		0
      From worker 3:			num_random_opinions: 	0
      From worker 3:			num_biased_opinions: 	10041
      From worker 3:		num_both_changed: 		0
      From worker 3:	
      From worker 3:	data processed and exported
      From worker 3:	
      From worker 3:	starting b_1.0_c_0.2_N_40_M_2_K_2_P_2_beta_0.001_u_0.001_v_0.0022360679774997894_p_0.0_ϵ_1.0_gens_20000000_210215-155518.172
      From worker 2:	replicate complete, ran 20000000 generations:
      From worker 2:	
      From worker 2:		num_imitating:			12499340
      From worker 2:		num_not_imitating:		7500660
      From worker 2:		num_strategies_changed:  	380530
      From worker 2:			num_random_strategies: 	12487
      From worker 2:		num_sets_changed: 		318016
      From worker 2:			num_random_opinions: 	3149
      From worker 2:			num_biased_opinions: 	9287
      From worker 2:		num_both_changed: 		14702
      From worker 2:	
      From worker 2:	data processed and exported
      From worker 2:	
      From worker 2:	starting b_1.0_c_0.2_N_40_M_2_K_2_P_2_beta_0.001_u_0.001_v_0.001_p_1.0_ϵ_1.0_gens_20000000_210215-155518.172
      From worker 9:	replicate complete, ran 20000000 generations:
      From worker 9:	
      From worker 9:		num_imitating:			10002510
      From worker 9:		num_not_imitating:		9997490
      From worker 9:		num_strategies_changed:  	150462
      From worker 9:			num_random_strategies: 	9992
      From worker 9:		num_sets_changed: 		0
      From worker 9:			num_random_opinions: 	0
      From worker 9:			num_biased_opinions: 	250348
      From worker 9:		num_both_changed: 		0
      From worker 9:	
      From worker 9:	data processed and exported
      From worker 9:	
      From worker 9:	starting b_1.0_c_0.2_N_40_M_2_K_2_P_2_beta_0.001_u_0.001_v_0.025_p_0.0_ϵ_1.0_gens_20000000_210215-155518.172
      From worker 14:	replicate complete, ran 20000000 generations:
      From worker 14:	
      From worker 14:		num_imitating:			12499927
      From worker 14:		num_not_imitating:		7500073
      From worker 14:		num_strategies_changed:  	334351
      From worker 14:			num_random_strategies: 	12486
      From worker 14:		num_sets_changed: 		6243318
      From worker 14:			num_random_opinions: 	874614
      From worker 14:			num_biased_opinions: 	2619752
      From worker 14:		num_both_changed: 		182638
      From worker 14:	
      From worker 14:	data processed and exported
      From worker 14:	
      From worker 14:	starting b_1.0_c_0.2_N_40_M_2_K_2_P_2_beta_0.001_u_0.001_v_0.2795084971874737_p_1.0_ϵ_1.0_gens_20000000_210215-155518.172
      From worker 16:	replicate complete, ran 20000000 generations:
      From worker 16:	
      From worker 16:		num_imitating:			20000000
      From worker 16:		num_not_imitating:		0
      From worker 16:		num_strategies_changed:  	550202
      From worker 16:			num_random_strategies: 	20045
      From worker 16:		num_sets_changed: 		14776604
      From worker 16:			num_random_opinions: 	12502029
      From worker 16:			num_biased_opinions: 	0
      From worker 16:		num_both_changed: 		412095
      From worker 16:	
      From worker 4:	replicate complete, ran 20000000 generations:
      From worker 4:	
      From worker 4:		num_imitating:			20000000
      From worker 4:		num_not_imitating:		0
      From worker 4:		num_strategies_changed:  	564465
      From worker 4:			num_random_strategies: 	20005
      From worker 4:		num_sets_changed: 		1280780
      From worker 4:			num_random_opinions: 	44624
      From worker 4:			num_biased_opinions: 	0
      From worker 4:		num_both_changed: 		66957
      From worker 4:	
      From worker 16:	data processed and exported
      From worker 4:	data processed and exported
      From worker 16:	
      From worker 16:	starting b_1.0_c_0.2_N_40_M_2_K_2_P_2_beta_0.001_u_0.001_v_0.625_p_0.25_ϵ_1.0_gens_20000000_210215-155518.172
      From worker 4:	
      From worker 4:	starting b_1.0_c_0.2_N_40_M_2_K_2_P_2_beta_0.001_u_0.001_v_0.0022360679774997894_p_0.25_ϵ_1.0_gens_20000000_210215-155518.172
      From worker 8:	replicate complete, ran 20000000 generations:
      From worker 8:	
      From worker 8:		num_imitating:			12498607
      From worker 8:		num_not_imitating:		7501393
      From worker 8:		num_strategies_changed:  	351465
      From worker 8:			num_random_strategies: 	12321
      From worker 8:		num_sets_changed: 		2432580
      From worker 8:			num_random_opinions: 	35113
      From worker 8:			num_biased_opinions: 	104772
      From worker 8:		num_both_changed: 		108119
      From worker 8:	
      From worker 8:	data processed and exported
      From worker 8:	
      From worker 8:	starting b_1.0_c_0.2_N_40_M_2_K_2_P_2_beta_0.001_u_0.001_v_0.011180339887498947_p_1.0_ϵ_1.0_gens_20000000_210215-155518.172
      From worker 5:	replicate complete, ran 20000000 generations:
      From worker 5:	
      From worker 5:		num_imitating:			17498254
      From worker 5:		num_not_imitating:		2501746
      From worker 5:		num_strategies_changed:  	503963
      From worker 5:			num_random_strategies: 	17544
      From worker 5:		num_sets_changed: 		2175752
      From worker 5:			num_random_opinions: 	65302
      From worker 5:			num_biased_opinions: 	21671
      From worker 5:		num_both_changed: 		112870
      From worker 5:	
      From worker 7:	replicate complete, ran 20000000 generations:
      From worker 7:	
      From worker 7:		num_imitating:			14998626
      From worker 7:		num_not_imitating:		5001374
      From worker 7:		num_strategies_changed:  	441601
      From worker 7:			num_random_strategies: 	14930
      From worker 7:		num_sets_changed: 		3146713
      From worker 7:			num_random_opinions: 	83321
      From worker 7:			num_biased_opinions: 	84277
      From worker 7:		num_both_changed: 		151935
      From worker 7:	
      From worker 5:	data processed and exported
      From worker 5:	
      From worker 5:	starting b_1.0_c_0.2_N_40_M_2_K_2_P_2_beta_0.001_u_0.001_v_0.005_p_0.5_ϵ_1.0_gens_20000000_210215-155518.172
      From worker 7:	data processed and exported
      From worker 7:	
      From worker 7:	starting b_1.0_c_0.2_N_40_M_2_K_2_P_2_beta_0.001_u_0.001_v_0.011180339887498947_p_0.75_ϵ_1.0_gens_20000000_210215-155518.172
      From worker 13:	replicate complete, ran 20000000 generations:
      From worker 13:	
      From worker 13:		num_imitating:			14998466
      From worker 13:		num_not_imitating:		5001534
      From worker 13:		num_strategies_changed:  	427284
      From worker 13:			num_random_strategies: 	15186
      From worker 13:		num_sets_changed: 		8651615
      From worker 13:			num_random_opinions: 	937857
      From worker 13:			num_biased_opinions: 	936596
      From worker 13:		num_both_changed: 		284044
      From worker 13:	
      From worker 13:	data processed and exported
      From worker 13:	
      From worker 13:	starting b_1.0_c_0.2_N_40_M_2_K_2_P_2_beta_0.001_u_0.001_v_0.125_p_0.75_ϵ_1.0_gens_20000000_210215-155518.172
      From worker 6:	replicate complete, ran 20000000 generations:
      From worker 6:	
      From worker 6:		num_imitating:			14996618
      From worker 6:		num_not_imitating:		5003382
      From worker 6:		num_strategies_changed:  	419811
      From worker 6:			num_random_strategies: 	15178
      From worker 6:		num_sets_changed: 		1754645
      From worker 6:			num_random_opinions: 	37348
      From worker 6:			num_biased_opinions: 	37535
      From worker 6:		num_both_changed: 		87473
      From worker 6:	
      From worker 6:	data processed and exported
      From worker 6:	
      From worker 6:	starting b_1.0_c_0.2_N_40_M_2_K_2_P_2_beta_0.001_u_0.001_v_0.005_p_0.75_ϵ_1.0_gens_20000000_210215-155518.172
      From worker 10:	replicate complete, ran 20000000 generations:
      From worker 10:	
      From worker 10:		num_imitating:			20000000
      From worker 10:		num_not_imitating:		0
      From worker 10:		num_strategies_changed:  	604704
      From worker 10:			num_random_strategies: 	20200
      From worker 10:		num_sets_changed: 		10535211
      From worker 10:			num_random_opinions: 	1118931
      From worker 10:			num_biased_opinions: 	0
      From worker 10:		num_both_changed: 		413316
      From worker 10:	
      From worker 10:	data processed and exported
      From worker 10:	
      From worker 10:	starting b_1.0_c_0.2_N_40_M_2_K_2_P_2_beta_0.001_u_0.001_v_0.055901699437494755_p_0.25_ϵ_1.0_gens_20000000_210215-155518.172
      From worker 2:	replicate complete, ran 20000000 generations:
      From worker 2:	
      From worker 2:		num_imitating:			9999035
      From worker 2:		num_not_imitating:		10000965
      From worker 2:		num_strategies_changed:  	144964
      From worker 2:			num_random_strategies: 	9956
      From worker 2:		num_sets_changed: 		0
      From worker 2:			num_random_opinions: 	0
      From worker 2:			num_biased_opinions: 	10013
      From worker 2:		num_both_changed: 		0
      From worker 2:	
      From worker 3:	replicate complete, ran 20000000 generations:
      From worker 3:	
      From worker 3:		num_imitating:			20000000
      From worker 3:		num_not_imitating:		0
      From worker 3:		num_strategies_changed:  	564653
      From worker 3:			num_random_strategies: 	19934
      From worker 3:		num_sets_changed: 		1292972
      From worker 3:			num_random_opinions: 	44866
      From worker 3:			num_biased_opinions: 	0
      From worker 3:		num_both_changed: 		67874
      From worker 3:	
      From worker 2:	data processed and exported
      From worker 3:	data processed and exported
      From worker 2:	
      From worker 2:	starting b_1.0_c_0.2_N_40_M_2_K_2_P_2_beta_0.001_u_0.001_v_0.001_p_0.0_ϵ_1.0_gens_20000000_210215-155518.172
      From worker 3:	
      From worker 3:	starting b_1.0_c_0.2_N_40_M_2_K_2_P_2_beta_0.001_u_0.001_v_0.0022360679774997894_p_0.25_ϵ_1.0_gens_20000000_210215-155518.172
      From worker 14:	replicate complete, ran 20000000 generations:
      From worker 14:	
      From worker 14:		num_imitating:			9992720
      From worker 14:		num_not_imitating:		10007280
      From worker 14:		num_strategies_changed:  	144533
      From worker 14:			num_random_strategies: 	9994
      From worker 14:		num_sets_changed: 		0
      From worker 14:			num_random_opinions: 	0
      From worker 14:			num_biased_opinions: 	2795590
      From worker 14:		num_both_changed: 		0
      From worker 14:	
      From worker 14:	data processed and exported
      From worker 14:	
      From worker 14:	starting b_1.0_c_0.2_N_40_M_2_K_2_P_2_beta_0.001_u_0.001_v_0.2795084971874737_p_0.0_ϵ_1.0_gens_20000000_210215-155518.172
      From worker 8:	replicate complete, ran 20000000 generations:
      From worker 8:	
      From worker 8:		num_imitating:			9999707
      From worker 8:		num_not_imitating:		10000293
      From worker 8:		num_strategies_changed:  	144648
      From worker 8:			num_random_strategies: 	9994
      From worker 8:		num_sets_changed: 		0
      From worker 8:			num_random_opinions: 	0
      From worker 8:			num_biased_opinions: 	111831
      From worker 8:		num_both_changed: 		0
      From worker 8:	
      From worker 8:	data processed and exported
      From worker 8:	
      From worker 8:	starting b_1.0_c_0.2_N_40_M_2_K_2_P_2_beta_0.001_u_0.001_v_0.025_p_0.0_ϵ_1.0_gens_20000000_210215-155518.172
      From worker 4:	replicate complete, ran 20000000 generations:
      From worker 4:	
      From worker 4:		num_imitating:			17500983
      From worker 4:		num_not_imitating:		2499017
      From worker 4:		num_strategies_changed:  	499705
      From worker 4:			num_random_strategies: 	17611
      From worker 4:		num_sets_changed: 		1069268
      From worker 4:			num_random_opinions: 	29571
      From worker 4:			num_biased_opinions: 	9688
      From worker 4:		num_both_changed: 		58776
      From worker 4:	
      From worker 4:	data processed and exported
      From worker 4:	
      From worker 4:	starting b_1.0_c_0.2_N_40_M_2_K_2_P_2_beta_0.001_u_0.001_v_0.0022360679774997894_p_0.5_ϵ_1.0_gens_20000000_210215-155518.172
      From worker 12:	replicate complete, ran 20000000 generations:
      From worker 12:	
      From worker 12:		num_imitating:			17502947
      From worker 12:		num_not_imitating:		2497053
      From worker 12:		num_strategies_changed:  	499901
      From worker 12:			num_random_strategies: 	17469
      From worker 12:		num_sets_changed: 		10900336
      From worker 12:			num_random_opinions: 	1638930
      From worker 12:			num_biased_opinions: 	548035
      From worker 12:		num_both_changed: 		357173
      From worker 12:	
      From worker 12:	data processed and exported
      From worker 12:	
      From worker 12:	starting b_1.0_c_0.2_N_40_M_2_K_2_P_2_beta_0.001_u_0.001_v_0.125_p_0.5_ϵ_1.0_gens_20000000_210215-155518.172
      From worker 11:	replicate complete, ran 20000000 generations:
      From worker 11:	
      From worker 11:		num_imitating:			17501415
      From worker 11:		num_not_imitating:		2498585
      From worker 11:		num_strategies_changed:  	527991
      From worker 11:			num_random_strategies: 	17444
      From worker 11:		num_sets_changed: 		8978274
      From worker 11:			num_random_opinions: 	732390
      From worker 11:			num_biased_opinions: 	244440
      From worker 11:		num_both_changed: 		352732
      From worker 11:	
      From worker 11:	data processed and exported
      From worker 11:	
      From worker 11:	starting b_1.0_c_0.2_N_40_M_2_K_2_P_2_beta_0.001_u_0.001_v_0.055901699437494755_p_0.5_ϵ_1.0_gens_20000000_210215-155518.172
      From worker 5:	replicate complete, ran 20000000 generations:
      From worker 5:	
      From worker 5:		num_imitating:			15002076
      From worker 5:		num_not_imitating:		4997924
      From worker 5:		num_strategies_changed:  	417522
      From worker 5:			num_random_strategies: 	15097
      From worker 5:		num_sets_changed: 		1735798
      From worker 5:			num_random_opinions: 	37439
      From worker 5:			num_biased_opinions: 	37472
      From worker 5:		num_both_changed: 		85584
      From worker 5:	
      From worker 5:	data processed and exported
      From worker 5:	
      From worker 5:	starting b_1.0_c_0.2_N_40_M_2_K_2_P_2_beta_0.001_u_0.001_v_0.005_p_0.75_ϵ_1.0_gens_20000000_210215-155518.172
      From worker 7:	replicate complete, ran 20000000 generations:
      From worker 7:	
      From worker 7:		num_imitating:			12497844
      From worker 7:		num_not_imitating:		7502156
      From worker 7:		num_strategies_changed:  	351632
      From worker 7:			num_random_strategies: 	12623
      From worker 7:		num_sets_changed: 		2375157
      From worker 7:			num_random_opinions: 	34556
      From worker 7:			num_biased_opinions: 	104871
      From worker 7:		num_both_changed: 		110089
      From worker 7:	
      From worker 7:	data processed and exported
      From worker 7:	
      From worker 7:	starting b_1.0_c_0.2_N_40_M_2_K_2_P_2_beta_0.001_u_0.001_v_0.011180339887498947_p_1.0_ϵ_1.0_gens_20000000_210215-155518.172
      From worker 15:	replicate complete, ran 20000000 generations:
      From worker 15:	
      From worker 15:		num_imitating:			20000000
      From worker 15:		num_not_imitating:		0
      From worker 15:		num_strategies_changed:  	562084
      From worker 15:			num_random_strategies: 	20233
      From worker 15:		num_sets_changed: 		14779917
      From worker 15:			num_random_opinions: 	12500220
      From worker 15:			num_biased_opinions: 	0
      From worker 15:		num_both_changed: 		421319
      From worker 15:	
      From worker 15:	data processed and exported
      From worker 15:	
      From worker 15:	starting b_1.0_c_0.2_N_40_M_2_K_2_P_2_beta_0.001_u_0.001_v_0.625_p_0.25_ϵ_1.0_gens_20000000_210215-155518.172
      From worker 6:	replicate complete, ran 20000000 generations:
      From worker 6:	
      From worker 6:		num_imitating:			12497856
      From worker 6:		num_not_imitating:		7502144
      From worker 6:		num_strategies_changed:  	326649
      From worker 6:			num_random_strategies: 	12376
      From worker 6:		num_sets_changed: 		1321622
      From worker 6:			num_random_opinions: 	15729
      From worker 6:			num_biased_opinions: 	46774
      From worker 6:		num_both_changed: 		64015
      From worker 6:	
      From worker 6:	data processed and exported
      From worker 6:	
      From worker 6:	starting b_1.0_c_0.2_N_40_M_2_K_2_P_2_beta_0.001_u_0.001_v_0.005_p_1.0_ϵ_1.0_gens_20000000_210215-155518.172
      From worker 2:	replicate complete, ran 20000000 generations:
      From worker 2:	
      From worker 2:		num_imitating:			20000000
      From worker 2:		num_not_imitating:		0
      From worker 2:		num_strategies_changed:  	559788
      From worker 2:			num_random_strategies: 	19755
      From worker 2:		num_sets_changed: 		605381
      From worker 2:			num_random_opinions: 	19835
      From worker 2:			num_biased_opinions: 	0
      From worker 2:		num_both_changed: 		33899
      From worker 2:	
      From worker 2:	data processed and exported
      From worker 3:	replicate complete, ran 20000000 generations:
      From worker 3:	
      From worker 3:		num_imitating:			17498928
      From worker 3:		num_not_imitating:		2501072
      From worker 3:		num_strategies_changed:  	499163
      From worker 3:			num_random_strategies: 	17513
      From worker 3:		num_sets_changed: 		1116351
      From worker 3:			num_random_opinions: 	29225
      From worker 3:			num_biased_opinions: 	9672
      From worker 3:		num_both_changed: 		56675
      From worker 3:	
      From worker 3:	data processed and exported
      From worker 9:	replicate complete, ran 20000000 generations:
      From worker 9:	
      From worker 9:		num_imitating:			20000000
      From worker 9:		num_not_imitating:		0
      From worker 9:		num_strategies_changed:  	557749
      From worker 9:			num_random_strategies: 	19960
      From worker 9:		num_sets_changed: 		7540022
      From worker 9:			num_random_opinions: 	500366
      From worker 9:			num_biased_opinions: 	0
      From worker 9:		num_both_changed: 		306994
      From worker 9:	
      From worker 9:	data processed and exported
      From worker 9:	
      From worker 9:	starting b_1.0_c_0.2_N_40_M_2_K_2_P_2_beta_0.001_u_0.001_v_0.025_p_0.25_ϵ_1.0_gens_20000000_210215-155518.172
      From worker 4:	replicate complete, ran 20000000 generations:
      From worker 4:	
      From worker 4:		num_imitating:			14998780
      From worker 4:		num_not_imitating:		5001220
      From worker 4:		num_strategies_changed:  	426639
      From worker 4:			num_random_strategies: 	15064
      From worker 4:		num_sets_changed: 		849952
      From worker 4:			num_random_opinions: 	16873
      From worker 4:			num_biased_opinions: 	16767
      From worker 4:		num_both_changed: 		46042
      From worker 4:	
      From worker 4:	data processed and exported
      From worker 13:	replicate complete, ran 20000000 generations:
      From worker 13:	
      From worker 13:		num_imitating:			12493343
      From worker 13:		num_not_imitating:		7506657
      From worker 13:		num_strategies_changed:  	374954
      From worker 13:			num_random_strategies: 	12599
      From worker 13:		num_sets_changed: 		6123897
      From worker 13:			num_random_opinions: 	390616
      From worker 13:			num_biased_opinions: 	1169977
      From worker 13:		num_both_changed: 		217193
      From worker 13:	
      From worker 13:	data processed and exported
      From worker 13:	
      From worker 13:	starting b_1.0_c_0.2_N_40_M_2_K_2_P_2_beta_0.001_u_0.001_v_0.125_p_1.0_ϵ_1.0_gens_20000000_210215-155518.172
      From worker 7:	replicate complete, ran 20000000 generations:
      From worker 7:	
      From worker 7:		num_imitating:			9999124
      From worker 7:		num_not_imitating:		10000876
      From worker 7:		num_strategies_changed:  	148023
      From worker 7:			num_random_strategies: 	10139
      From worker 7:		num_sets_changed: 		0
      From worker 7:			num_random_opinions: 	0
      From worker 7:			num_biased_opinions: 	111736
      From worker 7:		num_both_changed: 		0
      From worker 7:	
      From worker 7:	data processed and exported
      From worker 7:	
      From worker 7:	starting b_1.0_c_0.2_N_40_M_2_K_2_P_2_beta_0.001_u_0.001_v_0.011180339887498947_p_0.0_ϵ_1.0_gens_20000000_210215-155518.172
      From worker 5:	replicate complete, ran 20000000 generations:
      From worker 5:	
      From worker 5:		num_imitating:			12499366
      From worker 5:		num_not_imitating:		7500634
      From worker 5:		num_strategies_changed:  	339227
      From worker 5:			num_random_strategies: 	12486
      From worker 5:		num_sets_changed: 		1348312
      From worker 5:			num_random_opinions: 	15437
      From worker 5:			num_biased_opinions: 	47060
      From worker 5:		num_both_changed: 		66913
      From worker 5:	
      From worker 5:	data processed and exported
      From worker 6:	replicate complete, ran 20000000 generations:
      From worker 6:	
      From worker 6:		num_imitating:			10001683
      From worker 6:		num_not_imitating:		9998317
      From worker 6:		num_strategies_changed:  	144434
      From worker 6:			num_random_strategies: 	9918
      From worker 6:		num_sets_changed: 		0
      From worker 6:			num_random_opinions: 	0
      From worker 6:			num_biased_opinions: 	49951
      From worker 6:		num_both_changed: 		0
      From worker 6:	
      From worker 6:	data processed and exported
      From worker 16:	replicate complete, ran 20000000 generations:
      From worker 16:	
      From worker 16:		num_imitating:			17503214
      From worker 16:		num_not_imitating:		2496786
      From worker 16:		num_strategies_changed:  	486354
      From worker 16:			num_random_strategies: 	17577
      From worker 16:		num_sets_changed: 		12415636
      From worker 16:			num_random_opinions: 	8209037
      From worker 16:			num_biased_opinions: 	2729210
      From worker 16:		num_both_changed: 		350738
      From worker 16:	
      From worker 16:	data processed and exported
      From worker 16:	
      From worker 16:	starting b_1.0_c_0.2_N_40_M_2_K_2_P_2_beta_0.001_u_0.001_v_0.625_p_0.5_ϵ_1.0_gens_20000000_210215-155518.172
      From worker 10:	replicate complete, ran 20000000 generations:
      From worker 10:	
      From worker 10:		num_imitating:			17499307
      From worker 10:		num_not_imitating:		2500693
      From worker 10:		num_strategies_changed:  	536685
      From worker 10:			num_random_strategies: 	17381
      From worker 10:		num_sets_changed: 		9001017
      From worker 10:			num_random_opinions: 	733365
      From worker 10:			num_biased_opinions: 	244860
      From worker 10:		num_both_changed: 		355460
      From worker 10:	
      From worker 10:	data processed and exported
      From worker 10:	
      From worker 10:	starting b_1.0_c_0.2_N_40_M_2_K_2_P_2_beta_0.001_u_0.001_v_0.055901699437494755_p_0.5_ϵ_1.0_gens_20000000_210215-155518.172
      From worker 8:	replicate complete, ran 20000000 generations:
      From worker 8:	
      From worker 8:		num_imitating:			20000000
      From worker 8:		num_not_imitating:		0
      From worker 8:		num_strategies_changed:  	579624
      From worker 8:			num_random_strategies: 	20063
      From worker 8:		num_sets_changed: 		7524414
      From worker 8:			num_random_opinions: 	499816
      From worker 8:			num_biased_opinions: 	0
      From worker 8:		num_both_changed: 		321088
      From worker 8:	
      From worker 8:	data processed and exported
      From worker 8:	
      From worker 8:	starting b_1.0_c_0.2_N_40_M_2_K_2_P_2_beta_0.001_u_0.001_v_0.025_p_0.25_ϵ_1.0_gens_20000000_210215-155518.172
      From worker 13:	replicate complete, ran 20000000 generations:
      From worker 13:	
      From worker 13:		num_imitating:			9997824
      From worker 13:		num_not_imitating:		10002176
      From worker 13:		num_strategies_changed:  	145763
      From worker 13:			num_random_strategies: 	9958
      From worker 13:		num_sets_changed: 		0
      From worker 13:			num_random_opinions: 	0
      From worker 13:			num_biased_opinions: 	1249344
      From worker 13:		num_both_changed: 		0
      From worker 13:	
      From worker 12:	replicate complete, ran 20000000 generations:
      From worker 12:	
      From worker 12:		num_imitating:			15001784
      From worker 12:		num_not_imitating:		4998216
      From worker 12:		num_strategies_changed:  	420603
      From worker 12:			num_random_strategies: 	15035
      From worker 12:		num_sets_changed: 		8650981
      From worker 12:			num_random_opinions: 	938776
      From worker 12:			num_biased_opinions: 	939258
      From worker 12:		num_both_changed: 		280955
      From worker 12:	
      From worker 13:	data processed and exported
      From worker 12:	data processed and exported
      From worker 11:	replicate complete, ran 20000000 generations:
      From worker 11:	
      From worker 11:		num_imitating:			14998938
      From worker 11:		num_not_imitating:		5001062
      From worker 11:		num_strategies_changed:  	421007
      From worker 11:			num_random_strategies: 	15137
      From worker 11:		num_sets_changed: 		7133545
      From worker 11:			num_random_opinions: 	418584
      From worker 11:			num_biased_opinions: 	419061
      From worker 11:		num_both_changed: 		260697
      From worker 11:	
      From worker 13:	
      From worker 13:	starting b_1.0_c_0.2_N_40_M_2_K_2_P_2_beta_0.001_u_0.001_v_0.2795084971874737_p_0.0_ϵ_1.0_gens_20000000_210215-155518.172
      From worker 12:	
      From worker 12:	starting b_1.0_c_0.2_N_40_M_2_K_2_P_2_beta_0.001_u_0.001_v_0.125_p_0.75_ϵ_1.0_gens_20000000_210215-155518.172
      From worker 11:	data processed and exported
      From worker 11:	
      From worker 11:	starting b_1.0_c_0.2_N_40_M_2_K_2_P_2_beta_0.001_u_0.001_v_0.055901699437494755_p_0.75_ϵ_1.0_gens_20000000_210215-155518.172
      From worker 9:	replicate complete, ran 20000000 generations:
      From worker 9:	
      From worker 9:		num_imitating:			17501121
      From worker 9:		num_not_imitating:		2498879
      From worker 9:		num_strategies_changed:  	499693
      From worker 9:			num_random_strategies: 	17410
      From worker 9:		num_sets_changed: 		6432971
      From worker 9:			num_random_opinions: 	327887
      From worker 9:			num_biased_opinions: 	109291
      From worker 9:		num_both_changed: 		270720
      From worker 9:	
      From worker 9:	data processed and exported
      From worker 9:	
      From worker 9:	starting b_1.0_c_0.2_N_40_M_2_K_2_P_2_beta_0.001_u_0.001_v_0.025_p_0.5_ϵ_1.0_gens_20000000_210215-155518.172
      From worker 14:	replicate complete, ran 20000000 generations:
      From worker 14:	
      From worker 14:		num_imitating:			20000000
      From worker 14:		num_not_imitating:		0
      From worker 14:		num_strategies_changed:  	557613
      From worker 14:			num_random_strategies: 	19927
      From worker 14:		num_sets_changed: 		14091865
      From worker 14:			num_random_opinions: 	5585859
      From worker 14:			num_biased_opinions: 	0
      From worker 14:		num_both_changed: 		415649
      From worker 14:	
      From worker 14:	data processed and exported
      From worker 14:	
      From worker 14:	starting b_1.0_c_0.2_N_40_M_2_K_2_P_2_beta_0.001_u_0.001_v_0.2795084971874737_p_0.25_ϵ_1.0_gens_20000000_210215-155518.172
      From worker 7:	replicate complete, ran 20000000 generations:
      From worker 7:	
      From worker 7:		num_imitating:			20000000
      From worker 7:		num_not_imitating:		0
      From worker 7:		num_strategies_changed:  	552440
      From worker 7:			num_random_strategies: 	19914
      From worker 7:		num_sets_changed: 		4597037
      From worker 7:			num_random_opinions: 	222590
      From worker 7:			num_biased_opinions: 	0
      From worker 7:		num_both_changed: 		204764
      From worker 7:	
      From worker 7:	data processed and exported
      From worker 15:	replicate complete, ran 20000000 generations:
      From worker 15:	
      From worker 15:		num_imitating:			17501626
      From worker 15:		num_not_imitating:		2498374
      From worker 15:		num_strategies_changed:  	483569
      From worker 15:			num_random_strategies: 	17396
      From worker 15:		num_sets_changed: 		12411629
      From worker 15:			num_random_opinions: 	8203989
      From worker 15:			num_biased_opinions: 	2733835
      From worker 15:		num_both_changed: 		348198
      From worker 15:	
      From worker 15:	data processed and exported
      From worker 15:	
      From worker 15:	starting b_1.0_c_0.2_N_40_M_2_K_2_P_2_beta_0.001_u_0.001_v_0.625_p_0.5_ϵ_1.0_gens_20000000_210215-155518.172
      From worker 8:	replicate complete, ran 20000000 generations:
      From worker 8:	
      From worker 8:		num_imitating:			17498478
      From worker 8:		num_not_imitating:		2501522
      From worker 8:		num_strategies_changed:  	489440
      From worker 8:			num_random_strategies: 	17220
      From worker 8:		num_sets_changed: 		6492247
      From worker 8:			num_random_opinions: 	328168
      From worker 8:			num_biased_opinions: 	109240
      From worker 8:		num_both_changed: 		264595
      From worker 8:	
      From worker 8:	data processed and exported
      From worker 10:	replicate complete, ran 20000000 generations:
      From worker 10:	
      From worker 10:		num_imitating:			15001059
      From worker 10:		num_not_imitating:		4998941
      From worker 10:		num_strategies_changed:  	430362
      From worker 10:			num_random_strategies: 	14755
      From worker 10:		num_sets_changed: 		7148655
      From worker 10:			num_random_opinions: 	419146
      From worker 10:			num_biased_opinions: 	419810
      From worker 10:		num_both_changed: 		266514
      From worker 10:	
      From worker 10:	data processed and exported
      From worker 10:	
      From worker 10:	starting b_1.0_c_0.2_N_40_M_2_K_2_P_2_beta_0.001_u_0.001_v_0.055901699437494755_p_0.75_ϵ_1.0_gens_20000000_210215-155518.172
      From worker 11:	replicate complete, ran 20000000 generations:
      From worker 11:	
      From worker 11:		num_imitating:			12501335
      From worker 11:		num_not_imitating:		7498665
      From worker 11:		num_strategies_changed:  	340152
      From worker 11:			num_random_strategies: 	12356
      From worker 11:		num_sets_changed: 		5186611
      From worker 11:			num_random_opinions: 	174149
      From worker 11:			num_biased_opinions: 	524526
      From worker 11:		num_both_changed: 		187207
      From worker 11:	
      From worker 11:	data processed and exported
      From worker 11:	
      From worker 11:	starting b_1.0_c_0.2_N_40_M_2_K_2_P_2_beta_0.001_u_0.001_v_0.055901699437494755_p_1.0_ϵ_1.0_gens_20000000_210215-155518.172
      From worker 16:	replicate complete, ran 20000000 generations:
      From worker 16:	
      From worker 16:		num_imitating:			15002305
      From worker 16:		num_not_imitating:		4997695
      From worker 16:		num_strategies_changed:  	425136
      From worker 16:			num_random_strategies: 	15252
      From worker 16:		num_sets_changed: 		9184721
      From worker 16:			num_random_opinions: 	4687763
      From worker 16:			num_biased_opinions: 	4687249
      From worker 16:		num_both_changed: 		264923
      From worker 16:	
      From worker 16:	data processed and exported
      From worker 16:	
      From worker 16:	starting b_1.0_c_0.2_N_40_M_2_K_2_P_2_beta_0.001_u_0.001_v_0.625_p_0.75_ϵ_1.0_gens_20000000_210215-155518.172
      From worker 12:	replicate complete, ran 20000000 generations:
      From worker 12:	
      From worker 12:		num_imitating:			12501611
      From worker 12:		num_not_imitating:		7498389
      From worker 12:		num_strategies_changed:  	357626
      From worker 12:			num_random_strategies: 	12429
      From worker 12:		num_sets_changed: 		6140079
      From worker 12:			num_random_opinions: 	390903
      From worker 12:			num_biased_opinions: 	1171273
      From worker 12:		num_both_changed: 		209445
      From worker 12:	
      From worker 12:	data processed and exported
      From worker 12:	
      From worker 12:	starting b_1.0_c_0.2_N_40_M_2_K_2_P_2_beta_0.001_u_0.001_v_0.125_p_1.0_ϵ_1.0_gens_20000000_210215-155518.172
      From worker 9:	replicate complete, ran 20000000 generations:
      From worker 9:	
      From worker 9:		num_imitating:			14995100
      From worker 9:		num_not_imitating:		5004900
      From worker 9:		num_strategies_changed:  	455650
      From worker 9:			num_random_strategies: 	15062
      From worker 9:		num_sets_changed: 		5154981
      From worker 9:			num_random_opinions: 	187483
      From worker 9:			num_biased_opinions: 	187338
      From worker 9:		num_both_changed: 		237326
      From worker 9:	
      From worker 9:	data processed and exported
      From worker 11:	replicate complete, ran 20000000 generations:
      From worker 11:	
      From worker 11:		num_imitating:			9999027
      From worker 11:		num_not_imitating:		10000973
      From worker 11:		num_strategies_changed:  	153292
      From worker 11:			num_random_strategies: 	9968
      From worker 11:		num_sets_changed: 		0
      From worker 11:			num_random_opinions: 	0
      From worker 11:			num_biased_opinions: 	558923
      From worker 11:		num_both_changed: 		0
      From worker 11:	
      From worker 11:	data processed and exported
      From worker 12:	replicate complete, ran 20000000 generations:
      From worker 12:	
      From worker 12:		num_imitating:			10003423
      From worker 12:		num_not_imitating:		9996577
      From worker 12:		num_strategies_changed:  	147771
      From worker 12:			num_random_strategies: 	9954
      From worker 12:		num_sets_changed: 		0
      From worker 12:			num_random_opinions: 	0
      From worker 12:			num_biased_opinions: 	1249070
      From worker 12:		num_both_changed: 		0
      From worker 12:	
      From worker 12:	data processed and exported
      From worker 12:	
      From worker 12:	starting b_1.0_c_0.2_N_40_M_2_K_2_P_2_beta_0.001_u_0.001_v_0.125_p_0.0_ϵ_1.0_gens_20000000_210215-155518.172
      From worker 13:	replicate complete, ran 20000000 generations:
      From worker 13:	
      From worker 13:		num_imitating:			20000000
      From worker 13:		num_not_imitating:		0
      From worker 13:		num_strategies_changed:  	564784
      From worker 13:			num_random_strategies: 	19832
      From worker 13:		num_sets_changed: 		14085809
      From worker 13:			num_random_opinions: 	5591704
      From worker 13:			num_biased_opinions: 	0
      From worker 13:		num_both_changed: 		420501
      From worker 13:	
      From worker 13:	data processed and exported
      From worker 13:	
      From worker 13:	starting b_1.0_c_0.2_N_40_M_2_K_2_P_2_beta_0.001_u_0.001_v_0.2795084971874737_p_0.25_ϵ_1.0_gens_20000000_210215-155518.172
      From worker 14:	replicate complete, ran 20000000 generations:
      From worker 14:	
      From worker 14:		num_imitating:			17500115
      From worker 14:		num_not_imitating:		2499885
      From worker 14:		num_strategies_changed:  	495664
      From worker 14:			num_random_strategies: 	17670
      From worker 14:		num_sets_changed: 		11989322
      From worker 14:			num_random_opinions: 	3669225
      From worker 14:			num_biased_opinions: 	1222437
      From worker 14:		num_both_changed: 		360379
      From worker 14:	
      From worker 14:	data processed and exported
      From worker 14:	
      From worker 14:	starting b_1.0_c_0.2_N_40_M_2_K_2_P_2_beta_0.001_u_0.001_v_0.2795084971874737_p_0.5_ϵ_1.0_gens_20000000_210215-155518.172
      From worker 10:	replicate complete, ran 20000000 generations:
      From worker 10:	
      From worker 10:		num_imitating:			12497375
      From worker 10:		num_not_imitating:		7502625
      From worker 10:		num_strategies_changed:  	387298
      From worker 10:			num_random_strategies: 	12520
      From worker 10:		num_sets_changed: 		5194771
      From worker 10:			num_random_opinions: 	174671
      From worker 10:			num_biased_opinions: 	523473
      From worker 10:		num_both_changed: 		214354
      From worker 10:	
      From worker 10:	data processed and exported
      From worker 15:	replicate complete, ran 20000000 generations:
      From worker 15:	
      From worker 15:		num_imitating:			14997042
      From worker 15:		num_not_imitating:		5002958
      From worker 15:		num_strategies_changed:  	438905
      From worker 15:			num_random_strategies: 	15056
      From worker 15:		num_sets_changed: 		9185360
      From worker 15:			num_random_opinions: 	4688437
      From worker 15:			num_biased_opinions: 	4686740
      From worker 15:		num_both_changed: 		274453
      From worker 15:	
      From worker 15:	data processed and exported
      From worker 15:	
      From worker 15:	starting b_1.0_c_0.2_N_40_M_2_K_2_P_2_beta_0.001_u_0.001_v_0.625_p_0.75_ϵ_1.0_gens_20000000_210215-155518.172
      From worker 16:	replicate complete, ran 20000000 generations:
      From worker 16:	
      From worker 16:		num_imitating:			12500648
      From worker 16:		num_not_imitating:		7499352
      From worker 16:		num_strategies_changed:  	357686
      From worker 16:			num_random_strategies: 	12472
      From worker 16:		num_sets_changed: 		5215545
      From worker 16:			num_random_opinions: 	1951601
      From worker 16:			num_biased_opinions: 	5860183
      From worker 16:		num_both_changed: 		154419
      From worker 16:	
      From worker 16:	data processed and exported
      From worker 16:	
      From worker 16:	starting b_1.0_c_0.2_N_40_M_2_K_2_P_2_beta_0.001_u_0.001_v_0.625_p_1.0_ϵ_1.0_gens_20000000_210215-155518.172
      From worker 16:	replicate complete, ran 20000000 generations:
      From worker 16:	
      From worker 16:		num_imitating:			10001558
      From worker 16:		num_not_imitating:		9998442
      From worker 16:		num_strategies_changed:  	146038
      From worker 16:			num_random_strategies: 	10257
      From worker 16:		num_sets_changed: 		0
      From worker 16:			num_random_opinions: 	0
      From worker 16:			num_biased_opinions: 	6254998
      From worker 16:		num_both_changed: 		0
      From worker 16:	
      From worker 16:	data processed and exported
 Activating environment at `/tigress/mk28/CooperationPolarization2/Project.toml`
 Activating environment at `/tigress/mk28/CooperationPolarization2/Project.toml`
      From worker 15:	replicate complete, ran 20000000 generations:
      From worker 15:	
      From worker 15:		num_imitating:			12498573
      From worker 15:		num_not_imitating:		7501427
      From worker 15:		num_strategies_changed:  	368780
      From worker 15:			num_random_strategies: 	12604
      From worker 15:		num_sets_changed: 		5218090
      From worker 15:			num_random_opinions: 	1955581
      From worker 15:			num_biased_opinions: 	5855696
      From worker 15:		num_both_changed: 		158891
      From worker 15:	
      From worker 15:	data processed and exported
      From worker 14:	replicate complete, ran 20000000 generations:
      From worker 14:	
      From worker 14:		num_imitating:			14998680
      From worker 14:		num_not_imitating:		5001320
      From worker 14:		num_strategies_changed:  	418621
      From worker 14:			num_random_strategies: 	14788
      From worker 14:		num_sets_changed: 		9374921
      From worker 14:			num_random_opinions: 	2098300
      From worker 14:			num_biased_opinions: 	2094121
      From worker 14:		num_both_changed: 		278548
      From worker 14:	
      From worker 14:	data processed and exported
      From worker 12:	replicate complete, ran 20000000 generations:
      From worker 12:	
      From worker 12:		num_imitating:			20000000
      From worker 12:		num_not_imitating:		0
      From worker 12:		num_strategies_changed:  	588781
      From worker 12:			num_random_strategies: 	19928
      From worker 12:		num_sets_changed: 		12753084
      From worker 12:			num_random_opinions: 	2497282
      From worker 12:			num_biased_opinions: 	0
      From worker 12:		num_both_changed: 		430811
      From worker 12:	
      From worker 12:	data processed and exported
      From worker 13:	replicate complete, ran 20000000 generations:
      From worker 13:	
      From worker 13:		num_imitating:			17500772
      From worker 13:		num_not_imitating:		2499228
      From worker 13:		num_strategies_changed:  	494443
      From worker 13:			num_random_strategies: 	17634
      From worker 13:		num_sets_changed: 		11997189
      From worker 13:			num_random_opinions: 	3668634
      From worker 13:			num_biased_opinions: 	1223668
      From worker 13:		num_both_changed: 		359875
      From worker 13:	
      From worker 13:	data processed and exported
11177.921882 seconds (2.74 M allocations: 121.822 MiB, 0.00% gc time)
