 Activating environment at `/tigress/mk28/CooperationPolarization2/Project.toml`
 Activating environment at `/tigress/mk28/CooperationPolarization2/Project.toml`
ERROR: LoadError: TaskFailedException:
On worker 2:
DimensionMismatch("tried to assign 1×55 array to 1×69 destination")
throw_setindex_mismatch at ./indices.jl:193
setindex_shape_check at ./indices.jl:250 [inlined]
macro expansion at ./multidimensional.jl:795 [inlined]
_unsafe_setindex! at ./multidimensional.jl:789
_setindex! at ./multidimensional.jl:785 [inlined]
setindex! at ./abstractarray.jl:1153
macro expansion at /tigress/mk28/CooperationPolarization2/run/della_betasweep_M2K2.jl:122 [inlined]
#1 at /buildworker/worker/package_linux64/build/usr/share/julia/stdlib/v1.5/Distributed/src/macros.jl:301
#160 at /buildworker/worker/package_linux64/build/usr/share/julia/stdlib/v1.5/Distributed/src/macros.jl:87
#103 at /buildworker/worker/package_linux64/build/usr/share/julia/stdlib/v1.5/Distributed/src/process_messages.jl:290
run_work_thunk at /buildworker/worker/package_linux64/build/usr/share/julia/stdlib/v1.5/Distributed/src/process_messages.jl:79
run_work_thunk at /buildworker/worker/package_linux64/build/usr/share/julia/stdlib/v1.5/Distributed/src/process_messages.jl:88
#96 at ./task.jl:356

...and 14 more exception(s).

Stacktrace:
 [1] sync_end(::Channel{Any}) at ./task.jl:314
 [2] (::Distributed.var"#159#161"{var"#1#3",UnitRange{Int64}})() at ./task.jl:333
Stacktrace:
 [1] sync_end(::Channel{Any}) at ./task.jl:314
 [2] top-level scope at task.jl:333
 [3] top-level scope at timing.jl:174
 [4] include(::Function, ::Module, ::String) at ./Base.jl:380
 [5] include(::Module, ::String) at ./Base.jl:368
 [6] exec_options(::Base.JLOptions) at ./client.jl:296
 [7] _start() at ./client.jl:506
in expression starting at /tigress/mk28/CooperationPolarization2/run/della_betasweep_M2K2.jl:75
packages loaded
      From worker 5:	 Activating environment at `/tigress/mk28/CooperationPolarization2/Project.toml`
      From worker 4:	 Activating environment at `/tigress/mk28/CooperationPolarization2/Project.toml`
      From worker 3:	 Activating environment at `/tigress/mk28/CooperationPolarization2/Project.toml`
      From worker 6:	 Activating environment at `/tigress/mk28/CooperationPolarization2/Project.toml`
      From worker 2:	 Activating environment at `/tigress/mk28/CooperationPolarization2/Project.toml`
      From worker 12:	 Activating environment at `/tigress/mk28/CooperationPolarization2/Project.toml`
      From worker 11:	 Activating environment at `/tigress/mk28/CooperationPolarization2/Project.toml`
      From worker 9:	 Activating environment at `/tigress/mk28/CooperationPolarization2/Project.toml`
      From worker 14:	 Activating environment at `/tigress/mk28/CooperationPolarization2/Project.toml`
      From worker 15:	 Activating environment at `/tigress/mk28/CooperationPolarization2/Project.toml`
      From worker 10:	 Activating environment at `/tigress/mk28/CooperationPolarization2/Project.toml`
      From worker 13:	 Activating environment at `/tigress/mk28/CooperationPolarization2/Project.toml`
      From worker 7:	 Activating environment at `/tigress/mk28/CooperationPolarization2/Project.toml`
      From worker 16:	 Activating environment at `/tigress/mk28/CooperationPolarization2/Project.toml`
      From worker 8:	 Activating environment at `/tigress/mk28/CooperationPolarization2/Project.toml`
      From worker 7:	packages loaded
      From worker 2:	packages loaded
      From worker 9:	packages loaded
      From worker 11:	packages loaded
      From worker 4:	packages loaded
      From worker 3:	packages loaded
      From worker 13:	packages loaded
      From worker 12:	packages loaded
      From worker 6:	packages loaded
      From worker 5:	packages loaded
      From worker 16:	packages loaded
      From worker 14:	packages loaded
      From worker 15:	packages loaded
      From worker 10:	packages loaded
      From worker 8:	packages loaded
parameters defined
      From worker 6:	
      From worker 6:	starting b_1.0_c_0.2_N_40_M_1_K_1_P_2_beta_0.01_u_0.001_v_0.001_p_0.0_ϵ_1.0_gens_20000000_210210-163434.806
      From worker 5:	
      From worker 5:	starting b_1.0_c_0.2_N_40_M_1_K_1_P_2_beta_0.001_u_0.001_v_0.001_p_1.0_ϵ_1.0_gens_20000000_210210-163434.806
      From worker 4:	
      From worker 4:	starting b_1.0_c_0.2_N_40_M_1_K_1_P_2_beta_0.001_u_0.001_v_0.001_p_0.0_ϵ_1.0_gens_20000000_210210-163434.806
      From worker 3:	
      From worker 3:	starting b_1.0_c_0.2_N_40_M_1_K_1_P_2_beta_0.0001_u_0.001_v_0.001_p_1.0_ϵ_1.0_gens_20000000_210210-163434.806
      From worker 7:	
      From worker 7:	starting b_1.0_c_0.2_N_40_M_1_K_1_P_2_beta_0.01_u_0.001_v_0.001_p_1.0_ϵ_1.0_gens_20000000_210210-163434.806
      From worker 13:	
      From worker 13:	starting b_1.0_c_0.2_N_40_M_1_K_1_P_2_beta_0.01_u_0.001_v_0.025_p_0.0_ϵ_1.0_gens_20000000_210210-163434.806
      From worker 9:	
      From worker 9:	starting b_1.0_c_0.2_N_40_M_1_K_1_P_2_beta_0.1_u_0.001_v_0.001_p_1.0_ϵ_1.0_gens_20000000_210210-163434.806
      From worker 15:	
      From worker 15:	starting b_1.0_c_0.2_N_40_M_1_K_1_P_2_beta_0.1_u_0.001_v_0.025_p_0.0_ϵ_1.0_gens_20000000_210210-163434.806
      From worker 11:	
      From worker 11:	starting b_1.0_c_0.2_N_40_M_1_K_1_P_2_beta_0.0001_u_0.001_v_0.025_p_1.0_ϵ_1.0_gens_20000000_210210-163434.806
      From worker 16:	
      From worker 16:	starting b_1.0_c_0.2_N_40_M_1_K_1_P_2_beta_0.1_u_0.001_v_0.025_p_0.0_ϵ_1.0_gens_20000000_210210-163434.806
      From worker 14:	
      From worker 14:	starting b_1.0_c_0.2_N_40_M_1_K_1_P_2_beta_0.01_u_0.001_v_0.025_p_0.0_ϵ_1.0_gens_20000000_210210-163434.806
      From worker 12:	
      From worker 12:	starting b_1.0_c_0.2_N_40_M_1_K_1_P_2_beta_0.001_u_0.001_v_0.025_p_0.0_ϵ_1.0_gens_20000000_210210-163434.806
      From worker 10:	
      From worker 10:	starting b_1.0_c_0.2_N_40_M_1_K_1_P_2_beta_0.0001_u_0.001_v_0.025_p_0.0_ϵ_1.0_gens_20000000_210210-163434.806
      From worker 2:	
      From worker 2:	starting b_1.0_c_0.2_N_40_M_1_K_1_P_2_beta_0.0001_u_0.001_v_0.001_p_0.0_ϵ_1.0_gens_20000000_210210-163434.806
      From worker 8:	
      From worker 8:	starting b_1.0_c_0.2_N_40_M_1_K_1_P_2_beta_0.1_u_0.001_v_0.001_p_0.0_ϵ_1.0_gens_20000000_210210-163434.806
      From worker 5:	replicate complete, ran 20000000 generations:
      From worker 5:	
      From worker 5:		num_imitating:			9745343
      From worker 5:		num_not_imitating:		10254657
      From worker 5:		num_strategies_changed:  	143356
      From worker 5:			num_random_strategies: 	9751
      From worker 5:		num_sets_changed: 		0
      From worker 5:			num_random_opinions: 	0
      From worker 5:			num_biased_opinions: 	9659
      From worker 5:		num_both_changed: 		0
      From worker 5:	
      From worker 3:	replicate complete, ran 20000000 generations:
      From worker 3:	
      From worker 3:		num_imitating:			9740600
      From worker 3:		num_not_imitating:		10259400
      From worker 3:		num_strategies_changed:  	142080
      From worker 3:			num_random_strategies: 	9651
      From worker 3:		num_sets_changed: 		0
      From worker 3:			num_random_opinions: 	0
      From worker 3:			num_biased_opinions: 	9932
      From worker 3:		num_both_changed: 		0
      From worker 3:	
      From worker 9:	replicate complete, ran 20000000 generations:
      From worker 9:	
      From worker 9:		num_imitating:			9746924
      From worker 9:		num_not_imitating:		10253076
      From worker 9:		num_strategies_changed:  	32037
      From worker 9:			num_random_strategies: 	9581
      From worker 9:		num_sets_changed: 		0
      From worker 9:			num_random_opinions: 	0
      From worker 9:			num_biased_opinions: 	9811
      From worker 9:		num_both_changed: 		0
      From worker 9:	
      From worker 11:	replicate complete, ran 20000000 generations:
      From worker 11:	
      From worker 11:		num_imitating:			9745409
      From worker 11:		num_not_imitating:		10254591
      From worker 11:		num_strategies_changed:  	139278
      From worker 11:			num_random_strategies: 	9568
      From worker 11:		num_sets_changed: 		0
      From worker 11:			num_random_opinions: 	0
      From worker 11:			num_biased_opinions: 	243479
      From worker 11:		num_both_changed: 		0
      From worker 11:	
      From worker 7:	replicate complete, ran 20000000 generations:
      From worker 7:	
      From worker 7:		num_imitating:			9743583
      From worker 7:		num_not_imitating:		10256417
      From worker 7:		num_strategies_changed:  	131135
      From worker 7:			num_random_strategies: 	9744
      From worker 7:		num_sets_changed: 		0
      From worker 7:			num_random_opinions: 	0
      From worker 7:			num_biased_opinions: 	9625
      From worker 7:		num_both_changed: 		0
      From worker 7:	
      From worker 2:	replicate complete, ran 20000000 generations:
      From worker 2:	
      From worker 2:		num_imitating:			20000000
      From worker 2:		num_not_imitating:		0
      From worker 2:		num_strategies_changed:  	587122
      From worker 2:			num_random_strategies: 	20067
      From worker 2:		num_sets_changed: 		404122
      From worker 2:			num_random_opinions: 	19988
      From worker 2:			num_biased_opinions: 	0
      From worker 2:		num_both_changed: 		20659
      From worker 2:	
      From worker 4:	replicate complete, ran 20000000 generations:
      From worker 4:	
      From worker 4:		num_imitating:			20000000
      From worker 4:		num_not_imitating:		0
      From worker 4:		num_strategies_changed:  	563653
      From worker 4:			num_random_strategies: 	19918
      From worker 4:		num_sets_changed: 		391207
      From worker 4:			num_random_opinions: 	20091
      From worker 4:			num_biased_opinions: 	0
      From worker 4:		num_both_changed: 		27821
      From worker 4:	
      From worker 6:	replicate complete, ran 20000000 generations:
      From worker 6:	
      From worker 6:		num_imitating:			20000000
      From worker 6:		num_not_imitating:		0
      From worker 6:		num_strategies_changed:  	409620
      From worker 6:			num_random_strategies: 	19825
      From worker 6:		num_sets_changed: 		882668
      From worker 6:			num_random_opinions: 	20116
      From worker 6:			num_biased_opinions: 	0
      From worker 6:		num_both_changed: 		28389
      From worker 6:	
      From worker 8:	replicate complete, ran 20000000 generations:
      From worker 8:	
      From worker 8:		num_imitating:			20000000
      From worker 8:		num_not_imitating:		0
      From worker 8:		num_strategies_changed:  	230247
      From worker 8:			num_random_strategies: 	20084
      From worker 8:		num_sets_changed: 		1348332
      From worker 8:			num_random_opinions: 	20122
      From worker 8:			num_biased_opinions: 	0
      From worker 8:		num_both_changed: 		22845
      From worker 8:	
      From worker 12:	replicate complete, ran 20000000 generations:
      From worker 12:	
      From worker 12:		num_imitating:			20000000
      From worker 12:		num_not_imitating:		0
      From worker 12:		num_strategies_changed:  	560015
      From worker 12:			num_random_strategies: 	19857
      From worker 12:		num_sets_changed: 		5139683
      From worker 12:			num_random_opinions: 	499910
      From worker 12:			num_biased_opinions: 	0
      From worker 12:		num_both_changed: 		215731
      From worker 12:	
      From worker 13:	replicate complete, ran 20000000 generations:
      From worker 13:	
      From worker 13:		num_imitating:			20000000
      From worker 13:		num_not_imitating:		0
      From worker 13:		num_strategies_changed:  	452196
      From worker 13:			num_random_strategies: 	20042
      From worker 13:		num_sets_changed: 		4956812
      From worker 13:			num_random_opinions: 	500224
      From worker 13:			num_biased_opinions: 	0
      From worker 13:		num_both_changed: 		154017
      From worker 13:	
      From worker 15:	replicate complete, ran 20000000 generations:
      From worker 15:	
      From worker 15:		num_imitating:			20000000
      From worker 15:		num_not_imitating:		0
      From worker 15:		num_strategies_changed:  	84487
      From worker 15:			num_random_strategies: 	19954
      From worker 15:		num_sets_changed: 		5123518
      From worker 15:			num_random_opinions: 	500188
      From worker 15:			num_biased_opinions: 	0
      From worker 15:		num_both_changed: 		22430
      From worker 15:	
      From worker 14:	replicate complete, ran 20000000 generations:
      From worker 14:	
      From worker 14:		num_imitating:			20000000
      From worker 14:		num_not_imitating:		0
      From worker 14:		num_strategies_changed:  	460238
      From worker 14:			num_random_strategies: 	20285
      From worker 14:		num_sets_changed: 		5018737
      From worker 14:			num_random_opinions: 	500304
      From worker 14:			num_biased_opinions: 	0
      From worker 14:		num_both_changed: 		153813
      From worker 14:	
      From worker 10:	replicate complete, ran 20000000 generations:
      From worker 10:	
      From worker 10:		num_imitating:			20000000
      From worker 10:		num_not_imitating:		0
      From worker 10:		num_strategies_changed:  	550883
      From worker 10:			num_random_strategies: 	20228
      From worker 10:		num_sets_changed: 		5136080
      From worker 10:			num_random_opinions: 	499734
      From worker 10:			num_biased_opinions: 	0
      From worker 10:		num_both_changed: 		200747
      From worker 10:	
      From worker 16:	replicate complete, ran 20000000 generations:
      From worker 16:	
      From worker 16:		num_imitating:			20000000
      From worker 16:		num_not_imitating:		0
      From worker 16:		num_strategies_changed:  	82943
      From worker 16:			num_random_strategies: 	19938
      From worker 16:		num_sets_changed: 		5161328
      From worker 16:			num_random_opinions: 	499208
      From worker 16:			num_biased_opinions: 	0
      From worker 16:		num_both_changed: 		22353
      From worker 16:	
