packages loaded
      From worker 4:	 Activating environment at `/tigress/mk28/CooperationPolarization2/Project.toml`
      From worker 5:	 Activating environment at `/tigress/mk28/CooperationPolarization2/Project.toml`
      From worker 2:	 Activating environment at `/tigress/mk28/CooperationPolarization2/Project.toml`
      From worker 6:	 Activating environment at `/tigress/mk28/CooperationPolarization2/Project.toml`
      From worker 3:	 Activating environment at `/tigress/mk28/CooperationPolarization2/Project.toml`
      From worker 15:	 Activating environment at `/tigress/mk28/CooperationPolarization2/Project.toml`
      From worker 11:	 Activating environment at `/tigress/mk28/CooperationPolarization2/Project.toml`
      From worker 8:	 Activating environment at `/tigress/mk28/CooperationPolarization2/Project.toml`
      From worker 12:	 Activating environment at `/tigress/mk28/CooperationPolarization2/Project.toml`
      From worker 9:	 Activating environment at `/tigress/mk28/CooperationPolarization2/Project.toml`
      From worker 10:	 Activating environment at `/tigress/mk28/CooperationPolarization2/Project.toml`
      From worker 16:	 Activating environment at `/tigress/mk28/CooperationPolarization2/Project.toml`
      From worker 13:	 Activating environment at `/tigress/mk28/CooperationPolarization2/Project.toml`
      From worker 14:	 Activating environment at `/tigress/mk28/CooperationPolarization2/Project.toml`
      From worker 7:	 Activating environment at `/tigress/mk28/CooperationPolarization2/Project.toml`
      From worker 5:	packages loaded
      From worker 16:	packages loaded
      From worker 4:	packages loaded
      From worker 2:	packages loaded
      From worker 10:	packages loaded
      From worker 9:	packages loaded
      From worker 11:	packages loaded
      From worker 15:	packages loaded
      From worker 12:	packages loaded
      From worker 8:	packages loaded
      From worker 3:	packages loaded
      From worker 6:	packages loaded
      From worker 14:	packages loaded
      From worker 13:	packages loaded
      From worker 7:	packages loaded
parameters defined
      From worker 12:	
      From worker 12:	starting b_1.0_c_0.2_N_40_M_4_K_4_P_2_beta_0.001_u_0.001_v_0.1_p_0.0_ϵ_1.0_gens_20000000_210213-162453.482
      From worker 16:	
      From worker 16:	starting b_1.0_c_0.2_N_40_M_4_K_4_P_2_beta_0.001_u_0.001_v_0.1_p_0.0_ϵ_1.0_gens_20000000_210213-162453.482
      From worker 4:	
      From worker 4:	starting b_1.0_c_0.2_N_40_M_4_K_4_P_2_beta_0.001_u_0.001_v_0.001_p_0.0_ϵ_1.0_gens_20000000_210213-162453.482
      From worker 6:	
      From worker 6:	starting b_1.0_c_0.2_N_40_M_4_K_4_P_2_beta_0.001_u_0.001_v_0.001_p_0.0_ϵ_1.0_gens_20000000_210213-162453.482
      From worker 2:	
      From worker 2:	starting b_1.0_c_0.2_N_40_M_4_K_4_P_2_beta_0.001_u_0.001_v_0.001_p_0.0_ϵ_1.0_gens_20000000_210213-162453.482
      From worker 5:	
      From worker 5:	starting b_1.0_c_0.2_N_40_M_4_K_4_P_2_beta_0.001_u_0.001_v_0.001_p_0.0_ϵ_1.0_gens_20000000_210213-162453.482
      From worker 10:	
      From worker 10:	starting b_1.0_c_0.2_N_40_M_4_K_4_P_2_beta_0.001_u_0.001_v_0.025_p_0.0_ϵ_1.0_gens_20000000_210213-162453.482
      From worker 11:	
      From worker 11:	starting b_1.0_c_0.2_N_40_M_4_K_4_P_2_beta_0.001_u_0.001_v_0.025_p_0.0_ϵ_1.0_gens_20000000_210213-162453.482
      From worker 14:	
      From worker 14:	starting b_1.0_c_0.2_N_40_M_4_K_4_P_2_beta_0.001_u_0.001_v_0.1_p_0.0_ϵ_1.0_gens_20000000_210213-162453.482
      From worker 13:	
      From worker 13:	starting b_1.0_c_0.2_N_40_M_4_K_4_P_2_beta_0.001_u_0.001_v_0.1_p_0.0_ϵ_1.0_gens_20000000_210213-162453.482
      From worker 3:	
      From worker 3:	starting b_1.0_c_0.2_N_40_M_4_K_4_P_2_beta_0.001_u_0.001_v_0.001_p_0.0_ϵ_1.0_gens_20000000_210213-162453.482
      From worker 9:	
      From worker 9:	starting b_1.0_c_0.2_N_40_M_4_K_4_P_2_beta_0.001_u_0.001_v_0.025_p_0.0_ϵ_1.0_gens_20000000_210213-162453.482
      From worker 7:	
      From worker 7:	starting b_1.0_c_0.2_N_40_M_4_K_4_P_2_beta_0.001_u_0.001_v_0.025_p_0.0_ϵ_1.0_gens_20000000_210213-162453.482
      From worker 8:	
      From worker 8:	starting b_1.0_c_0.2_N_40_M_4_K_4_P_2_beta_0.001_u_0.001_v_0.025_p_0.0_ϵ_1.0_gens_20000000_210213-162453.482
      From worker 15:	
      From worker 15:	starting b_1.0_c_0.2_N_40_M_4_K_4_P_2_beta_0.001_u_0.001_v_0.1_p_0.0_ϵ_1.0_gens_20000000_210213-162453.482
      From worker 6:	replicate complete, ran 20000000 generations:
      From worker 6:	
      From worker 6:		num_imitating:			20000000
      From worker 6:		num_not_imitating:		0
      From worker 6:		num_strategies_changed:  	535172
      From worker 6:			num_random_strategies: 	20130
      From worker 6:		num_sets_changed: 		814045
      From worker 6:			num_random_opinions: 	20123
      From worker 6:			num_biased_opinions: 	0
      From worker 6:		num_both_changed: 		39878
      From worker 6:	
      From worker 4:	replicate complete, ran 20000000 generations:
      From worker 4:	
      From worker 4:		num_imitating:			20000000
      From worker 4:		num_not_imitating:		0
      From worker 4:		num_strategies_changed:  	546636
      From worker 4:			num_random_strategies: 	20124
      From worker 4:		num_sets_changed: 		822783
      From worker 4:			num_random_opinions: 	20032
      From worker 4:			num_biased_opinions: 	0
      From worker 4:		num_both_changed: 		41226
      From worker 4:	
      From worker 6:	data processed and exported
      From worker 4:	data processed and exported
      From worker 3:	replicate complete, ran 20000000 generations:
      From worker 3:	
      From worker 3:		num_imitating:			20000000
      From worker 3:		num_not_imitating:		0
      From worker 3:		num_strategies_changed:  	541656
      From worker 3:			num_random_strategies: 	20090
      From worker 3:		num_sets_changed: 		822154
      From worker 3:			num_random_opinions: 	20250
      From worker 3:			num_biased_opinions: 	0
      From worker 3:		num_both_changed: 		33476
      From worker 3:	
      From worker 6:	
      From worker 6:	starting b_1.0_c_0.2_N_40_M_4_K_4_P_2_beta_0.001_u_0.001_v_0.001_p_0.25_ϵ_1.0_gens_20000000_210213-162453.482
      From worker 5:	replicate complete, ran 20000000 generations:
      From worker 5:	
      From worker 5:		num_imitating:			20000000
      From worker 5:		num_not_imitating:		0
      From worker 5:		num_strategies_changed:  	551861
      From worker 5:			num_random_strategies: 	19779
      From worker 5:		num_sets_changed: 		836893
      From worker 5:			num_random_opinions: 	19929
      From worker 5:			num_biased_opinions: 	0
      From worker 5:		num_both_changed: 		37400
      From worker 5:	
      From worker 2:	replicate complete, ran 20000000 generations:
      From worker 2:	
      From worker 2:		num_imitating:			20000000
      From worker 2:		num_not_imitating:		0
      From worker 2:		num_strategies_changed:  	563214
      From worker 2:			num_random_strategies: 	20191
      From worker 2:		num_sets_changed: 		846921
      From worker 2:			num_random_opinions: 	20157
      From worker 2:			num_biased_opinions: 	0
      From worker 2:		num_both_changed: 		41324
      From worker 2:	
      From worker 4:	
      From worker 4:	starting b_1.0_c_0.2_N_40_M_4_K_4_P_2_beta_0.001_u_0.001_v_0.001_p_0.25_ϵ_1.0_gens_20000000_210213-162453.482
      From worker 3:	data processed and exported
      From worker 5:	data processed and exported
      From worker 2:	data processed and exported
      From worker 3:	
      From worker 3:	starting b_1.0_c_0.2_N_40_M_4_K_4_P_2_beta_0.001_u_0.001_v_0.001_p_0.25_ϵ_1.0_gens_20000000_210213-162453.482
      From worker 5:	
      From worker 5:	starting b_1.0_c_0.2_N_40_M_4_K_4_P_2_beta_0.001_u_0.001_v_0.001_p_0.25_ϵ_1.0_gens_20000000_210213-162453.482
      From worker 2:	
      From worker 2:	starting b_1.0_c_0.2_N_40_M_4_K_4_P_2_beta_0.001_u_0.001_v_0.001_p_0.25_ϵ_1.0_gens_20000000_210213-162453.482
      From worker 4:	replicate complete, ran 20000000 generations:
      From worker 4:	
      From worker 4:		num_imitating:			17500556
      From worker 4:		num_not_imitating:		2499444
      From worker 4:		num_strategies_changed:  	453132
      From worker 4:			num_random_strategies: 	17462
      From worker 4:		num_sets_changed: 		684984
      From worker 4:			num_random_opinions: 	13153
      From worker 4:			num_biased_opinions: 	4406
      From worker 4:		num_both_changed: 		31634
      From worker 4:	
      From worker 6:	replicate complete, ran 20000000 generations:
      From worker 6:	
      From worker 6:		num_imitating:			17502427
      From worker 6:		num_not_imitating:		2497573
      From worker 6:		num_strategies_changed:  	443962
      From worker 6:			num_random_strategies: 	17680
      From worker 6:		num_sets_changed: 		722490
      From worker 6:			num_random_opinions: 	13043
      From worker 6:			num_biased_opinions: 	4330
      From worker 6:		num_both_changed: 		31314
      From worker 6:	
      From worker 4:	data processed and exported
      From worker 4:	
      From worker 4:	starting b_1.0_c_0.2_N_40_M_4_K_4_P_2_beta_0.001_u_0.001_v_0.001_p_0.5_ϵ_1.0_gens_20000000_210213-162453.482
      From worker 6:	data processed and exported
      From worker 6:	
      From worker 6:	starting b_1.0_c_0.2_N_40_M_4_K_4_P_2_beta_0.001_u_0.001_v_0.001_p_0.5_ϵ_1.0_gens_20000000_210213-162453.482
      From worker 5:	replicate complete, ran 20000000 generations:
      From worker 5:	
      From worker 5:		num_imitating:			17500156
      From worker 5:		num_not_imitating:		2499844
      From worker 5:		num_strategies_changed:  	464107
      From worker 5:			num_random_strategies: 	17352
      From worker 5:		num_sets_changed: 		673850
      From worker 5:			num_random_opinions: 	13289
      From worker 5:			num_biased_opinions: 	4363
      From worker 5:		num_both_changed: 		30012
      From worker 5:	
      From worker 5:	data processed and exported
      From worker 5:	
      From worker 5:	starting b_1.0_c_0.2_N_40_M_4_K_4_P_2_beta_0.001_u_0.001_v_0.001_p_0.5_ϵ_1.0_gens_20000000_210213-162453.482
      From worker 3:	replicate complete, ran 20000000 generations:
      From worker 3:	
      From worker 3:		num_imitating:			17500467
      From worker 3:		num_not_imitating:		2499533
      From worker 3:		num_strategies_changed:  	449417
      From worker 3:			num_random_strategies: 	17599
      From worker 3:		num_sets_changed: 		719081
      From worker 3:			num_random_opinions: 	13056
      From worker 3:			num_biased_opinions: 	4448
      From worker 3:		num_both_changed: 		31616
      From worker 3:	
      From worker 2:	replicate complete, ran 20000000 generations:
      From worker 2:	
      From worker 2:		num_imitating:			17500214
      From worker 2:		num_not_imitating:		2499786
      From worker 2:		num_strategies_changed:  	440929
      From worker 2:			num_random_strategies: 	17274
      From worker 2:		num_sets_changed: 		730549
      From worker 2:			num_random_opinions: 	13127
      From worker 2:			num_biased_opinions: 	4377
      From worker 2:		num_both_changed: 		33836
      From worker 2:	
      From worker 3:	data processed and exported
      From worker 2:	data processed and exported
      From worker 3:	
      From worker 3:	starting b_1.0_c_0.2_N_40_M_4_K_4_P_2_beta_0.001_u_0.001_v_0.001_p_0.5_ϵ_1.0_gens_20000000_210213-162453.482
      From worker 2:	
      From worker 2:	starting b_1.0_c_0.2_N_40_M_4_K_4_P_2_beta_0.001_u_0.001_v_0.001_p_0.5_ϵ_1.0_gens_20000000_210213-162453.482
      From worker 8:	replicate complete, ran 20000000 generations:
      From worker 8:	
      From worker 8:		num_imitating:			20000000
      From worker 8:		num_not_imitating:		0
      From worker 8:		num_strategies_changed:  	555569
      From worker 8:			num_random_strategies: 	20063
      From worker 8:		num_sets_changed: 		9350523
      From worker 8:			num_random_opinions: 	500148
      From worker 8:			num_biased_opinions: 	0
      From worker 8:		num_both_changed: 		376222
      From worker 8:	
      From worker 8:	data processed and exported
      From worker 8:	
      From worker 8:	starting b_1.0_c_0.2_N_40_M_4_K_4_P_2_beta_0.001_u_0.001_v_0.025_p_0.25_ϵ_1.0_gens_20000000_210213-162453.482
      From worker 11:	replicate complete, ran 20000000 generations:
      From worker 11:	
      From worker 11:		num_imitating:			20000000
      From worker 11:		num_not_imitating:		0
      From worker 11:		num_strategies_changed:  	567066
      From worker 11:			num_random_strategies: 	20065
      From worker 11:		num_sets_changed: 		9407924
      From worker 11:			num_random_opinions: 	500340
      From worker 11:			num_biased_opinions: 	0
      From worker 11:		num_both_changed: 		392069
      From worker 11:	
      From worker 11:	data processed and exported
      From worker 11:	
      From worker 11:	starting b_1.0_c_0.2_N_40_M_4_K_4_P_2_beta_0.001_u_0.001_v_0.025_p_0.25_ϵ_1.0_gens_20000000_210213-162453.482
      From worker 10:	replicate complete, ran 20000000 generations:
      From worker 10:	
      From worker 10:		num_imitating:			20000000
      From worker 10:		num_not_imitating:		0
      From worker 10:		num_strategies_changed:  	565313
      From worker 10:			num_random_strategies: 	20155
      From worker 10:		num_sets_changed: 		9375527
      From worker 10:			num_random_opinions: 	499489
      From worker 10:			num_biased_opinions: 	0
      From worker 10:		num_both_changed: 		385447
      From worker 10:	
      From worker 10:	data processed and exported
      From worker 10:	
      From worker 10:	starting b_1.0_c_0.2_N_40_M_4_K_4_P_2_beta_0.001_u_0.001_v_0.025_p_0.25_ϵ_1.0_gens_20000000_210213-162453.482
      From worker 7:	replicate complete, ran 20000000 generations:
      From worker 7:	
      From worker 7:		num_imitating:			20000000
      From worker 7:		num_not_imitating:		0
      From worker 7:		num_strategies_changed:  	576533
      From worker 7:			num_random_strategies: 	20155
      From worker 7:		num_sets_changed: 		9409097
      From worker 7:			num_random_opinions: 	500257
      From worker 7:			num_biased_opinions: 	0
      From worker 7:		num_both_changed: 		400667
      From worker 7:	
      From worker 9:	replicate complete, ran 20000000 generations:
      From worker 9:	
      From worker 9:		num_imitating:			20000000
      From worker 9:		num_not_imitating:		0
      From worker 9:		num_strategies_changed:  	542811
      From worker 9:			num_random_strategies: 	19796
      From worker 9:		num_sets_changed: 		9447537
      From worker 9:			num_random_opinions: 	501102
      From worker 9:			num_biased_opinions: 	0
      From worker 9:		num_both_changed: 		370806
      From worker 9:	
      From worker 7:	data processed and exported
      From worker 9:	data processed and exported
      From worker 7:	
      From worker 7:	starting b_1.0_c_0.2_N_40_M_4_K_4_P_2_beta_0.001_u_0.001_v_0.025_p_0.25_ϵ_1.0_gens_20000000_210213-162453.482
      From worker 9:	
      From worker 9:	starting b_1.0_c_0.2_N_40_M_4_K_4_P_2_beta_0.001_u_0.001_v_0.025_p_0.25_ϵ_1.0_gens_20000000_210213-162453.482
      From worker 4:	replicate complete, ran 20000000 generations:
      From worker 4:	
      From worker 4:		num_imitating:			15001845
      From worker 4:		num_not_imitating:		4998155
      From worker 4:		num_strategies_changed:  	413964
      From worker 4:			num_random_strategies: 	15115
      From worker 4:		num_sets_changed: 		559412
      From worker 4:			num_random_opinions: 	7355
      From worker 4:			num_biased_opinions: 	7645
      From worker 4:		num_both_changed: 		27811
      From worker 4:	
      From worker 6:	replicate complete, ran 20000000 generations:
      From worker 6:	
      From worker 6:		num_imitating:			15000900
      From worker 6:		num_not_imitating:		4999100
      From worker 6:		num_strategies_changed:  	414308
      From worker 6:			num_random_strategies: 	15129
      From worker 6:		num_sets_changed: 		543987
      From worker 6:			num_random_opinions: 	7414
      From worker 6:			num_biased_opinions: 	7503
      From worker 6:		num_both_changed: 		29722
      From worker 6:	
      From worker 4:	data processed and exported
      From worker 6:	data processed and exported
      From worker 4:	
      From worker 4:	starting b_1.0_c_0.2_N_40_M_4_K_4_P_2_beta_0.001_u_0.001_v_0.001_p_0.75_ϵ_1.0_gens_20000000_210213-162453.482
      From worker 6:	
      From worker 6:	starting b_1.0_c_0.2_N_40_M_4_K_4_P_2_beta_0.001_u_0.001_v_0.001_p_0.75_ϵ_1.0_gens_20000000_210213-162453.482
      From worker 5:	replicate complete, ran 20000000 generations:
      From worker 5:	
      From worker 5:		num_imitating:			14998460
      From worker 5:		num_not_imitating:		5001540
      From worker 5:		num_strategies_changed:  	415838
      From worker 5:			num_random_strategies: 	15111
      From worker 5:		num_sets_changed: 		583602
      From worker 5:			num_random_opinions: 	7586
      From worker 5:			num_biased_opinions: 	7591
      From worker 5:		num_both_changed: 		35689
      From worker 5:	
      From worker 3:	replicate complete, ran 20000000 generations:
      From worker 3:	
      From worker 3:		num_imitating:			14998640
      From worker 3:		num_not_imitating:		5001360
      From worker 3:		num_strategies_changed:  	383401
      From worker 3:			num_random_strategies: 	14956
      From worker 3:		num_sets_changed: 		541234
      From worker 3:			num_random_opinions: 	7516
      From worker 3:			num_biased_opinions: 	7397
      From worker 3:		num_both_changed: 		26888
      From worker 3:	
      From worker 2:	replicate complete, ran 20000000 generations:
      From worker 2:	
      From worker 2:		num_imitating:			15001268
      From worker 2:		num_not_imitating:		4998732
      From worker 2:		num_strategies_changed:  	416965
      From worker 2:			num_random_strategies: 	15115
      From worker 2:		num_sets_changed: 		569758
      From worker 2:			num_random_opinions: 	7404
      From worker 2:			num_biased_opinions: 	7410
      From worker 2:		num_both_changed: 		28429
      From worker 2:	
      From worker 5:	data processed and exported
      From worker 3:	data processed and exported
      From worker 5:	
      From worker 5:	starting b_1.0_c_0.2_N_40_M_4_K_4_P_2_beta_0.001_u_0.001_v_0.001_p_0.75_ϵ_1.0_gens_20000000_210213-162453.482
      From worker 3:	
      From worker 3:	starting b_1.0_c_0.2_N_40_M_4_K_4_P_2_beta_0.001_u_0.001_v_0.001_p_0.75_ϵ_1.0_gens_20000000_210213-162453.482
      From worker 2:	data processed and exported
      From worker 2:	
      From worker 2:	starting b_1.0_c_0.2_N_40_M_4_K_4_P_2_beta_0.001_u_0.001_v_0.001_p_0.75_ϵ_1.0_gens_20000000_210213-162453.482
      From worker 16:	replicate complete, ran 20000000 generations:
      From worker 16:	
      From worker 16:		num_imitating:			20000000
      From worker 16:		num_not_imitating:		0
      From worker 16:		num_strategies_changed:  	571028
      From worker 16:			num_random_strategies: 	20478
      From worker 16:		num_sets_changed: 		15272538
      From worker 16:			num_random_opinions: 	2002711
      From worker 16:			num_biased_opinions: 	0
      From worker 16:		num_both_changed: 		514700
      From worker 16:	
      From worker 16:	data processed and exported
      From worker 12:	replicate complete, ran 20000000 generations:
      From worker 12:	
      From worker 12:		num_imitating:			20000000
      From worker 12:		num_not_imitating:		0
      From worker 12:		num_strategies_changed:  	555108
      From worker 12:			num_random_strategies: 	20083
      From worker 12:		num_sets_changed: 		15290618
      From worker 12:			num_random_opinions: 	2000578
      From worker 12:			num_biased_opinions: 	0
      From worker 12:		num_both_changed: 		498588
      From worker 12:	
      From worker 16:	
      From worker 16:	starting b_1.0_c_0.2_N_40_M_4_K_4_P_2_beta_0.001_u_0.001_v_0.1_p_0.25_ϵ_1.0_gens_20000000_210213-162453.482
      From worker 12:	data processed and exported
      From worker 12:	
      From worker 12:	starting b_1.0_c_0.2_N_40_M_4_K_4_P_2_beta_0.001_u_0.001_v_0.1_p_0.25_ϵ_1.0_gens_20000000_210213-162453.482
      From worker 14:	replicate complete, ran 20000000 generations:
      From worker 14:	
      From worker 14:		num_imitating:			20000000
      From worker 14:		num_not_imitating:		0
      From worker 14:		num_strategies_changed:  	552352
      From worker 14:			num_random_strategies: 	19999
      From worker 14:		num_sets_changed: 		15271173
      From worker 14:			num_random_opinions: 	2001268
      From worker 14:			num_biased_opinions: 	0
      From worker 14:		num_both_changed: 		496734
      From worker 14:	
      From worker 13:	replicate complete, ran 20000000 generations:
      From worker 13:	
      From worker 13:		num_imitating:			20000000
      From worker 13:		num_not_imitating:		0
      From worker 13:		num_strategies_changed:  	565904
      From worker 13:			num_random_strategies: 	20120
      From worker 13:		num_sets_changed: 		15266444
      From worker 13:			num_random_opinions: 	2001816
      From worker 13:			num_biased_opinions: 	0
      From worker 13:		num_both_changed: 		508522
      From worker 13:	
      From worker 14:	data processed and exported
      From worker 14:	
      From worker 14:	starting b_1.0_c_0.2_N_40_M_4_K_4_P_2_beta_0.001_u_0.001_v_0.1_p_0.25_ϵ_1.0_gens_20000000_210213-162453.482
      From worker 13:	data processed and exported
      From worker 13:	
      From worker 13:	starting b_1.0_c_0.2_N_40_M_4_K_4_P_2_beta_0.001_u_0.001_v_0.1_p_0.25_ϵ_1.0_gens_20000000_210213-162453.482
      From worker 15:	replicate complete, ran 20000000 generations:
      From worker 15:	
      From worker 15:		num_imitating:			20000000
      From worker 15:		num_not_imitating:		0
      From worker 15:		num_strategies_changed:  	545195
      From worker 15:			num_random_strategies: 	20116
      From worker 15:		num_sets_changed: 		15277175
      From worker 15:			num_random_opinions: 	2001637
      From worker 15:			num_biased_opinions: 	0
      From worker 15:		num_both_changed: 		490271
      From worker 15:	
      From worker 15:	data processed and exported
      From worker 15:	
      From worker 15:	starting b_1.0_c_0.2_N_40_M_4_K_4_P_2_beta_0.001_u_0.001_v_0.1_p_0.25_ϵ_1.0_gens_20000000_210213-162453.482
      From worker 6:	replicate complete, ran 20000000 generations:
      From worker 6:	
      From worker 6:		num_imitating:			12497795
      From worker 6:		num_not_imitating:		7502205
      From worker 6:		num_strategies_changed:  	325835
      From worker 6:			num_random_strategies: 	12546
      From worker 6:		num_sets_changed: 		410630
      From worker 6:			num_random_opinions: 	3058
      From worker 6:			num_biased_opinions: 	9468
      From worker 6:		num_both_changed: 		24171
      From worker 6:	
      From worker 4:	replicate complete, ran 20000000 generations:
      From worker 4:	
      From worker 4:		num_imitating:			12501689
      From worker 4:		num_not_imitating:		7498311
      From worker 4:		num_strategies_changed:  	319542
      From worker 4:			num_random_strategies: 	12436
      From worker 4:		num_sets_changed: 		410087
      From worker 4:			num_random_opinions: 	3208
      From worker 4:			num_biased_opinions: 	9517
      From worker 4:		num_both_changed: 		17244
      From worker 4:	
      From worker 6:	data processed and exported
      From worker 6:	
      From worker 6:	starting b_1.0_c_0.2_N_40_M_4_K_4_P_2_beta_0.001_u_0.001_v_0.001_p_1.0_ϵ_1.0_gens_20000000_210213-162453.482
      From worker 4:	data processed and exported
      From worker 4:	
      From worker 4:	starting b_1.0_c_0.2_N_40_M_4_K_4_P_2_beta_0.001_u_0.001_v_0.001_p_1.0_ϵ_1.0_gens_20000000_210213-162453.482
      From worker 3:	replicate complete, ran 20000000 generations:
      From worker 3:	
      From worker 3:		num_imitating:			12500648
      From worker 3:		num_not_imitating:		7499352
      From worker 3:		num_strategies_changed:  	307312
      From worker 3:			num_random_strategies: 	12167
      From worker 3:		num_sets_changed: 		376331
      From worker 3:			num_random_opinions: 	3088
      From worker 3:			num_biased_opinions: 	9324
      From worker 3:		num_both_changed: 		16460
      From worker 3:	
      From worker 2:	replicate complete, ran 20000000 generations:
      From worker 2:	
      From worker 2:		num_imitating:			12499605
      From worker 2:		num_not_imitating:		7500395
      From worker 2:		num_strategies_changed:  	335935
      From worker 2:			num_random_strategies: 	12558
      From worker 2:		num_sets_changed: 		396564
      From worker 2:			num_random_opinions: 	3090
      From worker 2:			num_biased_opinions: 	9358
      From worker 2:		num_both_changed: 		19640
      From worker 2:	
      From worker 5:	replicate complete, ran 20000000 generations:
      From worker 5:	
      From worker 5:		num_imitating:			12498952
      From worker 5:		num_not_imitating:		7501048
      From worker 5:		num_strategies_changed:  	336374
      From worker 5:			num_random_strategies: 	12754
      From worker 5:		num_sets_changed: 		427352
      From worker 5:			num_random_opinions: 	3142
      From worker 5:			num_biased_opinions: 	9316
      From worker 5:		num_both_changed: 		20757
      From worker 5:	
      From worker 3:	data processed and exported
      From worker 5:	data processed and exported
      From worker 2:	data processed and exported
      From worker 3:	
      From worker 3:	starting b_1.0_c_0.2_N_40_M_4_K_4_P_2_beta_0.001_u_0.001_v_0.001_p_1.0_ϵ_1.0_gens_20000000_210213-162453.482
      From worker 5:	
      From worker 5:	starting b_1.0_c_0.2_N_40_M_4_K_4_P_2_beta_0.001_u_0.001_v_0.001_p_1.0_ϵ_1.0_gens_20000000_210213-162453.482
      From worker 2:	
      From worker 2:	starting b_1.0_c_0.2_N_40_M_4_K_4_P_2_beta_0.001_u_0.001_v_0.001_p_1.0_ϵ_1.0_gens_20000000_210213-162453.482
      From worker 6:	replicate complete, ran 20000000 generations:
      From worker 6:	
      From worker 6:		num_imitating:			10001828
      From worker 6:		num_not_imitating:		9998172
      From worker 6:		num_strategies_changed:  	146837
      From worker 6:			num_random_strategies: 	10094
      From worker 6:		num_sets_changed: 		0
      From worker 6:			num_random_opinions: 	0
      From worker 6:			num_biased_opinions: 	9941
      From worker 6:		num_both_changed: 		0
      From worker 6:	
      From worker 4:	replicate complete, ran 20000000 generations:
      From worker 4:	
      From worker 4:		num_imitating:			9999832
      From worker 4:		num_not_imitating:		10000168
      From worker 4:		num_strategies_changed:  	150492
      From worker 4:			num_random_strategies: 	9900
      From worker 4:		num_sets_changed: 		0
      From worker 4:			num_random_opinions: 	0
      From worker 4:			num_biased_opinions: 	10061
      From worker 4:		num_both_changed: 		0
      From worker 4:	
      From worker 6:	data processed and exported
      From worker 6:	
      From worker 6:	starting b_1.0_c_0.2_N_40_M_4_K_4_P_2_beta_0.001_u_0.001_v_0.001_p_0.0_ϵ_1.0_gens_20000000_210213-162453.482
      From worker 4:	data processed and exported
      From worker 4:	
      From worker 4:	starting b_1.0_c_0.2_N_40_M_4_K_4_P_2_beta_0.001_u_0.001_v_0.001_p_0.0_ϵ_1.0_gens_20000000_210213-162453.482
      From worker 3:	replicate complete, ran 20000000 generations:
      From worker 3:	
      From worker 3:		num_imitating:			9997975
      From worker 3:		num_not_imitating:		10002025
      From worker 3:		num_strategies_changed:  	144890
      From worker 3:			num_random_strategies: 	9994
      From worker 3:		num_sets_changed: 		0
      From worker 3:			num_random_opinions: 	0
      From worker 3:			num_biased_opinions: 	9842
      From worker 3:		num_both_changed: 		0
      From worker 3:	
      From worker 2:	replicate complete, ran 20000000 generations:
      From worker 2:	
      From worker 2:		num_imitating:			9997327
      From worker 2:		num_not_imitating:		10002673
      From worker 2:		num_strategies_changed:  	144346
      From worker 2:			num_random_strategies: 	10057
      From worker 2:		num_sets_changed: 		0
      From worker 2:			num_random_opinions: 	0
      From worker 2:			num_biased_opinions: 	9821
      From worker 2:		num_both_changed: 		0
      From worker 2:	
      From worker 5:	replicate complete, ran 20000000 generations:
      From worker 5:	
      From worker 5:		num_imitating:			9998061
      From worker 5:		num_not_imitating:		10001939
      From worker 5:		num_strategies_changed:  	134268
      From worker 5:			num_random_strategies: 	9881
      From worker 5:		num_sets_changed: 		0
      From worker 5:			num_random_opinions: 	0
      From worker 5:			num_biased_opinions: 	10027
      From worker 5:		num_both_changed: 		0
      From worker 5:	
      From worker 3:	data processed and exported
      From worker 2:	data processed and exported
      From worker 3:	
      From worker 3:	starting b_1.0_c_0.2_N_40_M_4_K_4_P_2_beta_0.001_u_0.001_v_0.001_p_0.0_ϵ_1.0_gens_20000000_210213-162453.482
      From worker 5:	data processed and exported
      From worker 2:	
      From worker 2:	starting b_1.0_c_0.2_N_40_M_4_K_4_P_2_beta_0.001_u_0.001_v_0.001_p_0.0_ϵ_1.0_gens_20000000_210213-162453.482
      From worker 5:	
      From worker 5:	starting b_1.0_c_0.2_N_40_M_4_K_4_P_2_beta_0.001_u_0.001_v_0.001_p_0.0_ϵ_1.0_gens_20000000_210213-162453.482
      From worker 10:	replicate complete, ran 20000000 generations:
      From worker 10:	
      From worker 10:		num_imitating:			17502150
      From worker 10:		num_not_imitating:		2497850
      From worker 10:		num_strategies_changed:  	505297
      From worker 10:			num_random_strategies: 	17272
      From worker 10:		num_sets_changed: 		7917764
      From worker 10:			num_random_opinions: 	327180
      From worker 10:			num_biased_opinions: 	109222
      From worker 10:		num_both_changed: 		342118
      From worker 10:	
      From worker 10:	data processed and exported
      From worker 8:	replicate complete, ran 20000000 generations:
      From worker 8:	
      From worker 8:		num_imitating:			17500393
      From worker 8:		num_not_imitating:		2499607
      From worker 8:		num_strategies_changed:  	488517
      From worker 8:			num_random_strategies: 	17307
      From worker 8:		num_sets_changed: 		7913800
      From worker 8:			num_random_opinions: 	328226
      From worker 8:			num_biased_opinions: 	108792
      From worker 8:		num_both_changed: 		322590
      From worker 8:	
      From worker 10:	
      From worker 10:	starting b_1.0_c_0.2_N_40_M_4_K_4_P_2_beta_0.001_u_0.001_v_0.025_p_0.5_ϵ_1.0_gens_20000000_210213-162453.482
      From worker 8:	data processed and exported
      From worker 8:	
      From worker 8:	starting b_1.0_c_0.2_N_40_M_4_K_4_P_2_beta_0.001_u_0.001_v_0.025_p_0.5_ϵ_1.0_gens_20000000_210213-162453.482
      From worker 11:	replicate complete, ran 20000000 generations:
      From worker 11:	
      From worker 11:		num_imitating:			17502236
      From worker 11:		num_not_imitating:		2497764
      From worker 11:		num_strategies_changed:  	504899
      From worker 11:			num_random_strategies: 	17398
      From worker 11:		num_sets_changed: 		7891109
      From worker 11:			num_random_opinions: 	327848
      From worker 11:			num_biased_opinions: 	109326
      From worker 11:		num_both_changed: 		339865
      From worker 11:	
      From worker 11:	data processed and exported
      From worker 11:	
      From worker 11:	starting b_1.0_c_0.2_N_40_M_4_K_4_P_2_beta_0.001_u_0.001_v_0.025_p_0.5_ϵ_1.0_gens_20000000_210213-162453.482
      From worker 7:	replicate complete, ran 20000000 generations:
      From worker 7:	
      From worker 7:		num_imitating:			17500159
      From worker 7:		num_not_imitating:		2499841
      From worker 7:		num_strategies_changed:  	486834
      From worker 7:			num_random_strategies: 	17499
      From worker 7:		num_sets_changed: 		7912393
      From worker 7:			num_random_opinions: 	327753
      From worker 7:			num_biased_opinions: 	109836
      From worker 7:		num_both_changed: 		327503
      From worker 7:	
      From worker 9:	replicate complete, ran 20000000 generations:
      From worker 9:	
      From worker 9:		num_imitating:			17500612
      From worker 9:		num_not_imitating:		2499388
      From worker 9:		num_strategies_changed:  	485054
      From worker 9:			num_random_strategies: 	17601
      From worker 9:		num_sets_changed: 		7968647
      From worker 9:			num_random_opinions: 	327515
      From worker 9:			num_biased_opinions: 	109277
      From worker 9:		num_both_changed: 		328656
      From worker 9:	
      From worker 7:	data processed and exported
