packages loaded
      From worker 5:	 Activating environment at `/tigress/mk28/CooperationPolarization2/Project.toml`
      From worker 4:	 Activating environment at `/tigress/mk28/CooperationPolarization2/Project.toml`
      From worker 3:	 Activating environment at `/tigress/mk28/CooperationPolarization2/Project.toml`
      From worker 2:	 Activating environment at `/tigress/mk28/CooperationPolarization2/Project.toml`
      From worker 6:	 Activating environment at `/tigress/mk28/CooperationPolarization2/Project.toml`
      From worker 11:	 Activating environment at `/tigress/mk28/CooperationPolarization2/Project.toml`
      From worker 8:	 Activating environment at `/tigress/mk28/CooperationPolarization2/Project.toml`
      From worker 12:	 Activating environment at `/tigress/mk28/CooperationPolarization2/Project.toml`
      From worker 10:	 Activating environment at `/tigress/mk28/CooperationPolarization2/Project.toml`
      From worker 7:	 Activating environment at `/tigress/mk28/CooperationPolarization2/Project.toml`
      From worker 9:	 Activating environment at `/tigress/mk28/CooperationPolarization2/Project.toml`
      From worker 16:	 Activating environment at `/tigress/mk28/CooperationPolarization2/Project.toml`
      From worker 15:	 Activating environment at `/tigress/mk28/CooperationPolarization2/Project.toml`
      From worker 14:	 Activating environment at `/tigress/mk28/CooperationPolarization2/Project.toml`
      From worker 13:	 Activating environment at `/tigress/mk28/CooperationPolarization2/Project.toml`
      From worker 9:	packages loaded
      From worker 10:	packages loaded
      From worker 2:	packages loaded
      From worker 11:	packages loaded
      From worker 8:	packages loaded
      From worker 7:	packages loaded
      From worker 5:	packages loaded
      From worker 15:	packages loaded
      From worker 12:	packages loaded
      From worker 13:	packages loaded
      From worker 14:	packages loaded
      From worker 3:	packages loaded
      From worker 6:	packages loaded
      From worker 16:	packages loaded
      From worker 4:	packages loaded
parameters defined
      From worker 12:	
      From worker 12:	starting b_1.0_c_0.2_N_40_M_3_K_3_P_2_beta_0.001_u_0.001_v_0.1_p_0.0_ϵ_1.0_gens_20000000_210219-074753.270
      From worker 3:	
      From worker 3:	starting b_1.0_c_0.2_N_40_M_3_K_3_P_2_beta_0.001_u_0.001_v_0.001_p_0.0_ϵ_1.0_gens_20000000_210219-074753.270
      From worker 9:	
      From worker 9:	starting b_1.0_c_0.2_N_40_M_3_K_3_P_2_beta_0.001_u_0.001_v_0.025_p_0.0_ϵ_1.0_gens_20000000_210219-074753.270
      From worker 13:	
      From worker 13:	starting b_1.0_c_0.2_N_40_M_3_K_3_P_2_beta_0.001_u_0.001_v_0.1_p_0.0_ϵ_1.0_gens_20000000_210219-074753.270
      From worker 8:	
      From worker 8:	starting b_1.0_c_0.2_N_40_M_3_K_3_P_2_beta_0.001_u_0.001_v_0.025_p_0.0_ϵ_1.0_gens_20000000_210219-074753.270
      From worker 5:	
      From worker 5:	starting b_1.0_c_0.2_N_40_M_3_K_3_P_2_beta_0.001_u_0.001_v_0.001_p_0.0_ϵ_1.0_gens_20000000_210219-074753.270
      From worker 4:	
      From worker 4:	starting b_1.0_c_0.2_N_40_M_3_K_3_P_2_beta_0.001_u_0.001_v_0.001_p_0.0_ϵ_1.0_gens_20000000_210219-074753.270
      From worker 15:	
      From worker 15:	starting b_1.0_c_0.2_N_40_M_3_K_3_P_2_beta_0.001_u_0.001_v_0.1_p_0.0_ϵ_1.0_gens_20000000_210219-074753.270
      From worker 10:	
      From worker 10:	starting b_1.0_c_0.2_N_40_M_3_K_3_P_2_beta_0.001_u_0.001_v_0.025_p_0.0_ϵ_1.0_gens_20000000_210219-074753.270
      From worker 14:	
      From worker 14:	starting b_1.0_c_0.2_N_40_M_3_K_3_P_2_beta_0.001_u_0.001_v_0.1_p_0.0_ϵ_1.0_gens_20000000_210219-074753.270
      From worker 11:	
      From worker 11:	starting b_1.0_c_0.2_N_40_M_3_K_3_P_2_beta_0.001_u_0.001_v_0.025_p_0.0_ϵ_1.0_gens_20000000_210219-074753.270
      From worker 16:	
      From worker 16:	starting b_1.0_c_0.2_N_40_M_3_K_3_P_2_beta_0.001_u_0.001_v_0.1_p_0.0_ϵ_1.0_gens_20000000_210219-074753.270
      From worker 2:	
      From worker 2:	starting b_1.0_c_0.2_N_40_M_3_K_3_P_2_beta_0.001_u_0.001_v_0.001_p_0.0_ϵ_1.0_gens_20000000_210219-074753.270
      From worker 7:	
      From worker 7:	starting b_1.0_c_0.2_N_40_M_3_K_3_P_2_beta_0.001_u_0.001_v_0.025_p_0.0_ϵ_1.0_gens_20000000_210219-074753.270
      From worker 6:	
      From worker 6:	starting b_1.0_c_0.2_N_40_M_3_K_3_P_2_beta_0.001_u_0.001_v_0.001_p_0.0_ϵ_1.0_gens_20000000_210219-074753.270
      From worker 2:	replicate complete, ran 20000000 generations:
      From worker 2:	
      From worker 2:		num_imitating:			20000000
      From worker 2:		num_not_imitating:		0
      From worker 2:		num_strategies_changed:  	550082
      From worker 2:			num_random_strategies: 	19853
      From worker 2:		num_sets_changed: 		719127
      From worker 2:			num_random_opinions: 	20028
      From worker 2:			num_biased_opinions: 	0
      From worker 2:		num_both_changed: 		38647
      From worker 2:	
      From worker 2:	data processed and exported
      From worker 2:	
      From worker 2:	starting b_1.0_c_0.2_N_40_M_3_K_3_P_2_beta_0.001_u_0.001_v_0.001_p_0.25_ϵ_1.0_gens_20000000_210219-074753.270
      From worker 4:	replicate complete, ran 20000000 generations:
      From worker 4:	
      From worker 4:		num_imitating:			20000000
      From worker 4:		num_not_imitating:		0
      From worker 4:		num_strategies_changed:  	524504
      From worker 4:			num_random_strategies: 	20012
      From worker 4:		num_sets_changed: 		720903
      From worker 4:			num_random_opinions: 	20132
      From worker 4:			num_biased_opinions: 	0
      From worker 4:		num_both_changed: 		30033
      From worker 4:	
      From worker 5:	replicate complete, ran 20000000 generations:
      From worker 5:	
      From worker 5:		num_imitating:			20000000
      From worker 5:		num_not_imitating:		0
      From worker 5:		num_strategies_changed:  	537741
      From worker 5:			num_random_strategies: 	20289
      From worker 5:		num_sets_changed: 		706400
      From worker 5:			num_random_opinions: 	19850
      From worker 5:			num_biased_opinions: 	0
      From worker 5:		num_both_changed: 		36807
      From worker 5:	
      From worker 3:	replicate complete, ran 20000000 generations:
      From worker 3:	
      From worker 3:		num_imitating:			20000000
      From worker 3:		num_not_imitating:		0
      From worker 3:		num_strategies_changed:  	539879
      From worker 3:			num_random_strategies: 	19797
      From worker 3:		num_sets_changed: 		729999
      From worker 3:			num_random_opinions: 	19820
      From worker 3:			num_biased_opinions: 	0
      From worker 3:		num_both_changed: 		31531
      From worker 3:	
      From worker 4:	data processed and exported
      From worker 5:	data processed and exported
      From worker 6:	replicate complete, ran 20000000 generations:
      From worker 6:	
      From worker 6:		num_imitating:			20000000
      From worker 6:		num_not_imitating:		0
      From worker 6:		num_strategies_changed:  	556375
      From worker 6:			num_random_strategies: 	20238
      From worker 6:		num_sets_changed: 		721251
      From worker 6:			num_random_opinions: 	20227
      From worker 6:			num_biased_opinions: 	0
      From worker 6:		num_both_changed: 		40555
      From worker 6:	
      From worker 4:	
      From worker 4:	starting b_1.0_c_0.2_N_40_M_3_K_3_P_2_beta_0.001_u_0.001_v_0.001_p_0.25_ϵ_1.0_gens_20000000_210219-074753.270
      From worker 5:	
      From worker 5:	starting b_1.0_c_0.2_N_40_M_3_K_3_P_2_beta_0.001_u_0.001_v_0.001_p_0.25_ϵ_1.0_gens_20000000_210219-074753.270
      From worker 3:	data processed and exported
      From worker 3:	
      From worker 3:	starting b_1.0_c_0.2_N_40_M_3_K_3_P_2_beta_0.001_u_0.001_v_0.001_p_0.25_ϵ_1.0_gens_20000000_210219-074753.270
      From worker 6:	data processed and exported
      From worker 6:	
      From worker 6:	starting b_1.0_c_0.2_N_40_M_3_K_3_P_2_beta_0.001_u_0.001_v_0.001_p_0.25_ϵ_1.0_gens_20000000_210219-074753.270
      From worker 2:	replicate complete, ran 20000000 generations:
      From worker 2:	
      From worker 2:		num_imitating:			17502644
      From worker 2:		num_not_imitating:		2497356
      From worker 2:		num_strategies_changed:  	501504
      From worker 2:			num_random_strategies: 	17581
      From worker 2:		num_sets_changed: 		648431
      From worker 2:			num_random_opinions: 	13065
      From worker 2:			num_biased_opinions: 	4466
      From worker 2:		num_both_changed: 		28190
      From worker 2:	
      From worker 2:	data processed and exported
      From worker 2:	
      From worker 2:	starting b_1.0_c_0.2_N_40_M_3_K_3_P_2_beta_0.001_u_0.001_v_0.001_p_0.5_ϵ_1.0_gens_20000000_210219-074753.270
      From worker 3:	replicate complete, ran 20000000 generations:
      From worker 3:	
      From worker 3:		num_imitating:			17496290
      From worker 3:		num_not_imitating:		2503710
      From worker 3:		num_strategies_changed:  	478531
      From worker 3:			num_random_strategies: 	17557
      From worker 3:		num_sets_changed: 		603671
      From worker 3:			num_random_opinions: 	12842
      From worker 3:			num_biased_opinions: 	4318
      From worker 3:		num_both_changed: 		36977
      From worker 3:	
      From worker 4:	replicate complete, ran 20000000 generations:
      From worker 4:	
      From worker 4:		num_imitating:			17500458
      From worker 4:		num_not_imitating:		2499542
      From worker 4:		num_strategies_changed:  	461519
      From worker 4:			num_random_strategies: 	17383
      From worker 4:		num_sets_changed: 		653558
      From worker 4:			num_random_opinions: 	13105
      From worker 4:			num_biased_opinions: 	4367
      From worker 4:		num_both_changed: 		27623
      From worker 4:	
      From worker 5:	replicate complete, ran 20000000 generations:
      From worker 5:	
      From worker 5:		num_imitating:			17500530
      From worker 5:		num_not_imitating:		2499470
      From worker 5:		num_strategies_changed:  	485368
      From worker 5:			num_random_strategies: 	17512
      From worker 5:		num_sets_changed: 		637013
      From worker 5:			num_random_opinions: 	13091
      From worker 5:			num_biased_opinions: 	4381
      From worker 5:		num_both_changed: 		31397
      From worker 5:	
      From worker 3:	data processed and exported
      From worker 3:	
      From worker 3:	starting b_1.0_c_0.2_N_40_M_3_K_3_P_2_beta_0.001_u_0.001_v_0.001_p_0.5_ϵ_1.0_gens_20000000_210219-074753.270
      From worker 4:	data processed and exported
      From worker 5:	data processed and exported
      From worker 4:	
      From worker 4:	starting b_1.0_c_0.2_N_40_M_3_K_3_P_2_beta_0.001_u_0.001_v_0.001_p_0.5_ϵ_1.0_gens_20000000_210219-074753.270
      From worker 5:	
      From worker 5:	starting b_1.0_c_0.2_N_40_M_3_K_3_P_2_beta_0.001_u_0.001_v_0.001_p_0.5_ϵ_1.0_gens_20000000_210219-074753.270
      From worker 6:	replicate complete, ran 20000000 generations:
      From worker 6:	
      From worker 6:		num_imitating:			17501681
      From worker 6:		num_not_imitating:		2498319
      From worker 6:		num_strategies_changed:  	457917
      From worker 6:			num_random_strategies: 	17621
      From worker 6:		num_sets_changed: 		674916
      From worker 6:			num_random_opinions: 	13486
      From worker 6:			num_biased_opinions: 	4429
      From worker 6:		num_both_changed: 		35665
      From worker 6:	
      From worker 6:	data processed and exported
      From worker 6:	
      From worker 6:	starting b_1.0_c_0.2_N_40_M_3_K_3_P_2_beta_0.001_u_0.001_v_0.001_p_0.5_ϵ_1.0_gens_20000000_210219-074753.270
      From worker 9:	replicate complete, ran 20000000 generations:
      From worker 9:	
      From worker 9:		num_imitating:			20000000
      From worker 9:		num_not_imitating:		0
      From worker 9:		num_strategies_changed:  	578300
      From worker 9:			num_random_strategies: 	19974
      From worker 9:		num_sets_changed: 		8777919
      From worker 9:			num_random_opinions: 	500378
      From worker 9:			num_biased_opinions: 	0
      From worker 9:		num_both_changed: 		375479
      From worker 9:	
      From worker 9:	data processed and exported
      From worker 8:	replicate complete, ran 20000000 generations:
      From worker 8:	
      From worker 8:		num_imitating:			20000000
      From worker 8:		num_not_imitating:		0
      From worker 8:		num_strategies_changed:  	540393
      From worker 8:			num_random_strategies: 	19912
      From worker 8:		num_sets_changed: 		8868272
      From worker 8:			num_random_opinions: 	500450
      From worker 8:			num_biased_opinions: 	0
      From worker 8:		num_both_changed: 		346940
      From worker 8:	
      From worker 9:	
      From worker 9:	starting b_1.0_c_0.2_N_40_M_3_K_3_P_2_beta_0.001_u_0.001_v_0.025_p_0.25_ϵ_1.0_gens_20000000_210219-074753.270
      From worker 7:	replicate complete, ran 20000000 generations:
      From worker 7:	
      From worker 7:		num_imitating:			20000000
      From worker 7:		num_not_imitating:		0
      From worker 7:		num_strategies_changed:  	545870
      From worker 7:			num_random_strategies: 	20088
      From worker 7:		num_sets_changed: 		8745119
      From worker 7:			num_random_opinions: 	499684
      From worker 7:			num_biased_opinions: 	0
      From worker 7:		num_both_changed: 		343204
      From worker 7:	
      From worker 8:	data processed and exported
      From worker 11:	replicate complete, ran 20000000 generations:
      From worker 11:	
      From worker 11:		num_imitating:			20000000
      From worker 11:		num_not_imitating:		0
      From worker 11:		num_strategies_changed:  	550184
      From worker 11:			num_random_strategies: 	20036
      From worker 11:		num_sets_changed: 		8815364
      From worker 11:			num_random_opinions: 	499160
      From worker 11:			num_biased_opinions: 	0
      From worker 11:		num_both_changed: 		351619
      From worker 11:	
      From worker 8:	
      From worker 8:	starting b_1.0_c_0.2_N_40_M_3_K_3_P_2_beta_0.001_u_0.001_v_0.025_p_0.25_ϵ_1.0_gens_20000000_210219-074753.270
      From worker 7:	data processed and exported
      From worker 11:	data processed and exported
      From worker 7:	
      From worker 7:	starting b_1.0_c_0.2_N_40_M_3_K_3_P_2_beta_0.001_u_0.001_v_0.025_p_0.25_ϵ_1.0_gens_20000000_210219-074753.270
      From worker 11:	
      From worker 11:	starting b_1.0_c_0.2_N_40_M_3_K_3_P_2_beta_0.001_u_0.001_v_0.025_p_0.25_ϵ_1.0_gens_20000000_210219-074753.270
      From worker 10:	replicate complete, ran 20000000 generations:
      From worker 10:	
      From worker 10:		num_imitating:			20000000
      From worker 10:		num_not_imitating:		0
      From worker 10:		num_strategies_changed:  	550580
      From worker 10:			num_random_strategies: 	19888
      From worker 10:		num_sets_changed: 		8807624
      From worker 10:			num_random_opinions: 	500770
      From worker 10:			num_biased_opinions: 	0
      From worker 10:		num_both_changed: 		357328
      From worker 10:	
      From worker 10:	data processed and exported
      From worker 10:	
      From worker 10:	starting b_1.0_c_0.2_N_40_M_3_K_3_P_2_beta_0.001_u_0.001_v_0.025_p_0.25_ϵ_1.0_gens_20000000_210219-074753.270
      From worker 2:	replicate complete, ran 20000000 generations:
      From worker 2:	
      From worker 2:		num_imitating:			14999081
      From worker 2:		num_not_imitating:		5000919
      From worker 2:		num_strategies_changed:  	424428
      From worker 2:			num_random_strategies: 	15162
      From worker 2:		num_sets_changed: 		487399
      From worker 2:			num_random_opinions: 	7624
      From worker 2:			num_biased_opinions: 	7293
      From worker 2:		num_both_changed: 		27185
      From worker 2:	
      From worker 2:	data processed and exported
      From worker 2:	
      From worker 2:	starting b_1.0_c_0.2_N_40_M_3_K_3_P_2_beta_0.001_u_0.001_v_0.001_p_0.75_ϵ_1.0_gens_20000000_210219-074753.270
      From worker 4:	replicate complete, ran 20000000 generations:
      From worker 4:	
      From worker 4:		num_imitating:			14999236
      From worker 4:		num_not_imitating:		5000764
      From worker 4:		num_strategies_changed:  	422965
      From worker 4:			num_random_strategies: 	14746
      From worker 4:		num_sets_changed: 		480332
      From worker 4:			num_random_opinions: 	7531
      From worker 4:			num_biased_opinions: 	7540
      From worker 4:		num_both_changed: 		25064
      From worker 4:	
      From worker 4:	data processed and exported
      From worker 3:	replicate complete, ran 20000000 generations:
      From worker 3:	
      From worker 3:		num_imitating:			14997228
      From worker 3:		num_not_imitating:		5002772
      From worker 3:		num_strategies_changed:  	422714
      From worker 3:			num_random_strategies: 	14975
      From worker 3:		num_sets_changed: 		526857
      From worker 3:			num_random_opinions: 	7562
      From worker 3:			num_biased_opinions: 	7436
      From worker 3:		num_both_changed: 		30787
      From worker 3:	
      From worker 4:	
      From worker 4:	starting b_1.0_c_0.2_N_40_M_3_K_3_P_2_beta_0.001_u_0.001_v_0.001_p_0.75_ϵ_1.0_gens_20000000_210219-074753.270
      From worker 3:	data processed and exported
      From worker 5:	replicate complete, ran 20000000 generations:
      From worker 5:	
      From worker 5:		num_imitating:			15002816
      From worker 5:		num_not_imitating:		4997184
      From worker 5:		num_strategies_changed:  	438728
      From worker 5:			num_random_strategies: 	15199
      From worker 5:		num_sets_changed: 		512937
      From worker 5:			num_random_opinions: 	7507
      From worker 5:			num_biased_opinions: 	7393
      From worker 5:		num_both_changed: 		31605
      From worker 5:	
      From worker 3:	
      From worker 3:	starting b_1.0_c_0.2_N_40_M_3_K_3_P_2_beta_0.001_u_0.001_v_0.001_p_0.75_ϵ_1.0_gens_20000000_210219-074753.270
      From worker 5:	data processed and exported
      From worker 5:	
      From worker 5:	starting b_1.0_c_0.2_N_40_M_3_K_3_P_2_beta_0.001_u_0.001_v_0.001_p_0.75_ϵ_1.0_gens_20000000_210219-074753.270
      From worker 6:	replicate complete, ran 20000000 generations:
      From worker 6:	
      From worker 6:		num_imitating:			15000795
      From worker 6:		num_not_imitating:		4999205
      From worker 6:		num_strategies_changed:  	415471
      From worker 6:			num_random_strategies: 	14848
      From worker 6:		num_sets_changed: 		495059
      From worker 6:			num_random_opinions: 	7415
      From worker 6:			num_biased_opinions: 	7373
      From worker 6:		num_both_changed: 		28156
      From worker 6:	
      From worker 6:	data processed and exported
      From worker 6:	
      From worker 6:	starting b_1.0_c_0.2_N_40_M_3_K_3_P_2_beta_0.001_u_0.001_v_0.001_p_0.75_ϵ_1.0_gens_20000000_210219-074753.270
      From worker 14:	replicate complete, ran 20000000 generations:
      From worker 14:	
      From worker 14:		num_imitating:			20000000
      From worker 14:		num_not_imitating:		0
      From worker 14:		num_strategies_changed:  	560476
      From worker 14:			num_random_strategies: 	20073
      From worker 14:		num_sets_changed: 		14274335
      From worker 14:			num_random_opinions: 	2000968
      From worker 14:			num_biased_opinions: 	0
      From worker 14:		num_both_changed: 		471425
      From worker 14:	
      From worker 14:	data processed and exported
      From worker 14:	
      From worker 14:	starting b_1.0_c_0.2_N_40_M_3_K_3_P_2_beta_0.001_u_0.001_v_0.1_p_0.25_ϵ_1.0_gens_20000000_210219-074753.270
      From worker 15:	replicate complete, ran 20000000 generations:
      From worker 15:	
      From worker 15:		num_imitating:			20000000
      From worker 15:		num_not_imitating:		0
      From worker 15:		num_strategies_changed:  	548919
      From worker 15:			num_random_strategies: 	20096
      From worker 15:		num_sets_changed: 		14274406
      From worker 15:			num_random_opinions: 	1998218
      From worker 15:			num_biased_opinions: 	0
      From worker 15:		num_both_changed: 		460551
      From worker 15:	
      From worker 15:	data processed and exported
      From worker 15:	
      From worker 15:	starting b_1.0_c_0.2_N_40_M_3_K_3_P_2_beta_0.001_u_0.001_v_0.1_p_0.25_ϵ_1.0_gens_20000000_210219-074753.270
      From worker 12:	replicate complete, ran 20000000 generations:
      From worker 12:	
      From worker 12:		num_imitating:			20000000
      From worker 12:		num_not_imitating:		0
      From worker 12:		num_strategies_changed:  	568424
      From worker 12:			num_random_strategies: 	19878
      From worker 12:		num_sets_changed: 		14265563
      From worker 12:			num_random_opinions: 	2000304
      From worker 12:			num_biased_opinions: 	0
      From worker 12:		num_both_changed: 		477337
      From worker 12:	
      From worker 12:	data processed and exported
      From worker 12:	
      From worker 12:	starting b_1.0_c_0.2_N_40_M_3_K_3_P_2_beta_0.001_u_0.001_v_0.1_p_0.25_ϵ_1.0_gens_20000000_210219-074753.270
      From worker 13:	replicate complete, ran 20000000 generations:
      From worker 13:	
      From worker 13:		num_imitating:			20000000
      From worker 13:		num_not_imitating:		0
      From worker 13:		num_strategies_changed:  	558320
      From worker 13:			num_random_strategies: 	19989
      From worker 13:		num_sets_changed: 		14270901
      From worker 13:			num_random_opinions: 	2000674
      From worker 13:			num_biased_opinions: 	0
      From worker 13:		num_both_changed: 		468414
      From worker 13:	
      From worker 13:	data processed and exported
      From worker 13:	
      From worker 13:	starting b_1.0_c_0.2_N_40_M_3_K_3_P_2_beta_0.001_u_0.001_v_0.1_p_0.25_ϵ_1.0_gens_20000000_210219-074753.270
      From worker 16:	replicate complete, ran 20000000 generations:
      From worker 16:	
      From worker 16:		num_imitating:			20000000
      From worker 16:		num_not_imitating:		0
      From worker 16:		num_strategies_changed:  	563137
      From worker 16:			num_random_strategies: 	19911
      From worker 16:		num_sets_changed: 		14278879
      From worker 16:			num_random_opinions: 	2000535
      From worker 16:			num_biased_opinions: 	0
      From worker 16:		num_both_changed: 		472591
      From worker 16:	
      From worker 16:	data processed and exported
      From worker 16:	
      From worker 16:	starting b_1.0_c_0.2_N_40_M_3_K_3_P_2_beta_0.001_u_0.001_v_0.1_p_0.25_ϵ_1.0_gens_20000000_210219-074753.270
      From worker 2:	replicate complete, ran 20000000 generations:
      From worker 2:	
      From worker 2:		num_imitating:			12497638
      From worker 2:		num_not_imitating:		7502362
      From worker 2:		num_strategies_changed:  	334828
      From worker 2:			num_random_strategies: 	12424
      From worker 2:		num_sets_changed: 		349061
      From worker 2:			num_random_opinions: 	3162
      From worker 2:			num_biased_opinions: 	9383
      From worker 2:		num_both_changed: 		19908
      From worker 2:	
      From worker 2:	data processed and exported
      From worker 2:	
      From worker 2:	starting b_1.0_c_0.2_N_40_M_3_K_3_P_2_beta_0.001_u_0.001_v_0.001_p_1.0_ϵ_1.0_gens_20000000_210219-074753.270
      From worker 4:	replicate complete, ran 20000000 generations:
      From worker 4:	
      From worker 4:		num_imitating:			12500587
      From worker 4:		num_not_imitating:		7499413
      From worker 4:		num_strategies_changed:  	335278
      From worker 4:			num_random_strategies: 	12588
      From worker 4:		num_sets_changed: 		314584
      From worker 4:			num_random_opinions: 	3067
      From worker 4:			num_biased_opinions: 	9353
      From worker 4:		num_both_changed: 		18260
      From worker 4:	
      From worker 4:	data processed and exported
      From worker 4:	
      From worker 4:	starting b_1.0_c_0.2_N_40_M_3_K_3_P_2_beta_0.001_u_0.001_v_0.001_p_1.0_ϵ_1.0_gens_20000000_210219-074753.270
      From worker 3:	replicate complete, ran 20000000 generations:
      From worker 3:	
      From worker 3:		num_imitating:			12499033
      From worker 3:		num_not_imitating:		7500967
      From worker 3:		num_strategies_changed:  	329621
      From worker 3:			num_random_strategies: 	12625
      From worker 3:		num_sets_changed: 		359050
      From worker 3:			num_random_opinions: 	3139
      From worker 3:			num_biased_opinions: 	9549
      From worker 3:		num_both_changed: 		19426
      From worker 3:	
      From worker 3:	data processed and exported
      From worker 3:	
      From worker 3:	starting b_1.0_c_0.2_N_40_M_3_K_3_P_2_beta_0.001_u_0.001_v_0.001_p_1.0_ϵ_1.0_gens_20000000_210219-074753.270
      From worker 5:	replicate complete, ran 20000000 generations:
      From worker 5:	
      From worker 5:		num_imitating:			12497792
      From worker 5:		num_not_imitating:		7502208
      From worker 5:		num_strategies_changed:  	337861
      From worker 5:			num_random_strategies: 	12637
      From worker 5:		num_sets_changed: 		344609
      From worker 5:			num_random_opinions: 	3004
      From worker 5:			num_biased_opinions: 	9231
      From worker 5:		num_both_changed: 		19702
      From worker 5:	
      From worker 5:	data processed and exported
      From worker 5:	
      From worker 5:	starting b_1.0_c_0.2_N_40_M_3_K_3_P_2_beta_0.001_u_0.001_v_0.001_p_1.0_ϵ_1.0_gens_20000000_210219-074753.270
      From worker 6:	replicate complete, ran 20000000 generations:
      From worker 6:	
      From worker 6:		num_imitating:			12496383
      From worker 6:		num_not_imitating:		7503617
      From worker 6:		num_strategies_changed:  	336709
      From worker 6:			num_random_strategies: 	12444
      From worker 6:		num_sets_changed: 		378992
      From worker 6:			num_random_opinions: 	3090
      From worker 6:			num_biased_opinions: 	9356
      From worker 6:		num_both_changed: 		18658
      From worker 6:	
      From worker 6:	data processed and exported
      From worker 6:	
      From worker 6:	starting b_1.0_c_0.2_N_40_M_3_K_3_P_2_beta_0.001_u_0.001_v_0.001_p_1.0_ϵ_1.0_gens_20000000_210219-074753.270
      From worker 9:	replicate complete, ran 20000000 generations:
      From worker 9:	
      From worker 9:		num_imitating:			17500817
      From worker 9:		num_not_imitating:		2499183
      From worker 9:		num_strategies_changed:  	495019
      From worker 9:			num_random_strategies: 	17379
      From worker 9:		num_sets_changed: 		7451762
      From worker 9:			num_random_opinions: 	327143
      From worker 9:			num_biased_opinions: 	109656
      From worker 9:		num_both_changed: 		307748
      From worker 9:	
      From worker 9:	data processed and exported
      From worker 9:	
      From worker 9:	starting b_1.0_c_0.2_N_40_M_3_K_3_P_2_beta_0.001_u_0.001_v_0.025_p_0.5_ϵ_1.0_gens_20000000_210219-074753.270
      From worker 8:	replicate complete, ran 20000000 generations:
      From worker 8:	
      From worker 8:		num_imitating:			17499849
      From worker 8:		num_not_imitating:		2500151
      From worker 8:		num_strategies_changed:  	502378
      From worker 8:			num_random_strategies: 	17567
      From worker 8:		num_sets_changed: 		7544316
      From worker 8:			num_random_opinions: 	328595
      From worker 8:			num_biased_opinions: 	109604
      From worker 8:		num_both_changed: 		318417
      From worker 8:	
      From worker 11:	replicate complete, ran 20000000 generations:
      From worker 11:	
      From worker 11:		num_imitating:			17500110
      From worker 11:		num_not_imitating:		2499890
      From worker 11:		num_strategies_changed:  	470687
      From worker 11:			num_random_strategies: 	17493
      From worker 11:		num_sets_changed: 		7537422
      From worker 11:			num_random_opinions: 	328537
      From worker 11:			num_biased_opinions: 	109446
      From worker 11:		num_both_changed: 		292686
      From worker 11:	
      From worker 8:	data processed and exported
      From worker 8:	
      From worker 8:	starting b_1.0_c_0.2_N_40_M_3_K_3_P_2_beta_0.001_u_0.001_v_0.025_p_0.5_ϵ_1.0_gens_20000000_210219-074753.270
      From worker 11:	data processed and exported
      From worker 11:	
      From worker 11:	starting b_1.0_c_0.2_N_40_M_3_K_3_P_2_beta_0.001_u_0.001_v_0.025_p_0.5_ϵ_1.0_gens_20000000_210219-074753.270
      From worker 7:	replicate complete, ran 20000000 generations:
      From worker 7:	
      From worker 7:		num_imitating:			17498764
      From worker 7:		num_not_imitating:		2501236
      From worker 7:		num_strategies_changed:  	499115
      From worker 7:			num_random_strategies: 	17328
      From worker 7:		num_sets_changed: 		7490023
      From worker 7:			num_random_opinions: 	328621
      From worker 7:			num_biased_opinions: 	109550
      From worker 7:		num_both_changed: 		313092
      From worker 7:	
      From worker 7:	data processed and exported
      From worker 7:	
      From worker 7:	starting b_1.0_c_0.2_N_40_M_3_K_3_P_2_beta_0.001_u_0.001_v_0.025_p_0.5_ϵ_1.0_gens_20000000_210219-074753.270
      From worker 10:	replicate complete, ran 20000000 generations:
      From worker 10:	
      From worker 10:		num_imitating:			17501057
      From worker 10:		num_not_imitating:		2498943
      From worker 10:		num_strategies_changed:  	514776
      From worker 10:			num_random_strategies: 	17742
      From worker 10:		num_sets_changed: 		7421960
      From worker 10:			num_random_opinions: 	328674
      From worker 10:			num_biased_opinions: 	109780
      From worker 10:		num_both_changed: 		327487
      From worker 10:	
      From worker 10:	data processed and exported
      From worker 10:	
      From worker 10:	starting b_1.0_c_0.2_N_40_M_3_K_3_P_2_beta_0.001_u_0.001_v_0.025_p_0.5_ϵ_1.0_gens_20000000_210219-074753.270
      From worker 2:	replicate complete, ran 20000000 generations:
      From worker 2:	
      From worker 2:		num_imitating:			10000173
      From worker 2:		num_not_imitating:		9999827
      From worker 2:		num_strategies_changed:  	152649
      From worker 2:			num_random_strategies: 	10183
      From worker 2:		num_sets_changed: 		0
      From worker 2:			num_random_opinions: 	0
      From worker 2:			num_biased_opinions: 	9984
      From worker 2:		num_both_changed: 		0
      From worker 2:	
      From worker 2:	data processed and exported
      From worker 2:	
      From worker 2:	starting b_1.0_c_0.2_N_40_M_3_K_3_P_2_beta_0.001_u_0.001_v_0.001_p_0.0_ϵ_1.0_gens_20000000_210219-074753.270
      From worker 4:	replicate complete, ran 20000000 generations:
      From worker 4:	
      From worker 4:		num_imitating:			10005413
      From worker 4:		num_not_imitating:		9994587
      From worker 4:		num_strategies_changed:  	149885
      From worker 4:			num_random_strategies: 	10058
      From worker 4:		num_sets_changed: 		0
      From worker 4:			num_random_opinions: 	0
      From worker 4:			num_biased_opinions: 	9948
      From worker 4:		num_both_changed: 		0
      From worker 4:	
      From worker 4:	data processed and exported
      From worker 4:	
      From worker 4:	starting b_1.0_c_0.2_N_40_M_3_K_3_P_2_beta_0.001_u_0.001_v_0.001_p_0.0_ϵ_1.0_gens_20000000_210219-074753.270
      From worker 3:	replicate complete, ran 20000000 generations:
      From worker 3:	
      From worker 3:		num_imitating:			9996586
      From worker 3:		num_not_imitating:		10003414
      From worker 3:		num_strategies_changed:  	142278
      From worker 3:			num_random_strategies: 	10028
      From worker 3:		num_sets_changed: 		0
      From worker 3:			num_random_opinions: 	0
      From worker 3:			num_biased_opinions: 	10060
      From worker 3:		num_both_changed: 		0
      From worker 3:	
      From worker 3:	data processed and exported
      From worker 3:	
      From worker 3:	starting b_1.0_c_0.2_N_40_M_3_K_3_P_2_beta_0.001_u_0.001_v_0.001_p_0.0_ϵ_1.0_gens_20000000_210219-074753.270
      From worker 5:	replicate complete, ran 20000000 generations:
      From worker 5:	
      From worker 5:		num_imitating:			10001803
      From worker 5:		num_not_imitating:		9998197
      From worker 5:		num_strategies_changed:  	143041
      From worker 5:			num_random_strategies: 	9914
      From worker 5:		num_sets_changed: 		0
      From worker 5:			num_random_opinions: 	0
      From worker 5:			num_biased_opinions: 	9990
      From worker 5:		num_both_changed: 		0
      From worker 5:	
      From worker 5:	data processed and exported
      From worker 5:	
      From worker 5:	starting b_1.0_c_0.2_N_40_M_3_K_3_P_2_beta_0.001_u_0.001_v_0.001_p_0.0_ϵ_1.0_gens_20000000_210219-074753.270
      From worker 6:	replicate complete, ran 20000000 generations:
      From worker 6:	
      From worker 6:		num_imitating:			10002957
      From worker 6:		num_not_imitating:		9997043
      From worker 6:		num_strategies_changed:  	142965
      From worker 6:			num_random_strategies: 	10008
      From worker 6:		num_sets_changed: 		0
      From worker 6:			num_random_opinions: 	0
      From worker 6:			num_biased_opinions: 	9832
      From worker 6:		num_both_changed: 		0
      From worker 6:	
      From worker 6:	data processed and exported
      From worker 6:	
      From worker 6:	starting b_1.0_c_0.2_N_40_M_3_K_3_P_2_beta_0.001_u_0.001_v_0.001_p_0.0_ϵ_1.0_gens_20000000_210219-074753.270
      From worker 2:	replicate complete, ran 20000000 generations:
      From worker 2:	
      From worker 2:		num_imitating:			20000000
      From worker 2:		num_not_imitating:		0
      From worker 2:		num_strategies_changed:  	551003
      From worker 2:			num_random_strategies: 	20128
      From worker 2:		num_sets_changed: 		714236
      From worker 2:			num_random_opinions: 	19795
      From worker 2:			num_biased_opinions: 	0
      From worker 2:		num_both_changed: 		41904
      From worker 2:	
      From worker 2:	data processed and exported
      From worker 2:	
      From worker 2:	starting b_1.0_c_0.2_N_40_M_3_K_3_P_2_beta_0.001_u_0.001_v_0.001_p_0.25_ϵ_1.0_gens_20000000_210219-074753.270
      From worker 4:	replicate complete, ran 20000000 generations:
      From worker 4:	
      From worker 4:		num_imitating:			20000000
      From worker 4:		num_not_imitating:		0
      From worker 4:		num_strategies_changed:  	542756
      From worker 4:			num_random_strategies: 	19930
      From worker 4:		num_sets_changed: 		733516
      From worker 4:			num_random_opinions: 	20039
      From worker 4:			num_biased_opinions: 	0
      From worker 4:		num_both_changed: 		33572
      From worker 4:	
      From worker 4:	data processed and exported
      From worker 4:	
      From worker 4:	starting b_1.0_c_0.2_N_40_M_3_K_3_P_2_beta_0.001_u_0.001_v_0.001_p_0.25_ϵ_1.0_gens_20000000_210219-074753.270
      From worker 3:	replicate complete, ran 20000000 generations:
      From worker 3:	
      From worker 3:		num_imitating:			20000000
      From worker 3:		num_not_imitating:		0
      From worker 3:		num_strategies_changed:  	524560
      From worker 3:			num_random_strategies: 	19996
      From worker 3:		num_sets_changed: 		707072
      From worker 3:			num_random_opinions: 	20069
      From worker 3:			num_biased_opinions: 	0
      From worker 3:		num_both_changed: 		40759
      From worker 3:	
      From worker 3:	data processed and exported
      From worker 3:	
      From worker 3:	starting b_1.0_c_0.2_N_40_M_3_K_3_P_2_beta_0.001_u_0.001_v_0.001_p_0.25_ϵ_1.0_gens_20000000_210219-074753.270
      From worker 5:	replicate complete, ran 20000000 generations:
      From worker 5:	
      From worker 5:		num_imitating:			20000000
      From worker 5:		num_not_imitating:		0
      From worker 5:		num_strategies_changed:  	552978
      From worker 5:			num_random_strategies: 	20266
      From worker 5:		num_sets_changed: 		748976
      From worker 5:			num_random_opinions: 	19912
      From worker 5:			num_biased_opinions: 	0
      From worker 5:		num_both_changed: 		41459
      From worker 5:	
      From worker 5:	data processed and exported
      From worker 5:	
      From worker 5:	starting b_1.0_c_0.2_N_40_M_3_K_3_P_2_beta_0.001_u_0.001_v_0.001_p_0.25_ϵ_1.0_gens_20000000_210219-074753.270
      From worker 6:	replicate complete, ran 20000000 generations:
      From worker 6:	
      From worker 6:		num_imitating:			20000000
      From worker 6:		num_not_imitating:		0
      From worker 6:		num_strategies_changed:  	544721
      From worker 6:			num_random_strategies: 	20083
      From worker 6:		num_sets_changed: 		728107
      From worker 6:			num_random_opinions: 	20305
      From worker 6:			num_biased_opinions: 	0
      From worker 6:		num_both_changed: 		41322
      From worker 6:	
      From worker 6:	data processed and exported
      From worker 6:	
      From worker 6:	starting b_1.0_c_0.2_N_40_M_3_K_3_P_2_beta_0.001_u_0.001_v_0.001_p_0.25_ϵ_1.0_gens_20000000_210219-074753.270
      From worker 14:	replicate complete, ran 20000000 generations:
      From worker 14:	
      From worker 14:		num_imitating:			17499859
      From worker 14:		num_not_imitating:		2500141
      From worker 14:		num_strategies_changed:  	508985
      From worker 14:			num_random_strategies: 	17398
      From worker 14:		num_sets_changed: 		12096367
      From worker 14:			num_random_opinions: 	1313606
      From worker 14:			num_biased_opinions: 	437146
      From worker 14:		num_both_changed: 		417150
      From worker 14:	
      From worker 14:	data processed and exported
      From worker 14:	
      From worker 14:	starting b_1.0_c_0.2_N_40_M_3_K_3_P_2_beta_0.001_u_0.001_v_0.1_p_0.5_ϵ_1.0_gens_20000000_210219-074753.270
      From worker 15:	replicate complete, ran 20000000 generations:
      From worker 15:	
      From worker 15:		num_imitating:			17498730
      From worker 15:		num_not_imitating:		2501270
      From worker 15:		num_strategies_changed:  	496842
      From worker 15:			num_random_strategies: 	17465
      From worker 15:		num_sets_changed: 		12091956
      From worker 15:			num_random_opinions: 	1312404
      From worker 15:			num_biased_opinions: 	437213
      From worker 15:		num_both_changed: 		406528
      From worker 15:	
      From worker 15:	data processed and exported
      From worker 15:	
      From worker 15:	starting b_1.0_c_0.2_N_40_M_3_K_3_P_2_beta_0.001_u_0.001_v_0.1_p_0.5_ϵ_1.0_gens_20000000_210219-074753.270
      From worker 12:	replicate complete, ran 20000000 generations:
      From worker 12:	
      From worker 12:		num_imitating:			17499916
      From worker 12:		num_not_imitating:		2500084
      From worker 12:		num_strategies_changed:  	473335
      From worker 12:			num_random_strategies: 	17366
      From worker 12:		num_sets_changed: 		12106823
      From worker 12:			num_random_opinions: 	1311402
      From worker 12:			num_biased_opinions: 	437337
      From worker 12:		num_both_changed: 		386261
      From worker 12:	
      From worker 12:	data processed and exported
      From worker 12:	
      From worker 12:	starting b_1.0_c_0.2_N_40_M_3_K_3_P_2_beta_0.001_u_0.001_v_0.1_p_0.5_ϵ_1.0_gens_20000000_210219-074753.270
      From worker 13:	replicate complete, ran 20000000 generations:
      From worker 13:	
      From worker 13:		num_imitating:			17500557
      From worker 13:		num_not_imitating:		2499443
      From worker 13:		num_strategies_changed:  	502545
      From worker 13:			num_random_strategies: 	17579
      From worker 13:		num_sets_changed: 		12077693
      From worker 13:			num_random_opinions: 	1311271
      From worker 13:			num_biased_opinions: 	437193
      From worker 13:		num_both_changed: 		411239
      From worker 13:	
      From worker 13:	data processed and exported
      From worker 13:	
      From worker 13:	starting b_1.0_c_0.2_N_40_M_3_K_3_P_2_beta_0.001_u_0.001_v_0.1_p_0.5_ϵ_1.0_gens_20000000_210219-074753.270
      From worker 9:	replicate complete, ran 20000000 generations:
      From worker 9:	
      From worker 9:		num_imitating:			14998483
      From worker 9:		num_not_imitating:		5001517
      From worker 9:		num_strategies_changed:  	414807
      From worker 9:			num_random_strategies: 	14972
      From worker 9:		num_sets_changed: 		5828778
      From worker 9:			num_random_opinions: 	187846
      From worker 9:			num_biased_opinions: 	187064
      From worker 9:		num_both_changed: 		243228
      From worker 9:	
      From worker 9:	data processed and exported
      From worker 9:	
      From worker 9:	starting b_1.0_c_0.2_N_40_M_3_K_3_P_2_beta_0.001_u_0.001_v_0.025_p_0.75_ϵ_1.0_gens_20000000_210219-074753.270
      From worker 8:	replicate complete, ran 20000000 generations:
      From worker 8:	
      From worker 8:		num_imitating:			15000727
      From worker 8:		num_not_imitating:		4999273
      From worker 8:		num_strategies_changed:  	430781
      From worker 8:			num_random_strategies: 	15019
      From worker 8:		num_sets_changed: 		5782988
      From worker 8:			num_random_opinions: 	188252
      From worker 8:			num_biased_opinions: 	187727
      From worker 8:		num_both_changed: 		246102
      From worker 8:	
      From worker 11:	replicate complete, ran 20000000 generations:
      From worker 11:	
      From worker 11:		num_imitating:			15004917
      From worker 11:		num_not_imitating:		4995083
      From worker 11:		num_strategies_changed:  	440458
      From worker 11:			num_random_strategies: 	15180
      From worker 11:		num_sets_changed: 		5806684
      From worker 11:			num_random_opinions: 	187484
      From worker 11:			num_biased_opinions: 	187799
      From worker 11:		num_both_changed: 		252013
      From worker 11:	
      From worker 8:	data processed and exported
      From worker 8:	
      From worker 8:	starting b_1.0_c_0.2_N_40_M_3_K_3_P_2_beta_0.001_u_0.001_v_0.025_p_0.75_ϵ_1.0_gens_20000000_210219-074753.270
      From worker 11:	data processed and exported
      From worker 16:	replicate complete, ran 20000000 generations:
      From worker 16:	
      From worker 16:		num_imitating:			17498407
      From worker 16:		num_not_imitating:		2501593
      From worker 16:		num_strategies_changed:  	444726
      From worker 16:			num_random_strategies: 	17212
      From worker 16:		num_sets_changed: 		12108215
      From worker 16:			num_random_opinions: 	1313392
      From worker 16:			num_biased_opinions: 	436465
      From worker 16:		num_both_changed: 		360868
      From worker 16:	
      From worker 11:	
      From worker 11:	starting b_1.0_c_0.2_N_40_M_3_K_3_P_2_beta_0.001_u_0.001_v_0.025_p_0.75_ϵ_1.0_gens_20000000_210219-074753.270
      From worker 16:	data processed and exported
      From worker 16:	
      From worker 16:	starting b_1.0_c_0.2_N_40_M_3_K_3_P_2_beta_0.001_u_0.001_v_0.1_p_0.5_ϵ_1.0_gens_20000000_210219-074753.270
      From worker 7:	replicate complete, ran 20000000 generations:
      From worker 7:	
      From worker 7:		num_imitating:			14996567
      From worker 7:		num_not_imitating:		5003433
      From worker 7:		num_strategies_changed:  	405510
      From worker 7:			num_random_strategies: 	14887
      From worker 7:		num_sets_changed: 		5904991
      From worker 7:			num_random_opinions: 	187008
      From worker 7:			num_biased_opinions: 	187692
      From worker 7:		num_both_changed: 		239874
      From worker 7:	
      From worker 7:	data processed and exported
      From worker 7:	
      From worker 7:	starting b_1.0_c_0.2_N_40_M_3_K_3_P_2_beta_0.001_u_0.001_v_0.025_p_0.75_ϵ_1.0_gens_20000000_210219-074753.270
      From worker 10:	replicate complete, ran 20000000 generations:
      From worker 10:	
      From worker 10:		num_imitating:			15000613
      From worker 10:		num_not_imitating:		4999387
      From worker 10:		num_strategies_changed:  	408866
      From worker 10:			num_random_strategies: 	14999
      From worker 10:		num_sets_changed: 		5843016
      From worker 10:			num_random_opinions: 	187527
      From worker 10:			num_biased_opinions: 	187359
      From worker 10:		num_both_changed: 		235504
      From worker 10:	
      From worker 10:	data processed and exported
      From worker 10:	
      From worker 10:	starting b_1.0_c_0.2_N_40_M_3_K_3_P_2_beta_0.001_u_0.001_v_0.025_p_0.75_ϵ_1.0_gens_20000000_210219-074753.270
      From worker 2:	replicate complete, ran 20000000 generations:
      From worker 2:	
      From worker 2:		num_imitating:			17502549
      From worker 2:		num_not_imitating:		2497451
      From worker 2:		num_strategies_changed:  	463337
      From worker 2:			num_random_strategies: 	17476
      From worker 2:		num_sets_changed: 		619023
      From worker 2:			num_random_opinions: 	13059
      From worker 2:			num_biased_opinions: 	4391
      From worker 2:		num_both_changed: 		35345
      From worker 2:	
      From worker 2:	data processed and exported
      From worker 2:	
      From worker 2:	starting b_1.0_c_0.2_N_40_M_3_K_3_P_2_beta_0.001_u_0.001_v_0.001_p_0.5_ϵ_1.0_gens_20000000_210219-074753.270
      From worker 4:	replicate complete, ran 20000000 generations:
      From worker 4:	
      From worker 4:		num_imitating:			17499953
      From worker 4:		num_not_imitating:		2500047
      From worker 4:		num_strategies_changed:  	491816
      From worker 4:			num_random_strategies: 	17470
      From worker 4:		num_sets_changed: 		618614
      From worker 4:			num_random_opinions: 	13061
      From worker 4:			num_biased_opinions: 	4430
      From worker 4:		num_both_changed: 		33288
      From worker 4:	
      From worker 4:	data processed and exported
      From worker 4:	
      From worker 4:	starting b_1.0_c_0.2_N_40_M_3_K_3_P_2_beta_0.001_u_0.001_v_0.001_p_0.5_ϵ_1.0_gens_20000000_210219-074753.270
      From worker 3:	replicate complete, ran 20000000 generations:
      From worker 3:	
      From worker 3:		num_imitating:			17499405
      From worker 3:		num_not_imitating:		2500595
      From worker 3:		num_strategies_changed:  	482398
      From worker 3:			num_random_strategies: 	17399
      From worker 3:		num_sets_changed: 		618606
      From worker 3:			num_random_opinions: 	13209
      From worker 3:			num_biased_opinions: 	4277
      From worker 3:		num_both_changed: 		36512
      From worker 3:	
      From worker 3:	data processed and exported
      From worker 3:	
      From worker 3:	starting b_1.0_c_0.2_N_40_M_3_K_3_P_2_beta_0.001_u_0.001_v_0.001_p_0.5_ϵ_1.0_gens_20000000_210219-074753.270
      From worker 5:	replicate complete, ran 20000000 generations:
      From worker 5:	
      From worker 5:		num_imitating:			17499502
      From worker 5:		num_not_imitating:		2500498
      From worker 5:		num_strategies_changed:  	458406
      From worker 5:			num_random_strategies: 	17316
      From worker 5:		num_sets_changed: 		641527
      From worker 5:			num_random_opinions: 	13337
      From worker 5:			num_biased_opinions: 	4451
      From worker 5:		num_both_changed: 		28780
      From worker 5:	
      From worker 5:	data processed and exported
      From worker 5:	
      From worker 5:	starting b_1.0_c_0.2_N_40_M_3_K_3_P_2_beta_0.001_u_0.001_v_0.001_p_0.5_ϵ_1.0_gens_20000000_210219-074753.270
      From worker 6:	replicate complete, ran 20000000 generations:
      From worker 6:	
      From worker 6:		num_imitating:			17500483
      From worker 6:		num_not_imitating:		2499517
      From worker 6:		num_strategies_changed:  	478188
      From worker 6:			num_random_strategies: 	17491
      From worker 6:		num_sets_changed: 		629114
      From worker 6:			num_random_opinions: 	13014
      From worker 6:			num_biased_opinions: 	4313
      From worker 6:		num_both_changed: 		30894
      From worker 6:	
      From worker 6:	data processed and exported
      From worker 6:	
      From worker 6:	starting b_1.0_c_0.2_N_40_M_3_K_3_P_2_beta_0.001_u_0.001_v_0.001_p_0.5_ϵ_1.0_gens_20000000_210219-074753.270
      From worker 2:	replicate complete, ran 20000000 generations:
      From worker 2:	
      From worker 2:		num_imitating:			14997050
      From worker 2:		num_not_imitating:		5002950
      From worker 2:		num_strategies_changed:  	403203
      From worker 2:			num_random_strategies: 	15022
      From worker 2:		num_sets_changed: 		532970
      From worker 2:			num_random_opinions: 	7506
      From worker 2:			num_biased_opinions: 	7825
      From worker 2:		num_both_changed: 		26412
      From worker 2:	
      From worker 2:	data processed and exported
      From worker 2:	
      From worker 2:	starting b_1.0_c_0.2_N_40_M_3_K_3_P_2_beta_0.001_u_0.001_v_0.001_p_0.75_ϵ_1.0_gens_20000000_210219-074753.270
      From worker 4:	replicate complete, ran 20000000 generations:
      From worker 4:	
      From worker 4:		num_imitating:			15004099
      From worker 4:		num_not_imitating:		4995901
      From worker 4:		num_strategies_changed:  	424221
      From worker 4:			num_random_strategies: 	14894
      From worker 4:		num_sets_changed: 		495024
      From worker 4:			num_random_opinions: 	7484
      From worker 4:			num_biased_opinions: 	7594
      From worker 4:		num_both_changed: 		27218
      From worker 4:	
      From worker 4:	data processed and exported
      From worker 4:	
      From worker 4:	starting b_1.0_c_0.2_N_40_M_3_K_3_P_2_beta_0.001_u_0.001_v_0.001_p_0.75_ϵ_1.0_gens_20000000_210219-074753.270
      From worker 3:	replicate complete, ran 20000000 generations:
      From worker 3:	
      From worker 3:		num_imitating:			14999852
      From worker 3:		num_not_imitating:		5000148
      From worker 3:		num_strategies_changed:  	416506
      From worker 3:			num_random_strategies: 	14919
      From worker 3:		num_sets_changed: 		488453
      From worker 3:			num_random_opinions: 	7471
      From worker 3:			num_biased_opinions: 	7498
      From worker 3:		num_both_changed: 		23869
      From worker 3:	
      From worker 3:	data processed and exported
      From worker 3:	
      From worker 3:	starting b_1.0_c_0.2_N_40_M_3_K_3_P_2_beta_0.001_u_0.001_v_0.001_p_0.75_ϵ_1.0_gens_20000000_210219-074753.270
      From worker 5:	replicate complete, ran 20000000 generations:
      From worker 5:	
      From worker 5:		num_imitating:			14998163
      From worker 5:		num_not_imitating:		5001837
      From worker 5:		num_strategies_changed:  	416190
      From worker 5:			num_random_strategies: 	15191
      From worker 5:		num_sets_changed: 		502133
      From worker 5:			num_random_opinions: 	7397
      From worker 5:			num_biased_opinions: 	7592
      From worker 5:		num_both_changed: 		23347
      From worker 5:	
      From worker 5:	data processed and exported
      From worker 5:	
      From worker 5:	starting b_1.0_c_0.2_N_40_M_3_K_3_P_2_beta_0.001_u_0.001_v_0.001_p_0.75_ϵ_1.0_gens_20000000_210219-074753.270
      From worker 9:	replicate complete, ran 20000000 generations:
      From worker 9:	
      From worker 9:		num_imitating:			12499701
      From worker 9:		num_not_imitating:		7500299
      From worker 9:		num_strategies_changed:  	342810
      From worker 9:			num_random_strategies: 	12376
      From worker 9:		num_sets_changed: 		4072598
      From worker 9:			num_random_opinions: 	78248
      From worker 9:			num_biased_opinions: 	234114
      From worker 9:		num_both_changed: 		175386
      From worker 9:	
      From worker 9:	data processed and exported
      From worker 6:	replicate complete, ran 20000000 generations:
      From worker 6:	
      From worker 6:		num_imitating:			14999668
      From worker 6:		num_not_imitating:		5000332
      From worker 6:		num_strategies_changed:  	409197
      From worker 6:			num_random_strategies: 	15113
      From worker 6:		num_sets_changed: 		508264
      From worker 6:			num_random_opinions: 	7529
      From worker 6:			num_biased_opinions: 	7488
      From worker 6:		num_both_changed: 		24539
      From worker 6:	
      From worker 9:	
      From worker 9:	starting b_1.0_c_0.2_N_40_M_3_K_3_P_2_beta_0.001_u_0.001_v_0.025_p_1.0_ϵ_1.0_gens_20000000_210219-074753.270
      From worker 6:	data processed and exported
      From worker 11:	replicate complete, ran 20000000 generations:
      From worker 11:	
      From worker 11:		num_imitating:			12501399
      From worker 11:		num_not_imitating:		7498601
      From worker 11:		num_strategies_changed:  	356147
      From worker 11:			num_random_strategies: 	12543
      From worker 11:		num_sets_changed: 		4080319
      From worker 11:			num_random_opinions: 	78689
      From worker 11:			num_biased_opinions: 	234172
      From worker 11:		num_both_changed: 		177498
      From worker 11:	
      From worker 6:	
      From worker 6:	starting b_1.0_c_0.2_N_40_M_3_K_3_P_2_beta_0.001_u_0.001_v_0.001_p_0.75_ϵ_1.0_gens_20000000_210219-074753.270
      From worker 8:	replicate complete, ran 20000000 generations:
      From worker 8:	
      From worker 8:		num_imitating:			12497556
      From worker 8:		num_not_imitating:		7502444
      From worker 8:		num_strategies_changed:  	321008
      From worker 8:			num_random_strategies: 	12225
      From worker 8:		num_sets_changed: 		4051553
      From worker 8:			num_random_opinions: 	78276
      From worker 8:			num_biased_opinions: 	234106
      From worker 8:		num_both_changed: 		152004
      From worker 8:	
      From worker 11:	data processed and exported
      From worker 11:	
      From worker 11:	starting b_1.0_c_0.2_N_40_M_3_K_3_P_2_beta_0.001_u_0.001_v_0.025_p_1.0_ϵ_1.0_gens_20000000_210219-074753.270
      From worker 8:	data processed and exported
      From worker 8:	
      From worker 8:	starting b_1.0_c_0.2_N_40_M_3_K_3_P_2_beta_0.001_u_0.001_v_0.025_p_1.0_ϵ_1.0_gens_20000000_210219-074753.270
      From worker 7:	replicate complete, ran 20000000 generations:
      From worker 7:	
      From worker 7:		num_imitating:			12503492
      From worker 7:		num_not_imitating:		7496508
      From worker 7:		num_strategies_changed:  	347749
      From worker 7:			num_random_strategies: 	12485
      From worker 7:		num_sets_changed: 		4068397
      From worker 7:			num_random_opinions: 	78268
      From worker 7:			num_biased_opinions: 	234737
      From worker 7:		num_both_changed: 		169579
      From worker 7:	
      From worker 7:	data processed and exported
      From worker 7:	
      From worker 7:	starting b_1.0_c_0.2_N_40_M_3_K_3_P_2_beta_0.001_u_0.001_v_0.025_p_1.0_ϵ_1.0_gens_20000000_210219-074753.270
      From worker 10:	replicate complete, ran 20000000 generations:
      From worker 10:	
      From worker 10:		num_imitating:			12501163
      From worker 10:		num_not_imitating:		7498837
      From worker 10:		num_strategies_changed:  	338781
      From worker 10:			num_random_strategies: 	12408
      From worker 10:		num_sets_changed: 		4064950
      From worker 10:			num_random_opinions: 	78071
      From worker 10:			num_biased_opinions: 	234119
      From worker 10:		num_both_changed: 		165165
      From worker 10:	
      From worker 10:	data processed and exported
      From worker 10:	
      From worker 10:	starting b_1.0_c_0.2_N_40_M_3_K_3_P_2_beta_0.001_u_0.001_v_0.025_p_1.0_ϵ_1.0_gens_20000000_210219-074753.270
      From worker 2:	replicate complete, ran 20000000 generations:
      From worker 2:	
      From worker 2:		num_imitating:			12502370
      From worker 2:		num_not_imitating:		7497630
      From worker 2:		num_strategies_changed:  	342939
      From worker 2:			num_random_strategies: 	12438
      From worker 2:		num_sets_changed: 		335254
      From worker 2:			num_random_opinions: 	3065
      From worker 2:			num_biased_opinions: 	9473
      From worker 2:		num_both_changed: 		18135
      From worker 2:	
      From worker 2:	data processed and exported
      From worker 2:	
      From worker 2:	starting b_1.0_c_0.2_N_40_M_3_K_3_P_2_beta_0.001_u_0.001_v_0.001_p_1.0_ϵ_1.0_gens_20000000_210219-074753.270
      From worker 14:	replicate complete, ran 20000000 generations:
      From worker 14:	
      From worker 14:		num_imitating:			15003882
      From worker 14:		num_not_imitating:		4996118
      From worker 14:		num_strategies_changed:  	414724
      From worker 14:			num_random_strategies: 	14950
      From worker 14:		num_sets_changed: 		9467426
      From worker 14:			num_random_opinions: 	750122
      From worker 14:			num_biased_opinions: 	749779
      From worker 14:		num_both_changed: 		313479
      From worker 14:	
      From worker 4:	replicate complete, ran 20000000 generations:
      From worker 4:	
      From worker 4:		num_imitating:			12500473
      From worker 4:		num_not_imitating:		7499527
      From worker 4:		num_strategies_changed:  	339235
      From worker 4:			num_random_strategies: 	12561
      From worker 4:		num_sets_changed: 		366367
      From worker 4:			num_random_opinions: 	3207
      From worker 4:			num_biased_opinions: 	9316
      From worker 4:		num_both_changed: 		16771
      From worker 4:	
      From worker 14:	data processed and exported
      From worker 4:	data processed and exported
      From worker 14:	
      From worker 14:	starting b_1.0_c_0.2_N_40_M_3_K_3_P_2_beta_0.001_u_0.001_v_0.1_p_0.75_ϵ_1.0_gens_20000000_210219-074753.270
      From worker 4:	
      From worker 4:	starting b_1.0_c_0.2_N_40_M_3_K_3_P_2_beta_0.001_u_0.001_v_0.001_p_1.0_ϵ_1.0_gens_20000000_210219-074753.270
      From worker 15:	replicate complete, ran 20000000 generations:
      From worker 15:	
      From worker 15:		num_imitating:			15001471
      From worker 15:		num_not_imitating:		4998529
      From worker 15:		num_strategies_changed:  	418968
      From worker 15:			num_random_strategies: 	14946
      From worker 15:		num_sets_changed: 		9422429
      From worker 15:			num_random_opinions: 	749637
      From worker 15:			num_biased_opinions: 	749415
      From worker 15:		num_both_changed: 		313210
      From worker 15:	
      From worker 3:	replicate complete, ran 20000000 generations:
      From worker 3:	
      From worker 3:		num_imitating:			12498393
      From worker 3:		num_not_imitating:		7501607
      From worker 3:		num_strategies_changed:  	339551
      From worker 3:			num_random_strategies: 	12349
      From worker 3:		num_sets_changed: 		381004
      From worker 3:			num_random_opinions: 	3132
      From worker 3:			num_biased_opinions: 	9299
      From worker 3:		num_both_changed: 		14160
      From worker 3:	
      From worker 9:	replicate complete, ran 20000000 generations:
      From worker 9:	
      From worker 9:		num_imitating:			10000609
      From worker 9:		num_not_imitating:		9999391
      From worker 9:		num_strategies_changed:  	149361
      From worker 9:			num_random_strategies: 	10155
      From worker 9:		num_sets_changed: 		0
      From worker 9:			num_random_opinions: 	0
      From worker 9:			num_biased_opinions: 	250854
      From worker 9:		num_both_changed: 		0
      From worker 9:	
      From worker 15:	data processed and exported
      From worker 15:	
      From worker 15:	starting b_1.0_c_0.2_N_40_M_3_K_3_P_2_beta_0.001_u_0.001_v_0.1_p_0.75_ϵ_1.0_gens_20000000_210219-074753.270
      From worker 9:	data processed and exported
      From worker 3:	data processed and exported
      From worker 9:	
      From worker 9:	starting b_1.0_c_0.2_N_40_M_3_K_3_P_2_beta_0.001_u_0.001_v_0.025_p_0.0_ϵ_1.0_gens_20000000_210219-074753.270
      From worker 3:	
      From worker 3:	starting b_1.0_c_0.2_N_40_M_3_K_3_P_2_beta_0.001_u_0.001_v_0.001_p_1.0_ϵ_1.0_gens_20000000_210219-074753.270
      From worker 11:	replicate complete, ran 20000000 generations:
      From worker 11:	
      From worker 11:		num_imitating:			10001983
      From worker 11:		num_not_imitating:		9998017
      From worker 11:		num_strategies_changed:  	149027
      From worker 11:			num_random_strategies: 	10160
      From worker 11:		num_sets_changed: 		0
      From worker 11:			num_random_opinions: 	0
      From worker 11:			num_biased_opinions: 	249942
      From worker 11:		num_both_changed: 		0
      From worker 11:	
      From worker 11:	data processed and exported
      From worker 11:	
      From worker 11:	starting b_1.0_c_0.2_N_40_M_3_K_3_P_2_beta_0.001_u_0.001_v_0.025_p_0.0_ϵ_1.0_gens_20000000_210219-074753.270
      From worker 12:	replicate complete, ran 20000000 generations:
      From worker 12:	
      From worker 12:		num_imitating:			15001424
      From worker 12:		num_not_imitating:		4998576
      From worker 12:		num_strategies_changed:  	415253
      From worker 12:			num_random_strategies: 	14910
      From worker 12:		num_sets_changed: 		9445410
      From worker 12:			num_random_opinions: 	750629
      From worker 12:			num_biased_opinions: 	749508
      From worker 12:		num_both_changed: 		309171
      From worker 12:	
      From worker 8:	replicate complete, ran 20000000 generations:
      From worker 8:	
      From worker 8:		num_imitating:			10002543
      From worker 8:		num_not_imitating:		9997457
      From worker 8:		num_strategies_changed:  	143839
      From worker 8:			num_random_strategies: 	9899
      From worker 8:		num_sets_changed: 		0
      From worker 8:			num_random_opinions: 	0
      From worker 8:			num_biased_opinions: 	250325
      From worker 8:		num_both_changed: 		0
      From worker 8:	
      From worker 12:	data processed and exported
      From worker 8:	data processed and exported
      From worker 12:	
      From worker 12:	starting b_1.0_c_0.2_N_40_M_3_K_3_P_2_beta_0.001_u_0.001_v_0.1_p_0.75_ϵ_1.0_gens_20000000_210219-074753.270
      From worker 8:	
      From worker 8:	starting b_1.0_c_0.2_N_40_M_3_K_3_P_2_beta_0.001_u_0.001_v_0.025_p_0.0_ϵ_1.0_gens_20000000_210219-074753.270
      From worker 5:	replicate complete, ran 20000000 generations:
      From worker 5:	
      From worker 5:		num_imitating:			12498759
      From worker 5:		num_not_imitating:		7501241
      From worker 5:		num_strategies_changed:  	336467
      From worker 5:			num_random_strategies: 	12386
      From worker 5:		num_sets_changed: 		363557
      From worker 5:			num_random_opinions: 	3113
      From worker 5:			num_biased_opinions: 	9467
      From worker 5:		num_both_changed: 		16782
      From worker 5:	
      From worker 5:	data processed and exported
      From worker 5:	
      From worker 5:	starting b_1.0_c_0.2_N_40_M_3_K_3_P_2_beta_0.001_u_0.001_v_0.001_p_1.0_ϵ_1.0_gens_20000000_210219-074753.270
      From worker 6:	replicate complete, ran 20000000 generations:
      From worker 6:	
      From worker 6:		num_imitating:			12500796
      From worker 6:		num_not_imitating:		7499204
      From worker 6:		num_strategies_changed:  	342889
      From worker 6:			num_random_strategies: 	12543
      From worker 6:		num_sets_changed: 		356657
      From worker 6:			num_random_opinions: 	3054
      From worker 6:			num_biased_opinions: 	9240
      From worker 6:		num_both_changed: 		19128
      From worker 6:	
      From worker 6:	data processed and exported
      From worker 7:	replicate complete, ran 20000000 generations:
      From worker 7:	
      From worker 7:		num_imitating:			10003016
      From worker 7:		num_not_imitating:		9996984
      From worker 7:		num_strategies_changed:  	151768
      From worker 7:			num_random_strategies: 	10177
      From worker 7:		num_sets_changed: 		0
      From worker 7:			num_random_opinions: 	0
      From worker 7:			num_biased_opinions: 	250685
      From worker 7:		num_both_changed: 		0
      From worker 7:	
      From worker 6:	
      From worker 6:	starting b_1.0_c_0.2_N_40_M_3_K_3_P_2_beta_0.001_u_0.001_v_0.001_p_1.0_ϵ_1.0_gens_20000000_210219-074753.270
      From worker 13:	replicate complete, ran 20000000 generations:
      From worker 13:	
      From worker 13:		num_imitating:			14999642
      From worker 13:		num_not_imitating:		5000358
      From worker 13:		num_strategies_changed:  	426878
      From worker 13:			num_random_strategies: 	14931
      From worker 13:		num_sets_changed: 		9429921
      From worker 13:			num_random_opinions: 	748724
      From worker 13:			num_biased_opinions: 	750494
      From worker 13:		num_both_changed: 		319140
      From worker 13:	
      From worker 7:	data processed and exported
      From worker 7:	
      From worker 7:	starting b_1.0_c_0.2_N_40_M_3_K_3_P_2_beta_0.001_u_0.001_v_0.025_p_0.0_ϵ_1.0_gens_20000000_210219-074753.270
      From worker 13:	data processed and exported
      From worker 13:	
      From worker 13:	starting b_1.0_c_0.2_N_40_M_3_K_3_P_2_beta_0.001_u_0.001_v_0.1_p_0.75_ϵ_1.0_gens_20000000_210219-074753.270
      From worker 10:	replicate complete, ran 20000000 generations:
      From worker 10:	
      From worker 10:		num_imitating:			10004960
      From worker 10:		num_not_imitating:		9995040
      From worker 10:		num_strategies_changed:  	151952
      From worker 10:			num_random_strategies: 	9993
      From worker 10:		num_sets_changed: 		0
      From worker 10:			num_random_opinions: 	0
      From worker 10:			num_biased_opinions: 	249602
      From worker 10:		num_both_changed: 		0
      From worker 10:	
      From worker 10:	data processed and exported
      From worker 10:	
      From worker 10:	starting b_1.0_c_0.2_N_40_M_3_K_3_P_2_beta_0.001_u_0.001_v_0.025_p_0.0_ϵ_1.0_gens_20000000_210219-074753.270
      From worker 16:	replicate complete, ran 20000000 generations:
      From worker 16:	
      From worker 16:		num_imitating:			14999223
      From worker 16:		num_not_imitating:		5000777
      From worker 16:		num_strategies_changed:  	409218
      From worker 16:			num_random_strategies: 	14967
      From worker 16:		num_sets_changed: 		9439093
      From worker 16:			num_random_opinions: 	748849
      From worker 16:			num_biased_opinions: 	749802
      From worker 16:		num_both_changed: 		304773
      From worker 16:	
      From worker 16:	data processed and exported
      From worker 16:	
