packages loaded
      From worker 4:	 Activating environment at `/tigress/mk28/CooperationPolarization2/Project.toml`
      From worker 3:	 Activating environment at `/tigress/mk28/CooperationPolarization2/Project.toml`
      From worker 2:	 Activating environment at `/tigress/mk28/CooperationPolarization2/Project.toml`
      From worker 6:	 Activating environment at `/tigress/mk28/CooperationPolarization2/Project.toml`
      From worker 5:	 Activating environment at `/tigress/mk28/CooperationPolarization2/Project.toml`
      From worker 10:	 Activating environment at `/tigress/mk28/CooperationPolarization2/Project.toml`
      From worker 12:	 Activating environment at `/tigress/mk28/CooperationPolarization2/Project.toml`
      From worker 9:	 Activating environment at `/tigress/mk28/CooperationPolarization2/Project.toml`
      From worker 13:	 Activating environment at `/tigress/mk28/CooperationPolarization2/Project.toml`
      From worker 14:	 Activating environment at `/tigress/mk28/CooperationPolarization2/Project.toml`
      From worker 11:	 Activating environment at `/tigress/mk28/CooperationPolarization2/Project.toml`
      From worker 15:	 Activating environment at `/tigress/mk28/CooperationPolarization2/Project.toml`
      From worker 7:	 Activating environment at `/tigress/mk28/CooperationPolarization2/Project.toml`
      From worker 16:	 Activating environment at `/tigress/mk28/CooperationPolarization2/Project.toml`
      From worker 8:	 Activating environment at `/tigress/mk28/CooperationPolarization2/Project.toml`
      From worker 3:	packages loaded
      From worker 2:	packages loaded
      From worker 10:	packages loaded
      From worker 13:	packages loaded
      From worker 12:	packages loaded
      From worker 5:	packages loaded
      From worker 4:	packages loaded
      From worker 6:	packages loaded
      From worker 16:	packages loaded
      From worker 15:	packages loaded
      From worker 11:	packages loaded
      From worker 7:	packages loaded
      From worker 9:	packages loaded
      From worker 14:	packages loaded
      From worker 8:	packages loaded
parameters defined
      From worker 11:	
      From worker 11:	starting b_1.0_c_0.2_N_40_M_3_K_2_P_2_beta_0.001_u_0.001_v_0.055901699437494755_p_1.0_ϵ_1.0_gens_20000000_210223-041437.550
      From worker 3:	
      From worker 3:	starting b_1.0_c_0.2_N_40_M_3_K_2_P_2_beta_0.001_u_0.001_v_0.001_p_0.25_ϵ_1.0_gens_20000000_210223-041437.550
      From worker 12:	
      From worker 12:	starting b_1.0_c_0.2_N_40_M_3_K_2_P_2_beta_0.001_u_0.001_v_0.125_p_0.0_ϵ_1.0_gens_20000000_210223-041437.550
      From worker 16:	
      From worker 16:	starting b_1.0_c_0.2_N_40_M_3_K_2_P_2_beta_0.001_u_0.001_v_0.625_p_1.0_ϵ_1.0_gens_20000000_210223-041437.550
      From worker 15:	
      From worker 15:	starting b_1.0_c_0.2_N_40_M_3_K_2_P_2_beta_0.001_u_0.001_v_0.2795084971874737_p_0.75_ϵ_1.0_gens_20000000_210223-041437.550
      From worker 5:	
      From worker 5:	starting b_1.0_c_0.2_N_40_M_3_K_2_P_2_beta_0.001_u_0.001_v_0.0022360679774997894_p_0.75_ϵ_1.0_gens_20000000_210223-041437.550
      From worker 6:	
      From worker 6:	starting b_1.0_c_0.2_N_40_M_3_K_2_P_2_beta_0.001_u_0.001_v_0.005_p_1.0_ϵ_1.0_gens_20000000_210223-041437.550
      From worker 4:	
      From worker 4:	starting b_1.0_c_0.2_N_40_M_3_K_2_P_2_beta_0.001_u_0.001_v_0.0022360679774997894_p_0.5_ϵ_1.0_gens_20000000_210223-041437.550
      From worker 2:	
      From worker 2:	starting b_1.0_c_0.2_N_40_M_3_K_2_P_2_beta_0.001_u_0.001_v_0.001_p_0.0_ϵ_1.0_gens_20000000_210223-041437.550
      From worker 13:	
      From worker 13:	starting b_1.0_c_0.2_N_40_M_3_K_2_P_2_beta_0.001_u_0.001_v_0.125_p_0.25_ϵ_1.0_gens_20000000_210223-041437.550
      From worker 7:	
      From worker 7:	starting b_1.0_c_0.2_N_40_M_3_K_2_P_2_beta_0.001_u_0.001_v_0.011180339887498947_p_0.0_ϵ_1.0_gens_20000000_210223-041437.550
      From worker 10:	
      From worker 10:	starting b_1.0_c_0.2_N_40_M_3_K_2_P_2_beta_0.001_u_0.001_v_0.025_p_0.75_ϵ_1.0_gens_20000000_210223-041437.550
      From worker 9:	
      From worker 9:	starting b_1.0_c_0.2_N_40_M_3_K_2_P_2_beta_0.001_u_0.001_v_0.025_p_0.5_ϵ_1.0_gens_20000000_210223-041437.550
      From worker 14:	
      From worker 14:	starting b_1.0_c_0.2_N_40_M_3_K_2_P_2_beta_0.001_u_0.001_v_0.2795084971874737_p_0.5_ϵ_1.0_gens_20000000_210223-041437.550
      From worker 8:	
      From worker 8:	starting b_1.0_c_0.2_N_40_M_3_K_2_P_2_beta_0.001_u_0.001_v_0.011180339887498947_p_0.25_ϵ_1.0_gens_20000000_210223-041437.550
      From worker 3:	replicate complete, ran 20000000 generations:
      From worker 3:	
      From worker 3:		num_imitating:			17500473
      From worker 3:		num_not_imitating:		2499527
      From worker 3:		num_strategies_changed:  	475876
      From worker 3:			num_random_strategies: 	17251
      From worker 3:		num_sets_changed: 		597495
      From worker 3:			num_random_opinions: 	13022
      From worker 3:			num_biased_opinions: 	4494
      From worker 3:		num_both_changed: 		34561
      From worker 3:	
      From worker 6:	replicate complete, ran 20000000 generations:
      From worker 6:	
      From worker 6:		num_imitating:			9997601
      From worker 6:		num_not_imitating:		10002399
      From worker 6:		num_strategies_changed:  	146217
      From worker 6:			num_random_strategies: 	9988
      From worker 6:		num_sets_changed: 		594177
      From worker 6:			num_random_opinions: 	0
      From worker 6:			num_biased_opinions: 	49554
      From worker 6:		num_both_changed: 		15240
      From worker 6:	
      From worker 3:	data processed and exported
      From worker 6:	data processed and exported
      From worker 3:	
      From worker 3:	starting b_1.0_c_0.2_N_40_M_3_K_2_P_2_beta_0.001_u_0.001_v_0.001_p_0.5_ϵ_1.0_gens_20000000_210223-041437.550
      From worker 6:	
      From worker 6:	starting b_1.0_c_0.2_N_40_M_3_K_2_P_2_beta_0.001_u_0.001_v_0.005_p_0.0_ϵ_1.0_gens_20000000_210223-041437.550
      From worker 5:	replicate complete, ran 20000000 generations:
      From worker 5:	
      From worker 5:		num_imitating:			12497672
      From worker 5:		num_not_imitating:		7502328
      From worker 5:		num_strategies_changed:  	356257
      From worker 5:			num_random_strategies: 	12442
      From worker 5:		num_sets_changed: 		855971
      From worker 5:			num_random_opinions: 	6969
      From worker 5:			num_biased_opinions: 	20955
      From worker 5:		num_both_changed: 		44622
      From worker 5:	
      From worker 5:	data processed and exported
      From worker 5:	
      From worker 5:	starting b_1.0_c_0.2_N_40_M_3_K_2_P_2_beta_0.001_u_0.001_v_0.0022360679774997894_p_1.0_ϵ_1.0_gens_20000000_210223-041437.550
      From worker 2:	replicate complete, ran 20000000 generations:
      From worker 2:	
      From worker 2:		num_imitating:			20000000
      From worker 2:		num_not_imitating:		0
      From worker 2:		num_strategies_changed:  	565479
      From worker 2:			num_random_strategies: 	20023
      From worker 2:		num_sets_changed: 		681615
      From worker 2:			num_random_opinions: 	19900
      From worker 2:			num_biased_opinions: 	0
      From worker 2:		num_both_changed: 		32854
      From worker 2:	
      From worker 2:	data processed and exported
      From worker 2:	
      From worker 2:	starting b_1.0_c_0.2_N_40_M_3_K_2_P_2_beta_0.001_u_0.001_v_0.001_p_0.25_ϵ_1.0_gens_20000000_210223-041437.550
      From worker 4:	replicate complete, ran 20000000 generations:
      From worker 4:	
      From worker 4:		num_imitating:			15000926
      From worker 4:		num_not_imitating:		4999074
      From worker 4:		num_strategies_changed:  	399619
      From worker 4:			num_random_strategies: 	14707
      From worker 4:		num_sets_changed: 		1086241
      From worker 4:			num_random_opinions: 	16735
      From worker 4:			num_biased_opinions: 	16633
      From worker 4:		num_both_changed: 		49111
      From worker 4:	
      From worker 4:	data processed and exported
      From worker 4:	
      From worker 4:	starting b_1.0_c_0.2_N_40_M_3_K_2_P_2_beta_0.001_u_0.001_v_0.0022360679774997894_p_0.75_ϵ_1.0_gens_20000000_210223-041437.550
      From worker 11:	replicate complete, ran 20000000 generations:
      From worker 11:	
      From worker 11:		num_imitating:			9998994
      From worker 11:		num_not_imitating:		10001006
      From worker 11:		num_strategies_changed:  	146738
      From worker 11:			num_random_strategies: 	9880
      From worker 11:		num_sets_changed: 		3582517
      From worker 11:			num_random_opinions: 	0
      From worker 11:			num_biased_opinions: 	558490
      From worker 11:		num_both_changed: 		75876
      From worker 11:	
      From worker 11:	data processed and exported
      From worker 11:	
      From worker 11:	starting b_1.0_c_0.2_N_40_M_3_K_2_P_2_beta_0.001_u_0.001_v_0.055901699437494755_p_0.0_ϵ_1.0_gens_20000000_210223-041437.550
      From worker 8:	replicate complete, ran 20000000 generations:
      From worker 8:	
      From worker 8:		num_imitating:			17502530
      From worker 8:		num_not_imitating:		2497470
      From worker 8:		num_strategies_changed:  	482947
      From worker 8:			num_random_strategies: 	17424
      From worker 8:		num_sets_changed: 		4787416
      From worker 8:			num_random_opinions: 	146259
      From worker 8:			num_biased_opinions: 	49198
      From worker 8:		num_both_changed: 		217144
      From worker 8:	
      From worker 8:	data processed and exported
      From worker 8:	
      From worker 8:	starting b_1.0_c_0.2_N_40_M_3_K_2_P_2_beta_0.001_u_0.001_v_0.011180339887498947_p_0.5_ϵ_1.0_gens_20000000_210223-041437.550
      From worker 10:	replicate complete, ran 20000000 generations:
      From worker 10:	
      From worker 10:		num_imitating:			12502994
      From worker 10:		num_not_imitating:		7497006
      From worker 10:		num_strategies_changed:  	353627
      From worker 10:			num_random_strategies: 	12377
      From worker 10:		num_sets_changed: 		5276054
      From worker 10:			num_random_opinions: 	78204
      From worker 10:			num_biased_opinions: 	234060
      From worker 10:		num_both_changed: 		230001
      From worker 10:	
      From worker 10:	data processed and exported
      From worker 10:	
      From worker 10:	starting b_1.0_c_0.2_N_40_M_3_K_2_P_2_beta_0.001_u_0.001_v_0.025_p_1.0_ϵ_1.0_gens_20000000_210223-041437.550
      From worker 16:	replicate complete, ran 20000000 generations:
      From worker 16:	
      From worker 16:		num_imitating:			9999401
      From worker 16:		num_not_imitating:		10000599
      From worker 16:		num_strategies_changed:  	145571
      From worker 16:			num_random_strategies: 	10021
      From worker 16:		num_sets_changed: 		6471767
      From worker 16:			num_random_opinions: 	0
      From worker 16:			num_biased_opinions: 	6248452
      From worker 16:		num_both_changed: 		96811
      From worker 16:	
      From worker 7:	replicate complete, ran 20000000 generations:
      From worker 7:	
      From worker 7:		num_imitating:			20000000
      From worker 7:		num_not_imitating:		0
      From worker 7:		num_strategies_changed:  	559694
      From worker 7:			num_random_strategies: 	20069
      From worker 7:		num_sets_changed: 		5617938
      From worker 7:			num_random_opinions: 	224073
      From worker 7:			num_biased_opinions: 	0
      From worker 7:		num_both_changed: 		266206
      From worker 7:	
      From worker 16:	data processed and exported
      From worker 16:	
      From worker 16:	starting b_1.0_c_0.2_N_40_M_3_K_2_P_2_beta_0.001_u_0.001_v_0.625_p_0.0_ϵ_1.0_gens_20000000_210223-041437.550
      From worker 7:	data processed and exported
      From worker 7:	
      From worker 7:	starting b_1.0_c_0.2_N_40_M_3_K_2_P_2_beta_0.001_u_0.001_v_0.011180339887498947_p_0.25_ϵ_1.0_gens_20000000_210223-041437.550
      From worker 9:	replicate complete, ran 20000000 generations:
      From worker 9:	
      From worker 9:		num_imitating:			14998196
      From worker 9:		num_not_imitating:		5001804
      From worker 9:		num_strategies_changed:  	431459
      From worker 9:			num_random_strategies: 	15014
      From worker 9:		num_sets_changed: 		6650306
      From worker 9:			num_random_opinions: 	187433
      From worker 9:			num_biased_opinions: 	187432
      From worker 9:		num_both_changed: 		279658
      From worker 9:	
      From worker 9:	data processed and exported
      From worker 9:	
      From worker 9:	starting b_1.0_c_0.2_N_40_M_3_K_2_P_2_beta_0.001_u_0.001_v_0.025_p_0.75_ϵ_1.0_gens_20000000_210223-041437.550
      From worker 3:	replicate complete, ran 20000000 generations:
      From worker 3:	
      From worker 3:		num_imitating:			14999665
      From worker 3:		num_not_imitating:		5000335
      From worker 3:		num_strategies_changed:  	430688
      From worker 3:			num_random_strategies: 	14871
      From worker 3:		num_sets_changed: 		480693
      From worker 3:			num_random_opinions: 	7469
      From worker 3:			num_biased_opinions: 	7462
      From worker 3:		num_both_changed: 		26238
      From worker 3:	
      From worker 5:	replicate complete, ran 20000000 generations:
      From worker 5:	
      From worker 5:		num_imitating:			9997476
      From worker 5:		num_not_imitating:		10002524
      From worker 5:		num_strategies_changed:  	152672
      From worker 5:			num_random_strategies: 	9938
      From worker 5:		num_sets_changed: 		286827
      From worker 5:			num_random_opinions: 	0
      From worker 5:			num_biased_opinions: 	22283
      From worker 5:		num_both_changed: 		6792
      From worker 5:	
      From worker 3:	data processed and exported
      From worker 5:	data processed and exported
      From worker 3:	
      From worker 3:	starting b_1.0_c_0.2_N_40_M_3_K_2_P_2_beta_0.001_u_0.001_v_0.001_p_0.75_ϵ_1.0_gens_20000000_210223-041437.550
      From worker 5:	
      From worker 5:	starting b_1.0_c_0.2_N_40_M_3_K_2_P_2_beta_0.001_u_0.001_v_0.005_p_0.0_ϵ_1.0_gens_20000000_210223-041437.550
      From worker 15:	replicate complete, ran 20000000 generations:
      From worker 15:	
      From worker 15:		num_imitating:			12497037
      From worker 15:		num_not_imitating:		7502963
      From worker 15:		num_strategies_changed:  	330914
      From worker 15:			num_random_strategies: 	12459
      From worker 15:		num_sets_changed: 		9767453
      From worker 15:			num_random_opinions: 	873995
      From worker 15:			num_biased_opinions: 	2622470
      From worker 15:		num_both_changed: 		279856
      From worker 15:	
      From worker 15:	data processed and exported
      From worker 15:	
      From worker 15:	starting b_1.0_c_0.2_N_40_M_3_K_2_P_2_beta_0.001_u_0.001_v_0.2795084971874737_p_1.0_ϵ_1.0_gens_20000000_210223-041437.550
      From worker 2:	replicate complete, ran 20000000 generations:
      From worker 2:	
      From worker 2:		num_imitating:			17499629
      From worker 2:		num_not_imitating:		2500371
      From worker 2:		num_strategies_changed:  	510352
      From worker 2:			num_random_strategies: 	17634
      From worker 2:		num_sets_changed: 		600510
      From worker 2:			num_random_opinions: 	13275
      From worker 2:			num_biased_opinions: 	4455
      From worker 2:		num_both_changed: 		37355
      From worker 2:	
      From worker 2:	data processed and exported
      From worker 2:	
      From worker 2:	starting b_1.0_c_0.2_N_40_M_3_K_2_P_2_beta_0.001_u_0.001_v_0.001_p_0.5_ϵ_1.0_gens_20000000_210223-041437.550
      From worker 4:	replicate complete, ran 20000000 generations:
      From worker 4:	
      From worker 4:		num_imitating:			12497371
      From worker 4:		num_not_imitating:		7502629
      From worker 4:		num_strategies_changed:  	343637
      From worker 4:			num_random_strategies: 	12549
      From worker 4:		num_sets_changed: 		871033
      From worker 4:			num_random_opinions: 	6996
      From worker 4:			num_biased_opinions: 	21049
      From worker 4:		num_both_changed: 		47716
      From worker 4:	
      From worker 4:	data processed and exported
      From worker 4:	
      From worker 4:	starting b_1.0_c_0.2_N_40_M_3_K_2_P_2_beta_0.001_u_0.001_v_0.0022360679774997894_p_1.0_ϵ_1.0_gens_20000000_210223-041437.550
      From worker 6:	replicate complete, ran 20000000 generations:
      From worker 6:	
      From worker 6:		num_imitating:			20000000
      From worker 6:		num_not_imitating:		0
      From worker 6:		num_strategies_changed:  	570473
      From worker 6:			num_random_strategies: 	19983
      From worker 6:		num_sets_changed: 		2935803
      From worker 6:			num_random_opinions: 	99774
      From worker 6:			num_biased_opinions: 	0
      From worker 6:		num_both_changed: 		144565
      From worker 6:	
      From worker 6:	data processed and exported
      From worker 6:	
      From worker 6:	starting b_1.0_c_0.2_N_40_M_3_K_2_P_2_beta_0.001_u_0.001_v_0.005_p_0.25_ϵ_1.0_gens_20000000_210223-041437.550
      From worker 14:	replicate complete, ran 20000000 generations:
      From worker 14:	
      From worker 14:		num_imitating:			15000577
      From worker 14:		num_not_imitating:		4999423
      From worker 14:		num_strategies_changed:  	415469
      From worker 14:			num_random_strategies: 	14964
      From worker 14:		num_sets_changed: 		12450742
      From worker 14:			num_random_opinions: 	2097418
      From worker 14:			num_biased_opinions: 	2095439
      From worker 14:		num_both_changed: 		367536
      From worker 14:	
      From worker 14:	data processed and exported
      From worker 14:	
      From worker 14:	starting b_1.0_c_0.2_N_40_M_3_K_2_P_2_beta_0.001_u_0.001_v_0.2795084971874737_p_0.75_ϵ_1.0_gens_20000000_210223-041437.550
      From worker 13:	replicate complete, ran 20000000 generations:
      From worker 13:	
      From worker 13:		num_imitating:			17499235
      From worker 13:		num_not_imitating:		2500765
      From worker 13:		num_strategies_changed:  	498176
      From worker 13:			num_random_strategies: 	17473
      From worker 13:		num_sets_changed: 		13506537
      From worker 13:			num_random_opinions: 	1641566
      From worker 13:			num_biased_opinions: 	545117
      From worker 13:		num_both_changed: 		441019
      From worker 13:	
      From worker 13:	data processed and exported
      From worker 13:	
      From worker 13:	starting b_1.0_c_0.2_N_40_M_3_K_2_P_2_beta_0.001_u_0.001_v_0.125_p_0.5_ϵ_1.0_gens_20000000_210223-041437.550
      From worker 12:	replicate complete, ran 20000000 generations:
      From worker 12:	
      From worker 12:		num_imitating:			20000000
      From worker 12:		num_not_imitating:		0
      From worker 12:		num_strategies_changed:  	564588
      From worker 12:			num_random_strategies: 	19962
      From worker 12:		num_sets_changed: 		15574229
      From worker 12:			num_random_opinions: 	2499907
      From worker 12:			num_biased_opinions: 	0
      From worker 12:		num_both_changed: 		503870
      From worker 12:	
      From worker 12:	data processed and exported
      From worker 12:	
      From worker 12:	starting b_1.0_c_0.2_N_40_M_3_K_2_P_2_beta_0.001_u_0.001_v_0.125_p_0.25_ϵ_1.0_gens_20000000_210223-041437.550
      From worker 10:	replicate complete, ran 20000000 generations:
      From worker 10:	
      From worker 10:		num_imitating:			9996462
      From worker 10:		num_not_imitating:		10003538
      From worker 10:		num_strategies_changed:  	150139
      From worker 10:			num_random_strategies: 	10167
      From worker 10:		num_sets_changed: 		2221466
      From worker 10:			num_random_opinions: 	0
      From worker 10:			num_biased_opinions: 	249867
      From worker 10:		num_both_changed: 		51310
      From worker 10:	
      From worker 10:	data processed and exported
      From worker 10:	
      From worker 10:	starting b_1.0_c_0.2_N_40_M_3_K_2_P_2_beta_0.001_u_0.001_v_0.055901699437494755_p_0.0_ϵ_1.0_gens_20000000_210223-041437.550
      From worker 8:	replicate complete, ran 20000000 generations:
      From worker 8:	
      From worker 8:		num_imitating:			14998723
      From worker 8:		num_not_imitating:		5001277
      From worker 8:		num_strategies_changed:  	439395
      From worker 8:			num_random_strategies: 	14998
      From worker 8:		num_sets_changed: 		4034253
      From worker 8:			num_random_opinions: 	83942
      From worker 8:			num_biased_opinions: 	84280
      From worker 8:		num_both_changed: 		193058
      From worker 8:	
      From worker 8:	data processed and exported
      From worker 8:	
      From worker 8:	starting b_1.0_c_0.2_N_40_M_3_K_2_P_2_beta_0.001_u_0.001_v_0.011180339887498947_p_0.75_ϵ_1.0_gens_20000000_210223-041437.550
      From worker 3:	replicate complete, ran 20000000 generations:
      From worker 3:	
      From worker 3:		num_imitating:			12499906
      From worker 3:		num_not_imitating:		7500094
      From worker 3:		num_strategies_changed:  	349569
      From worker 3:			num_random_strategies: 	12589
      From worker 3:		num_sets_changed: 		415324
      From worker 3:			num_random_opinions: 	3139
      From worker 3:			num_biased_opinions: 	9360
      From worker 3:		num_both_changed: 		18291
      From worker 3:	
      From worker 3:	data processed and exported
      From worker 3:	
      From worker 3:	starting b_1.0_c_0.2_N_40_M_3_K_2_P_2_beta_0.001_u_0.001_v_0.001_p_1.0_ϵ_1.0_gens_20000000_210223-041437.550
      From worker 4:	replicate complete, ran 20000000 generations:
      From worker 4:	
      From worker 4:		num_imitating:			9998983
      From worker 4:		num_not_imitating:		10001017
      From worker 4:		num_strategies_changed:  	144199
      From worker 4:			num_random_strategies: 	9990
      From worker 4:		num_sets_changed: 		282196
      From worker 4:			num_random_opinions: 	0
      From worker 4:			num_biased_opinions: 	22324
      From worker 4:		num_both_changed: 		6807
      From worker 4:	
      From worker 4:	data processed and exported
      From worker 4:	
      From worker 4:	starting b_1.0_c_0.2_N_40_M_3_K_2_P_2_beta_0.001_u_0.001_v_0.0022360679774997894_p_0.0_ϵ_1.0_gens_20000000_210223-041437.550
      From worker 2:	replicate complete, ran 20000000 generations:
      From worker 2:	
      From worker 2:		num_imitating:			15002098
      From worker 2:		num_not_imitating:		4997902
      From worker 2:		num_strategies_changed:  	422097
      From worker 2:			num_random_strategies: 	15198
      From worker 2:		num_sets_changed: 		475471
      From worker 2:			num_random_opinions: 	7497
      From worker 2:			num_biased_opinions: 	7398
      From worker 2:		num_both_changed: 		22811
      From worker 2:	
      From worker 2:	data processed and exported
      From worker 2:	
      From worker 2:	starting b_1.0_c_0.2_N_40_M_3_K_2_P_2_beta_0.001_u_0.001_v_0.001_p_0.75_ϵ_1.0_gens_20000000_210223-041437.550
      From worker 7:	replicate complete, ran 20000000 generations:
      From worker 7:	
      From worker 7:		num_imitating:			17500727
      From worker 7:		num_not_imitating:		2499273
      From worker 7:		num_strategies_changed:  	496079
      From worker 7:			num_random_strategies: 	17647
      From worker 7:		num_sets_changed: 		4800273
      From worker 7:			num_random_opinions: 	146975
      From worker 7:			num_biased_opinions: 	48871
      From worker 7:		num_both_changed: 		224629
      From worker 7:	
      From worker 7:	data processed and exported
      From worker 7:	
      From worker 7:	starting b_1.0_c_0.2_N_40_M_3_K_2_P_2_beta_0.001_u_0.001_v_0.011180339887498947_p_0.5_ϵ_1.0_gens_20000000_210223-041437.550
      From worker 9:	replicate complete, ran 20000000 generations:
      From worker 9:	
      From worker 9:		num_imitating:			12500214
      From worker 9:		num_not_imitating:		7499786
      From worker 9:		num_strategies_changed:  	353234
      From worker 9:			num_random_strategies: 	12632
      From worker 9:		num_sets_changed: 		5265000
      From worker 9:			num_random_opinions: 	78251
      From worker 9:			num_biased_opinions: 	234112
      From worker 9:		num_both_changed: 		223216
      From worker 9:	
      From worker 9:	data processed and exported
      From worker 9:	
      From worker 9:	starting b_1.0_c_0.2_N_40_M_3_K_2_P_2_beta_0.001_u_0.001_v_0.025_p_1.0_ϵ_1.0_gens_20000000_210223-041437.550
      From worker 5:	replicate complete, ran 20000000 generations:
      From worker 5:	
      From worker 5:		num_imitating:			20000000
      From worker 5:		num_not_imitating:		0
      From worker 5:		num_strategies_changed:  	546651
      From worker 5:			num_random_strategies: 	20052
      From worker 5:		num_sets_changed: 		2999124
      From worker 5:			num_random_opinions: 	99356
      From worker 5:			num_biased_opinions: 	0
      From worker 5:		num_both_changed: 		144980
      From worker 5:	
      From worker 5:	data processed and exported
      From worker 5:	
      From worker 5:	starting b_1.0_c_0.2_N_40_M_3_K_2_P_2_beta_0.001_u_0.001_v_0.005_p_0.25_ϵ_1.0_gens_20000000_210223-041437.550
      From worker 15:	replicate complete, ran 20000000 generations:
      From worker 15:	
      From worker 15:		num_imitating:			9999640
      From worker 15:		num_not_imitating:		10000360
      From worker 15:		num_strategies_changed:  	145851
      From worker 15:			num_random_strategies: 	9888
      From worker 15:		num_sets_changed: 		5902864
      From worker 15:			num_random_opinions: 	0
      From worker 15:			num_biased_opinions: 	2797694
      From worker 15:		num_both_changed: 		95007
      From worker 15:	
      From worker 15:	data processed and exported
      From worker 15:	
      From worker 15:	starting b_1.0_c_0.2_N_40_M_3_K_2_P_2_beta_0.001_u_0.001_v_0.625_p_0.0_ϵ_1.0_gens_20000000_210223-041437.550
      From worker 6:	replicate complete, ran 20000000 generations:
      From worker 6:	
      From worker 6:		num_imitating:			17499386
      From worker 6:		num_not_imitating:		2500614
      From worker 6:		num_strategies_changed:  	481108
      From worker 6:			num_random_strategies: 	17512
      From worker 6:		num_sets_changed: 		2594823
      From worker 6:			num_random_opinions: 	65507
      From worker 6:			num_biased_opinions: 	22082
      From worker 6:		num_both_changed: 		137235
      From worker 6:	
      From worker 6:	data processed and exported
      From worker 6:	
      From worker 6:	starting b_1.0_c_0.2_N_40_M_3_K_2_P_2_beta_0.001_u_0.001_v_0.005_p_0.5_ϵ_1.0_gens_20000000_210223-041437.550
      From worker 11:	replicate complete, ran 20000000 generations:
      From worker 11:	
      From worker 11:		num_imitating:			20000000
      From worker 11:		num_not_imitating:		0
      From worker 11:		num_strategies_changed:  	569748
      From worker 11:			num_random_strategies: 	20109
      From worker 11:		num_sets_changed: 		12798299
      From worker 11:			num_random_opinions: 	1118923
      From worker 11:			num_biased_opinions: 	0
      From worker 11:		num_both_changed: 		469703
      From worker 11:	
      From worker 11:	data processed and exported
      From worker 11:	
      From worker 11:	starting b_1.0_c_0.2_N_40_M_3_K_2_P_2_beta_0.001_u_0.001_v_0.055901699437494755_p_0.25_ϵ_1.0_gens_20000000_210223-041437.550
      From worker 3:	replicate complete, ran 20000000 generations:
      From worker 3:	
      From worker 3:		num_imitating:			10000378
      From worker 3:		num_not_imitating:		9999622
      From worker 3:		num_strategies_changed:  	149808
      From worker 3:			num_random_strategies: 	10217
      From worker 3:		num_sets_changed: 		126331
      From worker 3:			num_random_opinions: 	0
      From worker 3:			num_biased_opinions: 	10228
      From worker 3:		num_both_changed: 		3482
      From worker 3:	
      From worker 3:	data processed and exported
      From worker 3:	
      From worker 3:	starting b_1.0_c_0.2_N_40_M_3_K_2_P_2_beta_0.001_u_0.001_v_0.0022360679774997894_p_0.0_ϵ_1.0_gens_20000000_210223-041437.550
      From worker 2:	replicate complete, ran 20000000 generations:
      From worker 2:	
      From worker 2:		num_imitating:			12497776
      From worker 2:		num_not_imitating:		7502224
      From worker 2:		num_strategies_changed:  	369520
      From worker 2:			num_random_strategies: 	12550
      From worker 2:		num_sets_changed: 		402615
      From worker 2:			num_random_opinions: 	3183
      From worker 2:			num_biased_opinions: 	9265
      From worker 2:		num_both_changed: 		22133
      From worker 2:	
      From worker 2:	data processed and exported
      From worker 2:	
      From worker 2:	starting b_1.0_c_0.2_N_40_M_3_K_2_P_2_beta_0.001_u_0.001_v_0.001_p_1.0_ϵ_1.0_gens_20000000_210223-041437.550
      From worker 4:	replicate complete, ran 20000000 generations:
      From worker 4:	
      From worker 4:		num_imitating:			20000000
      From worker 4:		num_not_imitating:		0
      From worker 4:		num_strategies_changed:  	561455
      From worker 4:			num_random_strategies: 	19803
      From worker 4:		num_sets_changed: 		1498298
      From worker 4:			num_random_opinions: 	44657
      From worker 4:			num_biased_opinions: 	0
      From worker 4:		num_both_changed: 		76927
      From worker 4:	
      From worker 4:	data processed and exported
      From worker 4:	
      From worker 4:	starting b_1.0_c_0.2_N_40_M_3_K_2_P_2_beta_0.001_u_0.001_v_0.0022360679774997894_p_0.25_ϵ_1.0_gens_20000000_210223-041437.550
      From worker 8:	replicate complete, ran 20000000 generations:
      From worker 8:	
      From worker 8:		num_imitating:			12497605
      From worker 8:		num_not_imitating:		7502395
      From worker 8:		num_strategies_changed:  	349905
      From worker 8:			num_random_strategies: 	12309
      From worker 8:		num_sets_changed: 		3289192
      From worker 8:			num_random_opinions: 	35047
      From worker 8:			num_biased_opinions: 	104990
      From worker 8:		num_both_changed: 		159292
      From worker 8:	
      From worker 8:	data processed and exported
      From worker 8:	
      From worker 8:	starting b_1.0_c_0.2_N_40_M_3_K_2_P_2_beta_0.001_u_0.001_v_0.011180339887498947_p_1.0_ϵ_1.0_gens_20000000_210223-041437.550
      From worker 14:	replicate complete, ran 20000000 generations:
      From worker 14:	
      From worker 14:		num_imitating:			12496788
      From worker 14:		num_not_imitating:		7503212
      From worker 14:		num_strategies_changed:  	363645
      From worker 14:			num_random_strategies: 	12917
      From worker 14:		num_sets_changed: 		9764662
      From worker 14:			num_random_opinions: 	872407
      From worker 14:			num_biased_opinions: 	2620369
      From worker 14:		num_both_changed: 		307874
      From worker 14:	
      From worker 14:	data processed and exported
      From worker 14:	
      From worker 14:	starting b_1.0_c_0.2_N_40_M_3_K_2_P_2_beta_0.001_u_0.001_v_0.2795084971874737_p_1.0_ϵ_1.0_gens_20000000_210223-041437.550
      From worker 9:	replicate complete, ran 20000000 generations:
      From worker 9:	
      From worker 9:		num_imitating:			9998924
      From worker 9:		num_not_imitating:		10001076
      From worker 9:		num_strategies_changed:  	148470
      From worker 9:			num_random_strategies: 	10009
      From worker 9:		num_sets_changed: 		2230037
      From worker 9:			num_random_opinions: 	0
      From worker 9:			num_biased_opinions: 	249757
      From worker 9:		num_both_changed: 		56957
      From worker 9:	
      From worker 16:	replicate complete, ran 20000000 generations:
      From worker 16:	
      From worker 16:		num_imitating:			20000000
      From worker 16:		num_not_imitating:		0
      From worker 16:		num_strategies_changed:  	592561
      From worker 16:			num_random_strategies: 	20000
      From worker 16:		num_sets_changed: 		18063143
      From worker 16:			num_random_opinions: 	12497541
      From worker 16:			num_biased_opinions: 	0
      From worker 16:		num_both_changed: 		542943
      From worker 16:	
      From worker 9:	data processed and exported
      From worker 16:	data processed and exported
      From worker 9:	
      From worker 9:	starting b_1.0_c_0.2_N_40_M_3_K_2_P_2_beta_0.001_u_0.001_v_0.025_p_0.0_ϵ_1.0_gens_20000000_210223-041437.550
      From worker 16:	
      From worker 16:	starting b_1.0_c_0.2_N_40_M_3_K_2_P_2_beta_0.001_u_0.001_v_0.625_p_0.25_ϵ_1.0_gens_20000000_210223-041437.550
      From worker 5:	replicate complete, ran 20000000 generations:
      From worker 5:	
      From worker 5:		num_imitating:			17497998
      From worker 5:		num_not_imitating:		2502002
      From worker 5:		num_strategies_changed:  	508622
      From worker 5:			num_random_strategies: 	17527
      From worker 5:		num_sets_changed: 		2622413
      From worker 5:			num_random_opinions: 	66063
      From worker 5:			num_biased_opinions: 	21828
      From worker 5:		num_both_changed: 		134063
      From worker 5:	
      From worker 5:	data processed and exported
      From worker 5:	
      From worker 5:	starting b_1.0_c_0.2_N_40_M_3_K_2_P_2_beta_0.001_u_0.001_v_0.005_p_0.5_ϵ_1.0_gens_20000000_210223-041437.550
      From worker 7:	replicate complete, ran 20000000 generations:
      From worker 7:	
      From worker 7:		num_imitating:			14999331
      From worker 7:		num_not_imitating:		5000669
      From worker 7:		num_strategies_changed:  	427734
      From worker 7:			num_random_strategies: 	15066
      From worker 7:		num_sets_changed: 		4029045
      From worker 7:			num_random_opinions: 	83358
      From worker 7:			num_biased_opinions: 	83726
      From worker 7:		num_both_changed: 		192747
      From worker 7:	
      From worker 7:	data processed and exported
      From worker 7:	
      From worker 7:	starting b_1.0_c_0.2_N_40_M_3_K_2_P_2_beta_0.001_u_0.001_v_0.011180339887498947_p_0.75_ϵ_1.0_gens_20000000_210223-041437.550
      From worker 13:	replicate complete, ran 20000000 generations:
      From worker 13:	
      From worker 13:		num_imitating:			15000784
      From worker 13:		num_not_imitating:		4999216
      From worker 13:		num_strategies_changed:  	436136
      From worker 13:			num_random_strategies: 	15011
      From worker 13:		num_sets_changed: 		11295529
      From worker 13:			num_random_opinions: 	936507
      From worker 13:			num_biased_opinions: 	937775
      From worker 13:		num_both_changed: 		380359
      From worker 13:	
      From worker 13:	data processed and exported
      From worker 13:	
      From worker 13:	starting b_1.0_c_0.2_N_40_M_3_K_2_P_2_beta_0.001_u_0.001_v_0.125_p_0.75_ϵ_1.0_gens_20000000_210223-041437.550
      From worker 6:	replicate complete, ran 20000000 generations:
      From worker 6:	
      From worker 6:		num_imitating:			14999472
      From worker 6:		num_not_imitating:		5000528
      From worker 6:		num_strategies_changed:  	438972
      From worker 6:			num_random_strategies: 	14865
      From worker 6:		num_sets_changed: 		2202300
      From worker 6:			num_random_opinions: 	37255
      From worker 6:			num_biased_opinions: 	37092
      From worker 6:		num_both_changed: 		109266
      From worker 6:	
      From worker 6:	data processed and exported
      From worker 6:	
      From worker 6:	starting b_1.0_c_0.2_N_40_M_3_K_2_P_2_beta_0.001_u_0.001_v_0.005_p_0.75_ϵ_1.0_gens_20000000_210223-041437.550
      From worker 3:	replicate complete, ran 20000000 generations:
      From worker 3:	
      From worker 3:		num_imitating:			20000000
      From worker 3:		num_not_imitating:		0
      From worker 3:		num_strategies_changed:  	590162
      From worker 3:			num_random_strategies: 	20016
      From worker 3:		num_sets_changed: 		1510310
      From worker 3:			num_random_opinions: 	44770
      From worker 3:			num_biased_opinions: 	0
      From worker 3:		num_both_changed: 		91024
      From worker 3:	
      From worker 3:	data processed and exported
      From worker 3:	
      From worker 3:	starting b_1.0_c_0.2_N_40_M_3_K_2_P_2_beta_0.001_u_0.001_v_0.0022360679774997894_p_0.25_ϵ_1.0_gens_20000000_210223-041437.550
      From worker 2:	replicate complete, ran 20000000 generations:
      From worker 2:	
      From worker 2:		num_imitating:			10001118
      From worker 2:		num_not_imitating:		9998882
      From worker 2:		num_strategies_changed:  	143664
      From worker 2:			num_random_strategies: 	10086
      From worker 2:		num_sets_changed: 		133982
      From worker 2:			num_random_opinions: 	0
      From worker 2:			num_biased_opinions: 	9945
      From worker 2:		num_both_changed: 		4143
      From worker 2:	
      From worker 2:	data processed and exported
      From worker 2:	
      From worker 2:	starting b_1.0_c_0.2_N_40_M_3_K_2_P_2_beta_0.001_u_0.001_v_0.001_p_0.0_ϵ_1.0_gens_20000000_210223-041437.550
      From worker 12:	replicate complete, ran 20000000 generations:
      From worker 12:	
      From worker 12:		num_imitating:			17500050
      From worker 12:		num_not_imitating:		2499950
      From worker 12:		num_strategies_changed:  	497719
      From worker 12:			num_random_strategies: 	17474
      From worker 12:		num_sets_changed: 		13490291
      From worker 12:			num_random_opinions: 	1639469
      From worker 12:			num_biased_opinions: 	547531
      From worker 12:		num_both_changed: 		441744
      From worker 12:	
      From worker 12:	data processed and exported
      From worker 12:	
      From worker 12:	starting b_1.0_c_0.2_N_40_M_3_K_2_P_2_beta_0.001_u_0.001_v_0.125_p_0.5_ϵ_1.0_gens_20000000_210223-041437.550
      From worker 10:	replicate complete, ran 20000000 generations:
      From worker 10:	
      From worker 10:		num_imitating:			20000000
      From worker 10:		num_not_imitating:		0
      From worker 10:		num_strategies_changed:  	597119
      From worker 10:			num_random_strategies: 	19912
      From worker 10:		num_sets_changed: 		12805500
      From worker 10:			num_random_opinions: 	1118915
      From worker 10:			num_biased_opinions: 	0
      From worker 10:		num_both_changed: 		495129
      From worker 10:	
      From worker 10:	data processed and exported
      From worker 10:	
      From worker 10:	starting b_1.0_c_0.2_N_40_M_3_K_2_P_2_beta_0.001_u_0.001_v_0.055901699437494755_p_0.25_ϵ_1.0_gens_20000000_210223-041437.550
      From worker 8:	replicate complete, ran 20000000 generations:
      From worker 8:	
      From worker 8:		num_imitating:			9995825
      From worker 8:		num_not_imitating:		10004175
      From worker 8:		num_strategies_changed:  	145747
      From worker 8:			num_random_strategies: 	9916
      From worker 8:		num_sets_changed: 		1203488
      From worker 8:			num_random_opinions: 	0
      From worker 8:			num_biased_opinions: 	111997
      From worker 8:		num_both_changed: 		33053
      From worker 8:	
      From worker 8:	data processed and exported
      From worker 8:	
      From worker 8:	starting b_1.0_c_0.2_N_40_M_3_K_2_P_2_beta_0.001_u_0.001_v_0.025_p_0.0_ϵ_1.0_gens_20000000_210223-041437.550
      From worker 4:	replicate complete, ran 20000000 generations:
      From worker 4:	
      From worker 4:		num_imitating:			17500012
      From worker 4:		num_not_imitating:		2499988
      From worker 4:		num_strategies_changed:  	487810
      From worker 4:			num_random_strategies: 	17543
      From worker 4:		num_sets_changed: 		1264149
      From worker 4:			num_random_opinions: 	29278
      From worker 4:			num_biased_opinions: 	9772
      From worker 4:		num_both_changed: 		69364
      From worker 4:	
      From worker 4:	data processed and exported
      From worker 4:	
      From worker 4:	starting b_1.0_c_0.2_N_40_M_3_K_2_P_2_beta_0.001_u_0.001_v_0.0022360679774997894_p_0.5_ϵ_1.0_gens_20000000_210223-041437.550
      From worker 5:	replicate complete, ran 20000000 generations:
      From worker 5:	
      From worker 5:		num_imitating:			14999165
      From worker 5:		num_not_imitating:		5000835
      From worker 5:		num_strategies_changed:  	404982
      From worker 5:			num_random_strategies: 	15228
      From worker 5:		num_sets_changed: 		2127930
      From worker 5:			num_random_opinions: 	37116
      From worker 5:			num_biased_opinions: 	37671
      From worker 5:		num_both_changed: 		102192
      From worker 5:	
      From worker 5:	data processed and exported
      From worker 5:	
      From worker 5:	starting b_1.0_c_0.2_N_40_M_3_K_2_P_2_beta_0.001_u_0.001_v_0.005_p_0.75_ϵ_1.0_gens_20000000_210223-041437.550
      From worker 14:	replicate complete, ran 20000000 generations:
      From worker 14:	
      From worker 14:		num_imitating:			9999956
      From worker 14:		num_not_imitating:		10000044
      From worker 14:		num_strategies_changed:  	141485
      From worker 14:			num_random_strategies: 	9972
      From worker 14:		num_sets_changed: 		5903171
      From worker 14:			num_random_opinions: 	0
      From worker 14:			num_biased_opinions: 	2796920
      From worker 14:		num_both_changed: 		92917
      From worker 14:	
      From worker 14:	data processed and exported
      From worker 14:	
      From worker 14:	starting b_1.0_c_0.2_N_40_M_3_K_2_P_2_beta_0.001_u_0.001_v_0.2795084971874737_p_0.0_ϵ_1.0_gens_20000000_210223-041437.550
      From worker 7:	replicate complete, ran 20000000 generations:
      From worker 7:	
      From worker 7:		num_imitating:			12504944
      From worker 7:		num_not_imitating:		7495056
      From worker 7:		num_strategies_changed:  	369855
      From worker 7:			num_random_strategies: 	12479
      From worker 7:		num_sets_changed: 		3214030
      From worker 7:			num_random_opinions: 	34948
      From worker 7:			num_biased_opinions: 	104183
      From worker 7:		num_both_changed: 		170215
      From worker 7:	
      From worker 7:	data processed and exported
      From worker 7:	
      From worker 7:	starting b_1.0_c_0.2_N_40_M_3_K_2_P_2_beta_0.001_u_0.001_v_0.011180339887498947_p_1.0_ϵ_1.0_gens_20000000_210223-041437.550
      From worker 6:	replicate complete, ran 20000000 generations:
      From worker 6:	
      From worker 6:		num_imitating:			12500363
      From worker 6:		num_not_imitating:		7499637
      From worker 6:		num_strategies_changed:  	342356
      From worker 6:			num_random_strategies: 	12502
      From worker 6:		num_sets_changed: 		1748478
      From worker 6:			num_random_opinions: 	15357
      From worker 6:			num_biased_opinions: 	46949
      From worker 6:		num_both_changed: 		88208
      From worker 6:	
      From worker 11:	replicate complete, ran 20000000 generations:
      From worker 11:	
      From worker 11:		num_imitating:			17500210
      From worker 11:		num_not_imitating:		2499790
      From worker 11:		num_strategies_changed:  	494982
      From worker 11:			num_random_strategies: 	17582
      From worker 11:		num_sets_changed: 		11072219
      From worker 11:			num_random_opinions: 	735268
      From worker 11:			num_biased_opinions: 	245103
      From worker 11:		num_both_changed: 		408185
      From worker 11:	
      From worker 6:	data processed and exported
      From worker 6:	
      From worker 6:	starting b_1.0_c_0.2_N_40_M_3_K_2_P_2_beta_0.001_u_0.001_v_0.005_p_1.0_ϵ_1.0_gens_20000000_210223-041437.550
      From worker 11:	data processed and exported
      From worker 11:	
      From worker 11:	starting b_1.0_c_0.2_N_40_M_3_K_2_P_2_beta_0.001_u_0.001_v_0.055901699437494755_p_0.5_ϵ_1.0_gens_20000000_210223-041437.550
      From worker 2:	replicate complete, ran 20000000 generations:
      From worker 2:	
      From worker 2:		num_imitating:			20000000
      From worker 2:		num_not_imitating:		0
      From worker 2:		num_strategies_changed:  	578428
      From worker 2:			num_random_strategies: 	19937
      From worker 2:		num_sets_changed: 		690283
      From worker 2:			num_random_opinions: 	20085
      From worker 2:			num_biased_opinions: 	0
      From worker 2:		num_both_changed: 		38409
      From worker 2:	
      From worker 2:	data processed and exported
      From worker 3:	replicate complete, ran 20000000 generations:
      From worker 3:	
      From worker 3:		num_imitating:			17499558
      From worker 3:		num_not_imitating:		2500442
      From worker 3:		num_strategies_changed:  	491589
      From worker 3:			num_random_strategies: 	17499
      From worker 3:		num_sets_changed: 		1277373
      From worker 3:			num_random_opinions: 	29198
      From worker 3:			num_biased_opinions: 	9855
      From worker 3:		num_both_changed: 		73235
      From worker 3:	
      From worker 3:	data processed and exported
      From worker 4:	replicate complete, ran 20000000 generations:
      From worker 4:	
      From worker 4:		num_imitating:			14998623
      From worker 4:		num_not_imitating:		5001377
      From worker 4:		num_strategies_changed:  	434843
      From worker 4:			num_random_strategies: 	15193
      From worker 4:		num_sets_changed: 		1110567
      From worker 4:			num_random_opinions: 	16926
      From worker 4:			num_biased_opinions: 	16930
      From worker 4:		num_both_changed: 		66037
      From worker 4:	
      From worker 4:	data processed and exported
      From worker 9:	replicate complete, ran 20000000 generations:
      From worker 9:	
      From worker 9:		num_imitating:			20000000
      From worker 9:		num_not_imitating:		0
      From worker 9:		num_strategies_changed:  	532920
      From worker 9:			num_random_strategies: 	20034
      From worker 9:		num_sets_changed: 		9074787
      From worker 9:			num_random_opinions: 	498680
      From worker 9:			num_biased_opinions: 	0
      From worker 9:		num_both_changed: 		351809
      From worker 9:	
      From worker 9:	data processed and exported
      From worker 9:	
      From worker 9:	starting b_1.0_c_0.2_N_40_M_3_K_2_P_2_beta_0.001_u_0.001_v_0.025_p_0.25_ϵ_1.0_gens_20000000_210223-041437.550
      From worker 15:	replicate complete, ran 20000000 generations:
      From worker 15:	
      From worker 15:		num_imitating:			20000000
      From worker 15:		num_not_imitating:		0
      From worker 15:		num_strategies_changed:  	593224
      From worker 15:			num_random_strategies: 	20092
      From worker 15:		num_sets_changed: 		18061665
      From worker 15:			num_random_opinions: 	12499115
      From worker 15:			num_biased_opinions: 	0
      From worker 15:		num_both_changed: 		543580
      From worker 15:	
      From worker 15:	data processed and exported
      From worker 15:	
      From worker 15:	starting b_1.0_c_0.2_N_40_M_3_K_2_P_2_beta_0.001_u_0.001_v_0.625_p_0.25_ϵ_1.0_gens_20000000_210223-041437.550
      From worker 13:	replicate complete, ran 20000000 generations:
      From worker 13:	
      From worker 13:		num_imitating:			12500755
      From worker 13:		num_not_imitating:		7499245
      From worker 13:		num_strategies_changed:  	356747
      From worker 13:			num_random_strategies: 	12619
      From worker 13:		num_sets_changed: 		8954934
      From worker 13:			num_random_opinions: 	390819
      From worker 13:			num_biased_opinions: 	1172389
      From worker 13:		num_both_changed: 		300374
      From worker 13:	
      From worker 13:	data processed and exported
      From worker 13:	
      From worker 13:	starting b_1.0_c_0.2_N_40_M_3_K_2_P_2_beta_0.001_u_0.001_v_0.125_p_1.0_ϵ_1.0_gens_20000000_210223-041437.550
      From worker 5:	replicate complete, ran 20000000 generations:
      From worker 5:	
      From worker 5:		num_imitating:			12496478
      From worker 5:		num_not_imitating:		7503522
      From worker 5:		num_strategies_changed:  	342464
      From worker 5:			num_random_strategies: 	12354
      From worker 5:		num_sets_changed: 		1743924
      From worker 5:			num_random_opinions: 	15746
      From worker 5:			num_biased_opinions: 	46842
      From worker 5:		num_both_changed: 		76169
      From worker 5:	
      From worker 5:	data processed and exported
      From worker 6:	replicate complete, ran 20000000 generations:
      From worker 6:	
      From worker 6:		num_imitating:			9999847
      From worker 6:		num_not_imitating:		10000153
      From worker 6:		num_strategies_changed:  	145598
      From worker 6:			num_random_strategies: 	9862
      From worker 6:		num_sets_changed: 		602307
      From worker 6:			num_random_opinions: 	0
      From worker 6:			num_biased_opinions: 	50067
      From worker 6:		num_both_changed: 		15019
      From worker 6:	
      From worker 6:	data processed and exported
      From worker 7:	replicate complete, ran 20000000 generations:
      From worker 7:	
      From worker 7:		num_imitating:			9998653
      From worker 7:		num_not_imitating:		10001347
      From worker 7:		num_strategies_changed:  	150816
      From worker 7:			num_random_strategies: 	10002
      From worker 7:		num_sets_changed: 		1200426
      From worker 7:			num_random_opinions: 	0
      From worker 7:			num_biased_opinions: 	111894
      From worker 7:		num_both_changed: 		29423
      From worker 7:	
      From worker 7:	data processed and exported
      From worker 7:	
      From worker 7:	starting b_1.0_c_0.2_N_40_M_3_K_2_P_2_beta_0.001_u_0.001_v_0.011180339887498947_p_0.0_ϵ_1.0_gens_20000000_210223-041437.550
      From worker 16:	replicate complete, ran 20000000 generations:
      From worker 16:	
      From worker 16:		num_imitating:			17501011
      From worker 16:		num_not_imitating:		2498989
      From worker 16:		num_strategies_changed:  	512766
      From worker 16:			num_random_strategies: 	17383
      From worker 16:		num_sets_changed: 		15614217
      From worker 16:			num_random_opinions: 	8200126
      From worker 16:			num_biased_opinions: 	2734745
      From worker 16:		num_both_changed: 		464906
      From worker 16:	
      From worker 16:	data processed and exported
      From worker 16:	
      From worker 16:	starting b_1.0_c_0.2_N_40_M_3_K_2_P_2_beta_0.001_u_0.001_v_0.625_p_0.5_ϵ_1.0_gens_20000000_210223-041437.550
      From worker 8:	replicate complete, ran 20000000 generations:
      From worker 8:	
      From worker 8:		num_imitating:			20000000
      From worker 8:		num_not_imitating:		0
      From worker 8:		num_strategies_changed:  	576261
      From worker 8:			num_random_strategies: 	20140
      From worker 8:		num_sets_changed: 		9076299
      From worker 8:			num_random_opinions: 	500925
      From worker 8:			num_biased_opinions: 	0
      From worker 8:		num_both_changed: 		377267
      From worker 8:	
      From worker 12:	replicate complete, ran 20000000 generations:
      From worker 12:	
      From worker 12:		num_imitating:			15001314
      From worker 12:		num_not_imitating:		4998686
      From worker 12:		num_strategies_changed:  	419845
      From worker 12:			num_random_strategies: 	15010
      From worker 12:		num_sets_changed: 		11307145
      From worker 12:			num_random_opinions: 	938403
      From worker 12:			num_biased_opinions: 	936500
      From worker 12:		num_both_changed: 		364635
      From worker 12:	
      From worker 10:	replicate complete, ran 20000000 generations:
      From worker 10:	
      From worker 10:		num_imitating:			17499491
      From worker 10:		num_not_imitating:		2500509
      From worker 10:		num_strategies_changed:  	498518
      From worker 10:			num_random_strategies: 	17248
      From worker 10:		num_sets_changed: 		11092067
      From worker 10:			num_random_opinions: 	733277
      From worker 10:			num_biased_opinions: 	244194
      From worker 10:		num_both_changed: 		410074
      From worker 10:	
      From worker 8:	data processed and exported
      From worker 12:	data processed and exported
      From worker 8:	
      From worker 8:	starting b_1.0_c_0.2_N_40_M_3_K_2_P_2_beta_0.001_u_0.001_v_0.025_p_0.25_ϵ_1.0_gens_20000000_210223-041437.550
      From worker 12:	
      From worker 12:	starting b_1.0_c_0.2_N_40_M_3_K_2_P_2_beta_0.001_u_0.001_v_0.125_p_0.75_ϵ_1.0_gens_20000000_210223-041437.550
      From worker 10:	data processed and exported
      From worker 10:	
      From worker 10:	starting b_1.0_c_0.2_N_40_M_3_K_2_P_2_beta_0.001_u_0.001_v_0.055901699437494755_p_0.5_ϵ_1.0_gens_20000000_210223-041437.550
      From worker 11:	replicate complete, ran 20000000 generations:
      From worker 11:	
      From worker 11:		num_imitating:			15000095
      From worker 11:		num_not_imitating:		4999905
      From worker 11:		num_strategies_changed:  	402775
      From worker 11:			num_random_strategies: 	14852
      From worker 11:		num_sets_changed: 		9278691
      From worker 11:			num_random_opinions: 	418708
      From worker 11:			num_biased_opinions: 	418982
      From worker 11:		num_both_changed: 		325308
      From worker 11:	
      From worker 11:	data processed and exported
      From worker 11:	
      From worker 11:	starting b_1.0_c_0.2_N_40_M_3_K_2_P_2_beta_0.001_u_0.001_v_0.055901699437494755_p_0.75_ϵ_1.0_gens_20000000_210223-041437.550
      From worker 13:	replicate complete, ran 20000000 generations:
      From worker 13:	
      From worker 13:		num_imitating:			10002578
      From worker 13:		num_not_imitating:		9997422
      From worker 13:		num_strategies_changed:  	145023
      From worker 13:			num_random_strategies: 	10146
      From worker 13:		num_sets_changed: 		4920836
      From worker 13:			num_random_opinions: 	0
      From worker 13:			num_biased_opinions: 	1250871
      From worker 13:		num_both_changed: 		88546
      From worker 13:	
      From worker 13:	data processed and exported
      From worker 13:	
      From worker 13:	starting b_1.0_c_0.2_N_40_M_3_K_2_P_2_beta_0.001_u_0.001_v_0.2795084971874737_p_0.0_ϵ_1.0_gens_20000000_210223-041437.550
      From worker 9:	replicate complete, ran 20000000 generations:
      From worker 9:	
      From worker 9:		num_imitating:			17499501
      From worker 9:		num_not_imitating:		2500499
      From worker 9:		num_strategies_changed:  	529200
      From worker 9:			num_random_strategies: 	17491
      From worker 9:		num_sets_changed: 		7894121
      From worker 9:			num_random_opinions: 	327853
      From worker 9:			num_biased_opinions: 	109203
      From worker 9:		num_both_changed: 		358035
      From worker 9:	
      From worker 9:	data processed and exported
      From worker 9:	
      From worker 9:	starting b_1.0_c_0.2_N_40_M_3_K_2_P_2_beta_0.001_u_0.001_v_0.025_p_0.5_ϵ_1.0_gens_20000000_210223-041437.550
      From worker 7:	replicate complete, ran 20000000 generations:
      From worker 7:	
      From worker 7:		num_imitating:			20000000
      From worker 7:		num_not_imitating:		0
      From worker 7:		num_strategies_changed:  	587300
      From worker 7:			num_random_strategies: 	19970
      From worker 7:		num_sets_changed: 		5584334
      From worker 7:			num_random_opinions: 	222970
      From worker 7:			num_biased_opinions: 	0
      From worker 7:		num_both_changed: 		266682
      From worker 7:	
      From worker 7:	data processed and exported
      From worker 14:	replicate complete, ran 20000000 generations:
      From worker 14:	
      From worker 14:		num_imitating:			20000000
      From worker 14:		num_not_imitating:		0
      From worker 14:		num_strategies_changed:  	601711
      From worker 14:			num_random_strategies: 	19789
      From worker 14:		num_sets_changed: 		17221453
      From worker 14:			num_random_opinions: 	5590420
      From worker 14:			num_biased_opinions: 	0
      From worker 14:		num_both_changed: 		548935
      From worker 14:	
      From worker 14:	data processed and exported
      From worker 14:	
      From worker 14:	starting b_1.0_c_0.2_N_40_M_3_K_2_P_2_beta_0.001_u_0.001_v_0.2795084971874737_p_0.25_ϵ_1.0_gens_20000000_210223-041437.550
      From worker 15:	replicate complete, ran 20000000 generations:
      From worker 15:	
      From worker 15:		num_imitating:			17498910
      From worker 15:		num_not_imitating:		2501090
      From worker 15:		num_strategies_changed:  	497069
      From worker 15:			num_random_strategies: 	17677
      From worker 15:		num_sets_changed: 		15612875
      From worker 15:			num_random_opinions: 	8203213
      From worker 15:			num_biased_opinions: 	2733741
      From worker 15:		num_both_changed: 		450728
      From worker 15:	
      From worker 15:	data processed and exported
      From worker 15:	
      From worker 15:	starting b_1.0_c_0.2_N_40_M_3_K_2_P_2_beta_0.001_u_0.001_v_0.625_p_0.5_ϵ_1.0_gens_20000000_210223-041437.550
      From worker 8:	replicate complete, ran 20000000 generations:
      From worker 8:	
      From worker 8:		num_imitating:			17498978
      From worker 8:		num_not_imitating:		2501022
      From worker 8:		num_strategies_changed:  	510207
      From worker 8:			num_random_strategies: 	17549
      From worker 8:		num_sets_changed: 		7909999
      From worker 8:			num_random_opinions: 	328703
      From worker 8:			num_biased_opinions: 	109855
      From worker 8:		num_both_changed: 		335917
      From worker 8:	
      From worker 8:	data processed and exported
      From worker 12:	replicate complete, ran 20000000 generations:
      From worker 12:	
      From worker 12:		num_imitating:			12497176
      From worker 12:		num_not_imitating:		7502824
      From worker 12:		num_strategies_changed:  	351618
      From worker 12:			num_random_strategies: 	12373
      From worker 12:		num_sets_changed: 		8949239
      From worker 12:			num_random_opinions: 	390285
      From worker 12:			num_biased_opinions: 	1170561
      From worker 12:		num_both_changed: 		295052
      From worker 12:	
      From worker 12:	data processed and exported
      From worker 12:	
      From worker 12:	starting b_1.0_c_0.2_N_40_M_3_K_2_P_2_beta_0.001_u_0.001_v_0.125_p_1.0_ϵ_1.0_gens_20000000_210223-041437.550
      From worker 16:	replicate complete, ran 20000000 generations:
      From worker 16:	
      From worker 16:		num_imitating:			14997639
      From worker 16:		num_not_imitating:		5002361
      From worker 16:		num_strategies_changed:  	446644
      From worker 16:			num_random_strategies: 	15123
      From worker 16:		num_sets_changed: 		12877737
      From worker 16:			num_random_opinions: 	4687074
      From worker 16:			num_biased_opinions: 	4687717
      From worker 16:		num_both_changed: 		390882
      From worker 16:	
      From worker 16:	data processed and exported
      From worker 16:	
      From worker 16:	starting b_1.0_c_0.2_N_40_M_3_K_2_P_2_beta_0.001_u_0.001_v_0.625_p_0.75_ϵ_1.0_gens_20000000_210223-041437.550
      From worker 10:	replicate complete, ran 20000000 generations:
      From worker 10:	
      From worker 10:		num_imitating:			14996800
      From worker 10:		num_not_imitating:		5003200
      From worker 10:		num_strategies_changed:  	442207
      From worker 10:			num_random_strategies: 	14860
      From worker 10:		num_sets_changed: 		9313574
      From worker 10:			num_random_opinions: 	419625
      From worker 10:			num_biased_opinions: 	418692
      From worker 10:		num_both_changed: 		355958
      From worker 10:	
      From worker 10:	data processed and exported
      From worker 10:	
      From worker 10:	starting b_1.0_c_0.2_N_40_M_3_K_2_P_2_beta_0.001_u_0.001_v_0.055901699437494755_p_0.75_ϵ_1.0_gens_20000000_210223-041437.550
      From worker 11:	replicate complete, ran 20000000 generations:
      From worker 11:	
      From worker 11:		num_imitating:			12496860
      From worker 11:		num_not_imitating:		7503140
      From worker 11:		num_strategies_changed:  	359564
      From worker 11:			num_random_strategies: 	12406
      From worker 11:		num_sets_changed: 		7370270
      From worker 11:			num_random_opinions: 	175034
      From worker 11:			num_biased_opinions: 	523190
      From worker 11:		num_both_changed: 		280549
      From worker 11:	
      From worker 11:	data processed and exported
      From worker 11:	
      From worker 11:	starting b_1.0_c_0.2_N_40_M_3_K_2_P_2_beta_0.001_u_0.001_v_0.055901699437494755_p_1.0_ϵ_1.0_gens_20000000_210223-041437.550
      From worker 9:	replicate complete, ran 20000000 generations:
      From worker 9:	
      From worker 9:		num_imitating:			15002655
      From worker 9:		num_not_imitating:		4997345
      From worker 9:		num_strategies_changed:  	422012
      From worker 9:			num_random_strategies: 	14957
      From worker 9:		num_sets_changed: 		6577286
      From worker 9:			num_random_opinions: 	187115
      From worker 9:			num_biased_opinions: 	186959
      From worker 9:		num_both_changed: 		276211
      From worker 9:	
      From worker 9:	data processed and exported
      From worker 12:	replicate complete, ran 20000000 generations:
      From worker 12:	
      From worker 12:		num_imitating:			10001106
      From worker 12:		num_not_imitating:		9998894
      From worker 12:		num_strategies_changed:  	144191
      From worker 12:			num_random_strategies: 	9877
      From worker 12:		num_sets_changed: 		4931271
      From worker 12:			num_random_opinions: 	0
      From worker 12:			num_biased_opinions: 	1251089
      From worker 12:		num_both_changed: 		88571
      From worker 12:	
      From worker 12:	data processed and exported
      From worker 12:	
      From worker 12:	starting b_1.0_c_0.2_N_40_M_3_K_2_P_2_beta_0.001_u_0.001_v_0.125_p_0.0_ϵ_1.0_gens_20000000_210223-041437.550
      From worker 13:	replicate complete, ran 20000000 generations:
      From worker 13:	
      From worker 13:		num_imitating:			20000000
      From worker 13:		num_not_imitating:		0
      From worker 13:		num_strategies_changed:  	587451
      From worker 13:			num_random_strategies: 	19962
      From worker 13:		num_sets_changed: 		17219739
      From worker 13:			num_random_opinions: 	5588006
      From worker 13:			num_biased_opinions: 	0
      From worker 13:		num_both_changed: 		535630
      From worker 13:	
      From worker 13:	data processed and exported
      From worker 13:	
      From worker 13:	starting b_1.0_c_0.2_N_40_M_3_K_2_P_2_beta_0.001_u_0.001_v_0.2795084971874737_p_0.25_ϵ_1.0_gens_20000000_210223-041437.550
      From worker 11:	replicate complete, ran 20000000 generations:
      From worker 11:	
      From worker 11:		num_imitating:			9998603
      From worker 11:		num_not_imitating:		10001397
      From worker 11:		num_strategies_changed:  	141199
      From worker 11:			num_random_strategies: 	9979
      From worker 11:		num_sets_changed: 		3579330
      From worker 11:			num_random_opinions: 	0
      From worker 11:			num_biased_opinions: 	558463
      From worker 11:		num_both_changed: 		72485
      From worker 11:	
      From worker 11:	data processed and exported
      From worker 10:	replicate complete, ran 20000000 generations:
      From worker 10:	
      From worker 10:		num_imitating:			12501689
      From worker 10:		num_not_imitating:		7498311
      From worker 10:		num_strategies_changed:  	353435
      From worker 10:			num_random_strategies: 	12486
      From worker 10:		num_sets_changed: 		7393383
      From worker 10:			num_random_opinions: 	175382
      From worker 10:			num_biased_opinions: 	524479
      From worker 10:		num_both_changed: 		274884
      From worker 10:	
      From worker 10:	data processed and exported
      From worker 14:	replicate complete, ran 20000000 generations:
      From worker 14:	
      From worker 14:		num_imitating:			17497067
      From worker 14:		num_not_imitating:		2502933
      From worker 14:		num_strategies_changed:  	498667
      From worker 14:			num_random_strategies: 	17689
      From worker 14:		num_sets_changed: 		14919542
      From worker 14:			num_random_opinions: 	3665251
      From worker 14:			num_biased_opinions: 	1223664
      From worker 14:		num_both_changed: 		451615
      From worker 14:	
      From worker 16:	replicate complete, ran 20000000 generations:
      From worker 16:	
      From worker 16:		num_imitating:			12498673
      From worker 16:		num_not_imitating:		7501327
      From worker 16:		num_strategies_changed:  	370473
      From worker 16:			num_random_strategies: 	12452
      From worker 16:		num_sets_changed: 		9887663
      From worker 16:			num_random_opinions: 	1954733
      From worker 16:			num_biased_opinions: 	5857917
      From worker 16:		num_both_changed: 		300310
      From worker 16:	
      From worker 14:	data processed and exported
      From worker 14:	
      From worker 14:	starting b_1.0_c_0.2_N_40_M_3_K_2_P_2_beta_0.001_u_0.001_v_0.2795084971874737_p_0.5_ϵ_1.0_gens_20000000_210223-041437.550
      From worker 16:	data processed and exported
      From worker 16:	
      From worker 16:	starting b_1.0_c_0.2_N_40_M_3_K_2_P_2_beta_0.001_u_0.001_v_0.625_p_1.0_ϵ_1.0_gens_20000000_210223-041437.550
      From worker 15:	replicate complete, ran 20000000 generations:
      From worker 15:	
      From worker 15:		num_imitating:			15001672
      From worker 15:		num_not_imitating:		4998328
      From worker 15:		num_strategies_changed:  	417179
      From worker 15:			num_random_strategies: 	14978
      From worker 15:		num_sets_changed: 		12880316
      From worker 15:			num_random_opinions: 	4688269
      From worker 15:			num_biased_opinions: 	4687242
      From worker 15:		num_both_changed: 		365068
      From worker 15:	
      From worker 15:	data processed and exported
      From worker 15:	
      From worker 15:	starting b_1.0_c_0.2_N_40_M_3_K_2_P_2_beta_0.001_u_0.001_v_0.625_p_0.75_ϵ_1.0_gens_20000000_210223-041437.550
      From worker 16:	replicate complete, ran 20000000 generations:
      From worker 16:	
      From worker 16:		num_imitating:			10001507
      From worker 16:		num_not_imitating:		9998493
      From worker 16:		num_strategies_changed:  	152504
      From worker 16:			num_random_strategies: 	10089
      From worker 16:		num_sets_changed: 		6474513
      From worker 16:			num_random_opinions: 	0
 Activating environment at `/tigress/mk28/CooperationPolarization2/Project.toml`
 Activating environment at `/tigress/mk28/CooperationPolarization2/Project.toml`
      From worker 16:			num_biased_opinions: 	6247936
      From worker 16:		num_both_changed: 		101366
      From worker 16:	
      From worker 16:	data processed and exported
      From worker 15:	replicate complete, ran 20000000 generations:
      From worker 15:	
      From worker 15:		num_imitating:			12502139
      From worker 15:		num_not_imitating:		7497861
      From worker 15:		num_strategies_changed:  	356772
      From worker 15:			num_random_strategies: 	12456
      From worker 15:		num_sets_changed: 		9890255
      From worker 15:			num_random_opinions: 	1954423
      From worker 15:			num_biased_opinions: 	5858959
      From worker 15:		num_both_changed: 		289072
      From worker 15:	
      From worker 13:	replicate complete, ran 20000000 generations:
      From worker 13:	
      From worker 13:		num_imitating:			17499821
      From worker 13:		num_not_imitating:		2500179
      From worker 13:		num_strategies_changed:  	501324
      From worker 13:			num_random_strategies: 	17584
      From worker 13:		num_sets_changed: 		14923316
      From worker 13:			num_random_opinions: 	3668692
      From worker 13:			num_biased_opinions: 	1224049
      From worker 13:		num_both_changed: 		454320
      From worker 13:	
      From worker 15:	data processed and exported
      From worker 13:	data processed and exported
      From worker 12:	replicate complete, ran 20000000 generations:
      From worker 12:	
      From worker 12:		num_imitating:			20000000
      From worker 12:		num_not_imitating:		0
      From worker 12:		num_strategies_changed:  	579085
      From worker 12:			num_random_strategies: 	20188
      From worker 12:		num_sets_changed: 		15577063
      From worker 12:			num_random_opinions: 	2502395
      From worker 12:			num_biased_opinions: 	0
      From worker 12:		num_both_changed: 		515978
      From worker 12:	
      From worker 12:	data processed and exported
      From worker 14:	replicate complete, ran 20000000 generations:
      From worker 14:	
      From worker 14:		num_imitating:			15000901
      From worker 14:		num_not_imitating:		4999099
      From worker 14:		num_strategies_changed:  	436636
      From worker 14:			num_random_strategies: 	14963
      From worker 14:		num_sets_changed: 		12449030
      From worker 14:			num_random_opinions: 	2094106
      From worker 14:			num_biased_opinions: 	2097148
      From worker 14:		num_both_changed: 		386981
      From worker 14:	
      From worker 14:	data processed and exported
13120.064012 seconds (2.86 M allocations: 125.145 MiB, 0.00% gc time)
