packages loaded
      From worker 3:	 Activating environment at `/tigress/mk28/CooperationPolarization2/Project.toml`
      From worker 5:	 Activating environment at `/tigress/mk28/CooperationPolarization2/Project.toml`
      From worker 2:	 Activating environment at `/tigress/mk28/CooperationPolarization2/Project.toml`
      From worker 4:	 Activating environment at `/tigress/mk28/CooperationPolarization2/Project.toml`
      From worker 6:	 Activating environment at `/tigress/mk28/CooperationPolarization2/Project.toml`
      From worker 10:	 Activating environment at `/tigress/mk28/CooperationPolarization2/Project.toml`
      From worker 14:	 Activating environment at `/tigress/mk28/CooperationPolarization2/Project.toml`
      From worker 9:	 Activating environment at `/tigress/mk28/CooperationPolarization2/Project.toml`
      From worker 8:	 Activating environment at `/tigress/mk28/CooperationPolarization2/Project.toml`
      From worker 12:	 Activating environment at `/tigress/mk28/CooperationPolarization2/Project.toml`
      From worker 15:	 Activating environment at `/tigress/mk28/CooperationPolarization2/Project.toml`
      From worker 13:	 Activating environment at `/tigress/mk28/CooperationPolarization2/Project.toml`
      From worker 11:	 Activating environment at `/tigress/mk28/CooperationPolarization2/Project.toml`
      From worker 7:	 Activating environment at `/tigress/mk28/CooperationPolarization2/Project.toml`
      From worker 16:	 Activating environment at `/tigress/mk28/CooperationPolarization2/Project.toml`
      From worker 3:	packages loaded
      From worker 4:	packages loaded
      From worker 8:	packages loaded
      From worker 5:	packages loaded
      From worker 6:	packages loaded
      From worker 14:	packages loaded
      From worker 13:	packages loaded
      From worker 7:	packages loaded
      From worker 15:	packages loaded
      From worker 11:	packages loaded
      From worker 9:	packages loaded
      From worker 10:	packages loaded
      From worker 16:	packages loaded
      From worker 2:	packages loaded
      From worker 12:	packages loaded
parameters defined
      From worker 3:	
      From worker 3:	starting b_1.0_c_0.2_N_40_M_4_K_3_P_2_beta_0.001_u_0.001_v_0.001_p_0.0_ϵ_1.0_gens_20000000_210214-063346.896
      From worker 10:	
      From worker 10:	starting b_1.0_c_0.2_N_40_M_4_K_3_P_2_beta_0.001_u_0.001_v_0.025_p_0.0_ϵ_1.0_gens_20000000_210214-063346.896
      From worker 6:	
      From worker 6:	starting b_1.0_c_0.2_N_40_M_4_K_3_P_2_beta_0.001_u_0.001_v_0.001_p_0.0_ϵ_1.0_gens_20000000_210214-063346.896
      From worker 8:	
      From worker 8:	starting b_1.0_c_0.2_N_40_M_4_K_3_P_2_beta_0.001_u_0.001_v_0.025_p_0.0_ϵ_1.0_gens_20000000_210214-063346.896
      From worker 4:	
      From worker 4:	starting b_1.0_c_0.2_N_40_M_4_K_3_P_2_beta_0.001_u_0.001_v_0.001_p_0.0_ϵ_1.0_gens_20000000_210214-063346.896
      From worker 15:	
      From worker 15:	starting b_1.0_c_0.2_N_40_M_4_K_3_P_2_beta_0.001_u_0.001_v_0.1_p_0.0_ϵ_1.0_gens_20000000_210214-063346.896
      From worker 5:	
      From worker 5:	starting b_1.0_c_0.2_N_40_M_4_K_3_P_2_beta_0.001_u_0.001_v_0.001_p_0.0_ϵ_1.0_gens_20000000_210214-063346.896
      From worker 12:	
      From worker 12:	starting b_1.0_c_0.2_N_40_M_4_K_3_P_2_beta_0.001_u_0.001_v_0.1_p_0.0_ϵ_1.0_gens_20000000_210214-063346.896
      From worker 16:	
      From worker 16:	starting b_1.0_c_0.2_N_40_M_4_K_3_P_2_beta_0.001_u_0.001_v_0.1_p_0.0_ϵ_1.0_gens_20000000_210214-063346.896
      From worker 9:	
      From worker 9:	starting b_1.0_c_0.2_N_40_M_4_K_3_P_2_beta_0.001_u_0.001_v_0.025_p_0.0_ϵ_1.0_gens_20000000_210214-063346.896
      From worker 2:	
      From worker 2:	starting b_1.0_c_0.2_N_40_M_4_K_3_P_2_beta_0.001_u_0.001_v_0.001_p_0.0_ϵ_1.0_gens_20000000_210214-063346.896
      From worker 13:	
      From worker 13:	starting b_1.0_c_0.2_N_40_M_4_K_3_P_2_beta_0.001_u_0.001_v_0.1_p_0.0_ϵ_1.0_gens_20000000_210214-063346.896
      From worker 14:	
      From worker 14:	starting b_1.0_c_0.2_N_40_M_4_K_3_P_2_beta_0.001_u_0.001_v_0.1_p_0.0_ϵ_1.0_gens_20000000_210214-063346.896
      From worker 7:	
      From worker 7:	starting b_1.0_c_0.2_N_40_M_4_K_3_P_2_beta_0.001_u_0.001_v_0.025_p_0.0_ϵ_1.0_gens_20000000_210214-063346.896
      From worker 11:	
      From worker 11:	starting b_1.0_c_0.2_N_40_M_4_K_3_P_2_beta_0.001_u_0.001_v_0.025_p_0.0_ϵ_1.0_gens_20000000_210214-063346.896
      From worker 6:	replicate complete, ran 20000000 generations:
      From worker 6:	
      From worker 6:		num_imitating:			20000000
      From worker 6:		num_not_imitating:		0
      From worker 6:		num_strategies_changed:  	551542
      From worker 6:			num_random_strategies: 	19791
      From worker 6:		num_sets_changed: 		764801
      From worker 6:			num_random_opinions: 	19846
      From worker 6:			num_biased_opinions: 	0
      From worker 6:		num_both_changed: 		36142
      From worker 6:	
      From worker 3:	replicate complete, ran 20000000 generations:
      From worker 3:	
      From worker 3:		num_imitating:			20000000
      From worker 3:		num_not_imitating:		0
      From worker 3:		num_strategies_changed:  	560344
      From worker 3:			num_random_strategies: 	20205
      From worker 3:		num_sets_changed: 		728079
      From worker 3:			num_random_opinions: 	19754
      From worker 3:			num_biased_opinions: 	0
      From worker 3:		num_both_changed: 		33033
      From worker 3:	
      From worker 5:	replicate complete, ran 20000000 generations:
      From worker 5:	
      From worker 5:		num_imitating:			20000000
      From worker 5:		num_not_imitating:		0
      From worker 5:		num_strategies_changed:  	550369
      From worker 5:			num_random_strategies: 	20008
      From worker 5:		num_sets_changed: 		745825
      From worker 5:			num_random_opinions: 	19775
      From worker 5:			num_biased_opinions: 	0
      From worker 5:		num_both_changed: 		42312
      From worker 5:	
      From worker 2:	replicate complete, ran 20000000 generations:
      From worker 2:	
      From worker 2:		num_imitating:			20000000
      From worker 2:		num_not_imitating:		0
      From worker 2:		num_strategies_changed:  	530645
      From worker 2:			num_random_strategies: 	19901
      From worker 2:		num_sets_changed: 		782274
      From worker 2:			num_random_opinions: 	20003
      From worker 2:			num_biased_opinions: 	0
      From worker 2:		num_both_changed: 		35225
      From worker 2:	
      From worker 4:	replicate complete, ran 20000000 generations:
      From worker 4:	
      From worker 4:		num_imitating:			20000000
      From worker 4:		num_not_imitating:		0
      From worker 4:		num_strategies_changed:  	552783
      From worker 4:			num_random_strategies: 	19902
      From worker 4:		num_sets_changed: 		773950
      From worker 4:			num_random_opinions: 	20153
      From worker 4:			num_biased_opinions: 	0
      From worker 4:		num_both_changed: 		36994
      From worker 4:	
      From worker 6:	data processed and exported
      From worker 3:	data processed and exported
      From worker 2:	data processed and exported
      From worker 6:	
      From worker 6:	starting b_1.0_c_0.2_N_40_M_4_K_3_P_2_beta_0.001_u_0.001_v_0.001_p_0.25_ϵ_1.0_gens_20000000_210214-063346.896
      From worker 5:	data processed and exported
      From worker 3:	
      From worker 3:	starting b_1.0_c_0.2_N_40_M_4_K_3_P_2_beta_0.001_u_0.001_v_0.001_p_0.25_ϵ_1.0_gens_20000000_210214-063346.896
      From worker 4:	data processed and exported
      From worker 2:	
      From worker 2:	starting b_1.0_c_0.2_N_40_M_4_K_3_P_2_beta_0.001_u_0.001_v_0.001_p_0.25_ϵ_1.0_gens_20000000_210214-063346.896
      From worker 5:	
      From worker 5:	starting b_1.0_c_0.2_N_40_M_4_K_3_P_2_beta_0.001_u_0.001_v_0.001_p_0.25_ϵ_1.0_gens_20000000_210214-063346.896
      From worker 4:	
      From worker 4:	starting b_1.0_c_0.2_N_40_M_4_K_3_P_2_beta_0.001_u_0.001_v_0.001_p_0.25_ϵ_1.0_gens_20000000_210214-063346.896
      From worker 3:	replicate complete, ran 20000000 generations:
      From worker 3:	
      From worker 3:		num_imitating:			17497919
      From worker 3:		num_not_imitating:		2502081
      From worker 3:		num_strategies_changed:  	475802
      From worker 3:			num_random_strategies: 	17341
      From worker 3:		num_sets_changed: 		628245
      From worker 3:			num_random_opinions: 	12894
      From worker 3:			num_biased_opinions: 	4354
      From worker 3:		num_both_changed: 		31841
      From worker 3:	
      From worker 6:	replicate complete, ran 20000000 generations:
      From worker 6:	
      From worker 6:		num_imitating:			17497716
      From worker 6:		num_not_imitating:		2502284
      From worker 6:		num_strategies_changed:  	476259
      From worker 6:			num_random_strategies: 	17746
      From worker 6:		num_sets_changed: 		710854
      From worker 6:			num_random_opinions: 	13241
      From worker 6:			num_biased_opinions: 	4514
      From worker 6:		num_both_changed: 		41638
      From worker 6:	
      From worker 5:	replicate complete, ran 20000000 generations:
      From worker 5:	
      From worker 5:		num_imitating:			17499570
      From worker 5:		num_not_imitating:		2500430
      From worker 5:		num_strategies_changed:  	468328
      From worker 5:			num_random_strategies: 	17396
      From worker 5:		num_sets_changed: 		630574
      From worker 5:			num_random_opinions: 	13152
      From worker 5:			num_biased_opinions: 	4322
      From worker 5:		num_both_changed: 		30916
      From worker 5:	
      From worker 4:	replicate complete, ran 20000000 generations:
      From worker 4:	
      From worker 4:		num_imitating:			17499216
      From worker 4:		num_not_imitating:		2500784
      From worker 4:		num_strategies_changed:  	447826
      From worker 4:			num_random_strategies: 	17332
      From worker 4:		num_sets_changed: 		693557
      From worker 4:			num_random_opinions: 	12948
      From worker 4:			num_biased_opinions: 	4408
      From worker 4:		num_both_changed: 		32510
      From worker 4:	
      From worker 3:	data processed and exported
      From worker 2:	replicate complete, ran 20000000 generations:
      From worker 2:	
      From worker 2:		num_imitating:			17500767
      From worker 2:		num_not_imitating:		2499233
      From worker 2:		num_strategies_changed:  	493853
      From worker 2:			num_random_strategies: 	17340
      From worker 2:		num_sets_changed: 		661071
      From worker 2:			num_random_opinions: 	13062
      From worker 2:			num_biased_opinions: 	4304
      From worker 2:		num_both_changed: 		34480
      From worker 2:	
      From worker 6:	data processed and exported
      From worker 3:	
      From worker 3:	starting b_1.0_c_0.2_N_40_M_4_K_3_P_2_beta_0.001_u_0.001_v_0.001_p_0.5_ϵ_1.0_gens_20000000_210214-063346.896
      From worker 5:	data processed and exported
      From worker 6:	
      From worker 6:	starting b_1.0_c_0.2_N_40_M_4_K_3_P_2_beta_0.001_u_0.001_v_0.001_p_0.5_ϵ_1.0_gens_20000000_210214-063346.896
      From worker 4:	data processed and exported
      From worker 5:	
      From worker 5:	starting b_1.0_c_0.2_N_40_M_4_K_3_P_2_beta_0.001_u_0.001_v_0.001_p_0.5_ϵ_1.0_gens_20000000_210214-063346.896
      From worker 2:	data processed and exported
      From worker 4:	
      From worker 4:	starting b_1.0_c_0.2_N_40_M_4_K_3_P_2_beta_0.001_u_0.001_v_0.001_p_0.5_ϵ_1.0_gens_20000000_210214-063346.896
      From worker 2:	
      From worker 2:	starting b_1.0_c_0.2_N_40_M_4_K_3_P_2_beta_0.001_u_0.001_v_0.001_p_0.5_ϵ_1.0_gens_20000000_210214-063346.896
      From worker 7:	replicate complete, ran 20000000 generations:
      From worker 7:	
      From worker 7:		num_imitating:			20000000
      From worker 7:		num_not_imitating:		0
      From worker 7:		num_strategies_changed:  	587158
      From worker 7:			num_random_strategies: 	19977
      From worker 7:		num_sets_changed: 		9534620
      From worker 7:			num_random_opinions: 	499888
      From worker 7:			num_biased_opinions: 	0
      From worker 7:		num_both_changed: 		408619
      From worker 7:	
      From worker 7:	data processed and exported
      From worker 7:	
      From worker 7:	starting b_1.0_c_0.2_N_40_M_4_K_3_P_2_beta_0.001_u_0.001_v_0.025_p_0.25_ϵ_1.0_gens_20000000_210214-063346.896
      From worker 8:	replicate complete, ran 20000000 generations:
      From worker 8:	
      From worker 8:		num_imitating:			20000000
      From worker 8:		num_not_imitating:		0
      From worker 8:		num_strategies_changed:  	553603
      From worker 8:			num_random_strategies: 	19984
      From worker 8:		num_sets_changed: 		9581499
      From worker 8:			num_random_opinions: 	499696
      From worker 8:			num_biased_opinions: 	0
      From worker 8:		num_both_changed: 		388419
      From worker 8:	
      From worker 11:	replicate complete, ran 20000000 generations:
      From worker 11:	
      From worker 11:		num_imitating:			20000000
      From worker 11:		num_not_imitating:		0
      From worker 11:		num_strategies_changed:  	578478
      From worker 11:			num_random_strategies: 	20036
      From worker 11:		num_sets_changed: 		9612857
      From worker 11:			num_random_opinions: 	500331
      From worker 11:			num_biased_opinions: 	0
      From worker 11:		num_both_changed: 		410428
      From worker 11:	
      From worker 8:	data processed and exported
      From worker 11:	data processed and exported
      From worker 10:	replicate complete, ran 20000000 generations:
      From worker 10:	
      From worker 10:		num_imitating:			20000000
      From worker 10:		num_not_imitating:		0
      From worker 10:		num_strategies_changed:  	572501
      From worker 10:			num_random_strategies: 	20009
      From worker 10:		num_sets_changed: 		9591859
      From worker 10:			num_random_opinions: 	499840
      From worker 10:			num_biased_opinions: 	0
      From worker 10:		num_both_changed: 		400750
      From worker 10:	
      From worker 9:	replicate complete, ran 20000000 generations:
      From worker 9:	
      From worker 9:		num_imitating:			20000000
      From worker 9:		num_not_imitating:		0
      From worker 9:		num_strategies_changed:  	556473
      From worker 9:			num_random_strategies: 	20133
      From worker 9:		num_sets_changed: 		9649254
      From worker 9:			num_random_opinions: 	500711
      From worker 9:			num_biased_opinions: 	0
      From worker 9:		num_both_changed: 		393917
      From worker 9:	
      From worker 8:	
      From worker 8:	starting b_1.0_c_0.2_N_40_M_4_K_3_P_2_beta_0.001_u_0.001_v_0.025_p_0.25_ϵ_1.0_gens_20000000_210214-063346.896
      From worker 11:	
      From worker 11:	starting b_1.0_c_0.2_N_40_M_4_K_3_P_2_beta_0.001_u_0.001_v_0.025_p_0.25_ϵ_1.0_gens_20000000_210214-063346.896
      From worker 10:	data processed and exported
      From worker 9:	data processed and exported
      From worker 10:	
      From worker 10:	starting b_1.0_c_0.2_N_40_M_4_K_3_P_2_beta_0.001_u_0.001_v_0.025_p_0.25_ϵ_1.0_gens_20000000_210214-063346.896
      From worker 9:	
      From worker 9:	starting b_1.0_c_0.2_N_40_M_4_K_3_P_2_beta_0.001_u_0.001_v_0.025_p_0.25_ϵ_1.0_gens_20000000_210214-063346.896
      From worker 6:	replicate complete, ran 20000000 generations:
      From worker 6:	
      From worker 6:		num_imitating:			15002000
      From worker 6:		num_not_imitating:		4998000
      From worker 6:		num_strategies_changed:  	415468
      From worker 6:			num_random_strategies: 	15086
      From worker 6:		num_sets_changed: 		532354
      From worker 6:			num_random_opinions: 	7537
      From worker 6:			num_biased_opinions: 	7356
      From worker 6:		num_both_changed: 		29120
      From worker 6:	
      From worker 3:	replicate complete, ran 20000000 generations:
      From worker 3:	
      From worker 3:		num_imitating:			15002336
      From worker 3:		num_not_imitating:		4997664
      From worker 3:		num_strategies_changed:  	416398
      From worker 3:			num_random_strategies: 	15033
      From worker 3:		num_sets_changed: 		556808
      From worker 3:			num_random_opinions: 	7653
      From worker 3:			num_biased_opinions: 	7389
      From worker 3:		num_both_changed: 		28850
      From worker 3:	
      From worker 4:	replicate complete, ran 20000000 generations:
      From worker 4:	
      From worker 4:		num_imitating:			14998743
      From worker 4:		num_not_imitating:		5001257
      From worker 4:		num_strategies_changed:  	411189
      From worker 4:			num_random_strategies: 	14789
      From worker 4:		num_sets_changed: 		536091
      From worker 4:			num_random_opinions: 	7335
      From worker 4:			num_biased_opinions: 	7556
      From worker 4:		num_both_changed: 		21206
      From worker 4:	
      From worker 2:	replicate complete, ran 20000000 generations:
      From worker 2:	
      From worker 2:		num_imitating:			14999084
      From worker 2:		num_not_imitating:		5000916
      From worker 2:		num_strategies_changed:  	402168
      From worker 2:			num_random_strategies: 	15005
      From worker 2:		num_sets_changed: 		547538
      From worker 2:			num_random_opinions: 	7547
      From worker 2:			num_biased_opinions: 	7428
      From worker 2:		num_both_changed: 		24640
      From worker 2:	
      From worker 6:	data processed and exported
      From worker 3:	data processed and exported
      From worker 5:	replicate complete, ran 20000000 generations:
      From worker 5:	
      From worker 5:		num_imitating:			15000859
      From worker 5:		num_not_imitating:		4999141
      From worker 5:		num_strategies_changed:  	439678
      From worker 5:			num_random_strategies: 	14803
      From worker 5:		num_sets_changed: 		566885
      From worker 5:			num_random_opinions: 	7394
      From worker 5:			num_biased_opinions: 	7634
      From worker 5:		num_both_changed: 		41766
      From worker 5:	
      From worker 6:	
      From worker 6:	starting b_1.0_c_0.2_N_40_M_4_K_3_P_2_beta_0.001_u_0.001_v_0.001_p_0.75_ϵ_1.0_gens_20000000_210214-063346.896
      From worker 3:	
      From worker 3:	starting b_1.0_c_0.2_N_40_M_4_K_3_P_2_beta_0.001_u_0.001_v_0.001_p_0.75_ϵ_1.0_gens_20000000_210214-063346.896
      From worker 4:	data processed and exported
      From worker 2:	data processed and exported
      From worker 4:	
      From worker 4:	starting b_1.0_c_0.2_N_40_M_4_K_3_P_2_beta_0.001_u_0.001_v_0.001_p_0.75_ϵ_1.0_gens_20000000_210214-063346.896
      From worker 5:	data processed and exported
      From worker 2:	
      From worker 2:	starting b_1.0_c_0.2_N_40_M_4_K_3_P_2_beta_0.001_u_0.001_v_0.001_p_0.75_ϵ_1.0_gens_20000000_210214-063346.896
      From worker 5:	
      From worker 5:	starting b_1.0_c_0.2_N_40_M_4_K_3_P_2_beta_0.001_u_0.001_v_0.001_p_0.75_ϵ_1.0_gens_20000000_210214-063346.896
      From worker 16:	replicate complete, ran 20000000 generations:
      From worker 16:	
      From worker 16:		num_imitating:			20000000
      From worker 16:		num_not_imitating:		0
      From worker 16:		num_strategies_changed:  	553401
      From worker 16:			num_random_strategies: 	19823
      From worker 16:		num_sets_changed: 		15754361
      From worker 16:			num_random_opinions: 	1998551
      From worker 16:			num_biased_opinions: 	0
      From worker 16:		num_both_changed: 		513260
      From worker 16:	
      From worker 12:	replicate complete, ran 20000000 generations:
      From worker 12:	
      From worker 12:		num_imitating:			20000000
      From worker 12:		num_not_imitating:		0
      From worker 12:		num_strategies_changed:  	547727
      From worker 12:			num_random_strategies: 	20142
      From worker 12:		num_sets_changed: 		15756901
      From worker 12:			num_random_opinions: 	1998787
      From worker 12:			num_biased_opinions: 	0
      From worker 12:		num_both_changed: 		508613
      From worker 12:	
      From worker 14:	replicate complete, ran 20000000 generations:
      From worker 14:	
      From worker 14:		num_imitating:			20000000
      From worker 14:		num_not_imitating:		0
      From worker 14:		num_strategies_changed:  	566597
      From worker 14:			num_random_strategies: 	19992
      From worker 14:		num_sets_changed: 		15778599
      From worker 14:			num_random_opinions: 	2001582
      From worker 14:			num_biased_opinions: 	0
      From worker 14:		num_both_changed: 		527417
      From worker 14:	
      From worker 16:	data processed and exported
      From worker 12:	data processed and exported
      From worker 16:	
      From worker 16:	starting b_1.0_c_0.2_N_40_M_4_K_3_P_2_beta_0.001_u_0.001_v_0.1_p_0.25_ϵ_1.0_gens_20000000_210214-063346.896
      From worker 12:	
      From worker 12:	starting b_1.0_c_0.2_N_40_M_4_K_3_P_2_beta_0.001_u_0.001_v_0.1_p_0.25_ϵ_1.0_gens_20000000_210214-063346.896
      From worker 14:	data processed and exported
      From worker 13:	replicate complete, ran 20000000 generations:
      From worker 13:	
      From worker 13:		num_imitating:			20000000
      From worker 13:		num_not_imitating:		0
      From worker 13:		num_strategies_changed:  	570766
      From worker 13:			num_random_strategies: 	19979
      From worker 13:		num_sets_changed: 		15766017
      From worker 13:			num_random_opinions: 	1999129
      From worker 13:			num_biased_opinions: 	0
      From worker 13:		num_both_changed: 		530156
      From worker 13:	
      From worker 14:	
      From worker 14:	starting b_1.0_c_0.2_N_40_M_4_K_3_P_2_beta_0.001_u_0.001_v_0.1_p_0.25_ϵ_1.0_gens_20000000_210214-063346.896
      From worker 13:	data processed and exported
      From worker 13:	
      From worker 13:	starting b_1.0_c_0.2_N_40_M_4_K_3_P_2_beta_0.001_u_0.001_v_0.1_p_0.25_ϵ_1.0_gens_20000000_210214-063346.896
      From worker 15:	replicate complete, ran 20000000 generations:
      From worker 15:	
      From worker 15:		num_imitating:			20000000
      From worker 15:		num_not_imitating:		0
      From worker 15:		num_strategies_changed:  	563235
      From worker 15:			num_random_strategies: 	19981
      From worker 15:		num_sets_changed: 		15767398
      From worker 15:			num_random_opinions: 	2000144
      From worker 15:			num_biased_opinions: 	0
      From worker 15:		num_both_changed: 		523720
      From worker 15:	
      From worker 15:	data processed and exported
      From worker 15:	
      From worker 15:	starting b_1.0_c_0.2_N_40_M_4_K_3_P_2_beta_0.001_u_0.001_v_0.1_p_0.25_ϵ_1.0_gens_20000000_210214-063346.896
      From worker 6:	replicate complete, ran 20000000 generations:
      From worker 6:	
      From worker 6:		num_imitating:			12502737
      From worker 6:		num_not_imitating:		7497263
      From worker 6:		num_strategies_changed:  	343665
      From worker 6:			num_random_strategies: 	12532
      From worker 6:		num_sets_changed: 		433897
      From worker 6:			num_random_opinions: 	3090
      From worker 6:			num_biased_opinions: 	9570
      From worker 6:		num_both_changed: 		25316
      From worker 6:	
      From worker 3:	replicate complete, ran 20000000 generations:
      From worker 3:	
      From worker 3:		num_imitating:			12498662
      From worker 3:		num_not_imitating:		7501338
      From worker 3:		num_strategies_changed:  	342310
      From worker 3:			num_random_strategies: 	12419
      From worker 3:		num_sets_changed: 		444425
      From worker 3:			num_random_opinions: 	3052
      From worker 3:			num_biased_opinions: 	9392
      From worker 3:		num_both_changed: 		23931
      From worker 3:	
      From worker 4:	replicate complete, ran 20000000 generations:
      From worker 4:	
      From worker 4:		num_imitating:			12499161
      From worker 4:		num_not_imitating:		7500839
      From worker 4:		num_strategies_changed:  	331429
      From worker 4:			num_random_strategies: 	12530
      From worker 4:		num_sets_changed: 		459549
      From worker 4:			num_random_opinions: 	3031
      From worker 4:			num_biased_opinions: 	9324
      From worker 4:		num_both_changed: 		21717
      From worker 4:	
      From worker 6:	data processed and exported
      From worker 2:	replicate complete, ran 20000000 generations:
      From worker 2:	
      From worker 2:		num_imitating:			12499716
      From worker 2:		num_not_imitating:		7500284
      From worker 2:		num_strategies_changed:  	329473
      From worker 2:			num_random_strategies: 	12780
      From worker 2:		num_sets_changed: 		449084
      From worker 2:			num_random_opinions: 	3061
      From worker 2:			num_biased_opinions: 	9239
      From worker 2:		num_both_changed: 		21027
      From worker 2:	
      From worker 6:	
      From worker 6:	starting b_1.0_c_0.2_N_40_M_4_K_3_P_2_beta_0.001_u_0.001_v_0.001_p_1.0_ϵ_1.0_gens_20000000_210214-063346.896
      From worker 5:	replicate complete, ran 20000000 generations:
      From worker 5:	
      From worker 5:		num_imitating:			12496623
      From worker 5:		num_not_imitating:		7503377
      From worker 5:		num_strategies_changed:  	352399
      From worker 5:			num_random_strategies: 	12406
      From worker 5:		num_sets_changed: 		445956
      From worker 5:			num_random_opinions: 	3188
      From worker 5:			num_biased_opinions: 	9408
      From worker 5:		num_both_changed: 		26081
      From worker 5:	
      From worker 3:	data processed and exported
      From worker 4:	data processed and exported
      From worker 2:	data processed and exported
      From worker 3:	
      From worker 3:	starting b_1.0_c_0.2_N_40_M_4_K_3_P_2_beta_0.001_u_0.001_v_0.001_p_1.0_ϵ_1.0_gens_20000000_210214-063346.896
      From worker 4:	
      From worker 4:	starting b_1.0_c_0.2_N_40_M_4_K_3_P_2_beta_0.001_u_0.001_v_0.001_p_1.0_ϵ_1.0_gens_20000000_210214-063346.896
      From worker 2:	
      From worker 2:	starting b_1.0_c_0.2_N_40_M_4_K_3_P_2_beta_0.001_u_0.001_v_0.001_p_1.0_ϵ_1.0_gens_20000000_210214-063346.896
      From worker 5:	data processed and exported
      From worker 5:	
      From worker 5:	starting b_1.0_c_0.2_N_40_M_4_K_3_P_2_beta_0.001_u_0.001_v_0.001_p_1.0_ϵ_1.0_gens_20000000_210214-063346.896
      From worker 7:	replicate complete, ran 20000000 generations:
      From worker 7:	
      From worker 7:		num_imitating:			17500814
      From worker 7:		num_not_imitating:		2499186
      From worker 7:		num_strategies_changed:  	462267
      From worker 7:			num_random_strategies: 	17605
      From worker 7:		num_sets_changed: 		8324387
      From worker 7:			num_random_opinions: 	328605
      From worker 7:			num_biased_opinions: 	109772
      From worker 7:		num_both_changed: 		326151
      From worker 7:	
      From worker 7:	data processed and exported
      From worker 7:	
      From worker 7:	starting b_1.0_c_0.2_N_40_M_4_K_3_P_2_beta_0.001_u_0.001_v_0.025_p_0.5_ϵ_1.0_gens_20000000_210214-063346.896
      From worker 8:	replicate complete, ran 20000000 generations:
      From worker 8:	
      From worker 8:		num_imitating:			17501580
      From worker 8:		num_not_imitating:		2498420
      From worker 8:		num_strategies_changed:  	496614
      From worker 8:			num_random_strategies: 	17581
      From worker 8:		num_sets_changed: 		8303604
      From worker 8:			num_random_opinions: 	328368
      From worker 8:			num_biased_opinions: 	109129
      From worker 8:		num_both_changed: 		353946
      From worker 8:	
      From worker 11:	replicate complete, ran 20000000 generations:
      From worker 11:	
      From worker 11:		num_imitating:			17498026
      From worker 11:		num_not_imitating:		2501974
      From worker 11:		num_strategies_changed:  	521439
      From worker 11:			num_random_strategies: 	17602
      From worker 11:		num_sets_changed: 		8289845
      From worker 11:			num_random_opinions: 	327716
      From worker 11:			num_biased_opinions: 	109235
      From worker 11:		num_both_changed: 		365511
      From worker 11:	
      From worker 8:	data processed and exported
      From worker 8:	
      From worker 8:	starting b_1.0_c_0.2_N_40_M_4_K_3_P_2_beta_0.001_u_0.001_v_0.025_p_0.5_ϵ_1.0_gens_20000000_210214-063346.896
      From worker 11:	data processed and exported
      From worker 9:	replicate complete, ran 20000000 generations:
      From worker 9:	
      From worker 9:		num_imitating:			17499537
      From worker 9:		num_not_imitating:		2500463
      From worker 9:		num_strategies_changed:  	486505
      From worker 9:			num_random_strategies: 	17529
      From worker 9:		num_sets_changed: 		8279843
      From worker 9:			num_random_opinions: 	328292
      From worker 9:			num_biased_opinions: 	109337
      From worker 9:		num_both_changed: 		337878
      From worker 9:	
      From worker 11:	
      From worker 11:	starting b_1.0_c_0.2_N_40_M_4_K_3_P_2_beta_0.001_u_0.001_v_0.025_p_0.5_ϵ_1.0_gens_20000000_210214-063346.896
      From worker 10:	replicate complete, ran 20000000 generations:
      From worker 10:	
      From worker 10:		num_imitating:			17498488
      From worker 10:		num_not_imitating:		2501512
      From worker 10:		num_strategies_changed:  	488646
      From worker 10:			num_random_strategies: 	17239
      From worker 10:		num_sets_changed: 		8303182
      From worker 10:			num_random_opinions: 	328284
      From worker 10:			num_biased_opinions: 	109536
      From worker 10:		num_both_changed: 		344188
      From worker 10:	
      From worker 9:	data processed and exported
      From worker 9:	
      From worker 9:	starting b_1.0_c_0.2_N_40_M_4_K_3_P_2_beta_0.001_u_0.001_v_0.025_p_0.5_ϵ_1.0_gens_20000000_210214-063346.896
      From worker 10:	data processed and exported
      From worker 10:	
      From worker 10:	starting b_1.0_c_0.2_N_40_M_4_K_3_P_2_beta_0.001_u_0.001_v_0.025_p_0.5_ϵ_1.0_gens_20000000_210214-063346.896
      From worker 6:	replicate complete, ran 20000000 generations:
      From worker 6:	
      From worker 6:		num_imitating:			9999258
      From worker 6:		num_not_imitating:		10000742
      From worker 6:		num_strategies_changed:  	143030
      From worker 6:			num_random_strategies: 	10184
      From worker 6:		num_sets_changed: 		143567
      From worker 6:			num_random_opinions: 	0
      From worker 6:			num_biased_opinions: 	10039
      From worker 6:		num_both_changed: 		3750
      From worker 6:	
      From worker 6:	data processed and exported
      From worker 3:	replicate complete, ran 20000000 generations:
      From worker 3:	
      From worker 3:		num_imitating:			10001314
      From worker 3:		num_not_imitating:		9998686
      From worker 3:		num_strategies_changed:  	145172
      From worker 3:			num_random_strategies: 	9877
      From worker 3:		num_sets_changed: 		143123
      From worker 3:			num_random_opinions: 	0
      From worker 3:			num_biased_opinions: 	10098
      From worker 3:		num_both_changed: 		4056
      From worker 3:	
      From worker 4:	replicate complete, ran 20000000 generations:
      From worker 4:	
      From worker 4:		num_imitating:			9996691
      From worker 4:		num_not_imitating:		10003309
      From worker 4:		num_strategies_changed:  	147011
      From worker 4:			num_random_strategies: 	10139
      From worker 4:		num_sets_changed: 		148788
      From worker 4:			num_random_opinions: 	0
      From worker 4:			num_biased_opinions: 	10185
      From worker 4:		num_both_changed: 		4417
      From worker 4:	
      From worker 6:	
      From worker 6:	starting b_1.0_c_0.2_N_40_M_4_K_3_P_2_beta_0.001_u_0.001_v_0.001_p_0.0_ϵ_1.0_gens_20000000_210214-063346.896
      From worker 2:	replicate complete, ran 20000000 generations:
      From worker 2:	
      From worker 2:		num_imitating:			10002305
      From worker 2:		num_not_imitating:		9997695
      From worker 2:		num_strategies_changed:  	145930
      From worker 2:			num_random_strategies: 	10156
      From worker 2:		num_sets_changed: 		144294
      From worker 2:			num_random_opinions: 	0
      From worker 2:			num_biased_opinions: 	9980
      From worker 2:		num_both_changed: 		4506
      From worker 2:	
      From worker 5:	replicate complete, ran 20000000 generations:
      From worker 5:	
      From worker 5:		num_imitating:			9999632
      From worker 5:		num_not_imitating:		10000368
      From worker 5:		num_strategies_changed:  	142853
      From worker 5:			num_random_strategies: 	9988
      From worker 5:		num_sets_changed: 		147085
      From worker 5:			num_random_opinions: 	0
      From worker 5:			num_biased_opinions: 	10190
      From worker 5:		num_both_changed: 		4278
      From worker 5:	
      From worker 3:	data processed and exported
      From worker 4:	data processed and exported
      From worker 2:	data processed and exported
      From worker 3:	
      From worker 3:	starting b_1.0_c_0.2_N_40_M_4_K_3_P_2_beta_0.001_u_0.001_v_0.001_p_0.0_ϵ_1.0_gens_20000000_210214-063346.896
      From worker 4:	
      From worker 4:	starting b_1.0_c_0.2_N_40_M_4_K_3_P_2_beta_0.001_u_0.001_v_0.001_p_0.0_ϵ_1.0_gens_20000000_210214-063346.896
      From worker 2:	
      From worker 2:	starting b_1.0_c_0.2_N_40_M_4_K_3_P_2_beta_0.001_u_0.001_v_0.001_p_0.0_ϵ_1.0_gens_20000000_210214-063346.896
      From worker 5:	data processed and exported
      From worker 5:	
      From worker 5:	starting b_1.0_c_0.2_N_40_M_4_K_3_P_2_beta_0.001_u_0.001_v_0.001_p_0.0_ϵ_1.0_gens_20000000_210214-063346.896
      From worker 16:	replicate complete, ran 20000000 generations:
      From worker 16:	
      From worker 16:		num_imitating:			17498593
      From worker 16:		num_not_imitating:		2501407
      From worker 16:		num_strategies_changed:  	493369
      From worker 16:			num_random_strategies: 	17370
      From worker 16:		num_sets_changed: 		13689216
      From worker 16:			num_random_opinions: 	1314020
      From worker 16:			num_biased_opinions: 	438888
      From worker 16:		num_both_changed: 		456413
      From worker 16:	
      From worker 12:	replicate complete, ran 20000000 generations:
      From worker 12:	
      From worker 12:		num_imitating:			17502178
      From worker 12:		num_not_imitating:		2497822
      From worker 12:		num_strategies_changed:  	484471
      From worker 12:			num_random_strategies: 	17459
      From worker 12:		num_sets_changed: 		13670753
      From worker 12:			num_random_opinions: 	1312538
      From worker 12:			num_biased_opinions: 	437579
      From worker 12:		num_both_changed: 		446561
      From worker 12:	
      From worker 14:	replicate complete, ran 20000000 generations:
      From worker 14:	
      From worker 14:		num_imitating:			17500463
      From worker 14:		num_not_imitating:		2499537
      From worker 14:		num_strategies_changed:  	495231
      From worker 14:			num_random_strategies: 	17316
      From worker 14:		num_sets_changed: 		13674981
      From worker 14:			num_random_opinions: 	1311625
      From worker 14:			num_biased_opinions: 	437993
      From worker 14:		num_both_changed: 		456835
      From worker 14:	
      From worker 16:	data processed and exported
      From worker 16:	
      From worker 16:	starting b_1.0_c_0.2_N_40_M_4_K_3_P_2_beta_0.001_u_0.001_v_0.1_p_0.5_ϵ_1.0_gens_20000000_210214-063346.896
      From worker 12:	data processed and exported
      From worker 12:	
      From worker 12:	starting b_1.0_c_0.2_N_40_M_4_K_3_P_2_beta_0.001_u_0.001_v_0.1_p_0.5_ϵ_1.0_gens_20000000_210214-063346.896
      From worker 14:	data processed and exported
      From worker 14:	
      From worker 14:	starting b_1.0_c_0.2_N_40_M_4_K_3_P_2_beta_0.001_u_0.001_v_0.1_p_0.5_ϵ_1.0_gens_20000000_210214-063346.896
      From worker 13:	replicate complete, ran 20000000 generations:
      From worker 13:	
      From worker 13:		num_imitating:			17501890
      From worker 13:		num_not_imitating:		2498110
      From worker 13:		num_strategies_changed:  	484073
      From worker 13:			num_random_strategies: 	17127
      From worker 13:		num_sets_changed: 		13675409
      From worker 13:			num_random_opinions: 	1311301
      From worker 13:			num_biased_opinions: 	438295
      From worker 13:		num_both_changed: 		448154
      From worker 13:	
      From worker 13:	data processed and exported
      From worker 13:	
      From worker 13:	starting b_1.0_c_0.2_N_40_M_4_K_3_P_2_beta_0.001_u_0.001_v_0.1_p_0.5_ϵ_1.0_gens_20000000_210214-063346.896
      From worker 6:	replicate complete, ran 20000000 generations:
      From worker 6:	
      From worker 6:		num_imitating:			20000000
      From worker 6:		num_not_imitating:		0
      From worker 6:		num_strategies_changed:  	562876
      From worker 6:			num_random_strategies: 	20018
      From worker 6:		num_sets_changed: 		757291
      From worker 6:			num_random_opinions: 	20024
      From worker 6:			num_biased_opinions: 	0
      From worker 6:		num_both_changed: 		39588
      From worker 6:	
      From worker 15:	replicate complete, ran 20000000 generations:
      From worker 15:	
      From worker 15:		num_imitating:			17498973
      From worker 15:		num_not_imitating:		2501027
      From worker 15:		num_strategies_changed:  	486687
      From worker 15:			num_random_strategies: 	17444
      From worker 15:		num_sets_changed: 		13686066
      From worker 15:			num_random_opinions: 	1311872
      From worker 15:			num_biased_opinions: 	438208
      From worker 15:		num_both_changed: 		449537
      From worker 15:	
      From worker 6:	data processed and exported
      From worker 6:	
      From worker 6:	starting b_1.0_c_0.2_N_40_M_4_K_3_P_2_beta_0.001_u_0.001_v_0.001_p_0.25_ϵ_1.0_gens_20000000_210214-063346.896
      From worker 2:	replicate complete, ran 20000000 generations:
      From worker 2:	
      From worker 2:		num_imitating:			20000000
      From worker 2:		num_not_imitating:		0
      From worker 2:		num_strategies_changed:  	523819
      From worker 2:			num_random_strategies: 	19837
      From worker 2:		num_sets_changed: 		738889
      From worker 2:			num_random_opinions: 	19870
      From worker 2:			num_biased_opinions: 	0
      From worker 2:		num_both_changed: 		30699
      From worker 2:	
      From worker 4:	replicate complete, ran 20000000 generations:
      From worker 4:	
      From worker 4:		num_imitating:			20000000
      From worker 4:		num_not_imitating:		0
      From worker 4:		num_strategies_changed:  	562269
      From worker 4:			num_random_strategies: 	20016
      From worker 4:		num_sets_changed: 		772325
      From worker 4:			num_random_opinions: 	20179
      From worker 4:			num_biased_opinions: 	0
      From worker 4:		num_both_changed: 		38103
      From worker 4:	
      From worker 15:	data processed and exported
      From worker 3:	replicate complete, ran 20000000 generations:
      From worker 3:	
      From worker 3:		num_imitating:			20000000
      From worker 3:		num_not_imitating:		0
      From worker 3:		num_strategies_changed:  	559966
      From worker 3:			num_random_strategies: 	20074
      From worker 3:		num_sets_changed: 		748268
      From worker 3:			num_random_opinions: 	20057
      From worker 3:			num_biased_opinions: 	0
      From worker 3:		num_both_changed: 		30677
      From worker 3:	
      From worker 15:	
      From worker 15:	starting b_1.0_c_0.2_N_40_M_4_K_3_P_2_beta_0.001_u_0.001_v_0.1_p_0.5_ϵ_1.0_gens_20000000_210214-063346.896
      From worker 2:	data processed and exported
      From worker 5:	replicate complete, ran 20000000 generations:
      From worker 5:	
      From worker 5:		num_imitating:			20000000
      From worker 5:		num_not_imitating:		0
      From worker 5:		num_strategies_changed:  	564530
      From worker 5:			num_random_strategies: 	19912
      From worker 5:		num_sets_changed: 		763588
      From worker 5:			num_random_opinions: 	20164
      From worker 5:			num_biased_opinions: 	0
      From worker 5:		num_both_changed: 		44193
      From worker 5:	
      From worker 4:	data processed and exported
      From worker 2:	
      From worker 2:	starting b_1.0_c_0.2_N_40_M_4_K_3_P_2_beta_0.001_u_0.001_v_0.001_p_0.25_ϵ_1.0_gens_20000000_210214-063346.896
      From worker 3:	data processed and exported
      From worker 4:	
      From worker 4:	starting b_1.0_c_0.2_N_40_M_4_K_3_P_2_beta_0.001_u_0.001_v_0.001_p_0.25_ϵ_1.0_gens_20000000_210214-063346.896
      From worker 3:	
      From worker 3:	starting b_1.0_c_0.2_N_40_M_4_K_3_P_2_beta_0.001_u_0.001_v_0.001_p_0.25_ϵ_1.0_gens_20000000_210214-063346.896
      From worker 5:	data processed and exported
      From worker 5:	
      From worker 5:	starting b_1.0_c_0.2_N_40_M_4_K_3_P_2_beta_0.001_u_0.001_v_0.001_p_0.25_ϵ_1.0_gens_20000000_210214-063346.896
      From worker 7:	replicate complete, ran 20000000 generations:
      From worker 7:	
      From worker 7:		num_imitating:			15000266
      From worker 7:		num_not_imitating:		4999734
      From worker 7:		num_strategies_changed:  	414655
      From worker 7:			num_random_strategies: 	15044
      From worker 7:		num_sets_changed: 		7004532
      From worker 7:			num_random_opinions: 	187474
      From worker 7:			num_biased_opinions: 	187328
      From worker 7:		num_both_changed: 		282695
      From worker 7:	
      From worker 8:	replicate complete, ran 20000000 generations:
      From worker 8:	
      From worker 8:		num_imitating:			14996781
      From worker 8:		num_not_imitating:		5003219
      From worker 8:		num_strategies_changed:  	398773
      From worker 8:			num_random_strategies: 	15003
      From worker 8:		num_sets_changed: 		6934400
      From worker 8:			num_random_opinions: 	187633
      From worker 8:			num_biased_opinions: 	187376
      From worker 8:		num_both_changed: 		272937
      From worker 8:	
      From worker 7:	data processed and exported
      From worker 7:	
      From worker 7:	starting b_1.0_c_0.2_N_40_M_4_K_3_P_2_beta_0.001_u_0.001_v_0.025_p_0.75_ϵ_1.0_gens_20000000_210214-063346.896
      From worker 8:	data processed and exported
      From worker 11:	replicate complete, ran 20000000 generations:
      From worker 11:	
      From worker 11:		num_imitating:			14999623
      From worker 11:		num_not_imitating:		5000377
      From worker 11:		num_strategies_changed:  	421007
      From worker 11:			num_random_strategies: 	14935
      From worker 11:		num_sets_changed: 		6943992
      From worker 11:			num_random_opinions: 	187633
      From worker 11:			num_biased_opinions: 	187644
      From worker 11:		num_both_changed: 		294576
      From worker 11:	
      From worker 8:	
      From worker 8:	starting b_1.0_c_0.2_N_40_M_4_K_3_P_2_beta_0.001_u_0.001_v_0.025_p_0.75_ϵ_1.0_gens_20000000_210214-063346.896
      From worker 11:	data processed and exported
      From worker 11:	
      From worker 11:	starting b_1.0_c_0.2_N_40_M_4_K_3_P_2_beta_0.001_u_0.001_v_0.025_p_0.75_ϵ_1.0_gens_20000000_210214-063346.896
      From worker 10:	replicate complete, ran 20000000 generations:
      From worker 10:	
      From worker 10:		num_imitating:			14997164
      From worker 10:		num_not_imitating:		5002836
      From worker 10:		num_strategies_changed:  	440423
      From worker 10:			num_random_strategies: 	15132
      From worker 10:		num_sets_changed: 		6870287
      From worker 10:			num_random_opinions: 	186955
      From worker 10:			num_biased_opinions: 	186881
      From worker 10:		num_both_changed: 		303031
      From worker 10:	
      From worker 9:	replicate complete, ran 20000000 generations:
      From worker 9:	
      From worker 9:		num_imitating:			14997070
      From worker 9:		num_not_imitating:		5002930
      From worker 9:		num_strategies_changed:  	428955
      From worker 9:			num_random_strategies: 	15066
      From worker 9:		num_sets_changed: 		6991090
      From worker 9:			num_random_opinions: 	187940
      From worker 9:			num_biased_opinions: 	186663
      From worker 9:		num_both_changed: 		297580
      From worker 9:	
      From worker 10:	data processed and exported
      From worker 9:	data processed and exported
      From worker 10:	
      From worker 10:	starting b_1.0_c_0.2_N_40_M_4_K_3_P_2_beta_0.001_u_0.001_v_0.025_p_0.75_ϵ_1.0_gens_20000000_210214-063346.896
      From worker 9:	
      From worker 9:	starting b_1.0_c_0.2_N_40_M_4_K_3_P_2_beta_0.001_u_0.001_v_0.025_p_0.75_ϵ_1.0_gens_20000000_210214-063346.896
      From worker 6:	replicate complete, ran 20000000 generations:
      From worker 6:	
      From worker 6:		num_imitating:			17501690
      From worker 6:		num_not_imitating:		2498310
      From worker 6:		num_strategies_changed:  	473478
      From worker 6:			num_random_strategies: 	17504
      From worker 6:		num_sets_changed: 		698993
      From worker 6:			num_random_opinions: 	13288
      From worker 6:			num_biased_opinions: 	4297
      From worker 6:		num_both_changed: 		39730
      From worker 6:	
      From worker 2:	replicate complete, ran 20000000 generations:
      From worker 2:	
      From worker 2:		num_imitating:			17499455
      From worker 2:		num_not_imitating:		2500545
      From worker 2:		num_strategies_changed:  	477739
      From worker 2:			num_random_strategies: 	17759
      From worker 2:		num_sets_changed: 		652745
      From worker 2:			num_random_opinions: 	13137
      From worker 2:			num_biased_opinions: 	4435
      From worker 2:		num_both_changed: 		31826
      From worker 2:	
      From worker 6:	data processed and exported
      From worker 4:	replicate complete, ran 20000000 generations:
      From worker 4:	
      From worker 4:		num_imitating:			17498895
      From worker 4:		num_not_imitating:		2501105
      From worker 4:		num_strategies_changed:  	458019
      From worker 4:			num_random_strategies: 	17310
      From worker 4:		num_sets_changed: 		634802
      From worker 4:			num_random_opinions: 	12874
      From worker 4:			num_biased_opinions: 	4376
      From worker 4:		num_both_changed: 		30598
      From worker 4:	
      From worker 6:	
      From worker 6:	starting b_1.0_c_0.2_N_40_M_4_K_3_P_2_beta_0.001_u_0.001_v_0.001_p_0.5_ϵ_1.0_gens_20000000_210214-063346.896
      From worker 2:	data processed and exported
      From worker 4:	data processed and exported
      From worker 2:	
      From worker 2:	starting b_1.0_c_0.2_N_40_M_4_K_3_P_2_beta_0.001_u_0.001_v_0.001_p_0.5_ϵ_1.0_gens_20000000_210214-063346.896
      From worker 4:	
      From worker 4:	starting b_1.0_c_0.2_N_40_M_4_K_3_P_2_beta_0.001_u_0.001_v_0.001_p_0.5_ϵ_1.0_gens_20000000_210214-063346.896
      From worker 5:	replicate complete, ran 20000000 generations:
      From worker 5:	
      From worker 5:		num_imitating:			17500770
      From worker 5:		num_not_imitating:		2499230
      From worker 5:		num_strategies_changed:  	453907
      From worker 5:			num_random_strategies: 	17667
      From worker 5:		num_sets_changed: 		671252
      From worker 5:			num_random_opinions: 	13142
      From worker 5:			num_biased_opinions: 	4333
      From worker 5:		num_both_changed: 		30174
      From worker 5:	
      From worker 3:	replicate complete, ran 20000000 generations:
      From worker 3:	
      From worker 3:		num_imitating:			17498233
      From worker 3:		num_not_imitating:		2501767
      From worker 3:		num_strategies_changed:  	495297
      From worker 3:			num_random_strategies: 	17551
      From worker 3:		num_sets_changed: 		693427
      From worker 3:			num_random_opinions: 	13379
      From worker 3:			num_biased_opinions: 	4375
      From worker 3:		num_both_changed: 		30995
      From worker 3:	
      From worker 5:	data processed and exported
      From worker 3:	data processed and exported
      From worker 5:	
      From worker 5:	starting b_1.0_c_0.2_N_40_M_4_K_3_P_2_beta_0.001_u_0.001_v_0.001_p_0.5_ϵ_1.0_gens_20000000_210214-063346.896
      From worker 3:	
      From worker 3:	starting b_1.0_c_0.2_N_40_M_4_K_3_P_2_beta_0.001_u_0.001_v_0.001_p_0.5_ϵ_1.0_gens_20000000_210214-063346.896
      From worker 7:	replicate complete, ran 20000000 generations:
      From worker 7:	
      From worker 7:		num_imitating:			12499882
      From worker 7:		num_not_imitating:		7500118
      From worker 7:		num_strategies_changed:  	352479
      From worker 7:			num_random_strategies: 	12530
      From worker 7:		num_sets_changed: 		5565290
      From worker 7:			num_random_opinions: 	78260
      From worker 7:			num_biased_opinions: 	235096
      From worker 7:		num_both_changed: 		236983
      From worker 7:	
      From worker 7:	data processed and exported
      From worker 8:	replicate complete, ran 20000000 generations:
      From worker 8:	
      From worker 8:		num_imitating:			12501626
      From worker 8:		num_not_imitating:		7498374
      From worker 8:		num_strategies_changed:  	361174
      From worker 8:			num_random_strategies: 	12464
      From worker 8:		num_sets_changed: 		5617814
      From worker 8:			num_random_opinions: 	78180
      From worker 8:			num_biased_opinions: 	233938
      From worker 8:		num_both_changed: 		248165
      From worker 8:	
      From worker 7:	
      From worker 7:	starting b_1.0_c_0.2_N_40_M_4_K_3_P_2_beta_0.001_u_0.001_v_0.025_p_1.0_ϵ_1.0_gens_20000000_210214-063346.896
      From worker 8:	data processed and exported
      From worker 8:	
      From worker 8:	starting b_1.0_c_0.2_N_40_M_4_K_3_P_2_beta_0.001_u_0.001_v_0.025_p_1.0_ϵ_1.0_gens_20000000_210214-063346.896
      From worker 11:	replicate complete, ran 20000000 generations:
      From worker 11:	
      From worker 11:		num_imitating:			12500433
      From worker 11:		num_not_imitating:		7499567
      From worker 11:		num_strategies_changed:  	329799
      From worker 11:			num_random_strategies: 	12411
      From worker 11:		num_sets_changed: 		5570242
      From worker 11:			num_random_opinions: 	79050
      From worker 11:			num_biased_opinions: 	232783
      From worker 11:		num_both_changed: 		217317
      From worker 11:	
      From worker 6:	replicate complete, ran 20000000 generations:
      From worker 6:	
      From worker 6:		num_imitating:			14998029
      From worker 6:		num_not_imitating:		5001971
      From worker 6:		num_strategies_changed:  	414267
      From worker 6:			num_random_strategies: 	14992
      From worker 6:		num_sets_changed: 		564826
      From worker 6:			num_random_opinions: 	7497
      From worker 6:			num_biased_opinions: 	7577
      From worker 6:		num_both_changed: 		28834
      From worker 6:	
      From worker 2:	replicate complete, ran 20000000 generations:
      From worker 2:	
      From worker 2:		num_imitating:			14999924
      From worker 2:		num_not_imitating:		5000076
      From worker 2:		num_strategies_changed:  	411670
      From worker 2:			num_random_strategies: 	14933
      From worker 2:		num_sets_changed: 		551029
      From worker 2:			num_random_opinions: 	7398
      From worker 2:			num_biased_opinions: 	7464
      From worker 2:		num_both_changed: 		29385
      From worker 2:	
      From worker 11:	data processed and exported
      From worker 6:	data processed and exported
      From worker 11:	
      From worker 11:	starting b_1.0_c_0.2_N_40_M_4_K_3_P_2_beta_0.001_u_0.001_v_0.025_p_1.0_ϵ_1.0_gens_20000000_210214-063346.896
      From worker 4:	replicate complete, ran 20000000 generations:
      From worker 4:	
      From worker 4:		num_imitating:			15000079
      From worker 4:		num_not_imitating:		4999921
      From worker 4:		num_strategies_changed:  	394638
      From worker 4:			num_random_strategies: 	15036
      From worker 4:		num_sets_changed: 		544084
      From worker 4:			num_random_opinions: 	7443
      From worker 4:			num_biased_opinions: 	7704
      From worker 4:		num_both_changed: 		29813
      From worker 4:	
      From worker 6:	
      From worker 6:	starting b_1.0_c_0.2_N_40_M_4_K_3_P_2_beta_0.001_u_0.001_v_0.001_p_0.75_ϵ_1.0_gens_20000000_210214-063346.896
      From worker 2:	data processed and exported
      From worker 2:	
      From worker 2:	starting b_1.0_c_0.2_N_40_M_4_K_3_P_2_beta_0.001_u_0.001_v_0.001_p_0.75_ϵ_1.0_gens_20000000_210214-063346.896
      From worker 4:	data processed and exported
      From worker 4:	
      From worker 4:	starting b_1.0_c_0.2_N_40_M_4_K_3_P_2_beta_0.001_u_0.001_v_0.001_p_0.75_ϵ_1.0_gens_20000000_210214-063346.896
      From worker 10:	replicate complete, ran 20000000 generations:
      From worker 10:	
      From worker 10:		num_imitating:			12497361
      From worker 10:		num_not_imitating:		7502639
      From worker 10:		num_strategies_changed:  	334475
      From worker 10:			num_random_strategies: 	12337
      From worker 10:		num_sets_changed: 		5549367
      From worker 10:			num_random_opinions: 	77584
      From worker 10:			num_biased_opinions: 	234224
      From worker 10:		num_both_changed: 		226522
      From worker 10:	
      From worker 9:	replicate complete, ran 20000000 generations:
      From worker 9:	
      From worker 9:		num_imitating:			12500017
      From worker 9:		num_not_imitating:		7499983
      From worker 9:		num_strategies_changed:  	334666
      From worker 9:			num_random_strategies: 	12558
      From worker 9:		num_sets_changed: 		5564653
      From worker 9:			num_random_opinions: 	78190
      From worker 9:			num_biased_opinions: 	234767
      From worker 9:		num_both_changed: 		222264
      From worker 9:	
      From worker 5:	replicate complete, ran 20000000 generations:
      From worker 5:	
      From worker 5:		num_imitating:			15002863
      From worker 5:		num_not_imitating:		4997137
      From worker 5:		num_strategies_changed:  	421367
      From worker 5:			num_random_strategies: 	15391
      From worker 5:		num_sets_changed: 		572580
      From worker 5:			num_random_opinions: 	7509
      From worker 5:			num_biased_opinions: 	7579
      From worker 5:		num_both_changed: 		25648
      From worker 5:	
      From worker 10:	data processed and exported
      From worker 9:	data processed and exported
      From worker 3:	replicate complete, ran 20000000 generations:
      From worker 3:	
      From worker 3:		num_imitating:			15000766
      From worker 3:		num_not_imitating:		4999234
      From worker 3:		num_strategies_changed:  	420953
      From worker 3:			num_random_strategies: 	15002
      From worker 3:		num_sets_changed: 		561331
      From worker 3:			num_random_opinions: 	7492
      From worker 3:			num_biased_opinions: 	7516
      From worker 3:		num_both_changed: 		24647
      From worker 3:	
      From worker 10:	
      From worker 10:	starting b_1.0_c_0.2_N_40_M_4_K_3_P_2_beta_0.001_u_0.001_v_0.025_p_1.0_ϵ_1.0_gens_20000000_210214-063346.896
      From worker 5:	data processed and exported
      From worker 9:	
      From worker 9:	starting b_1.0_c_0.2_N_40_M_4_K_3_P_2_beta_0.001_u_0.001_v_0.025_p_1.0_ϵ_1.0_gens_20000000_210214-063346.896
      From worker 5:	
      From worker 5:	starting b_1.0_c_0.2_N_40_M_4_K_3_P_2_beta_0.001_u_0.001_v_0.001_p_0.75_ϵ_1.0_gens_20000000_210214-063346.896
      From worker 3:	data processed and exported
      From worker 3:	
      From worker 3:	starting b_1.0_c_0.2_N_40_M_4_K_3_P_2_beta_0.001_u_0.001_v_0.001_p_0.75_ϵ_1.0_gens_20000000_210214-063346.896
      From worker 16:	replicate complete, ran 20000000 generations:
      From worker 16:	
      From worker 16:		num_imitating:			14999102
      From worker 16:		num_not_imitating:		5000898
      From worker 16:		num_strategies_changed:  	404369
      From worker 16:			num_random_strategies: 	14887
      From worker 16:		num_sets_changed: 		11430336
      From worker 16:			num_random_opinions: 	748361
      From worker 16:			num_biased_opinions: 	750199
      From worker 16:		num_both_changed: 		367268
      From worker 16:	
      From worker 12:	replicate complete, ran 20000000 generations:
      From worker 12:	
      From worker 12:		num_imitating:			14998396
      From worker 12:		num_not_imitating:		5001604
      From worker 12:		num_strategies_changed:  	409694
      From worker 12:			num_random_strategies: 	15082
      From worker 12:		num_sets_changed: 		11438176
      From worker 12:			num_random_opinions: 	750740
      From worker 12:			num_biased_opinions: 	750542
      From worker 12:		num_both_changed: 		371427
      From worker 12:	
      From worker 16:	data processed and exported
      From worker 16:	
      From worker 16:	starting b_1.0_c_0.2_N_40_M_4_K_3_P_2_beta_0.001_u_0.001_v_0.1_p_0.75_ϵ_1.0_gens_20000000_210214-063346.896
      From worker 14:	replicate complete, ran 20000000 generations:
      From worker 14:	
      From worker 14:		num_imitating:			14999374
      From worker 14:		num_not_imitating:		5000626
      From worker 14:		num_strategies_changed:  	430660
      From worker 14:			num_random_strategies: 	14998
      From worker 14:		num_sets_changed: 		11418885
      From worker 14:			num_random_opinions: 	749340
      From worker 14:			num_biased_opinions: 	748839
      From worker 14:		num_both_changed: 		390591
      From worker 14:	
      From worker 12:	data processed and exported
      From worker 12:	
      From worker 12:	starting b_1.0_c_0.2_N_40_M_4_K_3_P_2_beta_0.001_u_0.001_v_0.1_p_0.75_ϵ_1.0_gens_20000000_210214-063346.896
      From worker 14:	data processed and exported
      From worker 14:	
      From worker 14:	starting b_1.0_c_0.2_N_40_M_4_K_3_P_2_beta_0.001_u_0.001_v_0.1_p_0.75_ϵ_1.0_gens_20000000_210214-063346.896
      From worker 13:	replicate complete, ran 20000000 generations:
      From worker 13:	
      From worker 13:		num_imitating:			15000591
      From worker 13:		num_not_imitating:		4999409
      From worker 13:		num_strategies_changed:  	416793
      From worker 13:			num_random_strategies: 	15194
      From worker 13:		num_sets_changed: 		11440038
      From worker 13:			num_random_opinions: 	751658
      From worker 13:			num_biased_opinions: 	750768
      From worker 13:		num_both_changed: 		377568
      From worker 13:	
      From worker 13:	data processed and exported
      From worker 13:	
      From worker 13:	starting b_1.0_c_0.2_N_40_M_4_K_3_P_2_beta_0.001_u_0.001_v_0.1_p_0.75_ϵ_1.0_gens_20000000_210214-063346.896
      From worker 15:	replicate complete, ran 20000000 generations:
      From worker 15:	
      From worker 15:		num_imitating:			15004319
      From worker 15:		num_not_imitating:		4995681
      From worker 15:		num_strategies_changed:  	408442
      From worker 15:			num_random_strategies: 	14972
      From worker 15:		num_sets_changed: 		11419228
      From worker 15:			num_random_opinions: 	748998
      From worker 15:			num_biased_opinions: 	749821
      From worker 15:		num_both_changed: 		370307
      From worker 15:	
      From worker 15:	data processed and exported
      From worker 15:	
      From worker 15:	starting b_1.0_c_0.2_N_40_M_4_K_3_P_2_beta_0.001_u_0.001_v_0.1_p_0.75_ϵ_1.0_gens_20000000_210214-063346.896
      From worker 6:	replicate complete, ran 20000000 generations:
      From worker 6:	
      From worker 6:		num_imitating:			12495799
      From worker 6:		num_not_imitating:		7504201
      From worker 6:		num_strategies_changed:  	357611
      From worker 6:			num_random_strategies: 	12435
      From worker 6:		num_sets_changed: 		447455
      From worker 6:			num_random_opinions: 	3081
      From worker 6:			num_biased_opinions: 	9426
      From worker 6:		num_both_changed: 		27405
      From worker 6:	
      From worker 6:	data processed and exported
      From worker 2:	replicate complete, ran 20000000 generations:
      From worker 2:	
      From worker 2:		num_imitating:			12500476
      From worker 2:		num_not_imitating:		7499524
      From worker 2:		num_strategies_changed:  	344166
      From worker 2:			num_random_strategies: 	12460
      From worker 2:		num_sets_changed: 		469879
      From worker 2:			num_random_opinions: 	3057
      From worker 2:			num_biased_opinions: 	9442
      From worker 2:		num_both_changed: 		23218
      From worker 2:	
      From worker 6:	
      From worker 6:	starting b_1.0_c_0.2_N_40_M_4_K_3_P_2_beta_0.001_u_0.001_v_0.001_p_1.0_ϵ_1.0_gens_20000000_210214-063346.896
      From worker 4:	replicate complete, ran 20000000 generations:
      From worker 4:	
      From worker 4:		num_imitating:			12499034
      From worker 4:		num_not_imitating:		7500966
      From worker 4:		num_strategies_changed:  	349722
      From worker 4:			num_random_strategies: 	12504
      From worker 4:		num_sets_changed: 		453512
      From worker 4:			num_random_opinions: 	3122
      From worker 4:			num_biased_opinions: 	9334
      From worker 4:		num_both_changed: 		22472
      From worker 4:	
      From worker 2:	data processed and exported
      From worker 2:	
      From worker 2:	starting b_1.0_c_0.2_N_40_M_4_K_3_P_2_beta_0.001_u_0.001_v_0.001_p_1.0_ϵ_1.0_gens_20000000_210214-063346.896
      From worker 4:	data processed and exported
      From worker 4:	
      From worker 4:	starting b_1.0_c_0.2_N_40_M_4_K_3_P_2_beta_0.001_u_0.001_v_0.001_p_1.0_ϵ_1.0_gens_20000000_210214-063346.896
      From worker 5:	replicate complete, ran 20000000 generations:
      From worker 5:	
      From worker 5:		num_imitating:			12498608
      From worker 5:		num_not_imitating:		7501392
      From worker 5:		num_strategies_changed:  	330681
      From worker 5:			num_random_strategies: 	12488
      From worker 5:		num_sets_changed: 		454038
      From worker 5:			num_random_opinions: 	3081
      From worker 5:			num_biased_opinions: 	9299
      From worker 5:		num_both_changed: 		20225
      From worker 5:	
      From worker 5:	data processed and exported
      From worker 3:	replicate complete, ran 20000000 generations:
      From worker 3:	
      From worker 3:		num_imitating:			12499332
      From worker 3:		num_not_imitating:		7500668
      From worker 3:		num_strategies_changed:  	374784
      From worker 3:			num_random_strategies: 	12557
      From worker 3:		num_sets_changed: 		423962
      From worker 3:			num_random_opinions: 	3110
      From worker 3:			num_biased_opinions: 	9356
      From worker 3:		num_both_changed: 		26166
      From worker 3:	
      From worker 5:	
      From worker 5:	starting b_1.0_c_0.2_N_40_M_4_K_3_P_2_beta_0.001_u_0.001_v_0.001_p_1.0_ϵ_1.0_gens_20000000_210214-063346.896
      From worker 3:	data processed and exported
      From worker 3:	
      From worker 3:	starting b_1.0_c_0.2_N_40_M_4_K_3_P_2_beta_0.001_u_0.001_v_0.001_p_1.0_ϵ_1.0_gens_20000000_210214-063346.896
      From worker 7:	replicate complete, ran 20000000 generations:
      From worker 7:	
      From worker 7:		num_imitating:			10004561
      From worker 7:		num_not_imitating:		9995439
      From worker 7:		num_strategies_changed:  	142428
      From worker 7:			num_random_strategies: 	10137
      From worker 7:		num_sets_changed: 		2529844
      From worker 7:			num_random_opinions: 	0
      From worker 7:			num_biased_opinions: 	250019
      From worker 7:		num_both_changed: 		60589
      From worker 7:	
      From worker 8:	replicate complete, ran 20000000 generations:
      From worker 8:	
      From worker 8:		num_imitating:			10000921
      From worker 8:		num_not_imitating:		9999079
      From worker 8:		num_strategies_changed:  	146671
      From worker 8:			num_random_strategies: 	9990
      From worker 8:		num_sets_changed: 		2518064
      From worker 8:			num_random_opinions: 	0
      From worker 8:			num_biased_opinions: 	250451
      From worker 8:		num_both_changed: 		60111
      From worker 8:	
      From worker 7:	data processed and exported
      From worker 8:	data processed and exported
      From worker 7:	
      From worker 7:	starting b_1.0_c_0.2_N_40_M_4_K_3_P_2_beta_0.001_u_0.001_v_0.025_p_0.0_ϵ_1.0_gens_20000000_210214-063346.896
      From worker 8:	
      From worker 8:	starting b_1.0_c_0.2_N_40_M_4_K_3_P_2_beta_0.001_u_0.001_v_0.025_p_0.0_ϵ_1.0_gens_20000000_210214-063346.896
      From worker 11:	replicate complete, ran 20000000 generations:
      From worker 11:	
      From worker 11:		num_imitating:			10001320
      From worker 11:		num_not_imitating:		9998680
      From worker 11:		num_strategies_changed:  	144208
      From worker 11:			num_random_strategies: 	9983
      From worker 11:		num_sets_changed: 		2516465
      From worker 11:			num_random_opinions: 	0
      From worker 11:			num_biased_opinions: 	249592
      From worker 11:		num_both_changed: 		59626
      From worker 11:	
      From worker 11:	data processed and exported
      From worker 11:	
      From worker 11:	starting b_1.0_c_0.2_N_40_M_4_K_3_P_2_beta_0.001_u_0.001_v_0.025_p_0.0_ϵ_1.0_gens_20000000_210214-063346.896
      From worker 9:	replicate complete, ran 20000000 generations:
      From worker 9:	
      From worker 9:		num_imitating:			9998128
      From worker 9:		num_not_imitating:		10001872
      From worker 9:		num_strategies_changed:  	142342
      From worker 9:			num_random_strategies: 	10083
      From worker 9:		num_sets_changed: 		2522887
      From worker 9:			num_random_opinions: 	0
      From worker 9:			num_biased_opinions: 	249947
      From worker 9:		num_both_changed: 		56523
      From worker 9:	
      From worker 10:	replicate complete, ran 20000000 generations:
      From worker 10:	
      From worker 10:		num_imitating:			9997895
      From worker 10:		num_not_imitating:		10002105
      From worker 10:		num_strategies_changed:  	141568
      From worker 10:			num_random_strategies: 	9904
      From worker 10:		num_sets_changed: 		2522502
      From worker 10:			num_random_opinions: 	0
      From worker 10:			num_biased_opinions: 	250315
      From worker 10:		num_both_changed: 		58100
      From worker 10:	
      From worker 9:	data processed and exported
      From worker 10:	data processed and exported
      From worker 9:	
