packages loaded
      From worker 3:	 Activating environment at `/tigress/mk28/CooperationPolarization2/Project.toml`
      From worker 4:	 Activating environment at `/tigress/mk28/CooperationPolarization2/Project.toml`
      From worker 6:	 Activating environment at `/tigress/mk28/CooperationPolarization2/Project.toml`
      From worker 2:	 Activating environment at `/tigress/mk28/CooperationPolarization2/Project.toml`
      From worker 5:	 Activating environment at `/tigress/mk28/CooperationPolarization2/Project.toml`
      From worker 12:	 Activating environment at `/tigress/mk28/CooperationPolarization2/Project.toml`
      From worker 10:	 Activating environment at `/tigress/mk28/CooperationPolarization2/Project.toml`
      From worker 9:	 Activating environment at `/tigress/mk28/CooperationPolarization2/Project.toml`
      From worker 15:	 Activating environment at `/tigress/mk28/CooperationPolarization2/Project.toml`
      From worker 13:	 Activating environment at `/tigress/mk28/CooperationPolarization2/Project.toml`
      From worker 11:	 Activating environment at `/tigress/mk28/CooperationPolarization2/Project.toml`
      From worker 14:	 Activating environment at `/tigress/mk28/CooperationPolarization2/Project.toml`
      From worker 8:	 Activating environment at `/tigress/mk28/CooperationPolarization2/Project.toml`
      From worker 7:	 Activating environment at `/tigress/mk28/CooperationPolarization2/Project.toml`
      From worker 16:	 Activating environment at `/tigress/mk28/CooperationPolarization2/Project.toml`
      From worker 13:	packages loaded
      From worker 9:	packages loaded
      From worker 2:	packages loaded
      From worker 15:	packages loaded
      From worker 7:	packages loaded
      From worker 14:	packages loaded
      From worker 16:	packages loaded
      From worker 3:	packages loaded
      From worker 12:	packages loaded
      From worker 8:	packages loaded
      From worker 10:	packages loaded
      From worker 11:	packages loaded
      From worker 5:	packages loaded
      From worker 4:	packages loaded
      From worker 6:	packages loaded
parameters defined
      From worker 2:	
      From worker 2:	starting b_1.0_c_0.2_N_40_M_1_K_1_P_2_beta_0.0_u_0.001_v_0.0022360679774997894_p_0.0_ϵ_1.0_gens_20000000_210223-225256.413
      From worker 12:	
      From worker 12:	starting b_1.0_c_0.2_N_40_M_1_K_1_P_2_beta_0.0_u_0.001_v_0.055901699437494755_p_0.0_ϵ_1.0_gens_20000000_210223-225256.413
      From worker 16:	
      From worker 16:	starting b_1.0_c_0.2_N_40_M_1_K_1_P_2_beta_0.0_u_0.001_v_0.055901699437494755_p_0.0_ϵ_1.0_gens_20000000_210223-225256.413
      From worker 7:	
      From worker 7:	starting b_1.0_c_0.2_N_40_M_1_K_1_P_2_beta_0.0_u_0.001_v_0.011180339887498947_p_0.0_ϵ_1.0_gens_20000000_210223-225256.413
      From worker 10:	
      From worker 10:	starting b_1.0_c_0.2_N_40_M_1_K_1_P_2_beta_0.0_u_0.001_v_0.011180339887498947_p_0.0_ϵ_1.0_gens_20000000_210223-225256.413
      From worker 9:	
      From worker 9:	starting b_1.0_c_0.2_N_40_M_1_K_1_P_2_beta_0.0_u_0.001_v_0.011180339887498947_p_0.0_ϵ_1.0_gens_20000000_210223-225256.413
      From worker 8:	
      From worker 8:	starting b_1.0_c_0.2_N_40_M_1_K_1_P_2_beta_0.0_u_0.001_v_0.011180339887498947_p_0.0_ϵ_1.0_gens_20000000_210223-225256.413
      From worker 13:	
      From worker 13:	starting b_1.0_c_0.2_N_40_M_1_K_1_P_2_beta_0.0_u_0.001_v_0.055901699437494755_p_0.0_ϵ_1.0_gens_20000000_210223-225256.413
      From worker 15:	
      From worker 15:	starting b_1.0_c_0.2_N_40_M_1_K_1_P_2_beta_0.0_u_0.001_v_0.055901699437494755_p_0.0_ϵ_1.0_gens_20000000_210223-225256.413
      From worker 3:	
      From worker 3:	starting b_1.0_c_0.2_N_40_M_1_K_1_P_2_beta_0.0_u_0.001_v_0.0022360679774997894_p_0.0_ϵ_1.0_gens_20000000_210223-225256.413
      From worker 11:	
      From worker 11:	starting b_1.0_c_0.2_N_40_M_1_K_1_P_2_beta_0.0_u_0.001_v_0.011180339887498947_p_0.0_ϵ_1.0_gens_20000000_210223-225256.413
      From worker 14:	
      From worker 14:	starting b_1.0_c_0.2_N_40_M_1_K_1_P_2_beta_0.0_u_0.001_v_0.055901699437494755_p_0.0_ϵ_1.0_gens_20000000_210223-225256.413
      From worker 5:	
      From worker 5:	starting b_1.0_c_0.2_N_40_M_1_K_1_P_2_beta_0.0_u_0.001_v_0.0022360679774997894_p_0.0_ϵ_1.0_gens_20000000_210223-225256.413
      From worker 6:	
      From worker 6:	starting b_1.0_c_0.2_N_40_M_1_K_1_P_2_beta_0.0_u_0.001_v_0.0022360679774997894_p_0.0_ϵ_1.0_gens_20000000_210223-225256.413
      From worker 4:	
      From worker 4:	starting b_1.0_c_0.2_N_40_M_1_K_1_P_2_beta_0.0_u_0.001_v_0.0022360679774997894_p_0.0_ϵ_1.0_gens_20000000_210223-225256.413
      From worker 5:	replicate complete, ran 20000000 generations:
      From worker 5:	
      From worker 5:		num_imitating:			20000000
      From worker 5:		num_not_imitating:		0
      From worker 5:		num_strategies_changed:  	601267
      From worker 5:			num_random_strategies: 	20106
      From worker 5:		num_sets_changed: 		816900
      From worker 5:			num_random_opinions: 	44413
      From worker 5:			num_biased_opinions: 	0
      From worker 5:		num_both_changed: 		50564
      From worker 5:	
      From worker 5:	data processed and exported
      From worker 5:	
      From worker 5:	starting b_1.0_c_0.2_N_40_M_1_K_1_P_2_beta_0.0_u_0.001_v_0.0022360679774997894_p_0.25_ϵ_1.0_gens_20000000_210223-225256.413
      From worker 3:	replicate complete, ran 20000000 generations:
      From worker 3:	
      From worker 3:		num_imitating:			20000000
      From worker 3:		num_not_imitating:		0
      From worker 3:		num_strategies_changed:  	560995
      From worker 3:			num_random_strategies: 	20076
      From worker 3:		num_sets_changed: 		793621
      From worker 3:			num_random_opinions: 	44683
      From worker 3:			num_biased_opinions: 	0
      From worker 3:		num_both_changed: 		37639
      From worker 3:	
      From worker 3:	data processed and exported
      From worker 3:	
      From worker 3:	starting b_1.0_c_0.2_N_40_M_1_K_1_P_2_beta_0.0_u_0.001_v_0.0022360679774997894_p_0.25_ϵ_1.0_gens_20000000_210223-225256.413
      From worker 6:	replicate complete, ran 20000000 generations:
      From worker 6:	
      From worker 6:		num_imitating:			20000000
      From worker 6:		num_not_imitating:		0
      From worker 6:		num_strategies_changed:  	568339
      From worker 6:			num_random_strategies: 	20261
      From worker 6:		num_sets_changed: 		832988
      From worker 6:			num_random_opinions: 	44591
      From worker 6:			num_biased_opinions: 	0
      From worker 6:		num_both_changed: 		54302
      From worker 6:	
      From worker 6:	data processed and exported
      From worker 6:	
      From worker 6:	starting b_1.0_c_0.2_N_40_M_1_K_1_P_2_beta_0.0_u_0.001_v_0.0022360679774997894_p_0.25_ϵ_1.0_gens_20000000_210223-225256.413
      From worker 4:	replicate complete, ran 20000000 generations:
      From worker 4:	
      From worker 4:		num_imitating:			20000000
      From worker 4:		num_not_imitating:		0
      From worker 4:		num_strategies_changed:  	583273
      From worker 4:			num_random_strategies: 	19888
      From worker 4:		num_sets_changed: 		841127
      From worker 4:			num_random_opinions: 	44747
      From worker 4:			num_biased_opinions: 	0
      From worker 4:		num_both_changed: 		53679
      From worker 4:	
      From worker 4:	data processed and exported
      From worker 4:	
      From worker 4:	starting b_1.0_c_0.2_N_40_M_1_K_1_P_2_beta_0.0_u_0.001_v_0.0022360679774997894_p_0.25_ϵ_1.0_gens_20000000_210223-225256.413
      From worker 2:	replicate complete, ran 20000000 generations:
      From worker 2:	
      From worker 2:		num_imitating:			20000000
      From worker 2:		num_not_imitating:		0
      From worker 2:		num_strategies_changed:  	579443
      From worker 2:			num_random_strategies: 	19895
      From worker 2:		num_sets_changed: 		833258
      From worker 2:			num_random_opinions: 	44795
      From worker 2:			num_biased_opinions: 	0
      From worker 2:		num_both_changed: 		47098
      From worker 2:	
      From worker 2:	data processed and exported
      From worker 2:	
      From worker 2:	starting b_1.0_c_0.2_N_40_M_1_K_1_P_2_beta_0.0_u_0.001_v_0.0022360679774997894_p_0.25_ϵ_1.0_gens_20000000_210223-225256.413
      From worker 8:	replicate complete, ran 20000000 generations:
      From worker 8:	
      From worker 8:		num_imitating:			20000000
      From worker 8:		num_not_imitating:		0
      From worker 8:		num_strategies_changed:  	563863
      From worker 8:			num_random_strategies: 	19830
      From worker 8:		num_sets_changed: 		3137916
      From worker 8:			num_random_opinions: 	223549
      From worker 8:			num_biased_opinions: 	0
      From worker 8:		num_both_changed: 		152136
      From worker 8:	
      From worker 8:	data processed and exported
      From worker 8:	
      From worker 8:	starting b_1.0_c_0.2_N_40_M_1_K_1_P_2_beta_0.0_u_0.001_v_0.011180339887498947_p_0.25_ϵ_1.0_gens_20000000_210223-225256.413
      From worker 7:	replicate complete, ran 20000000 generations:
      From worker 7:	
      From worker 7:		num_imitating:			20000000
      From worker 7:		num_not_imitating:		0
      From worker 7:		num_strategies_changed:  	575692
      From worker 7:			num_random_strategies: 	19831
      From worker 7:		num_sets_changed: 		3132350
      From worker 7:			num_random_opinions: 	222550
      From worker 7:			num_biased_opinions: 	0
      From worker 7:		num_both_changed: 		149833
      From worker 7:	
      From worker 7:	data processed and exported
      From worker 7:	
      From worker 7:	starting b_1.0_c_0.2_N_40_M_1_K_1_P_2_beta_0.0_u_0.001_v_0.011180339887498947_p_0.25_ϵ_1.0_gens_20000000_210223-225256.413
      From worker 9:	replicate complete, ran 20000000 generations:
      From worker 9:	
      From worker 9:		num_imitating:			20000000
      From worker 9:		num_not_imitating:		0
      From worker 9:		num_strategies_changed:  	578703
      From worker 9:			num_random_strategies: 	20032
      From worker 9:		num_sets_changed: 		3087939
      From worker 9:			num_random_opinions: 	222568
      From worker 9:			num_biased_opinions: 	0
      From worker 9:		num_both_changed: 		145389
      From worker 9:	
      From worker 10:	replicate complete, ran 20000000 generations:
      From worker 10:	
      From worker 10:		num_imitating:			20000000
      From worker 10:		num_not_imitating:		0
      From worker 10:		num_strategies_changed:  	571889
      From worker 10:			num_random_strategies: 	19769
      From worker 10:		num_sets_changed: 		3107524
      From worker 10:			num_random_opinions: 	223190
      From worker 10:			num_biased_opinions: 	0
      From worker 10:		num_both_changed: 		151633
      From worker 10:	
      From worker 9:	data processed and exported
      From worker 10:	data processed and exported
      From worker 9:	
      From worker 9:	starting b_1.0_c_0.2_N_40_M_1_K_1_P_2_beta_0.0_u_0.001_v_0.011180339887498947_p_0.25_ϵ_1.0_gens_20000000_210223-225256.413
      From worker 11:	replicate complete, ran 20000000 generations:
      From worker 11:	
      From worker 11:		num_imitating:			20000000
      From worker 11:		num_not_imitating:		0
      From worker 11:		num_strategies_changed:  	559218
      From worker 11:			num_random_strategies: 	20025
      From worker 11:		num_sets_changed: 		3090444
      From worker 11:			num_random_opinions: 	223087
      From worker 11:			num_biased_opinions: 	0
      From worker 11:		num_both_changed: 		142425
      From worker 11:	
      From worker 10:	
      From worker 10:	starting b_1.0_c_0.2_N_40_M_1_K_1_P_2_beta_0.0_u_0.001_v_0.011180339887498947_p_0.25_ϵ_1.0_gens_20000000_210223-225256.413
      From worker 11:	data processed and exported
      From worker 11:	
      From worker 11:	starting b_1.0_c_0.2_N_40_M_1_K_1_P_2_beta_0.0_u_0.001_v_0.011180339887498947_p_0.25_ϵ_1.0_gens_20000000_210223-225256.413
      From worker 14:	replicate complete, ran 20000000 generations:
      From worker 14:	
      From worker 14:		num_imitating:			20000000
      From worker 14:		num_not_imitating:		0
      From worker 14:		num_strategies_changed:  	590008
      From worker 14:			num_random_strategies: 	19808
      From worker 14:		num_sets_changed: 		7028210
      From worker 14:			num_random_opinions: 	1116635
      From worker 14:			num_biased_opinions: 	0
      From worker 14:		num_both_changed: 		270058
      From worker 14:	
      From worker 14:	data processed and exported
      From worker 14:	
      From worker 14:	starting b_1.0_c_0.2_N_40_M_1_K_1_P_2_beta_0.0_u_0.001_v_0.055901699437494755_p_0.25_ϵ_1.0_gens_20000000_210223-225256.413
      From worker 16:	replicate complete, ran 20000000 generations:
      From worker 16:	
      From worker 16:		num_imitating:			20000000
      From worker 16:		num_not_imitating:		0
      From worker 16:		num_strategies_changed:  	591268
      From worker 16:			num_random_strategies: 	20064
      From worker 16:		num_sets_changed: 		6999658
      From worker 16:			num_random_opinions: 	1118269
      From worker 16:			num_biased_opinions: 	0
      From worker 16:		num_both_changed: 		264213
      From worker 16:	
      From worker 16:	data processed and exported
      From worker 15:	replicate complete, ran 20000000 generations:
      From worker 15:	
      From worker 15:		num_imitating:			20000000
      From worker 15:		num_not_imitating:		0
      From worker 15:		num_strategies_changed:  	610030
      From worker 15:			num_random_strategies: 	19828
      From worker 15:		num_sets_changed: 		7012336
      From worker 15:			num_random_opinions: 	1118419
      From worker 15:			num_biased_opinions: 	0
      From worker 15:		num_both_changed: 		272261
      From worker 15:	
      From worker 15:	data processed and exported
      From worker 16:	
      From worker 16:	starting b_1.0_c_0.2_N_40_M_1_K_1_P_2_beta_0.0_u_0.001_v_0.055901699437494755_p_0.25_ϵ_1.0_gens_20000000_210223-225256.413
      From worker 15:	
      From worker 15:	starting b_1.0_c_0.2_N_40_M_1_K_1_P_2_beta_0.0_u_0.001_v_0.055901699437494755_p_0.25_ϵ_1.0_gens_20000000_210223-225256.413
      From worker 13:	replicate complete, ran 20000000 generations:
      From worker 13:	
      From worker 13:		num_imitating:			20000000
      From worker 13:		num_not_imitating:		0
      From worker 13:		num_strategies_changed:  	596983
      From worker 13:			num_random_strategies: 	19834
      From worker 13:		num_sets_changed: 		7028998
      From worker 13:			num_random_opinions: 	1119340
      From worker 13:			num_biased_opinions: 	0
      From worker 13:		num_both_changed: 		271183
      From worker 13:	
      From worker 13:	data processed and exported
      From worker 12:	replicate complete, ran 20000000 generations:
      From worker 12:	
      From worker 12:		num_imitating:			20000000
      From worker 12:		num_not_imitating:		0
      From worker 12:		num_strategies_changed:  	584649
      From worker 12:			num_random_strategies: 	20059
      From worker 12:		num_sets_changed: 		7018758
      From worker 12:			num_random_opinions: 	1118774
      From worker 12:			num_biased_opinions: 	0
      From worker 12:		num_both_changed: 		262079
      From worker 12:	
      From worker 13:	
      From worker 13:	starting b_1.0_c_0.2_N_40_M_1_K_1_P_2_beta_0.0_u_0.001_v_0.055901699437494755_p_0.25_ϵ_1.0_gens_20000000_210223-225256.413
      From worker 12:	data processed and exported
      From worker 12:	
      From worker 12:	starting b_1.0_c_0.2_N_40_M_1_K_1_P_2_beta_0.0_u_0.001_v_0.055901699437494755_p_0.25_ϵ_1.0_gens_20000000_210223-225256.413
      From worker 5:	replicate complete, ran 20000000 generations:
      From worker 5:	
      From worker 5:		num_imitating:			17501695
      From worker 5:		num_not_imitating:		2498305
      From worker 5:		num_strategies_changed:  	535388
      From worker 5:			num_random_strategies: 	17624
      From worker 5:		num_sets_changed: 		705284
      From worker 5:			num_random_opinions: 	29265
      From worker 5:			num_biased_opinions: 	9698
      From worker 5:		num_both_changed: 		34983
      From worker 5:	
      From worker 5:	data processed and exported
      From worker 5:	
      From worker 5:	starting b_1.0_c_0.2_N_40_M_1_K_1_P_2_beta_0.0_u_0.001_v_0.0022360679774997894_p_0.5_ϵ_1.0_gens_20000000_210223-225256.413
      From worker 3:	replicate complete, ran 20000000 generations:
      From worker 3:	
      From worker 3:		num_imitating:			17498436
      From worker 3:		num_not_imitating:		2501564
      From worker 3:		num_strategies_changed:  	501344
      From worker 3:			num_random_strategies: 	17411
      From worker 3:		num_sets_changed: 		732499
      From worker 3:			num_random_opinions: 	29348
      From worker 3:			num_biased_opinions: 	9895
      From worker 3:		num_both_changed: 		42446
      From worker 3:	
      From worker 3:	data processed and exported
      From worker 3:	
      From worker 3:	starting b_1.0_c_0.2_N_40_M_1_K_1_P_2_beta_0.0_u_0.001_v_0.0022360679774997894_p_0.5_ϵ_1.0_gens_20000000_210223-225256.413
      From worker 6:	replicate complete, ran 20000000 generations:
      From worker 6:	
      From worker 6:		num_imitating:			17498189
      From worker 6:		num_not_imitating:		2501811
      From worker 6:		num_strategies_changed:  	499880
      From worker 6:			num_random_strategies: 	17281
      From worker 6:		num_sets_changed: 		752596
      From worker 6:			num_random_opinions: 	29512
      From worker 6:			num_biased_opinions: 	9696
      From worker 6:		num_both_changed: 		43819
      From worker 6:	
      From worker 6:	data processed and exported
      From worker 6:	
      From worker 6:	starting b_1.0_c_0.2_N_40_M_1_K_1_P_2_beta_0.0_u_0.001_v_0.0022360679774997894_p_0.5_ϵ_1.0_gens_20000000_210223-225256.413
      From worker 4:	replicate complete, ran 20000000 generations:
      From worker 4:	
      From worker 4:		num_imitating:			17499886
      From worker 4:		num_not_imitating:		2500114
      From worker 4:		num_strategies_changed:  	507585
      From worker 4:			num_random_strategies: 	17160
      From worker 4:		num_sets_changed: 		707508
      From worker 4:			num_random_opinions: 	29378
      From worker 4:			num_biased_opinions: 	9708
      From worker 4:		num_both_changed: 		36556
      From worker 4:	
      From worker 4:	data processed and exported
      From worker 4:	
      From worker 4:	starting b_1.0_c_0.2_N_40_M_1_K_1_P_2_beta_0.0_u_0.001_v_0.0022360679774997894_p_0.5_ϵ_1.0_gens_20000000_210223-225256.413
      From worker 2:	replicate complete, ran 20000000 generations:
      From worker 2:	
      From worker 2:		num_imitating:			17499585
      From worker 2:		num_not_imitating:		2500415
      From worker 2:		num_strategies_changed:  	509159
      From worker 2:			num_random_strategies: 	17559
      From worker 2:		num_sets_changed: 		738982
      From worker 2:			num_random_opinions: 	29534
      From worker 2:			num_biased_opinions: 	9827
      From worker 2:		num_both_changed: 		41608
      From worker 2:	
      From worker 2:	data processed and exported
      From worker 2:	
      From worker 2:	starting b_1.0_c_0.2_N_40_M_1_K_1_P_2_beta_0.0_u_0.001_v_0.0022360679774997894_p_0.5_ϵ_1.0_gens_20000000_210223-225256.413
      From worker 8:	replicate complete, ran 20000000 generations:
      From worker 8:	
      From worker 8:		num_imitating:			17499528
      From worker 8:		num_not_imitating:		2500472
      From worker 8:		num_strategies_changed:  	485961
      From worker 8:			num_random_strategies: 	17292
      From worker 8:		num_sets_changed: 		2703749
      From worker 8:			num_random_opinions: 	146240
      From worker 8:			num_biased_opinions: 	48767
      From worker 8:		num_both_changed: 		123264
      From worker 8:	
      From worker 8:	data processed and exported
      From worker 8:	
      From worker 8:	starting b_1.0_c_0.2_N_40_M_1_K_1_P_2_beta_0.0_u_0.001_v_0.011180339887498947_p_0.5_ϵ_1.0_gens_20000000_210223-225256.413
      From worker 7:	replicate complete, ran 20000000 generations:
      From worker 7:	
      From worker 7:		num_imitating:			17500611
      From worker 7:		num_not_imitating:		2499389
      From worker 7:		num_strategies_changed:  	488694
      From worker 7:			num_random_strategies: 	17547
      From worker 7:		num_sets_changed: 		2729145
      From worker 7:			num_random_opinions: 	146942
      From worker 7:			num_biased_opinions: 	48994
      From worker 7:		num_both_changed: 		127210
      From worker 7:	
      From worker 7:	data processed and exported
      From worker 7:	
      From worker 7:	starting b_1.0_c_0.2_N_40_M_1_K_1_P_2_beta_0.0_u_0.001_v_0.011180339887498947_p_0.5_ϵ_1.0_gens_20000000_210223-225256.413
      From worker 11:	replicate complete, ran 20000000 generations:
      From worker 11:	
      From worker 11:		num_imitating:			17500160
      From worker 11:		num_not_imitating:		2499840
      From worker 11:		num_strategies_changed:  	520041
      From worker 11:			num_random_strategies: 	17492
      From worker 11:		num_sets_changed: 		2694305
      From worker 11:			num_random_opinions: 	147149
      From worker 11:			num_biased_opinions: 	49070
      From worker 11:		num_both_changed: 		124646
      From worker 11:	
      From worker 11:	data processed and exported
      From worker 10:	replicate complete, ran 20000000 generations:
      From worker 10:	
      From worker 10:		num_imitating:			17500436
      From worker 10:		num_not_imitating:		2499564
      From worker 10:		num_strategies_changed:  	523447
      From worker 10:			num_random_strategies: 	17396
      From worker 10:		num_sets_changed: 		2725242
      From worker 10:			num_random_opinions: 	146361
      From worker 10:			num_biased_opinions: 	48727
      From worker 10:		num_both_changed: 		139580
      From worker 10:	
      From worker 10:	data processed and exported
      From worker 11:	
      From worker 11:	starting b_1.0_c_0.2_N_40_M_1_K_1_P_2_beta_0.0_u_0.001_v_0.011180339887498947_p_0.5_ϵ_1.0_gens_20000000_210223-225256.413
      From worker 10:	
      From worker 10:	starting b_1.0_c_0.2_N_40_M_1_K_1_P_2_beta_0.0_u_0.001_v_0.011180339887498947_p_0.5_ϵ_1.0_gens_20000000_210223-225256.413
      From worker 9:	replicate complete, ran 20000000 generations:
      From worker 9:	
      From worker 9:		num_imitating:			17501678
      From worker 9:		num_not_imitating:		2498322
      From worker 9:		num_strategies_changed:  	516433
      From worker 9:			num_random_strategies: 	17507
      From worker 9:		num_sets_changed: 		2760185
      From worker 9:			num_random_opinions: 	147400
      From worker 9:			num_biased_opinions: 	48602
      From worker 9:		num_both_changed: 		131088
      From worker 9:	
      From worker 9:	data processed and exported
      From worker 9:	
      From worker 9:	starting b_1.0_c_0.2_N_40_M_1_K_1_P_2_beta_0.0_u_0.001_v_0.011180339887498947_p_0.5_ϵ_1.0_gens_20000000_210223-225256.413
      From worker 14:	replicate complete, ran 20000000 generations:
      From worker 14:	
      From worker 14:		num_imitating:			17497465
      From worker 14:		num_not_imitating:		2502535
      From worker 14:		num_strategies_changed:  	519136
      From worker 14:			num_random_strategies: 	17586
      From worker 14:		num_sets_changed: 		6133001
      From worker 14:			num_random_opinions: 	733466
      From worker 14:			num_biased_opinions: 	243841
      From worker 14:		num_both_changed: 		232111
      From worker 14:	
      From worker 14:	data processed and exported
      From worker 14:	
      From worker 14:	starting b_1.0_c_0.2_N_40_M_1_K_1_P_2_beta_0.0_u_0.001_v_0.055901699437494755_p_0.5_ϵ_1.0_gens_20000000_210223-225256.413
      From worker 16:	replicate complete, ran 20000000 generations:
      From worker 16:	
      From worker 16:		num_imitating:			17501703
      From worker 16:		num_not_imitating:		2498297
      From worker 16:		num_strategies_changed:  	485355
      From worker 16:			num_random_strategies: 	17515
      From worker 16:		num_sets_changed: 		6136278
      From worker 16:			num_random_opinions: 	733919
      From worker 16:			num_biased_opinions: 	244741
      From worker 16:		num_both_changed: 		221599
      From worker 16:	
      From worker 16:	data processed and exported
      From worker 16:	
      From worker 16:	starting b_1.0_c_0.2_N_40_M_1_K_1_P_2_beta_0.0_u_0.001_v_0.055901699437494755_p_0.5_ϵ_1.0_gens_20000000_210223-225256.413
      From worker 12:	replicate complete, ran 20000000 generations:
      From worker 12:	
      From worker 12:		num_imitating:			17500778
      From worker 12:		num_not_imitating:		2499222
      From worker 12:		num_strategies_changed:  	531649
      From worker 12:			num_random_strategies: 	17421
      From worker 12:		num_sets_changed: 		6093253
      From worker 12:			num_random_opinions: 	732950
      From worker 12:			num_biased_opinions: 	244719
      From worker 12:		num_both_changed: 		239969
      From worker 12:	
      From worker 12:	data processed and exported
      From worker 12:	
      From worker 12:	starting b_1.0_c_0.2_N_40_M_1_K_1_P_2_beta_0.0_u_0.001_v_0.055901699437494755_p_0.5_ϵ_1.0_gens_20000000_210223-225256.413
      From worker 15:	replicate complete, ran 20000000 generations:
      From worker 15:	
      From worker 15:		num_imitating:			17502499
      From worker 15:		num_not_imitating:		2497501
      From worker 15:		num_strategies_changed:  	482418
      From worker 15:			num_random_strategies: 	17595
      From worker 15:		num_sets_changed: 		6125114
      From worker 15:			num_random_opinions: 	733130
      From worker 15:			num_biased_opinions: 	244936
      From worker 15:		num_both_changed: 		216640
      From worker 15:	
      From worker 15:	data processed and exported
      From worker 15:	
      From worker 15:	starting b_1.0_c_0.2_N_40_M_1_K_1_P_2_beta_0.0_u_0.001_v_0.055901699437494755_p_0.5_ϵ_1.0_gens_20000000_210223-225256.413
      From worker 13:	replicate complete, ran 20000000 generations:
      From worker 13:	
      From worker 13:		num_imitating:			17498827
      From worker 13:		num_not_imitating:		2501173
      From worker 13:		num_strategies_changed:  	487995
      From worker 13:			num_random_strategies: 	17378
      From worker 13:		num_sets_changed: 		6139927
      From worker 13:			num_random_opinions: 	734530
      From worker 13:			num_biased_opinions: 	244397
      From worker 13:		num_both_changed: 		217161
      From worker 13:	
      From worker 13:	data processed and exported
      From worker 13:	
      From worker 13:	starting b_1.0_c_0.2_N_40_M_1_K_1_P_2_beta_0.0_u_0.001_v_0.055901699437494755_p_0.5_ϵ_1.0_gens_20000000_210223-225256.413
      From worker 5:	replicate complete, ran 20000000 generations:
      From worker 5:	
      From worker 5:		num_imitating:			14998846
      From worker 5:		num_not_imitating:		5001154
      From worker 5:		num_strategies_changed:  	453957
      From worker 5:			num_random_strategies: 	14925
      From worker 5:		num_sets_changed: 		612828
      From worker 5:			num_random_opinions: 	16659
      From worker 5:			num_biased_opinions: 	16992
      From worker 5:		num_both_changed: 		30159
      From worker 5:	
      From worker 5:	data processed and exported
      From worker 5:	
      From worker 5:	starting b_1.0_c_0.2_N_40_M_1_K_1_P_2_beta_0.0_u_0.001_v_0.0022360679774997894_p_0.75_ϵ_1.0_gens_20000000_210223-225256.413
      From worker 6:	replicate complete, ran 20000000 generations:
      From worker 6:	
      From worker 6:		num_imitating:			14999613
      From worker 6:		num_not_imitating:		5000387
      From worker 6:		num_strategies_changed:  	442062
      From worker 6:			num_random_strategies: 	15164
      From worker 6:		num_sets_changed: 		629848
      From worker 6:			num_random_opinions: 	16940
      From worker 6:			num_biased_opinions: 	16811
      From worker 6:		num_both_changed: 		36079
      From worker 6:	
      From worker 6:	data processed and exported
      From worker 6:	
      From worker 6:	starting b_1.0_c_0.2_N_40_M_1_K_1_P_2_beta_0.0_u_0.001_v_0.0022360679774997894_p_0.75_ϵ_1.0_gens_20000000_210223-225256.413
      From worker 4:	replicate complete, ran 20000000 generations:
      From worker 4:	
      From worker 4:		num_imitating:			15002400
      From worker 4:		num_not_imitating:		4997600
      From worker 4:		num_strategies_changed:  	440934
      From worker 4:			num_random_strategies: 	14999
      From worker 4:		num_sets_changed: 		637574
      From worker 4:			num_random_opinions: 	16964
      From worker 4:			num_biased_opinions: 	16939
      From worker 4:		num_both_changed: 		30693
      From worker 4:	
      From worker 4:	data processed and exported
      From worker 4:	
      From worker 4:	starting b_1.0_c_0.2_N_40_M_1_K_1_P_2_beta_0.0_u_0.001_v_0.0022360679774997894_p_0.75_ϵ_1.0_gens_20000000_210223-225256.413
      From worker 2:	replicate complete, ran 20000000 generations:
      From worker 2:	
      From worker 2:		num_imitating:			15003773
      From worker 2:		num_not_imitating:		4996227
      From worker 2:		num_strategies_changed:  	441577
      From worker 2:			num_random_strategies: 	15198
      From worker 2:		num_sets_changed: 		623050
      From worker 2:			num_random_opinions: 	16670
      From worker 2:			num_biased_opinions: 	16774
      From worker 2:		num_both_changed: 		39225
      From worker 2:	
      From worker 2:	data processed and exported
      From worker 2:	
      From worker 2:	starting b_1.0_c_0.2_N_40_M_1_K_1_P_2_beta_0.0_u_0.001_v_0.0022360679774997894_p_0.75_ϵ_1.0_gens_20000000_210223-225256.413
      From worker 3:	replicate complete, ran 20000000 generations:
      From worker 3:	
      From worker 3:		num_imitating:			14998801
      From worker 3:		num_not_imitating:		5001199
      From worker 3:		num_strategies_changed:  	447339
      From worker 3:			num_random_strategies: 	15055
      From worker 3:		num_sets_changed: 		619606
      From worker 3:			num_random_opinions: 	16492
      From worker 3:			num_biased_opinions: 	16635
      From worker 3:		num_both_changed: 		35506
      From worker 3:	
      From worker 3:	data processed and exported
      From worker 3:	
      From worker 3:	starting b_1.0_c_0.2_N_40_M_1_K_1_P_2_beta_0.0_u_0.001_v_0.0022360679774997894_p_0.75_ϵ_1.0_gens_20000000_210223-225256.413
      From worker 8:	replicate complete, ran 20000000 generations:
      From worker 8:	
      From worker 8:		num_imitating:			15000549
      From worker 8:		num_not_imitating:		4999451
      From worker 8:		num_strategies_changed:  	433918
      From worker 8:			num_random_strategies: 	15097
      From worker 8:		num_sets_changed: 		2299362
      From worker 8:			num_random_opinions: 	83862
      From worker 8:			num_biased_opinions: 	83557
      From worker 8:		num_both_changed: 		112996
      From worker 8:	
      From worker 8:	data processed and exported
      From worker 8:	
      From worker 8:	starting b_1.0_c_0.2_N_40_M_1_K_1_P_2_beta_0.0_u_0.001_v_0.011180339887498947_p_0.75_ϵ_1.0_gens_20000000_210223-225256.413
      From worker 7:	replicate complete, ran 20000000 generations:
      From worker 7:	
      From worker 7:		num_imitating:			14997551
      From worker 7:		num_not_imitating:		5002449
      From worker 7:		num_strategies_changed:  	430126
      From worker 7:			num_random_strategies: 	14887
      From worker 7:		num_sets_changed: 		2346258
      From worker 7:			num_random_opinions: 	83630
      From worker 7:			num_biased_opinions: 	83815
      From worker 7:		num_both_changed: 		119398
      From worker 7:	
      From worker 7:	data processed and exported
      From worker 7:	
      From worker 7:	starting b_1.0_c_0.2_N_40_M_1_K_1_P_2_beta_0.0_u_0.001_v_0.011180339887498947_p_0.75_ϵ_1.0_gens_20000000_210223-225256.413
      From worker 11:	replicate complete, ran 20000000 generations:
      From worker 11:	
      From worker 11:		num_imitating:			14999689
      From worker 11:		num_not_imitating:		5000311
      From worker 11:		num_strategies_changed:  	435674
      From worker 11:			num_random_strategies: 	15085
      From worker 11:		num_sets_changed: 		2323710
      From worker 11:			num_random_opinions: 	83917
      From worker 11:			num_biased_opinions: 	83998
      From worker 11:		num_both_changed: 		113123
      From worker 11:	
      From worker 11:	data processed and exported
      From worker 11:	
      From worker 11:	starting b_1.0_c_0.2_N_40_M_1_K_1_P_2_beta_0.0_u_0.001_v_0.011180339887498947_p_0.75_ϵ_1.0_gens_20000000_210223-225256.413
      From worker 9:	replicate complete, ran 20000000 generations:
      From worker 9:	
      From worker 9:		num_imitating:			14996481
