packages loaded
      From worker 4:	 Activating environment at `/tigress/mk28/CooperationPolarization2/Project.toml`
      From worker 6:	 Activating environment at `/tigress/mk28/CooperationPolarization2/Project.toml`
      From worker 5:	 Activating environment at `/tigress/mk28/CooperationPolarization2/Project.toml`
      From worker 3:	 Activating environment at `/tigress/mk28/CooperationPolarization2/Project.toml`
      From worker 2:	 Activating environment at `/tigress/mk28/CooperationPolarization2/Project.toml`
      From worker 11:	 Activating environment at `/tigress/mk28/CooperationPolarization2/Project.toml`
      From worker 8:	 Activating environment at `/tigress/mk28/CooperationPolarization2/Project.toml`
      From worker 9:	 Activating environment at `/tigress/mk28/CooperationPolarization2/Project.toml`
      From worker 14:	 Activating environment at `/tigress/mk28/CooperationPolarization2/Project.toml`
      From worker 15:	 Activating environment at `/tigress/mk28/CooperationPolarization2/Project.toml`
      From worker 10:	 Activating environment at `/tigress/mk28/CooperationPolarization2/Project.toml`
      From worker 12:	 Activating environment at `/tigress/mk28/CooperationPolarization2/Project.toml`
      From worker 13:	 Activating environment at `/tigress/mk28/CooperationPolarization2/Project.toml`
      From worker 7:	 Activating environment at `/tigress/mk28/CooperationPolarization2/Project.toml`
      From worker 16:	 Activating environment at `/tigress/mk28/CooperationPolarization2/Project.toml`
      From worker 9:	packages loaded
      From worker 6:	packages loaded
      From worker 14:	packages loaded
      From worker 15:	packages loaded
      From worker 11:	packages loaded
      From worker 2:	packages loaded
      From worker 4:	packages loaded
      From worker 8:	packages loaded
      From worker 13:	packages loaded
      From worker 5:	packages loaded
      From worker 7:	packages loaded
      From worker 16:	packages loaded
      From worker 3:	packages loaded
      From worker 10:	packages loaded
      From worker 12:	packages loaded
parameters defined
      From worker 4:	
      From worker 4:	starting b_1.0_c_0.2_N_40_M_3_K_3_P_2_beta_0.001_u_0.001_v_0.0022360679774997894_p_0.5_ϵ_1.0_gens_20000000_210216-232444.062
      From worker 9:	
      From worker 9:	starting b_1.0_c_0.2_N_40_M_3_K_3_P_2_beta_0.001_u_0.001_v_0.025_p_0.5_ϵ_1.0_gens_20000000_210216-232444.062
      From worker 6:	
      From worker 6:	starting b_1.0_c_0.2_N_40_M_3_K_3_P_2_beta_0.001_u_0.001_v_0.005_p_1.0_ϵ_1.0_gens_20000000_210216-232444.062
      From worker 10:	
      From worker 10:	starting b_1.0_c_0.2_N_40_M_3_K_3_P_2_beta_0.001_u_0.001_v_0.025_p_0.75_ϵ_1.0_gens_20000000_210216-232444.062
      From worker 7:	
      From worker 7:	starting b_1.0_c_0.2_N_40_M_3_K_3_P_2_beta_0.001_u_0.001_v_0.011180339887498947_p_0.0_ϵ_1.0_gens_20000000_210216-232444.062
      From worker 8:	
      From worker 8:	starting b_1.0_c_0.2_N_40_M_3_K_3_P_2_beta_0.001_u_0.001_v_0.011180339887498947_p_0.25_ϵ_1.0_gens_20000000_210216-232444.062
      From worker 14:	
      From worker 14:	starting b_1.0_c_0.2_N_40_M_3_K_3_P_2_beta_0.001_u_0.001_v_0.2795084971874737_p_0.5_ϵ_1.0_gens_20000000_210216-232444.062
      From worker 12:	
      From worker 12:	starting b_1.0_c_0.2_N_40_M_3_K_3_P_2_beta_0.001_u_0.001_v_0.125_p_0.0_ϵ_1.0_gens_20000000_210216-232444.062
      From worker 5:	
      From worker 5:	starting b_1.0_c_0.2_N_40_M_3_K_3_P_2_beta_0.001_u_0.001_v_0.0022360679774997894_p_0.75_ϵ_1.0_gens_20000000_210216-232444.062
      From worker 15:	
      From worker 15:	starting b_1.0_c_0.2_N_40_M_3_K_3_P_2_beta_0.001_u_0.001_v_0.2795084971874737_p_0.75_ϵ_1.0_gens_20000000_210216-232444.062
      From worker 11:	
      From worker 11:	starting b_1.0_c_0.2_N_40_M_3_K_3_P_2_beta_0.001_u_0.001_v_0.055901699437494755_p_1.0_ϵ_1.0_gens_20000000_210216-232444.062
      From worker 13:	
      From worker 13:	starting b_1.0_c_0.2_N_40_M_3_K_3_P_2_beta_0.001_u_0.001_v_0.125_p_0.25_ϵ_1.0_gens_20000000_210216-232444.062
      From worker 16:	
      From worker 16:	starting b_1.0_c_0.2_N_40_M_3_K_3_P_2_beta_0.001_u_0.001_v_0.625_p_1.0_ϵ_1.0_gens_20000000_210216-232444.062
      From worker 3:	
      From worker 3:	starting b_1.0_c_0.2_N_40_M_3_K_3_P_2_beta_0.001_u_0.001_v_0.001_p_0.25_ϵ_1.0_gens_20000000_210216-232444.062
      From worker 2:	
      From worker 2:	starting b_1.0_c_0.2_N_40_M_3_K_3_P_2_beta_0.001_u_0.001_v_0.001_p_0.0_ϵ_1.0_gens_20000000_210216-232444.062
      From worker 16:	replicate complete, ran 20000000 generations:
      From worker 16:	
      From worker 16:		num_imitating:			9998869
      From worker 16:		num_not_imitating:		10001131
      From worker 16:		num_strategies_changed:  	138684
      From worker 16:			num_random_strategies: 	10106
      From worker 16:		num_sets_changed: 		0
      From worker 16:			num_random_opinions: 	0
      From worker 16:			num_biased_opinions: 	6248374
      From worker 16:		num_both_changed: 		0
      From worker 16:	
      From worker 16:	data processed and exported
      From worker 16:	
      From worker 16:	starting b_1.0_c_0.2_N_40_M_3_K_3_P_2_beta_0.001_u_0.001_v_0.625_p_0.0_ϵ_1.0_gens_20000000_210216-232444.062
      From worker 11:	replicate complete, ran 20000000 generations:
      From worker 11:	
      From worker 11:		num_imitating:			10000664
      From worker 11:		num_not_imitating:		9999336
      From worker 11:		num_strategies_changed:  	146695
      From worker 11:			num_random_strategies: 	10044
      From worker 11:		num_sets_changed: 		0
      From worker 11:			num_random_opinions: 	0
      From worker 11:			num_biased_opinions: 	559318
      From worker 11:		num_both_changed: 		0
      From worker 11:	
      From worker 6:	replicate complete, ran 20000000 generations:
      From worker 6:	
      From worker 6:		num_imitating:			10001765
      From worker 6:		num_not_imitating:		9998235
      From worker 6:		num_strategies_changed:  	145520
      From worker 6:			num_random_strategies: 	9982
      From worker 6:		num_sets_changed: 		0
      From worker 6:			num_random_opinions: 	0
      From worker 6:			num_biased_opinions: 	49988
      From worker 6:		num_both_changed: 		0
      From worker 6:	
      From worker 11:	data processed and exported
      From worker 11:	
      From worker 11:	starting b_1.0_c_0.2_N_40_M_3_K_3_P_2_beta_0.001_u_0.001_v_0.055901699437494755_p_0.0_ϵ_1.0_gens_20000000_210216-232444.062
      From worker 6:	data processed and exported
      From worker 6:	
      From worker 6:	starting b_1.0_c_0.2_N_40_M_3_K_3_P_2_beta_0.001_u_0.001_v_0.005_p_0.0_ϵ_1.0_gens_20000000_210216-232444.062
      From worker 3:	replicate complete, ran 20000000 generations:
      From worker 3:	
      From worker 3:		num_imitating:			17497964
      From worker 3:		num_not_imitating:		2502036
      From worker 3:		num_strategies_changed:  	483205
      From worker 3:			num_random_strategies: 	17529
      From worker 3:		num_sets_changed: 		613363
      From worker 3:			num_random_opinions: 	13076
      From worker 3:			num_biased_opinions: 	4422
      From worker 3:		num_both_changed: 		34684
      From worker 3:	
      From worker 3:	data processed and exported
      From worker 3:	
      From worker 3:	starting b_1.0_c_0.2_N_40_M_3_K_3_P_2_beta_0.001_u_0.001_v_0.001_p_0.5_ϵ_1.0_gens_20000000_210216-232444.062
      From worker 5:	replicate complete, ran 20000000 generations:
      From worker 5:	
      From worker 5:		num_imitating:			12503574
      From worker 5:		num_not_imitating:		7496426
      From worker 5:		num_strategies_changed:  	353860
      From worker 5:			num_random_strategies: 	12469
      From worker 5:		num_sets_changed: 		742522
      From worker 5:			num_random_opinions: 	6998
      From worker 5:			num_biased_opinions: 	20879
      From worker 5:		num_both_changed: 		38617
      From worker 5:	
      From worker 5:	data processed and exported
      From worker 5:	
      From worker 5:	starting b_1.0_c_0.2_N_40_M_3_K_3_P_2_beta_0.001_u_0.001_v_0.0022360679774997894_p_1.0_ϵ_1.0_gens_20000000_210216-232444.062
      From worker 2:	replicate complete, ran 20000000 generations:
      From worker 2:	
      From worker 2:		num_imitating:			20000000
      From worker 2:		num_not_imitating:		0
      From worker 2:		num_strategies_changed:  	539439
      From worker 2:			num_random_strategies: 	20075
      From worker 2:		num_sets_changed: 		726177
      From worker 2:			num_random_opinions: 	19999
      From worker 2:			num_biased_opinions: 	0
      From worker 2:		num_both_changed: 		41567
      From worker 2:	
      From worker 2:	data processed and exported
      From worker 2:	
      From worker 2:	starting b_1.0_c_0.2_N_40_M_3_K_3_P_2_beta_0.001_u_0.001_v_0.001_p_0.25_ϵ_1.0_gens_20000000_210216-232444.062
      From worker 4:	replicate complete, ran 20000000 generations:
      From worker 4:	
      From worker 4:		num_imitating:			14998613
      From worker 4:		num_not_imitating:		5001387
      From worker 4:		num_strategies_changed:  	430887
      From worker 4:			num_random_strategies: 	14916
      From worker 4:		num_sets_changed: 		972295
      From worker 4:			num_random_opinions: 	16556
      From worker 4:			num_biased_opinions: 	16634
      From worker 4:		num_both_changed: 		55101
      From worker 4:	
      From worker 4:	data processed and exported
      From worker 4:	
      From worker 4:	starting b_1.0_c_0.2_N_40_M_3_K_3_P_2_beta_0.001_u_0.001_v_0.0022360679774997894_p_0.75_ϵ_1.0_gens_20000000_210216-232444.062
      From worker 10:	replicate complete, ran 20000000 generations:
      From worker 10:	
      From worker 10:		num_imitating:			12497792
      From worker 10:		num_not_imitating:		7502208
      From worker 10:		num_strategies_changed:  	343836
      From worker 10:			num_random_strategies: 	12367
      From worker 10:		num_sets_changed: 		4064734
      From worker 10:			num_random_opinions: 	78321
      From worker 10:			num_biased_opinions: 	234853
      From worker 10:		num_both_changed: 		163790
      From worker 10:	
      From worker 10:	data processed and exported
      From worker 10:	
      From worker 10:	starting b_1.0_c_0.2_N_40_M_3_K_3_P_2_beta_0.001_u_0.001_v_0.025_p_1.0_ϵ_1.0_gens_20000000_210216-232444.062
      From worker 8:	replicate complete, ran 20000000 generations:
      From worker 8:	
      From worker 8:		num_imitating:			17501053
      From worker 8:		num_not_imitating:		2498947
      From worker 8:		num_strategies_changed:  	509505
      From worker 8:			num_random_strategies: 	17426
      From worker 8:		num_sets_changed: 		4712933
      From worker 8:			num_random_opinions: 	146698
      From worker 8:			num_biased_opinions: 	49099
      From worker 8:		num_both_changed: 		219255
      From worker 8:	
      From worker 8:	data processed and exported
      From worker 8:	
      From worker 8:	starting b_1.0_c_0.2_N_40_M_3_K_3_P_2_beta_0.001_u_0.001_v_0.011180339887498947_p_0.5_ϵ_1.0_gens_20000000_210216-232444.062
      From worker 7:	replicate complete, ran 20000000 generations:
      From worker 7:	
      From worker 7:		num_imitating:			20000000
      From worker 7:		num_not_imitating:		0
      From worker 7:		num_strategies_changed:  	579017
      From worker 7:			num_random_strategies: 	20034
      From worker 7:		num_sets_changed: 		5418563
      From worker 7:			num_random_opinions: 	223982
      From worker 7:			num_biased_opinions: 	0
      From worker 7:		num_both_changed: 		264175
      From worker 7:	
      From worker 7:	data processed and exported
      From worker 7:	
      From worker 7:	starting b_1.0_c_0.2_N_40_M_3_K_3_P_2_beta_0.001_u_0.001_v_0.011180339887498947_p_0.25_ϵ_1.0_gens_20000000_210216-232444.062
      From worker 9:	replicate complete, ran 20000000 generations:
      From worker 9:	
      From worker 9:		num_imitating:			15000035
      From worker 9:		num_not_imitating:		4999965
      From worker 9:		num_strategies_changed:  	435499
      From worker 9:			num_random_strategies: 	15027
      From worker 9:		num_sets_changed: 		5858258
      From worker 9:			num_random_opinions: 	187457
      From worker 9:			num_biased_opinions: 	187732
      From worker 9:		num_both_changed: 		254907
      From worker 9:	
      From worker 9:	data processed and exported
      From worker 9:	
      From worker 9:	starting b_1.0_c_0.2_N_40_M_3_K_3_P_2_beta_0.001_u_0.001_v_0.025_p_0.75_ϵ_1.0_gens_20000000_210216-232444.062
      From worker 5:	replicate complete, ran 20000000 generations:
      From worker 5:	
      From worker 5:		num_imitating:			10002460
      From worker 5:		num_not_imitating:		9997540
      From worker 5:		num_strategies_changed:  	149809
      From worker 5:			num_random_strategies: 	9973
      From worker 5:		num_sets_changed: 		0
      From worker 5:			num_random_opinions: 	0
      From worker 5:			num_biased_opinions: 	22252
      From worker 5:		num_both_changed: 		0
      From worker 5:	
      From worker 5:	data processed and exported
      From worker 5:	
      From worker 5:	starting b_1.0_c_0.2_N_40_M_3_K_3_P_2_beta_0.001_u_0.001_v_0.005_p_0.0_ϵ_1.0_gens_20000000_210216-232444.062
      From worker 3:	replicate complete, ran 20000000 generations:
      From worker 3:	
      From worker 3:		num_imitating:			14998431
      From worker 3:		num_not_imitating:		5001569
      From worker 3:		num_strategies_changed:  	409500
      From worker 3:			num_random_strategies: 	14959
      From worker 3:		num_sets_changed: 		490913
      From worker 3:			num_random_opinions: 	7386
      From worker 3:			num_biased_opinions: 	7463
      From worker 3:		num_both_changed: 		25098
      From worker 3:	
      From worker 3:	data processed and exported
      From worker 3:	
      From worker 3:	starting b_1.0_c_0.2_N_40_M_3_K_3_P_2_beta_0.001_u_0.001_v_0.001_p_0.75_ϵ_1.0_gens_20000000_210216-232444.062
      From worker 2:	replicate complete, ran 20000000 generations:
      From worker 2:	
      From worker 2:		num_imitating:			17498408
      From worker 2:		num_not_imitating:		2501592
      From worker 2:		num_strategies_changed:  	450901
      From worker 2:			num_random_strategies: 	17574
      From worker 2:		num_sets_changed: 		653797
      From worker 2:			num_random_opinions: 	13312
      From worker 2:			num_biased_opinions: 	4415
      From worker 2:		num_both_changed: 		29783
      From worker 2:	
      From worker 2:	data processed and exported
      From worker 2:	
      From worker 2:	starting b_1.0_c_0.2_N_40_M_3_K_3_P_2_beta_0.001_u_0.001_v_0.001_p_0.5_ϵ_1.0_gens_20000000_210216-232444.062
      From worker 15:	replicate complete, ran 20000000 generations:
      From worker 15:	
      From worker 15:		num_imitating:			12500792
      From worker 15:		num_not_imitating:		7499208
      From worker 15:		num_strategies_changed:  	339127
      From worker 15:			num_random_strategies: 	12569
      From worker 15:		num_sets_changed: 		6873576
      From worker 15:			num_random_opinions: 	874635
      From worker 15:			num_biased_opinions: 	2622207
      From worker 15:		num_both_changed: 		204010
      From worker 15:	
      From worker 4:	replicate complete, ran 20000000 generations:
      From worker 4:	
      From worker 4:		num_imitating:			12500700
      From worker 4:		num_not_imitating:		7499300
      From worker 4:		num_strategies_changed:  	338847
      From worker 4:			num_random_strategies: 	12572
      From worker 4:		num_sets_changed: 		743916
      From worker 4:			num_random_opinions: 	6961
      From worker 4:			num_biased_opinions: 	20922
      From worker 4:		num_both_changed: 		37896
      From worker 4:	
      From worker 15:	data processed and exported
      From worker 15:	
      From worker 15:	starting b_1.0_c_0.2_N_40_M_3_K_3_P_2_beta_0.001_u_0.001_v_0.2795084971874737_p_1.0_ϵ_1.0_gens_20000000_210216-232444.062
      From worker 4:	data processed and exported
      From worker 4:	
      From worker 4:	starting b_1.0_c_0.2_N_40_M_3_K_3_P_2_beta_0.001_u_0.001_v_0.0022360679774997894_p_1.0_ϵ_1.0_gens_20000000_210216-232444.062
      From worker 6:	replicate complete, ran 20000000 generations:
      From worker 6:	
      From worker 6:		num_imitating:			20000000
      From worker 6:		num_not_imitating:		0
      From worker 6:		num_strategies_changed:  	548827
      From worker 6:			num_random_strategies: 	20218
      From worker 6:		num_sets_changed: 		3050226
      From worker 6:			num_random_opinions: 	99719
      From worker 6:			num_biased_opinions: 	0
      From worker 6:		num_both_changed: 		140663
      From worker 6:	
      From worker 6:	data processed and exported
      From worker 6:	
      From worker 6:	starting b_1.0_c_0.2_N_40_M_3_K_3_P_2_beta_0.001_u_0.001_v_0.005_p_0.25_ϵ_1.0_gens_20000000_210216-232444.062
      From worker 10:	replicate complete, ran 20000000 generations:
      From worker 10:	
      From worker 10:		num_imitating:			9999884
      From worker 10:		num_not_imitating:		10000116
      From worker 10:		num_strategies_changed:  	149537
      From worker 10:			num_random_strategies: 	9965
      From worker 10:		num_sets_changed: 		0
      From worker 10:			num_random_opinions: 	0
      From worker 10:			num_biased_opinions: 	250187
      From worker 10:		num_both_changed: 		0
      From worker 10:	
      From worker 10:	data processed and exported
      From worker 10:	
      From worker 10:	starting b_1.0_c_0.2_N_40_M_3_K_3_P_2_beta_0.001_u_0.001_v_0.055901699437494755_p_0.0_ϵ_1.0_gens_20000000_210216-232444.062
      From worker 14:	replicate complete, ran 20000000 generations:
      From worker 14:	
      From worker 14:		num_imitating:			14996784
      From worker 14:		num_not_imitating:		5003216
      From worker 14:		num_strategies_changed:  	450231
      From worker 14:			num_random_strategies: 	15112
      From worker 14:		num_sets_changed: 		10685614
      From worker 14:			num_random_opinions: 	2096043
      From worker 14:			num_biased_opinions: 	2091778
      From worker 14:		num_both_changed: 		342163
      From worker 14:	
      From worker 14:	data processed and exported
      From worker 14:	
      From worker 14:	starting b_1.0_c_0.2_N_40_M_3_K_3_P_2_beta_0.001_u_0.001_v_0.2795084971874737_p_0.75_ϵ_1.0_gens_20000000_210216-232444.062
      From worker 3:	replicate complete, ran 20000000 generations:
      From worker 3:	
      From worker 3:		num_imitating:			12496434
      From worker 3:		num_not_imitating:		7503566
      From worker 3:		num_strategies_changed:  	344297
      From worker 3:			num_random_strategies: 	12457
      From worker 3:		num_sets_changed: 		366909
      From worker 3:			num_random_opinions: 	3036
      From worker 3:			num_biased_opinions: 	9455
      From worker 3:		num_both_changed: 		21172
      From worker 3:	
      From worker 3:	data processed and exported
      From worker 3:	
      From worker 3:	starting b_1.0_c_0.2_N_40_M_3_K_3_P_2_beta_0.001_u_0.001_v_0.001_p_1.0_ϵ_1.0_gens_20000000_210216-232444.062
      From worker 15:	replicate complete, ran 20000000 generations:
      From worker 15:	
      From worker 15:		num_imitating:			9999786
      From worker 15:		num_not_imitating:		10000214
      From worker 15:		num_strategies_changed:  	153568
      From worker 15:			num_random_strategies: 	10101
      From worker 15:		num_sets_changed: 		0
      From worker 15:			num_random_opinions: 	0
      From worker 15:			num_biased_opinions: 	2796159
      From worker 15:		num_both_changed: 		0
      From worker 15:	
      From worker 15:	data processed and exported
      From worker 15:	
      From worker 15:	starting b_1.0_c_0.2_N_40_M_3_K_3_P_2_beta_0.001_u_0.001_v_0.625_p_0.0_ϵ_1.0_gens_20000000_210216-232444.062
      From worker 4:	replicate complete, ran 20000000 generations:
      From worker 4:	
      From worker 4:		num_imitating:			10000681
      From worker 4:		num_not_imitating:		9999319
      From worker 4:		num_strategies_changed:  	150303
      From worker 4:			num_random_strategies: 	10133
      From worker 4:		num_sets_changed: 		0
      From worker 4:			num_random_opinions: 	0
      From worker 4:			num_biased_opinions: 	22328
      From worker 4:		num_both_changed: 		0
      From worker 4:	
      From worker 4:	data processed and exported
      From worker 4:	
      From worker 4:	starting b_1.0_c_0.2_N_40_M_3_K_3_P_2_beta_0.001_u_0.001_v_0.0022360679774997894_p_0.0_ϵ_1.0_gens_20000000_210216-232444.062
      From worker 2:	replicate complete, ran 20000000 generations:
      From worker 2:	
      From worker 2:		num_imitating:			15000479
      From worker 2:		num_not_imitating:		4999521
      From worker 2:		num_strategies_changed:  	406321
      From worker 2:			num_random_strategies: 	14895
      From worker 2:		num_sets_changed: 		481373
      From worker 2:			num_random_opinions: 	7482
      From worker 2:			num_biased_opinions: 	7561
      From worker 2:		num_both_changed: 		29188
      From worker 2:	
      From worker 2:	data processed and exported
      From worker 2:	
      From worker 2:	starting b_1.0_c_0.2_N_40_M_3_K_3_P_2_beta_0.001_u_0.001_v_0.001_p_0.75_ϵ_1.0_gens_20000000_210216-232444.062
      From worker 13:	replicate complete, ran 20000000 generations:
      From worker 13:	
      From worker 13:		num_imitating:			17502087
      From worker 13:		num_not_imitating:		2497913
      From worker 13:		num_strategies_changed:  	479111
      From worker 13:			num_random_strategies: 	17243
      From worker 13:		num_sets_changed: 		12611759
      From worker 13:			num_random_opinions: 	1640408
      From worker 13:			num_biased_opinions: 	547154
      From worker 13:		num_both_changed: 		396538
      From worker 13:	
      From worker 13:	data processed and exported
      From worker 13:	
      From worker 13:	starting b_1.0_c_0.2_N_40_M_3_K_3_P_2_beta_0.001_u_0.001_v_0.125_p_0.5_ϵ_1.0_gens_20000000_210216-232444.062
      From worker 8:	replicate complete, ran 20000000 generations:
      From worker 8:	
      From worker 8:		num_imitating:			15001087
      From worker 8:		num_not_imitating:		4998913
      From worker 8:		num_strategies_changed:  	462010
      From worker 8:			num_random_strategies: 	14977
      From worker 8:		num_sets_changed: 		3603379
      From worker 8:			num_random_opinions: 	83569
      From worker 8:			num_biased_opinions: 	83950
      From worker 8:		num_both_changed: 		188285
      From worker 8:	
      From worker 8:	data processed and exported
      From worker 8:	
      From worker 8:	starting b_1.0_c_0.2_N_40_M_3_K_3_P_2_beta_0.001_u_0.001_v_0.011180339887498947_p_0.75_ϵ_1.0_gens_20000000_210216-232444.062
      From worker 5:	replicate complete, ran 20000000 generations:
      From worker 5:	
      From worker 5:		num_imitating:			20000000
      From worker 5:		num_not_imitating:		0
      From worker 5:		num_strategies_changed:  	577382
      From worker 5:			num_random_strategies: 	19868
      From worker 5:		num_sets_changed: 		3049843
      From worker 5:			num_random_opinions: 	100367
      From worker 5:			num_biased_opinions: 	0
      From worker 5:		num_both_changed: 		147408
      From worker 5:	
      From worker 5:	data processed and exported
      From worker 5:	
      From worker 5:	starting b_1.0_c_0.2_N_40_M_3_K_3_P_2_beta_0.001_u_0.001_v_0.005_p_0.25_ϵ_1.0_gens_20000000_210216-232444.062
      From worker 12:	replicate complete, ran 20000000 generations:
      From worker 12:	
      From worker 12:		num_imitating:			20000000
      From worker 12:		num_not_imitating:		0
      From worker 12:		num_strategies_changed:  	570687
      From worker 12:			num_random_strategies: 	20090
      From worker 12:		num_sets_changed: 		14878666
      From worker 12:			num_random_opinions: 	2500671
      From worker 12:			num_biased_opinions: 	0
      From worker 12:		num_both_changed: 		485386
      From worker 12:	
      From worker 12:	data processed and exported
      From worker 12:	
      From worker 12:	starting b_1.0_c_0.2_N_40_M_3_K_3_P_2_beta_0.001_u_0.001_v_0.125_p_0.25_ϵ_1.0_gens_20000000_210216-232444.062
      From worker 9:	replicate complete, ran 20000000 generations:
      From worker 9:	
      From worker 9:		num_imitating:			12499458
      From worker 9:		num_not_imitating:		7500542
      From worker 9:		num_strategies_changed:  	351190
      From worker 9:			num_random_strategies: 	12579
      From worker 9:		num_sets_changed: 		4112460
      From worker 9:			num_random_opinions: 	78013
      From worker 9:			num_biased_opinions: 	234242
      From worker 9:		num_both_changed: 		175041
      From worker 9:	
      From worker 9:	data processed and exported
      From worker 9:	
      From worker 9:	starting b_1.0_c_0.2_N_40_M_3_K_3_P_2_beta_0.001_u_0.001_v_0.025_p_1.0_ϵ_1.0_gens_20000000_210216-232444.062
      From worker 7:	replicate complete, ran 20000000 generations:
      From worker 7:	
      From worker 7:		num_imitating:			17499313
      From worker 7:		num_not_imitating:		2500687
      From worker 7:		num_strategies_changed:  	485075
      From worker 7:			num_random_strategies: 	17684
      From worker 7:		num_sets_changed: 		4669861
      From worker 7:			num_random_opinions: 	146687
      From worker 7:			num_biased_opinions: 	49003
      From worker 7:		num_both_changed: 		205395
      From worker 7:	
      From worker 7:	data processed and exported
      From worker 7:	
      From worker 7:	starting b_1.0_c_0.2_N_40_M_3_K_3_P_2_beta_0.001_u_0.001_v_0.011180339887498947_p_0.5_ϵ_1.0_gens_20000000_210216-232444.062
      From worker 6:	replicate complete, ran 20000000 generations:
      From worker 6:	
      From worker 6:		num_imitating:			17499044
      From worker 6:		num_not_imitating:		2500956
      From worker 6:		num_strategies_changed:  	490428
      From worker 6:			num_random_strategies: 	17409
      From worker 6:		num_sets_changed: 		2617971
      From worker 6:			num_random_opinions: 	65203
      From worker 6:			num_biased_opinions: 	21651
      From worker 6:		num_both_changed: 		135578
      From worker 6:	
      From worker 6:	data processed and exported
      From worker 6:	
      From worker 6:	starting b_1.0_c_0.2_N_40_M_3_K_3_P_2_beta_0.001_u_0.001_v_0.005_p_0.5_ϵ_1.0_gens_20000000_210216-232444.062
      From worker 3:	replicate complete, ran 20000000 generations:
      From worker 3:	
      From worker 3:		num_imitating:			9997560
      From worker 3:		num_not_imitating:		10002440
      From worker 3:		num_strategies_changed:  	147524
      From worker 3:			num_random_strategies: 	10089
      From worker 3:		num_sets_changed: 		0
      From worker 3:			num_random_opinions: 	0
      From worker 3:			num_biased_opinions: 	10046
      From worker 3:		num_both_changed: 		0
      From worker 3:	
      From worker 3:	data processed and exported
      From worker 3:	
      From worker 3:	starting b_1.0_c_0.2_N_40_M_3_K_3_P_2_beta_0.001_u_0.001_v_0.0022360679774997894_p_0.0_ϵ_1.0_gens_20000000_210216-232444.062
      From worker 11:	replicate complete, ran 20000000 generations:
      From worker 11:	
      From worker 11:		num_imitating:			20000000
      From worker 11:		num_not_imitating:		0
      From worker 11:		num_strategies_changed:  	559765
      From worker 11:			num_random_strategies: 	19863
      From worker 11:		num_sets_changed: 		12238268
      From worker 11:			num_random_opinions: 	1117726
      From worker 11:			num_biased_opinions: 	0
      From worker 11:		num_both_changed: 		439755
      From worker 11:	
      From worker 11:	data processed and exported
      From worker 11:	
      From worker 11:	starting b_1.0_c_0.2_N_40_M_3_K_3_P_2_beta_0.001_u_0.001_v_0.055901699437494755_p_0.25_ϵ_1.0_gens_20000000_210216-232444.062
      From worker 2:	replicate complete, ran 20000000 generations:
      From worker 2:	
      From worker 2:		num_imitating:			12504623
      From worker 2:		num_not_imitating:		7495377
      From worker 2:		num_strategies_changed:  	325369
      From worker 2:			num_random_strategies: 	12316
      From worker 2:		num_sets_changed: 		351077
      From worker 2:			num_random_opinions: 	3054
      From worker 2:			num_biased_opinions: 	9652
      From worker 2:		num_both_changed: 		18631
      From worker 2:	
      From worker 2:	data processed and exported
      From worker 2:	
      From worker 2:	starting b_1.0_c_0.2_N_40_M_3_K_3_P_2_beta_0.001_u_0.001_v_0.001_p_1.0_ϵ_1.0_gens_20000000_210216-232444.062
      From worker 4:	replicate complete, ran 20000000 generations:
      From worker 4:	
      From worker 4:		num_imitating:			20000000
      From worker 4:		num_not_imitating:		0
      From worker 4:		num_strategies_changed:  	543311
      From worker 4:			num_random_strategies: 	20109
      From worker 4:		num_sets_changed: 		1544194
      From worker 4:			num_random_opinions: 	44892
      From worker 4:			num_biased_opinions: 	0
      From worker 4:		num_both_changed: 		70655
      From worker 4:	
      From worker 4:	data processed and exported
      From worker 4:	
      From worker 4:	starting b_1.0_c_0.2_N_40_M_3_K_3_P_2_beta_0.001_u_0.001_v_0.0022360679774997894_p_0.25_ϵ_1.0_gens_20000000_210216-232444.062
      From worker 9:	replicate complete, ran 20000000 generations:
      From worker 9:	
      From worker 9:		num_imitating:			10000829
      From worker 9:		num_not_imitating:		9999171
      From worker 9:		num_strategies_changed:  	148461
      From worker 9:			num_random_strategies: 	10187
      From worker 9:		num_sets_changed: 		0
      From worker 9:			num_random_opinions: 	0
      From worker 9:			num_biased_opinions: 	250123
      From worker 9:		num_both_changed: 		0
      From worker 9:	
      From worker 9:	data processed and exported
      From worker 9:	
      From worker 9:	starting b_1.0_c_0.2_N_40_M_3_K_3_P_2_beta_0.001_u_0.001_v_0.025_p_0.0_ϵ_1.0_gens_20000000_210216-232444.062
      From worker 8:	replicate complete, ran 20000000 generations:
      From worker 8:	
      From worker 8:		num_imitating:			12499639
      From worker 8:		num_not_imitating:		7500361
      From worker 8:		num_strategies_changed:  	340307
      From worker 8:			num_random_strategies: 	12624
      From worker 8:		num_sets_changed: 		2518503
      From worker 8:			num_random_opinions: 	35096
      From worker 8:			num_biased_opinions: 	104462
      From worker 8:		num_both_changed: 		113135
      From worker 8:	
      From worker 8:	data processed and exported
      From worker 8:	
      From worker 8:	starting b_1.0_c_0.2_N_40_M_3_K_3_P_2_beta_0.001_u_0.001_v_0.011180339887498947_p_1.0_ϵ_1.0_gens_20000000_210216-232444.062
      From worker 5:	replicate complete, ran 20000000 generations:
      From worker 5:	
      From worker 5:		num_imitating:			17498828
      From worker 5:		num_not_imitating:		2501172
      From worker 5:		num_strategies_changed:  	456297
      From worker 5:			num_random_strategies: 	17488
      From worker 5:		num_sets_changed: 		2576337
      From worker 5:			num_random_opinions: 	65730
      From worker 5:			num_biased_opinions: 	21923
      From worker 5:		num_both_changed: 		113259
      From worker 5:	
      From worker 5:	data processed and exported
      From worker 5:	
      From worker 5:	starting b_1.0_c_0.2_N_40_M_3_K_3_P_2_beta_0.001_u_0.001_v_0.005_p_0.5_ϵ_1.0_gens_20000000_210216-232444.062
      From worker 16:	replicate complete, ran 20000000 generations:
      From worker 16:	
      From worker 16:		num_imitating:			20000000
      From worker 16:		num_not_imitating:		0
      From worker 16:		num_strategies_changed:  	548463
      From worker 16:			num_random_strategies: 	19828
      From worker 16:		num_sets_changed: 		17239657
      From worker 16:			num_random_opinions: 	12501169
      From worker 16:			num_biased_opinions: 	0
      From worker 16:		num_both_changed: 		479278
      From worker 16:	
      From worker 16:	data processed and exported
      From worker 16:	
      From worker 16:	starting b_1.0_c_0.2_N_40_M_3_K_3_P_2_beta_0.001_u_0.001_v_0.625_p_0.25_ϵ_1.0_gens_20000000_210216-232444.062
      From worker 14:	replicate complete, ran 20000000 generations:
      From worker 14:	
      From worker 14:		num_imitating:			12495223
      From worker 14:		num_not_imitating:		7504777
      From worker 14:		num_strategies_changed:  	329745
      From worker 14:			num_random_strategies: 	12533
      From worker 14:		num_sets_changed: 		6875887
      From worker 14:			num_random_opinions: 	873604
      From worker 14:			num_biased_opinions: 	2620875
      From worker 14:		num_both_changed: 		197496
      From worker 14:	
      From worker 14:	data processed and exported
      From worker 14:	
      From worker 14:	starting b_1.0_c_0.2_N_40_M_3_K_3_P_2_beta_0.001_u_0.001_v_0.2795084971874737_p_1.0_ϵ_1.0_gens_20000000_210216-232444.062
      From worker 6:	replicate complete, ran 20000000 generations:
      From worker 6:	
      From worker 6:		num_imitating:			15000962
      From worker 6:		num_not_imitating:		4999038
      From worker 6:		num_strategies_changed:  	443445
      From worker 6:			num_random_strategies: 	14975
      From worker 6:		num_sets_changed: 		1969485
      From worker 6:			num_random_opinions: 	37511
      From worker 6:			num_biased_opinions: 	37790
      From worker 6:		num_both_changed: 		114517
      From worker 6:	
      From worker 6:	data processed and exported
      From worker 6:	
      From worker 6:	starting b_1.0_c_0.2_N_40_M_3_K_3_P_2_beta_0.001_u_0.001_v_0.005_p_0.75_ϵ_1.0_gens_20000000_210216-232444.062
      From worker 2:	replicate complete, ran 20000000 generations:
      From worker 2:	
      From worker 2:		num_imitating:			10000032
      From worker 2:		num_not_imitating:		9999968
      From worker 2:		num_strategies_changed:  	149565
      From worker 2:			num_random_strategies: 	10034
      From worker 2:		num_sets_changed: 		0
      From worker 2:			num_random_opinions: 	0
      From worker 2:			num_biased_opinions: 	9882
      From worker 2:		num_both_changed: 		0
      From worker 2:	
      From worker 2:	data processed and exported
      From worker 2:	
      From worker 2:	starting b_1.0_c_0.2_N_40_M_3_K_3_P_2_beta_0.001_u_0.001_v_0.001_p_0.0_ϵ_1.0_gens_20000000_210216-232444.062
      From worker 3:	replicate complete, ran 20000000 generations:
      From worker 3:	
      From worker 3:		num_imitating:			20000000
      From worker 3:		num_not_imitating:		0
      From worker 3:		num_strategies_changed:  	547457
      From worker 3:			num_random_strategies: 	20138
      From worker 3:		num_sets_changed: 		1522927
      From worker 3:			num_random_opinions: 	45033
      From worker 3:			num_biased_opinions: 	0
      From worker 3:		num_both_changed: 		68890
      From worker 3:	
      From worker 3:	data processed and exported
      From worker 3:	
      From worker 3:	starting b_1.0_c_0.2_N_40_M_3_K_3_P_2_beta_0.001_u_0.001_v_0.0022360679774997894_p_0.25_ϵ_1.0_gens_20000000_210216-232444.062
      From worker 7:	replicate complete, ran 20000000 generations:
      From worker 7:	
      From worker 7:		num_imitating:			15001914
      From worker 7:		num_not_imitating:		4998086
      From worker 7:		num_strategies_changed:  	419471
      From worker 7:			num_random_strategies: 	15124
      From worker 7:		num_sets_changed: 		3578112
      From worker 7:			num_random_opinions: 	83726
      From worker 7:			num_biased_opinions: 	84048
      From worker 7:		num_both_changed: 		173418
      From worker 7:	
      From worker 7:	data processed and exported
      From worker 7:	
      From worker 7:	starting b_1.0_c_0.2_N_40_M_3_K_3_P_2_beta_0.001_u_0.001_v_0.011180339887498947_p_0.75_ϵ_1.0_gens_20000000_210216-232444.062
      From worker 4:	replicate complete, ran 20000000 generations:
      From worker 4:	
      From worker 4:		num_imitating:			17499353
      From worker 4:		num_not_imitating:		2500647
      From worker 4:		num_strategies_changed:  	506243
      From worker 4:			num_random_strategies: 	17552
      From worker 4:		num_sets_changed: 		1358170
      From worker 4:			num_random_opinions: 	29603
      From worker 4:			num_biased_opinions: 	9669
      From worker 4:		num_both_changed: 		77173
      From worker 4:	
      From worker 4:	data processed and exported
      From worker 4:	
      From worker 4:	starting b_1.0_c_0.2_N_40_M_3_K_3_P_2_beta_0.001_u_0.001_v_0.0022360679774997894_p_0.5_ϵ_1.0_gens_20000000_210216-232444.062
      From worker 8:	replicate complete, ran 20000000 generations:
      From worker 8:	
      From worker 8:		num_imitating:			10002528
      From worker 8:		num_not_imitating:		9997472
      From worker 8:		num_strategies_changed:  	145671
      From worker 8:			num_random_strategies: 	9867
      From worker 8:		num_sets_changed: 		0
      From worker 8:			num_random_opinions: 	0
      From worker 8:			num_biased_opinions: 	111752
      From worker 8:		num_both_changed: 		0
      From worker 8:	
      From worker 8:	data processed and exported
      From worker 8:	
      From worker 8:	starting b_1.0_c_0.2_N_40_M_3_K_3_P_2_beta_0.001_u_0.001_v_0.025_p_0.0_ϵ_1.0_gens_20000000_210216-232444.062
      From worker 10:	replicate complete, ran 20000000 generations:
      From worker 10:	
      From worker 10:		num_imitating:			20000000
      From worker 10:		num_not_imitating:		0
      From worker 10:		num_strategies_changed:  	575668
      From worker 10:			num_random_strategies: 	20153
      From worker 10:		num_sets_changed: 		12259585
      From worker 10:			num_random_opinions: 	1117844
      From worker 10:			num_biased_opinions: 	0
      From worker 10:		num_both_changed: 		453868
      From worker 10:	
      From worker 10:	data processed and exported
      From worker 10:	
      From worker 10:	starting b_1.0_c_0.2_N_40_M_3_K_3_P_2_beta_0.001_u_0.001_v_0.055901699437494755_p_0.25_ϵ_1.0_gens_20000000_210216-232444.062
      From worker 13:	replicate complete, ran 20000000 generations:
      From worker 13:	
      From worker 13:		num_imitating:			15000771
      From worker 13:		num_not_imitating:		4999229
      From worker 13:		num_strategies_changed:  	392188
      From worker 13:			num_random_strategies: 	15119
      From worker 13:		num_sets_changed: 		9798552
      From worker 13:			num_random_opinions: 	937936
      From worker 13:			num_biased_opinions: 	938588
      From worker 13:		num_both_changed: 		295192
      From worker 13:	
      From worker 13:	data processed and exported
      From worker 13:	
      From worker 13:	starting b_1.0_c_0.2_N_40_M_3_K_3_P_2_beta_0.001_u_0.001_v_0.125_p_0.75_ϵ_1.0_gens_20000000_210216-232444.062
      From worker 14:	replicate complete, ran 20000000 generations:
      From worker 14:	
      From worker 14:		num_imitating:			10003019
      From worker 14:		num_not_imitating:		9996981
      From worker 14:		num_strategies_changed:  	151919
      From worker 14:			num_random_strategies: 	9927
      From worker 14:		num_sets_changed: 		0
      From worker 14:			num_random_opinions: 	0
      From worker 14:			num_biased_opinions: 	2796905
      From worker 14:		num_both_changed: 		0
      From worker 14:	
      From worker 14:	data processed and exported
      From worker 14:	
      From worker 14:	starting b_1.0_c_0.2_N_40_M_3_K_3_P_2_beta_0.001_u_0.001_v_0.2795084971874737_p_0.0_ϵ_1.0_gens_20000000_210216-232444.062
      From worker 2:	replicate complete, ran 20000000 generations:
      From worker 2:	
      From worker 2:		num_imitating:			20000000
      From worker 2:		num_not_imitating:		0
      From worker 2:		num_strategies_changed:  	547841
      From worker 2:			num_random_strategies: 	19791
      From worker 2:		num_sets_changed: 		742102
      From worker 2:			num_random_opinions: 	20072
      From worker 2:			num_biased_opinions: 	0
      From worker 2:		num_both_changed: 		41191
      From worker 2:	
      From worker 2:	data processed and exported
      From worker 5:	replicate complete, ran 20000000 generations:
      From worker 5:	
      From worker 5:		num_imitating:			14997389
      From worker 5:		num_not_imitating:		5002611
      From worker 5:		num_strategies_changed:  	422136
      From worker 5:			num_random_strategies: 	14959
      From worker 5:		num_sets_changed: 		2092713
      From worker 5:			num_random_opinions: 	37493
      From worker 5:			num_biased_opinions: 	37714
      From worker 5:		num_both_changed: 		111446
      From worker 5:	
      From worker 5:	data processed and exported
      From worker 5:	
      From worker 5:	starting b_1.0_c_0.2_N_40_M_3_K_3_P_2_beta_0.001_u_0.001_v_0.005_p_0.75_ϵ_1.0_gens_20000000_210216-232444.062
      From worker 6:	replicate complete, ran 20000000 generations:
      From worker 6:	
      From worker 6:		num_imitating:			12500814
      From worker 6:		num_not_imitating:		7499186
      From worker 6:		num_strategies_changed:  	342688
      From worker 6:			num_random_strategies: 	12521
      From worker 6:		num_sets_changed: 		1422723
      From worker 6:			num_random_opinions: 	15598
      From worker 6:			num_biased_opinions: 	46786
      From worker 6:		num_both_changed: 		61480
      From worker 6:	
      From worker 6:	data processed and exported
      From worker 6:	
      From worker 6:	starting b_1.0_c_0.2_N_40_M_3_K_3_P_2_beta_0.001_u_0.001_v_0.005_p_1.0_ϵ_1.0_gens_20000000_210216-232444.062
      From worker 3:	replicate complete, ran 20000000 generations:
      From worker 3:	
      From worker 3:		num_imitating:			17501403
      From worker 3:		num_not_imitating:		2498597
      From worker 3:		num_strategies_changed:  	489155
      From worker 3:			num_random_strategies: 	17729
      From worker 3:		num_sets_changed: 		1286039
      From worker 3:			num_random_opinions: 	29250
      From worker 3:			num_biased_opinions: 	9789
      From worker 3:		num_both_changed: 		71112
      From worker 3:	
      From worker 3:	data processed and exported
      From worker 4:	replicate complete, ran 20000000 generations:
      From worker 4:	
      From worker 4:		num_imitating:			15002268
      From worker 4:		num_not_imitating:		4997732
      From worker 4:		num_strategies_changed:  	438303
      From worker 4:			num_random_strategies: 	15225
      From worker 4:		num_sets_changed: 		1033956
      From worker 4:			num_random_opinions: 	16684
      From worker 4:			num_biased_opinions: 	16620
      From worker 4:		num_both_changed: 		59261
      From worker 4:	
      From worker 4:	data processed and exported
      From worker 7:	replicate complete, ran 20000000 generations:
      From worker 7:	
      From worker 7:		num_imitating:			12499983
      From worker 7:		num_not_imitating:		7500017
      From worker 7:		num_strategies_changed:  	354610
      From worker 7:			num_random_strategies: 	12340
      From worker 7:		num_sets_changed: 		2649160
      From worker 7:			num_random_opinions: 	34875
      From worker 7:			num_biased_opinions: 	104636
      From worker 7:		num_both_changed: 		126359
      From worker 7:	
      From worker 7:	data processed and exported
      From worker 7:	
      From worker 7:	starting b_1.0_c_0.2_N_40_M_3_K_3_P_2_beta_0.001_u_0.001_v_0.011180339887498947_p_1.0_ϵ_1.0_gens_20000000_210216-232444.062
      From worker 12:	replicate complete, ran 20000000 generations:
      From worker 12:	
      From worker 12:		num_imitating:			17501163
      From worker 12:		num_not_imitating:		2498837
      From worker 12:		num_strategies_changed:  	491228
      From worker 12:			num_random_strategies: 	17571
      From worker 12:		num_sets_changed: 		12619296
      From worker 12:			num_random_opinions: 	1640635
      From worker 12:			num_biased_opinions: 	546093
      From worker 12:		num_both_changed: 		408087
      From worker 12:	
      From worker 12:	data processed and exported
      From worker 12:	
      From worker 12:	starting b_1.0_c_0.2_N_40_M_3_K_3_P_2_beta_0.001_u_0.001_v_0.125_p_0.5_ϵ_1.0_gens_20000000_210216-232444.062
      From worker 11:	replicate complete, ran 20000000 generations:
      From worker 11:	
      From worker 11:		num_imitating:			17496457
      From worker 11:		num_not_imitating:		2503543
      From worker 11:		num_strategies_changed:  	515023
      From worker 11:			num_random_strategies: 	17508
      From worker 11:		num_sets_changed: 		10385024
      From worker 11:			num_random_opinions: 	733065
      From worker 11:			num_biased_opinions: 	244347
      From worker 11:		num_both_changed: 		397696
      From worker 11:	
      From worker 11:	data processed and exported
      From worker 11:	
      From worker 11:	starting b_1.0_c_0.2_N_40_M_3_K_3_P_2_beta_0.001_u_0.001_v_0.055901699437494755_p_0.5_ϵ_1.0_gens_20000000_210216-232444.062
      From worker 9:	replicate complete, ran 20000000 generations:
      From worker 9:	
      From worker 9:		num_imitating:			20000000
      From worker 9:		num_not_imitating:		0
      From worker 9:		num_strategies_changed:  	564651
      From worker 9:			num_random_strategies: 	20156
      From worker 9:		num_sets_changed: 		8745121
      From worker 9:			num_random_opinions: 	498678
      From worker 9:			num_biased_opinions: 	0
      From worker 9:		num_both_changed: 		358860
      From worker 9:	
      From worker 9:	data processed and exported
      From worker 9:	
      From worker 9:	starting b_1.0_c_0.2_N_40_M_3_K_3_P_2_beta_0.001_u_0.001_v_0.025_p_0.25_ϵ_1.0_gens_20000000_210216-232444.062
      From worker 15:	replicate complete, ran 20000000 generations:
      From worker 15:	
      From worker 15:		num_imitating:			20000000
      From worker 15:		num_not_imitating:		0
      From worker 15:		num_strategies_changed:  	552264
      From worker 15:			num_random_strategies: 	20106
      From worker 15:		num_sets_changed: 		17240378
      From worker 15:			num_random_opinions: 	12501555
      From worker 15:			num_biased_opinions: 	0
      From worker 15:		num_both_changed: 		483034
      From worker 15:	
      From worker 6:	replicate complete, ran 20000000 generations:
      From worker 6:	
      From worker 6:		num_imitating:			9997919
      From worker 6:		num_not_imitating:		10002081
      From worker 6:		num_strategies_changed:  	141539
      From worker 6:			num_random_strategies: 	9840
      From worker 6:		num_sets_changed: 		0
      From worker 6:			num_random_opinions: 	0
      From worker 6:			num_biased_opinions: 	49837
      From worker 6:		num_both_changed: 		0
      From worker 6:	
      From worker 15:	data processed and exported
      From worker 15:	
      From worker 15:	starting b_1.0_c_0.2_N_40_M_3_K_3_P_2_beta_0.001_u_0.001_v_0.625_p_0.25_ϵ_1.0_gens_20000000_210216-232444.062
      From worker 6:	data processed and exported
      From worker 5:	replicate complete, ran 20000000 generations:
      From worker 5:	
      From worker 5:		num_imitating:			12501513
      From worker 5:		num_not_imitating:		7498487
      From worker 5:		num_strategies_changed:  	354745
      From worker 5:			num_random_strategies: 	12287
      From worker 5:		num_sets_changed: 		1353526
      From worker 5:			num_random_opinions: 	15397
      From worker 5:			num_biased_opinions: 	47009
      From worker 5:		num_both_changed: 		76503
      From worker 5:	
      From worker 5:	data processed and exported
      From worker 7:	replicate complete, ran 20000000 generations:
      From worker 7:	
      From worker 7:		num_imitating:			10000139
      From worker 7:		num_not_imitating:		9999861
      From worker 7:		num_strategies_changed:  	142927
      From worker 7:			num_random_strategies: 	9995
      From worker 7:		num_sets_changed: 		0
      From worker 7:			num_random_opinions: 	0
      From worker 7:			num_biased_opinions: 	111362
      From worker 7:		num_both_changed: 		0
      From worker 7:	
      From worker 7:	data processed and exported
      From worker 7:	
      From worker 7:	starting b_1.0_c_0.2_N_40_M_3_K_3_P_2_beta_0.001_u_0.001_v_0.011180339887498947_p_0.0_ϵ_1.0_gens_20000000_210216-232444.062
      From worker 13:	replicate complete, ran 20000000 generations:
      From worker 13:	
      From worker 13:		num_imitating:			12501953
      From worker 13:		num_not_imitating:		7498047
      From worker 13:		num_strategies_changed:  	349072
      From worker 13:			num_random_strategies: 	12532
      From worker 13:		num_sets_changed: 		6707437
      From worker 13:			num_random_opinions: 	390264
      From worker 13:			num_biased_opinions: 	1171102
      From worker 13:		num_both_changed: 		220935
      From worker 13:	
      From worker 13:	data processed and exported
      From worker 13:	
      From worker 13:	starting b_1.0_c_0.2_N_40_M_3_K_3_P_2_beta_0.001_u_0.001_v_0.125_p_1.0_ϵ_1.0_gens_20000000_210216-232444.062
      From worker 8:	replicate complete, ran 20000000 generations:
      From worker 8:	
      From worker 8:		num_imitating:			20000000
      From worker 8:		num_not_imitating:		0
      From worker 8:		num_strategies_changed:  	556507
      From worker 8:			num_random_strategies: 	20126
      From worker 8:		num_sets_changed: 		8818494
      From worker 8:			num_random_opinions: 	499933
      From worker 8:			num_biased_opinions: 	0
      From worker 8:		num_both_changed: 		355538
      From worker 8:	
      From worker 8:	data processed and exported
      From worker 8:	
      From worker 8:	starting b_1.0_c_0.2_N_40_M_3_K_3_P_2_beta_0.001_u_0.001_v_0.025_p_0.25_ϵ_1.0_gens_20000000_210216-232444.062
      From worker 10:	replicate complete, ran 20000000 generations:
      From worker 10:	
      From worker 10:		num_imitating:			17500666
      From worker 10:		num_not_imitating:		2499334
      From worker 10:		num_strategies_changed:  	504103
      From worker 10:			num_random_strategies: 	17682
      From worker 10:		num_sets_changed: 		10394136
      From worker 10:			num_random_opinions: 	734888
      From worker 10:			num_biased_opinions: 	245034
      From worker 10:		num_both_changed: 		386982
      From worker 10:	
      From worker 10:	data processed and exported
      From worker 10:	
      From worker 10:	starting b_1.0_c_0.2_N_40_M_3_K_3_P_2_beta_0.001_u_0.001_v_0.055901699437494755_p_0.5_ϵ_1.0_gens_20000000_210216-232444.062
      From worker 16:	replicate complete, ran 20000000 generations:
      From worker 16:	
      From worker 16:		num_imitating:			17499834
      From worker 16:		num_not_imitating:		2500166
      From worker 16:		num_strategies_changed:  	486682
      From worker 16:			num_random_strategies: 	17583
      From worker 16:		num_sets_changed: 		14425635
      From worker 16:			num_random_opinions: 	8202276
      From worker 16:			num_biased_opinions: 	2737173
      From worker 16:		num_both_changed: 		407576
      From worker 16:	
      From worker 16:	data processed and exported
      From worker 16:	
      From worker 16:	starting b_1.0_c_0.2_N_40_M_3_K_3_P_2_beta_0.001_u_0.001_v_0.625_p_0.5_ϵ_1.0_gens_20000000_210216-232444.062
      From worker 13:	replicate complete, ran 20000000 generations:
      From worker 13:	
      From worker 13:		num_imitating:			9999088
      From worker 13:		num_not_imitating:		10000912
      From worker 13:		num_strategies_changed:  	155740
      From worker 13:			num_random_strategies: 	10234
      From worker 13:		num_sets_changed: 		0
      From worker 13:			num_random_opinions: 	0
      From worker 13:			num_biased_opinions: 	1250271
      From worker 13:		num_both_changed: 		0
      From worker 13:	
      From worker 13:	data processed and exported
      From worker 13:	
      From worker 13:	starting b_1.0_c_0.2_N_40_M_3_K_3_P_2_beta_0.001_u_0.001_v_0.2795084971874737_p_0.0_ϵ_1.0_gens_20000000_210216-232444.062
      From worker 11:	replicate complete, ran 20000000 generations:
      From worker 11:	
      From worker 11:		num_imitating:			15002052
      From worker 11:		num_not_imitating:		4997948
      From worker 11:		num_strategies_changed:  	420403
      From worker 11:			num_random_strategies: 	15322
      From worker 11:		num_sets_changed: 		8128019
      From worker 11:			num_random_opinions: 	419424
      From worker 11:			num_biased_opinions: 	418949
      From worker 11:		num_both_changed: 		295763
      From worker 11:	
      From worker 11:	data processed and exported
      From worker 11:	
      From worker 11:	starting b_1.0_c_0.2_N_40_M_3_K_3_P_2_beta_0.001_u_0.001_v_0.055901699437494755_p_0.75_ϵ_1.0_gens_20000000_210216-232444.062
      From worker 9:	replicate complete, ran 20000000 generations:
      From worker 9:	
      From worker 9:		num_imitating:			17501540
      From worker 9:		num_not_imitating:		2498460
      From worker 9:		num_strategies_changed:  	513682
      From worker 9:			num_random_strategies: 	17673
      From worker 9:		num_sets_changed: 		7538192
      From worker 9:			num_random_opinions: 	328651
      From worker 9:			num_biased_opinions: 	109857
      From worker 9:		num_both_changed: 		328629
      From worker 9:	
      From worker 9:	data processed and exported
      From worker 9:	
      From worker 9:	starting b_1.0_c_0.2_N_40_M_3_K_3_P_2_beta_0.001_u_0.001_v_0.025_p_0.5_ϵ_1.0_gens_20000000_210216-232444.062
      From worker 12:	replicate complete, ran 20000000 generations:
      From worker 12:	
      From worker 12:		num_imitating:			14998187
      From worker 12:		num_not_imitating:		5001813
      From worker 12:		num_strategies_changed:  	407537
      From worker 12:			num_random_strategies: 	14949
      From worker 12:		num_sets_changed: 		9819329
      From worker 12:			num_random_opinions: 	937721
      From worker 12:			num_biased_opinions: 	936951
      From worker 12:		num_both_changed: 		308054
      From worker 12:	
      From worker 7:	replicate complete, ran 20000000 generations:
      From worker 7:	
      From worker 7:		num_imitating:			20000000
      From worker 7:		num_not_imitating:		0
      From worker 7:		num_strategies_changed:  	551555
      From worker 7:			num_random_strategies: 	19752
      From worker 7:		num_sets_changed: 		5478467
      From worker 7:			num_random_opinions: 	223610
      From worker 7:			num_biased_opinions: 	0
      From worker 7:		num_both_changed: 		244731
      From worker 7:	
      From worker 12:	data processed and exported
      From worker 12:	
      From worker 12:	starting b_1.0_c_0.2_N_40_M_3_K_3_P_2_beta_0.001_u_0.001_v_0.125_p_0.75_ϵ_1.0_gens_20000000_210216-232444.062
      From worker 7:	data processed and exported
      From worker 14:	replicate complete, ran 20000000 generations:
      From worker 14:	
      From worker 14:		num_imitating:			20000000
      From worker 14:		num_not_imitating:		0
      From worker 14:		num_strategies_changed:  	544835
      From worker 14:			num_random_strategies: 	19898
      From worker 14:		num_sets_changed: 		16442278
      From worker 14:			num_random_opinions: 	5586797
      From worker 14:			num_biased_opinions: 	0
      From worker 14:		num_both_changed: 		474706
      From worker 14:	
      From worker 14:	data processed and exported
      From worker 14:	
      From worker 14:	starting b_1.0_c_0.2_N_40_M_3_K_3_P_2_beta_0.001_u_0.001_v_0.2795084971874737_p_0.25_ϵ_1.0_gens_20000000_210216-232444.062
      From worker 8:	replicate complete, ran 20000000 generations:
      From worker 8:	
      From worker 8:		num_imitating:			17500659
      From worker 8:		num_not_imitating:		2499341
      From worker 8:		num_strategies_changed:  	493837
      From worker 8:			num_random_strategies: 	17389
      From worker 8:		num_sets_changed: 		7485676
      From worker 8:			num_random_opinions: 	327655
      From worker 8:			num_biased_opinions: 	109174
      From worker 8:		num_both_changed: 		302882
      From worker 8:	
      From worker 8:	data processed and exported
      From worker 15:	replicate complete, ran 20000000 generations:
      From worker 15:	
      From worker 15:		num_imitating:			17499946
      From worker 15:		num_not_imitating:		2500054
      From worker 15:		num_strategies_changed:  	509537
      From worker 15:			num_random_strategies: 	17466
      From worker 15:		num_sets_changed: 		14423805
      From worker 15:			num_random_opinions: 	8203797
      From worker 15:			num_biased_opinions: 	2735884
      From worker 15:		num_both_changed: 		426692
      From worker 15:	
      From worker 15:	data processed and exported
      From worker 15:	
      From worker 15:	starting b_1.0_c_0.2_N_40_M_3_K_3_P_2_beta_0.001_u_0.001_v_0.625_p_0.5_ϵ_1.0_gens_20000000_210216-232444.062
      From worker 10:	replicate complete, ran 20000000 generations:
      From worker 10:	
      From worker 10:		num_imitating:			14997427
      From worker 10:		num_not_imitating:		5002573
      From worker 10:		num_strategies_changed:  	425395
      From worker 10:			num_random_strategies: 	15056
      From worker 10:		num_sets_changed: 		8140014
      From worker 10:			num_random_opinions: 	418600
      From worker 10:			num_biased_opinions: 	419765
      From worker 10:		num_both_changed: 		300578
      From worker 10:	
      From worker 10:	data processed and exported
      From worker 10:	
      From worker 10:	starting b_1.0_c_0.2_N_40_M_3_K_3_P_2_beta_0.001_u_0.001_v_0.055901699437494755_p_0.75_ϵ_1.0_gens_20000000_210216-232444.062
      From worker 11:	replicate complete, ran 20000000 generations:
      From worker 11:	
      From worker 11:		num_imitating:			12501999
      From worker 11:		num_not_imitating:		7498001
      From worker 11:		num_strategies_changed:  	339358
      From worker 11:			num_random_strategies: 	12535
      From worker 11:		num_sets_changed: 		5638065
      From worker 11:			num_random_opinions: 	174312
      From worker 11:			num_biased_opinions: 	524125
      From worker 11:		num_both_changed: 		203103
      From worker 11:	
      From worker 11:	data processed and exported
      From worker 11:	
      From worker 11:	starting b_1.0_c_0.2_N_40_M_3_K_3_P_2_beta_0.001_u_0.001_v_0.055901699437494755_p_1.0_ϵ_1.0_gens_20000000_210216-232444.062
      From worker 9:	replicate complete, ran 20000000 generations:
      From worker 9:	
      From worker 9:		num_imitating:			14999424
      From worker 9:		num_not_imitating:		5000576
      From worker 9:		num_strategies_changed:  	439087
      From worker 9:			num_random_strategies: 	14981
      From worker 9:		num_sets_changed: 		5836858
      From worker 9:			num_random_opinions: 	187659
      From worker 9:			num_biased_opinions: 	187234
      From worker 9:		num_both_changed: 		253279
      From worker 9:	
      From worker 9:	data processed and exported
      From worker 16:	replicate complete, ran 20000000 generations:
      From worker 16:	
      From worker 16:		num_imitating:			14997462
      From worker 16:		num_not_imitating:		5002538
      From worker 16:		num_strategies_changed:  	445012
      From worker 16:			num_random_strategies: 	14971
      From worker 16:		num_sets_changed: 		10564417
      From worker 16:			num_random_opinions: 	4686134
      From worker 16:			num_biased_opinions: 	4685312
      From worker 16:		num_both_changed: 		319359
      From worker 16:	
      From worker 16:	data processed and exported
      From worker 16:	
      From worker 16:	starting b_1.0_c_0.2_N_40_M_3_K_3_P_2_beta_0.001_u_0.001_v_0.625_p_0.75_ϵ_1.0_gens_20000000_210216-232444.062
      From worker 12:	replicate complete, ran 20000000 generations:
      From worker 12:	
      From worker 12:		num_imitating:			12496880
      From worker 12:		num_not_imitating:		7503120
      From worker 12:		num_strategies_changed:  	334343
      From worker 12:			num_random_strategies: 	12320
      From worker 12:		num_sets_changed: 		6696725
      From worker 12:			num_random_opinions: 	390838
      From worker 12:			num_biased_opinions: 	1170484
      From worker 12:		num_both_changed: 		211164
      From worker 12:	
      From worker 12:	data processed and exported
      From worker 12:	
      From worker 12:	starting b_1.0_c_0.2_N_40_M_3_K_3_P_2_beta_0.001_u_0.001_v_0.125_p_1.0_ϵ_1.0_gens_20000000_210216-232444.062
      From worker 11:	replicate complete, ran 20000000 generations:
      From worker 11:	
      From worker 11:		num_imitating:			10001100
      From worker 11:		num_not_imitating:		9998900
      From worker 11:		num_strategies_changed:  	142224
      From worker 11:			num_random_strategies: 	10202
      From worker 11:		num_sets_changed: 		0
      From worker 11:			num_random_opinions: 	0
      From worker 11:			num_biased_opinions: 	560137
      From worker 11:		num_both_changed: 		0
      From worker 11:	
      From worker 11:	data processed and exported
      From worker 12:	replicate complete, ran 20000000 generations:
      From worker 12:	
      From worker 12:		num_imitating:			9999615
      From worker 12:		num_not_imitating:		10000385
      From worker 12:		num_strategies_changed:  	153280
      From worker 12:			num_random_strategies: 	10099
      From worker 12:		num_sets_changed: 		0
      From worker 12:			num_random_opinions: 	0
      From worker 12:			num_biased_opinions: 	1251427
      From worker 12:		num_both_changed: 		0
      From worker 12:	
      From worker 12:	data processed and exported
      From worker 12:	
      From worker 12:	starting b_1.0_c_0.2_N_40_M_3_K_3_P_2_beta_0.001_u_0.001_v_0.125_p_0.0_ϵ_1.0_gens_20000000_210216-232444.062
      From worker 10:	replicate complete, ran 20000000 generations:
      From worker 10:	
      From worker 10:		num_imitating:			12497683
      From worker 10:		num_not_imitating:		7502317
      From worker 10:		num_strategies_changed:  	347454
      From worker 10:			num_random_strategies: 	12487
      From worker 10:		num_sets_changed: 		5662026
      From worker 10:			num_random_opinions: 	174989
      From worker 10:			num_biased_opinions: 	523717
      From worker 10:		num_both_changed: 		206391
      From worker 10:	
      From worker 10:	data processed and exported
      From worker 13:	replicate complete, ran 20000000 generations:
      From worker 13:	
      From worker 13:		num_imitating:			20000000
      From worker 13:		num_not_imitating:		0
      From worker 13:		num_strategies_changed:  	566674
      From worker 13:			num_random_strategies: 	20278
      From worker 13:		num_sets_changed: 		16445374
      From worker 13:			num_random_opinions: 	5591523
      From worker 13:			num_biased_opinions: 	0
      From worker 13:		num_both_changed: 		493302
      From worker 13:	
      From worker 13:	data processed and exported
      From worker 13:	
      From worker 13:	starting b_1.0_c_0.2_N_40_M_3_K_3_P_2_beta_0.001_u_0.001_v_0.2795084971874737_p_0.25_ϵ_1.0_gens_20000000_210216-232444.062
      From worker 16:	replicate complete, ran 20000000 generations:
      From worker 16:	
      From worker 16:		num_imitating:			12502334
      From worker 16:		num_not_imitating:		7497666
      From worker 16:		num_strategies_changed:  	333402
      From worker 16:			num_random_strategies: 	12402
      From worker 16:		num_sets_changed: 		5878580
      From worker 16:			num_random_opinions: 	1952128
      From worker 16:			num_biased_opinions: 	5863932
      From worker 16:		num_both_changed: 		162225
      From worker 16:	
      From worker 16:	data processed and exported
      From worker 16:	
      From worker 16:	starting b_1.0_c_0.2_N_40_M_3_K_3_P_2_beta_0.001_u_0.001_v_0.625_p_1.0_ϵ_1.0_gens_20000000_210216-232444.062
      From worker 14:	replicate complete, ran 20000000 generations:
      From worker 14:	
      From worker 14:		num_imitating:			17499530
      From worker 14:		num_not_imitating:		2500470
      From worker 14:		num_strategies_changed:  	490916
      From worker 14:			num_random_strategies: 	17678
      From worker 14:		num_sets_changed: 		13908271
      From worker 14:			num_random_opinions: 	3661231
      From worker 14:			num_biased_opinions: 	1223081
      From worker 14:		num_both_changed: 		414180
      From worker 14:	
      From worker 14:	data processed and exported
      From worker 14:	
      From worker 14:	starting b_1.0_c_0.2_N_40_M_3_K_3_P_2_beta_0.001_u_0.001_v_0.2795084971874737_p_0.5_ϵ_1.0_gens_20000000_210216-232444.062
      From worker 15:	replicate complete, ran 20000000 generations:
      From worker 15:	
      From worker 15:		num_imitating:			15001659
      From worker 15:		num_not_imitating:		4998341
      From worker 15:		num_strategies_changed:  	419789
      From worker 15:			num_random_strategies: 	15148
      From worker 15:		num_sets_changed: 		10560716
      From worker 15:			num_random_opinions: 	4684535
      From worker 15:			num_biased_opinions: 	4689597
      From worker 15:		num_both_changed: 		301420
      From worker 15:	
      From worker 15:	data processed and exported
      From worker 15:	
      From worker 15:	starting b_1.0_c_0.2_N_40_M_3_K_3_P_2_beta_0.001_u_0.001_v_0.625_p_0.75_ϵ_1.0_gens_20000000_210216-232444.062
      From worker 16:	replicate complete, ran 20000000 generations:
      From worker 16:	
      From worker 16:		num_imitating:			9999682
      From worker 16:		num_not_imitating:		10000318
      From worker 16:		num_strategies_changed:  	146668
      From worker 16:			num_random_strategies: 	10010
      From worker 16:		num_sets_changed: 		0
      From worker 16:			num_random_opinions: 	0
      From worker 16:			num_biased_opinions: 	6250559
      From worker 16:		num_both_changed: 		0
      From worker 16:	
      From worker 16:	data processed and exported
 Activating environment at `/tigress/mk28/CooperationPolarization2/Project.toml`
 Activating environment at `/tigress/mk28/CooperationPolarization2/Project.toml`
      From worker 15:	replicate complete, ran 20000000 generations:
      From worker 15:	
      From worker 15:		num_imitating:			12500540
      From worker 15:		num_not_imitating:		7499460
      From worker 15:		num_strategies_changed:  	329783
      From worker 15:			num_random_strategies: 	12467
      From worker 15:		num_sets_changed: 		5883550
      From worker 15:			num_random_opinions: 	1952008
      From worker 15:			num_biased_opinions: 	5858710
      From worker 15:		num_both_changed: 		160801
      From worker 15:	
      From worker 15:	data processed and exported
      From worker 12:	replicate complete, ran 20000000 generations:
      From worker 12:	
      From worker 12:		num_imitating:			20000000
      From worker 12:		num_not_imitating:		0
      From worker 12:		num_strategies_changed:  	586888
      From worker 12:			num_random_strategies: 	20015
      From worker 12:		num_sets_changed: 		14868921
      From worker 12:			num_random_opinions: 	2498224
      From worker 12:			num_biased_opinions: 	0
      From worker 12:		num_both_changed: 		500727
      From worker 12:	
      From worker 12:	data processed and exported
      From worker 14:	replicate complete, ran 20000000 generations:
      From worker 14:	
      From worker 14:		num_imitating:			15001992
      From worker 14:		num_not_imitating:		4998008
      From worker 14:		num_strategies_changed:  	420324
      From worker 14:			num_random_strategies: 	14916
      From worker 14:		num_sets_changed: 		10695338
      From worker 14:			num_random_opinions: 	2098520
      From worker 14:			num_biased_opinions: 	2094333
      From worker 14:		num_both_changed: 		319459
      From worker 14:	
      From worker 14:	data processed and exported
      From worker 13:	replicate complete, ran 20000000 generations:
      From worker 13:	
      From worker 13:		num_imitating:			17497220
      From worker 13:		num_not_imitating:		2502780
      From worker 13:		num_strategies_changed:  	500534
      From worker 13:			num_random_strategies: 	17562
      From worker 13:		num_sets_changed: 		13905879
      From worker 13:			num_random_opinions: 	3670068
      From worker 13:			num_biased_opinions: 	1222818
      From worker 13:		num_both_changed: 		422255
      From worker 13:	
      From worker 13:	data processed and exported
16043.930049 seconds (3.04 M allocations: 129.792 MiB, 0.00% gc time)
