packages loaded
      From worker 5:	 Activating environment at `/tigress/mk28/CooperationPolarization2/Project.toml`
      From worker 3:	 Activating environment at `/tigress/mk28/CooperationPolarization2/Project.toml`
      From worker 4:	 Activating environment at `/tigress/mk28/CooperationPolarization2/Project.toml`
      From worker 6:	 Activating environment at `/tigress/mk28/CooperationPolarization2/Project.toml`
      From worker 2:	 Activating environment at `/tigress/mk28/CooperationPolarization2/Project.toml`
      From worker 13:	 Activating environment at `/tigress/mk28/CooperationPolarization2/Project.toml`
      From worker 12:	 Activating environment at `/tigress/mk28/CooperationPolarization2/Project.toml`
      From worker 8:	 Activating environment at `/tigress/mk28/CooperationPolarization2/Project.toml`
      From worker 9:	 Activating environment at `/tigress/mk28/CooperationPolarization2/Project.toml`
      From worker 14:	 Activating environment at `/tigress/mk28/CooperationPolarization2/Project.toml`
      From worker 15:	 Activating environment at `/tigress/mk28/CooperationPolarization2/Project.toml`
      From worker 16:	 Activating environment at `/tigress/mk28/CooperationPolarization2/Project.toml`
      From worker 7:	 Activating environment at `/tigress/mk28/CooperationPolarization2/Project.toml`
      From worker 10:	 Activating environment at `/tigress/mk28/CooperationPolarization2/Project.toml`
      From worker 11:	 Activating environment at `/tigress/mk28/CooperationPolarization2/Project.toml`
      From worker 7:	packages loaded
      From worker 10:	packages loaded
      From worker 13:	packages loaded
      From worker 12:	packages loaded
      From worker 3:	packages loaded
      From worker 2:	packages loaded
      From worker 16:	packages loaded
      From worker 5:	packages loaded
      From worker 4:	packages loaded
      From worker 6:	packages loaded
      From worker 9:	packages loaded
      From worker 8:	packages loaded
      From worker 15:	packages loaded
      From worker 14:	packages loaded
      From worker 11:	packages loaded
parameters defined
      From worker 16:	
      From worker 16:	starting b_1.0_c_0.2_N_40_M_1_K_1_P_2_beta_0.001_u_0.001_v_0.5_p_1.0_ϵ_1.0_gens_20000000_210211-110317.808
      From worker 3:	
      From worker 3:	starting b_1.0_c_0.2_N_40_M_1_K_1_P_2_beta_0.001_u_0.001_v_0.001_p_0.25_ϵ_1.0_gens_20000000_210211-110317.808
      From worker 6:	
      From worker 6:	starting b_1.0_c_0.2_N_40_M_1_K_1_P_2_beta_0.001_u_0.001_v_0.01_p_1.0_ϵ_1.0_gens_20000000_210211-110317.808
      From worker 7:	
      From worker 7:	starting b_1.0_c_0.2_N_40_M_1_K_1_P_2_beta_0.001_u_0.001_v_0.015_p_0.0_ϵ_1.0_gens_20000000_210211-110317.808
      From worker 5:	
      From worker 5:	starting b_1.0_c_0.2_N_40_M_1_K_1_P_2_beta_0.001_u_0.001_v_0.005_p_0.75_ϵ_1.0_gens_20000000_210211-110317.808
      From worker 4:	
      From worker 4:	starting b_1.0_c_0.2_N_40_M_1_K_1_P_2_beta_0.001_u_0.001_v_0.005_p_0.5_ϵ_1.0_gens_20000000_210211-110317.808
      From worker 14:	
      From worker 14:	starting b_1.0_c_0.2_N_40_M_1_K_1_P_2_beta_0.001_u_0.001_v_0.1_p_0.5_ϵ_1.0_gens_20000000_210211-110317.808
      From worker 8:	
      From worker 8:	starting b_1.0_c_0.2_N_40_M_1_K_1_P_2_beta_0.001_u_0.001_v_0.015_p_0.25_ϵ_1.0_gens_20000000_210211-110317.808
      From worker 13:	
      From worker 13:	starting b_1.0_c_0.2_N_40_M_1_K_1_P_2_beta_0.001_u_0.001_v_0.05_p_0.25_ϵ_1.0_gens_20000000_210211-110317.808
      From worker 10:	
      From worker 10:	starting b_1.0_c_0.2_N_40_M_1_K_1_P_2_beta_0.001_u_0.001_v_0.02_p_0.75_ϵ_1.0_gens_20000000_210211-110317.808
      From worker 9:	
      From worker 9:	starting b_1.0_c_0.2_N_40_M_1_K_1_P_2_beta_0.001_u_0.001_v_0.02_p_0.5_ϵ_1.0_gens_20000000_210211-110317.808
      From worker 12:	
      From worker 12:	starting b_1.0_c_0.2_N_40_M_1_K_1_P_2_beta_0.001_u_0.001_v_0.05_p_0.0_ϵ_1.0_gens_20000000_210211-110317.808
      From worker 15:	
      From worker 15:	starting b_1.0_c_0.2_N_40_M_1_K_1_P_2_beta_0.001_u_0.001_v_0.1_p_0.75_ϵ_1.0_gens_20000000_210211-110317.808
      From worker 2:	
      From worker 2:	starting b_1.0_c_0.2_N_40_M_1_K_1_P_2_beta_0.001_u_0.001_v_0.001_p_0.0_ϵ_1.0_gens_20000000_210211-110317.808
      From worker 11:	
      From worker 11:	starting b_1.0_c_0.2_N_40_M_1_K_1_P_2_beta_0.001_u_0.001_v_0.025_p_1.0_ϵ_1.0_gens_20000000_210211-110317.808
      From worker 16:	replicate complete, ran 20000000 generations:
      From worker 16:	
      From worker 16:		num_imitating:			9743824
      From worker 16:		num_not_imitating:		10256176
      From worker 16:		num_strategies_changed:  	139201
      From worker 16:			num_random_strategies: 	9703
      From worker 16:		num_sets_changed: 		0
      From worker 16:			num_random_opinions: 	0
      From worker 16:			num_biased_opinions: 	4873115
      From worker 16:		num_both_changed: 		0
      From worker 16:	
      From worker 6:	replicate complete, ran 20000000 generations:
      From worker 6:	
      From worker 6:		num_imitating:			9741812
      From worker 6:		num_not_imitating:		10258188
      From worker 6:		num_strategies_changed:  	146215
      From worker 6:			num_random_strategies: 	9944
      From worker 6:		num_sets_changed: 		0
      From worker 6:			num_random_opinions: 	0
      From worker 6:			num_biased_opinions: 	98188
      From worker 6:		num_both_changed: 		0
      From worker 6:	
      From worker 16:	data processed and exported
      From worker 6:	data processed and exported
      From worker 16:	
      From worker 16:	starting b_1.0_c_0.2_N_40_M_1_K_1_P_2_beta_0.001_u_0.001_v_0.5_p_0.0_ϵ_1.0_gens_20000000_210211-110317.808
      From worker 6:	
      From worker 6:	starting b_1.0_c_0.2_N_40_M_1_K_1_P_2_beta_0.001_u_0.001_v_0.01_p_0.0_ϵ_1.0_gens_20000000_210211-110317.808
      From worker 11:	replicate complete, ran 20000000 generations:
      From worker 11:	
      From worker 11:		num_imitating:			9744301
      From worker 11:		num_not_imitating:		10255699
      From worker 11:		num_strategies_changed:  	138578
      From worker 11:			num_random_strategies: 	9757
      From worker 11:		num_sets_changed: 		0
      From worker 11:			num_random_opinions: 	0
      From worker 11:			num_biased_opinions: 	243955
      From worker 11:		num_both_changed: 		0
      From worker 11:	
      From worker 11:	data processed and exported
      From worker 11:	
      From worker 11:	starting b_1.0_c_0.2_N_40_M_1_K_1_P_2_beta_0.001_u_0.001_v_0.025_p_0.0_ϵ_1.0_gens_20000000_210211-110317.808
      From worker 3:	replicate complete, ran 20000000 generations:
      From worker 3:	
      From worker 3:		num_imitating:			17431889
      From worker 3:		num_not_imitating:		2568111
      From worker 3:		num_strategies_changed:  	511309
      From worker 3:			num_random_strategies: 	17437
      From worker 3:		num_sets_changed: 		365840
      From worker 3:			num_random_opinions: 	13214
      From worker 3:			num_biased_opinions: 	4278
      From worker 3:		num_both_changed: 		19182
      From worker 3:	
      From worker 3:	data processed and exported
      From worker 3:	
      From worker 3:	starting b_1.0_c_0.2_N_40_M_1_K_1_P_2_beta_0.001_u_0.001_v_0.001_p_0.5_ϵ_1.0_gens_20000000_210211-110317.808
      From worker 2:	replicate complete, ran 20000000 generations:
      From worker 2:	
      From worker 2:		num_imitating:			20000000
      From worker 2:		num_not_imitating:		0
      From worker 2:		num_strategies_changed:  	597682
      From worker 2:			num_random_strategies: 	20170
      From worker 2:		num_sets_changed: 		400778
      From worker 2:			num_random_opinions: 	19934
      From worker 2:			num_biased_opinions: 	0
      From worker 2:		num_both_changed: 		26353
      From worker 2:	
      From worker 2:	data processed and exported
      From worker 2:	
      From worker 2:	starting b_1.0_c_0.2_N_40_M_1_K_1_P_2_beta_0.001_u_0.001_v_0.001_p_0.25_ϵ_1.0_gens_20000000_210211-110317.808
      From worker 5:	replicate complete, ran 20000000 generations:
      From worker 5:	
      From worker 5:		num_imitating:			12306291
      From worker 5:		num_not_imitating:		7693709
      From worker 5:		num_strategies_changed:  	362751
      From worker 5:			num_random_strategies: 	12253
      From worker 5:		num_sets_changed: 		1014446
      From worker 5:			num_random_opinions: 	15307
      From worker 5:			num_biased_opinions: 	45949
      From worker 5:		num_both_changed: 		53276
      From worker 5:	
      From worker 5:	data processed and exported
      From worker 5:	
      From worker 5:	starting b_1.0_c_0.2_N_40_M_1_K_1_P_2_beta_0.001_u_0.001_v_0.005_p_1.0_ϵ_1.0_gens_20000000_210211-110317.808
      From worker 4:	replicate complete, ran 20000000 generations:
      From worker 4:	
      From worker 4:		num_imitating:			14872251
      From worker 4:		num_not_imitating:		5127749
      From worker 4:		num_strategies_changed:  	442590
      From worker 4:			num_random_strategies: 	14864
      From worker 4:		num_sets_changed: 		1275606
      From worker 4:			num_random_opinions: 	37502
      From worker 4:			num_biased_opinions: 	37109
      From worker 4:		num_both_changed: 		64282
      From worker 4:	
      From worker 4:	data processed and exported
      From worker 4:	
      From worker 4:	starting b_1.0_c_0.2_N_40_M_1_K_1_P_2_beta_0.001_u_0.001_v_0.005_p_0.75_ϵ_1.0_gens_20000000_210211-110317.808
      From worker 9:	replicate complete, ran 20000000 generations:
      From worker 9:	
      From worker 9:		num_imitating:			14871022
      From worker 9:		num_not_imitating:		5128978
      From worker 9:		num_strategies_changed:  	427386
      From worker 9:			num_random_strategies: 	14924
      From worker 9:		num_sets_changed: 		3319669
      From worker 9:			num_random_opinions: 	148610
      From worker 9:			num_biased_opinions: 	148979
      From worker 9:		num_both_changed: 		151039
      From worker 9:	
      From worker 8:	replicate complete, ran 20000000 generations:
      From worker 8:	
      From worker 8:		num_imitating:			17435056
      From worker 8:		num_not_imitating:		2564944
      From worker 8:		num_strategies_changed:  	482427
      From worker 8:			num_random_strategies: 	17451
      From worker 8:		num_sets_changed: 		3344228
      From worker 8:			num_random_opinions: 	195975
      From worker 8:			num_biased_opinions: 	65410
      From worker 8:		num_both_changed: 		145465
      From worker 8:	
      From worker 9:	data processed and exported
      From worker 9:	
      From worker 9:	starting b_1.0_c_0.2_N_40_M_1_K_1_P_2_beta_0.001_u_0.001_v_0.02_p_0.75_ϵ_1.0_gens_20000000_210211-110317.808
      From worker 8:	data processed and exported
      From worker 8:	
      From worker 8:	starting b_1.0_c_0.2_N_40_M_1_K_1_P_2_beta_0.001_u_0.001_v_0.015_p_0.5_ϵ_1.0_gens_20000000_210211-110317.808
      From worker 10:	replicate complete, ran 20000000 generations:
      From worker 10:	
      From worker 10:		num_imitating:			12306033
      From worker 10:		num_not_imitating:		7693967
      From worker 10:		num_strategies_changed:  	341966
      From worker 10:			num_random_strategies: 	12337
      From worker 10:		num_sets_changed: 		2768003
      From worker 10:			num_random_opinions: 	61530
      From worker 10:			num_biased_opinions: 	185500
      From worker 10:		num_both_changed: 		113124
      From worker 10:	
      From worker 10:	data processed and exported
      From worker 10:	
      From worker 10:	starting b_1.0_c_0.2_N_40_M_1_K_1_P_2_beta_0.001_u_0.001_v_0.02_p_1.0_ϵ_1.0_gens_20000000_210211-110317.808
      From worker 7:	replicate complete, ran 20000000 generations:
      From worker 7:	
      From worker 7:		num_imitating:			20000000
      From worker 7:		num_not_imitating:		0
      From worker 7:		num_strategies_changed:  	580069
      From worker 7:			num_random_strategies: 	20180
      From worker 7:		num_sets_changed: 		3796356
      From worker 7:			num_random_opinions: 	300371
      From worker 7:			num_biased_opinions: 	0
      From worker 7:		num_both_changed: 		160308
      From worker 7:	
      From worker 7:	data processed and exported
      From worker 7:	
      From worker 7:	starting b_1.0_c_0.2_N_40_M_1_K_1_P_2_beta_0.001_u_0.001_v_0.015_p_0.25_ϵ_1.0_gens_20000000_210211-110317.808
      From worker 15:	replicate complete, ran 20000000 generations:
      From worker 15:	
      From worker 15:		num_imitating:			12307410
      From worker 15:		num_not_imitating:		7692590
      From worker 15:		num_strategies_changed:  	361734
      From worker 15:			num_random_strategies: 	12287
      From worker 15:		num_sets_changed: 		4919365
      From worker 15:			num_random_opinions: 	307694
      From worker 15:			num_biased_opinions: 	922352
      From worker 15:		num_both_changed: 		170372
      From worker 15:	
      From worker 15:	data processed and exported
      From worker 15:	
      From worker 15:	starting b_1.0_c_0.2_N_40_M_1_K_1_P_2_beta_0.001_u_0.001_v_0.1_p_1.0_ϵ_1.0_gens_20000000_210211-110317.808
      From worker 13:	replicate complete, ran 20000000 generations:
      From worker 13:	
      From worker 13:		num_imitating:			17435182
      From worker 13:		num_not_imitating:		2564818
      From worker 13:		num_strategies_changed:  	504123
      From worker 13:			num_random_strategies: 	17457
      From worker 13:		num_sets_changed: 		6005017
      From worker 13:			num_random_opinions: 	653664
      From worker 13:			num_biased_opinions: 	218109
      From worker 13:		num_both_changed: 		225964
      From worker 13:	
      From worker 13:	data processed and exported
      From worker 13:	
      From worker 13:	starting b_1.0_c_0.2_N_40_M_1_K_1_P_2_beta_0.001_u_0.001_v_0.05_p_0.5_ϵ_1.0_gens_20000000_210211-110317.808
      From worker 14:	replicate complete, ran 20000000 generations:
      From worker 14:	
      From worker 14:		num_imitating:			14872030
      From worker 14:		num_not_imitating:		5127970
      From worker 14:		num_strategies_changed:  	439061
      From worker 14:			num_random_strategies: 	14858
      From worker 14:		num_sets_changed: 		6135681
      From worker 14:			num_random_opinions: 	744283
      From worker 14:			num_biased_opinions: 	745973
      From worker 14:		num_both_changed: 		210006
      From worker 14:	
      From worker 14:	data processed and exported
      From worker 14:	
      From worker 14:	starting b_1.0_c_0.2_N_40_M_1_K_1_P_2_beta_0.001_u_0.001_v_0.1_p_0.75_ϵ_1.0_gens_20000000_210211-110317.808
      From worker 12:	replicate complete, ran 20000000 generations:
      From worker 12:	
      From worker 12:		num_imitating:			20000000
      From worker 12:		num_not_imitating:		0
      From worker 12:		num_strategies_changed:  	592958
      From worker 12:			num_random_strategies: 	20015
      From worker 12:		num_sets_changed: 		6907567
      From worker 12:			num_random_opinions: 	999743
      From worker 12:			num_biased_opinions: 	0
      From worker 12:		num_both_changed: 		263408
      From worker 12:	
      From worker 12:	data processed and exported
      From worker 12:	
      From worker 12:	starting b_1.0_c_0.2_N_40_M_1_K_1_P_2_beta_0.001_u_0.001_v_0.05_p_0.25_ϵ_1.0_gens_20000000_210211-110317.808
      From worker 5:	replicate complete, ran 20000000 generations:
      From worker 5:	
      From worker 5:		num_imitating:			9745514
      From worker 5:		num_not_imitating:		10254486
      From worker 5:		num_strategies_changed:  	138219
      From worker 5:			num_random_strategies: 	9657
      From worker 5:		num_sets_changed: 		0
      From worker 5:			num_random_opinions: 	0
      From worker 5:			num_biased_opinions: 	48722
      From worker 5:		num_both_changed: 		0
      From worker 5:	
      From worker 5:	data processed and exported
      From worker 5:	
      From worker 5:	starting b_1.0_c_0.2_N_40_M_1_K_1_P_2_beta_0.001_u_0.001_v_0.01_p_0.0_ϵ_1.0_gens_20000000_210211-110317.808
      From worker 3:	replicate complete, ran 20000000 generations:
      From worker 3:	
      From worker 3:		num_imitating:			14873516
      From worker 3:		num_not_imitating:		5126484
      From worker 3:		num_strategies_changed:  	437596
      From worker 3:			num_random_strategies: 	14927
      From worker 3:		num_sets_changed: 		305072
      From worker 3:			num_random_opinions: 	7575
      From worker 3:			num_biased_opinions: 	7396
      From worker 3:		num_both_changed: 		15880
      From worker 3:	
      From worker 3:	data processed and exported
      From worker 3:	
      From worker 3:	starting b_1.0_c_0.2_N_40_M_1_K_1_P_2_beta_0.001_u_0.001_v_0.001_p_0.75_ϵ_1.0_gens_20000000_210211-110317.808
      From worker 2:	replicate complete, ran 20000000 generations:
      From worker 2:	
      From worker 2:		num_imitating:			17432530
      From worker 2:		num_not_imitating:		2567470
      From worker 2:		num_strategies_changed:  	522208
      From worker 2:			num_random_strategies: 	17416
      From worker 2:		num_sets_changed: 		362072
      From worker 2:			num_random_opinions: 	13171
      From worker 2:			num_biased_opinions: 	4330
      From worker 2:		num_both_changed: 		23473
      From worker 2:	
      From worker 2:	data processed and exported
      From worker 2:	
      From worker 2:	starting b_1.0_c_0.2_N_40_M_1_K_1_P_2_beta_0.001_u_0.001_v_0.001_p_0.5_ϵ_1.0_gens_20000000_210211-110317.808
      From worker 4:	replicate complete, ran 20000000 generations:
      From worker 4:	
      From worker 4:		num_imitating:			12309191
      From worker 4:		num_not_imitating:		7690809
      From worker 4:		num_strategies_changed:  	343423
      From worker 4:			num_random_strategies: 	12504
      From worker 4:		num_sets_changed: 		1056940
      From worker 4:			num_random_opinions: 	15315
      From worker 4:			num_biased_opinions: 	46038
      From worker 4:		num_both_changed: 		49693
      From worker 4:	
      From worker 4:	data processed and exported
      From worker 4:	
      From worker 4:	starting b_1.0_c_0.2_N_40_M_1_K_1_P_2_beta_0.001_u_0.001_v_0.005_p_1.0_ϵ_1.0_gens_20000000_210211-110317.808
      From worker 6:	replicate complete, ran 20000000 generations:
      From worker 6:	
      From worker 6:		num_imitating:			20000000
      From worker 6:		num_not_imitating:		0
      From worker 6:		num_strategies_changed:  	585609
      From worker 6:			num_random_strategies: 	19871
      From worker 6:		num_sets_changed: 		2908456
      From worker 6:			num_random_opinions: 	199906
      From worker 6:			num_biased_opinions: 	0
      From worker 6:		num_both_changed: 		136298
      From worker 6:	
      From worker 6:	data processed and exported
      From worker 6:	
      From worker 6:	starting b_1.0_c_0.2_N_40_M_1_K_1_P_2_beta_0.001_u_0.001_v_0.01_p_0.25_ϵ_1.0_gens_20000000_210211-110317.808
      From worker 10:	replicate complete, ran 20000000 generations:
      From worker 10:	
      From worker 10:		num_imitating:			9747653
      From worker 10:		num_not_imitating:		10252347
      From worker 10:		num_strategies_changed:  	146279
      From worker 10:			num_random_strategies: 	9917
      From worker 10:		num_sets_changed: 		0
      From worker 10:			num_random_opinions: 	0
      From worker 10:			num_biased_opinions: 	194707
      From worker 10:		num_both_changed: 		0
      From worker 10:	
      From worker 10:	data processed and exported
      From worker 10:	
      From worker 10:	starting b_1.0_c_0.2_N_40_M_1_K_1_P_2_beta_0.001_u_0.001_v_0.025_p_0.0_ϵ_1.0_gens_20000000_210211-110317.808
      From worker 9:	replicate complete, ran 20000000 generations:
      From worker 9:	
      From worker 9:		num_imitating:			12306828
      From worker 9:		num_not_imitating:		7693172
      From worker 9:		num_strategies_changed:  	347622
      From worker 9:			num_random_strategies: 	12431
      From worker 9:		num_sets_changed: 		2761126
      From worker 9:			num_random_opinions: 	61259
      From worker 9:			num_biased_opinions: 	185376
      From worker 9:		num_both_changed: 		117448
      From worker 9:	
      From worker 11:	replicate complete, ran 20000000 generations:
      From worker 11:	
      From worker 11:		num_imitating:			20000000
      From worker 11:		num_not_imitating:		0
      From worker 11:		num_strategies_changed:  	560111
      From worker 11:			num_random_strategies: 	19894
      From worker 11:		num_sets_changed: 		5062863
      From worker 11:			num_random_opinions: 	498055
      From worker 11:			num_biased_opinions: 	0
      From worker 11:		num_both_changed: 		206949
      From worker 11:	
      From worker 9:	data processed and exported
      From worker 8:	replicate complete, ran 20000000 generations:
      From worker 8:	
      From worker 8:		num_imitating:			14869053
      From worker 8:		num_not_imitating:		5130947
      From worker 8:		num_strategies_changed:  	433250
      From worker 8:			num_random_strategies: 	14885
      From worker 8:		num_sets_changed: 		2899702
      From worker 8:			num_random_opinions: 	111287
      From worker 8:			num_biased_opinions: 	111070
      From worker 8:		num_both_changed: 		126320
      From worker 8:	
      From worker 9:	
      From worker 9:	starting b_1.0_c_0.2_N_40_M_1_K_1_P_2_beta_0.001_u_0.001_v_0.02_p_1.0_ϵ_1.0_gens_20000000_210211-110317.808
      From worker 11:	data processed and exported
      From worker 8:	data processed and exported
      From worker 11:	
      From worker 11:	starting b_1.0_c_0.2_N_40_M_1_K_1_P_2_beta_0.001_u_0.001_v_0.025_p_0.25_ϵ_1.0_gens_20000000_210211-110317.808
      From worker 8:	
      From worker 8:	starting b_1.0_c_0.2_N_40_M_1_K_1_P_2_beta_0.001_u_0.001_v_0.015_p_0.75_ϵ_1.0_gens_20000000_210211-110317.808
      From worker 15:	replicate complete, ran 20000000 generations:
      From worker 15:	
      From worker 15:		num_imitating:			9742286
      From worker 15:		num_not_imitating:		10257714
      From worker 15:		num_strategies_changed:  	145925
      From worker 15:			num_random_strategies: 	9653
      From worker 15:		num_sets_changed: 		0
      From worker 15:			num_random_opinions: 	0
      From worker 15:			num_biased_opinions: 	972219
      From worker 15:		num_both_changed: 		0
      From worker 15:	
      From worker 15:	data processed and exported
      From worker 15:	
      From worker 15:	starting b_1.0_c_0.2_N_40_M_1_K_1_P_2_beta_0.001_u_0.001_v_0.5_p_0.0_ϵ_1.0_gens_20000000_210211-110317.808
      From worker 7:	replicate complete, ran 20000000 generations:
      From worker 7:	
      From worker 7:		num_imitating:			17437093
      From worker 7:		num_not_imitating:		2562907
      From worker 7:		num_strategies_changed:  	499761
      From worker 7:			num_random_strategies: 	17487
      From worker 7:		num_sets_changed: 		3340800
      From worker 7:			num_random_opinions: 	196046
      From worker 7:			num_biased_opinions: 	65778
      From worker 7:		num_both_changed: 		145722
      From worker 7:	
      From worker 7:	data processed and exported
      From worker 7:	
      From worker 7:	starting b_1.0_c_0.2_N_40_M_1_K_1_P_2_beta_0.001_u_0.001_v_0.015_p_0.5_ϵ_1.0_gens_20000000_210211-110317.808
      From worker 16:	replicate complete, ran 20000000 generations:
      From worker 16:	
      From worker 16:		num_imitating:			20000000
      From worker 16:		num_not_imitating:		0
      From worker 16:		num_strategies_changed:  	576912
      From worker 16:			num_random_strategies: 	19763
      From worker 16:		num_sets_changed: 		9877072
      From worker 16:			num_random_opinions: 	9998875
      From worker 16:			num_biased_opinions: 	0
      From worker 16:		num_both_changed: 		288680
      From worker 16:	
      From worker 16:	data processed and exported
      From worker 16:	
      From worker 16:	starting b_1.0_c_0.2_N_40_M_1_K_1_P_2_beta_0.001_u_0.001_v_0.5_p_0.25_ϵ_1.0_gens_20000000_210211-110317.808
      From worker 13:	replicate complete, ran 20000000 generations:
      From worker 13:	
      From worker 13:		num_imitating:			14869936
      From worker 13:		num_not_imitating:		5130064
      From worker 13:		num_strategies_changed:  	436741
      From worker 13:			num_random_strategies: 	14825
      From worker 13:		num_sets_changed: 		5107923
      From worker 13:			num_random_opinions: 	371120
      From worker 13:			num_biased_opinions: 	371619
      From worker 13:		num_both_changed: 		198702
      From worker 13:	
      From worker 13:	data processed and exported
      From worker 13:	
      From worker 13:	starting b_1.0_c_0.2_N_40_M_1_K_1_P_2_beta_0.001_u_0.001_v_0.05_p_0.75_ϵ_1.0_gens_20000000_210211-110317.808
      From worker 14:	replicate complete, ran 20000000 generations:
      From worker 14:	
      From worker 14:		num_imitating:			12305136
      From worker 14:		num_not_imitating:		7694864
      From worker 14:		num_strategies_changed:  	360547
      From worker 14:			num_random_strategies: 	12383
      From worker 14:		num_sets_changed: 		4918052
      From worker 14:			num_random_opinions: 	307438
      From worker 14:			num_biased_opinions: 	923903
      From worker 14:		num_both_changed: 		168930
      From worker 14:	
      From worker 14:	data processed and exported
      From worker 14:	
      From worker 14:	starting b_1.0_c_0.2_N_40_M_1_K_1_P_2_beta_0.001_u_0.001_v_0.1_p_1.0_ϵ_1.0_gens_20000000_210211-110317.808
      From worker 3:	replicate complete, ran 20000000 generations:
      From worker 3:	
      From worker 3:		num_imitating:			12307639
      From worker 3:		num_not_imitating:		7692361
      From worker 3:		num_strategies_changed:  	357708
      From worker 3:			num_random_strategies: 	12254
      From worker 3:		num_sets_changed: 		266196
      From worker 3:			num_random_opinions: 	3080
      From worker 3:			num_biased_opinions: 	9333
      From worker 3:		num_both_changed: 		16912
      From worker 3:	
      From worker 3:	data processed and exported
      From worker 3:	
      From worker 3:	starting b_1.0_c_0.2_N_40_M_1_K_1_P_2_beta_0.001_u_0.001_v_0.001_p_1.0_ϵ_1.0_gens_20000000_210211-110317.808
      From worker 4:	replicate complete, ran 20000000 generations:
      From worker 4:	
      From worker 4:		num_imitating:			9741862
      From worker 4:		num_not_imitating:		10258138
      From worker 4:		num_strategies_changed:  	136710
      From worker 4:			num_random_strategies: 	9659
      From worker 4:		num_sets_changed: 		0
      From worker 4:			num_random_opinions: 	0
      From worker 4:			num_biased_opinions: 	48699
      From worker 4:		num_both_changed: 		0
      From worker 4:	
      From worker 2:	replicate complete, ran 20000000 generations:
      From worker 2:	
      From worker 2:		num_imitating:			14871972
      From worker 2:		num_not_imitating:		5128028
      From worker 2:		num_strategies_changed:  	441664
      From worker 2:			num_random_strategies: 	14880
      From worker 2:		num_sets_changed: 		290008
      From worker 2:			num_random_opinions: 	7431
      From worker 2:			num_biased_opinions: 	7273
      From worker 2:		num_both_changed: 		23340
      From worker 2:	
      From worker 4:	data processed and exported
      From worker 2:	data processed and exported
      From worker 4:	
      From worker 4:	starting b_1.0_c_0.2_N_40_M_1_K_1_P_2_beta_0.001_u_0.001_v_0.005_p_0.0_ϵ_1.0_gens_20000000_210211-110317.808
      From worker 2:	
      From worker 2:	starting b_1.0_c_0.2_N_40_M_1_K_1_P_2_beta_0.001_u_0.001_v_0.001_p_0.75_ϵ_1.0_gens_20000000_210211-110317.808
      From worker 12:	replicate complete, ran 20000000 generations:
      From worker 12:	
      From worker 12:		num_imitating:			17435280
      From worker 12:		num_not_imitating:		2564720
      From worker 12:		num_strategies_changed:  	519412
      From worker 12:			num_random_strategies: 	17421
      From worker 12:		num_sets_changed: 		6001279
      From worker 12:			num_random_opinions: 	653939
      From worker 12:			num_biased_opinions: 	217605
      From worker 12:		num_both_changed: 		226689
      From worker 12:	
      From worker 12:	data processed and exported
      From worker 12:	
      From worker 12:	starting b_1.0_c_0.2_N_40_M_1_K_1_P_2_beta_0.001_u_0.001_v_0.05_p_0.5_ϵ_1.0_gens_20000000_210211-110317.808
      From worker 5:	replicate complete, ran 20000000 generations:
      From worker 5:	
      From worker 5:		num_imitating:			20000000
      From worker 5:		num_not_imitating:		0
      From worker 5:		num_strategies_changed:  	584419
      From worker 5:			num_random_strategies: 	19969
      From worker 5:		num_sets_changed: 		2920496
      From worker 5:			num_random_opinions: 	199613
      From worker 5:			num_biased_opinions: 	0
      From worker 5:		num_both_changed: 		138145
      From worker 5:	
      From worker 5:	data processed and exported
      From worker 5:	
      From worker 5:	starting b_1.0_c_0.2_N_40_M_1_K_1_P_2_beta_0.001_u_0.001_v_0.01_p_0.25_ϵ_1.0_gens_20000000_210211-110317.808
      From worker 9:	replicate complete, ran 20000000 generations:
      From worker 9:	
      From worker 9:		num_imitating:			9742706
      From worker 9:		num_not_imitating:		10257294
      From worker 9:		num_strategies_changed:  	147343
      From worker 9:			num_random_strategies: 	9677
      From worker 9:		num_sets_changed: 		0
      From worker 9:			num_random_opinions: 	0
      From worker 9:			num_biased_opinions: 	194319
      From worker 9:		num_both_changed: 		0
      From worker 9:	
      From worker 9:	data processed and exported
      From worker 9:	
      From worker 9:	starting b_1.0_c_0.2_N_40_M_1_K_1_P_2_beta_0.001_u_0.001_v_0.02_p_0.0_ϵ_1.0_gens_20000000_210211-110317.808
      From worker 6:	replicate complete, ran 20000000 generations:
      From worker 6:	
      From worker 6:		num_imitating:			17435271
      From worker 6:		num_not_imitating:		2564729
      From worker 6:		num_strategies_changed:  	496848
      From worker 6:			num_random_strategies: 	17223
      From worker 6:		num_sets_changed: 		2523408
      From worker 6:			num_random_opinions: 	131006
      From worker 6:			num_biased_opinions: 	43389
      From worker 6:		num_both_changed: 		112776
      From worker 6:	
      From worker 6:	data processed and exported
      From worker 6:	
      From worker 6:	starting b_1.0_c_0.2_N_40_M_1_K_1_P_2_beta_0.001_u_0.001_v_0.01_p_0.5_ϵ_1.0_gens_20000000_210211-110317.808
      From worker 8:	replicate complete, ran 20000000 generations:
      From worker 8:	
      From worker 8:		num_imitating:			12305614
      From worker 8:		num_not_imitating:		7694386
      From worker 8:		num_strategies_changed:  	342379
      From worker 8:			num_random_strategies: 	12361
      From worker 8:		num_sets_changed: 		2372114
      From worker 8:			num_random_opinions: 	46056
      From worker 8:			num_biased_opinions: 	138134
      From worker 8:		num_both_changed: 		101995
      From worker 8:	
      From worker 8:	data processed and exported
      From worker 8:	
      From worker 8:	starting b_1.0_c_0.2_N_40_M_1_K_1_P_2_beta_0.001_u_0.001_v_0.015_p_1.0_ϵ_1.0_gens_20000000_210211-110317.808
      From worker 10:	replicate complete, ran 20000000 generations:
      From worker 10:	
      From worker 10:		num_imitating:			20000000
      From worker 10:		num_not_imitating:		0
      From worker 10:		num_strategies_changed:  	579837
      From worker 10:			num_random_strategies: 	19926
      From worker 10:		num_sets_changed: 		5097172
      From worker 10:			num_random_opinions: 	500404
      From worker 10:			num_biased_opinions: 	0
      From worker 10:		num_both_changed: 		209838
      From worker 10:	
      From worker 10:	data processed and exported
      From worker 10:	
      From worker 10:	starting b_1.0_c_0.2_N_40_M_1_K_1_P_2_beta_0.001_u_0.001_v_0.025_p_0.25_ϵ_1.0_gens_20000000_210211-110317.808
      From worker 11:	replicate complete, ran 20000000 generations:
      From worker 11:	
      From worker 11:		num_imitating:			17435868
      From worker 11:		num_not_imitating:		2564132
      From worker 11:		num_strategies_changed:  	494773
      From worker 11:			num_random_strategies: 	17291
      From worker 11:		num_sets_changed: 		4492424
      From worker 11:			num_random_opinions: 	327834
      From worker 11:			num_biased_opinions: 	108909
      From worker 11:		num_both_changed: 		181726
      From worker 11:	
      From worker 11:	data processed and exported
      From worker 11:	
      From worker 11:	starting b_1.0_c_0.2_N_40_M_1_K_1_P_2_beta_0.001_u_0.001_v_0.025_p_0.5_ϵ_1.0_gens_20000000_210211-110317.808
      From worker 7:	replicate complete, ran 20000000 generations:
      From worker 7:	
      From worker 7:		num_imitating:			14876729
      From worker 7:		num_not_imitating:		5123271
      From worker 7:		num_strategies_changed:  	426533
      From worker 7:			num_random_strategies: 	15059
      From worker 7:		num_sets_changed: 		2820095
      From worker 7:			num_random_opinions: 	112465
      From worker 7:			num_biased_opinions: 	112271
      From worker 7:		num_both_changed: 		123612
      From worker 7:	
      From worker 7:	data processed and exported
      From worker 7:	
      From worker 7:	starting b_1.0_c_0.2_N_40_M_1_K_1_P_2_beta_0.001_u_0.001_v_0.015_p_0.75_ϵ_1.0_gens_20000000_210211-110317.808
      From worker 14:	replicate complete, ran 20000000 generations:
      From worker 14:	
      From worker 14:		num_imitating:			9740423
      From worker 14:		num_not_imitating:		10259577
      From worker 14:		num_strategies_changed:  	145589
      From worker 14:			num_random_strategies: 	9779
      From worker 14:		num_sets_changed: 		0
      From worker 14:			num_random_opinions: 	0
      From worker 14:			num_biased_opinions: 	973455
      From worker 14:		num_both_changed: 		0
      From worker 14:	
      From worker 14:	data processed and exported
      From worker 14:	
      From worker 14:	starting b_1.0_c_0.2_N_40_M_1_K_1_P_2_beta_0.001_u_0.001_v_0.1_p_0.0_ϵ_1.0_gens_20000000_210211-110317.808
      From worker 3:	replicate complete, ran 20000000 generations:
      From worker 3:	
      From worker 3:		num_imitating:			9743661
      From worker 3:		num_not_imitating:		10256339
      From worker 3:		num_strategies_changed:  	141511
      From worker 3:			num_random_strategies: 	9687
      From worker 3:		num_sets_changed: 		0
      From worker 3:			num_random_opinions: 	0
      From worker 3:			num_biased_opinions: 	9797
      From worker 3:		num_both_changed: 		0
      From worker 3:	
      From worker 3:	data processed and exported
      From worker 3:	
      From worker 3:	starting b_1.0_c_0.2_N_40_M_1_K_1_P_2_beta_0.001_u_0.001_v_0.005_p_0.0_ϵ_1.0_gens_20000000_210211-110317.808
      From worker 2:	replicate complete, ran 20000000 generations:
      From worker 2:	
      From worker 2:		num_imitating:			12306024
      From worker 2:		num_not_imitating:		7693976
      From worker 2:		num_strategies_changed:  	368352
      From worker 2:			num_random_strategies: 	12440
      From worker 2:		num_sets_changed: 		244188
      From worker 2:			num_random_opinions: 	3176
      From worker 2:			num_biased_opinions: 	9244
      From worker 2:		num_both_changed: 		13293
      From worker 2:	
      From worker 2:	data processed and exported
      From worker 2:	
      From worker 2:	starting b_1.0_c_0.2_N_40_M_1_K_1_P_2_beta_0.001_u_0.001_v_0.001_p_1.0_ϵ_1.0_gens_20000000_210211-110317.808
      From worker 4:	replicate complete, ran 20000000 generations:
      From worker 4:	
      From worker 4:		num_imitating:			20000000
      From worker 4:		num_not_imitating:		0
      From worker 4:		num_strategies_changed:  	567317
      From worker 4:			num_random_strategies: 	19923
      From worker 4:		num_sets_changed: 		1742696
      From worker 4:			num_random_opinions: 	99737
      From worker 4:			num_biased_opinions: 	0
      From worker 4:		num_both_changed: 		83998
      From worker 4:	
      From worker 4:	data processed and exported
      From worker 4:	
      From worker 4:	starting b_1.0_c_0.2_N_40_M_1_K_1_P_2_beta_0.001_u_0.001_v_0.005_p_0.25_ϵ_1.0_gens_20000000_210211-110317.808
      From worker 13:	replicate complete, ran 20000000 generations:
      From worker 13:	
      From worker 13:		num_imitating:			12307697
      From worker 13:		num_not_imitating:		7692303
      From worker 13:		num_strategies_changed:  	335293
      From worker 13:			num_random_strategies: 	12358
      From worker 13:		num_sets_changed: 		4154470
      From worker 13:			num_random_opinions: 	154136
      From worker 13:			num_biased_opinions: 	460986
      From worker 13:		num_both_changed: 		147235
      From worker 13:	
      From worker 13:	data processed and exported
      From worker 13:	
      From worker 13:	starting b_1.0_c_0.2_N_40_M_1_K_1_P_2_beta_0.001_u_0.001_v_0.05_p_1.0_ϵ_1.0_gens_20000000_210211-110317.808
      From worker 5:	replicate complete, ran 20000000 generations:
      From worker 5:	
      From worker 5:		num_imitating:			17433776
      From worker 5:		num_not_imitating:		2566224
      From worker 5:		num_strategies_changed:  	478250
      From worker 5:			num_random_strategies: 	17349
      From worker 5:		num_sets_changed: 		2574018
      From worker 5:			num_random_opinions: 	130775
      From worker 5:			num_biased_opinions: 	43580
      From worker 5:		num_both_changed: 		114796
      From worker 5:	
      From worker 5:	data processed and exported
      From worker 5:	
      From worker 5:	starting b_1.0_c_0.2_N_40_M_1_K_1_P_2_beta_0.001_u_0.001_v_0.01_p_0.5_ϵ_1.0_gens_20000000_210211-110317.808
      From worker 15:	replicate complete, ran 20000000 generations:
      From worker 15:	
      From worker 15:		num_imitating:			20000000
      From worker 15:		num_not_imitating:		0
      From worker 15:		num_strategies_changed:  	558055
      From worker 15:			num_random_strategies: 	20051
      From worker 15:		num_sets_changed: 		9873796
      From worker 15:			num_random_opinions: 	9998271
      From worker 15:			num_biased_opinions: 	0
      From worker 15:		num_both_changed: 		278814
      From worker 15:	
      From worker 15:	data processed and exported
      From worker 15:	
      From worker 15:	starting b_1.0_c_0.2_N_40_M_1_K_1_P_2_beta_0.001_u_0.001_v_0.5_p_0.25_ϵ_1.0_gens_20000000_210211-110317.808
      From worker 8:	replicate complete, ran 20000000 generations:
      From worker 8:	
      From worker 8:		num_imitating:			9744084
      From worker 8:		num_not_imitating:		10255916
      From worker 8:		num_strategies_changed:  	144069
      From worker 8:			num_random_strategies: 	9684
      From worker 8:		num_sets_changed: 		0
      From worker 8:			num_random_opinions: 	0
      From worker 8:			num_biased_opinions: 	145882
      From worker 8:		num_both_changed: 		0
      From worker 8:	
      From worker 8:	data processed and exported
      From worker 8:	
      From worker 8:	starting b_1.0_c_0.2_N_40_M_1_K_1_P_2_beta_0.001_u_0.001_v_0.02_p_0.0_ϵ_1.0_gens_20000000_210211-110317.808
      From worker 6:	replicate complete, ran 20000000 generations:
      From worker 6:	
      From worker 6:		num_imitating:			14871778
      From worker 6:		num_not_imitating:		5128222
      From worker 6:		num_strategies_changed:  	421886
      From worker 6:			num_random_strategies: 	14989
      From worker 6:		num_sets_changed: 		2127950
      From worker 6:			num_random_opinions: 	74520
      From worker 6:			num_biased_opinions: 	74613
      From worker 6:		num_both_changed: 		102648
      From worker 6:	
      From worker 6:	data processed and exported
      From worker 6:	
      From worker 6:	starting b_1.0_c_0.2_N_40_M_1_K_1_P_2_beta_0.001_u_0.001_v_0.01_p_0.75_ϵ_1.0_gens_20000000_210211-110317.808
      From worker 16:	replicate complete, ran 20000000 generations:
      From worker 16:	
      From worker 16:		num_imitating:			17436247
      From worker 16:		num_not_imitating:		2563753
      From worker 16:		num_strategies_changed:  	496175
      From worker 16:			num_random_strategies: 	17300
      From worker 16:		num_sets_changed: 		8458663
      From worker 16:			num_random_opinions: 	6539785
      From worker 16:			num_biased_opinions: 	2177851
      From worker 16:		num_both_changed: 		243558
      From worker 16:	
      From worker 16:	data processed and exported
      From worker 16:	
      From worker 16:	starting b_1.0_c_0.2_N_40_M_1_K_1_P_2_beta_0.001_u_0.001_v_0.5_p_0.5_ϵ_1.0_gens_20000000_210211-110317.808
      From worker 12:	replicate complete, ran 20000000 generations:
      From worker 12:	
      From worker 12:		num_imitating:			14872345
      From worker 12:		num_not_imitating:		5127655
      From worker 12:		num_strategies_changed:  	428750
      From worker 12:			num_random_strategies: 	14766
      From worker 12:		num_sets_changed: 		5107766
      From worker 12:			num_random_opinions: 	372715
      From worker 12:			num_biased_opinions: 	372818
      From worker 12:		num_both_changed: 		189847
      From worker 12:	
      From worker 12:	data processed and exported
      From worker 12:	
      From worker 12:	starting b_1.0_c_0.2_N_40_M_1_K_1_P_2_beta_0.001_u_0.001_v_0.05_p_0.75_ϵ_1.0_gens_20000000_210211-110317.808
      From worker 9:	replicate complete, ran 20000000 generations:
      From worker 9:	
      From worker 9:		num_imitating:			20000000
      From worker 9:		num_not_imitating:		0
      From worker 9:		num_strategies_changed:  	592439
      From worker 9:			num_random_strategies: 	20004
      From worker 9:		num_sets_changed: 		4499108
      From worker 9:			num_random_opinions: 	399786
      From worker 9:			num_biased_opinions: 	0
      From worker 9:		num_both_changed: 		200390
      From worker 9:	
      From worker 9:	data processed and exported
      From worker 9:	
      From worker 9:	starting b_1.0_c_0.2_N_40_M_1_K_1_P_2_beta_0.001_u_0.001_v_0.02_p_0.25_ϵ_1.0_gens_20000000_210211-110317.808
      From worker 7:	replicate complete, ran 20000000 generations:
      From worker 7:	
      From worker 7:		num_imitating:			12306857
      From worker 7:		num_not_imitating:		7693143
      From worker 7:		num_strategies_changed:  	376572
      From worker 7:			num_random_strategies: 	12479
      From worker 7:		num_sets_changed: 		2332322
      From worker 7:			num_random_opinions: 	46270
      From worker 7:			num_biased_opinions: 	139040
      From worker 7:		num_both_changed: 		115982
      From worker 7:	
      From worker 7:	data processed and exported
      From worker 7:	
      From worker 7:	starting b_1.0_c_0.2_N_40_M_1_K_1_P_2_beta_0.001_u_0.001_v_0.015_p_1.0_ϵ_1.0_gens_20000000_210211-110317.808
      From worker 2:	replicate complete, ran 20000000 generations:
      From worker 2:	
      From worker 2:		num_imitating:			9744086
      From worker 2:		num_not_imitating:		10255914
      From worker 2:		num_strategies_changed:  	139675
      From worker 2:			num_random_strategies: 	9731
      From worker 2:		num_sets_changed: 		0
      From worker 2:			num_random_opinions: 	0
      From worker 2:			num_biased_opinions: 	9824
      From worker 2:		num_both_changed: 		0
      From worker 2:	
      From worker 2:	data processed and exported
      From worker 2:	
      From worker 2:	starting b_1.0_c_0.2_N_40_M_1_K_1_P_2_beta_0.001_u_0.001_v_0.001_p_0.0_ϵ_1.0_gens_20000000_210211-110317.808
      From worker 3:	replicate complete, ran 20000000 generations:
      From worker 3:	
      From worker 3:		num_imitating:			20000000
      From worker 3:		num_not_imitating:		0
      From worker 3:		num_strategies_changed:  	571097
      From worker 3:			num_random_strategies: 	19986
      From worker 3:		num_sets_changed: 		1684302
      From worker 3:			num_random_opinions: 	99259
      From worker 3:			num_biased_opinions: 	0
      From worker 3:		num_both_changed: 		88661
      From worker 3:	
      From worker 11:	replicate complete, ran 20000000 generations:
      From worker 11:	
      From worker 11:		num_imitating:			14870666
      From worker 11:		num_not_imitating:		5129334
      From worker 11:		num_strategies_changed:  	423324
      From worker 11:			num_random_strategies: 	14687
      From worker 11:		num_sets_changed: 		3798720
      From worker 11:			num_random_opinions: 	185567
      From worker 11:			num_biased_opinions: 	185802
      From worker 11:		num_both_changed: 		152307
      From worker 11:	
      From worker 13:	replicate complete, ran 20000000 generations:
      From worker 13:	
      From worker 13:		num_imitating:			9743927
      From worker 13:		num_not_imitating:		10256073
      From worker 13:		num_strategies_changed:  	140779
      From worker 13:			num_random_strategies: 	9709
      From worker 13:		num_sets_changed: 		0
      From worker 13:			num_random_opinions: 	0
      From worker 13:			num_biased_opinions: 	487473
      From worker 13:		num_both_changed: 		0
      From worker 13:	
      From worker 3:	data processed and exported
      From worker 11:	data processed and exported
      From worker 3:	
      From worker 3:	starting b_1.0_c_0.2_N_40_M_1_K_1_P_2_beta_0.001_u_0.001_v_0.005_p_0.25_ϵ_1.0_gens_20000000_210211-110317.808
      From worker 13:	data processed and exported
      From worker 11:	
      From worker 11:	starting b_1.0_c_0.2_N_40_M_1_K_1_P_2_beta_0.001_u_0.001_v_0.025_p_0.75_ϵ_1.0_gens_20000000_210211-110317.808
      From worker 13:	
      From worker 13:	starting b_1.0_c_0.2_N_40_M_1_K_1_P_2_beta_0.001_u_0.001_v_0.1_p_0.0_ϵ_1.0_gens_20000000_210211-110317.808
      From worker 10:	replicate complete, ran 20000000 generations:
      From worker 10:	
      From worker 10:		num_imitating:			17436850
      From worker 10:		num_not_imitating:		2563150
      From worker 10:		num_strategies_changed:  	512063
      From worker 10:			num_random_strategies: 	17416
      From worker 10:		num_sets_changed: 		4444873
      From worker 10:			num_random_opinions: 	327286
      From worker 10:			num_biased_opinions: 	108803
      From worker 10:		num_both_changed: 		191687
      From worker 10:	
      From worker 10:	data processed and exported
      From worker 10:	
      From worker 10:	starting b_1.0_c_0.2_N_40_M_1_K_1_P_2_beta_0.001_u_0.001_v_0.025_p_0.5_ϵ_1.0_gens_20000000_210211-110317.808
      From worker 4:	replicate complete, ran 20000000 generations:
      From worker 4:	
      From worker 4:		num_imitating:			17434054
      From worker 4:		num_not_imitating:		2565946
      From worker 4:		num_strategies_changed:  	516390
      From worker 4:			num_random_strategies: 	17457
      From worker 4:		num_sets_changed: 		1449710
      From worker 4:			num_random_opinions: 	64692
      From worker 4:			num_biased_opinions: 	22004
      From worker 4:		num_both_changed: 		77670
      From worker 4:	
      From worker 4:	data processed and exported
      From worker 4:	
      From worker 4:	starting b_1.0_c_0.2_N_40_M_1_K_1_P_2_beta_0.001_u_0.001_v_0.005_p_0.5_ϵ_1.0_gens_20000000_210211-110317.808
      From worker 5:	replicate complete, ran 20000000 generations:
      From worker 5:	
      From worker 5:		num_imitating:			14873219
      From worker 5:		num_not_imitating:		5126781
      From worker 5:		num_strategies_changed:  	407146
      From worker 5:			num_random_strategies: 	14641
      From worker 5:		num_sets_changed: 		2192826
      From worker 5:			num_random_opinions: 	74369
      From worker 5:			num_biased_opinions: 	74672
      From worker 5:		num_both_changed: 		102251
      From worker 5:	
      From worker 5:	data processed and exported
      From worker 5:	
      From worker 5:	starting b_1.0_c_0.2_N_40_M_1_K_1_P_2_beta_0.001_u_0.001_v_0.01_p_0.75_ϵ_1.0_gens_20000000_210211-110317.808
      From worker 14:	replicate complete, ran 20000000 generations:
      From worker 14:	
      From worker 14:		num_imitating:			20000000
      From worker 14:		num_not_imitating:		0
      From worker 14:		num_strategies_changed:  	565021
      From worker 14:			num_random_strategies: 	19856
      From worker 14:		num_sets_changed: 		8307611
      From worker 14:			num_random_opinions: 	2002514
      From worker 14:			num_biased_opinions: 	0
      From worker 14:		num_both_changed: 		270179
      From worker 14:	
      From worker 14:	data processed and exported
      From worker 14:	
      From worker 14:	starting b_1.0_c_0.2_N_40_M_1_K_1_P_2_beta_0.001_u_0.001_v_0.1_p_0.25_ϵ_1.0_gens_20000000_210211-110317.808
      From worker 6:	replicate complete, ran 20000000 generations:
      From worker 6:	
      From worker 6:		num_imitating:			12308135
      From worker 6:		num_not_imitating:		7691865
      From worker 6:		num_strategies_changed:  	356371
      From worker 6:			num_random_strategies: 	12137
      From worker 6:		num_sets_changed: 		1792430
      From worker 6:			num_random_opinions: 	30720
      From worker 6:			num_biased_opinions: 	92835
      From worker 6:		num_both_changed: 		93862
      From worker 6:	
      From worker 6:	data processed and exported
      From worker 6:	
      From worker 6:	starting b_1.0_c_0.2_N_40_M_1_K_1_P_2_beta_0.001_u_0.001_v_0.01_p_1.0_ϵ_1.0_gens_20000000_210211-110317.808
      From worker 8:	replicate complete, ran 20000000 generations:
      From worker 8:	
      From worker 8:		num_imitating:			20000000
      From worker 8:		num_not_imitating:		0
      From worker 8:		num_strategies_changed:  	587492
      From worker 8:			num_random_strategies: 	20116
      From worker 8:		num_sets_changed: 		4546502
      From worker 8:			num_random_opinions: 	399707
      From worker 8:			num_biased_opinions: 	0
      From worker 8:		num_both_changed: 		201379
      From worker 8:	
      From worker 8:	data processed and exported
      From worker 8:	
      From worker 8:	starting b_1.0_c_0.2_N_40_M_1_K_1_P_2_beta_0.001_u_0.001_v_0.02_p_0.25_ϵ_1.0_gens_20000000_210211-110317.808
      From worker 12:	replicate complete, ran 20000000 generations:
      From worker 12:	
      From worker 12:		num_imitating:			12305618
      From worker 12:		num_not_imitating:		7694382
      From worker 12:		num_strategies_changed:  	346374
      From worker 12:			num_random_strategies: 	12122
      From worker 12:		num_sets_changed: 		4151920
      From worker 12:			num_random_opinions: 	154009
      From worker 12:			num_biased_opinions: 	461781
      From worker 12:		num_both_changed: 		150506
      From worker 12:	
      From worker 12:	data processed and exported
      From worker 12:	
      From worker 12:	starting b_1.0_c_0.2_N_40_M_1_K_1_P_2_beta_0.001_u_0.001_v_0.05_p_1.0_ϵ_1.0_gens_20000000_210211-110317.808
      From worker 7:	replicate complete, ran 20000000 generations:
      From worker 7:	
      From worker 7:		num_imitating:			9747673
      From worker 7:		num_not_imitating:		10252327
      From worker 7:		num_strategies_changed:  	141357
      From worker 7:			num_random_strategies: 	9684
      From worker 7:		num_sets_changed: 		0
      From worker 7:			num_random_opinions: 	0
      From worker 7:			num_biased_opinions: 	145603
      From worker 7:		num_both_changed: 		0
      From worker 7:	
      From worker 7:	data processed and exported
      From worker 7:	
      From worker 7:	starting b_1.0_c_0.2_N_40_M_1_K_1_P_2_beta_0.001_u_0.001_v_0.015_p_0.0_ϵ_1.0_gens_20000000_210211-110317.808
      From worker 9:	replicate complete, ran 20000000 generations:
      From worker 9:	
      From worker 9:		num_imitating:			17432632
      From worker 9:		num_not_imitating:		2567368
      From worker 9:		num_strategies_changed:  	490564
      From worker 9:			num_random_strategies: 	17461
      From worker 9:		num_sets_changed: 		3968704
      From worker 9:			num_random_opinions: 	261798
      From worker 9:			num_biased_opinions: 	86685
      From worker 9:		num_both_changed: 		168424
      From worker 9:	
      From worker 9:	data processed and exported
      From worker 9:	
      From worker 9:	starting b_1.0_c_0.2_N_40_M_1_K_1_P_2_beta_0.001_u_0.001_v_0.02_p_0.5_ϵ_1.0_gens_20000000_210211-110317.808
      From worker 2:	replicate complete, ran 20000000 generations:
      From worker 2:	
      From worker 2:		num_imitating:			20000000
      From worker 2:		num_not_imitating:		0
      From worker 2:		num_strategies_changed:  	566823
      From worker 2:			num_random_strategies: 	19943
      From worker 2:		num_sets_changed: 		386242
      From worker 2:			num_random_opinions: 	19885
      From worker 2:			num_biased_opinions: 	0
      From worker 2:		num_both_changed: 		22051
      From worker 2:	
      From worker 2:	data processed and exported
      From worker 16:	replicate complete, ran 20000000 generations:
      From worker 16:	
      From worker 16:		num_imitating:			14871876
      From worker 16:		num_not_imitating:		5128124
      From worker 16:		num_strategies_changed:  	417930
      From worker 16:			num_random_strategies: 	14506
      From worker 16:		num_sets_changed: 		6694722
      From worker 16:			num_random_opinions: 	3720157
      From worker 16:			num_biased_opinions: 	3717597
      From worker 16:		num_both_changed: 		191352
      From worker 16:	
      From worker 16:	data processed and exported
      From worker 16:	
      From worker 16:	starting b_1.0_c_0.2_N_40_M_1_K_1_P_2_beta_0.001_u_0.001_v_0.5_p_0.75_ϵ_1.0_gens_20000000_210211-110317.808
      From worker 15:	replicate complete, ran 20000000 generations:
      From worker 15:	
      From worker 15:		num_imitating:			17437248
      From worker 15:		num_not_imitating:		2562752
      From worker 15:		num_strategies_changed:  	494578
      From worker 15:			num_random_strategies: 	17424
      From worker 15:		num_sets_changed: 		8453510
      From worker 15:			num_random_opinions: 	6537561
      From worker 15:			num_biased_opinions: 	2180026
      From worker 15:		num_both_changed: 		242441
      From worker 15:	
      From worker 15:	data processed and exported
      From worker 15:	
      From worker 15:	starting b_1.0_c_0.2_N_40_M_1_K_1_P_2_beta_0.001_u_0.001_v_0.5_p_0.5_ϵ_1.0_gens_20000000_210211-110317.808
      From worker 3:	replicate complete, ran 20000000 generations:
      From worker 3:	
      From worker 3:		num_imitating:			17436145
      From worker 3:		num_not_imitating:		2563855
      From worker 3:		num_strategies_changed:  	505585
      From worker 3:			num_random_strategies: 	17254
      From worker 3:		num_sets_changed: 		1480084
      From worker 3:			num_random_opinions: 	65294
      From worker 3:			num_biased_opinions: 	21912
      From worker 3:		num_both_changed: 		75375
      From worker 3:	
      From worker 3:	data processed and exported
      From worker 4:	replicate complete, ran 20000000 generations:
      From worker 4:	
      From worker 4:		num_imitating:			14868900
      From worker 4:		num_not_imitating:		5131100
      From worker 4:		num_strategies_changed:  	452820
      From worker 4:			num_random_strategies: 	15056
      From worker 4:		num_sets_changed: 		1260134
      From worker 4:			num_random_opinions: 	37348
      From worker 4:			num_biased_opinions: 	36869
      From worker 4:		num_both_changed: 		72411
      From worker 4:	
      From worker 4:	data processed and exported
      From worker 11:	replicate complete, ran 20000000 generations:
      From worker 11:	
      From worker 11:		num_imitating:			12311854
      From worker 11:		num_not_imitating:		7688146
      From worker 11:		num_strategies_changed:  	333936
      From worker 11:			num_random_strategies: 	12375
      From worker 11:		num_sets_changed: 		3126596
      From worker 11:			num_random_opinions: 	77342
      From worker 11:			num_biased_opinions: 	231142
      From worker 11:		num_both_changed: 		124464
      From worker 11:	
      From worker 11:	data processed and exported
      From worker 11:	
      From worker 11:	starting b_1.0_c_0.2_N_40_M_1_K_1_P_2_beta_0.001_u_0.001_v_0.025_p_1.0_ϵ_1.0_gens_20000000_210211-110317.808
      From worker 10:	replicate complete, ran 20000000 generations:
      From worker 10:	
      From worker 10:		num_imitating:			14869332
      From worker 10:		num_not_imitating:		5130668
      From worker 10:		num_strategies_changed:  	429591
      From worker 10:			num_random_strategies: 	14793
      From worker 10:		num_sets_changed: 		3814101
      From worker 10:			num_random_opinions: 	186109
      From worker 10:			num_biased_opinions: 	185598
      From worker 10:		num_both_changed: 		155856
      From worker 10:	
      From worker 10:	data processed and exported
      From worker 10:	
      From worker 10:	starting b_1.0_c_0.2_N_40_M_1_K_1_P_2_beta_0.001_u_0.001_v_0.025_p_0.75_ϵ_1.0_gens_20000000_210211-110317.808
      From worker 6:	replicate complete, ran 20000000 generations:
      From worker 6:	
      From worker 6:		num_imitating:			9745425
      From worker 6:		num_not_imitating:		10254575
      From worker 6:		num_strategies_changed:  	135003
      From worker 6:			num_random_strategies: 	9633
      From worker 6:		num_sets_changed: 		0
      From worker 6:			num_random_opinions: 	0
      From worker 6:			num_biased_opinions: 	97176
      From worker 6:		num_both_changed: 		0
      From worker 6:	
      From worker 6:	data processed and exported
      From worker 5:	replicate complete, ran 20000000 generations:
      From worker 5:	
      From worker 5:		num_imitating:			12309162
      From worker 5:		num_not_imitating:		7690838
      From worker 5:		num_strategies_changed:  	358170
      From worker 5:			num_random_strategies: 	12364
      From worker 5:		num_sets_changed: 		1810786
      From worker 5:			num_random_opinions: 	31143
      From worker 5:			num_biased_opinions: 	92742
      From worker 5:		num_both_changed: 		86645
      From worker 5:	
      From worker 5:	data processed and exported
      From worker 13:	replicate complete, ran 20000000 generations:
      From worker 13:	
      From worker 13:		num_imitating:			20000000
      From worker 13:		num_not_imitating:		0
      From worker 13:		num_strategies_changed:  	550510
      From worker 13:			num_random_strategies: 	19964
      From worker 13:		num_sets_changed: 		8331042
      From worker 13:			num_random_opinions: 	2001961
      From worker 13:			num_biased_opinions: 	0
      From worker 13:		num_both_changed: 		263192
      From worker 13:	
      From worker 13:	data processed and exported
      From worker 13:	
      From worker 13:	starting b_1.0_c_0.2_N_40_M_1_K_1_P_2_beta_0.001_u_0.001_v_0.1_p_0.25_ϵ_1.0_gens_20000000_210211-110317.808
      From worker 12:	replicate complete, ran 20000000 generations:
      From worker 12:	
      From worker 12:		num_imitating:			9747172
      From worker 12:		num_not_imitating:		10252828
      From worker 12:		num_strategies_changed:  	138262
      From worker 12:			num_random_strategies: 	9768
      From worker 12:		num_sets_changed: 		0
      From worker 12:			num_random_opinions: 	0
      From worker 12:			num_biased_opinions: 	486280
      From worker 12:		num_both_changed: 		0
      From worker 12:	
      From worker 12:	data processed and exported
      From worker 12:	
      From worker 12:	starting b_1.0_c_0.2_N_40_M_1_K_1_P_2_beta_0.001_u_0.001_v_0.05_p_0.0_ϵ_1.0_gens_20000000_210211-110317.808
      From worker 8:	replicate complete, ran 20000000 generations:
      From worker 8:	
      From worker 8:		num_imitating:			17435233
      From worker 8:		num_not_imitating:		2564767
      From worker 8:		num_strategies_changed:  	508404
      From worker 8:			num_random_strategies: 	17379
      From worker 8:		num_sets_changed: 		3908994
      From worker 8:			num_random_opinions: 	261615
      From worker 8:			num_biased_opinions: 	87386
      From worker 8:		num_both_changed: 		174069
      From worker 8:	
      From worker 8:	data processed and exported
      From worker 14:	replicate complete, ran 20000000 generations:
      From worker 14:	
      From worker 14:		num_imitating:			17435980
      From worker 14:		num_not_imitating:		2564020
      From worker 14:		num_strategies_changed:  	544264
      From worker 14:			num_random_strategies: 	17585
      From worker 14:		num_sets_changed: 		7222534
      From worker 14:			num_random_opinions: 	1307162
      From worker 14:			num_biased_opinions: 	436307
      From worker 14:		num_both_changed: 		262740
      From worker 14:	
      From worker 14:	data processed and exported
      From worker 9:	replicate complete, ran 20000000 generations:
      From worker 9:	
      From worker 9:		num_imitating:			14869654
      From worker 9:		num_not_imitating:		5130346
      From worker 9:		num_strategies_changed:  	427351
      From worker 9:			num_random_strategies: 	14778
      From worker 9:		num_sets_changed: 		3357116
      From worker 9:			num_random_opinions: 	147823
      From worker 9:			num_biased_opinions: 	149554
      From worker 9:		num_both_changed: 		143668
      From worker 9:	
      From worker 14:	
      From worker 14:	starting b_1.0_c_0.2_N_40_M_1_K_1_P_2_beta_0.001_u_0.001_v_0.1_p_0.5_ϵ_1.0_gens_20000000_210211-110317.808
      From worker 9:	data processed and exported
      From worker 7:	replicate complete, ran 20000000 generations:
      From worker 7:	
      From worker 7:		num_imitating:			20000000
      From worker 7:		num_not_imitating:		0
      From worker 7:		num_strategies_changed:  	599974
      From worker 7:			num_random_strategies: 	19811
      From worker 7:		num_sets_changed: 		3844192
      From worker 7:			num_random_opinions: 	299813
      From worker 7:			num_biased_opinions: 	0
      From worker 7:		num_both_changed: 		182564
      From worker 7:	
      From worker 7:	data processed and exported
      From worker 11:	replicate complete, ran 20000000 generations:
      From worker 11:	
      From worker 11:		num_imitating:			9746463
      From worker 11:		num_not_imitating:		10253537
      From worker 11:		num_strategies_changed:  	135537
      From worker 11:			num_random_strategies: 	9701
      From worker 11:		num_sets_changed: 		0
      From worker 11:			num_random_opinions: 	0
      From worker 11:			num_biased_opinions: 	242918
      From worker 11:		num_both_changed: 		0
      From worker 11:	
      From worker 11:	data processed and exported
      From worker 16:	replicate complete, ran 20000000 generations:
      From worker 16:	
      From worker 16:		num_imitating:			12304647
      From worker 16:		num_not_imitating:		7695353
      From worker 16:		num_strategies_changed:  	343270
      From worker 16:			num_random_strategies: 	12297
      From worker 16:		num_sets_changed: 		4356310
      From worker 16:			num_random_opinions: 	1537712
      From worker 16:			num_biased_opinions: 	4613456
      From worker 16:		num_both_changed: 		125605
      From worker 16:	
      From worker 16:	data processed and exported
      From worker 16:	
      From worker 16:	starting b_1.0_c_0.2_N_40_M_1_K_1_P_2_beta_0.001_u_0.001_v_0.5_p_1.0_ϵ_1.0_gens_20000000_210211-110317.808
      From worker 15:	replicate complete, ran 20000000 generations:
      From worker 15:	
      From worker 15:		num_imitating:			14871163
      From worker 15:		num_not_imitating:		5128837
      From worker 15:		num_strategies_changed:  	439422
      From worker 15:			num_random_strategies: 	14736
      From worker 15:		num_sets_changed: 		6694009
      From worker 15:			num_random_opinions: 	3717943
      From worker 15:			num_biased_opinions: 	3717261
      From worker 15:		num_both_changed: 		200433
      From worker 15:	
      From worker 15:	data processed and exported
      From worker 15:	
      From worker 15:	starting b_1.0_c_0.2_N_40_M_1_K_1_P_2_beta_0.001_u_0.001_v_0.5_p_0.75_ϵ_1.0_gens_20000000_210211-110317.808
      From worker 10:	replicate complete, ran 20000000 generations:
      From worker 10:	
      From worker 10:		num_imitating:			12307032
      From worker 10:		num_not_imitating:		7692968
      From worker 10:		num_strategies_changed:  	362471
      From worker 10:			num_random_strategies: 	12275
      From worker 10:		num_sets_changed: 		3124104
      From worker 10:			num_random_opinions: 	76991
      From worker 10:			num_biased_opinions: 	229987
      From worker 10:		num_both_changed: 		140063
      From worker 10:	
      From worker 10:	data processed and exported
      From worker 16:	replicate complete, ran 20000000 generations:
      From worker 16:	
      From worker 16:		num_imitating:			9742982
      From worker 16:		num_not_imitating:		10257018
      From worker 16:		num_strategies_changed:  	145936
      From worker 16:			num_random_strategies: 	9819
      From worker 16:		num_sets_changed: 		0
      From worker 16:			num_random_opinions: 	0
      From worker 16:			num_biased_opinions: 	4870452
      From worker 16:		num_both_changed: 		0
      From worker 16:	
      From worker 16:	data processed and exported
      From worker 13:	replicate complete, ran 20000000 generations:
      From worker 13:	
      From worker 13:		num_imitating:			17438828
      From worker 13:		num_not_imitating:		2561172
      From worker 13:		num_strategies_changed:  	498770
      From worker 13:			num_random_strategies: 	17309
      From worker 13:		num_sets_changed: 		7246411
      From worker 13:			num_random_opinions: 	1309115
      From worker 13:			num_biased_opinions: 	436462
      From worker 13:		num_both_changed: 		239779
      From worker 13:	
      From worker 13:	data processed and exported
      From worker 12:	replicate complete, ran 20000000 generations:
      From worker 12:	
 Activating environment at `/tigress/mk28/CooperationPolarization2/Project.toml`
 Activating environment at `/tigress/mk28/CooperationPolarization2/Project.toml`
      From worker 12:		num_imitating:			20000000
      From worker 12:		num_not_imitating:		0
      From worker 12:		num_strategies_changed:  	587856
      From worker 12:			num_random_strategies: 	19943
      From worker 12:		num_sets_changed: 		6862005
      From worker 12:			num_random_opinions: 	999737
      From worker 12:			num_biased_opinions: 	0
      From worker 12:		num_both_changed: 		262647
      From worker 12:	
      From worker 12:	data processed and exported
      From worker 14:	replicate complete, ran 20000000 generations:
      From worker 14:	
      From worker 14:		num_imitating:			14870428
      From worker 14:		num_not_imitating:		5129572
      From worker 14:		num_strategies_changed:  	413449
      From worker 14:			num_random_strategies: 	14830
      From worker 14:		num_sets_changed: 		6125289
      From worker 14:			num_random_opinions: 	743815
      From worker 14:			num_biased_opinions: 	745124
      From worker 14:		num_both_changed: 		197110
      From worker 14:	
      From worker 14:	data processed and exported
      From worker 15:	replicate complete, ran 20000000 generations:
      From worker 15:	
      From worker 15:		num_imitating:			12310555
      From worker 15:		num_not_imitating:		7689445
      From worker 15:		num_strategies_changed:  	353897
      From worker 15:			num_random_strategies: 	12326
      From worker 15:		num_sets_changed: 		4361334
      From worker 15:			num_random_opinions: 	1539570
      From worker 15:			num_biased_opinions: 	4614542
      From worker 15:		num_both_changed: 		130014
      From worker 15:	
      From worker 15:	data processed and exported
7349.094547 seconds (2.50 M allocations: 115.492 MiB, 0.00% gc time)
