packages loaded
      From worker 3:	 Activating environment at `/tigress/mk28/CooperationPolarization2/Project.toml`
      From worker 4:	 Activating environment at `/tigress/mk28/CooperationPolarization2/Project.toml`
      From worker 6:	 Activating environment at `/tigress/mk28/CooperationPolarization2/Project.toml`
      From worker 2:	 Activating environment at `/tigress/mk28/CooperationPolarization2/Project.toml`
      From worker 14:	 Activating environment at `/tigress/mk28/CooperationPolarization2/Project.toml`
      From worker 11:	 Activating environment at `/tigress/mk28/CooperationPolarization2/Project.toml`
      From worker 8:	 Activating environment at `/tigress/mk28/CooperationPolarization2/Project.toml`
      From worker 9:	 Activating environment at `/tigress/mk28/CooperationPolarization2/Project.toml`
      From worker 15:	 Activating environment at `/tigress/mk28/CooperationPolarization2/Project.toml`
      From worker 13:	 Activating environment at `/tigress/mk28/CooperationPolarization2/Project.toml`
      From worker 16:	 Activating environment at `/tigress/mk28/CooperationPolarization2/Project.toml`
      From worker 7:	 Activating environment at `/tigress/mk28/CooperationPolarization2/Project.toml`
      From worker 10:	 Activating environment at `/tigress/mk28/CooperationPolarization2/Project.toml`
      From worker 12:	 Activating environment at `/tigress/mk28/CooperationPolarization2/Project.toml`
      From worker 5:	 Activating environment at `/tigress/mk28/CooperationPolarization2/Project.toml`
      From worker 2:	packages loaded
      From worker 3:	packages loaded
      From worker 13:	packages loaded
      From worker 6:	packages loaded
      From worker 4:	packages loaded
      From worker 15:	packages loaded
      From worker 10:	packages loaded
      From worker 7:	packages loaded
      From worker 16:	packages loaded
      From worker 11:	packages loaded
      From worker 14:	packages loaded
      From worker 9:	packages loaded
      From worker 8:	packages loaded
      From worker 12:	packages loaded
      From worker 5:	packages loaded
parameters defined
      From worker 2:	
      From worker 2:	starting b_1.0_c_0.2_N_40_M_5_K_2_P_2_beta_0.001_u_0.001_v_0.001_p_0.0_ϵ_1.0_gens_20000000_210214-204054.073
      From worker 11:	
      From worker 11:	starting b_1.0_c_0.2_N_40_M_5_K_2_P_2_beta_0.001_u_0.001_v_0.025_p_0.0_ϵ_1.0_gens_20000000_210214-204054.073
      From worker 6:	
      From worker 6:	starting b_1.0_c_0.2_N_40_M_5_K_2_P_2_beta_0.001_u_0.001_v_0.001_p_0.0_ϵ_1.0_gens_20000000_210214-204054.073
      From worker 9:	
      From worker 9:	starting b_1.0_c_0.2_N_40_M_5_K_2_P_2_beta_0.001_u_0.001_v_0.025_p_0.0_ϵ_1.0_gens_20000000_210214-204054.073
      From worker 16:	
      From worker 16:	starting b_1.0_c_0.2_N_40_M_5_K_2_P_2_beta_0.001_u_0.001_v_0.1_p_0.0_ϵ_1.0_gens_20000000_210214-204054.073
      From worker 7:	
      From worker 7:	starting b_1.0_c_0.2_N_40_M_5_K_2_P_2_beta_0.001_u_0.001_v_0.025_p_0.0_ϵ_1.0_gens_20000000_210214-204054.073
      From worker 12:	
      From worker 12:	starting b_1.0_c_0.2_N_40_M_5_K_2_P_2_beta_0.001_u_0.001_v_0.1_p_0.0_ϵ_1.0_gens_20000000_210214-204054.073
      From worker 3:	
      From worker 3:	starting b_1.0_c_0.2_N_40_M_5_K_2_P_2_beta_0.001_u_0.001_v_0.001_p_0.0_ϵ_1.0_gens_20000000_210214-204054.073
      From worker 15:	
      From worker 15:	starting b_1.0_c_0.2_N_40_M_5_K_2_P_2_beta_0.001_u_0.001_v_0.1_p_0.0_ϵ_1.0_gens_20000000_210214-204054.073
      From worker 4:	
      From worker 4:	starting b_1.0_c_0.2_N_40_M_5_K_2_P_2_beta_0.001_u_0.001_v_0.001_p_0.0_ϵ_1.0_gens_20000000_210214-204054.073
      From worker 10:	
      From worker 10:	starting b_1.0_c_0.2_N_40_M_5_K_2_P_2_beta_0.001_u_0.001_v_0.025_p_0.0_ϵ_1.0_gens_20000000_210214-204054.073
      From worker 8:	
      From worker 8:	starting b_1.0_c_0.2_N_40_M_5_K_2_P_2_beta_0.001_u_0.001_v_0.025_p_0.0_ϵ_1.0_gens_20000000_210214-204054.073
      From worker 14:	
      From worker 14:	starting b_1.0_c_0.2_N_40_M_5_K_2_P_2_beta_0.001_u_0.001_v_0.1_p_0.0_ϵ_1.0_gens_20000000_210214-204054.073
      From worker 13:	
      From worker 13:	starting b_1.0_c_0.2_N_40_M_5_K_2_P_2_beta_0.001_u_0.001_v_0.1_p_0.0_ϵ_1.0_gens_20000000_210214-204054.073
      From worker 5:	
      From worker 5:	starting b_1.0_c_0.2_N_40_M_5_K_2_P_2_beta_0.001_u_0.001_v_0.001_p_0.0_ϵ_1.0_gens_20000000_210214-204054.073
      From worker 6:	replicate complete, ran 20000000 generations:
      From worker 6:	
      From worker 6:		num_imitating:			20000000
      From worker 6:		num_not_imitating:		0
      From worker 6:		num_strategies_changed:  	561399
      From worker 6:			num_random_strategies: 	20043
      From worker 6:		num_sets_changed: 		683408
      From worker 6:			num_random_opinions: 	20006
      From worker 6:			num_biased_opinions: 	0
      From worker 6:		num_both_changed: 		33355
      From worker 6:	
      From worker 3:	replicate complete, ran 20000000 generations:
      From worker 3:	
      From worker 3:		num_imitating:			20000000
      From worker 3:		num_not_imitating:		0
      From worker 3:		num_strategies_changed:  	573869
      From worker 3:			num_random_strategies: 	19918
      From worker 3:		num_sets_changed: 		694583
      From worker 3:			num_random_opinions: 	19885
      From worker 3:			num_biased_opinions: 	0
      From worker 3:		num_both_changed: 		38576
      From worker 3:	
      From worker 4:	replicate complete, ran 20000000 generations:
      From worker 4:	
      From worker 4:		num_imitating:			20000000
      From worker 4:		num_not_imitating:		0
      From worker 4:		num_strategies_changed:  	570533
      From worker 4:			num_random_strategies: 	20488
      From worker 4:		num_sets_changed: 		745540
      From worker 4:			num_random_opinions: 	20110
      From worker 4:			num_biased_opinions: 	0
      From worker 4:		num_both_changed: 		37656
      From worker 4:	
      From worker 5:	replicate complete, ran 20000000 generations:
      From worker 5:	
      From worker 5:		num_imitating:			20000000
      From worker 5:		num_not_imitating:		0
      From worker 5:		num_strategies_changed:  	558025
      From worker 5:			num_random_strategies: 	20067
      From worker 5:		num_sets_changed: 		720644
      From worker 5:			num_random_opinions: 	20077
      From worker 5:			num_biased_opinions: 	0
      From worker 5:		num_both_changed: 		40685
      From worker 5:	
      From worker 2:	replicate complete, ran 20000000 generations:
      From worker 2:	
      From worker 2:		num_imitating:			20000000
      From worker 2:		num_not_imitating:		0
      From worker 2:		num_strategies_changed:  	585810
      From worker 2:			num_random_strategies: 	20072
      From worker 2:		num_sets_changed: 		741133
      From worker 2:			num_random_opinions: 	20153
      From worker 2:			num_biased_opinions: 	0
      From worker 2:		num_both_changed: 		42333
      From worker 2:	
      From worker 6:	data processed and exported
      From worker 3:	data processed and exported
      From worker 6:	
      From worker 6:	starting b_1.0_c_0.2_N_40_M_5_K_2_P_2_beta_0.001_u_0.001_v_0.001_p_0.25_ϵ_1.0_gens_20000000_210214-204054.073
      From worker 3:	
      From worker 3:	starting b_1.0_c_0.2_N_40_M_5_K_2_P_2_beta_0.001_u_0.001_v_0.001_p_0.25_ϵ_1.0_gens_20000000_210214-204054.073
      From worker 2:	data processed and exported
      From worker 5:	data processed and exported
      From worker 4:	data processed and exported
      From worker 2:	
      From worker 2:	starting b_1.0_c_0.2_N_40_M_5_K_2_P_2_beta_0.001_u_0.001_v_0.001_p_0.25_ϵ_1.0_gens_20000000_210214-204054.073
      From worker 5:	
      From worker 5:	starting b_1.0_c_0.2_N_40_M_5_K_2_P_2_beta_0.001_u_0.001_v_0.001_p_0.25_ϵ_1.0_gens_20000000_210214-204054.073
      From worker 4:	
      From worker 4:	starting b_1.0_c_0.2_N_40_M_5_K_2_P_2_beta_0.001_u_0.001_v_0.001_p_0.25_ϵ_1.0_gens_20000000_210214-204054.073
      From worker 9:	replicate complete, ran 20000000 generations:
      From worker 9:	
      From worker 9:		num_imitating:			20000000
      From worker 9:		num_not_imitating:		0
      From worker 9:		num_strategies_changed:  	547229
      From worker 9:			num_random_strategies: 	19994
      From worker 9:		num_sets_changed: 		9559764
      From worker 9:			num_random_opinions: 	499440
      From worker 9:			num_biased_opinions: 	0
      From worker 9:		num_both_changed: 		385348
      From worker 9:	
      From worker 8:	replicate complete, ran 20000000 generations:
      From worker 8:	
      From worker 8:		num_imitating:			20000000
      From worker 8:		num_not_imitating:		0
      From worker 8:		num_strategies_changed:  	554280
      From worker 8:			num_random_strategies: 	20134
      From worker 8:		num_sets_changed: 		9495953
      From worker 8:			num_random_opinions: 	500590
      From worker 8:			num_biased_opinions: 	0
      From worker 8:		num_both_changed: 		389476
      From worker 8:	
      From worker 11:	replicate complete, ran 20000000 generations:
      From worker 11:	
      From worker 11:		num_imitating:			20000000
      From worker 11:		num_not_imitating:		0
      From worker 11:		num_strategies_changed:  	571765
      From worker 11:			num_random_strategies: 	20292
      From worker 11:		num_sets_changed: 		9530167
      From worker 11:			num_random_opinions: 	500332
      From worker 11:			num_biased_opinions: 	0
      From worker 11:		num_both_changed: 		400250
      From worker 11:	
      From worker 10:	replicate complete, ran 20000000 generations:
      From worker 10:	
      From worker 10:		num_imitating:			20000000
      From worker 10:		num_not_imitating:		0
      From worker 10:		num_strategies_changed:  	586196
      From worker 10:			num_random_strategies: 	20352
      From worker 10:		num_sets_changed: 		9468453
      From worker 10:			num_random_opinions: 	498889
      From worker 10:			num_biased_opinions: 	0
      From worker 10:		num_both_changed: 		410483
      From worker 10:	
      From worker 7:	replicate complete, ran 20000000 generations:
      From worker 7:	
      From worker 7:		num_imitating:			20000000
      From worker 7:		num_not_imitating:		0
      From worker 7:		num_strategies_changed:  	551500
      From worker 7:			num_random_strategies: 	20079
      From worker 7:		num_sets_changed: 		9566657
      From worker 7:			num_random_opinions: 	499837
      From worker 7:			num_biased_opinions: 	0
      From worker 7:		num_both_changed: 		384632
      From worker 7:	
      From worker 9:	data processed and exported
      From worker 8:	data processed and exported
      From worker 9:	
      From worker 9:	starting b_1.0_c_0.2_N_40_M_5_K_2_P_2_beta_0.001_u_0.001_v_0.025_p_0.25_ϵ_1.0_gens_20000000_210214-204054.073
      From worker 8:	
      From worker 8:	starting b_1.0_c_0.2_N_40_M_5_K_2_P_2_beta_0.001_u_0.001_v_0.025_p_0.25_ϵ_1.0_gens_20000000_210214-204054.073
      From worker 7:	data processed and exported
      From worker 11:	data processed and exported
      From worker 7:	
      From worker 7:	starting b_1.0_c_0.2_N_40_M_5_K_2_P_2_beta_0.001_u_0.001_v_0.025_p_0.25_ϵ_1.0_gens_20000000_210214-204054.073
      From worker 10:	data processed and exported
      From worker 11:	
      From worker 11:	starting b_1.0_c_0.2_N_40_M_5_K_2_P_2_beta_0.001_u_0.001_v_0.025_p_0.25_ϵ_1.0_gens_20000000_210214-204054.073
      From worker 10:	
      From worker 10:	starting b_1.0_c_0.2_N_40_M_5_K_2_P_2_beta_0.001_u_0.001_v_0.025_p_0.25_ϵ_1.0_gens_20000000_210214-204054.073
      From worker 15:	replicate complete, ran 20000000 generations:
      From worker 15:	
      From worker 15:		num_imitating:			20000000
      From worker 15:		num_not_imitating:		0
      From worker 15:		num_strategies_changed:  	545168
      From worker 15:			num_random_strategies: 	19962
      From worker 15:		num_sets_changed: 		15855675
      From worker 15:			num_random_opinions: 	1997952
      From worker 15:			num_biased_opinions: 	0
      From worker 15:		num_both_changed: 		508080
      From worker 15:	
      From worker 12:	replicate complete, ran 20000000 generations:
      From worker 12:	
      From worker 12:		num_imitating:			20000000
      From worker 12:		num_not_imitating:		0
      From worker 12:		num_strategies_changed:  	569450
      From worker 12:			num_random_strategies: 	20085
      From worker 12:		num_sets_changed: 		15833474
      From worker 12:			num_random_opinions: 	1996971
      From worker 12:			num_biased_opinions: 	0
      From worker 12:		num_both_changed: 		532499
      From worker 12:	
      From worker 16:	replicate complete, ran 20000000 generations:
      From worker 16:	
      From worker 16:		num_imitating:			20000000
      From worker 16:		num_not_imitating:		0
      From worker 16:		num_strategies_changed:  	578821
      From worker 16:			num_random_strategies: 	20222
      From worker 16:		num_sets_changed: 		15863828
      From worker 16:			num_random_opinions: 	2002324
      From worker 16:			num_biased_opinions: 	0
      From worker 16:		num_both_changed: 		541337
      From worker 16:	
      From worker 13:	replicate complete, ran 20000000 generations:
      From worker 13:	
      From worker 13:		num_imitating:			20000000
      From worker 13:		num_not_imitating:		0
      From worker 13:		num_strategies_changed:  	574505
      From worker 13:			num_random_strategies: 	20090
      From worker 13:		num_sets_changed: 		15861363
      From worker 13:			num_random_opinions: 	2000104
      From worker 13:			num_biased_opinions: 	0
      From worker 13:		num_both_changed: 		537291
      From worker 13:	
      From worker 14:	replicate complete, ran 20000000 generations:
      From worker 14:	
      From worker 14:		num_imitating:			20000000
      From worker 14:		num_not_imitating:		0
      From worker 14:		num_strategies_changed:  	568083
      From worker 14:			num_random_strategies: 	19746
      From worker 14:		num_sets_changed: 		15854746
      From worker 14:			num_random_opinions: 	1998238
      From worker 14:			num_biased_opinions: 	0
      From worker 14:		num_both_changed: 		530629
      From worker 14:	
      From worker 15:	data processed and exported
      From worker 15:	
      From worker 15:	starting b_1.0_c_0.2_N_40_M_5_K_2_P_2_beta_0.001_u_0.001_v_0.1_p_0.25_ϵ_1.0_gens_20000000_210214-204054.073
      From worker 16:	data processed and exported
      From worker 12:	data processed and exported
      From worker 14:	data processed and exported
      From worker 16:	
      From worker 16:	starting b_1.0_c_0.2_N_40_M_5_K_2_P_2_beta_0.001_u_0.001_v_0.1_p_0.25_ϵ_1.0_gens_20000000_210214-204054.073
      From worker 13:	data processed and exported
      From worker 12:	
      From worker 12:	starting b_1.0_c_0.2_N_40_M_5_K_2_P_2_beta_0.001_u_0.001_v_0.1_p_0.25_ϵ_1.0_gens_20000000_210214-204054.073
      From worker 14:	
      From worker 14:	starting b_1.0_c_0.2_N_40_M_5_K_2_P_2_beta_0.001_u_0.001_v_0.1_p_0.25_ϵ_1.0_gens_20000000_210214-204054.073
      From worker 13:	
      From worker 13:	starting b_1.0_c_0.2_N_40_M_5_K_2_P_2_beta_0.001_u_0.001_v_0.1_p_0.25_ϵ_1.0_gens_20000000_210214-204054.073
      From worker 6:	replicate complete, ran 20000000 generations:
      From worker 6:	
      From worker 6:		num_imitating:			17501856
      From worker 6:		num_not_imitating:		2498144
      From worker 6:		num_strategies_changed:  	480009
      From worker 6:			num_random_strategies: 	17589
      From worker 6:		num_sets_changed: 		631153
      From worker 6:			num_random_opinions: 	13150
      From worker 6:			num_biased_opinions: 	4397
      From worker 6:		num_both_changed: 		30629
      From worker 6:	
      From worker 3:	replicate complete, ran 20000000 generations:
      From worker 3:	
      From worker 3:		num_imitating:			17500216
      From worker 3:		num_not_imitating:		2499784
      From worker 3:		num_strategies_changed:  	480878
      From worker 3:			num_random_strategies: 	17492
      From worker 3:		num_sets_changed: 		641811
      From worker 3:			num_random_opinions: 	13114
      From worker 3:			num_biased_opinions: 	4356
      From worker 3:		num_both_changed: 		34048
      From worker 3:	
      From worker 4:	replicate complete, ran 20000000 generations:
      From worker 4:	
      From worker 4:		num_imitating:			17500637
      From worker 4:		num_not_imitating:		2499363
      From worker 4:		num_strategies_changed:  	491310
      From worker 4:			num_random_strategies: 	17419
      From worker 4:		num_sets_changed: 		613133
      From worker 4:			num_random_opinions: 	13307
      From worker 4:			num_biased_opinions: 	4284
      From worker 4:		num_both_changed: 		29774
      From worker 4:	
      From worker 6:	data processed and exported
      From worker 3:	data processed and exported
      From worker 6:	
      From worker 6:	starting b_1.0_c_0.2_N_40_M_5_K_2_P_2_beta_0.001_u_0.001_v_0.001_p_0.5_ϵ_1.0_gens_20000000_210214-204054.073
      From worker 2:	replicate complete, ran 20000000 generations:
      From worker 2:	
      From worker 2:		num_imitating:			17502124
      From worker 2:		num_not_imitating:		2497876
      From worker 2:		num_strategies_changed:  	517689
      From worker 2:			num_random_strategies: 	17384
      From worker 2:		num_sets_changed: 		604701
      From worker 2:			num_random_opinions: 	12906
      From worker 2:			num_biased_opinions: 	4256
      From worker 2:		num_both_changed: 		33944
      From worker 2:	
      From worker 5:	replicate complete, ran 20000000 generations:
      From worker 5:	
      From worker 5:		num_imitating:			17500122
      From worker 5:		num_not_imitating:		2499878
      From worker 5:		num_strategies_changed:  	479725
      From worker 5:			num_random_strategies: 	17492
      From worker 5:		num_sets_changed: 		587544
      From worker 5:			num_random_opinions: 	13015
      From worker 5:			num_biased_opinions: 	4398
      From worker 5:		num_both_changed: 		32431
      From worker 5:	
      From worker 3:	
      From worker 3:	starting b_1.0_c_0.2_N_40_M_5_K_2_P_2_beta_0.001_u_0.001_v_0.001_p_0.5_ϵ_1.0_gens_20000000_210214-204054.073
      From worker 4:	data processed and exported
      From worker 4:	
      From worker 4:	starting b_1.0_c_0.2_N_40_M_5_K_2_P_2_beta_0.001_u_0.001_v_0.001_p_0.5_ϵ_1.0_gens_20000000_210214-204054.073
      From worker 2:	data processed and exported
      From worker 5:	data processed and exported
      From worker 2:	
      From worker 2:	starting b_1.0_c_0.2_N_40_M_5_K_2_P_2_beta_0.001_u_0.001_v_0.001_p_0.5_ϵ_1.0_gens_20000000_210214-204054.073
      From worker 5:	
      From worker 5:	starting b_1.0_c_0.2_N_40_M_5_K_2_P_2_beta_0.001_u_0.001_v_0.001_p_0.5_ϵ_1.0_gens_20000000_210214-204054.073
      From worker 6:	replicate complete, ran 20000000 generations:
      From worker 6:	
      From worker 6:		num_imitating:			14998887
      From worker 6:		num_not_imitating:		5001113
      From worker 6:		num_strategies_changed:  	408060
      From worker 6:			num_random_strategies: 	14978
      From worker 6:		num_sets_changed: 		504529
      From worker 6:			num_random_opinions: 	7422
      From worker 6:			num_biased_opinions: 	7433
      From worker 6:		num_both_changed: 		23458
      From worker 6:	
      From worker 3:	replicate complete, ran 20000000 generations:
      From worker 3:	
      From worker 3:		num_imitating:			15000633
      From worker 3:		num_not_imitating:		4999367
      From worker 3:		num_strategies_changed:  	429915
      From worker 3:			num_random_strategies: 	14986
      From worker 3:		num_sets_changed: 		528870
      From worker 3:			num_random_opinions: 	7529
      From worker 3:			num_biased_opinions: 	7519
      From worker 3:		num_both_changed: 		26381
      From worker 3:	
      From worker 6:	data processed and exported
      From worker 4:	replicate complete, ran 20000000 generations:
      From worker 4:	
      From worker 4:		num_imitating:			15001483
      From worker 4:		num_not_imitating:		4998517
      From worker 4:		num_strategies_changed:  	429753
      From worker 4:			num_random_strategies: 	14987
      From worker 4:		num_sets_changed: 		504689
      From worker 4:			num_random_opinions: 	7539
      From worker 4:			num_biased_opinions: 	7460
      From worker 4:		num_both_changed: 		28779
      From worker 4:	
      From worker 6:	
      From worker 6:	starting b_1.0_c_0.2_N_40_M_5_K_2_P_2_beta_0.001_u_0.001_v_0.001_p_0.75_ϵ_1.0_gens_20000000_210214-204054.073
      From worker 3:	data processed and exported
      From worker 3:	
      From worker 3:	starting b_1.0_c_0.2_N_40_M_5_K_2_P_2_beta_0.001_u_0.001_v_0.001_p_0.75_ϵ_1.0_gens_20000000_210214-204054.073
      From worker 4:	data processed and exported
      From worker 2:	replicate complete, ran 20000000 generations:
      From worker 2:	
      From worker 2:		num_imitating:			14999370
      From worker 2:		num_not_imitating:		5000630
      From worker 2:		num_strategies_changed:  	445047
      From worker 2:			num_random_strategies: 	15024
      From worker 2:		num_sets_changed: 		543699
      From worker 2:			num_random_opinions: 	7376
      From worker 2:			num_biased_opinions: 	7486
      From worker 2:		num_both_changed: 		33471
      From worker 2:	
      From worker 5:	replicate complete, ran 20000000 generations:
      From worker 5:	
      From worker 5:		num_imitating:			14999890
      From worker 5:		num_not_imitating:		5000110
      From worker 5:		num_strategies_changed:  	413401
      From worker 5:			num_random_strategies: 	14957
      From worker 5:		num_sets_changed: 		509459
      From worker 5:			num_random_opinions: 	7484
      From worker 5:			num_biased_opinions: 	7478
      From worker 5:		num_both_changed: 		28496
      From worker 5:	
      From worker 4:	
      From worker 4:	starting b_1.0_c_0.2_N_40_M_5_K_2_P_2_beta_0.001_u_0.001_v_0.001_p_0.75_ϵ_1.0_gens_20000000_210214-204054.073
      From worker 2:	data processed and exported
      From worker 5:	data processed and exported
      From worker 2:	
      From worker 2:	starting b_1.0_c_0.2_N_40_M_5_K_2_P_2_beta_0.001_u_0.001_v_0.001_p_0.75_ϵ_1.0_gens_20000000_210214-204054.073
      From worker 5:	
      From worker 5:	starting b_1.0_c_0.2_N_40_M_5_K_2_P_2_beta_0.001_u_0.001_v_0.001_p_0.75_ϵ_1.0_gens_20000000_210214-204054.073
      From worker 9:	replicate complete, ran 20000000 generations:
      From worker 9:	
      From worker 9:		num_imitating:			17499453
      From worker 9:		num_not_imitating:		2500547
      From worker 9:		num_strategies_changed:  	513082
      From worker 9:			num_random_strategies: 	17532
      From worker 9:		num_sets_changed: 		8323709
      From worker 9:			num_random_opinions: 	327628
      From worker 9:			num_biased_opinions: 	109028
      From worker 9:		num_both_changed: 		361311
      From worker 9:	
      From worker 8:	replicate complete, ran 20000000 generations:
      From worker 8:	
      From worker 8:		num_imitating:			17502156
      From worker 8:		num_not_imitating:		2497844
      From worker 8:		num_strategies_changed:  	465611
      From worker 8:			num_random_strategies: 	17675
      From worker 8:		num_sets_changed: 		8327320
      From worker 8:			num_random_opinions: 	328699
      From worker 8:			num_biased_opinions: 	109664
      From worker 8:		num_both_changed: 		319071
      From worker 8:	
      From worker 9:	data processed and exported
      From worker 7:	replicate complete, ran 20000000 generations:
      From worker 7:	
      From worker 7:		num_imitating:			17500671
      From worker 7:		num_not_imitating:		2499329
      From worker 7:		num_strategies_changed:  	477150
      From worker 7:			num_random_strategies: 	17376
      From worker 7:		num_sets_changed: 		8253548
      From worker 7:			num_random_opinions: 	328629
      From worker 7:			num_biased_opinions: 	109133
      From worker 7:		num_both_changed: 		333256
      From worker 7:	
      From worker 9:	
      From worker 9:	starting b_1.0_c_0.2_N_40_M_5_K_2_P_2_beta_0.001_u_0.001_v_0.025_p_0.5_ϵ_1.0_gens_20000000_210214-204054.073
      From worker 11:	replicate complete, ran 20000000 generations:
      From worker 11:	
      From worker 11:		num_imitating:			17498513
      From worker 11:		num_not_imitating:		2501487
      From worker 11:		num_strategies_changed:  	494884
      From worker 11:			num_random_strategies: 	17538
      From worker 11:		num_sets_changed: 		8336015
      From worker 11:			num_random_opinions: 	327167
      From worker 11:			num_biased_opinions: 	109205
      From worker 11:		num_both_changed: 		344107
      From worker 11:	
      From worker 8:	data processed and exported
      From worker 10:	replicate complete, ran 20000000 generations:
      From worker 10:	
      From worker 10:		num_imitating:			17499662
      From worker 10:		num_not_imitating:		2500338
      From worker 10:		num_strategies_changed:  	489763
      From worker 10:			num_random_strategies: 	17591
      From worker 10:		num_sets_changed: 		8357152
      From worker 10:			num_random_opinions: 	328974
      From worker 10:			num_biased_opinions: 	108932
      From worker 10:		num_both_changed: 		342029
      From worker 10:	
      From worker 8:	
      From worker 8:	starting b_1.0_c_0.2_N_40_M_5_K_2_P_2_beta_0.001_u_0.001_v_0.025_p_0.5_ϵ_1.0_gens_20000000_210214-204054.073
      From worker 7:	data processed and exported
      From worker 11:	data processed and exported
      From worker 7:	
      From worker 7:	starting b_1.0_c_0.2_N_40_M_5_K_2_P_2_beta_0.001_u_0.001_v_0.025_p_0.5_ϵ_1.0_gens_20000000_210214-204054.073
      From worker 11:	
      From worker 11:	starting b_1.0_c_0.2_N_40_M_5_K_2_P_2_beta_0.001_u_0.001_v_0.025_p_0.5_ϵ_1.0_gens_20000000_210214-204054.073
      From worker 10:	data processed and exported
      From worker 10:	
      From worker 10:	starting b_1.0_c_0.2_N_40_M_5_K_2_P_2_beta_0.001_u_0.001_v_0.025_p_0.5_ϵ_1.0_gens_20000000_210214-204054.073
      From worker 16:	replicate complete, ran 20000000 generations:
      From worker 16:	
      From worker 16:		num_imitating:			17500132
      From worker 16:		num_not_imitating:		2499868
      From worker 16:		num_strategies_changed:  	478450
      From worker 16:			num_random_strategies: 	17333
      From worker 16:		num_sets_changed: 		13812600
      From worker 16:			num_random_opinions: 	1312326
      From worker 16:			num_biased_opinions: 	438509
      From worker 16:		num_both_changed: 		445489
      From worker 16:	
      From worker 15:	replicate complete, ran 20000000 generations:
      From worker 15:	
      From worker 15:		num_imitating:			17500282
      From worker 15:		num_not_imitating:		2499718
      From worker 15:		num_strategies_changed:  	491862
      From worker 15:			num_random_strategies: 	17601
      From worker 15:		num_sets_changed: 		13811668
      From worker 15:			num_random_opinions: 	1311463
      From worker 15:			num_biased_opinions: 	438094
      From worker 15:		num_both_changed: 		458517
      From worker 15:	
      From worker 12:	replicate complete, ran 20000000 generations:
      From worker 12:	
      From worker 12:		num_imitating:			17500951
      From worker 12:		num_not_imitating:		2499049
      From worker 12:		num_strategies_changed:  	515773
      From worker 12:			num_random_strategies: 	17474
      From worker 12:		num_sets_changed: 		13812730
      From worker 12:			num_random_opinions: 	1312886
      From worker 12:			num_biased_opinions: 	437534
      From worker 12:		num_both_changed: 		481470
      From worker 12:	
      From worker 13:	replicate complete, ran 20000000 generations:
      From worker 13:	
      From worker 13:		num_imitating:			17495168
      From worker 13:		num_not_imitating:		2504832
      From worker 13:		num_strategies_changed:  	496481
      From worker 13:			num_random_strategies: 	17550
      From worker 13:		num_sets_changed: 		13802305
      From worker 13:			num_random_opinions: 	1312100
      From worker 13:			num_biased_opinions: 	438040
      From worker 13:		num_both_changed: 		463618
      From worker 13:	
      From worker 14:	replicate complete, ran 20000000 generations:
      From worker 14:	
      From worker 14:		num_imitating:			17500133
      From worker 14:		num_not_imitating:		2499867
      From worker 14:		num_strategies_changed:  	522407
      From worker 14:			num_random_strategies: 	17661
      From worker 14:		num_sets_changed: 		13802392
      From worker 14:			num_random_opinions: 	1313911
      From worker 14:			num_biased_opinions: 	437360
      From worker 14:		num_both_changed: 		488029
      From worker 14:	
      From worker 16:	data processed and exported
      From worker 12:	data processed and exported
      From worker 15:	data processed and exported
      From worker 16:	
      From worker 16:	starting b_1.0_c_0.2_N_40_M_5_K_2_P_2_beta_0.001_u_0.001_v_0.1_p_0.5_ϵ_1.0_gens_20000000_210214-204054.073
      From worker 12:	
      From worker 12:	starting b_1.0_c_0.2_N_40_M_5_K_2_P_2_beta_0.001_u_0.001_v_0.1_p_0.5_ϵ_1.0_gens_20000000_210214-204054.073
      From worker 15:	
      From worker 15:	starting b_1.0_c_0.2_N_40_M_5_K_2_P_2_beta_0.001_u_0.001_v_0.1_p_0.5_ϵ_1.0_gens_20000000_210214-204054.073
      From worker 13:	data processed and exported
      From worker 13:	
      From worker 13:	starting b_1.0_c_0.2_N_40_M_5_K_2_P_2_beta_0.001_u_0.001_v_0.1_p_0.5_ϵ_1.0_gens_20000000_210214-204054.073
      From worker 14:	data processed and exported
      From worker 14:	
      From worker 14:	starting b_1.0_c_0.2_N_40_M_5_K_2_P_2_beta_0.001_u_0.001_v_0.1_p_0.5_ϵ_1.0_gens_20000000_210214-204054.073
      From worker 6:	replicate complete, ran 20000000 generations:
      From worker 6:	
      From worker 6:		num_imitating:			12501842
      From worker 6:		num_not_imitating:		7498158
      From worker 6:		num_strategies_changed:  	358990
      From worker 6:			num_random_strategies: 	12586
      From worker 6:		num_sets_changed: 		450097
      From worker 6:			num_random_opinions: 	3075
      From worker 6:			num_biased_opinions: 	9523
      From worker 6:		num_both_changed: 		24755
      From worker 6:	
      From worker 3:	replicate complete, ran 20000000 generations:
      From worker 3:	
      From worker 3:		num_imitating:			12498449
      From worker 3:		num_not_imitating:		7501551
      From worker 3:		num_strategies_changed:  	344015
      From worker 3:			num_random_strategies: 	12404
      From worker 3:		num_sets_changed: 		431719
      From worker 3:			num_random_opinions: 	3240
      From worker 3:			num_biased_opinions: 	9320
      From worker 3:		num_both_changed: 		22642
      From worker 3:	
      From worker 6:	data processed and exported
      From worker 4:	replicate complete, ran 20000000 generations:
      From worker 4:	
      From worker 4:		num_imitating:			12500815
      From worker 4:		num_not_imitating:		7499185
      From worker 4:		num_strategies_changed:  	342454
      From worker 4:			num_random_strategies: 	12694
      From worker 4:		num_sets_changed: 		427810
      From worker 4:			num_random_opinions: 	3052
      From worker 4:			num_biased_opinions: 	9403
      From worker 4:		num_both_changed: 		24495
      From worker 4:	
      From worker 6:	
      From worker 6:	starting b_1.0_c_0.2_N_40_M_5_K_2_P_2_beta_0.001_u_0.001_v_0.001_p_1.0_ϵ_1.0_gens_20000000_210214-204054.073
      From worker 3:	data processed and exported
      From worker 3:	
      From worker 3:	starting b_1.0_c_0.2_N_40_M_5_K_2_P_2_beta_0.001_u_0.001_v_0.001_p_1.0_ϵ_1.0_gens_20000000_210214-204054.073
      From worker 4:	data processed and exported
      From worker 4:	
      From worker 4:	starting b_1.0_c_0.2_N_40_M_5_K_2_P_2_beta_0.001_u_0.001_v_0.001_p_1.0_ϵ_1.0_gens_20000000_210214-204054.073
      From worker 2:	replicate complete, ran 20000000 generations:
      From worker 2:	
      From worker 2:		num_imitating:			12503862
      From worker 2:		num_not_imitating:		7496138
      From worker 2:		num_strategies_changed:  	330927
      From worker 2:			num_random_strategies: 	12367
      From worker 2:		num_sets_changed: 		419353
      From worker 2:			num_random_opinions: 	3008
      From worker 2:			num_biased_opinions: 	9300
      From worker 2:		num_both_changed: 		19111
      From worker 2:	
      From worker 5:	replicate complete, ran 20000000 generations:
      From worker 5:	
      From worker 5:		num_imitating:			12496351
      From worker 5:		num_not_imitating:		7503649
      From worker 5:		num_strategies_changed:  	371595
      From worker 5:			num_random_strategies: 	12665
      From worker 5:		num_sets_changed: 		453140
      From worker 5:			num_random_opinions: 	3074
