packages loaded
      From worker 3:	 Activating environment at `/tigress/mk28/CooperationPolarization2/Project.toml`
      From worker 4:	 Activating environment at `/tigress/mk28/CooperationPolarization2/Project.toml`
      From worker 6:	 Activating environment at `/tigress/mk28/CooperationPolarization2/Project.toml`
      From worker 5:	 Activating environment at `/tigress/mk28/CooperationPolarization2/Project.toml`
      From worker 2:	 Activating environment at `/tigress/mk28/CooperationPolarization2/Project.toml`
      From worker 15:	 Activating environment at `/tigress/mk28/CooperationPolarization2/Project.toml`
      From worker 7:	 Activating environment at `/tigress/mk28/CooperationPolarization2/Project.toml`
      From worker 13:	 Activating environment at `/tigress/mk28/CooperationPolarization2/Project.toml`
      From worker 8:	 Activating environment at `/tigress/mk28/CooperationPolarization2/Project.toml`
      From worker 9:	 Activating environment at `/tigress/mk28/CooperationPolarization2/Project.toml`
      From worker 11:	 Activating environment at `/tigress/mk28/CooperationPolarization2/Project.toml`
      From worker 14:	 Activating environment at `/tigress/mk28/CooperationPolarization2/Project.toml`
      From worker 16:	 Activating environment at `/tigress/mk28/CooperationPolarization2/Project.toml`
      From worker 10:	 Activating environment at `/tigress/mk28/CooperationPolarization2/Project.toml`
      From worker 12:	 Activating environment at `/tigress/mk28/CooperationPolarization2/Project.toml`
      From worker 2:	packages loaded
      From worker 3:	packages loaded
      From worker 4:	packages loaded
      From worker 5:	packages loaded
      From worker 11:	packages loaded
      From worker 10:	packages loaded
      From worker 12:	packages loaded
      From worker 7:	packages loaded
      From worker 13:	packages loaded
      From worker 8:	packages loaded
      From worker 16:	packages loaded
      From worker 9:	packages loaded
      From worker 14:	packages loaded
      From worker 15:	packages loaded
      From worker 6:	packages loaded
parameters defined
      From worker 7:	
      From worker 7:	starting b_1.0_c_0.2_N_40_M_1_K_1_P_2_beta_0.0_u_0.001_v_0.011180339887498947_p_0.0_ϵ_1.0_gens_20000000_210224-051117.898
      From worker 14:	
      From worker 14:	starting b_1.0_c_0.2_N_40_M_1_K_1_P_2_beta_0.0_u_0.001_v_0.055901699437494755_p_0.0_ϵ_1.0_gens_20000000_210224-051117.898
      From worker 16:	
      From worker 16:	starting b_1.0_c_0.2_N_40_M_1_K_1_P_2_beta_0.0_u_0.001_v_0.055901699437494755_p_0.0_ϵ_1.0_gens_20000000_210224-051117.898
      From worker 9:	
      From worker 9:	starting b_1.0_c_0.2_N_40_M_1_K_1_P_2_beta_0.0_u_0.001_v_0.011180339887498947_p_0.0_ϵ_1.0_gens_20000000_210224-051117.898
      From worker 3:	
      From worker 3:	starting b_1.0_c_0.2_N_40_M_1_K_1_P_2_beta_0.0_u_0.001_v_0.0022360679774997894_p_0.0_ϵ_1.0_gens_20000000_210224-051117.898
      From worker 2:	
      From worker 2:	starting b_1.0_c_0.2_N_40_M_1_K_1_P_2_beta_0.0_u_0.001_v_0.0022360679774997894_p_0.0_ϵ_1.0_gens_20000000_210224-051117.898
      From worker 11:	
      From worker 11:	starting b_1.0_c_0.2_N_40_M_1_K_1_P_2_beta_0.0_u_0.001_v_0.011180339887498947_p_0.0_ϵ_1.0_gens_20000000_210224-051117.898
      From worker 4:	
      From worker 4:	starting b_1.0_c_0.2_N_40_M_1_K_1_P_2_beta_0.0_u_0.001_v_0.0022360679774997894_p_0.0_ϵ_1.0_gens_20000000_210224-051117.898
      From worker 5:	
      From worker 5:	starting b_1.0_c_0.2_N_40_M_1_K_1_P_2_beta_0.0_u_0.001_v_0.0022360679774997894_p_0.0_ϵ_1.0_gens_20000000_210224-051117.898
      From worker 13:	
      From worker 13:	starting b_1.0_c_0.2_N_40_M_1_K_1_P_2_beta_0.0_u_0.001_v_0.055901699437494755_p_0.0_ϵ_1.0_gens_20000000_210224-051117.898
      From worker 10:	
      From worker 10:	starting b_1.0_c_0.2_N_40_M_1_K_1_P_2_beta_0.0_u_0.001_v_0.011180339887498947_p_0.0_ϵ_1.0_gens_20000000_210224-051117.898
      From worker 12:	
      From worker 12:	starting b_1.0_c_0.2_N_40_M_1_K_1_P_2_beta_0.0_u_0.001_v_0.055901699437494755_p_0.0_ϵ_1.0_gens_20000000_210224-051117.898
      From worker 8:	
      From worker 8:	starting b_1.0_c_0.2_N_40_M_1_K_1_P_2_beta_0.0_u_0.001_v_0.011180339887498947_p_0.0_ϵ_1.0_gens_20000000_210224-051117.898
      From worker 15:	
      From worker 15:	starting b_1.0_c_0.2_N_40_M_1_K_1_P_2_beta_0.0_u_0.001_v_0.055901699437494755_p_0.0_ϵ_1.0_gens_20000000_210224-051117.898
      From worker 6:	
      From worker 6:	starting b_1.0_c_0.2_N_40_M_1_K_1_P_2_beta_0.0_u_0.001_v_0.0022360679774997894_p_0.0_ϵ_1.0_gens_20000000_210224-051117.898
      From worker 5:	replicate complete, ran 20000000 generations:
      From worker 5:	
      From worker 5:		num_imitating:			20000000
      From worker 5:		num_not_imitating:		0
      From worker 5:		num_strategies_changed:  	595192
      From worker 5:			num_random_strategies: 	20185
      From worker 5:		num_sets_changed: 		811671
      From worker 5:			num_random_opinions: 	45058
      From worker 5:			num_biased_opinions: 	0
      From worker 5:		num_both_changed: 		41609
      From worker 5:	
      From worker 5:	data processed and exported
      From worker 5:	
      From worker 5:	starting b_1.0_c_0.2_N_40_M_1_K_1_P_2_beta_0.0_u_0.001_v_0.0022360679774997894_p_0.25_ϵ_1.0_gens_20000000_210224-051117.898
      From worker 6:	replicate complete, ran 20000000 generations:
      From worker 6:	
      From worker 6:		num_imitating:			20000000
      From worker 6:		num_not_imitating:		0
      From worker 6:		num_strategies_changed:  	554625
      From worker 6:			num_random_strategies: 	20036
      From worker 6:		num_sets_changed: 		814860
      From worker 6:			num_random_opinions: 	44839
      From worker 6:			num_biased_opinions: 	0
      From worker 6:		num_both_changed: 		36001
      From worker 6:	
      From worker 6:	data processed and exported
      From worker 3:	replicate complete, ran 20000000 generations:
      From worker 3:	
      From worker 3:		num_imitating:			20000000
      From worker 3:		num_not_imitating:		0
      From worker 3:		num_strategies_changed:  	565255
      From worker 3:			num_random_strategies: 	19757
      From worker 3:		num_sets_changed: 		809090
      From worker 3:			num_random_opinions: 	45155
      From worker 3:			num_biased_opinions: 	0
      From worker 3:		num_both_changed: 		46869
      From worker 3:	
      From worker 3:	data processed and exported
      From worker 6:	
      From worker 6:	starting b_1.0_c_0.2_N_40_M_1_K_1_P_2_beta_0.0_u_0.001_v_0.0022360679774997894_p_0.25_ϵ_1.0_gens_20000000_210224-051117.898
      From worker 3:	
      From worker 3:	starting b_1.0_c_0.2_N_40_M_1_K_1_P_2_beta_0.0_u_0.001_v_0.0022360679774997894_p_0.25_ϵ_1.0_gens_20000000_210224-051117.898
      From worker 4:	replicate complete, ran 20000000 generations:
      From worker 4:	
      From worker 4:		num_imitating:			20000000
      From worker 4:		num_not_imitating:		0
      From worker 4:		num_strategies_changed:  	542087
      From worker 4:			num_random_strategies: 	19968
      From worker 4:		num_sets_changed: 		823802
      From worker 4:			num_random_opinions: 	44840
      From worker 4:			num_biased_opinions: 	0
      From worker 4:		num_both_changed: 		43062
      From worker 4:	
      From worker 4:	data processed and exported
      From worker 4:	
      From worker 4:	starting b_1.0_c_0.2_N_40_M_1_K_1_P_2_beta_0.0_u_0.001_v_0.0022360679774997894_p_0.25_ϵ_1.0_gens_20000000_210224-051117.898
      From worker 2:	replicate complete, ran 20000000 generations:
      From worker 2:	
      From worker 2:		num_imitating:			20000000
      From worker 2:		num_not_imitating:		0
      From worker 2:		num_strategies_changed:  	593151
      From worker 2:			num_random_strategies: 	20132
      From worker 2:		num_sets_changed: 		824760
      From worker 2:			num_random_opinions: 	44521
      From worker 2:			num_biased_opinions: 	0
      From worker 2:		num_both_changed: 		42518
      From worker 2:	
      From worker 2:	data processed and exported
      From worker 2:	
      From worker 2:	starting b_1.0_c_0.2_N_40_M_1_K_1_P_2_beta_0.0_u_0.001_v_0.0022360679774997894_p_0.25_ϵ_1.0_gens_20000000_210224-051117.898
      From worker 7:	replicate complete, ran 20000000 generations:
      From worker 7:	
      From worker 7:		num_imitating:			20000000
      From worker 7:		num_not_imitating:		0
      From worker 7:		num_strategies_changed:  	574034
      From worker 7:			num_random_strategies: 	20011
      From worker 7:		num_sets_changed: 		3142464
      From worker 7:			num_random_opinions: 	223498
      From worker 7:			num_biased_opinions: 	0
      From worker 7:		num_both_changed: 		142053
      From worker 7:	
      From worker 7:	data processed and exported
      From worker 7:	
      From worker 7:	starting b_1.0_c_0.2_N_40_M_1_K_1_P_2_beta_0.0_u_0.001_v_0.011180339887498947_p_0.25_ϵ_1.0_gens_20000000_210224-051117.898
      From worker 11:	replicate complete, ran 20000000 generations:
      From worker 11:	
      From worker 11:		num_imitating:			20000000
      From worker 11:		num_not_imitating:		0
      From worker 11:		num_strategies_changed:  	586315
      From worker 11:			num_random_strategies: 	19830
      From worker 11:		num_sets_changed: 		3076379
      From worker 11:			num_random_opinions: 	224019
      From worker 11:			num_biased_opinions: 	0
      From worker 11:		num_both_changed: 		144863
      From worker 11:	
      From worker 11:	data processed and exported
      From worker 11:	
      From worker 11:	starting b_1.0_c_0.2_N_40_M_1_K_1_P_2_beta_0.0_u_0.001_v_0.011180339887498947_p_0.25_ϵ_1.0_gens_20000000_210224-051117.898
      From worker 8:	replicate complete, ran 20000000 generations:
      From worker 8:	
      From worker 8:		num_imitating:			20000000
      From worker 8:		num_not_imitating:		0
      From worker 8:		num_strategies_changed:  	583376
      From worker 8:			num_random_strategies: 	20239
      From worker 8:		num_sets_changed: 		3100498
      From worker 8:			num_random_opinions: 	223093
      From worker 8:			num_biased_opinions: 	0
      From worker 8:		num_both_changed: 		145544
      From worker 8:	
      From worker 8:	data processed and exported
      From worker 8:	
      From worker 8:	starting b_1.0_c_0.2_N_40_M_1_K_1_P_2_beta_0.0_u_0.001_v_0.011180339887498947_p_0.25_ϵ_1.0_gens_20000000_210224-051117.898
      From worker 10:	replicate complete, ran 20000000 generations:
      From worker 10:	
      From worker 10:		num_imitating:			20000000
      From worker 10:		num_not_imitating:		0
      From worker 10:		num_strategies_changed:  	564050
      From worker 10:			num_random_strategies: 	19959
      From worker 10:		num_sets_changed: 		3097976
      From worker 10:			num_random_opinions: 	224252
      From worker 10:			num_biased_opinions: 	0
      From worker 10:		num_both_changed: 		148036
      From worker 10:	
      From worker 10:	data processed and exported
      From worker 10:	
      From worker 10:	starting b_1.0_c_0.2_N_40_M_1_K_1_P_2_beta_0.0_u_0.001_v_0.011180339887498947_p_0.25_ϵ_1.0_gens_20000000_210224-051117.898
      From worker 9:	replicate complete, ran 20000000 generations:
      From worker 9:	
      From worker 9:		num_imitating:			20000000
      From worker 9:		num_not_imitating:		0
      From worker 9:		num_strategies_changed:  	579515
      From worker 9:			num_random_strategies: 	19954
      From worker 9:		num_sets_changed: 		3139914
      From worker 9:			num_random_opinions: 	223853
      From worker 9:			num_biased_opinions: 	0
      From worker 9:		num_both_changed: 		152640
      From worker 9:	
      From worker 9:	data processed and exported
      From worker 9:	
      From worker 9:	starting b_1.0_c_0.2_N_40_M_1_K_1_P_2_beta_0.0_u_0.001_v_0.011180339887498947_p_0.25_ϵ_1.0_gens_20000000_210224-051117.898
      From worker 13:	replicate complete, ran 20000000 generations:
      From worker 13:	
      From worker 13:		num_imitating:			20000000
      From worker 13:		num_not_imitating:		0
      From worker 13:		num_strategies_changed:  	565051
      From worker 13:			num_random_strategies: 	20148
      From worker 13:		num_sets_changed: 		7031471
      From worker 13:			num_random_opinions: 	1117132
      From worker 13:			num_biased_opinions: 	0
      From worker 13:		num_both_changed: 		259069
      From worker 13:	
      From worker 13:	data processed and exported
      From worker 15:	replicate complete, ran 20000000 generations:
      From worker 15:	
      From worker 15:		num_imitating:			20000000
      From worker 15:		num_not_imitating:		0
      From worker 15:		num_strategies_changed:  	588299
      From worker 15:			num_random_strategies: 	20409
      From worker 15:		num_sets_changed: 		7037687
      From worker 15:			num_random_opinions: 	1115674
      From worker 15:			num_biased_opinions: 	0
      From worker 15:		num_both_changed: 		264187
      From worker 15:	
      From worker 15:	data processed and exported
      From worker 13:	
      From worker 13:	starting b_1.0_c_0.2_N_40_M_1_K_1_P_2_beta_0.0_u_0.001_v_0.055901699437494755_p_0.25_ϵ_1.0_gens_20000000_210224-051117.898
      From worker 15:	
      From worker 15:	starting b_1.0_c_0.2_N_40_M_1_K_1_P_2_beta_0.0_u_0.001_v_0.055901699437494755_p_0.25_ϵ_1.0_gens_20000000_210224-051117.898
      From worker 14:	replicate complete, ran 20000000 generations:
      From worker 14:	
      From worker 14:		num_imitating:			20000000
      From worker 14:		num_not_imitating:		0
      From worker 14:		num_strategies_changed:  	579497
      From worker 14:			num_random_strategies: 	20322
      From worker 14:		num_sets_changed: 		7030270
      From worker 14:			num_random_opinions: 	1117589
      From worker 14:			num_biased_opinions: 	0
      From worker 14:		num_both_changed: 		263063
      From worker 14:	
      From worker 12:	replicate complete, ran 20000000 generations:
      From worker 12:	
      From worker 12:		num_imitating:			20000000
      From worker 12:		num_not_imitating:		0
      From worker 12:		num_strategies_changed:  	577794
      From worker 12:			num_random_strategies: 	19807
      From worker 12:		num_sets_changed: 		7025700
      From worker 12:			num_random_opinions: 	1119333
      From worker 12:			num_biased_opinions: 	0
      From worker 12:		num_both_changed: 		260087
      From worker 12:	
      From worker 14:	data processed and exported
      From worker 12:	data processed and exported
      From worker 14:	
      From worker 14:	starting b_1.0_c_0.2_N_40_M_1_K_1_P_2_beta_0.0_u_0.001_v_0.055901699437494755_p_0.25_ϵ_1.0_gens_20000000_210224-051117.898
      From worker 12:	
      From worker 12:	starting b_1.0_c_0.2_N_40_M_1_K_1_P_2_beta_0.0_u_0.001_v_0.055901699437494755_p_0.25_ϵ_1.0_gens_20000000_210224-051117.898
      From worker 16:	replicate complete, ran 20000000 generations:
      From worker 16:	
      From worker 16:		num_imitating:			20000000
      From worker 16:		num_not_imitating:		0
      From worker 16:		num_strategies_changed:  	561551
      From worker 16:			num_random_strategies: 	20234
      From worker 16:		num_sets_changed: 		7030038
      From worker 16:			num_random_opinions: 	1118939
      From worker 16:			num_biased_opinions: 	0
      From worker 16:		num_both_changed: 		255406
      From worker 16:	
      From worker 16:	data processed and exported
      From worker 16:	
      From worker 16:	starting b_1.0_c_0.2_N_40_M_1_K_1_P_2_beta_0.0_u_0.001_v_0.055901699437494755_p_0.25_ϵ_1.0_gens_20000000_210224-051117.898
      From worker 5:	replicate complete, ran 20000000 generations:
      From worker 5:	
      From worker 5:		num_imitating:			17499784
      From worker 5:		num_not_imitating:		2500216
      From worker 5:		num_strategies_changed:  	532500
      From worker 5:			num_random_strategies: 	17715
      From worker 5:		num_sets_changed: 		700048
      From worker 5:			num_random_opinions: 	29254
      From worker 5:			num_biased_opinions: 	9888
      From worker 5:		num_both_changed: 		35617
      From worker 5:	
      From worker 5:	data processed and exported
      From worker 5:	
      From worker 5:	starting b_1.0_c_0.2_N_40_M_1_K_1_P_2_beta_0.0_u_0.001_v_0.0022360679774997894_p_0.5_ϵ_1.0_gens_20000000_210224-051117.898
      From worker 3:	replicate complete, ran 20000000 generations:
      From worker 3:	
      From worker 3:		num_imitating:			17501433
      From worker 3:		num_not_imitating:		2498567
      From worker 3:		num_strategies_changed:  	527346
      From worker 3:			num_random_strategies: 	17683
      From worker 3:		num_sets_changed: 		705323
      From worker 3:			num_random_opinions: 	29204
      From worker 3:			num_biased_opinions: 	9863
      From worker 3:		num_both_changed: 		34407
      From worker 3:	
      From worker 3:	data processed and exported
      From worker 6:	replicate complete, ran 20000000 generations:
      From worker 6:	
      From worker 6:		num_imitating:			17501163
      From worker 6:		num_not_imitating:		2498837
      From worker 6:		num_strategies_changed:  	520935
      From worker 6:			num_random_strategies: 	17477
      From worker 6:		num_sets_changed: 		710526
      From worker 6:			num_random_opinions: 	29222
      From worker 6:			num_biased_opinions: 	9708
      From worker 6:		num_both_changed: 		35648
      From worker 6:	
      From worker 6:	data processed and exported
      From worker 3:	
      From worker 3:	starting b_1.0_c_0.2_N_40_M_1_K_1_P_2_beta_0.0_u_0.001_v_0.0022360679774997894_p_0.5_ϵ_1.0_gens_20000000_210224-051117.898
      From worker 6:	
      From worker 6:	starting b_1.0_c_0.2_N_40_M_1_K_1_P_2_beta_0.0_u_0.001_v_0.0022360679774997894_p_0.5_ϵ_1.0_gens_20000000_210224-051117.898
      From worker 4:	replicate complete, ran 20000000 generations:
      From worker 4:	
      From worker 4:		num_imitating:			17499097
      From worker 4:		num_not_imitating:		2500903
      From worker 4:		num_strategies_changed:  	533413
      From worker 4:			num_random_strategies: 	17713
      From worker 4:		num_sets_changed: 		708016
      From worker 4:			num_random_opinions: 	29289
      From worker 4:			num_biased_opinions: 	9790
      From worker 4:		num_both_changed: 		39087
      From worker 4:	
      From worker 4:	data processed and exported
      From worker 4:	
      From worker 4:	starting b_1.0_c_0.2_N_40_M_1_K_1_P_2_beta_0.0_u_0.001_v_0.0022360679774997894_p_0.5_ϵ_1.0_gens_20000000_210224-051117.898
      From worker 2:	replicate complete, ran 20000000 generations:
      From worker 2:	
      From worker 2:		num_imitating:			17498834
      From worker 2:		num_not_imitating:		2501166
      From worker 2:		num_strategies_changed:  	506648
      From worker 2:			num_random_strategies: 	17371
      From worker 2:		num_sets_changed: 		737983
      From worker 2:			num_random_opinions: 	29453
      From worker 2:			num_biased_opinions: 	9702
      From worker 2:		num_both_changed: 		46849
      From worker 2:	
      From worker 2:	data processed and exported
      From worker 2:	
      From worker 2:	starting b_1.0_c_0.2_N_40_M_1_K_1_P_2_beta_0.0_u_0.001_v_0.0022360679774997894_p_0.5_ϵ_1.0_gens_20000000_210224-051117.898
      From worker 7:	replicate complete, ran 20000000 generations:
      From worker 7:	
      From worker 7:		num_imitating:			17499032
      From worker 7:		num_not_imitating:		2500968
      From worker 7:		num_strategies_changed:  	511777
      From worker 7:			num_random_strategies: 	17355
      From worker 7:		num_sets_changed: 		2759504
      From worker 7:			num_random_opinions: 	146968
      From worker 7:			num_biased_opinions: 	48946
      From worker 7:		num_both_changed: 		131362
      From worker 7:	
      From worker 7:	data processed and exported
      From worker 7:	
      From worker 7:	starting b_1.0_c_0.2_N_40_M_1_K_1_P_2_beta_0.0_u_0.001_v_0.011180339887498947_p_0.5_ϵ_1.0_gens_20000000_210224-051117.898
      From worker 11:	replicate complete, ran 20000000 generations:
      From worker 11:	
      From worker 11:		num_imitating:			17499646
      From worker 11:		num_not_imitating:		2500354
      From worker 11:		num_strategies_changed:  	494168
      From worker 11:			num_random_strategies: 	17431
      From worker 11:		num_sets_changed: 		2716580
      From worker 11:			num_random_opinions: 	146702
      From worker 11:			num_biased_opinions: 	49210
      From worker 11:		num_both_changed: 		133937
      From worker 11:	
      From worker 11:	data processed and exported
      From worker 11:	
      From worker 11:	starting b_1.0_c_0.2_N_40_M_1_K_1_P_2_beta_0.0_u_0.001_v_0.011180339887498947_p_0.5_ϵ_1.0_gens_20000000_210224-051117.898
      From worker 8:	replicate complete, ran 20000000 generations:
      From worker 8:	
      From worker 8:		num_imitating:			17496450
      From worker 8:		num_not_imitating:		2503550
      From worker 8:		num_strategies_changed:  	501078
      From worker 8:			num_random_strategies: 	17675
      From worker 8:		num_sets_changed: 		2699598
      From worker 8:			num_random_opinions: 	146477
      From worker 8:			num_biased_opinions: 	48962
      From worker 8:		num_both_changed: 		126338
      From worker 8:	
      From worker 8:	data processed and exported
      From worker 8:	
      From worker 8:	starting b_1.0_c_0.2_N_40_M_1_K_1_P_2_beta_0.0_u_0.001_v_0.011180339887498947_p_0.5_ϵ_1.0_gens_20000000_210224-051117.898
      From worker 10:	replicate complete, ran 20000000 generations:
      From worker 10:	
      From worker 10:		num_imitating:			17501318
      From worker 10:		num_not_imitating:		2498682
      From worker 10:		num_strategies_changed:  	508732
      From worker 10:			num_random_strategies: 	17576
      From worker 10:		num_sets_changed: 		2660271
      From worker 10:			num_random_opinions: 	146782
      From worker 10:			num_biased_opinions: 	49051
      From worker 10:		num_both_changed: 		127278
      From worker 10:	
      From worker 10:	data processed and exported
      From worker 10:	
      From worker 10:	starting b_1.0_c_0.2_N_40_M_1_K_1_P_2_beta_0.0_u_0.001_v_0.011180339887498947_p_0.5_ϵ_1.0_gens_20000000_210224-051117.898
      From worker 9:	replicate complete, ran 20000000 generations:
      From worker 9:	
      From worker 9:		num_imitating:			17501087
      From worker 9:		num_not_imitating:		2498913
      From worker 9:		num_strategies_changed:  	510688
      From worker 9:			num_random_strategies: 	17460
      From worker 9:		num_sets_changed: 		2714988
      From worker 9:			num_random_opinions: 	146861
      From worker 9:			num_biased_opinions: 	48675
      From worker 9:		num_both_changed: 		129336
      From worker 9:	
      From worker 9:	data processed and exported
      From worker 9:	
      From worker 9:	starting b_1.0_c_0.2_N_40_M_1_K_1_P_2_beta_0.0_u_0.001_v_0.011180339887498947_p_0.5_ϵ_1.0_gens_20000000_210224-051117.898
      From worker 14:	replicate complete, ran 20000000 generations:
      From worker 14:	
      From worker 14:		num_imitating:			17498324
      From worker 14:		num_not_imitating:		2501676
      From worker 14:		num_strategies_changed:  	506043
      From worker 14:			num_random_strategies: 	17382
      From worker 14:		num_sets_changed: 		6130257
      From worker 14:			num_random_opinions: 	734951
      From worker 14:			num_biased_opinions: 	244672
      From worker 14:		num_both_changed: 		229793
      From worker 14:	
      From worker 14:	data processed and exported
      From worker 14:	
      From worker 14:	starting b_1.0_c_0.2_N_40_M_1_K_1_P_2_beta_0.0_u_0.001_v_0.055901699437494755_p_0.5_ϵ_1.0_gens_20000000_210224-051117.898
      From worker 15:	replicate complete, ran 20000000 generations:
      From worker 15:	
      From worker 15:		num_imitating:			17499941
      From worker 15:		num_not_imitating:		2500059
      From worker 15:		num_strategies_changed:  	509338
      From worker 15:			num_random_strategies: 	17559
      From worker 15:		num_sets_changed: 		6121825
      From worker 15:			num_random_opinions: 	731945
      From worker 15:			num_biased_opinions: 	244750
      From worker 15:		num_both_changed: 		229743
      From worker 15:	
      From worker 15:	data processed and exported
      From worker 15:	
      From worker 15:	starting b_1.0_c_0.2_N_40_M_1_K_1_P_2_beta_0.0_u_0.001_v_0.055901699437494755_p_0.5_ϵ_1.0_gens_20000000_210224-051117.898
      From worker 13:	replicate complete, ran 20000000 generations:
      From worker 13:	
      From worker 13:		num_imitating:			17500218
      From worker 13:		num_not_imitating:		2499782
      From worker 13:		num_strategies_changed:  	479330
      From worker 13:			num_random_strategies: 	17505
      From worker 13:		num_sets_changed: 		6150231
      From worker 13:			num_random_opinions: 	734095
      From worker 13:			num_biased_opinions: 	243982
      From worker 13:		num_both_changed: 		215367
      From worker 13:	
      From worker 13:	data processed and exported
      From worker 13:	
      From worker 13:	starting b_1.0_c_0.2_N_40_M_1_K_1_P_2_beta_0.0_u_0.001_v_0.055901699437494755_p_0.5_ϵ_1.0_gens_20000000_210224-051117.898
      From worker 12:	replicate complete, ran 20000000 generations:
      From worker 12:	
      From worker 12:		num_imitating:			17500280
      From worker 12:		num_not_imitating:		2499720
      From worker 12:		num_strategies_changed:  	481148
      From worker 12:			num_random_strategies: 	17589
      From worker 12:		num_sets_changed: 		6121851
      From worker 12:			num_random_opinions: 	731770
      From worker 12:			num_biased_opinions: 	244176
      From worker 12:		num_both_changed: 		220408
      From worker 12:	
      From worker 12:	data processed and exported
      From worker 12:	
      From worker 12:	starting b_1.0_c_0.2_N_40_M_1_K_1_P_2_beta_0.0_u_0.001_v_0.055901699437494755_p_0.5_ϵ_1.0_gens_20000000_210224-051117.898
      From worker 16:	replicate complete, ran 20000000 generations:
      From worker 16:	
      From worker 16:		num_imitating:			17501190
      From worker 16:		num_not_imitating:		2498810
      From worker 16:		num_strategies_changed:  	491752
      From worker 16:			num_random_strategies: 	17488
      From worker 16:		num_sets_changed: 		6137384
      From worker 16:			num_random_opinions: 	734517
      From worker 16:			num_biased_opinions: 	244429
      From worker 16:		num_both_changed: 		223206
      From worker 16:	
      From worker 16:	data processed and exported
      From worker 16:	
      From worker 16:	starting b_1.0_c_0.2_N_40_M_1_K_1_P_2_beta_0.0_u_0.001_v_0.055901699437494755_p_0.5_ϵ_1.0_gens_20000000_210224-051117.898
      From worker 5:	replicate complete, ran 20000000 generations:
      From worker 5:	
      From worker 5:		num_imitating:			14998143
      From worker 5:		num_not_imitating:		5001857
      From worker 5:		num_strategies_changed:  	432741
      From worker 5:			num_random_strategies: 	14987
      From worker 5:		num_sets_changed: 		609198
      From worker 5:			num_random_opinions: 	16645
      From worker 5:			num_biased_opinions: 	16762
      From worker 5:		num_both_changed: 		34571
      From worker 5:	
      From worker 5:	data processed and exported
      From worker 5:	
      From worker 5:	starting b_1.0_c_0.2_N_40_M_1_K_1_P_2_beta_0.0_u_0.001_v_0.0022360679774997894_p_0.75_ϵ_1.0_gens_20000000_210224-051117.898
      From worker 3:	replicate complete, ran 20000000 generations:
      From worker 3:	
      From worker 3:		num_imitating:			14999375
      From worker 3:		num_not_imitating:		5000625
      From worker 3:		num_strategies_changed:  	432103
      From worker 3:			num_random_strategies: 	14876
      From worker 3:		num_sets_changed: 		617052
      From worker 3:			num_random_opinions: 	16664
      From worker 3:			num_biased_opinions: 	16797
      From worker 3:		num_both_changed: 		33858
      From worker 3:	
      From worker 3:	data processed and exported
      From worker 3:	
      From worker 3:	starting b_1.0_c_0.2_N_40_M_1_K_1_P_2_beta_0.0_u_0.001_v_0.0022360679774997894_p_0.75_ϵ_1.0_gens_20000000_210224-051117.898
      From worker 6:	replicate complete, ran 20000000 generations:
      From worker 6:	
      From worker 6:		num_imitating:			15002713
      From worker 6:		num_not_imitating:		4997287
      From worker 6:		num_strategies_changed:  	451724
      From worker 6:			num_random_strategies: 	15128
      From worker 6:		num_sets_changed: 		618436
      From worker 6:			num_random_opinions: 	16720
      From worker 6:			num_biased_opinions: 	16885
      From worker 6:		num_both_changed: 		37691
      From worker 6:	
      From worker 6:	data processed and exported
      From worker 6:	
      From worker 6:	starting b_1.0_c_0.2_N_40_M_1_K_1_P_2_beta_0.0_u_0.001_v_0.0022360679774997894_p_0.75_ϵ_1.0_gens_20000000_210224-051117.898
      From worker 4:	replicate complete, ran 20000000 generations:
      From worker 4:	
      From worker 4:		num_imitating:			14999829
      From worker 4:		num_not_imitating:		5000171
      From worker 4:		num_strategies_changed:  	399767
      From worker 4:			num_random_strategies: 	14908
      From worker 4:		num_sets_changed: 		620386
      From worker 4:			num_random_opinions: 	16631
      From worker 4:			num_biased_opinions: 	16921
      From worker 4:		num_both_changed: 		27920
      From worker 4:	
      From worker 4:	data processed and exported
      From worker 4:	
      From worker 4:	starting b_1.0_c_0.2_N_40_M_1_K_1_P_2_beta_0.0_u_0.001_v_0.0022360679774997894_p_0.75_ϵ_1.0_gens_20000000_210224-051117.898
      From worker 2:	replicate complete, ran 20000000 generations:
      From worker 2:	
      From worker 2:		num_imitating:			14999599
      From worker 2:		num_not_imitating:		5000401
      From worker 2:		num_strategies_changed:  	424893
      From worker 2:			num_random_strategies: 	15017
      From worker 2:		num_sets_changed: 		608156
      From worker 2:			num_random_opinions: 	16848
      From worker 2:			num_biased_opinions: 	16735
      From worker 2:		num_both_changed: 		27476
      From worker 2:	
      From worker 2:	data processed and exported
      From worker 2:	
      From worker 2:	starting b_1.0_c_0.2_N_40_M_1_K_1_P_2_beta_0.0_u_0.001_v_0.0022360679774997894_p_0.75_ϵ_1.0_gens_20000000_210224-051117.898
      From worker 7:	replicate complete, ran 20000000 generations:
      From worker 7:	
      From worker 7:		num_imitating:			15002556
      From worker 7:		num_not_imitating:		4997444
      From worker 7:		num_strategies_changed:  	428097
      From worker 7:			num_random_strategies: 	15017
      From worker 7:		num_sets_changed: 		2302040
      From worker 7:			num_random_opinions: 	84095
      From worker 7:			num_biased_opinions: 	83859
      From worker 7:		num_both_changed: 		107132
      From worker 7:	
      From worker 7:	data processed and exported
      From worker 7:	
      From worker 7:	starting b_1.0_c_0.2_N_40_M_1_K_1_P_2_beta_0.0_u_0.001_v_0.011180339887498947_p_0.75_ϵ_1.0_gens_20000000_210224-051117.898
      From worker 11:	replicate complete, ran 20000000 generations:
      From worker 11:	
      From worker 11:		num_imitating:			14998154
      From worker 11:		num_not_imitating:		5001846
      From worker 11:		num_strategies_changed:  	403811
      From worker 11:			num_random_strategies: 	14951
      From worker 11:		num_sets_changed: 		2357430
      From worker 11:			num_random_opinions: 	83958
      From worker 11:			num_biased_opinions: 	83645
      From worker 11:		num_both_changed: 		105499
      From worker 11:	
      From worker 11:	data processed and exported
      From worker 8:	replicate complete, ran 20000000 generations:
      From worker 8:	
      From worker 8:		num_imitating:			14999544
      From worker 8:		num_not_imitating:		5000456
      From worker 8:		num_strategies_changed:  	403294
      From worker 8:			num_random_strategies: 	14850
      From worker 8:		num_sets_changed: 		2291986
      From worker 8:			num_random_opinions: 	83333
      From worker 8:			num_biased_opinions: 	83840
      From worker 8:		num_both_changed: 		92648
      From worker 8:	
      From worker 8:	data processed and exported
      From worker 11:	
      From worker 11:	starting b_1.0_c_0.2_N_40_M_1_K_1_P_2_beta_0.0_u_0.001_v_0.011180339887498947_p_0.75_ϵ_1.0_gens_20000000_210224-051117.898
      From worker 8:	
      From worker 8:	starting b_1.0_c_0.2_N_40_M_1_K_1_P_2_beta_0.0_u_0.001_v_0.011180339887498947_p_0.75_ϵ_1.0_gens_20000000_210224-051117.898
      From worker 10:	replicate complete, ran 20000000 generations:
      From worker 10:	
      From worker 10:		num_imitating:			14998489
      From worker 10:		num_not_imitating:		5001511
      From worker 10:		num_strategies_changed:  	467807
      From worker 10:			num_random_strategies: 	15086
      From worker 10:		num_sets_changed: 		2319911
      From worker 10:			num_random_opinions: 	83438
      From worker 10:			num_biased_opinions: 	83655
      From worker 10:		num_both_changed: 		117212
      From worker 10:	
      From worker 10:	data processed and exported
      From worker 10:	
      From worker 10:	starting b_1.0_c_0.2_N_40_M_1_K_1_P_2_beta_0.0_u_0.001_v_0.011180339887498947_p_0.75_ϵ_1.0_gens_20000000_210224-051117.898
      From worker 9:	replicate complete, ran 20000000 generations:
      From worker 9:	
      From worker 9:		num_imitating:			14999893
      From worker 9:		num_not_imitating:		5000107
      From worker 9:		num_strategies_changed:  	416601
      From worker 9:			num_random_strategies: 	15087
      From worker 9:		num_sets_changed: 		2349770
      From worker 9:			num_random_opinions: 	83804
      From worker 9:			num_biased_opinions: 	83754
      From worker 9:		num_both_changed: 		105940
      From worker 9:	
      From worker 9:	data processed and exported
      From worker 9:	
      From worker 9:	starting b_1.0_c_0.2_N_40_M_1_K_1_P_2_beta_0.0_u_0.001_v_0.011180339887498947_p_0.75_ϵ_1.0_gens_20000000_210224-051117.898
      From worker 14:	replicate complete, ran 20000000 generations:
      From worker 14:	
      From worker 14:		num_imitating:			14997609
      From worker 14:		num_not_imitating:		5002391
      From worker 14:		num_strategies_changed:  	451680
      From worker 14:			num_random_strategies: 	15151
      From worker 14:		num_sets_changed: 		5219065
      From worker 14:			num_random_opinions: 	419223
      From worker 14:			num_biased_opinions: 	418728
      From worker 14:		num_both_changed: 		204385
      From worker 14:	
      From worker 14:	data processed and exported
      From worker 14:	
      From worker 14:	starting b_1.0_c_0.2_N_40_M_1_K_1_P_2_beta_0.0_u_0.001_v_0.055901699437494755_p_0.75_ϵ_1.0_gens_20000000_210224-051117.898
      From worker 15:	replicate complete, ran 20000000 generations:
      From worker 15:	
      From worker 15:		num_imitating:			15002879
      From worker 15:		num_not_imitating:		4997121
      From worker 15:		num_strategies_changed:  	439684
      From worker 15:			num_random_strategies: 	14917
      From worker 15:		num_sets_changed: 		5225740
      From worker 15:			num_random_opinions: 	419056
      From worker 15:			num_biased_opinions: 	419694
      From worker 15:		num_both_changed: 		198810
      From worker 15:	
      From worker 15:	data processed and exported
      From worker 15:	
      From worker 15:	starting b_1.0_c_0.2_N_40_M_1_K_1_P_2_beta_0.0_u_0.001_v_0.055901699437494755_p_0.75_ϵ_1.0_gens_20000000_210224-051117.898
      From worker 13:	replicate complete, ran 20000000 generations:
      From worker 13:	
      From worker 13:		num_imitating:			14999744
      From worker 13:		num_not_imitating:		5000256
      From worker 13:		num_strategies_changed:  	439534
      From worker 13:			num_random_strategies: 	15041
      From worker 13:		num_sets_changed: 		5203919
      From worker 13:			num_random_opinions: 	418000
      From worker 13:			num_biased_opinions: 	419744
      From worker 13:		num_both_changed: 		199406
      From worker 13:	
      From worker 13:	data processed and exported
      From worker 13:	
      From worker 13:	starting b_1.0_c_0.2_N_40_M_1_K_1_P_2_beta_0.0_u_0.001_v_0.055901699437494755_p_0.75_ϵ_1.0_gens_20000000_210224-051117.898
      From worker 12:	replicate complete, ran 20000000 generations:
      From worker 12:	
      From worker 12:		num_imitating:			15000474
      From worker 12:		num_not_imitating:		4999526
      From worker 12:		num_strategies_changed:  	443955
      From worker 12:			num_random_strategies: 	15017
      From worker 12:		num_sets_changed: 		5219709
      From worker 12:			num_random_opinions: 	418666
      From worker 12:			num_biased_opinions: 	419812
      From worker 12:		num_both_changed: 		202069
      From worker 12:	
      From worker 12:	data processed and exported
      From worker 12:	
      From worker 12:	starting b_1.0_c_0.2_N_40_M_1_K_1_P_2_beta_0.0_u_0.001_v_0.055901699437494755_p_0.75_ϵ_1.0_gens_20000000_210224-051117.898
      From worker 16:	replicate complete, ran 20000000 generations:
      From worker 16:	
      From worker 16:		num_imitating:			15002141
      From worker 16:		num_not_imitating:		4997859
      From worker 16:		num_strategies_changed:  	451826
      From worker 16:			num_random_strategies: 	15088
      From worker 16:		num_sets_changed: 		5220725
      From worker 16:			num_random_opinions: 	419445
      From worker 16:			num_biased_opinions: 	418726
      From worker 16:		num_both_changed: 		208518
      From worker 16:	
      From worker 16:	data processed and exported
      From worker 16:	
      From worker 16:	starting b_1.0_c_0.2_N_40_M_1_K_1_P_2_beta_0.0_u_0.001_v_0.055901699437494755_p_0.75_ϵ_1.0_gens_20000000_210224-051117.898
      From worker 5:	replicate complete, ran 20000000 generations:
      From worker 5:	
      From worker 5:		num_imitating:			12500656
      From worker 5:		num_not_imitating:		7499344
      From worker 5:		num_strategies_changed:  	354575
      From worker 5:			num_random_strategies: 	12214
      From worker 5:		num_sets_changed: 		514000
      From worker 5:			num_random_opinions: 	6946
      From worker 5:			num_biased_opinions: 	21072
      From worker 5:		num_both_changed: 		30187
      From worker 5:	
      From worker 5:	data processed and exported
      From worker 5:	
      From worker 5:	starting b_1.0_c_0.2_N_40_M_1_K_1_P_2_beta_0.0_u_0.001_v_0.0022360679774997894_p_1.0_ϵ_1.0_gens_20000000_210224-051117.898
      From worker 6:	replicate complete, ran 20000000 generations:
      From worker 6:	
      From worker 6:		num_imitating:			12497957
      From worker 6:		num_not_imitating:		7502043
      From worker 6:		num_strategies_changed:  	339716
      From worker 6:			num_random_strategies: 	12460
      From worker 6:		num_sets_changed: 		505156
      From worker 6:			num_random_opinions: 	6979
      From worker 6:			num_biased_opinions: 	21070
      From worker 6:		num_both_changed: 		27533
      From worker 6:	
      From worker 6:	data processed and exported
      From worker 6:	
      From worker 6:	starting b_1.0_c_0.2_N_40_M_1_K_1_P_2_beta_0.0_u_0.001_v_0.0022360679774997894_p_1.0_ϵ_1.0_gens_20000000_210224-051117.898
      From worker 3:	replicate complete, ran 20000000 generations:
      From worker 3:	
      From worker 3:		num_imitating:			12497243
      From worker 3:		num_not_imitating:		7502757
      From worker 3:		num_strategies_changed:  	362504
      From worker 3:			num_random_strategies: 	12391
      From worker 3:		num_sets_changed: 		529882
      From worker 3:			num_random_opinions: 	7030
      From worker 3:			num_biased_opinions: 	21026
      From worker 3:		num_both_changed: 		32387
      From worker 3:	
      From worker 3:	data processed and exported
      From worker 3:	
      From worker 3:	starting b_1.0_c_0.2_N_40_M_1_K_1_P_2_beta_0.0_u_0.001_v_0.0022360679774997894_p_1.0_ϵ_1.0_gens_20000000_210224-051117.898
      From worker 4:	replicate complete, ran 20000000 generations:
      From worker 4:	
      From worker 4:		num_imitating:			12499288
      From worker 4:		num_not_imitating:		7500712
      From worker 4:		num_strategies_changed:  	363940
      From worker 4:			num_random_strategies: 	12362
      From worker 4:		num_sets_changed: 		507239
      From worker 4:			num_random_opinions: 	7192
      From worker 4:			num_biased_opinions: 	20640
      From worker 4:		num_both_changed: 		29245
      From worker 4:	
      From worker 4:	data processed and exported
      From worker 4:	
      From worker 4:	starting b_1.0_c_0.2_N_40_M_1_K_1_P_2_beta_0.0_u_0.001_v_0.0022360679774997894_p_1.0_ϵ_1.0_gens_20000000_210224-051117.898
      From worker 2:	replicate complete, ran 20000000 generations:
      From worker 2:	
      From worker 2:		num_imitating:			12500013
      From worker 2:		num_not_imitating:		7499987
      From worker 2:		num_strategies_changed:  	346130
      From worker 2:			num_random_strategies: 	12615
      From worker 2:		num_sets_changed: 		501556
      From worker 2:			num_random_opinions: 	6995
      From worker 2:			num_biased_opinions: 	20967
      From worker 2:		num_both_changed: 		29294
      From worker 2:	
      From worker 2:	data processed and exported
      From worker 2:	
      From worker 2:	starting b_1.0_c_0.2_N_40_M_1_K_1_P_2_beta_0.0_u_0.001_v_0.0022360679774997894_p_1.0_ϵ_1.0_gens_20000000_210224-051117.898
      From worker 7:	replicate complete, ran 20000000 generations:
      From worker 7:	
      From worker 7:		num_imitating:			12499484
      From worker 7:		num_not_imitating:		7500516
      From worker 7:		num_strategies_changed:  	356411
      From worker 7:			num_random_strategies: 	12270
      From worker 7:		num_sets_changed: 		1886544
      From worker 7:			num_random_opinions: 	35017
      From worker 7:			num_biased_opinions: 	104996
      From worker 7:		num_both_changed: 		89012
      From worker 7:	
      From worker 7:	data processed and exported
      From worker 7:	
      From worker 7:	starting b_1.0_c_0.2_N_40_M_1_K_1_P_2_beta_0.0_u_0.001_v_0.011180339887498947_p_1.0_ϵ_1.0_gens_20000000_210224-051117.898
      From worker 11:	replicate complete, ran 20000000 generations:
      From worker 11:	
      From worker 11:		num_imitating:			12499896
      From worker 11:		num_not_imitating:		7500104
      From worker 11:		num_strategies_changed:  	372051
      From worker 11:			num_random_strategies: 	12609
      From worker 11:		num_sets_changed: 		1935759
      From worker 11:			num_random_opinions: 	34600
      From worker 11:			num_biased_opinions: 	105034
      From worker 11:		num_both_changed: 		96609
      From worker 11:	
      From worker 11:	data processed and exported
      From worker 11:	
      From worker 11:	starting b_1.0_c_0.2_N_40_M_1_K_1_P_2_beta_0.0_u_0.001_v_0.011180339887498947_p_1.0_ϵ_1.0_gens_20000000_210224-051117.898
      From worker 8:	replicate complete, ran 20000000 generations:
      From worker 8:	
      From worker 8:		num_imitating:			12499352
      From worker 8:		num_not_imitating:		7500648
      From worker 8:		num_strategies_changed:  	359230
      From worker 8:			num_random_strategies: 	12566
      From worker 8:		num_sets_changed: 		1972428
      From worker 8:			num_random_opinions: 	35252
      From worker 8:			num_biased_opinions: 	104745
      From worker 8:		num_both_changed: 		96630
      From worker 8:	
      From worker 8:	data processed and exported
      From worker 8:	
      From worker 8:	starting b_1.0_c_0.2_N_40_M_1_K_1_P_2_beta_0.0_u_0.001_v_0.011180339887498947_p_1.0_ϵ_1.0_gens_20000000_210224-051117.898
      From worker 10:	replicate complete, ran 20000000 generations:
      From worker 10:	
      From worker 10:		num_imitating:			12496336
      From worker 10:		num_not_imitating:		7503664
      From worker 10:		num_strategies_changed:  	367363
      From worker 10:			num_random_strategies: 	12535
      From worker 10:		num_sets_changed: 		1901966
      From worker 10:			num_random_opinions: 	34848
      From worker 10:			num_biased_opinions: 	104190
      From worker 10:		num_both_changed: 		92860
      From worker 10:	
      From worker 10:	data processed and exported
      From worker 10:	
      From worker 10:	starting b_1.0_c_0.2_N_40_M_1_K_1_P_2_beta_0.0_u_0.001_v_0.011180339887498947_p_1.0_ϵ_1.0_gens_20000000_210224-051117.898
      From worker 9:	replicate complete, ran 20000000 generations:
      From worker 9:	
      From worker 9:		num_imitating:			12499359
      From worker 9:		num_not_imitating:		7500641
      From worker 9:		num_strategies_changed:  	349253
      From worker 9:			num_random_strategies: 	12530
      From worker 9:		num_sets_changed: 		1948250
      From worker 9:			num_random_opinions: 	34861
      From worker 9:			num_biased_opinions: 	104567
      From worker 9:		num_both_changed: 		98524
      From worker 9:	
      From worker 9:	data processed and exported
      From worker 9:	
      From worker 9:	starting b_1.0_c_0.2_N_40_M_1_K_1_P_2_beta_0.0_u_0.001_v_0.011180339887498947_p_1.0_ϵ_1.0_gens_20000000_210224-051117.898
      From worker 14:	replicate complete, ran 20000000 generations:
      From worker 14:	
      From worker 14:		num_imitating:			12500464
      From worker 14:		num_not_imitating:		7499536
      From worker 14:		num_strategies_changed:  	354590
      From worker 14:			num_random_strategies: 	12569
      From worker 14:		num_sets_changed: 		4235666
      From worker 14:			num_random_opinions: 	175033
      From worker 14:			num_biased_opinions: 	523118
      From worker 14:		num_both_changed: 		156723
      From worker 14:	
      From worker 14:	data processed and exported
      From worker 14:	
      From worker 14:	starting b_1.0_c_0.2_N_40_M_1_K_1_P_2_beta_0.0_u_0.001_v_0.055901699437494755_p_1.0_ϵ_1.0_gens_20000000_210224-051117.898
      From worker 15:	replicate complete, ran 20000000 generations:
      From worker 15:	
      From worker 15:		num_imitating:			12500645
      From worker 15:		num_not_imitating:		7499355
      From worker 15:		num_strategies_changed:  	361035
      From worker 15:			num_random_strategies: 	12613
      From worker 15:		num_sets_changed: 		4251788
      From worker 15:			num_random_opinions: 	173987
      From worker 15:			num_biased_opinions: 	525878
      From worker 15:		num_both_changed: 		162954
      From worker 15:	
      From worker 15:	data processed and exported
      From worker 15:	
      From worker 15:	starting b_1.0_c_0.2_N_40_M_1_K_1_P_2_beta_0.0_u_0.001_v_0.055901699437494755_p_1.0_ϵ_1.0_gens_20000000_210224-051117.898
      From worker 13:	replicate complete, ran 20000000 generations:
      From worker 13:	
      From worker 13:		num_imitating:			12499255
      From worker 13:		num_not_imitating:		7500745
      From worker 13:		num_strategies_changed:  	349914
      From worker 13:			num_random_strategies: 	12654
      From worker 13:		num_sets_changed: 		4269577
      From worker 13:			num_random_opinions: 	174308
      From worker 13:			num_biased_opinions: 	523900
      From worker 13:		num_both_changed: 		157007
      From worker 13:	
      From worker 13:	data processed and exported
      From worker 13:	
      From worker 13:	starting b_1.0_c_0.2_N_40_M_1_K_1_P_2_beta_0.0_u_0.001_v_0.055901699437494755_p_1.0_ϵ_1.0_gens_20000000_210224-051117.898
      From worker 12:	replicate complete, ran 20000000 generations:
      From worker 12:	
      From worker 12:		num_imitating:			12501814
      From worker 12:		num_not_imitating:		7498186
      From worker 12:		num_strategies_changed:  	351767
      From worker 12:			num_random_strategies: 	12724
      From worker 12:		num_sets_changed: 		4259002
      From worker 12:			num_random_opinions: 	174027
      From worker 12:			num_biased_opinions: 	525267
      From worker 12:		num_both_changed: 		157857
      From worker 12:	
      From worker 12:	data processed and exported
      From worker 12:	
      From worker 12:	starting b_1.0_c_0.2_N_40_M_1_K_1_P_2_beta_0.0_u_0.001_v_0.055901699437494755_p_1.0_ϵ_1.0_gens_20000000_210224-051117.898
      From worker 16:	replicate complete, ran 20000000 generations:
      From worker 16:	
      From worker 16:		num_imitating:			12497649
      From worker 16:		num_not_imitating:		7502351
      From worker 16:		num_strategies_changed:  	358059
      From worker 16:			num_random_strategies: 	12504
      From worker 16:		num_sets_changed: 		4251207
      From worker 16:			num_random_opinions: 	174948
      From worker 16:			num_biased_opinions: 	523813
      From worker 16:		num_both_changed: 		163447
      From worker 16:	
      From worker 16:	data processed and exported
      From worker 16:	
      From worker 16:	starting b_1.0_c_0.2_N_40_M_1_K_1_P_2_beta_0.0_u_0.001_v_0.055901699437494755_p_1.0_ϵ_1.0_gens_20000000_210224-051117.898
      From worker 6:	replicate complete, ran 20000000 generations:
      From worker 6:	
      From worker 6:		num_imitating:			9999703
      From worker 6:		num_not_imitating:		10000297
      From worker 6:		num_strategies_changed:  	139814
      From worker 6:			num_random_strategies: 	9806
      From worker 6:		num_sets_changed: 		0
      From worker 6:			num_random_opinions: 	0
      From worker 6:			num_biased_opinions: 	22484
      From worker 6:		num_both_changed: 		0
      From worker 6:	
      From worker 6:	data processed and exported
      From worker 6:	
      From worker 6:	starting b_1.0_c_0.2_N_40_M_1_K_1_P_2_beta_0.0_u_0.001_v_0.0022360679774997894_p_0.0_ϵ_1.0_gens_20000000_210224-051117.898
      From worker 4:	replicate complete, ran 20000000 generations:
      From worker 4:	
      From worker 4:		num_imitating:			9997493
      From worker 4:		num_not_imitating:		10002507
      From worker 4:		num_strategies_changed:  	146658
      From worker 4:			num_random_strategies: 	9928
      From worker 4:		num_sets_changed: 		0
      From worker 4:			num_random_opinions: 	0
      From worker 4:			num_biased_opinions: 	22489
      From worker 4:		num_both_changed: 		0
      From worker 4:	
      From worker 4:	data processed and exported
      From worker 4:	
      From worker 4:	starting b_1.0_c_0.2_N_40_M_1_K_1_P_2_beta_0.0_u_0.001_v_0.0022360679774997894_p_0.0_ϵ_1.0_gens_20000000_210224-051117.898
      From worker 5:	replicate complete, ran 20000000 generations:
      From worker 5:	
      From worker 5:		num_imitating:			9997515
      From worker 5:		num_not_imitating:		10002485
      From worker 5:		num_strategies_changed:  	145874
      From worker 5:			num_random_strategies: 	9950
      From worker 5:		num_sets_changed: 		0
      From worker 5:			num_random_opinions: 	0
      From worker 5:			num_biased_opinions: 	22194
      From worker 5:		num_both_changed: 		0
      From worker 5:	
      From worker 5:	data processed and exported
      From worker 5:	
      From worker 5:	starting b_1.0_c_0.2_N_40_M_1_K_1_P_2_beta_0.0_u_0.001_v_0.0022360679774997894_p_0.0_ϵ_1.0_gens_20000000_210224-051117.898
      From worker 3:	replicate complete, ran 20000000 generations:
      From worker 3:	
      From worker 3:		num_imitating:			10001584
      From worker 3:		num_not_imitating:		9998416
      From worker 3:		num_strategies_changed:  	151479
      From worker 3:			num_random_strategies: 	9993
      From worker 3:		num_sets_changed: 		0
      From worker 3:			num_random_opinions: 	0
      From worker 3:			num_biased_opinions: 	22588
      From worker 3:		num_both_changed: 		0
      From worker 3:	
      From worker 3:	data processed and exported
      From worker 3:	
      From worker 3:	starting b_1.0_c_0.2_N_40_M_1_K_1_P_2_beta_0.0_u_0.001_v_0.0022360679774997894_p_0.0_ϵ_1.0_gens_20000000_210224-051117.898
      From worker 2:	replicate complete, ran 20000000 generations:
      From worker 2:	
      From worker 2:		num_imitating:			9998848
      From worker 2:		num_not_imitating:		10001152
      From worker 2:		num_strategies_changed:  	151573
      From worker 2:			num_random_strategies: 	10099
      From worker 2:		num_sets_changed: 		0
      From worker 2:			num_random_opinions: 	0
      From worker 2:			num_biased_opinions: 	22532
      From worker 2:		num_both_changed: 		0
      From worker 2:	
      From worker 2:	data processed and exported
      From worker 2:	
      From worker 2:	starting b_1.0_c_0.2_N_40_M_1_K_1_P_2_beta_0.0_u_0.001_v_0.0022360679774997894_p_0.0_ϵ_1.0_gens_20000000_210224-051117.898
      From worker 7:	replicate complete, ran 20000000 generations:
      From worker 7:	
      From worker 7:		num_imitating:			10002131
      From worker 7:		num_not_imitating:		9997869
      From worker 7:		num_strategies_changed:  	145898
      From worker 7:			num_random_strategies: 	9898
      From worker 7:		num_sets_changed: 		0
      From worker 7:			num_random_opinions: 	0
      From worker 7:			num_biased_opinions: 	111640
      From worker 7:		num_both_changed: 		0
      From worker 7:	
      From worker 7:	data processed and exported
      From worker 7:	
      From worker 7:	starting b_1.0_c_0.2_N_40_M_1_K_1_P_2_beta_0.0_u_0.001_v_0.011180339887498947_p_0.0_ϵ_1.0_gens_20000000_210224-051117.898
      From worker 11:	replicate complete, ran 20000000 generations:
      From worker 11:	
      From worker 11:		num_imitating:			10001886
      From worker 11:		num_not_imitating:		9998114
      From worker 11:		num_strategies_changed:  	145860
      From worker 11:			num_random_strategies: 	9923
      From worker 11:		num_sets_changed: 		0
      From worker 11:			num_random_opinions: 	0
      From worker 11:			num_biased_opinions: 	111955
      From worker 11:		num_both_changed: 		0
      From worker 11:	
      From worker 11:	data processed and exported
      From worker 11:	
      From worker 11:	starting b_1.0_c_0.2_N_40_M_1_K_1_P_2_beta_0.0_u_0.001_v_0.011180339887498947_p_0.0_ϵ_1.0_gens_20000000_210224-051117.898
      From worker 8:	replicate complete, ran 20000000 generations:
      From worker 8:	
      From worker 8:		num_imitating:			10002391
      From worker 8:		num_not_imitating:		9997609
      From worker 8:		num_strategies_changed:  	149268
      From worker 8:			num_random_strategies: 	9949
      From worker 8:		num_sets_changed: 		0
      From worker 8:			num_random_opinions: 	0
      From worker 8:			num_biased_opinions: 	112184
      From worker 8:		num_both_changed: 		0
      From worker 8:	
      From worker 8:	data processed and exported
      From worker 8:	
      From worker 8:	starting b_1.0_c_0.2_N_40_M_1_K_1_P_2_beta_0.0_u_0.001_v_0.011180339887498947_p_0.0_ϵ_1.0_gens_20000000_210224-051117.898
      From worker 10:	replicate complete, ran 20000000 generations:
      From worker 10:	
      From worker 10:		num_imitating:			9996705
      From worker 10:		num_not_imitating:		10003295
      From worker 10:		num_strategies_changed:  	147827
      From worker 10:			num_random_strategies: 	9949
      From worker 10:		num_sets_changed: 		0
      From worker 10:			num_random_opinions: 	0
      From worker 10:			num_biased_opinions: 	112047
      From worker 10:		num_both_changed: 		0
      From worker 10:	
      From worker 10:	data processed and exported
      From worker 10:	
      From worker 10:	starting b_1.0_c_0.2_N_40_M_1_K_1_P_2_beta_0.0_u_0.001_v_0.011180339887498947_p_0.0_ϵ_1.0_gens_20000000_210224-051117.898
      From worker 9:	replicate complete, ran 20000000 generations:
      From worker 9:	
      From worker 9:		num_imitating:			10003041
      From worker 9:		num_not_imitating:		9996959
      From worker 9:		num_strategies_changed:  	149237
      From worker 9:			num_random_strategies: 	9889
      From worker 9:		num_sets_changed: 		0
      From worker 9:			num_random_opinions: 	0
      From worker 9:			num_biased_opinions: 	111711
      From worker 9:		num_both_changed: 		0
      From worker 9:	
      From worker 9:	data processed and exported
      From worker 9:	
      From worker 9:	starting b_1.0_c_0.2_N_40_M_1_K_1_P_2_beta_0.0_u_0.001_v_0.011180339887498947_p_0.0_ϵ_1.0_gens_20000000_210224-051117.898
      From worker 14:	replicate complete, ran 20000000 generations:
      From worker 14:	
      From worker 14:		num_imitating:			10002576
      From worker 14:		num_not_imitating:		9997424
      From worker 14:		num_strategies_changed:  	152517
      From worker 14:			num_random_strategies: 	10046
      From worker 14:		num_sets_changed: 		0
      From worker 14:			num_random_opinions: 	0
      From worker 14:			num_biased_opinions: 	557633
      From worker 14:		num_both_changed: 		0
      From worker 14:	
      From worker 14:	data processed and exported
      From worker 14:	
      From worker 14:	starting b_1.0_c_0.2_N_40_M_1_K_1_P_2_beta_0.0_u_0.001_v_0.055901699437494755_p_0.0_ϵ_1.0_gens_20000000_210224-051117.898
      From worker 15:	replicate complete, ran 20000000 generations:
      From worker 15:	
      From worker 15:		num_imitating:			9999827
      From worker 15:		num_not_imitating:		10000173
      From worker 15:		num_strategies_changed:  	145231
      From worker 15:			num_random_strategies: 	9845
      From worker 15:		num_sets_changed: 		0
      From worker 15:			num_random_opinions: 	0
      From worker 15:			num_biased_opinions: 	559447
      From worker 15:		num_both_changed: 		0
      From worker 15:	
      From worker 15:	data processed and exported
      From worker 15:	
      From worker 15:	starting b_1.0_c_0.2_N_40_M_1_K_1_P_2_beta_0.0_u_0.001_v_0.055901699437494755_p_0.0_ϵ_1.0_gens_20000000_210224-051117.898
      From worker 13:	replicate complete, ran 20000000 generations:
      From worker 13:	
      From worker 13:		num_imitating:			9996963
      From worker 13:		num_not_imitating:		10003037
      From worker 13:		num_strategies_changed:  	141039
      From worker 13:			num_random_strategies: 	10016
      From worker 13:		num_sets_changed: 		0
      From worker 13:			num_random_opinions: 	0
      From worker 13:			num_biased_opinions: 	559461
      From worker 13:		num_both_changed: 		0
      From worker 13:	
      From worker 13:	data processed and exported
      From worker 13:	
      From worker 13:	starting b_1.0_c_0.2_N_40_M_1_K_1_P_2_beta_0.0_u_0.001_v_0.055901699437494755_p_0.0_ϵ_1.0_gens_20000000_210224-051117.898
      From worker 12:	replicate complete, ran 20000000 generations:
      From worker 12:	
      From worker 12:		num_imitating:			9996621
      From worker 12:		num_not_imitating:		10003379
      From worker 12:		num_strategies_changed:  	143865
      From worker 12:			num_random_strategies: 	10051
      From worker 12:		num_sets_changed: 		0
      From worker 12:			num_random_opinions: 	0
      From worker 12:			num_biased_opinions: 	557994
      From worker 12:		num_both_changed: 		0
      From worker 12:	
      From worker 12:	data processed and exported
      From worker 12:	
      From worker 12:	starting b_1.0_c_0.2_N_40_M_1_K_1_P_2_beta_0.0_u_0.001_v_0.055901699437494755_p_0.0_ϵ_1.0_gens_20000000_210224-051117.898
      From worker 16:	replicate complete, ran 20000000 generations:
      From worker 16:	
      From worker 16:		num_imitating:			9994681
      From worker 16:		num_not_imitating:		10005319
      From worker 16:		num_strategies_changed:  	145212
      From worker 16:			num_random_strategies: 	9884
      From worker 16:		num_sets_changed: 		0
      From worker 16:			num_random_opinions: 	0
      From worker 16:			num_biased_opinions: 	558945
      From worker 16:		num_both_changed: 		0
      From worker 16:	
      From worker 16:	data processed and exported
      From worker 16:	
      From worker 16:	starting b_1.0_c_0.2_N_40_M_1_K_1_P_2_beta_0.0_u_0.001_v_0.055901699437494755_p_0.0_ϵ_1.0_gens_20000000_210224-051117.898
      From worker 6:	replicate complete, ran 20000000 generations:
      From worker 6:	
      From worker 6:		num_imitating:			20000000
      From worker 6:		num_not_imitating:		0
      From worker 6:		num_strategies_changed:  	579532
      From worker 6:			num_random_strategies: 	19963
      From worker 6:		num_sets_changed: 		855862
      From worker 6:			num_random_opinions: 	44600
      From worker 6:			num_biased_opinions: 	0
      From worker 6:		num_both_changed: 		43221
      From worker 6:	
      From worker 6:	data processed and exported
      From worker 6:	
      From worker 6:	starting b_1.0_c_0.2_N_40_M_1_K_1_P_2_beta_0.0_u_0.001_v_0.0022360679774997894_p_0.25_ϵ_1.0_gens_20000000_210224-051117.898
      From worker 5:	replicate complete, ran 20000000 generations:
      From worker 5:	
      From worker 5:		num_imitating:			20000000
      From worker 5:		num_not_imitating:		0
      From worker 5:		num_strategies_changed:  	601908
      From worker 5:			num_random_strategies: 	19996
      From worker 5:		num_sets_changed: 		803816
      From worker 5:			num_random_opinions: 	44783
      From worker 5:			num_biased_opinions: 	0
      From worker 5:		num_both_changed: 		48405
      From worker 5:	
      From worker 5:	data processed and exported
      From worker 5:	
      From worker 5:	starting b_1.0_c_0.2_N_40_M_1_K_1_P_2_beta_0.0_u_0.001_v_0.0022360679774997894_p_0.25_ϵ_1.0_gens_20000000_210224-051117.898
      From worker 3:	replicate complete, ran 20000000 generations:
      From worker 3:	
      From worker 3:		num_imitating:			20000000
      From worker 3:		num_not_imitating:		0
      From worker 3:		num_strategies_changed:  	608817
      From worker 3:			num_random_strategies: 	19946
      From worker 3:		num_sets_changed: 		834763
      From worker 3:			num_random_opinions: 	44644
      From worker 3:			num_biased_opinions: 	0
      From worker 3:		num_both_changed: 		53990
      From worker 3:	
      From worker 3:	data processed and exported
      From worker 3:	
      From worker 3:	starting b_1.0_c_0.2_N_40_M_1_K_1_P_2_beta_0.0_u_0.001_v_0.0022360679774997894_p_0.25_ϵ_1.0_gens_20000000_210224-051117.898
      From worker 2:	replicate complete, ran 20000000 generations:
      From worker 2:	
      From worker 2:		num_imitating:			20000000
      From worker 2:		num_not_imitating:		0
      From worker 2:		num_strategies_changed:  	590777
      From worker 2:			num_random_strategies: 	19999
      From worker 2:		num_sets_changed: 		844442
      From worker 2:			num_random_opinions: 	44776
      From worker 2:			num_biased_opinions: 	0
      From worker 2:		num_both_changed: 		51886
      From worker 2:	
      From worker 2:	data processed and exported
      From worker 2:	
      From worker 2:	starting b_1.0_c_0.2_N_40_M_1_K_1_P_2_beta_0.0_u_0.001_v_0.0022360679774997894_p_0.25_ϵ_1.0_gens_20000000_210224-051117.898
      From worker 4:	replicate complete, ran 20000000 generations:
      From worker 4:	
      From worker 4:		num_imitating:			20000000
      From worker 4:		num_not_imitating:		0
      From worker 4:		num_strategies_changed:  	583689
      From worker 4:			num_random_strategies: 	20305
      From worker 4:		num_sets_changed: 		801376
      From worker 4:			num_random_opinions: 	44421
      From worker 4:			num_biased_opinions: 	0
      From worker 4:		num_both_changed: 		37435
      From worker 4:	
      From worker 4:	data processed and exported
      From worker 4:	
      From worker 4:	starting b_1.0_c_0.2_N_40_M_1_K_1_P_2_beta_0.0_u_0.001_v_0.0022360679774997894_p_0.25_ϵ_1.0_gens_20000000_210224-051117.898
      From worker 7:	replicate complete, ran 20000000 generations:
      From worker 7:	
      From worker 7:		num_imitating:			20000000
      From worker 7:		num_not_imitating:		0
      From worker 7:		num_strategies_changed:  	533259
      From worker 7:			num_random_strategies: 	19973
      From worker 7:		num_sets_changed: 		3087787
      From worker 7:			num_random_opinions: 	223709
      From worker 7:			num_biased_opinions: 	0
      From worker 7:		num_both_changed: 		129009
      From worker 7:	
      From worker 7:	data processed and exported
      From worker 7:	
      From worker 7:	starting b_1.0_c_0.2_N_40_M_1_K_1_P_2_beta_0.0_u_0.001_v_0.011180339887498947_p_0.25_ϵ_1.0_gens_20000000_210224-051117.898
      From worker 11:	replicate complete, ran 20000000 generations:
      From worker 11:	
      From worker 11:		num_imitating:			20000000
      From worker 11:		num_not_imitating:		0
      From worker 11:		num_strategies_changed:  	587817
      From worker 11:			num_random_strategies: 	20131
      From worker 11:		num_sets_changed: 		3155168
      From worker 11:			num_random_opinions: 	223104
      From worker 11:			num_biased_opinions: 	0
      From worker 11:		num_both_changed: 		155382
      From worker 11:	
      From worker 11:	data processed and exported
      From worker 11:	
      From worker 11:	starting b_1.0_c_0.2_N_40_M_1_K_1_P_2_beta_0.0_u_0.001_v_0.011180339887498947_p_0.25_ϵ_1.0_gens_20000000_210224-051117.898
      From worker 8:	replicate complete, ran 20000000 generations:
      From worker 8:	
      From worker 8:		num_imitating:			20000000
      From worker 8:		num_not_imitating:		0
      From worker 8:		num_strategies_changed:  	569453
      From worker 8:			num_random_strategies: 	20160
      From worker 8:		num_sets_changed: 		3094440
      From worker 8:			num_random_opinions: 	223796
      From worker 8:			num_biased_opinions: 	0
      From worker 8:		num_both_changed: 		147195
      From worker 8:	
      From worker 8:	data processed and exported
      From worker 8:	
