packages loaded
      From worker 15:	 Activating environment at `/tigress/mk28/CooperationPolarization2/Project.toml`
      From worker 12:	 Activating environment at `/tigress/mk28/CooperationPolarization2/Project.toml`
      From worker 6:	 Activating environment at `/tigress/mk28/CooperationPolarization2/Project.toml`
      From worker 13:	 Activating environment at `/tigress/mk28/CooperationPolarization2/Project.toml`
      From worker 14:	 Activating environment at `/tigress/mk28/CooperationPolarization2/Project.toml`
      From worker 10:	 Activating environment at `/tigress/mk28/CooperationPolarization2/Project.toml`
      From worker 3:	 Activating environment at `/tigress/mk28/CooperationPolarization2/Project.toml`
      From worker 7:	 Activating environment at `/tigress/mk28/CooperationPolarization2/Project.toml`
      From worker 4:	 Activating environment at `/tigress/mk28/CooperationPolarization2/Project.toml`
      From worker 8:	 Activating environment at `/tigress/mk28/CooperationPolarization2/Project.toml`
      From worker 16:	 Activating environment at `/tigress/mk28/CooperationPolarization2/Project.toml`
      From worker 9:	 Activating environment at `/tigress/mk28/CooperationPolarization2/Project.toml`
      From worker 11:	 Activating environment at `/tigress/mk28/CooperationPolarization2/Project.toml`
      From worker 5:	 Activating environment at `/tigress/mk28/CooperationPolarization2/Project.toml`
      From worker 2:	 Activating environment at `/tigress/mk28/CooperationPolarization2/Project.toml`
      From worker 7:	packages loaded
      From worker 4:	packages loaded
      From worker 14:	packages loaded
      From worker 12:	packages loaded
      From worker 6:	packages loaded
      From worker 2:	packages loaded
      From worker 13:	packages loaded
      From worker 16:	packages loaded
      From worker 3:	packages loaded
      From worker 8:	packages loaded
      From worker 5:	packages loaded
      From worker 15:	packages loaded
      From worker 11:	packages loaded
      From worker 10:	packages loaded
      From worker 9:	packages loaded
parameters defined
      From worker 12:	
      From worker 12:	starting b_1.0_c_0.2_N_40_M_2_K_2_P_2_beta_0.001_u_0.001_v_0.125_p_0.0_ϵ_1.0_gens_20000000_210215-181350.407
      From worker 13:	
      From worker 13:	starting b_1.0_c_0.2_N_40_M_2_K_2_P_2_beta_0.001_u_0.001_v_0.125_p_0.25_ϵ_1.0_gens_20000000_210215-181350.407
      From worker 7:	
      From worker 7:	starting b_1.0_c_0.2_N_40_M_2_K_2_P_2_beta_0.001_u_0.001_v_0.011180339887498947_p_0.0_ϵ_1.0_gens_20000000_210215-181350.407
      From worker 15:	
      From worker 15:	starting b_1.0_c_0.2_N_40_M_2_K_2_P_2_beta_0.001_u_0.001_v_0.2795084971874737_p_0.75_ϵ_1.0_gens_20000000_210215-181350.407
      From worker 6:	
      From worker 6:	starting b_1.0_c_0.2_N_40_M_2_K_2_P_2_beta_0.001_u_0.001_v_0.005_p_1.0_ϵ_1.0_gens_20000000_210215-181350.407
      From worker 4:	
      From worker 4:	starting b_1.0_c_0.2_N_40_M_2_K_2_P_2_beta_0.001_u_0.001_v_0.0022360679774997894_p_0.5_ϵ_1.0_gens_20000000_210215-181350.407
      From worker 2:	
      From worker 2:	starting b_1.0_c_0.2_N_40_M_2_K_2_P_2_beta_0.001_u_0.001_v_0.001_p_0.0_ϵ_1.0_gens_20000000_210215-181350.407
      From worker 14:	
      From worker 14:	starting b_1.0_c_0.2_N_40_M_2_K_2_P_2_beta_0.001_u_0.001_v_0.2795084971874737_p_0.5_ϵ_1.0_gens_20000000_210215-181350.407
      From worker 5:	
      From worker 5:	starting b_1.0_c_0.2_N_40_M_2_K_2_P_2_beta_0.001_u_0.001_v_0.0022360679774997894_p_0.75_ϵ_1.0_gens_20000000_210215-181350.407
      From worker 3:	
      From worker 3:	starting b_1.0_c_0.2_N_40_M_2_K_2_P_2_beta_0.001_u_0.001_v_0.001_p_0.25_ϵ_1.0_gens_20000000_210215-181350.407
      From worker 11:	
      From worker 11:	starting b_1.0_c_0.2_N_40_M_2_K_2_P_2_beta_0.001_u_0.001_v_0.055901699437494755_p_1.0_ϵ_1.0_gens_20000000_210215-181350.407
      From worker 16:	
      From worker 16:	starting b_1.0_c_0.2_N_40_M_2_K_2_P_2_beta_0.001_u_0.001_v_0.625_p_1.0_ϵ_1.0_gens_20000000_210215-181350.407
      From worker 8:	
      From worker 8:	starting b_1.0_c_0.2_N_40_M_2_K_2_P_2_beta_0.001_u_0.001_v_0.011180339887498947_p_0.25_ϵ_1.0_gens_20000000_210215-181350.407
      From worker 9:	
      From worker 9:	starting b_1.0_c_0.2_N_40_M_2_K_2_P_2_beta_0.001_u_0.001_v_0.025_p_0.5_ϵ_1.0_gens_20000000_210215-181350.407
      From worker 10:	
      From worker 10:	starting b_1.0_c_0.2_N_40_M_2_K_2_P_2_beta_0.001_u_0.001_v_0.025_p_0.75_ϵ_1.0_gens_20000000_210215-181350.407
      From worker 6:	replicate complete, ran 20000000 generations:
      From worker 6:	
      From worker 6:		num_imitating:			10001493
      From worker 6:		num_not_imitating:		9998507
      From worker 6:		num_strategies_changed:  	141482
      From worker 6:			num_random_strategies: 	9898
      From worker 6:		num_sets_changed: 		0
      From worker 6:			num_random_opinions: 	0
      From worker 6:			num_biased_opinions: 	49832
      From worker 6:		num_both_changed: 		0
      From worker 6:	
      From worker 6:	data processed and exported
      From worker 6:	
      From worker 6:	starting b_1.0_c_0.2_N_40_M_2_K_2_P_2_beta_0.001_u_0.001_v_0.005_p_0.0_ϵ_1.0_gens_20000000_210215-181350.407
      From worker 16:	replicate complete, ran 20000000 generations:
      From worker 16:	
      From worker 16:		num_imitating:			10002051
      From worker 16:		num_not_imitating:		9997949
      From worker 16:		num_strategies_changed:  	147647
      From worker 16:			num_random_strategies: 	10127
      From worker 16:		num_sets_changed: 		0
      From worker 16:			num_random_opinions: 	0
      From worker 16:			num_biased_opinions: 	6249774
      From worker 16:		num_both_changed: 		0
      From worker 16:	
      From worker 16:	data processed and exported
      From worker 16:	
      From worker 16:	starting b_1.0_c_0.2_N_40_M_2_K_2_P_2_beta_0.001_u_0.001_v_0.625_p_0.0_ϵ_1.0_gens_20000000_210215-181350.407
      From worker 11:	replicate complete, ran 20000000 generations:
      From worker 11:	
      From worker 11:		num_imitating:			9998252
      From worker 11:		num_not_imitating:		10001748
      From worker 11:		num_strategies_changed:  	144171
      From worker 11:			num_random_strategies: 	9871
      From worker 11:		num_sets_changed: 		0
      From worker 11:			num_random_opinions: 	0
      From worker 11:			num_biased_opinions: 	558604
      From worker 11:		num_both_changed: 		0
      From worker 11:	
      From worker 11:	data processed and exported
      From worker 11:	
      From worker 11:	starting b_1.0_c_0.2_N_40_M_2_K_2_P_2_beta_0.001_u_0.001_v_0.055901699437494755_p_0.0_ϵ_1.0_gens_20000000_210215-181350.407
      From worker 2:	replicate complete, ran 20000000 generations:
      From worker 2:	
      From worker 2:		num_imitating:			20000000
      From worker 2:		num_not_imitating:		0
      From worker 2:		num_strategies_changed:  	582616
      From worker 2:			num_random_strategies: 	19881
      From worker 2:		num_sets_changed: 		608530
      From worker 2:			num_random_opinions: 	19884
      From worker 2:			num_biased_opinions: 	0
      From worker 2:		num_both_changed: 		41009
      From worker 2:	
      From worker 2:	data processed and exported
      From worker 2:	
      From worker 2:	starting b_1.0_c_0.2_N_40_M_2_K_2_P_2_beta_0.001_u_0.001_v_0.001_p_0.25_ϵ_1.0_gens_20000000_210215-181350.407
      From worker 5:	replicate complete, ran 20000000 generations:
      From worker 5:	
      From worker 5:		num_imitating:			12498276
      From worker 5:		num_not_imitating:		7501724
      From worker 5:		num_strategies_changed:  	368352
      From worker 5:			num_random_strategies: 	12510
      From worker 5:		num_sets_changed: 		668900
      From worker 5:			num_random_opinions: 	7056
      From worker 5:			num_biased_opinions: 	20748
      From worker 5:		num_both_changed: 		41235
      From worker 5:	
      From worker 5:	data processed and exported
      From worker 5:	
      From worker 5:	starting b_1.0_c_0.2_N_40_M_2_K_2_P_2_beta_0.001_u_0.001_v_0.0022360679774997894_p_1.0_ϵ_1.0_gens_20000000_210215-181350.407
      From worker 3:	replicate complete, ran 20000000 generations:
      From worker 3:	
      From worker 3:		num_imitating:			17501976
      From worker 3:		num_not_imitating:		2498024
      From worker 3:		num_strategies_changed:  	489871
      From worker 3:			num_random_strategies: 	17532
      From worker 3:		num_sets_changed: 		513342
      From worker 3:			num_random_opinions: 	13055
      From worker 3:			num_biased_opinions: 	4535
      From worker 3:		num_both_changed: 		26778
      From worker 3:	
      From worker 3:	data processed and exported
      From worker 3:	
      From worker 3:	starting b_1.0_c_0.2_N_40_M_2_K_2_P_2_beta_0.001_u_0.001_v_0.001_p_0.5_ϵ_1.0_gens_20000000_210215-181350.407
      From worker 4:	replicate complete, ran 20000000 generations:
      From worker 4:	
      From worker 4:		num_imitating:			14998595
      From worker 4:		num_not_imitating:		5001405
      From worker 4:		num_strategies_changed:  	426207
      From worker 4:			num_random_strategies: 	15087
      From worker 4:		num_sets_changed: 		888339
      From worker 4:			num_random_opinions: 	16669
      From worker 4:			num_biased_opinions: 	16726
      From worker 4:		num_both_changed: 		58618
      From worker 4:	
      From worker 4:	data processed and exported
      From worker 4:	
      From worker 4:	starting b_1.0_c_0.2_N_40_M_2_K_2_P_2_beta_0.001_u_0.001_v_0.0022360679774997894_p_0.75_ϵ_1.0_gens_20000000_210215-181350.407
      From worker 10:	replicate complete, ran 20000000 generations:
      From worker 10:	
      From worker 10:		num_imitating:			12500541
      From worker 10:		num_not_imitating:		7499459
      From worker 10:		num_strategies_changed:  	333168
      From worker 10:			num_random_strategies: 	12525
      From worker 10:		num_sets_changed: 		3803597
      From worker 10:			num_random_opinions: 	78096
      From worker 10:			num_biased_opinions: 	234035
      From worker 10:		num_both_changed: 		149334
      From worker 10:	
      From worker 10:	data processed and exported
      From worker 10:	
      From worker 10:	starting b_1.0_c_0.2_N_40_M_2_K_2_P_2_beta_0.001_u_0.001_v_0.025_p_1.0_ϵ_1.0_gens_20000000_210215-181350.407
      From worker 8:	replicate complete, ran 20000000 generations:
      From worker 8:	
      From worker 8:		num_imitating:			17500351
      From worker 8:		num_not_imitating:		2499649
      From worker 8:		num_strategies_changed:  	514178
      From worker 8:			num_random_strategies: 	17425
      From worker 8:		num_sets_changed: 		4017372
      From worker 8:			num_random_opinions: 	146728
      From worker 8:			num_biased_opinions: 	49328
      From worker 8:		num_both_changed: 		194754
      From worker 8:	
      From worker 8:	data processed and exported
      From worker 8:	
      From worker 8:	starting b_1.0_c_0.2_N_40_M_2_K_2_P_2_beta_0.001_u_0.001_v_0.011180339887498947_p_0.5_ϵ_1.0_gens_20000000_210215-181350.407
      From worker 7:	replicate complete, ran 20000000 generations:
      From worker 7:	
      From worker 7:		num_imitating:			20000000
      From worker 7:		num_not_imitating:		0
      From worker 7:		num_strategies_changed:  	567352
      From worker 7:			num_random_strategies: 	20080
      From worker 7:		num_sets_changed: 		4740133
      From worker 7:			num_random_opinions: 	224238
      From worker 7:			num_biased_opinions: 	0
      From worker 7:		num_both_changed: 		218952
      From worker 7:	
      From worker 7:	data processed and exported
      From worker 7:	
      From worker 7:	starting b_1.0_c_0.2_N_40_M_2_K_2_P_2_beta_0.001_u_0.001_v_0.011180339887498947_p_0.25_ϵ_1.0_gens_20000000_210215-181350.407
      From worker 9:	replicate complete, ran 20000000 generations:
      From worker 9:	
      From worker 9:		num_imitating:			15000424
      From worker 9:		num_not_imitating:		4999576
      From worker 9:		num_strategies_changed:  	439855
      From worker 9:			num_random_strategies: 	14935
      From worker 9:		num_sets_changed: 		5177325
      From worker 9:			num_random_opinions: 	187322
      From worker 9:			num_biased_opinions: 	187648
      From worker 9:		num_both_changed: 		223193
      From worker 9:	
      From worker 9:	data processed and exported
      From worker 9:	
      From worker 9:	starting b_1.0_c_0.2_N_40_M_2_K_2_P_2_beta_0.001_u_0.001_v_0.025_p_0.75_ϵ_1.0_gens_20000000_210215-181350.407
      From worker 15:	replicate complete, ran 20000000 generations:
      From worker 15:	
      From worker 15:		num_imitating:			12497899
      From worker 15:		num_not_imitating:		7502101
      From worker 15:		num_strategies_changed:  	360336
      From worker 15:			num_random_strategies: 	12494
      From worker 15:		num_sets_changed: 		6247798
      From worker 15:			num_random_opinions: 	872982
      From worker 15:			num_biased_opinions: 	2618113
      From worker 15:		num_both_changed: 		197522
      From worker 15:	
      From worker 15:	data processed and exported
      From worker 15:	
      From worker 15:	starting b_1.0_c_0.2_N_40_M_2_K_2_P_2_beta_0.001_u_0.001_v_0.2795084971874737_p_1.0_ϵ_1.0_gens_20000000_210215-181350.407
      From worker 5:	replicate complete, ran 20000000 generations:
      From worker 5:	
      From worker 5:		num_imitating:			10001220
      From worker 5:		num_not_imitating:		9998780
      From worker 5:		num_strategies_changed:  	148434
      From worker 5:			num_random_strategies: 	9951
      From worker 5:		num_sets_changed: 		0
      From worker 5:			num_random_opinions: 	0
      From worker 5:			num_biased_opinions: 	22247
      From worker 5:		num_both_changed: 		0
      From worker 5:	
      From worker 5:	data processed and exported
      From worker 5:	
      From worker 5:	starting b_1.0_c_0.2_N_40_M_2_K_2_P_2_beta_0.001_u_0.001_v_0.005_p_0.0_ϵ_1.0_gens_20000000_210215-181350.407
      From worker 2:	replicate complete, ran 20000000 generations:
      From worker 2:	
      From worker 2:		num_imitating:			17502157
      From worker 2:		num_not_imitating:		2497843
      From worker 2:		num_strategies_changed:  	481933
      From worker 2:			num_random_strategies: 	17571
      From worker 2:		num_sets_changed: 		475174
      From worker 2:			num_random_opinions: 	13008
      From worker 2:			num_biased_opinions: 	4238
      From worker 2:		num_both_changed: 		21015
      From worker 2:	
      From worker 2:	data processed and exported
      From worker 2:	
      From worker 2:	starting b_1.0_c_0.2_N_40_M_2_K_2_P_2_beta_0.001_u_0.001_v_0.001_p_0.5_ϵ_1.0_gens_20000000_210215-181350.407
      From worker 3:	replicate complete, ran 20000000 generations:
      From worker 3:	
      From worker 3:		num_imitating:			14999235
      From worker 3:		num_not_imitating:		5000765
      From worker 3:		num_strategies_changed:  	436129
      From worker 3:			num_random_strategies: 	15128
      From worker 3:		num_sets_changed: 		414049
      From worker 3:			num_random_opinions: 	7479
      From worker 3:			num_biased_opinions: 	7424
      From worker 3:		num_both_changed: 		25693
      From worker 3:	
      From worker 4:	replicate complete, ran 20000000 generations:
      From worker 4:	
      From worker 4:		num_imitating:			12498146
      From worker 4:		num_not_imitating:		7501854
      From worker 4:		num_strategies_changed:  	369046
      From worker 4:			num_random_strategies: 	12543
      From worker 4:		num_sets_changed: 		642923
      From worker 4:			num_random_opinions: 	7018
      From worker 4:			num_biased_opinions: 	21147
      From worker 4:		num_both_changed: 		32811
      From worker 4:	
      From worker 3:	data processed and exported
      From worker 3:	
      From worker 3:	starting b_1.0_c_0.2_N_40_M_2_K_2_P_2_beta_0.001_u_0.001_v_0.001_p_0.75_ϵ_1.0_gens_20000000_210215-181350.407
      From worker 4:	data processed and exported
      From worker 4:	
      From worker 4:	starting b_1.0_c_0.2_N_40_M_2_K_2_P_2_beta_0.001_u_0.001_v_0.0022360679774997894_p_1.0_ϵ_1.0_gens_20000000_210215-181350.407
      From worker 6:	replicate complete, ran 20000000 generations:
      From worker 6:	
      From worker 6:		num_imitating:			20000000
      From worker 6:		num_not_imitating:		0
      From worker 6:		num_strategies_changed:  	550232
      From worker 6:			num_random_strategies: 	19937
      From worker 6:		num_sets_changed: 		2592292
      From worker 6:			num_random_opinions: 	99878
      From worker 6:			num_biased_opinions: 	0
      From worker 6:		num_both_changed: 		124909
      From worker 6:	
      From worker 6:	data processed and exported
      From worker 6:	
      From worker 6:	starting b_1.0_c_0.2_N_40_M_2_K_2_P_2_beta_0.001_u_0.001_v_0.005_p_0.25_ϵ_1.0_gens_20000000_210215-181350.407
      From worker 14:	replicate complete, ran 20000000 generations:
      From worker 14:	
      From worker 14:		num_imitating:			14998754
      From worker 14:		num_not_imitating:		5001246
      From worker 14:		num_strategies_changed:  	456999
      From worker 14:			num_random_strategies: 	14936
      From worker 14:		num_sets_changed: 		9375647
      From worker 14:			num_random_opinions: 	2094701
      From worker 14:			num_biased_opinions: 	2095629
      From worker 14:		num_both_changed: 		305296
      From worker 14:	
      From worker 14:	data processed and exported
      From worker 14:	
      From worker 14:	starting b_1.0_c_0.2_N_40_M_2_K_2_P_2_beta_0.001_u_0.001_v_0.2795084971874737_p_0.75_ϵ_1.0_gens_20000000_210215-181350.407
      From worker 10:	replicate complete, ran 20000000 generations:
      From worker 10:	
      From worker 10:		num_imitating:			9996977
      From worker 10:		num_not_imitating:		10003023
      From worker 10:		num_strategies_changed:  	143748
      From worker 10:			num_random_strategies: 	9867
      From worker 10:		num_sets_changed: 		0
      From worker 10:			num_random_opinions: 	0
      From worker 10:			num_biased_opinions: 	248197
      From worker 10:		num_both_changed: 		0
      From worker 10:	
      From worker 10:	data processed and exported
      From worker 10:	
      From worker 10:	starting b_1.0_c_0.2_N_40_M_2_K_2_P_2_beta_0.001_u_0.001_v_0.055901699437494755_p_0.0_ϵ_1.0_gens_20000000_210215-181350.407
      From worker 13:	replicate complete, ran 20000000 generations:
      From worker 13:	
      From worker 13:		num_imitating:			17500781
      From worker 13:		num_not_imitating:		2499219
      From worker 13:		num_strategies_changed:  	503142
      From worker 13:			num_random_strategies: 	17577
      From worker 13:		num_sets_changed: 		10899689
      From worker 13:			num_random_opinions: 	1640236
      From worker 13:			num_biased_opinions: 	546413
      From worker 13:		num_both_changed: 		359593
      From worker 13:	
      From worker 13:	data processed and exported
      From worker 13:	
      From worker 13:	starting b_1.0_c_0.2_N_40_M_2_K_2_P_2_beta_0.001_u_0.001_v_0.125_p_0.5_ϵ_1.0_gens_20000000_210215-181350.407
      From worker 12:	replicate complete, ran 20000000 generations:
      From worker 12:	
      From worker 12:		num_imitating:			20000000
      From worker 12:		num_not_imitating:		0
      From worker 12:		num_strategies_changed:  	577640
      From worker 12:			num_random_strategies: 	19719
      From worker 12:		num_sets_changed: 		12755749
      From worker 12:			num_random_opinions: 	2499205
      From worker 12:			num_biased_opinions: 	0
      From worker 12:		num_both_changed: 		422193
      From worker 12:	
      From worker 12:	data processed and exported
      From worker 12:	
      From worker 12:	starting b_1.0_c_0.2_N_40_M_2_K_2_P_2_beta_0.001_u_0.001_v_0.125_p_0.25_ϵ_1.0_gens_20000000_210215-181350.407
      From worker 15:	replicate complete, ran 20000000 generations:
      From worker 15:	
      From worker 15:		num_imitating:			9999193
      From worker 15:		num_not_imitating:		10000807
      From worker 15:		num_strategies_changed:  	148332
      From worker 15:			num_random_strategies: 	10087
      From worker 15:		num_sets_changed: 		0
      From worker 15:			num_random_opinions: 	0
      From worker 15:			num_biased_opinions: 	2794407
      From worker 15:		num_both_changed: 		0
      From worker 15:	
      From worker 15:	data processed and exported
      From worker 15:	
      From worker 15:	starting b_1.0_c_0.2_N_40_M_2_K_2_P_2_beta_0.001_u_0.001_v_0.625_p_0.0_ϵ_1.0_gens_20000000_210215-181350.407
      From worker 2:	replicate complete, ran 20000000 generations:
      From worker 2:	
      From worker 2:		num_imitating:			14998768
      From worker 2:		num_not_imitating:		5001232
      From worker 2:		num_strategies_changed:  	411360
      From worker 2:			num_random_strategies: 	14987
      From worker 2:		num_sets_changed: 		411258
      From worker 2:			num_random_opinions: 	7798
      From worker 2:			num_biased_opinions: 	7486
      From worker 2:		num_both_changed: 		23903
      From worker 2:	
      From worker 2:	data processed and exported
      From worker 2:	
      From worker 2:	starting b_1.0_c_0.2_N_40_M_2_K_2_P_2_beta_0.001_u_0.001_v_0.001_p_0.75_ϵ_1.0_gens_20000000_210215-181350.407
      From worker 4:	replicate complete, ran 20000000 generations:
      From worker 4:	
      From worker 4:		num_imitating:			9999970
      From worker 4:		num_not_imitating:		10000030
      From worker 4:		num_strategies_changed:  	147894
      From worker 4:			num_random_strategies: 	9854
      From worker 4:		num_sets_changed: 		0
      From worker 4:			num_random_opinions: 	0
      From worker 4:			num_biased_opinions: 	22154
      From worker 4:		num_both_changed: 		0
      From worker 4:	
      From worker 4:	data processed and exported
      From worker 4:	
      From worker 4:	starting b_1.0_c_0.2_N_40_M_2_K_2_P_2_beta_0.001_u_0.001_v_0.0022360679774997894_p_0.0_ϵ_1.0_gens_20000000_210215-181350.407
      From worker 8:	replicate complete, ran 20000000 generations:
      From worker 8:	
      From worker 8:		num_imitating:			15000627
      From worker 8:		num_not_imitating:		4999373
      From worker 8:		num_strategies_changed:  	426941
      From worker 8:			num_random_strategies: 	15039
      From worker 8:		num_sets_changed: 		3221466
      From worker 8:			num_random_opinions: 	83791
      From worker 8:			num_biased_opinions: 	83767
      From worker 8:		num_both_changed: 		151391
      From worker 8:	
      From worker 7:	replicate complete, ran 20000000 generations:
      From worker 7:	
      From worker 7:		num_imitating:			17500579
      From worker 7:		num_not_imitating:		2499421
      From worker 7:		num_strategies_changed:  	510698
      From worker 7:			num_random_strategies: 	17457
      From worker 7:		num_sets_changed: 		4027443
      From worker 7:			num_random_opinions: 	146366
      From worker 7:			num_biased_opinions: 	48721
      From worker 7:		num_both_changed: 		195210
      From worker 7:	
      From worker 7:	data processed and exported
      From worker 8:	data processed and exported
      From worker 7:	
      From worker 7:	starting b_1.0_c_0.2_N_40_M_2_K_2_P_2_beta_0.001_u_0.001_v_0.011180339887498947_p_0.5_ϵ_1.0_gens_20000000_210215-181350.407
      From worker 8:	
      From worker 8:	starting b_1.0_c_0.2_N_40_M_2_K_2_P_2_beta_0.001_u_0.001_v_0.011180339887498947_p_0.75_ϵ_1.0_gens_20000000_210215-181350.407
      From worker 3:	replicate complete, ran 20000000 generations:
      From worker 3:	
      From worker 3:		num_imitating:			12503126
      From worker 3:		num_not_imitating:		7496874
      From worker 3:		num_strategies_changed:  	350361
      From worker 3:			num_random_strategies: 	12546
      From worker 3:		num_sets_changed: 		319519
      From worker 3:			num_random_opinions: 	3169
      From worker 3:			num_biased_opinions: 	9480
      From worker 3:		num_both_changed: 		17036
      From worker 3:	
      From worker 3:	data processed and exported
      From worker 3:	
      From worker 3:	starting b_1.0_c_0.2_N_40_M_2_K_2_P_2_beta_0.001_u_0.001_v_0.001_p_1.0_ϵ_1.0_gens_20000000_210215-181350.407
      From worker 5:	replicate complete, ran 20000000 generations:
      From worker 5:	
      From worker 5:		num_imitating:			20000000
      From worker 5:		num_not_imitating:		0
      From worker 5:		num_strategies_changed:  	560608
      From worker 5:			num_random_strategies: 	20044
      From worker 5:		num_sets_changed: 		2555856
      From worker 5:			num_random_opinions: 	99830
      From worker 5:			num_biased_opinions: 	0
      From worker 5:		num_both_changed: 		133562
      From worker 5:	
      From worker 5:	data processed and exported
      From worker 5:	
      From worker 5:	starting b_1.0_c_0.2_N_40_M_2_K_2_P_2_beta_0.001_u_0.001_v_0.005_p_0.25_ϵ_1.0_gens_20000000_210215-181350.407
      From worker 9:	replicate complete, ran 20000000 generations:
      From worker 9:	
      From worker 9:		num_imitating:			12499356
      From worker 9:		num_not_imitating:		7500644
      From worker 9:		num_strategies_changed:  	362049
      From worker 9:			num_random_strategies: 	12494
      From worker 9:		num_sets_changed: 		3766392
      From worker 9:			num_random_opinions: 	77684
      From worker 9:			num_biased_opinions: 	234241
      From worker 9:		num_both_changed: 		168755
      From worker 9:	
      From worker 9:	data processed and exported
      From worker 9:	
      From worker 9:	starting b_1.0_c_0.2_N_40_M_2_K_2_P_2_beta_0.001_u_0.001_v_0.025_p_1.0_ϵ_1.0_gens_20000000_210215-181350.407
      From worker 6:	replicate complete, ran 20000000 generations:
      From worker 6:	
      From worker 6:		num_imitating:			17499650
      From worker 6:		num_not_imitating:		2500350
      From worker 6:		num_strategies_changed:  	502629
      From worker 6:			num_random_strategies: 	17620
      From worker 6:		num_sets_changed: 		2211739
      From worker 6:			num_random_opinions: 	65544
      From worker 6:			num_biased_opinions: 	21879
      From worker 6:		num_both_changed: 		115134
      From worker 6:	
      From worker 6:	data processed and exported
      From worker 6:	
      From worker 6:	starting b_1.0_c_0.2_N_40_M_2_K_2_P_2_beta_0.001_u_0.001_v_0.005_p_0.5_ϵ_1.0_gens_20000000_210215-181350.407
      From worker 11:	replicate complete, ran 20000000 generations:
      From worker 11:	
      From worker 11:		num_imitating:			20000000
      From worker 11:		num_not_imitating:		0
      From worker 11:		num_strategies_changed:  	549987
      From worker 11:			num_random_strategies: 	20061
      From worker 11:		num_sets_changed: 		10542585
      From worker 11:			num_random_opinions: 	1117826
      From worker 11:			num_biased_opinions: 	0
      From worker 11:		num_both_changed: 		372193
      From worker 11:	
      From worker 11:	data processed and exported
      From worker 11:	
      From worker 11:	starting b_1.0_c_0.2_N_40_M_2_K_2_P_2_beta_0.001_u_0.001_v_0.055901699437494755_p_0.25_ϵ_1.0_gens_20000000_210215-181350.407
      From worker 2:	replicate complete, ran 20000000 generations:
      From worker 2:	
      From worker 2:		num_imitating:			12502032
      From worker 2:		num_not_imitating:		7497968
      From worker 2:		num_strategies_changed:  	362163
      From worker 2:			num_random_strategies: 	12437
      From worker 2:		num_sets_changed: 		303697
      From worker 2:			num_random_opinions: 	2996
      From worker 2:			num_biased_opinions: 	9483
      From worker 2:		num_both_changed: 		19932
      From worker 2:	
      From worker 2:	data processed and exported
      From worker 2:	
      From worker 2:	starting b_1.0_c_0.2_N_40_M_2_K_2_P_2_beta_0.001_u_0.001_v_0.001_p_1.0_ϵ_1.0_gens_20000000_210215-181350.407
      From worker 14:	replicate complete, ran 20000000 generations:
      From worker 14:	
      From worker 14:		num_imitating:			12503584
      From worker 14:		num_not_imitating:		7496416
      From worker 14:		num_strategies_changed:  	362217
      From worker 14:			num_random_strategies: 	12557
      From worker 14:		num_sets_changed: 		6247684
      From worker 14:			num_random_opinions: 	874103
      From worker 14:			num_biased_opinions: 	2619932
      From worker 14:		num_both_changed: 		199189
      From worker 14:	
      From worker 14:	data processed and exported
      From worker 14:	
      From worker 14:	starting b_1.0_c_0.2_N_40_M_2_K_2_P_2_beta_0.001_u_0.001_v_0.2795084971874737_p_1.0_ϵ_1.0_gens_20000000_210215-181350.407
      From worker 3:	replicate complete, ran 20000000 generations:
      From worker 3:	
      From worker 3:		num_imitating:			9997648
      From worker 3:		num_not_imitating:		10002352
      From worker 3:		num_strategies_changed:  	143342
      From worker 3:			num_random_strategies: 	9983
      From worker 3:		num_sets_changed: 		0
      From worker 3:			num_random_opinions: 	0
      From worker 3:			num_biased_opinions: 	9966
      From worker 3:		num_both_changed: 		0
      From worker 3:	
      From worker 4:	replicate complete, ran 20000000 generations:
      From worker 4:	
      From worker 4:		num_imitating:			20000000
      From worker 4:		num_not_imitating:		0
      From worker 4:		num_strategies_changed:  	599858
      From worker 4:			num_random_strategies: 	19969
      From worker 4:		num_sets_changed: 		1244845
      From worker 4:			num_random_opinions: 	44598
      From worker 4:			num_biased_opinions: 	0
      From worker 4:		num_both_changed: 		74258
      From worker 4:	
      From worker 3:	data processed and exported
      From worker 3:	
      From worker 3:	starting b_1.0_c_0.2_N_40_M_2_K_2_P_2_beta_0.001_u_0.001_v_0.0022360679774997894_p_0.0_ϵ_1.0_gens_20000000_210215-181350.407
      From worker 4:	data processed and exported
      From worker 4:	
      From worker 4:	starting b_1.0_c_0.2_N_40_M_2_K_2_P_2_beta_0.001_u_0.001_v_0.0022360679774997894_p_0.25_ϵ_1.0_gens_20000000_210215-181350.407
      From worker 9:	replicate complete, ran 20000000 generations:
      From worker 9:	
      From worker 9:		num_imitating:			9997424
      From worker 9:		num_not_imitating:		10002576
      From worker 9:		num_strategies_changed:  	143320
      From worker 9:			num_random_strategies: 	9995
      From worker 9:		num_sets_changed: 		0
      From worker 9:			num_random_opinions: 	0
      From worker 9:			num_biased_opinions: 	250032
      From worker 9:		num_both_changed: 		0
      From worker 9:	
      From worker 9:	data processed and exported
      From worker 9:	
      From worker 9:	starting b_1.0_c_0.2_N_40_M_2_K_2_P_2_beta_0.001_u_0.001_v_0.025_p_0.0_ϵ_1.0_gens_20000000_210215-181350.407
      From worker 16:	replicate complete, ran 20000000 generations:
      From worker 16:	
      From worker 16:		num_imitating:			20000000
      From worker 16:		num_not_imitating:		0
      From worker 16:		num_strategies_changed:  	556479
      From worker 16:			num_random_strategies: 	19922
      From worker 16:		num_sets_changed: 		14775922
      From worker 16:			num_random_opinions: 	12498850
      From worker 16:			num_biased_opinions: 	0
      From worker 16:		num_both_changed: 		417280
      From worker 16:	
      From worker 16:	data processed and exported
      From worker 16:	
      From worker 16:	starting b_1.0_c_0.2_N_40_M_2_K_2_P_2_beta_0.001_u_0.001_v_0.625_p_0.25_ϵ_1.0_gens_20000000_210215-181350.407
      From worker 7:	replicate complete, ran 20000000 generations:
      From worker 7:	
      From worker 7:		num_imitating:			15003366
      From worker 7:		num_not_imitating:		4996634
      From worker 7:		num_strategies_changed:  	415209
      From worker 7:			num_random_strategies: 	15076
      From worker 7:		num_sets_changed: 		3178687
      From worker 7:			num_random_opinions: 	84149
      From worker 7:			num_biased_opinions: 	84102
      From worker 7:		num_both_changed: 		145275
      From worker 7:	
      From worker 7:	data processed and exported
      From worker 7:	
      From worker 7:	starting b_1.0_c_0.2_N_40_M_2_K_2_P_2_beta_0.001_u_0.001_v_0.011180339887498947_p_0.75_ϵ_1.0_gens_20000000_210215-181350.407
      From worker 8:	replicate complete, ran 20000000 generations:
      From worker 8:	
      From worker 8:		num_imitating:			12497150
      From worker 8:		num_not_imitating:		7502850
      From worker 8:		num_strategies_changed:  	378897
      From worker 8:			num_random_strategies: 	12506
      From worker 8:		num_sets_changed: 		2415629
      From worker 8:			num_random_opinions: 	34806
      From worker 8:			num_biased_opinions: 	104675
      From worker 8:		num_both_changed: 		120282
      From worker 8:	
      From worker 8:	data processed and exported
      From worker 8:	
      From worker 8:	starting b_1.0_c_0.2_N_40_M_2_K_2_P_2_beta_0.001_u_0.001_v_0.011180339887498947_p_1.0_ϵ_1.0_gens_20000000_210215-181350.407
      From worker 5:	replicate complete, ran 20000000 generations:
      From worker 5:	
      From worker 5:		num_imitating:			17499370
      From worker 5:		num_not_imitating:		2500630
      From worker 5:		num_strategies_changed:  	490581
      From worker 5:			num_random_strategies: 	17480
      From worker 5:		num_sets_changed: 		2203111
      From worker 5:			num_random_opinions: 	66162
      From worker 5:			num_biased_opinions: 	21824
      From worker 5:		num_both_changed: 		110480
      From worker 5:	
      From worker 5:	data processed and exported
      From worker 5:	
      From worker 5:	starting b_1.0_c_0.2_N_40_M_2_K_2_P_2_beta_0.001_u_0.001_v_0.005_p_0.5_ϵ_1.0_gens_20000000_210215-181350.407
      From worker 6:	replicate complete, ran 20000000 generations:
      From worker 6:	
      From worker 6:		num_imitating:			14998401
      From worker 6:		num_not_imitating:		5001599
      From worker 6:		num_strategies_changed:  	422926
      From worker 6:			num_random_strategies: 	15044
      From worker 6:		num_sets_changed: 		1806844
      From worker 6:			num_random_opinions: 	37496
      From worker 6:			num_biased_opinions: 	37849
      From worker 6:		num_both_changed: 		88913
      From worker 6:	
      From worker 6:	data processed and exported
      From worker 6:	
      From worker 6:	starting b_1.0_c_0.2_N_40_M_2_K_2_P_2_beta_0.001_u_0.001_v_0.005_p_0.75_ϵ_1.0_gens_20000000_210215-181350.407
      From worker 2:	replicate complete, ran 20000000 generations:
      From worker 2:	
      From worker 2:		num_imitating:			10004540
      From worker 2:		num_not_imitating:		9995460
      From worker 2:		num_strategies_changed:  	150502
      From worker 2:			num_random_strategies: 	10141
      From worker 2:		num_sets_changed: 		0
      From worker 2:			num_random_opinions: 	0
      From worker 2:			num_biased_opinions: 	10049
      From worker 2:		num_both_changed: 		0
      From worker 2:	
      From worker 2:	data processed and exported
      From worker 2:	
      From worker 2:	starting b_1.0_c_0.2_N_40_M_2_K_2_P_2_beta_0.001_u_0.001_v_0.001_p_0.0_ϵ_1.0_gens_20000000_210215-181350.407
      From worker 13:	replicate complete, ran 20000000 generations:
      From worker 13:	
      From worker 13:		num_imitating:			14998743
      From worker 13:		num_not_imitating:		5001257
      From worker 13:		num_strategies_changed:  	418257
      From worker 13:			num_random_strategies: 	15125
      From worker 13:		num_sets_changed: 		8658310
      From worker 13:			num_random_opinions: 	936930
      From worker 13:			num_biased_opinions: 	937192
      From worker 13:		num_both_changed: 		278367
      From worker 13:	
      From worker 13:	data processed and exported
      From worker 14:	replicate complete, ran 20000000 generations:
      From worker 14:	
      From worker 14:		num_imitating:			10001031
      From worker 14:		num_not_imitating:		9998969
      From worker 14:		num_strategies_changed:  	146457
      From worker 14:			num_random_strategies: 	9887
      From worker 14:		num_sets_changed: 		0
      From worker 14:			num_random_opinions: 	0
      From worker 14:			num_biased_opinions: 	2798652
      From worker 14:		num_both_changed: 		0
      From worker 14:	
      From worker 13:	
      From worker 13:	starting b_1.0_c_0.2_N_40_M_2_K_2_P_2_beta_0.001_u_0.001_v_0.125_p_0.75_ϵ_1.0_gens_20000000_210215-181350.407
      From worker 14:	data processed and exported
      From worker 14:	
      From worker 14:	starting b_1.0_c_0.2_N_40_M_2_K_2_P_2_beta_0.001_u_0.001_v_0.2795084971874737_p_0.0_ϵ_1.0_gens_20000000_210215-181350.407
      From worker 10:	replicate complete, ran 20000000 generations:
      From worker 10:	
      From worker 10:		num_imitating:			20000000
      From worker 10:		num_not_imitating:		0
      From worker 10:		num_strategies_changed:  	557359
      From worker 10:			num_random_strategies: 	20230
      From worker 10:		num_sets_changed: 		10523598
      From worker 10:			num_random_opinions: 	1117683
      From worker 10:			num_biased_opinions: 	0
      From worker 10:		num_both_changed: 		374130
      From worker 10:	
      From worker 10:	data processed and exported
      From worker 10:	
      From worker 10:	starting b_1.0_c_0.2_N_40_M_2_K_2_P_2_beta_0.001_u_0.001_v_0.055901699437494755_p_0.25_ϵ_1.0_gens_20000000_210215-181350.407
      From worker 12:	replicate complete, ran 20000000 generations:
      From worker 12:	
      From worker 12:		num_imitating:			17500176
      From worker 12:		num_not_imitating:		2499824
      From worker 12:		num_strategies_changed:  	521061
      From worker 12:			num_random_strategies: 	17413
      From worker 12:		num_sets_changed: 		10917822
      From worker 12:			num_random_opinions: 	1641093
      From worker 12:			num_biased_opinions: 	548287
      From worker 12:		num_both_changed: 		372783
      From worker 12:	
      From worker 4:	replicate complete, ran 20000000 generations:
      From worker 4:	
      From worker 4:		num_imitating:			17500052
      From worker 4:		num_not_imitating:		2499948
      From worker 4:		num_strategies_changed:  	474561
      From worker 4:			num_random_strategies: 	17608
      From worker 4:		num_sets_changed: 		1041792
      From worker 4:			num_random_opinions: 	29098
      From worker 4:			num_biased_opinions: 	9707
      From worker 4:		num_both_changed: 		55273
      From worker 4:	
      From worker 12:	data processed and exported
      From worker 4:	data processed and exported
      From worker 12:	
      From worker 12:	starting b_1.0_c_0.2_N_40_M_2_K_2_P_2_beta_0.001_u_0.001_v_0.125_p_0.5_ϵ_1.0_gens_20000000_210215-181350.407
      From worker 4:	
      From worker 4:	starting b_1.0_c_0.2_N_40_M_2_K_2_P_2_beta_0.001_u_0.001_v_0.0022360679774997894_p_0.5_ϵ_1.0_gens_20000000_210215-181350.407
      From worker 3:	replicate complete, ran 20000000 generations:
      From worker 3:	
      From worker 3:		num_imitating:			20000000
      From worker 3:		num_not_imitating:		0
      From worker 3:		num_strategies_changed:  	552654
      From worker 3:			num_random_strategies: 	19834
      From worker 3:		num_sets_changed: 		1317869
      From worker 3:			num_random_opinions: 	44763
      From worker 3:			num_biased_opinions: 	0
      From worker 3:		num_both_changed: 		69171
      From worker 3:	
      From worker 3:	data processed and exported
      From worker 3:	
      From worker 3:	starting b_1.0_c_0.2_N_40_M_2_K_2_P_2_beta_0.001_u_0.001_v_0.0022360679774997894_p_0.25_ϵ_1.0_gens_20000000_210215-181350.407
      From worker 8:	replicate complete, ran 20000000 generations:
      From worker 8:	
      From worker 8:		num_imitating:			10002784
      From worker 8:		num_not_imitating:		9997216
      From worker 8:		num_strategies_changed:  	152621
      From worker 8:			num_random_strategies: 	10158
      From worker 8:		num_sets_changed: 		0
      From worker 8:			num_random_opinions: 	0
      From worker 8:			num_biased_opinions: 	111554
      From worker 8:		num_both_changed: 		0
      From worker 8:	
      From worker 8:	data processed and exported
      From worker 8:	
      From worker 8:	starting b_1.0_c_0.2_N_40_M_2_K_2_P_2_beta_0.001_u_0.001_v_0.025_p_0.0_ϵ_1.0_gens_20000000_210215-181350.407
      From worker 5:	replicate complete, ran 20000000 generations:
      From worker 5:	
      From worker 5:		num_imitating:			14999813
      From worker 5:		num_not_imitating:		5000187
      From worker 5:		num_strategies_changed:  	431395
      From worker 5:			num_random_strategies: 	15164
      From worker 5:		num_sets_changed: 		1725128
      From worker 5:			num_random_opinions: 	37411
      From worker 5:			num_biased_opinions: 	37448
      From worker 5:		num_both_changed: 		88192
      From worker 5:	
      From worker 7:	replicate complete, ran 20000000 generations:
      From worker 7:	
      From worker 7:		num_imitating:			12503879
      From worker 7:		num_not_imitating:		7496121
      From worker 7:		num_strategies_changed:  	349360
      From worker 7:			num_random_strategies: 	12453
      From worker 7:		num_sets_changed: 		2375085
      From worker 7:			num_random_opinions: 	34760
      From worker 7:			num_biased_opinions: 	104963
      From worker 7:		num_both_changed: 		108388
      From worker 7:	
      From worker 5:	data processed and exported
      From worker 7:	data processed and exported
      From worker 5:	
      From worker 5:	starting b_1.0_c_0.2_N_40_M_2_K_2_P_2_beta_0.001_u_0.001_v_0.005_p_0.75_ϵ_1.0_gens_20000000_210215-181350.407
      From worker 7:	
      From worker 7:	starting b_1.0_c_0.2_N_40_M_2_K_2_P_2_beta_0.001_u_0.001_v_0.011180339887498947_p_1.0_ϵ_1.0_gens_20000000_210215-181350.407
      From worker 6:	replicate complete, ran 20000000 generations:
      From worker 6:	
      From worker 6:		num_imitating:			12503423
      From worker 6:		num_not_imitating:		7496577
      From worker 6:		num_strategies_changed:  	349164
      From worker 6:			num_random_strategies: 	12421
      From worker 6:		num_sets_changed: 		1295927
      From worker 6:			num_random_opinions: 	15480
      From worker 6:			num_biased_opinions: 	46924
      From worker 6:		num_both_changed: 		66509
      From worker 6:	
      From worker 6:	data processed and exported
      From worker 6:	
      From worker 6:	starting b_1.0_c_0.2_N_40_M_2_K_2_P_2_beta_0.001_u_0.001_v_0.005_p_1.0_ϵ_1.0_gens_20000000_210215-181350.407
      From worker 2:	replicate complete, ran 20000000 generations:
      From worker 2:	
      From worker 2:		num_imitating:			20000000
      From worker 2:		num_not_imitating:		0
      From worker 2:		num_strategies_changed:  	592515
      From worker 2:			num_random_strategies: 	20065
      From worker 2:		num_sets_changed: 		608473
      From worker 2:			num_random_opinions: 	19833
      From worker 2:			num_biased_opinions: 	0
      From worker 2:		num_both_changed: 		34118
      From worker 2:	
      From worker 2:	data processed and exported
      From worker 11:	replicate complete, ran 20000000 generations:
      From worker 11:	
      From worker 11:		num_imitating:			17498666
      From worker 11:		num_not_imitating:		2501334
      From worker 11:		num_strategies_changed:  	488590
      From worker 11:			num_random_strategies: 	17179
      From worker 11:		num_sets_changed: 		8993908
      From worker 11:			num_random_opinions: 	733721
      From worker 11:			num_biased_opinions: 	244696
      From worker 11:		num_both_changed: 		326753
      From worker 11:	
      From worker 11:	data processed and exported
      From worker 11:	
      From worker 11:	starting b_1.0_c_0.2_N_40_M_2_K_2_P_2_beta_0.001_u_0.001_v_0.055901699437494755_p_0.5_ϵ_1.0_gens_20000000_210215-181350.407
      From worker 15:	replicate complete, ran 20000000 generations:
      From worker 15:	
      From worker 15:		num_imitating:			20000000
      From worker 15:		num_not_imitating:		0
      From worker 15:		num_strategies_changed:  	583362
      From worker 15:			num_random_strategies: 	19983
      From worker 15:		num_sets_changed: 		14774724
      From worker 15:			num_random_opinions: 	12499549
      From worker 15:			num_biased_opinions: 	0
      From worker 15:		num_both_changed: 		437108
      From worker 15:	
      From worker 15:	data processed and exported
      From worker 15:	
      From worker 15:	starting b_1.0_c_0.2_N_40_M_2_K_2_P_2_beta_0.001_u_0.001_v_0.625_p_0.25_ϵ_1.0_gens_20000000_210215-181350.407
      From worker 4:	replicate complete, ran 20000000 generations:
      From worker 4:	
      From worker 4:		num_imitating:			15002222
      From worker 4:		num_not_imitating:		4997778
      From worker 4:		num_strategies_changed:  	446753
      From worker 4:			num_random_strategies: 	15030
      From worker 4:		num_sets_changed: 		853421
      From worker 4:			num_random_opinions: 	16742
      From worker 4:			num_biased_opinions: 	16737
      From worker 4:		num_both_changed: 		43550
      From worker 4:	
      From worker 4:	data processed and exported
      From worker 9:	replicate complete, ran 20000000 generations:
      From worker 9:	
      From worker 9:		num_imitating:			20000000
      From worker 9:		num_not_imitating:		0
      From worker 9:		num_strategies_changed:  	574186
      From worker 9:			num_random_strategies: 	20077
      From worker 9:		num_sets_changed: 		7518179
      From worker 9:			num_random_opinions: 	499415
      From worker 9:			num_biased_opinions: 	0
      From worker 9:		num_both_changed: 		313275
      From worker 9:	
      From worker 9:	data processed and exported
      From worker 9:	
      From worker 9:	starting b_1.0_c_0.2_N_40_M_2_K_2_P_2_beta_0.001_u_0.001_v_0.025_p_0.25_ϵ_1.0_gens_20000000_210215-181350.407
      From worker 3:	replicate complete, ran 20000000 generations:
      From worker 3:	
      From worker 3:		num_imitating:			17500400
      From worker 3:		num_not_imitating:		2499600
      From worker 3:		num_strategies_changed:  	486897
      From worker 3:			num_random_strategies: 	17583
      From worker 3:		num_sets_changed: 		1106062
      From worker 3:			num_random_opinions: 	29511
      From worker 3:			num_biased_opinions: 	9922
      From worker 3:		num_both_changed: 		56172
      From worker 3:	
      From worker 3:	data processed and exported
      From worker 7:	replicate complete, ran 20000000 generations:
      From worker 7:	
      From worker 7:		num_imitating:			9998155
      From worker 7:		num_not_imitating:		10001845
      From worker 7:		num_strategies_changed:  	151055
      From worker 7:			num_random_strategies: 	10105
      From worker 7:		num_sets_changed: 		0
      From worker 7:			num_random_opinions: 	0
      From worker 7:			num_biased_opinions: 	111809
      From worker 7:		num_both_changed: 		0
      From worker 7:	
      From worker 7:	data processed and exported
      From worker 7:	
      From worker 7:	starting b_1.0_c_0.2_N_40_M_2_K_2_P_2_beta_0.001_u_0.001_v_0.011180339887498947_p_0.0_ϵ_1.0_gens_20000000_210215-181350.407
      From worker 6:	replicate complete, ran 20000000 generations:
      From worker 6:	
      From worker 6:		num_imitating:			10003185
      From worker 6:		num_not_imitating:		9996815
      From worker 6:		num_strategies_changed:  	145278
      From worker 6:			num_random_strategies: 	10050
      From worker 6:		num_sets_changed: 		0
      From worker 6:			num_random_opinions: 	0
      From worker 6:			num_biased_opinions: 	50085
      From worker 6:		num_both_changed: 		0
      From worker 6:	
      From worker 6:	data processed and exported
      From worker 5:	replicate complete, ran 20000000 generations:
      From worker 5:	
      From worker 5:		num_imitating:			12500695
      From worker 5:		num_not_imitating:		7499305
      From worker 5:		num_strategies_changed:  	329032
      From worker 5:			num_random_strategies: 	12448
      From worker 5:		num_sets_changed: 		1308142
      From worker 5:			num_random_opinions: 	15482
      From worker 5:			num_biased_opinions: 	47196
      From worker 5:		num_both_changed: 		63488
      From worker 5:	
      From worker 5:	data processed and exported
      From worker 13:	replicate complete, ran 20000000 generations:
      From worker 13:	
      From worker 13:		num_imitating:			12499821
      From worker 13:		num_not_imitating:		7500179
      From worker 13:		num_strategies_changed:  	353152
      From worker 13:			num_random_strategies: 	12694
      From worker 13:		num_sets_changed: 		6122958
      From worker 13:			num_random_opinions: 	391378
      From worker 13:			num_biased_opinions: 	1171033
      From worker 13:		num_both_changed: 		204572
      From worker 13:	
      From worker 13:	data processed and exported
      From worker 13:	
      From worker 13:	starting b_1.0_c_0.2_N_40_M_2_K_2_P_2_beta_0.001_u_0.001_v_0.125_p_1.0_ϵ_1.0_gens_20000000_210215-181350.407
      From worker 16:	replicate complete, ran 20000000 generations:
      From worker 16:	
      From worker 16:		num_imitating:			17502499
      From worker 16:		num_not_imitating:		2497501
      From worker 16:		num_strategies_changed:  	511452
      From worker 16:			num_random_strategies: 	17266
      From worker 16:		num_sets_changed: 		12410986
      From worker 16:			num_random_opinions: 	8202710
      From worker 16:			num_biased_opinions: 	2735463
      From worker 16:		num_both_changed: 		368459
      From worker 16:	
      From worker 16:	data processed and exported
      From worker 16:	
      From worker 16:	starting b_1.0_c_0.2_N_40_M_2_K_2_P_2_beta_0.001_u_0.001_v_0.625_p_0.5_ϵ_1.0_gens_20000000_210215-181350.407
      From worker 12:	replicate complete, ran 20000000 generations:
      From worker 12:	
      From worker 12:		num_imitating:			14999289
      From worker 12:		num_not_imitating:		5000711
      From worker 12:		num_strategies_changed:  	408818
      From worker 12:			num_random_strategies: 	14836
      From worker 12:		num_sets_changed: 		8631464
      From worker 12:			num_random_opinions: 	938754
      From worker 12:			num_biased_opinions: 	937896
      From worker 12:		num_both_changed: 		274349
      From worker 12:	
      From worker 10:	replicate complete, ran 20000000 generations:
      From worker 10:	
      From worker 10:		num_imitating:			17500803
      From worker 10:		num_not_imitating:		2499197
      From worker 10:		num_strategies_changed:  	504645
      From worker 10:			num_random_strategies: 	17527
      From worker 10:		num_sets_changed: 		8978463
      From worker 10:			num_random_opinions: 	734472
      From worker 10:			num_biased_opinions: 	243859
      From worker 10:		num_both_changed: 		333130
      From worker 10:	
      From worker 12:	data processed and exported
      From worker 10:	data processed and exported
      From worker 10:	
      From worker 10:	starting b_1.0_c_0.2_N_40_M_2_K_2_P_2_beta_0.001_u_0.001_v_0.055901699437494755_p_0.5_ϵ_1.0_gens_20000000_210215-181350.407
      From worker 12:	
      From worker 12:	starting b_1.0_c_0.2_N_40_M_2_K_2_P_2_beta_0.001_u_0.001_v_0.125_p_0.75_ϵ_1.0_gens_20000000_210215-181350.407
      From worker 8:	replicate complete, ran 20000000 generations:
      From worker 8:	
      From worker 8:		num_imitating:			20000000
      From worker 8:		num_not_imitating:		0
      From worker 8:		num_strategies_changed:  	541582
      From worker 8:			num_random_strategies: 	19754
      From worker 8:		num_sets_changed: 		7568088
      From worker 8:			num_random_opinions: 	499525
      From worker 8:			num_biased_opinions: 	0
      From worker 8:		num_both_changed: 		288420
      From worker 8:	
      From worker 8:	data processed and exported
      From worker 8:	
      From worker 8:	starting b_1.0_c_0.2_N_40_M_2_K_2_P_2_beta_0.001_u_0.001_v_0.025_p_0.25_ϵ_1.0_gens_20000000_210215-181350.407
      From worker 13:	replicate complete, ran 20000000 generations:
      From worker 13:	
      From worker 13:		num_imitating:			10000580
      From worker 13:		num_not_imitating:		9999420
      From worker 13:		num_strategies_changed:  	141866
      From worker 13:			num_random_strategies: 	10033
      From worker 13:		num_sets_changed: 		0
      From worker 13:			num_random_opinions: 	0
      From worker 13:			num_biased_opinions: 	1249334
      From worker 13:		num_both_changed: 		0
      From worker 13:	
      From worker 13:	data processed and exported
      From worker 13:	
      From worker 13:	starting b_1.0_c_0.2_N_40_M_2_K_2_P_2_beta_0.001_u_0.001_v_0.2795084971874737_p_0.0_ϵ_1.0_gens_20000000_210215-181350.407
      From worker 14:	replicate complete, ran 20000000 generations:
      From worker 14:	
      From worker 14:		num_imitating:			20000000
      From worker 14:		num_not_imitating:		0
      From worker 14:		num_strategies_changed:  	562925
      From worker 14:			num_random_strategies: 	20018
      From worker 14:		num_sets_changed: 		14092980
      From worker 14:			num_random_opinions: 	5589770
      From worker 14:			num_biased_opinions: 	0
      From worker 14:		num_both_changed: 		419841
      From worker 14:	
      From worker 14:	data processed and exported
      From worker 14:	
      From worker 14:	starting b_1.0_c_0.2_N_40_M_2_K_2_P_2_beta_0.001_u_0.001_v_0.2795084971874737_p_0.25_ϵ_1.0_gens_20000000_210215-181350.407
      From worker 11:	replicate complete, ran 20000000 generations:
      From worker 11:	
      From worker 11:		num_imitating:			15000465
      From worker 11:		num_not_imitating:		4999535
      From worker 11:		num_strategies_changed:  	412918
      From worker 11:			num_random_strategies: 	15063
      From worker 11:		num_sets_changed: 		7144632
      From worker 11:			num_random_opinions: 	419728
      From worker 11:			num_biased_opinions: 	419822
      From worker 11:		num_both_changed: 		252312
      From worker 11:	
      From worker 11:	data processed and exported
      From worker 11:	
      From worker 11:	starting b_1.0_c_0.2_N_40_M_2_K_2_P_2_beta_0.001_u_0.001_v_0.055901699437494755_p_0.75_ϵ_1.0_gens_20000000_210215-181350.407
      From worker 7:	replicate complete, ran 20000000 generations:
      From worker 7:	
      From worker 7:		num_imitating:			20000000
      From worker 7:		num_not_imitating:		0
      From worker 7:		num_strategies_changed:  	585510
      From worker 7:			num_random_strategies: 	20027
      From worker 7:		num_sets_changed: 		4688482
      From worker 7:			num_random_opinions: 	223226
      From worker 7:			num_biased_opinions: 	0
      From worker 7:		num_both_changed: 		233085
      From worker 7:	
      From worker 7:	data processed and exported
      From worker 9:	replicate complete, ran 20000000 generations:
      From worker 9:	
      From worker 9:		num_imitating:			17499449
      From worker 9:		num_not_imitating:		2500551
      From worker 9:		num_strategies_changed:  	514019
      From worker 9:			num_random_strategies: 	17706
      From worker 9:		num_sets_changed: 		6487337
      From worker 9:			num_random_opinions: 	327427
      From worker 9:			num_biased_opinions: 	109761
      From worker 9:		num_both_changed: 		280999
      From worker 9:	
      From worker 9:	data processed and exported
      From worker 9:	
      From worker 9:	starting b_1.0_c_0.2_N_40_M_2_K_2_P_2_beta_0.001_u_0.001_v_0.025_p_0.5_ϵ_1.0_gens_20000000_210215-181350.407
      From worker 15:	replicate complete, ran 20000000 generations:
      From worker 15:	
      From worker 15:		num_imitating:			17500301
      From worker 15:		num_not_imitating:		2499699
      From worker 15:		num_strategies_changed:  	492079
      From worker 15:			num_random_strategies: 	17395
      From worker 15:		num_sets_changed: 		12410251
      From worker 15:			num_random_opinions: 	8201024
      From worker 15:			num_biased_opinions: 	2735127
      From worker 15:		num_both_changed: 		355202
      From worker 15:	
      From worker 15:	data processed and exported
      From worker 15:	
      From worker 15:	starting b_1.0_c_0.2_N_40_M_2_K_2_P_2_beta_0.001_u_0.001_v_0.625_p_0.5_ϵ_1.0_gens_20000000_210215-181350.407
      From worker 8:	replicate complete, ran 20000000 generations:
      From worker 8:	
      From worker 8:		num_imitating:			17496861
      From worker 8:		num_not_imitating:		2503139
      From worker 8:		num_strategies_changed:  	504180
      From worker 8:			num_random_strategies: 	17677
      From worker 8:		num_sets_changed: 		6430822
      From worker 8:			num_random_opinions: 	328790
      From worker 8:			num_biased_opinions: 	109756
      From worker 8:		num_both_changed: 		269810
      From worker 8:	
      From worker 12:	replicate complete, ran 20000000 generations:
      From worker 12:	
      From worker 12:		num_imitating:			12497978
      From worker 12:		num_not_imitating:		7502022
      From worker 12:		num_strategies_changed:  	370294
      From worker 12:			num_random_strategies: 	12491
      From worker 12:		num_sets_changed: 		6120776
      From worker 12:			num_random_opinions: 	390093
      From worker 12:			num_biased_opinions: 	1171920
      From worker 12:		num_both_changed: 		216075
      From worker 12:	
      From worker 8:	data processed and exported
      From worker 12:	data processed and exported
      From worker 12:	
      From worker 12:	starting b_1.0_c_0.2_N_40_M_2_K_2_P_2_beta_0.001_u_0.001_v_0.125_p_1.0_ϵ_1.0_gens_20000000_210215-181350.407
      From worker 10:	replicate complete, ran 20000000 generations:
      From worker 10:	
      From worker 10:		num_imitating:			15001555
      From worker 10:		num_not_imitating:		4998445
      From worker 10:		num_strategies_changed:  	441295
      From worker 10:			num_random_strategies: 	15076
      From worker 10:		num_sets_changed: 		7159450
      From worker 10:			num_random_opinions: 	420398
      From worker 10:			num_biased_opinions: 	418751
      From worker 10:		num_both_changed: 		274901
      From worker 10:	
      From worker 10:	data processed and exported
      From worker 10:	
      From worker 10:	starting b_1.0_c_0.2_N_40_M_2_K_2_P_2_beta_0.001_u_0.001_v_0.055901699437494755_p_0.75_ϵ_1.0_gens_20000000_210215-181350.407
      From worker 16:	replicate complete, ran 20000000 generations:
      From worker 16:	
      From worker 16:		num_imitating:			15000045
      From worker 16:		num_not_imitating:		4999955
      From worker 16:		num_strategies_changed:  	429339
      From worker 16:			num_random_strategies: 	14900
      From worker 16:		num_sets_changed: 		9184325
      From worker 16:			num_random_opinions: 	4684852
      From worker 16:			num_biased_opinions: 	4690273
      From worker 16:		num_both_changed: 		268083
      From worker 16:	
      From worker 16:	data processed and exported
      From worker 16:	
      From worker 16:	starting b_1.0_c_0.2_N_40_M_2_K_2_P_2_beta_0.001_u_0.001_v_0.625_p_0.75_ϵ_1.0_gens_20000000_210215-181350.407
      From worker 11:	replicate complete, ran 20000000 generations:
      From worker 11:	
      From worker 11:		num_imitating:			12501778
      From worker 11:		num_not_imitating:		7498222
      From worker 11:		num_strategies_changed:  	389280
      From worker 11:			num_random_strategies: 	12538
      From worker 11:		num_sets_changed: 		5217774
      From worker 11:			num_random_opinions: 	174658
      From worker 11:			num_biased_opinions: 	524602
      From worker 11:		num_both_changed: 		219978
      From worker 11:	
      From worker 11:	data processed and exported
      From worker 11:	
      From worker 11:	starting b_1.0_c_0.2_N_40_M_2_K_2_P_2_beta_0.001_u_0.001_v_0.055901699437494755_p_1.0_ϵ_1.0_gens_20000000_210215-181350.407
      From worker 9:	replicate complete, ran 20000000 generations:
      From worker 9:	
      From worker 9:		num_imitating:			15001111
      From worker 9:		num_not_imitating:		4998889
      From worker 9:		num_strategies_changed:  	441285
      From worker 9:			num_random_strategies: 	15018
      From worker 9:		num_sets_changed: 		5140928
      From worker 9:			num_random_opinions: 	188155
      From worker 9:			num_biased_opinions: 	187239
      From worker 9:		num_both_changed: 		228438
      From worker 9:	
      From worker 9:	data processed and exported
      From worker 12:	replicate complete, ran 20000000 generations:
      From worker 12:	
      From worker 12:		num_imitating:			10001087
      From worker 12:		num_not_imitating:		9998913
      From worker 12:		num_strategies_changed:  	150850
      From worker 12:			num_random_strategies: 	9944
      From worker 12:		num_sets_changed: 		0
      From worker 12:			num_random_opinions: 	0
      From worker 12:			num_biased_opinions: 	1250308
      From worker 12:		num_both_changed: 		0
      From worker 12:	
      From worker 12:	data processed and exported
      From worker 12:	
      From worker 12:	starting b_1.0_c_0.2_N_40_M_2_K_2_P_2_beta_0.001_u_0.001_v_0.125_p_0.0_ϵ_1.0_gens_20000000_210215-181350.407
      From worker 11:	replicate complete, ran 20000000 generations:
      From worker 11:	
      From worker 11:		num_imitating:			9995887
      From worker 11:		num_not_imitating:		10004113
      From worker 11:		num_strategies_changed:  	143782
      From worker 11:			num_random_strategies: 	10015
      From worker 11:		num_sets_changed: 		0
      From worker 11:			num_random_opinions: 	0
      From worker 11:			num_biased_opinions: 	560778
      From worker 11:		num_both_changed: 		0
      From worker 11:	
      From worker 11:	data processed and exported
      From worker 13:	replicate complete, ran 20000000 generations:
      From worker 13:	
      From worker 13:		num_imitating:			20000000
      From worker 13:		num_not_imitating:		0
      From worker 13:		num_strategies_changed:  	568207
      From worker 13:			num_random_strategies: 	20204
      From worker 13:		num_sets_changed: 		14093579
      From worker 13:			num_random_opinions: 	5588194
      From worker 13:			num_biased_opinions: 	0
      From worker 13:		num_both_changed: 		423754
      From worker 13:	
      From worker 13:	data processed and exported
      From worker 13:	
      From worker 13:	starting b_1.0_c_0.2_N_40_M_2_K_2_P_2_beta_0.001_u_0.001_v_0.2795084971874737_p_0.25_ϵ_1.0_gens_20000000_210215-181350.407
      From worker 14:	replicate complete, ran 20000000 generations:
      From worker 14:	
      From worker 14:		num_imitating:			17501944
      From worker 14:		num_not_imitating:		2498056
      From worker 14:		num_strategies_changed:  	466492
      From worker 14:			num_random_strategies: 	17172
      From worker 14:		num_sets_changed: 		11987111
      From worker 14:			num_random_opinions: 	3669900
      From worker 14:			num_biased_opinions: 	1222525
      From worker 14:		num_both_changed: 		339865
      From worker 14:	
      From worker 14:	data processed and exported
      From worker 14:	
      From worker 14:	starting b_1.0_c_0.2_N_40_M_2_K_2_P_2_beta_0.001_u_0.001_v_0.2795084971874737_p_0.5_ϵ_1.0_gens_20000000_210215-181350.407
      From worker 10:	replicate complete, ran 20000000 generations:
      From worker 10:	
      From worker 10:		num_imitating:			12498493
      From worker 10:		num_not_imitating:		7501507
      From worker 10:		num_strategies_changed:  	336517
      From worker 10:			num_random_strategies: 	12498
      From worker 10:		num_sets_changed: 		5130299
      From worker 10:			num_random_opinions: 	174229
      From worker 10:			num_biased_opinions: 	523773
      From worker 10:		num_both_changed: 		184071
      From worker 10:	
      From worker 10:	data processed and exported
      From worker 16:	replicate complete, ran 20000000 generations:
      From worker 16:	
      From worker 16:		num_imitating:			12501515
      From worker 16:		num_not_imitating:		7498485
      From worker 16:		num_strategies_changed:  	341468
      From worker 16:			num_random_strategies: 	12462
      From worker 16:		num_sets_changed: 		5212087
      From worker 16:			num_random_opinions: 	1953084
      From worker 16:			num_biased_opinions: 	5862917
      From worker 16:		num_both_changed: 		147021
      From worker 16:	
      From worker 16:	data processed and exported
      From worker 16:	
      From worker 16:	starting b_1.0_c_0.2_N_40_M_2_K_2_P_2_beta_0.001_u_0.001_v_0.625_p_1.0_ϵ_1.0_gens_20000000_210215-181350.407
      From worker 15:	replicate complete, ran 20000000 generations:
      From worker 15:	
      From worker 15:		num_imitating:			15003504
      From worker 15:		num_not_imitating:		4996496
      From worker 15:		num_strategies_changed:  	449095
      From worker 15:			num_random_strategies: 	15059
      From worker 15:		num_sets_changed: 		9189182
      From worker 15:			num_random_opinions: 	4693136
      From worker 15:			num_biased_opinions: 	4687085
      From worker 15:		num_both_changed: 		280297
      From worker 15:	
      From worker 15:	data processed and exported
      From worker 15:	
      From worker 15:	starting b_1.0_c_0.2_N_40_M_2_K_2_P_2_beta_0.001_u_0.001_v_0.625_p_0.75_ϵ_1.0_gens_20000000_210215-181350.407
      From worker 16:	replicate complete, ran 20000000 generations:
      From worker 16:	
      From worker 16:		num_imitating:			9994218
      From worker 16:		num_not_imitating:		10005782
      From worker 16:		num_strategies_changed:  	140562
      From worker 16:			num_random_strategies: 	9874
      From worker 16:		num_sets_changed: 		0
      From worker 16:			num_random_opinions: 	0
      From worker 16:			num_biased_opinions: 	6247149
      From worker 16:		num_both_changed: 		0
      From worker 16:	
      From worker 16:	data processed and exported
 Activating environment at `/tigress/mk28/CooperationPolarization2/Project.toml`
 Activating environment at `/tigress/mk28/CooperationPolarization2/Project.toml`
      From worker 15:	replicate complete, ran 20000000 generations:
      From worker 15:	
      From worker 15:		num_imitating:			12497785
      From worker 15:		num_not_imitating:		7502215
      From worker 15:		num_strategies_changed:  	358316
      From worker 15:			num_random_strategies: 	12383
      From worker 15:		num_sets_changed: 		5217227
      From worker 15:			num_random_opinions: 	1954950
      From worker 15:			num_biased_opinions: 	5857632
      From worker 15:		num_both_changed: 		155854
      From worker 15:	
      From worker 15:	data processed and exported
      From worker 14:	replicate complete, ran 20000000 generations:
      From worker 14:	
      From worker 14:		num_imitating:			14997481
      From worker 14:		num_not_imitating:		5002519
      From worker 14:		num_strategies_changed:  	430490
      From worker 14:			num_random_strategies: 	15139
      From worker 14:		num_sets_changed: 		9382932
      From worker 14:			num_random_opinions: 	2097655
      From worker 14:			num_biased_opinions: 	2097359
      From worker 14:		num_both_changed: 		285946
      From worker 14:	
      From worker 14:	data processed and exported
      From worker 13:	replicate complete, ran 20000000 generations:
      From worker 13:	
      From worker 13:		num_imitating:			17501269
      From worker 13:		num_not_imitating:		2498731
      From worker 13:		num_strategies_changed:  	483576
      From worker 13:			num_random_strategies: 	17485
      From worker 13:		num_sets_changed: 		11994557
      From worker 13:			num_random_opinions: 	3668918
      From worker 13:			num_biased_opinions: 	1221311
      From worker 13:		num_both_changed: 		352286
      From worker 13:	
      From worker 13:	data processed and exported
      From worker 12:	replicate complete, ran 20000000 generations:
      From worker 12:	
      From worker 12:		num_imitating:			20000000
      From worker 12:		num_not_imitating:		0
      From worker 12:		num_strategies_changed:  	568440
      From worker 12:			num_random_strategies: 	20005
      From worker 12:		num_sets_changed: 		12753063
      From worker 12:			num_random_opinions: 	2499978
      From worker 12:			num_biased_opinions: 	0
      From worker 12:		num_both_changed: 		414961
      From worker 12:	
      From worker 12:	data processed and exported
12935.073016 seconds (2.84 M allocations: 124.479 MiB, 0.00% gc time)
