packages loaded
      From worker 2:	 Activating environment at `/tigress/mk28/CooperationPolarization2/Project.toml`
      From worker 3:	 Activating environment at `/tigress/mk28/CooperationPolarization2/Project.toml`
      From worker 4:	 Activating environment at `/tigress/mk28/CooperationPolarization2/Project.toml`
      From worker 5:	 Activating environment at `/tigress/mk28/CooperationPolarization2/Project.toml`
      From worker 6:	 Activating environment at `/tigress/mk28/CooperationPolarization2/Project.toml`
      From worker 8:	 Activating environment at `/tigress/mk28/CooperationPolarization2/Project.toml`
      From worker 15:	 Activating environment at `/tigress/mk28/CooperationPolarization2/Project.toml`
      From worker 11:	 Activating environment at `/tigress/mk28/CooperationPolarization2/Project.toml`
      From worker 13:	 Activating environment at `/tigress/mk28/CooperationPolarization2/Project.toml`
      From worker 12:	 Activating environment at `/tigress/mk28/CooperationPolarization2/Project.toml`
      From worker 9:	 Activating environment at `/tigress/mk28/CooperationPolarization2/Project.toml`
      From worker 14:	 Activating environment at `/tigress/mk28/CooperationPolarization2/Project.toml`
      From worker 10:	 Activating environment at `/tigress/mk28/CooperationPolarization2/Project.toml`
      From worker 16:	 Activating environment at `/tigress/mk28/CooperationPolarization2/Project.toml`
      From worker 7:	 Activating environment at `/tigress/mk28/CooperationPolarization2/Project.toml`
      From worker 2:	packages loaded
      From worker 11:	packages loaded
      From worker 8:	packages loaded
      From worker 12:	packages loaded
      From worker 10:	packages loaded
      From worker 9:	packages loaded
      From worker 5:	packages loaded
      From worker 6:	packages loaded
      From worker 13:	packages loaded
      From worker 3:	packages loaded
      From worker 4:	packages loaded
      From worker 15:	packages loaded
      From worker 16:	packages loaded
      From worker 14:	packages loaded
      From worker 7:	packages loaded
parameters defined
      From worker 5:	
      From worker 5:	starting b_1.0_c_0.2_N_40_M_2_K_2_P_2_beta_0.001_u_0.001_v_0.0022360679774997894_p_0.75_ϵ_1.0_gens_20000000_210224-220037.164
      From worker 6:	
      From worker 6:	starting b_1.0_c_0.2_N_40_M_2_K_2_P_2_beta_0.001_u_0.001_v_0.005_p_1.0_ϵ_1.0_gens_20000000_210224-220037.164
      From worker 10:	
      From worker 10:	starting b_1.0_c_0.2_N_40_M_2_K_2_P_2_beta_0.001_u_0.001_v_0.025_p_0.75_ϵ_1.0_gens_20000000_210224-220037.164
      From worker 8:	
      From worker 8:	starting b_1.0_c_0.2_N_40_M_2_K_2_P_2_beta_0.001_u_0.001_v_0.011180339887498947_p_0.25_ϵ_1.0_gens_20000000_210224-220037.164
      From worker 12:	
      From worker 12:	starting b_1.0_c_0.2_N_40_M_2_K_2_P_2_beta_0.001_u_0.001_v_0.125_p_0.0_ϵ_1.0_gens_20000000_210224-220037.164
      From worker 4:	
      From worker 4:	starting b_1.0_c_0.2_N_40_M_2_K_2_P_2_beta_0.001_u_0.001_v_0.0022360679774997894_p_0.5_ϵ_1.0_gens_20000000_210224-220037.164
      From worker 9:	
      From worker 9:	starting b_1.0_c_0.2_N_40_M_2_K_2_P_2_beta_0.001_u_0.001_v_0.025_p_0.5_ϵ_1.0_gens_20000000_210224-220037.164
      From worker 2:	
      From worker 2:	starting b_1.0_c_0.2_N_40_M_2_K_2_P_2_beta_0.001_u_0.001_v_0.001_p_0.0_ϵ_1.0_gens_20000000_210224-220037.164
      From worker 14:	
      From worker 14:	starting b_1.0_c_0.2_N_40_M_2_K_2_P_2_beta_0.001_u_0.001_v_0.2795084971874737_p_0.5_ϵ_1.0_gens_20000000_210224-220037.164
      From worker 15:	
      From worker 15:	starting b_1.0_c_0.2_N_40_M_2_K_2_P_2_beta_0.001_u_0.001_v_0.2795084971874737_p_0.75_ϵ_1.0_gens_20000000_210224-220037.164
      From worker 11:	
      From worker 11:	starting b_1.0_c_0.2_N_40_M_2_K_2_P_2_beta_0.001_u_0.001_v_0.055901699437494755_p_1.0_ϵ_1.0_gens_20000000_210224-220037.164
      From worker 3:	
      From worker 3:	starting b_1.0_c_0.2_N_40_M_2_K_2_P_2_beta_0.001_u_0.001_v_0.001_p_0.25_ϵ_1.0_gens_20000000_210224-220037.164
      From worker 7:	
      From worker 7:	starting b_1.0_c_0.2_N_40_M_2_K_2_P_2_beta_0.001_u_0.001_v_0.011180339887498947_p_0.0_ϵ_1.0_gens_20000000_210224-220037.164
      From worker 16:	
      From worker 16:	starting b_1.0_c_0.2_N_40_M_2_K_2_P_2_beta_0.001_u_0.001_v_0.625_p_1.0_ϵ_1.0_gens_20000000_210224-220037.164
      From worker 13:	
      From worker 13:	starting b_1.0_c_0.2_N_40_M_2_K_2_P_2_beta_0.001_u_0.001_v_0.125_p_0.25_ϵ_1.0_gens_20000000_210224-220037.164
      From worker 11:	replicate complete, ran 20000000 generations:
      From worker 11:	
      From worker 11:		num_imitating:			10000873
      From worker 11:		num_not_imitating:		9999127
      From worker 11:		num_strategies_changed:  	144485
      From worker 11:			num_random_strategies: 	10080
      From worker 11:		num_sets_changed: 		0
      From worker 11:			num_random_opinions: 	0
      From worker 11:			num_biased_opinions: 	559333
      From worker 11:		num_both_changed: 		0
      From worker 11:	
      From worker 11:	data processed and exported
      From worker 11:	
      From worker 11:	starting b_1.0_c_0.2_N_40_M_2_K_2_P_2_beta_0.001_u_0.001_v_0.055901699437494755_p_0.0_ϵ_1.0_gens_20000000_210224-220037.164
      From worker 6:	replicate complete, ran 20000000 generations:
      From worker 6:	
      From worker 6:		num_imitating:			10001604
      From worker 6:		num_not_imitating:		9998396
      From worker 6:		num_strategies_changed:  	153804
      From worker 6:			num_random_strategies: 	10005
      From worker 6:		num_sets_changed: 		0
      From worker 6:			num_random_opinions: 	0
      From worker 6:			num_biased_opinions: 	50183
      From worker 6:		num_both_changed: 		0
      From worker 6:	
      From worker 6:	data processed and exported
      From worker 6:	
      From worker 6:	starting b_1.0_c_0.2_N_40_M_2_K_2_P_2_beta_0.001_u_0.001_v_0.005_p_0.0_ϵ_1.0_gens_20000000_210224-220037.164
      From worker 16:	replicate complete, ran 20000000 generations:
      From worker 16:	
      From worker 16:		num_imitating:			9997299
      From worker 16:		num_not_imitating:		10002701
      From worker 16:		num_strategies_changed:  	143908
      From worker 16:			num_random_strategies: 	9913
      From worker 16:		num_sets_changed: 		0
      From worker 16:			num_random_opinions: 	0
      From worker 16:			num_biased_opinions: 	6249733
      From worker 16:		num_both_changed: 		0
      From worker 16:	
      From worker 16:	data processed and exported
      From worker 16:	
      From worker 16:	starting b_1.0_c_0.2_N_40_M_2_K_2_P_2_beta_0.001_u_0.001_v_0.625_p_0.0_ϵ_1.0_gens_20000000_210224-220037.164
      From worker 3:	replicate complete, ran 20000000 generations:
      From worker 3:	
      From worker 3:		num_imitating:			17497901
      From worker 3:		num_not_imitating:		2502099
      From worker 3:		num_strategies_changed:  	491524
      From worker 3:			num_random_strategies: 	17634
      From worker 3:		num_sets_changed: 		496692
      From worker 3:			num_random_opinions: 	13135
      From worker 3:			num_biased_opinions: 	4355
      From worker 3:		num_both_changed: 		25520
      From worker 3:	
      From worker 3:	data processed and exported
      From worker 3:	
      From worker 3:	starting b_1.0_c_0.2_N_40_M_2_K_2_P_2_beta_0.001_u_0.001_v_0.001_p_0.5_ϵ_1.0_gens_20000000_210224-220037.164
      From worker 5:	replicate complete, ran 20000000 generations:
      From worker 5:	
      From worker 5:		num_imitating:			12495343
      From worker 5:		num_not_imitating:		7504657
      From worker 5:		num_strategies_changed:  	339809
      From worker 5:			num_random_strategies: 	12488
      From worker 5:		num_sets_changed: 		676978
      From worker 5:			num_random_opinions: 	7165
      From worker 5:			num_biased_opinions: 	20914
      From worker 5:		num_both_changed: 		42010
      From worker 5:	
      From worker 5:	data processed and exported
      From worker 5:	
      From worker 5:	starting b_1.0_c_0.2_N_40_M_2_K_2_P_2_beta_0.001_u_0.001_v_0.0022360679774997894_p_1.0_ϵ_1.0_gens_20000000_210224-220037.164
      From worker 2:	replicate complete, ran 20000000 generations:
      From worker 2:	
      From worker 2:		num_imitating:			20000000
      From worker 2:		num_not_imitating:		0
      From worker 2:		num_strategies_changed:  	570092
      From worker 2:			num_random_strategies: 	19986
      From worker 2:		num_sets_changed: 		636990
      From worker 2:			num_random_opinions: 	19918
      From worker 2:			num_biased_opinions: 	0
      From worker 2:		num_both_changed: 		29259
      From worker 2:	
      From worker 4:	replicate complete, ran 20000000 generations:
      From worker 4:	
      From worker 4:		num_imitating:			15001604
      From worker 4:		num_not_imitating:		4998396
      From worker 4:		num_strategies_changed:  	433915
      From worker 4:			num_random_strategies: 	14957
      From worker 4:		num_sets_changed: 		867271
      From worker 4:			num_random_opinions: 	16933
      From worker 4:			num_biased_opinions: 	16973
      From worker 4:		num_both_changed: 		55166
      From worker 4:	
      From worker 2:	data processed and exported
      From worker 4:	data processed and exported
      From worker 2:	
      From worker 2:	starting b_1.0_c_0.2_N_40_M_2_K_2_P_2_beta_0.001_u_0.001_v_0.001_p_0.25_ϵ_1.0_gens_20000000_210224-220037.164
      From worker 4:	
      From worker 4:	starting b_1.0_c_0.2_N_40_M_2_K_2_P_2_beta_0.001_u_0.001_v_0.0022360679774997894_p_0.75_ϵ_1.0_gens_20000000_210224-220037.164
      From worker 10:	replicate complete, ran 20000000 generations:
      From worker 10:	
      From worker 10:		num_imitating:			12497364
      From worker 10:		num_not_imitating:		7502636
      From worker 10:		num_strategies_changed:  	354723
      From worker 10:			num_random_strategies: 	12483
      From worker 10:		num_sets_changed: 		3703285
      From worker 10:			num_random_opinions: 	77864
      From worker 10:			num_biased_opinions: 	234112
      From worker 10:		num_both_changed: 		153196
      From worker 10:	
      From worker 10:	data processed and exported
      From worker 10:	
      From worker 10:	starting b_1.0_c_0.2_N_40_M_2_K_2_P_2_beta_0.001_u_0.001_v_0.025_p_1.0_ϵ_1.0_gens_20000000_210224-220037.164
      From worker 8:	replicate complete, ran 20000000 generations:
      From worker 8:	
      From worker 8:		num_imitating:			17500356
      From worker 8:		num_not_imitating:		2499644
      From worker 8:		num_strategies_changed:  	488297
      From worker 8:			num_random_strategies: 	17403
      From worker 8:		num_sets_changed: 		4031349
      From worker 8:			num_random_opinions: 	147618
      From worker 8:			num_biased_opinions: 	48975
      From worker 8:		num_both_changed: 		187064
      From worker 8:	
      From worker 8:	data processed and exported
      From worker 8:	
      From worker 8:	starting b_1.0_c_0.2_N_40_M_2_K_2_P_2_beta_0.001_u_0.001_v_0.011180339887498947_p_0.5_ϵ_1.0_gens_20000000_210224-220037.164
      From worker 7:	replicate complete, ran 20000000 generations:
      From worker 7:	
      From worker 7:		num_imitating:			20000000
      From worker 7:		num_not_imitating:		0
      From worker 7:		num_strategies_changed:  	563787
      From worker 7:			num_random_strategies: 	20273
      From worker 7:		num_sets_changed: 		4668019
      From worker 7:			num_random_opinions: 	223563
      From worker 7:			num_biased_opinions: 	0
      From worker 7:		num_both_changed: 		204442
      From worker 7:	
      From worker 7:	data processed and exported
      From worker 7:	
      From worker 7:	starting b_1.0_c_0.2_N_40_M_2_K_2_P_2_beta_0.001_u_0.001_v_0.011180339887498947_p_0.25_ϵ_1.0_gens_20000000_210224-220037.164
      From worker 9:	replicate complete, ran 20000000 generations:
      From worker 9:	
      From worker 9:		num_imitating:			14998620
      From worker 9:		num_not_imitating:		5001380
      From worker 9:		num_strategies_changed:  	400375
      From worker 9:			num_random_strategies: 	14906
      From worker 9:		num_sets_changed: 		5151067
      From worker 9:			num_random_opinions: 	188142
      From worker 9:			num_biased_opinions: 	188376
      From worker 9:		num_both_changed: 		199391
      From worker 9:	
      From worker 9:	data processed and exported
      From worker 9:	
      From worker 9:	starting b_1.0_c_0.2_N_40_M_2_K_2_P_2_beta_0.001_u_0.001_v_0.025_p_0.75_ϵ_1.0_gens_20000000_210224-220037.164
      From worker 15:	replicate complete, ran 20000000 generations:
      From worker 15:	
      From worker 15:		num_imitating:			12502396
      From worker 15:		num_not_imitating:		7497604
      From worker 15:		num_strategies_changed:  	366083
      From worker 15:			num_random_strategies: 	12527
      From worker 15:		num_sets_changed: 		6243308
      From worker 15:			num_random_opinions: 	872292
      From worker 15:			num_biased_opinions: 	2619886
      From worker 15:		num_both_changed: 		200628
      From worker 15:	
      From worker 15:	data processed and exported
      From worker 15:	
      From worker 15:	starting b_1.0_c_0.2_N_40_M_2_K_2_P_2_beta_0.001_u_0.001_v_0.2795084971874737_p_1.0_ϵ_1.0_gens_20000000_210224-220037.164
      From worker 5:	replicate complete, ran 20000000 generations:
      From worker 5:	
      From worker 5:		num_imitating:			10002085
      From worker 5:		num_not_imitating:		9997915
      From worker 5:		num_strategies_changed:  	148000
      From worker 5:			num_random_strategies: 	10011
      From worker 5:		num_sets_changed: 		0
      From worker 5:			num_random_opinions: 	0
      From worker 5:			num_biased_opinions: 	22438
      From worker 5:		num_both_changed: 		0
      From worker 5:	
      From worker 5:	data processed and exported
      From worker 5:	
      From worker 5:	starting b_1.0_c_0.2_N_40_M_2_K_2_P_2_beta_0.001_u_0.001_v_0.005_p_0.0_ϵ_1.0_gens_20000000_210224-220037.164
      From worker 3:	replicate complete, ran 20000000 generations:
      From worker 3:	
      From worker 3:		num_imitating:			15001285
      From worker 3:		num_not_imitating:		4998715
      From worker 3:		num_strategies_changed:  	424483
      From worker 3:			num_random_strategies: 	15030
      From worker 3:		num_sets_changed: 		431597
      From worker 3:			num_random_opinions: 	7608
      From worker 3:			num_biased_opinions: 	7583
      From worker 3:		num_both_changed: 		25700
      From worker 3:	
      From worker 3:	data processed and exported
      From worker 3:	
      From worker 3:	starting b_1.0_c_0.2_N_40_M_2_K_2_P_2_beta_0.001_u_0.001_v_0.001_p_0.75_ϵ_1.0_gens_20000000_210224-220037.164
      From worker 4:	replicate complete, ran 20000000 generations:
      From worker 4:	
      From worker 4:		num_imitating:			12500249
      From worker 4:		num_not_imitating:		7499751
      From worker 4:		num_strategies_changed:  	351476
      From worker 4:			num_random_strategies: 	12399
      From worker 4:		num_sets_changed: 		657381
      From worker 4:			num_random_opinions: 	6948
      From worker 4:			num_biased_opinions: 	20790
      From worker 4:		num_both_changed: 		45491
      From worker 4:	
      From worker 4:	data processed and exported
      From worker 4:	
      From worker 4:	starting b_1.0_c_0.2_N_40_M_2_K_2_P_2_beta_0.001_u_0.001_v_0.0022360679774997894_p_1.0_ϵ_1.0_gens_20000000_210224-220037.164
      From worker 2:	replicate complete, ran 20000000 generations:
      From worker 2:	
      From worker 2:		num_imitating:			17502928
      From worker 2:		num_not_imitating:		2497072
      From worker 2:		num_strategies_changed:  	495310
      From worker 2:			num_random_strategies: 	17507
      From worker 2:		num_sets_changed: 		582044
      From worker 2:			num_random_opinions: 	13135
      From worker 2:			num_biased_opinions: 	4490
      From worker 2:		num_both_changed: 		28564
      From worker 2:	
      From worker 2:	data processed and exported
      From worker 2:	
      From worker 2:	starting b_1.0_c_0.2_N_40_M_2_K_2_P_2_beta_0.001_u_0.001_v_0.001_p_0.5_ϵ_1.0_gens_20000000_210224-220037.164
      From worker 6:	replicate complete, ran 20000000 generations:
      From worker 6:	
      From worker 6:		num_imitating:			20000000
      From worker 6:		num_not_imitating:		0
      From worker 6:		num_strategies_changed:  	561221
      From worker 6:			num_random_strategies: 	20100
      From worker 6:		num_sets_changed: 		2587238
      From worker 6:			num_random_opinions: 	99597
      From worker 6:			num_biased_opinions: 	0
      From worker 6:		num_both_changed: 		128192
      From worker 6:	
      From worker 6:	data processed and exported
      From worker 6:	
      From worker 6:	starting b_1.0_c_0.2_N_40_M_2_K_2_P_2_beta_0.001_u_0.001_v_0.005_p_0.25_ϵ_1.0_gens_20000000_210224-220037.164
      From worker 14:	replicate complete, ran 20000000 generations:
      From worker 14:	
      From worker 14:		num_imitating:			14998300
      From worker 14:		num_not_imitating:		5001700
      From worker 14:		num_strategies_changed:  	417305
      From worker 14:			num_random_strategies: 	14812
      From worker 14:		num_sets_changed: 		9374618
      From worker 14:			num_random_opinions: 	2094260
      From worker 14:			num_biased_opinions: 	2097038
      From worker 14:		num_both_changed: 		279403
      From worker 14:	
      From worker 14:	data processed and exported
      From worker 14:	
      From worker 14:	starting b_1.0_c_0.2_N_40_M_2_K_2_P_2_beta_0.001_u_0.001_v_0.2795084971874737_p_0.75_ϵ_1.0_gens_20000000_210224-220037.164
      From worker 10:	replicate complete, ran 20000000 generations:
      From worker 10:	
      From worker 10:		num_imitating:			9998592
      From worker 10:		num_not_imitating:		10001408
      From worker 10:		num_strategies_changed:  	139821
      From worker 10:			num_random_strategies: 	9961
      From worker 10:		num_sets_changed: 		0
      From worker 10:			num_random_opinions: 	0
      From worker 10:			num_biased_opinions: 	250025
      From worker 10:		num_both_changed: 		0
      From worker 10:	
      From worker 10:	data processed and exported
      From worker 10:	
      From worker 10:	starting b_1.0_c_0.2_N_40_M_2_K_2_P_2_beta_0.001_u_0.001_v_0.055901699437494755_p_0.0_ϵ_1.0_gens_20000000_210224-220037.164
      From worker 13:	replicate complete, ran 20000000 generations:
      From worker 13:	
      From worker 13:		num_imitating:			17500635
      From worker 13:		num_not_imitating:		2499365
      From worker 13:		num_strategies_changed:  	476413
      From worker 13:			num_random_strategies: 	17498
      From worker 13:		num_sets_changed: 		10876161
      From worker 13:			num_random_opinions: 	1640603
      From worker 13:			num_biased_opinions: 	545983
      From worker 13:		num_both_changed: 		339752
      From worker 13:	
      From worker 13:	data processed and exported
      From worker 13:	
      From worker 13:	starting b_1.0_c_0.2_N_40_M_2_K_2_P_2_beta_0.001_u_0.001_v_0.125_p_0.5_ϵ_1.0_gens_20000000_210224-220037.164
      From worker 15:	replicate complete, ran 20000000 generations:
      From worker 15:	
      From worker 15:		num_imitating:			10004869
      From worker 15:		num_not_imitating:		9995131
      From worker 15:		num_strategies_changed:  	145049
      From worker 15:			num_random_strategies: 	9994
      From worker 15:		num_sets_changed: 		0
      From worker 15:			num_random_opinions: 	0
      From worker 15:			num_biased_opinions: 	2795198
      From worker 15:		num_both_changed: 		0
      From worker 15:	
      From worker 15:	data processed and exported
      From worker 15:	
      From worker 15:	starting b_1.0_c_0.2_N_40_M_2_K_2_P_2_beta_0.001_u_0.001_v_0.625_p_0.0_ϵ_1.0_gens_20000000_210224-220037.164
      From worker 12:	replicate complete, ran 20000000 generations:
      From worker 12:	
      From worker 12:		num_imitating:			20000000
      From worker 12:		num_not_imitating:		0
      From worker 12:		num_strategies_changed:  	543420
      From worker 12:			num_random_strategies: 	19823
      From worker 12:		num_sets_changed: 		12756443
      From worker 12:			num_random_opinions: 	2497997
      From worker 12:			num_biased_opinions: 	0
      From worker 12:		num_both_changed: 		395975
      From worker 12:	
      From worker 12:	data processed and exported
      From worker 12:	
      From worker 12:	starting b_1.0_c_0.2_N_40_M_2_K_2_P_2_beta_0.001_u_0.001_v_0.125_p_0.25_ϵ_1.0_gens_20000000_210224-220037.164
      From worker 8:	replicate complete, ran 20000000 generations:
      From worker 8:	
      From worker 8:		num_imitating:			14998738
      From worker 8:		num_not_imitating:		5001262
      From worker 8:		num_strategies_changed:  	432645
      From worker 8:			num_random_strategies: 	15011
      From worker 8:		num_sets_changed: 		3290543
      From worker 8:			num_random_opinions: 	84226
      From worker 8:			num_biased_opinions: 	83651
      From worker 8:		num_both_changed: 		156549
      From worker 8:	
      From worker 8:	data processed and exported
      From worker 8:	
      From worker 8:	starting b_1.0_c_0.2_N_40_M_2_K_2_P_2_beta_0.001_u_0.001_v_0.011180339887498947_p_0.75_ϵ_1.0_gens_20000000_210224-220037.164
      From worker 4:	replicate complete, ran 20000000 generations:
      From worker 4:	
      From worker 4:		num_imitating:			10001864
      From worker 4:		num_not_imitating:		9998136
      From worker 4:		num_strategies_changed:  	139588
      From worker 4:			num_random_strategies: 	9900
      From worker 4:		num_sets_changed: 		0
      From worker 4:			num_random_opinions: 	0
      From worker 4:			num_biased_opinions: 	22404
      From worker 4:		num_both_changed: 		0
      From worker 4:	
      From worker 4:	data processed and exported
      From worker 4:	
      From worker 4:	starting b_1.0_c_0.2_N_40_M_2_K_2_P_2_beta_0.001_u_0.001_v_0.0022360679774997894_p_0.0_ϵ_1.0_gens_20000000_210224-220037.164
      From worker 3:	replicate complete, ran 20000000 generations:
      From worker 3:	
      From worker 3:		num_imitating:			12500796
      From worker 3:		num_not_imitating:		7499204
      From worker 3:		num_strategies_changed:  	386046
      From worker 3:			num_random_strategies: 	12681
      From worker 3:		num_sets_changed: 		320202
      From worker 3:			num_random_opinions: 	3083
      From worker 3:			num_biased_opinions: 	9334
      From worker 3:		num_both_changed: 		22173
      From worker 3:	
      From worker 3:	data processed and exported
      From worker 3:	
      From worker 3:	starting b_1.0_c_0.2_N_40_M_2_K_2_P_2_beta_0.001_u_0.001_v_0.001_p_1.0_ϵ_1.0_gens_20000000_210224-220037.164
      From worker 2:	replicate complete, ran 20000000 generations:
      From worker 2:	
      From worker 2:		num_imitating:			15002589
      From worker 2:		num_not_imitating:		4997411
      From worker 2:		num_strategies_changed:  	402166
      From worker 2:			num_random_strategies: 	14751
      From worker 2:		num_sets_changed: 		399891
      From worker 2:			num_random_opinions: 	7480
      From worker 2:			num_biased_opinions: 	7668
      From worker 2:		num_both_changed: 		20958
      From worker 2:	
      From worker 2:	data processed and exported
      From worker 2:	
      From worker 2:	starting b_1.0_c_0.2_N_40_M_2_K_2_P_2_beta_0.001_u_0.001_v_0.001_p_0.75_ϵ_1.0_gens_20000000_210224-220037.164
      From worker 7:	replicate complete, ran 20000000 generations:
      From worker 7:	
      From worker 7:		num_imitating:			17501141
      From worker 7:		num_not_imitating:		2498859
      From worker 7:		num_strategies_changed:  	498735
      From worker 7:			num_random_strategies: 	17260
      From worker 7:		num_sets_changed: 		4001215
      From worker 7:			num_random_opinions: 	147293
      From worker 7:			num_biased_opinions: 	48686
      From worker 7:		num_both_changed: 		190722
      From worker 7:	
      From worker 7:	data processed and exported
      From worker 9:	replicate complete, ran 20000000 generations:
      From worker 9:	
      From worker 9:		num_imitating:			12500610
      From worker 9:		num_not_imitating:		7499390
      From worker 9:		num_strategies_changed:  	343355
      From worker 9:			num_random_strategies: 	12593
      From worker 9:		num_sets_changed: 		3796342
      From worker 9:			num_random_opinions: 	77740
      From worker 9:			num_biased_opinions: 	234079
      From worker 9:		num_both_changed: 		154717
      From worker 9:	
      From worker 7:	
      From worker 7:	starting b_1.0_c_0.2_N_40_M_2_K_2_P_2_beta_0.001_u_0.001_v_0.011180339887498947_p_0.5_ϵ_1.0_gens_20000000_210224-220037.164
      From worker 9:	data processed and exported
      From worker 9:	
      From worker 9:	starting b_1.0_c_0.2_N_40_M_2_K_2_P_2_beta_0.001_u_0.001_v_0.025_p_1.0_ϵ_1.0_gens_20000000_210224-220037.164
      From worker 5:	replicate complete, ran 20000000 generations:
      From worker 5:	
      From worker 5:		num_imitating:			20000000
      From worker 5:		num_not_imitating:		0
      From worker 5:		num_strategies_changed:  	571426
      From worker 5:			num_random_strategies: 	20078
      From worker 5:		num_sets_changed: 		2590415
      From worker 5:			num_random_opinions: 	100087
      From worker 5:			num_biased_opinions: 	0
      From worker 5:		num_both_changed: 		131973
      From worker 5:	
      From worker 5:	data processed and exported
      From worker 5:	
      From worker 5:	starting b_1.0_c_0.2_N_40_M_2_K_2_P_2_beta_0.001_u_0.001_v_0.005_p_0.25_ϵ_1.0_gens_20000000_210224-220037.164
      From worker 11:	replicate complete, ran 20000000 generations:
      From worker 11:	
      From worker 11:		num_imitating:			20000000
      From worker 11:		num_not_imitating:		0
      From worker 11:		num_strategies_changed:  	568300
      From worker 11:			num_random_strategies: 	19978
      From worker 11:		num_sets_changed: 		10480565
      From worker 11:			num_random_opinions: 	1117521
      From worker 11:			num_biased_opinions: 	0
      From worker 11:		num_both_changed: 		378869
      From worker 11:	
      From worker 11:	data processed and exported
      From worker 11:	
      From worker 11:	starting b_1.0_c_0.2_N_40_M_2_K_2_P_2_beta_0.001_u_0.001_v_0.055901699437494755_p_0.25_ϵ_1.0_gens_20000000_210224-220037.164
      From worker 6:	replicate complete, ran 20000000 generations:
      From worker 6:	
      From worker 6:		num_imitating:			17500142
      From worker 6:		num_not_imitating:		2499858
      From worker 6:		num_strategies_changed:  	493166
      From worker 6:			num_random_strategies: 	17709
      From worker 6:		num_sets_changed: 		2236312
      From worker 6:			num_random_opinions: 	65866
      From worker 6:			num_biased_opinions: 	21629
      From worker 6:		num_both_changed: 		115425
      From worker 6:	
      From worker 6:	data processed and exported
      From worker 6:	
      From worker 6:	starting b_1.0_c_0.2_N_40_M_2_K_2_P_2_beta_0.001_u_0.001_v_0.005_p_0.5_ϵ_1.0_gens_20000000_210224-220037.164
      From worker 3:	replicate complete, ran 20000000 generations:
      From worker 3:	
      From worker 3:		num_imitating:			9997471
      From worker 3:		num_not_imitating:		10002529
      From worker 3:		num_strategies_changed:  	143354
      From worker 3:			num_random_strategies: 	10038
      From worker 3:		num_sets_changed: 		0
      From worker 3:			num_random_opinions: 	0
      From worker 3:			num_biased_opinions: 	10024
      From worker 3:		num_both_changed: 		0
      From worker 3:	
      From worker 3:	data processed and exported
      From worker 3:	
      From worker 3:	starting b_1.0_c_0.2_N_40_M_2_K_2_P_2_beta_0.001_u_0.001_v_0.0022360679774997894_p_0.0_ϵ_1.0_gens_20000000_210224-220037.164
      From worker 2:	replicate complete, ran 20000000 generations:
      From worker 2:	
      From worker 2:		num_imitating:			12502534
      From worker 2:		num_not_imitating:		7497466
      From worker 2:		num_strategies_changed:  	360731
      From worker 2:			num_random_strategies: 	12538
      From worker 2:		num_sets_changed: 		311330
      From worker 2:			num_random_opinions: 	3136
      From worker 2:			num_biased_opinions: 	9498
      From worker 2:		num_both_changed: 		21328
      From worker 2:	
      From worker 2:	data processed and exported
      From worker 2:	
      From worker 2:	starting b_1.0_c_0.2_N_40_M_2_K_2_P_2_beta_0.001_u_0.001_v_0.001_p_1.0_ϵ_1.0_gens_20000000_210224-220037.164
      From worker 4:	replicate complete, ran 20000000 generations:
      From worker 4:	
      From worker 4:		num_imitating:			20000000
      From worker 4:		num_not_imitating:		0
      From worker 4:		num_strategies_changed:  	575721
      From worker 4:			num_random_strategies: 	20087
      From worker 4:		num_sets_changed: 		1253351
      From worker 4:			num_random_opinions: 	44714
      From worker 4:			num_biased_opinions: 	0
      From worker 4:		num_both_changed: 		74271
      From worker 4:	
      From worker 4:	data processed and exported
      From worker 4:	
      From worker 4:	starting b_1.0_c_0.2_N_40_M_2_K_2_P_2_beta_0.001_u_0.001_v_0.0022360679774997894_p_0.25_ϵ_1.0_gens_20000000_210224-220037.164
      From worker 9:	replicate complete, ran 20000000 generations:
      From worker 9:	
      From worker 9:		num_imitating:			10000241
      From worker 9:		num_not_imitating:		9999759
      From worker 9:		num_strategies_changed:  	147150
      From worker 9:			num_random_strategies: 	10221
      From worker 9:		num_sets_changed: 		0
      From worker 9:			num_random_opinions: 	0
      From worker 9:			num_biased_opinions: 	250370
      From worker 9:		num_both_changed: 		0
      From worker 9:	
      From worker 9:	data processed and exported
      From worker 9:	
      From worker 9:	starting b_1.0_c_0.2_N_40_M_2_K_2_P_2_beta_0.001_u_0.001_v_0.025_p_0.0_ϵ_1.0_gens_20000000_210224-220037.164
      From worker 14:	replicate complete, ran 20000000 generations:
      From worker 14:	
      From worker 14:		num_imitating:			12498895
      From worker 14:		num_not_imitating:		7501105
      From worker 14:		num_strategies_changed:  	361639
      From worker 14:			num_random_strategies: 	12610
      From worker 14:		num_sets_changed: 		6240949
      From worker 14:			num_random_opinions: 	872334
      From worker 14:			num_biased_opinions: 	2619239
      From worker 14:		num_both_changed: 		198441
      From worker 14:	
      From worker 14:	data processed and exported
      From worker 14:	
      From worker 14:	starting b_1.0_c_0.2_N_40_M_2_K_2_P_2_beta_0.001_u_0.001_v_0.2795084971874737_p_1.0_ϵ_1.0_gens_20000000_210224-220037.164
      From worker 8:	replicate complete, ran 20000000 generations:
      From worker 8:	
      From worker 8:		num_imitating:			12500376
      From worker 8:		num_not_imitating:		7499624
      From worker 8:		num_strategies_changed:  	361321
      From worker 8:			num_random_strategies: 	12425
      From worker 8:		num_sets_changed: 		2356488
      From worker 8:			num_random_opinions: 	34761
      From worker 8:			num_biased_opinions: 	104991
      From worker 8:		num_both_changed: 		109911
      From worker 8:	
      From worker 16:	replicate complete, ran 20000000 generations:
      From worker 16:	
      From worker 16:		num_imitating:			20000000
      From worker 16:		num_not_imitating:		0
      From worker 16:		num_strategies_changed:  	569940
      From worker 16:			num_random_strategies: 	20038
      From worker 16:		num_sets_changed: 		14777811
      From worker 16:			num_random_opinions: 	12501098
      From worker 16:			num_biased_opinions: 	0
      From worker 16:		num_both_changed: 		426688
      From worker 16:	
      From worker 8:	data processed and exported
      From worker 16:	data processed and exported
      From worker 8:	
      From worker 8:	starting b_1.0_c_0.2_N_40_M_2_K_2_P_2_beta_0.001_u_0.001_v_0.011180339887498947_p_1.0_ϵ_1.0_gens_20000000_210224-220037.164
      From worker 16:	
      From worker 16:	starting b_1.0_c_0.2_N_40_M_2_K_2_P_2_beta_0.001_u_0.001_v_0.625_p_0.25_ϵ_1.0_gens_20000000_210224-220037.164
      From worker 5:	replicate complete, ran 20000000 generations:
      From worker 5:	
      From worker 5:		num_imitating:			17501444
      From worker 5:		num_not_imitating:		2498556
      From worker 5:		num_strategies_changed:  	512322
      From worker 5:			num_random_strategies: 	17522
      From worker 5:		num_sets_changed: 		2197736
      From worker 5:			num_random_opinions: 	65596
      From worker 5:			num_biased_opinions: 	21737
      From worker 5:		num_both_changed: 		113208
      From worker 5:	
      From worker 5:	data processed and exported
      From worker 5:	
      From worker 5:	starting b_1.0_c_0.2_N_40_M_2_K_2_P_2_beta_0.001_u_0.001_v_0.005_p_0.5_ϵ_1.0_gens_20000000_210224-220037.164
      From worker 7:	replicate complete, ran 20000000 generations:
      From worker 7:	
      From worker 7:		num_imitating:			15000342
      From worker 7:		num_not_imitating:		4999658
      From worker 7:		num_strategies_changed:  	407699
      From worker 7:			num_random_strategies: 	14844
      From worker 7:		num_sets_changed: 		3210233
      From worker 7:			num_random_opinions: 	83787
      From worker 7:			num_biased_opinions: 	84124
      From worker 7:		num_both_changed: 		152209
      From worker 7:	
      From worker 7:	data processed and exported
      From worker 7:	
      From worker 7:	starting b_1.0_c_0.2_N_40_M_2_K_2_P_2_beta_0.001_u_0.001_v_0.011180339887498947_p_0.75_ϵ_1.0_gens_20000000_210224-220037.164
      From worker 6:	replicate complete, ran 20000000 generations:
      From worker 6:	
      From worker 6:		num_imitating:			14999046
      From worker 6:		num_not_imitating:		5000954
      From worker 6:		num_strategies_changed:  	430871
      From worker 6:			num_random_strategies: 	15080
      From worker 6:		num_sets_changed: 		1743816
      From worker 6:			num_random_opinions: 	37488
      From worker 6:			num_biased_opinions: 	37332
      From worker 6:		num_both_changed: 		87462
      From worker 6:	
      From worker 6:	data processed and exported
      From worker 6:	
      From worker 6:	starting b_1.0_c_0.2_N_40_M_2_K_2_P_2_beta_0.001_u_0.001_v_0.005_p_0.75_ϵ_1.0_gens_20000000_210224-220037.164
      From worker 13:	replicate complete, ran 20000000 generations:
      From worker 13:	
      From worker 13:		num_imitating:			14998932
      From worker 13:		num_not_imitating:		5001068
      From worker 13:		num_strategies_changed:  	421041
      From worker 13:			num_random_strategies: 	15133
      From worker 13:		num_sets_changed: 		8628106
      From worker 13:			num_random_opinions: 	937443
      From worker 13:			num_biased_opinions: 	937378
      From worker 13:		num_both_changed: 		280524
      From worker 13:	
      From worker 13:	data processed and exported
      From worker 13:	
      From worker 13:	starting b_1.0_c_0.2_N_40_M_2_K_2_P_2_beta_0.001_u_0.001_v_0.125_p_0.75_ϵ_1.0_gens_20000000_210224-220037.164
      From worker 10:	replicate complete, ran 20000000 generations:
      From worker 10:	
      From worker 10:		num_imitating:			20000000
      From worker 10:		num_not_imitating:		0
      From worker 10:		num_strategies_changed:  	561125
      From worker 10:			num_random_strategies: 	20028
      From worker 10:		num_sets_changed: 		10493043
      From worker 10:			num_random_opinions: 	1116528
      From worker 10:			num_biased_opinions: 	0
      From worker 10:		num_both_changed: 		382629
      From worker 10:	
      From worker 10:	data processed and exported
      From worker 10:	
      From worker 10:	starting b_1.0_c_0.2_N_40_M_2_K_2_P_2_beta_0.001_u_0.001_v_0.055901699437494755_p_0.25_ϵ_1.0_gens_20000000_210224-220037.164
      From worker 2:	replicate complete, ran 20000000 generations:
      From worker 2:	
      From worker 2:		num_imitating:			10000575
      From worker 2:		num_not_imitating:		9999425
      From worker 2:		num_strategies_changed:  	151306
      From worker 2:			num_random_strategies: 	10027
      From worker 2:		num_sets_changed: 		0
      From worker 2:			num_random_opinions: 	0
      From worker 2:			num_biased_opinions: 	9938
      From worker 2:		num_both_changed: 		0
      From worker 2:	
      From worker 2:	data processed and exported
      From worker 2:	
      From worker 2:	starting b_1.0_c_0.2_N_40_M_2_K_2_P_2_beta_0.001_u_0.001_v_0.001_p_0.0_ϵ_1.0_gens_20000000_210224-220037.164
      From worker 3:	replicate complete, ran 20000000 generations:
      From worker 3:	
      From worker 3:		num_imitating:			20000000
      From worker 3:		num_not_imitating:		0
      From worker 3:		num_strategies_changed:  	557530
      From worker 3:			num_random_strategies: 	19943
      From worker 3:		num_sets_changed: 		1273737
      From worker 3:			num_random_opinions: 	44578
      From worker 3:			num_biased_opinions: 	0
      From worker 3:		num_both_changed: 		70140
      From worker 3:	
      From worker 3:	data processed and exported
      From worker 3:	
      From worker 3:	starting b_1.0_c_0.2_N_40_M_2_K_2_P_2_beta_0.001_u_0.001_v_0.0022360679774997894_p_0.25_ϵ_1.0_gens_20000000_210224-220037.164
      From worker 8:	replicate complete, ran 20000000 generations:
      From worker 8:	
      From worker 8:		num_imitating:			9997626
      From worker 8:		num_not_imitating:		10002374
      From worker 8:		num_strategies_changed:  	141497
      From worker 8:			num_random_strategies: 	9885
      From worker 8:		num_sets_changed: 		0
      From worker 8:			num_random_opinions: 	0
      From worker 8:			num_biased_opinions: 	111955
      From worker 8:		num_both_changed: 		0
      From worker 8:	
      From worker 8:	data processed and exported
      From worker 14:	replicate complete, ran 20000000 generations:
      From worker 14:	
      From worker 14:		num_imitating:			10001357
      From worker 14:		num_not_imitating:		9998643
      From worker 14:		num_strategies_changed:  	146974
      From worker 14:			num_random_strategies: 	10073
      From worker 14:		num_sets_changed: 		0
      From worker 14:			num_random_opinions: 	0
      From worker 14:			num_biased_opinions: 	2796491
      From worker 14:		num_both_changed: 		0
      From worker 14:	
      From worker 8:	
      From worker 8:	starting b_1.0_c_0.2_N_40_M_2_K_2_P_2_beta_0.001_u_0.001_v_0.025_p_0.0_ϵ_1.0_gens_20000000_210224-220037.164
      From worker 14:	data processed and exported
      From worker 14:	
      From worker 14:	starting b_1.0_c_0.2_N_40_M_2_K_2_P_2_beta_0.001_u_0.001_v_0.2795084971874737_p_0.0_ϵ_1.0_gens_20000000_210224-220037.164
      From worker 4:	replicate complete, ran 20000000 generations:
      From worker 4:	
      From worker 4:		num_imitating:			17499285
      From worker 4:		num_not_imitating:		2500715
      From worker 4:		num_strategies_changed:  	477397
      From worker 4:			num_random_strategies: 	17300
      From worker 4:		num_sets_changed: 		1053463
      From worker 4:			num_random_opinions: 	29299
      From worker 4:			num_biased_opinions: 	9630
      From worker 4:		num_both_changed: 		55898
      From worker 4:	
      From worker 4:	data processed and exported
      From worker 4:	
      From worker 4:	starting b_1.0_c_0.2_N_40_M_2_K_2_P_2_beta_0.001_u_0.001_v_0.0022360679774997894_p_0.5_ϵ_1.0_gens_20000000_210224-220037.164
      From worker 12:	replicate complete, ran 20000000 generations:
      From worker 12:	
      From worker 12:		num_imitating:			17500408
      From worker 12:		num_not_imitating:		2499592
      From worker 12:		num_strategies_changed:  	485308
      From worker 12:			num_random_strategies: 	17383
      From worker 12:		num_sets_changed: 		10891230
      From worker 12:			num_random_opinions: 	1639741
      From worker 12:			num_biased_opinions: 	546641
      From worker 12:		num_both_changed: 		345907
      From worker 12:	
      From worker 12:	data processed and exported
      From worker 12:	
      From worker 12:	starting b_1.0_c_0.2_N_40_M_2_K_2_P_2_beta_0.001_u_0.001_v_0.125_p_0.5_ϵ_1.0_gens_20000000_210224-220037.164
      From worker 11:	replicate complete, ran 20000000 generations:
      From worker 11:	
      From worker 11:		num_imitating:			17500909
      From worker 11:		num_not_imitating:		2499091
      From worker 11:		num_strategies_changed:  	511586
      From worker 11:			num_random_strategies: 	17671
      From worker 11:		num_sets_changed: 		8981201
      From worker 11:			num_random_opinions: 	734769
      From worker 11:			num_biased_opinions: 	244338
      From worker 11:		num_both_changed: 		338629
      From worker 11:	
      From worker 11:	data processed and exported
      From worker 11:	
      From worker 11:	starting b_1.0_c_0.2_N_40_M_2_K_2_P_2_beta_0.001_u_0.001_v_0.055901699437494755_p_0.5_ϵ_1.0_gens_20000000_210224-220037.164
      From worker 5:	replicate complete, ran 20000000 generations:
      From worker 5:	
      From worker 5:		num_imitating:			14999311
      From worker 5:		num_not_imitating:		5000689
      From worker 5:		num_strategies_changed:  	422302
      From worker 5:			num_random_strategies: 	15058
      From worker 5:		num_sets_changed: 		1783697
      From worker 5:			num_random_opinions: 	37475
      From worker 5:			num_biased_opinions: 	37604
      From worker 5:		num_both_changed: 		83747
      From worker 5:	
      From worker 5:	data processed and exported
      From worker 5:	
      From worker 5:	starting b_1.0_c_0.2_N_40_M_2_K_2_P_2_beta_0.001_u_0.001_v_0.005_p_0.75_ϵ_1.0_gens_20000000_210224-220037.164
      From worker 6:	replicate complete, ran 20000000 generations:
      From worker 6:	
      From worker 6:		num_imitating:			12496521
      From worker 6:		num_not_imitating:		7503479
      From worker 6:		num_strategies_changed:  	363227
      From worker 6:			num_random_strategies: 	12522
      From worker 6:		num_sets_changed: 		1282636
      From worker 6:			num_random_opinions: 	15582
      From worker 6:			num_biased_opinions: 	46657
      From worker 6:		num_both_changed: 		70305
      From worker 6:	
      From worker 6:	data processed and exported
      From worker 6:	
      From worker 6:	starting b_1.0_c_0.2_N_40_M_2_K_2_P_2_beta_0.001_u_0.001_v_0.005_p_1.0_ϵ_1.0_gens_20000000_210224-220037.164
      From worker 15:	replicate complete, ran 20000000 generations:
      From worker 15:	
      From worker 15:		num_imitating:			20000000
      From worker 15:		num_not_imitating:		0
      From worker 15:		num_strategies_changed:  	586703
      From worker 15:			num_random_strategies: 	20080
      From worker 15:		num_sets_changed: 		14780034
      From worker 15:			num_random_opinions: 	12495269
      From worker 15:			num_biased_opinions: 	0
      From worker 15:		num_both_changed: 		439513
      From worker 15:	
      From worker 7:	replicate complete, ran 20000000 generations:
      From worker 7:	
      From worker 7:		num_imitating:			12503195
      From worker 7:		num_not_imitating:		7496805
      From worker 7:		num_strategies_changed:  	354801
      From worker 7:			num_random_strategies: 	12298
      From worker 7:		num_sets_changed: 		2356842
      From worker 7:			num_random_opinions: 	35195
      From worker 7:			num_biased_opinions: 	104946
      From worker 7:		num_both_changed: 		115216
      From worker 7:	
      From worker 15:	data processed and exported
      From worker 15:	
      From worker 15:	starting b_1.0_c_0.2_N_40_M_2_K_2_P_2_beta_0.001_u_0.001_v_0.625_p_0.25_ϵ_1.0_gens_20000000_210224-220037.164
      From worker 7:	data processed and exported
      From worker 7:	
      From worker 7:	starting b_1.0_c_0.2_N_40_M_2_K_2_P_2_beta_0.001_u_0.001_v_0.011180339887498947_p_1.0_ϵ_1.0_gens_20000000_210224-220037.164
      From worker 2:	replicate complete, ran 20000000 generations:
      From worker 2:	
      From worker 2:		num_imitating:			20000000
      From worker 2:		num_not_imitating:		0
      From worker 2:		num_strategies_changed:  	574083
      From worker 2:			num_random_strategies: 	19754
      From worker 2:		num_sets_changed: 		630757
      From worker 2:			num_random_opinions: 	19803
      From worker 2:			num_biased_opinions: 	0
      From worker 2:		num_both_changed: 		32018
      From worker 2:	
      From worker 2:	data processed and exported
      From worker 3:	replicate complete, ran 20000000 generations:
      From worker 3:	
      From worker 3:		num_imitating:			17500318
      From worker 3:		num_not_imitating:		2499682
      From worker 3:		num_strategies_changed:  	508445
      From worker 3:			num_random_strategies: 	17570
      From worker 3:		num_sets_changed: 		1109422
      From worker 3:			num_random_opinions: 	29355
      From worker 3:			num_biased_opinions: 	9829
      From worker 3:		num_both_changed: 		55191
      From worker 3:	
      From worker 3:	data processed and exported
      From worker 4:	replicate complete, ran 20000000 generations:
      From worker 4:	
      From worker 4:		num_imitating:			14998257
      From worker 4:		num_not_imitating:		5001743
      From worker 4:		num_strategies_changed:  	418672
      From worker 4:			num_random_strategies: 	15142
      From worker 4:		num_sets_changed: 		863861
      From worker 4:			num_random_opinions: 	16930
      From worker 4:			num_biased_opinions: 	16759
      From worker 4:		num_both_changed: 		43490
      From worker 4:	
      From worker 4:	data processed and exported
      From worker 9:	replicate complete, ran 20000000 generations:
      From worker 9:	
      From worker 9:		num_imitating:			20000000
      From worker 9:		num_not_imitating:		0
      From worker 9:		num_strategies_changed:  	579409
      From worker 9:			num_random_strategies: 	20058
      From worker 9:		num_sets_changed: 		7538077
      From worker 9:			num_random_opinions: 	499575
      From worker 9:			num_biased_opinions: 	0
      From worker 9:		num_both_changed: 		317183
      From worker 9:	
      From worker 9:	data processed and exported
      From worker 9:	
      From worker 9:	starting b_1.0_c_0.2_N_40_M_2_K_2_P_2_beta_0.001_u_0.001_v_0.025_p_0.25_ϵ_1.0_gens_20000000_210224-220037.164
      From worker 13:	replicate complete, ran 20000000 generations:
      From worker 13:	
      From worker 13:		num_imitating:			12501149
      From worker 13:		num_not_imitating:		7498851
      From worker 13:		num_strategies_changed:  	361963
      From worker 13:			num_random_strategies: 	12559
      From worker 13:		num_sets_changed: 		6115780
      From worker 13:			num_random_opinions: 	390206
      From worker 13:			num_biased_opinions: 	1172440
      From worker 13:		num_both_changed: 		210366
      From worker 13:	
      From worker 13:	data processed and exported
      From worker 13:	
      From worker 13:	starting b_1.0_c_0.2_N_40_M_2_K_2_P_2_beta_0.001_u_0.001_v_0.125_p_1.0_ϵ_1.0_gens_20000000_210224-220037.164
      From worker 6:	replicate complete, ran 20000000 generations:
      From worker 6:	
      From worker 6:		num_imitating:			9998978
      From worker 6:		num_not_imitating:		10001022
      From worker 6:		num_strategies_changed:  	145170
      From worker 6:			num_random_strategies: 	9905
      From worker 6:		num_sets_changed: 		0
      From worker 6:			num_random_opinions: 	0
      From worker 6:			num_biased_opinions: 	50202
      From worker 6:		num_both_changed: 		0
      From worker 6:	
      From worker 6:	data processed and exported
      From worker 7:	replicate complete, ran 20000000 generations:
      From worker 7:	
      From worker 7:		num_imitating:			10001704
      From worker 7:		num_not_imitating:		9998296
      From worker 7:		num_strategies_changed:  	151047
      From worker 7:			num_random_strategies: 	10061
      From worker 7:		num_sets_changed: 		0
      From worker 7:			num_random_opinions: 	0
      From worker 7:			num_biased_opinions: 	111519
      From worker 7:		num_both_changed: 		0
      From worker 7:	
      From worker 7:	data processed and exported
      From worker 7:	
      From worker 7:	starting b_1.0_c_0.2_N_40_M_2_K_2_P_2_beta_0.001_u_0.001_v_0.011180339887498947_p_0.0_ϵ_1.0_gens_20000000_210224-220037.164
      From worker 5:	replicate complete, ran 20000000 generations:
      From worker 5:	
      From worker 5:		num_imitating:			12497877
      From worker 5:		num_not_imitating:		7502123
      From worker 5:		num_strategies_changed:  	355259
      From worker 5:			num_random_strategies: 	12325
      From worker 5:		num_sets_changed: 		1299478
      From worker 5:			num_random_opinions: 	15435
      From worker 5:			num_biased_opinions: 	46733
      From worker 5:		num_both_changed: 		68666
      From worker 5:	
      From worker 5:	data processed and exported
      From worker 16:	replicate complete, ran 20000000 generations:
      From worker 16:	
      From worker 16:		num_imitating:			17503017
      From worker 16:		num_not_imitating:		2496983
      From worker 16:		num_strategies_changed:  	504165
      From worker 16:			num_random_strategies: 	17514
      From worker 16:		num_sets_changed: 		12414241
      From worker 16:			num_random_opinions: 	8209158
      From worker 16:			num_biased_opinions: 	2732410
      From worker 16:		num_both_changed: 		363349
      From worker 16:	
      From worker 16:	data processed and exported
      From worker 16:	
      From worker 16:	starting b_1.0_c_0.2_N_40_M_2_K_2_P_2_beta_0.001_u_0.001_v_0.625_p_0.5_ϵ_1.0_gens_20000000_210224-220037.164
      From worker 10:	replicate complete, ran 20000000 generations:
      From worker 10:	
      From worker 10:		num_imitating:			17500002
      From worker 10:		num_not_imitating:		2499998
      From worker 10:		num_strategies_changed:  	512545
      From worker 10:			num_random_strategies: 	17454
      From worker 10:		num_sets_changed: 		8991931
      From worker 10:			num_random_opinions: 	733374
      From worker 10:			num_biased_opinions: 	244316
      From worker 10:		num_both_changed: 		339458
      From worker 10:	
      From worker 10:	data processed and exported
      From worker 10:	
      From worker 10:	starting b_1.0_c_0.2_N_40_M_2_K_2_P_2_beta_0.001_u_0.001_v_0.055901699437494755_p_0.5_ϵ_1.0_gens_20000000_210224-220037.164
      From worker 8:	replicate complete, ran 20000000 generations:
      From worker 8:	
      From worker 8:		num_imitating:			20000000
      From worker 8:		num_not_imitating:		0
      From worker 8:		num_strategies_changed:  	584015
      From worker 8:			num_random_strategies: 	20025
      From worker 8:		num_sets_changed: 		7469480
      From worker 8:			num_random_opinions: 	500033
      From worker 8:			num_biased_opinions: 	0
      From worker 8:		num_both_changed: 		325129
      From worker 8:	
      From worker 8:	data processed and exported
      From worker 8:	
      From worker 8:	starting b_1.0_c_0.2_N_40_M_2_K_2_P_2_beta_0.001_u_0.001_v_0.025_p_0.25_ϵ_1.0_gens_20000000_210224-220037.164
      From worker 13:	replicate complete, ran 20000000 generations:
      From worker 13:	
      From worker 13:		num_imitating:			10001025
      From worker 13:		num_not_imitating:		9998975
      From worker 13:		num_strategies_changed:  	144262
      From worker 13:			num_random_strategies: 	9921
      From worker 13:		num_sets_changed: 		0
      From worker 13:			num_random_opinions: 	0
      From worker 13:			num_biased_opinions: 	1250688
      From worker 13:		num_both_changed: 		0
      From worker 13:	
      From worker 13:	data processed and exported
      From worker 13:	
      From worker 13:	starting b_1.0_c_0.2_N_40_M_2_K_2_P_2_beta_0.001_u_0.001_v_0.2795084971874737_p_0.0_ϵ_1.0_gens_20000000_210224-220037.164
      From worker 12:	replicate complete, ran 20000000 generations:
      From worker 12:	
      From worker 12:		num_imitating:			15000800
      From worker 12:		num_not_imitating:		4999200
      From worker 12:		num_strategies_changed:  	407622
      From worker 12:			num_random_strategies: 	14946
      From worker 12:		num_sets_changed: 		8647585
      From worker 12:			num_random_opinions: 	936976
      From worker 12:			num_biased_opinions: 	937140
      From worker 12:		num_both_changed: 		270848
      From worker 12:	
      From worker 12:	data processed and exported
      From worker 12:	
      From worker 12:	starting b_1.0_c_0.2_N_40_M_2_K_2_P_2_beta_0.001_u_0.001_v_0.125_p_0.75_ϵ_1.0_gens_20000000_210224-220037.164
      From worker 11:	replicate complete, ran 20000000 generations:
      From worker 11:	
      From worker 11:		num_imitating:			15000472
      From worker 11:		num_not_imitating:		4999528
      From worker 11:		num_strategies_changed:  	442101
      From worker 11:			num_random_strategies: 	15231
      From worker 11:		num_sets_changed: 		7172895
      From worker 11:			num_random_opinions: 	418744
      From worker 11:			num_biased_opinions: 	419620
      From worker 11:		num_both_changed: 		273197
      From worker 11:	
      From worker 11:	data processed and exported
      From worker 11:	
      From worker 11:	starting b_1.0_c_0.2_N_40_M_2_K_2_P_2_beta_0.001_u_0.001_v_0.055901699437494755_p_0.75_ϵ_1.0_gens_20000000_210224-220037.164
      From worker 9:	replicate complete, ran 20000000 generations:
      From worker 9:	
      From worker 9:		num_imitating:			17502182
      From worker 9:		num_not_imitating:		2497818
      From worker 9:		num_strategies_changed:  	488240
      From worker 9:			num_random_strategies: 	17608
      From worker 9:		num_sets_changed: 		6523753
      From worker 9:			num_random_opinions: 	328823
      From worker 9:			num_biased_opinions: 	109285
      From worker 9:		num_both_changed: 		266319
      From worker 9:	
      From worker 9:	data processed and exported
      From worker 9:	
      From worker 9:	starting b_1.0_c_0.2_N_40_M_2_K_2_P_2_beta_0.001_u_0.001_v_0.025_p_0.5_ϵ_1.0_gens_20000000_210224-220037.164
      From worker 14:	replicate complete, ran 20000000 generations:
      From worker 14:	
      From worker 14:		num_imitating:			20000000
      From worker 14:		num_not_imitating:		0
      From worker 14:		num_strategies_changed:  	568179
      From worker 14:			num_random_strategies: 	19918
      From worker 14:		num_sets_changed: 		14092077
      From worker 14:			num_random_opinions: 	5590799
      From worker 14:			num_biased_opinions: 	0
      From worker 14:		num_both_changed: 		423444
      From worker 14:	
      From worker 14:	data processed and exported
      From worker 14:	
      From worker 14:	starting b_1.0_c_0.2_N_40_M_2_K_2_P_2_beta_0.001_u_0.001_v_0.2795084971874737_p_0.25_ϵ_1.0_gens_20000000_210224-220037.164
      From worker 7:	replicate complete, ran 20000000 generations:
      From worker 7:	
      From worker 7:		num_imitating:			20000000
      From worker 7:		num_not_imitating:		0
      From worker 7:		num_strategies_changed:  	587428
      From worker 7:			num_random_strategies: 	19742
      From worker 7:		num_sets_changed: 		4644640
      From worker 7:			num_random_opinions: 	223570
      From worker 7:			num_biased_opinions: 	0
      From worker 7:		num_both_changed: 		222432
      From worker 7:	
      From worker 7:	data processed and exported
      From worker 15:	replicate complete, ran 20000000 generations:
      From worker 15:	
      From worker 15:		num_imitating:			17501267
      From worker 15:		num_not_imitating:		2498733
      From worker 15:		num_strategies_changed:  	498822
      From worker 15:			num_random_strategies: 	17615
      From worker 15:		num_sets_changed: 		12412317
      From worker 15:			num_random_opinions: 	8206801
      From worker 15:			num_biased_opinions: 	2734901
      From worker 15:		num_both_changed: 		359614
      From worker 15:	
      From worker 15:	data processed and exported
      From worker 15:	
      From worker 15:	starting b_1.0_c_0.2_N_40_M_2_K_2_P_2_beta_0.001_u_0.001_v_0.625_p_0.5_ϵ_1.0_gens_20000000_210224-220037.164
      From worker 8:	replicate complete, ran 20000000 generations:
      From worker 8:	
      From worker 8:		num_imitating:			17500708
      From worker 8:		num_not_imitating:		2499292
      From worker 8:		num_strategies_changed:  	492468
      From worker 8:			num_random_strategies: 	17552
      From worker 8:		num_sets_changed: 		6483314
      From worker 8:			num_random_opinions: 	328346
      From worker 8:			num_biased_opinions: 	109709
      From worker 8:		num_both_changed: 		262521
      From worker 8:	
      From worker 8:	data processed and exported
      From worker 10:	replicate complete, ran 20000000 generations:
      From worker 10:	
      From worker 10:		num_imitating:			14999023
      From worker 10:		num_not_imitating:		5000977
      From worker 10:		num_strategies_changed:  	439157
      From worker 10:			num_random_strategies: 	14990
      From worker 10:		num_sets_changed: 		7181078
      From worker 10:			num_random_opinions: 	419209
      From worker 10:			num_biased_opinions: 	421069
      From worker 10:		num_both_changed: 		274180
      From worker 10:	
      From worker 10:	data processed and exported
      From worker 10:	
      From worker 10:	starting b_1.0_c_0.2_N_40_M_2_K_2_P_2_beta_0.001_u_0.001_v_0.055901699437494755_p_0.75_ϵ_1.0_gens_20000000_210224-220037.164
      From worker 16:	replicate complete, ran 20000000 generations:
      From worker 16:	
      From worker 16:		num_imitating:			14996683
      From worker 16:		num_not_imitating:		5003317
      From worker 16:		num_strategies_changed:  	445038
      From worker 16:			num_random_strategies: 	14826
      From worker 16:		num_sets_changed: 		9185285
      From worker 16:			num_random_opinions: 	4686022
      From worker 16:			num_biased_opinions: 	4685126
      From worker 16:		num_both_changed: 		277985
      From worker 16:	
      From worker 16:	data processed and exported
      From worker 16:	
      From worker 16:	starting b_1.0_c_0.2_N_40_M_2_K_2_P_2_beta_0.001_u_0.001_v_0.625_p_0.75_ϵ_1.0_gens_20000000_210224-220037.164
      From worker 11:	replicate complete, ran 20000000 generations:
      From worker 11:	
      From worker 11:		num_imitating:			12500704
      From worker 11:		num_not_imitating:		7499296
      From worker 11:		num_strategies_changed:  	339904
      From worker 11:			num_random_strategies: 	12582
      From worker 11:		num_sets_changed: 		5149911
      From worker 11:			num_random_opinions: 	174522
      From worker 11:			num_biased_opinions: 	523613
      From worker 11:		num_both_changed: 		186208
      From worker 11:	
      From worker 11:	data processed and exported
      From worker 11:	
      From worker 11:	starting b_1.0_c_0.2_N_40_M_2_K_2_P_2_beta_0.001_u_0.001_v_0.055901699437494755_p_1.0_ϵ_1.0_gens_20000000_210224-220037.164
      From worker 12:	replicate complete, ran 20000000 generations:
      From worker 12:	
      From worker 12:		num_imitating:			12500839
      From worker 12:		num_not_imitating:		7499161
      From worker 12:		num_strategies_changed:  	360647
      From worker 12:			num_random_strategies: 	12474
      From worker 12:		num_sets_changed: 		6132142
      From worker 12:			num_random_opinions: 	390960
      From worker 12:			num_biased_opinions: 	1171239
      From worker 12:		num_both_changed: 		210425
      From worker 12:	
      From worker 12:	data processed and exported
      From worker 12:	
      From worker 12:	starting b_1.0_c_0.2_N_40_M_2_K_2_P_2_beta_0.001_u_0.001_v_0.125_p_1.0_ϵ_1.0_gens_20000000_210224-220037.164
      From worker 9:	replicate complete, ran 20000000 generations:
      From worker 9:	
      From worker 9:		num_imitating:			15000320
      From worker 9:		num_not_imitating:		4999680
      From worker 9:		num_strategies_changed:  	421745
      From worker 9:			num_random_strategies: 	15235
      From worker 9:		num_sets_changed: 		5197601
      From worker 9:			num_random_opinions: 	187564
      From worker 9:			num_biased_opinions: 	186490
      From worker 9:		num_both_changed: 		211837
      From worker 9:	
      From worker 9:	data processed and exported
      From worker 11:	replicate complete, ran 20000000 generations:
      From worker 11:	
      From worker 11:		num_imitating:			9998449
      From worker 11:		num_not_imitating:		10001551
      From worker 11:		num_strategies_changed:  	154033
      From worker 11:			num_random_strategies: 	10053
      From worker 11:		num_sets_changed: 		0
      From worker 11:			num_random_opinions: 	0
      From worker 11:			num_biased_opinions: 	558535
      From worker 11:		num_both_changed: 		0
      From worker 11:	
      From worker 11:	data processed and exported
      From worker 12:	replicate complete, ran 20000000 generations:
      From worker 12:	
      From worker 12:		num_imitating:			10000432
      From worker 12:		num_not_imitating:		9999568
      From worker 12:		num_strategies_changed:  	145910
      From worker 12:			num_random_strategies: 	10031
      From worker 12:		num_sets_changed: 		0
      From worker 12:			num_random_opinions: 	0
      From worker 12:			num_biased_opinions: 	1251207
      From worker 12:		num_both_changed: 		0
      From worker 12:	
      From worker 12:	data processed and exported
      From worker 12:	
      From worker 12:	starting b_1.0_c_0.2_N_40_M_2_K_2_P_2_beta_0.001_u_0.001_v_0.125_p_0.0_ϵ_1.0_gens_20000000_210224-220037.164
      From worker 13:	replicate complete, ran 20000000 generations:
      From worker 13:	
      From worker 13:		num_imitating:			20000000
      From worker 13:		num_not_imitating:		0
      From worker 13:		num_strategies_changed:  	595592
      From worker 13:			num_random_strategies: 	20106
      From worker 13:		num_sets_changed: 		14094641
      From worker 13:			num_random_opinions: 	5588165
      From worker 13:			num_biased_opinions: 	0
      From worker 13:		num_both_changed: 		444385
      From worker 13:	
      From worker 13:	data processed and exported
      From worker 13:	
      From worker 13:	starting b_1.0_c_0.2_N_40_M_2_K_2_P_2_beta_0.001_u_0.001_v_0.2795084971874737_p_0.25_ϵ_1.0_gens_20000000_210224-220037.164
      From worker 10:	replicate complete, ran 20000000 generations:
      From worker 10:	
      From worker 10:		num_imitating:			12500309
      From worker 10:		num_not_imitating:		7499691
      From worker 10:		num_strategies_changed:  	346089
      From worker 10:			num_random_strategies: 	12452
      From worker 10:		num_sets_changed: 		5166269
      From worker 10:			num_random_opinions: 	174853
      From worker 10:			num_biased_opinions: 	523967
      From worker 10:		num_both_changed: 		192605
      From worker 10:	
      From worker 10:	data processed and exported
      From worker 14:	replicate complete, ran 20000000 generations:
      From worker 14:	
      From worker 14:		num_imitating:			17500910
      From worker 14:		num_not_imitating:		2499090
      From worker 14:		num_strategies_changed:  	486927
      From worker 14:			num_random_strategies: 	17396
      From worker 14:		num_sets_changed: 		11989200
      From worker 14:			num_random_opinions: 	3669138
      From worker 14:			num_biased_opinions: 	1221957
      From worker 14:		num_both_changed: 		354239
      From worker 14:	
      From worker 14:	data processed and exported
      From worker 14:	
      From worker 14:	starting b_1.0_c_0.2_N_40_M_2_K_2_P_2_beta_0.001_u_0.001_v_0.2795084971874737_p_0.5_ϵ_1.0_gens_20000000_210224-220037.164
      From worker 15:	replicate complete, ran 20000000 generations:
      From worker 15:	
      From worker 15:		num_imitating:			14998177
      From worker 15:		num_not_imitating:		5001823
      From worker 15:		num_strategies_changed:  	418586
      From worker 15:			num_random_strategies: 	14921
      From worker 15:		num_sets_changed: 		9184689
      From worker 15:			num_random_opinions: 	4685790
      From worker 15:			num_biased_opinions: 	4687064
      From worker 15:		num_both_changed: 		262101
      From worker 15:	
      From worker 15:	data processed and exported
      From worker 15:	
      From worker 15:	starting b_1.0_c_0.2_N_40_M_2_K_2_P_2_beta_0.001_u_0.001_v_0.625_p_0.75_ϵ_1.0_gens_20000000_210224-220037.164
      From worker 16:	replicate complete, ran 20000000 generations:
      From worker 16:	
      From worker 16:		num_imitating:			12497535
      From worker 16:		num_not_imitating:		7502465
      From worker 16:		num_strategies_changed:  	339052
      From worker 16:			num_random_strategies: 	12291
      From worker 16:		num_sets_changed: 		5210486
      From worker 16:			num_random_opinions: 	1953322
      From worker 16:			num_biased_opinions: 	5857280
      From worker 16:		num_both_changed: 		146519
      From worker 16:	
      From worker 16:	data processed and exported
      From worker 16:	
      From worker 16:	starting b_1.0_c_0.2_N_40_M_2_K_2_P_2_beta_0.001_u_0.001_v_0.625_p_1.0_ϵ_1.0_gens_20000000_210224-220037.164
      From worker 16:	replicate complete, ran 20000000 generations:
      From worker 16:	
      From worker 16:		num_imitating:			10001334
      From worker 16:		num_not_imitating:		9998666
      From worker 16:		num_strategies_changed:  	147898
      From worker 16:			num_random_strategies: 	9821
      From worker 16:		num_sets_changed: 		0
      From worker 16:			num_random_opinions: 	0
      From worker 16:			num_biased_opinions: 	6250726
      From worker 16:		num_both_changed: 		0
      From worker 16:	
      From worker 16:	data processed and exported
 Activating environment at `/tigress/mk28/CooperationPolarization2/Project.toml`
 Activating environment at `/tigress/mk28/CooperationPolarization2/Project.toml`
      From worker 15:	replicate complete, ran 20000000 generations:
      From worker 15:	
      From worker 15:		num_imitating:			12496424
      From worker 15:		num_not_imitating:		7503576
      From worker 15:		num_strategies_changed:  	362342
      From worker 15:			num_random_strategies: 	12472
      From worker 15:		num_sets_changed: 		5211639
      From worker 15:			num_random_opinions: 	1952953
      From worker 15:			num_biased_opinions: 	5859558
      From worker 15:		num_both_changed: 		156703
      From worker 15:	
      From worker 15:	data processed and exported
      From worker 14:	replicate complete, ran 20000000 generations:
      From worker 14:	
      From worker 14:		num_imitating:			14998367
      From worker 14:		num_not_imitating:		5001633
      From worker 14:		num_strategies_changed:  	405203
      From worker 14:			num_random_strategies: 	15028
      From worker 14:		num_sets_changed: 		9371556
      From worker 14:			num_random_opinions: 	2095113
      From worker 14:			num_biased_opinions: 	2096976
      From worker 14:		num_both_changed: 		270298
      From worker 14:	
      From worker 14:	data processed and exported
      From worker 12:	replicate complete, ran 20000000 generations:
      From worker 12:	
      From worker 12:		num_imitating:			20000000
      From worker 12:		num_not_imitating:		0
      From worker 12:		num_strategies_changed:  	581790
      From worker 12:			num_random_strategies: 	19999
      From worker 12:		num_sets_changed: 		12749657
      From worker 12:			num_random_opinions: 	2498306
      From worker 12:			num_biased_opinions: 	0
      From worker 12:		num_both_changed: 		423708
      From worker 12:	
      From worker 12:	data processed and exported
      From worker 13:	replicate complete, ran 20000000 generations:
      From worker 13:	
      From worker 13:		num_imitating:			17500932
      From worker 13:		num_not_imitating:		2499068
      From worker 13:		num_strategies_changed:  	520016
      From worker 13:			num_random_strategies: 	17479
      From worker 13:		num_sets_changed: 		11985308
      From worker 13:			num_random_opinions: 	3671196
      From worker 13:			num_biased_opinions: 	1222072
      From worker 13:		num_both_changed: 		378447
      From worker 13:	
      From worker 13:	data processed and exported
11166.683844 seconds (2.74 M allocations: 121.519 MiB, 0.00% gc time)
