packages loaded
      From worker 4:	 Activating environment at `/tigress/mk28/CooperationPolarization2/Project.toml`
      From worker 14:	 Activating environment at `/tigress/mk28/CooperationPolarization2/Project.toml`
      From worker 2:	 Activating environment at `/tigress/mk28/CooperationPolarization2/Project.toml`
      From worker 16:	 Activating environment at `/tigress/mk28/CooperationPolarization2/Project.toml`
      From worker 15:	 Activating environment at `/tigress/mk28/CooperationPolarization2/Project.toml`
      From worker 3:	 Activating environment at `/tigress/mk28/CooperationPolarization2/Project.toml`
      From worker 5:	 Activating environment at `/tigress/mk28/CooperationPolarization2/Project.toml`
      From worker 6:	 Activating environment at `/tigress/mk28/CooperationPolarization2/Project.toml`
      From worker 13:	 Activating environment at `/tigress/mk28/CooperationPolarization2/Project.toml`
      From worker 11:	 Activating environment at `/tigress/mk28/CooperationPolarization2/Project.toml`
      From worker 10:	 Activating environment at `/tigress/mk28/CooperationPolarization2/Project.toml`
      From worker 8:	 Activating environment at `/tigress/mk28/CooperationPolarization2/Project.toml`
      From worker 12:	 Activating environment at `/tigress/mk28/CooperationPolarization2/Project.toml`
      From worker 9:	 Activating environment at `/tigress/mk28/CooperationPolarization2/Project.toml`
      From worker 7:	 Activating environment at `/tigress/mk28/CooperationPolarization2/Project.toml`
      From worker 12:	packages loaded
      From worker 10:	packages loaded
      From worker 13:	packages loaded
      From worker 11:	packages loaded
      From worker 2:	packages loaded
      From worker 4:	packages loaded
      From worker 5:	packages loaded
      From worker 14:	packages loaded
      From worker 16:	packages loaded
      From worker 9:	packages loaded
      From worker 15:	packages loaded
      From worker 7:	packages loaded
      From worker 6:	packages loaded
      From worker 3:	packages loaded
      From worker 8:	packages loaded
parameters defined
      From worker 11:	
      From worker 11:	starting b_1.0_c_0.2_N_40_M_3_K_1_P_2_beta_0.001_u_0.001_v_0.055901699437494755_p_1.0_ϵ_1.0_gens_20000000_210217-030708.460
      From worker 10:	
      From worker 10:	starting b_1.0_c_0.2_N_40_M_3_K_1_P_2_beta_0.001_u_0.001_v_0.025_p_0.75_ϵ_1.0_gens_20000000_210217-030708.460
      From worker 2:	
      From worker 2:	starting b_1.0_c_0.2_N_40_M_3_K_1_P_2_beta_0.001_u_0.001_v_0.001_p_0.0_ϵ_1.0_gens_20000000_210217-030708.460
      From worker 14:	
      From worker 14:	starting b_1.0_c_0.2_N_40_M_3_K_1_P_2_beta_0.001_u_0.001_v_0.2795084971874737_p_0.5_ϵ_1.0_gens_20000000_210217-030708.460
      From worker 15:	
      From worker 15:	starting b_1.0_c_0.2_N_40_M_3_K_1_P_2_beta_0.001_u_0.001_v_0.2795084971874737_p_0.75_ϵ_1.0_gens_20000000_210217-030708.460
      From worker 4:	
      From worker 4:	starting b_1.0_c_0.2_N_40_M_3_K_1_P_2_beta_0.001_u_0.001_v_0.0022360679774997894_p_0.5_ϵ_1.0_gens_20000000_210217-030708.460
      From worker 9:	
      From worker 9:	starting b_1.0_c_0.2_N_40_M_3_K_1_P_2_beta_0.001_u_0.001_v_0.025_p_0.5_ϵ_1.0_gens_20000000_210217-030708.460
      From worker 16:	
      From worker 16:	starting b_1.0_c_0.2_N_40_M_3_K_1_P_2_beta_0.001_u_0.001_v_0.625_p_1.0_ϵ_1.0_gens_20000000_210217-030708.460
      From worker 8:	
      From worker 8:	starting b_1.0_c_0.2_N_40_M_3_K_1_P_2_beta_0.001_u_0.001_v_0.011180339887498947_p_0.25_ϵ_1.0_gens_20000000_210217-030708.460
      From worker 12:	
      From worker 12:	starting b_1.0_c_0.2_N_40_M_3_K_1_P_2_beta_0.001_u_0.001_v_0.125_p_0.0_ϵ_1.0_gens_20000000_210217-030708.460
      From worker 6:	
      From worker 6:	starting b_1.0_c_0.2_N_40_M_3_K_1_P_2_beta_0.001_u_0.001_v_0.005_p_1.0_ϵ_1.0_gens_20000000_210217-030708.460
      From worker 5:	
      From worker 5:	starting b_1.0_c_0.2_N_40_M_3_K_1_P_2_beta_0.001_u_0.001_v_0.0022360679774997894_p_0.75_ϵ_1.0_gens_20000000_210217-030708.460
      From worker 13:	
      From worker 13:	starting b_1.0_c_0.2_N_40_M_3_K_1_P_2_beta_0.001_u_0.001_v_0.125_p_0.25_ϵ_1.0_gens_20000000_210217-030708.460
      From worker 3:	
      From worker 3:	starting b_1.0_c_0.2_N_40_M_3_K_1_P_2_beta_0.001_u_0.001_v_0.001_p_0.25_ϵ_1.0_gens_20000000_210217-030708.460
      From worker 7:	
      From worker 7:	starting b_1.0_c_0.2_N_40_M_3_K_1_P_2_beta_0.001_u_0.001_v_0.011180339887498947_p_0.0_ϵ_1.0_gens_20000000_210217-030708.460
      From worker 6:	replicate complete, ran 20000000 generations:
      From worker 6:	
      From worker 6:		num_imitating:			9996820
      From worker 6:		num_not_imitating:		10003180
      From worker 6:		num_strategies_changed:  	145071
      From worker 6:			num_random_strategies: 	9920
      From worker 6:		num_sets_changed: 		596754
      From worker 6:			num_random_opinions: 	0
      From worker 6:			num_biased_opinions: 	50194
      From worker 6:		num_both_changed: 		14896
      From worker 6:	
      From worker 6:	data processed and exported
      From worker 6:	
      From worker 6:	starting b_1.0_c_0.2_N_40_M_3_K_1_P_2_beta_0.001_u_0.001_v_0.005_p_0.0_ϵ_1.0_gens_20000000_210217-030708.460
      From worker 3:	replicate complete, ran 20000000 generations:
      From worker 3:	
      From worker 3:		num_imitating:			17498581
      From worker 3:		num_not_imitating:		2501419
      From worker 3:		num_strategies_changed:  	485554
      From worker 3:			num_random_strategies: 	17312
      From worker 3:		num_sets_changed: 		536093
      From worker 3:			num_random_opinions: 	13427
      From worker 3:			num_biased_opinions: 	4352
      From worker 3:		num_both_changed: 		22521
      From worker 3:	
      From worker 3:	data processed and exported
      From worker 3:	
      From worker 3:	starting b_1.0_c_0.2_N_40_M_3_K_1_P_2_beta_0.001_u_0.001_v_0.001_p_0.5_ϵ_1.0_gens_20000000_210217-030708.460
      From worker 5:	replicate complete, ran 20000000 generations:
      From worker 5:	
      From worker 5:		num_imitating:			12502921
      From worker 5:		num_not_imitating:		7497079
      From worker 5:		num_strategies_changed:  	350745
      From worker 5:			num_random_strategies: 	12448
      From worker 5:		num_sets_changed: 		806169
      From worker 5:			num_random_opinions: 	6921
      From worker 5:			num_biased_opinions: 	20839
      From worker 5:		num_both_changed: 		41539
      From worker 5:	
      From worker 2:	replicate complete, ran 20000000 generations:
      From worker 2:	
      From worker 2:		num_imitating:			20000000
      From worker 2:		num_not_imitating:		0
      From worker 2:		num_strategies_changed:  	558040
      From worker 2:			num_random_strategies: 	20256
      From worker 2:		num_sets_changed: 		608628
      From worker 2:			num_random_opinions: 	20074
      From worker 2:			num_biased_opinions: 	0
      From worker 2:		num_both_changed: 		29557
      From worker 2:	
      From worker 5:	data processed and exported
      From worker 4:	replicate complete, ran 20000000 generations:
      From worker 4:	
      From worker 4:		num_imitating:			14998218
      From worker 4:		num_not_imitating:		5001782
      From worker 4:		num_strategies_changed:  	412842
      From worker 4:			num_random_strategies: 	14933
      From worker 4:		num_sets_changed: 		948678
      From worker 4:			num_random_opinions: 	16851
      From worker 4:			num_biased_opinions: 	16609
      From worker 4:		num_both_changed: 		55765
      From worker 4:	
      From worker 5:	
      From worker 5:	starting b_1.0_c_0.2_N_40_M_3_K_1_P_2_beta_0.001_u_0.001_v_0.0022360679774997894_p_1.0_ϵ_1.0_gens_20000000_210217-030708.460
      From worker 2:	data processed and exported
      From worker 2:	
      From worker 2:	starting b_1.0_c_0.2_N_40_M_3_K_1_P_2_beta_0.001_u_0.001_v_0.001_p_0.25_ϵ_1.0_gens_20000000_210217-030708.460
      From worker 4:	data processed and exported
      From worker 4:	
      From worker 4:	starting b_1.0_c_0.2_N_40_M_3_K_1_P_2_beta_0.001_u_0.001_v_0.0022360679774997894_p_0.75_ϵ_1.0_gens_20000000_210217-030708.460
      From worker 11:	replicate complete, ran 20000000 generations:
      From worker 11:	
      From worker 11:		num_imitating:			10000702
      From worker 11:		num_not_imitating:		9999298
      From worker 11:		num_strategies_changed:  	137633
      From worker 11:			num_random_strategies: 	9921
      From worker 11:		num_sets_changed: 		3590456
      From worker 11:			num_random_opinions: 	0
      From worker 11:			num_biased_opinions: 	558917
      From worker 11:		num_both_changed: 		71194
      From worker 11:	
      From worker 11:	data processed and exported
      From worker 11:	
      From worker 11:	starting b_1.0_c_0.2_N_40_M_3_K_1_P_2_beta_0.001_u_0.001_v_0.055901699437494755_p_0.0_ϵ_1.0_gens_20000000_210217-030708.460
      From worker 8:	replicate complete, ran 20000000 generations:
      From worker 8:	
      From worker 8:		num_imitating:			17500174
      From worker 8:		num_not_imitating:		2499826
      From worker 8:		num_strategies_changed:  	485776
      From worker 8:			num_random_strategies: 	17297
      From worker 8:		num_sets_changed: 		4366717
      From worker 8:			num_random_opinions: 	146943
      From worker 8:			num_biased_opinions: 	48854
      From worker 8:		num_both_changed: 		193100
      From worker 8:	
      From worker 8:	data processed and exported
      From worker 8:	
      From worker 8:	starting b_1.0_c_0.2_N_40_M_3_K_1_P_2_beta_0.001_u_0.001_v_0.011180339887498947_p_0.5_ϵ_1.0_gens_20000000_210217-030708.460
      From worker 10:	replicate complete, ran 20000000 generations:
      From worker 10:	
      From worker 10:		num_imitating:			12500867
      From worker 10:		num_not_imitating:		7499133
      From worker 10:		num_strategies_changed:  	358881
      From worker 10:			num_random_strategies: 	12462
      From worker 10:		num_sets_changed: 		5045815
      From worker 10:			num_random_opinions: 	78320
      From worker 10:			num_biased_opinions: 	233622
      From worker 10:		num_both_changed: 		216631
      From worker 10:	
      From worker 10:	data processed and exported
      From worker 10:	
      From worker 10:	starting b_1.0_c_0.2_N_40_M_3_K_1_P_2_beta_0.001_u_0.001_v_0.025_p_1.0_ϵ_1.0_gens_20000000_210217-030708.460
      From worker 16:	replicate complete, ran 20000000 generations:
      From worker 16:	
      From worker 16:		num_imitating:			9998813
      From worker 16:		num_not_imitating:		10001187
      From worker 16:		num_strategies_changed:  	141340
      From worker 16:			num_random_strategies: 	10012
      From worker 16:		num_sets_changed: 		6474349
      From worker 16:			num_random_opinions: 	0
      From worker 16:			num_biased_opinions: 	6247535
      From worker 16:		num_both_changed: 		94104
      From worker 16:	
      From worker 7:	replicate complete, ran 20000000 generations:
      From worker 7:	
      From worker 7:		num_imitating:			20000000
      From worker 7:		num_not_imitating:		0
      From worker 7:		num_strategies_changed:  	572210
      From worker 7:			num_random_strategies: 	20179
      From worker 7:		num_sets_changed: 		5019667
      From worker 7:			num_random_opinions: 	223493
      From worker 7:			num_biased_opinions: 	0
      From worker 7:		num_both_changed: 		241997
      From worker 7:	
      From worker 16:	data processed and exported
      From worker 16:	
      From worker 16:	starting b_1.0_c_0.2_N_40_M_3_K_1_P_2_beta_0.001_u_0.001_v_0.625_p_0.0_ϵ_1.0_gens_20000000_210217-030708.460
      From worker 7:	data processed and exported
      From worker 7:	
      From worker 7:	starting b_1.0_c_0.2_N_40_M_3_K_1_P_2_beta_0.001_u_0.001_v_0.011180339887498947_p_0.25_ϵ_1.0_gens_20000000_210217-030708.460
      From worker 9:	replicate complete, ran 20000000 generations:
      From worker 9:	
      From worker 9:		num_imitating:			14999996
      From worker 9:		num_not_imitating:		5000004
      From worker 9:		num_strategies_changed:  	436266
      From worker 9:			num_random_strategies: 	15025
      From worker 9:		num_sets_changed: 		6145728
      From worker 9:			num_random_opinions: 	187144
      From worker 9:			num_biased_opinions: 	187774
      From worker 9:		num_both_changed: 		270442
      From worker 9:	
      From worker 9:	data processed and exported
      From worker 9:	
      From worker 9:	starting b_1.0_c_0.2_N_40_M_3_K_1_P_2_beta_0.001_u_0.001_v_0.025_p_0.75_ϵ_1.0_gens_20000000_210217-030708.460
      From worker 15:	replicate complete, ran 20000000 generations:
      From worker 15:	
      From worker 15:		num_imitating:			12501096
      From worker 15:		num_not_imitating:		7498904
      From worker 15:		num_strategies_changed:  	354351
      From worker 15:			num_random_strategies: 	12418
      From worker 15:		num_sets_changed: 		9352665
      From worker 15:			num_random_opinions: 	874800
      From worker 15:			num_biased_opinions: 	2620596
      From worker 15:		num_both_changed: 		286473
      From worker 15:	
      From worker 15:	data processed and exported
      From worker 15:	
      From worker 15:	starting b_1.0_c_0.2_N_40_M_3_K_1_P_2_beta_0.001_u_0.001_v_0.2795084971874737_p_1.0_ϵ_1.0_gens_20000000_210217-030708.460
      From worker 14:	replicate complete, ran 20000000 generations:
      From worker 14:	
      From worker 14:		num_imitating:			14997605
      From worker 14:		num_not_imitating:		5002395
      From worker 14:		num_strategies_changed:  	412822
      From worker 14:			num_random_strategies: 	14872
      From worker 14:		num_sets_changed: 		11569630
      From worker 14:			num_random_opinions: 	2098020
      From worker 14:			num_biased_opinions: 	2094424
      From worker 14:		num_both_changed: 		340544
      From worker 14:	
      From worker 14:	data processed and exported
      From worker 14:	
      From worker 14:	starting b_1.0_c_0.2_N_40_M_3_K_1_P_2_beta_0.001_u_0.001_v_0.2795084971874737_p_0.75_ϵ_1.0_gens_20000000_210217-030708.460
      From worker 13:	replicate complete, ran 20000000 generations:
      From worker 13:	
      From worker 13:		num_imitating:			17498695
      From worker 13:		num_not_imitating:		2501305
      From worker 13:		num_strategies_changed:  	506890
      From worker 13:			num_random_strategies: 	17721
      From worker 13:		num_sets_changed: 		12343987
      From worker 13:			num_random_opinions: 	1640785
      From worker 13:			num_biased_opinions: 	546382
      From worker 13:		num_both_changed: 		410399
      From worker 13:	
      From worker 13:	data processed and exported
      From worker 13:	
      From worker 13:	starting b_1.0_c_0.2_N_40_M_3_K_1_P_2_beta_0.001_u_0.001_v_0.125_p_0.5_ϵ_1.0_gens_20000000_210217-030708.460
      From worker 12:	replicate complete, ran 20000000 generations:
      From worker 12:	
      From worker 12:		num_imitating:			20000000
      From worker 12:		num_not_imitating:		0
      From worker 12:		num_strategies_changed:  	586409
      From worker 12:			num_random_strategies: 	19996
      From worker 12:		num_sets_changed: 		14142821
      From worker 12:			num_random_opinions: 	2498642
      From worker 12:			num_biased_opinions: 	0
      From worker 12:		num_both_changed: 		473822
      From worker 12:	
      From worker 12:	data processed and exported
      From worker 12:	
      From worker 12:	starting b_1.0_c_0.2_N_40_M_3_K_1_P_2_beta_0.001_u_0.001_v_0.125_p_0.25_ϵ_1.0_gens_20000000_210217-030708.460
      From worker 5:	replicate complete, ran 20000000 generations:
      From worker 5:	
      From worker 5:		num_imitating:			9999729
      From worker 5:		num_not_imitating:		10000271
      From worker 5:		num_strategies_changed:  	149326
      From worker 5:			num_random_strategies: 	9916
      From worker 5:		num_sets_changed: 		269343
      From worker 5:			num_random_opinions: 	0
      From worker 5:			num_biased_opinions: 	22318
      From worker 5:		num_both_changed: 		7098
      From worker 5:	
      From worker 5:	data processed and exported
      From worker 5:	
      From worker 5:	starting b_1.0_c_0.2_N_40_M_3_K_1_P_2_beta_0.001_u_0.001_v_0.005_p_0.0_ϵ_1.0_gens_20000000_210217-030708.460
      From worker 3:	replicate complete, ran 20000000 generations:
      From worker 3:	
      From worker 3:		num_imitating:			14997916
      From worker 3:		num_not_imitating:		5002084
      From worker 3:		num_strategies_changed:  	417707
      From worker 3:			num_random_strategies: 	14910
      From worker 3:		num_sets_changed: 		476243
      From worker 3:			num_random_opinions: 	7555
      From worker 3:			num_biased_opinions: 	7487
      From worker 3:		num_both_changed: 		26168
      From worker 3:	
      From worker 2:	replicate complete, ran 20000000 generations:
      From worker 2:	
      From worker 2:		num_imitating:			17501610
      From worker 2:		num_not_imitating:		2498390
      From worker 2:		num_strategies_changed:  	531491
      From worker 2:			num_random_strategies: 	17576
      From worker 2:		num_sets_changed: 		564539
      From worker 2:			num_random_opinions: 	13197
      From worker 2:			num_biased_opinions: 	4408
      From worker 2:		num_both_changed: 		39836
      From worker 2:	
      From worker 3:	data processed and exported
      From worker 3:	
      From worker 3:	starting b_1.0_c_0.2_N_40_M_3_K_1_P_2_beta_0.001_u_0.001_v_0.001_p_0.75_ϵ_1.0_gens_20000000_210217-030708.460
      From worker 2:	data processed and exported
      From worker 2:	
      From worker 2:	starting b_1.0_c_0.2_N_40_M_3_K_1_P_2_beta_0.001_u_0.001_v_0.001_p_0.5_ϵ_1.0_gens_20000000_210217-030708.460
      From worker 4:	replicate complete, ran 20000000 generations:
      From worker 4:	
      From worker 4:		num_imitating:			12500188
      From worker 4:		num_not_imitating:		7499812
      From worker 4:		num_strategies_changed:  	361096
      From worker 4:			num_random_strategies: 	12462
      From worker 4:		num_sets_changed: 		800125
      From worker 4:			num_random_opinions: 	6874
      From worker 4:			num_biased_opinions: 	20844
      From worker 4:		num_both_changed: 		46318
      From worker 4:	
      From worker 4:	data processed and exported
      From worker 4:	
      From worker 4:	starting b_1.0_c_0.2_N_40_M_3_K_1_P_2_beta_0.001_u_0.001_v_0.0022360679774997894_p_1.0_ϵ_1.0_gens_20000000_210217-030708.460
      From worker 6:	replicate complete, ran 20000000 generations:
      From worker 6:	
      From worker 6:		num_imitating:			20000000
      From worker 6:		num_not_imitating:		0
      From worker 6:		num_strategies_changed:  	576690
      From worker 6:			num_random_strategies: 	19791
      From worker 6:		num_sets_changed: 		2632279
      From worker 6:			num_random_opinions: 	99368
      From worker 6:			num_biased_opinions: 	0
      From worker 6:		num_both_changed: 		140860
      From worker 6:	
      From worker 6:	data processed and exported
      From worker 6:	
      From worker 6:	starting b_1.0_c_0.2_N_40_M_3_K_1_P_2_beta_0.001_u_0.001_v_0.005_p_0.25_ϵ_1.0_gens_20000000_210217-030708.460
      From worker 10:	replicate complete, ran 20000000 generations:
      From worker 10:	
      From worker 10:		num_imitating:			9999246
      From worker 10:		num_not_imitating:		10000754
      From worker 10:		num_strategies_changed:  	143952
      From worker 10:			num_random_strategies: 	9947
      From worker 10:		num_sets_changed: 		2234687
      From worker 10:			num_random_opinions: 	0
      From worker 10:			num_biased_opinions: 	250321
      From worker 10:		num_both_changed: 		50727
      From worker 10:	
      From worker 10:	data processed and exported
      From worker 10:	
      From worker 10:	starting b_1.0_c_0.2_N_40_M_3_K_1_P_2_beta_0.001_u_0.001_v_0.055901699437494755_p_0.0_ϵ_1.0_gens_20000000_210217-030708.460
      From worker 8:	replicate complete, ran 20000000 generations:
      From worker 8:	
      From worker 8:		num_imitating:			15000495
      From worker 8:		num_not_imitating:		4999505
      From worker 8:		num_strategies_changed:  	435814
      From worker 8:			num_random_strategies: 	15055
      From worker 8:		num_sets_changed: 		3710491
      From worker 8:			num_random_opinions: 	83755
      From worker 8:			num_biased_opinions: 	83683
      From worker 8:		num_both_changed: 		184292
      From worker 8:	
      From worker 8:	data processed and exported
      From worker 8:	
      From worker 8:	starting b_1.0_c_0.2_N_40_M_3_K_1_P_2_beta_0.001_u_0.001_v_0.011180339887498947_p_0.75_ϵ_1.0_gens_20000000_210217-030708.460
      From worker 7:	replicate complete, ran 20000000 generations:
      From worker 7:	
      From worker 7:		num_imitating:			17500870
      From worker 7:		num_not_imitating:		2499130
      From worker 7:		num_strategies_changed:  	509459
      From worker 7:			num_random_strategies: 	17626
      From worker 7:		num_sets_changed: 		4369589
      From worker 7:			num_random_opinions: 	146726
      From worker 7:			num_biased_opinions: 	48667
      From worker 7:		num_both_changed: 		207493
      From worker 7:	
      From worker 7:	data processed and exported
      From worker 7:	
      From worker 7:	starting b_1.0_c_0.2_N_40_M_3_K_1_P_2_beta_0.001_u_0.001_v_0.011180339887498947_p_0.5_ϵ_1.0_gens_20000000_210217-030708.460
      From worker 9:	replicate complete, ran 20000000 generations:
      From worker 9:	
      From worker 9:		num_imitating:			12503590
      From worker 9:		num_not_imitating:		7496410
      From worker 9:		num_strategies_changed:  	340945
      From worker 9:			num_random_strategies: 	12401
      From worker 9:		num_sets_changed: 		5064291
      From worker 9:			num_random_opinions: 	78524
      From worker 9:			num_biased_opinions: 	235030
      From worker 9:		num_both_changed: 		205911
      From worker 9:	
      From worker 9:	data processed and exported
      From worker 9:	
      From worker 9:	starting b_1.0_c_0.2_N_40_M_3_K_1_P_2_beta_0.001_u_0.001_v_0.025_p_1.0_ϵ_1.0_gens_20000000_210217-030708.460
      From worker 15:	replicate complete, ran 20000000 generations:
      From worker 15:	
      From worker 15:		num_imitating:			10004027
      From worker 15:		num_not_imitating:		9995973
      From worker 15:		num_strategies_changed:  	139333
      From worker 15:			num_random_strategies: 	9984
      From worker 15:		num_sets_changed: 		5901981
      From worker 15:			num_random_opinions: 	0
      From worker 15:			num_biased_opinions: 	2794427
      From worker 15:		num_both_changed: 		91052
      From worker 15:	
      From worker 15:	data processed and exported
      From worker 15:	
      From worker 15:	starting b_1.0_c_0.2_N_40_M_3_K_1_P_2_beta_0.001_u_0.001_v_0.625_p_0.0_ϵ_1.0_gens_20000000_210217-030708.460
      From worker 11:	replicate complete, ran 20000000 generations:
      From worker 11:	
      From worker 11:		num_imitating:			20000000
      From worker 11:		num_not_imitating:		0
      From worker 11:		num_strategies_changed:  	571898
      From worker 11:			num_random_strategies: 	20056
      From worker 11:		num_sets_changed: 		11604986
      From worker 11:			num_random_opinions: 	1117345
      From worker 11:			num_biased_opinions: 	0
      From worker 11:		num_both_changed: 		426674
      From worker 11:	
      From worker 11:	data processed and exported
      From worker 11:	
      From worker 11:	starting b_1.0_c_0.2_N_40_M_3_K_1_P_2_beta_0.001_u_0.001_v_0.055901699437494755_p_0.25_ϵ_1.0_gens_20000000_210217-030708.460
      From worker 3:	replicate complete, ran 20000000 generations:
      From worker 3:	
      From worker 3:		num_imitating:			12498447
      From worker 3:		num_not_imitating:		7501553
      From worker 3:		num_strategies_changed:  	350556
      From worker 3:			num_random_strategies: 	12464
      From worker 3:		num_sets_changed: 		379843
      From worker 3:			num_random_opinions: 	3237
      From worker 3:			num_biased_opinions: 	9534
      From worker 3:		num_both_changed: 		19758
      From worker 3:	
      From worker 2:	replicate complete, ran 20000000 generations:
      From worker 2:	
      From worker 2:		num_imitating:			14997430
      From worker 2:		num_not_imitating:		5002570
      From worker 2:		num_strategies_changed:  	441809
      From worker 2:			num_random_strategies: 	14903
      From worker 2:		num_sets_changed: 		465140
      From worker 2:			num_random_opinions: 	7457
      From worker 2:			num_biased_opinions: 	7703
      From worker 2:		num_both_changed: 		25801
      From worker 2:	
      From worker 3:	data processed and exported
      From worker 2:	data processed and exported
      From worker 3:	
      From worker 3:	starting b_1.0_c_0.2_N_40_M_3_K_1_P_2_beta_0.001_u_0.001_v_0.001_p_1.0_ϵ_1.0_gens_20000000_210217-030708.460
      From worker 2:	
      From worker 2:	starting b_1.0_c_0.2_N_40_M_3_K_1_P_2_beta_0.001_u_0.001_v_0.001_p_0.75_ϵ_1.0_gens_20000000_210217-030708.460
      From worker 4:	replicate complete, ran 20000000 generations:
      From worker 4:	
      From worker 4:		num_imitating:			10004203
      From worker 4:		num_not_imitating:		9995797
      From worker 4:		num_strategies_changed:  	155555
      From worker 4:			num_random_strategies: 	10037
      From worker 4:		num_sets_changed: 		281102
      From worker 4:			num_random_opinions: 	0
      From worker 4:			num_biased_opinions: 	22405
      From worker 4:		num_both_changed: 		10675
      From worker 4:	
      From worker 4:	data processed and exported
      From worker 4:	
      From worker 4:	starting b_1.0_c_0.2_N_40_M_3_K_1_P_2_beta_0.001_u_0.001_v_0.0022360679774997894_p_0.0_ϵ_1.0_gens_20000000_210217-030708.460
      From worker 5:	replicate complete, ran 20000000 generations:
      From worker 5:	
      From worker 5:		num_imitating:			20000000
      From worker 5:		num_not_imitating:		0
      From worker 5:		num_strategies_changed:  	573060
      From worker 5:			num_random_strategies: 	19990
      From worker 5:		num_sets_changed: 		2634545
      From worker 5:			num_random_opinions: 	99854
      From worker 5:			num_biased_opinions: 	0
      From worker 5:		num_both_changed: 		127881
      From worker 5:	
      From worker 5:	data processed and exported
      From worker 14:	replicate complete, ran 20000000 generations:
      From worker 14:	
      From worker 14:		num_imitating:			12499675
      From worker 14:		num_not_imitating:		7500325
      From worker 14:		num_strategies_changed:  	357563
      From worker 14:			num_random_strategies: 	12464
      From worker 14:		num_sets_changed: 		9347202
      From worker 14:			num_random_opinions: 	872819
      From worker 14:			num_biased_opinions: 	2619047
      From worker 14:		num_both_changed: 		289086
      From worker 14:	
      From worker 5:	
      From worker 5:	starting b_1.0_c_0.2_N_40_M_3_K_1_P_2_beta_0.001_u_0.001_v_0.005_p_0.25_ϵ_1.0_gens_20000000_210217-030708.460
      From worker 14:	data processed and exported
      From worker 14:	
      From worker 14:	starting b_1.0_c_0.2_N_40_M_3_K_1_P_2_beta_0.001_u_0.001_v_0.2795084971874737_p_1.0_ϵ_1.0_gens_20000000_210217-030708.460
      From worker 16:	replicate complete, ran 20000000 generations:
      From worker 16:	
      From worker 16:		num_imitating:			20000000
      From worker 16:		num_not_imitating:		0
      From worker 16:		num_strategies_changed:  	571072
      From worker 16:			num_random_strategies: 	19996
      From worker 16:		num_sets_changed: 		16419252
      From worker 16:			num_random_opinions: 	12503371
      From worker 16:			num_biased_opinions: 	0
      From worker 16:		num_both_changed: 		475324
      From worker 16:	
      From worker 16:	data processed and exported
      From worker 16:	
      From worker 16:	starting b_1.0_c_0.2_N_40_M_3_K_1_P_2_beta_0.001_u_0.001_v_0.625_p_0.25_ϵ_1.0_gens_20000000_210217-030708.460
      From worker 6:	replicate complete, ran 20000000 generations:
      From worker 6:	
      From worker 6:		num_imitating:			17500048
      From worker 6:		num_not_imitating:		2499952
      From worker 6:		num_strategies_changed:  	490937
      From worker 6:			num_random_strategies: 	17589
      From worker 6:		num_sets_changed: 		2347831
      From worker 6:			num_random_opinions: 	65482
      From worker 6:			num_biased_opinions: 	22154
      From worker 6:		num_both_changed: 		116345
      From worker 6:	
      From worker 6:	data processed and exported
      From worker 6:	
      From worker 6:	starting b_1.0_c_0.2_N_40_M_3_K_1_P_2_beta_0.001_u_0.001_v_0.005_p_0.5_ϵ_1.0_gens_20000000_210217-030708.460
      From worker 13:	replicate complete, ran 20000000 generations:
      From worker 13:	
      From worker 13:		num_imitating:			14997352
      From worker 13:		num_not_imitating:		5002648
      From worker 13:		num_strategies_changed:  	449824
      From worker 13:			num_random_strategies: 	15200
      From worker 13:		num_sets_changed: 		10509820
      From worker 13:			num_random_opinions: 	938192
      From worker 13:			num_biased_opinions: 	935643
      From worker 13:		num_both_changed: 		364330
      From worker 13:	
      From worker 13:	data processed and exported
      From worker 13:	
      From worker 13:	starting b_1.0_c_0.2_N_40_M_3_K_1_P_2_beta_0.001_u_0.001_v_0.125_p_0.75_ϵ_1.0_gens_20000000_210217-030708.460
      From worker 12:	replicate complete, ran 20000000 generations:
      From worker 12:	
      From worker 12:		num_imitating:			17501586
      From worker 12:		num_not_imitating:		2498414
      From worker 12:		num_strategies_changed:  	499204
      From worker 12:			num_random_strategies: 	17514
      From worker 12:		num_sets_changed: 		12338300
      From worker 12:			num_random_opinions: 	1642589
      From worker 12:			num_biased_opinions: 	546893
      From worker 12:		num_both_changed: 		404863
      From worker 12:	
      From worker 12:	data processed and exported
      From worker 12:	
      From worker 12:	starting b_1.0_c_0.2_N_40_M_3_K_1_P_2_beta_0.001_u_0.001_v_0.125_p_0.5_ϵ_1.0_gens_20000000_210217-030708.460
      From worker 8:	replicate complete, ran 20000000 generations:
      From worker 8:	
      From worker 8:		num_imitating:			12501369
      From worker 8:		num_not_imitating:		7498631
      From worker 8:		num_strategies_changed:  	355025
      From worker 8:			num_random_strategies: 	12544
      From worker 8:		num_sets_changed: 		3109926
      From worker 8:			num_random_opinions: 	35005
      From worker 8:			num_biased_opinions: 	105178
      From worker 8:		num_both_changed: 		147685
      From worker 8:	
      From worker 8:	data processed and exported
      From worker 8:	
      From worker 8:	starting b_1.0_c_0.2_N_40_M_3_K_1_P_2_beta_0.001_u_0.001_v_0.011180339887498947_p_1.0_ϵ_1.0_gens_20000000_210217-030708.460
      From worker 9:	replicate complete, ran 20000000 generations:
      From worker 9:	
      From worker 9:		num_imitating:			9998272
      From worker 9:		num_not_imitating:		10001728
      From worker 9:		num_strategies_changed:  	147713
      From worker 9:			num_random_strategies: 	10053
      From worker 9:		num_sets_changed: 		2221570
      From worker 9:			num_random_opinions: 	0
      From worker 9:			num_biased_opinions: 	250457
      From worker 9:		num_both_changed: 		52715
      From worker 9:	
      From worker 9:	data processed and exported
      From worker 9:	
      From worker 9:	starting b_1.0_c_0.2_N_40_M_3_K_1_P_2_beta_0.001_u_0.001_v_0.025_p_0.0_ϵ_1.0_gens_20000000_210217-030708.460
      From worker 7:	replicate complete, ran 20000000 generations:
      From worker 7:	
      From worker 7:		num_imitating:			14997609
      From worker 7:		num_not_imitating:		5002391
      From worker 7:		num_strategies_changed:  	414374
      From worker 7:			num_random_strategies: 	14860
      From worker 7:		num_sets_changed: 		3682828
      From worker 7:			num_random_opinions: 	83550
      From worker 7:			num_biased_opinions: 	83400
      From worker 7:		num_both_changed: 		173292
      From worker 7:	
      From worker 7:	data processed and exported
      From worker 7:	
      From worker 7:	starting b_1.0_c_0.2_N_40_M_3_K_1_P_2_beta_0.001_u_0.001_v_0.011180339887498947_p_0.75_ϵ_1.0_gens_20000000_210217-030708.460
      From worker 3:	replicate complete, ran 20000000 generations:
      From worker 3:	
      From worker 3:		num_imitating:			10003120
      From worker 3:		num_not_imitating:		9996880
      From worker 3:		num_strategies_changed:  	150944
      From worker 3:			num_random_strategies: 	10107
      From worker 3:		num_sets_changed: 		128471
      From worker 3:			num_random_opinions: 	0
      From worker 3:			num_biased_opinions: 	10073
      From worker 3:		num_both_changed: 		3505
      From worker 3:	
      From worker 2:	replicate complete, ran 20000000 generations:
      From worker 2:	
      From worker 2:		num_imitating:			12502306
      From worker 2:		num_not_imitating:		7497694
      From worker 2:		num_strategies_changed:  	366423
      From worker 2:			num_random_strategies: 	12422
      From worker 2:		num_sets_changed: 		406257
      From worker 2:			num_random_opinions: 	3115
      From worker 2:			num_biased_opinions: 	9468
      From worker 2:		num_both_changed: 		28329
      From worker 2:	
      From worker 3:	data processed and exported
      From worker 3:	
      From worker 3:	starting b_1.0_c_0.2_N_40_M_3_K_1_P_2_beta_0.001_u_0.001_v_0.0022360679774997894_p_0.0_ϵ_1.0_gens_20000000_210217-030708.460
      From worker 2:	data processed and exported
      From worker 2:	
      From worker 2:	starting b_1.0_c_0.2_N_40_M_3_K_1_P_2_beta_0.001_u_0.001_v_0.001_p_1.0_ϵ_1.0_gens_20000000_210217-030708.460
      From worker 4:	replicate complete, ran 20000000 generations:
      From worker 4:	
      From worker 4:		num_imitating:			20000000
      From worker 4:		num_not_imitating:		0
      From worker 4:		num_strategies_changed:  	573769
      From worker 4:			num_random_strategies: 	20082
      From worker 4:		num_sets_changed: 		1342697
      From worker 4:			num_random_opinions: 	44882
      From worker 4:			num_biased_opinions: 	0
      From worker 4:		num_both_changed: 		68627
      From worker 4:	
      From worker 4:	data processed and exported
      From worker 4:	
      From worker 4:	starting b_1.0_c_0.2_N_40_M_3_K_1_P_2_beta_0.001_u_0.001_v_0.0022360679774997894_p_0.25_ϵ_1.0_gens_20000000_210217-030708.460
      From worker 10:	replicate complete, ran 20000000 generations:
      From worker 10:	
      From worker 10:		num_imitating:			20000000
      From worker 10:		num_not_imitating:		0
      From worker 10:		num_strategies_changed:  	567138
      From worker 10:			num_random_strategies: 	19937
      From worker 10:		num_sets_changed: 		11602166
      From worker 10:			num_random_opinions: 	1118579
      From worker 10:			num_biased_opinions: 	0
      From worker 10:		num_both_changed: 		424024
      From worker 10:	
      From worker 10:	data processed and exported
      From worker 10:	
      From worker 10:	starting b_1.0_c_0.2_N_40_M_3_K_1_P_2_beta_0.001_u_0.001_v_0.055901699437494755_p_0.25_ϵ_1.0_gens_20000000_210217-030708.460
      From worker 5:	replicate complete, ran 20000000 generations:
      From worker 5:	
      From worker 5:		num_imitating:			17498680
      From worker 5:		num_not_imitating:		2501320
      From worker 5:		num_strategies_changed:  	487930
      From worker 5:			num_random_strategies: 	17506
      From worker 5:		num_sets_changed: 		2353044
      From worker 5:			num_random_opinions: 	65114
      From worker 5:			num_biased_opinions: 	21724
      From worker 5:		num_both_changed: 		109432
      From worker 5:	
      From worker 5:	data processed and exported
      From worker 5:	
      From worker 5:	starting b_1.0_c_0.2_N_40_M_3_K_1_P_2_beta_0.001_u_0.001_v_0.005_p_0.5_ϵ_1.0_gens_20000000_210217-030708.460
      From worker 6:	replicate complete, ran 20000000 generations:
      From worker 6:	
      From worker 6:		num_imitating:			14995397
      From worker 6:		num_not_imitating:		5004603
      From worker 6:		num_strategies_changed:  	424018
      From worker 6:			num_random_strategies: 	14882
      From worker 6:		num_sets_changed: 		1976284
      From worker 6:			num_random_opinions: 	37686
      From worker 6:			num_biased_opinions: 	37365
      From worker 6:		num_both_changed: 		95094
      From worker 6:	
      From worker 6:	data processed and exported
      From worker 6:	
      From worker 6:	starting b_1.0_c_0.2_N_40_M_3_K_1_P_2_beta_0.001_u_0.001_v_0.005_p_0.75_ϵ_1.0_gens_20000000_210217-030708.460
      From worker 11:	replicate complete, ran 20000000 generations:
      From worker 11:	
      From worker 11:		num_imitating:			17500609
      From worker 11:		num_not_imitating:		2499391
      From worker 11:		num_strategies_changed:  	482898
      From worker 11:			num_random_strategies: 	17488
      From worker 11:		num_sets_changed: 		10136112
      From worker 11:			num_random_opinions: 	733713
      From worker 11:			num_biased_opinions: 	244684
      From worker 11:		num_both_changed: 		358055
      From worker 11:	
      From worker 11:	data processed and exported
      From worker 14:	replicate complete, ran 20000000 generations:
      From worker 14:	
      From worker 14:		num_imitating:			10001054
      From worker 14:		num_not_imitating:		9998946
      From worker 14:		num_strategies_changed:  	141513
      From worker 14:			num_random_strategies: 	10090
      From worker 14:		num_sets_changed: 		5900271
      From worker 14:			num_random_opinions: 	0
      From worker 14:			num_biased_opinions: 	2794931
      From worker 14:		num_both_changed: 		92730
      From worker 14:	
      From worker 11:	
      From worker 11:	starting b_1.0_c_0.2_N_40_M_3_K_1_P_2_beta_0.001_u_0.001_v_0.055901699437494755_p_0.5_ϵ_1.0_gens_20000000_210217-030708.460
      From worker 14:	data processed and exported
      From worker 14:	
      From worker 14:	starting b_1.0_c_0.2_N_40_M_3_K_1_P_2_beta_0.001_u_0.001_v_0.2795084971874737_p_0.0_ϵ_1.0_gens_20000000_210217-030708.460
      From worker 8:	replicate complete, ran 20000000 generations:
      From worker 8:	
      From worker 8:		num_imitating:			9999985
      From worker 8:		num_not_imitating:		10000015
      From worker 8:		num_strategies_changed:  	146456
      From worker 8:			num_random_strategies: 	9820
      From worker 8:		num_sets_changed: 		1202267
      From worker 8:			num_random_opinions: 	0
      From worker 8:			num_biased_opinions: 	111647
      From worker 8:		num_both_changed: 		31609
      From worker 8:	
      From worker 8:	data processed and exported
      From worker 8:	
      From worker 8:	starting b_1.0_c_0.2_N_40_M_3_K_1_P_2_beta_0.001_u_0.001_v_0.025_p_0.0_ϵ_1.0_gens_20000000_210217-030708.460
      From worker 15:	replicate complete, ran 20000000 generations:
      From worker 15:	
      From worker 15:		num_imitating:			20000000
      From worker 15:		num_not_imitating:		0
      From worker 15:		num_strategies_changed:  	584251
      From worker 15:			num_random_strategies: 	20173
      From worker 15:		num_sets_changed: 		16415963
      From worker 15:			num_random_opinions: 	12499918
      From worker 15:			num_biased_opinions: 	0
      From worker 15:		num_both_changed: 		486480
      From worker 15:	
      From worker 15:	data processed and exported
      From worker 15:	
      From worker 15:	starting b_1.0_c_0.2_N_40_M_3_K_1_P_2_beta_0.001_u_0.001_v_0.625_p_0.25_ϵ_1.0_gens_20000000_210217-030708.460
      From worker 13:	replicate complete, ran 20000000 generations:
      From worker 13:	
      From worker 13:		num_imitating:			12501727
      From worker 13:		num_not_imitating:		7498273
      From worker 13:		num_strategies_changed:  	374428
      From worker 13:			num_random_strategies: 	12608
      From worker 13:		num_sets_changed: 		8574097
      From worker 13:			num_random_opinions: 	389625
      From worker 13:			num_biased_opinions: 	1172461
      From worker 13:		num_both_changed: 		302154
      From worker 13:	
      From worker 13:	data processed and exported
      From worker 13:	
      From worker 13:	starting b_1.0_c_0.2_N_40_M_3_K_1_P_2_beta_0.001_u_0.001_v_0.125_p_1.0_ϵ_1.0_gens_20000000_210217-030708.460
      From worker 2:	replicate complete, ran 20000000 generations:
      From worker 2:	
      From worker 2:		num_imitating:			10000285
      From worker 2:		num_not_imitating:		9999715
      From worker 2:		num_strategies_changed:  	150926
      From worker 2:			num_random_strategies: 	9872
      From worker 2:		num_sets_changed: 		126329
      From worker 2:			num_random_opinions: 	0
      From worker 2:			num_biased_opinions: 	9942
      From worker 2:		num_both_changed: 		3244
      From worker 2:	
      From worker 2:	data processed and exported
      From worker 2:	
      From worker 2:	starting b_1.0_c_0.2_N_40_M_3_K_1_P_2_beta_0.001_u_0.001_v_0.001_p_0.0_ϵ_1.0_gens_20000000_210217-030708.460
      From worker 7:	replicate complete, ran 20000000 generations:
      From worker 7:	
      From worker 7:		num_imitating:			12495090
      From worker 7:		num_not_imitating:		7504910
      From worker 7:		num_strategies_changed:  	347596
      From worker 7:			num_random_strategies: 	12423
      From worker 7:		num_sets_changed: 		3051462
      From worker 7:			num_random_opinions: 	35000
      From worker 7:			num_biased_opinions: 	104435
      From worker 7:		num_both_changed: 		135703
      From worker 7:	
      From worker 7:	data processed and exported
      From worker 7:	
      From worker 7:	starting b_1.0_c_0.2_N_40_M_3_K_1_P_2_beta_0.001_u_0.001_v_0.011180339887498947_p_1.0_ϵ_1.0_gens_20000000_210217-030708.460
      From worker 3:	replicate complete, ran 20000000 generations:
      From worker 3:	
      From worker 3:		num_imitating:			20000000
      From worker 3:		num_not_imitating:		0
      From worker 3:		num_strategies_changed:  	570977
      From worker 3:			num_random_strategies: 	19985
      From worker 3:		num_sets_changed: 		1311079
      From worker 3:			num_random_opinions: 	44416
      From worker 3:			num_biased_opinions: 	0
      From worker 3:		num_both_changed: 		70810
      From worker 3:	
      From worker 3:	data processed and exported
      From worker 3:	
      From worker 3:	starting b_1.0_c_0.2_N_40_M_3_K_1_P_2_beta_0.001_u_0.001_v_0.0022360679774997894_p_0.25_ϵ_1.0_gens_20000000_210217-030708.460
      From worker 16:	replicate complete, ran 20000000 generations:
      From worker 16:	
      From worker 16:		num_imitating:			17499549
      From worker 16:		num_not_imitating:		2500451
      From worker 16:		num_strategies_changed:  	519074
      From worker 16:			num_random_strategies: 	17354
      From worker 16:		num_sets_changed: 		14266940
      From worker 16:			num_random_opinions: 	8201238
      From worker 16:			num_biased_opinions: 	2732589
      From worker 16:		num_both_changed: 		429531
      From worker 16:	
      From worker 16:	data processed and exported
      From worker 16:	
      From worker 16:	starting b_1.0_c_0.2_N_40_M_3_K_1_P_2_beta_0.001_u_0.001_v_0.625_p_0.5_ϵ_1.0_gens_20000000_210217-030708.460
      From worker 4:	replicate complete, ran 20000000 generations:
      From worker 4:	
      From worker 4:		num_imitating:			17497581
      From worker 4:		num_not_imitating:		2502419
      From worker 4:		num_strategies_changed:  	519479
      From worker 4:			num_random_strategies: 	17501
      From worker 4:		num_sets_changed: 		1138748
      From worker 4:			num_random_opinions: 	29493
      From worker 4:			num_biased_opinions: 	9888
      From worker 4:		num_both_changed: 		66400
      From worker 4:	
      From worker 4:	data processed and exported
      From worker 4:	
      From worker 4:	starting b_1.0_c_0.2_N_40_M_3_K_1_P_2_beta_0.001_u_0.001_v_0.0022360679774997894_p_0.5_ϵ_1.0_gens_20000000_210217-030708.460
      From worker 12:	replicate complete, ran 20000000 generations:
      From worker 12:	
      From worker 12:		num_imitating:			15000119
      From worker 12:		num_not_imitating:		4999881
      From worker 12:		num_strategies_changed:  	436523
      From worker 12:			num_random_strategies: 	14959
      From worker 12:		num_sets_changed: 		10509243
      From worker 12:			num_random_opinions: 	936745
      From worker 12:			num_biased_opinions: 	937406
      From worker 12:		num_both_changed: 		352875
      From worker 12:	
      From worker 12:	data processed and exported
      From worker 12:	
      From worker 12:	starting b_1.0_c_0.2_N_40_M_3_K_1_P_2_beta_0.001_u_0.001_v_0.125_p_0.75_ϵ_1.0_gens_20000000_210217-030708.460
      From worker 9:	replicate complete, ran 20000000 generations:
      From worker 9:	
      From worker 9:		num_imitating:			20000000
      From worker 9:		num_not_imitating:		0
      From worker 9:		num_strategies_changed:  	592769
      From worker 9:			num_random_strategies: 	20236
      From worker 9:		num_sets_changed: 		8225362
      From worker 9:			num_random_opinions: 	499128
      From worker 9:			num_biased_opinions: 	0
      From worker 9:		num_both_changed: 		361752
      From worker 9:	
      From worker 9:	data processed and exported
      From worker 9:	
      From worker 9:	starting b_1.0_c_0.2_N_40_M_3_K_1_P_2_beta_0.001_u_0.001_v_0.025_p_0.25_ϵ_1.0_gens_20000000_210217-030708.460
      From worker 5:	replicate complete, ran 20000000 generations:
      From worker 5:	
      From worker 5:		num_imitating:			14998545
      From worker 5:		num_not_imitating:		5001455
      From worker 5:		num_strategies_changed:  	419210
      From worker 5:			num_random_strategies: 	14870
      From worker 5:		num_sets_changed: 		1998851
      From worker 5:			num_random_opinions: 	37278
      From worker 5:			num_biased_opinions: 	37360
      From worker 5:		num_both_changed: 		90018
      From worker 5:	
      From worker 5:	data processed and exported
      From worker 5:	
      From worker 5:	starting b_1.0_c_0.2_N_40_M_3_K_1_P_2_beta_0.001_u_0.001_v_0.005_p_0.75_ϵ_1.0_gens_20000000_210217-030708.460
      From worker 6:	replicate complete, ran 20000000 generations:
      From worker 6:	
      From worker 6:		num_imitating:			12500443
      From worker 6:		num_not_imitating:		7499557
      From worker 6:		num_strategies_changed:  	352550
      From worker 6:			num_random_strategies: 	12632
      From worker 6:		num_sets_changed: 		1704799
      From worker 6:			num_random_opinions: 	15584
      From worker 6:			num_biased_opinions: 	46671
      From worker 6:		num_both_changed: 		82583
      From worker 6:	
      From worker 6:	data processed and exported
      From worker 6:	
      From worker 6:	starting b_1.0_c_0.2_N_40_M_3_K_1_P_2_beta_0.001_u_0.001_v_0.005_p_1.0_ϵ_1.0_gens_20000000_210217-030708.460
      From worker 10:	replicate complete, ran 20000000 generations:
      From worker 10:	
      From worker 10:		num_imitating:			17499686
      From worker 10:		num_not_imitating:		2500314
      From worker 10:		num_strategies_changed:  	508681
      From worker 10:			num_random_strategies: 	17444
      From worker 10:		num_sets_changed: 		10145762
      From worker 10:			num_random_opinions: 	732501
      From worker 10:			num_biased_opinions: 	243802
      From worker 10:		num_both_changed: 		380913
      From worker 10:	
      From worker 10:	data processed and exported
      From worker 10:	
      From worker 10:	starting b_1.0_c_0.2_N_40_M_3_K_1_P_2_beta_0.001_u_0.001_v_0.055901699437494755_p_0.5_ϵ_1.0_gens_20000000_210217-030708.460
      From worker 2:	replicate complete, ran 20000000 generations:
      From worker 2:	
      From worker 2:		num_imitating:			20000000
      From worker 2:		num_not_imitating:		0
      From worker 2:		num_strategies_changed:  	571681
      From worker 2:			num_random_strategies: 	19955
      From worker 2:		num_sets_changed: 		595494
      From worker 2:			num_random_opinions: 	19754
      From worker 2:			num_biased_opinions: 	0
      From worker 2:		num_both_changed: 		31902
      From worker 2:	
      From worker 2:	data processed and exported
      From worker 11:	replicate complete, ran 20000000 generations:
      From worker 11:	
      From worker 11:		num_imitating:			14998559
      From worker 11:		num_not_imitating:		5001441
      From worker 11:		num_strategies_changed:  	433300
      From worker 11:			num_random_strategies: 	15171
      From worker 11:		num_sets_changed: 		8649221
      From worker 11:			num_random_opinions: 	419467
      From worker 11:			num_biased_opinions: 	418995
      From worker 11:		num_both_changed: 		327229
      From worker 11:	
      From worker 11:	data processed and exported
      From worker 11:	
      From worker 11:	starting b_1.0_c_0.2_N_40_M_3_K_1_P_2_beta_0.001_u_0.001_v_0.055901699437494755_p_0.75_ϵ_1.0_gens_20000000_210217-030708.460
      From worker 7:	replicate complete, ran 20000000 generations:
      From worker 7:	
      From worker 7:		num_imitating:			10003320
      From worker 7:		num_not_imitating:		9996680
      From worker 7:		num_strategies_changed:  	150769
      From worker 7:			num_random_strategies: 	10004
      From worker 7:		num_sets_changed: 		1197945
      From worker 7:			num_random_opinions: 	0
      From worker 7:			num_biased_opinions: 	111966
      From worker 7:		num_both_changed: 		31793
      From worker 7:	
      From worker 7:	data processed and exported
      From worker 7:	
      From worker 7:	starting b_1.0_c_0.2_N_40_M_3_K_1_P_2_beta_0.001_u_0.001_v_0.011180339887498947_p_0.0_ϵ_1.0_gens_20000000_210217-030708.460
      From worker 3:	replicate complete, ran 20000000 generations:
      From worker 3:	
      From worker 3:		num_imitating:			17500090
      From worker 3:		num_not_imitating:		2499910
      From worker 3:		num_strategies_changed:  	481996
      From worker 3:			num_random_strategies: 	17480
      From worker 3:		num_sets_changed: 		1129414
      From worker 3:			num_random_opinions: 	28988
      From worker 3:			num_biased_opinions: 	9919
      From worker 3:		num_both_changed: 		52070
      From worker 3:	
      From worker 3:	data processed and exported
      From worker 13:	replicate complete, ran 20000000 generations:
      From worker 13:	
      From worker 13:		num_imitating:			9999130
      From worker 13:		num_not_imitating:		10000870
      From worker 13:		num_strategies_changed:  	145670
      From worker 13:			num_random_strategies: 	9939
      From worker 13:		num_sets_changed: 		4913448
      From worker 13:			num_random_opinions: 	0
      From worker 13:			num_biased_opinions: 	1250025
      From worker 13:		num_both_changed: 		89072
      From worker 13:	
      From worker 13:	data processed and exported
      From worker 13:	
      From worker 13:	starting b_1.0_c_0.2_N_40_M_3_K_1_P_2_beta_0.001_u_0.001_v_0.2795084971874737_p_0.0_ϵ_1.0_gens_20000000_210217-030708.460
      From worker 4:	replicate complete, ran 20000000 generations:
      From worker 4:	
      From worker 4:		num_imitating:			15002003
      From worker 4:		num_not_imitating:		4997997
      From worker 4:		num_strategies_changed:  	447978
      From worker 4:			num_random_strategies: 	15158
      From worker 4:		num_sets_changed: 		940716
      From worker 4:			num_random_opinions: 	16602
      From worker 4:			num_biased_opinions: 	16704
      From worker 4:		num_both_changed: 		57237
      From worker 4:	
      From worker 4:	data processed and exported
      From worker 8:	replicate complete, ran 20000000 generations:
      From worker 8:	
      From worker 8:		num_imitating:			20000000
      From worker 8:		num_not_imitating:		0
      From worker 8:		num_strategies_changed:  	561833
      From worker 8:			num_random_strategies: 	19933
      From worker 8:		num_sets_changed: 		8262864
      From worker 8:			num_random_opinions: 	501188
      From worker 8:			num_biased_opinions: 	0
      From worker 8:		num_both_changed: 		341860
      From worker 8:	
      From worker 8:	data processed and exported
      From worker 8:	
      From worker 8:	starting b_1.0_c_0.2_N_40_M_3_K_1_P_2_beta_0.001_u_0.001_v_0.025_p_0.25_ϵ_1.0_gens_20000000_210217-030708.460
      From worker 14:	replicate complete, ran 20000000 generations:
      From worker 14:	
      From worker 14:		num_imitating:			20000000
      From worker 14:		num_not_imitating:		0
      From worker 14:		num_strategies_changed:  	591090
      From worker 14:			num_random_strategies: 	19960
      From worker 14:		num_sets_changed: 		15650710
      From worker 14:			num_random_opinions: 	5594317
      From worker 14:			num_biased_opinions: 	0
      From worker 14:		num_both_changed: 		489512
      From worker 14:	
      From worker 14:	data processed and exported
      From worker 14:	
      From worker 14:	starting b_1.0_c_0.2_N_40_M_3_K_1_P_2_beta_0.001_u_0.001_v_0.2795084971874737_p_0.25_ϵ_1.0_gens_20000000_210217-030708.460
      From worker 6:	replicate complete, ran 20000000 generations:
      From worker 6:	
      From worker 6:		num_imitating:			10000496
      From worker 6:		num_not_imitating:		9999504
      From worker 6:		num_strategies_changed:  	150766
      From worker 6:			num_random_strategies: 	10067
      From worker 6:		num_sets_changed: 		601011
      From worker 6:			num_random_opinions: 	0
      From worker 6:			num_biased_opinions: 	49823
      From worker 6:		num_both_changed: 		15211
      From worker 6:	
      From worker 6:	data processed and exported
      From worker 5:	replicate complete, ran 20000000 generations:
      From worker 5:	
      From worker 5:		num_imitating:			12496606
      From worker 5:		num_not_imitating:		7503394
      From worker 5:		num_strategies_changed:  	359489
      From worker 5:			num_random_strategies: 	12377
      From worker 5:		num_sets_changed: 		1634311
      From worker 5:			num_random_opinions: 	15644
      From worker 5:			num_biased_opinions: 	47054
      From worker 5:		num_both_changed: 		90002
      From worker 5:	
      From worker 5:	data processed and exported
      From worker 15:	replicate complete, ran 20000000 generations:
      From worker 15:	
      From worker 15:		num_imitating:			17498427
      From worker 15:		num_not_imitating:		2501573
      From worker 15:		num_strategies_changed:  	499849
      From worker 15:			num_random_strategies: 	17421
      From worker 15:		num_sets_changed: 		14266073
      From worker 15:			num_random_opinions: 	8201195
      From worker 15:			num_biased_opinions: 	2733824
      From worker 15:		num_both_changed: 		413984
      From worker 15:	
      From worker 15:	data processed and exported
      From worker 15:	
      From worker 15:	starting b_1.0_c_0.2_N_40_M_3_K_1_P_2_beta_0.001_u_0.001_v_0.625_p_0.5_ϵ_1.0_gens_20000000_210217-030708.460
      From worker 12:	replicate complete, ran 20000000 generations:
      From worker 12:	
      From worker 12:		num_imitating:			12497036
      From worker 12:		num_not_imitating:		7502964
      From worker 12:		num_strategies_changed:  	362074
      From worker 12:			num_random_strategies: 	12429
      From worker 12:		num_sets_changed: 		8578157
      From worker 12:			num_random_opinions: 	390795
      From worker 12:			num_biased_opinions: 	1173242
      From worker 12:		num_both_changed: 		292935
      From worker 12:	
      From worker 12:	data processed and exported
      From worker 12:	
      From worker 12:	starting b_1.0_c_0.2_N_40_M_3_K_1_P_2_beta_0.001_u_0.001_v_0.125_p_1.0_ϵ_1.0_gens_20000000_210217-030708.460
      From worker 16:	replicate complete, ran 20000000 generations:
      From worker 16:	
      From worker 16:		num_imitating:			14999614
      From worker 16:		num_not_imitating:		5000386
      From worker 16:		num_strategies_changed:  	458752
      From worker 16:			num_random_strategies: 	14875
      From worker 16:		num_sets_changed: 		11958977
      From worker 16:			num_random_opinions: 	4686942
      From worker 16:			num_biased_opinions: 	4685781
      From worker 16:		num_both_changed: 		372390
      From worker 16:	
      From worker 16:	data processed and exported
      From worker 16:	
      From worker 16:	starting b_1.0_c_0.2_N_40_M_3_K_1_P_2_beta_0.001_u_0.001_v_0.625_p_0.75_ϵ_1.0_gens_20000000_210217-030708.460
      From worker 9:	replicate complete, ran 20000000 generations:
      From worker 9:	
      From worker 9:		num_imitating:			17498625
      From worker 9:		num_not_imitating:		2501375
      From worker 9:		num_strategies_changed:  	502996
      From worker 9:			num_random_strategies: 	17405
      From worker 9:		num_sets_changed: 		7155155
      From worker 9:			num_random_opinions: 	326857
      From worker 9:			num_biased_opinions: 	108866
      From worker 9:		num_both_changed: 		299101
      From worker 9:	
      From worker 9:	data processed and exported
      From worker 9:	
      From worker 9:	starting b_1.0_c_0.2_N_40_M_3_K_1_P_2_beta_0.001_u_0.001_v_0.025_p_0.5_ϵ_1.0_gens_20000000_210217-030708.460
      From worker 10:	replicate complete, ran 20000000 generations:
      From worker 10:	
      From worker 10:		num_imitating:			15000804
      From worker 10:		num_not_imitating:		4999196
      From worker 10:		num_strategies_changed:  	410364
      From worker 10:			num_random_strategies: 	14875
      From worker 10:		num_sets_changed: 		8608628
      From worker 10:			num_random_opinions: 	419682
      From worker 10:			num_biased_opinions: 	418103
      From worker 10:		num_both_changed: 		304666
      From worker 10:	
      From worker 10:	data processed and exported
      From worker 10:	
      From worker 10:	starting b_1.0_c_0.2_N_40_M_3_K_1_P_2_beta_0.001_u_0.001_v_0.055901699437494755_p_0.75_ϵ_1.0_gens_20000000_210217-030708.460
      From worker 7:	replicate complete, ran 20000000 generations:
      From worker 7:	
      From worker 7:		num_imitating:			20000000
      From worker 7:		num_not_imitating:		0
      From worker 7:		num_strategies_changed:  	583820
      From worker 7:			num_random_strategies: 	20009
      From worker 7:		num_sets_changed: 		5020688
      From worker 7:			num_random_opinions: 	223898
      From worker 7:			num_biased_opinions: 	0
      From worker 7:		num_both_changed: 		234823
      From worker 7:	
      From worker 7:	data processed and exported
      From worker 11:	replicate complete, ran 20000000 generations:
      From worker 11:	
      From worker 11:		num_imitating:			12501038
      From worker 11:		num_not_imitating:		7498962
      From worker 11:		num_strategies_changed:  	375164
      From worker 11:			num_random_strategies: 	12667
      From worker 11:		num_sets_changed: 		7080977
      From worker 11:			num_random_opinions: 	174637
      From worker 11:			num_biased_opinions: 	524878
      From worker 11:		num_both_changed: 		282004
      From worker 11:	
      From worker 11:	data processed and exported
      From worker 11:	
      From worker 11:	starting b_1.0_c_0.2_N_40_M_3_K_1_P_2_beta_0.001_u_0.001_v_0.055901699437494755_p_1.0_ϵ_1.0_gens_20000000_210217-030708.460
      From worker 8:	replicate complete, ran 20000000 generations:
      From worker 8:	
      From worker 8:		num_imitating:			17498331
      From worker 8:		num_not_imitating:		2501669
      From worker 8:		num_strategies_changed:  	492515
      From worker 8:			num_random_strategies: 	17706
      From worker 8:		num_sets_changed: 		7185778
      From worker 8:			num_random_opinions: 	327739
      From worker 8:			num_biased_opinions: 	109373
      From worker 8:		num_both_changed: 		297298
      From worker 8:	
      From worker 8:	data processed and exported
      From worker 12:	replicate complete, ran 20000000 generations:
      From worker 12:	
      From worker 12:		num_imitating:			9999290
      From worker 12:		num_not_imitating:		10000710
      From worker 12:		num_strategies_changed:  	143395
      From worker 12:			num_random_strategies: 	9920
      From worker 12:		num_sets_changed: 		4930266
      From worker 12:			num_random_opinions: 	0
      From worker 12:			num_biased_opinions: 	1250550
      From worker 12:		num_both_changed: 		88227
      From worker 12:	
      From worker 12:	data processed and exported
      From worker 12:	
      From worker 12:	starting b_1.0_c_0.2_N_40_M_3_K_1_P_2_beta_0.001_u_0.001_v_0.125_p_0.0_ϵ_1.0_gens_20000000_210217-030708.460
      From worker 13:	replicate complete, ran 20000000 generations:
      From worker 13:	
      From worker 13:		num_imitating:			20000000
      From worker 13:		num_not_imitating:		0
      From worker 13:		num_strategies_changed:  	610544
      From worker 13:			num_random_strategies: 	20287
      From worker 13:		num_sets_changed: 		15648009
      From worker 13:			num_random_opinions: 	5588563
      From worker 13:			num_biased_opinions: 	0
      From worker 13:		num_both_changed: 		506074
      From worker 13:	
      From worker 13:	data processed and exported
      From worker 13:	
      From worker 13:	starting b_1.0_c_0.2_N_40_M_3_K_1_P_2_beta_0.001_u_0.001_v_0.2795084971874737_p_0.25_ϵ_1.0_gens_20000000_210217-030708.460
      From worker 9:	replicate complete, ran 20000000 generations:
      From worker 9:	
      From worker 9:		num_imitating:			15001989
      From worker 9:		num_not_imitating:		4998011
      From worker 9:		num_strategies_changed:  	439471
      From worker 9:			num_random_strategies: 	14971
      From worker 9:		num_sets_changed: 		6131301
      From worker 9:			num_random_opinions: 	187501
      From worker 9:			num_biased_opinions: 	187791
      From worker 9:		num_both_changed: 		270891
      From worker 9:	
      From worker 9:	data processed and exported
      From worker 14:	replicate complete, ran 20000000 generations:
      From worker 14:	
      From worker 14:		num_imitating:			17500733
      From worker 14:		num_not_imitating:		2499267
      From worker 14:		num_strategies_changed:  	515149
      From worker 14:			num_random_strategies: 	17584
      From worker 14:		num_sets_changed: 		13642229
      From worker 14:			num_random_opinions: 	3667848
      From worker 14:			num_biased_opinions: 	1223086
      From worker 14:		num_both_changed: 		426889
      From worker 14:	
      From worker 15:	replicate complete, ran 20000000 generations:
      From worker 15:	
      From worker 15:		num_imitating:			14997882
      From worker 15:		num_not_imitating:		5002118
      From worker 15:		num_strategies_changed:  	439039
      From worker 15:			num_random_strategies: 	14965
      From worker 15:		num_sets_changed: 		11954406
      From worker 15:			num_random_opinions: 	4688354
      From worker 15:			num_biased_opinions: 	4684242
      From worker 15:		num_both_changed: 		356413
      From worker 15:	
      From worker 14:	data processed and exported
      From worker 15:	data processed and exported
      From worker 14:	
      From worker 14:	starting b_1.0_c_0.2_N_40_M_3_K_1_P_2_beta_0.001_u_0.001_v_0.2795084971874737_p_0.5_ϵ_1.0_gens_20000000_210217-030708.460
      From worker 15:	
      From worker 15:	starting b_1.0_c_0.2_N_40_M_3_K_1_P_2_beta_0.001_u_0.001_v_0.625_p_0.75_ϵ_1.0_gens_20000000_210217-030708.460
      From worker 16:	replicate complete, ran 20000000 generations:
      From worker 16:	
      From worker 16:		num_imitating:			12500816
      From worker 16:		num_not_imitating:		7499184
      From worker 16:		num_strategies_changed:  	364689
      From worker 16:			num_random_strategies: 	12553
      From worker 16:		num_sets_changed: 		9441480
      From worker 16:			num_random_opinions: 	1952786
      From worker 16:			num_biased_opinions: 	5858992
      From worker 16:		num_both_changed: 		282162
      From worker 16:	
      From worker 16:	data processed and exported
      From worker 16:	
      From worker 16:	starting b_1.0_c_0.2_N_40_M_3_K_1_P_2_beta_0.001_u_0.001_v_0.625_p_1.0_ϵ_1.0_gens_20000000_210217-030708.460
      From worker 11:	replicate complete, ran 20000000 generations:
      From worker 11:	
      From worker 11:		num_imitating:			10002375
      From worker 11:		num_not_imitating:		9997625
      From worker 11:		num_strategies_changed:  	160077
      From worker 11:			num_random_strategies: 	10155
      From worker 11:		num_sets_changed: 		3602605
      From worker 11:			num_random_opinions: 	0
      From worker 11:			num_biased_opinions: 	559094
      From worker 11:		num_both_changed: 		83767
      From worker 11:	
      From worker 11:	data processed and exported
      From worker 10:	replicate complete, ran 20000000 generations:
      From worker 10:	
      From worker 10:		num_imitating:			12501240
      From worker 10:		num_not_imitating:		7498760
      From worker 10:		num_strategies_changed:  	365305
      From worker 10:			num_random_strategies: 	12665
      From worker 10:		num_sets_changed: 		7090072
      From worker 10:			num_random_opinions: 	175370
      From worker 10:			num_biased_opinions: 	523331
      From worker 10:		num_both_changed: 		273029
      From worker 10:	
      From worker 10:	data processed and exported
      From worker 16:	replicate complete, ran 20000000 generations:
      From worker 16:	
      From worker 16:		num_imitating:			9999072
      From worker 16:		num_not_imitating:		10000928
      From worker 16:		num_strategies_changed:  	153158
      From worker 16:			num_random_strategies: 	9969
      From worker 16:		num_sets_changed: 		6471802
      From worker 16:			num_random_opinions: 	0
      From worker 16:			num_biased_opinions: 	6249075
 Activating environment at `/tigress/mk28/CooperationPolarization2/Project.toml`
 Activating environment at `/tigress/mk28/CooperationPolarization2/Project.toml`
      From worker 16:		num_both_changed: 		102076
      From worker 16:	
      From worker 16:	data processed and exported
      From worker 15:	replicate complete, ran 20000000 generations:
      From worker 15:	
      From worker 15:		num_imitating:			12501401
      From worker 15:		num_not_imitating:		7498599
      From worker 15:		num_strategies_changed:  	365195
      From worker 15:			num_random_strategies: 	12578
      From worker 15:		num_sets_changed: 		9444223
      From worker 15:			num_random_opinions: 	1951687
      From worker 15:			num_biased_opinions: 	5861503
      From worker 15:		num_both_changed: 		282682
      From worker 15:	
      From worker 15:	data processed and exported
      From worker 12:	replicate complete, ran 20000000 generations:
      From worker 12:	
      From worker 12:		num_imitating:			20000000
      From worker 12:		num_not_imitating:		0
      From worker 12:		num_strategies_changed:  	576062
      From worker 12:			num_random_strategies: 	20150
      From worker 12:		num_sets_changed: 		14146032
      From worker 12:			num_random_opinions: 	2502417
      From worker 12:			num_biased_opinions: 	0
      From worker 12:		num_both_changed: 		467053
      From worker 12:	
      From worker 12:	data processed and exported
      From worker 13:	replicate complete, ran 20000000 generations:
      From worker 13:	
      From worker 13:		num_imitating:			17498046
      From worker 13:		num_not_imitating:		2501954
      From worker 13:		num_strategies_changed:  	514106
      From worker 13:			num_random_strategies: 	17371
      From worker 13:		num_sets_changed: 		13640914
      From worker 13:			num_random_opinions: 	3670118
      From worker 13:			num_biased_opinions: 	1221965
      From worker 13:		num_both_changed: 		425509
      From worker 13:	
      From worker 13:	data processed and exported
      From worker 14:	replicate complete, ran 20000000 generations:
      From worker 14:	
      From worker 14:		num_imitating:			14998335
      From worker 14:		num_not_imitating:		5001665
      From worker 14:		num_strategies_changed:  	430408
      From worker 14:			num_random_strategies: 	14938
      From worker 14:		num_sets_changed: 		11573184
      From worker 14:			num_random_opinions: 	2096118
      From worker 14:			num_biased_opinions: 	2097036
      From worker 14:		num_both_changed: 		354339
      From worker 14:	
      From worker 14:	data processed and exported
9733.986539 seconds (2.66 M allocations: 119.793 MiB, 0.00% gc time)
