packages loaded
      From worker 5:	 Activating environment at `/tigress/mk28/CooperationPolarization2/Project.toml`
      From worker 6:	 Activating environment at `/tigress/mk28/CooperationPolarization2/Project.toml`
      From worker 3:	 Activating environment at `/tigress/mk28/CooperationPolarization2/Project.toml`
      From worker 4:	 Activating environment at `/tigress/mk28/CooperationPolarization2/Project.toml`
      From worker 2:	 Activating environment at `/tigress/mk28/CooperationPolarization2/Project.toml`
      From worker 8:	 Activating environment at `/tigress/mk28/CooperationPolarization2/Project.toml`
      From worker 15:	 Activating environment at `/tigress/mk28/CooperationPolarization2/Project.toml`
      From worker 11:	 Activating environment at `/tigress/mk28/CooperationPolarization2/Project.toml`
      From worker 9:	 Activating environment at `/tigress/mk28/CooperationPolarization2/Project.toml`
      From worker 14:	 Activating environment at `/tigress/mk28/CooperationPolarization2/Project.toml`
      From worker 12:	 Activating environment at `/tigress/mk28/CooperationPolarization2/Project.toml`
      From worker 10:	 Activating environment at `/tigress/mk28/CooperationPolarization2/Project.toml`
      From worker 7:	 Activating environment at `/tigress/mk28/CooperationPolarization2/Project.toml`
      From worker 13:	 Activating environment at `/tigress/mk28/CooperationPolarization2/Project.toml`
      From worker 16:	 Activating environment at `/tigress/mk28/CooperationPolarization2/Project.toml`
      From worker 5:	packages loaded
      From worker 4:	packages loaded
      From worker 6:	packages loaded
      From worker 3:	packages loaded
      From worker 11:	packages loaded
      From worker 8:	packages loaded
      From worker 2:	packages loaded
      From worker 7:	packages loaded
      From worker 12:	packages loaded
      From worker 10:	packages loaded
      From worker 14:	packages loaded
      From worker 15:	packages loaded
      From worker 16:	packages loaded
      From worker 9:	packages loaded
      From worker 13:	packages loaded
parameters defined
      From worker 6:	
      From worker 6:	starting b_1.0_c_0.2_N_40_M_2_K_2_P_2_beta_0.001_u_0.001_v_0.005_p_1.0_ϵ_1.0_gens_20000000_210220-142248.827
      From worker 10:	
      From worker 10:	starting b_1.0_c_0.2_N_40_M_2_K_2_P_2_beta_0.001_u_0.001_v_0.025_p_0.75_ϵ_1.0_gens_20000000_210220-142248.827
      From worker 11:	
      From worker 11:	starting b_1.0_c_0.2_N_40_M_2_K_2_P_2_beta_0.001_u_0.001_v_0.055901699437494755_p_1.0_ϵ_1.0_gens_20000000_210220-142248.827
      From worker 5:	
      From worker 5:	starting b_1.0_c_0.2_N_40_M_2_K_2_P_2_beta_0.001_u_0.001_v_0.0022360679774997894_p_0.75_ϵ_1.0_gens_20000000_210220-142248.827
      From worker 9:	
      From worker 9:	starting b_1.0_c_0.2_N_40_M_2_K_2_P_2_beta_0.001_u_0.001_v_0.025_p_0.5_ϵ_1.0_gens_20000000_210220-142248.827
      From worker 14:	
      From worker 14:	starting b_1.0_c_0.2_N_40_M_2_K_2_P_2_beta_0.001_u_0.001_v_0.2795084971874737_p_0.5_ϵ_1.0_gens_20000000_210220-142248.827
      From worker 8:	
      From worker 8:	starting b_1.0_c_0.2_N_40_M_2_K_2_P_2_beta_0.001_u_0.001_v_0.011180339887498947_p_0.25_ϵ_1.0_gens_20000000_210220-142248.827
      From worker 16:	
      From worker 16:	starting b_1.0_c_0.2_N_40_M_2_K_2_P_2_beta_0.001_u_0.001_v_0.625_p_1.0_ϵ_1.0_gens_20000000_210220-142248.827
      From worker 12:	
      From worker 12:	starting b_1.0_c_0.2_N_40_M_2_K_2_P_2_beta_0.001_u_0.001_v_0.125_p_0.0_ϵ_1.0_gens_20000000_210220-142248.827
      From worker 2:	
      From worker 2:	starting b_1.0_c_0.2_N_40_M_2_K_2_P_2_beta_0.001_u_0.001_v_0.001_p_0.0_ϵ_1.0_gens_20000000_210220-142248.827
      From worker 4:	
      From worker 4:	starting b_1.0_c_0.2_N_40_M_2_K_2_P_2_beta_0.001_u_0.001_v_0.0022360679774997894_p_0.5_ϵ_1.0_gens_20000000_210220-142248.827
      From worker 3:	
      From worker 3:	starting b_1.0_c_0.2_N_40_M_2_K_2_P_2_beta_0.001_u_0.001_v_0.001_p_0.25_ϵ_1.0_gens_20000000_210220-142248.827
      From worker 15:	
      From worker 15:	starting b_1.0_c_0.2_N_40_M_2_K_2_P_2_beta_0.001_u_0.001_v_0.2795084971874737_p_0.75_ϵ_1.0_gens_20000000_210220-142248.827
      From worker 13:	
      From worker 13:	starting b_1.0_c_0.2_N_40_M_2_K_2_P_2_beta_0.001_u_0.001_v_0.125_p_0.25_ϵ_1.0_gens_20000000_210220-142248.827
      From worker 7:	
      From worker 7:	starting b_1.0_c_0.2_N_40_M_2_K_2_P_2_beta_0.001_u_0.001_v_0.011180339887498947_p_0.0_ϵ_1.0_gens_20000000_210220-142248.827
      From worker 16:	replicate complete, ran 20000000 generations:
      From worker 16:	
      From worker 16:		num_imitating:			10005215
      From worker 16:		num_not_imitating:		9994785
      From worker 16:		num_strategies_changed:  	148492
      From worker 16:			num_random_strategies: 	10188
      From worker 16:		num_sets_changed: 		0
      From worker 16:			num_random_opinions: 	0
      From worker 16:			num_biased_opinions: 	6255875
      From worker 16:		num_both_changed: 		0
      From worker 16:	
      From worker 6:	replicate complete, ran 20000000 generations:
      From worker 6:	
      From worker 6:		num_imitating:			10002298
      From worker 6:		num_not_imitating:		9997702
      From worker 6:		num_strategies_changed:  	143447
      From worker 6:			num_random_strategies: 	9955
      From worker 6:		num_sets_changed: 		0
      From worker 6:			num_random_opinions: 	0
      From worker 6:			num_biased_opinions: 	49756
      From worker 6:		num_both_changed: 		0
      From worker 6:	
      From worker 16:	data processed and exported
      From worker 6:	data processed and exported
      From worker 16:	
      From worker 16:	starting b_1.0_c_0.2_N_40_M_2_K_2_P_2_beta_0.001_u_0.001_v_0.625_p_0.0_ϵ_1.0_gens_20000000_210220-142248.827
      From worker 6:	
      From worker 6:	starting b_1.0_c_0.2_N_40_M_2_K_2_P_2_beta_0.001_u_0.001_v_0.005_p_0.0_ϵ_1.0_gens_20000000_210220-142248.827
      From worker 11:	replicate complete, ran 20000000 generations:
      From worker 11:	
      From worker 11:		num_imitating:			9994957
      From worker 11:		num_not_imitating:		10005043
      From worker 11:		num_strategies_changed:  	144540
      From worker 11:			num_random_strategies: 	10027
      From worker 11:		num_sets_changed: 		0
      From worker 11:			num_random_opinions: 	0
      From worker 11:			num_biased_opinions: 	558889
      From worker 11:		num_both_changed: 		0
      From worker 11:	
      From worker 11:	data processed and exported
      From worker 11:	
      From worker 11:	starting b_1.0_c_0.2_N_40_M_2_K_2_P_2_beta_0.001_u_0.001_v_0.055901699437494755_p_0.0_ϵ_1.0_gens_20000000_210220-142248.827
      From worker 3:	replicate complete, ran 20000000 generations:
      From worker 3:	
      From worker 3:		num_imitating:			17500236
      From worker 3:		num_not_imitating:		2499764
      From worker 3:		num_strategies_changed:  	492471
      From worker 3:			num_random_strategies: 	17536
      From worker 3:		num_sets_changed: 		518944
      From worker 3:			num_random_opinions: 	13215
      From worker 3:			num_biased_opinions: 	4380
      From worker 3:		num_both_changed: 		24947
      From worker 3:	
      From worker 3:	data processed and exported
      From worker 3:	
      From worker 3:	starting b_1.0_c_0.2_N_40_M_2_K_2_P_2_beta_0.001_u_0.001_v_0.001_p_0.5_ϵ_1.0_gens_20000000_210220-142248.827
      From worker 2:	replicate complete, ran 20000000 generations:
      From worker 2:	
      From worker 2:		num_imitating:			20000000
      From worker 2:		num_not_imitating:		0
      From worker 2:		num_strategies_changed:  	562639
      From worker 2:			num_random_strategies: 	19899
      From worker 2:		num_sets_changed: 		584378
      From worker 2:			num_random_opinions: 	19961
      From worker 2:			num_biased_opinions: 	0
      From worker 2:		num_both_changed: 		32342
      From worker 2:	
      From worker 5:	replicate complete, ran 20000000 generations:
      From worker 5:	
      From worker 5:		num_imitating:			12499468
      From worker 5:		num_not_imitating:		7500532
      From worker 5:		num_strategies_changed:  	344245
      From worker 5:			num_random_strategies: 	12537
      From worker 5:		num_sets_changed: 		664696
      From worker 5:			num_random_opinions: 	6950
      From worker 5:			num_biased_opinions: 	21054
      From worker 5:		num_both_changed: 		36774
      From worker 5:	
      From worker 2:	data processed and exported
      From worker 5:	data processed and exported
      From worker 2:	
      From worker 2:	starting b_1.0_c_0.2_N_40_M_2_K_2_P_2_beta_0.001_u_0.001_v_0.001_p_0.25_ϵ_1.0_gens_20000000_210220-142248.827
      From worker 5:	
      From worker 5:	starting b_1.0_c_0.2_N_40_M_2_K_2_P_2_beta_0.001_u_0.001_v_0.0022360679774997894_p_1.0_ϵ_1.0_gens_20000000_210220-142248.827
      From worker 4:	replicate complete, ran 20000000 generations:
      From worker 4:	
      From worker 4:		num_imitating:			15001988
      From worker 4:		num_not_imitating:		4998012
      From worker 4:		num_strategies_changed:  	419538
      From worker 4:			num_random_strategies: 	14850
      From worker 4:		num_sets_changed: 		905578
      From worker 4:			num_random_opinions: 	16713
      From worker 4:			num_biased_opinions: 	16840
      From worker 4:		num_both_changed: 		44828
      From worker 4:	
      From worker 4:	data processed and exported
      From worker 4:	
      From worker 4:	starting b_1.0_c_0.2_N_40_M_2_K_2_P_2_beta_0.001_u_0.001_v_0.0022360679774997894_p_0.75_ϵ_1.0_gens_20000000_210220-142248.827
      From worker 10:	replicate complete, ran 20000000 generations:
      From worker 10:	
      From worker 10:		num_imitating:			12505148
      From worker 10:		num_not_imitating:		7494852
      From worker 10:		num_strategies_changed:  	347029
      From worker 10:			num_random_strategies: 	12427
      From worker 10:		num_sets_changed: 		3800442
      From worker 10:			num_random_opinions: 	78293
      From worker 10:			num_biased_opinions: 	234287
      From worker 10:		num_both_changed: 		161225
      From worker 10:	
      From worker 10:	data processed and exported
      From worker 10:	
      From worker 10:	starting b_1.0_c_0.2_N_40_M_2_K_2_P_2_beta_0.001_u_0.001_v_0.025_p_1.0_ϵ_1.0_gens_20000000_210220-142248.827
      From worker 8:	replicate complete, ran 20000000 generations:
      From worker 8:	
      From worker 8:		num_imitating:			17500206
      From worker 8:		num_not_imitating:		2499794
      From worker 8:		num_strategies_changed:  	519079
      From worker 8:			num_random_strategies: 	17593
      From worker 8:		num_sets_changed: 		3998897
      From worker 8:			num_random_opinions: 	146416
      From worker 8:			num_biased_opinions: 	49009
      From worker 8:		num_both_changed: 		195328
      From worker 8:	
      From worker 8:	data processed and exported
      From worker 8:	
      From worker 8:	starting b_1.0_c_0.2_N_40_M_2_K_2_P_2_beta_0.001_u_0.001_v_0.011180339887498947_p_0.5_ϵ_1.0_gens_20000000_210220-142248.827
      From worker 7:	replicate complete, ran 20000000 generations:
      From worker 7:	
      From worker 7:		num_imitating:			20000000
      From worker 7:		num_not_imitating:		0
      From worker 7:		num_strategies_changed:  	570377
      From worker 7:			num_random_strategies: 	20036
      From worker 7:		num_sets_changed: 		4730626
      From worker 7:			num_random_opinions: 	223380
      From worker 7:			num_biased_opinions: 	0
      From worker 7:		num_both_changed: 		221319
      From worker 7:	
      From worker 7:	data processed and exported
      From worker 7:	
      From worker 7:	starting b_1.0_c_0.2_N_40_M_2_K_2_P_2_beta_0.001_u_0.001_v_0.011180339887498947_p_0.25_ϵ_1.0_gens_20000000_210220-142248.827
      From worker 9:	replicate complete, ran 20000000 generations:
      From worker 9:	
      From worker 9:		num_imitating:			15002803
      From worker 9:		num_not_imitating:		4997197
      From worker 9:		num_strategies_changed:  	445245
      From worker 9:			num_random_strategies: 	14853
      From worker 9:		num_sets_changed: 		5207052
      From worker 9:			num_random_opinions: 	187674
      From worker 9:			num_biased_opinions: 	186953
      From worker 9:		num_both_changed: 		233665
      From worker 9:	
      From worker 9:	data processed and exported
      From worker 9:	
      From worker 9:	starting b_1.0_c_0.2_N_40_M_2_K_2_P_2_beta_0.001_u_0.001_v_0.025_p_0.75_ϵ_1.0_gens_20000000_210220-142248.827
      From worker 15:	replicate complete, ran 20000000 generations:
      From worker 15:	
      From worker 15:		num_imitating:			12500319
      From worker 15:		num_not_imitating:		7499681
      From worker 15:		num_strategies_changed:  	349851
      From worker 15:			num_random_strategies: 	12575
      From worker 15:		num_sets_changed: 		6239930
      From worker 15:			num_random_opinions: 	873982
      From worker 15:			num_biased_opinions: 	2620556
      From worker 15:		num_both_changed: 		191698
      From worker 15:	
      From worker 15:	data processed and exported
      From worker 15:	
      From worker 15:	starting b_1.0_c_0.2_N_40_M_2_K_2_P_2_beta_0.001_u_0.001_v_0.2795084971874737_p_1.0_ϵ_1.0_gens_20000000_210220-142248.827
      From worker 5:	replicate complete, ran 20000000 generations:
      From worker 5:	
      From worker 5:		num_imitating:			9998526
      From worker 5:		num_not_imitating:		10001474
      From worker 5:		num_strategies_changed:  	146309
      From worker 5:			num_random_strategies: 	9880
      From worker 5:		num_sets_changed: 		0
      From worker 5:			num_random_opinions: 	0
      From worker 5:			num_biased_opinions: 	22581
      From worker 5:		num_both_changed: 		0
      From worker 5:	
      From worker 5:	data processed and exported
      From worker 5:	
      From worker 5:	starting b_1.0_c_0.2_N_40_M_2_K_2_P_2_beta_0.001_u_0.001_v_0.005_p_0.0_ϵ_1.0_gens_20000000_210220-142248.827
      From worker 3:	replicate complete, ran 20000000 generations:
      From worker 3:	
      From worker 3:		num_imitating:			14999832
      From worker 3:		num_not_imitating:		5000168
      From worker 3:		num_strategies_changed:  	426235
      From worker 3:			num_random_strategies: 	15082
      From worker 3:		num_sets_changed: 		437548
      From worker 3:			num_random_opinions: 	7655
      From worker 3:			num_biased_opinions: 	7390
      From worker 3:		num_both_changed: 		21627
      From worker 3:	
      From worker 3:	data processed and exported
      From worker 3:	
      From worker 3:	starting b_1.0_c_0.2_N_40_M_2_K_2_P_2_beta_0.001_u_0.001_v_0.001_p_0.75_ϵ_1.0_gens_20000000_210220-142248.827
      From worker 2:	replicate complete, ran 20000000 generations:
      From worker 2:	
      From worker 2:		num_imitating:			17502702
      From worker 2:		num_not_imitating:		2497298
      From worker 2:		num_strategies_changed:  	500636
      From worker 2:			num_random_strategies: 	17417
      From worker 2:		num_sets_changed: 		506590
      From worker 2:			num_random_opinions: 	13172
      From worker 2:			num_biased_opinions: 	4331
      From worker 2:		num_both_changed: 		19888
      From worker 2:	
      From worker 2:	data processed and exported
      From worker 2:	
      From worker 2:	starting b_1.0_c_0.2_N_40_M_2_K_2_P_2_beta_0.001_u_0.001_v_0.001_p_0.5_ϵ_1.0_gens_20000000_210220-142248.827
      From worker 4:	replicate complete, ran 20000000 generations:
      From worker 4:	
      From worker 4:		num_imitating:			12500199
      From worker 4:		num_not_imitating:		7499801
      From worker 4:		num_strategies_changed:  	340960
      From worker 4:			num_random_strategies: 	12345
      From worker 4:		num_sets_changed: 		618653
      From worker 4:			num_random_opinions: 	6944
      From worker 4:			num_biased_opinions: 	20936
      From worker 4:		num_both_changed: 		29541
      From worker 4:	
      From worker 4:	data processed and exported
      From worker 4:	
      From worker 4:	starting b_1.0_c_0.2_N_40_M_2_K_2_P_2_beta_0.001_u_0.001_v_0.0022360679774997894_p_1.0_ϵ_1.0_gens_20000000_210220-142248.827
      From worker 6:	replicate complete, ran 20000000 generations:
      From worker 6:	
      From worker 6:		num_imitating:			20000000
      From worker 6:		num_not_imitating:		0
      From worker 6:		num_strategies_changed:  	578225
      From worker 6:			num_random_strategies: 	20051
      From worker 6:		num_sets_changed: 		2609873
      From worker 6:			num_random_opinions: 	100027
      From worker 6:			num_biased_opinions: 	0
      From worker 6:		num_both_changed: 		135894
      From worker 6:	
      From worker 6:	data processed and exported
      From worker 6:	
      From worker 6:	starting b_1.0_c_0.2_N_40_M_2_K_2_P_2_beta_0.001_u_0.001_v_0.005_p_0.25_ϵ_1.0_gens_20000000_210220-142248.827
      From worker 14:	replicate complete, ran 20000000 generations:
      From worker 14:	
      From worker 14:		num_imitating:			14999896
      From worker 14:		num_not_imitating:		5000104
      From worker 14:		num_strategies_changed:  	423635
      From worker 14:			num_random_strategies: 	15002
      From worker 14:		num_sets_changed: 		9377862
      From worker 14:			num_random_opinions: 	2093242
      From worker 14:			num_biased_opinions: 	2096440
      From worker 14:		num_both_changed: 		282211
      From worker 14:	
      From worker 14:	data processed and exported
      From worker 14:	
      From worker 14:	starting b_1.0_c_0.2_N_40_M_2_K_2_P_2_beta_0.001_u_0.001_v_0.2795084971874737_p_0.75_ϵ_1.0_gens_20000000_210220-142248.827
      From worker 10:	replicate complete, ran 20000000 generations:
      From worker 10:	
      From worker 10:		num_imitating:			10000257
      From worker 10:		num_not_imitating:		9999743
      From worker 10:		num_strategies_changed:  	142542
      From worker 10:			num_random_strategies: 	9886
      From worker 10:		num_sets_changed: 		0
      From worker 10:			num_random_opinions: 	0
      From worker 10:			num_biased_opinions: 	250009
      From worker 10:		num_both_changed: 		0
      From worker 10:	
      From worker 10:	data processed and exported
      From worker 10:	
      From worker 10:	starting b_1.0_c_0.2_N_40_M_2_K_2_P_2_beta_0.001_u_0.001_v_0.055901699437494755_p_0.0_ϵ_1.0_gens_20000000_210220-142248.827
      From worker 13:	replicate complete, ran 20000000 generations:
      From worker 13:	
      From worker 13:		num_imitating:			17501461
      From worker 13:		num_not_imitating:		2498539
      From worker 13:		num_strategies_changed:  	495997
      From worker 13:			num_random_strategies: 	17566
      From worker 13:		num_sets_changed: 		10895972
      From worker 13:			num_random_opinions: 	1640005
      From worker 13:			num_biased_opinions: 	548297
      From worker 13:		num_both_changed: 		354747
      From worker 13:	
      From worker 13:	data processed and exported
      From worker 13:	
      From worker 13:	starting b_1.0_c_0.2_N_40_M_2_K_2_P_2_beta_0.001_u_0.001_v_0.125_p_0.5_ϵ_1.0_gens_20000000_210220-142248.827
      From worker 15:	replicate complete, ran 20000000 generations:
      From worker 15:	
      From worker 15:		num_imitating:			10000592
      From worker 15:		num_not_imitating:		9999408
      From worker 15:		num_strategies_changed:  	141034
      From worker 15:			num_random_strategies: 	9974
      From worker 15:		num_sets_changed: 		0
      From worker 15:			num_random_opinions: 	0
      From worker 15:			num_biased_opinions: 	2793771
      From worker 15:		num_both_changed: 		0
      From worker 15:	
      From worker 15:	data processed and exported
      From worker 12:	replicate complete, ran 20000000 generations:
      From worker 12:	
      From worker 12:		num_imitating:			20000000
      From worker 12:		num_not_imitating:		0
      From worker 12:		num_strategies_changed:  	565745
      From worker 12:			num_random_strategies: 	19920
      From worker 12:		num_sets_changed: 		12749887
      From worker 12:			num_random_opinions: 	2499749
      From worker 12:			num_biased_opinions: 	0
      From worker 12:		num_both_changed: 		412393
      From worker 12:	
      From worker 15:	
      From worker 15:	starting b_1.0_c_0.2_N_40_M_2_K_2_P_2_beta_0.001_u_0.001_v_0.625_p_0.0_ϵ_1.0_gens_20000000_210220-142248.827
      From worker 12:	data processed and exported
      From worker 12:	
      From worker 12:	starting b_1.0_c_0.2_N_40_M_2_K_2_P_2_beta_0.001_u_0.001_v_0.125_p_0.25_ϵ_1.0_gens_20000000_210220-142248.827
      From worker 8:	replicate complete, ran 20000000 generations:
      From worker 8:	
      From worker 8:		num_imitating:			15000230
      From worker 8:		num_not_imitating:		4999770
      From worker 8:		num_strategies_changed:  	428423
      From worker 8:			num_random_strategies: 	15027
      From worker 8:		num_sets_changed: 		3190831
      From worker 8:			num_random_opinions: 	83848
      From worker 8:			num_biased_opinions: 	83957
      From worker 8:		num_both_changed: 		156449
      From worker 8:	
      From worker 8:	data processed and exported
      From worker 8:	
      From worker 8:	starting b_1.0_c_0.2_N_40_M_2_K_2_P_2_beta_0.001_u_0.001_v_0.011180339887498947_p_0.75_ϵ_1.0_gens_20000000_210220-142248.827
      From worker 3:	replicate complete, ran 20000000 generations:
      From worker 3:	
      From worker 3:		num_imitating:			12500037
      From worker 3:		num_not_imitating:		7499963
      From worker 3:		num_strategies_changed:  	341930
      From worker 3:			num_random_strategies: 	12473
      From worker 3:		num_sets_changed: 		304079
      From worker 3:			num_random_opinions: 	3037
      From worker 3:			num_biased_opinions: 	9375
      From worker 3:		num_both_changed: 		17144
      From worker 3:	
      From worker 3:	data processed and exported
      From worker 3:	
      From worker 3:	starting b_1.0_c_0.2_N_40_M_2_K_2_P_2_beta_0.001_u_0.001_v_0.001_p_1.0_ϵ_1.0_gens_20000000_210220-142248.827
      From worker 4:	replicate complete, ran 20000000 generations:
      From worker 4:	
      From worker 4:		num_imitating:			9995128
      From worker 4:		num_not_imitating:		10004872
      From worker 4:		num_strategies_changed:  	145896
      From worker 4:			num_random_strategies: 	10165
      From worker 4:		num_sets_changed: 		0
      From worker 4:			num_random_opinions: 	0
      From worker 4:			num_biased_opinions: 	22096
      From worker 4:		num_both_changed: 		0
      From worker 4:	
      From worker 4:	data processed and exported
      From worker 4:	
      From worker 4:	starting b_1.0_c_0.2_N_40_M_2_K_2_P_2_beta_0.001_u_0.001_v_0.0022360679774997894_p_0.0_ϵ_1.0_gens_20000000_210220-142248.827
      From worker 2:	replicate complete, ran 20000000 generations:
      From worker 2:	
      From worker 2:		num_imitating:			14999962
      From worker 2:		num_not_imitating:		5000038
      From worker 2:		num_strategies_changed:  	433699
      From worker 2:			num_random_strategies: 	15021
      From worker 2:		num_sets_changed: 		398638
      From worker 2:			num_random_opinions: 	7469
      From worker 2:			num_biased_opinions: 	7383
      From worker 2:		num_both_changed: 		20314
      From worker 2:	
      From worker 2:	data processed and exported
      From worker 2:	
      From worker 2:	starting b_1.0_c_0.2_N_40_M_2_K_2_P_2_beta_0.001_u_0.001_v_0.001_p_0.75_ϵ_1.0_gens_20000000_210220-142248.827
      From worker 7:	replicate complete, ran 20000000 generations:
      From worker 7:	
      From worker 7:		num_imitating:			17498520
      From worker 7:		num_not_imitating:		2501480
      From worker 7:		num_strategies_changed:  	495187
      From worker 7:			num_random_strategies: 	17447
      From worker 7:		num_sets_changed: 		4040153
      From worker 7:			num_random_opinions: 	146126
      From worker 7:			num_biased_opinions: 	48992
      From worker 7:		num_both_changed: 		195763
      From worker 7:	
      From worker 7:	data processed and exported
      From worker 7:	
      From worker 7:	starting b_1.0_c_0.2_N_40_M_2_K_2_P_2_beta_0.001_u_0.001_v_0.011180339887498947_p_0.5_ϵ_1.0_gens_20000000_210220-142248.827
      From worker 9:	replicate complete, ran 20000000 generations:
      From worker 9:	
      From worker 9:		num_imitating:			12500093
      From worker 9:		num_not_imitating:		7499907
      From worker 9:		num_strategies_changed:  	352606
      From worker 9:			num_random_strategies: 	12743
      From worker 9:		num_sets_changed: 		3744107
      From worker 9:			num_random_opinions: 	78226
      From worker 9:			num_biased_opinions: 	234262
      From worker 9:		num_both_changed: 		159448
      From worker 9:	
      From worker 9:	data processed and exported
      From worker 9:	
      From worker 9:	starting b_1.0_c_0.2_N_40_M_2_K_2_P_2_beta_0.001_u_0.001_v_0.025_p_1.0_ϵ_1.0_gens_20000000_210220-142248.827
      From worker 5:	replicate complete, ran 20000000 generations:
      From worker 5:	
      From worker 5:		num_imitating:			20000000
      From worker 5:		num_not_imitating:		0
      From worker 5:		num_strategies_changed:  	583054
      From worker 5:			num_random_strategies: 	19948
      From worker 5:		num_sets_changed: 		2615853
      From worker 5:			num_random_opinions: 	100178
      From worker 5:			num_biased_opinions: 	0
      From worker 5:		num_both_changed: 		135674
      From worker 5:	
      From worker 5:	data processed and exported
      From worker 5:	
      From worker 5:	starting b_1.0_c_0.2_N_40_M_2_K_2_P_2_beta_0.001_u_0.001_v_0.005_p_0.25_ϵ_1.0_gens_20000000_210220-142248.827
      From worker 11:	replicate complete, ran 20000000 generations:
      From worker 11:	
      From worker 11:		num_imitating:			20000000
      From worker 11:		num_not_imitating:		0
      From worker 11:		num_strategies_changed:  	592064
      From worker 11:			num_random_strategies: 	20059
      From worker 11:		num_sets_changed: 		10522754
      From worker 11:			num_random_opinions: 	1118089
      From worker 11:			num_biased_opinions: 	0
      From worker 11:		num_both_changed: 		402916
      From worker 11:	
      From worker 11:	data processed and exported
      From worker 11:	
      From worker 11:	starting b_1.0_c_0.2_N_40_M_2_K_2_P_2_beta_0.001_u_0.001_v_0.055901699437494755_p_0.25_ϵ_1.0_gens_20000000_210220-142248.827
      From worker 6:	replicate complete, ran 20000000 generations:
      From worker 6:	
      From worker 6:		num_imitating:			17501858
      From worker 6:		num_not_imitating:		2498142
      From worker 6:		num_strategies_changed:  	483451
      From worker 6:			num_random_strategies: 	17445
      From worker 6:		num_sets_changed: 		2189767
      From worker 6:			num_random_opinions: 	65804
      From worker 6:			num_biased_opinions: 	21753
      From worker 6:		num_both_changed: 		103107
      From worker 6:	
      From worker 6:	data processed and exported
      From worker 6:	
      From worker 6:	starting b_1.0_c_0.2_N_40_M_2_K_2_P_2_beta_0.001_u_0.001_v_0.005_p_0.5_ϵ_1.0_gens_20000000_210220-142248.827
      From worker 3:	replicate complete, ran 20000000 generations:
      From worker 3:	
      From worker 3:		num_imitating:			10002004
      From worker 3:		num_not_imitating:		9997996
      From worker 3:		num_strategies_changed:  	144871
      From worker 3:			num_random_strategies: 	9939
      From worker 3:		num_sets_changed: 		0
      From worker 3:			num_random_opinions: 	0
      From worker 3:			num_biased_opinions: 	10033
      From worker 3:		num_both_changed: 		0
      From worker 3:	
      From worker 3:	data processed and exported
      From worker 3:	
      From worker 3:	starting b_1.0_c_0.2_N_40_M_2_K_2_P_2_beta_0.001_u_0.001_v_0.0022360679774997894_p_0.0_ϵ_1.0_gens_20000000_210220-142248.827
      From worker 2:	replicate complete, ran 20000000 generations:
      From worker 2:	
      From worker 2:		num_imitating:			12500618
      From worker 2:		num_not_imitating:		7499382
      From worker 2:		num_strategies_changed:  	374541
      From worker 2:			num_random_strategies: 	12762
      From worker 2:		num_sets_changed: 		308857
      From worker 2:			num_random_opinions: 	3076
      From worker 2:			num_biased_opinions: 	9305
      From worker 2:		num_both_changed: 		18604
      From worker 2:	
      From worker 2:	data processed and exported
      From worker 2:	
      From worker 2:	starting b_1.0_c_0.2_N_40_M_2_K_2_P_2_beta_0.001_u_0.001_v_0.001_p_1.0_ϵ_1.0_gens_20000000_210220-142248.827
      From worker 16:	replicate complete, ran 20000000 generations:
      From worker 16:	
      From worker 16:		num_imitating:			20000000
      From worker 16:		num_not_imitating:		0
      From worker 16:		num_strategies_changed:  	560409
      From worker 16:			num_random_strategies: 	19781
      From worker 16:		num_sets_changed: 		14774804
      From worker 16:			num_random_opinions: 	12501516
      From worker 16:			num_biased_opinions: 	0
      From worker 16:		num_both_changed: 		420326
      From worker 16:	
      From worker 16:	data processed and exported
      From worker 16:	
      From worker 16:	starting b_1.0_c_0.2_N_40_M_2_K_2_P_2_beta_0.001_u_0.001_v_0.625_p_0.25_ϵ_1.0_gens_20000000_210220-142248.827
      From worker 9:	replicate complete, ran 20000000 generations:
      From worker 9:	
      From worker 9:		num_imitating:			10003709
      From worker 9:		num_not_imitating:		9996291
      From worker 9:		num_strategies_changed:  	154385
      From worker 9:			num_random_strategies: 	9882
      From worker 9:		num_sets_changed: 		0
      From worker 9:			num_random_opinions: 	0
      From worker 9:			num_biased_opinions: 	250747
      From worker 9:		num_both_changed: 		0
      From worker 9:	
      From worker 9:	data processed and exported
      From worker 9:	
      From worker 9:	starting b_1.0_c_0.2_N_40_M_2_K_2_P_2_beta_0.001_u_0.001_v_0.025_p_0.0_ϵ_1.0_gens_20000000_210220-142248.827
      From worker 8:	replicate complete, ran 20000000 generations:
      From worker 8:	
      From worker 8:		num_imitating:			12497502
      From worker 8:		num_not_imitating:		7502498
      From worker 8:		num_strategies_changed:  	349298
      From worker 8:			num_random_strategies: 	12287
      From worker 8:		num_sets_changed: 		2362418
      From worker 8:			num_random_opinions: 	34783
      From worker 8:			num_biased_opinions: 	105065
      From worker 8:		num_both_changed: 		117662
      From worker 8:	
      From worker 8:	data processed and exported
      From worker 8:	
      From worker 8:	starting b_1.0_c_0.2_N_40_M_2_K_2_P_2_beta_0.001_u_0.001_v_0.011180339887498947_p_1.0_ϵ_1.0_gens_20000000_210220-142248.827
      From worker 14:	replicate complete, ran 20000000 generations:
      From worker 14:	
      From worker 14:		num_imitating:			12497204
      From worker 14:		num_not_imitating:		7502796
      From worker 14:		num_strategies_changed:  	345055
      From worker 14:			num_random_strategies: 	12409
      From worker 14:		num_sets_changed: 		6236956
      From worker 14:			num_random_opinions: 	873793
      From worker 14:			num_biased_opinions: 	2620334
      From worker 14:		num_both_changed: 		189363
      From worker 14:	
      From worker 14:	data processed and exported
      From worker 14:	
      From worker 14:	starting b_1.0_c_0.2_N_40_M_2_K_2_P_2_beta_0.001_u_0.001_v_0.2795084971874737_p_1.0_ϵ_1.0_gens_20000000_210220-142248.827
      From worker 4:	replicate complete, ran 20000000 generations:
      From worker 4:	
      From worker 4:		num_imitating:			20000000
      From worker 4:		num_not_imitating:		0
      From worker 4:		num_strategies_changed:  	561483
      From worker 4:			num_random_strategies: 	19765
      From worker 4:		num_sets_changed: 		1273612
      From worker 4:			num_random_opinions: 	44425
      From worker 4:			num_biased_opinions: 	0
      From worker 4:		num_both_changed: 		67752
      From worker 4:	
      From worker 4:	data processed and exported
      From worker 4:	
      From worker 4:	starting b_1.0_c_0.2_N_40_M_2_K_2_P_2_beta_0.001_u_0.001_v_0.0022360679774997894_p_0.25_ϵ_1.0_gens_20000000_210220-142248.827
      From worker 7:	replicate complete, ran 20000000 generations:
      From worker 7:	
      From worker 7:		num_imitating:			14997102
      From worker 7:		num_not_imitating:		5002898
      From worker 7:		num_strategies_changed:  	450978
      From worker 7:			num_random_strategies: 	15051
      From worker 7:		num_sets_changed: 		3127223
      From worker 7:			num_random_opinions: 	83743
      From worker 7:			num_biased_opinions: 	84159
      From worker 7:		num_both_changed: 		149101
      From worker 7:	
      From worker 7:	data processed and exported
      From worker 7:	
      From worker 7:	starting b_1.0_c_0.2_N_40_M_2_K_2_P_2_beta_0.001_u_0.001_v_0.011180339887498947_p_0.75_ϵ_1.0_gens_20000000_210220-142248.827
      From worker 5:	replicate complete, ran 20000000 generations:
      From worker 5:	
      From worker 5:		num_imitating:			17500392
      From worker 5:		num_not_imitating:		2499608
      From worker 5:		num_strategies_changed:  	494385
      From worker 5:			num_random_strategies: 	17391
      From worker 5:		num_sets_changed: 		2228840
      From worker 5:			num_random_opinions: 	65264
      From worker 5:			num_biased_opinions: 	21765
      From worker 5:		num_both_changed: 		111977
      From worker 5:	
      From worker 5:	data processed and exported
      From worker 5:	
      From worker 5:	starting b_1.0_c_0.2_N_40_M_2_K_2_P_2_beta_0.001_u_0.001_v_0.005_p_0.5_ϵ_1.0_gens_20000000_210220-142248.827
      From worker 6:	replicate complete, ran 20000000 generations:
      From worker 6:	
      From worker 6:		num_imitating:			14999260
      From worker 6:		num_not_imitating:		5000740
      From worker 6:		num_strategies_changed:  	433730
      From worker 6:			num_random_strategies: 	15121
      From worker 6:		num_sets_changed: 		1775980
      From worker 6:			num_random_opinions: 	37503
      From worker 6:			num_biased_opinions: 	37440
      From worker 6:		num_both_changed: 		90043
      From worker 6:	
      From worker 6:	data processed and exported
      From worker 6:	
      From worker 6:	starting b_1.0_c_0.2_N_40_M_2_K_2_P_2_beta_0.001_u_0.001_v_0.005_p_0.75_ϵ_1.0_gens_20000000_210220-142248.827
      From worker 13:	replicate complete, ran 20000000 generations:
      From worker 13:	
      From worker 13:		num_imitating:			15004166
      From worker 13:		num_not_imitating:		4995834
      From worker 13:		num_strategies_changed:  	428886
      From worker 13:			num_random_strategies: 	14815
      From worker 13:		num_sets_changed: 		8650691
      From worker 13:			num_random_opinions: 	937845
      From worker 13:			num_biased_opinions: 	938489
      From worker 13:		num_both_changed: 		284161
      From worker 13:	
      From worker 13:	data processed and exported
      From worker 13:	
      From worker 13:	starting b_1.0_c_0.2_N_40_M_2_K_2_P_2_beta_0.001_u_0.001_v_0.125_p_0.75_ϵ_1.0_gens_20000000_210220-142248.827
      From worker 10:	replicate complete, ran 20000000 generations:
      From worker 10:	
      From worker 10:		num_imitating:			20000000
      From worker 10:		num_not_imitating:		0
      From worker 10:		num_strategies_changed:  	546408
      From worker 10:			num_random_strategies: 	19976
      From worker 10:		num_sets_changed: 		10510596
      From worker 10:			num_random_opinions: 	1118579
      From worker 10:			num_biased_opinions: 	0
      From worker 10:		num_both_changed: 		367842
      From worker 10:	
      From worker 10:	data processed and exported
      From worker 10:	
      From worker 10:	starting b_1.0_c_0.2_N_40_M_2_K_2_P_2_beta_0.001_u_0.001_v_0.055901699437494755_p_0.25_ϵ_1.0_gens_20000000_210220-142248.827
      From worker 2:	replicate complete, ran 20000000 generations:
      From worker 2:	
      From worker 2:		num_imitating:			9997623
      From worker 2:		num_not_imitating:		10002377
      From worker 2:		num_strategies_changed:  	151082
      From worker 2:			num_random_strategies: 	10087
      From worker 2:		num_sets_changed: 		0
      From worker 2:			num_random_opinions: 	0
      From worker 2:			num_biased_opinions: 	9734
      From worker 2:		num_both_changed: 		0
      From worker 2:	
      From worker 2:	data processed and exported
      From worker 2:	
      From worker 2:	starting b_1.0_c_0.2_N_40_M_2_K_2_P_2_beta_0.001_u_0.001_v_0.001_p_0.0_ϵ_1.0_gens_20000000_210220-142248.827
      From worker 8:	replicate complete, ran 20000000 generations:
      From worker 8:	
      From worker 8:		num_imitating:			10001939
      From worker 8:		num_not_imitating:		9998061
      From worker 8:		num_strategies_changed:  	148673
      From worker 8:			num_random_strategies: 	9958
      From worker 8:		num_sets_changed: 		0
      From worker 8:			num_random_opinions: 	0
      From worker 8:			num_biased_opinions: 	111853
      From worker 8:		num_both_changed: 		0
      From worker 8:	
      From worker 8:	data processed and exported
      From worker 8:	
      From worker 8:	starting b_1.0_c_0.2_N_40_M_2_K_2_P_2_beta_0.001_u_0.001_v_0.025_p_0.0_ϵ_1.0_gens_20000000_210220-142248.827
      From worker 14:	replicate complete, ran 20000000 generations:
      From worker 14:	
      From worker 14:		num_imitating:			9999274
      From worker 14:		num_not_imitating:		10000726
      From worker 14:		num_strategies_changed:  	146400
      From worker 14:			num_random_strategies: 	10037
      From worker 14:		num_sets_changed: 		0
      From worker 14:			num_random_opinions: 	0
      From worker 14:			num_biased_opinions: 	2795685
      From worker 14:		num_both_changed: 		0
      From worker 14:	
      From worker 14:	data processed and exported
      From worker 14:	
      From worker 14:	starting b_1.0_c_0.2_N_40_M_2_K_2_P_2_beta_0.001_u_0.001_v_0.2795084971874737_p_0.0_ϵ_1.0_gens_20000000_210220-142248.827
      From worker 3:	replicate complete, ran 20000000 generations:
      From worker 3:	
      From worker 3:		num_imitating:			20000000
      From worker 3:		num_not_imitating:		0
      From worker 3:		num_strategies_changed:  	561505
      From worker 3:			num_random_strategies: 	20032
      From worker 3:		num_sets_changed: 		1239030
      From worker 3:			num_random_opinions: 	44264
      From worker 3:			num_biased_opinions: 	0
      From worker 3:		num_both_changed: 		65679
      From worker 3:	
      From worker 3:	data processed and exported
      From worker 3:	
      From worker 3:	starting b_1.0_c_0.2_N_40_M_2_K_2_P_2_beta_0.001_u_0.001_v_0.0022360679774997894_p_0.25_ϵ_1.0_gens_20000000_210220-142248.827
      From worker 12:	replicate complete, ran 20000000 generations:
      From worker 12:	
      From worker 12:		num_imitating:			17500367
      From worker 12:		num_not_imitating:		2499633
      From worker 12:		num_strategies_changed:  	488246
      From worker 12:			num_random_strategies: 	17333
      From worker 12:		num_sets_changed: 		10900258
      From worker 12:			num_random_opinions: 	1638445
      From worker 12:			num_biased_opinions: 	547207
      From worker 12:		num_both_changed: 		347887
      From worker 12:	
      From worker 12:	data processed and exported
      From worker 12:	
      From worker 12:	starting b_1.0_c_0.2_N_40_M_2_K_2_P_2_beta_0.001_u_0.001_v_0.125_p_0.5_ϵ_1.0_gens_20000000_210220-142248.827
      From worker 4:	replicate complete, ran 20000000 generations:
      From worker 4:	
      From worker 4:		num_imitating:			17498543
      From worker 4:		num_not_imitating:		2501457
      From worker 4:		num_strategies_changed:  	511323
      From worker 4:			num_random_strategies: 	17528
      From worker 4:		num_sets_changed: 		1123504
      From worker 4:			num_random_opinions: 	29574
      From worker 4:			num_biased_opinions: 	9695
      From worker 4:		num_both_changed: 		69431
      From worker 4:	
      From worker 4:	data processed and exported
      From worker 4:	
      From worker 4:	starting b_1.0_c_0.2_N_40_M_2_K_2_P_2_beta_0.001_u_0.001_v_0.0022360679774997894_p_0.5_ϵ_1.0_gens_20000000_210220-142248.827
      From worker 11:	replicate complete, ran 20000000 generations:
      From worker 11:	
      From worker 11:		num_imitating:			17500540
      From worker 11:		num_not_imitating:		2499460
      From worker 11:		num_strategies_changed:  	451675
      From worker 11:			num_random_strategies: 	17448
      From worker 11:		num_sets_changed: 		8958610
      From worker 11:			num_random_opinions: 	733628
      From worker 11:			num_biased_opinions: 	244740
      From worker 11:		num_both_changed: 		298332
      From worker 11:	
      From worker 11:	data processed and exported
      From worker 11:	
      From worker 11:	starting b_1.0_c_0.2_N_40_M_2_K_2_P_2_beta_0.001_u_0.001_v_0.055901699437494755_p_0.5_ϵ_1.0_gens_20000000_210220-142248.827
      From worker 5:	replicate complete, ran 20000000 generations:
      From worker 5:	
      From worker 5:		num_imitating:			15001448
      From worker 5:		num_not_imitating:		4998552
      From worker 5:		num_strategies_changed:  	425773
      From worker 5:			num_random_strategies: 	14900
      From worker 5:		num_sets_changed: 		1704898
      From worker 5:			num_random_opinions: 	37255
      From worker 5:			num_biased_opinions: 	37067
      From worker 5:		num_both_changed: 		88461
      From worker 5:	
      From worker 5:	data processed and exported
      From worker 5:	
      From worker 5:	starting b_1.0_c_0.2_N_40_M_2_K_2_P_2_beta_0.001_u_0.001_v_0.005_p_0.75_ϵ_1.0_gens_20000000_210220-142248.827
      From worker 7:	replicate complete, ran 20000000 generations:
      From worker 7:	
      From worker 7:		num_imitating:			12495086
      From worker 7:		num_not_imitating:		7504914
      From worker 7:		num_strategies_changed:  	372662
      From worker 7:			num_random_strategies: 	12690
      From worker 7:		num_sets_changed: 		2348832
      From worker 7:			num_random_opinions: 	35053
      From worker 7:			num_biased_opinions: 	104842
      From worker 7:		num_both_changed: 		117985
      From worker 7:	
      From worker 7:	data processed and exported
      From worker 7:	
      From worker 7:	starting b_1.0_c_0.2_N_40_M_2_K_2_P_2_beta_0.001_u_0.001_v_0.011180339887498947_p_1.0_ϵ_1.0_gens_20000000_210220-142248.827
      From worker 6:	replicate complete, ran 20000000 generations:
      From worker 6:	
      From worker 6:		num_imitating:			12498430
      From worker 6:		num_not_imitating:		7501570
      From worker 6:		num_strategies_changed:  	371482
      From worker 6:			num_random_strategies: 	12610
      From worker 6:		num_sets_changed: 		1269256
      From worker 6:			num_random_opinions: 	15527
      From worker 6:			num_biased_opinions: 	46808
      From worker 6:		num_both_changed: 		67849
      From worker 6:	
      From worker 6:	data processed and exported
      From worker 6:	
      From worker 6:	starting b_1.0_c_0.2_N_40_M_2_K_2_P_2_beta_0.001_u_0.001_v_0.005_p_1.0_ϵ_1.0_gens_20000000_210220-142248.827
      From worker 15:	replicate complete, ran 20000000 generations:
      From worker 15:	
      From worker 15:		num_imitating:			20000000
      From worker 15:		num_not_imitating:		0
      From worker 15:		num_strategies_changed:  	563918
      From worker 15:			num_random_strategies: 	20062
      From worker 15:		num_sets_changed: 		14779213
      From worker 15:			num_random_opinions: 	12499172
      From worker 15:			num_biased_opinions: 	0
      From worker 15:		num_both_changed: 		422586
      From worker 15:	
      From worker 15:	data processed and exported
      From worker 15:	
      From worker 15:	starting b_1.0_c_0.2_N_40_M_2_K_2_P_2_beta_0.001_u_0.001_v_0.625_p_0.25_ϵ_1.0_gens_20000000_210220-142248.827
      From worker 2:	replicate complete, ran 20000000 generations:
      From worker 2:	
      From worker 2:		num_imitating:			20000000
      From worker 2:		num_not_imitating:		0
      From worker 2:		num_strategies_changed:  	549541
      From worker 2:			num_random_strategies: 	19864
      From worker 2:		num_sets_changed: 		601600
      From worker 2:			num_random_opinions: 	20078
      From worker 2:			num_biased_opinions: 	0
      From worker 2:		num_both_changed: 		26820
      From worker 2:	
      From worker 2:	data processed and exported
      From worker 9:	replicate complete, ran 20000000 generations:
      From worker 9:	
      From worker 9:		num_imitating:			20000000
      From worker 9:		num_not_imitating:		0
      From worker 9:		num_strategies_changed:  	599922
      From worker 9:			num_random_strategies: 	20063
      From worker 9:		num_sets_changed: 		7604535
      From worker 9:			num_random_opinions: 	500606
      From worker 9:			num_biased_opinions: 	0
      From worker 9:		num_both_changed: 		335563
      From worker 9:	
      From worker 9:	data processed and exported
      From worker 9:	
      From worker 9:	starting b_1.0_c_0.2_N_40_M_2_K_2_P_2_beta_0.001_u_0.001_v_0.025_p_0.25_ϵ_1.0_gens_20000000_210220-142248.827
      From worker 3:	replicate complete, ran 20000000 generations:
      From worker 3:	
      From worker 3:		num_imitating:			17500853
      From worker 3:		num_not_imitating:		2499147
      From worker 3:		num_strategies_changed:  	519990
      From worker 3:			num_random_strategies: 	17281
      From worker 3:		num_sets_changed: 		1109883
      From worker 3:			num_random_opinions: 	29397
      From worker 3:			num_biased_opinions: 	9894
      From worker 3:		num_both_changed: 		60630
      From worker 3:	
      From worker 3:	data processed and exported
      From worker 4:	replicate complete, ran 20000000 generations:
      From worker 4:	
      From worker 4:		num_imitating:			15000428
      From worker 4:		num_not_imitating:		4999572
      From worker 4:		num_strategies_changed:  	434145
      From worker 4:			num_random_strategies: 	14937
      From worker 4:		num_sets_changed: 		890810
      From worker 4:			num_random_opinions: 	16746
      From worker 4:			num_biased_opinions: 	16743
      From worker 4:		num_both_changed: 		50596
      From worker 4:	
      From worker 4:	data processed and exported
      From worker 13:	replicate complete, ran 20000000 generations:
      From worker 13:	
      From worker 13:		num_imitating:			12501228
      From worker 13:		num_not_imitating:		7498772
      From worker 13:		num_strategies_changed:  	345704
      From worker 13:			num_random_strategies: 	12475
      From worker 13:		num_sets_changed: 		6125447
      From worker 13:			num_random_opinions: 	390928
      From worker 13:			num_biased_opinions: 	1171395
      From worker 13:		num_both_changed: 		200455
      From worker 13:	
      From worker 13:	data processed and exported
      From worker 13:	
      From worker 13:	starting b_1.0_c_0.2_N_40_M_2_K_2_P_2_beta_0.001_u_0.001_v_0.125_p_1.0_ϵ_1.0_gens_20000000_210220-142248.827
      From worker 7:	replicate complete, ran 20000000 generations:
      From worker 7:	
      From worker 7:		num_imitating:			10001756
      From worker 7:		num_not_imitating:		9998244
      From worker 7:		num_strategies_changed:  	148928
      From worker 7:			num_random_strategies: 	10039
      From worker 7:		num_sets_changed: 		0
      From worker 7:			num_random_opinions: 	0
      From worker 7:			num_biased_opinions: 	111375
      From worker 7:		num_both_changed: 		0
      From worker 7:	
      From worker 7:	data processed and exported
      From worker 7:	
      From worker 7:	starting b_1.0_c_0.2_N_40_M_2_K_2_P_2_beta_0.001_u_0.001_v_0.011180339887498947_p_0.0_ϵ_1.0_gens_20000000_210220-142248.827
      From worker 6:	replicate complete, ran 20000000 generations:
      From worker 6:	
      From worker 6:		num_imitating:			9998519
      From worker 6:		num_not_imitating:		10001481
      From worker 6:		num_strategies_changed:  	148138
      From worker 6:			num_random_strategies: 	9976
      From worker 6:		num_sets_changed: 		0
      From worker 6:			num_random_opinions: 	0
      From worker 6:			num_biased_opinions: 	49765
      From worker 6:		num_both_changed: 		0
      From worker 6:	
      From worker 6:	data processed and exported
      From worker 5:	replicate complete, ran 20000000 generations:
      From worker 5:	
      From worker 5:		num_imitating:			12501580
      From worker 5:		num_not_imitating:		7498420
      From worker 5:		num_strategies_changed:  	360413
      From worker 5:			num_random_strategies: 	12511
      From worker 5:		num_sets_changed: 		1334233
      From worker 5:			num_random_opinions: 	15568
      From worker 5:			num_biased_opinions: 	46807
      From worker 5:		num_both_changed: 		66664
      From worker 5:	
      From worker 5:	data processed and exported
      From worker 16:	replicate complete, ran 20000000 generations:
      From worker 16:	
      From worker 16:		num_imitating:			17502119
      From worker 16:		num_not_imitating:		2497881
      From worker 16:		num_strategies_changed:  	503342
      From worker 16:			num_random_strategies: 	17504
      From worker 16:		num_sets_changed: 		12413761
      From worker 16:			num_random_opinions: 	8199104
      From worker 16:			num_biased_opinions: 	2733127
      From worker 16:		num_both_changed: 		363377
      From worker 16:	
      From worker 16:	data processed and exported
      From worker 16:	
      From worker 16:	starting b_1.0_c_0.2_N_40_M_2_K_2_P_2_beta_0.001_u_0.001_v_0.625_p_0.5_ϵ_1.0_gens_20000000_210220-142248.827
      From worker 8:	replicate complete, ran 20000000 generations:
      From worker 8:	
      From worker 8:		num_imitating:			20000000
      From worker 8:		num_not_imitating:		0
      From worker 8:		num_strategies_changed:  	551518
      From worker 8:			num_random_strategies: 	19971
      From worker 8:		num_sets_changed: 		7529764
      From worker 8:			num_random_opinions: 	499079
      From worker 8:			num_biased_opinions: 	0
      From worker 8:		num_both_changed: 		312893
      From worker 8:	
      From worker 8:	data processed and exported
      From worker 8:	
      From worker 8:	starting b_1.0_c_0.2_N_40_M_2_K_2_P_2_beta_0.001_u_0.001_v_0.025_p_0.25_ϵ_1.0_gens_20000000_210220-142248.827
      From worker 10:	replicate complete, ran 20000000 generations:
      From worker 10:	
      From worker 10:		num_imitating:			17499736
      From worker 10:		num_not_imitating:		2500264
      From worker 10:		num_strategies_changed:  	491248
      From worker 10:			num_random_strategies: 	17539
      From worker 10:		num_sets_changed: 		9002614
      From worker 10:			num_random_opinions: 	735039
      From worker 10:			num_biased_opinions: 	244024
      From worker 10:		num_both_changed: 		325391
      From worker 10:	
      From worker 10:	data processed and exported
      From worker 10:	
      From worker 10:	starting b_1.0_c_0.2_N_40_M_2_K_2_P_2_beta_0.001_u_0.001_v_0.055901699437494755_p_0.5_ϵ_1.0_gens_20000000_210220-142248.827
      From worker 13:	replicate complete, ran 20000000 generations:
      From worker 13:	
      From worker 13:		num_imitating:			9995858
      From worker 13:		num_not_imitating:		10004142
      From worker 13:		num_strategies_changed:  	147914
      From worker 13:			num_random_strategies: 	10006
      From worker 13:		num_sets_changed: 		0
      From worker 13:			num_random_opinions: 	0
      From worker 13:			num_biased_opinions: 	1249713
      From worker 13:		num_both_changed: 		0
      From worker 13:	
      From worker 13:	data processed and exported
      From worker 13:	
      From worker 13:	starting b_1.0_c_0.2_N_40_M_2_K_2_P_2_beta_0.001_u_0.001_v_0.2795084971874737_p_0.0_ϵ_1.0_gens_20000000_210220-142248.827
      From worker 12:	replicate complete, ran 20000000 generations:
      From worker 12:	
      From worker 12:		num_imitating:			15001007
      From worker 12:		num_not_imitating:		4998993
      From worker 12:		num_strategies_changed:  	440428
      From worker 12:			num_random_strategies: 	14821
      From worker 12:		num_sets_changed: 		8632057
      From worker 12:			num_random_opinions: 	938380
      From worker 12:			num_biased_opinions: 	937635
      From worker 12:		num_both_changed: 		293866
      From worker 12:	
      From worker 12:	data processed and exported
      From worker 12:	
      From worker 12:	starting b_1.0_c_0.2_N_40_M_2_K_2_P_2_beta_0.001_u_0.001_v_0.125_p_0.75_ϵ_1.0_gens_20000000_210220-142248.827
      From worker 11:	replicate complete, ran 20000000 generations:
      From worker 11:	
      From worker 11:		num_imitating:			15003634
      From worker 11:		num_not_imitating:		4996366
      From worker 11:		num_strategies_changed:  	425339
      From worker 11:			num_random_strategies: 	14978
      From worker 11:		num_sets_changed: 		7181407
      From worker 11:			num_random_opinions: 	419333
      From worker 11:			num_biased_opinions: 	420111
      From worker 11:		num_both_changed: 		266777
      From worker 11:	
      From worker 11:	data processed and exported
      From worker 11:	
      From worker 11:	starting b_1.0_c_0.2_N_40_M_2_K_2_P_2_beta_0.001_u_0.001_v_0.055901699437494755_p_0.75_ϵ_1.0_gens_20000000_210220-142248.827
      From worker 9:	replicate complete, ran 20000000 generations:
      From worker 9:	
      From worker 9:		num_imitating:			17499059
      From worker 9:		num_not_imitating:		2500941
      From worker 9:		num_strategies_changed:  	494145
      From worker 9:			num_random_strategies: 	17447
      From worker 9:		num_sets_changed: 		6426790
      From worker 9:			num_random_opinions: 	328963
      From worker 9:			num_biased_opinions: 	108896
      From worker 9:		num_both_changed: 		260272
      From worker 9:	
      From worker 9:	data processed and exported
      From worker 9:	
      From worker 9:	starting b_1.0_c_0.2_N_40_M_2_K_2_P_2_beta_0.001_u_0.001_v_0.025_p_0.5_ϵ_1.0_gens_20000000_210220-142248.827
      From worker 14:	replicate complete, ran 20000000 generations:
      From worker 14:	
      From worker 14:		num_imitating:			20000000
      From worker 14:		num_not_imitating:		0
      From worker 14:		num_strategies_changed:  	564019
      From worker 14:			num_random_strategies: 	19872
      From worker 14:		num_sets_changed: 		14095589
      From worker 14:			num_random_opinions: 	5591524
      From worker 14:			num_biased_opinions: 	0
      From worker 14:		num_both_changed: 		420441
      From worker 14:	
      From worker 14:	data processed and exported
      From worker 14:	
      From worker 14:	starting b_1.0_c_0.2_N_40_M_2_K_2_P_2_beta_0.001_u_0.001_v_0.2795084971874737_p_0.25_ϵ_1.0_gens_20000000_210220-142248.827
      From worker 7:	replicate complete, ran 20000000 generations:
      From worker 7:	
      From worker 7:		num_imitating:			20000000
      From worker 7:		num_not_imitating:		0
      From worker 7:		num_strategies_changed:  	564578
      From worker 7:			num_random_strategies: 	20048
      From worker 7:		num_sets_changed: 		4683775
      From worker 7:			num_random_opinions: 	222555
      From worker 7:			num_biased_opinions: 	0
      From worker 7:		num_both_changed: 		212749
      From worker 7:	
      From worker 7:	data processed and exported
      From worker 15:	replicate complete, ran 20000000 generations:
      From worker 15:	
      From worker 15:		num_imitating:			17499969
      From worker 15:		num_not_imitating:		2500031
      From worker 15:		num_strategies_changed:  	488355
      From worker 15:			num_random_strategies: 	17363
      From worker 15:		num_sets_changed: 		12411579
      From worker 15:			num_random_opinions: 	8203504
      From worker 15:			num_biased_opinions: 	2733169
      From worker 15:		num_both_changed: 		351567
      From worker 15:	
      From worker 15:	data processed and exported
      From worker 15:	
      From worker 15:	starting b_1.0_c_0.2_N_40_M_2_K_2_P_2_beta_0.001_u_0.001_v_0.625_p_0.5_ϵ_1.0_gens_20000000_210220-142248.827
      From worker 8:	replicate complete, ran 20000000 generations:
      From worker 8:	
      From worker 8:		num_imitating:			17502798
      From worker 8:		num_not_imitating:		2497202
      From worker 8:		num_strategies_changed:  	501786
      From worker 8:			num_random_strategies: 	17399
      From worker 8:		num_sets_changed: 		6421178
      From worker 8:			num_random_opinions: 	328725
      From worker 8:			num_biased_opinions: 	109350
      From worker 8:		num_both_changed: 		270292
      From worker 8:	
      From worker 8:	data processed and exported
      From worker 10:	replicate complete, ran 20000000 generations:
      From worker 10:	
      From worker 10:		num_imitating:			14999303
      From worker 10:		num_not_imitating:		5000697
      From worker 10:		num_strategies_changed:  	425647
      From worker 10:			num_random_strategies: 	15005
      From worker 10:		num_sets_changed: 		7176393
      From worker 10:			num_random_opinions: 	419313
      From worker 10:			num_biased_opinions: 	417904
      From worker 10:		num_both_changed: 		264313
      From worker 10:	
      From worker 10:	data processed and exported
      From worker 10:	
      From worker 10:	starting b_1.0_c_0.2_N_40_M_2_K_2_P_2_beta_0.001_u_0.001_v_0.055901699437494755_p_0.75_ϵ_1.0_gens_20000000_210220-142248.827
      From worker 16:	replicate complete, ran 20000000 generations:
      From worker 16:	
      From worker 16:		num_imitating:			15000504
      From worker 16:		num_not_imitating:		4999496
      From worker 16:		num_strategies_changed:  	429797
      From worker 16:			num_random_strategies: 	14962
      From worker 16:		num_sets_changed: 		9183327
      From worker 16:			num_random_opinions: 	4685304
      From worker 16:			num_biased_opinions: 	4689226
      From worker 16:		num_both_changed: 		268106
      From worker 16:	
      From worker 16:	data processed and exported
      From worker 16:	
      From worker 16:	starting b_1.0_c_0.2_N_40_M_2_K_2_P_2_beta_0.001_u_0.001_v_0.625_p_0.75_ϵ_1.0_gens_20000000_210220-142248.827
      From worker 11:	replicate complete, ran 20000000 generations:
      From worker 11:	
      From worker 11:		num_imitating:			12498856
      From worker 11:		num_not_imitating:		7501144
      From worker 11:		num_strategies_changed:  	369769
      From worker 11:			num_random_strategies: 	12617
      From worker 11:		num_sets_changed: 		5188135
      From worker 11:			num_random_opinions: 	175178
      From worker 11:			num_biased_opinions: 	523929
      From worker 11:		num_both_changed: 		204469
      From worker 11:	
      From worker 11:	data processed and exported
      From worker 11:	
      From worker 11:	starting b_1.0_c_0.2_N_40_M_2_K_2_P_2_beta_0.001_u_0.001_v_0.055901699437494755_p_1.0_ϵ_1.0_gens_20000000_210220-142248.827
      From worker 12:	replicate complete, ran 20000000 generations:
      From worker 12:	
      From worker 12:		num_imitating:			12500479
      From worker 12:		num_not_imitating:		7499521
      From worker 12:		num_strategies_changed:  	351338
      From worker 12:			num_random_strategies: 	12438
      From worker 12:		num_sets_changed: 		6111774
      From worker 12:			num_random_opinions: 	390524
      From worker 12:			num_biased_opinions: 	1173007
      From worker 12:		num_both_changed: 		203728
      From worker 12:	
      From worker 12:	data processed and exported
      From worker 12:	
      From worker 12:	starting b_1.0_c_0.2_N_40_M_2_K_2_P_2_beta_0.001_u_0.001_v_0.125_p_1.0_ϵ_1.0_gens_20000000_210220-142248.827
      From worker 9:	replicate complete, ran 20000000 generations:
      From worker 9:	
      From worker 9:		num_imitating:			14999656
      From worker 9:		num_not_imitating:		5000344
      From worker 9:		num_strategies_changed:  	420683
      From worker 9:			num_random_strategies: 	15038
      From worker 9:		num_sets_changed: 		5104096
      From worker 9:			num_random_opinions: 	187101
      From worker 9:			num_biased_opinions: 	187596
      From worker 9:		num_both_changed: 		215132
      From worker 9:	
      From worker 9:	data processed and exported
      From worker 11:	replicate complete, ran 20000000 generations:
      From worker 11:	
      From worker 11:		num_imitating:			9999707
      From worker 11:		num_not_imitating:		10000293
      From worker 11:		num_strategies_changed:  	142387
      From worker 11:			num_random_strategies: 	9846
      From worker 11:		num_sets_changed: 		0
      From worker 11:			num_random_opinions: 	0
      From worker 11:			num_biased_opinions: 	558020
      From worker 11:		num_both_changed: 		0
      From worker 11:	
      From worker 11:	data processed and exported
      From worker 12:	replicate complete, ran 20000000 generations:
      From worker 12:	
      From worker 12:		num_imitating:			10000726
      From worker 12:		num_not_imitating:		9999274
      From worker 12:		num_strategies_changed:  	142424
      From worker 12:			num_random_strategies: 	10118
      From worker 12:		num_sets_changed: 		0
      From worker 12:			num_random_opinions: 	0
      From worker 12:			num_biased_opinions: 	1250585
      From worker 12:		num_both_changed: 		0
      From worker 12:	
      From worker 12:	data processed and exported
      From worker 12:	
      From worker 12:	starting b_1.0_c_0.2_N_40_M_2_K_2_P_2_beta_0.001_u_0.001_v_0.125_p_0.0_ϵ_1.0_gens_20000000_210220-142248.827
      From worker 13:	replicate complete, ran 20000000 generations:
      From worker 13:	
      From worker 13:		num_imitating:			20000000
      From worker 13:		num_not_imitating:		0
      From worker 13:		num_strategies_changed:  	609674
      From worker 13:			num_random_strategies: 	20042
      From worker 13:		num_sets_changed: 		14092566
      From worker 13:			num_random_opinions: 	5591188
      From worker 13:			num_biased_opinions: 	0
      From worker 13:		num_both_changed: 		455209
      From worker 13:	
      From worker 13:	data processed and exported
      From worker 13:	
      From worker 13:	starting b_1.0_c_0.2_N_40_M_2_K_2_P_2_beta_0.001_u_0.001_v_0.2795084971874737_p_0.25_ϵ_1.0_gens_20000000_210220-142248.827
      From worker 10:	replicate complete, ran 20000000 generations:
      From worker 10:	
      From worker 10:		num_imitating:			12499743
      From worker 10:		num_not_imitating:		7500257
      From worker 10:		num_strategies_changed:  	376759
      From worker 10:			num_random_strategies: 	12517
      From worker 10:		num_sets_changed: 		5177366
      From worker 10:			num_random_opinions: 	174939
      From worker 10:			num_biased_opinions: 	523356
      From worker 10:		num_both_changed: 		207034
      From worker 10:	
      From worker 10:	data processed and exported
      From worker 14:	replicate complete, ran 20000000 generations:
      From worker 14:	
      From worker 14:		num_imitating:			17505168
      From worker 14:		num_not_imitating:		2494832
      From worker 14:		num_strategies_changed:  	512180
      From worker 14:			num_random_strategies: 	17492
      From worker 14:		num_sets_changed: 		11998494
      From worker 14:			num_random_opinions: 	3672141
      From worker 14:			num_biased_opinions: 	1224914
      From worker 14:		num_both_changed: 		373248
      From worker 14:	
      From worker 14:	data processed and exported
      From worker 14:	
      From worker 14:	starting b_1.0_c_0.2_N_40_M_2_K_2_P_2_beta_0.001_u_0.001_v_0.2795084971874737_p_0.5_ϵ_1.0_gens_20000000_210220-142248.827
      From worker 15:	replicate complete, ran 20000000 generations:
      From worker 15:	
      From worker 15:		num_imitating:			14999185
      From worker 15:		num_not_imitating:		5000815
      From worker 15:		num_strategies_changed:  	437736
      From worker 15:			num_random_strategies: 	15039
      From worker 15:		num_sets_changed: 		9187170
      From worker 15:			num_random_opinions: 	4687835
      From worker 15:			num_biased_opinions: 	4685544
      From worker 15:		num_both_changed: 		273989
      From worker 15:	
      From worker 15:	data processed and exported
      From worker 15:	
      From worker 15:	starting b_1.0_c_0.2_N_40_M_2_K_2_P_2_beta_0.001_u_0.001_v_0.625_p_0.75_ϵ_1.0_gens_20000000_210220-142248.827
      From worker 16:	replicate complete, ran 20000000 generations:
      From worker 16:	
      From worker 16:		num_imitating:			12499318
      From worker 16:		num_not_imitating:		7500682
      From worker 16:		num_strategies_changed:  	363777
      From worker 16:			num_random_strategies: 	12695
      From worker 16:		num_sets_changed: 		5211310
      From worker 16:			num_random_opinions: 	1953786
      From worker 16:			num_biased_opinions: 	5859423
      From worker 16:		num_both_changed: 		157808
      From worker 16:	
      From worker 16:	data processed and exported
      From worker 16:	
      From worker 16:	starting b_1.0_c_0.2_N_40_M_2_K_2_P_2_beta_0.001_u_0.001_v_0.625_p_1.0_ϵ_1.0_gens_20000000_210220-142248.827
      From worker 16:	replicate complete, ran 20000000 generations:
      From worker 16:	
      From worker 16:		num_imitating:			9998845
      From worker 16:		num_not_imitating:		10001155
      From worker 16:		num_strategies_changed:  	150051
      From worker 16:			num_random_strategies: 	10059
      From worker 16:		num_sets_changed: 		0
      From worker 16:			num_random_opinions: 	0
      From worker 16:			num_biased_opinions: 	6249563
      From worker 16:		num_both_changed: 		0
      From worker 16:	
      From worker 16:	data processed and exported
 Activating environment at `/tigress/mk28/CooperationPolarization2/Project.toml`
 Activating environment at `/tigress/mk28/CooperationPolarization2/Project.toml`
      From worker 15:	replicate complete, ran 20000000 generations:
      From worker 15:	
      From worker 15:		num_imitating:			12504076
      From worker 15:		num_not_imitating:		7495924
      From worker 15:		num_strategies_changed:  	369481
      From worker 15:			num_random_strategies: 	12264
      From worker 15:		num_sets_changed: 		5217618
      From worker 15:			num_random_opinions: 	1954806
      From worker 15:			num_biased_opinions: 	5859914
      From worker 15:		num_both_changed: 		159349
      From worker 15:	
      From worker 15:	data processed and exported
      From worker 12:	replicate complete, ran 20000000 generations:
      From worker 12:	
      From worker 12:		num_imitating:			20000000
      From worker 12:		num_not_imitating:		0
      From worker 12:		num_strategies_changed:  	564537
      From worker 12:			num_random_strategies: 	20000
      From worker 12:		num_sets_changed: 		12754949
      From worker 12:			num_random_opinions: 	2501050
      From worker 12:			num_biased_opinions: 	0
      From worker 12:		num_both_changed: 		412821
      From worker 12:	
      From worker 12:	data processed and exported
      From worker 14:	replicate complete, ran 20000000 generations:
      From worker 14:	
      From worker 14:		num_imitating:			15002673
      From worker 14:		num_not_imitating:		4997327
      From worker 14:		num_strategies_changed:  	450133
      From worker 14:			num_random_strategies: 	14838
      From worker 14:		num_sets_changed: 		9386241
      From worker 14:			num_random_opinions: 	2095963
      From worker 14:			num_biased_opinions: 	2098152
      From worker 14:		num_both_changed: 		300858
      From worker 14:	
      From worker 14:	data processed and exported
      From worker 13:	replicate complete, ran 20000000 generations:
      From worker 13:	
      From worker 13:		num_imitating:			17500421
      From worker 13:		num_not_imitating:		2499579
      From worker 13:		num_strategies_changed:  	489837
      From worker 13:			num_random_strategies: 	17478
      From worker 13:		num_sets_changed: 		11994934
      From worker 13:			num_random_opinions: 	3671052
      From worker 13:			num_biased_opinions: 	1221976
      From worker 13:		num_both_changed: 		356636
      From worker 13:	
      From worker 13:	data processed and exported
10907.063554 seconds (2.73 M allocations: 121.642 MiB, 0.00% gc time)
