packages loaded
      From worker 4:	 Activating environment at `/tigress/mk28/CooperationPolarization2/Project.toml`
      From worker 3:	 Activating environment at `/tigress/mk28/CooperationPolarization2/Project.toml`
      From worker 5:	 Activating environment at `/tigress/mk28/CooperationPolarization2/Project.toml`
      From worker 6:	 Activating environment at `/tigress/mk28/CooperationPolarization2/Project.toml`
      From worker 2:	 Activating environment at `/tigress/mk28/CooperationPolarization2/Project.toml`
      From worker 14:	 Activating environment at `/tigress/mk28/CooperationPolarization2/Project.toml`
      From worker 11:	 Activating environment at `/tigress/mk28/CooperationPolarization2/Project.toml`
      From worker 13:	 Activating environment at `/tigress/mk28/CooperationPolarization2/Project.toml`
      From worker 8:	 Activating environment at `/tigress/mk28/CooperationPolarization2/Project.toml`
      From worker 9:	 Activating environment at `/tigress/mk28/CooperationPolarization2/Project.toml`
      From worker 7:	 Activating environment at `/tigress/mk28/CooperationPolarization2/Project.toml`
      From worker 10:	 Activating environment at `/tigress/mk28/CooperationPolarization2/Project.toml`
      From worker 12:	 Activating environment at `/tigress/mk28/CooperationPolarization2/Project.toml`
      From worker 15:	 Activating environment at `/tigress/mk28/CooperationPolarization2/Project.toml`
      From worker 16:	 Activating environment at `/tigress/mk28/CooperationPolarization2/Project.toml`
      From worker 5:	packages loaded
      From worker 6:	packages loaded
      From worker 7:	packages loaded
      From worker 9:	packages loaded
      From worker 10:	packages loaded
      From worker 15:	packages loaded
      From worker 3:	packages loaded
      From worker 12:	packages loaded
      From worker 16:	packages loaded
      From worker 14:	packages loaded
      From worker 8:	packages loaded
      From worker 11:	packages loaded
      From worker 2:	packages loaded
      From worker 4:	packages loaded
      From worker 13:	packages loaded
parameters defined
      From worker 9:	
      From worker 9:	starting b_1.0_c_0.2_N_40_M_3_K_2_P_2_beta_0.001_u_0.001_v_0.025_p_0.5_ϵ_1.0_gens_20000000_210225-032810.891
      From worker 5:	
      From worker 5:	starting b_1.0_c_0.2_N_40_M_3_K_2_P_2_beta_0.001_u_0.001_v_0.0022360679774997894_p_0.75_ϵ_1.0_gens_20000000_210225-032810.891
      From worker 7:	
      From worker 7:	starting b_1.0_c_0.2_N_40_M_3_K_2_P_2_beta_0.001_u_0.001_v_0.011180339887498947_p_0.0_ϵ_1.0_gens_20000000_210225-032810.891
      From worker 6:	
      From worker 6:	starting b_1.0_c_0.2_N_40_M_3_K_2_P_2_beta_0.001_u_0.001_v_0.005_p_1.0_ϵ_1.0_gens_20000000_210225-032810.891
      From worker 8:	
      From worker 8:	starting b_1.0_c_0.2_N_40_M_3_K_2_P_2_beta_0.001_u_0.001_v_0.011180339887498947_p_0.25_ϵ_1.0_gens_20000000_210225-032810.891
      From worker 4:	
      From worker 4:	starting b_1.0_c_0.2_N_40_M_3_K_2_P_2_beta_0.001_u_0.001_v_0.0022360679774997894_p_0.5_ϵ_1.0_gens_20000000_210225-032810.891
      From worker 10:	
      From worker 10:	starting b_1.0_c_0.2_N_40_M_3_K_2_P_2_beta_0.001_u_0.001_v_0.025_p_0.75_ϵ_1.0_gens_20000000_210225-032810.891
      From worker 15:	
      From worker 15:	starting b_1.0_c_0.2_N_40_M_3_K_2_P_2_beta_0.001_u_0.001_v_0.2795084971874737_p_0.75_ϵ_1.0_gens_20000000_210225-032810.891
      From worker 11:	
      From worker 11:	starting b_1.0_c_0.2_N_40_M_3_K_2_P_2_beta_0.001_u_0.001_v_0.055901699437494755_p_1.0_ϵ_1.0_gens_20000000_210225-032810.891
      From worker 2:	
      From worker 2:	starting b_1.0_c_0.2_N_40_M_3_K_2_P_2_beta_0.001_u_0.001_v_0.001_p_0.0_ϵ_1.0_gens_20000000_210225-032810.891
      From worker 14:	
      From worker 14:	starting b_1.0_c_0.2_N_40_M_3_K_2_P_2_beta_0.001_u_0.001_v_0.2795084971874737_p_0.5_ϵ_1.0_gens_20000000_210225-032810.891
      From worker 13:	
      From worker 13:	starting b_1.0_c_0.2_N_40_M_3_K_2_P_2_beta_0.001_u_0.001_v_0.125_p_0.25_ϵ_1.0_gens_20000000_210225-032810.891
      From worker 3:	
      From worker 3:	starting b_1.0_c_0.2_N_40_M_3_K_2_P_2_beta_0.001_u_0.001_v_0.001_p_0.25_ϵ_1.0_gens_20000000_210225-032810.891
      From worker 12:	
      From worker 12:	starting b_1.0_c_0.2_N_40_M_3_K_2_P_2_beta_0.001_u_0.001_v_0.125_p_0.0_ϵ_1.0_gens_20000000_210225-032810.891
      From worker 16:	
      From worker 16:	starting b_1.0_c_0.2_N_40_M_3_K_2_P_2_beta_0.001_u_0.001_v_0.625_p_1.0_ϵ_1.0_gens_20000000_210225-032810.891
      From worker 6:	replicate complete, ran 20000000 generations:
      From worker 6:	
      From worker 6:		num_imitating:			10000063
      From worker 6:		num_not_imitating:		9999937
      From worker 6:		num_strategies_changed:  	148122
      From worker 6:			num_random_strategies: 	9960
      From worker 6:		num_sets_changed: 		589985
      From worker 6:			num_random_opinions: 	0
      From worker 6:			num_biased_opinions: 	50046
      From worker 6:		num_both_changed: 		17266
      From worker 6:	
      From worker 6:	data processed and exported
      From worker 3:	replicate complete, ran 20000000 generations:
      From worker 3:	
      From worker 3:		num_imitating:			17499973
      From worker 3:		num_not_imitating:		2500027
      From worker 3:		num_strategies_changed:  	494694
      From worker 3:			num_random_strategies: 	17482
      From worker 3:		num_sets_changed: 		614800
      From worker 3:			num_random_opinions: 	13156
      From worker 3:			num_biased_opinions: 	4335
      From worker 3:		num_both_changed: 		33214
      From worker 3:	
      From worker 6:	
      From worker 6:	starting b_1.0_c_0.2_N_40_M_3_K_2_P_2_beta_0.001_u_0.001_v_0.005_p_0.0_ϵ_1.0_gens_20000000_210225-032810.891
      From worker 3:	data processed and exported
      From worker 3:	
      From worker 3:	starting b_1.0_c_0.2_N_40_M_3_K_2_P_2_beta_0.001_u_0.001_v_0.001_p_0.5_ϵ_1.0_gens_20000000_210225-032810.891
      From worker 2:	replicate complete, ran 20000000 generations:
      From worker 2:	
      From worker 2:		num_imitating:			20000000
      From worker 2:		num_not_imitating:		0
      From worker 2:		num_strategies_changed:  	586879
      From worker 2:			num_random_strategies: 	19717
      From worker 2:		num_sets_changed: 		669004
      From worker 2:			num_random_opinions: 	19956
      From worker 2:			num_biased_opinions: 	0
      From worker 2:		num_both_changed: 		42198
      From worker 2:	
      From worker 2:	data processed and exported
      From worker 2:	
      From worker 2:	starting b_1.0_c_0.2_N_40_M_3_K_2_P_2_beta_0.001_u_0.001_v_0.001_p_0.25_ϵ_1.0_gens_20000000_210225-032810.891
      From worker 5:	replicate complete, ran 20000000 generations:
      From worker 5:	
      From worker 5:		num_imitating:			12497333
      From worker 5:		num_not_imitating:		7502667
      From worker 5:		num_strategies_changed:  	356988
      From worker 5:			num_random_strategies: 	12554
      From worker 5:		num_sets_changed: 		924366
      From worker 5:			num_random_opinions: 	7061
      From worker 5:			num_biased_opinions: 	20990
      From worker 5:		num_both_changed: 		47491
      From worker 5:	
      From worker 5:	data processed and exported
      From worker 5:	
      From worker 5:	starting b_1.0_c_0.2_N_40_M_3_K_2_P_2_beta_0.001_u_0.001_v_0.0022360679774997894_p_1.0_ϵ_1.0_gens_20000000_210225-032810.891
      From worker 4:	replicate complete, ran 20000000 generations:
      From worker 4:	
      From worker 4:		num_imitating:			14999624
      From worker 4:		num_not_imitating:		5000376
      From worker 4:		num_strategies_changed:  	445954
      From worker 4:			num_random_strategies: 	14999
      From worker 4:		num_sets_changed: 		1029689
      From worker 4:			num_random_opinions: 	16587
      From worker 4:			num_biased_opinions: 	16771
      From worker 4:		num_both_changed: 		56559
      From worker 4:	
      From worker 4:	data processed and exported
      From worker 4:	
      From worker 4:	starting b_1.0_c_0.2_N_40_M_3_K_2_P_2_beta_0.001_u_0.001_v_0.0022360679774997894_p_0.75_ϵ_1.0_gens_20000000_210225-032810.891
      From worker 11:	replicate complete, ran 20000000 generations:
      From worker 11:	
      From worker 11:		num_imitating:			10002129
      From worker 11:		num_not_imitating:		9997871
      From worker 11:		num_strategies_changed:  	142183
      From worker 11:			num_random_strategies: 	9856
      From worker 11:		num_sets_changed: 		3589424
      From worker 11:			num_random_opinions: 	0
      From worker 11:			num_biased_opinions: 	558140
      From worker 11:		num_both_changed: 		73414
      From worker 11:	
      From worker 11:	data processed and exported
      From worker 11:	
      From worker 11:	starting b_1.0_c_0.2_N_40_M_3_K_2_P_2_beta_0.001_u_0.001_v_0.055901699437494755_p_0.0_ϵ_1.0_gens_20000000_210225-032810.891
      From worker 8:	replicate complete, ran 20000000 generations:
      From worker 8:	
      From worker 8:		num_imitating:			17500012
      From worker 8:		num_not_imitating:		2499988
      From worker 8:		num_strategies_changed:  	543413
      From worker 8:			num_random_strategies: 	17698
      From worker 8:		num_sets_changed: 		4810448
      From worker 8:			num_random_opinions: 	147148
      From worker 8:			num_biased_opinions: 	49226
      From worker 8:		num_both_changed: 		252353
      From worker 8:	
      From worker 8:	data processed and exported
      From worker 8:	
      From worker 8:	starting b_1.0_c_0.2_N_40_M_3_K_2_P_2_beta_0.001_u_0.001_v_0.011180339887498947_p_0.5_ϵ_1.0_gens_20000000_210225-032810.891
      From worker 10:	replicate complete, ran 20000000 generations:
      From worker 10:	
      From worker 10:		num_imitating:			12499829
      From worker 10:		num_not_imitating:		7500171
      From worker 10:		num_strategies_changed:  	366899
      From worker 10:			num_random_strategies: 	12450
      From worker 10:		num_sets_changed: 		5273691
      From worker 10:			num_random_opinions: 	78081
      From worker 10:			num_biased_opinions: 	233800
      From worker 10:		num_both_changed: 		239166
      From worker 10:	
      From worker 10:	data processed and exported
      From worker 10:	
      From worker 10:	starting b_1.0_c_0.2_N_40_M_3_K_2_P_2_beta_0.001_u_0.001_v_0.025_p_1.0_ϵ_1.0_gens_20000000_210225-032810.891
      From worker 7:	replicate complete, ran 20000000 generations:
      From worker 7:	
      From worker 7:		num_imitating:			20000000
      From worker 7:		num_not_imitating:		0
      From worker 7:		num_strategies_changed:  	588189
      From worker 7:			num_random_strategies: 	20148
      From worker 7:		num_sets_changed: 		5592330
      From worker 7:			num_random_opinions: 	223766
      From worker 7:			num_biased_opinions: 	0
      From worker 7:		num_both_changed: 		276121
      From worker 7:	
      From worker 7:	data processed and exported
      From worker 7:	
      From worker 7:	starting b_1.0_c_0.2_N_40_M_3_K_2_P_2_beta_0.001_u_0.001_v_0.011180339887498947_p_0.25_ϵ_1.0_gens_20000000_210225-032810.891
      From worker 16:	replicate complete, ran 20000000 generations:
      From worker 16:	
      From worker 16:		num_imitating:			10000123
      From worker 16:		num_not_imitating:		9999877
      From worker 16:		num_strategies_changed:  	146508
      From worker 16:			num_random_strategies: 	9950
      From worker 16:		num_sets_changed: 		6469125
      From worker 16:			num_random_opinions: 	0
      From worker 16:			num_biased_opinions: 	6249359
      From worker 16:		num_both_changed: 		97409
      From worker 16:	
      From worker 16:	data processed and exported
      From worker 16:	
      From worker 16:	starting b_1.0_c_0.2_N_40_M_3_K_2_P_2_beta_0.001_u_0.001_v_0.625_p_0.0_ϵ_1.0_gens_20000000_210225-032810.891
      From worker 9:	replicate complete, ran 20000000 generations:
      From worker 9:	
      From worker 9:		num_imitating:			15000945
      From worker 9:		num_not_imitating:		4999055
      From worker 9:		num_strategies_changed:  	416050
      From worker 9:			num_random_strategies: 	14871
      From worker 9:		num_sets_changed: 		6619558
      From worker 9:			num_random_opinions: 	187935
      From worker 9:			num_biased_opinions: 	187616
      From worker 9:		num_both_changed: 		281874
      From worker 9:	
      From worker 9:	data processed and exported
      From worker 9:	
      From worker 9:	starting b_1.0_c_0.2_N_40_M_3_K_2_P_2_beta_0.001_u_0.001_v_0.025_p_0.75_ϵ_1.0_gens_20000000_210225-032810.891
      From worker 15:	replicate complete, ran 20000000 generations:
      From worker 15:	
      From worker 15:		num_imitating:			12500051
      From worker 15:		num_not_imitating:		7499949
      From worker 15:		num_strategies_changed:  	372801
      From worker 15:			num_random_strategies: 	12562
      From worker 15:		num_sets_changed: 		9769386
      From worker 15:			num_random_opinions: 	873740
      From worker 15:			num_biased_opinions: 	2622848
      From worker 15:		num_both_changed: 		314768
      From worker 15:	
      From worker 3:	replicate complete, ran 20000000 generations:
      From worker 3:	
      From worker 3:		num_imitating:			15000494
      From worker 3:		num_not_imitating:		4999506
      From worker 3:		num_strategies_changed:  	429275
      From worker 3:			num_random_strategies: 	15098
      From worker 3:		num_sets_changed: 		488697
      From worker 3:			num_random_opinions: 	7579
      From worker 3:			num_biased_opinions: 	7491
      From worker 3:		num_both_changed: 		29728
      From worker 3:	
      From worker 15:	data processed and exported
      From worker 5:	replicate complete, ran 20000000 generations:
      From worker 5:	
      From worker 5:		num_imitating:			10000851
      From worker 5:		num_not_imitating:		9999149
      From worker 5:		num_strategies_changed:  	148271
      From worker 5:			num_random_strategies: 	10078
      From worker 5:		num_sets_changed: 		288746
      From worker 5:			num_random_opinions: 	0
      From worker 5:			num_biased_opinions: 	22685
      From worker 5:		num_both_changed: 		7536
      From worker 5:	
      From worker 3:	data processed and exported
      From worker 15:	
      From worker 15:	starting b_1.0_c_0.2_N_40_M_3_K_2_P_2_beta_0.001_u_0.001_v_0.2795084971874737_p_1.0_ϵ_1.0_gens_20000000_210225-032810.891
      From worker 3:	
      From worker 3:	starting b_1.0_c_0.2_N_40_M_3_K_2_P_2_beta_0.001_u_0.001_v_0.001_p_0.75_ϵ_1.0_gens_20000000_210225-032810.891
      From worker 5:	data processed and exported
      From worker 5:	
      From worker 5:	starting b_1.0_c_0.2_N_40_M_3_K_2_P_2_beta_0.001_u_0.001_v_0.005_p_0.0_ϵ_1.0_gens_20000000_210225-032810.891
      From worker 2:	replicate complete, ran 20000000 generations:
      From worker 2:	
      From worker 2:		num_imitating:			17501412
      From worker 2:		num_not_imitating:		2498588
      From worker 2:		num_strategies_changed:  	474740
      From worker 2:			num_random_strategies: 	17548
      From worker 2:		num_sets_changed: 		617816
      From worker 2:			num_random_opinions: 	13306
      From worker 2:			num_biased_opinions: 	4397
      From worker 2:		num_both_changed: 		29119
      From worker 2:	
      From worker 2:	data processed and exported
      From worker 2:	
      From worker 2:	starting b_1.0_c_0.2_N_40_M_3_K_2_P_2_beta_0.001_u_0.001_v_0.001_p_0.5_ϵ_1.0_gens_20000000_210225-032810.891
      From worker 4:	replicate complete, ran 20000000 generations:
      From worker 4:	
      From worker 4:		num_imitating:			12500492
      From worker 4:		num_not_imitating:		7499508
      From worker 4:		num_strategies_changed:  	366115
      From worker 4:			num_random_strategies: 	12506
      From worker 4:		num_sets_changed: 		835411
      From worker 4:			num_random_opinions: 	6950
      From worker 4:			num_biased_opinions: 	21013
      From worker 4:		num_both_changed: 		55353
      From worker 4:	
      From worker 4:	data processed and exported
      From worker 4:	
      From worker 4:	starting b_1.0_c_0.2_N_40_M_3_K_2_P_2_beta_0.001_u_0.001_v_0.0022360679774997894_p_1.0_ϵ_1.0_gens_20000000_210225-032810.891
      From worker 6:	replicate complete, ran 20000000 generations:
      From worker 6:	
      From worker 6:		num_imitating:			20000000
      From worker 6:		num_not_imitating:		0
      From worker 6:		num_strategies_changed:  	595898
      From worker 6:			num_random_strategies: 	19996
      From worker 6:		num_sets_changed: 		2952205
      From worker 6:			num_random_opinions: 	99771
      From worker 6:			num_biased_opinions: 	0
      From worker 6:		num_both_changed: 		158770
      From worker 6:	
      From worker 6:	data processed and exported
      From worker 6:	
      From worker 6:	starting b_1.0_c_0.2_N_40_M_3_K_2_P_2_beta_0.001_u_0.001_v_0.005_p_0.25_ϵ_1.0_gens_20000000_210225-032810.891
      From worker 14:	replicate complete, ran 20000000 generations:
      From worker 14:	
      From worker 14:		num_imitating:			15001644
      From worker 14:		num_not_imitating:		4998356
      From worker 14:		num_strategies_changed:  	429176
      From worker 14:			num_random_strategies: 	15278
      From worker 14:		num_sets_changed: 		12450437
      From worker 14:			num_random_opinions: 	2097262
      From worker 14:			num_biased_opinions: 	2098771
      From worker 14:		num_both_changed: 		380074
      From worker 14:	
      From worker 14:	data processed and exported
      From worker 14:	
      From worker 14:	starting b_1.0_c_0.2_N_40_M_3_K_2_P_2_beta_0.001_u_0.001_v_0.2795084971874737_p_0.75_ϵ_1.0_gens_20000000_210225-032810.891
      From worker 13:	replicate complete, ran 20000000 generations:
      From worker 13:	
      From worker 13:		num_imitating:			17501722
      From worker 13:		num_not_imitating:		2498278
      From worker 13:		num_strategies_changed:  	493930
      From worker 13:			num_random_strategies: 	17326
      From worker 13:		num_sets_changed: 		13499054
      From worker 13:			num_random_opinions: 	1641275
      From worker 13:			num_biased_opinions: 	545450
      From worker 13:		num_both_changed: 		437840
      From worker 13:	
      From worker 13:	data processed and exported
      From worker 13:	
      From worker 13:	starting b_1.0_c_0.2_N_40_M_3_K_2_P_2_beta_0.001_u_0.001_v_0.125_p_0.5_ϵ_1.0_gens_20000000_210225-032810.891
      From worker 12:	replicate complete, ran 20000000 generations:
      From worker 12:	
      From worker 12:		num_imitating:			20000000
      From worker 12:		num_not_imitating:		0
      From worker 12:		num_strategies_changed:  	590941
      From worker 12:			num_random_strategies: 	20056
      From worker 12:		num_sets_changed: 		15574845
      From worker 12:			num_random_opinions: 	2500527
      From worker 12:			num_biased_opinions: 	0
      From worker 12:		num_both_changed: 		527013
      From worker 12:	
      From worker 12:	data processed and exported
      From worker 12:	
      From worker 12:	starting b_1.0_c_0.2_N_40_M_3_K_2_P_2_beta_0.001_u_0.001_v_0.125_p_0.25_ϵ_1.0_gens_20000000_210225-032810.891
      From worker 10:	replicate complete, ran 20000000 generations:
      From worker 10:	
      From worker 10:		num_imitating:			9996963
      From worker 10:		num_not_imitating:		10003037
      From worker 10:		num_strategies_changed:  	154415
      From worker 10:			num_random_strategies: 	10002
      From worker 10:		num_sets_changed: 		2241206
      From worker 10:			num_random_opinions: 	0
      From worker 10:			num_biased_opinions: 	249870
      From worker 10:		num_both_changed: 		54856
      From worker 10:	
      From worker 10:	data processed and exported
      From worker 10:	
      From worker 10:	starting b_1.0_c_0.2_N_40_M_3_K_2_P_2_beta_0.001_u_0.001_v_0.055901699437494755_p_0.0_ϵ_1.0_gens_20000000_210225-032810.891
      From worker 8:	replicate complete, ran 20000000 generations:
      From worker 8:	
      From worker 8:		num_imitating:			15000497
      From worker 8:		num_not_imitating:		4999503
      From worker 8:		num_strategies_changed:  	423864
      From worker 8:			num_random_strategies: 	15101
      From worker 8:		num_sets_changed: 		4095943
      From worker 8:			num_random_opinions: 	83781
      From worker 8:			num_biased_opinions: 	84138
      From worker 8:		num_both_changed: 		187600
      From worker 8:	
      From worker 8:	data processed and exported
      From worker 8:	
      From worker 8:	starting b_1.0_c_0.2_N_40_M_3_K_2_P_2_beta_0.001_u_0.001_v_0.011180339887498947_p_0.75_ϵ_1.0_gens_20000000_210225-032810.891
      From worker 3:	replicate complete, ran 20000000 generations:
      From worker 3:	
      From worker 3:		num_imitating:			12498844
      From worker 3:		num_not_imitating:		7501156
      From worker 3:		num_strategies_changed:  	348244
      From worker 3:			num_random_strategies: 	12541
      From worker 3:		num_sets_changed: 		423281
      From worker 3:			num_random_opinions: 	3117
      From worker 3:			num_biased_opinions: 	9381
      From worker 3:		num_both_changed: 		21488
      From worker 3:	
      From worker 3:	data processed and exported
      From worker 3:	
      From worker 3:	starting b_1.0_c_0.2_N_40_M_3_K_2_P_2_beta_0.001_u_0.001_v_0.001_p_1.0_ϵ_1.0_gens_20000000_210225-032810.891
      From worker 2:	replicate complete, ran 20000000 generations:
      From worker 2:	
      From worker 2:		num_imitating:			15000807
      From worker 2:		num_not_imitating:		4999193
      From worker 2:		num_strategies_changed:  	429271
      From worker 2:			num_random_strategies: 	14983
      From worker 2:		num_sets_changed: 		516404
      From worker 2:			num_random_opinions: 	7405
      From worker 2:			num_biased_opinions: 	7453
      From worker 2:		num_both_changed: 		31506
      From worker 2:	
      From worker 2:	data processed and exported
      From worker 2:	
      From worker 2:	starting b_1.0_c_0.2_N_40_M_3_K_2_P_2_beta_0.001_u_0.001_v_0.001_p_0.75_ϵ_1.0_gens_20000000_210225-032810.891
      From worker 7:	replicate complete, ran 20000000 generations:
      From worker 7:	
      From worker 7:		num_imitating:			17501384
      From worker 7:		num_not_imitating:		2498616
      From worker 7:		num_strategies_changed:  	498954
      From worker 7:			num_random_strategies: 	17627
      From worker 7:		num_sets_changed: 		4861432
      From worker 7:			num_random_opinions: 	147103
      From worker 7:			num_biased_opinions: 	48963
      From worker 7:		num_both_changed: 		217306
      From worker 7:	
      From worker 7:	data processed and exported
      From worker 7:	
      From worker 7:	starting b_1.0_c_0.2_N_40_M_3_K_2_P_2_beta_0.001_u_0.001_v_0.011180339887498947_p_0.5_ϵ_1.0_gens_20000000_210225-032810.891
      From worker 4:	replicate complete, ran 20000000 generations:
      From worker 4:	
      From worker 4:		num_imitating:			9998655
      From worker 4:		num_not_imitating:		10001345
      From worker 4:		num_strategies_changed:  	157106
      From worker 4:			num_random_strategies: 	9905
      From worker 4:		num_sets_changed: 		278128
      From worker 4:			num_random_opinions: 	0
      From worker 4:			num_biased_opinions: 	22390
      From worker 4:		num_both_changed: 		9538
      From worker 4:	
      From worker 4:	data processed and exported
      From worker 4:	
      From worker 4:	starting b_1.0_c_0.2_N_40_M_3_K_2_P_2_beta_0.001_u_0.001_v_0.0022360679774997894_p_0.0_ϵ_1.0_gens_20000000_210225-032810.891
      From worker 9:	replicate complete, ran 20000000 generations:
      From worker 9:	
      From worker 9:		num_imitating:			12501203
      From worker 9:		num_not_imitating:		7498797
      From worker 9:		num_strategies_changed:  	355841
      From worker 9:			num_random_strategies: 	12471
      From worker 9:		num_sets_changed: 		5317190
      From worker 9:			num_random_opinions: 	77888
      From worker 9:			num_biased_opinions: 	234226
      From worker 9:		num_both_changed: 		231443
      From worker 9:	
      From worker 9:	data processed and exported
      From worker 9:	
      From worker 9:	starting b_1.0_c_0.2_N_40_M_3_K_2_P_2_beta_0.001_u_0.001_v_0.025_p_1.0_ϵ_1.0_gens_20000000_210225-032810.891
      From worker 5:	replicate complete, ran 20000000 generations:
      From worker 5:	
      From worker 5:		num_imitating:			20000000
      From worker 5:		num_not_imitating:		0
      From worker 5:		num_strategies_changed:  	532333
      From worker 5:			num_random_strategies: 	19845
      From worker 5:		num_sets_changed: 		3061857
      From worker 5:			num_random_opinions: 	100014
      From worker 5:			num_biased_opinions: 	0
      From worker 5:		num_both_changed: 		135178
      From worker 5:	
      From worker 5:	data processed and exported
      From worker 5:	
      From worker 5:	starting b_1.0_c_0.2_N_40_M_3_K_2_P_2_beta_0.001_u_0.001_v_0.005_p_0.25_ϵ_1.0_gens_20000000_210225-032810.891
      From worker 15:	replicate complete, ran 20000000 generations:
      From worker 15:	
      From worker 15:		num_imitating:			9997307
      From worker 15:		num_not_imitating:		10002693
      From worker 15:		num_strategies_changed:  	149027
      From worker 15:			num_random_strategies: 	9916
      From worker 15:		num_sets_changed: 		5900389
      From worker 15:			num_random_opinions: 	0
      From worker 15:			num_biased_opinions: 	2796211
      From worker 15:		num_both_changed: 		97310
      From worker 15:	
      From worker 15:	data processed and exported
      From worker 15:	
      From worker 15:	starting b_1.0_c_0.2_N_40_M_3_K_2_P_2_beta_0.001_u_0.001_v_0.625_p_0.0_ϵ_1.0_gens_20000000_210225-032810.891
      From worker 6:	replicate complete, ran 20000000 generations:
      From worker 6:	
      From worker 6:		num_imitating:			17498981
      From worker 6:		num_not_imitating:		2501019
      From worker 6:		num_strategies_changed:  	495367
      From worker 6:			num_random_strategies: 	17254
      From worker 6:		num_sets_changed: 		2623560
      From worker 6:			num_random_opinions: 	65739
      From worker 6:			num_biased_opinions: 	21922
      From worker 6:		num_both_changed: 		136940
      From worker 6:	
      From worker 6:	data processed and exported
      From worker 6:	
      From worker 6:	starting b_1.0_c_0.2_N_40_M_3_K_2_P_2_beta_0.001_u_0.001_v_0.005_p_0.5_ϵ_1.0_gens_20000000_210225-032810.891
      From worker 11:	replicate complete, ran 20000000 generations:
      From worker 11:	
      From worker 11:		num_imitating:			20000000
      From worker 11:		num_not_imitating:		0
      From worker 11:		num_strategies_changed:  	571763
      From worker 11:			num_random_strategies: 	19979
      From worker 11:		num_sets_changed: 		12807177
      From worker 11:			num_random_opinions: 	1119986
      From worker 11:			num_biased_opinions: 	0
      From worker 11:		num_both_changed: 		468963
      From worker 11:	
      From worker 11:	data processed and exported
      From worker 11:	
      From worker 11:	starting b_1.0_c_0.2_N_40_M_3_K_2_P_2_beta_0.001_u_0.001_v_0.055901699437494755_p_0.25_ϵ_1.0_gens_20000000_210225-032810.891
      From worker 3:	replicate complete, ran 20000000 generations:
      From worker 3:	
      From worker 3:		num_imitating:			10001300
      From worker 3:		num_not_imitating:		9998700
      From worker 3:		num_strategies_changed:  	150382
      From worker 3:			num_random_strategies: 	10012
      From worker 3:		num_sets_changed: 		130592
      From worker 3:			num_random_opinions: 	0
      From worker 3:			num_biased_opinions: 	9975
      From worker 3:		num_both_changed: 		4600
      From worker 3:	
      From worker 3:	data processed and exported
      From worker 3:	
      From worker 3:	starting b_1.0_c_0.2_N_40_M_3_K_2_P_2_beta_0.001_u_0.001_v_0.0022360679774997894_p_0.0_ϵ_1.0_gens_20000000_210225-032810.891
      From worker 2:	replicate complete, ran 20000000 generations:
      From worker 2:	
      From worker 2:		num_imitating:			12499019
      From worker 2:		num_not_imitating:		7500981
      From worker 2:		num_strategies_changed:  	338249
      From worker 2:			num_random_strategies: 	12570
      From worker 2:		num_sets_changed: 		426235
      From worker 2:			num_random_opinions: 	3193
      From worker 2:			num_biased_opinions: 	9416
      From worker 2:		num_both_changed: 		21538
      From worker 2:	
      From worker 2:	data processed and exported
      From worker 2:	
      From worker 2:	starting b_1.0_c_0.2_N_40_M_3_K_2_P_2_beta_0.001_u_0.001_v_0.001_p_1.0_ϵ_1.0_gens_20000000_210225-032810.891
      From worker 4:	replicate complete, ran 20000000 generations:
      From worker 4:	
      From worker 4:		num_imitating:			20000000
      From worker 4:		num_not_imitating:		0
      From worker 4:		num_strategies_changed:  	586432
      From worker 4:			num_random_strategies: 	20044
      From worker 4:		num_sets_changed: 		1466918
      From worker 4:			num_random_opinions: 	44438
      From worker 4:			num_biased_opinions: 	0
      From worker 4:		num_both_changed: 		71592
      From worker 4:	
      From worker 4:	data processed and exported
      From worker 4:	
      From worker 4:	starting b_1.0_c_0.2_N_40_M_3_K_2_P_2_beta_0.001_u_0.001_v_0.0022360679774997894_p_0.25_ϵ_1.0_gens_20000000_210225-032810.891
      From worker 8:	replicate complete, ran 20000000 generations:
      From worker 8:	
      From worker 8:		num_imitating:			12503452
      From worker 8:		num_not_imitating:		7496548
      From worker 8:		num_strategies_changed:  	350376
      From worker 8:			num_random_strategies: 	12557
      From worker 8:		num_sets_changed: 		3272425
      From worker 8:			num_random_opinions: 	34815
      From worker 8:			num_biased_opinions: 	105227
      From worker 8:		num_both_changed: 		155347
      From worker 8:	
      From worker 8:	data processed and exported
      From worker 8:	
      From worker 8:	starting b_1.0_c_0.2_N_40_M_3_K_2_P_2_beta_0.001_u_0.001_v_0.011180339887498947_p_1.0_ϵ_1.0_gens_20000000_210225-032810.891
      From worker 14:	replicate complete, ran 20000000 generations:
      From worker 14:	
      From worker 14:		num_imitating:			12499814
      From worker 14:		num_not_imitating:		7500186
      From worker 14:		num_strategies_changed:  	363095
      From worker 14:			num_random_strategies: 	12507
      From worker 14:		num_sets_changed: 		9767161
      From worker 14:			num_random_opinions: 	871449
      From worker 14:			num_biased_opinions: 	2619377
      From worker 14:		num_both_changed: 		307190
      From worker 14:	
      From worker 14:	data processed and exported
      From worker 14:	
      From worker 14:	starting b_1.0_c_0.2_N_40_M_3_K_2_P_2_beta_0.001_u_0.001_v_0.2795084971874737_p_1.0_ϵ_1.0_gens_20000000_210225-032810.891
      From worker 9:	replicate complete, ran 20000000 generations:
      From worker 9:	
      From worker 9:		num_imitating:			10001384
      From worker 9:		num_not_imitating:		9998616
      From worker 9:		num_strategies_changed:  	145064
      From worker 9:			num_random_strategies: 	10030
      From worker 9:		num_sets_changed: 		2226285
      From worker 9:			num_random_opinions: 	0
      From worker 9:			num_biased_opinions: 	249820
      From worker 9:		num_both_changed: 		51917
      From worker 9:	
      From worker 9:	data processed and exported
      From worker 9:	
      From worker 9:	starting b_1.0_c_0.2_N_40_M_3_K_2_P_2_beta_0.001_u_0.001_v_0.025_p_0.0_ϵ_1.0_gens_20000000_210225-032810.891
      From worker 7:	replicate complete, ran 20000000 generations:
      From worker 7:	
      From worker 7:		num_imitating:			14999724
      From worker 7:		num_not_imitating:		5000276
      From worker 7:		num_strategies_changed:  	420801
      From worker 7:			num_random_strategies: 	15004
      From worker 7:		num_sets_changed: 		4083513
      From worker 7:			num_random_opinions: 	83593
      From worker 7:			num_biased_opinions: 	83456
      From worker 7:		num_both_changed: 		196749
      From worker 7:	
      From worker 7:	data processed and exported
      From worker 7:	
      From worker 7:	starting b_1.0_c_0.2_N_40_M_3_K_2_P_2_beta_0.001_u_0.001_v_0.011180339887498947_p_0.75_ϵ_1.0_gens_20000000_210225-032810.891
      From worker 16:	replicate complete, ran 20000000 generations:
      From worker 16:	
      From worker 16:		num_imitating:			20000000
      From worker 16:		num_not_imitating:		0
      From worker 16:		num_strategies_changed:  	556543
      From worker 16:			num_random_strategies: 	20043
      From worker 16:		num_sets_changed: 		18062539
      From worker 16:			num_random_opinions: 	12498894
      From worker 16:			num_biased_opinions: 	0
      From worker 16:		num_both_changed: 		509969
      From worker 16:	
      From worker 16:	data processed and exported
      From worker 16:	
      From worker 16:	starting b_1.0_c_0.2_N_40_M_3_K_2_P_2_beta_0.001_u_0.001_v_0.625_p_0.25_ϵ_1.0_gens_20000000_210225-032810.891
      From worker 5:	replicate complete, ran 20000000 generations:
      From worker 5:	
      From worker 5:		num_imitating:			17498022
      From worker 5:		num_not_imitating:		2501978
      From worker 5:		num_strategies_changed:  	506027
      From worker 5:			num_random_strategies: 	17481
      From worker 5:		num_sets_changed: 		2620503
      From worker 5:			num_random_opinions: 	65474
      From worker 5:			num_biased_opinions: 	21757
      From worker 5:		num_both_changed: 		137203
      From worker 5:	
      From worker 5:	data processed and exported
      From worker 5:	
      From worker 5:	starting b_1.0_c_0.2_N_40_M_3_K_2_P_2_beta_0.001_u_0.001_v_0.005_p_0.5_ϵ_1.0_gens_20000000_210225-032810.891
      From worker 13:	replicate complete, ran 20000000 generations:
      From worker 13:	
      From worker 13:		num_imitating:			15001861
      From worker 13:		num_not_imitating:		4998139
      From worker 13:		num_strategies_changed:  	429756
      From worker 13:			num_random_strategies: 	15148
      From worker 13:		num_sets_changed: 		11289467
      From worker 13:			num_random_opinions: 	936487
      From worker 13:			num_biased_opinions: 	937711
      From worker 13:		num_both_changed: 		373342
      From worker 13:	
      From worker 13:	data processed and exported
      From worker 13:	
      From worker 13:	starting b_1.0_c_0.2_N_40_M_3_K_2_P_2_beta_0.001_u_0.001_v_0.125_p_0.75_ϵ_1.0_gens_20000000_210225-032810.891
      From worker 6:	replicate complete, ran 20000000 generations:
      From worker 6:	
      From worker 6:		num_imitating:			15004644
      From worker 6:		num_not_imitating:		4995356
      From worker 6:		num_strategies_changed:  	440313
      From worker 6:			num_random_strategies: 	15003
      From worker 6:		num_sets_changed: 		2154919
      From worker 6:			num_random_opinions: 	37718
      From worker 6:			num_biased_opinions: 	37154
      From worker 6:		num_both_changed: 		102538
      From worker 6:	
      From worker 6:	data processed and exported
      From worker 6:	
      From worker 6:	starting b_1.0_c_0.2_N_40_M_3_K_2_P_2_beta_0.001_u_0.001_v_0.005_p_0.75_ϵ_1.0_gens_20000000_210225-032810.891
      From worker 2:	replicate complete, ran 20000000 generations:
      From worker 2:	
      From worker 2:		num_imitating:			9999396
      From worker 2:		num_not_imitating:		10000604
      From worker 2:		num_strategies_changed:  	148635
      From worker 2:			num_random_strategies: 	10162
      From worker 2:		num_sets_changed: 		135420
      From worker 2:			num_random_opinions: 	0
      From worker 2:			num_biased_opinions: 	10125
      From worker 2:		num_both_changed: 		2859
      From worker 2:	
      From worker 2:	data processed and exported
      From worker 2:	
      From worker 2:	starting b_1.0_c_0.2_N_40_M_3_K_2_P_2_beta_0.001_u_0.001_v_0.001_p_0.0_ϵ_1.0_gens_20000000_210225-032810.891
      From worker 3:	replicate complete, ran 20000000 generations:
      From worker 3:	
      From worker 3:		num_imitating:			20000000
      From worker 3:		num_not_imitating:		0
      From worker 3:		num_strategies_changed:  	572769
      From worker 3:			num_random_strategies: 	20001
      From worker 3:		num_sets_changed: 		1442447
      From worker 3:			num_random_opinions: 	44471
      From worker 3:			num_biased_opinions: 	0
      From worker 3:		num_both_changed: 		90238
      From worker 3:	
      From worker 3:	data processed and exported
      From worker 3:	
      From worker 3:	starting b_1.0_c_0.2_N_40_M_3_K_2_P_2_beta_0.001_u_0.001_v_0.0022360679774997894_p_0.25_ϵ_1.0_gens_20000000_210225-032810.891
      From worker 12:	replicate complete, ran 20000000 generations:
      From worker 12:	
      From worker 12:		num_imitating:			17501047
      From worker 12:		num_not_imitating:		2498953
      From worker 12:		num_strategies_changed:  	479108
      From worker 12:			num_random_strategies: 	17381
      From worker 12:		num_sets_changed: 		13504250
      From worker 12:			num_random_opinions: 	1639878
      From worker 12:			num_biased_opinions: 	546414
      From worker 12:		num_both_changed: 		423670
      From worker 12:	
      From worker 12:	data processed and exported
      From worker 12:	
      From worker 12:	starting b_1.0_c_0.2_N_40_M_3_K_2_P_2_beta_0.001_u_0.001_v_0.125_p_0.5_ϵ_1.0_gens_20000000_210225-032810.891
      From worker 10:	replicate complete, ran 20000000 generations:
      From worker 10:	
      From worker 10:		num_imitating:			20000000
      From worker 10:		num_not_imitating:		0
      From worker 10:		num_strategies_changed:  	566171
      From worker 10:			num_random_strategies: 	19919
      From worker 10:		num_sets_changed: 		12777223
      From worker 10:			num_random_opinions: 	1117256
      From worker 10:			num_biased_opinions: 	0
      From worker 10:		num_both_changed: 		464196
      From worker 10:	
      From worker 10:	data processed and exported
      From worker 10:	
      From worker 10:	starting b_1.0_c_0.2_N_40_M_3_K_2_P_2_beta_0.001_u_0.001_v_0.055901699437494755_p_0.25_ϵ_1.0_gens_20000000_210225-032810.891
      From worker 8:	replicate complete, ran 20000000 generations:
      From worker 8:	
      From worker 8:		num_imitating:			10001348
      From worker 8:		num_not_imitating:		9998652
      From worker 8:		num_strategies_changed:  	142971
      From worker 8:			num_random_strategies: 	9859
      From worker 8:		num_sets_changed: 		1200486
      From worker 8:			num_random_opinions: 	0
      From worker 8:			num_biased_opinions: 	111195
      From worker 8:		num_both_changed: 		29907
      From worker 8:	
      From worker 8:	data processed and exported
      From worker 8:	
      From worker 8:	starting b_1.0_c_0.2_N_40_M_3_K_2_P_2_beta_0.001_u_0.001_v_0.025_p_0.0_ϵ_1.0_gens_20000000_210225-032810.891
      From worker 4:	replicate complete, ran 20000000 generations:
      From worker 4:	
      From worker 4:		num_imitating:			17501622
      From worker 4:		num_not_imitating:		2498378
      From worker 4:		num_strategies_changed:  	516946
      From worker 4:			num_random_strategies: 	17685
      From worker 4:		num_sets_changed: 		1358566
      From worker 4:			num_random_opinions: 	29349
      From worker 4:			num_biased_opinions: 	9747
      From worker 4:		num_both_changed: 		73910
      From worker 4:	
      From worker 4:	data processed and exported
      From worker 4:	
      From worker 4:	starting b_1.0_c_0.2_N_40_M_3_K_2_P_2_beta_0.001_u_0.001_v_0.0022360679774997894_p_0.5_ϵ_1.0_gens_20000000_210225-032810.891
      From worker 5:	replicate complete, ran 20000000 generations:
      From worker 5:	
      From worker 5:		num_imitating:			15002322
      From worker 5:		num_not_imitating:		4997678
      From worker 5:		num_strategies_changed:  	408676
      From worker 5:			num_random_strategies: 	15001
      From worker 5:		num_sets_changed: 		2206436
      From worker 5:			num_random_opinions: 	37478
      From worker 5:			num_biased_opinions: 	37473
      From worker 5:		num_both_changed: 		100016
      From worker 5:	
      From worker 7:	replicate complete, ran 20000000 generations:
      From worker 7:	
      From worker 7:		num_imitating:			12501789
      From worker 7:		num_not_imitating:		7498211
      From worker 7:		num_strategies_changed:  	373927
      From worker 7:			num_random_strategies: 	12573
      From worker 7:		num_sets_changed: 		3298486
      From worker 7:			num_random_opinions: 	35165
      From worker 7:			num_biased_opinions: 	104575
      From worker 7:		num_both_changed: 		164356
      From worker 7:	
      From worker 5:	data processed and exported
      From worker 7:	data processed and exported
      From worker 5:	
      From worker 5:	starting b_1.0_c_0.2_N_40_M_3_K_2_P_2_beta_0.001_u_0.001_v_0.005_p_0.75_ϵ_1.0_gens_20000000_210225-032810.891
      From worker 7:	
      From worker 7:	starting b_1.0_c_0.2_N_40_M_3_K_2_P_2_beta_0.001_u_0.001_v_0.011180339887498947_p_1.0_ϵ_1.0_gens_20000000_210225-032810.891
      From worker 6:	replicate complete, ran 20000000 generations:
      From worker 6:	
      From worker 6:		num_imitating:			12496493
      From worker 6:		num_not_imitating:		7503507
      From worker 6:		num_strategies_changed:  	350205
      From worker 6:			num_random_strategies: 	12425
      From worker 6:		num_sets_changed: 		1769596
      From worker 6:			num_random_opinions: 	15623
      From worker 6:			num_biased_opinions: 	46843
      From worker 6:		num_both_changed: 		86969
      From worker 6:	
      From worker 6:	data processed and exported
      From worker 6:	
      From worker 6:	starting b_1.0_c_0.2_N_40_M_3_K_2_P_2_beta_0.001_u_0.001_v_0.005_p_1.0_ϵ_1.0_gens_20000000_210225-032810.891
      From worker 14:	replicate complete, ran 20000000 generations:
      From worker 14:	
      From worker 14:		num_imitating:			10002470
      From worker 14:		num_not_imitating:		9997530
      From worker 14:		num_strategies_changed:  	148952
      From worker 14:			num_random_strategies: 	10002
      From worker 14:		num_sets_changed: 		5904995
      From worker 14:			num_random_opinions: 	0
      From worker 14:			num_biased_opinions: 	2796168
      From worker 14:		num_both_changed: 		97204
      From worker 14:	
      From worker 14:	data processed and exported
      From worker 14:	
      From worker 14:	starting b_1.0_c_0.2_N_40_M_3_K_2_P_2_beta_0.001_u_0.001_v_0.2795084971874737_p_0.0_ϵ_1.0_gens_20000000_210225-032810.891
      From worker 11:	replicate complete, ran 20000000 generations:
      From worker 11:	
      From worker 11:		num_imitating:			17500291
      From worker 11:		num_not_imitating:		2499709
      From worker 11:		num_strategies_changed:  	511078
      From worker 11:			num_random_strategies: 	17663
      From worker 11:		num_sets_changed: 		11048148
      From worker 11:			num_random_opinions: 	731299
      From worker 11:			num_biased_opinions: 	244461
      From worker 11:		num_both_changed: 		419164
      From worker 11:	
      From worker 11:	data processed and exported
      From worker 11:	
      From worker 11:	starting b_1.0_c_0.2_N_40_M_3_K_2_P_2_beta_0.001_u_0.001_v_0.055901699437494755_p_0.5_ϵ_1.0_gens_20000000_210225-032810.891
      From worker 2:	replicate complete, ran 20000000 generations:
      From worker 2:	
      From worker 2:		num_imitating:			20000000
      From worker 2:		num_not_imitating:		0
      From worker 2:		num_strategies_changed:  	536443
      From worker 2:			num_random_strategies: 	19809
      From worker 2:		num_sets_changed: 		682179
      From worker 2:			num_random_opinions: 	19934
      From worker 2:			num_biased_opinions: 	0
      From worker 2:		num_both_changed: 		31664
      From worker 2:	
      From worker 2:	data processed and exported
      From worker 3:	replicate complete, ran 20000000 generations:
      From worker 3:	
      From worker 3:		num_imitating:			17500509
      From worker 3:		num_not_imitating:		2499491
      From worker 3:		num_strategies_changed:  	499529
      From worker 3:			num_random_strategies: 	17395
      From worker 3:		num_sets_changed: 		1309895
      From worker 3:			num_random_opinions: 	29598
      From worker 3:			num_biased_opinions: 	9775
      From worker 3:		num_both_changed: 		67797
      From worker 3:	
      From worker 3:	data processed and exported
      From worker 9:	replicate complete, ran 20000000 generations:
      From worker 9:	
      From worker 9:		num_imitating:			20000000
      From worker 9:		num_not_imitating:		0
      From worker 9:		num_strategies_changed:  	566629
      From worker 9:			num_random_strategies: 	19954
      From worker 9:		num_sets_changed: 		9049002
      From worker 9:			num_random_opinions: 	499608
      From worker 9:			num_biased_opinions: 	0
      From worker 9:		num_both_changed: 		375739
      From worker 9:	
      From worker 4:	replicate complete, ran 20000000 generations:
      From worker 4:	
      From worker 4:		num_imitating:			14998993
      From worker 4:		num_not_imitating:		5001007
      From worker 4:		num_strategies_changed:  	415157
      From worker 4:			num_random_strategies: 	14781
      From worker 4:		num_sets_changed: 		1108936
      From worker 4:			num_random_opinions: 	16842
      From worker 4:			num_biased_opinions: 	16597
      From worker 4:		num_both_changed: 		55723
      From worker 4:	
      From worker 9:	data processed and exported
      From worker 9:	
      From worker 9:	starting b_1.0_c_0.2_N_40_M_3_K_2_P_2_beta_0.001_u_0.001_v_0.025_p_0.25_ϵ_1.0_gens_20000000_210225-032810.891
      From worker 4:	data processed and exported
      From worker 15:	replicate complete, ran 20000000 generations:
      From worker 15:	
      From worker 15:		num_imitating:			20000000
      From worker 15:		num_not_imitating:		0
      From worker 15:		num_strategies_changed:  	562243
      From worker 15:			num_random_strategies: 	19963
      From worker 15:		num_sets_changed: 		18062838
      From worker 15:			num_random_opinions: 	12501453
      From worker 15:			num_biased_opinions: 	0
      From worker 15:		num_both_changed: 		514885
      From worker 15:	
      From worker 15:	data processed and exported
      From worker 15:	
      From worker 15:	starting b_1.0_c_0.2_N_40_M_3_K_2_P_2_beta_0.001_u_0.001_v_0.625_p_0.25_ϵ_1.0_gens_20000000_210225-032810.891
      From worker 13:	replicate complete, ran 20000000 generations:
      From worker 13:	
      From worker 13:		num_imitating:			12498248
      From worker 13:		num_not_imitating:		7501752
      From worker 13:		num_strategies_changed:  	356180
      From worker 13:			num_random_strategies: 	12546
      From worker 13:		num_sets_changed: 		8955387
      From worker 13:			num_random_opinions: 	390530
      From worker 13:			num_biased_opinions: 	1173570
      From worker 13:		num_both_changed: 		299204
      From worker 13:	
      From worker 13:	data processed and exported
      From worker 13:	
      From worker 13:	starting b_1.0_c_0.2_N_40_M_3_K_2_P_2_beta_0.001_u_0.001_v_0.125_p_1.0_ϵ_1.0_gens_20000000_210225-032810.891
      From worker 6:	replicate complete, ran 20000000 generations:
      From worker 6:	
      From worker 6:		num_imitating:			9998999
      From worker 6:		num_not_imitating:		10001001
      From worker 6:		num_strategies_changed:  	144088
      From worker 6:			num_random_strategies: 	9963
      From worker 6:		num_sets_changed: 		588219
      From worker 6:			num_random_opinions: 	0
      From worker 6:			num_biased_opinions: 	49798
      From worker 6:		num_both_changed: 		14492
      From worker 6:	
      From worker 6:	data processed and exported
      From worker 7:	replicate complete, ran 20000000 generations:
      From worker 7:	
      From worker 7:		num_imitating:			9996581
      From worker 7:		num_not_imitating:		10003419
      From worker 7:		num_strategies_changed:  	149600
      From worker 7:			num_random_strategies: 	10119
      From worker 7:		num_sets_changed: 		1204872
      From worker 7:			num_random_opinions: 	0
      From worker 7:			num_biased_opinions: 	111426
      From worker 7:		num_both_changed: 		32414
      From worker 7:	
      From worker 7:	data processed and exported
      From worker 7:	
      From worker 7:	starting b_1.0_c_0.2_N_40_M_3_K_2_P_2_beta_0.001_u_0.001_v_0.011180339887498947_p_0.0_ϵ_1.0_gens_20000000_210225-032810.891
      From worker 5:	replicate complete, ran 20000000 generations:
      From worker 5:	
      From worker 5:		num_imitating:			12499708
      From worker 5:		num_not_imitating:		7500292
      From worker 5:		num_strategies_changed:  	349107
      From worker 5:			num_random_strategies: 	12513
      From worker 5:		num_sets_changed: 		1736748
      From worker 5:			num_random_opinions: 	15588
      From worker 5:			num_biased_opinions: 	46693
      From worker 5:		num_both_changed: 		87215
      From worker 5:	
      From worker 5:	data processed and exported
      From worker 16:	replicate complete, ran 20000000 generations:
      From worker 16:	
      From worker 16:		num_imitating:			17500579
      From worker 16:		num_not_imitating:		2499421
      From worker 16:		num_strategies_changed:  	510009
      From worker 16:			num_random_strategies: 	17573
      From worker 16:		num_sets_changed: 		15614219
      From worker 16:			num_random_opinions: 	8201409
      From worker 16:			num_biased_opinions: 	2734275
      From worker 16:		num_both_changed: 		461926
      From worker 16:	
      From worker 16:	data processed and exported
      From worker 16:	
      From worker 16:	starting b_1.0_c_0.2_N_40_M_3_K_2_P_2_beta_0.001_u_0.001_v_0.625_p_0.5_ϵ_1.0_gens_20000000_210225-032810.891
      From worker 10:	replicate complete, ran 20000000 generations:
      From worker 10:	
      From worker 10:		num_imitating:			17500509
      From worker 10:		num_not_imitating:		2499491
      From worker 10:		num_strategies_changed:  	512896
      From worker 10:			num_random_strategies: 	17584
      From worker 10:		num_sets_changed: 		11089949
      From worker 10:			num_random_opinions: 	734987
      From worker 10:			num_biased_opinions: 	244256
      From worker 10:		num_both_changed: 		418818
      From worker 10:	
      From worker 10:	data processed and exported
      From worker 12:	replicate complete, ran 20000000 generations:
      From worker 12:	
      From worker 12:		num_imitating:			15000656
      From worker 12:		num_not_imitating:		4999344
      From worker 12:		num_strategies_changed:  	414392
      From worker 12:			num_random_strategies: 	14981
      From worker 12:		num_sets_changed: 		11306348
      From worker 12:			num_random_opinions: 	938434
      From worker 12:			num_biased_opinions: 	936931
      From worker 12:		num_both_changed: 		360317
      From worker 12:	
      From worker 10:	
      From worker 10:	starting b_1.0_c_0.2_N_40_M_3_K_2_P_2_beta_0.001_u_0.001_v_0.055901699437494755_p_0.5_ϵ_1.0_gens_20000000_210225-032810.891
      From worker 8:	replicate complete, ran 20000000 generations:
      From worker 8:	
      From worker 8:		num_imitating:			20000000
      From worker 8:		num_not_imitating:		0
      From worker 8:		num_strategies_changed:  	567962
      From worker 8:			num_random_strategies: 	19839
      From worker 8:		num_sets_changed: 		9135173
      From worker 8:			num_random_opinions: 	499659
      From worker 8:			num_biased_opinions: 	0
      From worker 8:		num_both_changed: 		384832
      From worker 8:	
      From worker 12:	data processed and exported
      From worker 12:	
      From worker 12:	starting b_1.0_c_0.2_N_40_M_3_K_2_P_2_beta_0.001_u_0.001_v_0.125_p_0.75_ϵ_1.0_gens_20000000_210225-032810.891
      From worker 8:	data processed and exported
      From worker 8:	
      From worker 8:	starting b_1.0_c_0.2_N_40_M_3_K_2_P_2_beta_0.001_u_0.001_v_0.025_p_0.25_ϵ_1.0_gens_20000000_210225-032810.891
      From worker 11:	replicate complete, ran 20000000 generations:
      From worker 11:	
      From worker 11:		num_imitating:			14999101
      From worker 11:		num_not_imitating:		5000899
      From worker 11:		num_strategies_changed:  	418003
      From worker 11:			num_random_strategies: 	15001
      From worker 11:		num_sets_changed: 		9295113
      From worker 11:			num_random_opinions: 	419388
      From worker 11:			num_biased_opinions: 	419597
      From worker 11:		num_both_changed: 		336519
      From worker 11:	
      From worker 11:	data processed and exported
      From worker 11:	
      From worker 11:	starting b_1.0_c_0.2_N_40_M_3_K_2_P_2_beta_0.001_u_0.001_v_0.055901699437494755_p_0.75_ϵ_1.0_gens_20000000_210225-032810.891
      From worker 13:	replicate complete, ran 20000000 generations:
      From worker 13:	
      From worker 13:		num_imitating:			9998527
      From worker 13:		num_not_imitating:		10001473
      From worker 13:		num_strategies_changed:  	152024
      From worker 13:			num_random_strategies: 	10158
      From worker 13:		num_sets_changed: 		4929237
      From worker 13:			num_random_opinions: 	0
      From worker 13:			num_biased_opinions: 	1250023
      From worker 13:		num_both_changed: 		93052
      From worker 13:	
      From worker 13:	data processed and exported
      From worker 13:	
      From worker 13:	starting b_1.0_c_0.2_N_40_M_3_K_2_P_2_beta_0.001_u_0.001_v_0.2795084971874737_p_0.0_ϵ_1.0_gens_20000000_210225-032810.891
      From worker 9:	replicate complete, ran 20000000 generations:
      From worker 9:	
      From worker 9:		num_imitating:			17501197
      From worker 9:		num_not_imitating:		2498803
      From worker 9:		num_strategies_changed:  	494310
      From worker 9:			num_random_strategies: 	17469
      From worker 9:		num_sets_changed: 		7857150
      From worker 9:			num_random_opinions: 	328313
      From worker 9:			num_biased_opinions: 	109092
      From worker 9:		num_both_changed: 		332524
      From worker 9:	
      From worker 9:	data processed and exported
      From worker 9:	
      From worker 9:	starting b_1.0_c_0.2_N_40_M_3_K_2_P_2_beta_0.001_u_0.001_v_0.025_p_0.5_ϵ_1.0_gens_20000000_210225-032810.891
      From worker 7:	replicate complete, ran 20000000 generations:
      From worker 7:	
      From worker 7:		num_imitating:			20000000
      From worker 7:		num_not_imitating:		0
      From worker 7:		num_strategies_changed:  	556110
      From worker 7:			num_random_strategies: 	19901
      From worker 7:		num_sets_changed: 		5539698
      From worker 7:			num_random_opinions: 	223772
      From worker 7:			num_biased_opinions: 	0
      From worker 7:		num_both_changed: 		248662
      From worker 7:	
      From worker 7:	data processed and exported
      From worker 14:	replicate complete, ran 20000000 generations:
      From worker 14:	
      From worker 14:		num_imitating:			20000000
      From worker 14:		num_not_imitating:		0
      From worker 14:		num_strategies_changed:  	579537
      From worker 14:			num_random_strategies: 	20232
      From worker 14:		num_sets_changed: 		17222986
      From worker 14:			num_random_opinions: 	5589715
      From worker 14:			num_biased_opinions: 	0
      From worker 14:		num_both_changed: 		528300
      From worker 14:	
      From worker 14:	data processed and exported
      From worker 14:	
      From worker 14:	starting b_1.0_c_0.2_N_40_M_3_K_2_P_2_beta_0.001_u_0.001_v_0.2795084971874737_p_0.25_ϵ_1.0_gens_20000000_210225-032810.891
      From worker 15:	replicate complete, ran 20000000 generations:
      From worker 15:	
      From worker 15:		num_imitating:			17498364
      From worker 15:		num_not_imitating:		2501636
      From worker 15:		num_strategies_changed:  	487434
      From worker 15:			num_random_strategies: 	17578
      From worker 15:		num_sets_changed: 		15613105
      From worker 15:			num_random_opinions: 	8199838
      From worker 15:			num_biased_opinions: 	2737314
      From worker 15:		num_both_changed: 		441847
      From worker 15:	
      From worker 15:	data processed and exported
      From worker 15:	
      From worker 15:	starting b_1.0_c_0.2_N_40_M_3_K_2_P_2_beta_0.001_u_0.001_v_0.625_p_0.5_ϵ_1.0_gens_20000000_210225-032810.891
      From worker 8:	replicate complete, ran 20000000 generations:
      From worker 8:	
      From worker 8:		num_imitating:			17501024
      From worker 8:		num_not_imitating:		2498976
      From worker 8:		num_strategies_changed:  	494584
      From worker 8:			num_random_strategies: 	17368
      From worker 8:		num_sets_changed: 		7935272
      From worker 8:			num_random_opinions: 	328210
      From worker 8:			num_biased_opinions: 	109578
      From worker 8:		num_both_changed: 		331124
      From worker 8:	
      From worker 8:	data processed and exported
      From worker 12:	replicate complete, ran 20000000 generations:
      From worker 12:	
      From worker 12:		num_imitating:			12500283
      From worker 12:		num_not_imitating:		7499717
      From worker 12:		num_strategies_changed:  	369932
      From worker 12:			num_random_strategies: 	12374
      From worker 12:		num_sets_changed: 		8951404
      From worker 12:			num_random_opinions: 	390926
      From worker 12:			num_biased_opinions: 	1171963
      From worker 12:		num_both_changed: 		311053
      From worker 12:	
      From worker 12:	data processed and exported
      From worker 12:	
      From worker 12:	starting b_1.0_c_0.2_N_40_M_3_K_2_P_2_beta_0.001_u_0.001_v_0.125_p_1.0_ϵ_1.0_gens_20000000_210225-032810.891
      From worker 10:	replicate complete, ran 20000000 generations:
      From worker 10:	
      From worker 10:		num_imitating:			14999449
      From worker 10:		num_not_imitating:		5000551
      From worker 10:		num_strategies_changed:  	413655
      From worker 10:			num_random_strategies: 	14809
      From worker 10:		num_sets_changed: 		9291838
      From worker 10:			num_random_opinions: 	419903
      From worker 10:			num_biased_opinions: 	418926
      From worker 10:		num_both_changed: 		333857
      From worker 10:	
      From worker 10:	data processed and exported
      From worker 10:	
      From worker 10:	starting b_1.0_c_0.2_N_40_M_3_K_2_P_2_beta_0.001_u_0.001_v_0.055901699437494755_p_0.75_ϵ_1.0_gens_20000000_210225-032810.891
      From worker 16:	replicate complete, ran 20000000 generations:
      From worker 16:	
      From worker 16:		num_imitating:			15001867
      From worker 16:		num_not_imitating:		4998133
      From worker 16:		num_strategies_changed:  	439011
      From worker 16:			num_random_strategies: 	14940
      From worker 16:		num_sets_changed: 		12881092
      From worker 16:			num_random_opinions: 	4687979
      From worker 16:			num_biased_opinions: 	4686354
      From worker 16:		num_both_changed: 		383792
      From worker 16:	
      From worker 16:	data processed and exported
      From worker 16:	
      From worker 16:	starting b_1.0_c_0.2_N_40_M_3_K_2_P_2_beta_0.001_u_0.001_v_0.625_p_0.75_ϵ_1.0_gens_20000000_210225-032810.891
      From worker 11:	replicate complete, ran 20000000 generations:
      From worker 11:	
      From worker 11:		num_imitating:			12498484
      From worker 11:		num_not_imitating:		7501516
      From worker 11:		num_strategies_changed:  	356453
      From worker 11:			num_random_strategies: 	12399
      From worker 11:		num_sets_changed: 		7394440
      From worker 11:			num_random_opinions: 	174830
      From worker 11:			num_biased_opinions: 	524858
      From worker 11:		num_both_changed: 		277602
      From worker 11:	
      From worker 11:	data processed and exported
      From worker 11:	
      From worker 11:	starting b_1.0_c_0.2_N_40_M_3_K_2_P_2_beta_0.001_u_0.001_v_0.055901699437494755_p_1.0_ϵ_1.0_gens_20000000_210225-032810.891
      From worker 9:	replicate complete, ran 20000000 generations:
      From worker 9:	
      From worker 9:		num_imitating:			15000547
      From worker 9:		num_not_imitating:		4999453
      From worker 9:		num_strategies_changed:  	402563
      From worker 9:			num_random_strategies: 	15100
      From worker 9:		num_sets_changed: 		6662335
      From worker 9:			num_random_opinions: 	187468
      From worker 9:			num_biased_opinions: 	186912
      From worker 9:		num_both_changed: 		257544
      From worker 9:	
      From worker 9:	data processed and exported
      From worker 12:	replicate complete, ran 20000000 generations:
      From worker 12:	
      From worker 12:		num_imitating:			10004682
      From worker 12:		num_not_imitating:		9995318
      From worker 12:		num_strategies_changed:  	151548
      From worker 12:			num_random_strategies: 	10129
      From worker 12:		num_sets_changed: 		4930117
      From worker 12:			num_random_opinions: 	0
      From worker 12:			num_biased_opinions: 	1249998
      From worker 12:		num_both_changed: 		93048
      From worker 12:	
      From worker 12:	data processed and exported
      From worker 12:	
      From worker 12:	starting b_1.0_c_0.2_N_40_M_3_K_2_P_2_beta_0.001_u_0.001_v_0.125_p_0.0_ϵ_1.0_gens_20000000_210225-032810.891
      From worker 13:	replicate complete, ran 20000000 generations:
      From worker 13:	
      From worker 13:		num_imitating:			20000000
      From worker 13:		num_not_imitating:		0
      From worker 13:		num_strategies_changed:  	574987
      From worker 13:			num_random_strategies: 	20141
      From worker 13:		num_sets_changed: 		17218203
      From worker 13:			num_random_opinions: 	5590587
      From worker 13:			num_biased_opinions: 	0
      From worker 13:		num_both_changed: 		523886
      From worker 13:	
      From worker 13:	data processed and exported
      From worker 13:	
      From worker 13:	starting b_1.0_c_0.2_N_40_M_3_K_2_P_2_beta_0.001_u_0.001_v_0.2795084971874737_p_0.25_ϵ_1.0_gens_20000000_210225-032810.891
      From worker 11:	replicate complete, ran 20000000 generations:
      From worker 11:	
      From worker 11:		num_imitating:			9998946
      From worker 11:		num_not_imitating:		10001054
      From worker 11:		num_strategies_changed:  	145762
      From worker 11:			num_random_strategies: 	10098
      From worker 11:		num_sets_changed: 		3580327
      From worker 11:			num_random_opinions: 	0
      From worker 11:			num_biased_opinions: 	558902
      From worker 11:		num_both_changed: 		73084
      From worker 11:	
      From worker 11:	data processed and exported
      From worker 10:	replicate complete, ran 20000000 generations:
      From worker 10:	
      From worker 10:		num_imitating:			12503028
      From worker 10:		num_not_imitating:		7496972
      From worker 10:		num_strategies_changed:  	361646
      From worker 10:			num_random_strategies: 	12481
      From worker 10:		num_sets_changed: 		7387572
      From worker 10:			num_random_opinions: 	175209
      From worker 10:			num_biased_opinions: 	523393
      From worker 10:		num_both_changed: 		282983
      From worker 10:	
      From worker 10:	data processed and exported
      From worker 14:	replicate complete, ran 20000000 generations:
      From worker 14:	
      From worker 14:		num_imitating:			17500153
      From worker 14:		num_not_imitating:		2499847
      From worker 14:		num_strategies_changed:  	491418
      From worker 14:			num_random_strategies: 	17294
      From worker 14:		num_sets_changed: 		14928588
      From worker 14:			num_random_opinions: 	3668336
      From worker 14:			num_biased_opinions: 	1225141
      From worker 14:		num_both_changed: 		445234
      From worker 14:	
      From worker 14:	data processed and exported
      From worker 14:	
      From worker 14:	starting b_1.0_c_0.2_N_40_M_3_K_2_P_2_beta_0.001_u_0.001_v_0.2795084971874737_p_0.5_ϵ_1.0_gens_20000000_210225-032810.891
      From worker 15:	replicate complete, ran 20000000 generations:
      From worker 15:	
      From worker 15:		num_imitating:			14997484
      From worker 15:		num_not_imitating:		5002516
      From worker 15:		num_strategies_changed:  	439756
      From worker 15:			num_random_strategies: 	14892
      From worker 15:		num_sets_changed: 		12878568
      From worker 15:			num_random_opinions: 	4690297
      From worker 15:			num_biased_opinions: 	4684705
      From worker 15:		num_both_changed: 		384553
      From worker 15:	
      From worker 15:	data processed and exported
      From worker 15:	
      From worker 15:	starting b_1.0_c_0.2_N_40_M_3_K_2_P_2_beta_0.001_u_0.001_v_0.625_p_0.75_ϵ_1.0_gens_20000000_210225-032810.891
      From worker 16:	replicate complete, ran 20000000 generations:
      From worker 16:	
      From worker 16:		num_imitating:			12499726
      From worker 16:		num_not_imitating:		7500274
      From worker 16:		num_strategies_changed:  	343820
      From worker 16:			num_random_strategies: 	12506
      From worker 16:		num_sets_changed: 		9890056
      From worker 16:			num_random_opinions: 	1954223
      From worker 16:			num_biased_opinions: 	5859834
      From worker 16:		num_both_changed: 		278491
      From worker 16:	
      From worker 16:	data processed and exported
      From worker 16:	
      From worker 16:	starting b_1.0_c_0.2_N_40_M_3_K_2_P_2_beta_0.001_u_0.001_v_0.625_p_1.0_ϵ_1.0_gens_20000000_210225-032810.891
      From worker 16:	replicate complete, ran 20000000 generations:
      From worker 16:	
      From worker 16:		num_imitating:			10002801
      From worker 16:		num_not_imitating:		9997199
      From worker 16:		num_strategies_changed:  	143531
      From worker 16:			num_random_strategies: 	9885
      From worker 16:		num_sets_changed: 		6472726
      From worker 16:			num_random_opinions: 	0
 Activating environment at `/tigress/mk28/CooperationPolarization2/Project.toml`
 Activating environment at `/tigress/mk28/CooperationPolarization2/Project.toml`
      From worker 16:			num_biased_opinions: 	6248528
      From worker 16:		num_both_changed: 		95416
      From worker 16:	
      From worker 16:	data processed and exported
      From worker 12:	replicate complete, ran 20000000 generations:
      From worker 12:	
      From worker 12:		num_imitating:			20000000
      From worker 12:		num_not_imitating:		0
      From worker 12:		num_strategies_changed:  	569818
      From worker 12:			num_random_strategies: 	20105
      From worker 12:		num_sets_changed: 		15573537
      From worker 12:			num_random_opinions: 	2498551
      From worker 12:			num_biased_opinions: 	0
      From worker 12:		num_both_changed: 		507296
      From worker 12:	
      From worker 12:	data processed and exported
      From worker 15:	replicate complete, ran 20000000 generations:
      From worker 15:	
      From worker 15:		num_imitating:			12503307
      From worker 15:		num_not_imitating:		7496693
      From worker 15:		num_strategies_changed:  	364280
      From worker 15:			num_random_strategies: 	12581
      From worker 15:		num_sets_changed: 		9891904
      From worker 15:			num_random_opinions: 	1954866
      From worker 15:			num_biased_opinions: 	5859881
      From worker 15:		num_both_changed: 		294942
      From worker 15:	
      From worker 13:	replicate complete, ran 20000000 generations:
      From worker 13:	
      From worker 13:		num_imitating:			17496696
      From worker 13:		num_not_imitating:		2503304
      From worker 13:		num_strategies_changed:  	503075
      From worker 13:			num_random_strategies: 	17470
      From worker 13:		num_sets_changed: 		14921664
      From worker 13:			num_random_opinions: 	3667389
      From worker 13:			num_biased_opinions: 	1222762
      From worker 13:		num_both_changed: 		455367
      From worker 13:	
      From worker 15:	data processed and exported
      From worker 13:	data processed and exported
      From worker 14:	replicate complete, ran 20000000 generations:
      From worker 14:	
      From worker 14:		num_imitating:			14999377
      From worker 14:		num_not_imitating:		5000623
      From worker 14:		num_strategies_changed:  	430206
      From worker 14:			num_random_strategies: 	14915
      From worker 14:		num_sets_changed: 		12448051
      From worker 14:			num_random_opinions: 	2096494
      From worker 14:			num_biased_opinions: 	2095890
      From worker 14:		num_both_changed: 		380943
      From worker 14:	
      From worker 14:	data processed and exported
13340.509621 seconds (2.88 M allocations: 125.551 MiB, 0.00% gc time)
