 Activating environment at `/tigress/mk28/CooperationPolarization2/Project.toml`
 Activating environment at `/tigress/mk28/CooperationPolarization2/Project.toml`
ERROR: LoadError: TaskFailedException:
On worker 2:
SystemError: opening file "data/gens_20000000/della_run_multi_M3K2_210210-022512.961.csv": No such file or directory
#systemerror#49 at ./error.jl:168
#systemerror#48 at ./error.jl:167 [inlined]
systemerror at ./error.jl:167 [inlined]
#open#542 at ./iostream.jl:284
#open#543 at ./iostream.jl:346
open at ./iostream.jl:346
#open#287 at ./io.jl:323
open at ./io.jl:323 [inlined]
macro expansion at /tigress/mk28/CooperationPolarization2/run/sim_della_M3K2_ensemble.jl:126 [inlined]
#1 at /buildworker/worker/package_linux64/build/usr/share/julia/stdlib/v1.5/Distributed/src/macros.jl:301
#160 at /buildworker/worker/package_linux64/build/usr/share/julia/stdlib/v1.5/Distributed/src/macros.jl:87
#103 at /buildworker/worker/package_linux64/build/usr/share/julia/stdlib/v1.5/Distributed/src/process_messages.jl:290
run_work_thunk at /buildworker/worker/package_linux64/build/usr/share/julia/stdlib/v1.5/Distributed/src/process_messages.jl:79
run_work_thunk at /buildworker/worker/package_linux64/build/usr/share/julia/stdlib/v1.5/Distributed/src/process_messages.jl:88
#96 at ./task.jl:356

...and 14 more exception(s).

Stacktrace:
 [1] sync_end(::Channel{Any}) at ./task.jl:314
 [2] (::Distributed.var"#159#161"{var"#1#3",UnitRange{Int64}})() at ./task.jl:333
Stacktrace:
 [1] sync_end(::Channel{Any}) at ./task.jl:314
 [2] top-level scope at task.jl:333
 [3] top-level scope at timing.jl:174
 [4] include(::Function, ::Module, ::String) at ./Base.jl:380
 [5] include(::Module, ::String) at ./Base.jl:368
 [6] exec_options(::Base.JLOptions) at ./client.jl:296
 [7] _start() at ./client.jl:506
in expression starting at /tigress/mk28/CooperationPolarization2/run/sim_della_M3K2_ensemble.jl:75
packages loaded
      From worker 4:	 Activating environment at `/tigress/mk28/CooperationPolarization2/Project.toml`
      From worker 2:	 Activating environment at `/tigress/mk28/CooperationPolarization2/Project.toml`
      From worker 6:	 Activating environment at `/tigress/mk28/CooperationPolarization2/Project.toml`
      From worker 5:	 Activating environment at `/tigress/mk28/CooperationPolarization2/Project.toml`
      From worker 14:	 Activating environment at `/tigress/mk28/CooperationPolarization2/Project.toml`
      From worker 15:	 Activating environment at `/tigress/mk28/CooperationPolarization2/Project.toml`
      From worker 11:	 Activating environment at `/tigress/mk28/CooperationPolarization2/Project.toml`
      From worker 12:	 Activating environment at `/tigress/mk28/CooperationPolarization2/Project.toml`
      From worker 13:	 Activating environment at `/tigress/mk28/CooperationPolarization2/Project.toml`
      From worker 9:	 Activating environment at `/tigress/mk28/CooperationPolarization2/Project.toml`
      From worker 8:	 Activating environment at `/tigress/mk28/CooperationPolarization2/Project.toml`
      From worker 10:	 Activating environment at `/tigress/mk28/CooperationPolarization2/Project.toml`
      From worker 7:	 Activating environment at `/tigress/mk28/CooperationPolarization2/Project.toml`
      From worker 16:	 Activating environment at `/tigress/mk28/CooperationPolarization2/Project.toml`
      From worker 3:	 Activating environment at `/tigress/mk28/CooperationPolarization2/Project.toml`
      From worker 4:	packages loaded
      From worker 2:	packages loaded
      From worker 6:	packages loaded
      From worker 15:	packages loaded
      From worker 14:	packages loaded
      From worker 13:	packages loaded
      From worker 3:	packages loaded
      From worker 9:	packages loaded
      From worker 7:	packages loaded
      From worker 5:	packages loaded
      From worker 12:	packages loaded
      From worker 8:	packages loaded
      From worker 10:	packages loaded
      From worker 16:	packages loaded
      From worker 11:	packages loaded
parameters defined
      From worker 8:	
      From worker 8:	starting b_1.0_c_0.2_N_40_M_3_K_2_P_2_beta_0.001_u_0.001_v_0.025_p_0.0_ϵ_1.0_gens_20000000_210210-022512.961
      From worker 13:	
      From worker 13:	starting b_1.0_c_0.2_N_40_M_3_K_2_P_2_beta_0.001_u_0.001_v_0.1_p_0.0_ϵ_1.0_gens_20000000_210210-022512.961
      From worker 4:	
      From worker 4:	starting b_1.0_c_0.2_N_40_M_3_K_2_P_2_beta_0.001_u_0.001_v_0.001_p_0.0_ϵ_1.0_gens_20000000_210210-022512.961
      From worker 3:	
      From worker 3:	starting b_1.0_c_0.2_N_40_M_3_K_2_P_2_beta_0.001_u_0.001_v_0.001_p_0.0_ϵ_1.0_gens_20000000_210210-022512.961
      From worker 10:	
      From worker 10:	starting b_1.0_c_0.2_N_40_M_3_K_2_P_2_beta_0.001_u_0.001_v_0.025_p_0.0_ϵ_1.0_gens_20000000_210210-022512.961
      From worker 7:	
      From worker 7:	starting b_1.0_c_0.2_N_40_M_3_K_2_P_2_beta_0.001_u_0.001_v_0.025_p_0.0_ϵ_1.0_gens_20000000_210210-022512.961
      From worker 9:	
      From worker 9:	starting b_1.0_c_0.2_N_40_M_3_K_2_P_2_beta_0.001_u_0.001_v_0.025_p_0.0_ϵ_1.0_gens_20000000_210210-022512.961
      From worker 6:	
      From worker 6:	starting b_1.0_c_0.2_N_40_M_3_K_2_P_2_beta_0.001_u_0.001_v_0.001_p_0.0_ϵ_1.0_gens_20000000_210210-022512.961
      From worker 5:	
      From worker 5:	starting b_1.0_c_0.2_N_40_M_3_K_2_P_2_beta_0.001_u_0.001_v_0.001_p_0.0_ϵ_1.0_gens_20000000_210210-022512.961
      From worker 15:	
      From worker 15:	starting b_1.0_c_0.2_N_40_M_3_K_2_P_2_beta_0.001_u_0.001_v_0.1_p_0.0_ϵ_1.0_gens_20000000_210210-022512.961
      From worker 12:	
      From worker 12:	starting b_1.0_c_0.2_N_40_M_3_K_2_P_2_beta_0.001_u_0.001_v_0.1_p_0.0_ϵ_1.0_gens_20000000_210210-022512.961
      From worker 14:	
      From worker 14:	starting b_1.0_c_0.2_N_40_M_3_K_2_P_2_beta_0.001_u_0.001_v_0.1_p_0.0_ϵ_1.0_gens_20000000_210210-022512.961
      From worker 2:	
      From worker 2:	starting b_1.0_c_0.2_N_40_M_3_K_2_P_2_beta_0.001_u_0.001_v_0.001_p_0.0_ϵ_1.0_gens_20000000_210210-022512.961
      From worker 16:	
      From worker 16:	starting b_1.0_c_0.2_N_40_M_3_K_2_P_2_beta_0.001_u_0.001_v_0.1_p_0.0_ϵ_1.0_gens_20000000_210210-022512.961
      From worker 11:	
      From worker 11:	starting b_1.0_c_0.2_N_40_M_3_K_2_P_2_beta_0.001_u_0.001_v_0.025_p_0.0_ϵ_1.0_gens_20000000_210210-022512.961
      From worker 6:	replicate complete, ran 20000000 generations:
      From worker 6:	
      From worker 6:		num_imitating:			20000000
      From worker 6:		num_not_imitating:		0
      From worker 6:		num_strategies_changed:  	563694
      From worker 6:			num_random_strategies: 	20031
      From worker 6:		num_sets_changed: 		739174
      From worker 6:			num_random_opinions: 	19955
      From worker 6:			num_biased_opinions: 	0
      From worker 6:		num_both_changed: 		38840
      From worker 6:	
      From worker 2:	replicate complete, ran 20000000 generations:
      From worker 2:	
      From worker 2:		num_imitating:			20000000
      From worker 2:		num_not_imitating:		0
      From worker 2:		num_strategies_changed:  	568344
      From worker 2:			num_random_strategies: 	19942
      From worker 2:		num_sets_changed: 		714972
      From worker 2:			num_random_opinions: 	20040
      From worker 2:			num_biased_opinions: 	0
      From worker 2:		num_both_changed: 		33821
      From worker 2:	
      From worker 3:	replicate complete, ran 20000000 generations:
      From worker 3:	
      From worker 3:		num_imitating:			20000000
      From worker 3:		num_not_imitating:		0
      From worker 3:		num_strategies_changed:  	585141
      From worker 3:			num_random_strategies: 	20135
      From worker 3:		num_sets_changed: 		677055
      From worker 3:			num_random_opinions: 	19964
      From worker 3:			num_biased_opinions: 	0
      From worker 3:		num_both_changed: 		34051
      From worker 3:	
      From worker 5:	replicate complete, ran 20000000 generations:
      From worker 5:	
      From worker 5:		num_imitating:			20000000
      From worker 5:		num_not_imitating:		0
      From worker 5:		num_strategies_changed:  	579167
      From worker 5:			num_random_strategies: 	20163
      From worker 5:		num_sets_changed: 		733229
      From worker 5:			num_random_opinions: 	19815
      From worker 5:			num_biased_opinions: 	0
      From worker 5:		num_both_changed: 		39062
      From worker 5:	
      From worker 4:	replicate complete, ran 20000000 generations:
      From worker 4:	
      From worker 4:		num_imitating:			20000000
      From worker 4:		num_not_imitating:		0
      From worker 4:		num_strategies_changed:  	559827
      From worker 4:			num_random_strategies: 	19946
      From worker 4:		num_sets_changed: 		739380
      From worker 4:			num_random_opinions: 	20157
      From worker 4:			num_biased_opinions: 	0
      From worker 4:		num_both_changed: 		40182
      From worker 4:	
      From worker 7:	replicate complete, ran 20000000 generations:
      From worker 7:	
      From worker 7:		num_imitating:			20000000
      From worker 7:		num_not_imitating:		0
      From worker 7:		num_strategies_changed:  	541220
      From worker 7:			num_random_strategies: 	19997
      From worker 7:		num_sets_changed: 		9206368
      From worker 7:			num_random_opinions: 	500244
      From worker 7:			num_biased_opinions: 	0
      From worker 7:		num_both_changed: 		358954
      From worker 7:	
      From worker 10:	replicate complete, ran 20000000 generations:
      From worker 10:	
      From worker 10:		num_imitating:			20000000
      From worker 10:		num_not_imitating:		0
      From worker 10:		num_strategies_changed:  	557701
      From worker 10:			num_random_strategies: 	20107
      From worker 10:		num_sets_changed: 		9185135
      From worker 10:			num_random_opinions: 	499748
      From worker 10:			num_biased_opinions: 	0
      From worker 10:		num_both_changed: 		372552
      From worker 10:	
      From worker 8:	replicate complete, ran 20000000 generations:
      From worker 8:	
      From worker 8:		num_imitating:			20000000
      From worker 8:		num_not_imitating:		0
      From worker 8:		num_strategies_changed:  	602002
      From worker 8:			num_random_strategies: 	19787
      From worker 8:		num_sets_changed: 		9190470
      From worker 8:			num_random_opinions: 	498989
      From worker 8:			num_biased_opinions: 	0
      From worker 8:		num_both_changed: 		404147
      From worker 8:	
      From worker 9:	replicate complete, ran 20000000 generations:
      From worker 9:	
      From worker 9:		num_imitating:			20000000
      From worker 9:		num_not_imitating:		0
      From worker 9:		num_strategies_changed:  	549582
      From worker 9:			num_random_strategies: 	20175
      From worker 9:		num_sets_changed: 		9227326
      From worker 9:			num_random_opinions: 	501435
      From worker 9:			num_biased_opinions: 	0
      From worker 9:		num_both_changed: 		360879
      From worker 9:	
      From worker 11:	replicate complete, ran 20000000 generations:
      From worker 11:	
      From worker 11:		num_imitating:			20000000
      From worker 11:		num_not_imitating:		0
      From worker 11:		num_strategies_changed:  	564545
      From worker 11:			num_random_strategies: 	20172
      From worker 11:		num_sets_changed: 		9175976
      From worker 11:			num_random_opinions: 	500242
      From worker 11:			num_biased_opinions: 	0
      From worker 11:		num_both_changed: 		374845
      From worker 11:	
      From worker 13:	replicate complete, ran 20000000 generations:
      From worker 13:	
      From worker 13:		num_imitating:			20000000
      From worker 13:		num_not_imitating:		0
      From worker 13:		num_strategies_changed:  	572689
      From worker 13:			num_random_strategies: 	19846
      From worker 13:		num_sets_changed: 		15189985
      From worker 13:			num_random_opinions: 	2001035
      From worker 13:			num_biased_opinions: 	0
      From worker 13:		num_both_changed: 		500220
      From worker 13:	
      From worker 15:	replicate complete, ran 20000000 generations:
      From worker 15:	
      From worker 15:		num_imitating:			20000000
      From worker 15:		num_not_imitating:		0
      From worker 15:		num_strategies_changed:  	561581
      From worker 15:			num_random_strategies: 	19784
      From worker 15:		num_sets_changed: 		15203283
      From worker 15:			num_random_opinions: 	1998315
      From worker 15:			num_biased_opinions: 	0
      From worker 15:		num_both_changed: 		493692
      From worker 15:	
      From worker 12:	replicate complete, ran 20000000 generations:
      From worker 12:	
      From worker 12:		num_imitating:			20000000
      From worker 12:		num_not_imitating:		0
      From worker 12:		num_strategies_changed:  	587584
      From worker 12:			num_random_strategies: 	19733
      From worker 12:		num_sets_changed: 		15186712
      From worker 12:			num_random_opinions: 	1999837
      From worker 12:			num_biased_opinions: 	0
      From worker 12:		num_both_changed: 		515686
      From worker 12:	
      From worker 14:	replicate complete, ran 20000000 generations:
      From worker 14:	
      From worker 14:		num_imitating:			20000000
      From worker 14:		num_not_imitating:		0
      From worker 14:		num_strategies_changed:  	603478
      From worker 14:			num_random_strategies: 	20288
      From worker 14:		num_sets_changed: 		15191236
      From worker 14:			num_random_opinions: 	2003112
      From worker 14:			num_biased_opinions: 	0
      From worker 14:		num_both_changed: 		529428
      From worker 14:	
      From worker 16:	replicate complete, ran 20000000 generations:
      From worker 16:	
      From worker 16:		num_imitating:			20000000
      From worker 16:		num_not_imitating:		0
      From worker 16:		num_strategies_changed:  	551956
      From worker 16:			num_random_strategies: 	19990
      From worker 16:		num_sets_changed: 		15206488
      From worker 16:			num_random_opinions: 	1999128
      From worker 16:			num_biased_opinions: 	0
      From worker 16:		num_both_changed: 		484299
      From worker 16:	
