packages loaded
      From worker 3:	 Activating environment at `/tigress/mk28/CooperationPolarization2/Project.toml`
      From worker 5:	 Activating environment at `/tigress/mk28/CooperationPolarization2/Project.toml`
      From worker 2:	 Activating environment at `/tigress/mk28/CooperationPolarization2/Project.toml`
      From worker 6:	 Activating environment at `/tigress/mk28/CooperationPolarization2/Project.toml`
      From worker 11:	 Activating environment at `/tigress/mk28/CooperationPolarization2/Project.toml`
      From worker 10:	 Activating environment at `/tigress/mk28/CooperationPolarization2/Project.toml`
      From worker 12:	 Activating environment at `/tigress/mk28/CooperationPolarization2/Project.toml`
      From worker 13:	 Activating environment at `/tigress/mk28/CooperationPolarization2/Project.toml`
      From worker 9:	 Activating environment at `/tigress/mk28/CooperationPolarization2/Project.toml`
      From worker 16:	 Activating environment at `/tigress/mk28/CooperationPolarization2/Project.toml`
      From worker 14:	 Activating environment at `/tigress/mk28/CooperationPolarization2/Project.toml`
      From worker 7:	 Activating environment at `/tigress/mk28/CooperationPolarization2/Project.toml`
      From worker 8:	 Activating environment at `/tigress/mk28/CooperationPolarization2/Project.toml`
      From worker 15:	 Activating environment at `/tigress/mk28/CooperationPolarization2/Project.toml`
      From worker 4:	 Activating environment at `/tigress/mk28/CooperationPolarization2/Project.toml`
      From worker 5:	packages loaded
      From worker 11:	packages loaded
      From worker 2:	packages loaded
      From worker 12:	packages loaded
      From worker 13:	packages loaded
      From worker 15:	packages loaded
      From worker 14:	packages loaded
      From worker 10:	packages loaded
      From worker 6:	packages loaded
      From worker 16:	packages loaded
      From worker 7:	packages loaded
      From worker 8:	packages loaded
      From worker 9:	packages loaded
      From worker 3:	packages loaded
      From worker 4:	packages loaded
parameters defined
      From worker 14:	
      From worker 14:	starting b_1.0_c_0.2_N_40_M_4_K_4_P_2_beta_0.001_u_0.001_v_0.1_p_0.0_ϵ_1.0_gens_20000000_210215-221315.879
      From worker 7:	
      From worker 7:	starting b_1.0_c_0.2_N_40_M_4_K_4_P_2_beta_0.001_u_0.001_v_0.025_p_0.0_ϵ_1.0_gens_20000000_210215-221315.879
      From worker 12:	
      From worker 12:	starting b_1.0_c_0.2_N_40_M_4_K_4_P_2_beta_0.001_u_0.001_v_0.1_p_0.0_ϵ_1.0_gens_20000000_210215-221315.879
      From worker 13:	
      From worker 13:	starting b_1.0_c_0.2_N_40_M_4_K_4_P_2_beta_0.001_u_0.001_v_0.1_p_0.0_ϵ_1.0_gens_20000000_210215-221315.879
      From worker 16:	
      From worker 16:	starting b_1.0_c_0.2_N_40_M_4_K_4_P_2_beta_0.001_u_0.001_v_0.1_p_0.0_ϵ_1.0_gens_20000000_210215-221315.879
      From worker 6:	
      From worker 6:	starting b_1.0_c_0.2_N_40_M_4_K_4_P_2_beta_0.001_u_0.001_v_0.001_p_0.0_ϵ_1.0_gens_20000000_210215-221315.879
      From worker 4:	
      From worker 4:	starting b_1.0_c_0.2_N_40_M_4_K_4_P_2_beta_0.001_u_0.001_v_0.001_p_0.0_ϵ_1.0_gens_20000000_210215-221315.879
      From worker 5:	
      From worker 5:	starting b_1.0_c_0.2_N_40_M_4_K_4_P_2_beta_0.001_u_0.001_v_0.001_p_0.0_ϵ_1.0_gens_20000000_210215-221315.879
      From worker 11:	
      From worker 11:	starting b_1.0_c_0.2_N_40_M_4_K_4_P_2_beta_0.001_u_0.001_v_0.025_p_0.0_ϵ_1.0_gens_20000000_210215-221315.879
      From worker 15:	
      From worker 15:	starting b_1.0_c_0.2_N_40_M_4_K_4_P_2_beta_0.001_u_0.001_v_0.1_p_0.0_ϵ_1.0_gens_20000000_210215-221315.879
      From worker 8:	
      From worker 8:	starting b_1.0_c_0.2_N_40_M_4_K_4_P_2_beta_0.001_u_0.001_v_0.025_p_0.0_ϵ_1.0_gens_20000000_210215-221315.879
      From worker 10:	
      From worker 10:	starting b_1.0_c_0.2_N_40_M_4_K_4_P_2_beta_0.001_u_0.001_v_0.025_p_0.0_ϵ_1.0_gens_20000000_210215-221315.879
      From worker 9:	
      From worker 9:	starting b_1.0_c_0.2_N_40_M_4_K_4_P_2_beta_0.001_u_0.001_v_0.025_p_0.0_ϵ_1.0_gens_20000000_210215-221315.879
      From worker 2:	
      From worker 2:	starting b_1.0_c_0.2_N_40_M_4_K_4_P_2_beta_0.001_u_0.001_v_0.001_p_0.0_ϵ_1.0_gens_20000000_210215-221315.879
      From worker 3:	
      From worker 3:	starting b_1.0_c_0.2_N_40_M_4_K_4_P_2_beta_0.001_u_0.001_v_0.001_p_0.0_ϵ_1.0_gens_20000000_210215-221315.879
      From worker 5:	replicate complete, ran 20000000 generations:
      From worker 5:	
      From worker 5:		num_imitating:			20000000
      From worker 5:		num_not_imitating:		0
      From worker 5:		num_strategies_changed:  	543326
      From worker 5:			num_random_strategies: 	19982
      From worker 5:		num_sets_changed: 		817027
      From worker 5:			num_random_opinions: 	20253
      From worker 5:			num_biased_opinions: 	0
      From worker 5:		num_both_changed: 		42741
      From worker 5:	
      From worker 2:	replicate complete, ran 20000000 generations:
      From worker 2:	
      From worker 2:		num_imitating:			20000000
      From worker 2:		num_not_imitating:		0
      From worker 2:		num_strategies_changed:  	545769
      From worker 2:			num_random_strategies: 	19935
      From worker 2:		num_sets_changed: 		852399
      From worker 2:			num_random_opinions: 	19825
      From worker 2:			num_biased_opinions: 	0
      From worker 2:		num_both_changed: 		39501
      From worker 2:	
      From worker 3:	replicate complete, ran 20000000 generations:
      From worker 3:	
      From worker 3:		num_imitating:			20000000
      From worker 3:		num_not_imitating:		0
      From worker 3:		num_strategies_changed:  	527699
      From worker 3:			num_random_strategies: 	20188
      From worker 3:		num_sets_changed: 		846313
      From worker 3:			num_random_opinions: 	19948
      From worker 3:			num_biased_opinions: 	0
      From worker 3:		num_both_changed: 		42154
      From worker 3:	
      From worker 4:	replicate complete, ran 20000000 generations:
      From worker 4:	
      From worker 4:		num_imitating:			20000000
      From worker 4:		num_not_imitating:		0
      From worker 4:		num_strategies_changed:  	530373
      From worker 4:			num_random_strategies: 	20026
      From worker 4:		num_sets_changed: 		795178
      From worker 4:			num_random_opinions: 	19834
      From worker 4:			num_biased_opinions: 	0
      From worker 4:		num_both_changed: 		40267
      From worker 4:	
      From worker 6:	replicate complete, ran 20000000 generations:
      From worker 6:	
      From worker 6:		num_imitating:			20000000
      From worker 6:		num_not_imitating:		0
      From worker 6:		num_strategies_changed:  	538152
      From worker 6:			num_random_strategies: 	20061
      From worker 6:		num_sets_changed: 		841845
      From worker 6:			num_random_opinions: 	20282
      From worker 6:			num_biased_opinions: 	0
      From worker 6:		num_both_changed: 		40161
      From worker 6:	
      From worker 5:	data processed and exported
      From worker 5:	
      From worker 5:	starting b_1.0_c_0.2_N_40_M_4_K_4_P_2_beta_0.001_u_0.001_v_0.001_p_0.25_ϵ_1.0_gens_20000000_210215-221315.879
      From worker 2:	data processed and exported
      From worker 3:	data processed and exported
      From worker 6:	data processed and exported
      From worker 4:	data processed and exported
      From worker 2:	
      From worker 2:	starting b_1.0_c_0.2_N_40_M_4_K_4_P_2_beta_0.001_u_0.001_v_0.001_p_0.25_ϵ_1.0_gens_20000000_210215-221315.879
      From worker 3:	
      From worker 3:	starting b_1.0_c_0.2_N_40_M_4_K_4_P_2_beta_0.001_u_0.001_v_0.001_p_0.25_ϵ_1.0_gens_20000000_210215-221315.879
      From worker 6:	
      From worker 6:	starting b_1.0_c_0.2_N_40_M_4_K_4_P_2_beta_0.001_u_0.001_v_0.001_p_0.25_ϵ_1.0_gens_20000000_210215-221315.879
      From worker 4:	
      From worker 4:	starting b_1.0_c_0.2_N_40_M_4_K_4_P_2_beta_0.001_u_0.001_v_0.001_p_0.25_ϵ_1.0_gens_20000000_210215-221315.879
      From worker 3:	replicate complete, ran 20000000 generations:
      From worker 3:	
      From worker 3:		num_imitating:			17501266
      From worker 3:		num_not_imitating:		2498734
      From worker 3:		num_strategies_changed:  	491575
      From worker 3:			num_random_strategies: 	17623
      From worker 3:		num_sets_changed: 		710489
      From worker 3:			num_random_opinions: 	13197
      From worker 3:			num_biased_opinions: 	4311
      From worker 3:		num_both_changed: 		39260
      From worker 3:	
      From worker 6:	replicate complete, ran 20000000 generations:
      From worker 6:	
      From worker 6:		num_imitating:			17498583
      From worker 6:		num_not_imitating:		2501417
      From worker 6:		num_strategies_changed:  	486001
      From worker 6:			num_random_strategies: 	17622
      From worker 6:		num_sets_changed: 		698432
      From worker 6:			num_random_opinions: 	13118
      From worker 6:			num_biased_opinions: 	4345
      From worker 6:		num_both_changed: 		33023
      From worker 6:	
      From worker 5:	replicate complete, ran 20000000 generations:
      From worker 5:	
      From worker 5:		num_imitating:			17499430
      From worker 5:		num_not_imitating:		2500570
      From worker 5:		num_strategies_changed:  	453125
      From worker 5:			num_random_strategies: 	17338
      From worker 5:		num_sets_changed: 		693913
      From worker 5:			num_random_opinions: 	12974
      From worker 5:			num_biased_opinions: 	4387
      From worker 5:		num_both_changed: 		34362
      From worker 5:	
      From worker 2:	replicate complete, ran 20000000 generations:
      From worker 2:	
      From worker 2:		num_imitating:			17501827
      From worker 2:		num_not_imitating:		2498173
      From worker 2:		num_strategies_changed:  	459739
      From worker 2:			num_random_strategies: 	17209
      From worker 2:		num_sets_changed: 		751659
      From worker 2:			num_random_opinions: 	13074
      From worker 2:			num_biased_opinions: 	4371
      From worker 2:		num_both_changed: 		35713
      From worker 2:	
      From worker 3:	data processed and exported
      From worker 6:	data processed and exported
      From worker 5:	data processed and exported
      From worker 2:	data processed and exported
      From worker 3:	
      From worker 3:	starting b_1.0_c_0.2_N_40_M_4_K_4_P_2_beta_0.001_u_0.001_v_0.001_p_0.5_ϵ_1.0_gens_20000000_210215-221315.879
      From worker 6:	
      From worker 6:	starting b_1.0_c_0.2_N_40_M_4_K_4_P_2_beta_0.001_u_0.001_v_0.001_p_0.5_ϵ_1.0_gens_20000000_210215-221315.879
      From worker 5:	
      From worker 5:	starting b_1.0_c_0.2_N_40_M_4_K_4_P_2_beta_0.001_u_0.001_v_0.001_p_0.5_ϵ_1.0_gens_20000000_210215-221315.879
      From worker 2:	
      From worker 2:	starting b_1.0_c_0.2_N_40_M_4_K_4_P_2_beta_0.001_u_0.001_v_0.001_p_0.5_ϵ_1.0_gens_20000000_210215-221315.879
      From worker 4:	replicate complete, ran 20000000 generations:
      From worker 4:	
      From worker 4:		num_imitating:			17498660
      From worker 4:		num_not_imitating:		2501340
      From worker 4:		num_strategies_changed:  	483518
      From worker 4:			num_random_strategies: 	17661
      From worker 4:		num_sets_changed: 		700131
      From worker 4:			num_random_opinions: 	12974
      From worker 4:			num_biased_opinions: 	4405
      From worker 4:		num_both_changed: 		36637
      From worker 4:	
      From worker 4:	data processed and exported
      From worker 4:	
      From worker 4:	starting b_1.0_c_0.2_N_40_M_4_K_4_P_2_beta_0.001_u_0.001_v_0.001_p_0.5_ϵ_1.0_gens_20000000_210215-221315.879
      From worker 7:	replicate complete, ran 20000000 generations:
      From worker 7:	
      From worker 7:		num_imitating:			20000000
      From worker 7:		num_not_imitating:		0
      From worker 7:		num_strategies_changed:  	550819
      From worker 7:			num_random_strategies: 	19891
      From worker 7:		num_sets_changed: 		9311886
      From worker 7:			num_random_opinions: 	498702
      From worker 7:			num_biased_opinions: 	0
      From worker 7:		num_both_changed: 		371834
      From worker 7:	
      From worker 7:	data processed and exported
      From worker 7:	
      From worker 7:	starting b_1.0_c_0.2_N_40_M_4_K_4_P_2_beta_0.001_u_0.001_v_0.025_p_0.25_ϵ_1.0_gens_20000000_210215-221315.879
      From worker 8:	replicate complete, ran 20000000 generations:
      From worker 8:	
      From worker 8:		num_imitating:			20000000
      From worker 8:		num_not_imitating:		0
      From worker 8:		num_strategies_changed:  	546263
      From worker 8:			num_random_strategies: 	20132
      From worker 8:		num_sets_changed: 		9401709
      From worker 8:			num_random_opinions: 	499724
      From worker 8:			num_biased_opinions: 	0
      From worker 8:		num_both_changed: 		372841
      From worker 8:	
      From worker 8:	data processed and exported
      From worker 8:	
      From worker 8:	starting b_1.0_c_0.2_N_40_M_4_K_4_P_2_beta_0.001_u_0.001_v_0.025_p_0.25_ϵ_1.0_gens_20000000_210215-221315.879
      From worker 10:	replicate complete, ran 20000000 generations:
      From worker 10:	
      From worker 10:		num_imitating:			20000000
      From worker 10:		num_not_imitating:		0
      From worker 10:		num_strategies_changed:  	535245
      From worker 10:			num_random_strategies: 	20003
      From worker 10:		num_sets_changed: 		9489006
      From worker 10:			num_random_opinions: 	499160
      From worker 10:			num_biased_opinions: 	0
      From worker 10:		num_both_changed: 		367351
      From worker 10:	
      From worker 9:	replicate complete, ran 20000000 generations:
      From worker 9:	
      From worker 9:		num_imitating:			20000000
      From worker 9:		num_not_imitating:		0
      From worker 9:		num_strategies_changed:  	546711
      From worker 9:			num_random_strategies: 	20042
      From worker 9:		num_sets_changed: 		9460669
      From worker 9:			num_random_opinions: 	500414
      From worker 9:			num_biased_opinions: 	0
      From worker 9:		num_both_changed: 		376144
      From worker 9:	
      From worker 10:	data processed and exported
      From worker 11:	replicate complete, ran 20000000 generations:
      From worker 11:	
      From worker 11:		num_imitating:			20000000
      From worker 11:		num_not_imitating:		0
      From worker 11:		num_strategies_changed:  	546642
      From worker 11:			num_random_strategies: 	19858
      From worker 11:		num_sets_changed: 		9476834
      From worker 11:			num_random_opinions: 	500444
      From worker 11:			num_biased_opinions: 	0
      From worker 11:		num_both_changed: 		383553
      From worker 11:	
      From worker 10:	
      From worker 10:	starting b_1.0_c_0.2_N_40_M_4_K_4_P_2_beta_0.001_u_0.001_v_0.025_p_0.25_ϵ_1.0_gens_20000000_210215-221315.879
      From worker 9:	data processed and exported
      From worker 9:	
      From worker 9:	starting b_1.0_c_0.2_N_40_M_4_K_4_P_2_beta_0.001_u_0.001_v_0.025_p_0.25_ϵ_1.0_gens_20000000_210215-221315.879
      From worker 11:	data processed and exported
      From worker 11:	
      From worker 11:	starting b_1.0_c_0.2_N_40_M_4_K_4_P_2_beta_0.001_u_0.001_v_0.025_p_0.25_ϵ_1.0_gens_20000000_210215-221315.879
      From worker 2:	replicate complete, ran 20000000 generations:
      From worker 2:	
      From worker 2:		num_imitating:			14999703
      From worker 2:		num_not_imitating:		5000297
      From worker 2:		num_strategies_changed:  	388799
      From worker 2:			num_random_strategies: 	15047
      From worker 2:		num_sets_changed: 		520091
      From worker 2:			num_random_opinions: 	7434
      From worker 2:			num_biased_opinions: 	7322
      From worker 2:		num_both_changed: 		23282
      From worker 2:	
      From worker 3:	replicate complete, ran 20000000 generations:
      From worker 3:	
      From worker 3:		num_imitating:			15004158
      From worker 3:		num_not_imitating:		4995842
      From worker 3:		num_strategies_changed:  	386595
      From worker 3:			num_random_strategies: 	14813
      From worker 3:		num_sets_changed: 		553242
      From worker 3:			num_random_opinions: 	7637
      From worker 3:			num_biased_opinions: 	7468
      From worker 3:		num_both_changed: 		27132
      From worker 3:	
      From worker 6:	replicate complete, ran 20000000 generations:
      From worker 6:	
      From worker 6:		num_imitating:			14997419
      From worker 6:		num_not_imitating:		5002581
      From worker 6:		num_strategies_changed:  	420967
      From worker 6:			num_random_strategies: 	15255
      From worker 6:		num_sets_changed: 		561489
      From worker 6:			num_random_opinions: 	7486
      From worker 6:			num_biased_opinions: 	7380
      From worker 6:		num_both_changed: 		29760
      From worker 6:	
      From worker 2:	data processed and exported
      From worker 3:	data processed and exported
      From worker 5:	replicate complete, ran 20000000 generations:
      From worker 5:	
      From worker 5:		num_imitating:			15003999
      From worker 5:		num_not_imitating:		4996001
      From worker 5:		num_strategies_changed:  	397232
      From worker 5:			num_random_strategies: 	15038
      From worker 5:		num_sets_changed: 		583694
      From worker 5:			num_random_opinions: 	7427
      From worker 5:			num_biased_opinions: 	7622
      From worker 5:		num_both_changed: 		32458
      From worker 5:	
      From worker 2:	
      From worker 2:	starting b_1.0_c_0.2_N_40_M_4_K_4_P_2_beta_0.001_u_0.001_v_0.001_p_0.75_ϵ_1.0_gens_20000000_210215-221315.879
      From worker 3:	
      From worker 3:	starting b_1.0_c_0.2_N_40_M_4_K_4_P_2_beta_0.001_u_0.001_v_0.001_p_0.75_ϵ_1.0_gens_20000000_210215-221315.879
      From worker 6:	data processed and exported
      From worker 5:	data processed and exported
      From worker 6:	
      From worker 6:	starting b_1.0_c_0.2_N_40_M_4_K_4_P_2_beta_0.001_u_0.001_v_0.001_p_0.75_ϵ_1.0_gens_20000000_210215-221315.879
      From worker 5:	
      From worker 5:	starting b_1.0_c_0.2_N_40_M_4_K_4_P_2_beta_0.001_u_0.001_v_0.001_p_0.75_ϵ_1.0_gens_20000000_210215-221315.879
      From worker 4:	replicate complete, ran 20000000 generations:
      From worker 4:	
      From worker 4:		num_imitating:			15000512
      From worker 4:		num_not_imitating:		4999488
      From worker 4:		num_strategies_changed:  	425657
      From worker 4:			num_random_strategies: 	15003
      From worker 4:		num_sets_changed: 		520667
      From worker 4:			num_random_opinions: 	7439
      From worker 4:			num_biased_opinions: 	7479
      From worker 4:		num_both_changed: 		31700
      From worker 4:	
      From worker 4:	data processed and exported
      From worker 4:	
      From worker 4:	starting b_1.0_c_0.2_N_40_M_4_K_4_P_2_beta_0.001_u_0.001_v_0.001_p_0.75_ϵ_1.0_gens_20000000_210215-221315.879
      From worker 12:	replicate complete, ran 20000000 generations:
      From worker 12:	
      From worker 12:		num_imitating:			20000000
      From worker 12:		num_not_imitating:		0
      From worker 12:		num_strategies_changed:  	543344
      From worker 12:			num_random_strategies: 	19832
      From worker 12:		num_sets_changed: 		15267921
      From worker 12:			num_random_opinions: 	2000433
      From worker 12:			num_biased_opinions: 	0
      From worker 12:		num_both_changed: 		489828
      From worker 12:	
      From worker 15:	replicate complete, ran 20000000 generations:
      From worker 15:	
      From worker 15:		num_imitating:			20000000
      From worker 15:		num_not_imitating:		0
      From worker 15:		num_strategies_changed:  	535342
      From worker 15:			num_random_strategies: 	20154
      From worker 15:		num_sets_changed: 		15255430
      From worker 15:			num_random_opinions: 	1996220
      From worker 15:			num_biased_opinions: 	0
      From worker 15:		num_both_changed: 		480900
      From worker 15:	
      From worker 12:	data processed and exported
      From worker 12:	
      From worker 12:	starting b_1.0_c_0.2_N_40_M_4_K_4_P_2_beta_0.001_u_0.001_v_0.1_p_0.25_ϵ_1.0_gens_20000000_210215-221315.879
      From worker 15:	data processed and exported
      From worker 15:	
      From worker 15:	starting b_1.0_c_0.2_N_40_M_4_K_4_P_2_beta_0.001_u_0.001_v_0.1_p_0.25_ϵ_1.0_gens_20000000_210215-221315.879
      From worker 14:	replicate complete, ran 20000000 generations:
      From worker 14:	
      From worker 14:		num_imitating:			20000000
      From worker 14:		num_not_imitating:		0
      From worker 14:		num_strategies_changed:  	568743
      From worker 14:			num_random_strategies: 	20436
      From worker 14:		num_sets_changed: 		15266825
      From worker 14:			num_random_opinions: 	1998825
      From worker 14:			num_biased_opinions: 	0
      From worker 14:		num_both_changed: 		511707
      From worker 14:	
      From worker 14:	data processed and exported
      From worker 14:	
      From worker 14:	starting b_1.0_c_0.2_N_40_M_4_K_4_P_2_beta_0.001_u_0.001_v_0.1_p_0.25_ϵ_1.0_gens_20000000_210215-221315.879
      From worker 16:	replicate complete, ran 20000000 generations:
      From worker 16:	
      From worker 16:		num_imitating:			20000000
      From worker 16:		num_not_imitating:		0
      From worker 16:		num_strategies_changed:  	561155
      From worker 16:			num_random_strategies: 	20027
      From worker 16:		num_sets_changed: 		15278996
      From worker 16:			num_random_opinions: 	2001328
      From worker 16:			num_biased_opinions: 	0
      From worker 16:		num_both_changed: 		504320
      From worker 16:	
      From worker 13:	replicate complete, ran 20000000 generations:
      From worker 13:	
      From worker 13:		num_imitating:			20000000
      From worker 13:		num_not_imitating:		0
      From worker 13:		num_strategies_changed:  	552859
      From worker 13:			num_random_strategies: 	19931
      From worker 13:		num_sets_changed: 		15277176
      From worker 13:			num_random_opinions: 	1999808
      From worker 13:			num_biased_opinions: 	0
      From worker 13:		num_both_changed: 		498183
      From worker 13:	
      From worker 16:	data processed and exported
      From worker 16:	
      From worker 16:	starting b_1.0_c_0.2_N_40_M_4_K_4_P_2_beta_0.001_u_0.001_v_0.1_p_0.25_ϵ_1.0_gens_20000000_210215-221315.879
      From worker 13:	data processed and exported
      From worker 13:	
      From worker 13:	starting b_1.0_c_0.2_N_40_M_4_K_4_P_2_beta_0.001_u_0.001_v_0.1_p_0.25_ϵ_1.0_gens_20000000_210215-221315.879
      From worker 2:	replicate complete, ran 20000000 generations:
      From worker 2:	
      From worker 2:		num_imitating:			12496259
      From worker 2:		num_not_imitating:		7503741
      From worker 2:		num_strategies_changed:  	320967
      From worker 2:			num_random_strategies: 	12507
      From worker 2:		num_sets_changed: 		394603
      From worker 2:			num_random_opinions: 	3166
      From worker 2:			num_biased_opinions: 	9354
      From worker 2:		num_both_changed: 		18554
      From worker 2:	
      From worker 3:	replicate complete, ran 20000000 generations:
      From worker 3:	
      From worker 3:		num_imitating:			12502723
      From worker 3:		num_not_imitating:		7497277
      From worker 3:		num_strategies_changed:  	330125
      From worker 3:			num_random_strategies: 	12278
      From worker 3:		num_sets_changed: 		402539
      From worker 3:			num_random_opinions: 	3002
      From worker 3:			num_biased_opinions: 	9273
      From worker 3:		num_both_changed: 		20258
      From worker 3:	
      From worker 6:	replicate complete, ran 20000000 generations:
      From worker 6:	
      From worker 6:		num_imitating:			12501510
      From worker 6:		num_not_imitating:		7498490
      From worker 6:		num_strategies_changed:  	344148
      From worker 6:			num_random_strategies: 	12445
      From worker 6:		num_sets_changed: 		383825
      From worker 6:			num_random_opinions: 	3104
      From worker 6:			num_biased_opinions: 	9378
      From worker 6:		num_both_changed: 		21964
      From worker 6:	
      From worker 2:	data processed and exported
      From worker 2:	
      From worker 2:	starting b_1.0_c_0.2_N_40_M_4_K_4_P_2_beta_0.001_u_0.001_v_0.001_p_1.0_ϵ_1.0_gens_20000000_210215-221315.879
      From worker 3:	data processed and exported
      From worker 3:	
      From worker 3:	starting b_1.0_c_0.2_N_40_M_4_K_4_P_2_beta_0.001_u_0.001_v_0.001_p_1.0_ϵ_1.0_gens_20000000_210215-221315.879
      From worker 6:	data processed and exported
      From worker 5:	replicate complete, ran 20000000 generations:
      From worker 5:	
      From worker 5:		num_imitating:			12502559
      From worker 5:		num_not_imitating:		7497441
      From worker 5:		num_strategies_changed:  	331519
      From worker 5:			num_random_strategies: 	12406
      From worker 5:		num_sets_changed: 		410018
      From worker 5:			num_random_opinions: 	3106
      From worker 5:			num_biased_opinions: 	9425
      From worker 5:		num_both_changed: 		18891
      From worker 5:	
      From worker 6:	
      From worker 6:	starting b_1.0_c_0.2_N_40_M_4_K_4_P_2_beta_0.001_u_0.001_v_0.001_p_1.0_ϵ_1.0_gens_20000000_210215-221315.879
      From worker 5:	data processed and exported
      From worker 5:	
      From worker 5:	starting b_1.0_c_0.2_N_40_M_4_K_4_P_2_beta_0.001_u_0.001_v_0.001_p_1.0_ϵ_1.0_gens_20000000_210215-221315.879
      From worker 4:	replicate complete, ran 20000000 generations:
      From worker 4:	
      From worker 4:		num_imitating:			12495790
      From worker 4:		num_not_imitating:		7504210
      From worker 4:		num_strategies_changed:  	320781
      From worker 4:			num_random_strategies: 	12434
      From worker 4:		num_sets_changed: 		387900
      From worker 4:			num_random_opinions: 	3132
      From worker 4:			num_biased_opinions: 	9232
      From worker 4:		num_both_changed: 		16240
      From worker 4:	
      From worker 4:	data processed and exported
      From worker 4:	
      From worker 4:	starting b_1.0_c_0.2_N_40_M_4_K_4_P_2_beta_0.001_u_0.001_v_0.001_p_1.0_ϵ_1.0_gens_20000000_210215-221315.879
      From worker 2:	replicate complete, ran 20000000 generations:
      From worker 2:	
      From worker 2:		num_imitating:			10001883
      From worker 2:		num_not_imitating:		9998117
      From worker 2:		num_strategies_changed:  	141250
      From worker 2:			num_random_strategies: 	9879
      From worker 2:		num_sets_changed: 		0
      From worker 2:			num_random_opinions: 	0
      From worker 2:			num_biased_opinions: 	10122
      From worker 2:		num_both_changed: 		0
      From worker 2:	
      From worker 3:	replicate complete, ran 20000000 generations:
      From worker 3:	
      From worker 3:		num_imitating:			10000915
      From worker 3:		num_not_imitating:		9999085
      From worker 3:		num_strategies_changed:  	145554
      From worker 3:			num_random_strategies: 	10089
      From worker 3:		num_sets_changed: 		0
      From worker 3:			num_random_opinions: 	0
      From worker 3:			num_biased_opinions: 	9969
      From worker 3:		num_both_changed: 		0
      From worker 3:	
      From worker 2:	data processed and exported
      From worker 6:	replicate complete, ran 20000000 generations:
      From worker 6:	
      From worker 6:		num_imitating:			10002609
      From worker 6:		num_not_imitating:		9997391
      From worker 6:		num_strategies_changed:  	145356
      From worker 6:			num_random_strategies: 	10056
      From worker 6:		num_sets_changed: 		0
      From worker 6:			num_random_opinions: 	0
      From worker 6:			num_biased_opinions: 	9947
      From worker 6:		num_both_changed: 		0
      From worker 6:	
      From worker 2:	
      From worker 2:	starting b_1.0_c_0.2_N_40_M_4_K_4_P_2_beta_0.001_u_0.001_v_0.001_p_0.0_ϵ_1.0_gens_20000000_210215-221315.879
      From worker 3:	data processed and exported
      From worker 3:	
      From worker 3:	starting b_1.0_c_0.2_N_40_M_4_K_4_P_2_beta_0.001_u_0.001_v_0.001_p_0.0_ϵ_1.0_gens_20000000_210215-221315.879
      From worker 6:	data processed and exported
      From worker 5:	replicate complete, ran 20000000 generations:
      From worker 5:	
      From worker 5:		num_imitating:			9996925
      From worker 5:		num_not_imitating:		10003075
      From worker 5:		num_strategies_changed:  	144836
      From worker 5:			num_random_strategies: 	10093
      From worker 5:		num_sets_changed: 		0
      From worker 5:			num_random_opinions: 	0
      From worker 5:			num_biased_opinions: 	10109
      From worker 5:		num_both_changed: 		0
      From worker 5:	
      From worker 6:	
      From worker 6:	starting b_1.0_c_0.2_N_40_M_4_K_4_P_2_beta_0.001_u_0.001_v_0.001_p_0.0_ϵ_1.0_gens_20000000_210215-221315.879
      From worker 5:	data processed and exported
      From worker 5:	
      From worker 5:	starting b_1.0_c_0.2_N_40_M_4_K_4_P_2_beta_0.001_u_0.001_v_0.001_p_0.0_ϵ_1.0_gens_20000000_210215-221315.879
      From worker 4:	replicate complete, ran 20000000 generations:
      From worker 4:	
      From worker 4:		num_imitating:			9998491
      From worker 4:		num_not_imitating:		10001509
      From worker 4:		num_strategies_changed:  	143478
      From worker 4:			num_random_strategies: 	9920
      From worker 4:		num_sets_changed: 		0
      From worker 4:			num_random_opinions: 	0
      From worker 4:			num_biased_opinions: 	10077
      From worker 4:		num_both_changed: 		0
      From worker 4:	
      From worker 4:	data processed and exported
      From worker 4:	
      From worker 4:	starting b_1.0_c_0.2_N_40_M_4_K_4_P_2_beta_0.001_u_0.001_v_0.001_p_0.0_ϵ_1.0_gens_20000000_210215-221315.879
      From worker 7:	replicate complete, ran 20000000 generations:
      From worker 7:	
      From worker 7:		num_imitating:			17501091
      From worker 7:		num_not_imitating:		2498909
      From worker 7:		num_strategies_changed:  	483071
      From worker 7:			num_random_strategies: 	17376
      From worker 7:		num_sets_changed: 		7931038
      From worker 7:			num_random_opinions: 	327268
      From worker 7:			num_biased_opinions: 	109454
      From worker 7:		num_both_changed: 		319553
      From worker 7:	
      From worker 7:	data processed and exported
      From worker 7:	
      From worker 7:	starting b_1.0_c_0.2_N_40_M_4_K_4_P_2_beta_0.001_u_0.001_v_0.025_p_0.5_ϵ_1.0_gens_20000000_210215-221315.879
      From worker 8:	replicate complete, ran 20000000 generations:
      From worker 8:	
      From worker 8:		num_imitating:			17502691
      From worker 8:		num_not_imitating:		2497309
      From worker 8:		num_strategies_changed:  	489459
      From worker 8:			num_random_strategies: 	17372
      From worker 8:		num_sets_changed: 		7925459
      From worker 8:			num_random_opinions: 	328617
      From worker 8:			num_biased_opinions: 	109650
      From worker 8:		num_both_changed: 		327826
      From worker 8:	
      From worker 8:	data processed and exported
      From worker 8:	
      From worker 8:	starting b_1.0_c_0.2_N_40_M_4_K_4_P_2_beta_0.001_u_0.001_v_0.025_p_0.5_ϵ_1.0_gens_20000000_210215-221315.879
      From worker 10:	replicate complete, ran 20000000 generations:
      From worker 10:	
      From worker 10:		num_imitating:			17499573
      From worker 10:		num_not_imitating:		2500427
      From worker 10:		num_strategies_changed:  	468149
      From worker 10:			num_random_strategies: 	17591
      From worker 10:		num_sets_changed: 		7991149
      From worker 10:			num_random_opinions: 	327758
      From worker 10:			num_biased_opinions: 	109788
      From worker 10:		num_both_changed: 		312880
      From worker 10:	
      From worker 10:	data processed and exported
      From worker 10:	
      From worker 10:	starting b_1.0_c_0.2_N_40_M_4_K_4_P_2_beta_0.001_u_0.001_v_0.025_p_0.5_ϵ_1.0_gens_20000000_210215-221315.879
      From worker 9:	replicate complete, ran 20000000 generations:
      From worker 9:	
      From worker 9:		num_imitating:			17499063
      From worker 9:		num_not_imitating:		2500937
      From worker 9:		num_strategies_changed:  	504088
      From worker 9:			num_random_strategies: 	17516
      From worker 9:		num_sets_changed: 		8001251
      From worker 9:			num_random_opinions: 	329003
      From worker 9:			num_biased_opinions: 	109223
      From worker 9:		num_both_changed: 		344638
      From worker 9:	
      From worker 9:	data processed and exported
      From worker 9:	
      From worker 9:	starting b_1.0_c_0.2_N_40_M_4_K_4_P_2_beta_0.001_u_0.001_v_0.025_p_0.5_ϵ_1.0_gens_20000000_210215-221315.879
      From worker 11:	replicate complete, ran 20000000 generations:
      From worker 11:	
      From worker 11:		num_imitating:			17499448
      From worker 11:		num_not_imitating:		2500552
      From worker 11:		num_strategies_changed:  	474101
      From worker 11:			num_random_strategies: 	17490
      From worker 11:		num_sets_changed: 		8009447
