packages loaded
      From worker 6:	 Activating environment at `/tigress/mk28/CooperationPolarization2/Project.toml`
      From worker 3:	 Activating environment at `/tigress/mk28/CooperationPolarization2/Project.toml`
      From worker 4:	 Activating environment at `/tigress/mk28/CooperationPolarization2/Project.toml`
      From worker 2:	 Activating environment at `/tigress/mk28/CooperationPolarization2/Project.toml`
      From worker 5:	 Activating environment at `/tigress/mk28/CooperationPolarization2/Project.toml`
      From worker 8:	 Activating environment at `/tigress/mk28/CooperationPolarization2/Project.toml`
      From worker 13:	 Activating environment at `/tigress/mk28/CooperationPolarization2/Project.toml`
      From worker 14:	 Activating environment at `/tigress/mk28/CooperationPolarization2/Project.toml`
      From worker 16:	 Activating environment at `/tigress/mk28/CooperationPolarization2/Project.toml`
      From worker 12:	 Activating environment at `/tigress/mk28/CooperationPolarization2/Project.toml`
      From worker 9:	 Activating environment at `/tigress/mk28/CooperationPolarization2/Project.toml`
      From worker 15:	 Activating environment at `/tigress/mk28/CooperationPolarization2/Project.toml`
      From worker 10:	 Activating environment at `/tigress/mk28/CooperationPolarization2/Project.toml`
      From worker 7:	 Activating environment at `/tigress/mk28/CooperationPolarization2/Project.toml`
      From worker 11:	 Activating environment at `/tigress/mk28/CooperationPolarization2/Project.toml`
      From worker 2:	packages loaded
      From worker 7:	packages loaded
      From worker 3:	packages loaded
      From worker 5:	packages loaded
      From worker 13:	packages loaded
      From worker 16:	packages loaded
      From worker 9:	packages loaded
      From worker 6:	packages loaded
      From worker 4:	packages loaded
      From worker 8:	packages loaded
      From worker 15:	packages loaded
      From worker 14:	packages loaded
      From worker 10:	packages loaded
      From worker 11:	packages loaded
      From worker 12:	packages loaded
parameters defined
      From worker 12:	
      From worker 12:	starting b_1.0_c_0.2_N_40_M_3_K_1_P_2_beta_0.001_u_0.001_v_0.125_p_0.0_ϵ_1.0_gens_20000000_210216-234142.559
      From worker 16:	
      From worker 16:	starting b_1.0_c_0.2_N_40_M_3_K_1_P_2_beta_0.001_u_0.001_v_0.625_p_1.0_ϵ_1.0_gens_20000000_210216-234142.559
      From worker 15:	
      From worker 15:	starting b_1.0_c_0.2_N_40_M_3_K_1_P_2_beta_0.001_u_0.001_v_0.2795084971874737_p_0.75_ϵ_1.0_gens_20000000_210216-234142.559
      From worker 3:	
      From worker 3:	starting b_1.0_c_0.2_N_40_M_3_K_1_P_2_beta_0.001_u_0.001_v_0.001_p_0.25_ϵ_1.0_gens_20000000_210216-234142.559
      From worker 4:	
      From worker 4:	starting b_1.0_c_0.2_N_40_M_3_K_1_P_2_beta_0.001_u_0.001_v_0.0022360679774997894_p_0.5_ϵ_1.0_gens_20000000_210216-234142.559
      From worker 5:	
      From worker 5:	starting b_1.0_c_0.2_N_40_M_3_K_1_P_2_beta_0.001_u_0.001_v_0.0022360679774997894_p_0.75_ϵ_1.0_gens_20000000_210216-234142.559
      From worker 6:	
      From worker 6:	starting b_1.0_c_0.2_N_40_M_3_K_1_P_2_beta_0.001_u_0.001_v_0.005_p_1.0_ϵ_1.0_gens_20000000_210216-234142.559
      From worker 8:	
      From worker 8:	starting b_1.0_c_0.2_N_40_M_3_K_1_P_2_beta_0.001_u_0.001_v_0.011180339887498947_p_0.25_ϵ_1.0_gens_20000000_210216-234142.559
      From worker 11:	
      From worker 11:	starting b_1.0_c_0.2_N_40_M_3_K_1_P_2_beta_0.001_u_0.001_v_0.055901699437494755_p_1.0_ϵ_1.0_gens_20000000_210216-234142.559
      From worker 14:	
      From worker 14:	starting b_1.0_c_0.2_N_40_M_3_K_1_P_2_beta_0.001_u_0.001_v_0.2795084971874737_p_0.5_ϵ_1.0_gens_20000000_210216-234142.559
      From worker 7:	
      From worker 7:	starting b_1.0_c_0.2_N_40_M_3_K_1_P_2_beta_0.001_u_0.001_v_0.011180339887498947_p_0.0_ϵ_1.0_gens_20000000_210216-234142.559
      From worker 9:	
      From worker 9:	starting b_1.0_c_0.2_N_40_M_3_K_1_P_2_beta_0.001_u_0.001_v_0.025_p_0.5_ϵ_1.0_gens_20000000_210216-234142.559
      From worker 2:	
      From worker 2:	starting b_1.0_c_0.2_N_40_M_3_K_1_P_2_beta_0.001_u_0.001_v_0.001_p_0.0_ϵ_1.0_gens_20000000_210216-234142.559
      From worker 10:	
      From worker 10:	starting b_1.0_c_0.2_N_40_M_3_K_1_P_2_beta_0.001_u_0.001_v_0.025_p_0.75_ϵ_1.0_gens_20000000_210216-234142.559
      From worker 13:	
      From worker 13:	starting b_1.0_c_0.2_N_40_M_3_K_1_P_2_beta_0.001_u_0.001_v_0.125_p_0.25_ϵ_1.0_gens_20000000_210216-234142.559
      From worker 6:	replicate complete, ran 20000000 generations:
      From worker 6:	
      From worker 6:		num_imitating:			10002660
      From worker 6:		num_not_imitating:		9997340
      From worker 6:		num_strategies_changed:  	148176
      From worker 6:			num_random_strategies: 	10145
      From worker 6:		num_sets_changed: 		601475
      From worker 6:			num_random_opinions: 	0
      From worker 6:			num_biased_opinions: 	49688
      From worker 6:		num_both_changed: 		16542
      From worker 6:	
      From worker 6:	data processed and exported
      From worker 6:	
      From worker 6:	starting b_1.0_c_0.2_N_40_M_3_K_1_P_2_beta_0.001_u_0.001_v_0.005_p_0.0_ϵ_1.0_gens_20000000_210216-234142.559
      From worker 3:	replicate complete, ran 20000000 generations:
      From worker 3:	
      From worker 3:		num_imitating:			17498511
      From worker 3:		num_not_imitating:		2501489
      From worker 3:		num_strategies_changed:  	487663
      From worker 3:			num_random_strategies: 	17510
      From worker 3:		num_sets_changed: 		533466
      From worker 3:			num_random_opinions: 	13219
      From worker 3:			num_biased_opinions: 	4284
      From worker 3:		num_both_changed: 		24863
      From worker 3:	
      From worker 3:	data processed and exported
      From worker 3:	
      From worker 3:	starting b_1.0_c_0.2_N_40_M_3_K_1_P_2_beta_0.001_u_0.001_v_0.001_p_0.5_ϵ_1.0_gens_20000000_210216-234142.559
      From worker 2:	replicate complete, ran 20000000 generations:
      From worker 2:	
      From worker 2:		num_imitating:			20000000
      From worker 2:		num_not_imitating:		0
      From worker 2:		num_strategies_changed:  	544820
      From worker 2:			num_random_strategies: 	20060
      From worker 2:		num_sets_changed: 		588066
      From worker 2:			num_random_opinions: 	19846
      From worker 2:			num_biased_opinions: 	0
      From worker 2:		num_both_changed: 		34432
      From worker 2:	
      From worker 5:	replicate complete, ran 20000000 generations:
      From worker 5:	
      From worker 5:		num_imitating:			12499904
      From worker 5:		num_not_imitating:		7500096
      From worker 5:		num_strategies_changed:  	370619
      From worker 5:			num_random_strategies: 	12501
      From worker 5:		num_sets_changed: 		786722
      From worker 5:			num_random_opinions: 	6927
      From worker 5:			num_biased_opinions: 	20815
      From worker 5:		num_both_changed: 		45737
      From worker 5:	
      From worker 2:	data processed and exported
      From worker 5:	data processed and exported
      From worker 2:	
      From worker 2:	starting b_1.0_c_0.2_N_40_M_3_K_1_P_2_beta_0.001_u_0.001_v_0.001_p_0.25_ϵ_1.0_gens_20000000_210216-234142.559
      From worker 5:	
      From worker 5:	starting b_1.0_c_0.2_N_40_M_3_K_1_P_2_beta_0.001_u_0.001_v_0.0022360679774997894_p_1.0_ϵ_1.0_gens_20000000_210216-234142.559
      From worker 4:	replicate complete, ran 20000000 generations:
      From worker 4:	
      From worker 4:		num_imitating:			14996969
      From worker 4:		num_not_imitating:		5003031
      From worker 4:		num_strategies_changed:  	418532
      From worker 4:			num_random_strategies: 	14979
      From worker 4:		num_sets_changed: 		978476
      From worker 4:			num_random_opinions: 	16822
      From worker 4:			num_biased_opinions: 	16739
      From worker 4:		num_both_changed: 		54782
      From worker 4:	
      From worker 4:	data processed and exported
      From worker 4:	
      From worker 4:	starting b_1.0_c_0.2_N_40_M_3_K_1_P_2_beta_0.001_u_0.001_v_0.0022360679774997894_p_0.75_ϵ_1.0_gens_20000000_210216-234142.559
      From worker 11:	replicate complete, ran 20000000 generations:
      From worker 11:	
      From worker 11:		num_imitating:			10000430
      From worker 11:		num_not_imitating:		9999570
      From worker 11:		num_strategies_changed:  	144119
      From worker 11:			num_random_strategies: 	9962
      From worker 11:		num_sets_changed: 		3585452
      From worker 11:			num_random_opinions: 	0
      From worker 11:			num_biased_opinions: 	558418
      From worker 11:		num_both_changed: 		73631
      From worker 11:	
      From worker 11:	data processed and exported
      From worker 11:	
      From worker 11:	starting b_1.0_c_0.2_N_40_M_3_K_1_P_2_beta_0.001_u_0.001_v_0.055901699437494755_p_0.0_ϵ_1.0_gens_20000000_210216-234142.559
      From worker 8:	replicate complete, ran 20000000 generations:
      From worker 8:	
      From worker 8:		num_imitating:			17502221
      From worker 8:		num_not_imitating:		2497779
      From worker 8:		num_strategies_changed:  	492884
      From worker 8:			num_random_strategies: 	17413
      From worker 8:		num_sets_changed: 		4351304
      From worker 8:			num_random_opinions: 	146457
      From worker 8:			num_biased_opinions: 	49020
      From worker 8:		num_both_changed: 		205290
      From worker 8:	
      From worker 8:	data processed and exported
      From worker 8:	
      From worker 8:	starting b_1.0_c_0.2_N_40_M_3_K_1_P_2_beta_0.001_u_0.001_v_0.011180339887498947_p_0.5_ϵ_1.0_gens_20000000_210216-234142.559
      From worker 10:	replicate complete, ran 20000000 generations:
      From worker 10:	
      From worker 10:		num_imitating:			12498591
      From worker 10:		num_not_imitating:		7501409
      From worker 10:		num_strategies_changed:  	346541
      From worker 10:			num_random_strategies: 	12598
      From worker 10:		num_sets_changed: 		5088356
      From worker 10:			num_random_opinions: 	77997
      From worker 10:			num_biased_opinions: 	234800
      From worker 10:		num_both_changed: 		216592
      From worker 10:	
      From worker 10:	data processed and exported
      From worker 10:	
      From worker 10:	starting b_1.0_c_0.2_N_40_M_3_K_1_P_2_beta_0.001_u_0.001_v_0.025_p_1.0_ϵ_1.0_gens_20000000_210216-234142.559
      From worker 7:	replicate complete, ran 20000000 generations:
      From worker 7:	
      From worker 7:		num_imitating:			20000000
      From worker 7:		num_not_imitating:		0
      From worker 7:		num_strategies_changed:  	592537
      From worker 7:			num_random_strategies: 	20092
      From worker 7:		num_sets_changed: 		5008718
      From worker 7:			num_random_opinions: 	224108
      From worker 7:			num_biased_opinions: 	0
      From worker 7:		num_both_changed: 		239702
      From worker 7:	
      From worker 7:	data processed and exported
      From worker 16:	replicate complete, ran 20000000 generations:
      From worker 16:	
      From worker 16:		num_imitating:			9999985
      From worker 16:		num_not_imitating:		10000015
      From worker 16:		num_strategies_changed:  	149067
      From worker 16:			num_random_strategies: 	9917
      From worker 16:		num_sets_changed: 		6473609
      From worker 16:			num_random_opinions: 	0
      From worker 16:			num_biased_opinions: 	6249688
      From worker 16:		num_both_changed: 		98964
      From worker 16:	
      From worker 7:	
      From worker 7:	starting b_1.0_c_0.2_N_40_M_3_K_1_P_2_beta_0.001_u_0.001_v_0.011180339887498947_p_0.25_ϵ_1.0_gens_20000000_210216-234142.559
      From worker 16:	data processed and exported
      From worker 16:	
      From worker 16:	starting b_1.0_c_0.2_N_40_M_3_K_1_P_2_beta_0.001_u_0.001_v_0.625_p_0.0_ϵ_1.0_gens_20000000_210216-234142.559
      From worker 9:	replicate complete, ran 20000000 generations:
      From worker 9:	
      From worker 9:		num_imitating:			15000134
      From worker 9:		num_not_imitating:		4999866
      From worker 9:		num_strategies_changed:  	433700
      From worker 9:			num_random_strategies: 	14952
      From worker 9:		num_sets_changed: 		6136113
      From worker 9:			num_random_opinions: 	187655
      From worker 9:			num_biased_opinions: 	187596
      From worker 9:		num_both_changed: 		264141
      From worker 9:	
      From worker 9:	data processed and exported
      From worker 9:	
      From worker 9:	starting b_1.0_c_0.2_N_40_M_3_K_1_P_2_beta_0.001_u_0.001_v_0.025_p_0.75_ϵ_1.0_gens_20000000_210216-234142.559
      From worker 15:	replicate complete, ran 20000000 generations:
      From worker 15:	
      From worker 15:		num_imitating:			12499678
      From worker 15:		num_not_imitating:		7500322
      From worker 15:		num_strategies_changed:  	369429
      From worker 15:			num_random_strategies: 	12477
      From worker 15:		num_sets_changed: 		9346961
      From worker 15:			num_random_opinions: 	873913
      From worker 15:			num_biased_opinions: 	2617721
      From worker 15:		num_both_changed: 		299470
      From worker 15:	
      From worker 15:	data processed and exported
      From worker 15:	
      From worker 15:	starting b_1.0_c_0.2_N_40_M_3_K_1_P_2_beta_0.001_u_0.001_v_0.2795084971874737_p_1.0_ϵ_1.0_gens_20000000_210216-234142.559
      From worker 14:	replicate complete, ran 20000000 generations:
      From worker 14:	
      From worker 14:		num_imitating:			14996065
      From worker 14:		num_not_imitating:		5003935
      From worker 14:		num_strategies_changed:  	423083
      From worker 14:			num_random_strategies: 	14882
      From worker 14:		num_sets_changed: 		11567449
      From worker 14:			num_random_opinions: 	2095549
      From worker 14:			num_biased_opinions: 	2096502
      From worker 14:		num_both_changed: 		348276
      From worker 14:	
      From worker 14:	data processed and exported
      From worker 14:	
      From worker 14:	starting b_1.0_c_0.2_N_40_M_3_K_1_P_2_beta_0.001_u_0.001_v_0.2795084971874737_p_0.75_ϵ_1.0_gens_20000000_210216-234142.559
      From worker 13:	replicate complete, ran 20000000 generations:
      From worker 13:	
      From worker 13:		num_imitating:			17499651
      From worker 13:		num_not_imitating:		2500349
      From worker 13:		num_strategies_changed:  	482970
      From worker 13:			num_random_strategies: 	17256
      From worker 13:		num_sets_changed: 		12335566
      From worker 13:			num_random_opinions: 	1642241
      From worker 13:			num_biased_opinions: 	546160
      From worker 13:		num_both_changed: 		392595
      From worker 13:	
      From worker 13:	data processed and exported
      From worker 13:	
      From worker 13:	starting b_1.0_c_0.2_N_40_M_3_K_1_P_2_beta_0.001_u_0.001_v_0.125_p_0.5_ϵ_1.0_gens_20000000_210216-234142.559
      From worker 12:	replicate complete, ran 20000000 generations:
      From worker 12:	
      From worker 12:		num_imitating:			20000000
      From worker 12:		num_not_imitating:		0
      From worker 12:		num_strategies_changed:  	572938
      From worker 12:			num_random_strategies: 	20022
      From worker 12:		num_sets_changed: 		14151162
      From worker 12:			num_random_opinions: 	2500255
      From worker 12:			num_biased_opinions: 	0
      From worker 12:		num_both_changed: 		463625
      From worker 12:	
      From worker 12:	data processed and exported
      From worker 12:	
      From worker 12:	starting b_1.0_c_0.2_N_40_M_3_K_1_P_2_beta_0.001_u_0.001_v_0.125_p_0.25_ϵ_1.0_gens_20000000_210216-234142.559
      From worker 5:	replicate complete, ran 20000000 generations:
      From worker 5:	
      From worker 5:		num_imitating:			9998501
      From worker 5:		num_not_imitating:		10001499
      From worker 5:		num_strategies_changed:  	148013
      From worker 5:			num_random_strategies: 	9911
      From worker 5:		num_sets_changed: 		279443
      From worker 5:			num_random_opinions: 	0
      From worker 5:			num_biased_opinions: 	22434
      From worker 5:		num_both_changed: 		6485
      From worker 5:	
      From worker 3:	replicate complete, ran 20000000 generations:
      From worker 3:	
      From worker 3:		num_imitating:			14996692
      From worker 3:		num_not_imitating:		5003308
      From worker 3:		num_strategies_changed:  	443666
      From worker 3:			num_random_strategies: 	15014
      From worker 3:		num_sets_changed: 		450338
      From worker 3:			num_random_opinions: 	7405
      From worker 3:			num_biased_opinions: 	7524
      From worker 3:		num_both_changed: 		27126
      From worker 3:	
      From worker 5:	data processed and exported
      From worker 5:	
      From worker 5:	starting b_1.0_c_0.2_N_40_M_3_K_1_P_2_beta_0.001_u_0.001_v_0.005_p_0.0_ϵ_1.0_gens_20000000_210216-234142.559
      From worker 3:	data processed and exported
      From worker 3:	
      From worker 3:	starting b_1.0_c_0.2_N_40_M_3_K_1_P_2_beta_0.001_u_0.001_v_0.001_p_0.75_ϵ_1.0_gens_20000000_210216-234142.559
      From worker 2:	replicate complete, ran 20000000 generations:
      From worker 2:	
      From worker 2:		num_imitating:			17498118
      From worker 2:		num_not_imitating:		2501882
      From worker 2:		num_strategies_changed:  	485675
      From worker 2:			num_random_strategies: 	17357
      From worker 2:		num_sets_changed: 		560588
      From worker 2:			num_random_opinions: 	13087
      From worker 2:			num_biased_opinions: 	4308
      From worker 2:		num_both_changed: 		32477
      From worker 2:	
      From worker 2:	data processed and exported
      From worker 2:	
      From worker 2:	starting b_1.0_c_0.2_N_40_M_3_K_1_P_2_beta_0.001_u_0.001_v_0.001_p_0.5_ϵ_1.0_gens_20000000_210216-234142.559
      From worker 4:	replicate complete, ran 20000000 generations:
      From worker 4:	
      From worker 4:		num_imitating:			12502727
      From worker 4:		num_not_imitating:		7497273
      From worker 4:		num_strategies_changed:  	347661
      From worker 4:			num_random_strategies: 	12404
      From worker 4:		num_sets_changed: 		844561
      From worker 4:			num_random_opinions: 	7036
      From worker 4:			num_biased_opinions: 	20941
      From worker 4:		num_both_changed: 		42541
      From worker 4:	
      From worker 4:	data processed and exported
      From worker 4:	
      From worker 4:	starting b_1.0_c_0.2_N_40_M_3_K_1_P_2_beta_0.001_u_0.001_v_0.0022360679774997894_p_1.0_ϵ_1.0_gens_20000000_210216-234142.559
      From worker 6:	replicate complete, ran 20000000 generations:
      From worker 6:	
      From worker 6:		num_imitating:			20000000
      From worker 6:		num_not_imitating:		0
      From worker 6:		num_strategies_changed:  	564440
      From worker 6:			num_random_strategies: 	19859
      From worker 6:		num_sets_changed: 		2654660
      From worker 6:			num_random_opinions: 	100097
      From worker 6:			num_biased_opinions: 	0
      From worker 6:		num_both_changed: 		133951
      From worker 6:	
      From worker 6:	data processed and exported
      From worker 6:	
      From worker 6:	starting b_1.0_c_0.2_N_40_M_3_K_1_P_2_beta_0.001_u_0.001_v_0.005_p_0.25_ϵ_1.0_gens_20000000_210216-234142.559
      From worker 10:	replicate complete, ran 20000000 generations:
      From worker 10:	
      From worker 10:		num_imitating:			10001559
      From worker 10:		num_not_imitating:		9998441
      From worker 10:		num_strategies_changed:  	145456
      From worker 10:			num_random_strategies: 	9943
      From worker 10:		num_sets_changed: 		2256748
      From worker 10:			num_random_opinions: 	0
      From worker 10:			num_biased_opinions: 	250965
      From worker 10:		num_both_changed: 		51565
      From worker 10:	
      From worker 10:	data processed and exported
      From worker 10:	
      From worker 10:	starting b_1.0_c_0.2_N_40_M_3_K_1_P_2_beta_0.001_u_0.001_v_0.055901699437494755_p_0.0_ϵ_1.0_gens_20000000_210216-234142.559
      From worker 8:	replicate complete, ran 20000000 generations:
      From worker 8:	
      From worker 8:		num_imitating:			14995181
      From worker 8:		num_not_imitating:		5004819
      From worker 8:		num_strategies_changed:  	430586
      From worker 8:			num_random_strategies: 	14960
      From worker 8:		num_sets_changed: 		3694072
      From worker 8:			num_random_opinions: 	83753
      From worker 8:			num_biased_opinions: 	83573
      From worker 8:		num_both_changed: 		174721
      From worker 8:	
      From worker 8:	data processed and exported
      From worker 8:	
      From worker 8:	starting b_1.0_c_0.2_N_40_M_3_K_1_P_2_beta_0.001_u_0.001_v_0.011180339887498947_p_0.75_ϵ_1.0_gens_20000000_210216-234142.559
      From worker 7:	replicate complete, ran 20000000 generations:
      From worker 7:	
      From worker 7:		num_imitating:			17499647
      From worker 7:		num_not_imitating:		2500353
      From worker 7:		num_strategies_changed:  	520473
      From worker 7:			num_random_strategies: 	17508
      From worker 7:		num_sets_changed: 		4288757
      From worker 7:			num_random_opinions: 	145889
      From worker 7:			num_biased_opinions: 	48929
      From worker 7:		num_both_changed: 		203082
      From worker 7:	
      From worker 7:	data processed and exported
      From worker 7:	
      From worker 7:	starting b_1.0_c_0.2_N_40_M_3_K_1_P_2_beta_0.001_u_0.001_v_0.011180339887498947_p_0.5_ϵ_1.0_gens_20000000_210216-234142.559
      From worker 9:	replicate complete, ran 20000000 generations:
      From worker 9:	
      From worker 9:		num_imitating:			12497644
      From worker 9:		num_not_imitating:		7502356
      From worker 9:		num_strategies_changed:  	349050
      From worker 9:			num_random_strategies: 	12543
      From worker 9:		num_sets_changed: 		5088134
      From worker 9:			num_random_opinions: 	78593
      From worker 9:			num_biased_opinions: 	234949
      From worker 9:		num_both_changed: 		211307
      From worker 9:	
      From worker 9:	data processed and exported
      From worker 9:	
      From worker 9:	starting b_1.0_c_0.2_N_40_M_3_K_1_P_2_beta_0.001_u_0.001_v_0.025_p_1.0_ϵ_1.0_gens_20000000_210216-234142.559
      From worker 15:	replicate complete, ran 20000000 generations:
      From worker 15:	
      From worker 15:		num_imitating:			9998230
      From worker 15:		num_not_imitating:		10001770
      From worker 15:		num_strategies_changed:  	147345
      From worker 15:			num_random_strategies: 	9995
      From worker 15:		num_sets_changed: 		5900300
      From worker 15:			num_random_opinions: 	0
      From worker 15:			num_biased_opinions: 	2793576
      From worker 15:		num_both_changed: 		96309
      From worker 15:	
      From worker 15:	data processed and exported
      From worker 15:	
      From worker 15:	starting b_1.0_c_0.2_N_40_M_3_K_1_P_2_beta_0.001_u_0.001_v_0.625_p_0.0_ϵ_1.0_gens_20000000_210216-234142.559
      From worker 11:	replicate complete, ran 20000000 generations:
      From worker 11:	
      From worker 11:		num_imitating:			20000000
      From worker 11:		num_not_imitating:		0
      From worker 11:		num_strategies_changed:  	525685
      From worker 11:			num_random_strategies: 	20001
      From worker 11:		num_sets_changed: 		11612074
      From worker 11:			num_random_opinions: 	1118745
      From worker 11:			num_biased_opinions: 	0
      From worker 11:		num_both_changed: 		389741
      From worker 11:	
      From worker 11:	data processed and exported
      From worker 11:	
      From worker 11:	starting b_1.0_c_0.2_N_40_M_3_K_1_P_2_beta_0.001_u_0.001_v_0.055901699437494755_p_0.25_ϵ_1.0_gens_20000000_210216-234142.559
      From worker 3:	replicate complete, ran 20000000 generations:
      From worker 3:	
      From worker 3:		num_imitating:			12498853
      From worker 3:		num_not_imitating:		7501147
      From worker 3:		num_strategies_changed:  	360555
      From worker 3:			num_random_strategies: 	12430
      From worker 3:		num_sets_changed: 		395213
      From worker 3:			num_random_opinions: 	3111
      From worker 3:			num_biased_opinions: 	9341
      From worker 3:		num_both_changed: 		24443
      From worker 3:	
      From worker 3:	data processed and exported
      From worker 3:	
      From worker 3:	starting b_1.0_c_0.2_N_40_M_3_K_1_P_2_beta_0.001_u_0.001_v_0.001_p_1.0_ϵ_1.0_gens_20000000_210216-234142.559
      From worker 4:	replicate complete, ran 20000000 generations:
      From worker 4:	
      From worker 4:		num_imitating:			9998836
      From worker 4:		num_not_imitating:		10001164
      From worker 4:		num_strategies_changed:  	149946
      From worker 4:			num_random_strategies: 	9952
      From worker 4:		num_sets_changed: 		276919
      From worker 4:			num_random_opinions: 	0
      From worker 4:			num_biased_opinions: 	22228
      From worker 4:		num_both_changed: 		8141
      From worker 4:	
      From worker 2:	replicate complete, ran 20000000 generations:
      From worker 2:	
      From worker 2:		num_imitating:			15002377
      From worker 2:		num_not_imitating:		4997623
      From worker 2:		num_strategies_changed:  	409800
      From worker 2:			num_random_strategies: 	15011
      From worker 2:		num_sets_changed: 		477194
      From worker 2:			num_random_opinions: 	7538
      From worker 2:			num_biased_opinions: 	7455
      From worker 2:		num_both_changed: 		23034
      From worker 2:	
      From worker 4:	data processed and exported
      From worker 4:	
      From worker 4:	starting b_1.0_c_0.2_N_40_M_3_K_1_P_2_beta_0.001_u_0.001_v_0.0022360679774997894_p_0.0_ϵ_1.0_gens_20000000_210216-234142.559
      From worker 2:	data processed and exported
      From worker 2:	
      From worker 2:	starting b_1.0_c_0.2_N_40_M_3_K_1_P_2_beta_0.001_u_0.001_v_0.001_p_0.75_ϵ_1.0_gens_20000000_210216-234142.559
      From worker 5:	replicate complete, ran 20000000 generations:
      From worker 5:	
      From worker 5:		num_imitating:			20000000
      From worker 5:		num_not_imitating:		0
      From worker 5:		num_strategies_changed:  	571226
      From worker 5:			num_random_strategies: 	19971
      From worker 5:		num_sets_changed: 		2655100
      From worker 5:			num_random_opinions: 	99262
      From worker 5:			num_biased_opinions: 	0
      From worker 5:		num_both_changed: 		130350
      From worker 5:	
      From worker 5:	data processed and exported
      From worker 5:	
      From worker 5:	starting b_1.0_c_0.2_N_40_M_3_K_1_P_2_beta_0.001_u_0.001_v_0.005_p_0.25_ϵ_1.0_gens_20000000_210216-234142.559
      From worker 14:	replicate complete, ran 20000000 generations:
      From worker 14:	
      From worker 14:		num_imitating:			12500598
      From worker 14:		num_not_imitating:		7499402
      From worker 14:		num_strategies_changed:  	359180
      From worker 14:			num_random_strategies: 	12472
      From worker 14:		num_sets_changed: 		9345195
      From worker 14:			num_random_opinions: 	874995
      From worker 14:			num_biased_opinions: 	2618539
      From worker 14:		num_both_changed: 		289725
      From worker 14:	
      From worker 14:	data processed and exported
      From worker 14:	
      From worker 14:	starting b_1.0_c_0.2_N_40_M_3_K_1_P_2_beta_0.001_u_0.001_v_0.2795084971874737_p_1.0_ϵ_1.0_gens_20000000_210216-234142.559
      From worker 16:	replicate complete, ran 20000000 generations:
      From worker 16:	
      From worker 16:		num_imitating:			20000000
      From worker 16:		num_not_imitating:		0
      From worker 16:		num_strategies_changed:  	600079
      From worker 16:			num_random_strategies: 	20105
      From worker 16:		num_sets_changed: 		16420386
      From worker 16:			num_random_opinions: 	12500699
      From worker 16:			num_biased_opinions: 	0
      From worker 16:		num_both_changed: 		499912
      From worker 16:	
      From worker 16:	data processed and exported
      From worker 6:	replicate complete, ran 20000000 generations:
      From worker 6:	
      From worker 6:		num_imitating:			17498369
      From worker 6:		num_not_imitating:		2501631
      From worker 6:		num_strategies_changed:  	490219
      From worker 6:			num_random_strategies: 	17397
      From worker 6:		num_sets_changed: 		2336932
      From worker 6:			num_random_opinions: 	66335
      From worker 6:			num_biased_opinions: 	21676
      From worker 6:		num_both_changed: 		125187
      From worker 6:	
      From worker 16:	
      From worker 16:	starting b_1.0_c_0.2_N_40_M_3_K_1_P_2_beta_0.001_u_0.001_v_0.625_p_0.25_ϵ_1.0_gens_20000000_210216-234142.559
      From worker 6:	data processed and exported
      From worker 6:	
      From worker 6:	starting b_1.0_c_0.2_N_40_M_3_K_1_P_2_beta_0.001_u_0.001_v_0.005_p_0.5_ϵ_1.0_gens_20000000_210216-234142.559
      From worker 13:	replicate complete, ran 20000000 generations:
      From worker 13:	
      From worker 13:		num_imitating:			15002173
      From worker 13:		num_not_imitating:		4997827
      From worker 13:		num_strategies_changed:  	435293
      From worker 13:			num_random_strategies: 	15014
      From worker 13:		num_sets_changed: 		10507358
      From worker 13:			num_random_opinions: 	938630
      From worker 13:			num_biased_opinions: 	938174
      From worker 13:		num_both_changed: 		351824
      From worker 13:	
      From worker 13:	data processed and exported
      From worker 13:	
      From worker 13:	starting b_1.0_c_0.2_N_40_M_3_K_1_P_2_beta_0.001_u_0.001_v_0.125_p_0.75_ϵ_1.0_gens_20000000_210216-234142.559
      From worker 12:	replicate complete, ran 20000000 generations:
      From worker 12:	
      From worker 12:		num_imitating:			17498135
      From worker 12:		num_not_imitating:		2501865
      From worker 12:		num_strategies_changed:  	505134
      From worker 12:			num_random_strategies: 	17667
      From worker 12:		num_sets_changed: 		12343037
      From worker 12:			num_random_opinions: 	1641223
      From worker 12:			num_biased_opinions: 	546782
      From worker 12:		num_both_changed: 		409211
      From worker 12:	
      From worker 12:	data processed and exported
      From worker 12:	
      From worker 12:	starting b_1.0_c_0.2_N_40_M_3_K_1_P_2_beta_0.001_u_0.001_v_0.125_p_0.5_ϵ_1.0_gens_20000000_210216-234142.559
      From worker 8:	replicate complete, ran 20000000 generations:
      From worker 8:	
      From worker 8:		num_imitating:			12499455
      From worker 8:		num_not_imitating:		7500545
      From worker 8:		num_strategies_changed:  	345902
      From worker 8:			num_random_strategies: 	12325
      From worker 8:		num_sets_changed: 		3121645
      From worker 8:			num_random_opinions: 	34903
      From worker 8:			num_biased_opinions: 	104832
      From worker 8:		num_both_changed: 		142712
      From worker 8:	
      From worker 8:	data processed and exported
      From worker 8:	
      From worker 8:	starting b_1.0_c_0.2_N_40_M_3_K_1_P_2_beta_0.001_u_0.001_v_0.011180339887498947_p_1.0_ϵ_1.0_gens_20000000_210216-234142.559
      From worker 7:	replicate complete, ran 20000000 generations:
      From worker 7:	
      From worker 7:		num_imitating:			14998416
      From worker 7:		num_not_imitating:		5001584
      From worker 7:		num_strategies_changed:  	453222
      From worker 7:			num_random_strategies: 	14979
      From worker 7:		num_sets_changed: 		3758445
      From worker 7:			num_random_opinions: 	83533
      From worker 7:			num_biased_opinions: 	84017
      From worker 7:		num_both_changed: 		188706
      From worker 7:	
      From worker 7:	data processed and exported
      From worker 7:	
      From worker 7:	starting b_1.0_c_0.2_N_40_M_3_K_1_P_2_beta_0.001_u_0.001_v_0.011180339887498947_p_0.75_ϵ_1.0_gens_20000000_210216-234142.559
      From worker 9:	replicate complete, ran 20000000 generations:
      From worker 9:	
      From worker 9:		num_imitating:			10000511
      From worker 9:		num_not_imitating:		9999489
      From worker 9:		num_strategies_changed:  	146130
      From worker 9:			num_random_strategies: 	10008
      From worker 9:		num_sets_changed: 		2243012
      From worker 9:			num_random_opinions: 	0
      From worker 9:			num_biased_opinions: 	249638
      From worker 9:		num_both_changed: 		53170
      From worker 9:	
      From worker 9:	data processed and exported
      From worker 9:	
      From worker 9:	starting b_1.0_c_0.2_N_40_M_3_K_1_P_2_beta_0.001_u_0.001_v_0.025_p_0.0_ϵ_1.0_gens_20000000_210216-234142.559
      From worker 3:	replicate complete, ran 20000000 generations:
      From worker 3:	
      From worker 3:		num_imitating:			10002980
      From worker 3:		num_not_imitating:		9997020
      From worker 3:		num_strategies_changed:  	144957
      From worker 3:			num_random_strategies: 	10062
      From worker 3:		num_sets_changed: 		133368
      From worker 3:			num_random_opinions: 	0
      From worker 3:			num_biased_opinions: 	10104
      From worker 3:		num_both_changed: 		3701
      From worker 3:	
      From worker 3:	data processed and exported
      From worker 3:	
      From worker 3:	starting b_1.0_c_0.2_N_40_M_3_K_1_P_2_beta_0.001_u_0.001_v_0.0022360679774997894_p_0.0_ϵ_1.0_gens_20000000_210216-234142.559
      From worker 2:	replicate complete, ran 20000000 generations:
      From worker 2:	
      From worker 2:		num_imitating:			12499278
      From worker 2:		num_not_imitating:		7500722
      From worker 2:		num_strategies_changed:  	368864
      From worker 2:			num_random_strategies: 	12426
      From worker 2:		num_sets_changed: 		385476
      From worker 2:			num_random_opinions: 	3156
      From worker 2:			num_biased_opinions: 	9353
      From worker 2:		num_both_changed: 		22430
      From worker 2:	
      From worker 2:	data processed and exported
      From worker 2:	
      From worker 2:	starting b_1.0_c_0.2_N_40_M_3_K_1_P_2_beta_0.001_u_0.001_v_0.001_p_1.0_ϵ_1.0_gens_20000000_210216-234142.559
      From worker 4:	replicate complete, ran 20000000 generations:
      From worker 4:	
      From worker 4:		num_imitating:			20000000
      From worker 4:		num_not_imitating:		0
      From worker 4:		num_strategies_changed:  	578641
      From worker 4:			num_random_strategies: 	19934
      From worker 4:		num_sets_changed: 		1337662
      From worker 4:			num_random_opinions: 	44670
      From worker 4:			num_biased_opinions: 	0
      From worker 4:		num_both_changed: 		71562
      From worker 4:	
      From worker 4:	data processed and exported
      From worker 4:	
      From worker 4:	starting b_1.0_c_0.2_N_40_M_3_K_1_P_2_beta_0.001_u_0.001_v_0.0022360679774997894_p_0.25_ϵ_1.0_gens_20000000_210216-234142.559
      From worker 10:	replicate complete, ran 20000000 generations:
      From worker 10:	
      From worker 10:		num_imitating:			20000000
      From worker 10:		num_not_imitating:		0
      From worker 10:		num_strategies_changed:  	580707
      From worker 10:			num_random_strategies: 	20193
      From worker 10:		num_sets_changed: 		11615687
      From worker 10:			num_random_opinions: 	1119758
      From worker 10:			num_biased_opinions: 	0
      From worker 10:		num_both_changed: 		432385
      From worker 10:	
      From worker 10:	data processed and exported
      From worker 10:	
      From worker 10:	starting b_1.0_c_0.2_N_40_M_3_K_1_P_2_beta_0.001_u_0.001_v_0.055901699437494755_p_0.25_ϵ_1.0_gens_20000000_210216-234142.559
      From worker 5:	replicate complete, ran 20000000 generations:
      From worker 5:	
      From worker 5:		num_imitating:			17501251
      From worker 5:		num_not_imitating:		2498749
      From worker 5:		num_strategies_changed:  	505412
      From worker 5:			num_random_strategies: 	17384
      From worker 5:		num_sets_changed: 		2310462
      From worker 5:			num_random_opinions: 	65680
      From worker 5:			num_biased_opinions: 	21806
      From worker 5:		num_both_changed: 		115147
      From worker 5:	
      From worker 5:	data processed and exported
      From worker 5:	
      From worker 5:	starting b_1.0_c_0.2_N_40_M_3_K_1_P_2_beta_0.001_u_0.001_v_0.005_p_0.5_ϵ_1.0_gens_20000000_210216-234142.559
      From worker 6:	replicate complete, ran 20000000 generations:
      From worker 6:	
      From worker 6:		num_imitating:			14997516
      From worker 6:		num_not_imitating:		5002484
      From worker 6:		num_strategies_changed:  	435900
      From worker 6:			num_random_strategies: 	15008
      From worker 6:		num_sets_changed: 		2022922
      From worker 6:			num_random_opinions: 	37288
      From worker 6:			num_biased_opinions: 	37800
      From worker 6:		num_both_changed: 		107310
      From worker 6:	
      From worker 6:	data processed and exported
      From worker 6:	
      From worker 6:	starting b_1.0_c_0.2_N_40_M_3_K_1_P_2_beta_0.001_u_0.001_v_0.005_p_0.75_ϵ_1.0_gens_20000000_210216-234142.559
      From worker 11:	replicate complete, ran 20000000 generations:
      From worker 11:	
      From worker 11:		num_imitating:			17499234
      From worker 11:		num_not_imitating:		2500766
      From worker 11:		num_strategies_changed:  	498395
      From worker 11:			num_random_strategies: 	17509
      From worker 11:		num_sets_changed: 		10123517
      From worker 11:			num_random_opinions: 	734284
      From worker 11:			num_biased_opinions: 	243471
      From worker 11:		num_both_changed: 		372041
      From worker 11:	
      From worker 14:	replicate complete, ran 20000000 generations:
      From worker 14:	
      From worker 14:		num_imitating:			10003919
      From worker 14:		num_not_imitating:		9996081
      From worker 14:		num_strategies_changed:  	152302
      From worker 14:			num_random_strategies: 	10202
      From worker 14:		num_sets_changed: 		5900773
      From worker 14:			num_random_opinions: 	0
      From worker 14:			num_biased_opinions: 	2798636
      From worker 14:		num_both_changed: 		99762
      From worker 14:	
      From worker 11:	data processed and exported
      From worker 11:	
      From worker 11:	starting b_1.0_c_0.2_N_40_M_3_K_1_P_2_beta_0.001_u_0.001_v_0.055901699437494755_p_0.5_ϵ_1.0_gens_20000000_210216-234142.559
      From worker 14:	data processed and exported
      From worker 14:	
      From worker 14:	starting b_1.0_c_0.2_N_40_M_3_K_1_P_2_beta_0.001_u_0.001_v_0.2795084971874737_p_0.0_ϵ_1.0_gens_20000000_210216-234142.559
      From worker 8:	replicate complete, ran 20000000 generations:
      From worker 8:	
      From worker 8:		num_imitating:			9999797
      From worker 8:		num_not_imitating:		10000203
      From worker 8:		num_strategies_changed:  	143827
      From worker 8:			num_random_strategies: 	10170
      From worker 8:		num_sets_changed: 		1212629
      From worker 8:			num_random_opinions: 	0
      From worker 8:			num_biased_opinions: 	112009
      From worker 8:		num_both_changed: 		29491
      From worker 8:	
      From worker 8:	data processed and exported
      From worker 8:	
      From worker 8:	starting b_1.0_c_0.2_N_40_M_3_K_1_P_2_beta_0.001_u_0.001_v_0.025_p_0.0_ϵ_1.0_gens_20000000_210216-234142.559
      From worker 15:	replicate complete, ran 20000000 generations:
      From worker 15:	
      From worker 15:		num_imitating:			20000000
      From worker 15:		num_not_imitating:		0
      From worker 15:		num_strategies_changed:  	555760
      From worker 15:			num_random_strategies: 	19810
      From worker 15:		num_sets_changed: 		16421031
      From worker 15:			num_random_opinions: 	12500617
      From worker 15:			num_biased_opinions: 	0
      From worker 15:		num_both_changed: 		462724
      From worker 15:	
      From worker 15:	data processed and exported
      From worker 15:	
      From worker 15:	starting b_1.0_c_0.2_N_40_M_3_K_1_P_2_beta_0.001_u_0.001_v_0.625_p_0.25_ϵ_1.0_gens_20000000_210216-234142.559
      From worker 13:	replicate complete, ran 20000000 generations:
      From worker 13:	
      From worker 13:		num_imitating:			12498896
      From worker 13:		num_not_imitating:		7501104
      From worker 13:		num_strategies_changed:  	348909
      From worker 13:			num_random_strategies: 	12700
      From worker 13:		num_sets_changed: 		8575478
      From worker 13:			num_random_opinions: 	390076
      From worker 13:			num_biased_opinions: 	1172491
      From worker 13:		num_both_changed: 		280646
      From worker 13:	
      From worker 13:	data processed and exported
      From worker 13:	
      From worker 13:	starting b_1.0_c_0.2_N_40_M_3_K_1_P_2_beta_0.001_u_0.001_v_0.125_p_1.0_ϵ_1.0_gens_20000000_210216-234142.559
      From worker 7:	replicate complete, ran 20000000 generations:
      From worker 7:	
      From worker 7:		num_imitating:			12496722
      From worker 7:		num_not_imitating:		7503278
      From worker 7:		num_strategies_changed:  	350666
      From worker 7:			num_random_strategies: 	12204
      From worker 7:		num_sets_changed: 		3040216
      From worker 7:			num_random_opinions: 	34956
      From worker 7:			num_biased_opinions: 	104223
      From worker 7:		num_both_changed: 		150075
      From worker 7:	
      From worker 7:	data processed and exported
      From worker 7:	
      From worker 7:	starting b_1.0_c_0.2_N_40_M_3_K_1_P_2_beta_0.001_u_0.001_v_0.011180339887498947_p_1.0_ϵ_1.0_gens_20000000_210216-234142.559
      From worker 2:	replicate complete, ran 20000000 generations:
      From worker 2:	
      From worker 2:		num_imitating:			10001153
      From worker 2:		num_not_imitating:		9998847
      From worker 2:		num_strategies_changed:  	148781
      From worker 2:			num_random_strategies: 	10178
      From worker 2:		num_sets_changed: 		130947
      From worker 2:			num_random_opinions: 	0
      From worker 2:			num_biased_opinions: 	9834
      From worker 2:		num_both_changed: 		3880
      From worker 2:	
      From worker 2:	data processed and exported
      From worker 2:	
      From worker 2:	starting b_1.0_c_0.2_N_40_M_3_K_1_P_2_beta_0.001_u_0.001_v_0.001_p_0.0_ϵ_1.0_gens_20000000_210216-234142.559
      From worker 3:	replicate complete, ran 20000000 generations:
      From worker 3:	
      From worker 3:		num_imitating:			20000000
      From worker 3:		num_not_imitating:		0
      From worker 3:		num_strategies_changed:  	577410
      From worker 3:			num_random_strategies: 	20237
      From worker 3:		num_sets_changed: 		1271617
      From worker 3:			num_random_opinions: 	44965
      From worker 3:			num_biased_opinions: 	0
      From worker 3:		num_both_changed: 		67114
      From worker 3:	
      From worker 3:	data processed and exported
      From worker 3:	
      From worker 3:	starting b_1.0_c_0.2_N_40_M_3_K_1_P_2_beta_0.001_u_0.001_v_0.0022360679774997894_p_0.25_ϵ_1.0_gens_20000000_210216-234142.559
      From worker 16:	replicate complete, ran 20000000 generations:
      From worker 16:	
      From worker 16:		num_imitating:			17501372
      From worker 16:		num_not_imitating:		2498628
      From worker 16:		num_strategies_changed:  	526249
      From worker 16:			num_random_strategies: 	17592
      From worker 16:		num_sets_changed: 		14271588
      From worker 16:			num_random_opinions: 	8205561
      From worker 16:			num_biased_opinions: 	2736621
      From worker 16:		num_both_changed: 		436473
      From worker 16:	
      From worker 16:	data processed and exported
      From worker 16:	
      From worker 16:	starting b_1.0_c_0.2_N_40_M_3_K_1_P_2_beta_0.001_u_0.001_v_0.625_p_0.5_ϵ_1.0_gens_20000000_210216-234142.559
      From worker 4:	replicate complete, ran 20000000 generations:
      From worker 4:	
      From worker 4:		num_imitating:			17502634
      From worker 4:		num_not_imitating:		2497366
      From worker 4:		num_strategies_changed:  	490280
      From worker 4:			num_random_strategies: 	17525
      From worker 4:		num_sets_changed: 		1138273
      From worker 4:			num_random_opinions: 	29498
      From worker 4:			num_biased_opinions: 	9722
      From worker 4:		num_both_changed: 		55528
      From worker 4:	
      From worker 4:	data processed and exported
      From worker 12:	replicate complete, ran 20000000 generations:
      From worker 12:	
      From worker 12:		num_imitating:			15001210
      From worker 12:		num_not_imitating:		4998790
      From worker 12:		num_strategies_changed:  	420165
      From worker 12:			num_random_strategies: 	14955
      From worker 12:		num_sets_changed: 		10497656
      From worker 12:			num_random_opinions: 	936647
      From worker 12:			num_biased_opinions: 	935576
      From worker 12:		num_both_changed: 		340195
      From worker 12:	
      From worker 4:	
      From worker 4:	starting b_1.0_c_0.2_N_40_M_3_K_1_P_2_beta_0.001_u_0.001_v_0.0022360679774997894_p_0.5_ϵ_1.0_gens_20000000_210216-234142.559
      From worker 12:	data processed and exported
      From worker 12:	
      From worker 12:	starting b_1.0_c_0.2_N_40_M_3_K_1_P_2_beta_0.001_u_0.001_v_0.125_p_0.75_ϵ_1.0_gens_20000000_210216-234142.559
      From worker 9:	replicate complete, ran 20000000 generations:
      From worker 9:	
      From worker 9:		num_imitating:			20000000
      From worker 9:		num_not_imitating:		0
      From worker 9:		num_strategies_changed:  	571513
      From worker 9:			num_random_strategies: 	20115
      From worker 9:		num_sets_changed: 		8250220
      From worker 9:			num_random_opinions: 	500739
      From worker 9:			num_biased_opinions: 	0
      From worker 9:		num_both_changed: 		348328
      From worker 9:	
      From worker 9:	data processed and exported
      From worker 9:	
      From worker 9:	starting b_1.0_c_0.2_N_40_M_3_K_1_P_2_beta_0.001_u_0.001_v_0.025_p_0.25_ϵ_1.0_gens_20000000_210216-234142.559
      From worker 6:	replicate complete, ran 20000000 generations:
      From worker 6:	
      From worker 6:		num_imitating:			12500988
      From worker 6:		num_not_imitating:		7499012
      From worker 6:		num_strategies_changed:  	359406
      From worker 6:			num_random_strategies: 	12238
      From worker 6:		num_sets_changed: 		1692914
      From worker 6:			num_random_opinions: 	15707
      From worker 6:			num_biased_opinions: 	47189
      From worker 6:		num_both_changed: 		85861
      From worker 6:	
      From worker 6:	data processed and exported
      From worker 6:	
      From worker 6:	starting b_1.0_c_0.2_N_40_M_3_K_1_P_2_beta_0.001_u_0.001_v_0.005_p_1.0_ϵ_1.0_gens_20000000_210216-234142.559
      From worker 5:	replicate complete, ran 20000000 generations:
      From worker 5:	
      From worker 5:		num_imitating:			14997437
      From worker 5:		num_not_imitating:		5002563
      From worker 5:		num_strategies_changed:  	430135
      From worker 5:			num_random_strategies: 	15028
      From worker 5:		num_sets_changed: 		1989541
      From worker 5:			num_random_opinions: 	37590
      From worker 5:			num_biased_opinions: 	37233
      From worker 5:		num_both_changed: 		99678
      From worker 5:	
      From worker 5:	data processed and exported
      From worker 5:	
      From worker 5:	starting b_1.0_c_0.2_N_40_M_3_K_1_P_2_beta_0.001_u_0.001_v_0.005_p_0.75_ϵ_1.0_gens_20000000_210216-234142.559
      From worker 10:	replicate complete, ran 20000000 generations:
      From worker 10:	
      From worker 10:		num_imitating:			17498250
      From worker 10:		num_not_imitating:		2501750
      From worker 10:		num_strategies_changed:  	503760
      From worker 10:			num_random_strategies: 	17578
      From worker 10:		num_sets_changed: 		10119252
      From worker 10:			num_random_opinions: 	731889
      From worker 10:			num_biased_opinions: 	244258
      From worker 10:		num_both_changed: 		376329
      From worker 10:	
      From worker 10:	data processed and exported
      From worker 10:	
      From worker 10:	starting b_1.0_c_0.2_N_40_M_3_K_1_P_2_beta_0.001_u_0.001_v_0.055901699437494755_p_0.5_ϵ_1.0_gens_20000000_210216-234142.559
      From worker 7:	replicate complete, ran 20000000 generations:
      From worker 7:	
      From worker 7:		num_imitating:			9998328
      From worker 7:		num_not_imitating:		10001672
      From worker 7:		num_strategies_changed:  	141572
      From worker 7:			num_random_strategies: 	9766
      From worker 7:		num_sets_changed: 		1216482
      From worker 7:			num_random_opinions: 	0
      From worker 7:			num_biased_opinions: 	111606
      From worker 7:		num_both_changed: 		31534
      From worker 7:	
      From worker 7:	data processed and exported
      From worker 7:	
      From worker 7:	starting b_1.0_c_0.2_N_40_M_3_K_1_P_2_beta_0.001_u_0.001_v_0.011180339887498947_p_0.0_ϵ_1.0_gens_20000000_210216-234142.559
      From worker 2:	replicate complete, ran 20000000 generations:
      From worker 2:	
      From worker 2:		num_imitating:			20000000
      From worker 2:		num_not_imitating:		0
      From worker 2:		num_strategies_changed:  	560075
      From worker 2:			num_random_strategies: 	20151
      From worker 2:		num_sets_changed: 		614238
      From worker 2:			num_random_opinions: 	19922
      From worker 2:			num_biased_opinions: 	0
      From worker 2:		num_both_changed: 		33761
      From worker 2:	
      From worker 11:	replicate complete, ran 20000000 generations:
      From worker 11:	
      From worker 11:		num_imitating:			15002997
      From worker 11:		num_not_imitating:		4997003
      From worker 11:		num_strategies_changed:  	458076
      From worker 11:			num_random_strategies: 	15110
      From worker 11:		num_sets_changed: 		8639824
      From worker 11:			num_random_opinions: 	420874
      From worker 11:			num_biased_opinions: 	418601
      From worker 11:		num_both_changed: 		345255
      From worker 11:	
      From worker 2:	data processed and exported
      From worker 11:	data processed and exported
      From worker 11:	
      From worker 11:	starting b_1.0_c_0.2_N_40_M_3_K_1_P_2_beta_0.001_u_0.001_v_0.055901699437494755_p_0.75_ϵ_1.0_gens_20000000_210216-234142.559
      From worker 3:	replicate complete, ran 20000000 generations:
      From worker 3:	
      From worker 3:		num_imitating:			17501327
      From worker 3:		num_not_imitating:		2498673
      From worker 3:		num_strategies_changed:  	507505
      From worker 3:			num_random_strategies: 	17173
      From worker 3:		num_sets_changed: 		1157336
      From worker 3:			num_random_opinions: 	29505
      From worker 3:			num_biased_opinions: 	9778
      From worker 3:		num_both_changed: 		52578
      From worker 3:	
      From worker 3:	data processed and exported
      From worker 13:	replicate complete, ran 20000000 generations:
      From worker 13:	
      From worker 13:		num_imitating:			10001329
      From worker 13:		num_not_imitating:		9998671
      From worker 13:		num_strategies_changed:  	146007
      From worker 13:			num_random_strategies: 	9991
      From worker 13:		num_sets_changed: 		4917918
      From worker 13:			num_random_opinions: 	0
      From worker 13:			num_biased_opinions: 	1250827
      From worker 13:		num_both_changed: 		89411
      From worker 13:	
      From worker 13:	data processed and exported
      From worker 13:	
      From worker 13:	starting b_1.0_c_0.2_N_40_M_3_K_1_P_2_beta_0.001_u_0.001_v_0.2795084971874737_p_0.0_ϵ_1.0_gens_20000000_210216-234142.559
      From worker 8:	replicate complete, ran 20000000 generations:
      From worker 8:	
      From worker 8:		num_imitating:			20000000
      From worker 8:		num_not_imitating:		0
      From worker 8:		num_strategies_changed:  	531870
      From worker 8:			num_random_strategies: 	19814
      From worker 8:		num_sets_changed: 		8214508
      From worker 8:			num_random_opinions: 	499553
      From worker 8:			num_biased_opinions: 	0
      From worker 8:		num_both_changed: 		318149
      From worker 8:	
      From worker 8:	data processed and exported
      From worker 8:	
      From worker 8:	starting b_1.0_c_0.2_N_40_M_3_K_1_P_2_beta_0.001_u_0.001_v_0.025_p_0.25_ϵ_1.0_gens_20000000_210216-234142.559
      From worker 4:	replicate complete, ran 20000000 generations:
      From worker 4:	
      From worker 4:		num_imitating:			15001051
      From worker 4:		num_not_imitating:		4998949
      From worker 4:		num_strategies_changed:  	454273
      From worker 4:			num_random_strategies: 	15063
      From worker 4:		num_sets_changed: 		950649
      From worker 4:			num_random_opinions: 	16525
      From worker 4:			num_biased_opinions: 	16604
      From worker 4:		num_both_changed: 		58959
      From worker 4:	
      From worker 4:	data processed and exported
      From worker 6:	replicate complete, ran 20000000 generations:
      From worker 6:	
      From worker 6:		num_imitating:			10000653
      From worker 6:		num_not_imitating:		9999347
      From worker 6:		num_strategies_changed:  	152341
      From worker 6:			num_random_strategies: 	9898
      From worker 6:		num_sets_changed: 		591778
      From worker 6:			num_random_opinions: 	0
      From worker 6:			num_biased_opinions: 	49932
      From worker 6:		num_both_changed: 		14902
      From worker 6:	
      From worker 6:	data processed and exported
      From worker 14:	replicate complete, ran 20000000 generations:
      From worker 14:	
      From worker 14:		num_imitating:			20000000
      From worker 14:		num_not_imitating:		0
      From worker 14:		num_strategies_changed:  	569819
      From worker 14:			num_random_strategies: 	19899
      From worker 14:		num_sets_changed: 		15651761
      From worker 14:			num_random_opinions: 	5590018
      From worker 14:			num_biased_opinions: 	0
      From worker 14:		num_both_changed: 		471979
      From worker 14:	
      From worker 14:	data processed and exported
      From worker 14:	
      From worker 14:	starting b_1.0_c_0.2_N_40_M_3_K_1_P_2_beta_0.001_u_0.001_v_0.2795084971874737_p_0.25_ϵ_1.0_gens_20000000_210216-234142.559
      From worker 5:	replicate complete, ran 20000000 generations:
      From worker 5:	
      From worker 5:		num_imitating:			12503644
      From worker 5:		num_not_imitating:		7496356
      From worker 5:		num_strategies_changed:  	350153
      From worker 5:			num_random_strategies: 	12510
      From worker 5:		num_sets_changed: 		1659205
      From worker 5:			num_random_opinions: 	15657
      From worker 5:			num_biased_opinions: 	46667
      From worker 5:		num_both_changed: 		80165
      From worker 5:	
      From worker 5:	data processed and exported
      From worker 15:	replicate complete, ran 20000000 generations:
      From worker 15:	
      From worker 15:		num_imitating:			17501472
      From worker 15:		num_not_imitating:		2498528
      From worker 15:		num_strategies_changed:  	518138
      From worker 15:			num_random_strategies: 	17431
      From worker 15:		num_sets_changed: 		14271363
      From worker 15:			num_random_opinions: 	8207225
      From worker 15:			num_biased_opinions: 	2732853
      From worker 15:		num_both_changed: 		428911
      From worker 15:	
      From worker 15:	data processed and exported
      From worker 15:	
      From worker 15:	starting b_1.0_c_0.2_N_40_M_3_K_1_P_2_beta_0.001_u_0.001_v_0.625_p_0.5_ϵ_1.0_gens_20000000_210216-234142.559
      From worker 12:	replicate complete, ran 20000000 generations:
      From worker 12:	
      From worker 12:		num_imitating:			12499046
      From worker 12:		num_not_imitating:		7500954
      From worker 12:		num_strategies_changed:  	354246
      From worker 12:			num_random_strategies: 	12644
      From worker 12:		num_sets_changed: 		8574548
      From worker 12:			num_random_opinions: 	390692
      From worker 12:			num_biased_opinions: 	1171906
      From worker 12:		num_both_changed: 		286695
      From worker 12:	
      From worker 12:	data processed and exported
      From worker 12:	
      From worker 12:	starting b_1.0_c_0.2_N_40_M_3_K_1_P_2_beta_0.001_u_0.001_v_0.125_p_1.0_ϵ_1.0_gens_20000000_210216-234142.559
      From worker 16:	replicate complete, ran 20000000 generations:
      From worker 16:	
      From worker 16:		num_imitating:			14999112
      From worker 16:		num_not_imitating:		5000888
      From worker 16:		num_strategies_changed:  	418988
      From worker 16:			num_random_strategies: 	14922
      From worker 16:		num_sets_changed: 		11956774
      From worker 16:			num_random_opinions: 	4685030
      From worker 16:			num_biased_opinions: 	4688471
      From worker 16:		num_both_changed: 		340242
      From worker 16:	
      From worker 16:	data processed and exported
      From worker 16:	
      From worker 16:	starting b_1.0_c_0.2_N_40_M_3_K_1_P_2_beta_0.001_u_0.001_v_0.625_p_0.75_ϵ_1.0_gens_20000000_210216-234142.559
      From worker 9:	replicate complete, ran 20000000 generations:
      From worker 9:	
      From worker 9:		num_imitating:			17500783
      From worker 9:		num_not_imitating:		2499217
      From worker 9:		num_strategies_changed:  	516593
      From worker 9:			num_random_strategies: 	17840
      From worker 9:		num_sets_changed: 		7127377
      From worker 9:			num_random_opinions: 	327143
      From worker 9:			num_biased_opinions: 	109335
      From worker 9:		num_both_changed: 		304501
      From worker 9:	
      From worker 9:	data processed and exported
      From worker 9:	
      From worker 9:	starting b_1.0_c_0.2_N_40_M_3_K_1_P_2_beta_0.001_u_0.001_v_0.025_p_0.5_ϵ_1.0_gens_20000000_210216-234142.559
      From worker 10:	replicate complete, ran 20000000 generations:
      From worker 10:	
      From worker 10:		num_imitating:			14998732
      From worker 10:		num_not_imitating:		5001268
      From worker 10:		num_strategies_changed:  	433343
      From worker 10:			num_random_strategies: 	14986
      From worker 10:		num_sets_changed: 		8643718
      From worker 10:			num_random_opinions: 	419695
      From worker 10:			num_biased_opinions: 	419395
      From worker 10:		num_both_changed: 		324903
      From worker 10:	
      From worker 10:	data processed and exported
      From worker 10:	
      From worker 10:	starting b_1.0_c_0.2_N_40_M_3_K_1_P_2_beta_0.001_u_0.001_v_0.055901699437494755_p_0.75_ϵ_1.0_gens_20000000_210216-234142.559
      From worker 7:	replicate complete, ran 20000000 generations:
      From worker 7:	
      From worker 7:		num_imitating:			20000000
      From worker 7:		num_not_imitating:		0
      From worker 7:		num_strategies_changed:  	570785
      From worker 7:			num_random_strategies: 	19917
      From worker 7:		num_sets_changed: 		4980289
      From worker 7:			num_random_opinions: 	224179
      From worker 7:			num_biased_opinions: 	0
      From worker 7:		num_both_changed: 		237018
      From worker 7:	
      From worker 7:	data processed and exported
      From worker 11:	replicate complete, ran 20000000 generations:
      From worker 11:	
      From worker 11:		num_imitating:			12501389
      From worker 11:		num_not_imitating:		7498611
      From worker 11:		num_strategies_changed:  	366834
      From worker 11:			num_random_strategies: 	12480
      From worker 11:		num_sets_changed: 		7078821
      From worker 11:			num_random_opinions: 	175316
      From worker 11:			num_biased_opinions: 	524837
      From worker 11:		num_both_changed: 		274244
      From worker 11:	
      From worker 11:	data processed and exported
      From worker 11:	
      From worker 11:	starting b_1.0_c_0.2_N_40_M_3_K_1_P_2_beta_0.001_u_0.001_v_0.055901699437494755_p_1.0_ϵ_1.0_gens_20000000_210216-234142.559
      From worker 8:	replicate complete, ran 20000000 generations:
      From worker 8:	
      From worker 8:		num_imitating:			17498408
      From worker 8:		num_not_imitating:		2501592
      From worker 8:		num_strategies_changed:  	537900
      From worker 8:			num_random_strategies: 	17598
      From worker 8:		num_sets_changed: 		7213191
      From worker 8:			num_random_opinions: 	327773
      From worker 8:			num_biased_opinions: 	109025
      From worker 8:		num_both_changed: 		340287
      From worker 8:	
      From worker 8:	data processed and exported
      From worker 12:	replicate complete, ran 20000000 generations:
      From worker 12:	
      From worker 12:		num_imitating:			9999954
      From worker 12:		num_not_imitating:		10000046
      From worker 12:		num_strategies_changed:  	150920
      From worker 12:			num_random_strategies: 	10079
      From worker 12:		num_sets_changed: 		4929653
      From worker 12:			num_random_opinions: 	0
      From worker 12:			num_biased_opinions: 	1248838
      From worker 12:		num_both_changed: 		92937
      From worker 12:	
      From worker 12:	data processed and exported
      From worker 12:	
      From worker 12:	starting b_1.0_c_0.2_N_40_M_3_K_1_P_2_beta_0.001_u_0.001_v_0.125_p_0.0_ϵ_1.0_gens_20000000_210216-234142.559
      From worker 13:	replicate complete, ran 20000000 generations:
      From worker 13:	
      From worker 13:		num_imitating:			20000000
      From worker 13:		num_not_imitating:		0
      From worker 13:		num_strategies_changed:  	567925
      From worker 13:			num_random_strategies: 	19884
      From worker 13:		num_sets_changed: 		15652057
      From worker 13:			num_random_opinions: 	5591966
      From worker 13:			num_biased_opinions: 	0
      From worker 13:		num_both_changed: 		471006
      From worker 13:	
      From worker 13:	data processed and exported
      From worker 13:	
      From worker 13:	starting b_1.0_c_0.2_N_40_M_3_K_1_P_2_beta_0.001_u_0.001_v_0.2795084971874737_p_0.25_ϵ_1.0_gens_20000000_210216-234142.559
      From worker 9:	replicate complete, ran 20000000 generations:
      From worker 9:	
      From worker 9:		num_imitating:			15003995
      From worker 9:		num_not_imitating:		4996005
      From worker 9:		num_strategies_changed:  	428059
      From worker 9:			num_random_strategies: 	14956
      From worker 9:		num_sets_changed: 		6126646
      From worker 9:			num_random_opinions: 	187831
      From worker 9:			num_biased_opinions: 	187342
      From worker 9:		num_both_changed: 		263118
      From worker 9:	
      From worker 9:	data processed and exported
      From worker 16:	replicate complete, ran 20000000 generations:
      From worker 16:	
      From worker 16:		num_imitating:			12500691
      From worker 16:		num_not_imitating:		7499309
      From worker 16:		num_strategies_changed:  	367247
      From worker 16:			num_random_strategies: 	12511
      From worker 16:		num_sets_changed: 		9446320
      From worker 16:			num_random_opinions: 	1952962
      From worker 16:			num_biased_opinions: 	5862004
      From worker 16:		num_both_changed: 		284467
      From worker 16:	
      From worker 15:	replicate complete, ran 20000000 generations:
      From worker 15:	
      From worker 15:		num_imitating:			15000885
      From worker 15:		num_not_imitating:		4999115
      From worker 15:		num_strategies_changed:  	407028
      From worker 15:			num_random_strategies: 	14832
      From worker 15:		num_sets_changed: 		11956452
      From worker 15:			num_random_opinions: 	4689413
      From worker 15:			num_biased_opinions: 	4687043
      From worker 15:		num_both_changed: 		330519
      From worker 15:	
      From worker 14:	replicate complete, ran 20000000 generations:
      From worker 14:	
      From worker 14:		num_imitating:			17499726
      From worker 14:		num_not_imitating:		2500274
      From worker 14:		num_strategies_changed:  	519186
      From worker 14:			num_random_strategies: 	17671
      From worker 14:		num_sets_changed: 		13637336
      From worker 14:			num_random_opinions: 	3665828
      From worker 14:			num_biased_opinions: 	1223739
      From worker 14:		num_both_changed: 		429865
      From worker 14:	
      From worker 16:	data processed and exported
      From worker 15:	data processed and exported
      From worker 16:	
      From worker 16:	starting b_1.0_c_0.2_N_40_M_3_K_1_P_2_beta_0.001_u_0.001_v_0.625_p_1.0_ϵ_1.0_gens_20000000_210216-234142.559
      From worker 15:	
      From worker 15:	starting b_1.0_c_0.2_N_40_M_3_K_1_P_2_beta_0.001_u_0.001_v_0.625_p_0.75_ϵ_1.0_gens_20000000_210216-234142.559
      From worker 14:	data processed and exported
      From worker 14:	
      From worker 14:	starting b_1.0_c_0.2_N_40_M_3_K_1_P_2_beta_0.001_u_0.001_v_0.2795084971874737_p_0.5_ϵ_1.0_gens_20000000_210216-234142.559
      From worker 11:	replicate complete, ran 20000000 generations:
      From worker 11:	
      From worker 11:		num_imitating:			9995436
      From worker 11:		num_not_imitating:		10004564
      From worker 11:		num_strategies_changed:  	142084
      From worker 11:			num_random_strategies: 	9932
      From worker 11:		num_sets_changed: 		3582526
      From worker 11:			num_random_opinions: 	0
      From worker 11:			num_biased_opinions: 	557449
      From worker 11:		num_both_changed: 		73973
      From worker 11:	
      From worker 11:	data processed and exported
      From worker 10:	replicate complete, ran 20000000 generations:
      From worker 10:	
      From worker 10:		num_imitating:			12496580
      From worker 10:		num_not_imitating:		7503420
      From worker 10:		num_strategies_changed:  	353030
      From worker 10:			num_random_strategies: 	12411
      From worker 10:		num_sets_changed: 		7091015
      From worker 10:			num_random_opinions: 	174304
      From worker 10:			num_biased_opinions: 	523286
      From worker 10:		num_both_changed: 		263534
      From worker 10:	
      From worker 10:	data processed and exported
      From worker 16:	replicate complete, ran 20000000 generations:
      From worker 16:	
      From worker 16:		num_imitating:			10001406
      From worker 16:		num_not_imitating:		9998594
      From worker 16:		num_strategies_changed:  	151706
      From worker 16:			num_random_strategies: 	10220
      From worker 16:		num_sets_changed: 		6475497
      From worker 16:			num_random_opinions: 	0
      From worker 16:			num_biased_opinions: 	6251777 Activating environment at `/tigress/mk28/CooperationPolarization2/Project.toml`
 Activating environment at `/tigress/mk28/CooperationPolarization2/Project.toml`

      From worker 16:		num_both_changed: 		100913
      From worker 16:	
      From worker 16:	data processed and exported
      From worker 12:	replicate complete, ran 20000000 generations:
      From worker 12:	
      From worker 12:		num_imitating:			20000000
      From worker 12:		num_not_imitating:		0
      From worker 12:		num_strategies_changed:  	606391
      From worker 12:			num_random_strategies: 	20126
      From worker 12:		num_sets_changed: 		14143480
      From worker 12:			num_random_opinions: 	2500571
      From worker 12:			num_biased_opinions: 	0
      From worker 12:		num_both_changed: 		491915
      From worker 12:	
      From worker 12:	data processed and exported
      From worker 15:	replicate complete, ran 20000000 generations:
      From worker 15:	
      From worker 15:		num_imitating:			12500275
      From worker 15:		num_not_imitating:		7499725
      From worker 15:		num_strategies_changed:  	349560
      From worker 15:			num_random_strategies: 	12416
      From worker 15:		num_sets_changed: 		9444760
      From worker 15:			num_random_opinions: 	1952502
      From worker 15:			num_biased_opinions: 	5858795
      From worker 15:		num_both_changed: 		270918
      From worker 15:	
      From worker 15:	data processed and exported
      From worker 13:	replicate complete, ran 20000000 generations:
      From worker 13:	
      From worker 13:		num_imitating:			17501008
      From worker 13:		num_not_imitating:		2498992
      From worker 13:		num_strategies_changed:  	500970
      From worker 13:			num_random_strategies: 	17525
      From worker 13:		num_sets_changed: 		13640533
      From worker 13:			num_random_opinions: 	3666167
      From worker 13:			num_biased_opinions: 	1223606
      From worker 13:		num_both_changed: 		414575
      From worker 13:	
      From worker 13:	data processed and exported
      From worker 14:	replicate complete, ran 20000000 generations:
      From worker 14:	
      From worker 14:		num_imitating:			15000161
      From worker 14:		num_not_imitating:		4999839
      From worker 14:		num_strategies_changed:  	439069
      From worker 14:			num_random_strategies: 	15009
      From worker 14:		num_sets_changed: 		11572968
      From worker 14:			num_random_opinions: 	2096738
      From worker 14:			num_biased_opinions: 	2094661
      From worker 14:		num_both_changed: 		361457
      From worker 14:	
      From worker 14:	data processed and exported
9775.214575 seconds (2.66 M allocations: 119.693 MiB, 0.00% gc time)
