packages loaded
      From worker 3:	 Activating environment at `/tigress/mk28/CooperationPolarization2/Project.toml`
      From worker 2:	 Activating environment at `/tigress/mk28/CooperationPolarization2/Project.toml`
      From worker 14:	 Activating environment at `/tigress/mk28/CooperationPolarization2/Project.toml`
      From worker 15:	 Activating environment at `/tigress/mk28/CooperationPolarization2/Project.toml`
      From worker 6:	 Activating environment at `/tigress/mk28/CooperationPolarization2/Project.toml`
      From worker 4:	 Activating environment at `/tigress/mk28/CooperationPolarization2/Project.toml`
      From worker 5:	 Activating environment at `/tigress/mk28/CooperationPolarization2/Project.toml`
      From worker 10:	 Activating environment at `/tigress/mk28/CooperationPolarization2/Project.toml`
      From worker 9:	 Activating environment at `/tigress/mk28/CooperationPolarization2/Project.toml`
      From worker 13:	 Activating environment at `/tigress/mk28/CooperationPolarization2/Project.toml`
      From worker 16:	 Activating environment at `/tigress/mk28/CooperationPolarization2/Project.toml`
      From worker 12:	 Activating environment at `/tigress/mk28/CooperationPolarization2/Project.toml`
      From worker 7:	 Activating environment at `/tigress/mk28/CooperationPolarization2/Project.toml`
      From worker 8:	 Activating environment at `/tigress/mk28/CooperationPolarization2/Project.toml`
      From worker 11:	 Activating environment at `/tigress/mk28/CooperationPolarization2/Project.toml`
      From worker 10:	packages loaded
      From worker 13:	packages loaded
      From worker 4:	packages loaded
      From worker 3:	packages loaded
      From worker 16:	packages loaded
      From worker 5:	packages loaded
      From worker 12:	packages loaded
      From worker 2:	packages loaded
      From worker 14:	packages loaded
      From worker 11:	packages loaded
      From worker 15:	packages loaded
      From worker 8:	packages loaded
      From worker 9:	packages loaded
      From worker 6:	packages loaded
      From worker 7:	packages loaded
parameters defined
      From worker 2:	
      From worker 2:	starting b_1.0_c_0.2_N_40_M_2_K_1_P_2_beta_0.001_u_0.001_v_0.001_p_0.0_ϵ_1.0_gens_20000000_210224-201625.752
      From worker 14:	
      From worker 14:	starting b_1.0_c_0.2_N_40_M_2_K_1_P_2_beta_0.001_u_0.001_v_0.2795084971874737_p_0.5_ϵ_1.0_gens_20000000_210224-201625.752
      From worker 9:	
      From worker 9:	starting b_1.0_c_0.2_N_40_M_2_K_1_P_2_beta_0.001_u_0.001_v_0.025_p_0.5_ϵ_1.0_gens_20000000_210224-201625.752
      From worker 10:	
      From worker 10:	starting b_1.0_c_0.2_N_40_M_2_K_1_P_2_beta_0.001_u_0.001_v_0.025_p_0.75_ϵ_1.0_gens_20000000_210224-201625.752
      From worker 5:	
      From worker 5:	starting b_1.0_c_0.2_N_40_M_2_K_1_P_2_beta_0.001_u_0.001_v_0.0022360679774997894_p_0.75_ϵ_1.0_gens_20000000_210224-201625.752
      From worker 15:	
      From worker 15:	starting b_1.0_c_0.2_N_40_M_2_K_1_P_2_beta_0.001_u_0.001_v_0.2795084971874737_p_0.75_ϵ_1.0_gens_20000000_210224-201625.752
      From worker 6:	
      From worker 6:	starting b_1.0_c_0.2_N_40_M_2_K_1_P_2_beta_0.001_u_0.001_v_0.005_p_1.0_ϵ_1.0_gens_20000000_210224-201625.752
      From worker 3:	
      From worker 3:	starting b_1.0_c_0.2_N_40_M_2_K_1_P_2_beta_0.001_u_0.001_v_0.001_p_0.25_ϵ_1.0_gens_20000000_210224-201625.752
      From worker 8:	
      From worker 8:	starting b_1.0_c_0.2_N_40_M_2_K_1_P_2_beta_0.001_u_0.001_v_0.011180339887498947_p_0.25_ϵ_1.0_gens_20000000_210224-201625.752
      From worker 4:	
      From worker 4:	starting b_1.0_c_0.2_N_40_M_2_K_1_P_2_beta_0.001_u_0.001_v_0.0022360679774997894_p_0.5_ϵ_1.0_gens_20000000_210224-201625.752
      From worker 11:	
      From worker 11:	starting b_1.0_c_0.2_N_40_M_2_K_1_P_2_beta_0.001_u_0.001_v_0.055901699437494755_p_1.0_ϵ_1.0_gens_20000000_210224-201625.752
      From worker 13:	
      From worker 13:	starting b_1.0_c_0.2_N_40_M_2_K_1_P_2_beta_0.001_u_0.001_v_0.125_p_0.25_ϵ_1.0_gens_20000000_210224-201625.752
      From worker 12:	
      From worker 12:	starting b_1.0_c_0.2_N_40_M_2_K_1_P_2_beta_0.001_u_0.001_v_0.125_p_0.0_ϵ_1.0_gens_20000000_210224-201625.752
      From worker 16:	
      From worker 16:	starting b_1.0_c_0.2_N_40_M_2_K_1_P_2_beta_0.001_u_0.001_v_0.625_p_1.0_ϵ_1.0_gens_20000000_210224-201625.752
      From worker 7:	
      From worker 7:	starting b_1.0_c_0.2_N_40_M_2_K_1_P_2_beta_0.001_u_0.001_v_0.011180339887498947_p_0.0_ϵ_1.0_gens_20000000_210224-201625.752
      From worker 2:	replicate complete, ran 20000000 generations:
      From worker 2:	
      From worker 2:		num_imitating:			20000000
      From worker 2:		num_not_imitating:		0
      From worker 2:		num_strategies_changed:  	566079
      From worker 2:			num_random_strategies: 	19724
      From worker 2:		num_sets_changed: 		559565
      From worker 2:			num_random_opinions: 	19739
      From worker 2:			num_biased_opinions: 	0
      From worker 2:		num_both_changed: 		26593
      From worker 2:	
      From worker 6:	replicate complete, ran 20000000 generations:
      From worker 6:	
      From worker 6:		num_imitating:			9999324
      From worker 6:		num_not_imitating:		10000676
      From worker 6:		num_strategies_changed:  	147203
      From worker 6:			num_random_strategies: 	9964
      From worker 6:		num_sets_changed: 		445490
      From worker 6:			num_random_opinions: 	0
      From worker 6:			num_biased_opinions: 	50188
      From worker 6:		num_both_changed: 		13271
      From worker 6:	
      From worker 3:	replicate complete, ran 20000000 generations:
      From worker 3:	
      From worker 3:		num_imitating:			17500967
      From worker 3:		num_not_imitating:		2499033
      From worker 3:		num_strategies_changed:  	519654
      From worker 3:			num_random_strategies: 	17503
      From worker 3:		num_sets_changed: 		497896
      From worker 3:			num_random_opinions: 	13101
      From worker 3:			num_biased_opinions: 	4381
      From worker 3:		num_both_changed: 		30668
      From worker 3:	
      From worker 2:	data processed and exported
      From worker 6:	data processed and exported
      From worker 2:	
      From worker 2:	starting b_1.0_c_0.2_N_40_M_2_K_1_P_2_beta_0.001_u_0.001_v_0.001_p_0.25_ϵ_1.0_gens_20000000_210224-201625.752
      From worker 3:	data processed and exported
      From worker 6:	
      From worker 6:	starting b_1.0_c_0.2_N_40_M_2_K_1_P_2_beta_0.001_u_0.001_v_0.005_p_0.0_ϵ_1.0_gens_20000000_210224-201625.752
      From worker 3:	
      From worker 3:	starting b_1.0_c_0.2_N_40_M_2_K_1_P_2_beta_0.001_u_0.001_v_0.001_p_0.5_ϵ_1.0_gens_20000000_210224-201625.752
      From worker 5:	replicate complete, ran 20000000 generations:
      From worker 5:	
      From worker 5:		num_imitating:			12499379
      From worker 5:		num_not_imitating:		7500621
      From worker 5:		num_strategies_changed:  	347062
      From worker 5:			num_random_strategies: 	12397
      From worker 5:		num_sets_changed: 		717891
      From worker 5:			num_random_opinions: 	7028
      From worker 5:			num_biased_opinions: 	20710
      From worker 5:		num_both_changed: 		41349
      From worker 5:	
      From worker 4:	replicate complete, ran 20000000 generations:
      From worker 4:	
      From worker 4:		num_imitating:			15001901
      From worker 4:		num_not_imitating:		4998099
      From worker 4:		num_strategies_changed:  	424006
      From worker 4:			num_random_strategies: 	14981
      From worker 4:		num_sets_changed: 		905250
      From worker 4:			num_random_opinions: 	16825
      From worker 4:			num_biased_opinions: 	16794
      From worker 4:		num_both_changed: 		50348
      From worker 4:	
      From worker 5:	data processed and exported
      From worker 5:	
      From worker 5:	starting b_1.0_c_0.2_N_40_M_2_K_1_P_2_beta_0.001_u_0.001_v_0.0022360679774997894_p_1.0_ϵ_1.0_gens_20000000_210224-201625.752
      From worker 4:	data processed and exported
      From worker 4:	
      From worker 4:	starting b_1.0_c_0.2_N_40_M_2_K_1_P_2_beta_0.001_u_0.001_v_0.0022360679774997894_p_0.75_ϵ_1.0_gens_20000000_210224-201625.752
      From worker 11:	replicate complete, ran 20000000 generations:
      From worker 11:	
      From worker 11:		num_imitating:			9999593
      From worker 11:		num_not_imitating:		10000407
      From worker 11:		num_strategies_changed:  	151916
      From worker 11:			num_random_strategies: 	10086
      From worker 11:		num_sets_changed: 		2702398
      From worker 11:			num_random_opinions: 	0
      From worker 11:			num_biased_opinions: 	560644
      From worker 11:		num_both_changed: 		59551
      From worker 11:	
      From worker 11:	data processed and exported
      From worker 11:	
      From worker 11:	starting b_1.0_c_0.2_N_40_M_2_K_1_P_2_beta_0.001_u_0.001_v_0.055901699437494755_p_0.0_ϵ_1.0_gens_20000000_210224-201625.752
      From worker 8:	replicate complete, ran 20000000 generations:
      From worker 8:	
      From worker 8:		num_imitating:			17499758
      From worker 8:		num_not_imitating:		2500242
      From worker 8:		num_strategies_changed:  	505592
      From worker 8:			num_random_strategies: 	17341
      From worker 8:		num_sets_changed: 		3936220
      From worker 8:			num_random_opinions: 	145944
      From worker 8:			num_biased_opinions: 	49498
      From worker 8:		num_both_changed: 		193897
      From worker 8:	
      From worker 8:	data processed and exported
      From worker 8:	
      From worker 8:	starting b_1.0_c_0.2_N_40_M_2_K_1_P_2_beta_0.001_u_0.001_v_0.011180339887498947_p_0.5_ϵ_1.0_gens_20000000_210224-201625.752
      From worker 16:	replicate complete, ran 20000000 generations:
      From worker 16:	
      From worker 16:		num_imitating:			10002908
      From worker 16:		num_not_imitating:		9997092
      From worker 16:		num_strategies_changed:  	147114
      From worker 16:			num_random_strategies: 	9906
      From worker 16:		num_sets_changed: 		4856702
      From worker 16:			num_random_opinions: 	0
      From worker 16:			num_biased_opinions: 	6251201
      From worker 16:		num_both_changed: 		73114
      From worker 16:	
      From worker 10:	replicate complete, ran 20000000 generations:
      From worker 10:	
      From worker 10:		num_imitating:			12496979
      From worker 10:		num_not_imitating:		7503021
      From worker 10:		num_strategies_changed:  	362037
      From worker 10:			num_random_strategies: 	12284
      From worker 10:		num_sets_changed: 		4522236
      From worker 10:			num_random_opinions: 	78034
      From worker 10:			num_biased_opinions: 	233565
      From worker 10:		num_both_changed: 		189517
      From worker 10:	
      From worker 16:	data processed and exported
      From worker 10:	data processed and exported
      From worker 16:	
      From worker 16:	starting b_1.0_c_0.2_N_40_M_2_K_1_P_2_beta_0.001_u_0.001_v_0.625_p_0.0_ϵ_1.0_gens_20000000_210224-201625.752
      From worker 10:	
      From worker 10:	starting b_1.0_c_0.2_N_40_M_2_K_1_P_2_beta_0.001_u_0.001_v_0.025_p_1.0_ϵ_1.0_gens_20000000_210224-201625.752
      From worker 7:	replicate complete, ran 20000000 generations:
      From worker 7:	
      From worker 7:		num_imitating:			20000000
      From worker 7:		num_not_imitating:		0
      From worker 7:		num_strategies_changed:  	586661
      From worker 7:			num_random_strategies: 	19899
      From worker 7:		num_sets_changed: 		4511441
      From worker 7:			num_random_opinions: 	223348
      From worker 7:			num_biased_opinions: 	0
      From worker 7:		num_both_changed: 		228152
      From worker 7:	
      From worker 7:	data processed and exported
      From worker 7:	
      From worker 7:	starting b_1.0_c_0.2_N_40_M_2_K_1_P_2_beta_0.001_u_0.001_v_0.011180339887498947_p_0.25_ϵ_1.0_gens_20000000_210224-201625.752
      From worker 9:	replicate complete, ran 20000000 generations:
      From worker 9:	
      From worker 9:		num_imitating:			14998218
      From worker 9:		num_not_imitating:		5001782
      From worker 9:		num_strategies_changed:  	412044
      From worker 9:			num_random_strategies: 	14913
      From worker 9:		num_sets_changed: 		5517945
      From worker 9:			num_random_opinions: 	186885
      From worker 9:			num_biased_opinions: 	187614
      From worker 9:		num_both_changed: 		220840
      From worker 9:	
      From worker 9:	data processed and exported
      From worker 9:	
      From worker 9:	starting b_1.0_c_0.2_N_40_M_2_K_1_P_2_beta_0.001_u_0.001_v_0.025_p_0.75_ϵ_1.0_gens_20000000_210224-201625.752
      From worker 15:	replicate complete, ran 20000000 generations:
      From worker 15:	
      From worker 15:		num_imitating:			12499640
      From worker 15:		num_not_imitating:		7500360
      From worker 15:		num_strategies_changed:  	355350
      From worker 15:			num_random_strategies: 	12606
      From worker 15:		num_sets_changed: 		8255437
      From worker 15:			num_random_opinions: 	875205
      From worker 15:			num_biased_opinions: 	2619014
      From worker 15:		num_both_changed: 		254605
      From worker 15:	
      From worker 15:	data processed and exported
      From worker 15:	
      From worker 15:	starting b_1.0_c_0.2_N_40_M_2_K_1_P_2_beta_0.001_u_0.001_v_0.2795084971874737_p_1.0_ϵ_1.0_gens_20000000_210224-201625.752
      From worker 14:	replicate complete, ran 20000000 generations:
      From worker 14:	
      From worker 14:		num_imitating:			15002198
      From worker 14:		num_not_imitating:		4997802
      From worker 14:		num_strategies_changed:  	423431
      From worker 14:			num_random_strategies: 	14822
      From worker 14:		num_sets_changed: 		10367481
      From worker 14:			num_random_opinions: 	2096209
      From worker 14:			num_biased_opinions: 	2097200
      From worker 14:		num_both_changed: 		312342
      From worker 14:	
      From worker 14:	data processed and exported
      From worker 14:	
      From worker 14:	starting b_1.0_c_0.2_N_40_M_2_K_1_P_2_beta_0.001_u_0.001_v_0.2795084971874737_p_0.75_ϵ_1.0_gens_20000000_210224-201625.752
      From worker 13:	replicate complete, ran 20000000 generations:
      From worker 13:	
      From worker 13:		num_imitating:			17499868
      From worker 13:		num_not_imitating:		2500132
      From worker 13:		num_strategies_changed:  	494390
      From worker 13:			num_random_strategies: 	17490
      From worker 13:		num_sets_changed: 		11102057
      From worker 13:			num_random_opinions: 	1641477
      From worker 13:			num_biased_opinions: 	546685
      From worker 13:		num_both_changed: 		359645
      From worker 13:	
      From worker 13:	data processed and exported
      From worker 13:	
      From worker 13:	starting b_1.0_c_0.2_N_40_M_2_K_1_P_2_beta_0.001_u_0.001_v_0.125_p_0.5_ϵ_1.0_gens_20000000_210224-201625.752
      From worker 12:	replicate complete, ran 20000000 generations:
      From worker 12:	
      From worker 12:		num_imitating:			20000000
      From worker 12:		num_not_imitating:		0
      From worker 12:		num_strategies_changed:  	570801
      From worker 12:			num_random_strategies: 	20125
      From worker 12:		num_sets_changed: 		12728987
      From worker 12:			num_random_opinions: 	2498995
      From worker 12:			num_biased_opinions: 	0
      From worker 12:		num_both_changed: 		416256
      From worker 12:	
      From worker 12:	data processed and exported
      From worker 12:	
      From worker 12:	starting b_1.0_c_0.2_N_40_M_2_K_1_P_2_beta_0.001_u_0.001_v_0.125_p_0.25_ϵ_1.0_gens_20000000_210224-201625.752
      From worker 5:	replicate complete, ran 20000000 generations:
      From worker 5:	
      From worker 5:		num_imitating:			9996008
      From worker 5:		num_not_imitating:		10003992
      From worker 5:		num_strategies_changed:  	141653
      From worker 5:			num_random_strategies: 	10022
      From worker 5:		num_sets_changed: 		206297
      From worker 5:			num_random_opinions: 	0
      From worker 5:			num_biased_opinions: 	22365
      From worker 5:		num_both_changed: 		4582
      From worker 5:	
      From worker 5:	data processed and exported
      From worker 5:	
      From worker 5:	starting b_1.0_c_0.2_N_40_M_2_K_1_P_2_beta_0.001_u_0.001_v_0.005_p_0.0_ϵ_1.0_gens_20000000_210224-201625.752
      From worker 3:	replicate complete, ran 20000000 generations:
      From worker 3:	
      From worker 3:		num_imitating:			14999368
      From worker 3:		num_not_imitating:		5000632
      From worker 3:		num_strategies_changed:  	415731
      From worker 3:			num_random_strategies: 	15104
      From worker 3:		num_sets_changed: 		426940
      From worker 3:			num_random_opinions: 	7469
      From worker 3:			num_biased_opinions: 	7551
      From worker 3:		num_both_changed: 		29248
      From worker 3:	
      From worker 3:	data processed and exported
      From worker 3:	
      From worker 3:	starting b_1.0_c_0.2_N_40_M_2_K_1_P_2_beta_0.001_u_0.001_v_0.001_p_0.75_ϵ_1.0_gens_20000000_210224-201625.752
      From worker 2:	replicate complete, ran 20000000 generations:
      From worker 2:	
      From worker 2:		num_imitating:			17498864
      From worker 2:		num_not_imitating:		2501136
      From worker 2:		num_strategies_changed:  	487974
      From worker 2:			num_random_strategies: 	17560
      From worker 2:		num_sets_changed: 		466525
      From worker 2:			num_random_opinions: 	13172
      From worker 2:			num_biased_opinions: 	4321
      From worker 2:		num_both_changed: 		23635
      From worker 2:	
      From worker 2:	data processed and exported
      From worker 2:	
      From worker 2:	starting b_1.0_c_0.2_N_40_M_2_K_1_P_2_beta_0.001_u_0.001_v_0.001_p_0.5_ϵ_1.0_gens_20000000_210224-201625.752
      From worker 4:	replicate complete, ran 20000000 generations:
      From worker 4:	
      From worker 4:		num_imitating:			12497376
      From worker 4:		num_not_imitating:		7502624
      From worker 4:		num_strategies_changed:  	347395
      From worker 4:			num_random_strategies: 	12514
      From worker 4:		num_sets_changed: 		751121
      From worker 4:			num_random_opinions: 	6844
      From worker 4:			num_biased_opinions: 	21160
      From worker 4:		num_both_changed: 		43249
      From worker 4:	
      From worker 4:	data processed and exported
      From worker 4:	
      From worker 4:	starting b_1.0_c_0.2_N_40_M_2_K_1_P_2_beta_0.001_u_0.001_v_0.0022360679774997894_p_1.0_ϵ_1.0_gens_20000000_210224-201625.752
      From worker 6:	replicate complete, ran 20000000 generations:
      From worker 6:	
      From worker 6:		num_imitating:			20000000
      From worker 6:		num_not_imitating:		0
      From worker 6:		num_strategies_changed:  	570597
      From worker 6:			num_random_strategies: 	19998
      From worker 6:		num_sets_changed: 		2406736
      From worker 6:			num_random_opinions: 	99591
      From worker 6:			num_biased_opinions: 	0
      From worker 6:		num_both_changed: 		120509
      From worker 6:	
      From worker 6:	data processed and exported
      From worker 6:	
      From worker 6:	starting b_1.0_c_0.2_N_40_M_2_K_1_P_2_beta_0.001_u_0.001_v_0.005_p_0.25_ϵ_1.0_gens_20000000_210224-201625.752
      From worker 10:	replicate complete, ran 20000000 generations:
      From worker 10:	
      From worker 10:		num_imitating:			9995916
      From worker 10:		num_not_imitating:		10004084
      From worker 10:		num_strategies_changed:  	143019
      From worker 10:			num_random_strategies: 	10058
      From worker 10:		num_sets_changed: 		1653970
      From worker 10:			num_random_opinions: 	0
      From worker 10:			num_biased_opinions: 	249928
      From worker 10:		num_both_changed: 		38266
      From worker 10:	
      From worker 10:	data processed and exported
      From worker 10:	
      From worker 10:	starting b_1.0_c_0.2_N_40_M_2_K_1_P_2_beta_0.001_u_0.001_v_0.055901699437494755_p_0.0_ϵ_1.0_gens_20000000_210224-201625.752
      From worker 8:	replicate complete, ran 20000000 generations:
      From worker 8:	
      From worker 8:		num_imitating:			14999597
      From worker 8:		num_not_imitating:		5000403
      From worker 8:		num_strategies_changed:  	412596
      From worker 8:			num_random_strategies: 	14901
      From worker 8:		num_sets_changed: 		3370868
      From worker 8:			num_random_opinions: 	84316
      From worker 8:			num_biased_opinions: 	84199
      From worker 8:		num_both_changed: 		159617
      From worker 8:	
      From worker 8:	data processed and exported
      From worker 8:	
      From worker 8:	starting b_1.0_c_0.2_N_40_M_2_K_1_P_2_beta_0.001_u_0.001_v_0.011180339887498947_p_0.75_ϵ_1.0_gens_20000000_210224-201625.752
      From worker 7:	replicate complete, ran 20000000 generations:
      From worker 7:	
      From worker 7:		num_imitating:			17501072
      From worker 7:		num_not_imitating:		2498928
      From worker 7:		num_strategies_changed:  	548634
      From worker 7:			num_random_strategies: 	17677
      From worker 7:		num_sets_changed: 		3942463
      From worker 7:			num_random_opinions: 	146444
      From worker 7:			num_biased_opinions: 	48746
      From worker 7:		num_both_changed: 		203081
      From worker 7:	
      From worker 7:	data processed and exported
      From worker 7:	
      From worker 7:	starting b_1.0_c_0.2_N_40_M_2_K_1_P_2_beta_0.001_u_0.001_v_0.011180339887498947_p_0.5_ϵ_1.0_gens_20000000_210224-201625.752
      From worker 9:	replicate complete, ran 20000000 generations:
      From worker 9:	
      From worker 9:		num_imitating:			12499012
      From worker 9:		num_not_imitating:		7500988
      From worker 9:		num_strategies_changed:  	352428
      From worker 9:			num_random_strategies: 	12284
      From worker 9:		num_sets_changed: 		4556636
      From worker 9:			num_random_opinions: 	77942
      From worker 9:			num_biased_opinions: 	233882
      From worker 9:		num_both_changed: 		195269
      From worker 9:	
      From worker 9:	data processed and exported
      From worker 9:	
      From worker 9:	starting b_1.0_c_0.2_N_40_M_2_K_1_P_2_beta_0.001_u_0.001_v_0.025_p_1.0_ϵ_1.0_gens_20000000_210224-201625.752
      From worker 15:	replicate complete, ran 20000000 generations:
      From worker 15:	
      From worker 15:		num_imitating:			9995887
      From worker 15:		num_not_imitating:		10004113
      From worker 15:		num_strategies_changed:  	151358
      From worker 15:			num_random_strategies: 	9943
      From worker 15:		num_sets_changed: 		4421142
      From worker 15:			num_random_opinions: 	0
      From worker 15:			num_biased_opinions: 	2793256
      From worker 15:		num_both_changed: 		74332
      From worker 15:	
      From worker 15:	data processed and exported
      From worker 15:	
      From worker 15:	starting b_1.0_c_0.2_N_40_M_2_K_1_P_2_beta_0.001_u_0.001_v_0.625_p_0.0_ϵ_1.0_gens_20000000_210224-201625.752
      From worker 11:	replicate complete, ran 20000000 generations:
      From worker 11:	
      From worker 11:		num_imitating:			20000000
      From worker 11:		num_not_imitating:		0
      From worker 11:		num_strategies_changed:  	564531
      From worker 11:			num_random_strategies: 	19976
      From worker 11:		num_sets_changed: 		10450697
      From worker 11:			num_random_opinions: 	1116723
      From worker 11:			num_biased_opinions: 	0
      From worker 11:		num_both_changed: 		383444
      From worker 11:	
      From worker 11:	data processed and exported
      From worker 11:	
      From worker 11:	starting b_1.0_c_0.2_N_40_M_2_K_1_P_2_beta_0.001_u_0.001_v_0.055901699437494755_p_0.25_ϵ_1.0_gens_20000000_210224-201625.752
      From worker 4:	replicate complete, ran 20000000 generations:
      From worker 4:	
      From worker 4:		num_imitating:			9999267
      From worker 4:		num_not_imitating:		10000733
      From worker 4:		num_strategies_changed:  	142143
      From worker 4:			num_random_strategies: 	10000
      From worker 4:		num_sets_changed: 		210320
      From worker 4:			num_random_opinions: 	0
      From worker 4:			num_biased_opinions: 	22324
      From worker 4:		num_both_changed: 		4835
      From worker 4:	
      From worker 4:	data processed and exported
      From worker 4:	
      From worker 4:	starting b_1.0_c_0.2_N_40_M_2_K_1_P_2_beta_0.001_u_0.001_v_0.0022360679774997894_p_0.0_ϵ_1.0_gens_20000000_210224-201625.752
      From worker 3:	replicate complete, ran 20000000 generations:
      From worker 3:	
      From worker 3:		num_imitating:			12501650
      From worker 3:		num_not_imitating:		7498350
      From worker 3:		num_strategies_changed:  	360777
      From worker 3:			num_random_strategies: 	12343
      From worker 3:		num_sets_changed: 		346859
      From worker 3:			num_random_opinions: 	3196
      From worker 3:			num_biased_opinions: 	9353
      From worker 3:		num_both_changed: 		23113
      From worker 3:	
      From worker 3:	data processed and exported
      From worker 3:	
      From worker 3:	starting b_1.0_c_0.2_N_40_M_2_K_1_P_2_beta_0.001_u_0.001_v_0.001_p_1.0_ϵ_1.0_gens_20000000_210224-201625.752
      From worker 2:	replicate complete, ran 20000000 generations:
      From worker 2:	
      From worker 2:		num_imitating:			14999659
      From worker 2:		num_not_imitating:		5000341
      From worker 2:		num_strategies_changed:  	443621
      From worker 2:			num_random_strategies: 	14803
      From worker 2:		num_sets_changed: 		418460
      From worker 2:			num_random_opinions: 	7644
      From worker 2:			num_biased_opinions: 	7483
      From worker 2:		num_both_changed: 		26167
      From worker 2:	
      From worker 2:	data processed and exported
      From worker 2:	
      From worker 2:	starting b_1.0_c_0.2_N_40_M_2_K_1_P_2_beta_0.001_u_0.001_v_0.001_p_0.75_ϵ_1.0_gens_20000000_210224-201625.752
      From worker 5:	replicate complete, ran 20000000 generations:
      From worker 5:	
      From worker 5:		num_imitating:			20000000
      From worker 5:		num_not_imitating:		0
      From worker 5:		num_strategies_changed:  	578764
      From worker 5:			num_random_strategies: 	20042
      From worker 5:		num_sets_changed: 		2431507
      From worker 5:			num_random_opinions: 	99786
      From worker 5:			num_biased_opinions: 	0
      From worker 5:		num_both_changed: 		119342
      From worker 5:	
      From worker 5:	data processed and exported
      From worker 5:	
      From worker 5:	starting b_1.0_c_0.2_N_40_M_2_K_1_P_2_beta_0.001_u_0.001_v_0.005_p_0.25_ϵ_1.0_gens_20000000_210224-201625.752
      From worker 14:	replicate complete, ran 20000000 generations:
      From worker 14:	
      From worker 14:		num_imitating:			12499170
      From worker 14:		num_not_imitating:		7500830
      From worker 14:		num_strategies_changed:  	356144
      From worker 14:			num_random_strategies: 	12512
      From worker 14:		num_sets_changed: 		8254180
      From worker 14:			num_random_opinions: 	873372
      From worker 14:			num_biased_opinions: 	2619751
      From worker 14:		num_both_changed: 		255090
      From worker 14:	
      From worker 14:	data processed and exported
      From worker 14:	
      From worker 14:	starting b_1.0_c_0.2_N_40_M_2_K_1_P_2_beta_0.001_u_0.001_v_0.2795084971874737_p_1.0_ϵ_1.0_gens_20000000_210224-201625.752
      From worker 6:	replicate complete, ran 20000000 generations:
      From worker 6:	
      From worker 6:		num_imitating:			17499025
      From worker 6:		num_not_imitating:		2500975
      From worker 6:		num_strategies_changed:  	513587
      From worker 6:			num_random_strategies: 	17460
      From worker 6:		num_sets_changed: 		2094162
      From worker 6:			num_random_opinions: 	66042
      From worker 6:			num_biased_opinions: 	21983
      From worker 6:		num_both_changed: 		114965
      From worker 6:	
      From worker 6:	data processed and exported
      From worker 6:	
      From worker 6:	starting b_1.0_c_0.2_N_40_M_2_K_1_P_2_beta_0.001_u_0.001_v_0.005_p_0.5_ϵ_1.0_gens_20000000_210224-201625.752
      From worker 16:	replicate complete, ran 20000000 generations:
      From worker 16:	
      From worker 16:		num_imitating:			20000000
      From worker 16:		num_not_imitating:		0
      From worker 16:		num_strategies_changed:  	586111
      From worker 16:			num_random_strategies: 	19926
      From worker 16:		num_sets_changed: 		14776984
      From worker 16:			num_random_opinions: 	12503103
      From worker 16:			num_biased_opinions: 	0
      From worker 16:		num_both_changed: 		439566
      From worker 16:	
      From worker 16:	data processed and exported
      From worker 16:	
      From worker 16:	starting b_1.0_c_0.2_N_40_M_2_K_1_P_2_beta_0.001_u_0.001_v_0.625_p_0.25_ϵ_1.0_gens_20000000_210224-201625.752
      From worker 13:	replicate complete, ran 20000000 generations:
      From worker 13:	
      From worker 13:		num_imitating:			14998673
      From worker 13:		num_not_imitating:		5001327
      From worker 13:		num_strategies_changed:  	426137
      From worker 13:			num_random_strategies: 	14926
      From worker 13:		num_sets_changed: 		9435838
      From worker 13:			num_random_opinions: 	938311
      From worker 13:			num_biased_opinions: 	936991
      From worker 13:		num_both_changed: 		308915
      From worker 13:	
      From worker 13:	data processed and exported
      From worker 13:	
      From worker 13:	starting b_1.0_c_0.2_N_40_M_2_K_1_P_2_beta_0.001_u_0.001_v_0.125_p_0.75_ϵ_1.0_gens_20000000_210224-201625.752
      From worker 12:	replicate complete, ran 20000000 generations:
      From worker 12:	
      From worker 12:		num_imitating:			17503942
      From worker 12:		num_not_imitating:		2496058
      From worker 12:		num_strategies_changed:  	500576
      From worker 12:			num_random_strategies: 	17520
      From worker 12:		num_sets_changed: 		11097456
      From worker 12:			num_random_opinions: 	1640944
      From worker 12:			num_biased_opinions: 	547784
      From worker 12:		num_both_changed: 		365167
      From worker 12:	
      From worker 12:	data processed and exported
      From worker 12:	
      From worker 12:	starting b_1.0_c_0.2_N_40_M_2_K_1_P_2_beta_0.001_u_0.001_v_0.125_p_0.5_ϵ_1.0_gens_20000000_210224-201625.752
      From worker 8:	replicate complete, ran 20000000 generations:
      From worker 8:	
      From worker 8:		num_imitating:			12498838
      From worker 8:		num_not_imitating:		7501162
      From worker 8:		num_strategies_changed:  	352408
      From worker 8:			num_random_strategies: 	12412
      From worker 8:		num_sets_changed: 		2785562
      From worker 8:			num_random_opinions: 	34806
      From worker 8:			num_biased_opinions: 	104734
      From worker 8:		num_both_changed: 		125610
      From worker 8:	
      From worker 8:	data processed and exported
      From worker 8:	
      From worker 8:	starting b_1.0_c_0.2_N_40_M_2_K_1_P_2_beta_0.001_u_0.001_v_0.011180339887498947_p_1.0_ϵ_1.0_gens_20000000_210224-201625.752
      From worker 9:	replicate complete, ran 20000000 generations:
      From worker 9:	
      From worker 9:		num_imitating:			9999767
      From worker 9:		num_not_imitating:		10000233
      From worker 9:		num_strategies_changed:  	145094
      From worker 9:			num_random_strategies: 	10011
      From worker 9:		num_sets_changed: 		1657010
      From worker 9:			num_random_opinions: 	0
      From worker 9:			num_biased_opinions: 	249597
      From worker 9:		num_both_changed: 		38550
      From worker 9:	
      From worker 9:	data processed and exported
      From worker 9:	
      From worker 9:	starting b_1.0_c_0.2_N_40_M_2_K_1_P_2_beta_0.001_u_0.001_v_0.025_p_0.0_ϵ_1.0_gens_20000000_210224-201625.752
      From worker 7:	replicate complete, ran 20000000 generations:
      From worker 7:	
      From worker 7:		num_imitating:			15002554
      From worker 7:		num_not_imitating:		4997446
      From worker 7:		num_strategies_changed:  	451618
      From worker 7:			num_random_strategies: 	14995
      From worker 7:		num_sets_changed: 		3391570
      From worker 7:			num_random_opinions: 	84138
      From worker 7:			num_biased_opinions: 	83774
      From worker 7:		num_both_changed: 		171219
      From worker 7:	
      From worker 7:	data processed and exported
      From worker 7:	
      From worker 7:	starting b_1.0_c_0.2_N_40_M_2_K_1_P_2_beta_0.001_u_0.001_v_0.011180339887498947_p_0.75_ϵ_1.0_gens_20000000_210224-201625.752
      From worker 3:	replicate complete, ran 20000000 generations:
      From worker 3:	
      From worker 3:		num_imitating:			9999514
      From worker 3:		num_not_imitating:		10000486
      From worker 3:		num_strategies_changed:  	145857
      From worker 3:			num_random_strategies: 	10134
      From worker 3:		num_sets_changed: 		93587
      From worker 3:			num_random_opinions: 	0
      From worker 3:			num_biased_opinions: 	9924
      From worker 3:		num_both_changed: 		2043
      From worker 3:	
      From worker 3:	data processed and exported
      From worker 3:	
      From worker 3:	starting b_1.0_c_0.2_N_40_M_2_K_1_P_2_beta_0.001_u_0.001_v_0.0022360679774997894_p_0.0_ϵ_1.0_gens_20000000_210224-201625.752
      From worker 2:	replicate complete, ran 20000000 generations:
      From worker 2:	
      From worker 2:		num_imitating:			12501024
      From worker 2:		num_not_imitating:		7498976
      From worker 2:		num_strategies_changed:  	390282
      From worker 2:			num_random_strategies: 	12533
      From worker 2:		num_sets_changed: 		332984
      From worker 2:			num_random_opinions: 	3224
      From worker 2:			num_biased_opinions: 	9394
      From worker 2:		num_both_changed: 		21058
      From worker 2:	
      From worker 2:	data processed and exported
      From worker 2:	
      From worker 2:	starting b_1.0_c_0.2_N_40_M_2_K_1_P_2_beta_0.001_u_0.001_v_0.001_p_1.0_ϵ_1.0_gens_20000000_210224-201625.752
      From worker 4:	replicate complete, ran 20000000 generations:
      From worker 4:	
      From worker 4:		num_imitating:			20000000
      From worker 4:		num_not_imitating:		0
      From worker 4:		num_strategies_changed:  	576308
      From worker 4:			num_random_strategies: 	19602
      From worker 4:		num_sets_changed: 		1160028
      From worker 4:			num_random_opinions: 	44063
      From worker 4:			num_biased_opinions: 	0
      From worker 4:		num_both_changed: 		59943
      From worker 4:	
      From worker 4:	data processed and exported
      From worker 4:	
      From worker 4:	starting b_1.0_c_0.2_N_40_M_2_K_1_P_2_beta_0.001_u_0.001_v_0.0022360679774997894_p_0.25_ϵ_1.0_gens_20000000_210224-201625.752
      From worker 10:	replicate complete, ran 20000000 generations:
      From worker 10:	
      From worker 10:		num_imitating:			20000000
      From worker 10:		num_not_imitating:		0
      From worker 10:		num_strategies_changed:  	571996
      From worker 10:			num_random_strategies: 	20110
      From worker 10:		num_sets_changed: 		10446152
      From worker 10:			num_random_opinions: 	1117286
      From worker 10:			num_biased_opinions: 	0
      From worker 10:		num_both_changed: 		387075
      From worker 10:	
      From worker 10:	data processed and exported
      From worker 10:	
      From worker 10:	starting b_1.0_c_0.2_N_40_M_2_K_1_P_2_beta_0.001_u_0.001_v_0.055901699437494755_p_0.25_ϵ_1.0_gens_20000000_210224-201625.752
      From worker 5:	replicate complete, ran 20000000 generations:
      From worker 5:	
      From worker 5:		num_imitating:			17500617
      From worker 5:		num_not_imitating:		2499383
      From worker 5:		num_strategies_changed:  	495032
      From worker 5:			num_random_strategies: 	17353
      From worker 5:		num_sets_changed: 		2153123
      From worker 5:			num_random_opinions: 	65779
      From worker 5:			num_biased_opinions: 	21852
      From worker 5:		num_both_changed: 		107658
      From worker 5:	
      From worker 5:	data processed and exported
      From worker 5:	
      From worker 5:	starting b_1.0_c_0.2_N_40_M_2_K_1_P_2_beta_0.001_u_0.001_v_0.005_p_0.5_ϵ_1.0_gens_20000000_210224-201625.752
      From worker 6:	replicate complete, ran 20000000 generations:
      From worker 6:	
      From worker 6:		num_imitating:			15001485
      From worker 6:		num_not_imitating:		4998515
      From worker 6:		num_strategies_changed:  	427997
      From worker 6:			num_random_strategies: 	15313
      From worker 6:		num_sets_changed: 		1819525
      From worker 6:			num_random_opinions: 	37664
      From worker 6:			num_biased_opinions: 	37907
      From worker 6:		num_both_changed: 		81714
      From worker 6:	
      From worker 6:	data processed and exported
      From worker 6:	
      From worker 6:	starting b_1.0_c_0.2_N_40_M_2_K_1_P_2_beta_0.001_u_0.001_v_0.005_p_0.75_ϵ_1.0_gens_20000000_210224-201625.752
      From worker 14:	replicate complete, ran 20000000 generations:
      From worker 14:	
      From worker 14:		num_imitating:			9999198
      From worker 14:		num_not_imitating:		10000802
      From worker 14:		num_strategies_changed:  	147114
      From worker 14:			num_random_strategies: 	9992
      From worker 14:		num_sets_changed: 		4426258
      From worker 14:			num_random_opinions: 	0
      From worker 14:			num_biased_opinions: 	2796816
      From worker 14:		num_both_changed: 		72389
      From worker 14:	
      From worker 14:	data processed and exported
      From worker 14:	
      From worker 14:	starting b_1.0_c_0.2_N_40_M_2_K_1_P_2_beta_0.001_u_0.001_v_0.2795084971874737_p_0.0_ϵ_1.0_gens_20000000_210224-201625.752
      From worker 11:	replicate complete, ran 20000000 generations:
      From worker 11:	
      From worker 11:		num_imitating:			17499926
      From worker 11:		num_not_imitating:		2500074
      From worker 11:		num_strategies_changed:  	513375
      From worker 11:			num_random_strategies: 	17532
      From worker 11:		num_sets_changed: 		9116435
      From worker 11:			num_random_opinions: 	732094
      From worker 11:			num_biased_opinions: 	245154
      From worker 11:		num_both_changed: 		343974
      From worker 11:	
      From worker 11:	data processed and exported
      From worker 11:	
      From worker 11:	starting b_1.0_c_0.2_N_40_M_2_K_1_P_2_beta_0.001_u_0.001_v_0.055901699437494755_p_0.5_ϵ_1.0_gens_20000000_210224-201625.752
      From worker 8:	replicate complete, ran 20000000 generations:
      From worker 8:	
      From worker 8:		num_imitating:			9999992
      From worker 8:		num_not_imitating:		10000008
      From worker 8:		num_strategies_changed:  	146739
      From worker 8:			num_random_strategies: 	10006
      From worker 8:		num_sets_changed: 		904590
      From worker 8:			num_random_opinions: 	0
      From worker 8:			num_biased_opinions: 	111668
      From worker 8:		num_both_changed: 		22655
      From worker 8:	
      From worker 8:	data processed and exported
      From worker 8:	
      From worker 8:	starting b_1.0_c_0.2_N_40_M_2_K_1_P_2_beta_0.001_u_0.001_v_0.025_p_0.0_ϵ_1.0_gens_20000000_210224-201625.752
      From worker 15:	replicate complete, ran 20000000 generations:
      From worker 15:	
      From worker 15:		num_imitating:			20000000
      From worker 15:		num_not_imitating:		0
      From worker 15:		num_strategies_changed:  	552519
      From worker 15:			num_random_strategies: 	19941
      From worker 15:		num_sets_changed: 		14778237
      From worker 15:			num_random_opinions: 	12499729
      From worker 15:			num_biased_opinions: 	0
      From worker 15:		num_both_changed: 		414629
      From worker 15:	
      From worker 15:	data processed and exported
      From worker 15:	
      From worker 15:	starting b_1.0_c_0.2_N_40_M_2_K_1_P_2_beta_0.001_u_0.001_v_0.625_p_0.25_ϵ_1.0_gens_20000000_210224-201625.752
      From worker 2:	replicate complete, ran 20000000 generations:
      From worker 2:	
      From worker 2:		num_imitating:			9996261
      From worker 2:		num_not_imitating:		10003739
      From worker 2:		num_strategies_changed:  	140914
      From worker 2:			num_random_strategies: 	9922
      From worker 2:		num_sets_changed: 		100010
      From worker 2:			num_random_opinions: 	0
      From worker 2:			num_biased_opinions: 	9967
      From worker 2:		num_both_changed: 		3412
      From worker 2:	
      From worker 2:	data processed and exported
      From worker 2:	
      From worker 2:	starting b_1.0_c_0.2_N_40_M_2_K_1_P_2_beta_0.001_u_0.001_v_0.001_p_0.0_ϵ_1.0_gens_20000000_210224-201625.752
      From worker 3:	replicate complete, ran 20000000 generations:
      From worker 3:	
      From worker 3:		num_imitating:			20000000
      From worker 3:		num_not_imitating:		0
      From worker 3:		num_strategies_changed:  	581865
      From worker 3:			num_random_strategies: 	20064
      From worker 3:		num_sets_changed: 		1161760
      From worker 3:			num_random_opinions: 	44937
      From worker 3:			num_biased_opinions: 	0
      From worker 3:		num_both_changed: 		57767
      From worker 3:	
      From worker 3:	data processed and exported
      From worker 3:	
      From worker 3:	starting b_1.0_c_0.2_N_40_M_2_K_1_P_2_beta_0.001_u_0.001_v_0.0022360679774997894_p_0.25_ϵ_1.0_gens_20000000_210224-201625.752
      From worker 13:	replicate complete, ran 20000000 generations:
      From worker 13:	
      From worker 13:		num_imitating:			12497698
      From worker 13:		num_not_imitating:		7502302
      From worker 13:		num_strategies_changed:  	388378
      From worker 13:			num_random_strategies: 	12769
      From worker 13:		num_sets_changed: 		7682736
      From worker 13:			num_random_opinions: 	391065
      From worker 13:			num_biased_opinions: 	1170839
      From worker 13:		num_both_changed: 		282899
      From worker 13:	
      From worker 13:	data processed and exported
      From worker 13:	
      From worker 13:	starting b_1.0_c_0.2_N_40_M_2_K_1_P_2_beta_0.001_u_0.001_v_0.125_p_1.0_ϵ_1.0_gens_20000000_210224-201625.752
      From worker 7:	replicate complete, ran 20000000 generations:
      From worker 7:	
      From worker 7:		num_imitating:			12498813
      From worker 7:		num_not_imitating:		7501187
      From worker 7:		num_strategies_changed:  	367865
      From worker 7:			num_random_strategies: 	12498
      From worker 7:		num_sets_changed: 		2786254
      From worker 7:			num_random_opinions: 	35280
      From worker 7:			num_biased_opinions: 	104792
      From worker 7:		num_both_changed: 		135704
      From worker 7:	
      From worker 7:	data processed and exported
      From worker 7:	
      From worker 7:	starting b_1.0_c_0.2_N_40_M_2_K_1_P_2_beta_0.001_u_0.001_v_0.011180339887498947_p_1.0_ϵ_1.0_gens_20000000_210224-201625.752
      From worker 4:	replicate complete, ran 20000000 generations:
      From worker 4:	
      From worker 4:		num_imitating:			17501365
      From worker 4:		num_not_imitating:		2498635
      From worker 4:		num_strategies_changed:  	502577
      From worker 4:			num_random_strategies: 	17274
      From worker 4:		num_sets_changed: 		1038316
      From worker 4:			num_random_opinions: 	29445
      From worker 4:			num_biased_opinions: 	9813
      From worker 4:		num_both_changed: 		49665
      From worker 4:	
      From worker 4:	data processed and exported
      From worker 4:	
      From worker 4:	starting b_1.0_c_0.2_N_40_M_2_K_1_P_2_beta_0.001_u_0.001_v_0.0022360679774997894_p_0.5_ϵ_1.0_gens_20000000_210224-201625.752
      From worker 16:	replicate complete, ran 20000000 generations:
      From worker 16:	
      From worker 16:		num_imitating:			17501007
      From worker 16:		num_not_imitating:		2498993
      From worker 16:		num_strategies_changed:  	480382
      From worker 16:			num_random_strategies: 	17512
      From worker 16:		num_sets_changed: 		12797555
      From worker 16:			num_random_opinions: 	8205008
      From worker 16:			num_biased_opinions: 	2734592
      From worker 16:		num_both_changed: 		356333
      From worker 16:	
      From worker 16:	data processed and exported
      From worker 16:	
      From worker 16:	starting b_1.0_c_0.2_N_40_M_2_K_1_P_2_beta_0.001_u_0.001_v_0.625_p_0.5_ϵ_1.0_gens_20000000_210224-201625.752
      From worker 9:	replicate complete, ran 20000000 generations:
      From worker 9:	
      From worker 9:		num_imitating:			20000000
      From worker 9:		num_not_imitating:		0
      From worker 9:		num_strategies_changed:  	579664
      From worker 9:			num_random_strategies: 	19946
      From worker 9:		num_sets_changed: 		7456727
      From worker 9:			num_random_opinions: 	500346
      From worker 9:			num_biased_opinions: 	0
      From worker 9:		num_both_changed: 		313759
      From worker 9:	
      From worker 9:	data processed and exported
      From worker 9:	
      From worker 9:	starting b_1.0_c_0.2_N_40_M_2_K_1_P_2_beta_0.001_u_0.001_v_0.025_p_0.25_ϵ_1.0_gens_20000000_210224-201625.752
      From worker 12:	replicate complete, ran 20000000 generations:
      From worker 12:	
      From worker 12:		num_imitating:			14999581
      From worker 12:		num_not_imitating:		5000419
      From worker 12:		num_strategies_changed:  	427427
      From worker 12:			num_random_strategies: 	14990
      From worker 12:		num_sets_changed: 		9436789
      From worker 12:			num_random_opinions: 	938131
      From worker 12:			num_biased_opinions: 	937050
      From worker 12:		num_both_changed: 		311163
      From worker 12:	
      From worker 12:	data processed and exported
      From worker 12:	
      From worker 12:	starting b_1.0_c_0.2_N_40_M_2_K_1_P_2_beta_0.001_u_0.001_v_0.125_p_0.75_ϵ_1.0_gens_20000000_210224-201625.752
      From worker 5:	replicate complete, ran 20000000 generations:
      From worker 5:	
      From worker 5:		num_imitating:			15000144
      From worker 5:		num_not_imitating:		4999856
      From worker 5:		num_strategies_changed:  	420371
      From worker 5:			num_random_strategies: 	15199
      From worker 5:		num_sets_changed: 		1820861
      From worker 5:			num_random_opinions: 	37372
      From worker 5:			num_biased_opinions: 	37134
      From worker 5:		num_both_changed: 		92958
      From worker 5:	
      From worker 5:	data processed and exported
      From worker 5:	
      From worker 5:	starting b_1.0_c_0.2_N_40_M_2_K_1_P_2_beta_0.001_u_0.001_v_0.005_p_0.75_ϵ_1.0_gens_20000000_210224-201625.752
      From worker 6:	replicate complete, ran 20000000 generations:
      From worker 6:	
      From worker 6:		num_imitating:			12501420
      From worker 6:		num_not_imitating:		7498580
      From worker 6:		num_strategies_changed:  	379798
      From worker 6:			num_random_strategies: 	12488
      From worker 6:		num_sets_changed: 		1524831
      From worker 6:			num_random_opinions: 	15726
      From worker 6:			num_biased_opinions: 	46838
      From worker 6:		num_both_changed: 		86030
      From worker 6:	
      From worker 6:	data processed and exported
      From worker 6:	
      From worker 6:	starting b_1.0_c_0.2_N_40_M_2_K_1_P_2_beta_0.001_u_0.001_v_0.005_p_1.0_ϵ_1.0_gens_20000000_210224-201625.752
      From worker 10:	replicate complete, ran 20000000 generations:
      From worker 10:	
      From worker 10:		num_imitating:			17501461
      From worker 10:		num_not_imitating:		2498539
      From worker 10:		num_strategies_changed:  	492163
      From worker 10:			num_random_strategies: 	17347
      From worker 10:		num_sets_changed: 		9110571
      From worker 10:			num_random_opinions: 	732269
      From worker 10:			num_biased_opinions: 	244888
      From worker 10:		num_both_changed: 		330000
      From worker 10:	
      From worker 10:	data processed and exported
      From worker 10:	
      From worker 10:	starting b_1.0_c_0.2_N_40_M_2_K_1_P_2_beta_0.001_u_0.001_v_0.055901699437494755_p_0.5_ϵ_1.0_gens_20000000_210224-201625.752
      From worker 2:	replicate complete, ran 20000000 generations:
      From worker 2:	
      From worker 2:		num_imitating:			20000000
      From worker 2:		num_not_imitating:		0
      From worker 2:		num_strategies_changed:  	613020
      From worker 2:			num_random_strategies: 	20017
      From worker 2:		num_sets_changed: 		548442
      From worker 2:			num_random_opinions: 	20078
      From worker 2:			num_biased_opinions: 	0
      From worker 2:		num_both_changed: 		33695
      From worker 2:	
      From worker 2:	data processed and exported
      From worker 3:	replicate complete, ran 20000000 generations:
      From worker 3:	
      From worker 3:		num_imitating:			17499981
      From worker 3:		num_not_imitating:		2500019
      From worker 3:		num_strategies_changed:  	497326
      From worker 3:			num_random_strategies: 	17520
      From worker 3:		num_sets_changed: 		1049625
      From worker 3:			num_random_opinions: 	29267
      From worker 3:			num_biased_opinions: 	9789
      From worker 3:		num_both_changed: 		54384
      From worker 3:	
      From worker 3:	data processed and exported
      From worker 7:	replicate complete, ran 20000000 generations:
      From worker 7:	
      From worker 7:		num_imitating:			9995896
      From worker 7:		num_not_imitating:		10004104
      From worker 7:		num_strategies_changed:  	143830
      From worker 7:			num_random_strategies: 	9952
      From worker 7:		num_sets_changed: 		911294
      From worker 7:			num_random_opinions: 	0
      From worker 7:			num_biased_opinions: 	111913
      From worker 7:		num_both_changed: 		22976
      From worker 7:	
      From worker 7:	data processed and exported
      From worker 7:	
      From worker 7:	starting b_1.0_c_0.2_N_40_M_2_K_1_P_2_beta_0.001_u_0.001_v_0.011180339887498947_p_0.0_ϵ_1.0_gens_20000000_210224-201625.752
      From worker 4:	replicate complete, ran 20000000 generations:
      From worker 4:	
      From worker 4:		num_imitating:			14998925
      From worker 4:		num_not_imitating:		5001075
      From worker 4:		num_strategies_changed:  	445496
      From worker 4:			num_random_strategies: 	14983
      From worker 4:		num_sets_changed: 		914180
      From worker 4:			num_random_opinions: 	16730
      From worker 4:			num_biased_opinions: 	16836
      From worker 4:		num_both_changed: 		57365
      From worker 4:	
      From worker 4:	data processed and exported
      From worker 11:	replicate complete, ran 20000000 generations:
      From worker 11:	
      From worker 11:		num_imitating:			14999449
      From worker 11:		num_not_imitating:		5000551
      From worker 11:		num_strategies_changed:  	447374
      From worker 11:			num_random_strategies: 	15010
      From worker 11:		num_sets_changed: 		7788895
      From worker 11:			num_random_opinions: 	419882
      From worker 11:			num_biased_opinions: 	419408
      From worker 11:		num_both_changed: 		308374
      From worker 11:	
      From worker 11:	data processed and exported
      From worker 11:	
      From worker 11:	starting b_1.0_c_0.2_N_40_M_2_K_1_P_2_beta_0.001_u_0.001_v_0.055901699437494755_p_0.75_ϵ_1.0_gens_20000000_210224-201625.752
      From worker 13:	replicate complete, ran 20000000 generations:
      From worker 13:	
      From worker 13:		num_imitating:			9998043
      From worker 13:		num_not_imitating:		10001957
      From worker 13:		num_strategies_changed:  	160202
      From worker 13:			num_random_strategies: 	10217
      From worker 13:		num_sets_changed: 		3696013
      From worker 13:			num_random_opinions: 	0
      From worker 13:			num_biased_opinions: 	1248857
      From worker 13:		num_both_changed: 		73586
      From worker 13:	
      From worker 13:	data processed and exported
      From worker 13:	
      From worker 13:	starting b_1.0_c_0.2_N_40_M_2_K_1_P_2_beta_0.001_u_0.001_v_0.2795084971874737_p_0.0_ϵ_1.0_gens_20000000_210224-201625.752
      From worker 8:	replicate complete, ran 20000000 generations:
      From worker 8:	
      From worker 8:		num_imitating:			20000000
      From worker 8:		num_not_imitating:		0
      From worker 8:		num_strategies_changed:  	602537
      From worker 8:			num_random_strategies: 	19926
      From worker 8:		num_sets_changed: 		7353580
      From worker 8:			num_random_opinions: 	498647
      From worker 8:			num_biased_opinions: 	0
      From worker 8:		num_both_changed: 		328272
      From worker 8:	
      From worker 8:	data processed and exported
      From worker 8:	
      From worker 8:	starting b_1.0_c_0.2_N_40_M_2_K_1_P_2_beta_0.001_u_0.001_v_0.025_p_0.25_ϵ_1.0_gens_20000000_210224-201625.752
      From worker 5:	replicate complete, ran 20000000 generations:
      From worker 5:	
      From worker 5:		num_imitating:			12500114
      From worker 5:		num_not_imitating:		7499886
      From worker 5:		num_strategies_changed:  	357513
      From worker 5:			num_random_strategies: 	12343
      From worker 5:		num_sets_changed: 		1494461
      From worker 5:			num_random_opinions: 	15466
      From worker 5:			num_biased_opinions: 	46539
      From worker 5:		num_both_changed: 		68122
      From worker 5:	
      From worker 5:	data processed and exported
      From worker 6:	replicate complete, ran 20000000 generations:
      From worker 6:	
      From worker 6:		num_imitating:			9999891
      From worker 6:		num_not_imitating:		10000109
      From worker 6:		num_strategies_changed:  	148199
      From worker 6:			num_random_strategies: 	9917
      From worker 6:		num_sets_changed: 		436177
      From worker 6:			num_random_opinions: 	0
      From worker 6:			num_biased_opinions: 	49900
      From worker 6:		num_both_changed: 		12180
      From worker 6:	
      From worker 6:	data processed and exported
      From worker 14:	replicate complete, ran 20000000 generations:
      From worker 14:	
      From worker 14:		num_imitating:			20000000
      From worker 14:		num_not_imitating:		0
      From worker 14:		num_strategies_changed:  	563669
      From worker 14:			num_random_strategies: 	19878
      From worker 14:		num_sets_changed: 		14085187
      From worker 14:			num_random_opinions: 	5591531
      From worker 14:			num_biased_opinions: 	0
      From worker 14:		num_both_changed: 		420589
      From worker 14:	
      From worker 14:	data processed and exported
      From worker 14:	
      From worker 14:	starting b_1.0_c_0.2_N_40_M_2_K_1_P_2_beta_0.001_u_0.001_v_0.2795084971874737_p_0.25_ϵ_1.0_gens_20000000_210224-201625.752
      From worker 15:	replicate complete, ran 20000000 generations:
      From worker 15:	
      From worker 15:		num_imitating:			17499001
      From worker 15:		num_not_imitating:		2500999
      From worker 15:		num_strategies_changed:  	532794
      From worker 15:			num_random_strategies: 	17543
      From worker 15:		num_sets_changed: 		12795886
      From worker 15:			num_random_opinions: 	8200247
      From worker 15:			num_biased_opinions: 	2734791
      From worker 15:		num_both_changed: 		395976
      From worker 15:	
      From worker 15:	data processed and exported
      From worker 15:	
      From worker 15:	starting b_1.0_c_0.2_N_40_M_2_K_1_P_2_beta_0.001_u_0.001_v_0.625_p_0.5_ϵ_1.0_gens_20000000_210224-201625.752
      From worker 9:	replicate complete, ran 20000000 generations:
      From worker 9:	
      From worker 9:		num_imitating:			17500950
      From worker 9:		num_not_imitating:		2499050
      From worker 9:		num_strategies_changed:  	496702
      From worker 9:			num_random_strategies: 	17355
      From worker 9:		num_sets_changed: 		6488429
      From worker 9:			num_random_opinions: 	328921
      From worker 9:			num_biased_opinions: 	109569
      From worker 9:		num_both_changed: 		272332
      From worker 9:	
      From worker 9:	data processed and exported
      From worker 9:	
      From worker 9:	starting b_1.0_c_0.2_N_40_M_2_K_1_P_2_beta_0.001_u_0.001_v_0.025_p_0.5_ϵ_1.0_gens_20000000_210224-201625.752
      From worker 12:	replicate complete, ran 20000000 generations:
      From worker 12:	
      From worker 12:		num_imitating:			12500550
      From worker 12:		num_not_imitating:		7499450
      From worker 12:		num_strategies_changed:  	346316
      From worker 12:			num_random_strategies: 	12610
      From worker 12:		num_sets_changed: 		7676805
      From worker 12:			num_random_opinions: 	391025
      From worker 12:			num_biased_opinions: 	1172896
      From worker 12:		num_both_changed: 		250638
      From worker 12:	
      From worker 12:	data processed and exported
      From worker 12:	
      From worker 12:	starting b_1.0_c_0.2_N_40_M_2_K_1_P_2_beta_0.001_u_0.001_v_0.125_p_1.0_ϵ_1.0_gens_20000000_210224-201625.752
      From worker 16:	replicate complete, ran 20000000 generations:
      From worker 16:	
      From worker 16:		num_imitating:			15000211
      From worker 16:		num_not_imitating:		4999789
      From worker 16:		num_strategies_changed:  	427896
      From worker 16:			num_random_strategies: 	15042
      From worker 16:		num_sets_changed: 		10575785
      From worker 16:			num_random_opinions: 	4686788
      From worker 16:			num_biased_opinions: 	4685405
      From worker 16:		num_both_changed: 		307039
      From worker 16:	
      From worker 16:	data processed and exported
      From worker 16:	
      From worker 16:	starting b_1.0_c_0.2_N_40_M_2_K_1_P_2_beta_0.001_u_0.001_v_0.625_p_0.75_ϵ_1.0_gens_20000000_210224-201625.752
      From worker 10:	replicate complete, ran 20000000 generations:
      From worker 10:	
      From worker 10:		num_imitating:			14998897
      From worker 10:		num_not_imitating:		5001103
      From worker 10:		num_strategies_changed:  	430765
      From worker 10:			num_random_strategies: 	14983
      From worker 10:		num_sets_changed: 		7781489
      From worker 10:			num_random_opinions: 	418307
      From worker 10:			num_biased_opinions: 	419528
      From worker 10:		num_both_changed: 		288250
      From worker 10:	
      From worker 10:	data processed and exported
      From worker 10:	
      From worker 10:	starting b_1.0_c_0.2_N_40_M_2_K_1_P_2_beta_0.001_u_0.001_v_0.055901699437494755_p_0.75_ϵ_1.0_gens_20000000_210224-201625.752
      From worker 7:	replicate complete, ran 20000000 generations:
      From worker 7:	
      From worker 7:		num_imitating:			20000000
      From worker 7:		num_not_imitating:		0
      From worker 7:		num_strategies_changed:  	579694
      From worker 7:			num_random_strategies: 	19811
      From worker 7:		num_sets_changed: 		4542012
      From worker 7:			num_random_opinions: 	223669
      From worker 7:			num_biased_opinions: 	0
      From worker 7:		num_both_changed: 		209765
      From worker 7:	
      From worker 7:	data processed and exported
      From worker 11:	replicate complete, ran 20000000 generations:
      From worker 11:	
      From worker 11:		num_imitating:			12501333
      From worker 11:		num_not_imitating:		7498667
      From worker 11:		num_strategies_changed:  	372716
      From worker 11:			num_random_strategies: 	12635
      From worker 11:		num_sets_changed: 		6390059
      From worker 11:			num_random_opinions: 	174429
      From worker 11:			num_biased_opinions: 	524743
      From worker 11:		num_both_changed: 		252788
      From worker 11:	
      From worker 11:	data processed and exported
      From worker 11:	
      From worker 11:	starting b_1.0_c_0.2_N_40_M_2_K_1_P_2_beta_0.001_u_0.001_v_0.055901699437494755_p_1.0_ϵ_1.0_gens_20000000_210224-201625.752
      From worker 8:	replicate complete, ran 20000000 generations:
      From worker 8:	
      From worker 8:		num_imitating:			17498940
      From worker 8:		num_not_imitating:		2501060
      From worker 8:		num_strategies_changed:  	505561
      From worker 8:			num_random_strategies: 	17288
      From worker 8:		num_sets_changed: 		6448694
      From worker 8:			num_random_opinions: 	329145
      From worker 8:			num_biased_opinions: 	109319
      From worker 8:		num_both_changed: 		272923
      From worker 8:	
      From worker 8:	data processed and exported
      From worker 12:	replicate complete, ran 20000000 generations:
      From worker 12:	
      From worker 12:		num_imitating:			10001065
      From worker 12:		num_not_imitating:		9998935
      From worker 12:		num_strategies_changed:  	145932
      From worker 12:			num_random_strategies: 	9993
      From worker 12:		num_sets_changed: 		3694132
      From worker 12:			num_random_opinions: 	0
      From worker 12:			num_biased_opinions: 	1249448
      From worker 12:		num_both_changed: 		67153
      From worker 12:	
      From worker 12:	data processed and exported
      From worker 12:	
      From worker 12:	starting b_1.0_c_0.2_N_40_M_2_K_1_P_2_beta_0.001_u_0.001_v_0.125_p_0.0_ϵ_1.0_gens_20000000_210224-201625.752
      From worker 9:	replicate complete, ran 20000000 generations:
      From worker 9:	
      From worker 9:		num_imitating:			14997075
      From worker 9:		num_not_imitating:		5002925
      From worker 9:		num_strategies_changed:  	429265
      From worker 9:			num_random_strategies: 	14805
      From worker 9:		num_sets_changed: 		5546316
      From worker 9:			num_random_opinions: 	187544
      From worker 9:			num_biased_opinions: 	186450
      From worker 9:		num_both_changed: 		238474
      From worker 9:	
      From worker 9:	data processed and exported
      From worker 13:	replicate complete, ran 20000000 generations:
      From worker 13:	
      From worker 13:		num_imitating:			20000000
      From worker 13:		num_not_imitating:		0
      From worker 13:		num_strategies_changed:  	577822
      From worker 13:			num_random_strategies: 	20105
      From worker 13:		num_sets_changed: 		14086501
      From worker 13:			num_random_opinions: 	5590296
      From worker 13:			num_biased_opinions: 	0
      From worker 13:		num_both_changed: 		430866
      From worker 13:	
      From worker 13:	data processed and exported
      From worker 13:	
      From worker 13:	starting b_1.0_c_0.2_N_40_M_2_K_1_P_2_beta_0.001_u_0.001_v_0.2795084971874737_p_0.25_ϵ_1.0_gens_20000000_210224-201625.752
      From worker 14:	replicate complete, ran 20000000 generations:
      From worker 14:	
      From worker 14:		num_imitating:			17499204
      From worker 14:		num_not_imitating:		2500796
      From worker 14:		num_strategies_changed:  	508822
      From worker 14:			num_random_strategies: 	17585
      From worker 14:		num_sets_changed: 		12267805
      From worker 14:			num_random_opinions: 	3669836
      From worker 14:			num_biased_opinions: 	1221656
      From worker 14:		num_both_changed: 		378530
      From worker 14:	
      From worker 14:	data processed and exported
      From worker 14:	
      From worker 14:	starting b_1.0_c_0.2_N_40_M_2_K_1_P_2_beta_0.001_u_0.001_v_0.2795084971874737_p_0.5_ϵ_1.0_gens_20000000_210224-201625.752
      From worker 15:	replicate complete, ran 20000000 generations:
      From worker 15:	
      From worker 15:		num_imitating:			15001169
      From worker 15:		num_not_imitating:		4998831
      From worker 15:		num_strategies_changed:  	437587
      From worker 15:			num_random_strategies: 	15115
      From worker 15:		num_sets_changed: 		10575917
      From worker 15:			num_random_opinions: 	4690716
      From worker 15:			num_biased_opinions: 	4686087
      From worker 15:		num_both_changed: 		314954
      From worker 15:	
      From worker 15:	data processed and exported
      From worker 15:	
      From worker 15:	starting b_1.0_c_0.2_N_40_M_2_K_1_P_2_beta_0.001_u_0.001_v_0.625_p_0.75_ϵ_1.0_gens_20000000_210224-201625.752
      From worker 16:	replicate complete, ran 20000000 generations:
      From worker 16:	
      From worker 16:		num_imitating:			12499354
      From worker 16:		num_not_imitating:		7500646
      From worker 16:		num_strategies_changed:  	353097
      From worker 16:			num_random_strategies: 	12626
      From worker 16:		num_sets_changed: 		8049215
      From worker 16:			num_random_opinions: 	1950640
      From worker 16:			num_biased_opinions: 	5861818
      From worker 16:		num_both_changed: 		233594
      From worker 16:	
      From worker 16:	data processed and exported
      From worker 16:	
      From worker 16:	starting b_1.0_c_0.2_N_40_M_2_K_1_P_2_beta_0.001_u_0.001_v_0.625_p_1.0_ϵ_1.0_gens_20000000_210224-201625.752
      From worker 11:	replicate complete, ran 20000000 generations:
      From worker 11:	
      From worker 11:		num_imitating:			9997322
      From worker 11:		num_not_imitating:		10002678
      From worker 11:		num_strategies_changed:  	147449
      From worker 11:			num_random_strategies: 	9883
      From worker 11:		num_sets_changed: 		2680070
      From worker 11:			num_random_opinions: 	0
      From worker 11:			num_biased_opinions: 	558506
      From worker 11:		num_both_changed: 		57391
      From worker 11:	
      From worker 11:	data processed and exported
      From worker 10:	replicate complete, ran 20000000 generations:
      From worker 10:	
      From worker 10:		num_imitating:			12502274
      From worker 10:		num_not_imitating:		7497726
      From worker 10:		num_strategies_changed:  	366787
      From worker 10:			num_random_strategies: 	12428
      From worker 10:		num_sets_changed: 		6369792
      From worker 10:			num_random_opinions: 	174526
      From worker 10:			num_biased_opinions: 	524005
      From worker 10:		num_both_changed: 		250437
      From worker 10:	
      From worker 10:	data processed and exported
      From worker 16:	replicate complete, ran 20000000 generations:
      From worker 16:	
      From worker 16:		num_imitating:			9998270
      From worker 16:		num_not_imitating:		10001730
      From worker 16:		num_strategies_changed:  	143145
      From worker 16:			num_random_strategies: 	9937
      From worker 16:		num_sets_changed: 		4853469
      From worker 16:			num_random_opinions: 	0
      From worker 16:			num_biased_opinions: 	6246609
 Activating environment at `/tigress/mk28/CooperationPolarization2/Project.toml`
 Activating environment at `/tigress/mk28/CooperationPolarization2/Project.toml`
      From worker 16:		num_both_changed: 		71456
      From worker 16:	
      From worker 16:	data processed and exported
      From worker 15:	replicate complete, ran 20000000 generations:
      From worker 15:	
      From worker 15:		num_imitating:			12499418
      From worker 15:		num_not_imitating:		7500582
      From worker 15:		num_strategies_changed:  	380583
      From worker 15:			num_random_strategies: 	12480
      From worker 15:		num_sets_changed: 		8052841
      From worker 15:			num_random_opinions: 	1955278
      From worker 15:			num_biased_opinions: 	5857678
      From worker 15:		num_both_changed: 		251593
      From worker 15:	
      From worker 15:	data processed and exported
      From worker 14:	replicate complete, ran 20000000 generations:
      From worker 14:	
      From worker 14:		num_imitating:			14998187
      From worker 14:		num_not_imitating:		5001813
      From worker 14:		num_strategies_changed:  	452837
      From worker 14:			num_random_strategies: 	15113
      From worker 14:		num_sets_changed: 		10365778
      From worker 14:			num_random_opinions: 	2097581
      From worker 14:			num_biased_opinions: 	2096577
      From worker 14:		num_both_changed: 		333911
      From worker 14:	
      From worker 14:	data processed and exported
      From worker 12:	replicate complete, ran 20000000 generations:
      From worker 12:	
      From worker 12:		num_imitating:			20000000
      From worker 12:		num_not_imitating:		0
      From worker 12:		num_strategies_changed:  	591999
      From worker 12:			num_random_strategies: 	19922
      From worker 12:		num_sets_changed: 		12740403
      From worker 12:			num_random_opinions: 	2501585
      From worker 12:			num_biased_opinions: 	0
      From worker 12:		num_both_changed: 		431590
      From worker 12:	
      From worker 12:	data processed and exported
      From worker 13:	replicate complete, ran 20000000 generations:
      From worker 13:	
      From worker 13:		num_imitating:			17502984
      From worker 13:		num_not_imitating:		2497016
      From worker 13:		num_strategies_changed:  	490714
      From worker 13:			num_random_strategies: 	17667
      From worker 13:		num_sets_changed: 		12267536
      From worker 13:			num_random_opinions: 	3666816
      From worker 13:			num_biased_opinions: 	1222563
      From worker 13:		num_both_changed: 		365655
      From worker 13:	
      From worker 13:	data processed and exported
8357.019357 seconds (2.57 M allocations: 117.110 MiB, 0.00% gc time)
