packages loaded
      From worker 6:	 Activating environment at `/tigress/mk28/CooperationPolarization2/Project.toml`
      From worker 3:	 Activating environment at `/tigress/mk28/CooperationPolarization2/Project.toml`
      From worker 4:	 Activating environment at `/tigress/mk28/CooperationPolarization2/Project.toml`
      From worker 5:	 Activating environment at `/tigress/mk28/CooperationPolarization2/Project.toml`
      From worker 2:	 Activating environment at `/tigress/mk28/CooperationPolarization2/Project.toml`
      From worker 15:	 Activating environment at `/tigress/mk28/CooperationPolarization2/Project.toml`
      From worker 12:	 Activating environment at `/tigress/mk28/CooperationPolarization2/Project.toml`
      From worker 8:	 Activating environment at `/tigress/mk28/CooperationPolarization2/Project.toml`
      From worker 13:	 Activating environment at `/tigress/mk28/CooperationPolarization2/Project.toml`
      From worker 10:	 Activating environment at `/tigress/mk28/CooperationPolarization2/Project.toml`
      From worker 9:	 Activating environment at `/tigress/mk28/CooperationPolarization2/Project.toml`
      From worker 14:	 Activating environment at `/tigress/mk28/CooperationPolarization2/Project.toml`
      From worker 11:	 Activating environment at `/tigress/mk28/CooperationPolarization2/Project.toml`
      From worker 16:	 Activating environment at `/tigress/mk28/CooperationPolarization2/Project.toml`
      From worker 7:	 Activating environment at `/tigress/mk28/CooperationPolarization2/Project.toml`
      From worker 3:	packages loaded
      From worker 6:	packages loaded
      From worker 5:	packages loaded
      From worker 12:	packages loaded
      From worker 2:	packages loaded
      From worker 4:	packages loaded
      From worker 13:	packages loaded
      From worker 8:	packages loaded
      From worker 10:	packages loaded
      From worker 15:	packages loaded
      From worker 11:	packages loaded
      From worker 9:	packages loaded
      From worker 7:	packages loaded
      From worker 16:	packages loaded
      From worker 14:	packages loaded
parameters defined
      From worker 5:	
      From worker 5:	starting b_1.0_c_0.2_N_40_M_2_K_2_P_2_beta_0.001_u_0.001_v_0.0022360679774997894_p_0.75_ϵ_1.0_gens_20000000_210225-040837.585
      From worker 7:	
      From worker 7:	starting b_1.0_c_0.2_N_40_M_2_K_2_P_2_beta_0.001_u_0.001_v_0.011180339887498947_p_0.0_ϵ_1.0_gens_20000000_210225-040837.585
      From worker 12:	
      From worker 12:	starting b_1.0_c_0.2_N_40_M_2_K_2_P_2_beta_0.001_u_0.001_v_0.125_p_0.0_ϵ_1.0_gens_20000000_210225-040837.585
      From worker 13:	
      From worker 13:	starting b_1.0_c_0.2_N_40_M_2_K_2_P_2_beta_0.001_u_0.001_v_0.125_p_0.25_ϵ_1.0_gens_20000000_210225-040837.585
      From worker 3:	
      From worker 3:	starting b_1.0_c_0.2_N_40_M_2_K_2_P_2_beta_0.001_u_0.001_v_0.001_p_0.25_ϵ_1.0_gens_20000000_210225-040837.585
      From worker 15:	
      From worker 15:	starting b_1.0_c_0.2_N_40_M_2_K_2_P_2_beta_0.001_u_0.001_v_0.2795084971874737_p_0.75_ϵ_1.0_gens_20000000_210225-040837.585
      From worker 8:	
      From worker 8:	starting b_1.0_c_0.2_N_40_M_2_K_2_P_2_beta_0.001_u_0.001_v_0.011180339887498947_p_0.25_ϵ_1.0_gens_20000000_210225-040837.585
      From worker 2:	
      From worker 2:	starting b_1.0_c_0.2_N_40_M_2_K_2_P_2_beta_0.001_u_0.001_v_0.001_p_0.0_ϵ_1.0_gens_20000000_210225-040837.585
      From worker 9:	
      From worker 9:	starting b_1.0_c_0.2_N_40_M_2_K_2_P_2_beta_0.001_u_0.001_v_0.025_p_0.5_ϵ_1.0_gens_20000000_210225-040837.585
      From worker 14:	
      From worker 14:	starting b_1.0_c_0.2_N_40_M_2_K_2_P_2_beta_0.001_u_0.001_v_0.2795084971874737_p_0.5_ϵ_1.0_gens_20000000_210225-040837.585
      From worker 6:	
      From worker 6:	starting b_1.0_c_0.2_N_40_M_2_K_2_P_2_beta_0.001_u_0.001_v_0.005_p_1.0_ϵ_1.0_gens_20000000_210225-040837.585
      From worker 11:	
      From worker 11:	starting b_1.0_c_0.2_N_40_M_2_K_2_P_2_beta_0.001_u_0.001_v_0.055901699437494755_p_1.0_ϵ_1.0_gens_20000000_210225-040837.585
      From worker 4:	
      From worker 4:	starting b_1.0_c_0.2_N_40_M_2_K_2_P_2_beta_0.001_u_0.001_v_0.0022360679774997894_p_0.5_ϵ_1.0_gens_20000000_210225-040837.585
      From worker 10:	
      From worker 10:	starting b_1.0_c_0.2_N_40_M_2_K_2_P_2_beta_0.001_u_0.001_v_0.025_p_0.75_ϵ_1.0_gens_20000000_210225-040837.585
      From worker 16:	
      From worker 16:	starting b_1.0_c_0.2_N_40_M_2_K_2_P_2_beta_0.001_u_0.001_v_0.625_p_1.0_ϵ_1.0_gens_20000000_210225-040837.585
      From worker 6:	replicate complete, ran 20000000 generations:
      From worker 6:	
      From worker 6:		num_imitating:			9996947
      From worker 6:		num_not_imitating:		10003053
      From worker 6:		num_strategies_changed:  	141190
      From worker 6:			num_random_strategies: 	9867
      From worker 6:		num_sets_changed: 		0
      From worker 6:			num_random_opinions: 	0
      From worker 6:			num_biased_opinions: 	49831
      From worker 6:		num_both_changed: 		0
      From worker 6:	
      From worker 6:	data processed and exported
      From worker 6:	
      From worker 6:	starting b_1.0_c_0.2_N_40_M_2_K_2_P_2_beta_0.001_u_0.001_v_0.005_p_0.0_ϵ_1.0_gens_20000000_210225-040837.585
      From worker 11:	replicate complete, ran 20000000 generations:
      From worker 11:	
      From worker 11:		num_imitating:			9999212
      From worker 11:		num_not_imitating:		10000788
      From worker 11:		num_strategies_changed:  	152553
      From worker 11:			num_random_strategies: 	10127
      From worker 11:		num_sets_changed: 		0
      From worker 11:			num_random_opinions: 	0
      From worker 11:			num_biased_opinions: 	558098
      From worker 11:		num_both_changed: 		0
      From worker 11:	
      From worker 16:	replicate complete, ran 20000000 generations:
      From worker 16:	
      From worker 16:		num_imitating:			9998141
      From worker 16:		num_not_imitating:		10001859
      From worker 16:		num_strategies_changed:  	144420
      From worker 16:			num_random_strategies: 	10026
      From worker 16:		num_sets_changed: 		0
      From worker 16:			num_random_opinions: 	0
      From worker 16:			num_biased_opinions: 	6249809
      From worker 16:		num_both_changed: 		0
      From worker 16:	
      From worker 11:	data processed and exported
      From worker 16:	data processed and exported
      From worker 11:	
      From worker 11:	starting b_1.0_c_0.2_N_40_M_2_K_2_P_2_beta_0.001_u_0.001_v_0.055901699437494755_p_0.0_ϵ_1.0_gens_20000000_210225-040837.585
      From worker 16:	
      From worker 16:	starting b_1.0_c_0.2_N_40_M_2_K_2_P_2_beta_0.001_u_0.001_v_0.625_p_0.0_ϵ_1.0_gens_20000000_210225-040837.585
      From worker 3:	replicate complete, ran 20000000 generations:
      From worker 3:	
      From worker 3:		num_imitating:			17500270
      From worker 3:		num_not_imitating:		2499730
      From worker 3:		num_strategies_changed:  	478297
      From worker 3:			num_random_strategies: 	17466
      From worker 3:		num_sets_changed: 		543862
      From worker 3:			num_random_opinions: 	13171
      From worker 3:			num_biased_opinions: 	4320
      From worker 3:		num_both_changed: 		27956
      From worker 3:	
      From worker 3:	data processed and exported
      From worker 3:	
      From worker 3:	starting b_1.0_c_0.2_N_40_M_2_K_2_P_2_beta_0.001_u_0.001_v_0.001_p_0.5_ϵ_1.0_gens_20000000_210225-040837.585
      From worker 5:	replicate complete, ran 20000000 generations:
      From worker 5:	
      From worker 5:		num_imitating:			12499404
      From worker 5:		num_not_imitating:		7500596
      From worker 5:		num_strategies_changed:  	345850
      From worker 5:			num_random_strategies: 	12589
      From worker 5:		num_sets_changed: 		648279
      From worker 5:			num_random_opinions: 	7037
      From worker 5:			num_biased_opinions: 	20788
      From worker 5:		num_both_changed: 		35808
      From worker 5:	
      From worker 5:	data processed and exported
      From worker 5:	
      From worker 5:	starting b_1.0_c_0.2_N_40_M_2_K_2_P_2_beta_0.001_u_0.001_v_0.0022360679774997894_p_1.0_ϵ_1.0_gens_20000000_210225-040837.585
      From worker 2:	replicate complete, ran 20000000 generations:
      From worker 2:	
      From worker 2:		num_imitating:			20000000
      From worker 2:		num_not_imitating:		0
      From worker 2:		num_strategies_changed:  	548764
      From worker 2:			num_random_strategies: 	19896
      From worker 2:		num_sets_changed: 		609476
      From worker 2:			num_random_opinions: 	20127
      From worker 2:			num_biased_opinions: 	0
      From worker 2:		num_both_changed: 		29737
      From worker 2:	
      From worker 2:	data processed and exported
      From worker 2:	
      From worker 2:	starting b_1.0_c_0.2_N_40_M_2_K_2_P_2_beta_0.001_u_0.001_v_0.001_p_0.25_ϵ_1.0_gens_20000000_210225-040837.585
      From worker 4:	replicate complete, ran 20000000 generations:
      From worker 4:	
      From worker 4:		num_imitating:			14997420
      From worker 4:		num_not_imitating:		5002580
      From worker 4:		num_strategies_changed:  	424160
      From worker 4:			num_random_strategies: 	14967
      From worker 4:		num_sets_changed: 		859354
      From worker 4:			num_random_opinions: 	16758
      From worker 4:			num_biased_opinions: 	16997
      From worker 4:		num_both_changed: 		46725
      From worker 4:	
      From worker 4:	data processed and exported
      From worker 4:	
      From worker 4:	starting b_1.0_c_0.2_N_40_M_2_K_2_P_2_beta_0.001_u_0.001_v_0.0022360679774997894_p_0.75_ϵ_1.0_gens_20000000_210225-040837.585
      From worker 10:	replicate complete, ran 20000000 generations:
      From worker 10:	
      From worker 10:		num_imitating:			12503472
      From worker 10:		num_not_imitating:		7496528
      From worker 10:		num_strategies_changed:  	334703
      From worker 10:			num_random_strategies: 	12422
      From worker 10:		num_sets_changed: 		3766367
      From worker 10:			num_random_opinions: 	77951
      From worker 10:			num_biased_opinions: 	233873
      From worker 10:		num_both_changed: 		151936
      From worker 10:	
      From worker 10:	data processed and exported
      From worker 10:	
      From worker 10:	starting b_1.0_c_0.2_N_40_M_2_K_2_P_2_beta_0.001_u_0.001_v_0.025_p_1.0_ϵ_1.0_gens_20000000_210225-040837.585
      From worker 8:	replicate complete, ran 20000000 generations:
      From worker 8:	
      From worker 8:		num_imitating:			17500514
      From worker 8:		num_not_imitating:		2499486
      From worker 8:		num_strategies_changed:  	468968
      From worker 8:			num_random_strategies: 	17490
      From worker 8:		num_sets_changed: 		4033942
      From worker 8:			num_random_opinions: 	147333
      From worker 8:			num_biased_opinions: 	48865
      From worker 8:		num_both_changed: 		170932
      From worker 8:	
      From worker 8:	data processed and exported
      From worker 8:	
      From worker 8:	starting b_1.0_c_0.2_N_40_M_2_K_2_P_2_beta_0.001_u_0.001_v_0.011180339887498947_p_0.5_ϵ_1.0_gens_20000000_210225-040837.585
      From worker 7:	replicate complete, ran 20000000 generations:
      From worker 7:	
      From worker 7:		num_imitating:			20000000
      From worker 7:		num_not_imitating:		0
      From worker 7:		num_strategies_changed:  	567208
      From worker 7:			num_random_strategies: 	20000
      From worker 7:		num_sets_changed: 		4653800
      From worker 7:			num_random_opinions: 	223874
      From worker 7:			num_biased_opinions: 	0
      From worker 7:		num_both_changed: 		212012
      From worker 7:	
      From worker 7:	data processed and exported
      From worker 7:	
      From worker 7:	starting b_1.0_c_0.2_N_40_M_2_K_2_P_2_beta_0.001_u_0.001_v_0.011180339887498947_p_0.25_ϵ_1.0_gens_20000000_210225-040837.585
      From worker 9:	replicate complete, ran 20000000 generations:
      From worker 9:	
      From worker 9:		num_imitating:			15000688
      From worker 9:		num_not_imitating:		4999312
      From worker 9:		num_strategies_changed:  	419117
      From worker 9:			num_random_strategies: 	15036
      From worker 9:		num_sets_changed: 		5128770
      From worker 9:			num_random_opinions: 	187044
      From worker 9:			num_biased_opinions: 	187269
      From worker 9:		num_both_changed: 		209510
      From worker 9:	
      From worker 9:	data processed and exported
      From worker 9:	
      From worker 9:	starting b_1.0_c_0.2_N_40_M_2_K_2_P_2_beta_0.001_u_0.001_v_0.025_p_0.75_ϵ_1.0_gens_20000000_210225-040837.585
      From worker 15:	replicate complete, ran 20000000 generations:
      From worker 15:	
      From worker 15:		num_imitating:			12500018
      From worker 15:		num_not_imitating:		7499982
      From worker 15:		num_strategies_changed:  	349756
      From worker 15:			num_random_strategies: 	12325
      From worker 15:		num_sets_changed: 		6243168
      From worker 15:			num_random_opinions: 	873019
      From worker 15:			num_biased_opinions: 	2621480
      From worker 15:		num_both_changed: 		190605
      From worker 15:	
      From worker 15:	data processed and exported
      From worker 15:	
      From worker 15:	starting b_1.0_c_0.2_N_40_M_2_K_2_P_2_beta_0.001_u_0.001_v_0.2795084971874737_p_1.0_ϵ_1.0_gens_20000000_210225-040837.585
      From worker 5:	replicate complete, ran 20000000 generations:
      From worker 5:	
      From worker 5:		num_imitating:			10001815
      From worker 5:		num_not_imitating:		9998185
      From worker 5:		num_strategies_changed:  	143654
      From worker 5:			num_random_strategies: 	9902
      From worker 5:		num_sets_changed: 		0
      From worker 5:			num_random_opinions: 	0
      From worker 5:			num_biased_opinions: 	22244
      From worker 5:		num_both_changed: 		0
      From worker 5:	
      From worker 5:	data processed and exported
      From worker 5:	
      From worker 5:	starting b_1.0_c_0.2_N_40_M_2_K_2_P_2_beta_0.001_u_0.001_v_0.005_p_0.0_ϵ_1.0_gens_20000000_210225-040837.585
      From worker 3:	replicate complete, ran 20000000 generations:
      From worker 3:	
      From worker 3:		num_imitating:			14997270
      From worker 3:		num_not_imitating:		5002730
      From worker 3:		num_strategies_changed:  	404618
      From worker 3:			num_random_strategies: 	14825
      From worker 3:		num_sets_changed: 		430785
      From worker 3:			num_random_opinions: 	7417
      From worker 3:			num_biased_opinions: 	7374
      From worker 3:		num_both_changed: 		20146
      From worker 3:	
      From worker 3:	data processed and exported
      From worker 3:	
      From worker 3:	starting b_1.0_c_0.2_N_40_M_2_K_2_P_2_beta_0.001_u_0.001_v_0.001_p_0.75_ϵ_1.0_gens_20000000_210225-040837.585
      From worker 4:	replicate complete, ran 20000000 generations:
      From worker 4:	
      From worker 4:		num_imitating:			12503608
      From worker 4:		num_not_imitating:		7496392
      From worker 4:		num_strategies_changed:  	375954
      From worker 4:			num_random_strategies: 	12542
      From worker 4:		num_sets_changed: 		652186
      From worker 4:			num_random_opinions: 	6984
      From worker 4:			num_biased_opinions: 	21126
      From worker 4:		num_both_changed: 		35793
      From worker 4:	
      From worker 2:	replicate complete, ran 20000000 generations:
      From worker 2:	
      From worker 2:		num_imitating:			17499368
      From worker 2:		num_not_imitating:		2500632
      From worker 2:		num_strategies_changed:  	500713
      From worker 2:			num_random_strategies: 	17664
      From worker 2:		num_sets_changed: 		499637
      From worker 2:			num_random_opinions: 	13256
      From worker 2:			num_biased_opinions: 	4261
      From worker 2:		num_both_changed: 		27227
      From worker 2:	
      From worker 4:	data processed and exported
      From worker 2:	data processed and exported
      From worker 4:	
      From worker 4:	starting b_1.0_c_0.2_N_40_M_2_K_2_P_2_beta_0.001_u_0.001_v_0.0022360679774997894_p_1.0_ϵ_1.0_gens_20000000_210225-040837.585
      From worker 2:	
      From worker 2:	starting b_1.0_c_0.2_N_40_M_2_K_2_P_2_beta_0.001_u_0.001_v_0.001_p_0.5_ϵ_1.0_gens_20000000_210225-040837.585
      From worker 6:	replicate complete, ran 20000000 generations:
      From worker 6:	
      From worker 6:		num_imitating:			20000000
      From worker 6:		num_not_imitating:		0
      From worker 6:		num_strategies_changed:  	570812
      From worker 6:			num_random_strategies: 	19939
      From worker 6:		num_sets_changed: 		2558542
      From worker 6:			num_random_opinions: 	99975
      From worker 6:			num_biased_opinions: 	0
      From worker 6:		num_both_changed: 		132759
      From worker 6:	
      From worker 6:	data processed and exported
      From worker 6:	
      From worker 6:	starting b_1.0_c_0.2_N_40_M_2_K_2_P_2_beta_0.001_u_0.001_v_0.005_p_0.25_ϵ_1.0_gens_20000000_210225-040837.585
      From worker 14:	replicate complete, ran 20000000 generations:
      From worker 14:	
      From worker 14:		num_imitating:			15000153
      From worker 14:		num_not_imitating:		4999847
      From worker 14:		num_strategies_changed:  	464594
      From worker 14:			num_random_strategies: 	15319
      From worker 14:		num_sets_changed: 		9373411
      From worker 14:			num_random_opinions: 	2096597
      From worker 14:			num_biased_opinions: 	2095486
      From worker 14:		num_both_changed: 		310544
      From worker 14:	
      From worker 14:	data processed and exported
      From worker 14:	
      From worker 14:	starting b_1.0_c_0.2_N_40_M_2_K_2_P_2_beta_0.001_u_0.001_v_0.2795084971874737_p_0.75_ϵ_1.0_gens_20000000_210225-040837.585
      From worker 10:	replicate complete, ran 20000000 generations:
      From worker 10:	
      From worker 10:		num_imitating:			9998878
      From worker 10:		num_not_imitating:		10001122
      From worker 10:		num_strategies_changed:  	145563
      From worker 10:			num_random_strategies: 	10084
      From worker 10:		num_sets_changed: 		0
      From worker 10:			num_random_opinions: 	0
      From worker 10:			num_biased_opinions: 	250832
      From worker 10:		num_both_changed: 		0
      From worker 10:	
      From worker 10:	data processed and exported
      From worker 10:	
      From worker 10:	starting b_1.0_c_0.2_N_40_M_2_K_2_P_2_beta_0.001_u_0.001_v_0.055901699437494755_p_0.0_ϵ_1.0_gens_20000000_210225-040837.585
      From worker 13:	replicate complete, ran 20000000 generations:
      From worker 13:	
      From worker 13:		num_imitating:			17497342
      From worker 13:		num_not_imitating:		2502658
      From worker 13:		num_strategies_changed:  	486192
      From worker 13:			num_random_strategies: 	17564
      From worker 13:		num_sets_changed: 		10892931
      From worker 13:			num_random_opinions: 	1638869
      From worker 13:			num_biased_opinions: 	548048
      From worker 13:		num_both_changed: 		345806
      From worker 13:	
      From worker 13:	data processed and exported
      From worker 13:	
      From worker 13:	starting b_1.0_c_0.2_N_40_M_2_K_2_P_2_beta_0.001_u_0.001_v_0.125_p_0.5_ϵ_1.0_gens_20000000_210225-040837.585
      From worker 15:	replicate complete, ran 20000000 generations:
      From worker 15:	
      From worker 15:		num_imitating:			9997448
      From worker 15:		num_not_imitating:		10002552
      From worker 15:		num_strategies_changed:  	141573
      From worker 15:			num_random_strategies: 	10088
      From worker 15:		num_sets_changed: 		0
      From worker 15:			num_random_opinions: 	0
      From worker 15:			num_biased_opinions: 	2795409
      From worker 15:		num_both_changed: 		0
      From worker 15:	
      From worker 15:	data processed and exported
      From worker 15:	
      From worker 15:	starting b_1.0_c_0.2_N_40_M_2_K_2_P_2_beta_0.001_u_0.001_v_0.625_p_0.0_ϵ_1.0_gens_20000000_210225-040837.585
      From worker 12:	replicate complete, ran 20000000 generations:
      From worker 12:	
      From worker 12:		num_imitating:			20000000
      From worker 12:		num_not_imitating:		0
      From worker 12:		num_strategies_changed:  	552737
      From worker 12:			num_random_strategies: 	19941
      From worker 12:		num_sets_changed: 		12753833
      From worker 12:			num_random_opinions: 	2499294
      From worker 12:			num_biased_opinions: 	0
      From worker 12:		num_both_changed: 		403350
      From worker 12:	
      From worker 12:	data processed and exported
      From worker 12:	
      From worker 12:	starting b_1.0_c_0.2_N_40_M_2_K_2_P_2_beta_0.001_u_0.001_v_0.125_p_0.25_ϵ_1.0_gens_20000000_210225-040837.585
      From worker 8:	replicate complete, ran 20000000 generations:
      From worker 8:	
      From worker 8:		num_imitating:			14998874
      From worker 8:		num_not_imitating:		5001126
      From worker 8:		num_strategies_changed:  	411270
      From worker 8:			num_random_strategies: 	14897
      From worker 8:		num_sets_changed: 		3182546
      From worker 8:			num_random_opinions: 	83956
      From worker 8:			num_biased_opinions: 	84041
      From worker 8:		num_both_changed: 		145554
      From worker 8:	
      From worker 8:	data processed and exported
      From worker 8:	
      From worker 8:	starting b_1.0_c_0.2_N_40_M_2_K_2_P_2_beta_0.001_u_0.001_v_0.011180339887498947_p_0.75_ϵ_1.0_gens_20000000_210225-040837.585
      From worker 3:	replicate complete, ran 20000000 generations:
      From worker 3:	
      From worker 3:		num_imitating:			12498542
      From worker 3:		num_not_imitating:		7501458
      From worker 3:		num_strategies_changed:  	342329
      From worker 3:			num_random_strategies: 	12399
      From worker 3:		num_sets_changed: 		305899
      From worker 3:			num_random_opinions: 	3070
      From worker 3:			num_biased_opinions: 	9346
      From worker 3:		num_both_changed: 		16636
      From worker 3:	
      From worker 3:	data processed and exported
      From worker 3:	
      From worker 3:	starting b_1.0_c_0.2_N_40_M_2_K_2_P_2_beta_0.001_u_0.001_v_0.001_p_1.0_ϵ_1.0_gens_20000000_210225-040837.585
      From worker 4:	replicate complete, ran 20000000 generations:
      From worker 4:	
      From worker 4:		num_imitating:			10002028
      From worker 4:		num_not_imitating:		9997972
      From worker 4:		num_strategies_changed:  	142241
      From worker 4:			num_random_strategies: 	9922
      From worker 4:		num_sets_changed: 		0
      From worker 4:			num_random_opinions: 	0
      From worker 4:			num_biased_opinions: 	22421
      From worker 4:		num_both_changed: 		0
      From worker 4:	
      From worker 4:	data processed and exported
      From worker 4:	
      From worker 4:	starting b_1.0_c_0.2_N_40_M_2_K_2_P_2_beta_0.001_u_0.001_v_0.0022360679774997894_p_0.0_ϵ_1.0_gens_20000000_210225-040837.585
      From worker 2:	replicate complete, ran 20000000 generations:
      From worker 2:	
      From worker 2:		num_imitating:			14996498
      From worker 2:		num_not_imitating:		5003502
      From worker 2:		num_strategies_changed:  	421737
      From worker 2:			num_random_strategies: 	14858
      From worker 2:		num_sets_changed: 		426529
      From worker 2:			num_random_opinions: 	7352
      From worker 2:			num_biased_opinions: 	7560
      From worker 2:		num_both_changed: 		22577
      From worker 2:	
      From worker 2:	data processed and exported
      From worker 2:	
      From worker 2:	starting b_1.0_c_0.2_N_40_M_2_K_2_P_2_beta_0.001_u_0.001_v_0.001_p_0.75_ϵ_1.0_gens_20000000_210225-040837.585
      From worker 7:	replicate complete, ran 20000000 generations:
      From worker 7:	
      From worker 7:		num_imitating:			17500636
      From worker 7:		num_not_imitating:		2499364
      From worker 7:		num_strategies_changed:  	491717
      From worker 7:			num_random_strategies: 	17486
      From worker 7:		num_sets_changed: 		4057295
      From worker 7:			num_random_opinions: 	146845
      From worker 7:			num_biased_opinions: 	49267
      From worker 7:		num_both_changed: 		191901
      From worker 7:	
      From worker 7:	data processed and exported
      From worker 7:	
      From worker 7:	starting b_1.0_c_0.2_N_40_M_2_K_2_P_2_beta_0.001_u_0.001_v_0.011180339887498947_p_0.5_ϵ_1.0_gens_20000000_210225-040837.585
      From worker 9:	replicate complete, ran 20000000 generations:
      From worker 9:	
      From worker 9:		num_imitating:			12502351
      From worker 9:		num_not_imitating:		7497649
      From worker 9:		num_strategies_changed:  	335429
      From worker 9:			num_random_strategies: 	12270
      From worker 9:		num_sets_changed: 		3763974
      From worker 9:			num_random_opinions: 	78315
      From worker 9:			num_biased_opinions: 	233831
      From worker 9:		num_both_changed: 		155703
      From worker 9:	
      From worker 9:	data processed and exported
      From worker 9:	
      From worker 9:	starting b_1.0_c_0.2_N_40_M_2_K_2_P_2_beta_0.001_u_0.001_v_0.025_p_1.0_ϵ_1.0_gens_20000000_210225-040837.585
      From worker 5:	replicate complete, ran 20000000 generations:
      From worker 5:	
      From worker 5:		num_imitating:			20000000
      From worker 5:		num_not_imitating:		0
      From worker 5:		num_strategies_changed:  	592834
      From worker 5:			num_random_strategies: 	19872
      From worker 5:		num_sets_changed: 		2610141
      From worker 5:			num_random_opinions: 	100571
      From worker 5:			num_biased_opinions: 	0
      From worker 5:		num_both_changed: 		137973
      From worker 5:	
      From worker 5:	data processed and exported
      From worker 5:	
      From worker 5:	starting b_1.0_c_0.2_N_40_M_2_K_2_P_2_beta_0.001_u_0.001_v_0.005_p_0.25_ϵ_1.0_gens_20000000_210225-040837.585
      From worker 11:	replicate complete, ran 20000000 generations:
      From worker 11:	
      From worker 11:		num_imitating:			20000000
      From worker 11:		num_not_imitating:		0
      From worker 11:		num_strategies_changed:  	574896
      From worker 11:			num_random_strategies: 	20029
      From worker 11:		num_sets_changed: 		10504768
      From worker 11:			num_random_opinions: 	1117570
      From worker 11:			num_biased_opinions: 	0
      From worker 11:		num_both_changed: 		391880
      From worker 11:	
      From worker 11:	data processed and exported
      From worker 11:	
      From worker 11:	starting b_1.0_c_0.2_N_40_M_2_K_2_P_2_beta_0.001_u_0.001_v_0.055901699437494755_p_0.25_ϵ_1.0_gens_20000000_210225-040837.585
      From worker 6:	replicate complete, ran 20000000 generations:
      From worker 6:	
      From worker 6:		num_imitating:			17501005
      From worker 6:		num_not_imitating:		2498995
      From worker 6:		num_strategies_changed:  	504422
      From worker 6:			num_random_strategies: 	17501
      From worker 6:		num_sets_changed: 		2188288
      From worker 6:			num_random_opinions: 	65475
      From worker 6:			num_biased_opinions: 	21584
      From worker 6:		num_both_changed: 		107241
      From worker 6:	
      From worker 6:	data processed and exported
      From worker 6:	
      From worker 6:	starting b_1.0_c_0.2_N_40_M_2_K_2_P_2_beta_0.001_u_0.001_v_0.005_p_0.5_ϵ_1.0_gens_20000000_210225-040837.585
      From worker 3:	replicate complete, ran 20000000 generations:
      From worker 3:	
      From worker 3:		num_imitating:			10001856
      From worker 3:		num_not_imitating:		9998144
      From worker 3:		num_strategies_changed:  	152700
      From worker 3:			num_random_strategies: 	10184
      From worker 3:		num_sets_changed: 		0
      From worker 3:			num_random_opinions: 	0
      From worker 3:			num_biased_opinions: 	10226
      From worker 3:		num_both_changed: 		0
      From worker 3:	
      From worker 3:	data processed and exported
      From worker 3:	
      From worker 3:	starting b_1.0_c_0.2_N_40_M_2_K_2_P_2_beta_0.001_u_0.001_v_0.0022360679774997894_p_0.0_ϵ_1.0_gens_20000000_210225-040837.585
      From worker 2:	replicate complete, ran 20000000 generations:
      From worker 2:	
      From worker 2:		num_imitating:			12498960
      From worker 2:		num_not_imitating:		7501040
      From worker 2:		num_strategies_changed:  	335718
      From worker 2:			num_random_strategies: 	12331
      From worker 2:		num_sets_changed: 		301543
      From worker 2:			num_random_opinions: 	3111
      From worker 2:			num_biased_opinions: 	9393
      From worker 2:		num_both_changed: 		16715
      From worker 2:	
      From worker 2:	data processed and exported
      From worker 2:	
      From worker 2:	starting b_1.0_c_0.2_N_40_M_2_K_2_P_2_beta_0.001_u_0.001_v_0.001_p_1.0_ϵ_1.0_gens_20000000_210225-040837.585
      From worker 9:	replicate complete, ran 20000000 generations:
      From worker 9:	
      From worker 9:		num_imitating:			10000161
      From worker 9:		num_not_imitating:		9999839
      From worker 9:		num_strategies_changed:  	147290
      From worker 9:			num_random_strategies: 	10228
      From worker 9:		num_sets_changed: 		0
      From worker 9:			num_random_opinions: 	0
      From worker 9:			num_biased_opinions: 	250346
      From worker 9:		num_both_changed: 		0
      From worker 9:	
      From worker 9:	data processed and exported
      From worker 9:	
      From worker 9:	starting b_1.0_c_0.2_N_40_M_2_K_2_P_2_beta_0.001_u_0.001_v_0.025_p_0.0_ϵ_1.0_gens_20000000_210225-040837.585
      From worker 4:	replicate complete, ran 20000000 generations:
      From worker 4:	
      From worker 4:		num_imitating:			20000000
      From worker 4:		num_not_imitating:		0
      From worker 4:		num_strategies_changed:  	574585
      From worker 4:			num_random_strategies: 	19899
      From worker 4:		num_sets_changed: 		1246471
      From worker 4:			num_random_opinions: 	45138
      From worker 4:			num_biased_opinions: 	0
      From worker 4:		num_both_changed: 		69519
      From worker 4:	
      From worker 4:	data processed and exported
      From worker 4:	
      From worker 4:	starting b_1.0_c_0.2_N_40_M_2_K_2_P_2_beta_0.001_u_0.001_v_0.0022360679774997894_p_0.25_ϵ_1.0_gens_20000000_210225-040837.585
      From worker 16:	replicate complete, ran 20000000 generations:
      From worker 16:	
      From worker 16:		num_imitating:			20000000
      From worker 16:		num_not_imitating:		0
      From worker 16:		num_strategies_changed:  	553474
      From worker 16:			num_random_strategies: 	19838
      From worker 16:		num_sets_changed: 		14777292
      From worker 16:			num_random_opinions: 	12502353
      From worker 16:			num_biased_opinions: 	0
      From worker 16:		num_both_changed: 		414802
      From worker 16:	
      From worker 16:	data processed and exported
      From worker 16:	
      From worker 16:	starting b_1.0_c_0.2_N_40_M_2_K_2_P_2_beta_0.001_u_0.001_v_0.625_p_0.25_ϵ_1.0_gens_20000000_210225-040837.585
      From worker 8:	replicate complete, ran 20000000 generations:
      From worker 8:	
      From worker 8:		num_imitating:			12498967
      From worker 8:		num_not_imitating:		7501033
      From worker 8:		num_strategies_changed:  	365280
      From worker 8:			num_random_strategies: 	12535
      From worker 8:		num_sets_changed: 		2422386
      From worker 8:			num_random_opinions: 	35269
      From worker 8:			num_biased_opinions: 	104893
      From worker 8:		num_both_changed: 		119658
      From worker 8:	
      From worker 8:	data processed and exported
      From worker 8:	
      From worker 8:	starting b_1.0_c_0.2_N_40_M_2_K_2_P_2_beta_0.001_u_0.001_v_0.011180339887498947_p_1.0_ϵ_1.0_gens_20000000_210225-040837.585
      From worker 14:	replicate complete, ran 20000000 generations:
      From worker 14:	
      From worker 14:		num_imitating:			12497038
      From worker 14:		num_not_imitating:		7502962
      From worker 14:		num_strategies_changed:  	353168
      From worker 14:			num_random_strategies: 	12660
      From worker 14:		num_sets_changed: 		6236985
      From worker 14:			num_random_opinions: 	874233
      From worker 14:			num_biased_opinions: 	2620237
      From worker 14:		num_both_changed: 		193132
      From worker 14:	
      From worker 14:	data processed and exported
      From worker 14:	
      From worker 14:	starting b_1.0_c_0.2_N_40_M_2_K_2_P_2_beta_0.001_u_0.001_v_0.2795084971874737_p_1.0_ϵ_1.0_gens_20000000_210225-040837.585
      From worker 7:	replicate complete, ran 20000000 generations:
      From worker 7:	
      From worker 7:		num_imitating:			15001239
      From worker 7:		num_not_imitating:		4998761
      From worker 7:		num_strategies_changed:  	448633
      From worker 7:			num_random_strategies: 	14941
      From worker 7:		num_sets_changed: 		3258810
      From worker 7:			num_random_opinions: 	83626
      From worker 7:			num_biased_opinions: 	83958
      From worker 7:		num_both_changed: 		163889
      From worker 7:	
      From worker 7:	data processed and exported
      From worker 7:	
      From worker 7:	starting b_1.0_c_0.2_N_40_M_2_K_2_P_2_beta_0.001_u_0.001_v_0.011180339887498947_p_0.75_ϵ_1.0_gens_20000000_210225-040837.585
      From worker 5:	replicate complete, ran 20000000 generations:
      From worker 5:	
      From worker 5:		num_imitating:			17500353
      From worker 5:		num_not_imitating:		2499647
      From worker 5:		num_strategies_changed:  	498417
      From worker 5:			num_random_strategies: 	17381
      From worker 5:		num_sets_changed: 		2224544
      From worker 5:			num_random_opinions: 	65496
      From worker 5:			num_biased_opinions: 	21692
      From worker 5:		num_both_changed: 		107032
      From worker 5:	
      From worker 5:	data processed and exported
      From worker 5:	
      From worker 5:	starting b_1.0_c_0.2_N_40_M_2_K_2_P_2_beta_0.001_u_0.001_v_0.005_p_0.5_ϵ_1.0_gens_20000000_210225-040837.585
      From worker 6:	replicate complete, ran 20000000 generations:
      From worker 6:	
      From worker 6:		num_imitating:			15000044
      From worker 6:		num_not_imitating:		4999956
      From worker 6:		num_strategies_changed:  	431016
      From worker 6:			num_random_strategies: 	15104
      From worker 6:		num_sets_changed: 		1817223
      From worker 6:			num_random_opinions: 	37845
      From worker 6:			num_biased_opinions: 	37876
      From worker 6:		num_both_changed: 		90206
      From worker 6:	
      From worker 6:	data processed and exported
      From worker 6:	
      From worker 6:	starting b_1.0_c_0.2_N_40_M_2_K_2_P_2_beta_0.001_u_0.001_v_0.005_p_0.75_ϵ_1.0_gens_20000000_210225-040837.585
      From worker 13:	replicate complete, ran 20000000 generations:
      From worker 13:	
      From worker 13:		num_imitating:			14999288
      From worker 13:		num_not_imitating:		5000712
      From worker 13:		num_strategies_changed:  	422410
      From worker 13:			num_random_strategies: 	15012
      From worker 13:		num_sets_changed: 		8636913
      From worker 13:			num_random_opinions: 	936215
      From worker 13:			num_biased_opinions: 	938586
      From worker 13:		num_both_changed: 		282022
      From worker 13:	
      From worker 13:	data processed and exported
      From worker 13:	
      From worker 13:	starting b_1.0_c_0.2_N_40_M_2_K_2_P_2_beta_0.001_u_0.001_v_0.125_p_0.75_ϵ_1.0_gens_20000000_210225-040837.585
      From worker 10:	replicate complete, ran 20000000 generations:
      From worker 10:	
      From worker 10:		num_imitating:			20000000
      From worker 10:		num_not_imitating:		0
      From worker 10:		num_strategies_changed:  	593845
      From worker 10:			num_random_strategies: 	20238
      From worker 10:		num_sets_changed: 		10497629
      From worker 10:			num_random_opinions: 	1116321
      From worker 10:			num_biased_opinions: 	0
      From worker 10:		num_both_changed: 		401159
      From worker 10:	
      From worker 10:	data processed and exported
      From worker 10:	
      From worker 10:	starting b_1.0_c_0.2_N_40_M_2_K_2_P_2_beta_0.001_u_0.001_v_0.055901699437494755_p_0.25_ϵ_1.0_gens_20000000_210225-040837.585
      From worker 2:	replicate complete, ran 20000000 generations:
      From worker 2:	
      From worker 2:		num_imitating:			10001835
      From worker 2:		num_not_imitating:		9998165
      From worker 2:		num_strategies_changed:  	151232
      From worker 2:			num_random_strategies: 	10067
      From worker 2:		num_sets_changed: 		0
      From worker 2:			num_random_opinions: 	0
      From worker 2:			num_biased_opinions: 	9910
      From worker 2:		num_both_changed: 		0
      From worker 2:	
      From worker 2:	data processed and exported
      From worker 2:	
      From worker 2:	starting b_1.0_c_0.2_N_40_M_2_K_2_P_2_beta_0.001_u_0.001_v_0.001_p_0.0_ϵ_1.0_gens_20000000_210225-040837.585
      From worker 3:	replicate complete, ran 20000000 generations:
      From worker 3:	
      From worker 3:		num_imitating:			20000000
      From worker 3:		num_not_imitating:		0
      From worker 3:		num_strategies_changed:  	560402
      From worker 3:			num_random_strategies: 	19748
      From worker 3:		num_sets_changed: 		1247576
      From worker 3:			num_random_opinions: 	44537
      From worker 3:			num_biased_opinions: 	0
      From worker 3:		num_both_changed: 		51816
      From worker 3:	
      From worker 3:	data processed and exported
      From worker 3:	
      From worker 3:	starting b_1.0_c_0.2_N_40_M_2_K_2_P_2_beta_0.001_u_0.001_v_0.0022360679774997894_p_0.25_ϵ_1.0_gens_20000000_210225-040837.585
      From worker 8:	replicate complete, ran 20000000 generations:
      From worker 8:	
      From worker 8:		num_imitating:			10001960
      From worker 8:		num_not_imitating:		9998040
      From worker 8:		num_strategies_changed:  	143176
      From worker 8:			num_random_strategies: 	10019
      From worker 8:		num_sets_changed: 		0
      From worker 8:			num_random_opinions: 	0
      From worker 8:			num_biased_opinions: 	112320
      From worker 8:		num_both_changed: 		0
      From worker 8:	
      From worker 8:	data processed and exported
      From worker 8:	
      From worker 8:	starting b_1.0_c_0.2_N_40_M_2_K_2_P_2_beta_0.001_u_0.001_v_0.025_p_0.0_ϵ_1.0_gens_20000000_210225-040837.585
      From worker 14:	replicate complete, ran 20000000 generations:
      From worker 14:	
      From worker 14:		num_imitating:			10001886
      From worker 14:		num_not_imitating:		9998114
      From worker 14:		num_strategies_changed:  	143520
      From worker 14:			num_random_strategies: 	10073
      From worker 14:		num_sets_changed: 		0
      From worker 14:			num_random_opinions: 	0
      From worker 14:			num_biased_opinions: 	2795832
      From worker 14:		num_both_changed: 		0
      From worker 14:	
      From worker 14:	data processed and exported
      From worker 14:	
      From worker 14:	starting b_1.0_c_0.2_N_40_M_2_K_2_P_2_beta_0.001_u_0.001_v_0.2795084971874737_p_0.0_ϵ_1.0_gens_20000000_210225-040837.585
      From worker 4:	replicate complete, ran 20000000 generations:
      From worker 4:	
      From worker 4:		num_imitating:			17499719
      From worker 4:		num_not_imitating:		2500281
      From worker 4:		num_strategies_changed:  	507412
      From worker 4:			num_random_strategies: 	17427
      From worker 4:		num_sets_changed: 		1043782
      From worker 4:			num_random_opinions: 	29362
      From worker 4:			num_biased_opinions: 	9523
      From worker 4:		num_both_changed: 		53755
      From worker 4:	
      From worker 4:	data processed and exported
      From worker 4:	
      From worker 4:	starting b_1.0_c_0.2_N_40_M_2_K_2_P_2_beta_0.001_u_0.001_v_0.0022360679774997894_p_0.5_ϵ_1.0_gens_20000000_210225-040837.585
      From worker 12:	replicate complete, ran 20000000 generations:
      From worker 12:	
      From worker 12:		num_imitating:			17499850
      From worker 12:		num_not_imitating:		2500150
      From worker 12:		num_strategies_changed:  	482761
      From worker 12:			num_random_strategies: 	17646
      From worker 12:		num_sets_changed: 		10871305
      From worker 12:			num_random_opinions: 	1642496
      From worker 12:			num_biased_opinions: 	545665
      From worker 12:		num_both_changed: 		345700
      From worker 12:	
      From worker 12:	data processed and exported
      From worker 12:	
      From worker 12:	starting b_1.0_c_0.2_N_40_M_2_K_2_P_2_beta_0.001_u_0.001_v_0.125_p_0.5_ϵ_1.0_gens_20000000_210225-040837.585
      From worker 11:	replicate complete, ran 20000000 generations:
      From worker 11:	
      From worker 11:		num_imitating:			17500597
      From worker 11:		num_not_imitating:		2499403
      From worker 11:		num_strategies_changed:  	496639
      From worker 11:			num_random_strategies: 	17544
      From worker 11:		num_sets_changed: 		8990683
      From worker 11:			num_random_opinions: 	734232
      From worker 11:			num_biased_opinions: 	244399
      From worker 11:		num_both_changed: 		329971
      From worker 11:	
      From worker 11:	data processed and exported
      From worker 11:	
      From worker 11:	starting b_1.0_c_0.2_N_40_M_2_K_2_P_2_beta_0.001_u_0.001_v_0.055901699437494755_p_0.5_ϵ_1.0_gens_20000000_210225-040837.585
      From worker 5:	replicate complete, ran 20000000 generations:
      From worker 5:	
      From worker 5:		num_imitating:			15002120
      From worker 5:		num_not_imitating:		4997880
      From worker 5:		num_strategies_changed:  	425155
      From worker 5:			num_random_strategies: 	14999
      From worker 5:		num_sets_changed: 		1745053
      From worker 5:			num_random_opinions: 	37187
      From worker 5:			num_biased_opinions: 	37711
      From worker 5:		num_both_changed: 		87965
      From worker 5:	
      From worker 5:	data processed and exported
      From worker 5:	
      From worker 5:	starting b_1.0_c_0.2_N_40_M_2_K_2_P_2_beta_0.001_u_0.001_v_0.005_p_0.75_ϵ_1.0_gens_20000000_210225-040837.585
      From worker 6:	replicate complete, ran 20000000 generations:
      From worker 6:	
      From worker 6:		num_imitating:			12501776
      From worker 6:		num_not_imitating:		7498224
      From worker 6:		num_strategies_changed:  	356067
      From worker 6:			num_random_strategies: 	12480
      From worker 6:		num_sets_changed: 		1261200
      From worker 6:			num_random_opinions: 	15691
      From worker 6:			num_biased_opinions: 	46949
      From worker 6:		num_both_changed: 		68905
      From worker 6:	
      From worker 6:	data processed and exported
      From worker 6:	
      From worker 6:	starting b_1.0_c_0.2_N_40_M_2_K_2_P_2_beta_0.001_u_0.001_v_0.005_p_1.0_ϵ_1.0_gens_20000000_210225-040837.585
      From worker 7:	replicate complete, ran 20000000 generations:
      From worker 7:	
      From worker 7:		num_imitating:			12496941
      From worker 7:		num_not_imitating:		7503059
      From worker 7:		num_strategies_changed:  	341796
      From worker 7:			num_random_strategies: 	12545
      From worker 7:		num_sets_changed: 		2397663
      From worker 7:			num_random_opinions: 	35035
      From worker 7:			num_biased_opinions: 	104620
      From worker 7:		num_both_changed: 		112979
      From worker 7:	
      From worker 7:	data processed and exported
      From worker 7:	
      From worker 7:	starting b_1.0_c_0.2_N_40_M_2_K_2_P_2_beta_0.001_u_0.001_v_0.011180339887498947_p_1.0_ϵ_1.0_gens_20000000_210225-040837.585
      From worker 15:	replicate complete, ran 20000000 generations:
      From worker 15:	
      From worker 15:		num_imitating:			20000000
      From worker 15:		num_not_imitating:		0
      From worker 15:		num_strategies_changed:  	591583
      From worker 15:			num_random_strategies: 	20003
      From worker 15:		num_sets_changed: 		14776160
      From worker 15:			num_random_opinions: 	12503757
      From worker 15:			num_biased_opinions: 	0
      From worker 15:		num_both_changed: 		443676
      From worker 15:	
      From worker 15:	data processed and exported
      From worker 15:	
      From worker 15:	starting b_1.0_c_0.2_N_40_M_2_K_2_P_2_beta_0.001_u_0.001_v_0.625_p_0.25_ϵ_1.0_gens_20000000_210225-040837.585
      From worker 2:	replicate complete, ran 20000000 generations:
      From worker 2:	
      From worker 2:		num_imitating:			20000000
      From worker 2:		num_not_imitating:		0
      From worker 2:		num_strategies_changed:  	554536
      From worker 2:			num_random_strategies: 	19839
      From worker 2:		num_sets_changed: 		603558
      From worker 2:			num_random_opinions: 	19885
      From worker 2:			num_biased_opinions: 	0
      From worker 2:		num_both_changed: 		29428
      From worker 2:	
      From worker 2:	data processed and exported
      From worker 3:	replicate complete, ran 20000000 generations:
      From worker 3:	
      From worker 3:		num_imitating:			17501837
      From worker 3:		num_not_imitating:		2498163
      From worker 3:		num_strategies_changed:  	514759
      From worker 3:			num_random_strategies: 	17650
      From worker 3:		num_sets_changed: 		1099181
      From worker 3:			num_random_opinions: 	29359
      From worker 3:			num_biased_opinions: 	9761
      From worker 3:		num_both_changed: 		66304
      From worker 3:	
      From worker 3:	data processed and exported
      From worker 9:	replicate complete, ran 20000000 generations:
      From worker 9:	
      From worker 9:		num_imitating:			20000000
      From worker 9:		num_not_imitating:		0
      From worker 9:		num_strategies_changed:  	564448
      From worker 9:			num_random_strategies: 	20019
      From worker 9:		num_sets_changed: 		7598708
      From worker 9:			num_random_opinions: 	498815
      From worker 9:			num_biased_opinions: 	0
      From worker 9:		num_both_changed: 		311669
      From worker 9:	
      From worker 9:	data processed and exported
      From worker 9:	
      From worker 9:	starting b_1.0_c_0.2_N_40_M_2_K_2_P_2_beta_0.001_u_0.001_v_0.025_p_0.25_ϵ_1.0_gens_20000000_210225-040837.585
      From worker 4:	replicate complete, ran 20000000 generations:
      From worker 4:	
      From worker 4:		num_imitating:			14999754
      From worker 4:		num_not_imitating:		5000246
      From worker 4:		num_strategies_changed:  	416423
      From worker 4:			num_random_strategies: 	15129
      From worker 4:		num_sets_changed: 		914569
      From worker 4:			num_random_opinions: 	16834
      From worker 4:			num_biased_opinions: 	16916
      From worker 4:		num_both_changed: 		44294
      From worker 4:	
      From worker 4:	data processed and exported
      From worker 13:	replicate complete, ran 20000000 generations:
      From worker 13:	
      From worker 13:		num_imitating:			12499803
      From worker 13:		num_not_imitating:		7500197
      From worker 13:		num_strategies_changed:  	375840
      From worker 13:			num_random_strategies: 	12447
      From worker 13:		num_sets_changed: 		6111564
      From worker 13:			num_random_opinions: 	390768
      From worker 13:			num_biased_opinions: 	1171221
      From worker 13:		num_both_changed: 		217906
      From worker 13:	
      From worker 13:	data processed and exported
      From worker 13:	
      From worker 13:	starting b_1.0_c_0.2_N_40_M_2_K_2_P_2_beta_0.001_u_0.001_v_0.125_p_1.0_ϵ_1.0_gens_20000000_210225-040837.585
      From worker 6:	replicate complete, ran 20000000 generations:
      From worker 6:	
      From worker 6:		num_imitating:			10000897
      From worker 6:		num_not_imitating:		9999103
      From worker 6:		num_strategies_changed:  	144271
      From worker 6:			num_random_strategies: 	10188
      From worker 6:		num_sets_changed: 		0
      From worker 6:			num_random_opinions: 	0
      From worker 6:			num_biased_opinions: 	50609
      From worker 6:		num_both_changed: 		0
      From worker 6:	
      From worker 6:	data processed and exported
      From worker 7:	replicate complete, ran 20000000 generations:
      From worker 7:	
      From worker 7:		num_imitating:			9996595
      From worker 7:		num_not_imitating:		10003405
      From worker 7:		num_strategies_changed:  	148064
      From worker 7:			num_random_strategies: 	10037
      From worker 7:		num_sets_changed: 		0
      From worker 7:			num_random_opinions: 	0
      From worker 7:			num_biased_opinions: 	111814
      From worker 7:		num_both_changed: 		0
      From worker 7:	
      From worker 7:	data processed and exported
      From worker 7:	
      From worker 7:	starting b_1.0_c_0.2_N_40_M_2_K_2_P_2_beta_0.001_u_0.001_v_0.011180339887498947_p_0.0_ϵ_1.0_gens_20000000_210225-040837.585
      From worker 5:	replicate complete, ran 20000000 generations:
      From worker 5:	
      From worker 5:		num_imitating:			12500198
      From worker 5:		num_not_imitating:		7499802
      From worker 5:		num_strategies_changed:  	352943
      From worker 5:			num_random_strategies: 	12570
      From worker 5:		num_sets_changed: 		1283448
      From worker 5:			num_random_opinions: 	15511
      From worker 5:			num_biased_opinions: 	46622
      From worker 5:		num_both_changed: 		65291
      From worker 5:	
      From worker 5:	data processed and exported
      From worker 16:	replicate complete, ran 20000000 generations:
      From worker 16:	
      From worker 16:		num_imitating:			17498170
      From worker 16:		num_not_imitating:		2501830
      From worker 16:		num_strategies_changed:  	490903
      From worker 16:			num_random_strategies: 	17339
      From worker 16:		num_sets_changed: 		12407913
      From worker 16:			num_random_opinions: 	8201834
      From worker 16:			num_biased_opinions: 	2735441
      From worker 16:		num_both_changed: 		353184
      From worker 16:	
      From worker 16:	data processed and exported
      From worker 16:	
      From worker 16:	starting b_1.0_c_0.2_N_40_M_2_K_2_P_2_beta_0.001_u_0.001_v_0.625_p_0.5_ϵ_1.0_gens_20000000_210225-040837.585
      From worker 8:	replicate complete, ran 20000000 generations:
      From worker 8:	
      From worker 8:		num_imitating:			20000000
      From worker 8:		num_not_imitating:		0
      From worker 8:		num_strategies_changed:  	588209
      From worker 8:			num_random_strategies: 	19887
      From worker 8:		num_sets_changed: 		7498481
      From worker 8:			num_random_opinions: 	500394
      From worker 8:			num_biased_opinions: 	0
      From worker 8:		num_both_changed: 		324996
      From worker 8:	
      From worker 8:	data processed and exported
      From worker 8:	
      From worker 8:	starting b_1.0_c_0.2_N_40_M_2_K_2_P_2_beta_0.001_u_0.001_v_0.025_p_0.25_ϵ_1.0_gens_20000000_210225-040837.585
      From worker 10:	replicate complete, ran 20000000 generations:
      From worker 10:	
      From worker 10:		num_imitating:			17497771
      From worker 10:		num_not_imitating:		2502229
      From worker 10:		num_strategies_changed:  	498963
      From worker 10:			num_random_strategies: 	17351
      From worker 10:		num_sets_changed: 		9015518
      From worker 10:			num_random_opinions: 	733803
      From worker 10:			num_biased_opinions: 	244427
      From worker 10:		num_both_changed: 		331633
      From worker 10:	
      From worker 10:	data processed and exported
      From worker 10:	
      From worker 10:	starting b_1.0_c_0.2_N_40_M_2_K_2_P_2_beta_0.001_u_0.001_v_0.055901699437494755_p_0.5_ϵ_1.0_gens_20000000_210225-040837.585
      From worker 13:	replicate complete, ran 20000000 generations:
      From worker 13:	
      From worker 13:		num_imitating:			9996599
      From worker 13:		num_not_imitating:		10003401
      From worker 13:		num_strategies_changed:  	151220
      From worker 13:			num_random_strategies: 	9874
      From worker 13:		num_sets_changed: 		0
      From worker 13:			num_random_opinions: 	0
      From worker 13:			num_biased_opinions: 	1250255
      From worker 13:		num_both_changed: 		0
      From worker 13:	
      From worker 13:	data processed and exported
      From worker 13:	
      From worker 13:	starting b_1.0_c_0.2_N_40_M_2_K_2_P_2_beta_0.001_u_0.001_v_0.2795084971874737_p_0.0_ϵ_1.0_gens_20000000_210225-040837.585
      From worker 12:	replicate complete, ran 20000000 generations:
      From worker 12:	
      From worker 12:		num_imitating:			15000346
      From worker 12:		num_not_imitating:		4999654
      From worker 12:		num_strategies_changed:  	431458
      From worker 12:			num_random_strategies: 	15215
      From worker 12:		num_sets_changed: 		8640614
      From worker 12:			num_random_opinions: 	938700
      From worker 12:			num_biased_opinions: 	937316
      From worker 12:		num_both_changed: 		286464
      From worker 12:	
      From worker 12:	data processed and exported
      From worker 12:	
      From worker 12:	starting b_1.0_c_0.2_N_40_M_2_K_2_P_2_beta_0.001_u_0.001_v_0.125_p_0.75_ϵ_1.0_gens_20000000_210225-040837.585
      From worker 11:	replicate complete, ran 20000000 generations:
      From worker 11:	
      From worker 11:		num_imitating:			14997206
      From worker 11:		num_not_imitating:		5002794
      From worker 11:		num_strategies_changed:  	423866
      From worker 11:			num_random_strategies: 	14918
      From worker 11:		num_sets_changed: 		7135708
      From worker 11:			num_random_opinions: 	418670
      From worker 11:			num_biased_opinions: 	418108
      From worker 11:		num_both_changed: 		260430
      From worker 11:	
      From worker 11:	data processed and exported
      From worker 11:	
      From worker 11:	starting b_1.0_c_0.2_N_40_M_2_K_2_P_2_beta_0.001_u_0.001_v_0.055901699437494755_p_0.75_ϵ_1.0_gens_20000000_210225-040837.585
      From worker 9:	replicate complete, ran 20000000 generations:
      From worker 9:	
      From worker 9:		num_imitating:			17500296
      From worker 9:		num_not_imitating:		2499704
      From worker 9:		num_strategies_changed:  	479695
      From worker 9:			num_random_strategies: 	17555
      From worker 9:		num_sets_changed: 		6441875
      From worker 9:			num_random_opinions: 	327847
      From worker 9:			num_biased_opinions: 	109063
      From worker 9:		num_both_changed: 		257023
      From worker 9:	
      From worker 9:	data processed and exported
      From worker 9:	
      From worker 9:	starting b_1.0_c_0.2_N_40_M_2_K_2_P_2_beta_0.001_u_0.001_v_0.025_p_0.5_ϵ_1.0_gens_20000000_210225-040837.585
      From worker 14:	replicate complete, ran 20000000 generations:
      From worker 14:	
      From worker 14:		num_imitating:			20000000
      From worker 14:		num_not_imitating:		0
      From worker 14:		num_strategies_changed:  	551176
      From worker 14:			num_random_strategies: 	19924
      From worker 14:		num_sets_changed: 		14091339
      From worker 14:			num_random_opinions: 	5589642
      From worker 14:			num_biased_opinions: 	0
      From worker 14:		num_both_changed: 		411421
      From worker 14:	
      From worker 14:	data processed and exported
      From worker 14:	
      From worker 14:	starting b_1.0_c_0.2_N_40_M_2_K_2_P_2_beta_0.001_u_0.001_v_0.2795084971874737_p_0.25_ϵ_1.0_gens_20000000_210225-040837.585
      From worker 7:	replicate complete, ran 20000000 generations:
      From worker 7:	
      From worker 7:		num_imitating:			20000000
      From worker 7:		num_not_imitating:		0
      From worker 7:		num_strategies_changed:  	574260
      From worker 7:			num_random_strategies: 	20047
      From worker 7:		num_sets_changed: 		4718864
      From worker 7:			num_random_opinions: 	223587
      From worker 7:			num_biased_opinions: 	0
      From worker 7:		num_both_changed: 		223334
      From worker 7:	
      From worker 7:	data processed and exported
      From worker 15:	replicate complete, ran 20000000 generations:
      From worker 15:	
      From worker 15:		num_imitating:			17503332
      From worker 15:		num_not_imitating:		2496668
      From worker 15:		num_strategies_changed:  	527193
      From worker 15:			num_random_strategies: 	17238
      From worker 15:		num_sets_changed: 		12413976
      From worker 15:			num_random_opinions: 	8202860
      From worker 15:			num_biased_opinions: 	2734891
      From worker 15:		num_both_changed: 		379969
      From worker 15:	
      From worker 15:	data processed and exported
      From worker 15:	
      From worker 15:	starting b_1.0_c_0.2_N_40_M_2_K_2_P_2_beta_0.001_u_0.001_v_0.625_p_0.5_ϵ_1.0_gens_20000000_210225-040837.585
      From worker 8:	replicate complete, ran 20000000 generations:
      From worker 8:	
      From worker 8:		num_imitating:			17500136
      From worker 8:		num_not_imitating:		2499864
      From worker 8:		num_strategies_changed:  	480348
      From worker 8:			num_random_strategies: 	17635
      From worker 8:		num_sets_changed: 		6508760
      From worker 8:			num_random_opinions: 	327638
      From worker 8:			num_biased_opinions: 	109658
      From worker 8:		num_both_changed: 		258731
      From worker 8:	
      From worker 8:	data processed and exported
      From worker 10:	replicate complete, ran 20000000 generations:
      From worker 10:	
      From worker 10:		num_imitating:			14998204
      From worker 10:		num_not_imitating:		5001796
      From worker 10:		num_strategies_changed:  	408116
      From worker 10:			num_random_strategies: 	14899
      From worker 10:		num_sets_changed: 		7160818
      From worker 10:			num_random_opinions: 	419072
      From worker 10:			num_biased_opinions: 	418967
      From worker 10:		num_both_changed: 		254417
      From worker 10:	
      From worker 10:	data processed and exported
      From worker 10:	
      From worker 10:	starting b_1.0_c_0.2_N_40_M_2_K_2_P_2_beta_0.001_u_0.001_v_0.055901699437494755_p_0.75_ϵ_1.0_gens_20000000_210225-040837.585
      From worker 16:	replicate complete, ran 20000000 generations:
      From worker 16:	
      From worker 16:		num_imitating:			14996463
      From worker 16:		num_not_imitating:		5003537
      From worker 16:		num_strategies_changed:  	434793
      From worker 16:			num_random_strategies: 	14944
      From worker 16:		num_sets_changed: 		9180441
      From worker 16:			num_random_opinions: 	4684716
      From worker 16:			num_biased_opinions: 	4687569
      From worker 16:		num_both_changed: 		271519
      From worker 16:	
      From worker 16:	data processed and exported
      From worker 16:	
      From worker 16:	starting b_1.0_c_0.2_N_40_M_2_K_2_P_2_beta_0.001_u_0.001_v_0.625_p_0.75_ϵ_1.0_gens_20000000_210225-040837.585
      From worker 11:	replicate complete, ran 20000000 generations:
      From worker 11:	
      From worker 11:		num_imitating:			12496838
      From worker 11:		num_not_imitating:		7503162
      From worker 11:		num_strategies_changed:  	363412
      From worker 11:			num_random_strategies: 	12492
      From worker 11:		num_sets_changed: 		5179889
      From worker 11:			num_random_opinions: 	174776
      From worker 11:			num_biased_opinions: 	524762
      From worker 11:		num_both_changed: 		203358
      From worker 11:	
      From worker 11:	data processed and exported
      From worker 11:	
      From worker 11:	starting b_1.0_c_0.2_N_40_M_2_K_2_P_2_beta_0.001_u_0.001_v_0.055901699437494755_p_1.0_ϵ_1.0_gens_20000000_210225-040837.585
      From worker 12:	replicate complete, ran 20000000 generations:
      From worker 12:	
      From worker 12:		num_imitating:			12502341
      From worker 12:		num_not_imitating:		7497659
      From worker 12:		num_strategies_changed:  	373216
      From worker 12:			num_random_strategies: 	12426
      From worker 12:		num_sets_changed: 		6131396
      From worker 12:			num_random_opinions: 	390609
      From worker 12:			num_biased_opinions: 	1173120
      From worker 12:		num_both_changed: 		216956
      From worker 12:	
      From worker 12:	data processed and exported
      From worker 12:	
      From worker 12:	starting b_1.0_c_0.2_N_40_M_2_K_2_P_2_beta_0.001_u_0.001_v_0.125_p_1.0_ϵ_1.0_gens_20000000_210225-040837.585
      From worker 9:	replicate complete, ran 20000000 generations:
      From worker 9:	
      From worker 9:		num_imitating:			15003149
      From worker 9:		num_not_imitating:		4996851
      From worker 9:		num_strategies_changed:  	453081
      From worker 9:			num_random_strategies: 	15019
      From worker 9:		num_sets_changed: 		5135971
      From worker 9:			num_random_opinions: 	187275
      From worker 9:			num_biased_opinions: 	187100
      From worker 9:		num_both_changed: 		238718
      From worker 9:	
      From worker 9:	data processed and exported
      From worker 11:	replicate complete, ran 20000000 generations:
      From worker 11:	
      From worker 11:		num_imitating:			10000290
      From worker 11:		num_not_imitating:		9999710
      From worker 11:		num_strategies_changed:  	142844
      From worker 11:			num_random_strategies: 	9988
      From worker 11:		num_sets_changed: 		0
      From worker 11:			num_random_opinions: 	0
      From worker 11:			num_biased_opinions: 	558544
      From worker 11:		num_both_changed: 		0
      From worker 11:	
      From worker 11:	data processed and exported
      From worker 12:	replicate complete, ran 20000000 generations:
      From worker 12:	
      From worker 12:		num_imitating:			10003268
      From worker 12:		num_not_imitating:		9996732
      From worker 12:		num_strategies_changed:  	154942
      From worker 12:			num_random_strategies: 	9980
      From worker 12:		num_sets_changed: 		0
      From worker 12:			num_random_opinions: 	0
      From worker 12:			num_biased_opinions: 	1249636
      From worker 12:		num_both_changed: 		0
      From worker 12:	
      From worker 12:	data processed and exported
      From worker 12:	
      From worker 12:	starting b_1.0_c_0.2_N_40_M_2_K_2_P_2_beta_0.001_u_0.001_v_0.125_p_0.0_ϵ_1.0_gens_20000000_210225-040837.585
      From worker 13:	replicate complete, ran 20000000 generations:
      From worker 13:	
      From worker 13:		num_imitating:			20000000
      From worker 13:		num_not_imitating:		0
      From worker 13:		num_strategies_changed:  	554725
      From worker 13:			num_random_strategies: 	20022
      From worker 13:		num_sets_changed: 		14096975
      From worker 13:			num_random_opinions: 	5591266
      From worker 13:			num_biased_opinions: 	0
      From worker 13:		num_both_changed: 		413629
      From worker 13:	
      From worker 13:	data processed and exported
      From worker 13:	
      From worker 13:	starting b_1.0_c_0.2_N_40_M_2_K_2_P_2_beta_0.001_u_0.001_v_0.2795084971874737_p_0.25_ϵ_1.0_gens_20000000_210225-040837.585
      From worker 10:	replicate complete, ran 20000000 generations:
      From worker 10:	
      From worker 10:		num_imitating:			12501064
      From worker 10:		num_not_imitating:		7498936
      From worker 10:		num_strategies_changed:  	360920
      From worker 10:			num_random_strategies: 	12397
      From worker 10:		num_sets_changed: 		5187827
      From worker 10:			num_random_opinions: 	174700
      From worker 10:			num_biased_opinions: 	524798
      From worker 10:		num_both_changed: 		200324
      From worker 10:	
      From worker 10:	data processed and exported
      From worker 16:	replicate complete, ran 20000000 generations:
      From worker 16:	
      From worker 16:		num_imitating:			12500579
      From worker 16:		num_not_imitating:		7499421
      From worker 16:		num_strategies_changed:  	359796
      From worker 16:			num_random_strategies: 	12416
      From worker 16:		num_sets_changed: 		5212494
      From worker 16:			num_random_opinions: 	1951469
      From worker 16:			num_biased_opinions: 	5861947
      From worker 16:		num_both_changed: 		154766
      From worker 16:	
      From worker 16:	data processed and exported
      From worker 16:	
      From worker 16:	starting b_1.0_c_0.2_N_40_M_2_K_2_P_2_beta_0.001_u_0.001_v_0.625_p_1.0_ϵ_1.0_gens_20000000_210225-040837.585
      From worker 14:	replicate complete, ran 20000000 generations:
      From worker 14:	
      From worker 14:		num_imitating:			17499124
      From worker 14:		num_not_imitating:		2500876
      From worker 14:		num_strategies_changed:  	482468
      From worker 14:			num_random_strategies: 	17567
      From worker 14:		num_sets_changed: 		11986371
      From worker 14:			num_random_opinions: 	3666694
      From worker 14:			num_biased_opinions: 	1220765
      From worker 14:		num_both_changed: 		350672
      From worker 14:	
      From worker 14:	data processed and exported
      From worker 14:	
      From worker 14:	starting b_1.0_c_0.2_N_40_M_2_K_2_P_2_beta_0.001_u_0.001_v_0.2795084971874737_p_0.5_ϵ_1.0_gens_20000000_210225-040837.585
      From worker 15:	replicate complete, ran 20000000 generations:
      From worker 15:	
      From worker 15:		num_imitating:			14999108
      From worker 15:		num_not_imitating:		5000892
      From worker 15:		num_strategies_changed:  	431258
      From worker 15:			num_random_strategies: 	14799
      From worker 15:		num_sets_changed: 		9186977
      From worker 15:			num_random_opinions: 	4688193
      From worker 15:			num_biased_opinions: 	4686052
      From worker 15:		num_both_changed: 		269717
      From worker 15:	
      From worker 15:	data processed and exported
      From worker 15:	
      From worker 15:	starting b_1.0_c_0.2_N_40_M_2_K_2_P_2_beta_0.001_u_0.001_v_0.625_p_0.75_ϵ_1.0_gens_20000000_210225-040837.585
      From worker 16:	replicate complete, ran 20000000 generations:
      From worker 16:	
      From worker 16:		num_imitating:			10001732
      From worker 16:		num_not_imitating:		9998268
      From worker 16:		num_strategies_changed:  	145551
      From worker 16:			num_random_strategies: 	10024
      From worker 16:		num_sets_changed: 		0
      From worker 16:			num_random_opinions: 	0
      From worker 16:			num_biased_opinions: 	6252457
      From worker 16:		num_both_changed: 		0
      From worker 16:	
      From worker 16:	data processed and exported
 Activating environment at `/tigress/mk28/CooperationPolarization2/Project.toml`
 Activating environment at `/tigress/mk28/CooperationPolarization2/Project.toml`
      From worker 15:	replicate complete, ran 20000000 generations:
      From worker 15:	
      From worker 15:		num_imitating:			12497741
      From worker 15:		num_not_imitating:		7502259
      From worker 15:		num_strategies_changed:  	347411
      From worker 15:			num_random_strategies: 	12439
      From worker 15:		num_sets_changed: 		5214365
      From worker 15:			num_random_opinions: 	1952237
      From worker 15:			num_biased_opinions: 	5857523
      From worker 15:		num_both_changed: 		150459
      From worker 15:	
      From worker 15:	data processed and exported
      From worker 14:	replicate complete, ran 20000000 generations:
      From worker 14:	
      From worker 14:		num_imitating:			15000111
      From worker 14:		num_not_imitating:		4999889
      From worker 14:		num_strategies_changed:  	430735
      From worker 14:			num_random_strategies: 	15118
      From worker 14:		num_sets_changed: 		9373666
      From worker 14:			num_random_opinions: 	2094202
      From worker 14:			num_biased_opinions: 	2097714
      From worker 14:		num_both_changed: 		288387
      From worker 14:	
      From worker 14:	data processed and exported
      From worker 12:	replicate complete, ran 20000000 generations:
      From worker 12:	
      From worker 12:		num_imitating:			20000000
      From worker 12:		num_not_imitating:		0
      From worker 12:		num_strategies_changed:  	591009
      From worker 12:			num_random_strategies: 	20087
      From worker 12:		num_sets_changed: 		12763207
      From worker 12:			num_random_opinions: 	2500631
      From worker 12:			num_biased_opinions: 	0
      From worker 12:		num_both_changed: 		430417
      From worker 12:	
      From worker 12:	data processed and exported
      From worker 13:	replicate complete, ran 20000000 generations:
      From worker 13:	
      From worker 13:		num_imitating:			17502469
      From worker 13:		num_not_imitating:		2497531
      From worker 13:		num_strategies_changed:  	487948
      From worker 13:			num_random_strategies: 	17667
      From worker 13:		num_sets_changed: 		11991809
      From worker 13:			num_random_opinions: 	3671960
      From worker 13:			num_biased_opinions: 	1222919
      From worker 13:		num_both_changed: 		355678
      From worker 13:	
      From worker 13:	data processed and exported
11197.150418 seconds (2.74 M allocations: 121.878 MiB, 0.00% gc time)
