packages loaded
      From worker 5:	 Activating environment at `/tigress/mk28/CooperationPolarization2/Project.toml`
      From worker 6:	 Activating environment at `/tigress/mk28/CooperationPolarization2/Project.toml`
      From worker 4:	 Activating environment at `/tigress/mk28/CooperationPolarization2/Project.toml`
      From worker 3:	 Activating environment at `/tigress/mk28/CooperationPolarization2/Project.toml`
      From worker 2:	 Activating environment at `/tigress/mk28/CooperationPolarization2/Project.toml`
      From worker 13:	 Activating environment at `/tigress/mk28/CooperationPolarization2/Project.toml`
      From worker 8:	 Activating environment at `/tigress/mk28/CooperationPolarization2/Project.toml`
      From worker 16:	 Activating environment at `/tigress/mk28/CooperationPolarization2/Project.toml`
      From worker 10:	 Activating environment at `/tigress/mk28/CooperationPolarization2/Project.toml`
      From worker 15:	 Activating environment at `/tigress/mk28/CooperationPolarization2/Project.toml`
      From worker 9:	 Activating environment at `/tigress/mk28/CooperationPolarization2/Project.toml`
      From worker 7:	 Activating environment at `/tigress/mk28/CooperationPolarization2/Project.toml`
      From worker 11:	 Activating environment at `/tigress/mk28/CooperationPolarization2/Project.toml`
      From worker 14:	 Activating environment at `/tigress/mk28/CooperationPolarization2/Project.toml`
      From worker 12:	 Activating environment at `/tigress/mk28/CooperationPolarization2/Project.toml`
      From worker 13:	packages loaded
      From worker 4:	packages loaded
      From worker 14:	packages loaded
      From worker 7:	packages loaded
      From worker 5:	packages loaded
      From worker 6:	packages loaded
      From worker 2:	packages loaded
      From worker 15:	packages loaded
      From worker 16:	packages loaded
      From worker 8:	packages loaded
      From worker 3:	packages loaded
      From worker 9:	packages loaded
      From worker 10:	packages loaded
      From worker 11:	packages loaded
      From worker 12:	packages loaded
parameters defined
      From worker 8:	
      From worker 8:	starting b_1.0_c_0.2_N_40_M_3_K_2_P_2_beta_0.001_u_0.001_v_0.011180339887498947_p_0.25_ϵ_1.0_gens_20000000_210221-041939.867
      From worker 13:	
      From worker 13:	starting b_1.0_c_0.2_N_40_M_3_K_2_P_2_beta_0.001_u_0.001_v_0.125_p_0.25_ϵ_1.0_gens_20000000_210221-041939.867
      From worker 10:	
      From worker 10:	starting b_1.0_c_0.2_N_40_M_3_K_2_P_2_beta_0.001_u_0.001_v_0.025_p_0.75_ϵ_1.0_gens_20000000_210221-041939.867
      From worker 4:	
      From worker 4:	starting b_1.0_c_0.2_N_40_M_3_K_2_P_2_beta_0.001_u_0.001_v_0.0022360679774997894_p_0.5_ϵ_1.0_gens_20000000_210221-041939.867
      From worker 12:	
      From worker 12:	starting b_1.0_c_0.2_N_40_M_3_K_2_P_2_beta_0.001_u_0.001_v_0.125_p_0.0_ϵ_1.0_gens_20000000_210221-041939.867
      From worker 6:	
      From worker 6:	starting b_1.0_c_0.2_N_40_M_3_K_2_P_2_beta_0.001_u_0.001_v_0.005_p_1.0_ϵ_1.0_gens_20000000_210221-041939.867
      From worker 7:	
      From worker 7:	starting b_1.0_c_0.2_N_40_M_3_K_2_P_2_beta_0.001_u_0.001_v_0.011180339887498947_p_0.0_ϵ_1.0_gens_20000000_210221-041939.867
      From worker 5:	
      From worker 5:	starting b_1.0_c_0.2_N_40_M_3_K_2_P_2_beta_0.001_u_0.001_v_0.0022360679774997894_p_0.75_ϵ_1.0_gens_20000000_210221-041939.867
      From worker 9:	
      From worker 9:	starting b_1.0_c_0.2_N_40_M_3_K_2_P_2_beta_0.001_u_0.001_v_0.025_p_0.5_ϵ_1.0_gens_20000000_210221-041939.867
      From worker 16:	
      From worker 16:	starting b_1.0_c_0.2_N_40_M_3_K_2_P_2_beta_0.001_u_0.001_v_0.625_p_1.0_ϵ_1.0_gens_20000000_210221-041939.867
      From worker 11:	
      From worker 11:	starting b_1.0_c_0.2_N_40_M_3_K_2_P_2_beta_0.001_u_0.001_v_0.055901699437494755_p_1.0_ϵ_1.0_gens_20000000_210221-041939.867
      From worker 14:	
      From worker 14:	starting b_1.0_c_0.2_N_40_M_3_K_2_P_2_beta_0.001_u_0.001_v_0.2795084971874737_p_0.5_ϵ_1.0_gens_20000000_210221-041939.867
      From worker 2:	
      From worker 2:	starting b_1.0_c_0.2_N_40_M_3_K_2_P_2_beta_0.001_u_0.001_v_0.001_p_0.0_ϵ_1.0_gens_20000000_210221-041939.867
      From worker 3:	
      From worker 3:	starting b_1.0_c_0.2_N_40_M_3_K_2_P_2_beta_0.001_u_0.001_v_0.001_p_0.25_ϵ_1.0_gens_20000000_210221-041939.867
      From worker 15:	
      From worker 15:	starting b_1.0_c_0.2_N_40_M_3_K_2_P_2_beta_0.001_u_0.001_v_0.2795084971874737_p_0.75_ϵ_1.0_gens_20000000_210221-041939.867
      From worker 6:	replicate complete, ran 20000000 generations:
      From worker 6:	
      From worker 6:		num_imitating:			9998325
      From worker 6:		num_not_imitating:		10001675
      From worker 6:		num_strategies_changed:  	153450
      From worker 6:			num_random_strategies: 	10032
      From worker 6:		num_sets_changed: 		589341
      From worker 6:			num_random_opinions: 	0
      From worker 6:			num_biased_opinions: 	49612
      From worker 6:		num_both_changed: 		14636
      From worker 6:	
      From worker 6:	data processed and exported
      From worker 6:	
      From worker 6:	starting b_1.0_c_0.2_N_40_M_3_K_2_P_2_beta_0.001_u_0.001_v_0.005_p_0.0_ϵ_1.0_gens_20000000_210221-041939.867
      From worker 3:	replicate complete, ran 20000000 generations:
      From worker 3:	
      From worker 3:		num_imitating:			17497935
      From worker 3:		num_not_imitating:		2502065
      From worker 3:		num_strategies_changed:  	524583
      From worker 3:			num_random_strategies: 	17823
      From worker 3:		num_sets_changed: 		602500
      From worker 3:			num_random_opinions: 	13131
      From worker 3:			num_biased_opinions: 	4456
      From worker 3:		num_both_changed: 		32095
      From worker 3:	
      From worker 3:	data processed and exported
      From worker 3:	
      From worker 3:	starting b_1.0_c_0.2_N_40_M_3_K_2_P_2_beta_0.001_u_0.001_v_0.001_p_0.5_ϵ_1.0_gens_20000000_210221-041939.867
      From worker 2:	replicate complete, ran 20000000 generations:
      From worker 2:	
      From worker 2:		num_imitating:			20000000
      From worker 2:		num_not_imitating:		0
      From worker 2:		num_strategies_changed:  	551807
      From worker 2:			num_random_strategies: 	20025
      From worker 2:		num_sets_changed: 		655133
      From worker 2:			num_random_opinions: 	20130
      From worker 2:			num_biased_opinions: 	0
      From worker 2:		num_both_changed: 		32465
      From worker 2:	
      From worker 5:	replicate complete, ran 20000000 generations:
      From worker 5:	
      From worker 5:		num_imitating:			12501776
      From worker 5:		num_not_imitating:		7498224
      From worker 5:		num_strategies_changed:  	360304
      From worker 5:			num_random_strategies: 	12663
      From worker 5:		num_sets_changed: 		860127
      From worker 5:			num_random_opinions: 	7040
      From worker 5:			num_biased_opinions: 	20793
      From worker 5:		num_both_changed: 		43178
      From worker 5:	
      From worker 2:	data processed and exported
      From worker 5:	data processed and exported
      From worker 2:	
      From worker 2:	starting b_1.0_c_0.2_N_40_M_3_K_2_P_2_beta_0.001_u_0.001_v_0.001_p_0.25_ϵ_1.0_gens_20000000_210221-041939.867
      From worker 5:	
      From worker 5:	starting b_1.0_c_0.2_N_40_M_3_K_2_P_2_beta_0.001_u_0.001_v_0.0022360679774997894_p_1.0_ϵ_1.0_gens_20000000_210221-041939.867
      From worker 4:	replicate complete, ran 20000000 generations:
      From worker 4:	
      From worker 4:		num_imitating:			15002152
      From worker 4:		num_not_imitating:		4997848
      From worker 4:		num_strategies_changed:  	449580
      From worker 4:			num_random_strategies: 	15030
      From worker 4:		num_sets_changed: 		1053067
      From worker 4:			num_random_opinions: 	16620
      From worker 4:			num_biased_opinions: 	16744
      From worker 4:		num_both_changed: 		56832
      From worker 4:	
      From worker 4:	data processed and exported
      From worker 4:	
      From worker 4:	starting b_1.0_c_0.2_N_40_M_3_K_2_P_2_beta_0.001_u_0.001_v_0.0022360679774997894_p_0.75_ϵ_1.0_gens_20000000_210221-041939.867
      From worker 11:	replicate complete, ran 20000000 generations:
      From worker 11:	
      From worker 11:		num_imitating:			10002272
      From worker 11:		num_not_imitating:		9997728
      From worker 11:		num_strategies_changed:  	148961
      From worker 11:			num_random_strategies: 	10089
      From worker 11:		num_sets_changed: 		3588658
      From worker 11:			num_random_opinions: 	0
      From worker 11:			num_biased_opinions: 	559007
      From worker 11:		num_both_changed: 		77688
      From worker 11:	
      From worker 11:	data processed and exported
      From worker 11:	
      From worker 11:	starting b_1.0_c_0.2_N_40_M_3_K_2_P_2_beta_0.001_u_0.001_v_0.055901699437494755_p_0.0_ϵ_1.0_gens_20000000_210221-041939.867
      From worker 8:	replicate complete, ran 20000000 generations:
      From worker 8:	
      From worker 8:		num_imitating:			17499617
      From worker 8:		num_not_imitating:		2500383
      From worker 8:		num_strategies_changed:  	518520
      From worker 8:			num_random_strategies: 	17316
      From worker 8:		num_sets_changed: 		4808912
      From worker 8:			num_random_opinions: 	146649
      From worker 8:			num_biased_opinions: 	49018
      From worker 8:		num_both_changed: 		237798
      From worker 8:	
      From worker 8:	data processed and exported
      From worker 8:	
      From worker 8:	starting b_1.0_c_0.2_N_40_M_3_K_2_P_2_beta_0.001_u_0.001_v_0.011180339887498947_p_0.5_ϵ_1.0_gens_20000000_210221-041939.867
      From worker 10:	replicate complete, ran 20000000 generations:
      From worker 10:	
      From worker 10:		num_imitating:			12502146
      From worker 10:		num_not_imitating:		7497854
      From worker 10:		num_strategies_changed:  	352358
      From worker 10:			num_random_strategies: 	12588
      From worker 10:		num_sets_changed: 		5247991
      From worker 10:			num_random_opinions: 	78515
      From worker 10:			num_biased_opinions: 	234274
      From worker 10:		num_both_changed: 		226636
      From worker 10:	
      From worker 10:	data processed and exported
      From worker 10:	
      From worker 10:	starting b_1.0_c_0.2_N_40_M_3_K_2_P_2_beta_0.001_u_0.001_v_0.025_p_1.0_ϵ_1.0_gens_20000000_210221-041939.867
      From worker 7:	replicate complete, ran 20000000 generations:
      From worker 7:	
      From worker 7:		num_imitating:			20000000
      From worker 7:		num_not_imitating:		0
      From worker 7:		num_strategies_changed:  	588260
      From worker 7:			num_random_strategies: 	19960
      From worker 7:		num_sets_changed: 		5579990
      From worker 7:			num_random_opinions: 	224398
      From worker 7:			num_biased_opinions: 	0
      From worker 7:		num_both_changed: 		267388
      From worker 7:	
      From worker 7:	data processed and exported
      From worker 7:	
      From worker 7:	starting b_1.0_c_0.2_N_40_M_3_K_2_P_2_beta_0.001_u_0.001_v_0.011180339887498947_p_0.25_ϵ_1.0_gens_20000000_210221-041939.867
      From worker 16:	replicate complete, ran 20000000 generations:
      From worker 16:	
      From worker 16:		num_imitating:			9999012
      From worker 16:		num_not_imitating:		10000988
      From worker 16:		num_strategies_changed:  	146475
      From worker 16:			num_random_strategies: 	9873
      From worker 16:		num_sets_changed: 		6471556
      From worker 16:			num_random_opinions: 	0
      From worker 16:			num_biased_opinions: 	6250608
      From worker 16:		num_both_changed: 		97105
      From worker 16:	
      From worker 16:	data processed and exported
      From worker 16:	
      From worker 16:	starting b_1.0_c_0.2_N_40_M_3_K_2_P_2_beta_0.001_u_0.001_v_0.625_p_0.0_ϵ_1.0_gens_20000000_210221-041939.867
      From worker 9:	replicate complete, ran 20000000 generations:
      From worker 9:	
      From worker 9:		num_imitating:			15001300
      From worker 9:		num_not_imitating:		4998700
      From worker 9:		num_strategies_changed:  	422607
      From worker 9:			num_random_strategies: 	14873
      From worker 9:		num_sets_changed: 		6542922
      From worker 9:			num_random_opinions: 	187709
      From worker 9:			num_biased_opinions: 	187154
      From worker 9:		num_both_changed: 		282473
      From worker 9:	
      From worker 9:	data processed and exported
      From worker 9:	
      From worker 9:	starting b_1.0_c_0.2_N_40_M_3_K_2_P_2_beta_0.001_u_0.001_v_0.025_p_0.75_ϵ_1.0_gens_20000000_210221-041939.867
      From worker 5:	replicate complete, ran 20000000 generations:
      From worker 5:	
      From worker 5:		num_imitating:			10004550
      From worker 5:		num_not_imitating:		9995450
      From worker 5:		num_strategies_changed:  	144270
      From worker 5:			num_random_strategies: 	9978
      From worker 5:		num_sets_changed: 		278866
      From worker 5:			num_random_opinions: 	0
      From worker 5:			num_biased_opinions: 	22323
      From worker 5:		num_both_changed: 		6986
      From worker 5:	
      From worker 5:	data processed and exported
      From worker 5:	
      From worker 5:	starting b_1.0_c_0.2_N_40_M_3_K_2_P_2_beta_0.001_u_0.001_v_0.005_p_0.0_ϵ_1.0_gens_20000000_210221-041939.867
      From worker 15:	replicate complete, ran 20000000 generations:
      From worker 15:	
      From worker 15:		num_imitating:			12501093
      From worker 15:		num_not_imitating:		7498907
      From worker 15:		num_strategies_changed:  	349306
      From worker 15:			num_random_strategies: 	12573
      From worker 15:		num_sets_changed: 		9770424
      From worker 15:			num_random_opinions: 	873150
      From worker 15:			num_biased_opinions: 	2622308
      From worker 15:		num_both_changed: 		295486
      From worker 15:	
      From worker 3:	replicate complete, ran 20000000 generations:
      From worker 3:	
      From worker 3:		num_imitating:			14999711
      From worker 3:		num_not_imitating:		5000289
      From worker 3:		num_strategies_changed:  	447289
      From worker 3:			num_random_strategies: 	15102
      From worker 3:		num_sets_changed: 		520653
      From worker 3:			num_random_opinions: 	7474
      From worker 3:			num_biased_opinions: 	7481
      From worker 3:		num_both_changed: 		28830
      From worker 3:	
      From worker 15:	data processed and exported
      From worker 3:	data processed and exported
      From worker 15:	
      From worker 15:	starting b_1.0_c_0.2_N_40_M_3_K_2_P_2_beta_0.001_u_0.001_v_0.2795084971874737_p_1.0_ϵ_1.0_gens_20000000_210221-041939.867
      From worker 3:	
      From worker 3:	starting b_1.0_c_0.2_N_40_M_3_K_2_P_2_beta_0.001_u_0.001_v_0.001_p_0.75_ϵ_1.0_gens_20000000_210221-041939.867
      From worker 2:	replicate complete, ran 20000000 generations:
      From worker 2:	
      From worker 2:		num_imitating:			17499643
      From worker 2:		num_not_imitating:		2500357
      From worker 2:		num_strategies_changed:  	479600
      From worker 2:			num_random_strategies: 	17370
      From worker 2:		num_sets_changed: 		591102
      From worker 2:			num_random_opinions: 	13163
      From worker 2:			num_biased_opinions: 	4371
      From worker 2:		num_both_changed: 		28372
      From worker 2:	
      From worker 2:	data processed and exported
      From worker 2:	
      From worker 2:	starting b_1.0_c_0.2_N_40_M_3_K_2_P_2_beta_0.001_u_0.001_v_0.001_p_0.5_ϵ_1.0_gens_20000000_210221-041939.867
      From worker 4:	replicate complete, ran 20000000 generations:
      From worker 4:	
      From worker 4:		num_imitating:			12505139
      From worker 4:		num_not_imitating:		7494861
      From worker 4:		num_strategies_changed:  	365254
      From worker 4:			num_random_strategies: 	12579
      From worker 4:		num_sets_changed: 		863036
      From worker 4:			num_random_opinions: 	7051
      From worker 4:			num_biased_opinions: 	21039
      From worker 4:		num_both_changed: 		48075
      From worker 4:	
      From worker 4:	data processed and exported
      From worker 4:	
      From worker 4:	starting b_1.0_c_0.2_N_40_M_3_K_2_P_2_beta_0.001_u_0.001_v_0.0022360679774997894_p_1.0_ϵ_1.0_gens_20000000_210221-041939.867
      From worker 6:	replicate complete, ran 20000000 generations:
      From worker 6:	
      From worker 6:		num_imitating:			20000000
      From worker 6:		num_not_imitating:		0
      From worker 6:		num_strategies_changed:  	586815
      From worker 6:			num_random_strategies: 	20079
      From worker 6:		num_sets_changed: 		3026125
      From worker 6:			num_random_opinions: 	100242
      From worker 6:			num_biased_opinions: 	0
      From worker 6:		num_both_changed: 		164019
      From worker 6:	
      From worker 6:	data processed and exported
      From worker 6:	
      From worker 6:	starting b_1.0_c_0.2_N_40_M_3_K_2_P_2_beta_0.001_u_0.001_v_0.005_p_0.25_ϵ_1.0_gens_20000000_210221-041939.867
      From worker 14:	replicate complete, ran 20000000 generations:
      From worker 14:	
      From worker 14:		num_imitating:			15000761
      From worker 14:		num_not_imitating:		4999239
      From worker 14:		num_strategies_changed:  	431953
      From worker 14:			num_random_strategies: 	15070
      From worker 14:		num_sets_changed: 		12449505
      From worker 14:			num_random_opinions: 	2095549
      From worker 14:			num_biased_opinions: 	2096875
      From worker 14:		num_both_changed: 		382023
      From worker 14:	
      From worker 14:	data processed and exported
      From worker 14:	
      From worker 14:	starting b_1.0_c_0.2_N_40_M_3_K_2_P_2_beta_0.001_u_0.001_v_0.2795084971874737_p_0.75_ϵ_1.0_gens_20000000_210221-041939.867
      From worker 13:	replicate complete, ran 20000000 generations:
      From worker 13:	
      From worker 13:		num_imitating:			17500185
      From worker 13:		num_not_imitating:		2499815
      From worker 13:		num_strategies_changed:  	497301
      From worker 13:			num_random_strategies: 	17444
      From worker 13:		num_sets_changed: 		13501239
      From worker 13:			num_random_opinions: 	1639470
      From worker 13:			num_biased_opinions: 	546328
      From worker 13:		num_both_changed: 		440709
      From worker 13:	
      From worker 13:	data processed and exported
      From worker 13:	
      From worker 13:	starting b_1.0_c_0.2_N_40_M_3_K_2_P_2_beta_0.001_u_0.001_v_0.125_p_0.5_ϵ_1.0_gens_20000000_210221-041939.867
      From worker 12:	replicate complete, ran 20000000 generations:
      From worker 12:	
      From worker 12:		num_imitating:			20000000
      From worker 12:		num_not_imitating:		0
      From worker 12:		num_strategies_changed:  	574191
      From worker 12:			num_random_strategies: 	19979
      From worker 12:		num_sets_changed: 		15577222
      From worker 12:			num_random_opinions: 	2500464
      From worker 12:			num_biased_opinions: 	0
      From worker 12:		num_both_changed: 		510785
      From worker 12:	
      From worker 12:	data processed and exported
      From worker 12:	
      From worker 12:	starting b_1.0_c_0.2_N_40_M_3_K_2_P_2_beta_0.001_u_0.001_v_0.125_p_0.25_ϵ_1.0_gens_20000000_210221-041939.867
      From worker 10:	replicate complete, ran 20000000 generations:
      From worker 10:	
      From worker 10:		num_imitating:			10002757
      From worker 10:		num_not_imitating:		9997243
      From worker 10:		num_strategies_changed:  	144214
      From worker 10:			num_random_strategies: 	10085
      From worker 10:		num_sets_changed: 		2242042
      From worker 10:			num_random_opinions: 	0
      From worker 10:			num_biased_opinions: 	250042
      From worker 10:		num_both_changed: 		51922
      From worker 10:	
      From worker 10:	data processed and exported
      From worker 10:	
      From worker 10:	starting b_1.0_c_0.2_N_40_M_3_K_2_P_2_beta_0.001_u_0.001_v_0.055901699437494755_p_0.0_ϵ_1.0_gens_20000000_210221-041939.867
      From worker 8:	replicate complete, ran 20000000 generations:
      From worker 8:	
      From worker 8:		num_imitating:			15001671
      From worker 8:		num_not_imitating:		4998329
      From worker 8:		num_strategies_changed:  	455530
      From worker 8:			num_random_strategies: 	15253
      From worker 8:		num_sets_changed: 		4010324
      From worker 8:			num_random_opinions: 	83522
      From worker 8:			num_biased_opinions: 	83334
      From worker 8:		num_both_changed: 		203382
      From worker 8:	
      From worker 8:	data processed and exported
      From worker 8:	
      From worker 8:	starting b_1.0_c_0.2_N_40_M_3_K_2_P_2_beta_0.001_u_0.001_v_0.011180339887498947_p_0.75_ϵ_1.0_gens_20000000_210221-041939.867
      From worker 3:	replicate complete, ran 20000000 generations:
      From worker 3:	
      From worker 3:		num_imitating:			12497455
      From worker 3:		num_not_imitating:		7502545
      From worker 3:		num_strategies_changed:  	334723
      From worker 3:			num_random_strategies: 	12462
      From worker 3:		num_sets_changed: 		404117
      From worker 3:			num_random_opinions: 	3135
      From worker 3:			num_biased_opinions: 	9256
      From worker 3:		num_both_changed: 		20303
      From worker 3:	
      From worker 3:	data processed and exported
      From worker 3:	
      From worker 3:	starting b_1.0_c_0.2_N_40_M_3_K_2_P_2_beta_0.001_u_0.001_v_0.001_p_1.0_ϵ_1.0_gens_20000000_210221-041939.867
      From worker 2:	replicate complete, ran 20000000 generations:
      From worker 2:	
      From worker 2:		num_imitating:			15000742
      From worker 2:		num_not_imitating:		4999258
      From worker 2:		num_strategies_changed:  	410637
      From worker 2:			num_random_strategies: 	14910
      From worker 2:		num_sets_changed: 		493758
      From worker 2:			num_random_opinions: 	7448
      From worker 2:			num_biased_opinions: 	7455
      From worker 2:		num_both_changed: 		23988
      From worker 2:	
      From worker 4:	replicate complete, ran 20000000 generations:
      From worker 4:	
      From worker 4:		num_imitating:			9993489
      From worker 4:		num_not_imitating:		10006511
      From worker 4:		num_strategies_changed:  	148664
      From worker 4:			num_random_strategies: 	10028
      From worker 4:		num_sets_changed: 		288867
      From worker 4:			num_random_opinions: 	0
      From worker 4:			num_biased_opinions: 	22498
      From worker 4:		num_both_changed: 		8225
      From worker 4:	
      From worker 2:	data processed and exported
      From worker 2:	
      From worker 2:	starting b_1.0_c_0.2_N_40_M_3_K_2_P_2_beta_0.001_u_0.001_v_0.001_p_0.75_ϵ_1.0_gens_20000000_210221-041939.867
      From worker 4:	data processed and exported
      From worker 4:	
      From worker 4:	starting b_1.0_c_0.2_N_40_M_3_K_2_P_2_beta_0.001_u_0.001_v_0.0022360679774997894_p_0.0_ϵ_1.0_gens_20000000_210221-041939.867
      From worker 7:	replicate complete, ran 20000000 generations:
      From worker 7:	
      From worker 7:		num_imitating:			17503577
      From worker 7:		num_not_imitating:		2496423
      From worker 7:		num_strategies_changed:  	492202
      From worker 7:			num_random_strategies: 	17406
      From worker 7:		num_sets_changed: 		4824357
      From worker 7:			num_random_opinions: 	146502
      From worker 7:			num_biased_opinions: 	48853
      From worker 7:		num_both_changed: 		229834
      From worker 7:	
      From worker 7:	data processed and exported
      From worker 7:	
      From worker 7:	starting b_1.0_c_0.2_N_40_M_3_K_2_P_2_beta_0.001_u_0.001_v_0.011180339887498947_p_0.5_ϵ_1.0_gens_20000000_210221-041939.867
      From worker 9:	replicate complete, ran 20000000 generations:
      From worker 9:	
      From worker 9:		num_imitating:			12501566
      From worker 9:		num_not_imitating:		7498434
      From worker 9:		num_strategies_changed:  	357955
      From worker 9:			num_random_strategies: 	12526
      From worker 9:		num_sets_changed: 		5265600
      From worker 9:			num_random_opinions: 	78067
      From worker 9:			num_biased_opinions: 	234147
      From worker 9:		num_both_changed: 		229918
      From worker 9:	
      From worker 9:	data processed and exported
      From worker 9:	
      From worker 9:	starting b_1.0_c_0.2_N_40_M_3_K_2_P_2_beta_0.001_u_0.001_v_0.025_p_1.0_ϵ_1.0_gens_20000000_210221-041939.867
      From worker 5:	replicate complete, ran 20000000 generations:
      From worker 5:	
      From worker 5:		num_imitating:			20000000
      From worker 5:		num_not_imitating:		0
      From worker 5:		num_strategies_changed:  	571559
      From worker 5:			num_random_strategies: 	19982
      From worker 5:		num_sets_changed: 		2969041
      From worker 5:			num_random_opinions: 	100284
      From worker 5:			num_biased_opinions: 	0
      From worker 5:		num_both_changed: 		143479
      From worker 5:	
      From worker 5:	data processed and exported
      From worker 5:	
      From worker 5:	starting b_1.0_c_0.2_N_40_M_3_K_2_P_2_beta_0.001_u_0.001_v_0.005_p_0.25_ϵ_1.0_gens_20000000_210221-041939.867
      From worker 15:	replicate complete, ran 20000000 generations:
      From worker 15:	
      From worker 15:		num_imitating:			9998518
      From worker 15:		num_not_imitating:		10001482
      From worker 15:		num_strategies_changed:  	141117
      From worker 15:			num_random_strategies: 	9907
      From worker 15:		num_sets_changed: 		5898691
      From worker 15:			num_random_opinions: 	0
      From worker 15:			num_biased_opinions: 	2795140
      From worker 15:		num_both_changed: 		92315
      From worker 15:	
      From worker 6:	replicate complete, ran 20000000 generations:
      From worker 6:	
      From worker 6:		num_imitating:			17500878
      From worker 6:		num_not_imitating:		2499122
      From worker 6:		num_strategies_changed:  	479708
      From worker 6:			num_random_strategies: 	17592
      From worker 6:		num_sets_changed: 		2537063
      From worker 6:			num_random_opinions: 	65589
      From worker 6:			num_biased_opinions: 	21884
      From worker 6:		num_both_changed: 		116813
      From worker 6:	
      From worker 15:	data processed and exported
      From worker 6:	data processed and exported
      From worker 15:	
      From worker 15:	starting b_1.0_c_0.2_N_40_M_3_K_2_P_2_beta_0.001_u_0.001_v_0.625_p_0.0_ϵ_1.0_gens_20000000_210221-041939.867
      From worker 6:	
      From worker 6:	starting b_1.0_c_0.2_N_40_M_3_K_2_P_2_beta_0.001_u_0.001_v_0.005_p_0.5_ϵ_1.0_gens_20000000_210221-041939.867
      From worker 11:	replicate complete, ran 20000000 generations:
      From worker 11:	
      From worker 11:		num_imitating:			20000000
      From worker 11:		num_not_imitating:		0
      From worker 11:		num_strategies_changed:  	576899
      From worker 11:			num_random_strategies: 	19972
      From worker 11:		num_sets_changed: 		12790222
      From worker 11:			num_random_opinions: 	1118486
      From worker 11:			num_biased_opinions: 	0
      From worker 11:		num_both_changed: 		472755
      From worker 11:	
      From worker 11:	data processed and exported
      From worker 11:	
      From worker 11:	starting b_1.0_c_0.2_N_40_M_3_K_2_P_2_beta_0.001_u_0.001_v_0.055901699437494755_p_0.25_ϵ_1.0_gens_20000000_210221-041939.867
      From worker 3:	replicate complete, ran 20000000 generations:
      From worker 3:	
      From worker 3:		num_imitating:			9999709
      From worker 3:		num_not_imitating:		10000291
      From worker 3:		num_strategies_changed:  	145308
      From worker 3:			num_random_strategies: 	9881
      From worker 3:		num_sets_changed: 		127927
      From worker 3:			num_random_opinions: 	0
      From worker 3:			num_biased_opinions: 	10015
      From worker 3:		num_both_changed: 		3562
      From worker 3:	
      From worker 3:	data processed and exported
      From worker 3:	
      From worker 3:	starting b_1.0_c_0.2_N_40_M_3_K_2_P_2_beta_0.001_u_0.001_v_0.0022360679774997894_p_0.0_ϵ_1.0_gens_20000000_210221-041939.867
      From worker 2:	replicate complete, ran 20000000 generations:
      From worker 2:	
      From worker 2:		num_imitating:			12498279
      From worker 2:		num_not_imitating:		7501721
      From worker 2:		num_strategies_changed:  	347746
      From worker 2:			num_random_strategies: 	12566
      From worker 2:		num_sets_changed: 		391430
      From worker 2:			num_random_opinions: 	3164
      From worker 2:			num_biased_opinions: 	9288
      From worker 2:		num_both_changed: 		22174
      From worker 2:	
      From worker 2:	data processed and exported
      From worker 2:	
      From worker 2:	starting b_1.0_c_0.2_N_40_M_3_K_2_P_2_beta_0.001_u_0.001_v_0.001_p_1.0_ϵ_1.0_gens_20000000_210221-041939.867
      From worker 4:	replicate complete, ran 20000000 generations:
      From worker 4:	
      From worker 4:		num_imitating:			20000000
      From worker 4:		num_not_imitating:		0
      From worker 4:		num_strategies_changed:  	579666
      From worker 4:			num_random_strategies: 	20112
      From worker 4:		num_sets_changed: 		1456240
      From worker 4:			num_random_opinions: 	44638
      From worker 4:			num_biased_opinions: 	0
      From worker 4:		num_both_changed: 		72389
      From worker 4:	
      From worker 4:	data processed and exported
      From worker 4:	
      From worker 4:	starting b_1.0_c_0.2_N_40_M_3_K_2_P_2_beta_0.001_u_0.001_v_0.0022360679774997894_p_0.25_ϵ_1.0_gens_20000000_210221-041939.867
      From worker 8:	replicate complete, ran 20000000 generations:
      From worker 8:	
      From worker 8:		num_imitating:			12499629
      From worker 8:		num_not_imitating:		7500371
      From worker 8:		num_strategies_changed:  	372766
      From worker 8:			num_random_strategies: 	12443
      From worker 8:		num_sets_changed: 		3300641
      From worker 8:			num_random_opinions: 	35046
      From worker 8:			num_biased_opinions: 	104736
      From worker 8:		num_both_changed: 		164238
      From worker 8:	
      From worker 8:	data processed and exported
      From worker 8:	
      From worker 8:	starting b_1.0_c_0.2_N_40_M_3_K_2_P_2_beta_0.001_u_0.001_v_0.011180339887498947_p_1.0_ϵ_1.0_gens_20000000_210221-041939.867
      From worker 14:	replicate complete, ran 20000000 generations:
      From worker 14:	
      From worker 14:		num_imitating:			12497355
      From worker 14:		num_not_imitating:		7502645
      From worker 14:		num_strategies_changed:  	366456
      From worker 14:			num_random_strategies: 	12664
      From worker 14:		num_sets_changed: 		9766432
      From worker 14:			num_random_opinions: 	872053
      From worker 14:			num_biased_opinions: 	2621195
      From worker 14:		num_both_changed: 		309657
      From worker 14:	
      From worker 14:	data processed and exported
      From worker 14:	
      From worker 14:	starting b_1.0_c_0.2_N_40_M_3_K_2_P_2_beta_0.001_u_0.001_v_0.2795084971874737_p_1.0_ϵ_1.0_gens_20000000_210221-041939.867
      From worker 9:	replicate complete, ran 20000000 generations:
      From worker 9:	
      From worker 9:		num_imitating:			9996780
      From worker 9:		num_not_imitating:		10003220
      From worker 9:		num_strategies_changed:  	144954
      From worker 9:			num_random_strategies: 	9890
      From worker 9:		num_sets_changed: 		2241425
      From worker 9:			num_random_opinions: 	0
      From worker 9:			num_biased_opinions: 	250799
      From worker 9:		num_both_changed: 		54927
      From worker 9:	
      From worker 9:	data processed and exported
      From worker 9:	
      From worker 9:	starting b_1.0_c_0.2_N_40_M_3_K_2_P_2_beta_0.001_u_0.001_v_0.025_p_0.0_ϵ_1.0_gens_20000000_210221-041939.867
      From worker 16:	replicate complete, ran 20000000 generations:
      From worker 16:	
      From worker 16:		num_imitating:			20000000
      From worker 16:		num_not_imitating:		0
      From worker 16:		num_strategies_changed:  	562368
      From worker 16:			num_random_strategies: 	20133
      From worker 16:		num_sets_changed: 		18062531
      From worker 16:			num_random_opinions: 	12501445
      From worker 16:			num_biased_opinions: 	0
      From worker 16:		num_both_changed: 		515296
      From worker 16:	
      From worker 7:	replicate complete, ran 20000000 generations:
      From worker 7:	
      From worker 7:		num_imitating:			14998056
      From worker 7:		num_not_imitating:		5001944
      From worker 7:		num_strategies_changed:  	431662
      From worker 7:			num_random_strategies: 	14947
      From worker 7:		num_sets_changed: 		4041247
      From worker 7:			num_random_opinions: 	83821
      From worker 7:			num_biased_opinions: 	83798
      From worker 7:		num_both_changed: 		191045
      From worker 7:	
      From worker 16:	data processed and exported
      From worker 7:	data processed and exported
      From worker 16:	
      From worker 16:	starting b_1.0_c_0.2_N_40_M_3_K_2_P_2_beta_0.001_u_0.001_v_0.625_p_0.25_ϵ_1.0_gens_20000000_210221-041939.867
      From worker 7:	
      From worker 7:	starting b_1.0_c_0.2_N_40_M_3_K_2_P_2_beta_0.001_u_0.001_v_0.011180339887498947_p_0.75_ϵ_1.0_gens_20000000_210221-041939.867
      From worker 5:	replicate complete, ran 20000000 generations:
      From worker 5:	
      From worker 5:		num_imitating:			17497227
      From worker 5:		num_not_imitating:		2502773
      From worker 5:		num_strategies_changed:  	509851
      From worker 5:			num_random_strategies: 	17805
      From worker 5:		num_sets_changed: 		2614331
      From worker 5:			num_random_opinions: 	65552
      From worker 5:			num_biased_opinions: 	21760
      From worker 5:		num_both_changed: 		140372
      From worker 5:	
      From worker 5:	data processed and exported
      From worker 5:	
      From worker 5:	starting b_1.0_c_0.2_N_40_M_3_K_2_P_2_beta_0.001_u_0.001_v_0.005_p_0.5_ϵ_1.0_gens_20000000_210221-041939.867
      From worker 13:	replicate complete, ran 20000000 generations:
      From worker 13:	
      From worker 13:		num_imitating:			15003406
      From worker 13:		num_not_imitating:		4996594
      From worker 13:		num_strategies_changed:  	427355
      From worker 13:			num_random_strategies: 	14790
      From worker 13:		num_sets_changed: 		11282028
      From worker 13:			num_random_opinions: 	937162
      From worker 13:			num_biased_opinions: 	937934
      From worker 13:		num_both_changed: 		371492
      From worker 13:	
      From worker 13:	data processed and exported
      From worker 13:	
      From worker 13:	starting b_1.0_c_0.2_N_40_M_3_K_2_P_2_beta_0.001_u_0.001_v_0.125_p_0.75_ϵ_1.0_gens_20000000_210221-041939.867
      From worker 6:	replicate complete, ran 20000000 generations:
      From worker 6:	
      From worker 6:		num_imitating:			14999893
      From worker 6:		num_not_imitating:		5000107
      From worker 6:		num_strategies_changed:  	448573
      From worker 6:			num_random_strategies: 	15242
      From worker 6:		num_sets_changed: 		2170424
      From worker 6:			num_random_opinions: 	37470
      From worker 6:			num_biased_opinions: 	37375
      From worker 6:		num_both_changed: 		117163
      From worker 6:	
      From worker 6:	data processed and exported
      From worker 6:	
      From worker 6:	starting b_1.0_c_0.2_N_40_M_3_K_2_P_2_beta_0.001_u_0.001_v_0.005_p_0.75_ϵ_1.0_gens_20000000_210221-041939.867
      From worker 2:	replicate complete, ran 20000000 generations:
      From worker 2:	
      From worker 2:		num_imitating:			10000596
      From worker 2:		num_not_imitating:		9999404
      From worker 2:		num_strategies_changed:  	152379
      From worker 2:			num_random_strategies: 	9956
      From worker 2:		num_sets_changed: 		127041
      From worker 2:			num_random_opinions: 	0
      From worker 2:			num_biased_opinions: 	10059
      From worker 2:		num_both_changed: 		3593
      From worker 2:	
      From worker 2:	data processed and exported
      From worker 2:	
      From worker 2:	starting b_1.0_c_0.2_N_40_M_3_K_2_P_2_beta_0.001_u_0.001_v_0.001_p_0.0_ϵ_1.0_gens_20000000_210221-041939.867
      From worker 3:	replicate complete, ran 20000000 generations:
      From worker 3:	
      From worker 3:		num_imitating:			20000000
      From worker 3:		num_not_imitating:		0
      From worker 3:		num_strategies_changed:  	575104
      From worker 3:			num_random_strategies: 	20146
      From worker 3:		num_sets_changed: 		1469674
      From worker 3:			num_random_opinions: 	45048
      From worker 3:			num_biased_opinions: 	0
      From worker 3:		num_both_changed: 		77106
      From worker 3:	
      From worker 3:	data processed and exported
      From worker 3:	
      From worker 3:	starting b_1.0_c_0.2_N_40_M_3_K_2_P_2_beta_0.001_u_0.001_v_0.0022360679774997894_p_0.25_ϵ_1.0_gens_20000000_210221-041939.867
      From worker 12:	replicate complete, ran 20000000 generations:
      From worker 12:	
      From worker 12:		num_imitating:			17500257
      From worker 12:		num_not_imitating:		2499743
      From worker 12:		num_strategies_changed:  	531291
      From worker 12:			num_random_strategies: 	17350
      From worker 12:		num_sets_changed: 		13511022
      From worker 12:			num_random_opinions: 	1641060
      From worker 12:			num_biased_opinions: 	547144
      From worker 12:		num_both_changed: 		471984
      From worker 12:	
      From worker 12:	data processed and exported
      From worker 12:	
      From worker 12:	starting b_1.0_c_0.2_N_40_M_3_K_2_P_2_beta_0.001_u_0.001_v_0.125_p_0.5_ϵ_1.0_gens_20000000_210221-041939.867
      From worker 10:	replicate complete, ran 20000000 generations:
      From worker 10:	
      From worker 10:		num_imitating:			20000000
      From worker 10:		num_not_imitating:		0
      From worker 10:		num_strategies_changed:  	564459
      From worker 10:			num_random_strategies: 	20102
      From worker 10:		num_sets_changed: 		12818316
      From worker 10:			num_random_opinions: 	1116955
      From worker 10:			num_biased_opinions: 	0
      From worker 10:		num_both_changed: 		464131
      From worker 10:	
      From worker 10:	data processed and exported
      From worker 10:	
      From worker 10:	starting b_1.0_c_0.2_N_40_M_3_K_2_P_2_beta_0.001_u_0.001_v_0.055901699437494755_p_0.25_ϵ_1.0_gens_20000000_210221-041939.867
      From worker 8:	replicate complete, ran 20000000 generations:
      From worker 8:	
      From worker 8:		num_imitating:			10004475
      From worker 8:		num_not_imitating:		9995525
      From worker 8:		num_strategies_changed:  	138989
      From worker 8:			num_random_strategies: 	9904
      From worker 8:		num_sets_changed: 		1218703
      From worker 8:			num_random_opinions: 	0
      From worker 8:			num_biased_opinions: 	111637
      From worker 8:		num_both_changed: 		31593
      From worker 8:	
      From worker 8:	data processed and exported
      From worker 8:	
      From worker 8:	starting b_1.0_c_0.2_N_40_M_3_K_2_P_2_beta_0.001_u_0.001_v_0.025_p_0.0_ϵ_1.0_gens_20000000_210221-041939.867
      From worker 4:	replicate complete, ran 20000000 generations:
      From worker 4:	
      From worker 4:		num_imitating:			17499842
      From worker 4:		num_not_imitating:		2500158
      From worker 4:		num_strategies_changed:  	506731
      From worker 4:			num_random_strategies: 	17572
      From worker 4:		num_sets_changed: 		1265603
      From worker 4:			num_random_opinions: 	29242
      From worker 4:			num_biased_opinions: 	9797
      From worker 4:		num_both_changed: 		66316
      From worker 4:	
      From worker 4:	data processed and exported
      From worker 4:	
      From worker 4:	starting b_1.0_c_0.2_N_40_M_3_K_2_P_2_beta_0.001_u_0.001_v_0.0022360679774997894_p_0.5_ϵ_1.0_gens_20000000_210221-041939.867
      From worker 5:	replicate complete, ran 20000000 generations:
      From worker 5:	
      From worker 5:		num_imitating:			14998895
      From worker 5:		num_not_imitating:		5001105
      From worker 5:		num_strategies_changed:  	427691
      From worker 5:			num_random_strategies: 	15031
      From worker 5:		num_sets_changed: 		2174883
      From worker 5:			num_random_opinions: 	37535
      From worker 5:			num_biased_opinions: 	37558
      From worker 5:		num_both_changed: 		105953
      From worker 5:	
      From worker 5:	data processed and exported
      From worker 5:	
      From worker 5:	starting b_1.0_c_0.2_N_40_M_3_K_2_P_2_beta_0.001_u_0.001_v_0.005_p_0.75_ϵ_1.0_gens_20000000_210221-041939.867
      From worker 7:	replicate complete, ran 20000000 generations:
      From worker 7:	
      From worker 7:		num_imitating:			12500228
      From worker 7:		num_not_imitating:		7499772
      From worker 7:		num_strategies_changed:  	351877
      From worker 7:			num_random_strategies: 	12391
      From worker 7:		num_sets_changed: 		3208810
      From worker 7:			num_random_opinions: 	35081
      From worker 7:			num_biased_opinions: 	104610
      From worker 7:		num_both_changed: 		155580
      From worker 7:	
      From worker 7:	data processed and exported
      From worker 7:	
      From worker 7:	starting b_1.0_c_0.2_N_40_M_3_K_2_P_2_beta_0.001_u_0.001_v_0.011180339887498947_p_1.0_ϵ_1.0_gens_20000000_210221-041939.867
      From worker 14:	replicate complete, ran 20000000 generations:
      From worker 14:	
      From worker 14:		num_imitating:			9998514
      From worker 14:		num_not_imitating:		10001486
      From worker 14:		num_strategies_changed:  	147577
      From worker 14:			num_random_strategies: 	10354
      From worker 14:		num_sets_changed: 		5900434
      From worker 14:			num_random_opinions: 	0
      From worker 14:			num_biased_opinions: 	2798875
      From worker 14:		num_both_changed: 		96365
      From worker 14:	
      From worker 14:	data processed and exported
      From worker 14:	
      From worker 14:	starting b_1.0_c_0.2_N_40_M_3_K_2_P_2_beta_0.001_u_0.001_v_0.2795084971874737_p_0.0_ϵ_1.0_gens_20000000_210221-041939.867
      From worker 6:	replicate complete, ran 20000000 generations:
      From worker 6:	
      From worker 6:		num_imitating:			12497985
      From worker 6:		num_not_imitating:		7502015
      From worker 6:		num_strategies_changed:  	351518
      From worker 6:			num_random_strategies: 	12528
      From worker 6:		num_sets_changed: 		1787076
      From worker 6:			num_random_opinions: 	15685
      From worker 6:			num_biased_opinions: 	47085
      From worker 6:		num_both_changed: 		90960
      From worker 6:	
      From worker 6:	data processed and exported
      From worker 6:	
      From worker 6:	starting b_1.0_c_0.2_N_40_M_3_K_2_P_2_beta_0.001_u_0.001_v_0.005_p_1.0_ϵ_1.0_gens_20000000_210221-041939.867
      From worker 11:	replicate complete, ran 20000000 generations:
      From worker 11:	
      From worker 11:		num_imitating:			17500673
      From worker 11:		num_not_imitating:		2499327
      From worker 11:		num_strategies_changed:  	521417
      From worker 11:			num_random_strategies: 	17315
      From worker 11:		num_sets_changed: 		11058510
      From worker 11:			num_random_opinions: 	733328
      From worker 11:			num_biased_opinions: 	244687
      From worker 11:		num_both_changed: 		426363
      From worker 11:	
      From worker 11:	data processed and exported
      From worker 11:	
      From worker 11:	starting b_1.0_c_0.2_N_40_M_3_K_2_P_2_beta_0.001_u_0.001_v_0.055901699437494755_p_0.5_ϵ_1.0_gens_20000000_210221-041939.867
      From worker 2:	replicate complete, ran 20000000 generations:
      From worker 2:	
      From worker 2:		num_imitating:			20000000
      From worker 2:		num_not_imitating:		0
      From worker 2:		num_strategies_changed:  	582418
      From worker 2:			num_random_strategies: 	19917
      From worker 2:		num_sets_changed: 		703190
      From worker 2:			num_random_opinions: 	20029
      From worker 2:			num_biased_opinions: 	0
      From worker 2:		num_both_changed: 		38285
      From worker 2:	
      From worker 2:	data processed and exported
      From worker 3:	replicate complete, ran 20000000 generations:
      From worker 3:	
      From worker 3:		num_imitating:			17501425
      From worker 3:		num_not_imitating:		2498575
      From worker 3:		num_strategies_changed:  	502394
      From worker 3:			num_random_strategies: 	17538
      From worker 3:		num_sets_changed: 		1314154
      From worker 3:			num_random_opinions: 	29438
      From worker 3:			num_biased_opinions: 	9876
      From worker 3:		num_both_changed: 		64151
      From worker 3:	
      From worker 3:	data processed and exported
      From worker 4:	replicate complete, ran 20000000 generations:
      From worker 4:	
      From worker 4:		num_imitating:			15001422
      From worker 4:		num_not_imitating:		4998578
      From worker 4:		num_strategies_changed:  	407762
      From worker 4:			num_random_strategies: 	14864
      From worker 4:		num_sets_changed: 		1078376
      From worker 4:			num_random_opinions: 	16776
      From worker 4:			num_biased_opinions: 	16702
      From worker 4:		num_both_changed: 		50019
      From worker 4:	
      From worker 4:	data processed and exported
      From worker 9:	replicate complete, ran 20000000 generations:
      From worker 9:	
      From worker 9:		num_imitating:			20000000
      From worker 9:		num_not_imitating:		0
      From worker 9:		num_strategies_changed:  	569377
      From worker 9:			num_random_strategies: 	19837
      From worker 9:		num_sets_changed: 		9071788
      From worker 9:			num_random_opinions: 	499972
      From worker 9:			num_biased_opinions: 	0
      From worker 9:		num_both_changed: 		377467
      From worker 9:	
      From worker 9:	data processed and exported
      From worker 9:	
      From worker 9:	starting b_1.0_c_0.2_N_40_M_3_K_2_P_2_beta_0.001_u_0.001_v_0.025_p_0.25_ϵ_1.0_gens_20000000_210221-041939.867
      From worker 15:	replicate complete, ran 20000000 generations:
      From worker 15:	
      From worker 15:		num_imitating:			20000000
      From worker 15:		num_not_imitating:		0
      From worker 15:		num_strategies_changed:  	582031
      From worker 15:			num_random_strategies: 	20073
      From worker 15:		num_sets_changed: 		18062099
      From worker 15:			num_random_opinions: 	12499452
      From worker 15:			num_biased_opinions: 	0
      From worker 15:		num_both_changed: 		533079
      From worker 15:	
      From worker 15:	data processed and exported
      From worker 15:	
      From worker 15:	starting b_1.0_c_0.2_N_40_M_3_K_2_P_2_beta_0.001_u_0.001_v_0.625_p_0.25_ϵ_1.0_gens_20000000_210221-041939.867
      From worker 13:	replicate complete, ran 20000000 generations:
      From worker 13:	
      From worker 13:		num_imitating:			12499367
      From worker 13:		num_not_imitating:		7500633
      From worker 13:		num_strategies_changed:  	354643
      From worker 13:			num_random_strategies: 	12630
      From worker 13:		num_sets_changed: 		8944544
      From worker 13:			num_random_opinions: 	390511
      From worker 13:			num_biased_opinions: 	1170994
      From worker 13:		num_both_changed: 		297616
      From worker 13:	
      From worker 13:	data processed and exported
      From worker 13:	
      From worker 13:	starting b_1.0_c_0.2_N_40_M_3_K_2_P_2_beta_0.001_u_0.001_v_0.125_p_1.0_ϵ_1.0_gens_20000000_210221-041939.867
      From worker 6:	replicate complete, ran 20000000 generations:
      From worker 6:	
      From worker 6:		num_imitating:			10001381
      From worker 6:		num_not_imitating:		9998619
      From worker 6:		num_strategies_changed:  	153319
      From worker 6:			num_random_strategies: 	10130
      From worker 6:		num_sets_changed: 		595103
      From worker 6:			num_random_opinions: 	0
      From worker 6:			num_biased_opinions: 	49941
      From worker 6:		num_both_changed: 		16606
      From worker 6:	
      From worker 6:	data processed and exported
      From worker 5:	replicate complete, ran 20000000 generations:
      From worker 5:	
      From worker 5:		num_imitating:			12501007
      From worker 5:		num_not_imitating:		7498993
      From worker 5:		num_strategies_changed:  	347837
      From worker 5:			num_random_strategies: 	12528
      From worker 5:		num_sets_changed: 		1828790
      From worker 5:			num_random_opinions: 	15666
      From worker 5:			num_biased_opinions: 	46805
      From worker 5:		num_both_changed: 		93512
      From worker 5:	
      From worker 5:	data processed and exported
      From worker 7:	replicate complete, ran 20000000 generations:
      From worker 7:	
      From worker 7:		num_imitating:			10003641
      From worker 7:		num_not_imitating:		9996359
      From worker 7:		num_strategies_changed:  	145917
      From worker 7:			num_random_strategies: 	9986
      From worker 7:		num_sets_changed: 		1200109
      From worker 7:			num_random_opinions: 	0
      From worker 7:			num_biased_opinions: 	112088
      From worker 7:		num_both_changed: 		30372
      From worker 7:	
      From worker 7:	data processed and exported
      From worker 7:	
      From worker 7:	starting b_1.0_c_0.2_N_40_M_3_K_2_P_2_beta_0.001_u_0.001_v_0.011180339887498947_p_0.0_ϵ_1.0_gens_20000000_210221-041939.867
      From worker 16:	replicate complete, ran 20000000 generations:
      From worker 16:	
      From worker 16:		num_imitating:			17499158
      From worker 16:		num_not_imitating:		2500842
      From worker 16:		num_strategies_changed:  	491812
      From worker 16:			num_random_strategies: 	17594
      From worker 16:		num_sets_changed: 		15612387
      From worker 16:			num_random_opinions: 	8203686
      From worker 16:			num_biased_opinions: 	2733310
      From worker 16:		num_both_changed: 		445738
      From worker 16:	
      From worker 16:	data processed and exported
      From worker 16:	
      From worker 16:	starting b_1.0_c_0.2_N_40_M_3_K_2_P_2_beta_0.001_u_0.001_v_0.625_p_0.5_ϵ_1.0_gens_20000000_210221-041939.867
      From worker 8:	replicate complete, ran 20000000 generations:
      From worker 8:	
      From worker 8:		num_imitating:			20000000
      From worker 8:		num_not_imitating:		0
      From worker 8:		num_strategies_changed:  	563321
      From worker 8:			num_random_strategies: 	19919
      From worker 8:		num_sets_changed: 		9136616
      From worker 8:			num_random_opinions: 	500829
      From worker 8:			num_biased_opinions: 	0
      From worker 8:		num_both_changed: 		375050
      From worker 8:	
      From worker 8:	data processed and exported
      From worker 8:	
      From worker 8:	starting b_1.0_c_0.2_N_40_M_3_K_2_P_2_beta_0.001_u_0.001_v_0.025_p_0.25_ϵ_1.0_gens_20000000_210221-041939.867
      From worker 12:	replicate complete, ran 20000000 generations:
      From worker 12:	
      From worker 12:		num_imitating:			15000737
      From worker 12:		num_not_imitating:		4999263
      From worker 12:		num_strategies_changed:  	397996
      From worker 12:			num_random_strategies: 	15119
      From worker 12:		num_sets_changed: 		11297503
      From worker 12:			num_random_opinions: 	937359
      From worker 12:			num_biased_opinions: 	936241
      From worker 12:		num_both_changed: 		344778
      From worker 12:	
      From worker 12:	data processed and exported
      From worker 12:	
      From worker 12:	starting b_1.0_c_0.2_N_40_M_3_K_2_P_2_beta_0.001_u_0.001_v_0.125_p_0.75_ϵ_1.0_gens_20000000_210221-041939.867
      From worker 10:	replicate complete, ran 20000000 generations:
      From worker 10:	
      From worker 10:		num_imitating:			17500850
      From worker 10:		num_not_imitating:		2499150
      From worker 10:		num_strategies_changed:  	458503
      From worker 10:			num_random_strategies: 	17375
      From worker 10:		num_sets_changed: 		11070965
      From worker 10:			num_random_opinions: 	732523
      From worker 10:			num_biased_opinions: 	243440
      From worker 10:		num_both_changed: 		374098
      From worker 10:	
      From worker 10:	data processed and exported
      From worker 10:	
      From worker 10:	starting b_1.0_c_0.2_N_40_M_3_K_2_P_2_beta_0.001_u_0.001_v_0.055901699437494755_p_0.5_ϵ_1.0_gens_20000000_210221-041939.867
      From worker 11:	replicate complete, ran 20000000 generations:
      From worker 11:	
      From worker 11:		num_imitating:			15000726
      From worker 11:		num_not_imitating:		4999274
      From worker 11:		num_strategies_changed:  	425247
      From worker 11:			num_random_strategies: 	14971
      From worker 11:		num_sets_changed: 		9283604
      From worker 11:			num_random_opinions: 	419355
      From worker 11:			num_biased_opinions: 	419428
      From worker 11:		num_both_changed: 		342361
      From worker 11:	
      From worker 11:	data processed and exported
      From worker 11:	
      From worker 11:	starting b_1.0_c_0.2_N_40_M_3_K_2_P_2_beta_0.001_u_0.001_v_0.055901699437494755_p_0.75_ϵ_1.0_gens_20000000_210221-041939.867
      From worker 13:	replicate complete, ran 20000000 generations:
      From worker 13:	
      From worker 13:		num_imitating:			9995730
      From worker 13:		num_not_imitating:		10004270
      From worker 13:		num_strategies_changed:  	145983
      From worker 13:			num_random_strategies: 	9925
      From worker 13:		num_sets_changed: 		4921903
      From worker 13:			num_random_opinions: 	0
      From worker 13:			num_biased_opinions: 	1248527
      From worker 13:		num_both_changed: 		89578
      From worker 13:	
      From worker 13:	data processed and exported
      From worker 13:	
      From worker 13:	starting b_1.0_c_0.2_N_40_M_3_K_2_P_2_beta_0.001_u_0.001_v_0.2795084971874737_p_0.0_ϵ_1.0_gens_20000000_210221-041939.867
      From worker 9:	replicate complete, ran 20000000 generations:
      From worker 9:	
      From worker 9:		num_imitating:			17500928
      From worker 9:		num_not_imitating:		2499072
      From worker 9:		num_strategies_changed:  	517289
      From worker 9:			num_random_strategies: 	17587
      From worker 9:		num_sets_changed: 		7943867
      From worker 9:			num_random_opinions: 	329183
      From worker 9:			num_biased_opinions: 	109027
      From worker 9:		num_both_changed: 		335384
      From worker 9:	
      From worker 9:	data processed and exported
      From worker 9:	
      From worker 9:	starting b_1.0_c_0.2_N_40_M_3_K_2_P_2_beta_0.001_u_0.001_v_0.025_p_0.5_ϵ_1.0_gens_20000000_210221-041939.867
      From worker 7:	replicate complete, ran 20000000 generations:
      From worker 7:	
      From worker 7:		num_imitating:			20000000
      From worker 7:		num_not_imitating:		0
      From worker 7:		num_strategies_changed:  	564664
      From worker 7:			num_random_strategies: 	20167
      From worker 7:		num_sets_changed: 		5510297
      From worker 7:			num_random_opinions: 	223299
      From worker 7:			num_biased_opinions: 	0
      From worker 7:		num_both_changed: 		257770
      From worker 7:	
      From worker 7:	data processed and exported
      From worker 14:	replicate complete, ran 20000000 generations:
      From worker 14:	
      From worker 14:		num_imitating:			20000000
      From worker 14:		num_not_imitating:		0
      From worker 14:		num_strategies_changed:  	572440
      From worker 14:			num_random_strategies: 	19977
      From worker 14:		num_sets_changed: 		17216909
      From worker 14:			num_random_opinions: 	5591440
      From worker 14:			num_biased_opinions: 	0
      From worker 14:		num_both_changed: 		521732
      From worker 14:	
      From worker 14:	data processed and exported
      From worker 14:	
      From worker 14:	starting b_1.0_c_0.2_N_40_M_3_K_2_P_2_beta_0.001_u_0.001_v_0.2795084971874737_p_0.25_ϵ_1.0_gens_20000000_210221-041939.867
      From worker 8:	replicate complete, ran 20000000 generations:
      From worker 8:	
      From worker 8:		num_imitating:			17499883
      From worker 8:		num_not_imitating:		2500117
      From worker 8:		num_strategies_changed:  	484723
      From worker 8:			num_random_strategies: 	17490
      From worker 8:		num_sets_changed: 		7900670
      From worker 8:			num_random_opinions: 	327563
      From worker 8:			num_biased_opinions: 	109254
      From worker 8:		num_both_changed: 		318021
      From worker 8:	
      From worker 8:	data processed and exported
      From worker 15:	replicate complete, ran 20000000 generations:
      From worker 15:	
      From worker 15:		num_imitating:			17500231
      From worker 15:		num_not_imitating:		2499769
      From worker 15:		num_strategies_changed:  	529618
      From worker 15:			num_random_strategies: 	17501
      From worker 15:		num_sets_changed: 		15612869
      From worker 15:			num_random_opinions: 	8205613
      From worker 15:			num_biased_opinions: 	2734569
      From worker 15:		num_both_changed: 		480272
      From worker 15:	
      From worker 15:	data processed and exported
      From worker 15:	
      From worker 15:	starting b_1.0_c_0.2_N_40_M_3_K_2_P_2_beta_0.001_u_0.001_v_0.625_p_0.5_ϵ_1.0_gens_20000000_210221-041939.867
      From worker 12:	replicate complete, ran 20000000 generations:
      From worker 12:	
      From worker 12:		num_imitating:			12501013
      From worker 12:		num_not_imitating:		7498987
      From worker 12:		num_strategies_changed:  	368414
      From worker 12:			num_random_strategies: 	12583
      From worker 12:		num_sets_changed: 		8949023
      From worker 12:			num_random_opinions: 	391288
      From worker 12:			num_biased_opinions: 	1172653
      From worker 12:		num_both_changed: 		309295
      From worker 12:	
      From worker 12:	data processed and exported
      From worker 12:	
      From worker 12:	starting b_1.0_c_0.2_N_40_M_3_K_2_P_2_beta_0.001_u_0.001_v_0.125_p_1.0_ϵ_1.0_gens_20000000_210221-041939.867
      From worker 10:	replicate complete, ran 20000000 generations:
      From worker 10:	
      From worker 10:		num_imitating:			15000796
      From worker 10:		num_not_imitating:		4999204
      From worker 10:		num_strategies_changed:  	415486
      From worker 10:			num_random_strategies: 	15103
      From worker 10:		num_sets_changed: 		9267780
      From worker 10:			num_random_opinions: 	419085
      From worker 10:			num_biased_opinions: 	419557
      From worker 10:		num_both_changed: 		334981
      From worker 10:	
      From worker 10:	data processed and exported
      From worker 10:	
      From worker 10:	starting b_1.0_c_0.2_N_40_M_3_K_2_P_2_beta_0.001_u_0.001_v_0.055901699437494755_p_0.75_ϵ_1.0_gens_20000000_210221-041939.867
      From worker 16:	replicate complete, ran 20000000 generations:
      From worker 16:	
      From worker 16:		num_imitating:			15002437
      From worker 16:		num_not_imitating:		4997563
      From worker 16:		num_strategies_changed:  	420248
      From worker 16:			num_random_strategies: 	14906
      From worker 16:		num_sets_changed: 		12880132
      From worker 16:			num_random_opinions: 	4687197
      From worker 16:			num_biased_opinions: 	4688086
      From worker 16:		num_both_changed: 		367575
      From worker 16:	
      From worker 16:	data processed and exported
      From worker 16:	
      From worker 16:	starting b_1.0_c_0.2_N_40_M_3_K_2_P_2_beta_0.001_u_0.001_v_0.625_p_0.75_ϵ_1.0_gens_20000000_210221-041939.867
      From worker 11:	replicate complete, ran 20000000 generations:
      From worker 11:	
      From worker 11:		num_imitating:			12503730
      From worker 11:		num_not_imitating:		7496270
      From worker 11:		num_strategies_changed:  	372600
      From worker 11:			num_random_strategies: 	12501
      From worker 11:		num_sets_changed: 		7415329
      From worker 11:			num_random_opinions: 	173726
      From worker 11:			num_biased_opinions: 	524755
      From worker 11:		num_both_changed: 		293857
      From worker 11:	
      From worker 11:	data processed and exported
      From worker 11:	
      From worker 11:	starting b_1.0_c_0.2_N_40_M_3_K_2_P_2_beta_0.001_u_0.001_v_0.055901699437494755_p_1.0_ϵ_1.0_gens_20000000_210221-041939.867
      From worker 9:	replicate complete, ran 20000000 generations:
      From worker 9:	
      From worker 9:		num_imitating:			15002993
      From worker 9:		num_not_imitating:		4997007
      From worker 9:		num_strategies_changed:  	438652
      From worker 9:			num_random_strategies: 	15111
      From worker 9:		num_sets_changed: 		6585973
      From worker 9:			num_random_opinions: 	187545
      From worker 9:			num_biased_opinions: 	187418
      From worker 9:		num_both_changed: 		288456
      From worker 9:	
      From worker 9:	data processed and exported
      From worker 12:	replicate complete, ran 20000000 generations:
      From worker 12:	
      From worker 12:		num_imitating:			9997916
      From worker 12:		num_not_imitating:		10002084
      From worker 12:		num_strategies_changed:  	141224
      From worker 12:			num_random_strategies: 	10040
      From worker 12:		num_sets_changed: 		4925946
      From worker 12:			num_random_opinions: 	0
      From worker 12:			num_biased_opinions: 	1249362
      From worker 12:		num_both_changed: 		86520
      From worker 12:	
      From worker 12:	data processed and exported
      From worker 12:	
      From worker 12:	starting b_1.0_c_0.2_N_40_M_3_K_2_P_2_beta_0.001_u_0.001_v_0.125_p_0.0_ϵ_1.0_gens_20000000_210221-041939.867
      From worker 13:	replicate complete, ran 20000000 generations:
      From worker 13:	
      From worker 13:		num_imitating:			20000000
      From worker 13:		num_not_imitating:		0
      From worker 13:		num_strategies_changed:  	610880
      From worker 13:			num_random_strategies: 	20056
      From worker 13:		num_sets_changed: 		17219650
      From worker 13:			num_random_opinions: 	5590442
      From worker 13:			num_biased_opinions: 	0
      From worker 13:		num_both_changed: 		556994
      From worker 13:	
      From worker 13:	data processed and exported
      From worker 13:	
      From worker 13:	starting b_1.0_c_0.2_N_40_M_3_K_2_P_2_beta_0.001_u_0.001_v_0.2795084971874737_p_0.25_ϵ_1.0_gens_20000000_210221-041939.867
      From worker 11:	replicate complete, ran 20000000 generations:
      From worker 11:	
      From worker 11:		num_imitating:			10003159
      From worker 11:		num_not_imitating:		9996841
      From worker 11:		num_strategies_changed:  	144364
      From worker 11:			num_random_strategies: 	9932
      From worker 11:		num_sets_changed: 		3598195
      From worker 11:			num_random_opinions: 	0
      From worker 11:			num_biased_opinions: 	559804
      From worker 11:		num_both_changed: 		73338
      From worker 11:	
      From worker 11:	data processed and exported
      From worker 10:	replicate complete, ran 20000000 generations:
      From worker 10:	
      From worker 10:		num_imitating:			12499902
      From worker 10:		num_not_imitating:		7500098
      From worker 10:		num_strategies_changed:  	359250
      From worker 10:			num_random_strategies: 	12673
      From worker 10:		num_sets_changed: 		7378497
      From worker 10:			num_random_opinions: 	174614
      From worker 10:			num_biased_opinions: 	524011
      From worker 10:		num_both_changed: 		281564
      From worker 10:	
      From worker 10:	data processed and exported
      From worker 14:	replicate complete, ran 20000000 generations:
      From worker 14:	
      From worker 14:		num_imitating:			17500127
      From worker 14:		num_not_imitating:		2499873
      From worker 14:		num_strategies_changed:  	486861
      From worker 14:			num_random_strategies: 	17737
      From worker 14:		num_sets_changed: 		14922378
      From worker 14:			num_random_opinions: 	3667653
      From worker 14:			num_biased_opinions: 	1224347
      From worker 14:		num_both_changed: 		441083
      From worker 14:	
      From worker 14:	data processed and exported
      From worker 14:	
      From worker 14:	starting b_1.0_c_0.2_N_40_M_3_K_2_P_2_beta_0.001_u_0.001_v_0.2795084971874737_p_0.5_ϵ_1.0_gens_20000000_210221-041939.867
      From worker 15:	replicate complete, ran 20000000 generations:
      From worker 15:	
      From worker 15:		num_imitating:			14996899
      From worker 15:		num_not_imitating:		5003101
      From worker 15:		num_strategies_changed:  	426115
      From worker 15:			num_random_strategies: 	15056
      From worker 15:		num_sets_changed: 		12878683
      From worker 15:			num_random_opinions: 	4689297
      From worker 15:			num_biased_opinions: 	4684450
      From worker 15:		num_both_changed: 		372644
      From worker 15:	
      From worker 15:	data processed and exported
      From worker 15:	
      From worker 15:	starting b_1.0_c_0.2_N_40_M_3_K_2_P_2_beta_0.001_u_0.001_v_0.625_p_0.75_ϵ_1.0_gens_20000000_210221-041939.867
      From worker 16:	replicate complete, ran 20000000 generations:
      From worker 16:	
      From worker 16:		num_imitating:			12503259
      From worker 16:		num_not_imitating:		7496741
      From worker 16:		num_strategies_changed:  	358480
      From worker 16:			num_random_strategies: 	12456
      From worker 16:		num_sets_changed: 		9890370
      From worker 16:			num_random_opinions: 	1953583
      From worker 16:			num_biased_opinions: 	5859752
      From worker 16:		num_both_changed: 		290701
      From worker 16:	
      From worker 16:	data processed and exported
      From worker 16:	
      From worker 16:	starting b_1.0_c_0.2_N_40_M_3_K_2_P_2_beta_0.001_u_0.001_v_0.625_p_1.0_ϵ_1.0_gens_20000000_210221-041939.867
      From worker 16:	replicate complete, ran 20000000 generations:
      From worker 16:	
      From worker 16:		num_imitating:			10000393
      From worker 16:		num_not_imitating:		9999607
      From worker 16:		num_strategies_changed:  	150141
      From worker 16:			num_random_strategies: 	10060
      From worker 16:		num_sets_changed: 		6471858
 Activating environment at `/tigress/mk28/CooperationPolarization2/Project.toml`
 Activating environment at `/tigress/mk28/CooperationPolarization2/Project.toml`
      From worker 16:			num_random_opinions: 	0
      From worker 16:			num_biased_opinions: 	6254531
      From worker 16:		num_both_changed: 		99558
      From worker 16:	
      From worker 16:	data processed and exported
      From worker 12:	replicate complete, ran 20000000 generations:
      From worker 12:	
      From worker 12:		num_imitating:			20000000
      From worker 12:		num_not_imitating:		0
      From worker 12:		num_strategies_changed:  	564805
      From worker 12:			num_random_strategies: 	19915
      From worker 12:		num_sets_changed: 		15583433
      From worker 12:			num_random_opinions: 	2500696
      From worker 12:			num_biased_opinions: 	0
      From worker 12:		num_both_changed: 		503444
      From worker 12:	
      From worker 12:	data processed and exported
      From worker 13:	replicate complete, ran 20000000 generations:
      From worker 13:	
      From worker 13:		num_imitating:			17501794
      From worker 13:		num_not_imitating:		2498206
      From worker 13:		num_strategies_changed:  	491828
      From worker 13:			num_random_strategies: 	17248
      From worker 13:		num_sets_changed: 		14925552
      From worker 13:			num_random_opinions: 	3672386
      From worker 13:			num_biased_opinions: 	1223695
      From worker 13:		num_both_changed: 		445063
      From worker 13:	
      From worker 13:	data processed and exported
      From worker 15:	replicate complete, ran 20000000 generations:
      From worker 15:	
      From worker 15:		num_imitating:			12498902
      From worker 15:		num_not_imitating:		7501098
      From worker 15:		num_strategies_changed:  	349289
      From worker 15:			num_random_strategies: 	12452
      From worker 15:		num_sets_changed: 		9887301
      From worker 15:			num_random_opinions: 	1952886
      From worker 15:			num_biased_opinions: 	5858353
      From worker 15:		num_both_changed: 		283083
      From worker 15:	
      From worker 15:	data processed and exported
      From worker 14:	replicate complete, ran 20000000 generations:
      From worker 14:	
      From worker 14:		num_imitating:			14994481
      From worker 14:		num_not_imitating:		5005519
      From worker 14:		num_strategies_changed:  	423977
      From worker 14:			num_random_strategies: 	15102
      From worker 14:		num_sets_changed: 		12444177
      From worker 14:			num_random_opinions: 	2094706
      From worker 14:			num_biased_opinions: 	2095703
      From worker 14:		num_both_changed: 		375343
      From worker 14:	
      From worker 14:	data processed and exported
12989.521488 seconds (2.85 M allocations: 124.571 MiB, 0.00% gc time)
