packages loaded
      From worker 3:	 Activating environment at `/tigress/mk28/CooperationPolarization2/Project.toml`
      From worker 4:	 Activating environment at `/tigress/mk28/CooperationPolarization2/Project.toml`
      From worker 2:	 Activating environment at `/tigress/mk28/CooperationPolarization2/Project.toml`
      From worker 6:	 Activating environment at `/tigress/mk28/CooperationPolarization2/Project.toml`
      From worker 5:	 Activating environment at `/tigress/mk28/CooperationPolarization2/Project.toml`
      From worker 9:	 Activating environment at `/tigress/mk28/CooperationPolarization2/Project.toml`
      From worker 8:	 Activating environment at `/tigress/mk28/CooperationPolarization2/Project.toml`
      From worker 10:	 Activating environment at `/tigress/mk28/CooperationPolarization2/Project.toml`
      From worker 7:	 Activating environment at `/tigress/mk28/CooperationPolarization2/Project.toml`
      From worker 12:	 Activating environment at `/tigress/mk28/CooperationPolarization2/Project.toml`
      From worker 15:	 Activating environment at `/tigress/mk28/CooperationPolarization2/Project.toml`
      From worker 11:	 Activating environment at `/tigress/mk28/CooperationPolarization2/Project.toml`
      From worker 14:	 Activating environment at `/tigress/mk28/CooperationPolarization2/Project.toml`
      From worker 16:	 Activating environment at `/tigress/mk28/CooperationPolarization2/Project.toml`
      From worker 13:	 Activating environment at `/tigress/mk28/CooperationPolarization2/Project.toml`
      From worker 12:	packages loaded
      From worker 14:	packages loaded
      From worker 2:	packages loaded
      From worker 3:	packages loaded
      From worker 11:	packages loaded
      From worker 8:	packages loaded
      From worker 9:	packages loaded
      From worker 7:	packages loaded
      From worker 6:	packages loaded
      From worker 15:	packages loaded
      From worker 13:	packages loaded
      From worker 16:	packages loaded
      From worker 10:	packages loaded
      From worker 5:	packages loaded
      From worker 4:	packages loaded
parameters defined
      From worker 7:	
      From worker 7:	starting b_1.0_c_0.2_N_40_M_3_K_3_P_2_beta_0.001_u_0.001_v_0.011180339887498947_p_0.0_ϵ_1.0_gens_20000000_210223-152255.933
      From worker 13:	
      From worker 13:	starting b_1.0_c_0.2_N_40_M_3_K_3_P_2_beta_0.001_u_0.001_v_0.125_p_0.25_ϵ_1.0_gens_20000000_210223-152255.933
      From worker 9:	
      From worker 9:	starting b_1.0_c_0.2_N_40_M_3_K_3_P_2_beta_0.001_u_0.001_v_0.025_p_0.5_ϵ_1.0_gens_20000000_210223-152255.933
      From worker 5:	
      From worker 5:	starting b_1.0_c_0.2_N_40_M_3_K_3_P_2_beta_0.001_u_0.001_v_0.0022360679774997894_p_0.75_ϵ_1.0_gens_20000000_210223-152255.933
      From worker 16:	
      From worker 16:	starting b_1.0_c_0.2_N_40_M_3_K_3_P_2_beta_0.001_u_0.001_v_0.625_p_1.0_ϵ_1.0_gens_20000000_210223-152255.933
      From worker 8:	
      From worker 8:	starting b_1.0_c_0.2_N_40_M_3_K_3_P_2_beta_0.001_u_0.001_v_0.011180339887498947_p_0.25_ϵ_1.0_gens_20000000_210223-152255.933
      From worker 2:	
      From worker 2:	starting b_1.0_c_0.2_N_40_M_3_K_3_P_2_beta_0.001_u_0.001_v_0.001_p_0.0_ϵ_1.0_gens_20000000_210223-152255.933
      From worker 12:	
      From worker 12:	starting b_1.0_c_0.2_N_40_M_3_K_3_P_2_beta_0.001_u_0.001_v_0.125_p_0.0_ϵ_1.0_gens_20000000_210223-152255.933
      From worker 14:	
      From worker 14:	starting b_1.0_c_0.2_N_40_M_3_K_3_P_2_beta_0.001_u_0.001_v_0.2795084971874737_p_0.5_ϵ_1.0_gens_20000000_210223-152255.933
      From worker 10:	
      From worker 10:	starting b_1.0_c_0.2_N_40_M_3_K_3_P_2_beta_0.001_u_0.001_v_0.025_p_0.75_ϵ_1.0_gens_20000000_210223-152255.933
      From worker 3:	
      From worker 3:	starting b_1.0_c_0.2_N_40_M_3_K_3_P_2_beta_0.001_u_0.001_v_0.001_p_0.25_ϵ_1.0_gens_20000000_210223-152255.933
      From worker 4:	
      From worker 4:	starting b_1.0_c_0.2_N_40_M_3_K_3_P_2_beta_0.001_u_0.001_v_0.0022360679774997894_p_0.5_ϵ_1.0_gens_20000000_210223-152255.933
      From worker 11:	
      From worker 11:	starting b_1.0_c_0.2_N_40_M_3_K_3_P_2_beta_0.001_u_0.001_v_0.055901699437494755_p_1.0_ϵ_1.0_gens_20000000_210223-152255.933
      From worker 15:	
      From worker 15:	starting b_1.0_c_0.2_N_40_M_3_K_3_P_2_beta_0.001_u_0.001_v_0.2795084971874737_p_0.75_ϵ_1.0_gens_20000000_210223-152255.933
      From worker 6:	
      From worker 6:	starting b_1.0_c_0.2_N_40_M_3_K_3_P_2_beta_0.001_u_0.001_v_0.005_p_1.0_ϵ_1.0_gens_20000000_210223-152255.933
      From worker 11:	replicate complete, ran 20000000 generations:
      From worker 11:	
      From worker 11:		num_imitating:			10001071
      From worker 11:		num_not_imitating:		9998929
      From worker 11:		num_strategies_changed:  	152359
      From worker 11:			num_random_strategies: 	9983
      From worker 11:		num_sets_changed: 		0
      From worker 11:			num_random_opinions: 	0
      From worker 11:			num_biased_opinions: 	558798
      From worker 11:		num_both_changed: 		0
      From worker 11:	
      From worker 11:	data processed and exported
      From worker 11:	
      From worker 11:	starting b_1.0_c_0.2_N_40_M_3_K_3_P_2_beta_0.001_u_0.001_v_0.055901699437494755_p_0.0_ϵ_1.0_gens_20000000_210223-152255.933
      From worker 16:	replicate complete, ran 20000000 generations:
      From worker 16:	
      From worker 16:		num_imitating:			10001812
      From worker 16:		num_not_imitating:		9998188
      From worker 16:		num_strategies_changed:  	145964
      From worker 16:			num_random_strategies: 	9953
      From worker 16:		num_sets_changed: 		0
      From worker 16:			num_random_opinions: 	0
      From worker 16:			num_biased_opinions: 	6249156
      From worker 16:		num_both_changed: 		0
      From worker 16:	
      From worker 6:	replicate complete, ran 20000000 generations:
      From worker 6:	
      From worker 6:		num_imitating:			9998744
      From worker 6:		num_not_imitating:		10001256
      From worker 6:		num_strategies_changed:  	145261
      From worker 6:			num_random_strategies: 	10039
      From worker 6:		num_sets_changed: 		0
      From worker 6:			num_random_opinions: 	0
      From worker 6:			num_biased_opinions: 	49596
      From worker 6:		num_both_changed: 		0
      From worker 6:	
      From worker 16:	data processed and exported
      From worker 6:	data processed and exported
      From worker 16:	
      From worker 16:	starting b_1.0_c_0.2_N_40_M_3_K_3_P_2_beta_0.001_u_0.001_v_0.625_p_0.0_ϵ_1.0_gens_20000000_210223-152255.933
      From worker 6:	
      From worker 6:	starting b_1.0_c_0.2_N_40_M_3_K_3_P_2_beta_0.001_u_0.001_v_0.005_p_0.0_ϵ_1.0_gens_20000000_210223-152255.933
      From worker 3:	replicate complete, ran 20000000 generations:
      From worker 3:	
      From worker 3:		num_imitating:			17499346
      From worker 3:		num_not_imitating:		2500654
      From worker 3:		num_strategies_changed:  	490620
      From worker 3:			num_random_strategies: 	17560
      From worker 3:		num_sets_changed: 		631999
      From worker 3:			num_random_opinions: 	13276
      From worker 3:			num_biased_opinions: 	4575
      From worker 3:		num_both_changed: 		33646
      From worker 3:	
      From worker 3:	data processed and exported
      From worker 3:	
      From worker 3:	starting b_1.0_c_0.2_N_40_M_3_K_3_P_2_beta_0.001_u_0.001_v_0.001_p_0.5_ϵ_1.0_gens_20000000_210223-152255.933
      From worker 5:	replicate complete, ran 20000000 generations:
      From worker 5:	
      From worker 5:		num_imitating:			12497704
      From worker 5:		num_not_imitating:		7502296
      From worker 5:		num_strategies_changed:  	344144
      From worker 5:			num_random_strategies: 	12500
      From worker 5:		num_sets_changed: 		737189
      From worker 5:			num_random_opinions: 	7058
      From worker 5:			num_biased_opinions: 	21216
      From worker 5:		num_both_changed: 		31529
      From worker 5:	
      From worker 2:	replicate complete, ran 20000000 generations:
      From worker 2:	
      From worker 2:		num_imitating:			20000000
      From worker 2:		num_not_imitating:		0
      From worker 2:		num_strategies_changed:  	576182
      From worker 2:			num_random_strategies: 	19810
      From worker 2:		num_sets_changed: 		767541
      From worker 2:			num_random_opinions: 	19768
      From worker 2:			num_biased_opinions: 	0
      From worker 2:		num_both_changed: 		42361
      From worker 2:	
      From worker 5:	data processed and exported
      From worker 2:	data processed and exported
      From worker 5:	
      From worker 5:	starting b_1.0_c_0.2_N_40_M_3_K_3_P_2_beta_0.001_u_0.001_v_0.0022360679774997894_p_1.0_ϵ_1.0_gens_20000000_210223-152255.933
      From worker 2:	
      From worker 2:	starting b_1.0_c_0.2_N_40_M_3_K_3_P_2_beta_0.001_u_0.001_v_0.001_p_0.25_ϵ_1.0_gens_20000000_210223-152255.933
      From worker 4:	replicate complete, ran 20000000 generations:
      From worker 4:	
      From worker 4:		num_imitating:			14999189
      From worker 4:		num_not_imitating:		5000811
      From worker 4:		num_strategies_changed:  	401841
      From worker 4:			num_random_strategies: 	14883
      From worker 4:		num_sets_changed: 		1025033
      From worker 4:			num_random_opinions: 	16654
      From worker 4:			num_biased_opinions: 	16827
      From worker 4:		num_both_changed: 		49858
      From worker 4:	
      From worker 4:	data processed and exported
      From worker 4:	
      From worker 4:	starting b_1.0_c_0.2_N_40_M_3_K_3_P_2_beta_0.001_u_0.001_v_0.0022360679774997894_p_0.75_ϵ_1.0_gens_20000000_210223-152255.933
      From worker 10:	replicate complete, ran 20000000 generations:
      From worker 10:	
      From worker 10:		num_imitating:			12499070
      From worker 10:		num_not_imitating:		7500930
      From worker 10:		num_strategies_changed:  	380233
      From worker 10:			num_random_strategies: 	12320
      From worker 10:		num_sets_changed: 		4081497
      From worker 10:			num_random_opinions: 	78229
      From worker 10:			num_biased_opinions: 	234623
      From worker 10:		num_both_changed: 		189269
      From worker 10:	
      From worker 10:	data processed and exported
      From worker 10:	
      From worker 10:	starting b_1.0_c_0.2_N_40_M_3_K_3_P_2_beta_0.001_u_0.001_v_0.025_p_1.0_ϵ_1.0_gens_20000000_210223-152255.933
      From worker 8:	replicate complete, ran 20000000 generations:
      From worker 8:	
      From worker 8:		num_imitating:			17499817
      From worker 8:		num_not_imitating:		2500183
      From worker 8:		num_strategies_changed:  	501687
      From worker 8:			num_random_strategies: 	17395
      From worker 8:		num_sets_changed: 		4654652
      From worker 8:			num_random_opinions: 	146947
      From worker 8:			num_biased_opinions: 	48592
      From worker 8:		num_both_changed: 		216919
      From worker 8:	
      From worker 8:	data processed and exported
      From worker 8:	
      From worker 8:	starting b_1.0_c_0.2_N_40_M_3_K_3_P_2_beta_0.001_u_0.001_v_0.011180339887498947_p_0.5_ϵ_1.0_gens_20000000_210223-152255.933
      From worker 7:	replicate complete, ran 20000000 generations:
      From worker 7:	
      From worker 7:		num_imitating:			20000000
      From worker 7:		num_not_imitating:		0
      From worker 7:		num_strategies_changed:  	569920
      From worker 7:			num_random_strategies: 	19844
      From worker 7:		num_sets_changed: 		5536253
      From worker 7:			num_random_opinions: 	224611
      From worker 7:			num_biased_opinions: 	0
      From worker 7:		num_both_changed: 		256431
      From worker 7:	
      From worker 7:	data processed and exported
      From worker 7:	
      From worker 7:	starting b_1.0_c_0.2_N_40_M_3_K_3_P_2_beta_0.001_u_0.001_v_0.011180339887498947_p_0.25_ϵ_1.0_gens_20000000_210223-152255.933
      From worker 9:	replicate complete, ran 20000000 generations:
      From worker 9:	
      From worker 9:		num_imitating:			14997500
      From worker 9:		num_not_imitating:		5002500
      From worker 9:		num_strategies_changed:  	406786
      From worker 9:			num_random_strategies: 	14934
      From worker 9:		num_sets_changed: 		5838926
      From worker 9:			num_random_opinions: 	187477
      From worker 9:			num_biased_opinions: 	187559
      From worker 9:		num_both_changed: 		232374
      From worker 9:	
      From worker 9:	data processed and exported
      From worker 9:	
      From worker 9:	starting b_1.0_c_0.2_N_40_M_3_K_3_P_2_beta_0.001_u_0.001_v_0.025_p_0.75_ϵ_1.0_gens_20000000_210223-152255.933
      From worker 5:	replicate complete, ran 20000000 generations:
      From worker 5:	
      From worker 5:		num_imitating:			9998697
      From worker 5:		num_not_imitating:		10001303
      From worker 5:		num_strategies_changed:  	150272
      From worker 5:			num_random_strategies: 	10152
      From worker 5:		num_sets_changed: 		0
      From worker 5:			num_random_opinions: 	0
      From worker 5:			num_biased_opinions: 	22275
      From worker 5:		num_both_changed: 		0
      From worker 5:	
      From worker 5:	data processed and exported
      From worker 5:	
      From worker 5:	starting b_1.0_c_0.2_N_40_M_3_K_3_P_2_beta_0.001_u_0.001_v_0.005_p_0.0_ϵ_1.0_gens_20000000_210223-152255.933
      From worker 3:	replicate complete, ran 20000000 generations:
      From worker 3:	
      From worker 3:		num_imitating:			14999492
      From worker 3:		num_not_imitating:		5000508
      From worker 3:		num_strategies_changed:  	413184
      From worker 3:			num_random_strategies: 	14983
      From worker 3:		num_sets_changed: 		446822
      From worker 3:			num_random_opinions: 	7548
      From worker 3:			num_biased_opinions: 	7524
      From worker 3:		num_both_changed: 		22423
      From worker 3:	
      From worker 3:	data processed and exported
      From worker 3:	
      From worker 3:	starting b_1.0_c_0.2_N_40_M_3_K_3_P_2_beta_0.001_u_0.001_v_0.001_p_0.75_ϵ_1.0_gens_20000000_210223-152255.933
      From worker 2:	replicate complete, ran 20000000 generations:
      From worker 2:	
      From worker 2:		num_imitating:			17500396
      From worker 2:		num_not_imitating:		2499604
      From worker 2:		num_strategies_changed:  	490966
      From worker 2:			num_random_strategies: 	17650
      From worker 2:		num_sets_changed: 		636814
      From worker 2:			num_random_opinions: 	13190
      From worker 2:			num_biased_opinions: 	4347
      From worker 2:		num_both_changed: 		33648
      From worker 2:	
      From worker 2:	data processed and exported
      From worker 2:	
      From worker 2:	starting b_1.0_c_0.2_N_40_M_3_K_3_P_2_beta_0.001_u_0.001_v_0.001_p_0.5_ϵ_1.0_gens_20000000_210223-152255.933
      From worker 15:	replicate complete, ran 20000000 generations:
      From worker 15:	
      From worker 15:		num_imitating:			12497809
      From worker 15:		num_not_imitating:		7502191
      From worker 15:		num_strategies_changed:  	370497
      From worker 15:			num_random_strategies: 	12335
      From worker 15:		num_sets_changed: 		6880860
      From worker 15:			num_random_opinions: 	874103
      From worker 15:			num_biased_opinions: 	2620233
      From worker 15:		num_both_changed: 		222438
      From worker 15:	
      From worker 15:	data processed and exported
      From worker 15:	
      From worker 15:	starting b_1.0_c_0.2_N_40_M_3_K_3_P_2_beta_0.001_u_0.001_v_0.2795084971874737_p_1.0_ϵ_1.0_gens_20000000_210223-152255.933
      From worker 4:	replicate complete, ran 20000000 generations:
      From worker 4:	
      From worker 4:		num_imitating:			12495990
      From worker 4:		num_not_imitating:		7504010
      From worker 4:		num_strategies_changed:  	343734
      From worker 4:			num_random_strategies: 	12456
      From worker 4:		num_sets_changed: 		757641
      From worker 4:			num_random_opinions: 	7006
      From worker 4:			num_biased_opinions: 	21034
      From worker 4:		num_both_changed: 		45703
      From worker 4:	
      From worker 4:	data processed and exported
      From worker 4:	
      From worker 4:	starting b_1.0_c_0.2_N_40_M_3_K_3_P_2_beta_0.001_u_0.001_v_0.0022360679774997894_p_1.0_ϵ_1.0_gens_20000000_210223-152255.933
      From worker 6:	replicate complete, ran 20000000 generations:
      From worker 6:	
      From worker 6:		num_imitating:			20000000
      From worker 6:		num_not_imitating:		0
      From worker 6:		num_strategies_changed:  	586531
      From worker 6:			num_random_strategies: 	20149
      From worker 6:		num_sets_changed: 		3039934
      From worker 6:			num_random_opinions: 	100139
      From worker 6:			num_biased_opinions: 	0
      From worker 6:		num_both_changed: 		170049
      From worker 6:	
      From worker 6:	data processed and exported
      From worker 6:	
      From worker 6:	starting b_1.0_c_0.2_N_40_M_3_K_3_P_2_beta_0.001_u_0.001_v_0.005_p_0.25_ϵ_1.0_gens_20000000_210223-152255.933
      From worker 10:	replicate complete, ran 20000000 generations:
      From worker 10:	
      From worker 10:		num_imitating:			9997737
      From worker 10:		num_not_imitating:		10002263
      From worker 10:		num_strategies_changed:  	147174
      From worker 10:			num_random_strategies: 	9914
      From worker 10:		num_sets_changed: 		0
      From worker 10:			num_random_opinions: 	0
      From worker 10:			num_biased_opinions: 	249950
      From worker 10:		num_both_changed: 		0
      From worker 10:	
      From worker 10:	data processed and exported
      From worker 10:	
      From worker 10:	starting b_1.0_c_0.2_N_40_M_3_K_3_P_2_beta_0.001_u_0.001_v_0.055901699437494755_p_0.0_ϵ_1.0_gens_20000000_210223-152255.933
      From worker 14:	replicate complete, ran 20000000 generations:
      From worker 14:	
      From worker 14:		num_imitating:			14998301
      From worker 14:		num_not_imitating:		5001699
      From worker 14:		num_strategies_changed:  	416508
      From worker 14:			num_random_strategies: 	14925
      From worker 14:		num_sets_changed: 		10687588
      From worker 14:			num_random_opinions: 	2097383
      From worker 14:			num_biased_opinions: 	2094188
      From worker 14:		num_both_changed: 		317179
      From worker 14:	
      From worker 14:	data processed and exported
      From worker 14:	
      From worker 14:	starting b_1.0_c_0.2_N_40_M_3_K_3_P_2_beta_0.001_u_0.001_v_0.2795084971874737_p_0.75_ϵ_1.0_gens_20000000_210223-152255.933
      From worker 15:	replicate complete, ran 20000000 generations:
      From worker 15:	
      From worker 15:		num_imitating:			10002879
      From worker 15:		num_not_imitating:		9997121
      From worker 15:		num_strategies_changed:  	139482
      From worker 15:			num_random_strategies: 	9914
      From worker 15:		num_sets_changed: 		0
      From worker 15:			num_random_opinions: 	0
      From worker 15:			num_biased_opinions: 	2796528
      From worker 15:		num_both_changed: 		0
      From worker 15:	
      From worker 15:	data processed and exported
      From worker 15:	
      From worker 15:	starting b_1.0_c_0.2_N_40_M_3_K_3_P_2_beta_0.001_u_0.001_v_0.625_p_0.0_ϵ_1.0_gens_20000000_210223-152255.933
      From worker 3:	replicate complete, ran 20000000 generations:
      From worker 3:	
      From worker 3:		num_imitating:			12503914
      From worker 3:		num_not_imitating:		7496086
      From worker 3:		num_strategies_changed:  	351364
      From worker 3:			num_random_strategies: 	12546
      From worker 3:		num_sets_changed: 		363946
      From worker 3:			num_random_opinions: 	3115
      From worker 3:			num_biased_opinions: 	9361
      From worker 3:		num_both_changed: 		16472
      From worker 3:	
      From worker 3:	data processed and exported
      From worker 3:	
      From worker 3:	starting b_1.0_c_0.2_N_40_M_3_K_3_P_2_beta_0.001_u_0.001_v_0.001_p_1.0_ϵ_1.0_gens_20000000_210223-152255.933
      From worker 2:	replicate complete, ran 20000000 generations:
      From worker 2:	
      From worker 2:		num_imitating:			15002112
      From worker 2:		num_not_imitating:		4997888
      From worker 2:		num_strategies_changed:  	405982
      From worker 2:			num_random_strategies: 	14783
      From worker 2:		num_sets_changed: 		501766
      From worker 2:			num_random_opinions: 	7502
      From worker 2:			num_biased_opinions: 	7632
      From worker 2:		num_both_changed: 		31401
      From worker 2:	
      From worker 2:	data processed and exported
      From worker 2:	
      From worker 2:	starting b_1.0_c_0.2_N_40_M_3_K_3_P_2_beta_0.001_u_0.001_v_0.001_p_0.75_ϵ_1.0_gens_20000000_210223-152255.933
      From worker 4:	replicate complete, ran 20000000 generations:
      From worker 4:	
      From worker 4:		num_imitating:			10001938
      From worker 4:		num_not_imitating:		9998062
      From worker 4:		num_strategies_changed:  	143183
      From worker 4:			num_random_strategies: 	9927
      From worker 4:		num_sets_changed: 		0
      From worker 4:			num_random_opinions: 	0
      From worker 4:			num_biased_opinions: 	22186
      From worker 4:		num_both_changed: 		0
      From worker 4:	
      From worker 4:	data processed and exported
      From worker 4:	
      From worker 4:	starting b_1.0_c_0.2_N_40_M_3_K_3_P_2_beta_0.001_u_0.001_v_0.0022360679774997894_p_0.0_ϵ_1.0_gens_20000000_210223-152255.933
      From worker 13:	replicate complete, ran 20000000 generations:
      From worker 13:	
      From worker 13:		num_imitating:			17500423
      From worker 13:		num_not_imitating:		2499577
      From worker 13:		num_strategies_changed:  	486287
      From worker 13:			num_random_strategies: 	17586
      From worker 13:		num_sets_changed: 		12627384
      From worker 13:			num_random_opinions: 	1641033
      From worker 13:			num_biased_opinions: 	546059
      From worker 13:		num_both_changed: 		402754
      From worker 13:	
      From worker 13:	data processed and exported
      From worker 13:	
      From worker 13:	starting b_1.0_c_0.2_N_40_M_3_K_3_P_2_beta_0.001_u_0.001_v_0.125_p_0.5_ϵ_1.0_gens_20000000_210223-152255.933
      From worker 8:	replicate complete, ran 20000000 generations:
      From worker 8:	
      From worker 8:		num_imitating:			15002148
      From worker 8:		num_not_imitating:		4997852
      From worker 8:		num_strategies_changed:  	434727
      From worker 8:			num_random_strategies: 	15093
      From worker 8:		num_sets_changed: 		3621099
      From worker 8:			num_random_opinions: 	84006
      From worker 8:			num_biased_opinions: 	83957
      From worker 8:		num_both_changed: 		175805
      From worker 8:	
      From worker 8:	data processed and exported
      From worker 8:	
      From worker 8:	starting b_1.0_c_0.2_N_40_M_3_K_3_P_2_beta_0.001_u_0.001_v_0.011180339887498947_p_0.75_ϵ_1.0_gens_20000000_210223-152255.933
      From worker 5:	replicate complete, ran 20000000 generations:
      From worker 5:	
      From worker 5:		num_imitating:			20000000
      From worker 5:		num_not_imitating:		0
      From worker 5:		num_strategies_changed:  	545594
      From worker 5:			num_random_strategies: 	20062
      From worker 5:		num_sets_changed: 		3036760
      From worker 5:			num_random_opinions: 	100358
      From worker 5:			num_biased_opinions: 	0
      From worker 5:		num_both_changed: 		148494
      From worker 5:	
      From worker 5:	data processed and exported
      From worker 5:	
      From worker 5:	starting b_1.0_c_0.2_N_40_M_3_K_3_P_2_beta_0.001_u_0.001_v_0.005_p_0.25_ϵ_1.0_gens_20000000_210223-152255.933
      From worker 12:	replicate complete, ran 20000000 generations:
      From worker 12:	
      From worker 12:		num_imitating:			20000000
      From worker 12:		num_not_imitating:		0
      From worker 12:		num_strategies_changed:  	540253
      From worker 12:			num_random_strategies: 	20067
      From worker 12:		num_sets_changed: 		14888448
      From worker 12:			num_random_opinions: 	2498341
      From worker 12:			num_biased_opinions: 	0
      From worker 12:		num_both_changed: 		460477
      From worker 12:	
      From worker 12:	data processed and exported
      From worker 12:	
      From worker 12:	starting b_1.0_c_0.2_N_40_M_3_K_3_P_2_beta_0.001_u_0.001_v_0.125_p_0.25_ϵ_1.0_gens_20000000_210223-152255.933
      From worker 9:	replicate complete, ran 20000000 generations:
      From worker 9:	
      From worker 9:		num_imitating:			12498681
      From worker 9:		num_not_imitating:		7501319
      From worker 9:		num_strategies_changed:  	337750
      From worker 9:			num_random_strategies: 	12342
      From worker 9:		num_sets_changed: 		4083824
      From worker 9:			num_random_opinions: 	77622
      From worker 9:			num_biased_opinions: 	234677
      From worker 9:		num_both_changed: 		164462
      From worker 9:	
      From worker 9:	data processed and exported
      From worker 9:	
      From worker 9:	starting b_1.0_c_0.2_N_40_M_3_K_3_P_2_beta_0.001_u_0.001_v_0.025_p_1.0_ϵ_1.0_gens_20000000_210223-152255.933
      From worker 7:	replicate complete, ran 20000000 generations:
      From worker 7:	
      From worker 7:		num_imitating:			17501275
      From worker 7:		num_not_imitating:		2498725
      From worker 7:		num_strategies_changed:  	510931
      From worker 7:			num_random_strategies: 	17582
      From worker 7:		num_sets_changed: 		4734931
      From worker 7:			num_random_opinions: 	146455
      From worker 7:			num_biased_opinions: 	49177
      From worker 7:		num_both_changed: 		233139
      From worker 7:	
      From worker 7:	data processed and exported
      From worker 7:	
      From worker 7:	starting b_1.0_c_0.2_N_40_M_3_K_3_P_2_beta_0.001_u_0.001_v_0.011180339887498947_p_0.5_ϵ_1.0_gens_20000000_210223-152255.933
      From worker 6:	replicate complete, ran 20000000 generations:
      From worker 6:	
      From worker 6:		num_imitating:			17498108
      From worker 6:		num_not_imitating:		2501892
      From worker 6:		num_strategies_changed:  	496421
      From worker 6:			num_random_strategies: 	17489
      From worker 6:		num_sets_changed: 		2587049
      From worker 6:			num_random_opinions: 	66064
      From worker 6:			num_biased_opinions: 	22044
      From worker 6:		num_both_changed: 		126910
      From worker 6:	
      From worker 6:	data processed and exported
      From worker 6:	
      From worker 6:	starting b_1.0_c_0.2_N_40_M_3_K_3_P_2_beta_0.001_u_0.001_v_0.005_p_0.5_ϵ_1.0_gens_20000000_210223-152255.933
      From worker 11:	replicate complete, ran 20000000 generations:
      From worker 11:	
      From worker 11:		num_imitating:			20000000
      From worker 11:		num_not_imitating:		0
      From worker 11:		num_strategies_changed:  	540291
      From worker 11:			num_random_strategies: 	19745
      From worker 11:		num_sets_changed: 		12230053
      From worker 11:			num_random_opinions: 	1116795
      From worker 11:			num_biased_opinions: 	0
      From worker 11:		num_both_changed: 		426031
      From worker 11:	
      From worker 11:	data processed and exported
      From worker 11:	
      From worker 11:	starting b_1.0_c_0.2_N_40_M_3_K_3_P_2_beta_0.001_u_0.001_v_0.055901699437494755_p_0.25_ϵ_1.0_gens_20000000_210223-152255.933
      From worker 3:	replicate complete, ran 20000000 generations:
      From worker 3:	
      From worker 3:		num_imitating:			10001020
      From worker 3:		num_not_imitating:		9998980
      From worker 3:		num_strategies_changed:  	143273
      From worker 3:			num_random_strategies: 	9959
      From worker 3:		num_sets_changed: 		0
      From worker 3:			num_random_opinions: 	0
      From worker 3:			num_biased_opinions: 	9837
      From worker 3:		num_both_changed: 		0
      From worker 3:	
      From worker 3:	data processed and exported
      From worker 3:	
      From worker 3:	starting b_1.0_c_0.2_N_40_M_3_K_3_P_2_beta_0.001_u_0.001_v_0.0022360679774997894_p_0.0_ϵ_1.0_gens_20000000_210223-152255.933
      From worker 2:	replicate complete, ran 20000000 generations:
      From worker 2:	
      From worker 2:		num_imitating:			12497976
      From worker 2:		num_not_imitating:		7502024
      From worker 2:		num_strategies_changed:  	338721
      From worker 2:			num_random_strategies: 	12314
      From worker 2:		num_sets_changed: 		353123
      From worker 2:			num_random_opinions: 	3054
      From worker 2:			num_biased_opinions: 	9211
      From worker 2:		num_both_changed: 		15727
      From worker 2:	
      From worker 2:	data processed and exported
      From worker 2:	
      From worker 2:	starting b_1.0_c_0.2_N_40_M_3_K_3_P_2_beta_0.001_u_0.001_v_0.001_p_1.0_ϵ_1.0_gens_20000000_210223-152255.933
      From worker 4:	replicate complete, ran 20000000 generations:
      From worker 4:	
      From worker 4:		num_imitating:			20000000
      From worker 4:		num_not_imitating:		0
      From worker 4:		num_strategies_changed:  	563750
      From worker 4:			num_random_strategies: 	20307
      From worker 4:		num_sets_changed: 		1505631
      From worker 4:			num_random_opinions: 	44794
      From worker 4:			num_biased_opinions: 	0
      From worker 4:		num_both_changed: 		72326
      From worker 4:	
      From worker 4:	data processed and exported
      From worker 4:	
      From worker 4:	starting b_1.0_c_0.2_N_40_M_3_K_3_P_2_beta_0.001_u_0.001_v_0.0022360679774997894_p_0.25_ϵ_1.0_gens_20000000_210223-152255.933
      From worker 9:	replicate complete, ran 20000000 generations:
      From worker 9:	
      From worker 9:		num_imitating:			9999911
      From worker 9:		num_not_imitating:		10000089
      From worker 9:		num_strategies_changed:  	143409
      From worker 9:			num_random_strategies: 	10141
      From worker 9:		num_sets_changed: 		0
      From worker 9:			num_random_opinions: 	0
      From worker 9:			num_biased_opinions: 	250741
      From worker 9:		num_both_changed: 		0
      From worker 9:	
      From worker 9:	data processed and exported
      From worker 9:	
      From worker 9:	starting b_1.0_c_0.2_N_40_M_3_K_3_P_2_beta_0.001_u_0.001_v_0.025_p_0.0_ϵ_1.0_gens_20000000_210223-152255.933
      From worker 8:	replicate complete, ran 20000000 generations:
      From worker 8:	
      From worker 8:		num_imitating:			12499448
      From worker 8:		num_not_imitating:		7500552
      From worker 8:		num_strategies_changed:  	379629
      From worker 8:			num_random_strategies: 	12759
      From worker 8:		num_sets_changed: 		2540928
      From worker 8:			num_random_opinions: 	34923
      From worker 8:			num_biased_opinions: 	104683
      From worker 8:		num_both_changed: 		135403
      From worker 8:	
      From worker 8:	data processed and exported
      From worker 8:	
      From worker 8:	starting b_1.0_c_0.2_N_40_M_3_K_3_P_2_beta_0.001_u_0.001_v_0.011180339887498947_p_1.0_ϵ_1.0_gens_20000000_210223-152255.933
      From worker 16:	replicate complete, ran 20000000 generations:
      From worker 16:	
      From worker 16:		num_imitating:			20000000
      From worker 16:		num_not_imitating:		0
      From worker 16:		num_strategies_changed:  	565083
      From worker 16:			num_random_strategies: 	19980
      From worker 16:		num_sets_changed: 		17239036
      From worker 16:			num_random_opinions: 	12500222
      From worker 16:			num_biased_opinions: 	0
      From worker 16:		num_both_changed: 		493866
      From worker 16:	
      From worker 5:	replicate complete, ran 20000000 generations:
      From worker 5:	
      From worker 5:		num_imitating:			17500550
      From worker 5:		num_not_imitating:		2499450
      From worker 5:		num_strategies_changed:  	516448
      From worker 5:			num_random_strategies: 	17573
      From worker 5:		num_sets_changed: 		2579841
      From worker 5:			num_random_opinions: 	65885
      From worker 5:			num_biased_opinions: 	21649
      From worker 5:		num_both_changed: 		136817
      From worker 5:	
      From worker 16:	data processed and exported
      From worker 5:	data processed and exported
      From worker 16:	
      From worker 16:	starting b_1.0_c_0.2_N_40_M_3_K_3_P_2_beta_0.001_u_0.001_v_0.625_p_0.25_ϵ_1.0_gens_20000000_210223-152255.933
      From worker 5:	
      From worker 5:	starting b_1.0_c_0.2_N_40_M_3_K_3_P_2_beta_0.001_u_0.001_v_0.005_p_0.5_ϵ_1.0_gens_20000000_210223-152255.933
      From worker 14:	replicate complete, ran 20000000 generations:
      From worker 14:	
      From worker 14:		num_imitating:			12501883
      From worker 14:		num_not_imitating:		7498117
      From worker 14:		num_strategies_changed:  	354687
      From worker 14:			num_random_strategies: 	12601
      From worker 14:		num_sets_changed: 		6878691
      From worker 14:			num_random_opinions: 	874016
      From worker 14:			num_biased_opinions: 	2621351
      From worker 14:		num_both_changed: 		212973
      From worker 14:	
      From worker 14:	data processed and exported
      From worker 14:	
      From worker 14:	starting b_1.0_c_0.2_N_40_M_3_K_3_P_2_beta_0.001_u_0.001_v_0.2795084971874737_p_1.0_ϵ_1.0_gens_20000000_210223-152255.933
      From worker 2:	replicate complete, ran 20000000 generations:
      From worker 2:	
      From worker 2:		num_imitating:			9998992
      From worker 2:		num_not_imitating:		10001008
      From worker 2:		num_strategies_changed:  	140862
      From worker 2:			num_random_strategies: 	10140
      From worker 2:		num_sets_changed: 		0
      From worker 2:			num_random_opinions: 	0
      From worker 2:			num_biased_opinions: 	10008
      From worker 2:		num_both_changed: 		0
      From worker 2:	
      From worker 6:	replicate complete, ran 20000000 generations:
      From worker 6:	
      From worker 6:		num_imitating:			15002129
      From worker 6:		num_not_imitating:		4997871
      From worker 6:		num_strategies_changed:  	411848
      From worker 6:			num_random_strategies: 	14778
      From worker 6:		num_sets_changed: 		2012051
      From worker 6:			num_random_opinions: 	37783
      From worker 6:			num_biased_opinions: 	37240
      From worker 6:		num_both_changed: 		91586
      From worker 6:	
      From worker 2:	data processed and exported
      From worker 6:	data processed and exported
      From worker 2:	
      From worker 2:	starting b_1.0_c_0.2_N_40_M_3_K_3_P_2_beta_0.001_u_0.001_v_0.001_p_0.0_ϵ_1.0_gens_20000000_210223-152255.933
      From worker 6:	
      From worker 6:	starting b_1.0_c_0.2_N_40_M_3_K_3_P_2_beta_0.001_u_0.001_v_0.005_p_0.75_ϵ_1.0_gens_20000000_210223-152255.933
      From worker 7:	replicate complete, ran 20000000 generations:
      From worker 7:	
      From worker 7:		num_imitating:			14999848
      From worker 7:		num_not_imitating:		5000152
      From worker 7:		num_strategies_changed:  	430423
      From worker 7:			num_random_strategies: 	14951
      From worker 7:		num_sets_changed: 		3716216
      From worker 7:			num_random_opinions: 	84097
      From worker 7:			num_biased_opinions: 	83924
      From worker 7:		num_both_changed: 		173367
      From worker 7:	
      From worker 7:	data processed and exported
      From worker 7:	
      From worker 7:	starting b_1.0_c_0.2_N_40_M_3_K_3_P_2_beta_0.001_u_0.001_v_0.011180339887498947_p_0.75_ϵ_1.0_gens_20000000_210223-152255.933
      From worker 3:	replicate complete, ran 20000000 generations:
      From worker 3:	
      From worker 3:		num_imitating:			20000000
      From worker 3:		num_not_imitating:		0
      From worker 3:		num_strategies_changed:  	558119
      From worker 3:			num_random_strategies: 	20174
      From worker 3:		num_sets_changed: 		1496789
      From worker 3:			num_random_opinions: 	45020
      From worker 3:			num_biased_opinions: 	0
      From worker 3:		num_both_changed: 		74844
      From worker 3:	
      From worker 3:	data processed and exported
      From worker 3:	
      From worker 3:	starting b_1.0_c_0.2_N_40_M_3_K_3_P_2_beta_0.001_u_0.001_v_0.0022360679774997894_p_0.25_ϵ_1.0_gens_20000000_210223-152255.933
      From worker 4:	replicate complete, ran 20000000 generations:
      From worker 4:	
      From worker 4:		num_imitating:			17501044
      From worker 4:		num_not_imitating:		2498956
      From worker 4:		num_strategies_changed:  	486720
      From worker 4:			num_random_strategies: 	17446
      From worker 4:		num_sets_changed: 		1273033
      From worker 4:			num_random_opinions: 	29187
      From worker 4:			num_biased_opinions: 	9831
      From worker 4:		num_both_changed: 		65989
      From worker 4:	
      From worker 4:	data processed and exported
      From worker 4:	
      From worker 4:	starting b_1.0_c_0.2_N_40_M_3_K_3_P_2_beta_0.001_u_0.001_v_0.0022360679774997894_p_0.5_ϵ_1.0_gens_20000000_210223-152255.933
      From worker 8:	replicate complete, ran 20000000 generations:
      From worker 8:	
      From worker 8:		num_imitating:			9995771
      From worker 8:		num_not_imitating:		10004229
      From worker 8:		num_strategies_changed:  	138919
      From worker 8:			num_random_strategies: 	10017
      From worker 8:		num_sets_changed: 		0
      From worker 8:			num_random_opinions: 	0
      From worker 8:			num_biased_opinions: 	111778
      From worker 8:		num_both_changed: 		0
      From worker 8:	
      From worker 8:	data processed and exported
      From worker 8:	
      From worker 8:	starting b_1.0_c_0.2_N_40_M_3_K_3_P_2_beta_0.001_u_0.001_v_0.025_p_0.0_ϵ_1.0_gens_20000000_210223-152255.933
      From worker 10:	replicate complete, ran 20000000 generations:
      From worker 10:	
      From worker 10:		num_imitating:			20000000
      From worker 10:		num_not_imitating:		0
      From worker 10:		num_strategies_changed:  	550741
      From worker 10:			num_random_strategies: 	19787
      From worker 10:		num_sets_changed: 		12266866
      From worker 10:			num_random_opinions: 	1119142
      From worker 10:			num_biased_opinions: 	0
      From worker 10:		num_both_changed: 		432792
      From worker 10:	
      From worker 10:	data processed and exported
      From worker 10:	
      From worker 10:	starting b_1.0_c_0.2_N_40_M_3_K_3_P_2_beta_0.001_u_0.001_v_0.055901699437494755_p_0.25_ϵ_1.0_gens_20000000_210223-152255.933
      From worker 13:	replicate complete, ran 20000000 generations:
      From worker 13:	
      From worker 13:		num_imitating:			15000834
      From worker 13:		num_not_imitating:		4999166
      From worker 13:		num_strategies_changed:  	410982
      From worker 13:			num_random_strategies: 	15038
      From worker 13:		num_sets_changed: 		9821602
      From worker 13:			num_random_opinions: 	939225
      From worker 13:			num_biased_opinions: 	938330
      From worker 13:		num_both_changed: 		310276
      From worker 13:	
      From worker 13:	data processed and exported
      From worker 13:	
      From worker 13:	starting b_1.0_c_0.2_N_40_M_3_K_3_P_2_beta_0.001_u_0.001_v_0.125_p_0.75_ϵ_1.0_gens_20000000_210223-152255.933
      From worker 14:	replicate complete, ran 20000000 generations:
      From worker 14:	
      From worker 14:		num_imitating:			9997475
      From worker 14:		num_not_imitating:		10002525
      From worker 14:		num_strategies_changed:  	141623
      From worker 14:			num_random_strategies: 	10106
      From worker 14:		num_sets_changed: 		0
      From worker 14:			num_random_opinions: 	0
      From worker 14:			num_biased_opinions: 	2795549
      From worker 14:		num_both_changed: 		0
      From worker 14:	
      From worker 14:	data processed and exported
      From worker 14:	
      From worker 14:	starting b_1.0_c_0.2_N_40_M_3_K_3_P_2_beta_0.001_u_0.001_v_0.2795084971874737_p_0.0_ϵ_1.0_gens_20000000_210223-152255.933
      From worker 2:	replicate complete, ran 20000000 generations:
      From worker 2:	
      From worker 2:		num_imitating:			20000000
      From worker 2:		num_not_imitating:		0
      From worker 2:		num_strategies_changed:  	514796
      From worker 2:			num_random_strategies: 	19920
      From worker 2:		num_sets_changed: 		715045
      From worker 2:			num_random_opinions: 	19765
      From worker 2:			num_biased_opinions: 	0
      From worker 2:		num_both_changed: 		34034
      From worker 2:	
      From worker 2:	data processed and exported
      From worker 5:	replicate complete, ran 20000000 generations:
      From worker 5:	
      From worker 5:		num_imitating:			15001275
      From worker 5:		num_not_imitating:		4998725
      From worker 5:		num_strategies_changed:  	440628
      From worker 5:			num_random_strategies: 	15002
      From worker 5:		num_sets_changed: 		1973590
      From worker 5:			num_random_opinions: 	37541
      From worker 5:			num_biased_opinions: 	37332
      From worker 5:		num_both_changed: 		109288
      From worker 5:	
      From worker 5:	data processed and exported
      From worker 5:	
      From worker 5:	starting b_1.0_c_0.2_N_40_M_3_K_3_P_2_beta_0.001_u_0.001_v_0.005_p_0.75_ϵ_1.0_gens_20000000_210223-152255.933
      From worker 6:	replicate complete, ran 20000000 generations:
      From worker 6:	
      From worker 6:		num_imitating:			12499513
      From worker 6:		num_not_imitating:		7500487
      From worker 6:		num_strategies_changed:  	327708
      From worker 6:			num_random_strategies: 	12457
      From worker 6:		num_sets_changed: 		1480171
      From worker 6:			num_random_opinions: 	15690
      From worker 6:			num_biased_opinions: 	47028
      From worker 6:		num_both_changed: 		76452
      From worker 6:	
      From worker 6:	data processed and exported
      From worker 6:	
      From worker 6:	starting b_1.0_c_0.2_N_40_M_3_K_3_P_2_beta_0.001_u_0.001_v_0.005_p_1.0_ϵ_1.0_gens_20000000_210223-152255.933
      From worker 3:	replicate complete, ran 20000000 generations:
      From worker 3:	
      From worker 3:		num_imitating:			17500090
      From worker 3:		num_not_imitating:		2499910
      From worker 3:		num_strategies_changed:  	490597
      From worker 3:			num_random_strategies: 	17574
      From worker 3:		num_sets_changed: 		1298755
      From worker 3:			num_random_opinions: 	29301
      From worker 3:			num_biased_opinions: 	9759
      From worker 3:		num_both_changed: 		71066
      From worker 3:	
      From worker 3:	data processed and exported
      From worker 7:	replicate complete, ran 20000000 generations:
      From worker 7:	
      From worker 7:		num_imitating:			12499260
      From worker 7:		num_not_imitating:		7500740
      From worker 7:		num_strategies_changed:  	354007
      From worker 7:			num_random_strategies: 	12444
      From worker 7:		num_sets_changed: 		2577679
      From worker 7:			num_random_opinions: 	35000
      From worker 7:			num_biased_opinions: 	104968
      From worker 7:		num_both_changed: 		124089
      From worker 7:	
      From worker 7:	data processed and exported
      From worker 7:	
      From worker 7:	starting b_1.0_c_0.2_N_40_M_3_K_3_P_2_beta_0.001_u_0.001_v_0.011180339887498947_p_1.0_ϵ_1.0_gens_20000000_210223-152255.933
      From worker 4:	replicate complete, ran 20000000 generations:
      From worker 4:	
      From worker 4:		num_imitating:			14997037
      From worker 4:		num_not_imitating:		5002963
      From worker 4:		num_strategies_changed:  	394311
      From worker 4:			num_random_strategies: 	14921
      From worker 4:		num_sets_changed: 		1009068
      From worker 4:			num_random_opinions: 	16547
      From worker 4:			num_biased_opinions: 	16847
      From worker 4:		num_both_changed: 		52951
      From worker 4:	
      From worker 4:	data processed and exported
      From worker 12:	replicate complete, ran 20000000 generations:
      From worker 12:	
      From worker 12:		num_imitating:			17498939
      From worker 12:		num_not_imitating:		2501061
      From worker 12:		num_strategies_changed:  	506190
      From worker 12:			num_random_strategies: 	17504
      From worker 12:		num_sets_changed: 		12624467
      From worker 12:			num_random_opinions: 	1640075
      From worker 12:			num_biased_opinions: 	545963
      From worker 12:		num_both_changed: 		418362
      From worker 12:	
      From worker 12:	data processed and exported
      From worker 12:	
      From worker 12:	starting b_1.0_c_0.2_N_40_M_3_K_3_P_2_beta_0.001_u_0.001_v_0.125_p_0.5_ϵ_1.0_gens_20000000_210223-152255.933
      From worker 11:	replicate complete, ran 20000000 generations:
      From worker 11:	
      From worker 11:		num_imitating:			17502273
      From worker 11:		num_not_imitating:		2497727
      From worker 11:		num_strategies_changed:  	474278
      From worker 11:			num_random_strategies: 	17593
      From worker 11:		num_sets_changed: 		10407746
      From worker 11:			num_random_opinions: 	734159
      From worker 11:			num_biased_opinions: 	244782
      From worker 11:		num_both_changed: 		361375
      From worker 11:	
      From worker 11:	data processed and exported
      From worker 11:	
      From worker 11:	starting b_1.0_c_0.2_N_40_M_3_K_3_P_2_beta_0.001_u_0.001_v_0.055901699437494755_p_0.5_ϵ_1.0_gens_20000000_210223-152255.933
      From worker 9:	replicate complete, ran 20000000 generations:
      From worker 9:	
      From worker 9:		num_imitating:			20000000
      From worker 9:		num_not_imitating:		0
      From worker 9:		num_strategies_changed:  	557381
      From worker 9:			num_random_strategies: 	20245
      From worker 9:		num_sets_changed: 		8760382
      From worker 9:			num_random_opinions: 	499143
      From worker 9:			num_biased_opinions: 	0
      From worker 9:		num_both_changed: 		356386
      From worker 9:	
      From worker 9:	data processed and exported
      From worker 9:	
      From worker 9:	starting b_1.0_c_0.2_N_40_M_3_K_3_P_2_beta_0.001_u_0.001_v_0.025_p_0.25_ϵ_1.0_gens_20000000_210223-152255.933
      From worker 15:	replicate complete, ran 20000000 generations:
      From worker 15:	
      From worker 15:		num_imitating:			20000000
      From worker 15:		num_not_imitating:		0
      From worker 15:		num_strategies_changed:  	559126
      From worker 15:			num_random_strategies: 	19940
      From worker 15:		num_sets_changed: 		17243074
      From worker 15:			num_random_opinions: 	12502753
      From worker 15:			num_biased_opinions: 	0
      From worker 15:		num_both_changed: 		488855
      From worker 15:	
      From worker 15:	data processed and exported
      From worker 15:	
      From worker 15:	starting b_1.0_c_0.2_N_40_M_3_K_3_P_2_beta_0.001_u_0.001_v_0.625_p_0.25_ϵ_1.0_gens_20000000_210223-152255.933
      From worker 6:	replicate complete, ran 20000000 generations:
      From worker 6:	
      From worker 6:		num_imitating:			9999285
      From worker 6:		num_not_imitating:		10000715
      From worker 6:		num_strategies_changed:  	140620
      From worker 6:			num_random_strategies: 	9892
      From worker 6:		num_sets_changed: 		0
      From worker 6:			num_random_opinions: 	0
      From worker 6:			num_biased_opinions: 	50036
      From worker 6:		num_both_changed: 		0
      From worker 6:	
      From worker 6:	data processed and exported
      From worker 5:	replicate complete, ran 20000000 generations:
      From worker 5:	
      From worker 5:		num_imitating:			12499713
      From worker 5:		num_not_imitating:		7500287
      From worker 5:		num_strategies_changed:  	338500
      From worker 5:			num_random_strategies: 	12579
      From worker 5:		num_sets_changed: 		1500007
      From worker 5:			num_random_opinions: 	15705
      From worker 5:			num_biased_opinions: 	46953
      From worker 5:		num_both_changed: 		78919
      From worker 5:	
      From worker 5:	data processed and exported
      From worker 7:	replicate complete, ran 20000000 generations:
      From worker 7:	
      From worker 7:		num_imitating:			10002434
      From worker 7:		num_not_imitating:		9997566
      From worker 7:		num_strategies_changed:  	142629
      From worker 7:			num_random_strategies: 	9833
      From worker 7:		num_sets_changed: 		0
      From worker 7:			num_random_opinions: 	0
      From worker 7:			num_biased_opinions: 	111713
      From worker 7:		num_both_changed: 		0
      From worker 7:	
      From worker 7:	data processed and exported
      From worker 7:	
      From worker 7:	starting b_1.0_c_0.2_N_40_M_3_K_3_P_2_beta_0.001_u_0.001_v_0.011180339887498947_p_0.0_ϵ_1.0_gens_20000000_210223-152255.933
      From worker 13:	replicate complete, ran 20000000 generations:
      From worker 13:	
      From worker 13:		num_imitating:			12502269
      From worker 13:		num_not_imitating:		7497731
      From worker 13:		num_strategies_changed:  	356222
      From worker 13:			num_random_strategies: 	12418
      From worker 13:		num_sets_changed: 		6678452
      From worker 13:			num_random_opinions: 	389988
      From worker 13:			num_biased_opinions: 	1171126
      From worker 13:		num_both_changed: 		226495
      From worker 13:	
      From worker 13:	data processed and exported
      From worker 13:	
      From worker 13:	starting b_1.0_c_0.2_N_40_M_3_K_3_P_2_beta_0.001_u_0.001_v_0.125_p_1.0_ϵ_1.0_gens_20000000_210223-152255.933
      From worker 8:	replicate complete, ran 20000000 generations:
      From worker 8:	
      From worker 8:		num_imitating:			20000000
      From worker 8:		num_not_imitating:		0
      From worker 8:		num_strategies_changed:  	548954
      From worker 8:			num_random_strategies: 	19853
      From worker 8:		num_sets_changed: 		8811862
      From worker 8:			num_random_opinions: 	500563
      From worker 8:			num_biased_opinions: 	0
      From worker 8:		num_both_changed: 		356774
      From worker 8:	
      From worker 8:	data processed and exported
      From worker 8:	
      From worker 8:	starting b_1.0_c_0.2_N_40_M_3_K_3_P_2_beta_0.001_u_0.001_v_0.025_p_0.25_ϵ_1.0_gens_20000000_210223-152255.933
      From worker 16:	replicate complete, ran 20000000 generations:
      From worker 16:	
      From worker 16:		num_imitating:			17501111
      From worker 16:		num_not_imitating:		2498889
      From worker 16:		num_strategies_changed:  	498656
      From worker 16:			num_random_strategies: 	17414
      From worker 16:		num_sets_changed: 		14429041
      From worker 16:			num_random_opinions: 	8203591
      From worker 16:			num_biased_opinions: 	2733965
      From worker 16:		num_both_changed: 		417224
      From worker 16:	
      From worker 16:	data processed and exported
      From worker 16:	
      From worker 16:	starting b_1.0_c_0.2_N_40_M_3_K_3_P_2_beta_0.001_u_0.001_v_0.625_p_0.5_ϵ_1.0_gens_20000000_210223-152255.933
      From worker 10:	replicate complete, ran 20000000 generations:
      From worker 10:	
      From worker 10:		num_imitating:			17502280
      From worker 10:		num_not_imitating:		2497720
      From worker 10:		num_strategies_changed:  	500138
      From worker 10:			num_random_strategies: 	17666
      From worker 10:		num_sets_changed: 		10415560
      From worker 10:			num_random_opinions: 	734831
      From worker 10:			num_biased_opinions: 	244215
      From worker 10:		num_both_changed: 		382737
      From worker 10:	
      From worker 10:	data processed and exported
      From worker 10:	
      From worker 10:	starting b_1.0_c_0.2_N_40_M_3_K_3_P_2_beta_0.001_u_0.001_v_0.055901699437494755_p_0.5_ϵ_1.0_gens_20000000_210223-152255.933
      From worker 13:	replicate complete, ran 20000000 generations:
      From worker 13:	
      From worker 13:		num_imitating:			9997855
      From worker 13:		num_not_imitating:		10002145
      From worker 13:		num_strategies_changed:  	146304
      From worker 13:			num_random_strategies: 	9951
      From worker 13:		num_sets_changed: 		0
      From worker 13:			num_random_opinions: 	0
      From worker 13:			num_biased_opinions: 	1248620
      From worker 13:		num_both_changed: 		0
      From worker 13:	
      From worker 13:	data processed and exported
      From worker 13:	
      From worker 13:	starting b_1.0_c_0.2_N_40_M_3_K_3_P_2_beta_0.001_u_0.001_v_0.2795084971874737_p_0.0_ϵ_1.0_gens_20000000_210223-152255.933
      From worker 11:	replicate complete, ran 20000000 generations:
      From worker 11:	
      From worker 11:		num_imitating:			14999362
      From worker 11:		num_not_imitating:		5000638
      From worker 11:		num_strategies_changed:  	419713
      From worker 11:			num_random_strategies: 	15112
      From worker 11:		num_sets_changed: 		8120851
      From worker 11:			num_random_opinions: 	419412
      From worker 11:			num_biased_opinions: 	419679
      From worker 11:		num_both_changed: 		293919
      From worker 11:	
      From worker 11:	data processed and exported
      From worker 11:	
      From worker 11:	starting b_1.0_c_0.2_N_40_M_3_K_3_P_2_beta_0.001_u_0.001_v_0.055901699437494755_p_0.75_ϵ_1.0_gens_20000000_210223-152255.933
      From worker 9:	replicate complete, ran 20000000 generations:
      From worker 9:	
      From worker 9:		num_imitating:			17501205
      From worker 9:		num_not_imitating:		2498795
      From worker 9:		num_strategies_changed:  	494052
      From worker 9:			num_random_strategies: 	17575
      From worker 9:		num_sets_changed: 		7476840
      From worker 9:			num_random_opinions: 	327519
      From worker 9:			num_biased_opinions: 	109573
      From worker 9:		num_both_changed: 		305782
      From worker 9:	
      From worker 9:	data processed and exported
      From worker 9:	
      From worker 9:	starting b_1.0_c_0.2_N_40_M_3_K_3_P_2_beta_0.001_u_0.001_v_0.025_p_0.5_ϵ_1.0_gens_20000000_210223-152255.933
      From worker 12:	replicate complete, ran 20000000 generations:
      From worker 12:	
      From worker 12:		num_imitating:			14996685
      From worker 12:		num_not_imitating:		5003315
      From worker 12:		num_strategies_changed:  	430723
      From worker 12:			num_random_strategies: 	15023
      From worker 12:		num_sets_changed: 		9812135
      From worker 12:			num_random_opinions: 	938277
      From worker 12:			num_biased_opinions: 	936695
      From worker 12:		num_both_changed: 		326838
      From worker 12:	
      From worker 12:	data processed and exported
      From worker 12:	
      From worker 12:	starting b_1.0_c_0.2_N_40_M_3_K_3_P_2_beta_0.001_u_0.001_v_0.125_p_0.75_ϵ_1.0_gens_20000000_210223-152255.933
      From worker 7:	replicate complete, ran 20000000 generations:
      From worker 7:	
      From worker 7:		num_imitating:			20000000
      From worker 7:		num_not_imitating:		0
      From worker 7:		num_strategies_changed:  	582101
      From worker 7:			num_random_strategies: 	19987
      From worker 7:		num_sets_changed: 		5512020
      From worker 7:			num_random_opinions: 	223760
      From worker 7:			num_biased_opinions: 	0
      From worker 7:		num_both_changed: 		265170
      From worker 7:	
      From worker 7:	data processed and exported
      From worker 14:	replicate complete, ran 20000000 generations:
      From worker 14:	
      From worker 14:		num_imitating:			20000000
      From worker 14:		num_not_imitating:		0
      From worker 14:		num_strategies_changed:  	574481
      From worker 14:			num_random_strategies: 	20065
      From worker 14:		num_sets_changed: 		16440113
      From worker 14:			num_random_opinions: 	5586900
      From worker 14:			num_biased_opinions: 	0
      From worker 14:		num_both_changed: 		499482
      From worker 14:	
      From worker 14:	data processed and exported
      From worker 14:	
      From worker 14:	starting b_1.0_c_0.2_N_40_M_3_K_3_P_2_beta_0.001_u_0.001_v_0.2795084971874737_p_0.25_ϵ_1.0_gens_20000000_210223-152255.933
      From worker 8:	replicate complete, ran 20000000 generations:
      From worker 8:	
      From worker 8:		num_imitating:			17497301
      From worker 8:		num_not_imitating:		2502699
      From worker 8:		num_strategies_changed:  	511482
      From worker 8:			num_random_strategies: 	17446
      From worker 8:		num_sets_changed: 		7459110
      From worker 8:			num_random_opinions: 	328914
      From worker 8:			num_biased_opinions: 	109289
      From worker 8:		num_both_changed: 		321286
      From worker 8:	
      From worker 8:	data processed and exported
      From worker 15:	replicate complete, ran 20000000 generations:
      From worker 15:	
      From worker 15:		num_imitating:			17500539
      From worker 15:		num_not_imitating:		2499461
      From worker 15:		num_strategies_changed:  	477163
      From worker 15:			num_random_strategies: 	17452
      From worker 15:		num_sets_changed: 		14427696
      From worker 15:			num_random_opinions: 	8203010
      From worker 15:			num_biased_opinions: 	2733392
      From worker 15:		num_both_changed: 		399680
      From worker 15:	
      From worker 15:	data processed and exported
      From worker 15:	
      From worker 15:	starting b_1.0_c_0.2_N_40_M_3_K_3_P_2_beta_0.001_u_0.001_v_0.625_p_0.5_ϵ_1.0_gens_20000000_210223-152255.933
      From worker 10:	replicate complete, ran 20000000 generations:
      From worker 10:	
      From worker 10:		num_imitating:			14998221
      From worker 10:		num_not_imitating:		5001779
      From worker 10:		num_strategies_changed:  	403119
      From worker 10:			num_random_strategies: 	14895
      From worker 10:		num_sets_changed: 		8059358
      From worker 10:			num_random_opinions: 	418923
      From worker 10:			num_biased_opinions: 	419791
      From worker 10:		num_both_changed: 		277272
      From worker 10:	
      From worker 10:	data processed and exported
      From worker 10:	
      From worker 10:	starting b_1.0_c_0.2_N_40_M_3_K_3_P_2_beta_0.001_u_0.001_v_0.055901699437494755_p_0.75_ϵ_1.0_gens_20000000_210223-152255.933
      From worker 11:	replicate complete, ran 20000000 generations:
      From worker 11:	
      From worker 11:		num_imitating:			12503256
      From worker 11:		num_not_imitating:		7496744
      From worker 11:		num_strategies_changed:  	353131
      From worker 11:			num_random_strategies: 	12551
      From worker 11:		num_sets_changed: 		5631638
      From worker 11:			num_random_opinions: 	174135
      From worker 11:			num_biased_opinions: 	524440
      From worker 11:		num_both_changed: 		211193
      From worker 11:	
      From worker 11:	data processed and exported
      From worker 11:	
      From worker 11:	starting b_1.0_c_0.2_N_40_M_3_K_3_P_2_beta_0.001_u_0.001_v_0.055901699437494755_p_1.0_ϵ_1.0_gens_20000000_210223-152255.933
      From worker 9:	replicate complete, ran 20000000 generations:
      From worker 9:	
      From worker 9:		num_imitating:			14999116
      From worker 9:		num_not_imitating:		5000884
      From worker 9:		num_strategies_changed:  	418796
      From worker 9:			num_random_strategies: 	14974
      From worker 9:		num_sets_changed: 		5856907
      From worker 9:			num_random_opinions: 	187378
      From worker 9:			num_biased_opinions: 	187691
      From worker 9:		num_both_changed: 		234941
      From worker 9:	
      From worker 16:	replicate complete, ran 20000000 generations:
      From worker 16:	
      From worker 16:		num_imitating:			15001185
      From worker 16:		num_not_imitating:		4998815
      From worker 16:		num_strategies_changed:  	426271
      From worker 16:			num_random_strategies: 	15066
      From worker 16:		num_sets_changed: 		10570738
      From worker 16:			num_random_opinions: 	4688455
      From worker 16:			num_biased_opinions: 	4687783
      From worker 16:		num_both_changed: 		306441
      From worker 16:	
      From worker 9:	data processed and exported
      From worker 16:	data processed and exported
      From worker 16:	
      From worker 16:	starting b_1.0_c_0.2_N_40_M_3_K_3_P_2_beta_0.001_u_0.001_v_0.625_p_0.75_ϵ_1.0_gens_20000000_210223-152255.933
      From worker 12:	replicate complete, ran 20000000 generations:
      From worker 12:	
      From worker 12:		num_imitating:			12499757
      From worker 12:		num_not_imitating:		7500243
      From worker 12:		num_strategies_changed:  	346882
      From worker 12:			num_random_strategies: 	12504
      From worker 12:		num_sets_changed: 		6683985
      From worker 12:			num_random_opinions: 	389817
      From worker 12:			num_biased_opinions: 	1172055
      From worker 12:		num_both_changed: 		219895
      From worker 12:	
      From worker 12:	data processed and exported
      From worker 12:	
      From worker 12:	starting b_1.0_c_0.2_N_40_M_3_K_3_P_2_beta_0.001_u_0.001_v_0.125_p_1.0_ϵ_1.0_gens_20000000_210223-152255.933
      From worker 11:	replicate complete, ran 20000000 generations:
      From worker 11:	
      From worker 11:		num_imitating:			10001091
      From worker 11:		num_not_imitating:		9998909
      From worker 11:		num_strategies_changed:  	154409
      From worker 11:			num_random_strategies: 	10118
      From worker 11:		num_sets_changed: 		0
      From worker 11:			num_random_opinions: 	0
      From worker 11:			num_biased_opinions: 	559248
      From worker 11:		num_both_changed: 		0
      From worker 11:	
      From worker 11:	data processed and exported
      From worker 12:	replicate complete, ran 20000000 generations:
      From worker 12:	
      From worker 12:		num_imitating:			9998249
      From worker 12:		num_not_imitating:		10001751
      From worker 12:		num_strategies_changed:  	150845
      From worker 12:			num_random_strategies: 	10015
      From worker 12:		num_sets_changed: 		0
      From worker 12:			num_random_opinions: 	0
      From worker 12:			num_biased_opinions: 	1249866
      From worker 12:		num_both_changed: 		0
      From worker 12:	
      From worker 12:	data processed and exported
      From worker 12:	
      From worker 12:	starting b_1.0_c_0.2_N_40_M_3_K_3_P_2_beta_0.001_u_0.001_v_0.125_p_0.0_ϵ_1.0_gens_20000000_210223-152255.933
      From worker 13:	replicate complete, ran 20000000 generations:
      From worker 13:	
      From worker 13:		num_imitating:			20000000
      From worker 13:		num_not_imitating:		0
      From worker 13:		num_strategies_changed:  	554890
      From worker 13:			num_random_strategies: 	20196
      From worker 13:		num_sets_changed: 		16438384
      From worker 13:			num_random_opinions: 	5588751
      From worker 13:			num_biased_opinions: 	0
      From worker 13:		num_both_changed: 		482634
      From worker 13:	
      From worker 13:	data processed and exported
      From worker 13:	
      From worker 13:	starting b_1.0_c_0.2_N_40_M_3_K_3_P_2_beta_0.001_u_0.001_v_0.2795084971874737_p_0.25_ϵ_1.0_gens_20000000_210223-152255.933
      From worker 10:	replicate complete, ran 20000000 generations:
      From worker 10:	
      From worker 10:		num_imitating:			12502975
      From worker 10:		num_not_imitating:		7497025
      From worker 10:		num_strategies_changed:  	337549
      From worker 10:			num_random_strategies: 	12355
      From worker 10:		num_sets_changed: 		5624049
      From worker 10:			num_random_opinions: 	174528
      From worker 10:			num_biased_opinions: 	524398
      From worker 10:		num_both_changed: 		200543
      From worker 10:	
      From worker 10:	data processed and exported
      From worker 16:	replicate complete, ran 20000000 generations:
      From worker 16:	
      From worker 16:		num_imitating:			12501413
      From worker 16:		num_not_imitating:		7498587
      From worker 16:		num_strategies_changed:  	327206
      From worker 16:			num_random_strategies: 	12764
      From worker 16:		num_sets_changed: 		5881991
      From worker 16:			num_random_opinions: 	1953395
      From worker 16:			num_biased_opinions: 	5860466
      From worker 16:		num_both_changed: 		159656
      From worker 16:	
      From worker 14:	replicate complete, ran 20000000 generations:
      From worker 14:	
      From worker 14:		num_imitating:			17500344
      From worker 14:		num_not_imitating:		2499656
      From worker 14:		num_strategies_changed:  	494936
      From worker 14:			num_random_strategies: 	17558
      From worker 14:		num_sets_changed: 		13910419
      From worker 14:			num_random_opinions: 	3670284
      From worker 14:			num_biased_opinions: 	1223495
      From worker 14:		num_both_changed: 		417168
      From worker 14:	
      From worker 16:	data processed and exported
      From worker 14:	data processed and exported
      From worker 16:	
      From worker 16:	starting b_1.0_c_0.2_N_40_M_3_K_3_P_2_beta_0.001_u_0.001_v_0.625_p_1.0_ϵ_1.0_gens_20000000_210223-152255.933
      From worker 14:	
      From worker 14:	starting b_1.0_c_0.2_N_40_M_3_K_3_P_2_beta_0.001_u_0.001_v_0.2795084971874737_p_0.5_ϵ_1.0_gens_20000000_210223-152255.933
      From worker 15:	replicate complete, ran 20000000 generations:
      From worker 15:	
      From worker 15:		num_imitating:			15001802
      From worker 15:		num_not_imitating:		4998198
      From worker 15:		num_strategies_changed:  	434342
      From worker 15:			num_random_strategies: 	15010
      From worker 15:		num_sets_changed: 		10562732
      From worker 15:			num_random_opinions: 	4684701
      From worker 15:			num_biased_opinions: 	4689301
      From worker 15:		num_both_changed: 		311951
      From worker 15:	
      From worker 15:	data processed and exported
      From worker 15:	
      From worker 15:	starting b_1.0_c_0.2_N_40_M_3_K_3_P_2_beta_0.001_u_0.001_v_0.625_p_0.75_ϵ_1.0_gens_20000000_210223-152255.933
      From worker 16:	replicate complete, ran 20000000 generations:
      From worker 16:	
      From worker 16:		num_imitating:			9998610
      From worker 16:		num_not_imitating:		10001390
      From worker 16:		num_strategies_changed:  	144531
      From worker 16:			num_random_strategies: 	9885
      From worker 16:		num_sets_changed: 		0
      From worker 16:			num_random_opinions: 	0
      From worker 16:			num_biased_opinions: 	6249288
      From worker 16:		num_both_changed: 		0
      From worker 16:	
      From worker 16:	data processed and exported
 Activating environment at `/tigress/mk28/CooperationPolarization2/Project.toml`
 Activating environment at `/tigress/mk28/CooperationPolarization2/Project.toml`
      From worker 15:	replicate complete, ran 20000000 generations:
      From worker 15:	
      From worker 15:		num_imitating:			12498623
      From worker 15:		num_not_imitating:		7501377
      From worker 15:		num_strategies_changed:  	316207
      From worker 15:			num_random_strategies: 	12404
      From worker 15:		num_sets_changed: 		5883410
      From worker 15:			num_random_opinions: 	1953289
      From worker 15:			num_biased_opinions: 	5857808
      From worker 15:		num_both_changed: 		153258
      From worker 15:	
      From worker 15:	data processed and exported
      From worker 12:	replicate complete, ran 20000000 generations:
      From worker 12:	
      From worker 12:		num_imitating:			20000000
      From worker 12:		num_not_imitating:		0
      From worker 12:		num_strategies_changed:  	558303
      From worker 12:			num_random_strategies: 	20069
      From worker 12:		num_sets_changed: 		14881644
      From worker 12:			num_random_opinions: 	2501607
      From worker 12:			num_biased_opinions: 	0
      From worker 12:		num_both_changed: 		476696
      From worker 12:	
      From worker 12:	data processed and exported
      From worker 14:	replicate complete, ran 20000000 generations:
      From worker 14:	
      From worker 14:		num_imitating:			14999824
      From worker 14:		num_not_imitating:		5000176
      From worker 14:		num_strategies_changed:  	403534
      From worker 14:			num_random_strategies: 	14938
      From worker 14:		num_sets_changed: 		10689245
      From worker 14:			num_random_opinions: 	2097221
      From worker 14:			num_biased_opinions: 	2093987
      From worker 14:		num_both_changed: 		307383
      From worker 14:	
      From worker 14:	data processed and exported
      From worker 13:	replicate complete, ran 20000000 generations:
      From worker 13:	
      From worker 13:		num_imitating:			17500201
      From worker 13:		num_not_imitating:		2499799
      From worker 13:		num_strategies_changed:  	496323
      From worker 13:			num_random_strategies: 	17579
      From worker 13:		num_sets_changed: 		13907858
      From worker 13:			num_random_opinions: 	3669085
      From worker 13:			num_biased_opinions: 	1223046
      From worker 13:		num_both_changed: 		418340
      From worker 13:	
      From worker 13:	data processed and exported
16955.689818 seconds (3.08 M allocations: 130.520 MiB, 0.00% gc time)
