packages loaded
      From worker 5:	 Activating environment at `/tigress/mk28/CooperationPolarization2/Project.toml`
      From worker 3:	 Activating environment at `/tigress/mk28/CooperationPolarization2/Project.toml`
      From worker 4:	 Activating environment at `/tigress/mk28/CooperationPolarization2/Project.toml`
      From worker 2:	 Activating environment at `/tigress/mk28/CooperationPolarization2/Project.toml`
      From worker 9:	 Activating environment at `/tigress/mk28/CooperationPolarization2/Project.toml`
      From worker 11:	 Activating environment at `/tigress/mk28/CooperationPolarization2/Project.toml`
      From worker 12:	 Activating environment at `/tigress/mk28/CooperationPolarization2/Project.toml`
      From worker 8:	 Activating environment at `/tigress/mk28/CooperationPolarization2/Project.toml`
      From worker 13:	 Activating environment at `/tigress/mk28/CooperationPolarization2/Project.toml`
      From worker 10:	 Activating environment at `/tigress/mk28/CooperationPolarization2/Project.toml`
      From worker 15:	 Activating environment at `/tigress/mk28/CooperationPolarization2/Project.toml`
      From worker 16:	 Activating environment at `/tigress/mk28/CooperationPolarization2/Project.toml`
      From worker 14:	 Activating environment at `/tigress/mk28/CooperationPolarization2/Project.toml`
      From worker 7:	 Activating environment at `/tigress/mk28/CooperationPolarization2/Project.toml`
      From worker 6:	 Activating environment at `/tigress/mk28/CooperationPolarization2/Project.toml`
      From worker 5:	packages loaded
      From worker 9:	packages loaded
      From worker 12:	packages loaded
      From worker 3:	packages loaded
      From worker 4:	packages loaded
      From worker 13:	packages loaded
      From worker 10:	packages loaded
      From worker 7:	packages loaded
      From worker 14:	packages loaded
      From worker 11:	packages loaded
      From worker 2:	packages loaded
      From worker 16:	packages loaded
      From worker 15:	packages loaded
      From worker 8:	packages loaded
      From worker 6:	packages loaded
parameters defined
      From worker 3:	
      From worker 3:	starting b_1.0_c_0.2_N_40_M_2_K_1_P_2_beta_0.001_u_0.001_v_0.001_p_0.0_ϵ_1.0_gens_20000000_210210-111347.393
      From worker 4:	
      From worker 4:	starting b_1.0_c_0.2_N_40_M_2_K_1_P_2_beta_0.001_u_0.001_v_0.001_p_0.0_ϵ_1.0_gens_20000000_210210-111347.393
      From worker 7:	
      From worker 7:	starting b_1.0_c_0.2_N_40_M_2_K_1_P_2_beta_0.001_u_0.001_v_0.025_p_0.0_ϵ_1.0_gens_20000000_210210-111347.393
      From worker 9:	
      From worker 9:	starting b_1.0_c_0.2_N_40_M_2_K_1_P_2_beta_0.001_u_0.001_v_0.025_p_0.0_ϵ_1.0_gens_20000000_210210-111347.393
      From worker 10:	
      From worker 10:	starting b_1.0_c_0.2_N_40_M_2_K_1_P_2_beta_0.001_u_0.001_v_0.025_p_0.0_ϵ_1.0_gens_20000000_210210-111347.393
      From worker 12:	
      From worker 12:	starting b_1.0_c_0.2_N_40_M_2_K_1_P_2_beta_0.001_u_0.001_v_0.1_p_0.0_ϵ_1.0_gens_20000000_210210-111347.393
      From worker 13:	
      From worker 13:	starting b_1.0_c_0.2_N_40_M_2_K_1_P_2_beta_0.001_u_0.001_v_0.1_p_0.0_ϵ_1.0_gens_20000000_210210-111347.393
      From worker 5:	
      From worker 5:	starting b_1.0_c_0.2_N_40_M_2_K_1_P_2_beta_0.001_u_0.001_v_0.001_p_0.0_ϵ_1.0_gens_20000000_210210-111347.393
      From worker 6:	
      From worker 6:	starting b_1.0_c_0.2_N_40_M_2_K_1_P_2_beta_0.001_u_0.001_v_0.001_p_0.0_ϵ_1.0_gens_20000000_210210-111347.393
      From worker 8:	
      From worker 8:	starting b_1.0_c_0.2_N_40_M_2_K_1_P_2_beta_0.001_u_0.001_v_0.025_p_0.0_ϵ_1.0_gens_20000000_210210-111347.393
      From worker 14:	
      From worker 14:	starting b_1.0_c_0.2_N_40_M_2_K_1_P_2_beta_0.001_u_0.001_v_0.1_p_0.0_ϵ_1.0_gens_20000000_210210-111347.393
      From worker 15:	
      From worker 15:	starting b_1.0_c_0.2_N_40_M_2_K_1_P_2_beta_0.001_u_0.001_v_0.1_p_0.0_ϵ_1.0_gens_20000000_210210-111347.393
      From worker 11:	
      From worker 11:	starting b_1.0_c_0.2_N_40_M_2_K_1_P_2_beta_0.001_u_0.001_v_0.025_p_0.0_ϵ_1.0_gens_20000000_210210-111347.393
      From worker 2:	
      From worker 2:	starting b_1.0_c_0.2_N_40_M_2_K_1_P_2_beta_0.001_u_0.001_v_0.001_p_0.0_ϵ_1.0_gens_20000000_210210-111347.393
      From worker 16:	
      From worker 16:	starting b_1.0_c_0.2_N_40_M_2_K_1_P_2_beta_0.001_u_0.001_v_0.1_p_0.0_ϵ_1.0_gens_20000000_210210-111347.393
      From worker 4:	replicate complete, ran 20000000 generations:
      From worker 4:	
      From worker 4:		num_imitating:			20000000
      From worker 4:		num_not_imitating:		0
      From worker 4:		num_strategies_changed:  	574318
      From worker 4:			num_random_strategies: 	20004
      From worker 4:		num_sets_changed: 		536956
      From worker 4:			num_random_opinions: 	19869
      From worker 4:			num_biased_opinions: 	0
      From worker 4:		num_both_changed: 		30507
      From worker 4:	
      From worker 4:	data processed and exported
      From worker 4:	
      From worker 4:	starting b_1.0_c_0.2_N_40_M_2_K_1_P_2_beta_0.001_u_0.001_v_0.001_p_0.25_ϵ_1.0_gens_20000000_210210-111347.393
      From worker 2:	replicate complete, ran 20000000 generations:
      From worker 2:	
      From worker 2:		num_imitating:			20000000
      From worker 2:		num_not_imitating:		0
      From worker 2:		num_strategies_changed:  	575633
      From worker 2:			num_random_strategies: 	19918
      From worker 2:		num_sets_changed: 		565524
      From worker 2:			num_random_opinions: 	20045
      From worker 2:			num_biased_opinions: 	0
      From worker 2:		num_both_changed: 		30740
      From worker 2:	
      From worker 2:	data processed and exported
      From worker 2:	
      From worker 2:	starting b_1.0_c_0.2_N_40_M_2_K_1_P_2_beta_0.001_u_0.001_v_0.001_p_0.25_ϵ_1.0_gens_20000000_210210-111347.393
      From worker 3:	replicate complete, ran 20000000 generations:
      From worker 3:	
      From worker 3:		num_imitating:			20000000
      From worker 3:		num_not_imitating:		0
      From worker 3:		num_strategies_changed:  	587272
      From worker 3:			num_random_strategies: 	20066
      From worker 3:		num_sets_changed: 		575978
      From worker 3:			num_random_opinions: 	20101
      From worker 3:			num_biased_opinions: 	0
      From worker 3:		num_both_changed: 		27594
      From worker 3:	
      From worker 3:	data processed and exported
      From worker 3:	
      From worker 3:	starting b_1.0_c_0.2_N_40_M_2_K_1_P_2_beta_0.001_u_0.001_v_0.001_p_0.25_ϵ_1.0_gens_20000000_210210-111347.393
      From worker 6:	replicate complete, ran 20000000 generations:
      From worker 6:	
      From worker 6:		num_imitating:			20000000
      From worker 6:		num_not_imitating:		0
      From worker 6:		num_strategies_changed:  	553040
      From worker 6:			num_random_strategies: 	19901
      From worker 6:		num_sets_changed: 		549603
      From worker 6:			num_random_opinions: 	20007
      From worker 6:			num_biased_opinions: 	0
      From worker 6:		num_both_changed: 		25520
      From worker 6:	
      From worker 5:	replicate complete, ran 20000000 generations:
      From worker 5:	
      From worker 5:		num_imitating:			20000000
      From worker 5:		num_not_imitating:		0
      From worker 5:		num_strategies_changed:  	573751
      From worker 5:			num_random_strategies: 	19970
      From worker 5:		num_sets_changed: 		578569
      From worker 5:			num_random_opinions: 	20228
      From worker 5:			num_biased_opinions: 	0
      From worker 5:		num_both_changed: 		27596
      From worker 5:	
      From worker 6:	data processed and exported
      From worker 5:	data processed and exported
      From worker 6:	
      From worker 6:	starting b_1.0_c_0.2_N_40_M_2_K_1_P_2_beta_0.001_u_0.001_v_0.001_p_0.25_ϵ_1.0_gens_20000000_210210-111347.393
      From worker 5:	
      From worker 5:	starting b_1.0_c_0.2_N_40_M_2_K_1_P_2_beta_0.001_u_0.001_v_0.001_p_0.25_ϵ_1.0_gens_20000000_210210-111347.393
      From worker 9:	replicate complete, ran 20000000 generations:
      From worker 9:	
      From worker 9:		num_imitating:			20000000
      From worker 9:		num_not_imitating:		0
      From worker 9:		num_strategies_changed:  	538081
      From worker 9:			num_random_strategies: 	19899
      From worker 9:		num_sets_changed: 		7540836
      From worker 9:			num_random_opinions: 	500409
      From worker 9:			num_biased_opinions: 	0
      From worker 9:		num_both_changed: 		287488
      From worker 9:	
      From worker 9:	data processed and exported
      From worker 9:	
      From worker 9:	starting b_1.0_c_0.2_N_40_M_2_K_1_P_2_beta_0.001_u_0.001_v_0.025_p_0.25_ϵ_1.0_gens_20000000_210210-111347.393
      From worker 7:	replicate complete, ran 20000000 generations:
      From worker 7:	
      From worker 7:		num_imitating:			20000000
      From worker 7:		num_not_imitating:		0
      From worker 7:		num_strategies_changed:  	599994
      From worker 7:			num_random_strategies: 	20123
      From worker 7:		num_sets_changed: 		7474418
      From worker 7:			num_random_opinions: 	500243
      From worker 7:			num_biased_opinions: 	0
      From worker 7:		num_both_changed: 		329874
      From worker 7:	
      From worker 7:	data processed and exported
      From worker 7:	
      From worker 7:	starting b_1.0_c_0.2_N_40_M_2_K_1_P_2_beta_0.001_u_0.001_v_0.025_p_0.25_ϵ_1.0_gens_20000000_210210-111347.393
      From worker 11:	replicate complete, ran 20000000 generations:
      From worker 11:	
      From worker 11:		num_imitating:			20000000
      From worker 11:		num_not_imitating:		0
      From worker 11:		num_strategies_changed:  	556048
      From worker 11:			num_random_strategies: 	19920
      From worker 11:		num_sets_changed: 		7513299
      From worker 11:			num_random_opinions: 	499397
      From worker 11:			num_biased_opinions: 	0
      From worker 11:		num_both_changed: 		299127
      From worker 11:	
      From worker 11:	data processed and exported
      From worker 11:	
      From worker 11:	starting b_1.0_c_0.2_N_40_M_2_K_1_P_2_beta_0.001_u_0.001_v_0.025_p_0.25_ϵ_1.0_gens_20000000_210210-111347.393
      From worker 10:	replicate complete, ran 20000000 generations:
      From worker 10:	
      From worker 10:		num_imitating:			20000000
      From worker 10:		num_not_imitating:		0
      From worker 10:		num_strategies_changed:  	558672
      From worker 10:			num_random_strategies: 	19914
      From worker 10:		num_sets_changed: 		7553204
      From worker 10:			num_random_opinions: 	499237
      From worker 10:			num_biased_opinions: 	0
      From worker 10:		num_both_changed: 		299178
      From worker 10:	
      From worker 10:	data processed and exported
      From worker 8:	replicate complete, ran 20000000 generations:
      From worker 8:	
      From worker 8:		num_imitating:			20000000
      From worker 8:		num_not_imitating:		0
      From worker 8:		num_strategies_changed:  	545812
      From worker 8:			num_random_strategies: 	20167
      From worker 8:		num_sets_changed: 		7547640
      From worker 8:			num_random_opinions: 	501500
      From worker 8:			num_biased_opinions: 	0
      From worker 8:		num_both_changed: 		292944
      From worker 8:	
      From worker 10:	
      From worker 10:	starting b_1.0_c_0.2_N_40_M_2_K_1_P_2_beta_0.001_u_0.001_v_0.025_p_0.25_ϵ_1.0_gens_20000000_210210-111347.393
      From worker 8:	data processed and exported
      From worker 8:	
      From worker 8:	starting b_1.0_c_0.2_N_40_M_2_K_1_P_2_beta_0.001_u_0.001_v_0.025_p_0.25_ϵ_1.0_gens_20000000_210210-111347.393
      From worker 14:	replicate complete, ran 20000000 generations:
      From worker 14:	
      From worker 14:		num_imitating:			20000000
      From worker 14:		num_not_imitating:		0
      From worker 14:		num_strategies_changed:  	582466
      From worker 14:			num_random_strategies: 	19881
      From worker 14:		num_sets_changed: 		12413888
      From worker 14:			num_random_opinions: 	1999362
      From worker 14:			num_biased_opinions: 	0
      From worker 14:		num_both_changed: 		417580
      From worker 14:	
      From worker 13:	replicate complete, ran 20000000 generations:
      From worker 13:	
      From worker 13:		num_imitating:			20000000
      From worker 13:		num_not_imitating:		0
      From worker 13:		num_strategies_changed:  	568855
      From worker 13:			num_random_strategies: 	20087
      From worker 13:		num_sets_changed: 		12411463
      From worker 13:			num_random_opinions: 	2000796
      From worker 13:			num_biased_opinions: 	0
      From worker 13:		num_both_changed: 		408370
      From worker 13:	
      From worker 16:	replicate complete, ran 20000000 generations:
      From worker 16:	
      From worker 16:		num_imitating:			20000000
      From worker 16:		num_not_imitating:		0
      From worker 16:		num_strategies_changed:  	608091
      From worker 16:			num_random_strategies: 	20073
      From worker 16:		num_sets_changed: 		12417640
      From worker 16:			num_random_opinions: 	1999858
      From worker 16:			num_biased_opinions: 	0
      From worker 16:		num_both_changed: 		434414
      From worker 16:	
      From worker 12:	replicate complete, ran 20000000 generations:
      From worker 12:	
      From worker 12:		num_imitating:			20000000
      From worker 12:		num_not_imitating:		0
      From worker 12:		num_strategies_changed:  	549901
      From worker 12:			num_random_strategies: 	19896
      From worker 12:		num_sets_changed: 		12419926
      From worker 12:			num_random_opinions: 	2000032
      From worker 12:			num_biased_opinions: 	0
      From worker 12:		num_both_changed: 		394650
      From worker 12:	
      From worker 14:	data processed and exported
      From worker 14:	
      From worker 14:	starting b_1.0_c_0.2_N_40_M_2_K_1_P_2_beta_0.001_u_0.001_v_0.1_p_0.25_ϵ_1.0_gens_20000000_210210-111347.393
      From worker 16:	data processed and exported
      From worker 13:	data processed and exported
      From worker 12:	data processed and exported
      From worker 16:	
      From worker 16:	starting b_1.0_c_0.2_N_40_M_2_K_1_P_2_beta_0.001_u_0.001_v_0.1_p_0.25_ϵ_1.0_gens_20000000_210210-111347.393
      From worker 13:	
      From worker 13:	starting b_1.0_c_0.2_N_40_M_2_K_1_P_2_beta_0.001_u_0.001_v_0.1_p_0.25_ϵ_1.0_gens_20000000_210210-111347.393
      From worker 12:	
      From worker 12:	starting b_1.0_c_0.2_N_40_M_2_K_1_P_2_beta_0.001_u_0.001_v_0.1_p_0.25_ϵ_1.0_gens_20000000_210210-111347.393
      From worker 15:	replicate complete, ran 20000000 generations:
      From worker 15:	
      From worker 15:		num_imitating:			20000000
      From worker 15:		num_not_imitating:		0
      From worker 15:		num_strategies_changed:  	595132
      From worker 15:			num_random_strategies: 	20127
      From worker 15:		num_sets_changed: 		12411397
      From worker 15:			num_random_opinions: 	1998335
      From worker 15:			num_biased_opinions: 	0
      From worker 15:		num_both_changed: 		428061
      From worker 15:	
      From worker 15:	data processed and exported
      From worker 15:	
      From worker 15:	starting b_1.0_c_0.2_N_40_M_2_K_1_P_2_beta_0.001_u_0.001_v_0.1_p_0.25_ϵ_1.0_gens_20000000_210210-111347.393
      From worker 4:	replicate complete, ran 20000000 generations:
      From worker 4:	
      From worker 4:		num_imitating:			17436143
      From worker 4:		num_not_imitating:		2563857
      From worker 4:		num_strategies_changed:  	485108
      From worker 4:			num_random_strategies: 	17358
      From worker 4:		num_sets_changed: 		506206
      From worker 4:			num_random_opinions: 	12998
      From worker 4:			num_biased_opinions: 	4350
      From worker 4:		num_both_changed: 		25381
      From worker 4:	
      From worker 4:	data processed and exported
      From worker 4:	
      From worker 4:	starting b_1.0_c_0.2_N_40_M_2_K_1_P_2_beta_0.001_u_0.001_v_0.001_p_0.5_ϵ_1.0_gens_20000000_210210-111347.393
      From worker 2:	replicate complete, ran 20000000 generations:
      From worker 2:	
      From worker 2:		num_imitating:			17433974
      From worker 2:		num_not_imitating:		2566026
      From worker 2:		num_strategies_changed:  	503351
      From worker 2:			num_random_strategies: 	17523
      From worker 2:		num_sets_changed: 		478203
      From worker 2:			num_random_opinions: 	12958
      From worker 2:			num_biased_opinions: 	4339
      From worker 2:		num_both_changed: 		22539
      From worker 2:	
      From worker 2:	data processed and exported
      From worker 2:	
      From worker 2:	starting b_1.0_c_0.2_N_40_M_2_K_1_P_2_beta_0.001_u_0.001_v_0.001_p_0.5_ϵ_1.0_gens_20000000_210210-111347.393
      From worker 3:	replicate complete, ran 20000000 generations:
      From worker 3:	
      From worker 3:		num_imitating:			17435061
      From worker 3:		num_not_imitating:		2564939
      From worker 3:		num_strategies_changed:  	517731
      From worker 3:			num_random_strategies: 	17414
      From worker 3:		num_sets_changed: 		510811
      From worker 3:			num_random_opinions: 	12983
      From worker 3:			num_biased_opinions: 	4319
      From worker 3:		num_both_changed: 		35646
      From worker 3:	
      From worker 3:	data processed and exported
      From worker 3:	
      From worker 3:	starting b_1.0_c_0.2_N_40_M_2_K_1_P_2_beta_0.001_u_0.001_v_0.001_p_0.5_ϵ_1.0_gens_20000000_210210-111347.393
      From worker 6:	replicate complete, ran 20000000 generations:
      From worker 6:	
      From worker 6:		num_imitating:			17435409
      From worker 6:		num_not_imitating:		2564591
      From worker 6:		num_strategies_changed:  	469578
      From worker 6:			num_random_strategies: 	17515
      From worker 6:		num_sets_changed: 		477997
      From worker 6:			num_random_opinions: 	13089
      From worker 6:			num_biased_opinions: 	4322
      From worker 6:		num_both_changed: 		20970
      From worker 6:	
      From worker 5:	replicate complete, ran 20000000 generations:
      From worker 5:	
      From worker 5:		num_imitating:			17436539
      From worker 5:		num_not_imitating:		2563461
      From worker 5:		num_strategies_changed:  	547401
      From worker 5:			num_random_strategies: 	17398
      From worker 5:		num_sets_changed: 		488686
      From worker 5:			num_random_opinions: 	13250
      From worker 5:			num_biased_opinions: 	4268
      From worker 5:		num_both_changed: 		30565
      From worker 5:	
      From worker 5:	data processed and exported
      From worker 6:	data processed and exported
      From worker 5:	
      From worker 5:	starting b_1.0_c_0.2_N_40_M_2_K_1_P_2_beta_0.001_u_0.001_v_0.001_p_0.5_ϵ_1.0_gens_20000000_210210-111347.393
      From worker 6:	
      From worker 6:	starting b_1.0_c_0.2_N_40_M_2_K_1_P_2_beta_0.001_u_0.001_v_0.001_p_0.5_ϵ_1.0_gens_20000000_210210-111347.393
      From worker 9:	replicate complete, ran 20000000 generations:
      From worker 9:	
      From worker 9:		num_imitating:			17436292
      From worker 9:		num_not_imitating:		2563708
      From worker 9:		num_strategies_changed:  	498322
      From worker 9:			num_random_strategies: 	17566
      From worker 9:		num_sets_changed: 		6594588
      From worker 9:			num_random_opinions: 	326663
      From worker 9:			num_biased_opinions: 	108991
      From worker 9:		num_both_changed: 		277871
      From worker 9:	
      From worker 9:	data processed and exported
      From worker 9:	
      From worker 9:	starting b_1.0_c_0.2_N_40_M_2_K_1_P_2_beta_0.001_u_0.001_v_0.025_p_0.5_ϵ_1.0_gens_20000000_210210-111347.393
      From worker 4:	replicate complete, ran 20000000 generations:
      From worker 4:	
      From worker 4:		num_imitating:			14871490
      From worker 4:		num_not_imitating:		5128510
      From worker 4:		num_strategies_changed:  	444846
      From worker 4:			num_random_strategies: 	14907
      From worker 4:		num_sets_changed: 		407229
      From worker 4:			num_random_opinions: 	7407
      From worker 4:			num_biased_opinions: 	7479
      From worker 4:		num_both_changed: 		23466
      From worker 4:	
      From worker 4:	data processed and exported
      From worker 4:	
      From worker 4:	starting b_1.0_c_0.2_N_40_M_2_K_1_P_2_beta_0.001_u_0.001_v_0.001_p_0.75_ϵ_1.0_gens_20000000_210210-111347.393
      From worker 3:	replicate complete, ran 20000000 generations:
      From worker 3:	
      From worker 3:		num_imitating:			14869883
      From worker 3:		num_not_imitating:		5130117
      From worker 3:		num_strategies_changed:  	438778
      From worker 3:			num_random_strategies: 	14979
      From worker 3:		num_sets_changed: 		418157
      From worker 3:			num_random_opinions: 	7526
      From worker 3:			num_biased_opinions: 	7453
      From worker 3:		num_both_changed: 		20479
      From worker 3:	
      From worker 7:	replicate complete, ran 20000000 generations:
      From worker 7:	
      From worker 7:		num_imitating:			17436239
      From worker 7:		num_not_imitating:		2563761
      From worker 7:		num_strategies_changed:  	494897
      From worker 7:			num_random_strategies: 	17343
      From worker 7:		num_sets_changed: 		6551284
      From worker 7:			num_random_opinions: 	326226
      From worker 7:			num_biased_opinions: 	109186
      From worker 7:		num_both_changed: 		266838
      From worker 7:	
      From worker 3:	data processed and exported
      From worker 2:	replicate complete, ran 20000000 generations:
      From worker 2:	
      From worker 2:		num_imitating:			14868865
      From worker 2:		num_not_imitating:		5131135
      From worker 2:		num_strategies_changed:  	444604
      From worker 2:			num_random_strategies: 	14903
      From worker 2:		num_sets_changed: 		417891
      From worker 2:			num_random_opinions: 	7414
      From worker 2:			num_biased_opinions: 	7542
      From worker 2:		num_both_changed: 		22727
      From worker 2:	
      From worker 7:	data processed and exported
      From worker 3:	
      From worker 3:	starting b_1.0_c_0.2_N_40_M_2_K_1_P_2_beta_0.001_u_0.001_v_0.001_p_0.75_ϵ_1.0_gens_20000000_210210-111347.393
      From worker 7:	
      From worker 7:	starting b_1.0_c_0.2_N_40_M_2_K_1_P_2_beta_0.001_u_0.001_v_0.025_p_0.5_ϵ_1.0_gens_20000000_210210-111347.393
      From worker 2:	data processed and exported
      From worker 2:	
      From worker 2:	starting b_1.0_c_0.2_N_40_M_2_K_1_P_2_beta_0.001_u_0.001_v_0.001_p_0.75_ϵ_1.0_gens_20000000_210210-111347.393
      From worker 11:	replicate complete, ran 20000000 generations:
      From worker 11:	
      From worker 11:		num_imitating:			17436663
      From worker 11:		num_not_imitating:		2563337
      From worker 11:		num_strategies_changed:  	497542
      From worker 11:			num_random_strategies: 	17506
      From worker 11:		num_sets_changed: 		6605186
      From worker 11:			num_random_opinions: 	327514
      From worker 11:			num_biased_opinions: 	109350
      From worker 11:		num_both_changed: 		272751
      From worker 11:	
      From worker 11:	data processed and exported
      From worker 11:	
      From worker 11:	starting b_1.0_c_0.2_N_40_M_2_K_1_P_2_beta_0.001_u_0.001_v_0.025_p_0.5_ϵ_1.0_gens_20000000_210210-111347.393
      From worker 10:	replicate complete, ran 20000000 generations:
      From worker 10:	
      From worker 10:		num_imitating:			17437101
      From worker 10:		num_not_imitating:		2562899
      From worker 10:		num_strategies_changed:  	467371
      From worker 10:			num_random_strategies: 	17382
      From worker 10:		num_sets_changed: 		6575730
      From worker 10:			num_random_opinions: 	327448
      From worker 10:			num_biased_opinions: 	108758
      From worker 10:		num_both_changed: 		247695
      From worker 10:	
      From worker 10:	data processed and exported
      From worker 8:	replicate complete, ran 20000000 generations:
      From worker 8:	
      From worker 8:		num_imitating:			17437475
      From worker 8:		num_not_imitating:		2562525
      From worker 8:		num_strategies_changed:  	498603
      From worker 8:			num_random_strategies: 	17463
      From worker 8:		num_sets_changed: 		6611926
      From worker 8:			num_random_opinions: 	327951
      From worker 8:			num_biased_opinions: 	109076
      From worker 8:		num_both_changed: 		272662
      From worker 8:	
      From worker 10:	
      From worker 10:	starting b_1.0_c_0.2_N_40_M_2_K_1_P_2_beta_0.001_u_0.001_v_0.025_p_0.5_ϵ_1.0_gens_20000000_210210-111347.393
      From worker 8:	data processed and exported
      From worker 8:	
      From worker 8:	starting b_1.0_c_0.2_N_40_M_2_K_1_P_2_beta_0.001_u_0.001_v_0.025_p_0.5_ϵ_1.0_gens_20000000_210210-111347.393
      From worker 6:	replicate complete, ran 20000000 generations:
      From worker 6:	
      From worker 6:		num_imitating:			14874575
      From worker 6:		num_not_imitating:		5125425
      From worker 6:		num_strategies_changed:  	433025
      From worker 6:			num_random_strategies: 	14947
      From worker 6:		num_sets_changed: 		414606
      From worker 6:			num_random_opinions: 	7255
      From worker 6:			num_biased_opinions: 	7390
      From worker 6:		num_both_changed: 		20109
      From worker 6:	
      From worker 6:	data processed and exported
      From worker 6:	
      From worker 6:	starting b_1.0_c_0.2_N_40_M_2_K_1_P_2_beta_0.001_u_0.001_v_0.001_p_0.75_ϵ_1.0_gens_20000000_210210-111347.393
      From worker 5:	replicate complete, ran 20000000 generations:
      From worker 5:	
      From worker 5:		num_imitating:			14873952
      From worker 5:		num_not_imitating:		5126048
      From worker 5:		num_strategies_changed:  	451186
      From worker 5:			num_random_strategies: 	15123
      From worker 5:		num_sets_changed: 		411593
      From worker 5:			num_random_opinions: 	7428
      From worker 5:			num_biased_opinions: 	7458
      From worker 5:		num_both_changed: 		24759
      From worker 5:	
      From worker 5:	data processed and exported
      From worker 5:	
      From worker 5:	starting b_1.0_c_0.2_N_40_M_2_K_1_P_2_beta_0.001_u_0.001_v_0.001_p_0.75_ϵ_1.0_gens_20000000_210210-111347.393
      From worker 13:	replicate complete, ran 20000000 generations:
      From worker 13:	
      From worker 13:		num_imitating:			17433905
      From worker 13:		num_not_imitating:		2566095
      From worker 13:		num_strategies_changed:  	502872
      From worker 13:			num_random_strategies: 	17433
      From worker 13:		num_sets_changed: 		10812775
      From worker 13:			num_random_opinions: 	1307405
      From worker 13:			num_biased_opinions: 	435192
      From worker 13:		num_both_changed: 		360460
      From worker 13:	
      From worker 14:	replicate complete, ran 20000000 generations:
      From worker 14:	
      From worker 14:		num_imitating:			17437032
      From worker 14:		num_not_imitating:		2562968
      From worker 14:		num_strategies_changed:  	509714
      From worker 14:			num_random_strategies: 	17347
      From worker 14:		num_sets_changed: 		10841318
      From worker 14:			num_random_opinions: 	1309239
      From worker 14:			num_biased_opinions: 	435294
      From worker 14:		num_both_changed: 		367196
      From worker 14:	
      From worker 13:	data processed and exported
      From worker 14:	data processed and exported
      From worker 13:	
      From worker 13:	starting b_1.0_c_0.2_N_40_M_2_K_1_P_2_beta_0.001_u_0.001_v_0.1_p_0.5_ϵ_1.0_gens_20000000_210210-111347.393
      From worker 14:	
      From worker 14:	starting b_1.0_c_0.2_N_40_M_2_K_1_P_2_beta_0.001_u_0.001_v_0.1_p_0.5_ϵ_1.0_gens_20000000_210210-111347.393
      From worker 12:	replicate complete, ran 20000000 generations:
      From worker 12:	
      From worker 12:		num_imitating:			17435120
      From worker 12:		num_not_imitating:		2564880
      From worker 12:		num_strategies_changed:  	516718
      From worker 12:			num_random_strategies: 	17557
      From worker 12:		num_sets_changed: 		10822631
      From worker 12:			num_random_opinions: 	1309403
      From worker 12:			num_biased_opinions: 	437376
      From worker 12:		num_both_changed: 		368613
      From worker 12:	
      From worker 12:	data processed and exported
      From worker 16:	replicate complete, ran 20000000 generations:
      From worker 16:	
      From worker 16:		num_imitating:			17436117
      From worker 16:		num_not_imitating:		2563883
      From worker 16:		num_strategies_changed:  	508235
      From worker 16:			num_random_strategies: 	17647
      From worker 16:		num_sets_changed: 		10820480
      From worker 16:			num_random_opinions: 	1308701
      From worker 16:			num_biased_opinions: 	436603
      From worker 16:		num_both_changed: 		362876
      From worker 16:	
      From worker 12:	
      From worker 12:	starting b_1.0_c_0.2_N_40_M_2_K_1_P_2_beta_0.001_u_0.001_v_0.1_p_0.5_ϵ_1.0_gens_20000000_210210-111347.393
      From worker 16:	data processed and exported
      From worker 16:	
      From worker 16:	starting b_1.0_c_0.2_N_40_M_2_K_1_P_2_beta_0.001_u_0.001_v_0.1_p_0.5_ϵ_1.0_gens_20000000_210210-111347.393
      From worker 15:	replicate complete, ran 20000000 generations:
      From worker 15:	
      From worker 15:		num_imitating:			17436580
      From worker 15:		num_not_imitating:		2563420
      From worker 15:		num_strategies_changed:  	499574
      From worker 15:			num_random_strategies: 	17370
      From worker 15:		num_sets_changed: 		10817764
      From worker 15:			num_random_opinions: 	1305452
      From worker 15:			num_biased_opinions: 	436072
      From worker 15:		num_both_changed: 		357820
      From worker 15:	
      From worker 15:	data processed and exported
      From worker 15:	
      From worker 15:	starting b_1.0_c_0.2_N_40_M_2_K_1_P_2_beta_0.001_u_0.001_v_0.1_p_0.5_ϵ_1.0_gens_20000000_210210-111347.393
      From worker 4:	replicate complete, ran 20000000 generations:
      From worker 4:	
      From worker 4:		num_imitating:			12309561
      From worker 4:		num_not_imitating:		7690439
      From worker 4:		num_strategies_changed:  	346236
      From worker 4:			num_random_strategies: 	12453
      From worker 4:		num_sets_changed: 		321814
      From worker 4:			num_random_opinions: 	3050
      From worker 4:			num_biased_opinions: 	9374
      From worker 4:		num_both_changed: 		12722
      From worker 4:	
      From worker 4:	data processed and exported
      From worker 4:	
      From worker 4:	starting b_1.0_c_0.2_N_40_M_2_K_1_P_2_beta_0.001_u_0.001_v_0.001_p_1.0_ϵ_1.0_gens_20000000_210210-111347.393
      From worker 3:	replicate complete, ran 20000000 generations:
      From worker 3:	
      From worker 3:		num_imitating:			12306430
      From worker 3:		num_not_imitating:		7693570
      From worker 3:		num_strategies_changed:  	356124
      From worker 3:			num_random_strategies: 	12555
      From worker 3:		num_sets_changed: 		345611
      From worker 3:			num_random_opinions: 	3054
      From worker 3:			num_biased_opinions: 	9340
      From worker 3:		num_both_changed: 		26465
      From worker 3:	
      From worker 3:	data processed and exported
      From worker 3:	
      From worker 3:	starting b_1.0_c_0.2_N_40_M_2_K_1_P_2_beta_0.001_u_0.001_v_0.001_p_1.0_ϵ_1.0_gens_20000000_210210-111347.393
      From worker 2:	replicate complete, ran 20000000 generations:
      From worker 2:	
      From worker 2:		num_imitating:			12307360
      From worker 2:		num_not_imitating:		7692640
      From worker 2:		num_strategies_changed:  	355249
      From worker 2:			num_random_strategies: 	12242
      From worker 2:		num_sets_changed: 		365230
      From worker 2:			num_random_opinions: 	3057
      From worker 2:			num_biased_opinions: 	9356
      From worker 2:		num_both_changed: 		19560
      From worker 2:	
      From worker 2:	data processed and exported
      From worker 2:	
      From worker 2:	starting b_1.0_c_0.2_N_40_M_2_K_1_P_2_beta_0.001_u_0.001_v_0.001_p_1.0_ϵ_1.0_gens_20000000_210210-111347.393
      From worker 6:	replicate complete, ran 20000000 generations:
      From worker 6:	
      From worker 6:		num_imitating:			12312747
      From worker 6:		num_not_imitating:		7687253
      From worker 6:		num_strategies_changed:  	357453
      From worker 6:			num_random_strategies: 	12266
      From worker 6:		num_sets_changed: 		350731
      From worker 6:			num_random_opinions: 	3054
      From worker 6:			num_biased_opinions: 	9222
      From worker 6:		num_both_changed: 		23295
      From worker 6:	
      From worker 6:	data processed and exported
      From worker 6:	
      From worker 6:	starting b_1.0_c_0.2_N_40_M_2_K_1_P_2_beta_0.001_u_0.001_v_0.001_p_1.0_ϵ_1.0_gens_20000000_210210-111347.393
      From worker 5:	replicate complete, ran 20000000 generations:
      From worker 5:	
      From worker 5:		num_imitating:			12304250
      From worker 5:		num_not_imitating:		7695750
