packages loaded
      From worker 6:	 Activating environment at `/tigress/mk28/CooperationPolarization2/Project.toml`
      From worker 5:	 Activating environment at `/tigress/mk28/CooperationPolarization2/Project.toml`
      From worker 3:	 Activating environment at `/tigress/mk28/CooperationPolarization2/Project.toml`
      From worker 2:	 Activating environment at `/tigress/mk28/CooperationPolarization2/Project.toml`
      From worker 11:	 Activating environment at `/tigress/mk28/CooperationPolarization2/Project.toml`
      From worker 14:	 Activating environment at `/tigress/mk28/CooperationPolarization2/Project.toml`
      From worker 13:	 Activating environment at `/tigress/mk28/CooperationPolarization2/Project.toml`
      From worker 9:	 Activating environment at `/tigress/mk28/CooperationPolarization2/Project.toml`
      From worker 12:	 Activating environment at `/tigress/mk28/CooperationPolarization2/Project.toml`
      From worker 8:	 Activating environment at `/tigress/mk28/CooperationPolarization2/Project.toml`
      From worker 10:	 Activating environment at `/tigress/mk28/CooperationPolarization2/Project.toml`
      From worker 15:	 Activating environment at `/tigress/mk28/CooperationPolarization2/Project.toml`
      From worker 16:	 Activating environment at `/tigress/mk28/CooperationPolarization2/Project.toml`
      From worker 7:	 Activating environment at `/tigress/mk28/CooperationPolarization2/Project.toml`
      From worker 4:	 Activating environment at `/tigress/mk28/CooperationPolarization2/Project.toml`
      From worker 10:	packages loaded
      From worker 12:	packages loaded
      From worker 14:	packages loaded
      From worker 15:	packages loaded
      From worker 9:	packages loaded
      From worker 2:	packages loaded
      From worker 13:	packages loaded
      From worker 11:	packages loaded
      From worker 7:	packages loaded
      From worker 8:	packages loaded
      From worker 5:	packages loaded
      From worker 16:	packages loaded
      From worker 3:	packages loaded
      From worker 4:	packages loaded
      From worker 6:	packages loaded
parameters defined
      From worker 4:	
      From worker 4:	starting b_1.0_c_0.2_N_40_M_3_K_3_P_2_beta_0.001_u_0.001_v_0.0022360679774997894_p_0.5_ϵ_1.0_gens_20000000_210222-135108.711
      From worker 9:	
      From worker 9:	starting b_1.0_c_0.2_N_40_M_3_K_3_P_2_beta_0.001_u_0.001_v_0.025_p_0.5_ϵ_1.0_gens_20000000_210222-135108.711
      From worker 12:	
      From worker 12:	starting b_1.0_c_0.2_N_40_M_3_K_3_P_2_beta_0.001_u_0.001_v_0.125_p_0.0_ϵ_1.0_gens_20000000_210222-135108.711
      From worker 8:	
      From worker 8:	starting b_1.0_c_0.2_N_40_M_3_K_3_P_2_beta_0.001_u_0.001_v_0.011180339887498947_p_0.25_ϵ_1.0_gens_20000000_210222-135108.711
      From worker 5:	
      From worker 5:	starting b_1.0_c_0.2_N_40_M_3_K_3_P_2_beta_0.001_u_0.001_v_0.0022360679774997894_p_0.75_ϵ_1.0_gens_20000000_210222-135108.711
      From worker 7:	
      From worker 7:	starting b_1.0_c_0.2_N_40_M_3_K_3_P_2_beta_0.001_u_0.001_v_0.011180339887498947_p_0.0_ϵ_1.0_gens_20000000_210222-135108.711
      From worker 13:	
      From worker 13:	starting b_1.0_c_0.2_N_40_M_3_K_3_P_2_beta_0.001_u_0.001_v_0.125_p_0.25_ϵ_1.0_gens_20000000_210222-135108.711
      From worker 2:	
      From worker 2:	starting b_1.0_c_0.2_N_40_M_3_K_3_P_2_beta_0.001_u_0.001_v_0.001_p_0.0_ϵ_1.0_gens_20000000_210222-135108.711
      From worker 3:	
      From worker 3:	starting b_1.0_c_0.2_N_40_M_3_K_3_P_2_beta_0.001_u_0.001_v_0.001_p_0.25_ϵ_1.0_gens_20000000_210222-135108.711
      From worker 11:	
      From worker 11:	starting b_1.0_c_0.2_N_40_M_3_K_3_P_2_beta_0.001_u_0.001_v_0.055901699437494755_p_1.0_ϵ_1.0_gens_20000000_210222-135108.711
      From worker 10:	
      From worker 10:	starting b_1.0_c_0.2_N_40_M_3_K_3_P_2_beta_0.001_u_0.001_v_0.025_p_0.75_ϵ_1.0_gens_20000000_210222-135108.711
      From worker 16:	
      From worker 16:	starting b_1.0_c_0.2_N_40_M_3_K_3_P_2_beta_0.001_u_0.001_v_0.625_p_1.0_ϵ_1.0_gens_20000000_210222-135108.711
      From worker 15:	
      From worker 15:	starting b_1.0_c_0.2_N_40_M_3_K_3_P_2_beta_0.001_u_0.001_v_0.2795084971874737_p_0.75_ϵ_1.0_gens_20000000_210222-135108.711
      From worker 14:	
      From worker 14:	starting b_1.0_c_0.2_N_40_M_3_K_3_P_2_beta_0.001_u_0.001_v_0.2795084971874737_p_0.5_ϵ_1.0_gens_20000000_210222-135108.711
      From worker 6:	
      From worker 6:	starting b_1.0_c_0.2_N_40_M_3_K_3_P_2_beta_0.001_u_0.001_v_0.005_p_1.0_ϵ_1.0_gens_20000000_210222-135108.711
      From worker 16:	replicate complete, ran 20000000 generations:
      From worker 16:	
      From worker 16:		num_imitating:			9995953
      From worker 16:		num_not_imitating:		10004047
      From worker 16:		num_strategies_changed:  	147527
      From worker 16:			num_random_strategies: 	10022
      From worker 16:		num_sets_changed: 		0
      From worker 16:			num_random_opinions: 	0
      From worker 16:			num_biased_opinions: 	6246262
      From worker 16:		num_both_changed: 		0
      From worker 16:	
      From worker 16:	data processed and exported
      From worker 11:	replicate complete, ran 20000000 generations:
      From worker 11:	
      From worker 11:		num_imitating:			9999990
      From worker 11:		num_not_imitating:		10000010
      From worker 11:		num_strategies_changed:  	147719
      From worker 11:			num_random_strategies: 	9914
      From worker 11:		num_sets_changed: 		0
      From worker 11:			num_random_opinions: 	0
      From worker 11:			num_biased_opinions: 	559896
      From worker 11:		num_both_changed: 		0
      From worker 11:	
      From worker 16:	
      From worker 16:	starting b_1.0_c_0.2_N_40_M_3_K_3_P_2_beta_0.001_u_0.001_v_0.625_p_0.0_ϵ_1.0_gens_20000000_210222-135108.711
      From worker 6:	replicate complete, ran 20000000 generations:
      From worker 6:	
      From worker 6:		num_imitating:			9998172
      From worker 6:		num_not_imitating:		10001828
      From worker 6:		num_strategies_changed:  	150487
      From worker 6:			num_random_strategies: 	10023
      From worker 6:		num_sets_changed: 		0
      From worker 6:			num_random_opinions: 	0
      From worker 6:			num_biased_opinions: 	49758
      From worker 6:		num_both_changed: 		0
      From worker 6:	
      From worker 11:	data processed and exported
      From worker 11:	
      From worker 11:	starting b_1.0_c_0.2_N_40_M_3_K_3_P_2_beta_0.001_u_0.001_v_0.055901699437494755_p_0.0_ϵ_1.0_gens_20000000_210222-135108.711
      From worker 6:	data processed and exported
      From worker 6:	
      From worker 6:	starting b_1.0_c_0.2_N_40_M_3_K_3_P_2_beta_0.001_u_0.001_v_0.005_p_0.0_ϵ_1.0_gens_20000000_210222-135108.711
      From worker 3:	replicate complete, ran 20000000 generations:
      From worker 3:	
      From worker 3:		num_imitating:			17500296
      From worker 3:		num_not_imitating:		2499704
      From worker 3:		num_strategies_changed:  	476925
      From worker 3:			num_random_strategies: 	17375
      From worker 3:		num_sets_changed: 		623523
      From worker 3:			num_random_opinions: 	13169
      From worker 3:			num_biased_opinions: 	4425
      From worker 3:		num_both_changed: 		35309
      From worker 3:	
      From worker 2:	replicate complete, ran 20000000 generations:
      From worker 2:	
      From worker 2:		num_imitating:			20000000
      From worker 2:		num_not_imitating:		0
      From worker 2:		num_strategies_changed:  	548156
      From worker 2:			num_random_strategies: 	20085
      From worker 2:		num_sets_changed: 		710561
      From worker 2:			num_random_opinions: 	19788
      From worker 2:			num_biased_opinions: 	0
      From worker 2:		num_both_changed: 		33803
      From worker 2:	
      From worker 3:	data processed and exported
      From worker 3:	
      From worker 3:	starting b_1.0_c_0.2_N_40_M_3_K_3_P_2_beta_0.001_u_0.001_v_0.001_p_0.5_ϵ_1.0_gens_20000000_210222-135108.711
      From worker 2:	data processed and exported
      From worker 2:	
      From worker 2:	starting b_1.0_c_0.2_N_40_M_3_K_3_P_2_beta_0.001_u_0.001_v_0.001_p_0.25_ϵ_1.0_gens_20000000_210222-135108.711
      From worker 5:	replicate complete, ran 20000000 generations:
      From worker 5:	
      From worker 5:		num_imitating:			12497635
      From worker 5:		num_not_imitating:		7502365
      From worker 5:		num_strategies_changed:  	350263
      From worker 5:			num_random_strategies: 	12417
      From worker 5:		num_sets_changed: 		781217
      From worker 5:			num_random_opinions: 	6967
      From worker 5:			num_biased_opinions: 	20915
      From worker 5:		num_both_changed: 		44179
      From worker 5:	
      From worker 5:	data processed and exported
      From worker 5:	
      From worker 5:	starting b_1.0_c_0.2_N_40_M_3_K_3_P_2_beta_0.001_u_0.001_v_0.0022360679774997894_p_1.0_ϵ_1.0_gens_20000000_210222-135108.711
      From worker 4:	replicate complete, ran 20000000 generations:
      From worker 4:	
      From worker 4:		num_imitating:			14999661
      From worker 4:		num_not_imitating:		5000339
      From worker 4:		num_strategies_changed:  	406858
      From worker 4:			num_random_strategies: 	15049
      From worker 4:		num_sets_changed: 		992086
      From worker 4:			num_random_opinions: 	16874
      From worker 4:			num_biased_opinions: 	16878
      From worker 4:		num_both_changed: 		50645
      From worker 4:	
      From worker 4:	data processed and exported
      From worker 4:	
      From worker 4:	starting b_1.0_c_0.2_N_40_M_3_K_3_P_2_beta_0.001_u_0.001_v_0.0022360679774997894_p_0.75_ϵ_1.0_gens_20000000_210222-135108.711
      From worker 10:	replicate complete, ran 20000000 generations:
      From worker 10:	
      From worker 10:		num_imitating:			12499258
      From worker 10:		num_not_imitating:		7500742
      From worker 10:		num_strategies_changed:  	342293
      From worker 10:			num_random_strategies: 	12359
      From worker 10:		num_sets_changed: 		4074943
      From worker 10:			num_random_opinions: 	78459
      From worker 10:			num_biased_opinions: 	234424
      From worker 10:		num_both_changed: 		172754
      From worker 10:	
      From worker 10:	data processed and exported
      From worker 10:	
      From worker 10:	starting b_1.0_c_0.2_N_40_M_3_K_3_P_2_beta_0.001_u_0.001_v_0.025_p_1.0_ϵ_1.0_gens_20000000_210222-135108.711
      From worker 8:	replicate complete, ran 20000000 generations:
      From worker 8:	
      From worker 8:		num_imitating:			17502139
      From worker 8:		num_not_imitating:		2497861
      From worker 8:		num_strategies_changed:  	483721
      From worker 8:			num_random_strategies: 	17169
      From worker 8:		num_sets_changed: 		4658654
      From worker 8:			num_random_opinions: 	147180
      From worker 8:			num_biased_opinions: 	48314
      From worker 8:		num_both_changed: 		206464
      From worker 8:	
      From worker 8:	data processed and exported
      From worker 8:	
      From worker 8:	starting b_1.0_c_0.2_N_40_M_3_K_3_P_2_beta_0.001_u_0.001_v_0.011180339887498947_p_0.5_ϵ_1.0_gens_20000000_210222-135108.711
      From worker 7:	replicate complete, ran 20000000 generations:
      From worker 7:	
      From worker 7:		num_imitating:			20000000
      From worker 7:		num_not_imitating:		0
      From worker 7:		num_strategies_changed:  	581021
      From worker 7:			num_random_strategies: 	19916
      From worker 7:		num_sets_changed: 		5523075
      From worker 7:			num_random_opinions: 	223362
      From worker 7:			num_biased_opinions: 	0
      From worker 7:		num_both_changed: 		263188
      From worker 7:	
      From worker 7:	data processed and exported
      From worker 7:	
      From worker 7:	starting b_1.0_c_0.2_N_40_M_3_K_3_P_2_beta_0.001_u_0.001_v_0.011180339887498947_p_0.25_ϵ_1.0_gens_20000000_210222-135108.711
      From worker 9:	replicate complete, ran 20000000 generations:
      From worker 9:	
      From worker 9:		num_imitating:			15002904
      From worker 9:		num_not_imitating:		4997096
      From worker 9:		num_strategies_changed:  	428565
      From worker 9:			num_random_strategies: 	15058
      From worker 9:		num_sets_changed: 		5816487
      From worker 9:			num_random_opinions: 	186918
      From worker 9:			num_biased_opinions: 	187917
      From worker 9:		num_both_changed: 		241206
      From worker 9:	
      From worker 9:	data processed and exported
      From worker 9:	
      From worker 9:	starting b_1.0_c_0.2_N_40_M_3_K_3_P_2_beta_0.001_u_0.001_v_0.025_p_0.75_ϵ_1.0_gens_20000000_210222-135108.711
      From worker 5:	replicate complete, ran 20000000 generations:
      From worker 5:	
      From worker 5:		num_imitating:			10001535
      From worker 5:		num_not_imitating:		9998465
      From worker 5:		num_strategies_changed:  	150715
      From worker 5:			num_random_strategies: 	9968
      From worker 5:		num_sets_changed: 		0
      From worker 5:			num_random_opinions: 	0
      From worker 5:			num_biased_opinions: 	22226
      From worker 5:		num_both_changed: 		0
      From worker 5:	
      From worker 5:	data processed and exported
      From worker 5:	
      From worker 5:	starting b_1.0_c_0.2_N_40_M_3_K_3_P_2_beta_0.001_u_0.001_v_0.005_p_0.0_ϵ_1.0_gens_20000000_210222-135108.711
      From worker 3:	replicate complete, ran 20000000 generations:
      From worker 3:	
      From worker 3:		num_imitating:			15002218
      From worker 3:		num_not_imitating:		4997782
      From worker 3:		num_strategies_changed:  	407824
      From worker 3:			num_random_strategies: 	14887
      From worker 3:		num_sets_changed: 		515926
      From worker 3:			num_random_opinions: 	7534
      From worker 3:			num_biased_opinions: 	7584
      From worker 3:		num_both_changed: 		26400
      From worker 3:	
      From worker 3:	data processed and exported
      From worker 3:	
      From worker 3:	starting b_1.0_c_0.2_N_40_M_3_K_3_P_2_beta_0.001_u_0.001_v_0.001_p_0.75_ϵ_1.0_gens_20000000_210222-135108.711
      From worker 2:	replicate complete, ran 20000000 generations:
      From worker 2:	
      From worker 2:		num_imitating:			17499663
      From worker 2:		num_not_imitating:		2500337
      From worker 2:		num_strategies_changed:  	475659
      From worker 2:			num_random_strategies: 	17443
      From worker 2:		num_sets_changed: 		609603
      From worker 2:			num_random_opinions: 	13191
      From worker 2:			num_biased_opinions: 	4371
      From worker 2:		num_both_changed: 		29490
      From worker 2:	
      From worker 2:	data processed and exported
      From worker 2:	
      From worker 2:	starting b_1.0_c_0.2_N_40_M_3_K_3_P_2_beta_0.001_u_0.001_v_0.001_p_0.5_ϵ_1.0_gens_20000000_210222-135108.711
      From worker 15:	replicate complete, ran 20000000 generations:
      From worker 15:	
      From worker 15:		num_imitating:			12499253
      From worker 15:		num_not_imitating:		7500747
      From worker 15:		num_strategies_changed:  	366574
      From worker 15:			num_random_strategies: 	12298
      From worker 15:		num_sets_changed: 		6871125
      From worker 15:			num_random_opinions: 	873156
      From worker 15:			num_biased_opinions: 	2624032
      From worker 15:		num_both_changed: 		220871
      From worker 15:	
      From worker 15:	data processed and exported
      From worker 15:	
      From worker 15:	starting b_1.0_c_0.2_N_40_M_3_K_3_P_2_beta_0.001_u_0.001_v_0.2795084971874737_p_1.0_ϵ_1.0_gens_20000000_210222-135108.711
      From worker 4:	replicate complete, ran 20000000 generations:
      From worker 4:	
      From worker 4:		num_imitating:			12500558
      From worker 4:		num_not_imitating:		7499442
      From worker 4:		num_strategies_changed:  	299770
      From worker 4:			num_random_strategies: 	12444
      From worker 4:		num_sets_changed: 		770009
      From worker 4:			num_random_opinions: 	6964
      From worker 4:			num_biased_opinions: 	21326
      From worker 4:		num_both_changed: 		32840
      From worker 4:	
      From worker 4:	data processed and exported
      From worker 4:	
      From worker 4:	starting b_1.0_c_0.2_N_40_M_3_K_3_P_2_beta_0.001_u_0.001_v_0.0022360679774997894_p_1.0_ϵ_1.0_gens_20000000_210222-135108.711
      From worker 6:	replicate complete, ran 20000000 generations:
      From worker 6:	
      From worker 6:		num_imitating:			20000000
      From worker 6:		num_not_imitating:		0
      From worker 6:		num_strategies_changed:  	552563
      From worker 6:			num_random_strategies: 	19940
      From worker 6:		num_sets_changed: 		2992327
      From worker 6:			num_random_opinions: 	99707
      From worker 6:			num_biased_opinions: 	0
      From worker 6:		num_both_changed: 		141166
      From worker 6:	
      From worker 6:	data processed and exported
      From worker 6:	
      From worker 6:	starting b_1.0_c_0.2_N_40_M_3_K_3_P_2_beta_0.001_u_0.001_v_0.005_p_0.25_ϵ_1.0_gens_20000000_210222-135108.711
      From worker 10:	replicate complete, ran 20000000 generations:
      From worker 10:	
      From worker 10:		num_imitating:			10000283
      From worker 10:		num_not_imitating:		9999717
      From worker 10:		num_strategies_changed:  	148078
      From worker 10:			num_random_strategies: 	10178
      From worker 10:		num_sets_changed: 		0
      From worker 10:			num_random_opinions: 	0
      From worker 10:			num_biased_opinions: 	250286
      From worker 10:		num_both_changed: 		0
      From worker 10:	
      From worker 10:	data processed and exported
      From worker 10:	
      From worker 10:	starting b_1.0_c_0.2_N_40_M_3_K_3_P_2_beta_0.001_u_0.001_v_0.055901699437494755_p_0.0_ϵ_1.0_gens_20000000_210222-135108.711
      From worker 14:	replicate complete, ran 20000000 generations:
      From worker 14:	
      From worker 14:		num_imitating:			14999615
      From worker 14:		num_not_imitating:		5000385
      From worker 14:		num_strategies_changed:  	415368
      From worker 14:			num_random_strategies: 	15070
      From worker 14:		num_sets_changed: 		10682982
      From worker 14:			num_random_opinions: 	2096217
      From worker 14:			num_biased_opinions: 	2097363
      From worker 14:		num_both_changed: 		317089
      From worker 14:	
      From worker 14:	data processed and exported
      From worker 14:	
      From worker 14:	starting b_1.0_c_0.2_N_40_M_3_K_3_P_2_beta_0.001_u_0.001_v_0.2795084971874737_p_0.75_ϵ_1.0_gens_20000000_210222-135108.711
      From worker 15:	replicate complete, ran 20000000 generations:
      From worker 15:	
      From worker 15:		num_imitating:			9999586
      From worker 15:		num_not_imitating:		10000414
      From worker 15:		num_strategies_changed:  	148294
      From worker 15:			num_random_strategies: 	10177
      From worker 15:		num_sets_changed: 		0
      From worker 15:			num_random_opinions: 	0
      From worker 15:			num_biased_opinions: 	2793506
      From worker 15:		num_both_changed: 		0
      From worker 15:	
      From worker 15:	data processed and exported
      From worker 15:	
      From worker 15:	starting b_1.0_c_0.2_N_40_M_3_K_3_P_2_beta_0.001_u_0.001_v_0.625_p_0.0_ϵ_1.0_gens_20000000_210222-135108.711
      From worker 3:	replicate complete, ran 20000000 generations:
      From worker 3:	
      From worker 3:		num_imitating:			12502162
      From worker 3:		num_not_imitating:		7497838
      From worker 3:		num_strategies_changed:  	331792
      From worker 3:			num_random_strategies: 	12523
      From worker 3:		num_sets_changed: 		360069
      From worker 3:			num_random_opinions: 	3131
      From worker 3:			num_biased_opinions: 	9532
      From worker 3:		num_both_changed: 		17207
      From worker 3:	
      From worker 3:	data processed and exported
      From worker 3:	
      From worker 3:	starting b_1.0_c_0.2_N_40_M_3_K_3_P_2_beta_0.001_u_0.001_v_0.001_p_1.0_ϵ_1.0_gens_20000000_210222-135108.711
      From worker 13:	replicate complete, ran 20000000 generations:
      From worker 13:	
      From worker 13:		num_imitating:			17499926
      From worker 13:		num_not_imitating:		2500074
      From worker 13:		num_strategies_changed:  	474777
      From worker 13:			num_random_strategies: 	17281
      From worker 13:		num_sets_changed: 		12618463
      From worker 13:			num_random_opinions: 	1640001
      From worker 13:			num_biased_opinions: 	546975
      From worker 13:		num_both_changed: 		392156
      From worker 13:	
      From worker 13:	data processed and exported
      From worker 4:	replicate complete, ran 20000000 generations:
      From worker 4:	
      From worker 4:		num_imitating:			9995425
      From worker 4:		num_not_imitating:		10004575
      From worker 4:		num_strategies_changed:  	146410
      From worker 4:			num_random_strategies: 	9987
      From worker 4:		num_sets_changed: 		0
      From worker 4:			num_random_opinions: 	0
      From worker 4:			num_biased_opinions: 	22537
      From worker 4:		num_both_changed: 		0
      From worker 4:	
      From worker 13:	
      From worker 13:	starting b_1.0_c_0.2_N_40_M_3_K_3_P_2_beta_0.001_u_0.001_v_0.125_p_0.5_ϵ_1.0_gens_20000000_210222-135108.711
      From worker 2:	replicate complete, ran 20000000 generations:
      From worker 2:	
      From worker 2:		num_imitating:			14996563
      From worker 2:		num_not_imitating:		5003437
      From worker 2:		num_strategies_changed:  	397949
      From worker 2:			num_random_strategies: 	14951
      From worker 2:		num_sets_changed: 		474942
      From worker 2:			num_random_opinions: 	7602
      From worker 2:			num_biased_opinions: 	7480
      From worker 2:		num_both_changed: 		21798
      From worker 2:	
      From worker 4:	data processed and exported
      From worker 2:	data processed and exported
      From worker 4:	
      From worker 4:	starting b_1.0_c_0.2_N_40_M_3_K_3_P_2_beta_0.001_u_0.001_v_0.0022360679774997894_p_0.0_ϵ_1.0_gens_20000000_210222-135108.711
      From worker 2:	
      From worker 2:	starting b_1.0_c_0.2_N_40_M_3_K_3_P_2_beta_0.001_u_0.001_v_0.001_p_0.75_ϵ_1.0_gens_20000000_210222-135108.711
      From worker 8:	replicate complete, ran 20000000 generations:
      From worker 8:	
      From worker 8:		num_imitating:			15001251
      From worker 8:		num_not_imitating:		4998749
      From worker 8:		num_strategies_changed:  	418665
      From worker 8:			num_random_strategies: 	14904
      From worker 8:		num_sets_changed: 		3642942
      From worker 8:			num_random_opinions: 	84145
      From worker 8:			num_biased_opinions: 	83485
      From worker 8:		num_both_changed: 		166668
      From worker 8:	
      From worker 8:	data processed and exported
      From worker 8:	
      From worker 8:	starting b_1.0_c_0.2_N_40_M_3_K_3_P_2_beta_0.001_u_0.001_v_0.011180339887498947_p_0.75_ϵ_1.0_gens_20000000_210222-135108.711
      From worker 5:	replicate complete, ran 20000000 generations:
      From worker 5:	
      From worker 5:		num_imitating:			20000000
      From worker 5:		num_not_imitating:		0
      From worker 5:		num_strategies_changed:  	563626
      From worker 5:			num_random_strategies: 	20101
      From worker 5:		num_sets_changed: 		3008296
      From worker 5:			num_random_opinions: 	100270
      From worker 5:			num_biased_opinions: 	0
      From worker 5:		num_both_changed: 		144185
      From worker 5:	
      From worker 5:	data processed and exported
      From worker 5:	
      From worker 5:	starting b_1.0_c_0.2_N_40_M_3_K_3_P_2_beta_0.001_u_0.001_v_0.005_p_0.25_ϵ_1.0_gens_20000000_210222-135108.711
      From worker 12:	replicate complete, ran 20000000 generations:
      From worker 12:	
      From worker 12:		num_imitating:			20000000
      From worker 12:		num_not_imitating:		0
      From worker 12:		num_strategies_changed:  	548329
      From worker 12:			num_random_strategies: 	19946
      From worker 12:		num_sets_changed: 		14887441
      From worker 12:			num_random_opinions: 	2502334
      From worker 12:			num_biased_opinions: 	0
      From worker 12:		num_both_changed: 		465979
      From worker 12:	
      From worker 12:	data processed and exported
      From worker 12:	
      From worker 12:	starting b_1.0_c_0.2_N_40_M_3_K_3_P_2_beta_0.001_u_0.001_v_0.125_p_0.25_ϵ_1.0_gens_20000000_210222-135108.711
      From worker 9:	replicate complete, ran 20000000 generations:
      From worker 9:	
      From worker 9:		num_imitating:			12504897
      From worker 9:		num_not_imitating:		7495103
      From worker 9:		num_strategies_changed:  	353858
      From worker 9:			num_random_strategies: 	12388
      From worker 9:		num_sets_changed: 		4017806
      From worker 9:			num_random_opinions: 	77912
      From worker 9:			num_biased_opinions: 	235024
      From worker 9:		num_both_changed: 		177584
      From worker 9:	
      From worker 9:	data processed and exported
      From worker 9:	
      From worker 9:	starting b_1.0_c_0.2_N_40_M_3_K_3_P_2_beta_0.001_u_0.001_v_0.025_p_1.0_ϵ_1.0_gens_20000000_210222-135108.711
      From worker 7:	replicate complete, ran 20000000 generations:
      From worker 7:	
      From worker 7:		num_imitating:			17499686
      From worker 7:		num_not_imitating:		2500314
      From worker 7:		num_strategies_changed:  	450831
      From worker 7:			num_random_strategies: 	17149
      From worker 7:		num_sets_changed: 		4696381
      From worker 7:			num_random_opinions: 	146645
      From worker 7:			num_biased_opinions: 	48919
      From worker 7:		num_both_changed: 		190460
      From worker 7:	
      From worker 7:	data processed and exported
      From worker 7:	
      From worker 7:	starting b_1.0_c_0.2_N_40_M_3_K_3_P_2_beta_0.001_u_0.001_v_0.011180339887498947_p_0.5_ϵ_1.0_gens_20000000_210222-135108.711
      From worker 6:	replicate complete, ran 20000000 generations:
      From worker 6:	
      From worker 6:		num_imitating:			17499797
      From worker 6:		num_not_imitating:		2500203
      From worker 6:		num_strategies_changed:  	492535
      From worker 6:			num_random_strategies: 	17351
      From worker 6:		num_sets_changed: 		2573965
      From worker 6:			num_random_opinions: 	65578
      From worker 6:			num_biased_opinions: 	21821
      From worker 6:		num_both_changed: 		130790
      From worker 6:	
      From worker 6:	data processed and exported
      From worker 6:	
      From worker 6:	starting b_1.0_c_0.2_N_40_M_3_K_3_P_2_beta_0.001_u_0.001_v_0.005_p_0.5_ϵ_1.0_gens_20000000_210222-135108.711
      From worker 11:	replicate complete, ran 20000000 generations:
      From worker 11:	
      From worker 11:		num_imitating:			20000000
      From worker 11:		num_not_imitating:		0
      From worker 11:		num_strategies_changed:  	595219
      From worker 11:			num_random_strategies: 	20245
      From worker 11:		num_sets_changed: 		12266610
      From worker 11:			num_random_opinions: 	1118396
      From worker 11:			num_biased_opinions: 	0
      From worker 11:		num_both_changed: 		468125
      From worker 11:	
      From worker 11:	data processed and exported
      From worker 11:	
      From worker 11:	starting b_1.0_c_0.2_N_40_M_3_K_3_P_2_beta_0.001_u_0.001_v_0.055901699437494755_p_0.25_ϵ_1.0_gens_20000000_210222-135108.711
      From worker 3:	replicate complete, ran 20000000 generations:
      From worker 3:	
      From worker 3:		num_imitating:			10001099
      From worker 3:		num_not_imitating:		9998901
      From worker 3:		num_strategies_changed:  	142917
      From worker 3:			num_random_strategies: 	10050
      From worker 3:		num_sets_changed: 		0
      From worker 3:			num_random_opinions: 	0
      From worker 3:			num_biased_opinions: 	10102
      From worker 3:		num_both_changed: 		0
      From worker 3:	
      From worker 3:	data processed and exported
      From worker 3:	
      From worker 3:	starting b_1.0_c_0.2_N_40_M_3_K_3_P_2_beta_0.001_u_0.001_v_0.0022360679774997894_p_0.0_ϵ_1.0_gens_20000000_210222-135108.711
      From worker 2:	replicate complete, ran 20000000 generations:
      From worker 2:	
      From worker 2:		num_imitating:			12504423
      From worker 2:		num_not_imitating:		7495577
      From worker 2:		num_strategies_changed:  	338681
      From worker 2:			num_random_strategies: 	12305
      From worker 2:		num_sets_changed: 		339951
      From worker 2:			num_random_opinions: 	3167
      From worker 2:			num_biased_opinions: 	9536
      From worker 2:		num_both_changed: 		17419
      From worker 2:	
      From worker 2:	data processed and exported
      From worker 2:	
      From worker 2:	starting b_1.0_c_0.2_N_40_M_3_K_3_P_2_beta_0.001_u_0.001_v_0.001_p_1.0_ϵ_1.0_gens_20000000_210222-135108.711
      From worker 4:	replicate complete, ran 20000000 generations:
      From worker 4:	
      From worker 4:		num_imitating:			20000000
      From worker 4:		num_not_imitating:		0
      From worker 4:		num_strategies_changed:  	546337
      From worker 4:			num_random_strategies: 	20065
      From worker 4:		num_sets_changed: 		1510503
      From worker 4:			num_random_opinions: 	44096
      From worker 4:			num_biased_opinions: 	0
      From worker 4:		num_both_changed: 		63758
      From worker 4:	
      From worker 4:	data processed and exported
      From worker 4:	
      From worker 4:	starting b_1.0_c_0.2_N_40_M_3_K_3_P_2_beta_0.001_u_0.001_v_0.0022360679774997894_p_0.25_ϵ_1.0_gens_20000000_210222-135108.711
      From worker 9:	replicate complete, ran 20000000 generations:
      From worker 9:	
      From worker 9:		num_imitating:			10000684
      From worker 9:		num_not_imitating:		9999316
      From worker 9:		num_strategies_changed:  	141996
      From worker 9:			num_random_strategies: 	10042
      From worker 9:		num_sets_changed: 		0
      From worker 9:			num_random_opinions: 	0
      From worker 9:			num_biased_opinions: 	249849
      From worker 9:		num_both_changed: 		0
      From worker 9:	
      From worker 9:	data processed and exported
      From worker 9:	
      From worker 9:	starting b_1.0_c_0.2_N_40_M_3_K_3_P_2_beta_0.001_u_0.001_v_0.025_p_0.0_ϵ_1.0_gens_20000000_210222-135108.711
      From worker 8:	replicate complete, ran 20000000 generations:
      From worker 8:	
      From worker 8:		num_imitating:			12499395
      From worker 8:		num_not_imitating:		7500605
      From worker 8:		num_strategies_changed:  	335860
      From worker 8:			num_random_strategies: 	12418
      From worker 8:		num_sets_changed: 		2568088
      From worker 8:			num_random_opinions: 	35072
      From worker 8:			num_biased_opinions: 	104863
      From worker 8:		num_both_changed: 		118258
      From worker 8:	
      From worker 8:	data processed and exported
      From worker 8:	
      From worker 8:	starting b_1.0_c_0.2_N_40_M_3_K_3_P_2_beta_0.001_u_0.001_v_0.011180339887498947_p_1.0_ϵ_1.0_gens_20000000_210222-135108.711
      From worker 16:	replicate complete, ran 20000000 generations:
      From worker 16:	
      From worker 16:		num_imitating:			20000000
      From worker 16:		num_not_imitating:		0
      From worker 16:		num_strategies_changed:  	550155
      From worker 16:			num_random_strategies: 	20164
      From worker 16:		num_sets_changed: 		17243385
      From worker 16:			num_random_opinions: 	12498917
      From worker 16:			num_biased_opinions: 	0
      From worker 16:		num_both_changed: 		481374
      From worker 16:	
      From worker 16:	data processed and exported
      From worker 16:	
      From worker 16:	starting b_1.0_c_0.2_N_40_M_3_K_3_P_2_beta_0.001_u_0.001_v_0.625_p_0.25_ϵ_1.0_gens_20000000_210222-135108.711
      From worker 5:	replicate complete, ran 20000000 generations:
      From worker 5:	
      From worker 5:		num_imitating:			17497025
      From worker 5:		num_not_imitating:		2502975
      From worker 5:		num_strategies_changed:  	521960
      From worker 5:			num_random_strategies: 	17586
      From worker 5:		num_sets_changed: 		2570152
      From worker 5:			num_random_opinions: 	65073
      From worker 5:			num_biased_opinions: 	21793
      From worker 5:		num_both_changed: 		137734
      From worker 5:	
      From worker 5:	data processed and exported
      From worker 5:	
      From worker 5:	starting b_1.0_c_0.2_N_40_M_3_K_3_P_2_beta_0.001_u_0.001_v_0.005_p_0.5_ϵ_1.0_gens_20000000_210222-135108.711
      From worker 14:	replicate complete, ran 20000000 generations:
      From worker 14:	
      From worker 14:		num_imitating:			12498693
      From worker 14:		num_not_imitating:		7501307
      From worker 14:		num_strategies_changed:  	373751
      From worker 14:			num_random_strategies: 	12429
      From worker 14:		num_sets_changed: 		6881042
      From worker 14:			num_random_opinions: 	874682
      From worker 14:			num_biased_opinions: 	2620345
      From worker 14:		num_both_changed: 		226116
      From worker 14:	
      From worker 14:	data processed and exported
      From worker 14:	
