packages loaded
      From worker 6:	 Activating environment at `/tigress/mk28/CooperationPolarization2/Project.toml`
      From worker 5:	 Activating environment at `/tigress/mk28/CooperationPolarization2/Project.toml`
      From worker 3:	 Activating environment at `/tigress/mk28/CooperationPolarization2/Project.toml`
      From worker 2:	 Activating environment at `/tigress/mk28/CooperationPolarization2/Project.toml`
      From worker 4:	 Activating environment at `/tigress/mk28/CooperationPolarization2/Project.toml`
      From worker 13:	 Activating environment at `/tigress/mk28/CooperationPolarization2/Project.toml`
      From worker 15:	 Activating environment at `/tigress/mk28/CooperationPolarization2/Project.toml`
      From worker 14:	 Activating environment at `/tigress/mk28/CooperationPolarization2/Project.toml`
      From worker 8:	 Activating environment at `/tigress/mk28/CooperationPolarization2/Project.toml`
      From worker 7:	 Activating environment at `/tigress/mk28/CooperationPolarization2/Project.toml`
      From worker 12:	 Activating environment at `/tigress/mk28/CooperationPolarization2/Project.toml`
      From worker 16:	 Activating environment at `/tigress/mk28/CooperationPolarization2/Project.toml`
      From worker 9:	 Activating environment at `/tigress/mk28/CooperationPolarization2/Project.toml`
      From worker 11:	 Activating environment at `/tigress/mk28/CooperationPolarization2/Project.toml`
      From worker 10:	 Activating environment at `/tigress/mk28/CooperationPolarization2/Project.toml`
      From worker 9:	packages loaded
      From worker 2:	packages loaded
      From worker 5:	packages loaded
      From worker 3:	packages loaded
      From worker 4:	packages loaded
      From worker 6:	packages loaded
      From worker 11:	packages loaded
      From worker 8:	packages loaded
      From worker 13:	packages loaded
      From worker 12:	packages loaded
      From worker 15:	packages loaded
      From worker 14:	packages loaded
      From worker 7:	packages loaded
      From worker 16:	packages loaded
      From worker 10:	packages loaded
parameters defined
      From worker 9:	
      From worker 9:	starting b_1.0_c_0.2_N_40_M_2_K_1_P_2_beta_0.001_u_0.001_v_0.025_p_0.0_ϵ_1.0_gens_20000000_210215-193557.998
      From worker 16:	
      From worker 16:	starting b_1.0_c_0.2_N_40_M_2_K_1_P_2_beta_0.001_u_0.001_v_0.1_p_0.0_ϵ_1.0_gens_20000000_210215-193557.998
      From worker 11:	
      From worker 11:	starting b_1.0_c_0.2_N_40_M_2_K_1_P_2_beta_0.001_u_0.001_v_0.025_p_0.0_ϵ_1.0_gens_20000000_210215-193557.998
      From worker 3:	
      From worker 3:	starting b_1.0_c_0.2_N_40_M_2_K_1_P_2_beta_0.001_u_0.001_v_0.001_p_0.0_ϵ_1.0_gens_20000000_210215-193557.998
      From worker 8:	
      From worker 8:	starting b_1.0_c_0.2_N_40_M_2_K_1_P_2_beta_0.001_u_0.001_v_0.025_p_0.0_ϵ_1.0_gens_20000000_210215-193557.998
      From worker 13:	
      From worker 13:	starting b_1.0_c_0.2_N_40_M_2_K_1_P_2_beta_0.001_u_0.001_v_0.1_p_0.0_ϵ_1.0_gens_20000000_210215-193557.998
      From worker 12:	
      From worker 12:	starting b_1.0_c_0.2_N_40_M_2_K_1_P_2_beta_0.001_u_0.001_v_0.1_p_0.0_ϵ_1.0_gens_20000000_210215-193557.998
      From worker 2:	
      From worker 2:	starting b_1.0_c_0.2_N_40_M_2_K_1_P_2_beta_0.001_u_0.001_v_0.001_p_0.0_ϵ_1.0_gens_20000000_210215-193557.998
      From worker 6:	
      From worker 6:	starting b_1.0_c_0.2_N_40_M_2_K_1_P_2_beta_0.001_u_0.001_v_0.001_p_0.0_ϵ_1.0_gens_20000000_210215-193557.998
      From worker 15:	
      From worker 15:	starting b_1.0_c_0.2_N_40_M_2_K_1_P_2_beta_0.001_u_0.001_v_0.1_p_0.0_ϵ_1.0_gens_20000000_210215-193557.998
      From worker 4:	
      From worker 4:	starting b_1.0_c_0.2_N_40_M_2_K_1_P_2_beta_0.001_u_0.001_v_0.001_p_0.0_ϵ_1.0_gens_20000000_210215-193557.998
      From worker 5:	
      From worker 5:	starting b_1.0_c_0.2_N_40_M_2_K_1_P_2_beta_0.001_u_0.001_v_0.001_p_0.0_ϵ_1.0_gens_20000000_210215-193557.998
      From worker 14:	
      From worker 14:	starting b_1.0_c_0.2_N_40_M_2_K_1_P_2_beta_0.001_u_0.001_v_0.1_p_0.0_ϵ_1.0_gens_20000000_210215-193557.998
      From worker 7:	
      From worker 7:	starting b_1.0_c_0.2_N_40_M_2_K_1_P_2_beta_0.001_u_0.001_v_0.025_p_0.0_ϵ_1.0_gens_20000000_210215-193557.998
      From worker 10:	
      From worker 10:	starting b_1.0_c_0.2_N_40_M_2_K_1_P_2_beta_0.001_u_0.001_v_0.025_p_0.0_ϵ_1.0_gens_20000000_210215-193557.998
      From worker 2:	replicate complete, ran 20000000 generations:
      From worker 2:	
      From worker 2:		num_imitating:			20000000
      From worker 2:		num_not_imitating:		0
      From worker 2:		num_strategies_changed:  	575572
      From worker 2:			num_random_strategies: 	20145
      From worker 2:		num_sets_changed: 		548840
      From worker 2:			num_random_opinions: 	20079
      From worker 2:			num_biased_opinions: 	0
      From worker 2:		num_both_changed: 		33680
      From worker 2:	
      From worker 4:	replicate complete, ran 20000000 generations:
      From worker 4:	
      From worker 4:		num_imitating:			20000000
      From worker 4:		num_not_imitating:		0
      From worker 4:		num_strategies_changed:  	575719
      From worker 4:			num_random_strategies: 	19917
      From worker 4:		num_sets_changed: 		557718
      From worker 4:			num_random_opinions: 	20022
      From worker 4:			num_biased_opinions: 	0
      From worker 4:		num_both_changed: 		36015
      From worker 4:	
      From worker 2:	data processed and exported
      From worker 4:	data processed and exported
      From worker 3:	replicate complete, ran 20000000 generations:
      From worker 3:	
      From worker 3:		num_imitating:			20000000
      From worker 3:		num_not_imitating:		0
      From worker 3:		num_strategies_changed:  	554149
      From worker 3:			num_random_strategies: 	19788
      From worker 3:		num_sets_changed: 		556459
      From worker 3:			num_random_opinions: 	19999
      From worker 3:			num_biased_opinions: 	0
      From worker 3:		num_both_changed: 		27529
      From worker 3:	
      From worker 2:	
      From worker 2:	starting b_1.0_c_0.2_N_40_M_2_K_1_P_2_beta_0.001_u_0.001_v_0.001_p_0.25_ϵ_1.0_gens_20000000_210215-193557.998
      From worker 4:	
      From worker 4:	starting b_1.0_c_0.2_N_40_M_2_K_1_P_2_beta_0.001_u_0.001_v_0.001_p_0.25_ϵ_1.0_gens_20000000_210215-193557.998
      From worker 6:	replicate complete, ran 20000000 generations:
      From worker 6:	
      From worker 6:		num_imitating:			20000000
      From worker 6:		num_not_imitating:		0
      From worker 6:		num_strategies_changed:  	564419
      From worker 6:			num_random_strategies: 	19977
      From worker 6:		num_sets_changed: 		568858
      From worker 6:			num_random_opinions: 	19885
      From worker 6:			num_biased_opinions: 	0
      From worker 6:		num_both_changed: 		34216
      From worker 6:	
      From worker 3:	data processed and exported
      From worker 6:	data processed and exported
      From worker 3:	
      From worker 3:	starting b_1.0_c_0.2_N_40_M_2_K_1_P_2_beta_0.001_u_0.001_v_0.001_p_0.25_ϵ_1.0_gens_20000000_210215-193557.998
      From worker 6:	
      From worker 6:	starting b_1.0_c_0.2_N_40_M_2_K_1_P_2_beta_0.001_u_0.001_v_0.001_p_0.25_ϵ_1.0_gens_20000000_210215-193557.998
      From worker 5:	replicate complete, ran 20000000 generations:
      From worker 5:	
      From worker 5:		num_imitating:			20000000
      From worker 5:		num_not_imitating:		0
      From worker 5:		num_strategies_changed:  	607346
      From worker 5:			num_random_strategies: 	19998
      From worker 5:		num_sets_changed: 		558367
      From worker 5:			num_random_opinions: 	19911
      From worker 5:			num_biased_opinions: 	0
      From worker 5:		num_both_changed: 		32714
      From worker 5:	
      From worker 5:	data processed and exported
      From worker 5:	
      From worker 5:	starting b_1.0_c_0.2_N_40_M_2_K_1_P_2_beta_0.001_u_0.001_v_0.001_p_0.25_ϵ_1.0_gens_20000000_210215-193557.998
      From worker 11:	replicate complete, ran 20000000 generations:
      From worker 11:	
      From worker 11:		num_imitating:			20000000
      From worker 11:		num_not_imitating:		0
      From worker 11:		num_strategies_changed:  	570539
      From worker 11:			num_random_strategies: 	19891
      From worker 11:		num_sets_changed: 		7431208
      From worker 11:			num_random_opinions: 	499880
      From worker 11:			num_biased_opinions: 	0
      From worker 11:		num_both_changed: 		310621
      From worker 11:	
      From worker 11:	data processed and exported
      From worker 11:	
      From worker 11:	starting b_1.0_c_0.2_N_40_M_2_K_1_P_2_beta_0.001_u_0.001_v_0.025_p_0.25_ϵ_1.0_gens_20000000_210215-193557.998
      From worker 10:	replicate complete, ran 20000000 generations:
      From worker 10:	
      From worker 10:		num_imitating:			20000000
      From worker 10:		num_not_imitating:		0
      From worker 10:		num_strategies_changed:  	563189
      From worker 10:			num_random_strategies: 	19780
      From worker 10:		num_sets_changed: 		7410809
      From worker 10:			num_random_opinions: 	499302
      From worker 10:			num_biased_opinions: 	0
      From worker 10:		num_both_changed: 		304456
      From worker 10:	
      From worker 8:	replicate complete, ran 20000000 generations:
      From worker 8:	
      From worker 8:		num_imitating:			20000000
      From worker 8:		num_not_imitating:		0
      From worker 8:		num_strategies_changed:  	563824
      From worker 8:			num_random_strategies: 	20042
      From worker 8:		num_sets_changed: 		7451122
      From worker 8:			num_random_opinions: 	501376
      From worker 8:			num_biased_opinions: 	0
      From worker 8:		num_both_changed: 		307726
      From worker 8:	
      From worker 10:	data processed and exported
      From worker 10:	
      From worker 10:	starting b_1.0_c_0.2_N_40_M_2_K_1_P_2_beta_0.001_u_0.001_v_0.025_p_0.25_ϵ_1.0_gens_20000000_210215-193557.998
      From worker 8:	data processed and exported
      From worker 8:	
      From worker 8:	starting b_1.0_c_0.2_N_40_M_2_K_1_P_2_beta_0.001_u_0.001_v_0.025_p_0.25_ϵ_1.0_gens_20000000_210215-193557.998
      From worker 9:	replicate complete, ran 20000000 generations:
      From worker 9:	
      From worker 9:		num_imitating:			20000000
      From worker 9:		num_not_imitating:		0
      From worker 9:		num_strategies_changed:  	581660
      From worker 9:			num_random_strategies: 	20100
      From worker 9:		num_sets_changed: 		7475141
      From worker 9:			num_random_opinions: 	500740
      From worker 9:			num_biased_opinions: 	0
      From worker 9:		num_both_changed: 		318540
      From worker 9:	
      From worker 7:	replicate complete, ran 20000000 generations:
      From worker 7:	
      From worker 7:		num_imitating:			20000000
      From worker 7:		num_not_imitating:		0
      From worker 7:		num_strategies_changed:  	536047
      From worker 7:			num_random_strategies: 	20002
      From worker 7:		num_sets_changed: 		7469020
      From worker 7:			num_random_opinions: 	499765
      From worker 7:			num_biased_opinions: 	0
      From worker 7:		num_both_changed: 		297139
      From worker 7:	
      From worker 9:	data processed and exported
      From worker 9:	
      From worker 9:	starting b_1.0_c_0.2_N_40_M_2_K_1_P_2_beta_0.001_u_0.001_v_0.025_p_0.25_ϵ_1.0_gens_20000000_210215-193557.998
      From worker 7:	data processed and exported
      From worker 7:	
      From worker 7:	starting b_1.0_c_0.2_N_40_M_2_K_1_P_2_beta_0.001_u_0.001_v_0.025_p_0.25_ϵ_1.0_gens_20000000_210215-193557.998
      From worker 14:	replicate complete, ran 20000000 generations:
      From worker 14:	
      From worker 14:		num_imitating:			20000000
      From worker 14:		num_not_imitating:		0
      From worker 14:		num_strategies_changed:  	559142
      From worker 14:			num_random_strategies: 	20047
      From worker 14:		num_sets_changed: 		12196457
      From worker 14:			num_random_opinions: 	2000615
      From worker 14:			num_biased_opinions: 	0
      From worker 14:		num_both_changed: 		399929
      From worker 14:	
      From worker 14:	data processed and exported
      From worker 14:	
      From worker 14:	starting b_1.0_c_0.2_N_40_M_2_K_1_P_2_beta_0.001_u_0.001_v_0.1_p_0.25_ϵ_1.0_gens_20000000_210215-193557.998
      From worker 15:	replicate complete, ran 20000000 generations:
      From worker 15:	
      From worker 15:		num_imitating:			20000000
      From worker 15:		num_not_imitating:		0
      From worker 15:		num_strategies_changed:  	577112
      From worker 15:			num_random_strategies: 	19992
      From worker 15:		num_sets_changed: 		12198895
      From worker 15:			num_random_opinions: 	1999648
      From worker 15:			num_biased_opinions: 	0
      From worker 15:		num_both_changed: 		415084
      From worker 15:	
      From worker 13:	replicate complete, ran 20000000 generations:
      From worker 13:	
      From worker 13:		num_imitating:			20000000
      From worker 13:		num_not_imitating:		0
      From worker 13:		num_strategies_changed:  	590380
      From worker 13:			num_random_strategies: 	19893
      From worker 13:		num_sets_changed: 		12193647
      From worker 13:			num_random_opinions: 	2003033
      From worker 13:			num_biased_opinions: 	0
      From worker 13:		num_both_changed: 		425141
      From worker 13:	
      From worker 16:	replicate complete, ran 20000000 generations:
      From worker 16:	
      From worker 16:		num_imitating:			20000000
      From worker 16:		num_not_imitating:		0
      From worker 16:		num_strategies_changed:  	550754
      From worker 16:			num_random_strategies: 	20100
      From worker 16:		num_sets_changed: 		12190094
      From worker 16:			num_random_opinions: 	1997233
      From worker 16:			num_biased_opinions: 	0
      From worker 16:		num_both_changed: 		394846
      From worker 16:	
      From worker 12:	replicate complete, ran 20000000 generations:
      From worker 12:	
      From worker 12:		num_imitating:			20000000
      From worker 12:		num_not_imitating:		0
      From worker 12:		num_strategies_changed:  	548426
      From worker 12:			num_random_strategies: 	19930
      From worker 12:		num_sets_changed: 		12193160
      From worker 12:			num_random_opinions: 	1999546
      From worker 12:			num_biased_opinions: 	0
      From worker 12:		num_both_changed: 		394519
      From worker 12:	
      From worker 15:	data processed and exported
      From worker 13:	data processed and exported
      From worker 15:	
      From worker 15:	starting b_1.0_c_0.2_N_40_M_2_K_1_P_2_beta_0.001_u_0.001_v_0.1_p_0.25_ϵ_1.0_gens_20000000_210215-193557.998
      From worker 16:	data processed and exported
      From worker 13:	
      From worker 13:	starting b_1.0_c_0.2_N_40_M_2_K_1_P_2_beta_0.001_u_0.001_v_0.1_p_0.25_ϵ_1.0_gens_20000000_210215-193557.998
      From worker 12:	data processed and exported
      From worker 16:	
      From worker 16:	starting b_1.0_c_0.2_N_40_M_2_K_1_P_2_beta_0.001_u_0.001_v_0.1_p_0.25_ϵ_1.0_gens_20000000_210215-193557.998
      From worker 12:	
      From worker 12:	starting b_1.0_c_0.2_N_40_M_2_K_1_P_2_beta_0.001_u_0.001_v_0.1_p_0.25_ϵ_1.0_gens_20000000_210215-193557.998
      From worker 2:	replicate complete, ran 20000000 generations:
      From worker 2:	
      From worker 2:		num_imitating:			17503529
      From worker 2:		num_not_imitating:		2496471
      From worker 2:		num_strategies_changed:  	524619
      From worker 2:			num_random_strategies: 	17441
      From worker 2:		num_sets_changed: 		502132
      From worker 2:			num_random_opinions: 	13176
      From worker 2:			num_biased_opinions: 	4418
      From worker 2:		num_both_changed: 		28425
      From worker 2:	
      From worker 2:	data processed and exported
      From worker 2:	
      From worker 2:	starting b_1.0_c_0.2_N_40_M_2_K_1_P_2_beta_0.001_u_0.001_v_0.001_p_0.5_ϵ_1.0_gens_20000000_210215-193557.998
      From worker 6:	replicate complete, ran 20000000 generations:
      From worker 6:	
      From worker 6:		num_imitating:			17498078
      From worker 6:		num_not_imitating:		2501922
      From worker 6:		num_strategies_changed:  	516160
      From worker 6:			num_random_strategies: 	17408
      From worker 6:		num_sets_changed: 		502006
      From worker 6:			num_random_opinions: 	13031
      From worker 6:			num_biased_opinions: 	4398
      From worker 6:		num_both_changed: 		30318
      From worker 6:	
      From worker 4:	replicate complete, ran 20000000 generations:
      From worker 4:	
      From worker 4:		num_imitating:			17498784
      From worker 4:		num_not_imitating:		2501216
      From worker 4:		num_strategies_changed:  	514666
      From worker 4:			num_random_strategies: 	17350
      From worker 4:		num_sets_changed: 		488829
      From worker 4:			num_random_opinions: 	13274
      From worker 4:			num_biased_opinions: 	4380
      From worker 4:		num_both_changed: 		26614
      From worker 4:	
      From worker 6:	data processed and exported
      From worker 4:	data processed and exported
      From worker 3:	replicate complete, ran 20000000 generations:
      From worker 3:	
      From worker 3:		num_imitating:			17500841
      From worker 3:		num_not_imitating:		2499159
      From worker 3:		num_strategies_changed:  	480227
      From worker 3:			num_random_strategies: 	17498
      From worker 3:		num_sets_changed: 		452185
      From worker 3:			num_random_opinions: 	12963
      From worker 3:			num_biased_opinions: 	4431
      From worker 3:		num_both_changed: 		23923
      From worker 3:	
      From worker 6:	
      From worker 6:	starting b_1.0_c_0.2_N_40_M_2_K_1_P_2_beta_0.001_u_0.001_v_0.001_p_0.5_ϵ_1.0_gens_20000000_210215-193557.998
      From worker 4:	
      From worker 4:	starting b_1.0_c_0.2_N_40_M_2_K_1_P_2_beta_0.001_u_0.001_v_0.001_p_0.5_ϵ_1.0_gens_20000000_210215-193557.998
      From worker 3:	data processed and exported
      From worker 3:	
      From worker 3:	starting b_1.0_c_0.2_N_40_M_2_K_1_P_2_beta_0.001_u_0.001_v_0.001_p_0.5_ϵ_1.0_gens_20000000_210215-193557.998
      From worker 5:	replicate complete, ran 20000000 generations:
      From worker 5:	
      From worker 5:		num_imitating:			17498059
      From worker 5:		num_not_imitating:		2501941
      From worker 5:		num_strategies_changed:  	486536
      From worker 5:			num_random_strategies: 	17404
      From worker 5:		num_sets_changed: 		460107
      From worker 5:			num_random_opinions: 	12963
      From worker 5:			num_biased_opinions: 	4389
      From worker 5:		num_both_changed: 		21942
      From worker 5:	
      From worker 5:	data processed and exported
      From worker 5:	
      From worker 5:	starting b_1.0_c_0.2_N_40_M_2_K_1_P_2_beta_0.001_u_0.001_v_0.001_p_0.5_ϵ_1.0_gens_20000000_210215-193557.998
      From worker 2:	replicate complete, ran 20000000 generations:
      From worker 2:	
      From worker 2:		num_imitating:			14996279
      From worker 2:		num_not_imitating:		5003721
      From worker 2:		num_strategies_changed:  	431460
      From worker 2:			num_random_strategies: 	14936
      From worker 2:		num_sets_changed: 		388774
      From worker 2:			num_random_opinions: 	7488
      From worker 2:			num_biased_opinions: 	7634
      From worker 2:		num_both_changed: 		23497
      From worker 2:	
      From worker 2:	data processed and exported
      From worker 2:	
      From worker 2:	starting b_1.0_c_0.2_N_40_M_2_K_1_P_2_beta_0.001_u_0.001_v_0.001_p_0.75_ϵ_1.0_gens_20000000_210215-193557.998
      From worker 4:	replicate complete, ran 20000000 generations:
      From worker 4:	
      From worker 4:		num_imitating:			14998700
      From worker 4:		num_not_imitating:		5001300
      From worker 4:		num_strategies_changed:  	416277
      From worker 4:			num_random_strategies: 	14929
      From worker 4:		num_sets_changed: 		407192
      From worker 4:			num_random_opinions: 	7454
      From worker 4:			num_biased_opinions: 	7600
      From worker 4:		num_both_changed: 		27432
      From worker 4:	
      From worker 4:	data processed and exported
      From worker 6:	replicate complete, ran 20000000 generations:
      From worker 6:	
      From worker 6:		num_imitating:			14997574
      From worker 6:		num_not_imitating:		5002426
      From worker 6:		num_strategies_changed:  	431581
      From worker 6:			num_random_strategies: 	15207
      From worker 6:		num_sets_changed: 		408824
      From worker 6:			num_random_opinions: 	7397
      From worker 6:			num_biased_opinions: 	7452
      From worker 6:		num_both_changed: 		22731
      From worker 6:	
      From worker 4:	
      From worker 4:	starting b_1.0_c_0.2_N_40_M_2_K_1_P_2_beta_0.001_u_0.001_v_0.001_p_0.75_ϵ_1.0_gens_20000000_210215-193557.998
      From worker 6:	data processed and exported
      From worker 3:	replicate complete, ran 20000000 generations:
      From worker 3:	
      From worker 3:		num_imitating:			15001042
      From worker 3:		num_not_imitating:		4998958
      From worker 3:		num_strategies_changed:  	419309
      From worker 3:			num_random_strategies: 	14897
      From worker 3:		num_sets_changed: 		420707
      From worker 3:			num_random_opinions: 	7482
      From worker 3:			num_biased_opinions: 	7452
      From worker 3:		num_both_changed: 		21607
      From worker 3:	
      From worker 6:	
      From worker 6:	starting b_1.0_c_0.2_N_40_M_2_K_1_P_2_beta_0.001_u_0.001_v_0.001_p_0.75_ϵ_1.0_gens_20000000_210215-193557.998
      From worker 3:	data processed and exported
      From worker 11:	replicate complete, ran 20000000 generations:
      From worker 11:	
      From worker 11:		num_imitating:			17499331
      From worker 11:		num_not_imitating:		2500669
      From worker 11:		num_strategies_changed:  	510211
      From worker 11:			num_random_strategies: 	17626
      From worker 11:		num_sets_changed: 		6485053
      From worker 11:			num_random_opinions: 	328165
      From worker 11:			num_biased_opinions: 	109424
      From worker 11:		num_both_changed: 		275490
      From worker 11:	
      From worker 3:	
      From worker 3:	starting b_1.0_c_0.2_N_40_M_2_K_1_P_2_beta_0.001_u_0.001_v_0.001_p_0.75_ϵ_1.0_gens_20000000_210215-193557.998
      From worker 11:	data processed and exported
      From worker 11:	
      From worker 11:	starting b_1.0_c_0.2_N_40_M_2_K_1_P_2_beta_0.001_u_0.001_v_0.025_p_0.5_ϵ_1.0_gens_20000000_210215-193557.998
      From worker 8:	replicate complete, ran 20000000 generations:
      From worker 8:	
      From worker 8:		num_imitating:			17496839
      From worker 8:		num_not_imitating:		2503161
      From worker 8:		num_strategies_changed:  	510420
      From worker 8:			num_random_strategies: 	17533
      From worker 8:		num_sets_changed: 		6515681
      From worker 8:			num_random_opinions: 	328217
      From worker 8:			num_biased_opinions: 	109459
      From worker 8:		num_both_changed: 		276350
      From worker 8:	
      From worker 10:	replicate complete, ran 20000000 generations:
      From worker 10:	
      From worker 10:		num_imitating:			17497592
      From worker 10:		num_not_imitating:		2502408
      From worker 10:		num_strategies_changed:  	494602
      From worker 10:			num_random_strategies: 	17421
      From worker 10:		num_sets_changed: 		6514062
      From worker 10:			num_random_opinions: 	327807
      From worker 10:			num_biased_opinions: 	109266
      From worker 10:		num_both_changed: 		272446
      From worker 10:	
      From worker 8:	data processed and exported
      From worker 8:	
      From worker 8:	starting b_1.0_c_0.2_N_40_M_2_K_1_P_2_beta_0.001_u_0.001_v_0.025_p_0.5_ϵ_1.0_gens_20000000_210215-193557.998
      From worker 10:	data processed and exported
      From worker 10:	
      From worker 10:	starting b_1.0_c_0.2_N_40_M_2_K_1_P_2_beta_0.001_u_0.001_v_0.025_p_0.5_ϵ_1.0_gens_20000000_210215-193557.998
      From worker 5:	replicate complete, ran 20000000 generations:
      From worker 5:	
      From worker 5:		num_imitating:			15000153
      From worker 5:		num_not_imitating:		4999847
      From worker 5:		num_strategies_changed:  	429433
      From worker 5:			num_random_strategies: 	15087
      From worker 5:		num_sets_changed: 		445023
      From worker 5:			num_random_opinions: 	7458
      From worker 5:			num_biased_opinions: 	7444
      From worker 5:		num_both_changed: 		21097
      From worker 5:	
      From worker 9:	replicate complete, ran 20000000 generations:
      From worker 9:	
      From worker 9:		num_imitating:			17502464
      From worker 9:		num_not_imitating:		2497536
      From worker 9:		num_strategies_changed:  	502057
      From worker 9:			num_random_strategies: 	17364
      From worker 9:		num_sets_changed: 		6495570
      From worker 9:			num_random_opinions: 	329188
      From worker 9:			num_biased_opinions: 	109541
      From worker 9:		num_both_changed: 		271685
      From worker 9:	
      From worker 5:	data processed and exported
      From worker 5:	
      From worker 5:	starting b_1.0_c_0.2_N_40_M_2_K_1_P_2_beta_0.001_u_0.001_v_0.001_p_0.75_ϵ_1.0_gens_20000000_210215-193557.998
      From worker 9:	data processed and exported
      From worker 9:	
      From worker 9:	starting b_1.0_c_0.2_N_40_M_2_K_1_P_2_beta_0.001_u_0.001_v_0.025_p_0.5_ϵ_1.0_gens_20000000_210215-193557.998
      From worker 7:	replicate complete, ran 20000000 generations:
      From worker 7:	
      From worker 7:		num_imitating:			17499309
      From worker 7:		num_not_imitating:		2500691
      From worker 7:		num_strategies_changed:  	509799
      From worker 7:			num_random_strategies: 	17492
      From worker 7:		num_sets_changed: 		6466905
      From worker 7:			num_random_opinions: 	328398
      From worker 7:			num_biased_opinions: 	109537
      From worker 7:		num_both_changed: 		282195
      From worker 7:	
      From worker 7:	data processed and exported
      From worker 7:	
      From worker 7:	starting b_1.0_c_0.2_N_40_M_2_K_1_P_2_beta_0.001_u_0.001_v_0.025_p_0.5_ϵ_1.0_gens_20000000_210215-193557.998
      From worker 14:	replicate complete, ran 20000000 generations:
      From worker 14:	
      From worker 14:		num_imitating:			17501160
      From worker 14:		num_not_imitating:		2498840
      From worker 14:		num_strategies_changed:  	499319
      From worker 14:			num_random_strategies: 	17591
      From worker 14:		num_sets_changed: 		10654214
      From worker 14:			num_random_opinions: 	1313125
      From worker 14:			num_biased_opinions: 	437824
      From worker 14:		num_both_changed: 		360335
      From worker 14:	
      From worker 14:	data processed and exported
      From worker 14:	
      From worker 14:	starting b_1.0_c_0.2_N_40_M_2_K_1_P_2_beta_0.001_u_0.001_v_0.1_p_0.5_ϵ_1.0_gens_20000000_210215-193557.998
      From worker 15:	replicate complete, ran 20000000 generations:
      From worker 15:	
      From worker 15:		num_imitating:			17500828
      From worker 15:		num_not_imitating:		2499172
      From worker 15:		num_strategies_changed:  	516493
      From worker 15:			num_random_strategies: 	17573
      From worker 15:		num_sets_changed: 		10647467
      From worker 15:			num_random_opinions: 	1313596
      From worker 15:			num_biased_opinions: 	436274
      From worker 15:		num_both_changed: 		371572
      From worker 15:	
      From worker 12:	replicate complete, ran 20000000 generations:
      From worker 12:	
      From worker 12:		num_imitating:			17499913
      From worker 12:		num_not_imitating:		2500087
      From worker 12:		num_strategies_changed:  	513316
      From worker 12:			num_random_strategies: 	17680
      From worker 12:		num_sets_changed: 		10638927
      From worker 12:			num_random_opinions: 	1313746
      From worker 12:			num_biased_opinions: 	436812
      From worker 12:		num_both_changed: 		367539
      From worker 12:	
      From worker 16:	replicate complete, ran 20000000 generations:
      From worker 16:	
      From worker 16:		num_imitating:			17497566
      From worker 16:		num_not_imitating:		2502434
      From worker 16:		num_strategies_changed:  	499469
      From worker 16:			num_random_strategies: 	17343
      From worker 16:		num_sets_changed: 		10628272
      From worker 16:			num_random_opinions: 	1312890
      From worker 16:			num_biased_opinions: 	436936
      From worker 16:		num_both_changed: 		357884
      From worker 16:	
      From worker 13:	replicate complete, ran 20000000 generations:
      From worker 13:	
      From worker 13:		num_imitating:			17497696
      From worker 13:		num_not_imitating:		2502304
      From worker 13:		num_strategies_changed:  	512694
      From worker 13:			num_random_strategies: 	17862
      From worker 13:		num_sets_changed: 		10624473
      From worker 13:			num_random_opinions: 	1311244
      From worker 13:			num_biased_opinions: 	437812
      From worker 13:		num_both_changed: 		366503
      From worker 13:	
      From worker 15:	data processed and exported
      From worker 12:	data processed and exported
      From worker 15:	
      From worker 15:	starting b_1.0_c_0.2_N_40_M_2_K_1_P_2_beta_0.001_u_0.001_v_0.1_p_0.5_ϵ_1.0_gens_20000000_210215-193557.998
      From worker 16:	data processed and exported
      From worker 12:	
      From worker 12:	starting b_1.0_c_0.2_N_40_M_2_K_1_P_2_beta_0.001_u_0.001_v_0.1_p_0.5_ϵ_1.0_gens_20000000_210215-193557.998
      From worker 13:	data processed and exported
      From worker 16:	
      From worker 16:	starting b_1.0_c_0.2_N_40_M_2_K_1_P_2_beta_0.001_u_0.001_v_0.1_p_0.5_ϵ_1.0_gens_20000000_210215-193557.998
      From worker 13:	
      From worker 13:	starting b_1.0_c_0.2_N_40_M_2_K_1_P_2_beta_0.001_u_0.001_v_0.1_p_0.5_ϵ_1.0_gens_20000000_210215-193557.998
      From worker 2:	replicate complete, ran 20000000 generations:
      From worker 2:	
      From worker 2:		num_imitating:			12498322
      From worker 2:		num_not_imitating:		7501678
      From worker 2:		num_strategies_changed:  	352320
      From worker 2:			num_random_strategies: 	12588
      From worker 2:		num_sets_changed: 		315065
      From worker 2:			num_random_opinions: 	3147
      From worker 2:			num_biased_opinions: 	9202
      From worker 2:		num_both_changed: 		15712
      From worker 2:	
      From worker 2:	data processed and exported
      From worker 2:	
      From worker 2:	starting b_1.0_c_0.2_N_40_M_2_K_1_P_2_beta_0.001_u_0.001_v_0.001_p_1.0_ϵ_1.0_gens_20000000_210215-193557.998
      From worker 6:	replicate complete, ran 20000000 generations:
      From worker 6:	
      From worker 6:		num_imitating:			12495671
      From worker 6:		num_not_imitating:		7504329
      From worker 6:		num_strategies_changed:  	352113
      From worker 6:			num_random_strategies: 	12658
      From worker 6:		num_sets_changed: 		359841
      From worker 6:			num_random_opinions: 	3168
      From worker 6:			num_biased_opinions: 	9319
      From worker 6:		num_both_changed: 		20515
      From worker 6:	
      From worker 4:	replicate complete, ran 20000000 generations:
      From worker 4:	
      From worker 4:		num_imitating:			12499088
      From worker 4:		num_not_imitating:		7500912
      From worker 4:		num_strategies_changed:  	365020
      From worker 4:			num_random_strategies: 	12491
      From worker 4:		num_sets_changed: 		346401
      From worker 4:			num_random_opinions: 	3147
      From worker 4:			num_biased_opinions: 	9341
      From worker 4:		num_both_changed: 		24562
      From worker 4:	
      From worker 3:	replicate complete, ran 20000000 generations:
      From worker 3:	
      From worker 3:		num_imitating:			12502944
      From worker 3:		num_not_imitating:		7497056
      From worker 3:		num_strategies_changed:  	357742
      From worker 3:			num_random_strategies: 	12395
      From worker 3:		num_sets_changed: 		364045
      From worker 3:			num_random_opinions: 	3160
      From worker 3:			num_biased_opinions: 	9646
      From worker 3:		num_both_changed: 		20075
      From worker 3:	
      From worker 6:	data processed and exported
      From worker 6:	
      From worker 6:	starting b_1.0_c_0.2_N_40_M_2_K_1_P_2_beta_0.001_u_0.001_v_0.001_p_1.0_ϵ_1.0_gens_20000000_210215-193557.998
      From worker 4:	data processed and exported
      From worker 3:	data processed and exported
      From worker 4:	
      From worker 4:	starting b_1.0_c_0.2_N_40_M_2_K_1_P_2_beta_0.001_u_0.001_v_0.001_p_1.0_ϵ_1.0_gens_20000000_210215-193557.998
      From worker 3:	
      From worker 3:	starting b_1.0_c_0.2_N_40_M_2_K_1_P_2_beta_0.001_u_0.001_v_0.001_p_1.0_ϵ_1.0_gens_20000000_210215-193557.998
      From worker 5:	replicate complete, ran 20000000 generations:
      From worker 5:	
      From worker 5:		num_imitating:			12501413
      From worker 5:		num_not_imitating:		7498587
      From worker 5:		num_strategies_changed:  	356909
      From worker 5:			num_random_strategies: 	12496
      From worker 5:		num_sets_changed: 		327010
      From worker 5:			num_random_opinions: 	3112
      From worker 5:			num_biased_opinions: 	9414
      From worker 5:		num_both_changed: 		14707
      From worker 5:	
      From worker 5:	data processed and exported
      From worker 5:	
      From worker 5:	starting b_1.0_c_0.2_N_40_M_2_K_1_P_2_beta_0.001_u_0.001_v_0.001_p_1.0_ϵ_1.0_gens_20000000_210215-193557.998
      From worker 8:	replicate complete, ran 20000000 generations:
      From worker 8:	
      From worker 8:		num_imitating:			15000454
      From worker 8:		num_not_imitating:		4999546
      From worker 8:		num_strategies_changed:  	425060
      From worker 8:			num_random_strategies: 	15074
      From worker 8:		num_sets_changed: 		5536533
      From worker 8:			num_random_opinions: 	187381
      From worker 8:			num_biased_opinions: 	186962
      From worker 8:		num_both_changed: 		234727
      From worker 8:	
      From worker 8:	data processed and exported
      From worker 11:	replicate complete, ran 20000000 generations:
      From worker 11:	
      From worker 11:		num_imitating:			15000186
      From worker 11:		num_not_imitating:		4999814
      From worker 11:		num_strategies_changed:  	411850
      From worker 11:			num_random_strategies: 	15051
      From worker 11:		num_sets_changed: 		5535851
      From worker 11:			num_random_opinions: 	187135
      From worker 11:			num_biased_opinions: 	187293
      From worker 11:		num_both_changed: 		225343
      From worker 11:	
      From worker 8:	
      From worker 8:	starting b_1.0_c_0.2_N_40_M_2_K_1_P_2_beta_0.001_u_0.001_v_0.025_p_0.75_ϵ_1.0_gens_20000000_210215-193557.998
      From worker 11:	data processed and exported
      From worker 11:	
      From worker 11:	starting b_1.0_c_0.2_N_40_M_2_K_1_P_2_beta_0.001_u_0.001_v_0.025_p_0.75_ϵ_1.0_gens_20000000_210215-193557.998
      From worker 10:	replicate complete, ran 20000000 generations:
      From worker 10:	
      From worker 10:		num_imitating:			14996966
      From worker 10:		num_not_imitating:		5003034
      From worker 10:		num_strategies_changed:  	432870
      From worker 10:			num_random_strategies: 	15053
      From worker 10:		num_sets_changed: 		5527068
      From worker 10:			num_random_opinions: 	187938
      From worker 10:			num_biased_opinions: 	187431
      From worker 10:		num_both_changed: 		235250
      From worker 10:	
      From worker 10:	data processed and exported
      From worker 10:	
      From worker 10:	starting b_1.0_c_0.2_N_40_M_2_K_1_P_2_beta_0.001_u_0.001_v_0.025_p_0.75_ϵ_1.0_gens_20000000_210215-193557.998
      From worker 7:	replicate complete, ran 20000000 generations:
      From worker 7:	
      From worker 7:		num_imitating:			14996487
      From worker 7:		num_not_imitating:		5003513
      From worker 7:		num_strategies_changed:  	449968
      From worker 7:			num_random_strategies: 	14950
      From worker 7:		num_sets_changed: 		5573832
      From worker 7:			num_random_opinions: 	187496
      From worker 7:			num_biased_opinions: 	187771
      From worker 7:		num_both_changed: 		247487
      From worker 7:	
      From worker 9:	replicate complete, ran 20000000 generations:
      From worker 9:	
      From worker 9:		num_imitating:			15000591
      From worker 9:		num_not_imitating:		4999409
      From worker 9:		num_strategies_changed:  	439815
      From worker 9:			num_random_strategies: 	14841
      From worker 9:		num_sets_changed: 		5528784
      From worker 9:			num_random_opinions: 	187084
      From worker 9:			num_biased_opinions: 	186505
      From worker 9:		num_both_changed: 		244592
      From worker 9:	
      From worker 7:	data processed and exported
      From worker 7:	
      From worker 7:	starting b_1.0_c_0.2_N_40_M_2_K_1_P_2_beta_0.001_u_0.001_v_0.025_p_0.75_ϵ_1.0_gens_20000000_210215-193557.998
      From worker 9:	data processed and exported
      From worker 9:	
      From worker 9:	starting b_1.0_c_0.2_N_40_M_2_K_1_P_2_beta_0.001_u_0.001_v_0.025_p_0.75_ϵ_1.0_gens_20000000_210215-193557.998
      From worker 2:	replicate complete, ran 20000000 generations:
      From worker 2:	
      From worker 2:		num_imitating:			10000252
      From worker 2:		num_not_imitating:		9999748
      From worker 2:		num_strategies_changed:  	143019
      From worker 2:			num_random_strategies: 	9800
      From worker 2:		num_sets_changed: 		94627
      From worker 2:			num_random_opinions: 	0
      From worker 2:			num_biased_opinions: 	10046
      From worker 2:		num_both_changed: 		2609
      From worker 2:	
      From worker 2:	data processed and exported
      From worker 2:	
      From worker 2:	starting b_1.0_c_0.2_N_40_M_2_K_1_P_2_beta_0.001_u_0.001_v_0.001_p_0.0_ϵ_1.0_gens_20000000_210215-193557.998
      From worker 4:	replicate complete, ran 20000000 generations:
      From worker 4:	
      From worker 4:		num_imitating:			10003089
      From worker 4:		num_not_imitating:		9996911
      From worker 4:		num_strategies_changed:  	149277
      From worker 4:			num_random_strategies: 	9929
      From worker 4:		num_sets_changed: 		98370
      From worker 4:			num_random_opinions: 	0
      From worker 4:			num_biased_opinions: 	9934
      From worker 4:		num_both_changed: 		3394
      From worker 4:	
      From worker 4:	data processed and exported
      From worker 4:	
      From worker 4:	starting b_1.0_c_0.2_N_40_M_2_K_1_P_2_beta_0.001_u_0.001_v_0.001_p_0.0_ϵ_1.0_gens_20000000_210215-193557.998
      From worker 3:	replicate complete, ran 20000000 generations:
      From worker 3:	
      From worker 3:		num_imitating:			9997759
      From worker 3:		num_not_imitating:		10002241
      From worker 3:		num_strategies_changed:  	152200
      From worker 3:			num_random_strategies: 	9963
      From worker 3:		num_sets_changed: 		91040
      From worker 3:			num_random_opinions: 	0
      From worker 3:			num_biased_opinions: 	9977
      From worker 3:		num_both_changed: 		2726
      From worker 3:	
      From worker 3:	data processed and exported
      From worker 3:	
      From worker 3:	starting b_1.0_c_0.2_N_40_M_2_K_1_P_2_beta_0.001_u_0.001_v_0.001_p_0.0_ϵ_1.0_gens_20000000_210215-193557.998
      From worker 6:	replicate complete, ran 20000000 generations:
      From worker 6:	
      From worker 6:		num_imitating:			10001304
      From worker 6:		num_not_imitating:		9998696
      From worker 6:		num_strategies_changed:  	148336
      From worker 6:			num_random_strategies: 	9954
      From worker 6:		num_sets_changed: 		98403
      From worker 6:			num_random_opinions: 	0
      From worker 6:			num_biased_opinions: 	10018
      From worker 6:		num_both_changed: 		2197
      From worker 6:	
      From worker 6:	data processed and exported
      From worker 6:	
      From worker 6:	starting b_1.0_c_0.2_N_40_M_2_K_1_P_2_beta_0.001_u_0.001_v_0.001_p_0.0_ϵ_1.0_gens_20000000_210215-193557.998
      From worker 5:	replicate complete, ran 20000000 generations:
      From worker 5:	
      From worker 5:		num_imitating:			10001036
      From worker 5:		num_not_imitating:		9998964
      From worker 5:		num_strategies_changed:  	138448
      From worker 5:			num_random_strategies: 	9824
      From worker 5:		num_sets_changed: 		89913
      From worker 5:			num_random_opinions: 	0
      From worker 5:			num_biased_opinions: 	10036
      From worker 5:		num_both_changed: 		2494
      From worker 5:	
      From worker 5:	data processed and exported
      From worker 5:	
      From worker 5:	starting b_1.0_c_0.2_N_40_M_2_K_1_P_2_beta_0.001_u_0.001_v_0.001_p_0.0_ϵ_1.0_gens_20000000_210215-193557.998
      From worker 14:	replicate complete, ran 20000000 generations:
      From worker 14:	
      From worker 14:		num_imitating:			15000272
      From worker 14:		num_not_imitating:		4999728
      From worker 14:		num_strategies_changed:  	409400
      From worker 14:			num_random_strategies: 	14780
      From worker 14:		num_sets_changed: 		9053821
      From worker 14:			num_random_opinions: 	748178
      From worker 14:			num_biased_opinions: 	748983
      From worker 14:		num_both_changed: 		296124
      From worker 14:	
      From worker 14:	data processed and exported
      From worker 14:	
      From worker 14:	starting b_1.0_c_0.2_N_40_M_2_K_1_P_2_beta_0.001_u_0.001_v_0.1_p_0.75_ϵ_1.0_gens_20000000_210215-193557.998
      From worker 12:	replicate complete, ran 20000000 generations:
      From worker 12:	
      From worker 12:		num_imitating:			14999672
      From worker 12:		num_not_imitating:		5000328
      From worker 12:		num_strategies_changed:  	446701
      From worker 12:			num_random_strategies: 	14940
      From worker 12:		num_sets_changed: 		9053634
      From worker 12:			num_random_opinions: 	749147
      From worker 12:			num_biased_opinions: 	751901
      From worker 12:		num_both_changed: 		320931
      From worker 12:	
      From worker 12:	data processed and exported
      From worker 12:	
      From worker 12:	starting b_1.0_c_0.2_N_40_M_2_K_1_P_2_beta_0.001_u_0.001_v_0.1_p_0.75_ϵ_1.0_gens_20000000_210215-193557.998
      From worker 15:	replicate complete, ran 20000000 generations:
      From worker 15:	
      From worker 15:		num_imitating:			14998275
      From worker 15:		num_not_imitating:		5001725
      From worker 15:		num_strategies_changed:  	426139
      From worker 15:			num_random_strategies: 	14773
      From worker 15:		num_sets_changed: 		9059935
      From worker 15:			num_random_opinions: 	749715
      From worker 15:			num_biased_opinions: 	750440
      From worker 15:		num_both_changed: 		305482
      From worker 15:	
      From worker 16:	replicate complete, ran 20000000 generations:
      From worker 16:	
      From worker 16:		num_imitating:			15000515
      From worker 16:		num_not_imitating:		4999485
      From worker 16:		num_strategies_changed:  	441980
      From worker 16:			num_random_strategies: 	14988
      From worker 16:		num_sets_changed: 		9062222
      From worker 16:			num_random_opinions: 	750798
      From worker 16:			num_biased_opinions: 	748797
      From worker 16:		num_both_changed: 		317223
      From worker 16:	
      From worker 15:	data processed and exported
      From worker 15:	
      From worker 15:	starting b_1.0_c_0.2_N_40_M_2_K_1_P_2_beta_0.001_u_0.001_v_0.1_p_0.75_ϵ_1.0_gens_20000000_210215-193557.998
      From worker 13:	replicate complete, ran 20000000 generations:
      From worker 13:	
      From worker 13:		num_imitating:			14998269
      From worker 13:		num_not_imitating:		5001731
      From worker 13:		num_strategies_changed:  	461336
      From worker 13:			num_random_strategies: 	15123
      From worker 13:		num_sets_changed: 		9059432
      From worker 13:			num_random_opinions: 	750416
      From worker 13:			num_biased_opinions: 	751212
      From worker 13:		num_both_changed: 		332843
      From worker 13:	
      From worker 16:	data processed and exported
      From worker 16:	
      From worker 16:	starting b_1.0_c_0.2_N_40_M_2_K_1_P_2_beta_0.001_u_0.001_v_0.1_p_0.75_ϵ_1.0_gens_20000000_210215-193557.998
      From worker 13:	data processed and exported
      From worker 13:	
      From worker 13:	starting b_1.0_c_0.2_N_40_M_2_K_1_P_2_beta_0.001_u_0.001_v_0.1_p_0.75_ϵ_1.0_gens_20000000_210215-193557.998
      From worker 11:	replicate complete, ran 20000000 generations:
      From worker 11:	
      From worker 11:		num_imitating:			12500478
      From worker 11:		num_not_imitating:		7499522
      From worker 11:		num_strategies_changed:  	352143
      From worker 11:			num_random_strategies: 	12398
      From worker 11:		num_sets_changed: 		4585045
      From worker 11:			num_random_opinions: 	77813
      From worker 11:			num_biased_opinions: 	234643
      From worker 11:		num_both_changed: 		196108
      From worker 11:	
      From worker 11:	data processed and exported
      From worker 11:	
      From worker 11:	starting b_1.0_c_0.2_N_40_M_2_K_1_P_2_beta_0.001_u_0.001_v_0.025_p_1.0_ϵ_1.0_gens_20000000_210215-193557.998
      From worker 8:	replicate complete, ran 20000000 generations:
      From worker 8:	
      From worker 8:		num_imitating:			12498584
      From worker 8:		num_not_imitating:		7501416
      From worker 8:		num_strategies_changed:  	343962
      From worker 8:			num_random_strategies: 	12424
      From worker 8:		num_sets_changed: 		4512861
      From worker 8:			num_random_opinions: 	78003
      From worker 8:			num_biased_opinions: 	233906
      From worker 8:		num_both_changed: 		192202
      From worker 8:	
      From worker 8:	data processed and exported
      From worker 8:	
      From worker 8:	starting b_1.0_c_0.2_N_40_M_2_K_1_P_2_beta_0.001_u_0.001_v_0.025_p_1.0_ϵ_1.0_gens_20000000_210215-193557.998
      From worker 10:	replicate complete, ran 20000000 generations:
      From worker 10:	
      From worker 10:		num_imitating:			12499757
      From worker 10:		num_not_imitating:		7500243
      From worker 10:		num_strategies_changed:  	361569
      From worker 10:			num_random_strategies: 	12684
      From worker 10:		num_sets_changed: 		4553683
      From worker 10:			num_random_opinions: 	78287
      From worker 10:			num_biased_opinions: 	234353
      From worker 10:		num_both_changed: 		200640
      From worker 10:	
      From worker 10:	data processed and exported
      From worker 10:	
      From worker 10:	starting b_1.0_c_0.2_N_40_M_2_K_1_P_2_beta_0.001_u_0.001_v_0.025_p_1.0_ϵ_1.0_gens_20000000_210215-193557.998
      From worker 9:	replicate complete, ran 20000000 generations:
      From worker 9:	
      From worker 9:		num_imitating:			12502921
      From worker 9:		num_not_imitating:		7497079
      From worker 9:		num_strategies_changed:  	358163
      From worker 9:			num_random_strategies: 	12554
      From worker 9:		num_sets_changed: 		4566301
      From worker 9:			num_random_opinions: 	77885
      From worker 9:			num_biased_opinions: 	233958
      From worker 9:		num_both_changed: 		197979
      From worker 9:	
      From worker 9:	data processed and exported
      From worker 9:	
      From worker 9:	starting b_1.0_c_0.2_N_40_M_2_K_1_P_2_beta_0.001_u_0.001_v_0.025_p_1.0_ϵ_1.0_gens_20000000_210215-193557.998
      From worker 7:	replicate complete, ran 20000000 generations:
      From worker 7:	
      From worker 7:		num_imitating:			12497965
      From worker 7:		num_not_imitating:		7502035
      From worker 7:		num_strategies_changed:  	366835
      From worker 7:			num_random_strategies: 	12412
      From worker 7:		num_sets_changed: 		4599532
      From worker 7:			num_random_opinions: 	78224
      From worker 7:			num_biased_opinions: 	234577
      From worker 7:		num_both_changed: 		207868
      From worker 7:	
      From worker 7:	data processed and exported
      From worker 7:	
      From worker 7:	starting b_1.0_c_0.2_N_40_M_2_K_1_P_2_beta_0.001_u_0.001_v_0.025_p_1.0_ϵ_1.0_gens_20000000_210215-193557.998
      From worker 2:	replicate complete, ran 20000000 generations:
      From worker 2:	
      From worker 2:		num_imitating:			20000000
      From worker 2:		num_not_imitating:		0
      From worker 2:		num_strategies_changed:  	570818
      From worker 2:			num_random_strategies: 	19975
      From worker 2:		num_sets_changed: 		548761
      From worker 2:			num_random_opinions: 	20001
      From worker 2:			num_biased_opinions: 	0
      From worker 2:		num_both_changed: 		29661
      From worker 2:	
      From worker 2:	data processed and exported
      From worker 2:	
      From worker 2:	starting b_1.0_c_0.2_N_40_M_2_K_1_P_2_beta_0.001_u_0.001_v_0.001_p_0.25_ϵ_1.0_gens_20000000_210215-193557.998
      From worker 4:	replicate complete, ran 20000000 generations:
      From worker 4:	
      From worker 4:		num_imitating:			20000000
      From worker 4:		num_not_imitating:		0
      From worker 4:		num_strategies_changed:  	580454
      From worker 4:			num_random_strategies: 	20083
      From worker 4:		num_sets_changed: 		561064
      From worker 4:			num_random_opinions: 	20014
      From worker 4:			num_biased_opinions: 	0
      From worker 4:		num_both_changed: 		25953
      From worker 4:	
      From worker 4:	data processed and exported
      From worker 4:	
      From worker 4:	starting b_1.0_c_0.2_N_40_M_2_K_1_P_2_beta_0.001_u_0.001_v_0.001_p_0.25_ϵ_1.0_gens_20000000_210215-193557.998
      From worker 3:	replicate complete, ran 20000000 generations:
      From worker 3:	
      From worker 3:		num_imitating:			20000000
      From worker 3:		num_not_imitating:		0
      From worker 3:		num_strategies_changed:  	585547
      From worker 3:			num_random_strategies: 	19890
      From worker 3:		num_sets_changed: 		548665
      From worker 3:			num_random_opinions: 	19879
      From worker 3:			num_biased_opinions: 	0
      From worker 3:		num_both_changed: 		28589
      From worker 3:	
      From worker 3:	data processed and exported
      From worker 3:	
      From worker 3:	starting b_1.0_c_0.2_N_40_M_2_K_1_P_2_beta_0.001_u_0.001_v_0.001_p_0.25_ϵ_1.0_gens_20000000_210215-193557.998
      From worker 6:	replicate complete, ran 20000000 generations:
      From worker 6:	
      From worker 6:		num_imitating:			20000000
      From worker 6:		num_not_imitating:		0
      From worker 6:		num_strategies_changed:  	595960
      From worker 6:			num_random_strategies: 	20248
      From worker 6:		num_sets_changed: 		549304
      From worker 6:			num_random_opinions: 	19946
      From worker 6:			num_biased_opinions: 	0
      From worker 6:		num_both_changed: 		26364
      From worker 6:	
      From worker 6:	data processed and exported
      From worker 6:	
      From worker 6:	starting b_1.0_c_0.2_N_40_M_2_K_1_P_2_beta_0.001_u_0.001_v_0.001_p_0.25_ϵ_1.0_gens_20000000_210215-193557.998
      From worker 5:	replicate complete, ran 20000000 generations:
      From worker 5:	
      From worker 5:		num_imitating:			20000000
      From worker 5:		num_not_imitating:		0
      From worker 5:		num_strategies_changed:  	567287
      From worker 5:			num_random_strategies: 	20054
      From worker 5:		num_sets_changed: 		574197
      From worker 5:			num_random_opinions: 	19766
      From worker 5:			num_biased_opinions: 	0
      From worker 5:		num_both_changed: 		30111
      From worker 5:	
      From worker 5:	data processed and exported
      From worker 5:	
      From worker 5:	starting b_1.0_c_0.2_N_40_M_2_K_1_P_2_beta_0.001_u_0.001_v_0.001_p_0.25_ϵ_1.0_gens_20000000_210215-193557.998
      From worker 14:	replicate complete, ran 20000000 generations:
      From worker 14:	
      From worker 14:		num_imitating:			12501834
      From worker 14:		num_not_imitating:		7498166
      From worker 14:		num_strategies_changed:  	343352
      From worker 14:			num_random_strategies: 	12437
      From worker 14:		num_sets_changed: 		7383100
      From worker 14:			num_random_opinions: 	313022
      From worker 14:			num_biased_opinions: 	939068
      From worker 14:		num_both_changed: 		246244
      From worker 14:	
      From worker 14:	data processed and exported
      From worker 14:	
      From worker 14:	starting b_1.0_c_0.2_N_40_M_2_K_1_P_2_beta_0.001_u_0.001_v_0.1_p_1.0_ϵ_1.0_gens_20000000_210215-193557.998
      From worker 11:	replicate complete, ran 20000000 generations:
      From worker 11:	
      From worker 11:		num_imitating:			9997405
      From worker 11:		num_not_imitating:		10002595
      From worker 11:		num_strategies_changed:  	146672
      From worker 11:			num_random_strategies: 	10073
      From worker 11:		num_sets_changed: 		1671103
      From worker 11:			num_random_opinions: 	0
      From worker 11:			num_biased_opinions: 	250546
      From worker 11:		num_both_changed: 		39511
      From worker 11:	
      From worker 11:	data processed and exported
      From worker 11:	
      From worker 11:	starting b_1.0_c_0.2_N_40_M_2_K_1_P_2_beta_0.001_u_0.001_v_0.025_p_0.0_ϵ_1.0_gens_20000000_210215-193557.998
      From worker 12:	replicate complete, ran 20000000 generations:
      From worker 12:	
      From worker 12:		num_imitating:			12504140
      From worker 12:		num_not_imitating:		7495860
      From worker 12:		num_strategies_changed:  	360801
      From worker 12:			num_random_strategies: 	12797
      From worker 12:		num_sets_changed: 		7389692
      From worker 12:			num_random_opinions: 	311828
      From worker 12:			num_biased_opinions: 	937478
      From worker 12:		num_both_changed: 		258287
      From worker 12:	
      From worker 8:	replicate complete, ran 20000000 generations:
      From worker 8:	
      From worker 8:		num_imitating:			10000632
      From worker 8:		num_not_imitating:		9999368
      From worker 8:		num_strategies_changed:  	149765
      From worker 8:			num_random_strategies: 	10058
      From worker 8:		num_sets_changed: 		1693389
      From worker 8:			num_random_opinions: 	0
      From worker 8:			num_biased_opinions: 	249903
      From worker 8:		num_both_changed: 		40767
      From worker 8:	
      From worker 8:	data processed and exported
      From worker 12:	data processed and exported
      From worker 12:	
      From worker 12:	starting b_1.0_c_0.2_N_40_M_2_K_1_P_2_beta_0.001_u_0.001_v_0.1_p_1.0_ϵ_1.0_gens_20000000_210215-193557.998
      From worker 15:	replicate complete, ran 20000000 generations:
      From worker 15:	
      From worker 15:		num_imitating:			12496501
      From worker 15:		num_not_imitating:		7503499
      From worker 15:		num_strategies_changed:  	358465
      From worker 15:			num_random_strategies: 	12623
      From worker 15:		num_sets_changed: 		7376534
      From worker 15:			num_random_opinions: 	311847
      From worker 15:			num_biased_opinions: 	937700
      From worker 15:		num_both_changed: 		258117
      From worker 15:	
      From worker 8:	
      From worker 8:	starting b_1.0_c_0.2_N_40_M_2_K_1_P_2_beta_0.001_u_0.001_v_0.025_p_0.0_ϵ_1.0_gens_20000000_210215-193557.998
      From worker 16:	replicate complete, ran 20000000 generations:
      From worker 16:	
      From worker 16:		num_imitating:			12503362
      From worker 16:		num_not_imitating:		7496638
      From worker 16:		num_strategies_changed:  	370999
      From worker 16:			num_random_strategies: 	12483
      From worker 16:		num_sets_changed: 		7379001
      From worker 16:			num_random_opinions: 	313391
      From worker 16:			num_biased_opinions: 	937366
      From worker 16:		num_both_changed: 		265043
      From worker 16:	
      From worker 15:	data processed and exported
      From worker 15:	
      From worker 15:	starting b_1.0_c_0.2_N_40_M_2_K_1_P_2_beta_0.001_u_0.001_v_0.1_p_1.0_ϵ_1.0_gens_20000000_210215-193557.998
      From worker 16:	data processed and exported
      From worker 13:	replicate complete, ran 20000000 generations:
      From worker 13:	
      From worker 13:		num_imitating:			12502816
      From worker 13:		num_not_imitating:		7497184
      From worker 13:		num_strategies_changed:  	355138
      From worker 13:			num_random_strategies: 	12420
      From worker 13:		num_sets_changed: 		7390348
      From worker 13:			num_random_opinions: 	313208
      From worker 13:			num_biased_opinions: 	937537
      From worker 13:		num_both_changed: 		252588
      From worker 13:	
      From worker 16:	
      From worker 16:	starting b_1.0_c_0.2_N_40_M_2_K_1_P_2_beta_0.001_u_0.001_v_0.1_p_1.0_ϵ_1.0_gens_20000000_210215-193557.998
      From worker 13:	data processed and exported
      From worker 13:	
      From worker 13:	starting b_1.0_c_0.2_N_40_M_2_K_1_P_2_beta_0.001_u_0.001_v_0.1_p_1.0_ϵ_1.0_gens_20000000_210215-193557.998
      From worker 10:	replicate complete, ran 20000000 generations:
      From worker 10:	
      From worker 10:		num_imitating:			10001520
      From worker 10:		num_not_imitating:		9998480
      From worker 10:		num_strategies_changed:  	144276
      From worker 10:			num_random_strategies: 	9864
      From worker 10:		num_sets_changed: 		1668978
      From worker 10:			num_random_opinions: 	0
      From worker 10:			num_biased_opinions: 	250568
      From worker 10:		num_both_changed: 		37921
      From worker 10:	
      From worker 10:	data processed and exported
      From worker 10:	
      From worker 10:	starting b_1.0_c_0.2_N_40_M_2_K_1_P_2_beta_0.001_u_0.001_v_0.025_p_0.0_ϵ_1.0_gens_20000000_210215-193557.998
      From worker 9:	replicate complete, ran 20000000 generations:
      From worker 9:	
      From worker 9:		num_imitating:			9996998
      From worker 9:		num_not_imitating:		10003002
      From worker 9:		num_strategies_changed:  	145200
      From worker 9:			num_random_strategies: 	10075
      From worker 9:		num_sets_changed: 		1669931
      From worker 9:			num_random_opinions: 	0
      From worker 9:			num_biased_opinions: 	249724
      From worker 9:		num_both_changed: 		38340
      From worker 9:	
      From worker 9:	data processed and exported
      From worker 9:	
      From worker 9:	starting b_1.0_c_0.2_N_40_M_2_K_1_P_2_beta_0.001_u_0.001_v_0.025_p_0.0_ϵ_1.0_gens_20000000_210215-193557.998
      From worker 2:	replicate complete, ran 20000000 generations:
      From worker 2:	
      From worker 2:		num_imitating:			17502543
      From worker 2:		num_not_imitating:		2497457
      From worker 2:		num_strategies_changed:  	502129
      From worker 2:			num_random_strategies: 	17752
      From worker 2:		num_sets_changed: 		466274
      From worker 2:			num_random_opinions: 	13059
      From worker 2:			num_biased_opinions: 	4377
      From worker 2:		num_both_changed: 		28332
      From worker 2:	
      From worker 7:	replicate complete, ran 20000000 generations:
      From worker 7:	
      From worker 7:		num_imitating:			10002640
      From worker 7:		num_not_imitating:		9997360
      From worker 7:		num_strategies_changed:  	154723
      From worker 7:			num_random_strategies: 	10106
      From worker 7:		num_sets_changed: 		1682637
      From worker 7:			num_random_opinions: 	0
      From worker 7:			num_biased_opinions: 	250914
      From worker 7:		num_both_changed: 		43735
      From worker 7:	
      From worker 2:	data processed and exported
      From worker 7:	data processed and exported
      From worker 2:	
      From worker 2:	starting b_1.0_c_0.2_N_40_M_2_K_1_P_2_beta_0.001_u_0.001_v_0.001_p_0.5_ϵ_1.0_gens_20000000_210215-193557.998
      From worker 7:	
      From worker 7:	starting b_1.0_c_0.2_N_40_M_2_K_1_P_2_beta_0.001_u_0.001_v_0.025_p_0.0_ϵ_1.0_gens_20000000_210215-193557.998
      From worker 4:	replicate complete, ran 20000000 generations:
      From worker 4:	
      From worker 4:		num_imitating:			17497315
      From worker 4:		num_not_imitating:		2502685
      From worker 4:		num_strategies_changed:  	504042
      From worker 4:			num_random_strategies: 	17736
      From worker 4:		num_sets_changed: 		517281
      From worker 4:			num_random_opinions: 	13143
      From worker 4:			num_biased_opinions: 	4459
      From worker 4:		num_both_changed: 		28473
      From worker 4:	
      From worker 4:	data processed and exported
      From worker 4:	
      From worker 4:	starting b_1.0_c_0.2_N_40_M_2_K_1_P_2_beta_0.001_u_0.001_v_0.001_p_0.5_ϵ_1.0_gens_20000000_210215-193557.998
      From worker 3:	replicate complete, ran 20000000 generations:
      From worker 3:	
      From worker 3:		num_imitating:			17500686
      From worker 3:		num_not_imitating:		2499314
      From worker 3:		num_strategies_changed:  	493740
      From worker 3:			num_random_strategies: 	17476
      From worker 3:		num_sets_changed: 		492170
      From worker 3:			num_random_opinions: 	13041
      From worker 3:			num_biased_opinions: 	4316
      From worker 3:		num_both_changed: 		31939
      From worker 3:	
      From worker 3:	data processed and exported
      From worker 3:	
      From worker 3:	starting b_1.0_c_0.2_N_40_M_2_K_1_P_2_beta_0.001_u_0.001_v_0.001_p_0.5_ϵ_1.0_gens_20000000_210215-193557.998
      From worker 6:	replicate complete, ran 20000000 generations:
      From worker 6:	
      From worker 6:		num_imitating:			17500230
      From worker 6:		num_not_imitating:		2499770
      From worker 6:		num_strategies_changed:  	496260
      From worker 6:			num_random_strategies: 	17477
      From worker 6:		num_sets_changed: 		468248
      From worker 6:			num_random_opinions: 	12842
      From worker 6:			num_biased_opinions: 	4275
      From worker 6:		num_both_changed: 		22455
      From worker 6:	
      From worker 6:	data processed and exported
      From worker 6:	
      From worker 6:	starting b_1.0_c_0.2_N_40_M_2_K_1_P_2_beta_0.001_u_0.001_v_0.001_p_0.5_ϵ_1.0_gens_20000000_210215-193557.998
      From worker 5:	replicate complete, ran 20000000 generations:
      From worker 5:	
      From worker 5:		num_imitating:			17499532
      From worker 5:		num_not_imitating:		2500468
      From worker 5:		num_strategies_changed:  	517656
      From worker 5:			num_random_strategies: 	17543
      From worker 5:		num_sets_changed: 		480109
      From worker 5:			num_random_opinions: 	12931
      From worker 5:			num_biased_opinions: 	4257
      From worker 5:		num_both_changed: 		26227
      From worker 5:	
      From worker 5:	data processed and exported
      From worker 5:	
      From worker 5:	starting b_1.0_c_0.2_N_40_M_2_K_1_P_2_beta_0.001_u_0.001_v_0.001_p_0.5_ϵ_1.0_gens_20000000_210215-193557.998
      From worker 2:	replicate complete, ran 20000000 generations:
      From worker 2:	
      From worker 2:		num_imitating:			14999688
      From worker 2:		num_not_imitating:		5000312
      From worker 2:		num_strategies_changed:  	433703
      From worker 2:			num_random_strategies: 	14954
      From worker 2:		num_sets_changed: 		422980
      From worker 2:			num_random_opinions: 	7610
      From worker 2:			num_biased_opinions: 	7604
      From worker 2:		num_both_changed: 		20334
      From worker 2:	
      From worker 2:	data processed and exported
      From worker 2:	
      From worker 2:	starting b_1.0_c_0.2_N_40_M_2_K_1_P_2_beta_0.001_u_0.001_v_0.001_p_0.75_ϵ_1.0_gens_20000000_210215-193557.998
      From worker 14:	replicate complete, ran 20000000 generations:
      From worker 14:	
      From worker 14:		num_imitating:			9999817
      From worker 14:		num_not_imitating:		10000183
      From worker 14:		num_strategies_changed:  	151443
      From worker 14:			num_random_strategies: 	10052
      From worker 14:		num_sets_changed: 		3438635
      From worker 14:			num_random_opinions: 	0
      From worker 14:			num_biased_opinions: 	999949
      From worker 14:		num_both_changed: 		68659
      From worker 14:	
      From worker 14:	data processed and exported
      From worker 4:	replicate complete, ran 20000000 generations:
      From worker 4:	
      From worker 4:		num_imitating:			15000365
      From worker 4:		num_not_imitating:		4999635
      From worker 4:		num_strategies_changed:  	431573
      From worker 4:			num_random_strategies: 	15014
      From worker 4:		num_sets_changed: 		417348
      From worker 4:			num_random_opinions: 	7638
      From worker 4:			num_biased_opinions: 	7562
      From worker 4:		num_both_changed: 		24977
      From worker 4:	
      From worker 14:	
      From worker 14:	starting b_1.0_c_0.2_N_40_M_2_K_1_P_2_beta_0.001_u_0.001_v_0.1_p_0.0_ϵ_1.0_gens_20000000_210215-193557.998
      From worker 4:	data processed and exported
      From worker 4:	
      From worker 4:	starting b_1.0_c_0.2_N_40_M_2_K_1_P_2_beta_0.001_u_0.001_v_0.001_p_0.75_ϵ_1.0_gens_20000000_210215-193557.998
      From worker 3:	replicate complete, ran 20000000 generations:
      From worker 3:	
      From worker 3:		num_imitating:			14995745
      From worker 3:		num_not_imitating:		5004255
      From worker 3:		num_strategies_changed:  	439772
      From worker 3:			num_random_strategies: 	15157
      From worker 3:		num_sets_changed: 		415019
      From worker 3:			num_random_opinions: 	7503
      From worker 3:			num_biased_opinions: 	7653
      From worker 3:		num_both_changed: 		20827
      From worker 3:	
      From worker 3:	data processed and exported
      From worker 3:	
      From worker 3:	starting b_1.0_c_0.2_N_40_M_2_K_1_P_2_beta_0.001_u_0.001_v_0.001_p_0.75_ϵ_1.0_gens_20000000_210215-193557.998
      From worker 6:	replicate complete, ran 20000000 generations:
      From worker 6:	
      From worker 6:		num_imitating:			14997070
      From worker 6:		num_not_imitating:		5002930
      From worker 6:		num_strategies_changed:  	446881
      From worker 6:			num_random_strategies: 	15171
      From worker 6:		num_sets_changed: 		431037
      From worker 6:			num_random_opinions: 	7517
      From worker 6:			num_biased_opinions: 	7430
      From worker 6:		num_both_changed: 		22394
      From worker 6:	
      From worker 6:	data processed and exported
      From worker 6:	
      From worker 6:	starting b_1.0_c_0.2_N_40_M_2_K_1_P_2_beta_0.001_u_0.001_v_0.001_p_0.75_ϵ_1.0_gens_20000000_210215-193557.998
      From worker 16:	replicate complete, ran 20000000 generations:
      From worker 16:	
      From worker 16:		num_imitating:			9997195
      From worker 16:		num_not_imitating:		10002805
      From worker 16:		num_strategies_changed:  	138913
      From worker 16:			num_random_strategies: 	9952
      From worker 16:		num_sets_changed: 		3428944
      From worker 16:			num_random_opinions: 	0
      From worker 16:			num_biased_opinions: 	999516
      From worker 16:		num_both_changed: 		60948
      From worker 16:	
      From worker 12:	replicate complete, ran 20000000 generations:
      From worker 12:	
      From worker 12:		num_imitating:			10000249
      From worker 12:		num_not_imitating:		9999751
      From worker 12:		num_strategies_changed:  	147659
      From worker 12:			num_random_strategies: 	9956
      From worker 12:		num_sets_changed: 		3428307
      From worker 12:			num_random_opinions: 	0
      From worker 12:			num_biased_opinions: 	1000762
      From worker 12:		num_both_changed: 		64713
      From worker 12:	
      From worker 15:	replicate complete, ran 20000000 generations:
      From worker 15:	
      From worker 15:		num_imitating:			10004412
      From worker 15:		num_not_imitating:		9995588
      From worker 15:		num_strategies_changed:  	150712
      From worker 15:			num_random_strategies: 	9940
      From worker 15:		num_sets_changed: 		3443403
      From worker 15:			num_random_opinions: 	0
      From worker 15:			num_biased_opinions: 	1001517
      From worker 15:		num_both_changed: 		67744
      From worker 15:	
      From worker 16:	data processed and exported
      From worker 16:	
      From worker 16:	starting b_1.0_c_0.2_N_40_M_2_K_1_P_2_beta_0.001_u_0.001_v_0.1_p_0.0_ϵ_1.0_gens_20000000_210215-193557.998
      From worker 12:	data processed and exported
      From worker 15:	data processed and exported
      From worker 13:	replicate complete, ran 20000000 generations:
      From worker 13:	
      From worker 13:		num_imitating:			9997223
      From worker 13:		num_not_imitating:		10002777
      From worker 13:		num_strategies_changed:  	142016
      From worker 13:			num_random_strategies: 	10112
      From worker 13:		num_sets_changed: 		3434502
      From worker 13:			num_random_opinions: 	0
      From worker 13:			num_biased_opinions: 	1001063
      From worker 13:		num_both_changed: 		63897
      From worker 13:	
      From worker 15:	
      From worker 15:	starting b_1.0_c_0.2_N_40_M_2_K_1_P_2_beta_0.001_u_0.001_v_0.1_p_0.0_ϵ_1.0_gens_20000000_210215-193557.998
      From worker 12:	
      From worker 12:	starting b_1.0_c_0.2_N_40_M_2_K_1_P_2_beta_0.001_u_0.001_v_0.1_p_0.0_ϵ_1.0_gens_20000000_210215-193557.998
      From worker 13:	data processed and exported
      From worker 13:	
      From worker 13:	starting b_1.0_c_0.2_N_40_M_2_K_1_P_2_beta_0.001_u_0.001_v_0.1_p_0.0_ϵ_1.0_gens_20000000_210215-193557.998
      From worker 5:	replicate complete, ran 20000000 generations:
      From worker 5:	
      From worker 5:		num_imitating:			15000439
      From worker 5:		num_not_imitating:		4999561
      From worker 5:		num_strategies_changed:  	444858
      From worker 5:			num_random_strategies: 	15108
      From worker 5:		num_sets_changed: 		440032
      From worker 5:			num_random_opinions: 	7580
      From worker 5:			num_biased_opinions: 	7461
      From worker 5:		num_both_changed: 		30742
      From worker 5:	
      From worker 5:	data processed and exported
      From worker 5:	
      From worker 5:	starting b_1.0_c_0.2_N_40_M_2_K_1_P_2_beta_0.001_u_0.001_v_0.001_p_0.75_ϵ_1.0_gens_20000000_210215-193557.998
      From worker 11:	replicate complete, ran 20000000 generations:
      From worker 11:	
      From worker 11:		num_imitating:			20000000
      From worker 11:		num_not_imitating:		0
      From worker 11:		num_strategies_changed:  	604230
      From worker 11:			num_random_strategies: 	20144
      From worker 11:		num_sets_changed: 		7424265
      From worker 11:			num_random_opinions: 	499469
      From worker 11:			num_biased_opinions: 	0
      From worker 11:		num_both_changed: 		329533
      From worker 11:	
      From worker 11:	data processed and exported
      From worker 11:	
      From worker 11:	starting b_1.0_c_0.2_N_40_M_2_K_1_P_2_beta_0.001_u_0.001_v_0.025_p_0.25_ϵ_1.0_gens_20000000_210215-193557.998
      From worker 8:	replicate complete, ran 20000000 generations:
      From worker 8:	
      From worker 8:		num_imitating:			20000000
      From worker 8:		num_not_imitating:		0
      From worker 8:		num_strategies_changed:  	571602
      From worker 8:			num_random_strategies: 	20103
      From worker 8:		num_sets_changed: 		7459619
      From worker 8:			num_random_opinions: 	499154
      From worker 8:			num_biased_opinions: 	0
      From worker 8:		num_both_changed: 		309230
      From worker 8:	
      From worker 8:	data processed and exported
      From worker 8:	
      From worker 8:	starting b_1.0_c_0.2_N_40_M_2_K_1_P_2_beta_0.001_u_0.001_v_0.025_p_0.25_ϵ_1.0_gens_20000000_210215-193557.998
      From worker 10:	replicate complete, ran 20000000 generations:
      From worker 10:	
      From worker 10:		num_imitating:			20000000
      From worker 10:		num_not_imitating:		0
      From worker 10:		num_strategies_changed:  	562924
      From worker 10:			num_random_strategies: 	19908
      From worker 10:		num_sets_changed: 		7475702
      From worker 10:			num_random_opinions: 	500136
      From worker 10:			num_biased_opinions: 	0
      From worker 10:		num_both_changed: 		309639
      From worker 10:	
      From worker 10:	data processed and exported
      From worker 10:	
      From worker 10:	starting b_1.0_c_0.2_N_40_M_2_K_1_P_2_beta_0.001_u_0.001_v_0.025_p_0.25_ϵ_1.0_gens_20000000_210215-193557.998
      From worker 9:	replicate complete, ran 20000000 generations:
      From worker 9:	
      From worker 9:		num_imitating:			20000000
      From worker 9:		num_not_imitating:		0
      From worker 9:		num_strategies_changed:  	587758
      From worker 9:			num_random_strategies: 	20136
      From worker 9:		num_sets_changed: 		7450870
      From worker 9:			num_random_opinions: 	500632
      From worker 9:			num_biased_opinions: 	0
      From worker 9:		num_both_changed: 		325707
      From worker 9:	
      From worker 9:	data processed and exported
      From worker 9:	
      From worker 9:	starting b_1.0_c_0.2_N_40_M_2_K_1_P_2_beta_0.001_u_0.001_v_0.025_p_0.25_ϵ_1.0_gens_20000000_210215-193557.998
      From worker 7:	replicate complete, ran 20000000 generations:
      From worker 7:	
      From worker 7:		num_imitating:			20000000
      From worker 7:		num_not_imitating:		0
      From worker 7:		num_strategies_changed:  	573243
      From worker 7:			num_random_strategies: 	19976
      From worker 7:		num_sets_changed: 		7447247
      From worker 7:			num_random_opinions: 	499432
      From worker 7:			num_biased_opinions: 	0
      From worker 7:		num_both_changed: 		313839
      From worker 7:	
      From worker 7:	data processed and exported
      From worker 7:	
      From worker 7:	starting b_1.0_c_0.2_N_40_M_2_K_1_P_2_beta_0.001_u_0.001_v_0.025_p_0.25_ϵ_1.0_gens_20000000_210215-193557.998
      From worker 2:	replicate complete, ran 20000000 generations:
      From worker 2:	
      From worker 2:		num_imitating:			12503674
      From worker 2:		num_not_imitating:		7496326
      From worker 2:		num_strategies_changed:  	376641
      From worker 2:			num_random_strategies: 	12533
      From worker 2:		num_sets_changed: 		363717
      From worker 2:			num_random_opinions: 	3112
      From worker 2:			num_biased_opinions: 	9540
      From worker 2:		num_both_changed: 		18700
      From worker 2:	
      From worker 2:	data processed and exported
      From worker 2:	
      From worker 2:	starting b_1.0_c_0.2_N_40_M_2_K_1_P_2_beta_0.001_u_0.001_v_0.001_p_1.0_ϵ_1.0_gens_20000000_210215-193557.998
      From worker 4:	replicate complete, ran 20000000 generations:
      From worker 4:	
      From worker 4:		num_imitating:			12497020
      From worker 4:		num_not_imitating:		7502980
      From worker 4:		num_strategies_changed:  	370734
      From worker 4:			num_random_strategies: 	12498
      From worker 4:		num_sets_changed: 		333661
      From worker 4:			num_random_opinions: 	3153
      From worker 4:			num_biased_opinions: 	9373
      From worker 4:		num_both_changed: 		23922
      From worker 4:	
      From worker 4:	data processed and exported
      From worker 4:	
      From worker 4:	starting b_1.0_c_0.2_N_40_M_2_K_1_P_2_beta_0.001_u_0.001_v_0.001_p_1.0_ϵ_1.0_gens_20000000_210215-193557.998
      From worker 3:	replicate complete, ran 20000000 generations:
      From worker 3:	
      From worker 3:		num_imitating:			12499050
      From worker 3:		num_not_imitating:		7500950
      From worker 3:		num_strategies_changed:  	355737
      From worker 3:			num_random_strategies: 	12321
      From worker 3:		num_sets_changed: 		320751
      From worker 3:			num_random_opinions: 	3081
      From worker 3:			num_biased_opinions: 	9434
      From worker 3:		num_both_changed: 		17297
      From worker 3:	
      From worker 3:	data processed and exported
      From worker 3:	
      From worker 3:	starting b_1.0_c_0.2_N_40_M_2_K_1_P_2_beta_0.001_u_0.001_v_0.001_p_1.0_ϵ_1.0_gens_20000000_210215-193557.998
      From worker 6:	replicate complete, ran 20000000 generations:
      From worker 6:	
      From worker 6:		num_imitating:			12500195
      From worker 6:		num_not_imitating:		7499805
      From worker 6:		num_strategies_changed:  	338174
      From worker 6:			num_random_strategies: 	12363
      From worker 6:		num_sets_changed: 		363715
      From worker 6:			num_random_opinions: 	3094
      From worker 6:			num_biased_opinions: 	9443
      From worker 6:		num_both_changed: 		17343
      From worker 6:	
      From worker 6:	data processed and exported
      From worker 6:	
      From worker 6:	starting b_1.0_c_0.2_N_40_M_2_K_1_P_2_beta_0.001_u_0.001_v_0.001_p_1.0_ϵ_1.0_gens_20000000_210215-193557.998
      From worker 5:	replicate complete, ran 20000000 generations:
      From worker 5:	
      From worker 5:		num_imitating:			12497486
      From worker 5:		num_not_imitating:		7502514
      From worker 5:		num_strategies_changed:  	344310
      From worker 5:			num_random_strategies: 	12403
      From worker 5:		num_sets_changed: 		323310
      From worker 5:			num_random_opinions: 	2991
      From worker 5:			num_biased_opinions: 	9450
      From worker 5:		num_both_changed: 		14051
      From worker 5:	
      From worker 5:	data processed and exported
      From worker 5:	
      From worker 5:	starting b_1.0_c_0.2_N_40_M_2_K_1_P_2_beta_0.001_u_0.001_v_0.001_p_1.0_ϵ_1.0_gens_20000000_210215-193557.998
      From worker 14:	replicate complete, ran 20000000 generations:
      From worker 14:	
      From worker 14:		num_imitating:			20000000
      From worker 14:		num_not_imitating:		0
      From worker 14:		num_strategies_changed:  	555630
      From worker 14:			num_random_strategies: 	19873
      From worker 14:		num_sets_changed: 		12209898
      From worker 14:			num_random_opinions: 	2000738
      From worker 14:			num_biased_opinions: 	0
      From worker 14:		num_both_changed: 		399731
      From worker 14:	
      From worker 2:	replicate complete, ran 20000000 generations:
      From worker 2:	
      From worker 2:		num_imitating:			10000493
      From worker 2:		num_not_imitating:		9999507
      From worker 2:		num_strategies_changed:  	139908
      From worker 2:			num_random_strategies: 	10000
      From worker 2:		num_sets_changed: 		98504
      From worker 2:			num_random_opinions: 	0
      From worker 2:			num_biased_opinions: 	10174
      From worker 2:		num_both_changed: 		3674
      From worker 2:	
      From worker 14:	data processed and exported
      From worker 2:	data processed and exported
      From worker 14:	
      From worker 14:	starting b_1.0_c_0.2_N_40_M_2_K_1_P_2_beta_0.001_u_0.001_v_0.1_p_0.25_ϵ_1.0_gens_20000000_210215-193557.998
      From worker 11:	replicate complete, ran 20000000 generations:
      From worker 11:	
      From worker 11:		num_imitating:			17501895
      From worker 11:		num_not_imitating:		2498105
      From worker 11:		num_strategies_changed:  	509039
      From worker 11:			num_random_strategies: 	17478
      From worker 11:		num_sets_changed: 		6459816
      From worker 11:			num_random_opinions: 	328583
      From worker 11:			num_biased_opinions: 	109318
      From worker 11:		num_both_changed: 		273138
      From worker 11:	
      From worker 11:	data processed and exported
      From worker 11:	
      From worker 11:	starting b_1.0_c_0.2_N_40_M_2_K_1_P_2_beta_0.001_u_0.001_v_0.025_p_0.5_ϵ_1.0_gens_20000000_210215-193557.998
      From worker 8:	replicate complete, ran 20000000 generations:
      From worker 8:	
      From worker 8:		num_imitating:			17501444
      From worker 8:		num_not_imitating:		2498556
      From worker 8:		num_strategies_changed:  	507038
      From worker 8:			num_random_strategies: 	17440
      From worker 8:		num_sets_changed: 		6403857
      From worker 8:			num_random_opinions: 	327856
      From worker 8:			num_biased_opinions: 	109346
      From worker 8:		num_both_changed: 		270334
      From worker 8:	
      From worker 8:	data processed and exported
      From worker 8:	
      From worker 8:	starting b_1.0_c_0.2_N_40_M_2_K_1_P_2_beta_0.001_u_0.001_v_0.025_p_0.5_ϵ_1.0_gens_20000000_210215-193557.998
      From worker 4:	replicate complete, ran 20000000 generations:
      From worker 4:	
      From worker 4:		num_imitating:			9998863
      From worker 4:		num_not_imitating:		10001137
      From worker 4:		num_strategies_changed:  	140085
      From worker 4:			num_random_strategies: 	10015
      From worker 4:		num_sets_changed: 		98317
      From worker 4:			num_random_opinions: 	0
      From worker 4:			num_biased_opinions: 	10064
      From worker 4:		num_both_changed: 		2121
      From worker 4:	
      From worker 4:	data processed and exported
      From worker 16:	replicate complete, ran 20000000 generations:
      From worker 16:	
      From worker 16:		num_imitating:			20000000
      From worker 16:		num_not_imitating:		0
      From worker 16:		num_strategies_changed:  	578749
      From worker 16:			num_random_strategies: 	19922
      From worker 16:		num_sets_changed: 		12206339
      From worker 16:			num_random_opinions: 	2000545
      From worker 16:			num_biased_opinions: 	0
      From worker 16:		num_both_changed: 		415801
      From worker 16:	
      From worker 16:	data processed and exported
      From worker 16:	
      From worker 16:	starting b_1.0_c_0.2_N_40_M_2_K_1_P_2_beta_0.001_u_0.001_v_0.1_p_0.25_ϵ_1.0_gens_20000000_210215-193557.998
      From worker 3:	replicate complete, ran 20000000 generations:
      From worker 3:	
      From worker 3:		num_imitating:			9998245
      From worker 3:		num_not_imitating:		10001755
      From worker 3:		num_strategies_changed:  	148886
      From worker 3:			num_random_strategies: 	10086
      From worker 3:		num_sets_changed: 		93176
      From worker 3:			num_random_opinions: 	0
      From worker 3:			num_biased_opinions: 	9861
      From worker 3:		num_both_changed: 		2465
      From worker 3:	
      From worker 10:	replicate complete, ran 20000000 generations:
      From worker 10:	
      From worker 10:		num_imitating:			17501287
      From worker 10:		num_not_imitating:		2498713
      From worker 10:		num_strategies_changed:  	489310
      From worker 10:			num_random_strategies: 	17349
      From worker 10:		num_sets_changed: 		6509455
      From worker 10:			num_random_opinions: 	328761
      From worker 10:			num_biased_opinions: 	109369
      From worker 10:		num_both_changed: 		267554
      From worker 10:	
      From worker 3:	data processed and exported
      From worker 10:	data processed and exported
      From worker 10:	
      From worker 10:	starting b_1.0_c_0.2_N_40_M_2_K_1_P_2_beta_0.001_u_0.001_v_0.025_p_0.5_ϵ_1.0_gens_20000000_210215-193557.998
      From worker 15:	replicate complete, ran 20000000 generations:
      From worker 15:	
      From worker 15:		num_imitating:			20000000
      From worker 15:		num_not_imitating:		0
      From worker 15:		num_strategies_changed:  	553129
      From worker 15:			num_random_strategies: 	20153
      From worker 15:		num_sets_changed: 		12197828
      From worker 15:			num_random_opinions: 	1999044
      From worker 15:			num_biased_opinions: 	0
      From worker 15:		num_both_changed: 		397117
      From worker 15:	
      From worker 15:	data processed and exported
      From worker 15:	
      From worker 15:	starting b_1.0_c_0.2_N_40_M_2_K_1_P_2_beta_0.001_u_0.001_v_0.1_p_0.25_ϵ_1.0_gens_20000000_210215-193557.998
      From worker 13:	replicate complete, ran 20000000 generations:
      From worker 13:	
      From worker 13:		num_imitating:			20000000
      From worker 13:		num_not_imitating:		0
      From worker 13:		num_strategies_changed:  	576944
      From worker 13:			num_random_strategies: 	19835
      From worker 13:		num_sets_changed: 		12211042
      From worker 13:			num_random_opinions: 	2000320
      From worker 13:			num_biased_opinions: 	0
      From worker 13:		num_both_changed: 		417277
      From worker 13:	
      From worker 12:	replicate complete, ran 20000000 generations:
      From worker 12:	
      From worker 12:		num_imitating:			20000000
      From worker 12:		num_not_imitating:		0
      From worker 12:		num_strategies_changed:  	570473
      From worker 12:			num_random_strategies: 	19995
      From worker 12:		num_sets_changed: 		12191961
      From worker 12:			num_random_opinions: 	2002435
      From worker 12:			num_biased_opinions: 	0
      From worker 12:		num_both_changed: 		407881
      From worker 12:	
      From worker 13:	data processed and exported
      From worker 13:	
      From worker 13:	starting b_1.0_c_0.2_N_40_M_2_K_1_P_2_beta_0.001_u_0.001_v_0.1_p_0.25_ϵ_1.0_gens_20000000_210215-193557.998
      From worker 12:	data processed and exported
      From worker 12:	
      From worker 12:	starting b_1.0_c_0.2_N_40_M_2_K_1_P_2_beta_0.001_u_0.001_v_0.1_p_0.25_ϵ_1.0_gens_20000000_210215-193557.998
      From worker 6:	replicate complete, ran 20000000 generations:
      From worker 6:	
      From worker 6:		num_imitating:			10003015
      From worker 6:		num_not_imitating:		9996985
      From worker 6:		num_strategies_changed:  	150951
      From worker 6:			num_random_strategies: 	10115
      From worker 6:		num_sets_changed: 		100553
      From worker 6:			num_random_opinions: 	0
      From worker 6:			num_biased_opinions: 	10126
      From worker 6:		num_both_changed: 		3215
      From worker 6:	
      From worker 6:	data processed and exported
      From worker 9:	replicate complete, ran 20000000 generations:
      From worker 9:	
      From worker 9:		num_imitating:			17500406
      From worker 9:		num_not_imitating:		2499594
      From worker 9:		num_strategies_changed:  	485341
      From worker 9:			num_random_strategies: 	17457
      From worker 9:		num_sets_changed: 		6483033
      From worker 9:			num_random_opinions: 	328455
      From worker 9:			num_biased_opinions: 	108792
      From worker 9:		num_both_changed: 		261226
      From worker 9:	
      From worker 9:	data processed and exported
      From worker 9:	
      From worker 9:	starting b_1.0_c_0.2_N_40_M_2_K_1_P_2_beta_0.001_u_0.001_v_0.025_p_0.5_ϵ_1.0_gens_20000000_210215-193557.998
      From worker 7:	replicate complete, ran 20000000 generations:
      From worker 7:	
      From worker 7:		num_imitating:			17499832
      From worker 7:		num_not_imitating:		2500168
      From worker 7:		num_strategies_changed:  	474287
      From worker 7:			num_random_strategies: 	17602
      From worker 7:		num_sets_changed: 		6478649
      From worker 7:			num_random_opinions: 	327759
      From worker 7:			num_biased_opinions: 	109539
      From worker 7:		num_both_changed: 		257322
      From worker 7:	
      From worker 7:	data processed and exported
      From worker 7:	
      From worker 7:	starting b_1.0_c_0.2_N_40_M_2_K_1_P_2_beta_0.001_u_0.001_v_0.025_p_0.5_ϵ_1.0_gens_20000000_210215-193557.998
      From worker 5:	replicate complete, ran 20000000 generations:
      From worker 5:	
      From worker 5:		num_imitating:			10001668
      From worker 5:		num_not_imitating:		9998332
      From worker 5:		num_strategies_changed:  	154960
      From worker 5:			num_random_strategies: 	9940
      From worker 5:		num_sets_changed: 		98609
      From worker 5:			num_random_opinions: 	0
      From worker 5:			num_biased_opinions: 	9995
      From worker 5:		num_both_changed: 		3610
      From worker 5:	
      From worker 5:	data processed and exported
      From worker 11:	replicate complete, ran 20000000 generations:
      From worker 11:	
      From worker 11:		num_imitating:			14996303
      From worker 11:		num_not_imitating:		5003697
      From worker 11:		num_strategies_changed:  	443753
      From worker 11:			num_random_strategies: 	15342
      From worker 11:		num_sets_changed: 		5566840
      From worker 11:			num_random_opinions: 	187016
      From worker 11:			num_biased_opinions: 	187874
      From worker 11:		num_both_changed: 		242575
      From worker 11:	
      From worker 11:	data processed and exported
      From worker 11:	
      From worker 11:	starting b_1.0_c_0.2_N_40_M_2_K_1_P_2_beta_0.001_u_0.001_v_0.025_p_0.75_ϵ_1.0_gens_20000000_210215-193557.998
      From worker 8:	replicate complete, ran 20000000 generations:
      From worker 8:	
      From worker 8:		num_imitating:			14997664
      From worker 8:		num_not_imitating:		5002336
      From worker 8:		num_strategies_changed:  	425996
      From worker 8:			num_random_strategies: 	14968
      From worker 8:		num_sets_changed: 		5543818
      From worker 8:			num_random_opinions: 	187153
      From worker 8:			num_biased_opinions: 	187274
      From worker 8:		num_both_changed: 		229126
      From worker 8:	
      From worker 8:	data processed and exported
      From worker 8:	
      From worker 8:	starting b_1.0_c_0.2_N_40_M_2_K_1_P_2_beta_0.001_u_0.001_v_0.025_p_0.75_ϵ_1.0_gens_20000000_210215-193557.998
      From worker 10:	replicate complete, ran 20000000 generations:
      From worker 10:	
      From worker 10:		num_imitating:			14996601
      From worker 10:		num_not_imitating:		5003399
      From worker 10:		num_strategies_changed:  	417011
      From worker 10:			num_random_strategies: 	15144
      From worker 10:		num_sets_changed: 		5526076
      From worker 10:			num_random_opinions: 	187516
      From worker 10:			num_biased_opinions: 	187966
      From worker 10:		num_both_changed: 		224578
      From worker 10:	
      From worker 10:	data processed and exported
      From worker 10:	
      From worker 10:	starting b_1.0_c_0.2_N_40_M_2_K_1_P_2_beta_0.001_u_0.001_v_0.025_p_0.75_ϵ_1.0_gens_20000000_210215-193557.998
      From worker 9:	replicate complete, ran 20000000 generations:
      From worker 9:	
      From worker 9:		num_imitating:			14999154
      From worker 9:		num_not_imitating:		5000846
      From worker 9:		num_strategies_changed:  	423180
      From worker 9:			num_random_strategies: 	15039
      From worker 9:		num_sets_changed: 		5522692
      From worker 9:			num_random_opinions: 	187801
      From worker 9:			num_biased_opinions: 	187889
      From worker 9:		num_both_changed: 		226787
      From worker 9:	
      From worker 9:	data processed and exported
      From worker 9:	
      From worker 9:	starting b_1.0_c_0.2_N_40_M_2_K_1_P_2_beta_0.001_u_0.001_v_0.025_p_0.75_ϵ_1.0_gens_20000000_210215-193557.998
      From worker 7:	replicate complete, ran 20000000 generations:
      From worker 7:	
      From worker 7:		num_imitating:			14996905
      From worker 7:		num_not_imitating:		5003095
      From worker 7:		num_strategies_changed:  	437550
      From worker 7:			num_random_strategies: 	14827
      From worker 7:		num_sets_changed: 		5539650
      From worker 7:			num_random_opinions: 	187943
      From worker 7:			num_biased_opinions: 	187815
      From worker 7:		num_both_changed: 		238516
      From worker 7:	
      From worker 7:	data processed and exported
      From worker 7:	
      From worker 7:	starting b_1.0_c_0.2_N_40_M_2_K_1_P_2_beta_0.001_u_0.001_v_0.025_p_0.75_ϵ_1.0_gens_20000000_210215-193557.998
      From worker 14:	replicate complete, ran 20000000 generations:
      From worker 14:	
      From worker 14:		num_imitating:			17501609
      From worker 14:		num_not_imitating:		2498391
      From worker 14:		num_strategies_changed:  	518460
      From worker 14:			num_random_strategies: 	17477
      From worker 14:		num_sets_changed: 		10631589
      From worker 14:			num_random_opinions: 	1313924
      From worker 14:			num_biased_opinions: 	436647
      From worker 14:		num_both_changed: 		372248
      From worker 14:	
      From worker 14:	data processed and exported
      From worker 14:	
      From worker 14:	starting b_1.0_c_0.2_N_40_M_2_K_1_P_2_beta_0.001_u_0.001_v_0.1_p_0.5_ϵ_1.0_gens_20000000_210215-193557.998
      From worker 16:	replicate complete, ran 20000000 generations:
      From worker 16:	
      From worker 16:		num_imitating:			17497647
      From worker 16:		num_not_imitating:		2502353
      From worker 16:		num_strategies_changed:  	503233
      From worker 16:			num_random_strategies: 	17478
      From worker 16:		num_sets_changed: 		10631696
      From worker 16:			num_random_opinions: 	1313470
      From worker 16:			num_biased_opinions: 	436220
      From worker 16:		num_both_changed: 		363315
      From worker 16:	
      From worker 16:	data processed and exported
      From worker 16:	
      From worker 16:	starting b_1.0_c_0.2_N_40_M_2_K_1_P_2_beta_0.001_u_0.001_v_0.1_p_0.5_ϵ_1.0_gens_20000000_210215-193557.998
      From worker 15:	replicate complete, ran 20000000 generations:
      From worker 15:	
      From worker 15:		num_imitating:			17500350
      From worker 15:		num_not_imitating:		2499650
      From worker 15:		num_strategies_changed:  	516070
      From worker 15:			num_random_strategies: 	17488
      From worker 15:		num_sets_changed: 		10639519
      From worker 15:			num_random_opinions: 	1311351
      From worker 15:			num_biased_opinions: 	437237
      From worker 15:		num_both_changed: 		370911
      From worker 15:	
      From worker 15:	data processed and exported
      From worker 15:	
      From worker 15:	starting b_1.0_c_0.2_N_40_M_2_K_1_P_2_beta_0.001_u_0.001_v_0.1_p_0.5_ϵ_1.0_gens_20000000_210215-193557.998
      From worker 13:	replicate complete, ran 20000000 generations:
      From worker 13:	
      From worker 13:		num_imitating:			17499534
      From worker 13:		num_not_imitating:		2500466
      From worker 13:		num_strategies_changed:  	522387
      From worker 13:			num_random_strategies: 	17461
      From worker 13:		num_sets_changed: 		10640382
      From worker 13:			num_random_opinions: 	1313113
      From worker 13:			num_biased_opinions: 	438257
      From worker 13:		num_both_changed: 		376154
      From worker 13:	
      From worker 13:	data processed and exported
      From worker 12:	replicate complete, ran 20000000 generations:
      From worker 12:	
      From worker 12:		num_imitating:			17497353
      From worker 12:		num_not_imitating:		2502647
      From worker 12:		num_strategies_changed:  	518893
      From worker 12:			num_random_strategies: 	17346
      From worker 12:		num_sets_changed: 		10641363
      From worker 12:			num_random_opinions: 	1313580
      From worker 12:			num_biased_opinions: 	436467
      From worker 12:		num_both_changed: 		373714
      From worker 12:	
      From worker 13:	
      From worker 13:	starting b_1.0_c_0.2_N_40_M_2_K_1_P_2_beta_0.001_u_0.001_v_0.1_p_0.5_ϵ_1.0_gens_20000000_210215-193557.998
      From worker 12:	data processed and exported
      From worker 12:	
      From worker 12:	starting b_1.0_c_0.2_N_40_M_2_K_1_P_2_beta_0.001_u_0.001_v_0.1_p_0.5_ϵ_1.0_gens_20000000_210215-193557.998
      From worker 11:	replicate complete, ran 20000000 generations:
      From worker 11:	
      From worker 11:		num_imitating:			12502184
      From worker 11:		num_not_imitating:		7497816
      From worker 11:		num_strategies_changed:  	367997
      From worker 11:			num_random_strategies: 	12585
      From worker 11:		num_sets_changed: 		4572013
      From worker 11:			num_random_opinions: 	78075
      From worker 11:			num_biased_opinions: 	234225
      From worker 11:		num_both_changed: 		200343
      From worker 11:	
      From worker 11:	data processed and exported
      From worker 11:	
      From worker 11:	starting b_1.0_c_0.2_N_40_M_2_K_1_P_2_beta_0.001_u_0.001_v_0.025_p_1.0_ϵ_1.0_gens_20000000_210215-193557.998
      From worker 8:	replicate complete, ran 20000000 generations:
      From worker 8:	
      From worker 8:		num_imitating:			12496885
      From worker 8:		num_not_imitating:		7503115
      From worker 8:		num_strategies_changed:  	375219
      From worker 8:			num_random_strategies: 	12679
      From worker 8:		num_sets_changed: 		4552859
      From worker 8:			num_random_opinions: 	78266
      From worker 8:			num_biased_opinions: 	234538
      From worker 8:		num_both_changed: 		213014
      From worker 8:	
      From worker 8:	data processed and exported
      From worker 8:	
      From worker 8:	starting b_1.0_c_0.2_N_40_M_2_K_1_P_2_beta_0.001_u_0.001_v_0.025_p_1.0_ϵ_1.0_gens_20000000_210215-193557.998
      From worker 10:	replicate complete, ran 20000000 generations:
      From worker 10:	
      From worker 10:		num_imitating:			12497568
      From worker 10:		num_not_imitating:		7502432
      From worker 10:		num_strategies_changed:  	341414
      From worker 10:			num_random_strategies: 	12368
      From worker 10:		num_sets_changed: 		4581448
      From worker 10:			num_random_opinions: 	78865
      From worker 10:			num_biased_opinions: 	234131
      From worker 10:		num_both_changed: 		185926
      From worker 10:	
      From worker 10:	data processed and exported
      From worker 10:	
      From worker 10:	starting b_1.0_c_0.2_N_40_M_2_K_1_P_2_beta_0.001_u_0.001_v_0.025_p_1.0_ϵ_1.0_gens_20000000_210215-193557.998
      From worker 9:	replicate complete, ran 20000000 generations:
      From worker 9:	
      From worker 9:		num_imitating:			12499911
      From worker 9:		num_not_imitating:		7500089
      From worker 9:		num_strategies_changed:  	360971
      From worker 9:			num_random_strategies: 	12483
      From worker 9:		num_sets_changed: 		4557822
      From worker 9:			num_random_opinions: 	77972
      From worker 9:			num_biased_opinions: 	235322
      From worker 9:		num_both_changed: 		197384
      From worker 9:	
      From worker 9:	data processed and exported
      From worker 9:	
      From worker 9:	starting b_1.0_c_0.2_N_40_M_2_K_1_P_2_beta_0.001_u_0.001_v_0.025_p_1.0_ϵ_1.0_gens_20000000_210215-193557.998
      From worker 7:	replicate complete, ran 20000000 generations:
      From worker 7:	
      From worker 7:		num_imitating:			12499691
      From worker 7:		num_not_imitating:		7500309
      From worker 7:		num_strategies_changed:  	352580
      From worker 7:			num_random_strategies: 	12385
      From worker 7:		num_sets_changed: 		4568608
      From worker 7:			num_random_opinions: 	78219
      From worker 7:			num_biased_opinions: 	234771
      From worker 7:		num_both_changed: 		199897
      From worker 7:	
      From worker 7:	data processed and exported
      From worker 7:	
      From worker 7:	starting b_1.0_c_0.2_N_40_M_2_K_1_P_2_beta_0.001_u_0.001_v_0.025_p_1.0_ϵ_1.0_gens_20000000_210215-193557.998
      From worker 14:	replicate complete, ran 20000000 generations:
      From worker 14:	
      From worker 14:		num_imitating:			15001818
      From worker 14:		num_not_imitating:		4998182
      From worker 14:		num_strategies_changed:  	428597
      From worker 14:			num_random_strategies: 	14843
      From worker 14:		num_sets_changed: 		9052483
      From worker 14:			num_random_opinions: 	750596
      From worker 14:			num_biased_opinions: 	748675
      From worker 14:		num_both_changed: 		307879
      From worker 14:	
      From worker 14:	data processed and exported
      From worker 14:	
