packages loaded
      From worker 3:	 Activating environment at `/tigress/mk28/CooperationPolarization2/Project.toml`
      From worker 4:	 Activating environment at `/tigress/mk28/CooperationPolarization2/Project.toml`
      From worker 6:	 Activating environment at `/tigress/mk28/CooperationPolarization2/Project.toml`
      From worker 2:	 Activating environment at `/tigress/mk28/CooperationPolarization2/Project.toml`
      From worker 9:	 Activating environment at `/tigress/mk28/CooperationPolarization2/Project.toml`
      From worker 15:	 Activating environment at `/tigress/mk28/CooperationPolarization2/Project.toml`
      From worker 11:	 Activating environment at `/tigress/mk28/CooperationPolarization2/Project.toml`
      From worker 13:	 Activating environment at `/tigress/mk28/CooperationPolarization2/Project.toml`
      From worker 10:	 Activating environment at `/tigress/mk28/CooperationPolarization2/Project.toml`
      From worker 7:	 Activating environment at `/tigress/mk28/CooperationPolarization2/Project.toml`
      From worker 8:	 Activating environment at `/tigress/mk28/CooperationPolarization2/Project.toml`
      From worker 12:	 Activating environment at `/tigress/mk28/CooperationPolarization2/Project.toml`
      From worker 14:	 Activating environment at `/tigress/mk28/CooperationPolarization2/Project.toml`
      From worker 16:	 Activating environment at `/tigress/mk28/CooperationPolarization2/Project.toml`
      From worker 5:	 Activating environment at `/tigress/mk28/CooperationPolarization2/Project.toml`
      From worker 11:	packages loaded
      From worker 7:	packages loaded
      From worker 4:	packages loaded
      From worker 2:	packages loaded
      From worker 6:	packages loaded
      From worker 12:	packages loaded
      From worker 3:	packages loaded
      From worker 14:	packages loaded
      From worker 15:	packages loaded
      From worker 13:	packages loaded
      From worker 16:	packages loaded
      From worker 8:	packages loaded
      From worker 9:	packages loaded
      From worker 10:	packages loaded
      From worker 5:	packages loaded
parameters defined
      From worker 11:	
      From worker 11:	starting b_1.0_c_0.2_N_40_M_5_K_4_P_2_beta_0.001_u_0.001_v_0.025_p_0.0_ϵ_1.0_gens_20000000_210210-200716.174
      From worker 8:	
      From worker 8:	starting b_1.0_c_0.2_N_40_M_5_K_4_P_2_beta_0.001_u_0.001_v_0.025_p_0.0_ϵ_1.0_gens_20000000_210210-200716.174
      From worker 4:	
      From worker 4:	starting b_1.0_c_0.2_N_40_M_5_K_4_P_2_beta_0.001_u_0.001_v_0.001_p_0.0_ϵ_1.0_gens_20000000_210210-200716.174
      From worker 16:	
      From worker 16:	starting b_1.0_c_0.2_N_40_M_5_K_4_P_2_beta_0.001_u_0.001_v_0.1_p_0.0_ϵ_1.0_gens_20000000_210210-200716.174
      From worker 6:	
      From worker 6:	starting b_1.0_c_0.2_N_40_M_5_K_4_P_2_beta_0.001_u_0.001_v_0.001_p_0.0_ϵ_1.0_gens_20000000_210210-200716.174
      From worker 7:	
      From worker 7:	starting b_1.0_c_0.2_N_40_M_5_K_4_P_2_beta_0.001_u_0.001_v_0.025_p_0.0_ϵ_1.0_gens_20000000_210210-200716.174
      From worker 15:	
      From worker 15:	starting b_1.0_c_0.2_N_40_M_5_K_4_P_2_beta_0.001_u_0.001_v_0.1_p_0.0_ϵ_1.0_gens_20000000_210210-200716.174
      From worker 14:	
      From worker 14:	starting b_1.0_c_0.2_N_40_M_5_K_4_P_2_beta_0.001_u_0.001_v_0.1_p_0.0_ϵ_1.0_gens_20000000_210210-200716.174
      From worker 13:	
      From worker 13:	starting b_1.0_c_0.2_N_40_M_5_K_4_P_2_beta_0.001_u_0.001_v_0.1_p_0.0_ϵ_1.0_gens_20000000_210210-200716.174
      From worker 9:	
      From worker 9:	starting b_1.0_c_0.2_N_40_M_5_K_4_P_2_beta_0.001_u_0.001_v_0.025_p_0.0_ϵ_1.0_gens_20000000_210210-200716.174
      From worker 3:	
      From worker 3:	starting b_1.0_c_0.2_N_40_M_5_K_4_P_2_beta_0.001_u_0.001_v_0.001_p_0.0_ϵ_1.0_gens_20000000_210210-200716.174
      From worker 2:	
      From worker 2:	starting b_1.0_c_0.2_N_40_M_5_K_4_P_2_beta_0.001_u_0.001_v_0.001_p_0.0_ϵ_1.0_gens_20000000_210210-200716.174
      From worker 12:	
      From worker 12:	starting b_1.0_c_0.2_N_40_M_5_K_4_P_2_beta_0.001_u_0.001_v_0.1_p_0.0_ϵ_1.0_gens_20000000_210210-200716.174
      From worker 10:	
      From worker 10:	starting b_1.0_c_0.2_N_40_M_5_K_4_P_2_beta_0.001_u_0.001_v_0.025_p_0.0_ϵ_1.0_gens_20000000_210210-200716.174
      From worker 5:	
      From worker 5:	starting b_1.0_c_0.2_N_40_M_5_K_4_P_2_beta_0.001_u_0.001_v_0.001_p_0.0_ϵ_1.0_gens_20000000_210210-200716.174
      From worker 6:	replicate complete, ran 20000000 generations:
      From worker 6:	
      From worker 6:		num_imitating:			20000000
      From worker 6:		num_not_imitating:		0
      From worker 6:		num_strategies_changed:  	519403
      From worker 6:			num_random_strategies: 	19971
      From worker 6:		num_sets_changed: 		809297
      From worker 6:			num_random_opinions: 	20247
      From worker 6:			num_biased_opinions: 	0
      From worker 6:		num_both_changed: 		37985
      From worker 6:	
      From worker 4:	replicate complete, ran 20000000 generations:
      From worker 4:	
      From worker 4:		num_imitating:			20000000
      From worker 4:		num_not_imitating:		0
      From worker 4:		num_strategies_changed:  	512213
      From worker 4:			num_random_strategies: 	20002
      From worker 4:		num_sets_changed: 		840567
      From worker 4:			num_random_opinions: 	19900
      From worker 4:			num_biased_opinions: 	0
      From worker 4:		num_both_changed: 		37182
      From worker 4:	
      From worker 3:	replicate complete, ran 20000000 generations:
      From worker 3:	
      From worker 3:		num_imitating:			20000000
      From worker 3:		num_not_imitating:		0
      From worker 3:		num_strategies_changed:  	551147
      From worker 3:			num_random_strategies: 	19997
      From worker 3:		num_sets_changed: 		774776
      From worker 3:			num_random_opinions: 	19759
      From worker 3:			num_biased_opinions: 	0
      From worker 3:		num_both_changed: 		37115
      From worker 3:	
      From worker 2:	replicate complete, ran 20000000 generations:
      From worker 2:	
      From worker 2:		num_imitating:			20000000
      From worker 2:		num_not_imitating:		0
      From worker 2:		num_strategies_changed:  	544924
      From worker 2:			num_random_strategies: 	20118
      From worker 2:		num_sets_changed: 		840460
      From worker 2:			num_random_opinions: 	19857
      From worker 2:			num_biased_opinions: 	0
      From worker 2:		num_both_changed: 		47432
      From worker 2:	
      From worker 6:	data processed and exported
      From worker 4:	data processed and exported
      From worker 5:	replicate complete, ran 20000000 generations:
      From worker 5:	
      From worker 5:		num_imitating:			20000000
      From worker 5:		num_not_imitating:		0
      From worker 5:		num_strategies_changed:  	527906
      From worker 5:			num_random_strategies: 	19971
      From worker 5:		num_sets_changed: 		816485
      From worker 5:			num_random_opinions: 	19980
      From worker 5:			num_biased_opinions: 	0
      From worker 5:		num_both_changed: 		37566
      From worker 5:	
      From worker 6:	
      From worker 6:	starting b_1.0_c_0.2_N_40_M_5_K_4_P_2_beta_0.001_u_0.001_v_0.001_p_0.25_ϵ_1.0_gens_20000000_210210-200716.174
      From worker 4:	
      From worker 4:	starting b_1.0_c_0.2_N_40_M_5_K_4_P_2_beta_0.001_u_0.001_v_0.001_p_0.25_ϵ_1.0_gens_20000000_210210-200716.174
      From worker 3:	data processed and exported
      From worker 2:	data processed and exported
      From worker 5:	data processed and exported
      From worker 3:	
      From worker 3:	starting b_1.0_c_0.2_N_40_M_5_K_4_P_2_beta_0.001_u_0.001_v_0.001_p_0.25_ϵ_1.0_gens_20000000_210210-200716.174
      From worker 2:	
      From worker 2:	starting b_1.0_c_0.2_N_40_M_5_K_4_P_2_beta_0.001_u_0.001_v_0.001_p_0.25_ϵ_1.0_gens_20000000_210210-200716.174
      From worker 5:	
      From worker 5:	starting b_1.0_c_0.2_N_40_M_5_K_4_P_2_beta_0.001_u_0.001_v_0.001_p_0.25_ϵ_1.0_gens_20000000_210210-200716.174
      From worker 4:	replicate complete, ran 20000000 generations:
      From worker 4:	
      From worker 4:		num_imitating:			17438334
      From worker 4:		num_not_imitating:		2561666
      From worker 4:		num_strategies_changed:  	435953
      From worker 4:			num_random_strategies: 	17442
      From worker 4:		num_sets_changed: 		721284
      From worker 4:			num_random_opinions: 	13371
      From worker 4:			num_biased_opinions: 	4313
      From worker 4:		num_both_changed: 		32275
      From worker 4:	
      From worker 6:	replicate complete, ran 20000000 generations:
      From worker 6:	
      From worker 6:		num_imitating:			17434643
      From worker 6:		num_not_imitating:		2565357
      From worker 6:		num_strategies_changed:  	471657
      From worker 6:			num_random_strategies: 	17452
      From worker 6:		num_sets_changed: 		729177
      From worker 6:			num_random_opinions: 	13174
      From worker 6:			num_biased_opinions: 	4269
      From worker 6:		num_both_changed: 		41943
      From worker 6:	
      From worker 4:	data processed and exported
      From worker 6:	data processed and exported
      From worker 4:	
      From worker 4:	starting b_1.0_c_0.2_N_40_M_5_K_4_P_2_beta_0.001_u_0.001_v_0.001_p_0.5_ϵ_1.0_gens_20000000_210210-200716.174
      From worker 6:	
      From worker 6:	starting b_1.0_c_0.2_N_40_M_5_K_4_P_2_beta_0.001_u_0.001_v_0.001_p_0.5_ϵ_1.0_gens_20000000_210210-200716.174
      From worker 2:	replicate complete, ran 20000000 generations:
      From worker 2:	
      From worker 2:		num_imitating:			17437377
      From worker 2:		num_not_imitating:		2562623
      From worker 2:		num_strategies_changed:  	449573
      From worker 2:			num_random_strategies: 	17204
      From worker 2:		num_sets_changed: 		709092
      From worker 2:			num_random_opinions: 	13078
      From worker 2:			num_biased_opinions: 	4463
      From worker 2:		num_both_changed: 		29479
      From worker 2:	
      From worker 3:	replicate complete, ran 20000000 generations:
      From worker 3:	
      From worker 3:		num_imitating:			17436583
      From worker 3:		num_not_imitating:		2563417
      From worker 3:		num_strategies_changed:  	470745
      From worker 3:			num_random_strategies: 	17440
      From worker 3:		num_sets_changed: 		700007
      From worker 3:			num_random_opinions: 	12940
      From worker 3:			num_biased_opinions: 	4352
      From worker 3:		num_both_changed: 		32934
      From worker 3:	
      From worker 5:	replicate complete, ran 20000000 generations:
      From worker 5:	
      From worker 5:		num_imitating:			17434067
      From worker 5:		num_not_imitating:		2565933
      From worker 5:		num_strategies_changed:  	440524
      From worker 5:			num_random_strategies: 	17207
      From worker 5:		num_sets_changed: 		680004
      From worker 5:			num_random_opinions: 	12967
      From worker 5:			num_biased_opinions: 	4195
      From worker 5:		num_both_changed: 		34757
      From worker 5:	
      From worker 2:	data processed and exported
      From worker 3:	data processed and exported
      From worker 2:	
      From worker 2:	starting b_1.0_c_0.2_N_40_M_5_K_4_P_2_beta_0.001_u_0.001_v_0.001_p_0.5_ϵ_1.0_gens_20000000_210210-200716.174
      From worker 5:	data processed and exported
      From worker 3:	
      From worker 3:	starting b_1.0_c_0.2_N_40_M_5_K_4_P_2_beta_0.001_u_0.001_v_0.001_p_0.5_ϵ_1.0_gens_20000000_210210-200716.174
      From worker 5:	
      From worker 5:	starting b_1.0_c_0.2_N_40_M_5_K_4_P_2_beta_0.001_u_0.001_v_0.001_p_0.5_ϵ_1.0_gens_20000000_210210-200716.174
      From worker 9:	replicate complete, ran 20000000 generations:
      From worker 9:	
      From worker 9:		num_imitating:			20000000
      From worker 9:		num_not_imitating:		0
      From worker 9:		num_strategies_changed:  	503846
      From worker 9:			num_random_strategies: 	19992
      From worker 9:		num_sets_changed: 		9783252
      From worker 9:			num_random_opinions: 	498813
      From worker 9:			num_biased_opinions: 	0
      From worker 9:		num_both_changed: 		346261
      From worker 9:	
      From worker 7:	replicate complete, ran 20000000 generations:
      From worker 7:	
      From worker 7:		num_imitating:			20000000
      From worker 7:		num_not_imitating:		0
      From worker 7:		num_strategies_changed:  	549048
      From worker 7:			num_random_strategies: 	20154
      From worker 7:		num_sets_changed: 		9834560
      From worker 7:			num_random_opinions: 	498075
      From worker 7:			num_biased_opinions: 	0
      From worker 7:		num_both_changed: 		391295
      From worker 7:	
      From worker 8:	replicate complete, ran 20000000 generations:
      From worker 8:	
      From worker 8:		num_imitating:			20000000
      From worker 8:		num_not_imitating:		0
      From worker 8:		num_strategies_changed:  	584691
      From worker 8:			num_random_strategies: 	20354
      From worker 8:		num_sets_changed: 		9873461
      From worker 8:			num_random_opinions: 	500274
      From worker 8:			num_biased_opinions: 	0
      From worker 8:		num_both_changed: 		420274
      From worker 8:	
      From worker 9:	data processed and exported
      From worker 7:	data processed and exported
      From worker 8:	data processed and exported
      From worker 9:	
      From worker 9:	starting b_1.0_c_0.2_N_40_M_5_K_4_P_2_beta_0.001_u_0.001_v_0.025_p_0.25_ϵ_1.0_gens_20000000_210210-200716.174
      From worker 7:	
      From worker 7:	starting b_1.0_c_0.2_N_40_M_5_K_4_P_2_beta_0.001_u_0.001_v_0.025_p_0.25_ϵ_1.0_gens_20000000_210210-200716.174
      From worker 8:	
      From worker 8:	starting b_1.0_c_0.2_N_40_M_5_K_4_P_2_beta_0.001_u_0.001_v_0.025_p_0.25_ϵ_1.0_gens_20000000_210210-200716.174
      From worker 10:	replicate complete, ran 20000000 generations:
      From worker 10:	
      From worker 10:		num_imitating:			20000000
      From worker 10:		num_not_imitating:		0
      From worker 10:		num_strategies_changed:  	564831
      From worker 10:			num_random_strategies: 	19952
      From worker 10:		num_sets_changed: 		9890142
      From worker 10:			num_random_opinions: 	499175
      From worker 10:			num_biased_opinions: 	0
      From worker 10:		num_both_changed: 		407901
      From worker 10:	
      From worker 11:	replicate complete, ran 20000000 generations:
      From worker 11:	
      From worker 11:		num_imitating:			20000000
      From worker 11:		num_not_imitating:		0
      From worker 11:		num_strategies_changed:  	597047
      From worker 11:			num_random_strategies: 	20096
      From worker 11:		num_sets_changed: 		9862685
      From worker 11:			num_random_opinions: 	500735
      From worker 11:			num_biased_opinions: 	0
      From worker 11:		num_both_changed: 		424932
      From worker 11:	
      From worker 10:	data processed and exported
      From worker 10:	
      From worker 10:	starting b_1.0_c_0.2_N_40_M_5_K_4_P_2_beta_0.001_u_0.001_v_0.025_p_0.25_ϵ_1.0_gens_20000000_210210-200716.174
      From worker 11:	data processed and exported
      From worker 11:	
      From worker 11:	starting b_1.0_c_0.2_N_40_M_5_K_4_P_2_beta_0.001_u_0.001_v_0.025_p_0.25_ϵ_1.0_gens_20000000_210210-200716.174
      From worker 4:	replicate complete, ran 20000000 generations:
      From worker 4:	
      From worker 4:		num_imitating:			14870956
      From worker 4:		num_not_imitating:		5129044
      From worker 4:		num_strategies_changed:  	372222
      From worker 4:			num_random_strategies: 	14673
      From worker 4:		num_sets_changed: 		606654
      From worker 4:			num_random_opinions: 	7442
      From worker 4:			num_biased_opinions: 	7432
      From worker 4:		num_both_changed: 		26778
      From worker 4:	
      From worker 6:	replicate complete, ran 20000000 generations:
      From worker 6:	
      From worker 6:		num_imitating:			14871647
      From worker 6:		num_not_imitating:		5128353
      From worker 6:		num_strategies_changed:  	381285
      From worker 6:			num_random_strategies: 	14840
      From worker 6:		num_sets_changed: 		584774
      From worker 6:			num_random_opinions: 	7392
      From worker 6:			num_biased_opinions: 	7266
      From worker 6:		num_both_changed: 		26940
      From worker 6:	
      From worker 4:	data processed and exported
      From worker 6:	data processed and exported
      From worker 4:	
      From worker 4:	starting b_1.0_c_0.2_N_40_M_5_K_4_P_2_beta_0.001_u_0.001_v_0.001_p_0.75_ϵ_1.0_gens_20000000_210210-200716.174
      From worker 6:	
      From worker 6:	starting b_1.0_c_0.2_N_40_M_5_K_4_P_2_beta_0.001_u_0.001_v_0.001_p_0.75_ϵ_1.0_gens_20000000_210210-200716.174
      From worker 2:	replicate complete, ran 20000000 generations:
      From worker 2:	
      From worker 2:		num_imitating:			14871627
      From worker 2:		num_not_imitating:		5128373
      From worker 2:		num_strategies_changed:  	397328
      From worker 2:			num_random_strategies: 	14991
      From worker 2:		num_sets_changed: 		612616
      From worker 2:			num_random_opinions: 	7258
      From worker 2:			num_biased_opinions: 	7492
      From worker 2:		num_both_changed: 		29255
      From worker 2:	
      From worker 3:	replicate complete, ran 20000000 generations:
      From worker 3:	
      From worker 3:		num_imitating:			14872078
      From worker 3:		num_not_imitating:		5127922
      From worker 3:		num_strategies_changed:  	406578
      From worker 3:			num_random_strategies: 	14994
      From worker 3:		num_sets_changed: 		587731
      From worker 3:			num_random_opinions: 	7488
      From worker 3:			num_biased_opinions: 	7395
      From worker 3:		num_both_changed: 		33809
      From worker 3:	
      From worker 5:	replicate complete, ran 20000000 generations:
      From worker 5:	
      From worker 5:		num_imitating:			14871227
      From worker 5:		num_not_imitating:		5128773
      From worker 5:		num_strategies_changed:  	382915
      From worker 5:			num_random_strategies: 	14782
      From worker 5:		num_sets_changed: 		593598
      From worker 5:			num_random_opinions: 	7450
      From worker 5:			num_biased_opinions: 	7372
      From worker 5:		num_both_changed: 		26425
      From worker 5:	
      From worker 2:	data processed and exported
      From worker 3:	data processed and exported
      From worker 2:	
      From worker 2:	starting b_1.0_c_0.2_N_40_M_5_K_4_P_2_beta_0.001_u_0.001_v_0.001_p_0.75_ϵ_1.0_gens_20000000_210210-200716.174
      From worker 3:	
      From worker 3:	starting b_1.0_c_0.2_N_40_M_5_K_4_P_2_beta_0.001_u_0.001_v_0.001_p_0.75_ϵ_1.0_gens_20000000_210210-200716.174
      From worker 5:	data processed and exported
      From worker 5:	
      From worker 5:	starting b_1.0_c_0.2_N_40_M_5_K_4_P_2_beta_0.001_u_0.001_v_0.001_p_0.75_ϵ_1.0_gens_20000000_210210-200716.174
      From worker 12:	replicate complete, ran 20000000 generations:
      From worker 12:	
      From worker 12:		num_imitating:			20000000
      From worker 12:		num_not_imitating:		0
      From worker 12:		num_strategies_changed:  	586090
      From worker 12:			num_random_strategies: 	19990
      From worker 12:		num_sets_changed: 		16355122
      From worker 12:			num_random_opinions: 	2001197
      From worker 12:			num_biased_opinions: 	0
      From worker 12:		num_both_changed: 		554499
      From worker 12:	
      From worker 16:	replicate complete, ran 20000000 generations:
      From worker 16:	
      From worker 16:		num_imitating:			20000000
      From worker 16:		num_not_imitating:		0
      From worker 16:		num_strategies_changed:  	561243
      From worker 16:			num_random_strategies: 	19819
      From worker 16:		num_sets_changed: 		16357834
      From worker 16:			num_random_opinions: 	1997901
      From worker 16:			num_biased_opinions: 	0
      From worker 16:		num_both_changed: 		530025
      From worker 16:	
      From worker 13:	replicate complete, ran 20000000 generations:
      From worker 13:	
      From worker 13:		num_imitating:			20000000
      From worker 13:		num_not_imitating:		0
      From worker 13:		num_strategies_changed:  	538848
      From worker 13:			num_random_strategies: 	20122
      From worker 13:		num_sets_changed: 		16360324
      From worker 13:			num_random_opinions: 	2001119
      From worker 13:			num_biased_opinions: 	0
      From worker 13:		num_both_changed: 		508972
      From worker 13:	
      From worker 12:	data processed and exported
      From worker 15:	replicate complete, ran 20000000 generations:
      From worker 15:	
      From worker 15:		num_imitating:			20000000
      From worker 15:		num_not_imitating:		0
      From worker 15:		num_strategies_changed:  	563258
      From worker 15:			num_random_strategies: 	19852
      From worker 15:		num_sets_changed: 		16374521
      From worker 15:			num_random_opinions: 	2001036
      From worker 15:			num_biased_opinions: 	0
      From worker 15:		num_both_changed: 		533888
      From worker 15:	
      From worker 12:	
      From worker 12:	starting b_1.0_c_0.2_N_40_M_5_K_4_P_2_beta_0.001_u_0.001_v_0.1_p_0.25_ϵ_1.0_gens_20000000_210210-200716.174
      From worker 14:	replicate complete, ran 20000000 generations:
      From worker 14:	
      From worker 14:		num_imitating:			20000000
      From worker 14:		num_not_imitating:		0
      From worker 14:		num_strategies_changed:  	559834
      From worker 14:			num_random_strategies: 	19908
      From worker 14:		num_sets_changed: 		16371476
      From worker 14:			num_random_opinions: 	2000400
      From worker 14:			num_biased_opinions: 	0
      From worker 14:		num_both_changed: 		528833
      From worker 14:	
      From worker 16:	data processed and exported
      From worker 13:	data processed and exported
      From worker 15:	data processed and exported
      From worker 16:	
      From worker 16:	starting b_1.0_c_0.2_N_40_M_5_K_4_P_2_beta_0.001_u_0.001_v_0.1_p_0.25_ϵ_1.0_gens_20000000_210210-200716.174
      From worker 13:	
      From worker 13:	starting b_1.0_c_0.2_N_40_M_5_K_4_P_2_beta_0.001_u_0.001_v_0.1_p_0.25_ϵ_1.0_gens_20000000_210210-200716.174
      From worker 14:	data processed and exported
      From worker 15:	
      From worker 15:	starting b_1.0_c_0.2_N_40_M_5_K_4_P_2_beta_0.001_u_0.001_v_0.1_p_0.25_ϵ_1.0_gens_20000000_210210-200716.174
      From worker 14:	
      From worker 14:	starting b_1.0_c_0.2_N_40_M_5_K_4_P_2_beta_0.001_u_0.001_v_0.1_p_0.25_ϵ_1.0_gens_20000000_210210-200716.174
      From worker 4:	replicate complete, ran 20000000 generations:
      From worker 4:	
      From worker 4:		num_imitating:			12308405
      From worker 4:		num_not_imitating:		7691595
      From worker 4:		num_strategies_changed:  	330115
      From worker 4:			num_random_strategies: 	12142
      From worker 4:		num_sets_changed: 		488869
      From worker 4:			num_random_opinions: 	3119
      From worker 4:			num_biased_opinions: 	9353
      From worker 4:		num_both_changed: 		23580
      From worker 4:	
      From worker 6:	replicate complete, ran 20000000 generations:
      From worker 6:	
      From worker 6:		num_imitating:			12306941
      From worker 6:		num_not_imitating:		7693059
      From worker 6:		num_strategies_changed:  	342415
      From worker 6:			num_random_strategies: 	12337
      From worker 6:		num_sets_changed: 		465747
      From worker 6:			num_random_opinions: 	3155
      From worker 6:			num_biased_opinions: 	9267
      From worker 6:		num_both_changed: 		23991
      From worker 6:	
      From worker 4:	data processed and exported
      From worker 6:	data processed and exported
      From worker 4:	
      From worker 4:	starting b_1.0_c_0.2_N_40_M_5_K_4_P_2_beta_0.001_u_0.001_v_0.001_p_1.0_ϵ_1.0_gens_20000000_210210-200716.174
      From worker 6:	
      From worker 6:	starting b_1.0_c_0.2_N_40_M_5_K_4_P_2_beta_0.001_u_0.001_v_0.001_p_1.0_ϵ_1.0_gens_20000000_210210-200716.174
      From worker 2:	replicate complete, ran 20000000 generations:
      From worker 2:	
      From worker 2:		num_imitating:			12312165
      From worker 2:		num_not_imitating:		7687835
      From worker 2:		num_strategies_changed:  	333790
      From worker 2:			num_random_strategies: 	12373
      From worker 2:		num_sets_changed: 		488782
      From worker 2:			num_random_opinions: 	3053
      From worker 2:			num_biased_opinions: 	9240
      From worker 2:		num_both_changed: 		24263
      From worker 2:	
      From worker 3:	replicate complete, ran 20000000 generations:
      From worker 3:	
      From worker 3:		num_imitating:			12304571
      From worker 3:		num_not_imitating:		7695429
      From worker 3:		num_strategies_changed:  	350152
      From worker 3:			num_random_strategies: 	12253
      From worker 3:		num_sets_changed: 		498964
      From worker 3:			num_random_opinions: 	2957
      From worker 3:			num_biased_opinions: 	9334
      From worker 3:		num_both_changed: 		25287
      From worker 3:	
      From worker 2:	data processed and exported
      From worker 5:	replicate complete, ran 20000000 generations:
      From worker 5:	
      From worker 5:		num_imitating:			12307674
      From worker 5:		num_not_imitating:		7692326
      From worker 5:		num_strategies_changed:  	332126
      From worker 5:			num_random_strategies: 	12231
      From worker 5:		num_sets_changed: 		470587
      From worker 5:			num_random_opinions: 	3073
      From worker 5:			num_biased_opinions: 	9192
      From worker 5:		num_both_changed: 		23773
      From worker 5:	
      From worker 2:	
      From worker 2:	starting b_1.0_c_0.2_N_40_M_5_K_4_P_2_beta_0.001_u_0.001_v_0.001_p_1.0_ϵ_1.0_gens_20000000_210210-200716.174
      From worker 3:	data processed and exported
      From worker 5:	data processed and exported
      From worker 3:	
      From worker 3:	starting b_1.0_c_0.2_N_40_M_5_K_4_P_2_beta_0.001_u_0.001_v_0.001_p_1.0_ϵ_1.0_gens_20000000_210210-200716.174
      From worker 5:	
      From worker 5:	starting b_1.0_c_0.2_N_40_M_5_K_4_P_2_beta_0.001_u_0.001_v_0.001_p_1.0_ϵ_1.0_gens_20000000_210210-200716.174
      From worker 7:	replicate complete, ran 20000000 generations:
      From worker 7:	
      From worker 7:		num_imitating:			17435525
      From worker 7:		num_not_imitating:		2564475
      From worker 7:		num_strategies_changed:  	476917
      From worker 7:			num_random_strategies: 	17324
      From worker 7:		num_sets_changed: 		8611702
      From worker 7:			num_random_opinions: 	325839
      From worker 7:			num_biased_opinions: 	108990
      From worker 7:		num_both_changed: 		334413
      From worker 7:	
      From worker 9:	replicate complete, ran 20000000 generations:
      From worker 9:	
      From worker 9:		num_imitating:			17435725
      From worker 9:		num_not_imitating:		2564275
      From worker 9:		num_strategies_changed:  	529173
      From worker 9:			num_random_strategies: 	17833
      From worker 9:		num_sets_changed: 		8608892
      From worker 9:			num_random_opinions: 	326924
      From worker 9:			num_biased_opinions: 	108585
      From worker 9:		num_both_changed: 		378313
      From worker 9:	
      From worker 8:	replicate complete, ran 20000000 generations:
      From worker 8:	
      From worker 8:		num_imitating:			17435038
      From worker 8:		num_not_imitating:		2564962
      From worker 8:		num_strategies_changed:  	472916
      From worker 8:			num_random_strategies: 	17435
      From worker 8:		num_sets_changed: 		8577141
      From worker 8:			num_random_opinions: 	327184
      From worker 8:			num_biased_opinions: 	109033
      From worker 8:		num_both_changed: 		335652
      From worker 8:	
      From worker 7:	data processed and exported
      From worker 8:	data processed and exported
      From worker 9:	data processed and exported
      From worker 7:	
      From worker 7:	starting b_1.0_c_0.2_N_40_M_5_K_4_P_2_beta_0.001_u_0.001_v_0.025_p_0.5_ϵ_1.0_gens_20000000_210210-200716.174
      From worker 8:	
      From worker 8:	starting b_1.0_c_0.2_N_40_M_5_K_4_P_2_beta_0.001_u_0.001_v_0.025_p_0.5_ϵ_1.0_gens_20000000_210210-200716.174
      From worker 9:	
      From worker 9:	starting b_1.0_c_0.2_N_40_M_5_K_4_P_2_beta_0.001_u_0.001_v_0.025_p_0.5_ϵ_1.0_gens_20000000_210210-200716.174
      From worker 10:	replicate complete, ran 20000000 generations:
      From worker 10:	
      From worker 10:		num_imitating:			17436143
      From worker 10:		num_not_imitating:		2563857
      From worker 10:		num_strategies_changed:  	487454
      From worker 10:			num_random_strategies: 	17692
      From worker 10:		num_sets_changed: 		8537284
      From worker 10:			num_random_opinions: 	326160
      From worker 10:			num_biased_opinions: 	109051
      From worker 10:		num_both_changed: 		344217
      From worker 10:	
      From worker 11:	replicate complete, ran 20000000 generations:
      From worker 11:	
      From worker 11:		num_imitating:			17438221
      From worker 11:		num_not_imitating:		2561779
      From worker 11:		num_strategies_changed:  	486626
      From worker 11:			num_random_strategies: 	17393
      From worker 11:		num_sets_changed: 		8557766
      From worker 11:			num_random_opinions: 	327265
      From worker 11:			num_biased_opinions: 	108683
      From worker 11:		num_both_changed: 		343701
      From worker 11:	
      From worker 10:	data processed and exported
      From worker 11:	data processed and exported
      From worker 10:	
      From worker 10:	starting b_1.0_c_0.2_N_40_M_5_K_4_P_2_beta_0.001_u_0.001_v_0.025_p_0.5_ϵ_1.0_gens_20000000_210210-200716.174
      From worker 11:	
      From worker 11:	starting b_1.0_c_0.2_N_40_M_5_K_4_P_2_beta_0.001_u_0.001_v_0.025_p_0.5_ϵ_1.0_gens_20000000_210210-200716.174
      From worker 6:	replicate complete, ran 20000000 generations:
      From worker 6:	
      From worker 6:		num_imitating:			9744537
      From worker 6:		num_not_imitating:		10255463
      From worker 6:		num_strategies_changed:  	135501
      From worker 6:			num_random_strategies: 	9805
      From worker 6:		num_sets_changed: 		148131
      From worker 6:			num_random_opinions: 	0
      From worker 6:			num_biased_opinions: 	9736
      From worker 6:		num_both_changed: 		3138
      From worker 6:	
      From worker 4:	replicate complete, ran 20000000 generations:
      From worker 4:	
      From worker 4:		num_imitating:			9741709
      From worker 4:		num_not_imitating:		10258291
      From worker 4:		num_strategies_changed:  	136529
      From worker 4:			num_random_strategies: 	9768
      From worker 4:		num_sets_changed: 		157329
      From worker 4:			num_random_opinions: 	0
      From worker 4:			num_biased_opinions: 	9618
      From worker 4:		num_both_changed: 		4893
      From worker 4:	
      From worker 6:	data processed and exported
      From worker 4:	data processed and exported
      From worker 6:	
      From worker 6:	starting b_1.0_c_0.2_N_40_M_5_K_4_P_2_beta_0.001_u_0.001_v_0.001_p_0.0_ϵ_1.0_gens_20000000_210210-200716.174
      From worker 4:	
      From worker 4:	starting b_1.0_c_0.2_N_40_M_5_K_4_P_2_beta_0.001_u_0.001_v_0.001_p_0.0_ϵ_1.0_gens_20000000_210210-200716.174
      From worker 2:	replicate complete, ran 20000000 generations:
      From worker 2:	
      From worker 2:		num_imitating:			9747452
      From worker 2:		num_not_imitating:		10252548
      From worker 2:		num_strategies_changed:  	135579
      From worker 2:			num_random_strategies: 	9612
      From worker 2:		num_sets_changed: 		159143
      From worker 2:			num_random_opinions: 	0
      From worker 2:			num_biased_opinions: 	9882
      From worker 2:		num_both_changed: 		5209
      From worker 2:	
      From worker 3:	replicate complete, ran 20000000 generations:
      From worker 3:	
      From worker 3:		num_imitating:			9742234
      From worker 3:		num_not_imitating:		10257766
      From worker 3:		num_strategies_changed:  	142672
      From worker 3:			num_random_strategies: 	9671
      From worker 3:		num_sets_changed: 		148408
      From worker 3:			num_random_opinions: 	0
      From worker 3:			num_biased_opinions: 	9879
      From worker 3:		num_both_changed: 		3441
      From worker 3:	
      From worker 2:	data processed and exported
      From worker 5:	replicate complete, ran 20000000 generations:
      From worker 5:	
      From worker 5:		num_imitating:			9744848
      From worker 5:		num_not_imitating:		10255152
      From worker 5:		num_strategies_changed:  	141816
      From worker 5:			num_random_strategies: 	9611
      From worker 5:		num_sets_changed: 		153415
      From worker 5:			num_random_opinions: 	0
      From worker 5:			num_biased_opinions: 	9752
      From worker 5:		num_both_changed: 		4224
      From worker 5:	
      From worker 2:	
      From worker 2:	starting b_1.0_c_0.2_N_40_M_5_K_4_P_2_beta_0.001_u_0.001_v_0.001_p_0.0_ϵ_1.0_gens_20000000_210210-200716.174
