 Activating environment at `/tigress/mk28/CooperationPolarization2/Project.toml`
 Activating environment at `/tigress/mk28/CooperationPolarization2/Project.toml`
ERROR: LoadError: TaskFailedException:
On worker 2:
SystemError: opening file "data/gens_100000000/della_neutral_M1K1_210222-020632.622.csv": No such file or directory
#systemerror#49 at ./error.jl:168
#systemerror#48 at ./error.jl:167 [inlined]
systemerror at ./error.jl:167 [inlined]
#open#542 at ./iostream.jl:284
#open#543 at ./iostream.jl:346
open at ./iostream.jl:346
#open#287 at ./io.jl:323
open at ./io.jl:323 [inlined]
macro expansion at /tigress/mk28/CooperationPolarization2/run/della_neutral_M1K1.jl:142 [inlined]
#1 at /buildworker/worker/package_linux64/build/usr/share/julia/stdlib/v1.5/Distributed/src/macros.jl:301
#160 at /buildworker/worker/package_linux64/build/usr/share/julia/stdlib/v1.5/Distributed/src/macros.jl:87
#103 at /buildworker/worker/package_linux64/build/usr/share/julia/stdlib/v1.5/Distributed/src/process_messages.jl:290
run_work_thunk at /buildworker/worker/package_linux64/build/usr/share/julia/stdlib/v1.5/Distributed/src/process_messages.jl:79
run_work_thunk at /buildworker/worker/package_linux64/build/usr/share/julia/stdlib/v1.5/Distributed/src/process_messages.jl:88
#96 at ./task.jl:356

...and 14 more exception(s).

Stacktrace:
 [1] sync_end(::Channel{Any}) at ./task.jl:314
 [2] (::Distributed.var"#159#161"{var"#1#3",UnitRange{Int64}})() at ./task.jl:333
Stacktrace:
 [1] sync_end(::Channel{Any}) at ./task.jl:314
 [2] top-level scope at task.jl:333
 [3] top-level scope at timing.jl:174
 [4] include(::Function, ::Module, ::String) at ./Base.jl:380
 [5] include(::Module, ::String) at ./Base.jl:368
 [6] exec_options(::Base.JLOptions) at ./client.jl:296
 [7] _start() at ./client.jl:506
in expression starting at /tigress/mk28/CooperationPolarization2/run/della_neutral_M1K1.jl:73
packages loaded
      From worker 6:	 Activating environment at `/tigress/mk28/CooperationPolarization2/Project.toml`
      From worker 3:	 Activating environment at `/tigress/mk28/CooperationPolarization2/Project.toml`
      From worker 5:	 Activating environment at `/tigress/mk28/CooperationPolarization2/Project.toml`
      From worker 2:	 Activating environment at `/tigress/mk28/CooperationPolarization2/Project.toml`
      From worker 4:	 Activating environment at `/tigress/mk28/CooperationPolarization2/Project.toml`
      From worker 10:	 Activating environment at `/tigress/mk28/CooperationPolarization2/Project.toml`
      From worker 14:	 Activating environment at `/tigress/mk28/CooperationPolarization2/Project.toml`
      From worker 15:	 Activating environment at `/tigress/mk28/CooperationPolarization2/Project.toml`
      From worker 8:	 Activating environment at `/tigress/mk28/CooperationPolarization2/Project.toml`
      From worker 12:	 Activating environment at `/tigress/mk28/CooperationPolarization2/Project.toml`
      From worker 13:	 Activating environment at `/tigress/mk28/CooperationPolarization2/Project.toml`
      From worker 16:	 Activating environment at `/tigress/mk28/CooperationPolarization2/Project.toml`
      From worker 11:	 Activating environment at `/tigress/mk28/CooperationPolarization2/Project.toml`
      From worker 9:	 Activating environment at `/tigress/mk28/CooperationPolarization2/Project.toml`
      From worker 7:	 Activating environment at `/tigress/mk28/CooperationPolarization2/Project.toml`
      From worker 5:	packages loaded
      From worker 4:	packages loaded
      From worker 16:	packages loaded
      From worker 6:	packages loaded
      From worker 3:	packages loaded
      From worker 14:	packages loaded
      From worker 13:	packages loaded
      From worker 7:	packages loaded
      From worker 10:	packages loaded
      From worker 8:	packages loaded
      From worker 12:	packages loaded
      From worker 9:	packages loaded
      From worker 2:	packages loaded
      From worker 15:	packages loaded
      From worker 11:	packages loaded
parameters defined
      From worker 2:	
      From worker 2:	starting b_1.0_c_0.2_N_40_M_1_K_1_P_2_beta_0.0_u_0.001_v_0.001_p_0.0_ϵ_1.0_gens_100000000_210222-020632.622
      From worker 15:	
      From worker 15:	starting b_1.0_c_0.2_N_40_M_1_K_1_P_2_beta_0.0_u_0.001_v_0.025_p_0.0_ϵ_1.0_gens_100000000_210222-020632.622
      From worker 11:	
      From worker 11:	starting b_1.0_c_0.2_N_40_M_1_K_1_P_2_beta_0.0_u_0.001_v_0.005_p_0.0_ϵ_1.0_gens_100000000_210222-020632.622
      From worker 5:	
      From worker 5:	starting b_1.0_c_0.2_N_40_M_1_K_1_P_2_beta_0.0_u_0.001_v_0.001_p_0.0_ϵ_1.0_gens_100000000_210222-020632.622
      From worker 7:	
      From worker 7:	starting b_1.0_c_0.2_N_40_M_1_K_1_P_2_beta_0.0_u_0.001_v_0.005_p_0.0_ϵ_1.0_gens_100000000_210222-020632.622
      From worker 8:	
      From worker 8:	starting b_1.0_c_0.2_N_40_M_1_K_1_P_2_beta_0.0_u_0.001_v_0.005_p_0.0_ϵ_1.0_gens_100000000_210222-020632.622
      From worker 14:	
      From worker 14:	starting b_1.0_c_0.2_N_40_M_1_K_1_P_2_beta_0.0_u_0.001_v_0.025_p_0.0_ϵ_1.0_gens_100000000_210222-020632.622
      From worker 9:	
      From worker 9:	starting b_1.0_c_0.2_N_40_M_1_K_1_P_2_beta_0.0_u_0.001_v_0.005_p_0.0_ϵ_1.0_gens_100000000_210222-020632.622
      From worker 6:	
      From worker 6:	starting b_1.0_c_0.2_N_40_M_1_K_1_P_2_beta_0.0_u_0.001_v_0.001_p_0.0_ϵ_1.0_gens_100000000_210222-020632.622
      From worker 4:	
      From worker 4:	starting b_1.0_c_0.2_N_40_M_1_K_1_P_2_beta_0.0_u_0.001_v_0.001_p_0.0_ϵ_1.0_gens_100000000_210222-020632.622
      From worker 3:	
      From worker 3:	starting b_1.0_c_0.2_N_40_M_1_K_1_P_2_beta_0.0_u_0.001_v_0.001_p_0.0_ϵ_1.0_gens_100000000_210222-020632.622
      From worker 10:	
      From worker 10:	starting b_1.0_c_0.2_N_40_M_1_K_1_P_2_beta_0.0_u_0.001_v_0.005_p_0.0_ϵ_1.0_gens_100000000_210222-020632.622
      From worker 16:	
      From worker 16:	starting b_1.0_c_0.2_N_40_M_1_K_1_P_2_beta_0.0_u_0.001_v_0.025_p_0.0_ϵ_1.0_gens_100000000_210222-020632.622
      From worker 12:	
      From worker 12:	starting b_1.0_c_0.2_N_40_M_1_K_1_P_2_beta_0.0_u_0.001_v_0.025_p_0.0_ϵ_1.0_gens_100000000_210222-020632.622
      From worker 13:	
      From worker 13:	starting b_1.0_c_0.2_N_40_M_1_K_1_P_2_beta_0.0_u_0.001_v_0.025_p_0.0_ϵ_1.0_gens_100000000_210222-020632.622
      From worker 5:	replicate complete, ran 100000000 generations:
      From worker 5:	
      From worker 5:		num_imitating:			100000000
      From worker 5:		num_not_imitating:		0
      From worker 5:		num_strategies_changed:  	2971985
      From worker 5:			num_random_strategies: 	100009
      From worker 5:		num_sets_changed: 		1902824
      From worker 5:			num_random_opinions: 	100076
      From worker 5:			num_biased_opinions: 	0
      From worker 5:		num_both_changed: 		106111
      From worker 5:	
      From worker 2:	replicate complete, ran 100000000 generations:
      From worker 2:	
      From worker 2:		num_imitating:			100000000
      From worker 2:		num_not_imitating:		0
      From worker 2:		num_strategies_changed:  	2863182
      From worker 2:			num_random_strategies: 	99952
      From worker 2:		num_sets_changed: 		1953952
      From worker 2:			num_random_opinions: 	99396
      From worker 2:			num_biased_opinions: 	0
      From worker 2:		num_both_changed: 		107323
      From worker 2:	
      From worker 3:	replicate complete, ran 100000000 generations:
      From worker 3:	
      From worker 3:		num_imitating:			100000000
      From worker 3:		num_not_imitating:		0
      From worker 3:		num_strategies_changed:  	2938870
      From worker 3:			num_random_strategies: 	100017
      From worker 3:		num_sets_changed: 		1884850
      From worker 3:			num_random_opinions: 	99750
      From worker 3:			num_biased_opinions: 	0
      From worker 3:		num_both_changed: 		100186
      From worker 3:	
      From worker 6:	replicate complete, ran 100000000 generations:
      From worker 6:	
      From worker 6:		num_imitating:			100000000
      From worker 6:		num_not_imitating:		0
      From worker 6:		num_strategies_changed:  	2915830
      From worker 6:			num_random_strategies: 	99938
      From worker 6:		num_sets_changed: 		1932864
      From worker 6:			num_random_opinions: 	99995
      From worker 6:			num_biased_opinions: 	0
      From worker 6:		num_both_changed: 		107289
      From worker 6:	
      From worker 4:	replicate complete, ran 100000000 generations:
      From worker 4:	
      From worker 4:		num_imitating:			100000000
      From worker 4:		num_not_imitating:		0
      From worker 4:		num_strategies_changed:  	2894308
      From worker 4:			num_random_strategies: 	100024
      From worker 4:		num_sets_changed: 		1929470
      From worker 4:			num_random_opinions: 	99731
      From worker 4:			num_biased_opinions: 	0
      From worker 4:		num_both_changed: 		115027
      From worker 4:	
      From worker 11:	replicate complete, ran 100000000 generations:
      From worker 11:	
      From worker 11:		num_imitating:			100000000
      From worker 11:		num_not_imitating:		0
      From worker 11:		num_strategies_changed:  	2894188
      From worker 11:			num_random_strategies: 	100068
      From worker 11:		num_sets_changed: 		8402148
      From worker 11:			num_random_opinions: 	499222
      From worker 11:			num_biased_opinions: 	0
      From worker 11:		num_both_changed: 		439047
      From worker 11:	
      From worker 8:	replicate complete, ran 100000000 generations:
      From worker 8:	
      From worker 8:		num_imitating:			100000000
      From worker 8:		num_not_imitating:		0
      From worker 8:		num_strategies_changed:  	2851345
      From worker 8:			num_random_strategies: 	99924
      From worker 8:		num_sets_changed: 		8384886
      From worker 8:			num_random_opinions: 	500315
      From worker 8:			num_biased_opinions: 	0
      From worker 8:		num_both_changed: 		424279
      From worker 8:	
      From worker 9:	replicate complete, ran 100000000 generations:
      From worker 9:	
      From worker 9:		num_imitating:			100000000
      From worker 9:		num_not_imitating:		0
      From worker 9:		num_strategies_changed:  	2911067
      From worker 9:			num_random_strategies: 	100172
      From worker 9:		num_sets_changed: 		8452212
      From worker 9:			num_random_opinions: 	500634
      From worker 9:			num_biased_opinions: 	0
      From worker 9:		num_both_changed: 		439465
      From worker 9:	
      From worker 7:	replicate complete, ran 100000000 generations:
      From worker 7:	
      From worker 7:		num_imitating:			100000000
      From worker 7:		num_not_imitating:		0
      From worker 7:		num_strategies_changed:  	2852122
      From worker 7:			num_random_strategies: 	100504
      From worker 7:		num_sets_changed: 		8396608
      From worker 7:			num_random_opinions: 	500141
      From worker 7:			num_biased_opinions: 	0
      From worker 7:		num_both_changed: 		413180
      From worker 7:	
      From worker 10:	replicate complete, ran 100000000 generations:
      From worker 10:	
      From worker 10:		num_imitating:			100000000
      From worker 10:		num_not_imitating:		0
      From worker 10:		num_strategies_changed:  	2935892
      From worker 10:			num_random_strategies: 	99576
      From worker 10:		num_sets_changed: 		8438959
      From worker 10:			num_random_opinions: 	499806
      From worker 10:			num_biased_opinions: 	0
      From worker 10:		num_both_changed: 		443823
      From worker 10:	
      From worker 13:	replicate complete, ran 100000000 generations:
      From worker 13:	
      From worker 13:		num_imitating:			100000000
      From worker 13:		num_not_imitating:		0
      From worker 13:		num_strategies_changed:  	2881732
      From worker 13:			num_random_strategies: 	99416
      From worker 13:		num_sets_changed: 		25314577
      From worker 13:			num_random_opinions: 	2497699
      From worker 13:			num_biased_opinions: 	0
      From worker 13:		num_both_changed: 		1071744
      From worker 13:	
      From worker 16:	replicate complete, ran 100000000 generations:
      From worker 16:	
      From worker 16:		num_imitating:			100000000
      From worker 16:		num_not_imitating:		0
      From worker 16:		num_strategies_changed:  	2956869
      From worker 16:			num_random_strategies: 	100548
      From worker 16:		num_sets_changed: 		25350870
      From worker 16:			num_random_opinions: 	2500930
      From worker 16:			num_biased_opinions: 	0
      From worker 16:		num_both_changed: 		1105509
      From worker 16:	
      From worker 12:	replicate complete, ran 100000000 generations:
      From worker 12:	
      From worker 12:		num_imitating:			100000000
      From worker 12:		num_not_imitating:		0
      From worker 12:		num_strategies_changed:  	2888458
      From worker 12:			num_random_strategies: 	100250
      From worker 12:		num_sets_changed: 		25397701
      From worker 12:			num_random_opinions: 	2500211
      From worker 12:			num_biased_opinions: 	0
      From worker 12:		num_both_changed: 		1075608
      From worker 12:	
      From worker 14:	replicate complete, ran 100000000 generations:
      From worker 14:	
      From worker 14:		num_imitating:			100000000
      From worker 14:		num_not_imitating:		0
      From worker 14:		num_strategies_changed:  	2911713
      From worker 14:			num_random_strategies: 	100466
      From worker 14:		num_sets_changed: 		25374186
      From worker 14:			num_random_opinions: 	2496757
      From worker 14:			num_biased_opinions: 	0
      From worker 14:		num_both_changed: 		1092354
      From worker 14:	
      From worker 15:	replicate complete, ran 100000000 generations:
      From worker 15:	
      From worker 15:		num_imitating:			100000000
      From worker 15:		num_not_imitating:		0
      From worker 15:		num_strategies_changed:  	2900943
      From worker 15:			num_random_strategies: 	100256
      From worker 15:		num_sets_changed: 		25274862
      From worker 15:			num_random_opinions: 	2499812
      From worker 15:			num_biased_opinions: 	0
      From worker 15:		num_both_changed: 		1079575
      From worker 15:	
