packages loaded
      From worker 6:	 Activating environment at `/tigress/mk28/CooperationPolarization2/Project.toml`
      From worker 4:	 Activating environment at `/tigress/mk28/CooperationPolarization2/Project.toml`
      From worker 2:	 Activating environment at `/tigress/mk28/CooperationPolarization2/Project.toml`
      From worker 3:	 Activating environment at `/tigress/mk28/CooperationPolarization2/Project.toml`
      From worker 12:	 Activating environment at `/tigress/mk28/CooperationPolarization2/Project.toml`
      From worker 15:	 Activating environment at `/tigress/mk28/CooperationPolarization2/Project.toml`
      From worker 8:	 Activating environment at `/tigress/mk28/CooperationPolarization2/Project.toml`
      From worker 11:	 Activating environment at `/tigress/mk28/CooperationPolarization2/Project.toml`
      From worker 10:	 Activating environment at `/tigress/mk28/CooperationPolarization2/Project.toml`
      From worker 9:	 Activating environment at `/tigress/mk28/CooperationPolarization2/Project.toml`
      From worker 14:	 Activating environment at `/tigress/mk28/CooperationPolarization2/Project.toml`
      From worker 13:	 Activating environment at `/tigress/mk28/CooperationPolarization2/Project.toml`
      From worker 7:	 Activating environment at `/tigress/mk28/CooperationPolarization2/Project.toml`
      From worker 16:	 Activating environment at `/tigress/mk28/CooperationPolarization2/Project.toml`
      From worker 5:	 Activating environment at `/tigress/mk28/CooperationPolarization2/Project.toml`
      From worker 15:	packages loaded
      From worker 6:	packages loaded
      From worker 2:	packages loaded
      From worker 7:	packages loaded
      From worker 12:	packages loaded
      From worker 3:	packages loaded
      From worker 8:	packages loaded
      From worker 16:	packages loaded
      From worker 4:	packages loaded
      From worker 11:	packages loaded
      From worker 14:	packages loaded
      From worker 9:	packages loaded
      From worker 13:	packages loaded
      From worker 10:	packages loaded
      From worker 5:	packages loaded
parameters defined
      From worker 6:	
      From worker 6:	starting b_1.0_c_0.2_N_40_M_3_K_1_P_2_beta_0.001_u_0.001_v_0.005_p_1.0_ϵ_1.0_gens_20000000_210221-094940.426
      From worker 4:	
      From worker 4:	starting b_1.0_c_0.2_N_40_M_3_K_1_P_2_beta_0.001_u_0.001_v_0.0022360679774997894_p_0.5_ϵ_1.0_gens_20000000_210221-094940.426
      From worker 12:	
      From worker 12:	starting b_1.0_c_0.2_N_40_M_3_K_1_P_2_beta_0.001_u_0.001_v_0.125_p_0.0_ϵ_1.0_gens_20000000_210221-094940.426
      From worker 2:	
      From worker 2:	starting b_1.0_c_0.2_N_40_M_3_K_1_P_2_beta_0.001_u_0.001_v_0.001_p_0.0_ϵ_1.0_gens_20000000_210221-094940.426
      From worker 7:	
      From worker 7:	starting b_1.0_c_0.2_N_40_M_3_K_1_P_2_beta_0.001_u_0.001_v_0.011180339887498947_p_0.0_ϵ_1.0_gens_20000000_210221-094940.426
      From worker 9:	
      From worker 9:	starting b_1.0_c_0.2_N_40_M_3_K_1_P_2_beta_0.001_u_0.001_v_0.025_p_0.5_ϵ_1.0_gens_20000000_210221-094940.426
      From worker 15:	
      From worker 15:	starting b_1.0_c_0.2_N_40_M_3_K_1_P_2_beta_0.001_u_0.001_v_0.2795084971874737_p_0.75_ϵ_1.0_gens_20000000_210221-094940.426
      From worker 16:	
      From worker 16:	starting b_1.0_c_0.2_N_40_M_3_K_1_P_2_beta_0.001_u_0.001_v_0.625_p_1.0_ϵ_1.0_gens_20000000_210221-094940.426
      From worker 11:	
      From worker 11:	starting b_1.0_c_0.2_N_40_M_3_K_1_P_2_beta_0.001_u_0.001_v_0.055901699437494755_p_1.0_ϵ_1.0_gens_20000000_210221-094940.426
      From worker 8:	
      From worker 8:	starting b_1.0_c_0.2_N_40_M_3_K_1_P_2_beta_0.001_u_0.001_v_0.011180339887498947_p_0.25_ϵ_1.0_gens_20000000_210221-094940.426
      From worker 13:	
      From worker 13:	starting b_1.0_c_0.2_N_40_M_3_K_1_P_2_beta_0.001_u_0.001_v_0.125_p_0.25_ϵ_1.0_gens_20000000_210221-094940.426
      From worker 14:	
      From worker 14:	starting b_1.0_c_0.2_N_40_M_3_K_1_P_2_beta_0.001_u_0.001_v_0.2795084971874737_p_0.5_ϵ_1.0_gens_20000000_210221-094940.426
      From worker 10:	
      From worker 10:	starting b_1.0_c_0.2_N_40_M_3_K_1_P_2_beta_0.001_u_0.001_v_0.025_p_0.75_ϵ_1.0_gens_20000000_210221-094940.426
      From worker 3:	
      From worker 3:	starting b_1.0_c_0.2_N_40_M_3_K_1_P_2_beta_0.001_u_0.001_v_0.001_p_0.25_ϵ_1.0_gens_20000000_210221-094940.426
      From worker 5:	
      From worker 5:	starting b_1.0_c_0.2_N_40_M_3_K_1_P_2_beta_0.001_u_0.001_v_0.0022360679774997894_p_0.75_ϵ_1.0_gens_20000000_210221-094940.426
      From worker 6:	replicate complete, ran 20000000 generations:
      From worker 6:	
      From worker 6:		num_imitating:			10003725
      From worker 6:		num_not_imitating:		9996275
      From worker 6:		num_strategies_changed:  	151005
      From worker 6:			num_random_strategies: 	10046
      From worker 6:		num_sets_changed: 		601183
      From worker 6:			num_random_opinions: 	0
      From worker 6:			num_biased_opinions: 	50057
      From worker 6:		num_both_changed: 		17640
      From worker 6:	
      From worker 6:	data processed and exported
      From worker 6:	
      From worker 6:	starting b_1.0_c_0.2_N_40_M_3_K_1_P_2_beta_0.001_u_0.001_v_0.005_p_0.0_ϵ_1.0_gens_20000000_210221-094940.426
      From worker 5:	replicate complete, ran 20000000 generations:
      From worker 5:	
      From worker 5:		num_imitating:			12498317
      From worker 5:		num_not_imitating:		7501683
      From worker 5:		num_strategies_changed:  	376736
      From worker 5:			num_random_strategies: 	12300
      From worker 5:		num_sets_changed: 		815048
      From worker 5:			num_random_opinions: 	7009
      From worker 5:			num_biased_opinions: 	20793
      From worker 5:		num_both_changed: 		49641
      From worker 5:	
      From worker 2:	replicate complete, ran 20000000 generations:
      From worker 2:	
      From worker 2:		num_imitating:			20000000
      From worker 2:		num_not_imitating:		0
      From worker 2:		num_strategies_changed:  	534867
      From worker 2:			num_random_strategies: 	19992
      From worker 2:		num_sets_changed: 		601945
      From worker 2:			num_random_opinions: 	20038
      From worker 2:			num_biased_opinions: 	0
      From worker 2:		num_both_changed: 		30372
      From worker 2:	
      From worker 5:	data processed and exported
      From worker 2:	data processed and exported
      From worker 4:	replicate complete, ran 20000000 generations:
      From worker 4:	
      From worker 4:		num_imitating:			14999714
      From worker 4:		num_not_imitating:		5000286
      From worker 4:		num_strategies_changed:  	410019
      From worker 4:			num_random_strategies: 	14829
      From worker 4:		num_sets_changed: 		945455
      From worker 4:			num_random_opinions: 	16647
      From worker 4:			num_biased_opinions: 	16771
      From worker 4:		num_both_changed: 		53556
      From worker 4:	
      From worker 5:	
      From worker 5:	starting b_1.0_c_0.2_N_40_M_3_K_1_P_2_beta_0.001_u_0.001_v_0.0022360679774997894_p_1.0_ϵ_1.0_gens_20000000_210221-094940.426
      From worker 2:	
      From worker 2:	starting b_1.0_c_0.2_N_40_M_3_K_1_P_2_beta_0.001_u_0.001_v_0.001_p_0.25_ϵ_1.0_gens_20000000_210221-094940.426
      From worker 4:	data processed and exported
      From worker 4:	
      From worker 4:	starting b_1.0_c_0.2_N_40_M_3_K_1_P_2_beta_0.001_u_0.001_v_0.0022360679774997894_p_0.75_ϵ_1.0_gens_20000000_210221-094940.426
      From worker 3:	replicate complete, ran 20000000 generations:
      From worker 3:	
      From worker 3:		num_imitating:			17497347
      From worker 3:		num_not_imitating:		2502653
      From worker 3:		num_strategies_changed:  	526265
      From worker 3:			num_random_strategies: 	17556
      From worker 3:		num_sets_changed: 		525245
      From worker 3:			num_random_opinions: 	13102
      From worker 3:			num_biased_opinions: 	4330
      From worker 3:		num_both_changed: 		26391
      From worker 3:	
      From worker 3:	data processed and exported
      From worker 3:	
      From worker 3:	starting b_1.0_c_0.2_N_40_M_3_K_1_P_2_beta_0.001_u_0.001_v_0.001_p_0.5_ϵ_1.0_gens_20000000_210221-094940.426
      From worker 11:	replicate complete, ran 20000000 generations:
      From worker 11:	
      From worker 11:		num_imitating:			9998515
      From worker 11:		num_not_imitating:		10001485
      From worker 11:		num_strategies_changed:  	159044
      From worker 11:			num_random_strategies: 	10057
      From worker 11:		num_sets_changed: 		3586737
      From worker 11:			num_random_opinions: 	0
      From worker 11:			num_biased_opinions: 	557842
      From worker 11:		num_both_changed: 		81054
      From worker 11:	
      From worker 11:	data processed and exported
      From worker 11:	
      From worker 11:	starting b_1.0_c_0.2_N_40_M_3_K_1_P_2_beta_0.001_u_0.001_v_0.055901699437494755_p_0.0_ϵ_1.0_gens_20000000_210221-094940.426
      From worker 8:	replicate complete, ran 20000000 generations:
      From worker 8:	
      From worker 8:		num_imitating:			17499175
      From worker 8:		num_not_imitating:		2500825
      From worker 8:		num_strategies_changed:  	493757
      From worker 8:			num_random_strategies: 	17676
      From worker 8:		num_sets_changed: 		4380144
      From worker 8:			num_random_opinions: 	147257
      From worker 8:			num_biased_opinions: 	48567
      From worker 8:		num_both_changed: 		200819
      From worker 8:	
      From worker 8:	data processed and exported
      From worker 8:	
      From worker 8:	starting b_1.0_c_0.2_N_40_M_3_K_1_P_2_beta_0.001_u_0.001_v_0.011180339887498947_p_0.5_ϵ_1.0_gens_20000000_210221-094940.426
      From worker 7:	replicate complete, ran 20000000 generations:
      From worker 7:	
      From worker 7:		num_imitating:			20000000
      From worker 7:		num_not_imitating:		0
      From worker 7:		num_strategies_changed:  	558077
      From worker 7:			num_random_strategies: 	19814
      From worker 7:		num_sets_changed: 		4935302
      From worker 7:			num_random_opinions: 	223273
      From worker 7:			num_biased_opinions: 	0
      From worker 7:		num_both_changed: 		228418
      From worker 7:	
      From worker 10:	replicate complete, ran 20000000 generations:
      From worker 10:	
      From worker 10:		num_imitating:			12499163
      From worker 10:		num_not_imitating:		7500837
      From worker 10:		num_strategies_changed:  	371183
      From worker 10:			num_random_strategies: 	12320
      From worker 10:		num_sets_changed: 		5050225
      From worker 10:			num_random_opinions: 	78435
      From worker 10:			num_biased_opinions: 	234610
      From worker 10:		num_both_changed: 		228675
      From worker 10:	
      From worker 7:	data processed and exported
      From worker 10:	data processed and exported
      From worker 7:	
      From worker 7:	starting b_1.0_c_0.2_N_40_M_3_K_1_P_2_beta_0.001_u_0.001_v_0.011180339887498947_p_0.25_ϵ_1.0_gens_20000000_210221-094940.426
      From worker 10:	
      From worker 10:	starting b_1.0_c_0.2_N_40_M_3_K_1_P_2_beta_0.001_u_0.001_v_0.025_p_1.0_ϵ_1.0_gens_20000000_210221-094940.426
      From worker 16:	replicate complete, ran 20000000 generations:
      From worker 16:	
      From worker 16:		num_imitating:			9997942
      From worker 16:		num_not_imitating:		10002058
      From worker 16:		num_strategies_changed:  	154989
      From worker 16:			num_random_strategies: 	10074
      From worker 16:		num_sets_changed: 		6470003
      From worker 16:			num_random_opinions: 	0
      From worker 16:			num_biased_opinions: 	6248385
      From worker 16:		num_both_changed: 		103021
      From worker 16:	
      From worker 16:	data processed and exported
      From worker 16:	
      From worker 16:	starting b_1.0_c_0.2_N_40_M_3_K_1_P_2_beta_0.001_u_0.001_v_0.625_p_0.0_ϵ_1.0_gens_20000000_210221-094940.426
      From worker 9:	replicate complete, ran 20000000 generations:
      From worker 9:	
      From worker 9:		num_imitating:			15002051
      From worker 9:		num_not_imitating:		4997949
      From worker 9:		num_strategies_changed:  	394261
      From worker 9:			num_random_strategies: 	15116
      From worker 9:		num_sets_changed: 		6165688
      From worker 9:			num_random_opinions: 	187546
      From worker 9:			num_biased_opinions: 	187740
      From worker 9:		num_both_changed: 		235660
      From worker 9:	
      From worker 9:	data processed and exported
      From worker 9:	
      From worker 9:	starting b_1.0_c_0.2_N_40_M_3_K_1_P_2_beta_0.001_u_0.001_v_0.025_p_0.75_ϵ_1.0_gens_20000000_210221-094940.426
      From worker 15:	replicate complete, ran 20000000 generations:
      From worker 15:	
      From worker 15:		num_imitating:			12499824
      From worker 15:		num_not_imitating:		7500176
      From worker 15:		num_strategies_changed:  	342045
      From worker 15:			num_random_strategies: 	12440
      From worker 15:		num_sets_changed: 		9349659
      From worker 15:			num_random_opinions: 	873783
      From worker 15:			num_biased_opinions: 	2622231
      From worker 15:		num_both_changed: 		275657
      From worker 15:	
      From worker 15:	data processed and exported
      From worker 15:	
      From worker 15:	starting b_1.0_c_0.2_N_40_M_3_K_1_P_2_beta_0.001_u_0.001_v_0.2795084971874737_p_1.0_ϵ_1.0_gens_20000000_210221-094940.426
      From worker 14:	replicate complete, ran 20000000 generations:
      From worker 14:	
      From worker 14:		num_imitating:			15000641
      From worker 14:		num_not_imitating:		4999359
      From worker 14:		num_strategies_changed:  	433780
      From worker 14:			num_random_strategies: 	14984
      From worker 14:		num_sets_changed: 		11573997
      From worker 14:			num_random_opinions: 	2097715
      From worker 14:			num_biased_opinions: 	2096886
      From worker 14:		num_both_changed: 		356819
      From worker 14:	
      From worker 14:	data processed and exported
      From worker 14:	
      From worker 14:	starting b_1.0_c_0.2_N_40_M_3_K_1_P_2_beta_0.001_u_0.001_v_0.2795084971874737_p_0.75_ϵ_1.0_gens_20000000_210221-094940.426
      From worker 13:	replicate complete, ran 20000000 generations:
      From worker 13:	
      From worker 13:		num_imitating:			17501563
      From worker 13:		num_not_imitating:		2498437
      From worker 13:		num_strategies_changed:  	485643
      From worker 13:			num_random_strategies: 	17354
      From worker 13:		num_sets_changed: 		12343907
      From worker 13:			num_random_opinions: 	1640766
      From worker 13:			num_biased_opinions: 	546985
      From worker 13:		num_both_changed: 		393505
      From worker 13:	
      From worker 13:	data processed and exported
      From worker 13:	
      From worker 13:	starting b_1.0_c_0.2_N_40_M_3_K_1_P_2_beta_0.001_u_0.001_v_0.125_p_0.5_ϵ_1.0_gens_20000000_210221-094940.426
      From worker 12:	replicate complete, ran 20000000 generations:
      From worker 12:	
      From worker 12:		num_imitating:			20000000
      From worker 12:		num_not_imitating:		0
      From worker 12:		num_strategies_changed:  	587350
      From worker 12:			num_random_strategies: 	20045
      From worker 12:		num_sets_changed: 		14149485
      From worker 12:			num_random_opinions: 	2500493
      From worker 12:			num_biased_opinions: 	0
      From worker 12:		num_both_changed: 		476956
      From worker 12:	
      From worker 12:	data processed and exported
      From worker 12:	
      From worker 12:	starting b_1.0_c_0.2_N_40_M_3_K_1_P_2_beta_0.001_u_0.001_v_0.125_p_0.25_ϵ_1.0_gens_20000000_210221-094940.426
      From worker 5:	replicate complete, ran 20000000 generations:
      From worker 5:	
      From worker 5:		num_imitating:			9999775
      From worker 5:		num_not_imitating:		10000225
      From worker 5:		num_strategies_changed:  	151545
      From worker 5:			num_random_strategies: 	9885
      From worker 5:		num_sets_changed: 		272046
      From worker 5:			num_random_opinions: 	0
      From worker 5:			num_biased_opinions: 	22462
      From worker 5:		num_both_changed: 		7511
      From worker 5:	
      From worker 5:	data processed and exported
      From worker 5:	
      From worker 5:	starting b_1.0_c_0.2_N_40_M_3_K_1_P_2_beta_0.001_u_0.001_v_0.005_p_0.0_ϵ_1.0_gens_20000000_210221-094940.426
      From worker 2:	replicate complete, ran 20000000 generations:
      From worker 2:	
      From worker 2:		num_imitating:			17497764
      From worker 2:		num_not_imitating:		2502236
      From worker 2:		num_strategies_changed:  	490260
      From worker 2:			num_random_strategies: 	17460
      From worker 2:		num_sets_changed: 		531448
      From worker 2:			num_random_opinions: 	13157
      From worker 2:			num_biased_opinions: 	4421
      From worker 2:		num_both_changed: 		22266
      From worker 2:	
      From worker 3:	replicate complete, ran 20000000 generations:
      From worker 3:	
      From worker 3:		num_imitating:			15005006
      From worker 3:		num_not_imitating:		4994994
      From worker 3:		num_strategies_changed:  	428552
      From worker 3:			num_random_strategies: 	14900
      From worker 3:		num_sets_changed: 		429164
      From worker 3:			num_random_opinions: 	7476
      From worker 3:			num_biased_opinions: 	7630
      From worker 3:		num_both_changed: 		25034
      From worker 3:	
      From worker 2:	data processed and exported
      From worker 2:	
      From worker 2:	starting b_1.0_c_0.2_N_40_M_3_K_1_P_2_beta_0.001_u_0.001_v_0.001_p_0.5_ϵ_1.0_gens_20000000_210221-094940.426
      From worker 3:	data processed and exported
      From worker 3:	
      From worker 3:	starting b_1.0_c_0.2_N_40_M_3_K_1_P_2_beta_0.001_u_0.001_v_0.001_p_0.75_ϵ_1.0_gens_20000000_210221-094940.426
      From worker 4:	replicate complete, ran 20000000 generations:
      From worker 4:	
      From worker 4:		num_imitating:			12497764
      From worker 4:		num_not_imitating:		7502236
      From worker 4:		num_strategies_changed:  	365676
      From worker 4:			num_random_strategies: 	12348
      From worker 4:		num_sets_changed: 		847346
      From worker 4:			num_random_opinions: 	7028
      From worker 4:			num_biased_opinions: 	20853
      From worker 4:		num_both_changed: 		47663
      From worker 4:	
      From worker 4:	data processed and exported
      From worker 4:	
      From worker 4:	starting b_1.0_c_0.2_N_40_M_3_K_1_P_2_beta_0.001_u_0.001_v_0.0022360679774997894_p_1.0_ϵ_1.0_gens_20000000_210221-094940.426
      From worker 6:	replicate complete, ran 20000000 generations:
      From worker 6:	
      From worker 6:		num_imitating:			20000000
      From worker 6:		num_not_imitating:		0
      From worker 6:		num_strategies_changed:  	562637
      From worker 6:			num_random_strategies: 	19856
      From worker 6:		num_sets_changed: 		2644189
      From worker 6:			num_random_opinions: 	99463
      From worker 6:			num_biased_opinions: 	0
      From worker 6:		num_both_changed: 		140462
      From worker 6:	
      From worker 6:	data processed and exported
      From worker 6:	
      From worker 6:	starting b_1.0_c_0.2_N_40_M_3_K_1_P_2_beta_0.001_u_0.001_v_0.005_p_0.25_ϵ_1.0_gens_20000000_210221-094940.426
      From worker 10:	replicate complete, ran 20000000 generations:
      From worker 10:	
      From worker 10:		num_imitating:			9998956
      From worker 10:		num_not_imitating:		10001044
      From worker 10:		num_strategies_changed:  	144261
      From worker 10:			num_random_strategies: 	9914
      From worker 10:		num_sets_changed: 		2224407
      From worker 10:			num_random_opinions: 	0
      From worker 10:			num_biased_opinions: 	250641
      From worker 10:		num_both_changed: 		48698
      From worker 10:	
      From worker 10:	data processed and exported
      From worker 10:	
      From worker 10:	starting b_1.0_c_0.2_N_40_M_3_K_1_P_2_beta_0.001_u_0.001_v_0.055901699437494755_p_0.0_ϵ_1.0_gens_20000000_210221-094940.426
      From worker 8:	replicate complete, ran 20000000 generations:
      From worker 8:	
      From worker 8:		num_imitating:			14997006
      From worker 8:		num_not_imitating:		5002994
      From worker 8:		num_strategies_changed:  	420230
      From worker 8:			num_random_strategies: 	14866
      From worker 8:		num_sets_changed: 		3720697
      From worker 8:			num_random_opinions: 	84330
      From worker 8:			num_biased_opinions: 	84186
      From worker 8:		num_both_changed: 		172982
      From worker 8:	
      From worker 8:	data processed and exported
      From worker 8:	
      From worker 8:	starting b_1.0_c_0.2_N_40_M_3_K_1_P_2_beta_0.001_u_0.001_v_0.011180339887498947_p_0.75_ϵ_1.0_gens_20000000_210221-094940.426
      From worker 7:	replicate complete, ran 20000000 generations:
      From worker 7:	
      From worker 7:		num_imitating:			17500180
      From worker 7:		num_not_imitating:		2499820
      From worker 7:		num_strategies_changed:  	491246
      From worker 7:			num_random_strategies: 	17375
      From worker 7:		num_sets_changed: 		4405235
      From worker 7:			num_random_opinions: 	146493
      From worker 7:			num_biased_opinions: 	48953
      From worker 7:		num_both_changed: 		212887
      From worker 7:	
      From worker 7:	data processed and exported
      From worker 7:	
      From worker 7:	starting b_1.0_c_0.2_N_40_M_3_K_1_P_2_beta_0.001_u_0.001_v_0.011180339887498947_p_0.5_ϵ_1.0_gens_20000000_210221-094940.426
      From worker 9:	replicate complete, ran 20000000 generations:
      From worker 9:	
      From worker 9:		num_imitating:			12499438
      From worker 9:		num_not_imitating:		7500562
      From worker 9:		num_strategies_changed:  	354939
      From worker 9:			num_random_strategies: 	12461
      From worker 9:		num_sets_changed: 		5046511
      From worker 9:			num_random_opinions: 	78175
      From worker 9:			num_biased_opinions: 	234514
      From worker 9:		num_both_changed: 		218155
      From worker 9:	
      From worker 9:	data processed and exported
      From worker 9:	
      From worker 9:	starting b_1.0_c_0.2_N_40_M_3_K_1_P_2_beta_0.001_u_0.001_v_0.025_p_1.0_ϵ_1.0_gens_20000000_210221-094940.426
      From worker 15:	replicate complete, ran 20000000 generations:
      From worker 15:	
      From worker 15:		num_imitating:			9999911
      From worker 15:		num_not_imitating:		10000089
      From worker 15:		num_strategies_changed:  	146285
      From worker 15:			num_random_strategies: 	10004
      From worker 15:		num_sets_changed: 		5906763
      From worker 15:			num_random_opinions: 	0
      From worker 15:			num_biased_opinions: 	2796818
      From worker 15:		num_both_changed: 		95915
      From worker 15:	
      From worker 15:	data processed and exported
      From worker 15:	
      From worker 15:	starting b_1.0_c_0.2_N_40_M_3_K_1_P_2_beta_0.001_u_0.001_v_0.625_p_0.0_ϵ_1.0_gens_20000000_210221-094940.426
      From worker 11:	replicate complete, ran 20000000 generations:
      From worker 11:	
      From worker 11:		num_imitating:			20000000
      From worker 11:		num_not_imitating:		0
      From worker 11:		num_strategies_changed:  	562760
      From worker 11:			num_random_strategies: 	19695
      From worker 11:		num_sets_changed: 		11616888
      From worker 11:			num_random_opinions: 	1119223
      From worker 11:			num_biased_opinions: 	0
      From worker 11:		num_both_changed: 		417948
      From worker 11:	
      From worker 11:	data processed and exported
      From worker 11:	
      From worker 11:	starting b_1.0_c_0.2_N_40_M_3_K_1_P_2_beta_0.001_u_0.001_v_0.055901699437494755_p_0.25_ϵ_1.0_gens_20000000_210221-094940.426
      From worker 3:	replicate complete, ran 20000000 generations:
      From worker 3:	
      From worker 3:		num_imitating:			12501640
      From worker 3:		num_not_imitating:		7498360
      From worker 3:		num_strategies_changed:  	361370
      From worker 3:			num_random_strategies: 	12554
      From worker 3:		num_sets_changed: 		360600
      From worker 3:			num_random_opinions: 	3154
      From worker 3:			num_biased_opinions: 	9253
      From worker 3:		num_both_changed: 		20042
      From worker 3:	
      From worker 4:	replicate complete, ran 20000000 generations:
      From worker 4:	
      From worker 4:		num_imitating:			9998789
      From worker 4:		num_not_imitating:		10001211
      From worker 4:		num_strategies_changed:  	147006
      From worker 4:			num_random_strategies: 	9900
      From worker 4:		num_sets_changed: 		276470
      From worker 4:			num_random_opinions: 	0
      From worker 4:			num_biased_opinions: 	22332
      From worker 4:		num_both_changed: 		8858
      From worker 4:	
      From worker 3:	data processed and exported
      From worker 3:	
      From worker 3:	starting b_1.0_c_0.2_N_40_M_3_K_1_P_2_beta_0.001_u_0.001_v_0.001_p_1.0_ϵ_1.0_gens_20000000_210221-094940.426
      From worker 4:	data processed and exported
      From worker 4:	
      From worker 4:	starting b_1.0_c_0.2_N_40_M_3_K_1_P_2_beta_0.001_u_0.001_v_0.0022360679774997894_p_0.0_ϵ_1.0_gens_20000000_210221-094940.426
      From worker 2:	replicate complete, ran 20000000 generations:
      From worker 2:	
      From worker 2:		num_imitating:			14999806
      From worker 2:		num_not_imitating:		5000194
      From worker 2:		num_strategies_changed:  	416642
      From worker 2:			num_random_strategies: 	15019
      From worker 2:		num_sets_changed: 		468199
      From worker 2:			num_random_opinions: 	7498
      From worker 2:			num_biased_opinions: 	7420
      From worker 2:		num_both_changed: 		18543
      From worker 2:	
      From worker 2:	data processed and exported
      From worker 2:	
      From worker 2:	starting b_1.0_c_0.2_N_40_M_3_K_1_P_2_beta_0.001_u_0.001_v_0.001_p_0.75_ϵ_1.0_gens_20000000_210221-094940.426
      From worker 5:	replicate complete, ran 20000000 generations:
      From worker 5:	
      From worker 5:		num_imitating:			20000000
      From worker 5:		num_not_imitating:		0
      From worker 5:		num_strategies_changed:  	580480
      From worker 5:			num_random_strategies: 	20179
      From worker 5:		num_sets_changed: 		2645648
      From worker 5:			num_random_opinions: 	99740
      From worker 5:			num_biased_opinions: 	0
      From worker 5:		num_both_changed: 		131348
      From worker 5:	
      From worker 5:	data processed and exported
      From worker 5:	
      From worker 5:	starting b_1.0_c_0.2_N_40_M_3_K_1_P_2_beta_0.001_u_0.001_v_0.005_p_0.25_ϵ_1.0_gens_20000000_210221-094940.426
      From worker 14:	replicate complete, ran 20000000 generations:
      From worker 14:	
      From worker 14:		num_imitating:			12498436
      From worker 14:		num_not_imitating:		7501564
      From worker 14:		num_strategies_changed:  	341385
      From worker 14:			num_random_strategies: 	12323
      From worker 14:		num_sets_changed: 		9348277
      From worker 14:			num_random_opinions: 	873776
      From worker 14:			num_biased_opinions: 	2620724
      From worker 14:		num_both_changed: 		275885
      From worker 14:	
      From worker 14:	data processed and exported
      From worker 14:	
      From worker 14:	starting b_1.0_c_0.2_N_40_M_3_K_1_P_2_beta_0.001_u_0.001_v_0.2795084971874737_p_1.0_ϵ_1.0_gens_20000000_210221-094940.426
      From worker 16:	replicate complete, ran 20000000 generations:
      From worker 16:	
      From worker 16:		num_imitating:			20000000
      From worker 16:		num_not_imitating:		0
      From worker 16:		num_strategies_changed:  	584207
      From worker 16:			num_random_strategies: 	19848
      From worker 16:		num_sets_changed: 		16417629
      From worker 16:			num_random_opinions: 	12497336
      From worker 16:			num_biased_opinions: 	0
      From worker 16:		num_both_changed: 		486044
      From worker 16:	
      From worker 16:	data processed and exported
      From worker 16:	
      From worker 16:	starting b_1.0_c_0.2_N_40_M_3_K_1_P_2_beta_0.001_u_0.001_v_0.625_p_0.25_ϵ_1.0_gens_20000000_210221-094940.426
      From worker 6:	replicate complete, ran 20000000 generations:
      From worker 6:	
      From worker 6:		num_imitating:			17502108
      From worker 6:		num_not_imitating:		2497892
      From worker 6:		num_strategies_changed:  	475570
      From worker 6:			num_random_strategies: 	17568
      From worker 6:		num_sets_changed: 		2299565
      From worker 6:			num_random_opinions: 	65657
      From worker 6:			num_biased_opinions: 	21734
      From worker 6:		num_both_changed: 		108753
      From worker 6:	
      From worker 6:	data processed and exported
      From worker 6:	
      From worker 6:	starting b_1.0_c_0.2_N_40_M_3_K_1_P_2_beta_0.001_u_0.001_v_0.005_p_0.5_ϵ_1.0_gens_20000000_210221-094940.426
      From worker 13:	replicate complete, ran 20000000 generations:
      From worker 13:	
      From worker 13:		num_imitating:			14996505
      From worker 13:		num_not_imitating:		5003495
      From worker 13:		num_strategies_changed:  	423610
      From worker 13:			num_random_strategies: 	14881
      From worker 13:		num_sets_changed: 		10503681
      From worker 13:			num_random_opinions: 	937271
      From worker 13:			num_biased_opinions: 	936588
      From worker 13:		num_both_changed: 		342357
      From worker 13:	
      From worker 13:	data processed and exported
      From worker 13:	
      From worker 13:	starting b_1.0_c_0.2_N_40_M_3_K_1_P_2_beta_0.001_u_0.001_v_0.125_p_0.75_ϵ_1.0_gens_20000000_210221-094940.426
      From worker 12:	replicate complete, ran 20000000 generations:
      From worker 12:	
      From worker 12:		num_imitating:			17499065
      From worker 12:		num_not_imitating:		2500935
      From worker 12:		num_strategies_changed:  	480858
      From worker 12:			num_random_strategies: 	17689
      From worker 12:		num_sets_changed: 		12343783
      From worker 12:			num_random_opinions: 	1641712
      From worker 12:			num_biased_opinions: 	548665
      From worker 12:		num_both_changed: 		389340
      From worker 12:	
      From worker 12:	data processed and exported
      From worker 12:	
      From worker 12:	starting b_1.0_c_0.2_N_40_M_3_K_1_P_2_beta_0.001_u_0.001_v_0.125_p_0.5_ϵ_1.0_gens_20000000_210221-094940.426
      From worker 8:	replicate complete, ran 20000000 generations:
      From worker 8:	
      From worker 8:		num_imitating:			12502163
      From worker 8:		num_not_imitating:		7497837
      From worker 8:		num_strategies_changed:  	361025
      From worker 8:			num_random_strategies: 	12537
      From worker 8:		num_sets_changed: 		3078412
      From worker 8:			num_random_opinions: 	34787
      From worker 8:			num_biased_opinions: 	104537
      From worker 8:		num_both_changed: 		156371
      From worker 8:	
      From worker 8:	data processed and exported
      From worker 8:	
      From worker 8:	starting b_1.0_c_0.2_N_40_M_3_K_1_P_2_beta_0.001_u_0.001_v_0.011180339887498947_p_1.0_ϵ_1.0_gens_20000000_210221-094940.426
      From worker 7:	replicate complete, ran 20000000 generations:
      From worker 7:	
      From worker 7:		num_imitating:			14997522
      From worker 7:		num_not_imitating:		5002478
      From worker 7:		num_strategies_changed:  	412748
      From worker 7:			num_random_strategies: 	14903
      From worker 7:		num_sets_changed: 		3718389
      From worker 7:			num_random_opinions: 	83967
      From worker 7:			num_biased_opinions: 	83672
      From worker 7:		num_both_changed: 		173174
      From worker 7:	
      From worker 7:	data processed and exported
      From worker 7:	
      From worker 7:	starting b_1.0_c_0.2_N_40_M_3_K_1_P_2_beta_0.001_u_0.001_v_0.011180339887498947_p_0.75_ϵ_1.0_gens_20000000_210221-094940.426
      From worker 9:	replicate complete, ran 20000000 generations:
      From worker 9:	
      From worker 9:		num_imitating:			9997672
      From worker 9:		num_not_imitating:		10002328
      From worker 9:		num_strategies_changed:  	147786
      From worker 9:			num_random_strategies: 	9985
      From worker 9:		num_sets_changed: 		2247374
      From worker 9:			num_random_opinions: 	0
      From worker 9:			num_biased_opinions: 	250366
      From worker 9:		num_both_changed: 		53555
      From worker 9:	
      From worker 9:	data processed and exported
      From worker 9:	
      From worker 9:	starting b_1.0_c_0.2_N_40_M_3_K_1_P_2_beta_0.001_u_0.001_v_0.025_p_0.0_ϵ_1.0_gens_20000000_210221-094940.426
      From worker 3:	replicate complete, ran 20000000 generations:
      From worker 3:	
      From worker 3:		num_imitating:			9998350
      From worker 3:		num_not_imitating:		10001650
      From worker 3:		num_strategies_changed:  	156516
      From worker 3:			num_random_strategies: 	10080
      From worker 3:		num_sets_changed: 		126173
      From worker 3:			num_random_opinions: 	0
      From worker 3:			num_biased_opinions: 	10017
      From worker 3:		num_both_changed: 		3773
      From worker 3:	
      From worker 3:	data processed and exported
      From worker 3:	
      From worker 3:	starting b_1.0_c_0.2_N_40_M_3_K_1_P_2_beta_0.001_u_0.001_v_0.0022360679774997894_p_0.0_ϵ_1.0_gens_20000000_210221-094940.426
      From worker 2:	replicate complete, ran 20000000 generations:
      From worker 2:	
      From worker 2:		num_imitating:			12498552
      From worker 2:		num_not_imitating:		7501448
      From worker 2:		num_strategies_changed:  	373347
      From worker 2:			num_random_strategies: 	12472
      From worker 2:		num_sets_changed: 		389487
      From worker 2:			num_random_opinions: 	3092
      From worker 2:			num_biased_opinions: 	9471
      From worker 2:		num_both_changed: 		25794
      From worker 2:	
      From worker 2:	data processed and exported
      From worker 2:	
      From worker 2:	starting b_1.0_c_0.2_N_40_M_3_K_1_P_2_beta_0.001_u_0.001_v_0.001_p_1.0_ϵ_1.0_gens_20000000_210221-094940.426
      From worker 4:	replicate complete, ran 20000000 generations:
      From worker 4:	
      From worker 4:		num_imitating:			20000000
      From worker 4:		num_not_imitating:		0
      From worker 4:		num_strategies_changed:  	559850
      From worker 4:			num_random_strategies: 	20053
      From worker 4:		num_sets_changed: 		1265452
      From worker 4:			num_random_opinions: 	44615
      From worker 4:			num_biased_opinions: 	0
      From worker 4:		num_both_changed: 		65014
      From worker 4:	
      From worker 4:	data processed and exported
      From worker 4:	
      From worker 4:	starting b_1.0_c_0.2_N_40_M_3_K_1_P_2_beta_0.001_u_0.001_v_0.0022360679774997894_p_0.25_ϵ_1.0_gens_20000000_210221-094940.426
      From worker 10:	replicate complete, ran 20000000 generations:
      From worker 10:	
      From worker 10:		num_imitating:			20000000
      From worker 10:		num_not_imitating:		0
      From worker 10:		num_strategies_changed:  	574697
      From worker 10:			num_random_strategies: 	19807
      From worker 10:		num_sets_changed: 		11584005
      From worker 10:			num_random_opinions: 	1117597
      From worker 10:			num_biased_opinions: 	0
      From worker 10:		num_both_changed: 		428409
      From worker 10:	
      From worker 10:	data processed and exported
      From worker 10:	
      From worker 10:	starting b_1.0_c_0.2_N_40_M_3_K_1_P_2_beta_0.001_u_0.001_v_0.055901699437494755_p_0.25_ϵ_1.0_gens_20000000_210221-094940.426
      From worker 5:	replicate complete, ran 20000000 generations:
      From worker 5:	
      From worker 5:		num_imitating:			17502026
      From worker 5:		num_not_imitating:		2497974
      From worker 5:		num_strategies_changed:  	501668
      From worker 5:			num_random_strategies: 	17382
      From worker 5:		num_sets_changed: 		2311236
      From worker 5:			num_random_opinions: 	65938
      From worker 5:			num_biased_opinions: 	21940
      From worker 5:		num_both_changed: 		118384
      From worker 5:	
      From worker 5:	data processed and exported
      From worker 5:	
      From worker 5:	starting b_1.0_c_0.2_N_40_M_3_K_1_P_2_beta_0.001_u_0.001_v_0.005_p_0.5_ϵ_1.0_gens_20000000_210221-094940.426
      From worker 6:	replicate complete, ran 20000000 generations:
      From worker 6:	
      From worker 6:		num_imitating:			14999936
      From worker 6:		num_not_imitating:		5000064
      From worker 6:		num_strategies_changed:  	415300
      From worker 6:			num_random_strategies: 	15067
      From worker 6:		num_sets_changed: 		1974377
      From worker 6:			num_random_opinions: 	37527
      From worker 6:			num_biased_opinions: 	37056
      From worker 6:		num_both_changed: 		94505
      From worker 6:	
      From worker 6:	data processed and exported
      From worker 6:	
      From worker 6:	starting b_1.0_c_0.2_N_40_M_3_K_1_P_2_beta_0.001_u_0.001_v_0.005_p_0.75_ϵ_1.0_gens_20000000_210221-094940.426
      From worker 14:	replicate complete, ran 20000000 generations:
      From worker 14:	
      From worker 14:		num_imitating:			10000098
      From worker 14:		num_not_imitating:		9999902
      From worker 14:		num_strategies_changed:  	148592
      From worker 14:			num_random_strategies: 	10032
      From worker 14:		num_sets_changed: 		5897532
      From worker 14:			num_random_opinions: 	0
      From worker 14:			num_biased_opinions: 	2794714
      From worker 14:		num_both_changed: 		97157
      From worker 14:	
      From worker 14:	data processed and exported
      From worker 14:	
      From worker 14:	starting b_1.0_c_0.2_N_40_M_3_K_1_P_2_beta_0.001_u_0.001_v_0.2795084971874737_p_0.0_ϵ_1.0_gens_20000000_210221-094940.426
      From worker 11:	replicate complete, ran 20000000 generations:
      From worker 11:	
      From worker 11:		num_imitating:			17498989
      From worker 11:		num_not_imitating:		2501011
      From worker 11:		num_strategies_changed:  	466775
      From worker 11:			num_random_strategies: 	17441
      From worker 11:		num_sets_changed: 		10127618
      From worker 11:			num_random_opinions: 	734427
      From worker 11:			num_biased_opinions: 	243965
      From worker 11:		num_both_changed: 		349808
      From worker 11:	
      From worker 11:	data processed and exported
      From worker 11:	
      From worker 11:	starting b_1.0_c_0.2_N_40_M_3_K_1_P_2_beta_0.001_u_0.001_v_0.055901699437494755_p_0.5_ϵ_1.0_gens_20000000_210221-094940.426
      From worker 8:	replicate complete, ran 20000000 generations:
      From worker 8:	
      From worker 8:		num_imitating:			9998915
      From worker 8:		num_not_imitating:		10001085
      From worker 8:		num_strategies_changed:  	139985
      From worker 8:			num_random_strategies: 	10084
      From worker 8:		num_sets_changed: 		1221243
      From worker 8:			num_random_opinions: 	0
      From worker 8:			num_biased_opinions: 	111392
      From worker 8:		num_both_changed: 		28779
      From worker 8:	
      From worker 8:	data processed and exported
      From worker 8:	
      From worker 8:	starting b_1.0_c_0.2_N_40_M_3_K_1_P_2_beta_0.001_u_0.001_v_0.025_p_0.0_ϵ_1.0_gens_20000000_210221-094940.426
      From worker 15:	replicate complete, ran 20000000 generations:
      From worker 15:	
      From worker 15:		num_imitating:			20000000
      From worker 15:		num_not_imitating:		0
      From worker 15:		num_strategies_changed:  	556486
      From worker 15:			num_random_strategies: 	20062
      From worker 15:		num_sets_changed: 		16418829
      From worker 15:			num_random_opinions: 	12500761
      From worker 15:			num_biased_opinions: 	0
      From worker 15:		num_both_changed: 		463530
      From worker 15:	
      From worker 15:	data processed and exported
      From worker 15:	
      From worker 15:	starting b_1.0_c_0.2_N_40_M_3_K_1_P_2_beta_0.001_u_0.001_v_0.625_p_0.25_ϵ_1.0_gens_20000000_210221-094940.426
      From worker 13:	replicate complete, ran 20000000 generations:
      From worker 13:	
      From worker 13:		num_imitating:			12499978
      From worker 13:		num_not_imitating:		7500022
      From worker 13:		num_strategies_changed:  	338227
      From worker 13:			num_random_strategies: 	12719
      From worker 13:		num_sets_changed: 		8567842
      From worker 13:			num_random_opinions: 	390183
      From worker 13:			num_biased_opinions: 	1172358
      From worker 13:		num_both_changed: 		273359
      From worker 13:	
      From worker 13:	data processed and exported
      From worker 13:	
      From worker 13:	starting b_1.0_c_0.2_N_40_M_3_K_1_P_2_beta_0.001_u_0.001_v_0.125_p_1.0_ϵ_1.0_gens_20000000_210221-094940.426
      From worker 7:	replicate complete, ran 20000000 generations:
      From worker 7:	
      From worker 7:		num_imitating:			12503125
      From worker 7:		num_not_imitating:		7496875
      From worker 7:		num_strategies_changed:  	366955
      From worker 7:			num_random_strategies: 	12654
      From worker 7:		num_sets_changed: 		3091380
      From worker 7:			num_random_opinions: 	34848
      From worker 7:			num_biased_opinions: 	104625
      From worker 7:		num_both_changed: 		154741
      From worker 7:	
      From worker 7:	data processed and exported
      From worker 7:	
      From worker 7:	starting b_1.0_c_0.2_N_40_M_3_K_1_P_2_beta_0.001_u_0.001_v_0.011180339887498947_p_1.0_ϵ_1.0_gens_20000000_210221-094940.426
      From worker 2:	replicate complete, ran 20000000 generations:
      From worker 2:	
      From worker 2:		num_imitating:			10001059
      From worker 2:		num_not_imitating:		9998941
      From worker 2:		num_strategies_changed:  	139705
      From worker 2:			num_random_strategies: 	10056
      From worker 2:		num_sets_changed: 		124814
      From worker 2:			num_random_opinions: 	0
      From worker 2:			num_biased_opinions: 	9970
      From worker 2:		num_both_changed: 		3625
      From worker 2:	
      From worker 2:	data processed and exported
      From worker 2:	
      From worker 2:	starting b_1.0_c_0.2_N_40_M_3_K_1_P_2_beta_0.001_u_0.001_v_0.001_p_0.0_ϵ_1.0_gens_20000000_210221-094940.426
      From worker 3:	replicate complete, ran 20000000 generations:
      From worker 3:	
      From worker 3:		num_imitating:			20000000
      From worker 3:		num_not_imitating:		0
      From worker 3:		num_strategies_changed:  	594284
      From worker 3:			num_random_strategies: 	20263
      From worker 3:		num_sets_changed: 		1332703
      From worker 3:			num_random_opinions: 	44589
      From worker 3:			num_biased_opinions: 	0
      From worker 3:		num_both_changed: 		70447
      From worker 3:	
      From worker 3:	data processed and exported
      From worker 3:	
      From worker 3:	starting b_1.0_c_0.2_N_40_M_3_K_1_P_2_beta_0.001_u_0.001_v_0.0022360679774997894_p_0.25_ϵ_1.0_gens_20000000_210221-094940.426
      From worker 16:	replicate complete, ran 20000000 generations:
      From worker 16:	
      From worker 16:		num_imitating:			17498712
      From worker 16:		num_not_imitating:		2501288
      From worker 16:		num_strategies_changed:  	496364
      From worker 16:			num_random_strategies: 	17525
      From worker 16:		num_sets_changed: 		14268929
      From worker 16:			num_random_opinions: 	8205443
      From worker 16:			num_biased_opinions: 	2734211
      From worker 16:		num_both_changed: 		410905
      From worker 16:	
      From worker 16:	data processed and exported
      From worker 16:	
      From worker 16:	starting b_1.0_c_0.2_N_40_M_3_K_1_P_2_beta_0.001_u_0.001_v_0.625_p_0.5_ϵ_1.0_gens_20000000_210221-094940.426
      From worker 4:	replicate complete, ran 20000000 generations:
      From worker 4:	
      From worker 4:		num_imitating:			17500348
      From worker 4:		num_not_imitating:		2499652
      From worker 4:		num_strategies_changed:  	502034
      From worker 4:			num_random_strategies: 	17413
      From worker 4:		num_sets_changed: 		1154057
      From worker 4:			num_random_opinions: 	29287
      From worker 4:			num_biased_opinions: 	9654
      From worker 4:		num_both_changed: 		53612
      From worker 4:	
      From worker 4:	data processed and exported
      From worker 4:	
      From worker 4:	starting b_1.0_c_0.2_N_40_M_3_K_1_P_2_beta_0.001_u_0.001_v_0.0022360679774997894_p_0.5_ϵ_1.0_gens_20000000_210221-094940.426
      From worker 12:	replicate complete, ran 20000000 generations:
      From worker 12:	
      From worker 12:		num_imitating:			14997875
      From worker 12:		num_not_imitating:		5002125
      From worker 12:		num_strategies_changed:  	419097
      From worker 12:			num_random_strategies: 	15025
      From worker 12:		num_sets_changed: 		10505125
      From worker 12:			num_random_opinions: 	937307
      From worker 12:			num_biased_opinions: 	938716
      From worker 12:		num_both_changed: 		338374
      From worker 12:	
      From worker 12:	data processed and exported
      From worker 12:	
      From worker 12:	starting b_1.0_c_0.2_N_40_M_3_K_1_P_2_beta_0.001_u_0.001_v_0.125_p_0.75_ϵ_1.0_gens_20000000_210221-094940.426
      From worker 9:	replicate complete, ran 20000000 generations:
      From worker 9:	
      From worker 9:		num_imitating:			20000000
      From worker 9:		num_not_imitating:		0
      From worker 9:		num_strategies_changed:  	582627
      From worker 9:			num_random_strategies: 	20120
      From worker 9:		num_sets_changed: 		8247827
      From worker 9:			num_random_opinions: 	500531
      From worker 9:			num_biased_opinions: 	0
      From worker 9:		num_both_changed: 		349098
      From worker 9:	
      From worker 9:	data processed and exported
      From worker 9:	
      From worker 9:	starting b_1.0_c_0.2_N_40_M_3_K_1_P_2_beta_0.001_u_0.001_v_0.025_p_0.25_ϵ_1.0_gens_20000000_210221-094940.426
      From worker 5:	replicate complete, ran 20000000 generations:
      From worker 5:	
      From worker 5:		num_imitating:			14999938
      From worker 5:		num_not_imitating:		5000062
      From worker 5:		num_strategies_changed:  	446955
      From worker 5:			num_random_strategies: 	14995
      From worker 5:		num_sets_changed: 		1996364
      From worker 5:			num_random_opinions: 	37372
      From worker 5:			num_biased_opinions: 	37586
      From worker 5:		num_both_changed: 		110814
      From worker 5:	
      From worker 5:	data processed and exported
      From worker 5:	
      From worker 5:	starting b_1.0_c_0.2_N_40_M_3_K_1_P_2_beta_0.001_u_0.001_v_0.005_p_0.75_ϵ_1.0_gens_20000000_210221-094940.426
      From worker 6:	replicate complete, ran 20000000 generations:
      From worker 6:	
      From worker 6:		num_imitating:			12499966
      From worker 6:		num_not_imitating:		7500034
      From worker 6:		num_strategies_changed:  	375397
      From worker 6:			num_random_strategies: 	12492
      From worker 6:		num_sets_changed: 		1679608
      From worker 6:			num_random_opinions: 	15588
      From worker 6:			num_biased_opinions: 	46918
      From worker 6:		num_both_changed: 		92898
      From worker 6:	
      From worker 6:	data processed and exported
      From worker 6:	
      From worker 6:	starting b_1.0_c_0.2_N_40_M_3_K_1_P_2_beta_0.001_u_0.001_v_0.005_p_1.0_ϵ_1.0_gens_20000000_210221-094940.426
      From worker 10:	replicate complete, ran 20000000 generations:
      From worker 10:	
      From worker 10:		num_imitating:			17498143
      From worker 10:		num_not_imitating:		2501857
      From worker 10:		num_strategies_changed:  	499866
      From worker 10:			num_random_strategies: 	17574
      From worker 10:		num_sets_changed: 		10115026
      From worker 10:			num_random_opinions: 	734101
      From worker 10:			num_biased_opinions: 	244788
      From worker 10:		num_both_changed: 		372281
      From worker 10:	
      From worker 10:	data processed and exported
      From worker 10:	
      From worker 10:	starting b_1.0_c_0.2_N_40_M_3_K_1_P_2_beta_0.001_u_0.001_v_0.055901699437494755_p_0.5_ϵ_1.0_gens_20000000_210221-094940.426
      From worker 7:	replicate complete, ran 20000000 generations:
      From worker 7:	
      From worker 7:		num_imitating:			9999780
      From worker 7:		num_not_imitating:		10000220
      From worker 7:		num_strategies_changed:  	139182
      From worker 7:			num_random_strategies: 	9933
      From worker 7:		num_sets_changed: 		1195692
      From worker 7:			num_random_opinions: 	0
      From worker 7:			num_biased_opinions: 	111646
      From worker 7:		num_both_changed: 		29415
      From worker 7:	
      From worker 7:	data processed and exported
      From worker 2:	replicate complete, ran 20000000 generations:
      From worker 2:	
      From worker 2:		num_imitating:			20000000
      From worker 2:		num_not_imitating:		0
      From worker 2:		num_strategies_changed:  	562490
      From worker 2:			num_random_strategies: 	19788
      From worker 2:		num_sets_changed: 		621814
      From worker 2:			num_random_opinions: 	20002
      From worker 2:			num_biased_opinions: 	0
      From worker 2:		num_both_changed: 		27560
      From worker 2:	
      From worker 7:	
      From worker 7:	starting b_1.0_c_0.2_N_40_M_3_K_1_P_2_beta_0.001_u_0.001_v_0.011180339887498947_p_0.0_ϵ_1.0_gens_20000000_210221-094940.426
      From worker 2:	data processed and exported
      From worker 3:	replicate complete, ran 20000000 generations:
      From worker 3:	
      From worker 3:		num_imitating:			17500819
      From worker 3:		num_not_imitating:		2499181
      From worker 3:		num_strategies_changed:  	511311
      From worker 3:			num_random_strategies: 	17480
      From worker 3:		num_sets_changed: 		1141460
      From worker 3:			num_random_opinions: 	29189
      From worker 3:			num_biased_opinions: 	9901
      From worker 3:		num_both_changed: 		63903
      From worker 3:	
      From worker 3:	data processed and exported
      From worker 13:	replicate complete, ran 20000000 generations:
      From worker 13:	
      From worker 13:		num_imitating:			10000003
      From worker 13:		num_not_imitating:		9999997
      From worker 13:		num_strategies_changed:  	140615
      From worker 13:			num_random_strategies: 	9917
      From worker 13:		num_sets_changed: 		4923067
      From worker 13:			num_random_opinions: 	0
      From worker 13:			num_biased_opinions: 	1250285
      From worker 13:		num_both_changed: 		86747
      From worker 13:	
      From worker 13:	data processed and exported
      From worker 13:	
      From worker 13:	starting b_1.0_c_0.2_N_40_M_3_K_1_P_2_beta_0.001_u_0.001_v_0.2795084971874737_p_0.0_ϵ_1.0_gens_20000000_210221-094940.426
      From worker 11:	replicate complete, ran 20000000 generations:
      From worker 11:	
      From worker 11:		num_imitating:			14998754
      From worker 11:		num_not_imitating:		5001246
      From worker 11:		num_strategies_changed:  	439727
      From worker 11:			num_random_strategies: 	14916
      From worker 11:		num_sets_changed: 		8618165
      From worker 11:			num_random_opinions: 	418718
      From worker 11:			num_biased_opinions: 	418326
      From worker 11:		num_both_changed: 		328489
      From worker 11:	
      From worker 11:	data processed and exported
      From worker 11:	
      From worker 11:	starting b_1.0_c_0.2_N_40_M_3_K_1_P_2_beta_0.001_u_0.001_v_0.055901699437494755_p_0.75_ϵ_1.0_gens_20000000_210221-094940.426
      From worker 4:	replicate complete, ran 20000000 generations:
      From worker 4:	
      From worker 4:		num_imitating:			15001320
      From worker 4:		num_not_imitating:		4998680
      From worker 4:		num_strategies_changed:  	441074
      From worker 4:			num_random_strategies: 	15087
      From worker 4:		num_sets_changed: 		974831
      From worker 4:			num_random_opinions: 	16981
      From worker 4:			num_biased_opinions: 	17032
      From worker 4:		num_both_changed: 		52112
      From worker 4:	
      From worker 4:	data processed and exported
      From worker 8:	replicate complete, ran 20000000 generations:
      From worker 8:	
      From worker 8:		num_imitating:			20000000
      From worker 8:		num_not_imitating:		0
      From worker 8:		num_strategies_changed:  	578769
      From worker 8:			num_random_strategies: 	20211
      From worker 8:		num_sets_changed: 		8222787
      From worker 8:			num_random_opinions: 	500872
      From worker 8:			num_biased_opinions: 	0
      From worker 8:		num_both_changed: 		347943
      From worker 8:	
      From worker 8:	data processed and exported
      From worker 8:	
      From worker 8:	starting b_1.0_c_0.2_N_40_M_3_K_1_P_2_beta_0.001_u_0.001_v_0.025_p_0.25_ϵ_1.0_gens_20000000_210221-094940.426
      From worker 5:	replicate complete, ran 20000000 generations:
      From worker 5:	
      From worker 5:		num_imitating:			12503577
      From worker 5:		num_not_imitating:		7496423
      From worker 5:		num_strategies_changed:  	352244
      From worker 5:			num_random_strategies: 	12297
      From worker 5:		num_sets_changed: 		1628316
      From worker 5:			num_random_opinions: 	15582
      From worker 5:			num_biased_opinions: 	47022
      From worker 5:		num_both_changed: 		79517
      From worker 5:	
      From worker 5:	data processed and exported
      From worker 6:	replicate complete, ran 20000000 generations:
      From worker 6:	
      From worker 6:		num_imitating:			10000547
      From worker 6:		num_not_imitating:		9999453
      From worker 6:		num_strategies_changed:  	149178
      From worker 6:			num_random_strategies: 	10086
      From worker 6:		num_sets_changed: 		605260
      From worker 6:			num_random_opinions: 	0
      From worker 6:			num_biased_opinions: 	50041
      From worker 6:		num_both_changed: 		16600
      From worker 6:	
      From worker 6:	data processed and exported
      From worker 14:	replicate complete, ran 20000000 generations:
      From worker 14:	
      From worker 14:		num_imitating:			20000000
      From worker 14:		num_not_imitating:		0
      From worker 14:		num_strategies_changed:  	619926
      From worker 14:			num_random_strategies: 	19953
      From worker 14:		num_sets_changed: 		15650853
      From worker 14:			num_random_opinions: 	5588584
      From worker 14:			num_biased_opinions: 	0
      From worker 14:		num_both_changed: 		514508
      From worker 14:	
      From worker 14:	data processed and exported
      From worker 14:	
      From worker 14:	starting b_1.0_c_0.2_N_40_M_3_K_1_P_2_beta_0.001_u_0.001_v_0.2795084971874737_p_0.25_ϵ_1.0_gens_20000000_210221-094940.426
      From worker 12:	replicate complete, ran 20000000 generations:
      From worker 12:	
      From worker 12:		num_imitating:			12503251
      From worker 12:		num_not_imitating:		7496749
      From worker 12:		num_strategies_changed:  	360895
      From worker 12:			num_random_strategies: 	12423
      From worker 12:		num_sets_changed: 		8575483
      From worker 12:			num_random_opinions: 	390549
      From worker 12:			num_biased_opinions: 	1171579
      From worker 12:		num_both_changed: 		290649
      From worker 12:	
      From worker 12:	data processed and exported
      From worker 12:	
      From worker 12:	starting b_1.0_c_0.2_N_40_M_3_K_1_P_2_beta_0.001_u_0.001_v_0.125_p_1.0_ϵ_1.0_gens_20000000_210221-094940.426
      From worker 15:	replicate complete, ran 20000000 generations:
      From worker 15:	
      From worker 15:		num_imitating:			17500152
      From worker 15:		num_not_imitating:		2499848
      From worker 15:		num_strategies_changed:  	471107
      From worker 15:			num_random_strategies: 	17346
      From worker 15:		num_sets_changed: 		14270320
      From worker 15:			num_random_opinions: 	8203739
      From worker 15:			num_biased_opinions: 	2733867
      From worker 15:		num_both_changed: 		389849
      From worker 15:	
      From worker 15:	data processed and exported
      From worker 15:	
      From worker 15:	starting b_1.0_c_0.2_N_40_M_3_K_1_P_2_beta_0.001_u_0.001_v_0.625_p_0.5_ϵ_1.0_gens_20000000_210221-094940.426
      From worker 16:	replicate complete, ran 20000000 generations:
      From worker 16:	
      From worker 16:		num_imitating:			15001483
      From worker 16:		num_not_imitating:		4998517
      From worker 16:		num_strategies_changed:  	406485
      From worker 16:			num_random_strategies: 	14924
      From worker 16:		num_sets_changed: 		11961414
      From worker 16:			num_random_opinions: 	4686436
      From worker 16:			num_biased_opinions: 	4687795
      From worker 16:		num_both_changed: 		329858
      From worker 16:	
      From worker 16:	data processed and exported
      From worker 16:	
      From worker 16:	starting b_1.0_c_0.2_N_40_M_3_K_1_P_2_beta_0.001_u_0.001_v_0.625_p_0.75_ϵ_1.0_gens_20000000_210221-094940.426
      From worker 9:	replicate complete, ran 20000000 generations:
      From worker 9:	
      From worker 9:		num_imitating:			17500006
      From worker 9:		num_not_imitating:		2499994
      From worker 9:		num_strategies_changed:  	517679
      From worker 9:			num_random_strategies: 	17537
      From worker 9:		num_sets_changed: 		7181431
      From worker 9:			num_random_opinions: 	327413
      From worker 9:			num_biased_opinions: 	109486
      From worker 9:		num_both_changed: 		313761
      From worker 9:	
      From worker 9:	data processed and exported
      From worker 9:	
      From worker 9:	starting b_1.0_c_0.2_N_40_M_3_K_1_P_2_beta_0.001_u_0.001_v_0.025_p_0.5_ϵ_1.0_gens_20000000_210221-094940.426
      From worker 7:	replicate complete, ran 20000000 generations:
      From worker 7:	
      From worker 7:		num_imitating:			20000000
      From worker 7:		num_not_imitating:		0
      From worker 7:		num_strategies_changed:  	538305
      From worker 7:			num_random_strategies: 	19711
      From worker 7:		num_sets_changed: 		4996720
      From worker 7:			num_random_opinions: 	223158
      From worker 7:			num_biased_opinions: 	0
      From worker 7:		num_both_changed: 		226210
      From worker 7:	
      From worker 7:	data processed and exported
      From worker 10:	replicate complete, ran 20000000 generations:
      From worker 10:	
      From worker 10:		num_imitating:			15000245
      From worker 10:		num_not_imitating:		4999755
      From worker 10:		num_strategies_changed:  	410944
      From worker 10:			num_random_strategies: 	14957
      From worker 10:		num_sets_changed: 		8636601
      From worker 10:			num_random_opinions: 	419604
      From worker 10:			num_biased_opinions: 	419187
      From worker 10:		num_both_changed: 		305992
      From worker 10:	
      From worker 10:	data processed and exported
      From worker 10:	
      From worker 10:	starting b_1.0_c_0.2_N_40_M_3_K_1_P_2_beta_0.001_u_0.001_v_0.055901699437494755_p_0.75_ϵ_1.0_gens_20000000_210221-094940.426
      From worker 11:	replicate complete, ran 20000000 generations:
      From worker 11:	
      From worker 11:		num_imitating:			12503522
      From worker 11:		num_not_imitating:		7496478
      From worker 11:		num_strategies_changed:  	369102
      From worker 11:			num_random_strategies: 	12496
      From worker 11:		num_sets_changed: 		7075641
      From worker 11:			num_random_opinions: 	174050
      From worker 11:			num_biased_opinions: 	524040
      From worker 11:		num_both_changed: 		276076
      From worker 11:	
      From worker 11:	data processed and exported
      From worker 11:	
      From worker 11:	starting b_1.0_c_0.2_N_40_M_3_K_1_P_2_beta_0.001_u_0.001_v_0.055901699437494755_p_1.0_ϵ_1.0_gens_20000000_210221-094940.426
      From worker 8:	replicate complete, ran 20000000 generations:
      From worker 8:	
      From worker 8:		num_imitating:			17500131
      From worker 8:		num_not_imitating:		2499869
      From worker 8:		num_strategies_changed:  	508871
      From worker 8:			num_random_strategies: 	17516
      From worker 8:		num_sets_changed: 		7215516
      From worker 8:			num_random_opinions: 	328666
      From worker 8:			num_biased_opinions: 	109647
      From worker 8:		num_both_changed: 		309758
      From worker 8:	
      From worker 8:	data processed and exported
      From worker 12:	replicate complete, ran 20000000 generations:
      From worker 12:	
      From worker 12:		num_imitating:			9998656
      From worker 12:		num_not_imitating:		10001344
      From worker 12:		num_strategies_changed:  	156162
      From worker 12:			num_random_strategies: 	9973
      From worker 12:		num_sets_changed: 		4922930
      From worker 12:			num_random_opinions: 	0
      From worker 12:			num_biased_opinions: 	1247885
      From worker 12:		num_both_changed: 		96727
      From worker 12:	
      From worker 12:	data processed and exported
      From worker 12:	
      From worker 12:	starting b_1.0_c_0.2_N_40_M_3_K_1_P_2_beta_0.001_u_0.001_v_0.125_p_0.0_ϵ_1.0_gens_20000000_210221-094940.426
      From worker 13:	replicate complete, ran 20000000 generations:
      From worker 13:	
      From worker 13:		num_imitating:			20000000
      From worker 13:		num_not_imitating:		0
      From worker 13:		num_strategies_changed:  	562457
      From worker 13:			num_random_strategies: 	20166
      From worker 13:		num_sets_changed: 		15652454
      From worker 13:			num_random_opinions: 	5592034
      From worker 13:			num_biased_opinions: 	0
      From worker 13:		num_both_changed: 		466455
      From worker 13:	
      From worker 13:	data processed and exported
      From worker 13:	
      From worker 13:	starting b_1.0_c_0.2_N_40_M_3_K_1_P_2_beta_0.001_u_0.001_v_0.2795084971874737_p_0.25_ϵ_1.0_gens_20000000_210221-094940.426
      From worker 9:	replicate complete, ran 20000000 generations:
      From worker 9:	
      From worker 9:		num_imitating:			15001212
      From worker 9:		num_not_imitating:		4998788
      From worker 9:		num_strategies_changed:  	430637
      From worker 9:			num_random_strategies: 	15022
      From worker 9:		num_sets_changed: 		6165354
      From worker 9:			num_random_opinions: 	187069
      From worker 9:			num_biased_opinions: 	186772
      From worker 9:		num_both_changed: 		264694
      From worker 9:	
      From worker 9:	data processed and exported
      From worker 14:	replicate complete, ran 20000000 generations:
      From worker 14:	
      From worker 14:		num_imitating:			17498353
      From worker 14:		num_not_imitating:		2501647
      From worker 14:		num_strategies_changed:  	508161
      From worker 14:			num_random_strategies: 	17647
      From worker 14:		num_sets_changed: 		13634991
      From worker 14:			num_random_opinions: 	3668624
      From worker 14:			num_biased_opinions: 	1219531
      From worker 14:		num_both_changed: 		420552
      From worker 14:	
      From worker 14:	data processed and exported
      From worker 14:	
      From worker 14:	starting b_1.0_c_0.2_N_40_M_3_K_1_P_2_beta_0.001_u_0.001_v_0.2795084971874737_p_0.5_ϵ_1.0_gens_20000000_210221-094940.426
      From worker 16:	replicate complete, ran 20000000 generations:
      From worker 16:	
      From worker 16:		num_imitating:			12501444
      From worker 16:		num_not_imitating:		7498556
      From worker 16:		num_strategies_changed:  	360275
      From worker 16:			num_random_strategies: 	12577
      From worker 16:		num_sets_changed: 		9444313
      From worker 16:			num_random_opinions: 	1951858
      From worker 16:			num_biased_opinions: 	5864346
      From worker 16:		num_both_changed: 		278537
      From worker 16:	
      From worker 16:	data processed and exported
      From worker 16:	
      From worker 16:	starting b_1.0_c_0.2_N_40_M_3_K_1_P_2_beta_0.001_u_0.001_v_0.625_p_1.0_ϵ_1.0_gens_20000000_210221-094940.426
      From worker 15:	replicate complete, ran 20000000 generations:
      From worker 15:	
      From worker 15:		num_imitating:			14998629
      From worker 15:		num_not_imitating:		5001371
      From worker 15:		num_strategies_changed:  	451070
      From worker 15:			num_random_strategies: 	15064
      From worker 15:		num_sets_changed: 		11959211
      From worker 15:			num_random_opinions: 	4686695
      From worker 15:			num_biased_opinions: 	4690186
      From worker 15:		num_both_changed: 		366131
      From worker 15:	
      From worker 15:	data processed and exported
      From worker 15:	
      From worker 15:	starting b_1.0_c_0.2_N_40_M_3_K_1_P_2_beta_0.001_u_0.001_v_0.625_p_0.75_ϵ_1.0_gens_20000000_210221-094940.426
      From worker 11:	replicate complete, ran 20000000 generations:
      From worker 11:	
      From worker 11:		num_imitating:			9999994
      From worker 11:		num_not_imitating:		10000006
      From worker 11:		num_strategies_changed:  	149811
      From worker 11:			num_random_strategies: 	10082
      From worker 11:		num_sets_changed: 		3585382
      From worker 11:			num_random_opinions: 	0
      From worker 11:			num_biased_opinions: 	557595
      From worker 11:		num_both_changed: 		77601
      From worker 11:	
      From worker 11:	data processed and exported
      From worker 10:	replicate complete, ran 20000000 generations:
      From worker 10:	
      From worker 10:		num_imitating:			12501261
      From worker 10:		num_not_imitating:		7498739
      From worker 10:		num_strategies_changed:  	350677
      From worker 10:			num_random_strategies: 	12422
      From worker 10:		num_sets_changed: 		7084434
      From worker 10:			num_random_opinions: 	175016
      From worker 10:			num_biased_opinions: 	525141
      From worker 10:		num_both_changed: 		260791
      From worker 10:	
      From worker 10:	data processed and exported
      From worker 16:	replicate complete, ran 20000000 generations:
      From worker 16:	
      From worker 16:		num_imitating:			9999920
      From worker 16:		num_not_imitating:		10000080
      From worker 16:		num_strategies_changed:  	145402
      From worker 16:			num_random_strategies: 	9947
      From worker 16:		num_sets_changed: 		6471573
      From worker 16:			num_random_opinions: 	0
      From worker 16:			num_biased_opinions: 	6248695 Activating environment at `/tigress/mk28/CooperationPolarization2/Project.toml`
 Activating environment at `/tigress/mk28/CooperationPolarization2/Project.toml`

      From worker 16:		num_both_changed: 		96397
      From worker 16:	
      From worker 16:	data processed and exported
      From worker 12:	replicate complete, ran 20000000 generations:
      From worker 12:	
      From worker 12:		num_imitating:			20000000
      From worker 12:		num_not_imitating:		0
      From worker 12:		num_strategies_changed:  	560706
      From worker 12:			num_random_strategies: 	19771
      From worker 12:		num_sets_changed: 		14155062
      From worker 12:			num_random_opinions: 	2500840
      From worker 12:			num_biased_opinions: 	0
      From worker 12:		num_both_changed: 		454186
      From worker 12:	
      From worker 12:	data processed and exported
      From worker 13:	replicate complete, ran 20000000 generations:
      From worker 13:	
      From worker 13:		num_imitating:			17497316
      From worker 13:		num_not_imitating:		2502684
      From worker 13:		num_strategies_changed:  	500894
      From worker 13:			num_random_strategies: 	17468
      From worker 13:		num_sets_changed: 		13639005
      From worker 13:			num_random_opinions: 	3667026
      From worker 13:			num_biased_opinions: 	1221265
      From worker 13:		num_both_changed: 		414651
      From worker 13:	
      From worker 13:	data processed and exported
      From worker 15:	replicate complete, ran 20000000 generations:
      From worker 15:	
      From worker 15:		num_imitating:			12502329
      From worker 15:		num_not_imitating:		7497671
      From worker 15:		num_strategies_changed:  	336014
      From worker 15:			num_random_strategies: 	12428
      From worker 15:		num_sets_changed: 		9447445
      From worker 15:			num_random_opinions: 	1951708
      From worker 15:			num_biased_opinions: 	5859931
      From worker 15:		num_both_changed: 		259456
      From worker 15:	
      From worker 15:	data processed and exported
      From worker 14:	replicate complete, ran 20000000 generations:
      From worker 14:	
      From worker 14:		num_imitating:			15000759
      From worker 14:		num_not_imitating:		4999241
      From worker 14:		num_strategies_changed:  	427031
      From worker 14:			num_random_strategies: 	15024
      From worker 14:		num_sets_changed: 		11569197
      From worker 14:			num_random_opinions: 	2095017
      From worker 14:			num_biased_opinions: 	2096625
      From worker 14:		num_both_changed: 		351941
      From worker 14:	
      From worker 14:	data processed and exported
9565.828930 seconds (2.64 M allocations: 119.008 MiB, 0.00% gc time)
