packages loaded
      From worker 6:	 Activating environment at `/tigress/mk28/CooperationPolarization2/Project.toml`
      From worker 3:	 Activating environment at `/tigress/mk28/CooperationPolarization2/Project.toml`
      From worker 4:	 Activating environment at `/tigress/mk28/CooperationPolarization2/Project.toml`
      From worker 5:	 Activating environment at `/tigress/mk28/CooperationPolarization2/Project.toml`
      From worker 2:	 Activating environment at `/tigress/mk28/CooperationPolarization2/Project.toml`
      From worker 15:	 Activating environment at `/tigress/mk28/CooperationPolarization2/Project.toml`
      From worker 8:	 Activating environment at `/tigress/mk28/CooperationPolarization2/Project.toml`
      From worker 9:	 Activating environment at `/tigress/mk28/CooperationPolarization2/Project.toml`
      From worker 10:	 Activating environment at `/tigress/mk28/CooperationPolarization2/Project.toml`
      From worker 13:	 Activating environment at `/tigress/mk28/CooperationPolarization2/Project.toml`
      From worker 12:	 Activating environment at `/tigress/mk28/CooperationPolarization2/Project.toml`
      From worker 11:	 Activating environment at `/tigress/mk28/CooperationPolarization2/Project.toml`
      From worker 14:	 Activating environment at `/tigress/mk28/CooperationPolarization2/Project.toml`
      From worker 7:	 Activating environment at `/tigress/mk28/CooperationPolarization2/Project.toml`
      From worker 16:	 Activating environment at `/tigress/mk28/CooperationPolarization2/Project.toml`
      From worker 4:	packages loaded
      From worker 3:	packages loaded
      From worker 5:	packages loaded
      From worker 8:	packages loaded
      From worker 6:	packages loaded
      From worker 10:	packages loaded
      From worker 2:	packages loaded
      From worker 13:	packages loaded
      From worker 9:	packages loaded
      From worker 12:	packages loaded
      From worker 16:	packages loaded
      From worker 7:	packages loaded
      From worker 15:	packages loaded
      From worker 11:	packages loaded
      From worker 14:	packages loaded
parameters defined
      From worker 3:	
      From worker 3:	starting b_1.0_c_0.2_N_40_M_3_K_2_P_2_beta_0.001_u_0.001_v_0.001_p_0.25_ϵ_1.0_gens_20000000_210217-194321.350
      From worker 4:	
      From worker 4:	starting b_1.0_c_0.2_N_40_M_3_K_2_P_2_beta_0.001_u_0.001_v_0.0022360679774997894_p_0.5_ϵ_1.0_gens_20000000_210217-194321.350
      From worker 6:	
      From worker 6:	starting b_1.0_c_0.2_N_40_M_3_K_2_P_2_beta_0.001_u_0.001_v_0.005_p_1.0_ϵ_1.0_gens_20000000_210217-194321.350
      From worker 9:	
      From worker 9:	starting b_1.0_c_0.2_N_40_M_3_K_2_P_2_beta_0.001_u_0.001_v_0.025_p_0.5_ϵ_1.0_gens_20000000_210217-194321.350
      From worker 14:	
      From worker 14:	starting b_1.0_c_0.2_N_40_M_3_K_2_P_2_beta_0.001_u_0.001_v_0.2795084971874737_p_0.5_ϵ_1.0_gens_20000000_210217-194321.350
      From worker 8:	
      From worker 8:	starting b_1.0_c_0.2_N_40_M_3_K_2_P_2_beta_0.001_u_0.001_v_0.011180339887498947_p_0.25_ϵ_1.0_gens_20000000_210217-194321.350
      From worker 13:	
      From worker 13:	starting b_1.0_c_0.2_N_40_M_3_K_2_P_2_beta_0.001_u_0.001_v_0.125_p_0.25_ϵ_1.0_gens_20000000_210217-194321.350
      From worker 5:	
      From worker 5:	starting b_1.0_c_0.2_N_40_M_3_K_2_P_2_beta_0.001_u_0.001_v_0.0022360679774997894_p_0.75_ϵ_1.0_gens_20000000_210217-194321.350
      From worker 10:	
      From worker 10:	starting b_1.0_c_0.2_N_40_M_3_K_2_P_2_beta_0.001_u_0.001_v_0.025_p_0.75_ϵ_1.0_gens_20000000_210217-194321.350
      From worker 7:	
      From worker 7:	starting b_1.0_c_0.2_N_40_M_3_K_2_P_2_beta_0.001_u_0.001_v_0.011180339887498947_p_0.0_ϵ_1.0_gens_20000000_210217-194321.350
      From worker 16:	
      From worker 16:	starting b_1.0_c_0.2_N_40_M_3_K_2_P_2_beta_0.001_u_0.001_v_0.625_p_1.0_ϵ_1.0_gens_20000000_210217-194321.350
      From worker 2:	
      From worker 2:	starting b_1.0_c_0.2_N_40_M_3_K_2_P_2_beta_0.001_u_0.001_v_0.001_p_0.0_ϵ_1.0_gens_20000000_210217-194321.350
      From worker 12:	
      From worker 12:	starting b_1.0_c_0.2_N_40_M_3_K_2_P_2_beta_0.001_u_0.001_v_0.125_p_0.0_ϵ_1.0_gens_20000000_210217-194321.350
      From worker 11:	
      From worker 11:	starting b_1.0_c_0.2_N_40_M_3_K_2_P_2_beta_0.001_u_0.001_v_0.055901699437494755_p_1.0_ϵ_1.0_gens_20000000_210217-194321.350
      From worker 15:	
      From worker 15:	starting b_1.0_c_0.2_N_40_M_3_K_2_P_2_beta_0.001_u_0.001_v_0.2795084971874737_p_0.75_ϵ_1.0_gens_20000000_210217-194321.350
      From worker 6:	replicate complete, ran 20000000 generations:
      From worker 6:	
      From worker 6:		num_imitating:			10000305
      From worker 6:		num_not_imitating:		9999695
      From worker 6:		num_strategies_changed:  	144209
      From worker 6:			num_random_strategies: 	9876
      From worker 6:		num_sets_changed: 		591448
      From worker 6:			num_random_opinions: 	0
      From worker 6:			num_biased_opinions: 	50038
      From worker 6:		num_both_changed: 		14561
      From worker 6:	
      From worker 6:	data processed and exported
      From worker 3:	replicate complete, ran 20000000 generations:
      From worker 3:	
      From worker 3:		num_imitating:			17498082
      From worker 3:		num_not_imitating:		2501918
      From worker 3:		num_strategies_changed:  	476592
      From worker 3:			num_random_strategies: 	17469
      From worker 3:		num_sets_changed: 		584346
      From worker 3:			num_random_opinions: 	13149
      From worker 3:			num_biased_opinions: 	4298
      From worker 3:		num_both_changed: 		29688
      From worker 3:	
      From worker 6:	
      From worker 6:	starting b_1.0_c_0.2_N_40_M_3_K_2_P_2_beta_0.001_u_0.001_v_0.005_p_0.0_ϵ_1.0_gens_20000000_210217-194321.350
      From worker 3:	data processed and exported
      From worker 3:	
      From worker 3:	starting b_1.0_c_0.2_N_40_M_3_K_2_P_2_beta_0.001_u_0.001_v_0.001_p_0.5_ϵ_1.0_gens_20000000_210217-194321.350
      From worker 2:	replicate complete, ran 20000000 generations:
      From worker 2:	
      From worker 2:		num_imitating:			20000000
      From worker 2:		num_not_imitating:		0
      From worker 2:		num_strategies_changed:  	543343
      From worker 2:			num_random_strategies: 	19874
      From worker 2:		num_sets_changed: 		700650
      From worker 2:			num_random_opinions: 	19954
      From worker 2:			num_biased_opinions: 	0
      From worker 2:		num_both_changed: 		32600
      From worker 2:	
      From worker 2:	data processed and exported
      From worker 5:	replicate complete, ran 20000000 generations:
      From worker 5:	
      From worker 5:		num_imitating:			12502480
      From worker 5:		num_not_imitating:		7497520
      From worker 5:		num_strategies_changed:  	361449
      From worker 5:			num_random_strategies: 	12650
      From worker 5:		num_sets_changed: 		868433
      From worker 5:			num_random_opinions: 	7026
      From worker 5:			num_biased_opinions: 	20940
      From worker 5:		num_both_changed: 		51780
      From worker 5:	
      From worker 2:	
      From worker 2:	starting b_1.0_c_0.2_N_40_M_3_K_2_P_2_beta_0.001_u_0.001_v_0.001_p_0.25_ϵ_1.0_gens_20000000_210217-194321.350
      From worker 5:	data processed and exported
      From worker 5:	
      From worker 5:	starting b_1.0_c_0.2_N_40_M_3_K_2_P_2_beta_0.001_u_0.001_v_0.0022360679774997894_p_1.0_ϵ_1.0_gens_20000000_210217-194321.350
      From worker 4:	replicate complete, ran 20000000 generations:
      From worker 4:	
      From worker 4:		num_imitating:			14998907
      From worker 4:		num_not_imitating:		5001093
      From worker 4:		num_strategies_changed:  	429235
      From worker 4:			num_random_strategies: 	15010
      From worker 4:		num_sets_changed: 		1044396
      From worker 4:			num_random_opinions: 	16756
      From worker 4:			num_biased_opinions: 	16768
      From worker 4:		num_both_changed: 		56723
      From worker 4:	
      From worker 4:	data processed and exported
      From worker 4:	
      From worker 4:	starting b_1.0_c_0.2_N_40_M_3_K_2_P_2_beta_0.001_u_0.001_v_0.0022360679774997894_p_0.75_ϵ_1.0_gens_20000000_210217-194321.350
      From worker 11:	replicate complete, ran 20000000 generations:
      From worker 11:	
      From worker 11:		num_imitating:			10001257
      From worker 11:		num_not_imitating:		9998743
      From worker 11:		num_strategies_changed:  	138577
      From worker 11:			num_random_strategies: 	9816
      From worker 11:		num_sets_changed: 		3591503
      From worker 11:			num_random_opinions: 	0
      From worker 11:			num_biased_opinions: 	559099
      From worker 11:		num_both_changed: 		71455
      From worker 11:	
      From worker 11:	data processed and exported
      From worker 11:	
      From worker 11:	starting b_1.0_c_0.2_N_40_M_3_K_2_P_2_beta_0.001_u_0.001_v_0.055901699437494755_p_0.0_ϵ_1.0_gens_20000000_210217-194321.350
      From worker 8:	replicate complete, ran 20000000 generations:
      From worker 8:	
      From worker 8:		num_imitating:			17499267
      From worker 8:		num_not_imitating:		2500733
      From worker 8:		num_strategies_changed:  	497068
      From worker 8:			num_random_strategies: 	17390
      From worker 8:		num_sets_changed: 		4817021
      From worker 8:			num_random_opinions: 	146134
      From worker 8:			num_biased_opinions: 	48261
      From worker 8:		num_both_changed: 		237187
      From worker 8:	
      From worker 8:	data processed and exported
      From worker 8:	
      From worker 8:	starting b_1.0_c_0.2_N_40_M_3_K_2_P_2_beta_0.001_u_0.001_v_0.011180339887498947_p_0.5_ϵ_1.0_gens_20000000_210217-194321.350
      From worker 10:	replicate complete, ran 20000000 generations:
      From worker 10:	
      From worker 10:		num_imitating:			12500080
      From worker 10:		num_not_imitating:		7499920
      From worker 10:		num_strategies_changed:  	321204
      From worker 10:			num_random_strategies: 	12455
      From worker 10:		num_sets_changed: 		5267664
      From worker 10:			num_random_opinions: 	78252
      From worker 10:			num_biased_opinions: 	234187
      From worker 10:		num_both_changed: 		196705
      From worker 10:	
      From worker 10:	data processed and exported
      From worker 10:	
      From worker 10:	starting b_1.0_c_0.2_N_40_M_3_K_2_P_2_beta_0.001_u_0.001_v_0.025_p_1.0_ϵ_1.0_gens_20000000_210217-194321.350
      From worker 16:	replicate complete, ran 20000000 generations:
      From worker 16:	
      From worker 16:		num_imitating:			9998971
      From worker 16:		num_not_imitating:		10001029
      From worker 16:		num_strategies_changed:  	144327
      From worker 16:			num_random_strategies: 	10091
      From worker 16:		num_sets_changed: 		6471713
      From worker 16:			num_random_opinions: 	0
      From worker 16:			num_biased_opinions: 	6249496
      From worker 16:		num_both_changed: 		95735
      From worker 16:	
      From worker 16:	data processed and exported
      From worker 7:	replicate complete, ran 20000000 generations:
      From worker 7:	
      From worker 7:		num_imitating:			20000000
      From worker 7:		num_not_imitating:		0
      From worker 7:		num_strategies_changed:  	583365
      From worker 7:			num_random_strategies: 	20174
      From worker 7:		num_sets_changed: 		5534366
      From worker 7:			num_random_opinions: 	223712
      From worker 7:			num_biased_opinions: 	0
      From worker 7:		num_both_changed: 		259637
      From worker 7:	
      From worker 16:	
      From worker 16:	starting b_1.0_c_0.2_N_40_M_3_K_2_P_2_beta_0.001_u_0.001_v_0.625_p_0.0_ϵ_1.0_gens_20000000_210217-194321.350
      From worker 7:	data processed and exported
      From worker 7:	
      From worker 7:	starting b_1.0_c_0.2_N_40_M_3_K_2_P_2_beta_0.001_u_0.001_v_0.011180339887498947_p_0.25_ϵ_1.0_gens_20000000_210217-194321.350
      From worker 9:	replicate complete, ran 20000000 generations:
      From worker 9:	
      From worker 9:		num_imitating:			14999646
      From worker 9:		num_not_imitating:		5000354
      From worker 9:		num_strategies_changed:  	448998
      From worker 9:			num_random_strategies: 	15129
      From worker 9:		num_sets_changed: 		6639240
      From worker 9:			num_random_opinions: 	187272
      From worker 9:			num_biased_opinions: 	187721
      From worker 9:		num_both_changed: 		295973
      From worker 9:	
      From worker 9:	data processed and exported
      From worker 9:	
      From worker 9:	starting b_1.0_c_0.2_N_40_M_3_K_2_P_2_beta_0.001_u_0.001_v_0.025_p_0.75_ϵ_1.0_gens_20000000_210217-194321.350
      From worker 3:	replicate complete, ran 20000000 generations:
      From worker 3:	
      From worker 3:		num_imitating:			14997805
      From worker 3:		num_not_imitating:		5002195
      From worker 3:		num_strategies_changed:  	427516
      From worker 3:			num_random_strategies: 	15062
      From worker 3:		num_sets_changed: 		515519
      From worker 3:			num_random_opinions: 	7397
      From worker 3:			num_biased_opinions: 	7615
      From worker 3:		num_both_changed: 		25080
      From worker 3:	
      From worker 5:	replicate complete, ran 20000000 generations:
      From worker 5:	
      From worker 5:		num_imitating:			9998981
      From worker 5:		num_not_imitating:		10001019
      From worker 5:		num_strategies_changed:  	147797
      From worker 5:			num_random_strategies: 	10025
      From worker 5:		num_sets_changed: 		278087
      From worker 5:			num_random_opinions: 	0
      From worker 5:			num_biased_opinions: 	22207
      From worker 5:		num_both_changed: 		8518
      From worker 5:	
      From worker 3:	data processed and exported
      From worker 3:	
      From worker 3:	starting b_1.0_c_0.2_N_40_M_3_K_2_P_2_beta_0.001_u_0.001_v_0.001_p_0.75_ϵ_1.0_gens_20000000_210217-194321.350
      From worker 5:	data processed and exported
      From worker 5:	
      From worker 5:	starting b_1.0_c_0.2_N_40_M_3_K_2_P_2_beta_0.001_u_0.001_v_0.005_p_0.0_ϵ_1.0_gens_20000000_210217-194321.350
      From worker 15:	replicate complete, ran 20000000 generations:
      From worker 15:	
      From worker 15:		num_imitating:			12498422
      From worker 15:		num_not_imitating:		7501578
      From worker 15:		num_strategies_changed:  	364476
      From worker 15:			num_random_strategies: 	12623
      From worker 15:		num_sets_changed: 		9768020
      From worker 15:			num_random_opinions: 	871998
      From worker 15:			num_biased_opinions: 	2618225
      From worker 15:		num_both_changed: 		308000
      From worker 15:	
      From worker 15:	data processed and exported
      From worker 15:	
      From worker 15:	starting b_1.0_c_0.2_N_40_M_3_K_2_P_2_beta_0.001_u_0.001_v_0.2795084971874737_p_1.0_ϵ_1.0_gens_20000000_210217-194321.350
      From worker 2:	replicate complete, ran 20000000 generations:
      From worker 2:	
      From worker 2:		num_imitating:			17498362
      From worker 2:		num_not_imitating:		2501638
      From worker 2:		num_strategies_changed:  	502143
      From worker 2:			num_random_strategies: 	17702
      From worker 2:		num_sets_changed: 		616444
      From worker 2:			num_random_opinions: 	13240
      From worker 2:			num_biased_opinions: 	4508
      From worker 2:		num_both_changed: 		32135
      From worker 2:	
      From worker 2:	data processed and exported
      From worker 2:	
      From worker 2:	starting b_1.0_c_0.2_N_40_M_3_K_2_P_2_beta_0.001_u_0.001_v_0.001_p_0.5_ϵ_1.0_gens_20000000_210217-194321.350
      From worker 4:	replicate complete, ran 20000000 generations:
      From worker 4:	
      From worker 4:		num_imitating:			12500603
      From worker 4:		num_not_imitating:		7499397
      From worker 4:		num_strategies_changed:  	357211
      From worker 4:			num_random_strategies: 	12479
      From worker 4:		num_sets_changed: 		873135
      From worker 4:			num_random_opinions: 	6948
      From worker 4:			num_biased_opinions: 	21011
      From worker 4:		num_both_changed: 		40305
      From worker 4:	
      From worker 4:	data processed and exported
      From worker 4:	
      From worker 4:	starting b_1.0_c_0.2_N_40_M_3_K_2_P_2_beta_0.001_u_0.001_v_0.0022360679774997894_p_1.0_ϵ_1.0_gens_20000000_210217-194321.350
      From worker 6:	replicate complete, ran 20000000 generations:
      From worker 6:	
      From worker 6:		num_imitating:			20000000
      From worker 6:		num_not_imitating:		0
      From worker 6:		num_strategies_changed:  	561022
      From worker 6:			num_random_strategies: 	20054
      From worker 6:		num_sets_changed: 		3002324
      From worker 6:			num_random_opinions: 	99903
      From worker 6:			num_biased_opinions: 	0
      From worker 6:		num_both_changed: 		152728
      From worker 6:	
      From worker 6:	data processed and exported
      From worker 6:	
      From worker 6:	starting b_1.0_c_0.2_N_40_M_3_K_2_P_2_beta_0.001_u_0.001_v_0.005_p_0.25_ϵ_1.0_gens_20000000_210217-194321.350
      From worker 14:	replicate complete, ran 20000000 generations:
      From worker 14:	
      From worker 14:		num_imitating:			14995970
      From worker 14:		num_not_imitating:		5004030
      From worker 14:		num_strategies_changed:  	412045
      From worker 14:			num_random_strategies: 	15088
      From worker 14:		num_sets_changed: 		12443269
      From worker 14:			num_random_opinions: 	2094961
      From worker 14:			num_biased_opinions: 	2096717
      From worker 14:		num_both_changed: 		364704
      From worker 14:	
      From worker 14:	data processed and exported
      From worker 14:	
      From worker 14:	starting b_1.0_c_0.2_N_40_M_3_K_2_P_2_beta_0.001_u_0.001_v_0.2795084971874737_p_0.75_ϵ_1.0_gens_20000000_210217-194321.350
      From worker 13:	replicate complete, ran 20000000 generations:
      From worker 13:	
      From worker 13:		num_imitating:			17499104
      From worker 13:		num_not_imitating:		2500896
      From worker 13:		num_strategies_changed:  	488669
      From worker 13:			num_random_strategies: 	17481
      From worker 13:		num_sets_changed: 		13506398
      From worker 13:			num_random_opinions: 	1641578
      From worker 13:			num_biased_opinions: 	546232
      From worker 13:		num_both_changed: 		432085
      From worker 13:	
      From worker 13:	data processed and exported
      From worker 13:	
      From worker 13:	starting b_1.0_c_0.2_N_40_M_3_K_2_P_2_beta_0.001_u_0.001_v_0.125_p_0.5_ϵ_1.0_gens_20000000_210217-194321.350
      From worker 12:	replicate complete, ran 20000000 generations:
      From worker 12:	
      From worker 12:		num_imitating:			20000000
      From worker 12:		num_not_imitating:		0
      From worker 12:		num_strategies_changed:  	573535
      From worker 12:			num_random_strategies: 	20014
      From worker 12:		num_sets_changed: 		15555607
      From worker 12:			num_random_opinions: 	2496497
      From worker 12:			num_biased_opinions: 	0
      From worker 12:		num_both_changed: 		511231
      From worker 12:	
      From worker 12:	data processed and exported
      From worker 12:	
      From worker 12:	starting b_1.0_c_0.2_N_40_M_3_K_2_P_2_beta_0.001_u_0.001_v_0.125_p_0.25_ϵ_1.0_gens_20000000_210217-194321.350
      From worker 10:	replicate complete, ran 20000000 generations:
      From worker 10:	
      From worker 10:		num_imitating:			10001453
      From worker 10:		num_not_imitating:		9998547
      From worker 10:		num_strategies_changed:  	156343
      From worker 10:			num_random_strategies: 	10150
      From worker 10:		num_sets_changed: 		2227489
      From worker 10:			num_random_opinions: 	0
      From worker 10:			num_biased_opinions: 	249559
      From worker 10:		num_both_changed: 		56454
      From worker 10:	
      From worker 10:	data processed and exported
      From worker 10:	
      From worker 10:	starting b_1.0_c_0.2_N_40_M_3_K_2_P_2_beta_0.001_u_0.001_v_0.055901699437494755_p_0.0_ϵ_1.0_gens_20000000_210217-194321.350
      From worker 8:	replicate complete, ran 20000000 generations:
      From worker 8:	
      From worker 8:		num_imitating:			15001896
      From worker 8:		num_not_imitating:		4998104
      From worker 8:		num_strategies_changed:  	409555
      From worker 8:			num_random_strategies: 	15006
      From worker 8:		num_sets_changed: 		4021087
      From worker 8:			num_random_opinions: 	83656
      From worker 8:			num_biased_opinions: 	83912
      From worker 8:		num_both_changed: 		179077
      From worker 8:	
      From worker 8:	data processed and exported
      From worker 8:	
      From worker 8:	starting b_1.0_c_0.2_N_40_M_3_K_2_P_2_beta_0.001_u_0.001_v_0.011180339887498947_p_0.75_ϵ_1.0_gens_20000000_210217-194321.350
      From worker 3:	replicate complete, ran 20000000 generations:
      From worker 3:	
      From worker 3:		num_imitating:			12501009
      From worker 3:		num_not_imitating:		7498991
      From worker 3:		num_strategies_changed:  	340744
      From worker 3:			num_random_strategies: 	12671
      From worker 3:		num_sets_changed: 		411363
      From worker 3:			num_random_opinions: 	3067
      From worker 3:			num_biased_opinions: 	9354
      From worker 3:		num_both_changed: 		20489
      From worker 3:	
      From worker 3:	data processed and exported
      From worker 3:	
      From worker 3:	starting b_1.0_c_0.2_N_40_M_3_K_2_P_2_beta_0.001_u_0.001_v_0.001_p_1.0_ϵ_1.0_gens_20000000_210217-194321.350
      From worker 4:	replicate complete, ran 20000000 generations:
      From worker 4:	
      From worker 4:		num_imitating:			9998829
      From worker 4:		num_not_imitating:		10001171
      From worker 4:		num_strategies_changed:  	141365
      From worker 4:			num_random_strategies: 	9980
      From worker 4:		num_sets_changed: 		289017
      From worker 4:			num_random_opinions: 	0
      From worker 4:			num_biased_opinions: 	22347
      From worker 4:		num_both_changed: 		9600
      From worker 4:	
      From worker 2:	replicate complete, ran 20000000 generations:
      From worker 2:	
      From worker 2:		num_imitating:			15001027
      From worker 2:		num_not_imitating:		4998973
      From worker 2:		num_strategies_changed:  	441903
      From worker 2:			num_random_strategies: 	15089
      From worker 2:		num_sets_changed: 		484471
      From worker 2:			num_random_opinions: 	7529
      From worker 2:			num_biased_opinions: 	7540
      From worker 2:		num_both_changed: 		26688
      From worker 2:	
      From worker 4:	data processed and exported
      From worker 2:	data processed and exported
      From worker 4:	
      From worker 4:	starting b_1.0_c_0.2_N_40_M_3_K_2_P_2_beta_0.001_u_0.001_v_0.0022360679774997894_p_0.0_ϵ_1.0_gens_20000000_210217-194321.350
      From worker 2:	
      From worker 2:	starting b_1.0_c_0.2_N_40_M_3_K_2_P_2_beta_0.001_u_0.001_v_0.001_p_0.75_ϵ_1.0_gens_20000000_210217-194321.350
      From worker 7:	replicate complete, ran 20000000 generations:
      From worker 7:	
      From worker 7:		num_imitating:			17499161
      From worker 7:		num_not_imitating:		2500839
      From worker 7:		num_strategies_changed:  	495938
      From worker 7:			num_random_strategies: 	17678
      From worker 7:		num_sets_changed: 		4828360
      From worker 7:			num_random_opinions: 	146163
      From worker 7:			num_biased_opinions: 	49158
      From worker 7:		num_both_changed: 		217251
      From worker 7:	
      From worker 7:	data processed and exported
      From worker 7:	
      From worker 7:	starting b_1.0_c_0.2_N_40_M_3_K_2_P_2_beta_0.001_u_0.001_v_0.011180339887498947_p_0.5_ϵ_1.0_gens_20000000_210217-194321.350
      From worker 9:	replicate complete, ran 20000000 generations:
      From worker 9:	
      From worker 9:		num_imitating:			12498462
      From worker 9:		num_not_imitating:		7501538
      From worker 9:		num_strategies_changed:  	358408
      From worker 9:			num_random_strategies: 	12490
      From worker 9:		num_sets_changed: 		5279148
      From worker 9:			num_random_opinions: 	77840
      From worker 9:			num_biased_opinions: 	235930
      From worker 9:		num_both_changed: 		226257
      From worker 9:	
      From worker 9:	data processed and exported
      From worker 9:	
      From worker 9:	starting b_1.0_c_0.2_N_40_M_3_K_2_P_2_beta_0.001_u_0.001_v_0.025_p_1.0_ϵ_1.0_gens_20000000_210217-194321.350
      From worker 5:	replicate complete, ran 20000000 generations:
      From worker 5:	
      From worker 5:		num_imitating:			20000000
      From worker 5:		num_not_imitating:		0
      From worker 5:		num_strategies_changed:  	570784
      From worker 5:			num_random_strategies: 	19802
      From worker 5:		num_sets_changed: 		2932491
      From worker 5:			num_random_opinions: 	100036
      From worker 5:			num_biased_opinions: 	0
      From worker 5:		num_both_changed: 		145756
      From worker 5:	
      From worker 5:	data processed and exported
      From worker 5:	
      From worker 5:	starting b_1.0_c_0.2_N_40_M_3_K_2_P_2_beta_0.001_u_0.001_v_0.005_p_0.25_ϵ_1.0_gens_20000000_210217-194321.350
      From worker 6:	replicate complete, ran 20000000 generations:
      From worker 6:	
      From worker 6:		num_imitating:			17498343
      From worker 6:		num_not_imitating:		2501657
      From worker 6:		num_strategies_changed:  	495189
      From worker 6:			num_random_strategies: 	17638
      From worker 6:		num_sets_changed: 		2597296
      From worker 6:			num_random_opinions: 	65434
      From worker 6:			num_biased_opinions: 	21899
      From worker 6:		num_both_changed: 		122711
      From worker 6:	
      From worker 15:	replicate complete, ran 20000000 generations:
      From worker 15:	
      From worker 15:		num_imitating:			9998308
      From worker 15:		num_not_imitating:		10001692
      From worker 15:		num_strategies_changed:  	151083
      From worker 15:			num_random_strategies: 	9940
      From worker 15:		num_sets_changed: 		5901284
      From worker 15:			num_random_opinions: 	0
      From worker 15:			num_biased_opinions: 	2792678
      From worker 15:		num_both_changed: 		99341
      From worker 15:	
      From worker 6:	data processed and exported
      From worker 15:	data processed and exported
      From worker 6:	
      From worker 6:	starting b_1.0_c_0.2_N_40_M_3_K_2_P_2_beta_0.001_u_0.001_v_0.005_p_0.5_ϵ_1.0_gens_20000000_210217-194321.350
      From worker 15:	
      From worker 15:	starting b_1.0_c_0.2_N_40_M_3_K_2_P_2_beta_0.001_u_0.001_v_0.625_p_0.0_ϵ_1.0_gens_20000000_210217-194321.350
      From worker 11:	replicate complete, ran 20000000 generations:
      From worker 11:	
      From worker 11:		num_imitating:			20000000
      From worker 11:		num_not_imitating:		0
      From worker 11:		num_strategies_changed:  	573339
      From worker 11:			num_random_strategies: 	19888
      From worker 11:		num_sets_changed: 		12776001
      From worker 11:			num_random_opinions: 	1119545
      From worker 11:			num_biased_opinions: 	0
      From worker 11:		num_both_changed: 		470656
      From worker 11:	
      From worker 11:	data processed and exported
      From worker 11:	
      From worker 11:	starting b_1.0_c_0.2_N_40_M_3_K_2_P_2_beta_0.001_u_0.001_v_0.055901699437494755_p_0.25_ϵ_1.0_gens_20000000_210217-194321.350
      From worker 3:	replicate complete, ran 20000000 generations:
      From worker 3:	
      From worker 3:		num_imitating:			9997109
      From worker 3:		num_not_imitating:		10002891
      From worker 3:		num_strategies_changed:  	144527
      From worker 3:			num_random_strategies: 	9906
      From worker 3:		num_sets_changed: 		122126
      From worker 3:			num_random_opinions: 	0
      From worker 3:			num_biased_opinions: 	9887
      From worker 3:		num_both_changed: 		4407
      From worker 3:	
      From worker 3:	data processed and exported
      From worker 3:	
      From worker 3:	starting b_1.0_c_0.2_N_40_M_3_K_2_P_2_beta_0.001_u_0.001_v_0.0022360679774997894_p_0.0_ϵ_1.0_gens_20000000_210217-194321.350
      From worker 2:	replicate complete, ran 20000000 generations:
      From worker 2:	
      From worker 2:		num_imitating:			12499104
      From worker 2:		num_not_imitating:		7500896
      From worker 2:		num_strategies_changed:  	342439
      From worker 2:			num_random_strategies: 	12701
      From worker 2:		num_sets_changed: 		419437
      From worker 2:			num_random_opinions: 	3220
      From worker 2:			num_biased_opinions: 	9382
      From worker 2:		num_both_changed: 		21960
      From worker 2:	
      From worker 2:	data processed and exported
      From worker 2:	
      From worker 2:	starting b_1.0_c_0.2_N_40_M_3_K_2_P_2_beta_0.001_u_0.001_v_0.001_p_1.0_ϵ_1.0_gens_20000000_210217-194321.350
      From worker 4:	replicate complete, ran 20000000 generations:
      From worker 4:	
      From worker 4:		num_imitating:			20000000
      From worker 4:		num_not_imitating:		0
      From worker 4:		num_strategies_changed:  	548670
      From worker 4:			num_random_strategies: 	20069
      From worker 4:		num_sets_changed: 		1538957
      From worker 4:			num_random_opinions: 	45091
      From worker 4:			num_biased_opinions: 	0
      From worker 4:		num_both_changed: 		66049
      From worker 4:	
      From worker 4:	data processed and exported
      From worker 4:	
      From worker 4:	starting b_1.0_c_0.2_N_40_M_3_K_2_P_2_beta_0.001_u_0.001_v_0.0022360679774997894_p_0.25_ϵ_1.0_gens_20000000_210217-194321.350
      From worker 8:	replicate complete, ran 20000000 generations:
      From worker 8:	
      From worker 8:		num_imitating:			12499354
      From worker 8:		num_not_imitating:		7500646
      From worker 8:		num_strategies_changed:  	356845
      From worker 8:			num_random_strategies: 	12533
      From worker 8:		num_sets_changed: 		3245350
      From worker 8:			num_random_opinions: 	34895
      From worker 8:			num_biased_opinions: 	105087
      From worker 8:		num_both_changed: 		158741
      From worker 8:	
      From worker 8:	data processed and exported
      From worker 8:	
      From worker 8:	starting b_1.0_c_0.2_N_40_M_3_K_2_P_2_beta_0.001_u_0.001_v_0.011180339887498947_p_1.0_ϵ_1.0_gens_20000000_210217-194321.350
      From worker 14:	replicate complete, ran 20000000 generations:
      From worker 14:	
      From worker 14:		num_imitating:			12498612
      From worker 14:		num_not_imitating:		7501388
      From worker 14:		num_strategies_changed:  	358449
      From worker 14:			num_random_strategies: 	12472
      From worker 14:		num_sets_changed: 		9769822
      From worker 14:			num_random_opinions: 	873790
      From worker 14:			num_biased_opinions: 	2619091
      From worker 14:		num_both_changed: 		303041
      From worker 14:	
      From worker 14:	data processed and exported
      From worker 14:	
      From worker 14:	starting b_1.0_c_0.2_N_40_M_3_K_2_P_2_beta_0.001_u_0.001_v_0.2795084971874737_p_1.0_ϵ_1.0_gens_20000000_210217-194321.350
      From worker 9:	replicate complete, ran 20000000 generations:
      From worker 9:	
      From worker 9:		num_imitating:			10003152
      From worker 9:		num_not_imitating:		9996848
      From worker 9:		num_strategies_changed:  	145427
      From worker 9:			num_random_strategies: 	9988
      From worker 9:		num_sets_changed: 		2234428
      From worker 9:			num_random_opinions: 	0
      From worker 9:			num_biased_opinions: 	250305
      From worker 9:		num_both_changed: 		53773
      From worker 9:	
      From worker 9:	data processed and exported
      From worker 9:	
      From worker 9:	starting b_1.0_c_0.2_N_40_M_3_K_2_P_2_beta_0.001_u_0.001_v_0.025_p_0.0_ϵ_1.0_gens_20000000_210217-194321.350
      From worker 16:	replicate complete, ran 20000000 generations:
      From worker 16:	
      From worker 16:		num_imitating:			20000000
      From worker 16:		num_not_imitating:		0
      From worker 16:		num_strategies_changed:  	573295
      From worker 16:			num_random_strategies: 	20151
      From worker 16:		num_sets_changed: 		18060526
      From worker 16:			num_random_opinions: 	12499755
      From worker 16:			num_biased_opinions: 	0
      From worker 16:		num_both_changed: 		525063
      From worker 16:	
      From worker 16:	data processed and exported
      From worker 16:	
      From worker 16:	starting b_1.0_c_0.2_N_40_M_3_K_2_P_2_beta_0.001_u_0.001_v_0.625_p_0.25_ϵ_1.0_gens_20000000_210217-194321.350
      From worker 5:	replicate complete, ran 20000000 generations:
      From worker 5:	
      From worker 5:		num_imitating:			17500595
      From worker 5:		num_not_imitating:		2499405
      From worker 5:		num_strategies_changed:  	494758
      From worker 5:			num_random_strategies: 	17391
      From worker 5:		num_sets_changed: 		2647042
      From worker 5:			num_random_opinions: 	65772
      From worker 5:			num_biased_opinions: 	21793
      From worker 5:		num_both_changed: 		138434
      From worker 5:	
      From worker 5:	data processed and exported
      From worker 5:	
      From worker 5:	starting b_1.0_c_0.2_N_40_M_3_K_2_P_2_beta_0.001_u_0.001_v_0.005_p_0.5_ϵ_1.0_gens_20000000_210217-194321.350
      From worker 7:	replicate complete, ran 20000000 generations:
      From worker 7:	
      From worker 7:		num_imitating:			14999250
      From worker 7:		num_not_imitating:		5000750
      From worker 7:		num_strategies_changed:  	434334
      From worker 7:			num_random_strategies: 	15084
      From worker 7:		num_sets_changed: 		4037745
      From worker 7:			num_random_opinions: 	83379
      From worker 7:			num_biased_opinions: 	83556
      From worker 7:		num_both_changed: 		198303
      From worker 7:	
      From worker 7:	data processed and exported
      From worker 7:	
      From worker 7:	starting b_1.0_c_0.2_N_40_M_3_K_2_P_2_beta_0.001_u_0.001_v_0.011180339887498947_p_0.75_ϵ_1.0_gens_20000000_210217-194321.350
      From worker 13:	replicate complete, ran 20000000 generations:
      From worker 13:	
      From worker 13:		num_imitating:			14998161
      From worker 13:		num_not_imitating:		5001839
      From worker 13:		num_strategies_changed:  	459126
      From worker 13:			num_random_strategies: 	15157
      From worker 13:		num_sets_changed: 		11285908
      From worker 13:			num_random_opinions: 	936928
      From worker 13:			num_biased_opinions: 	936948
      From worker 13:		num_both_changed: 		400132
      From worker 13:	
      From worker 13:	data processed and exported
      From worker 13:	
      From worker 13:	starting b_1.0_c_0.2_N_40_M_3_K_2_P_2_beta_0.001_u_0.001_v_0.125_p_0.75_ϵ_1.0_gens_20000000_210217-194321.350
      From worker 6:	replicate complete, ran 20000000 generations:
      From worker 6:	
      From worker 6:		num_imitating:			14999552
      From worker 6:		num_not_imitating:		5000448
      From worker 6:		num_strategies_changed:  	419240
      From worker 6:			num_random_strategies: 	15124
      From worker 6:		num_sets_changed: 		2156713
      From worker 6:			num_random_opinions: 	37260
      From worker 6:			num_biased_opinions: 	37341
      From worker 6:		num_both_changed: 		106388
      From worker 6:	
      From worker 6:	data processed and exported
      From worker 6:	
      From worker 6:	starting b_1.0_c_0.2_N_40_M_3_K_2_P_2_beta_0.001_u_0.001_v_0.005_p_0.75_ϵ_1.0_gens_20000000_210217-194321.350
      From worker 2:	replicate complete, ran 20000000 generations:
      From worker 2:	
      From worker 2:		num_imitating:			9998671
      From worker 2:		num_not_imitating:		10001329
      From worker 2:		num_strategies_changed:  	148643
      From worker 2:			num_random_strategies: 	9960
      From worker 2:		num_sets_changed: 		134786
      From worker 2:			num_random_opinions: 	0
      From worker 2:			num_biased_opinions: 	10143
      From worker 2:		num_both_changed: 		3055
      From worker 2:	
      From worker 2:	data processed and exported
      From worker 2:	
      From worker 2:	starting b_1.0_c_0.2_N_40_M_3_K_2_P_2_beta_0.001_u_0.001_v_0.001_p_0.0_ϵ_1.0_gens_20000000_210217-194321.350
      From worker 3:	replicate complete, ran 20000000 generations:
      From worker 3:	
      From worker 3:		num_imitating:			20000000
      From worker 3:		num_not_imitating:		0
      From worker 3:		num_strategies_changed:  	568529
      From worker 3:			num_random_strategies: 	19865
      From worker 3:		num_sets_changed: 		1470319
      From worker 3:			num_random_opinions: 	44883
      From worker 3:			num_biased_opinions: 	0
      From worker 3:		num_both_changed: 		73154
      From worker 3:	
      From worker 3:	data processed and exported
      From worker 3:	
      From worker 3:	starting b_1.0_c_0.2_N_40_M_3_K_2_P_2_beta_0.001_u_0.001_v_0.0022360679774997894_p_0.25_ϵ_1.0_gens_20000000_210217-194321.350
      From worker 12:	replicate complete, ran 20000000 generations:
      From worker 12:	
      From worker 12:		num_imitating:			17497839
      From worker 12:		num_not_imitating:		2502161
      From worker 12:		num_strategies_changed:  	511499
      From worker 12:			num_random_strategies: 	17541
      From worker 12:		num_sets_changed: 		13505370
      From worker 12:			num_random_opinions: 	1640761
      From worker 12:			num_biased_opinions: 	546864
      From worker 12:		num_both_changed: 		453663
      From worker 12:	
      From worker 12:	data processed and exported
      From worker 12:	
      From worker 12:	starting b_1.0_c_0.2_N_40_M_3_K_2_P_2_beta_0.001_u_0.001_v_0.125_p_0.5_ϵ_1.0_gens_20000000_210217-194321.350
      From worker 10:	replicate complete, ran 20000000 generations:
      From worker 10:	
      From worker 10:		num_imitating:			20000000
      From worker 10:		num_not_imitating:		0
      From worker 10:		num_strategies_changed:  	573019
      From worker 10:			num_random_strategies: 	20256
      From worker 10:		num_sets_changed: 		12802330
      From worker 10:			num_random_opinions: 	1118339
      From worker 10:			num_biased_opinions: 	0
      From worker 10:		num_both_changed: 		472882
      From worker 10:	
      From worker 10:	data processed and exported
      From worker 10:	
      From worker 10:	starting b_1.0_c_0.2_N_40_M_3_K_2_P_2_beta_0.001_u_0.001_v_0.055901699437494755_p_0.25_ϵ_1.0_gens_20000000_210217-194321.350
      From worker 4:	replicate complete, ran 20000000 generations:
      From worker 4:	
      From worker 4:		num_imitating:			17500407
      From worker 4:		num_not_imitating:		2499593
      From worker 4:		num_strategies_changed:  	485952
      From worker 4:			num_random_strategies: 	17615
      From worker 4:		num_sets_changed: 		1328177
      From worker 4:			num_random_opinions: 	29810
      From worker 4:			num_biased_opinions: 	9756
      From worker 4:		num_both_changed: 		72708
      From worker 4:	
      From worker 4:	data processed and exported
      From worker 4:	
      From worker 4:	starting b_1.0_c_0.2_N_40_M_3_K_2_P_2_beta_0.001_u_0.001_v_0.0022360679774997894_p_0.5_ϵ_1.0_gens_20000000_210217-194321.350
      From worker 8:	replicate complete, ran 20000000 generations:
      From worker 8:	
      From worker 8:		num_imitating:			9999856
      From worker 8:		num_not_imitating:		10000144
      From worker 8:		num_strategies_changed:  	140382
      From worker 8:			num_random_strategies: 	10104
      From worker 8:		num_sets_changed: 		1196454
      From worker 8:			num_random_opinions: 	0
      From worker 8:			num_biased_opinions: 	112090
      From worker 8:		num_both_changed: 		30593
      From worker 8:	
      From worker 8:	data processed and exported
      From worker 8:	
      From worker 8:	starting b_1.0_c_0.2_N_40_M_3_K_2_P_2_beta_0.001_u_0.001_v_0.025_p_0.0_ϵ_1.0_gens_20000000_210217-194321.350
      From worker 5:	replicate complete, ran 20000000 generations:
      From worker 5:	
      From worker 5:		num_imitating:			14997341
      From worker 5:		num_not_imitating:		5002659
      From worker 5:		num_strategies_changed:  	407847
      From worker 5:			num_random_strategies: 	14707
      From worker 5:		num_sets_changed: 		2189981
      From worker 5:			num_random_opinions: 	37652
      From worker 5:			num_biased_opinions: 	37293
      From worker 5:		num_both_changed: 		103470
      From worker 5:	
      From worker 5:	data processed and exported
      From worker 5:	
      From worker 5:	starting b_1.0_c_0.2_N_40_M_3_K_2_P_2_beta_0.001_u_0.001_v_0.005_p_0.75_ϵ_1.0_gens_20000000_210217-194321.350
      From worker 7:	replicate complete, ran 20000000 generations:
      From worker 7:	
      From worker 7:		num_imitating:			12500584
      From worker 7:		num_not_imitating:		7499416
      From worker 7:		num_strategies_changed:  	337978
      From worker 7:			num_random_strategies: 	12461
      From worker 7:		num_sets_changed: 		3298018
      From worker 7:			num_random_opinions: 	35039
      From worker 7:			num_biased_opinions: 	104768
      From worker 7:		num_both_changed: 		149494
      From worker 7:	
      From worker 7:	data processed and exported
      From worker 7:	
      From worker 7:	starting b_1.0_c_0.2_N_40_M_3_K_2_P_2_beta_0.001_u_0.001_v_0.011180339887498947_p_1.0_ϵ_1.0_gens_20000000_210217-194321.350
      From worker 14:	replicate complete, ran 20000000 generations:
      From worker 14:	
      From worker 14:		num_imitating:			9997865
      From worker 14:		num_not_imitating:		10002135
      From worker 14:		num_strategies_changed:  	153316
      From worker 14:			num_random_strategies: 	10058
      From worker 14:		num_sets_changed: 		5904927
      From worker 14:			num_random_opinions: 	0
      From worker 14:			num_biased_opinions: 	2795444
      From worker 14:		num_both_changed: 		100373
      From worker 14:	
      From worker 14:	data processed and exported
      From worker 14:	
      From worker 14:	starting b_1.0_c_0.2_N_40_M_3_K_2_P_2_beta_0.001_u_0.001_v_0.2795084971874737_p_0.0_ϵ_1.0_gens_20000000_210217-194321.350
      From worker 6:	replicate complete, ran 20000000 generations:
      From worker 6:	
      From worker 6:		num_imitating:			12500889
      From worker 6:		num_not_imitating:		7499111
      From worker 6:		num_strategies_changed:  	353388
      From worker 6:			num_random_strategies: 	12433
      From worker 6:		num_sets_changed: 		1743422
      From worker 6:			num_random_opinions: 	15563
      From worker 6:			num_biased_opinions: 	46989
      From worker 6:		num_both_changed: 		89386
      From worker 6:	
      From worker 6:	data processed and exported
      From worker 6:	
      From worker 6:	starting b_1.0_c_0.2_N_40_M_3_K_2_P_2_beta_0.001_u_0.001_v_0.005_p_1.0_ϵ_1.0_gens_20000000_210217-194321.350
      From worker 11:	replicate complete, ran 20000000 generations:
      From worker 11:	
      From worker 11:		num_imitating:			17500808
      From worker 11:		num_not_imitating:		2499192
      From worker 11:		num_strategies_changed:  	493146
      From worker 11:			num_random_strategies: 	17360
      From worker 11:		num_sets_changed: 		11073889
      From worker 11:			num_random_opinions: 	732966
      From worker 11:			num_biased_opinions: 	245382
      From worker 11:		num_both_changed: 		403352
      From worker 11:	
      From worker 11:	data processed and exported
      From worker 11:	
      From worker 11:	starting b_1.0_c_0.2_N_40_M_3_K_2_P_2_beta_0.001_u_0.001_v_0.055901699437494755_p_0.5_ϵ_1.0_gens_20000000_210217-194321.350
      From worker 2:	replicate complete, ran 20000000 generations:
      From worker 2:	
      From worker 2:		num_imitating:			20000000
      From worker 2:		num_not_imitating:		0
      From worker 2:		num_strategies_changed:  	582775
      From worker 2:			num_random_strategies: 	20081
      From worker 2:		num_sets_changed: 		677072
      From worker 2:			num_random_opinions: 	20296
      From worker 2:			num_biased_opinions: 	0
      From worker 2:		num_both_changed: 		39600
      From worker 2:	
      From worker 2:	data processed and exported
      From worker 3:	replicate complete, ran 20000000 generations:
      From worker 3:	
      From worker 3:		num_imitating:			17497253
      From worker 3:		num_not_imitating:		2502747
      From worker 3:		num_strategies_changed:  	511707
      From worker 3:			num_random_strategies: 	17538
      From worker 3:		num_sets_changed: 		1230192
      From worker 3:			num_random_opinions: 	29452
      From worker 3:			num_biased_opinions: 	9708
      From worker 3:		num_both_changed: 		70633
      From worker 3:	
      From worker 3:	data processed and exported
      From worker 4:	replicate complete, ran 20000000 generations:
      From worker 4:	
      From worker 4:		num_imitating:			15001929
      From worker 4:		num_not_imitating:		4998071
      From worker 4:		num_strategies_changed:  	427630
      From worker 4:			num_random_strategies: 	14916
      From worker 4:		num_sets_changed: 		1104311
      From worker 4:			num_random_opinions: 	16749
      From worker 4:			num_biased_opinions: 	16892
      From worker 4:		num_both_changed: 		54826
      From worker 4:	
      From worker 4:	data processed and exported
      From worker 9:	replicate complete, ran 20000000 generations:
      From worker 9:	
      From worker 9:		num_imitating:			20000000
      From worker 9:		num_not_imitating:		0
      From worker 9:		num_strategies_changed:  	567364
      From worker 9:			num_random_strategies: 	19958
      From worker 9:		num_sets_changed: 		9101713
      From worker 9:			num_random_opinions: 	500373
      From worker 9:			num_biased_opinions: 	0
      From worker 9:		num_both_changed: 		378507
      From worker 9:	
      From worker 9:	data processed and exported
      From worker 9:	
      From worker 9:	starting b_1.0_c_0.2_N_40_M_3_K_2_P_2_beta_0.001_u_0.001_v_0.025_p_0.25_ϵ_1.0_gens_20000000_210217-194321.350
      From worker 15:	replicate complete, ran 20000000 generations:
      From worker 15:	
      From worker 15:		num_imitating:			20000000
      From worker 15:		num_not_imitating:		0
      From worker 15:		num_strategies_changed:  	576373
      From worker 15:			num_random_strategies: 	20095
      From worker 15:		num_sets_changed: 		18063268
      From worker 15:			num_random_opinions: 	12498925
      From worker 15:			num_biased_opinions: 	0
      From worker 15:		num_both_changed: 		528097
      From worker 15:	
      From worker 15:	data processed and exported
      From worker 15:	
      From worker 15:	starting b_1.0_c_0.2_N_40_M_3_K_2_P_2_beta_0.001_u_0.001_v_0.625_p_0.25_ϵ_1.0_gens_20000000_210217-194321.350
      From worker 13:	replicate complete, ran 20000000 generations:
      From worker 13:	
      From worker 13:		num_imitating:			12495716
      From worker 13:		num_not_imitating:		7504284
      From worker 13:		num_strategies_changed:  	346076
      From worker 13:			num_random_strategies: 	12590
      From worker 13:		num_sets_changed: 		8954740
      From worker 13:			num_random_opinions: 	390801
      From worker 13:			num_biased_opinions: 	1170926
      From worker 13:		num_both_changed: 		291675
      From worker 13:	
      From worker 13:	data processed and exported
      From worker 13:	
      From worker 13:	starting b_1.0_c_0.2_N_40_M_3_K_2_P_2_beta_0.001_u_0.001_v_0.125_p_1.0_ϵ_1.0_gens_20000000_210217-194321.350
      From worker 6:	replicate complete, ran 20000000 generations:
      From worker 6:	
      From worker 6:		num_imitating:			9997335
      From worker 6:		num_not_imitating:		10002665
      From worker 6:		num_strategies_changed:  	150337
      From worker 6:			num_random_strategies: 	9962
      From worker 6:		num_sets_changed: 		607370
      From worker 6:			num_random_opinions: 	0
      From worker 6:			num_biased_opinions: 	49609
      From worker 6:		num_both_changed: 		18179
      From worker 6:	
      From worker 5:	replicate complete, ran 20000000 generations:
      From worker 5:	
      From worker 5:		num_imitating:			12500049
      From worker 5:		num_not_imitating:		7499951
      From worker 5:		num_strategies_changed:  	349688
      From worker 5:			num_random_strategies: 	12567
      From worker 5:		num_sets_changed: 		1747846
      From worker 5:			num_random_opinions: 	15496
      From worker 5:			num_biased_opinions: 	47068
      From worker 5:		num_both_changed: 		88928
      From worker 5:	
      From worker 6:	data processed and exported
      From worker 5:	data processed and exported
      From worker 7:	replicate complete, ran 20000000 generations:
      From worker 7:	
      From worker 7:		num_imitating:			9998167
      From worker 7:		num_not_imitating:		10001833
      From worker 7:		num_strategies_changed:  	141502
      From worker 7:			num_random_strategies: 	9966
      From worker 7:		num_sets_changed: 		1220967
      From worker 7:			num_random_opinions: 	0
      From worker 7:			num_biased_opinions: 	111618
      From worker 7:		num_both_changed: 		30749
      From worker 7:	
      From worker 7:	data processed and exported
      From worker 7:	
      From worker 7:	starting b_1.0_c_0.2_N_40_M_3_K_2_P_2_beta_0.001_u_0.001_v_0.011180339887498947_p_0.0_ϵ_1.0_gens_20000000_210217-194321.350
      From worker 16:	replicate complete, ran 20000000 generations:
      From worker 16:	
      From worker 16:		num_imitating:			17499300
      From worker 16:		num_not_imitating:		2500700
      From worker 16:		num_strategies_changed:  	495907
      From worker 16:			num_random_strategies: 	17443
      From worker 16:		num_sets_changed: 		15612561
      From worker 16:			num_random_opinions: 	8199933
      From worker 16:			num_biased_opinions: 	2733983
      From worker 16:		num_both_changed: 		449468
      From worker 16:	
      From worker 16:	data processed and exported
      From worker 16:	
      From worker 16:	starting b_1.0_c_0.2_N_40_M_3_K_2_P_2_beta_0.001_u_0.001_v_0.625_p_0.5_ϵ_1.0_gens_20000000_210217-194321.350
      From worker 10:	replicate complete, ran 20000000 generations:
      From worker 10:	
      From worker 10:		num_imitating:			17500508
      From worker 10:		num_not_imitating:		2499492
      From worker 10:		num_strategies_changed:  	524211
      From worker 10:			num_random_strategies: 	17517
      From worker 10:		num_sets_changed: 		11115430
      From worker 10:			num_random_opinions: 	734609
      From worker 10:			num_biased_opinions: 	245003
      From worker 10:		num_both_changed: 		432015
      From worker 10:	
      From worker 10:	data processed and exported
      From worker 10:	
      From worker 10:	starting b_1.0_c_0.2_N_40_M_3_K_2_P_2_beta_0.001_u_0.001_v_0.055901699437494755_p_0.5_ϵ_1.0_gens_20000000_210217-194321.350
      From worker 12:	replicate complete, ran 20000000 generations:
      From worker 12:	
      From worker 12:		num_imitating:			15004333
      From worker 12:		num_not_imitating:		4995667
      From worker 12:		num_strategies_changed:  	443944
      From worker 12:			num_random_strategies: 	15029
      From worker 12:		num_sets_changed: 		11299205
      From worker 12:			num_random_opinions: 	936197
      From worker 12:			num_biased_opinions: 	939935
      From worker 12:		num_both_changed: 		385423
      From worker 12:	
      From worker 12:	data processed and exported
      From worker 12:	
      From worker 12:	starting b_1.0_c_0.2_N_40_M_3_K_2_P_2_beta_0.001_u_0.001_v_0.125_p_0.75_ϵ_1.0_gens_20000000_210217-194321.350
      From worker 8:	replicate complete, ran 20000000 generations:
      From worker 8:	
      From worker 8:		num_imitating:			20000000
      From worker 8:		num_not_imitating:		0
      From worker 8:		num_strategies_changed:  	554601
      From worker 8:			num_random_strategies: 	20083
      From worker 8:		num_sets_changed: 		9123380
      From worker 8:			num_random_opinions: 	500835
      From worker 8:			num_biased_opinions: 	0
      From worker 8:		num_both_changed: 		372570
      From worker 8:	
      From worker 8:	data processed and exported
      From worker 8:	
      From worker 8:	starting b_1.0_c_0.2_N_40_M_3_K_2_P_2_beta_0.001_u_0.001_v_0.025_p_0.25_ϵ_1.0_gens_20000000_210217-194321.350
      From worker 11:	replicate complete, ran 20000000 generations:
      From worker 11:	
      From worker 11:		num_imitating:			15000123
      From worker 11:		num_not_imitating:		4999877
      From worker 11:		num_strategies_changed:  	429403
      From worker 11:			num_random_strategies: 	14947
      From worker 11:		num_sets_changed: 		9265425
      From worker 11:			num_random_opinions: 	419332
      From worker 11:			num_biased_opinions: 	418437
      From worker 11:		num_both_changed: 		343983
      From worker 11:	
      From worker 11:	data processed and exported
      From worker 11:	
      From worker 11:	starting b_1.0_c_0.2_N_40_M_3_K_2_P_2_beta_0.001_u_0.001_v_0.055901699437494755_p_0.75_ϵ_1.0_gens_20000000_210217-194321.350
      From worker 13:	replicate complete, ran 20000000 generations:
      From worker 13:	
      From worker 13:		num_imitating:			10001219
      From worker 13:		num_not_imitating:		9998781
      From worker 13:		num_strategies_changed:  	149064
      From worker 13:			num_random_strategies: 	10163
      From worker 13:		num_sets_changed: 		4931303
      From worker 13:			num_random_opinions: 	0
      From worker 13:			num_biased_opinions: 	1251207
      From worker 13:		num_both_changed: 		91772
      From worker 13:	
      From worker 13:	data processed and exported
      From worker 13:	
      From worker 13:	starting b_1.0_c_0.2_N_40_M_3_K_2_P_2_beta_0.001_u_0.001_v_0.2795084971874737_p_0.0_ϵ_1.0_gens_20000000_210217-194321.350
      From worker 9:	replicate complete, ran 20000000 generations:
      From worker 9:	
      From worker 9:		num_imitating:			17496792
      From worker 9:		num_not_imitating:		2503208
      From worker 9:		num_strategies_changed:  	485017
      From worker 9:			num_random_strategies: 	17441
      From worker 9:		num_sets_changed: 		7915996
      From worker 9:			num_random_opinions: 	328670
      From worker 9:			num_biased_opinions: 	109571
      From worker 9:		num_both_changed: 		321719
      From worker 9:	
      From worker 9:	data processed and exported
      From worker 9:	
      From worker 9:	starting b_1.0_c_0.2_N_40_M_3_K_2_P_2_beta_0.001_u_0.001_v_0.025_p_0.5_ϵ_1.0_gens_20000000_210217-194321.350
      From worker 7:	replicate complete, ran 20000000 generations:
      From worker 7:	
      From worker 7:		num_imitating:			20000000
      From worker 7:		num_not_imitating:		0
      From worker 7:		num_strategies_changed:  	582681
      From worker 7:			num_random_strategies: 	20155
      From worker 7:		num_sets_changed: 		5488068
      From worker 7:			num_random_opinions: 	223249
      From worker 7:			num_biased_opinions: 	0
      From worker 7:		num_both_changed: 		255535
      From worker 7:	
      From worker 7:	data processed and exported
      From worker 14:	replicate complete, ran 20000000 generations:
      From worker 14:	
      From worker 14:		num_imitating:			20000000
      From worker 14:		num_not_imitating:		0
      From worker 14:		num_strategies_changed:  	609294
      From worker 14:			num_random_strategies: 	20066
      From worker 14:		num_sets_changed: 		17216569
      From worker 14:			num_random_opinions: 	5588882
      From worker 14:			num_biased_opinions: 	0
      From worker 14:		num_both_changed: 		555744
      From worker 14:	
      From worker 14:	data processed and exported
      From worker 14:	
      From worker 14:	starting b_1.0_c_0.2_N_40_M_3_K_2_P_2_beta_0.001_u_0.001_v_0.2795084971874737_p_0.25_ϵ_1.0_gens_20000000_210217-194321.350
      From worker 15:	replicate complete, ran 20000000 generations:
      From worker 15:	
      From worker 15:		num_imitating:			17498403
      From worker 15:		num_not_imitating:		2501597
      From worker 15:		num_strategies_changed:  	493648
      From worker 15:			num_random_strategies: 	17110
      From worker 15:		num_sets_changed: 		15611447
      From worker 15:			num_random_opinions: 	8208314
      From worker 15:			num_biased_opinions: 	2732005
      From worker 15:		num_both_changed: 		447131
      From worker 15:	
      From worker 15:	data processed and exported
      From worker 15:	
      From worker 15:	starting b_1.0_c_0.2_N_40_M_3_K_2_P_2_beta_0.001_u_0.001_v_0.625_p_0.5_ϵ_1.0_gens_20000000_210217-194321.350
      From worker 8:	replicate complete, ran 20000000 generations:
      From worker 8:	
      From worker 8:		num_imitating:			17501147
      From worker 8:		num_not_imitating:		2498853
      From worker 8:		num_strategies_changed:  	496516
      From worker 8:			num_random_strategies: 	17432
      From worker 8:		num_sets_changed: 		7928106
      From worker 8:			num_random_opinions: 	327813
      From worker 8:			num_biased_opinions: 	110287
      From worker 8:		num_both_changed: 		333895
      From worker 8:	
      From worker 8:	data processed and exported
      From worker 12:	replicate complete, ran 20000000 generations:
      From worker 12:	
      From worker 12:		num_imitating:			12498475
      From worker 12:		num_not_imitating:		7501525
      From worker 12:		num_strategies_changed:  	351710
      From worker 12:			num_random_strategies: 	12441
      From worker 12:		num_sets_changed: 		8949999
      From worker 12:			num_random_opinions: 	390546
      From worker 12:			num_biased_opinions: 	1172151
      From worker 12:		num_both_changed: 		294903
      From worker 12:	
      From worker 12:	data processed and exported
      From worker 12:	
      From worker 12:	starting b_1.0_c_0.2_N_40_M_3_K_2_P_2_beta_0.001_u_0.001_v_0.125_p_1.0_ϵ_1.0_gens_20000000_210217-194321.350
      From worker 10:	replicate complete, ran 20000000 generations:
      From worker 10:	
      From worker 10:		num_imitating:			15003806
      From worker 10:		num_not_imitating:		4996194
      From worker 10:		num_strategies_changed:  	432644
      From worker 10:			num_random_strategies: 	14965
      From worker 10:		num_sets_changed: 		9297462
      From worker 10:			num_random_opinions: 	419557
      From worker 10:			num_biased_opinions: 	419078
      From worker 10:		num_both_changed: 		350654
      From worker 10:	
      From worker 10:	data processed and exported
      From worker 10:	
      From worker 10:	starting b_1.0_c_0.2_N_40_M_3_K_2_P_2_beta_0.001_u_0.001_v_0.055901699437494755_p_0.75_ϵ_1.0_gens_20000000_210217-194321.350
      From worker 16:	replicate complete, ran 20000000 generations:
      From worker 16:	
      From worker 16:		num_imitating:			14998945
      From worker 16:		num_not_imitating:		5001055
      From worker 16:		num_strategies_changed:  	436464
      From worker 16:			num_random_strategies: 	15268
      From worker 16:		num_sets_changed: 		12878227
      From worker 16:			num_random_opinions: 	4684733
      From worker 16:			num_biased_opinions: 	4689339
      From worker 16:		num_both_changed: 		381534
      From worker 16:	
      From worker 16:	data processed and exported
      From worker 16:	
      From worker 16:	starting b_1.0_c_0.2_N_40_M_3_K_2_P_2_beta_0.001_u_0.001_v_0.625_p_0.75_ϵ_1.0_gens_20000000_210217-194321.350
      From worker 11:	replicate complete, ran 20000000 generations:
      From worker 11:	
      From worker 11:		num_imitating:			12501282
      From worker 11:		num_not_imitating:		7498718
      From worker 11:		num_strategies_changed:  	374218
      From worker 11:			num_random_strategies: 	12574
      From worker 11:		num_sets_changed: 		7420281
      From worker 11:			num_random_opinions: 	174944
      From worker 11:			num_biased_opinions: 	523876
      From worker 11:		num_both_changed: 		296361
      From worker 11:	
      From worker 11:	data processed and exported
      From worker 11:	
      From worker 11:	starting b_1.0_c_0.2_N_40_M_3_K_2_P_2_beta_0.001_u_0.001_v_0.055901699437494755_p_1.0_ϵ_1.0_gens_20000000_210217-194321.350
      From worker 9:	replicate complete, ran 20000000 generations:
      From worker 9:	
      From worker 9:		num_imitating:			14998386
      From worker 9:		num_not_imitating:		5001614
      From worker 9:		num_strategies_changed:  	402445
      From worker 9:			num_random_strategies: 	14988
      From worker 9:		num_sets_changed: 		6571683
      From worker 9:			num_random_opinions: 	188030
      From worker 9:			num_biased_opinions: 	187776
      From worker 9:		num_both_changed: 		264609
      From worker 9:	
      From worker 9:	data processed and exported
      From worker 12:	replicate complete, ran 20000000 generations:
      From worker 12:	
      From worker 12:		num_imitating:			9998180
      From worker 12:		num_not_imitating:		10001820
      From worker 12:		num_strategies_changed:  	154609
      From worker 12:			num_random_strategies: 	9956
      From worker 12:		num_sets_changed: 		4916959
      From worker 12:			num_random_opinions: 	0
      From worker 12:			num_biased_opinions: 	1249997
      From worker 12:		num_both_changed: 		95017
      From worker 12:	
      From worker 12:	data processed and exported
      From worker 12:	
      From worker 12:	starting b_1.0_c_0.2_N_40_M_3_K_2_P_2_beta_0.001_u_0.001_v_0.125_p_0.0_ϵ_1.0_gens_20000000_210217-194321.350
      From worker 13:	replicate complete, ran 20000000 generations:
      From worker 13:	
      From worker 13:		num_imitating:			20000000
      From worker 13:		num_not_imitating:		0
      From worker 13:		num_strategies_changed:  	562027
      From worker 13:			num_random_strategies: 	19652
      From worker 13:		num_sets_changed: 		17220294
      From worker 13:			num_random_opinions: 	5590408
      From worker 13:			num_biased_opinions: 	0
      From worker 13:		num_both_changed: 		512355
      From worker 13:	
      From worker 13:	data processed and exported
      From worker 13:	
      From worker 13:	starting b_1.0_c_0.2_N_40_M_3_K_2_P_2_beta_0.001_u_0.001_v_0.2795084971874737_p_0.25_ϵ_1.0_gens_20000000_210217-194321.350
      From worker 11:	replicate complete, ran 20000000 generations:
      From worker 11:	
      From worker 11:		num_imitating:			10001435
      From worker 11:		num_not_imitating:		9998565
      From worker 11:		num_strategies_changed:  	145815
      From worker 11:			num_random_strategies: 	10027
      From worker 11:		num_sets_changed: 		3592594
      From worker 11:			num_random_opinions: 	0
      From worker 11:			num_biased_opinions: 	558462
      From worker 11:		num_both_changed: 		76468
      From worker 11:	
      From worker 11:	data processed and exported
      From worker 10:	replicate complete, ran 20000000 generations:
      From worker 10:	
      From worker 10:		num_imitating:			12503334
      From worker 10:		num_not_imitating:		7496666
      From worker 10:		num_strategies_changed:  	345696
      From worker 10:			num_random_strategies: 	12313
      From worker 10:		num_sets_changed: 		7371589
      From worker 10:			num_random_opinions: 	174849
      From worker 10:			num_biased_opinions: 	524503
      From worker 10:		num_both_changed: 		273086
      From worker 10:	
      From worker 10:	data processed and exported
      From worker 14:	replicate complete, ran 20000000 generations:
      From worker 14:	
      From worker 14:		num_imitating:			17499212
      From worker 14:		num_not_imitating:		2500788
      From worker 14:		num_strategies_changed:  	518637
      From worker 14:			num_random_strategies: 	17754
      From worker 14:		num_sets_changed: 		14925880
      From worker 14:			num_random_opinions: 	3667545
      From worker 14:			num_biased_opinions: 	1222234
      From worker 14:		num_both_changed: 		469661
      From worker 14:	
      From worker 14:	data processed and exported
      From worker 14:	
      From worker 14:	starting b_1.0_c_0.2_N_40_M_3_K_2_P_2_beta_0.001_u_0.001_v_0.2795084971874737_p_0.5_ϵ_1.0_gens_20000000_210217-194321.350
      From worker 15:	replicate complete, ran 20000000 generations:
      From worker 15:	
      From worker 15:		num_imitating:			14998940
      From worker 15:		num_not_imitating:		5001060
      From worker 15:		num_strategies_changed:  	420260
      From worker 15:			num_random_strategies: 	14892
      From worker 15:		num_sets_changed: 		12878270
      From worker 15:			num_random_opinions: 	4686244
      From worker 15:			num_biased_opinions: 	4686840
      From worker 15:		num_both_changed: 		366987
      From worker 15:	
      From worker 15:	data processed and exported
      From worker 15:	
      From worker 15:	starting b_1.0_c_0.2_N_40_M_3_K_2_P_2_beta_0.001_u_0.001_v_0.625_p_0.75_ϵ_1.0_gens_20000000_210217-194321.350
      From worker 16:	replicate complete, ran 20000000 generations:
      From worker 16:	
      From worker 16:		num_imitating:			12497166
      From worker 16:		num_not_imitating:		7502834
      From worker 16:		num_strategies_changed:  	376022
      From worker 16:			num_random_strategies: 	12669
      From worker 16:		num_sets_changed: 		9888502
      From worker 16:			num_random_opinions: 	1953506
      From worker 16:			num_biased_opinions: 	5858124
      From worker 16:		num_both_changed: 		304598
      From worker 16:	
      From worker 16:	data processed and exported
      From worker 16:	
      From worker 16:	starting b_1.0_c_0.2_N_40_M_3_K_2_P_2_beta_0.001_u_0.001_v_0.625_p_1.0_ϵ_1.0_gens_20000000_210217-194321.350
      From worker 16:	replicate complete, ran 20000000 generations:
      From worker 16:	
      From worker 16:		num_imitating:			9999012
      From worker 16:		num_not_imitating:		10000988
      From worker 16:		num_strategies_changed:  	148493
      From worker 16:			num_random_strategies: 	10089
      From worker 16:		num_sets_changed: 		6472315
      From worker 16:			num_random_opinions: 	0
 Activating environment at `/tigress/mk28/CooperationPolarization2/Project.toml`
 Activating environment at `/tigress/mk28/CooperationPolarization2/Project.toml`
      From worker 16:			num_biased_opinions: 	6248487
      From worker 16:		num_both_changed: 		98677
      From worker 16:	
      From worker 16:	data processed and exported
      From worker 12:	replicate complete, ran 20000000 generations:
      From worker 12:	
      From worker 12:		num_imitating:			20000000
      From worker 12:		num_not_imitating:		0
      From worker 12:		num_strategies_changed:  	581861
      From worker 12:			num_random_strategies: 	20084
      From worker 12:		num_sets_changed: 		15582445
      From worker 12:			num_random_opinions: 	2501670
      From worker 12:			num_biased_opinions: 	0
      From worker 12:		num_both_changed: 		518801
      From worker 12:	
      From worker 12:	data processed and exported
      From worker 13:	replicate complete, ran 20000000 generations:
      From worker 13:	
      From worker 13:		num_imitating:			17499255
      From worker 13:		num_not_imitating:		2500745
      From worker 13:		num_strategies_changed:  	505644
      From worker 13:			num_random_strategies: 	17192
      From worker 13:		num_sets_changed: 		14922141
      From worker 13:			num_random_opinions: 	3667232
      From worker 13:			num_biased_opinions: 	1222408
      From worker 13:		num_both_changed: 		457723
      From worker 13:	
      From worker 13:	data processed and exported
      From worker 15:	replicate complete, ran 20000000 generations:
      From worker 15:	
      From worker 15:		num_imitating:			12497717
      From worker 15:		num_not_imitating:		7502283
      From worker 15:		num_strategies_changed:  	375265
      From worker 15:			num_random_strategies: 	12390
      From worker 15:		num_sets_changed: 		9886461
      From worker 15:			num_random_opinions: 	1953561
      From worker 15:			num_biased_opinions: 	5859482
      From worker 15:		num_both_changed: 		303515
      From worker 15:	
      From worker 15:	data processed and exported
      From worker 14:	replicate complete, ran 20000000 generations:
      From worker 14:	
      From worker 14:		num_imitating:			14998711
      From worker 14:		num_not_imitating:		5001289
      From worker 14:		num_strategies_changed:  	433361
      From worker 14:			num_random_strategies: 	15017
      From worker 14:		num_sets_changed: 		12445371
      From worker 14:			num_random_opinions: 	2096908
      From worker 14:			num_biased_opinions: 	2092655
      From worker 14:		num_both_changed: 		383781
      From worker 14:	
      From worker 14:	data processed and exported
13310.107279 seconds (2.87 M allocations: 125.473 MiB, 0.00% gc time)
