packages loaded
      From worker 3:	 Activating environment at `/tigress/mk28/CooperationPolarization2/Project.toml`
      From worker 13:	 Activating environment at `/tigress/mk28/CooperationPolarization2/Project.toml`
      From worker 11:	 Activating environment at `/tigress/mk28/CooperationPolarization2/Project.toml`
      From worker 5:	 Activating environment at `/tigress/mk28/CooperationPolarization2/Project.toml`
      From worker 6:	 Activating environment at `/tigress/mk28/CooperationPolarization2/Project.toml`
      From worker 7:	 Activating environment at `/tigress/mk28/CooperationPolarization2/Project.toml`
      From worker 4:	 Activating environment at `/tigress/mk28/CooperationPolarization2/Project.toml`
      From worker 2:	 Activating environment at `/tigress/mk28/CooperationPolarization2/Project.toml`
      From worker 9:	 Activating environment at `/tigress/mk28/CooperationPolarization2/Project.toml`
      From worker 12:	 Activating environment at `/tigress/mk28/CooperationPolarization2/Project.toml`
      From worker 10:	 Activating environment at `/tigress/mk28/CooperationPolarization2/Project.toml`
      From worker 16:	 Activating environment at `/tigress/mk28/CooperationPolarization2/Project.toml`
      From worker 14:	 Activating environment at `/tigress/mk28/CooperationPolarization2/Project.toml`
      From worker 15:	 Activating environment at `/tigress/mk28/CooperationPolarization2/Project.toml`
      From worker 8:	 Activating environment at `/tigress/mk28/CooperationPolarization2/Project.toml`
      From worker 6:	packages loaded
      From worker 10:	packages loaded
      From worker 12:	packages loaded
      From worker 15:	packages loaded
      From worker 9:	packages loaded
      From worker 2:	packages loaded
      From worker 14:	packages loaded
      From worker 8:	packages loaded
      From worker 13:	packages loaded
      From worker 3:	packages loaded
      From worker 16:	packages loaded
      From worker 11:	packages loaded
      From worker 7:	packages loaded
      From worker 4:	packages loaded
      From worker 5:	packages loaded
parameters defined
      From worker 14:	
      From worker 14:	starting b_1.0_c_0.2_N_40_M_2_K_1_P_2_beta_0.001_u_0.001_v_0.2795084971874737_p_0.5_ϵ_1.0_gens_20000000_210216-202547.067
      From worker 7:	
      From worker 7:	starting b_1.0_c_0.2_N_40_M_2_K_1_P_2_beta_0.001_u_0.001_v_0.011180339887498947_p_0.0_ϵ_1.0_gens_20000000_210216-202547.067
      From worker 11:	
      From worker 11:	starting b_1.0_c_0.2_N_40_M_2_K_1_P_2_beta_0.001_u_0.001_v_0.055901699437494755_p_1.0_ϵ_1.0_gens_20000000_210216-202547.067
      From worker 8:	
      From worker 8:	starting b_1.0_c_0.2_N_40_M_2_K_1_P_2_beta_0.001_u_0.001_v_0.011180339887498947_p_0.25_ϵ_1.0_gens_20000000_210216-202547.067
      From worker 12:	
      From worker 12:	starting b_1.0_c_0.2_N_40_M_2_K_1_P_2_beta_0.001_u_0.001_v_0.125_p_0.0_ϵ_1.0_gens_20000000_210216-202547.067
      From worker 10:	
      From worker 10:	starting b_1.0_c_0.2_N_40_M_2_K_1_P_2_beta_0.001_u_0.001_v_0.025_p_0.75_ϵ_1.0_gens_20000000_210216-202547.067
      From worker 16:	
      From worker 16:	starting b_1.0_c_0.2_N_40_M_2_K_1_P_2_beta_0.001_u_0.001_v_0.625_p_1.0_ϵ_1.0_gens_20000000_210216-202547.067
      From worker 2:	
      From worker 2:	starting b_1.0_c_0.2_N_40_M_2_K_1_P_2_beta_0.001_u_0.001_v_0.001_p_0.0_ϵ_1.0_gens_20000000_210216-202547.067
      From worker 6:	
      From worker 6:	starting b_1.0_c_0.2_N_40_M_2_K_1_P_2_beta_0.001_u_0.001_v_0.005_p_1.0_ϵ_1.0_gens_20000000_210216-202547.067
      From worker 9:	
      From worker 9:	starting b_1.0_c_0.2_N_40_M_2_K_1_P_2_beta_0.001_u_0.001_v_0.025_p_0.5_ϵ_1.0_gens_20000000_210216-202547.067
      From worker 13:	
      From worker 13:	starting b_1.0_c_0.2_N_40_M_2_K_1_P_2_beta_0.001_u_0.001_v_0.125_p_0.25_ϵ_1.0_gens_20000000_210216-202547.067
      From worker 4:	
      From worker 4:	starting b_1.0_c_0.2_N_40_M_2_K_1_P_2_beta_0.001_u_0.001_v_0.0022360679774997894_p_0.5_ϵ_1.0_gens_20000000_210216-202547.067
      From worker 15:	
      From worker 15:	starting b_1.0_c_0.2_N_40_M_2_K_1_P_2_beta_0.001_u_0.001_v_0.2795084971874737_p_0.75_ϵ_1.0_gens_20000000_210216-202547.067
      From worker 3:	
      From worker 3:	starting b_1.0_c_0.2_N_40_M_2_K_1_P_2_beta_0.001_u_0.001_v_0.001_p_0.25_ϵ_1.0_gens_20000000_210216-202547.067
      From worker 5:	
      From worker 5:	starting b_1.0_c_0.2_N_40_M_2_K_1_P_2_beta_0.001_u_0.001_v_0.0022360679774997894_p_0.75_ϵ_1.0_gens_20000000_210216-202547.067
      From worker 6:	replicate complete, ran 20000000 generations:
      From worker 6:	
      From worker 6:		num_imitating:			9998379
      From worker 6:		num_not_imitating:		10001621
      From worker 6:		num_strategies_changed:  	143223
      From worker 6:			num_random_strategies: 	9929
      From worker 6:		num_sets_changed: 		446792
      From worker 6:			num_random_opinions: 	0
      From worker 6:			num_biased_opinions: 	50232
      From worker 6:		num_both_changed: 		11447
      From worker 6:	
      From worker 5:	replicate complete, ran 20000000 generations:
      From worker 5:	
      From worker 5:		num_imitating:			12497782
      From worker 5:		num_not_imitating:		7502218
      From worker 5:		num_strategies_changed:  	364661
      From worker 5:			num_random_strategies: 	12468
      From worker 5:		num_sets_changed: 		721282
      From worker 5:			num_random_opinions: 	6981
      From worker 5:			num_biased_opinions: 	20803
      From worker 5:		num_both_changed: 		38397
      From worker 5:	
      From worker 6:	data processed and exported
      From worker 6:	
      From worker 6:	starting b_1.0_c_0.2_N_40_M_2_K_1_P_2_beta_0.001_u_0.001_v_0.005_p_0.0_ϵ_1.0_gens_20000000_210216-202547.067
      From worker 5:	data processed and exported
      From worker 5:	
      From worker 5:	starting b_1.0_c_0.2_N_40_M_2_K_1_P_2_beta_0.001_u_0.001_v_0.0022360679774997894_p_1.0_ϵ_1.0_gens_20000000_210216-202547.067
      From worker 3:	replicate complete, ran 20000000 generations:
      From worker 3:	
      From worker 3:		num_imitating:			17501677
      From worker 3:		num_not_imitating:		2498323
      From worker 3:		num_strategies_changed:  	503953
      From worker 3:			num_random_strategies: 	17486
      From worker 3:		num_sets_changed: 		468002
      From worker 3:			num_random_opinions: 	13096
      From worker 3:			num_biased_opinions: 	4319
      From worker 3:		num_both_changed: 		20827
      From worker 3:	
      From worker 2:	replicate complete, ran 20000000 generations:
      From worker 2:	
      From worker 2:		num_imitating:			20000000
      From worker 2:		num_not_imitating:		0
      From worker 2:		num_strategies_changed:  	606575
      From worker 2:			num_random_strategies: 	20109
      From worker 2:		num_sets_changed: 		570264
      From worker 2:			num_random_opinions: 	20007
      From worker 2:			num_biased_opinions: 	0
      From worker 2:		num_both_changed: 		34739
      From worker 2:	
      From worker 3:	data processed and exported
      From worker 3:	
      From worker 3:	starting b_1.0_c_0.2_N_40_M_2_K_1_P_2_beta_0.001_u_0.001_v_0.001_p_0.5_ϵ_1.0_gens_20000000_210216-202547.067
      From worker 2:	data processed and exported
      From worker 2:	
      From worker 2:	starting b_1.0_c_0.2_N_40_M_2_K_1_P_2_beta_0.001_u_0.001_v_0.001_p_0.25_ϵ_1.0_gens_20000000_210216-202547.067
      From worker 4:	replicate complete, ran 20000000 generations:
      From worker 4:	
      From worker 4:		num_imitating:			15002619
      From worker 4:		num_not_imitating:		4997381
      From worker 4:		num_strategies_changed:  	415112
      From worker 4:			num_random_strategies: 	14976
      From worker 4:		num_sets_changed: 		874591
      From worker 4:			num_random_opinions: 	16792
      From worker 4:			num_biased_opinions: 	16641
      From worker 4:		num_both_changed: 		46540
      From worker 4:	
      From worker 4:	data processed and exported
      From worker 4:	
      From worker 4:	starting b_1.0_c_0.2_N_40_M_2_K_1_P_2_beta_0.001_u_0.001_v_0.0022360679774997894_p_0.75_ϵ_1.0_gens_20000000_210216-202547.067
      From worker 11:	replicate complete, ran 20000000 generations:
      From worker 11:	
      From worker 11:		num_imitating:			9998698
      From worker 11:		num_not_imitating:		10001302
      From worker 11:		num_strategies_changed:  	146706
      From worker 11:			num_random_strategies: 	10148
      From worker 11:		num_sets_changed: 		2694415
      From worker 11:			num_random_opinions: 	0
      From worker 11:			num_biased_opinions: 	559478
      From worker 11:		num_both_changed: 		56181
      From worker 11:	
      From worker 11:	data processed and exported
      From worker 11:	
      From worker 11:	starting b_1.0_c_0.2_N_40_M_2_K_1_P_2_beta_0.001_u_0.001_v_0.055901699437494755_p_0.0_ϵ_1.0_gens_20000000_210216-202547.067
      From worker 8:	replicate complete, ran 20000000 generations:
      From worker 8:	
      From worker 8:		num_imitating:			17500190
      From worker 8:		num_not_imitating:		2499810
      From worker 8:		num_strategies_changed:  	499978
      From worker 8:			num_random_strategies: 	17398
      From worker 8:		num_sets_changed: 		3894132
      From worker 8:			num_random_opinions: 	146459
      From worker 8:			num_biased_opinions: 	48978
      From worker 8:		num_both_changed: 		183005
      From worker 8:	
      From worker 8:	data processed and exported
      From worker 8:	
      From worker 8:	starting b_1.0_c_0.2_N_40_M_2_K_1_P_2_beta_0.001_u_0.001_v_0.011180339887498947_p_0.5_ϵ_1.0_gens_20000000_210216-202547.067
      From worker 16:	replicate complete, ran 20000000 generations:
      From worker 16:	
      From worker 16:		num_imitating:			9999742
      From worker 16:		num_not_imitating:		10000258
      From worker 16:		num_strategies_changed:  	146826
      From worker 16:			num_random_strategies: 	10044
      From worker 16:		num_sets_changed: 		4852863
      From worker 16:			num_random_opinions: 	0
      From worker 16:			num_biased_opinions: 	6250096
      From worker 16:		num_both_changed: 		72985
      From worker 16:	
      From worker 16:	data processed and exported
      From worker 16:	
      From worker 16:	starting b_1.0_c_0.2_N_40_M_2_K_1_P_2_beta_0.001_u_0.001_v_0.625_p_0.0_ϵ_1.0_gens_20000000_210216-202547.067
      From worker 10:	replicate complete, ran 20000000 generations:
      From worker 10:	
      From worker 10:		num_imitating:			12502950
      From worker 10:		num_not_imitating:		7497050
      From worker 10:		num_strategies_changed:  	371060
      From worker 10:			num_random_strategies: 	12721
      From worker 10:		num_sets_changed: 		4586548
      From worker 10:			num_random_opinions: 	78279
      From worker 10:			num_biased_opinions: 	235125
      From worker 10:		num_both_changed: 		202642
      From worker 10:	
      From worker 10:	data processed and exported
      From worker 10:	
      From worker 10:	starting b_1.0_c_0.2_N_40_M_2_K_1_P_2_beta_0.001_u_0.001_v_0.025_p_1.0_ϵ_1.0_gens_20000000_210216-202547.067
      From worker 7:	replicate complete, ran 20000000 generations:
      From worker 7:	
      From worker 7:		num_imitating:			20000000
      From worker 7:		num_not_imitating:		0
      From worker 7:		num_strategies_changed:  	574630
      From worker 7:			num_random_strategies: 	19892
      From worker 7:		num_sets_changed: 		4557531
      From worker 7:			num_random_opinions: 	223769
      From worker 7:			num_biased_opinions: 	0
      From worker 7:		num_both_changed: 		208592
      From worker 7:	
      From worker 7:	data processed and exported
      From worker 7:	
      From worker 7:	starting b_1.0_c_0.2_N_40_M_2_K_1_P_2_beta_0.001_u_0.001_v_0.011180339887498947_p_0.25_ϵ_1.0_gens_20000000_210216-202547.067
      From worker 9:	replicate complete, ran 20000000 generations:
      From worker 9:	
      From worker 9:		num_imitating:			15000446
      From worker 9:		num_not_imitating:		4999554
      From worker 9:		num_strategies_changed:  	449620
      From worker 9:			num_random_strategies: 	14876
      From worker 9:		num_sets_changed: 		5560550
      From worker 9:			num_random_opinions: 	188320
      From worker 9:			num_biased_opinions: 	186766
      From worker 9:		num_both_changed: 		251076
      From worker 9:	
      From worker 9:	data processed and exported
      From worker 9:	
      From worker 9:	starting b_1.0_c_0.2_N_40_M_2_K_1_P_2_beta_0.001_u_0.001_v_0.025_p_0.75_ϵ_1.0_gens_20000000_210216-202547.067
      From worker 15:	replicate complete, ran 20000000 generations:
      From worker 15:	
      From worker 15:		num_imitating:			12501502
      From worker 15:		num_not_imitating:		7498498
      From worker 15:		num_strategies_changed:  	355641
      From worker 15:			num_random_strategies: 	12622
      From worker 15:		num_sets_changed: 		8261415
      From worker 15:			num_random_opinions: 	873245
      From worker 15:			num_biased_opinions: 	2621195
      From worker 15:		num_both_changed: 		254404
      From worker 15:	
      From worker 15:	data processed and exported
      From worker 15:	
      From worker 15:	starting b_1.0_c_0.2_N_40_M_2_K_1_P_2_beta_0.001_u_0.001_v_0.2795084971874737_p_1.0_ϵ_1.0_gens_20000000_210216-202547.067
      From worker 14:	replicate complete, ran 20000000 generations:
      From worker 14:	
      From worker 14:		num_imitating:			14996701
      From worker 14:		num_not_imitating:		5003299
      From worker 14:		num_strategies_changed:  	435565
      From worker 14:			num_random_strategies: 	14804
      From worker 14:		num_sets_changed: 		10366839
      From worker 14:			num_random_opinions: 	2097532
      From worker 14:			num_biased_opinions: 	2095365
      From worker 14:		num_both_changed: 		321670
      From worker 14:	
      From worker 14:	data processed and exported
      From worker 14:	
      From worker 14:	starting b_1.0_c_0.2_N_40_M_2_K_1_P_2_beta_0.001_u_0.001_v_0.2795084971874737_p_0.75_ϵ_1.0_gens_20000000_210216-202547.067
      From worker 13:	replicate complete, ran 20000000 generations:
      From worker 13:	
      From worker 13:		num_imitating:			17501541
      From worker 13:		num_not_imitating:		2498459
      From worker 13:		num_strategies_changed:  	491542
      From worker 13:			num_random_strategies: 	17198
      From worker 13:		num_sets_changed: 		11101641
      From worker 13:			num_random_opinions: 	1641354
      From worker 13:			num_biased_opinions: 	547622
      From worker 13:		num_both_changed: 		357797
      From worker 13:	
      From worker 13:	data processed and exported
      From worker 13:	
      From worker 13:	starting b_1.0_c_0.2_N_40_M_2_K_1_P_2_beta_0.001_u_0.001_v_0.125_p_0.5_ϵ_1.0_gens_20000000_210216-202547.067
      From worker 12:	replicate complete, ran 20000000 generations:
      From worker 12:	
      From worker 12:		num_imitating:			20000000
      From worker 12:		num_not_imitating:		0
      From worker 12:		num_strategies_changed:  	584972
      From worker 12:			num_random_strategies: 	19748
      From worker 12:		num_sets_changed: 		12740293
      From worker 12:			num_random_opinions: 	2501375
      From worker 12:			num_biased_opinions: 	0
      From worker 12:		num_both_changed: 		426893
      From worker 12:	
      From worker 12:	data processed and exported
      From worker 12:	
      From worker 12:	starting b_1.0_c_0.2_N_40_M_2_K_1_P_2_beta_0.001_u_0.001_v_0.125_p_0.25_ϵ_1.0_gens_20000000_210216-202547.067
      From worker 5:	replicate complete, ran 20000000 generations:
      From worker 5:	
      From worker 5:		num_imitating:			10000132
      From worker 5:		num_not_imitating:		9999868
      From worker 5:		num_strategies_changed:  	150870
      From worker 5:			num_random_strategies: 	10330
      From worker 5:		num_sets_changed: 		202318
      From worker 5:			num_random_opinions: 	0
      From worker 5:			num_biased_opinions: 	22267
      From worker 5:		num_both_changed: 		5140
      From worker 5:	
      From worker 5:	data processed and exported
      From worker 5:	
      From worker 5:	starting b_1.0_c_0.2_N_40_M_2_K_1_P_2_beta_0.001_u_0.001_v_0.005_p_0.0_ϵ_1.0_gens_20000000_210216-202547.067
      From worker 3:	replicate complete, ran 20000000 generations:
      From worker 3:	
      From worker 3:		num_imitating:			15000164
      From worker 3:		num_not_imitating:		4999836
      From worker 3:		num_strategies_changed:  	426611
      From worker 3:			num_random_strategies: 	14959
      From worker 3:		num_sets_changed: 		433375
      From worker 3:			num_random_opinions: 	7402
      From worker 3:			num_biased_opinions: 	7522
      From worker 3:		num_both_changed: 		28659
      From worker 3:	
      From worker 3:	data processed and exported
      From worker 3:	
      From worker 3:	starting b_1.0_c_0.2_N_40_M_2_K_1_P_2_beta_0.001_u_0.001_v_0.001_p_0.75_ϵ_1.0_gens_20000000_210216-202547.067
      From worker 2:	replicate complete, ran 20000000 generations:
      From worker 2:	
      From worker 2:		num_imitating:			17500027
      From worker 2:		num_not_imitating:		2499973
      From worker 2:		num_strategies_changed:  	509630
      From worker 2:			num_random_strategies: 	17428
      From worker 2:		num_sets_changed: 		484443
      From worker 2:			num_random_opinions: 	12923
      From worker 2:			num_biased_opinions: 	4344
      From worker 2:		num_both_changed: 		31396
      From worker 2:	
      From worker 2:	data processed and exported
      From worker 2:	
      From worker 2:	starting b_1.0_c_0.2_N_40_M_2_K_1_P_2_beta_0.001_u_0.001_v_0.001_p_0.5_ϵ_1.0_gens_20000000_210216-202547.067
      From worker 4:	replicate complete, ran 20000000 generations:
      From worker 4:	
      From worker 4:		num_imitating:			12499599
      From worker 4:		num_not_imitating:		7500401
      From worker 4:		num_strategies_changed:  	362169
      From worker 4:			num_random_strategies: 	12381
      From worker 4:		num_sets_changed: 		729301
      From worker 4:			num_random_opinions: 	6990
      From worker 4:			num_biased_opinions: 	21168
      From worker 4:		num_both_changed: 		44056
      From worker 4:	
      From worker 4:	data processed and exported
      From worker 4:	
      From worker 4:	starting b_1.0_c_0.2_N_40_M_2_K_1_P_2_beta_0.001_u_0.001_v_0.0022360679774997894_p_1.0_ϵ_1.0_gens_20000000_210216-202547.067
      From worker 6:	replicate complete, ran 20000000 generations:
      From worker 6:	
      From worker 6:		num_imitating:			20000000
      From worker 6:		num_not_imitating:		0
      From worker 6:		num_strategies_changed:  	557503
      From worker 6:			num_random_strategies: 	19913
      From worker 6:		num_sets_changed: 		2437257
      From worker 6:			num_random_opinions: 	100357
      From worker 6:			num_biased_opinions: 	0
      From worker 6:		num_both_changed: 		122839
      From worker 6:	
      From worker 6:	data processed and exported
      From worker 6:	
      From worker 6:	starting b_1.0_c_0.2_N_40_M_2_K_1_P_2_beta_0.001_u_0.001_v_0.005_p_0.25_ϵ_1.0_gens_20000000_210216-202547.067
      From worker 10:	replicate complete, ran 20000000 generations:
      From worker 10:	
      From worker 10:		num_imitating:			9998279
      From worker 10:		num_not_imitating:		10001721
      From worker 10:		num_strategies_changed:  	155574
      From worker 10:			num_random_strategies: 	10208
      From worker 10:		num_sets_changed: 		1673968
      From worker 10:			num_random_opinions: 	0
      From worker 10:			num_biased_opinions: 	249963
      From worker 10:		num_both_changed: 		41145
      From worker 10:	
      From worker 10:	data processed and exported
      From worker 10:	
      From worker 10:	starting b_1.0_c_0.2_N_40_M_2_K_1_P_2_beta_0.001_u_0.001_v_0.055901699437494755_p_0.0_ϵ_1.0_gens_20000000_210216-202547.067
      From worker 8:	replicate complete, ran 20000000 generations:
      From worker 8:	
      From worker 8:		num_imitating:			15001595
      From worker 8:		num_not_imitating:		4998405
      From worker 8:		num_strategies_changed:  	429334
      From worker 8:			num_random_strategies: 	15088
      From worker 8:		num_sets_changed: 		3425784
      From worker 8:			num_random_opinions: 	83832
      From worker 8:			num_biased_opinions: 	84225
      From worker 8:		num_both_changed: 		162518
      From worker 8:	
      From worker 8:	data processed and exported
      From worker 8:	
      From worker 8:	starting b_1.0_c_0.2_N_40_M_2_K_1_P_2_beta_0.001_u_0.001_v_0.011180339887498947_p_0.75_ϵ_1.0_gens_20000000_210216-202547.067
      From worker 7:	replicate complete, ran 20000000 generations:
      From worker 7:	
      From worker 7:		num_imitating:			17499037
      From worker 7:		num_not_imitating:		2500963
      From worker 7:		num_strategies_changed:  	489719
      From worker 7:			num_random_strategies: 	17579
      From worker 7:		num_sets_changed: 		3954232
      From worker 7:			num_random_opinions: 	147196
      From worker 7:			num_biased_opinions: 	48824
      From worker 7:		num_both_changed: 		179077
      From worker 7:	
      From worker 7:	data processed and exported
      From worker 7:	
      From worker 7:	starting b_1.0_c_0.2_N_40_M_2_K_1_P_2_beta_0.001_u_0.001_v_0.011180339887498947_p_0.5_ϵ_1.0_gens_20000000_210216-202547.067
      From worker 9:	replicate complete, ran 20000000 generations:
      From worker 9:	
      From worker 9:		num_imitating:			12496176
      From worker 9:		num_not_imitating:		7503824
      From worker 9:		num_strategies_changed:  	357338
      From worker 9:			num_random_strategies: 	12490
      From worker 9:		num_sets_changed: 		4578285
      From worker 9:			num_random_opinions: 	78425
      From worker 9:			num_biased_opinions: 	233375
      From worker 9:		num_both_changed: 		201014
      From worker 9:	
      From worker 9:	data processed and exported
      From worker 9:	
      From worker 9:	starting b_1.0_c_0.2_N_40_M_2_K_1_P_2_beta_0.001_u_0.001_v_0.025_p_1.0_ϵ_1.0_gens_20000000_210216-202547.067
      From worker 15:	replicate complete, ran 20000000 generations:
      From worker 15:	
      From worker 15:		num_imitating:			10001574
      From worker 15:		num_not_imitating:		9998426
      From worker 15:		num_strategies_changed:  	140021
      From worker 15:			num_random_strategies: 	9929
      From worker 15:		num_sets_changed: 		4422565
      From worker 15:			num_random_opinions: 	0
      From worker 15:			num_biased_opinions: 	2793668
      From worker 15:		num_both_changed: 		68800
      From worker 15:	
      From worker 15:	data processed and exported
      From worker 15:	
      From worker 15:	starting b_1.0_c_0.2_N_40_M_2_K_1_P_2_beta_0.001_u_0.001_v_0.625_p_0.0_ϵ_1.0_gens_20000000_210216-202547.067
      From worker 11:	replicate complete, ran 20000000 generations:
      From worker 11:	
      From worker 11:		num_imitating:			20000000
      From worker 11:		num_not_imitating:		0
      From worker 11:		num_strategies_changed:  	574253
      From worker 11:			num_random_strategies: 	19831
      From worker 11:		num_sets_changed: 		10437725
      From worker 11:			num_random_opinions: 	1118182
      From worker 11:			num_biased_opinions: 	0
      From worker 11:		num_both_changed: 		383597
      From worker 11:	
      From worker 11:	data processed and exported
      From worker 11:	
      From worker 11:	starting b_1.0_c_0.2_N_40_M_2_K_1_P_2_beta_0.001_u_0.001_v_0.055901699437494755_p_0.25_ϵ_1.0_gens_20000000_210216-202547.067
      From worker 3:	replicate complete, ran 20000000 generations:
      From worker 3:	
      From worker 3:		num_imitating:			12497780
      From worker 3:		num_not_imitating:		7502220
      From worker 3:		num_strategies_changed:  	372519
      From worker 3:			num_random_strategies: 	12595
      From worker 3:		num_sets_changed: 		342675
      From worker 3:			num_random_opinions: 	3122
      From worker 3:			num_biased_opinions: 	9463
      From worker 3:		num_both_changed: 		19906
      From worker 3:	
      From worker 3:	data processed and exported
      From worker 3:	
      From worker 3:	starting b_1.0_c_0.2_N_40_M_2_K_1_P_2_beta_0.001_u_0.001_v_0.001_p_1.0_ϵ_1.0_gens_20000000_210216-202547.067
      From worker 4:	replicate complete, ran 20000000 generations:
      From worker 4:	
      From worker 4:		num_imitating:			9998814
      From worker 4:		num_not_imitating:		10001186
      From worker 4:		num_strategies_changed:  	146272
      From worker 4:			num_random_strategies: 	10037
      From worker 4:		num_sets_changed: 		206499
      From worker 4:			num_random_opinions: 	0
      From worker 4:			num_biased_opinions: 	22162
      From worker 4:		num_both_changed: 		5965
      From worker 4:	
      From worker 4:	data processed and exported
      From worker 4:	
      From worker 4:	starting b_1.0_c_0.2_N_40_M_2_K_1_P_2_beta_0.001_u_0.001_v_0.0022360679774997894_p_0.0_ϵ_1.0_gens_20000000_210216-202547.067
      From worker 2:	replicate complete, ran 20000000 generations:
      From worker 2:	
      From worker 2:		num_imitating:			14999938
      From worker 2:		num_not_imitating:		5000062
      From worker 2:		num_strategies_changed:  	416686
      From worker 2:			num_random_strategies: 	14923
      From worker 2:		num_sets_changed: 		410453
      From worker 2:			num_random_opinions: 	7467
      From worker 2:			num_biased_opinions: 	7734
      From worker 2:		num_both_changed: 		23362
      From worker 2:	
      From worker 2:	data processed and exported
      From worker 2:	
      From worker 2:	starting b_1.0_c_0.2_N_40_M_2_K_1_P_2_beta_0.001_u_0.001_v_0.001_p_0.75_ϵ_1.0_gens_20000000_210216-202547.067
      From worker 5:	replicate complete, ran 20000000 generations:
      From worker 5:	
      From worker 5:		num_imitating:			20000000
      From worker 5:		num_not_imitating:		0
      From worker 5:		num_strategies_changed:  	556276
      From worker 5:			num_random_strategies: 	19931
      From worker 5:		num_sets_changed: 		2399301
      From worker 5:			num_random_opinions: 	100021
      From worker 5:			num_biased_opinions: 	0
      From worker 5:		num_both_changed: 		120240
      From worker 5:	
      From worker 5:	data processed and exported
      From worker 5:	
      From worker 5:	starting b_1.0_c_0.2_N_40_M_2_K_1_P_2_beta_0.001_u_0.001_v_0.005_p_0.25_ϵ_1.0_gens_20000000_210216-202547.067
      From worker 14:	replicate complete, ran 20000000 generations:
      From worker 14:	
      From worker 14:		num_imitating:			12496522
      From worker 14:		num_not_imitating:		7503478
      From worker 14:		num_strategies_changed:  	371387
      From worker 14:			num_random_strategies: 	12531
      From worker 14:		num_sets_changed: 		8252092
      From worker 14:			num_random_opinions: 	872998
      From worker 14:			num_biased_opinions: 	2619451
      From worker 14:		num_both_changed: 		265770
      From worker 14:	
      From worker 14:	data processed and exported
      From worker 14:	
      From worker 14:	starting b_1.0_c_0.2_N_40_M_2_K_1_P_2_beta_0.001_u_0.001_v_0.2795084971874737_p_1.0_ϵ_1.0_gens_20000000_210216-202547.067
      From worker 16:	replicate complete, ran 20000000 generations:
      From worker 16:	
      From worker 16:		num_imitating:			20000000
      From worker 16:		num_not_imitating:		0
      From worker 16:		num_strategies_changed:  	573428
      From worker 16:			num_random_strategies: 	19816
      From worker 16:		num_sets_changed: 		14778974
      From worker 16:			num_random_opinions: 	12499387
      From worker 16:			num_biased_opinions: 	0
      From worker 16:		num_both_changed: 		430075
      From worker 16:	
      From worker 16:	data processed and exported
      From worker 16:	
      From worker 16:	starting b_1.0_c_0.2_N_40_M_2_K_1_P_2_beta_0.001_u_0.001_v_0.625_p_0.25_ϵ_1.0_gens_20000000_210216-202547.067
      From worker 6:	replicate complete, ran 20000000 generations:
      From worker 6:	
      From worker 6:		num_imitating:			17499771
      From worker 6:		num_not_imitating:		2500229
      From worker 6:		num_strategies_changed:  	482303
      From worker 6:			num_random_strategies: 	17217
      From worker 6:		num_sets_changed: 		2073779
      From worker 6:			num_random_opinions: 	65365
      From worker 6:			num_biased_opinions: 	21884
      From worker 6:		num_both_changed: 		104112
      From worker 6:	
      From worker 6:	data processed and exported
      From worker 6:	
      From worker 6:	starting b_1.0_c_0.2_N_40_M_2_K_1_P_2_beta_0.001_u_0.001_v_0.005_p_0.5_ϵ_1.0_gens_20000000_210216-202547.067
      From worker 13:	replicate complete, ran 20000000 generations:
      From worker 13:	
      From worker 13:		num_imitating:			15000513
      From worker 13:		num_not_imitating:		4999487
      From worker 13:		num_strategies_changed:  	429430
      From worker 13:			num_random_strategies: 	15151
      From worker 13:		num_sets_changed: 		9442036
      From worker 13:			num_random_opinions: 	939033
      From worker 13:			num_biased_opinions: 	937012
      From worker 13:		num_both_changed: 		312792
      From worker 13:	
      From worker 13:	data processed and exported
      From worker 13:	
      From worker 13:	starting b_1.0_c_0.2_N_40_M_2_K_1_P_2_beta_0.001_u_0.001_v_0.125_p_0.75_ϵ_1.0_gens_20000000_210216-202547.067
      From worker 12:	replicate complete, ran 20000000 generations:
      From worker 12:	
      From worker 12:		num_imitating:			17498440
      From worker 12:		num_not_imitating:		2501560
      From worker 12:		num_strategies_changed:  	516688
      From worker 12:			num_random_strategies: 	17546
      From worker 12:		num_sets_changed: 		11103225
      From worker 12:			num_random_opinions: 	1639913
      From worker 12:			num_biased_opinions: 	547644
      From worker 12:		num_both_changed: 		377375
      From worker 12:	
      From worker 12:	data processed and exported
      From worker 12:	
      From worker 12:	starting b_1.0_c_0.2_N_40_M_2_K_1_P_2_beta_0.001_u_0.001_v_0.125_p_0.5_ϵ_1.0_gens_20000000_210216-202547.067
      From worker 8:	replicate complete, ran 20000000 generations:
      From worker 8:	
      From worker 8:		num_imitating:			12499018
      From worker 8:		num_not_imitating:		7500982
      From worker 8:		num_strategies_changed:  	350038
      From worker 8:			num_random_strategies: 	12344
      From worker 8:		num_sets_changed: 		2791566
      From worker 8:			num_random_opinions: 	34807
      From worker 8:			num_biased_opinions: 	104451
      From worker 8:		num_both_changed: 		126926
      From worker 8:	
      From worker 8:	data processed and exported
      From worker 8:	
      From worker 8:	starting b_1.0_c_0.2_N_40_M_2_K_1_P_2_beta_0.001_u_0.001_v_0.011180339887498947_p_1.0_ϵ_1.0_gens_20000000_210216-202547.067
      From worker 9:	replicate complete, ran 20000000 generations:
      From worker 9:	
      From worker 9:		num_imitating:			10002630
      From worker 9:		num_not_imitating:		9997370
      From worker 9:		num_strategies_changed:  	148935
      From worker 9:			num_random_strategies: 	9863
      From worker 9:		num_sets_changed: 		1682057
      From worker 9:			num_random_opinions: 	0
      From worker 9:			num_biased_opinions: 	250471
      From worker 9:		num_both_changed: 		42027
      From worker 9:	
      From worker 7:	replicate complete, ran 20000000 generations:
      From worker 7:	
      From worker 7:		num_imitating:			15000533
      From worker 7:		num_not_imitating:		4999467
      From worker 7:		num_strategies_changed:  	392032
      From worker 7:			num_random_strategies: 	14823
      From worker 7:		num_sets_changed: 		3367183
      From worker 7:			num_random_opinions: 	84368
      From worker 7:			num_biased_opinions: 	84591
      From worker 7:		num_both_changed: 		143423
      From worker 7:	
      From worker 9:	data processed and exported
      From worker 7:	data processed and exported
      From worker 7:	
      From worker 7:	starting b_1.0_c_0.2_N_40_M_2_K_1_P_2_beta_0.001_u_0.001_v_0.011180339887498947_p_0.75_ϵ_1.0_gens_20000000_210216-202547.067
      From worker 9:	
      From worker 9:	starting b_1.0_c_0.2_N_40_M_2_K_1_P_2_beta_0.001_u_0.001_v_0.025_p_0.0_ϵ_1.0_gens_20000000_210216-202547.067
      From worker 3:	replicate complete, ran 20000000 generations:
      From worker 3:	
      From worker 3:		num_imitating:			9995854
      From worker 3:		num_not_imitating:		10004146
      From worker 3:		num_strategies_changed:  	152365
      From worker 3:			num_random_strategies: 	9856
      From worker 3:		num_sets_changed: 		98323
      From worker 3:			num_random_opinions: 	0
      From worker 3:			num_biased_opinions: 	10043
      From worker 3:		num_both_changed: 		3133
      From worker 3:	
      From worker 3:	data processed and exported
      From worker 3:	
      From worker 3:	starting b_1.0_c_0.2_N_40_M_2_K_1_P_2_beta_0.001_u_0.001_v_0.0022360679774997894_p_0.0_ϵ_1.0_gens_20000000_210216-202547.067
      From worker 2:	replicate complete, ran 20000000 generations:
      From worker 2:	
      From worker 2:		num_imitating:			12498418
      From worker 2:		num_not_imitating:		7501582
      From worker 2:		num_strategies_changed:  	347277
      From worker 2:			num_random_strategies: 	12236
      From worker 2:		num_sets_changed: 		361631
      From worker 2:			num_random_opinions: 	3222
      From worker 2:			num_biased_opinions: 	9307
      From worker 2:		num_both_changed: 		24400
      From worker 2:	
      From worker 2:	data processed and exported
      From worker 2:	
      From worker 2:	starting b_1.0_c_0.2_N_40_M_2_K_1_P_2_beta_0.001_u_0.001_v_0.001_p_1.0_ϵ_1.0_gens_20000000_210216-202547.067
      From worker 4:	replicate complete, ran 20000000 generations:
      From worker 4:	
      From worker 4:		num_imitating:			20000000
      From worker 4:		num_not_imitating:		0
      From worker 4:		num_strategies_changed:  	588477
      From worker 4:			num_random_strategies: 	19992
      From worker 4:		num_sets_changed: 		1195195
      From worker 4:			num_random_opinions: 	44778
      From worker 4:			num_biased_opinions: 	0
      From worker 4:		num_both_changed: 		74564
      From worker 4:	
      From worker 4:	data processed and exported
      From worker 4:	
      From worker 4:	starting b_1.0_c_0.2_N_40_M_2_K_1_P_2_beta_0.001_u_0.001_v_0.0022360679774997894_p_0.25_ϵ_1.0_gens_20000000_210216-202547.067
      From worker 10:	replicate complete, ran 20000000 generations:
      From worker 10:	
      From worker 10:		num_imitating:			20000000
      From worker 10:		num_not_imitating:		0
      From worker 10:		num_strategies_changed:  	583034
      From worker 10:			num_random_strategies: 	19628
      From worker 10:		num_sets_changed: 		10439898
      From worker 10:			num_random_opinions: 	1118304
      From worker 10:			num_biased_opinions: 	0
      From worker 10:		num_both_changed: 		389455
      From worker 10:	
      From worker 10:	data processed and exported
      From worker 10:	
      From worker 10:	starting b_1.0_c_0.2_N_40_M_2_K_1_P_2_beta_0.001_u_0.001_v_0.055901699437494755_p_0.25_ϵ_1.0_gens_20000000_210216-202547.067
      From worker 5:	replicate complete, ran 20000000 generations:
      From worker 5:	
      From worker 5:		num_imitating:			17496394
      From worker 5:		num_not_imitating:		2503606
      From worker 5:		num_strategies_changed:  	492493
      From worker 5:			num_random_strategies: 	17481
      From worker 5:		num_sets_changed: 		2087113
      From worker 5:			num_random_opinions: 	65239
      From worker 5:			num_biased_opinions: 	22060
      From worker 5:		num_both_changed: 		107850
      From worker 5:	
      From worker 5:	data processed and exported
      From worker 5:	
      From worker 5:	starting b_1.0_c_0.2_N_40_M_2_K_1_P_2_beta_0.001_u_0.001_v_0.005_p_0.5_ϵ_1.0_gens_20000000_210216-202547.067
      From worker 6:	replicate complete, ran 20000000 generations:
      From worker 6:	
      From worker 6:		num_imitating:			15000998
      From worker 6:		num_not_imitating:		4999002
      From worker 6:		num_strategies_changed:  	454783
      From worker 6:			num_random_strategies: 	14995
      From worker 6:		num_sets_changed: 		1837816
      From worker 6:			num_random_opinions: 	37677
      From worker 6:			num_biased_opinions: 	37609
      From worker 6:		num_both_changed: 		97329
      From worker 6:	
      From worker 6:	data processed and exported
      From worker 6:	
      From worker 6:	starting b_1.0_c_0.2_N_40_M_2_K_1_P_2_beta_0.001_u_0.001_v_0.005_p_0.75_ϵ_1.0_gens_20000000_210216-202547.067
      From worker 14:	replicate complete, ran 20000000 generations:
      From worker 14:	
      From worker 14:		num_imitating:			10000289
      From worker 14:		num_not_imitating:		9999711
      From worker 14:		num_strategies_changed:  	148463
      From worker 14:			num_random_strategies: 	9967
      From worker 14:		num_sets_changed: 		4425329
      From worker 14:			num_random_opinions: 	0
      From worker 14:			num_biased_opinions: 	2797225
      From worker 14:		num_both_changed: 		72912
      From worker 14:	
      From worker 14:	data processed and exported
      From worker 14:	
      From worker 14:	starting b_1.0_c_0.2_N_40_M_2_K_1_P_2_beta_0.001_u_0.001_v_0.2795084971874737_p_0.0_ϵ_1.0_gens_20000000_210216-202547.067
      From worker 11:	replicate complete, ran 20000000 generations:
      From worker 11:	
      From worker 11:		num_imitating:			17499511
      From worker 11:		num_not_imitating:		2500489
      From worker 11:		num_strategies_changed:  	499639
      From worker 11:			num_random_strategies: 	17530
      From worker 11:		num_sets_changed: 		9104715
      From worker 11:			num_random_opinions: 	733155
      From worker 11:			num_biased_opinions: 	244293
      From worker 11:		num_both_changed: 		333477
      From worker 11:	
      From worker 11:	data processed and exported
      From worker 11:	
      From worker 11:	starting b_1.0_c_0.2_N_40_M_2_K_1_P_2_beta_0.001_u_0.001_v_0.055901699437494755_p_0.5_ϵ_1.0_gens_20000000_210216-202547.067
      From worker 8:	replicate complete, ran 20000000 generations:
      From worker 8:	
      From worker 8:		num_imitating:			10000140
      From worker 8:		num_not_imitating:		9999860
      From worker 8:		num_strategies_changed:  	144399
      From worker 8:			num_random_strategies: 	9991
      From worker 8:		num_sets_changed: 		913110
      From worker 8:			num_random_opinions: 	0
      From worker 8:			num_biased_opinions: 	111870
      From worker 8:		num_both_changed: 		26095
      From worker 8:	
      From worker 8:	data processed and exported
      From worker 8:	
      From worker 8:	starting b_1.0_c_0.2_N_40_M_2_K_1_P_2_beta_0.001_u_0.001_v_0.025_p_0.0_ϵ_1.0_gens_20000000_210216-202547.067
      From worker 15:	replicate complete, ran 20000000 generations:
      From worker 15:	
      From worker 15:		num_imitating:			20000000
      From worker 15:		num_not_imitating:		0
      From worker 15:		num_strategies_changed:  	550135
      From worker 15:			num_random_strategies: 	20137
      From worker 15:		num_sets_changed: 		14775079
      From worker 15:			num_random_opinions: 	12498028
      From worker 15:			num_biased_opinions: 	0
      From worker 15:		num_both_changed: 		411998
      From worker 15:	
      From worker 15:	data processed and exported
      From worker 15:	
      From worker 15:	starting b_1.0_c_0.2_N_40_M_2_K_1_P_2_beta_0.001_u_0.001_v_0.625_p_0.25_ϵ_1.0_gens_20000000_210216-202547.067
      From worker 13:	replicate complete, ran 20000000 generations:
      From worker 13:	
      From worker 13:		num_imitating:			12499879
      From worker 13:		num_not_imitating:		7500121
      From worker 13:		num_strategies_changed:  	389277
      From worker 13:			num_random_strategies: 	12680
      From worker 13:		num_sets_changed: 		7676730
      From worker 13:			num_random_opinions: 	390108
      From worker 13:			num_biased_opinions: 	1172228
      From worker 13:		num_both_changed: 		282612
      From worker 13:	
      From worker 13:	data processed and exported
      From worker 13:	
      From worker 13:	starting b_1.0_c_0.2_N_40_M_2_K_1_P_2_beta_0.001_u_0.001_v_0.125_p_1.0_ϵ_1.0_gens_20000000_210216-202547.067
      From worker 7:	replicate complete, ran 20000000 generations:
      From worker 7:	
      From worker 7:		num_imitating:			12504938
      From worker 7:		num_not_imitating:		7495062
      From worker 7:		num_strategies_changed:  	348601
      From worker 7:			num_random_strategies: 	12438
      From worker 7:		num_sets_changed: 		2808794
      From worker 7:			num_random_opinions: 	35144
      From worker 7:			num_biased_opinions: 	104845
      From worker 7:		num_both_changed: 		133991
      From worker 7:	
      From worker 7:	data processed and exported
      From worker 7:	
      From worker 7:	starting b_1.0_c_0.2_N_40_M_2_K_1_P_2_beta_0.001_u_0.001_v_0.011180339887498947_p_1.0_ϵ_1.0_gens_20000000_210216-202547.067
      From worker 2:	replicate complete, ran 20000000 generations:
      From worker 2:	
      From worker 2:		num_imitating:			9995266
      From worker 2:		num_not_imitating:		10004734
      From worker 2:		num_strategies_changed:  	147871
      From worker 2:			num_random_strategies: 	10167
      From worker 2:		num_sets_changed: 		94025
      From worker 2:			num_random_opinions: 	0
      From worker 2:			num_biased_opinions: 	9899
      From worker 2:		num_both_changed: 		2455
      From worker 2:	
      From worker 2:	data processed and exported
      From worker 2:	
      From worker 2:	starting b_1.0_c_0.2_N_40_M_2_K_1_P_2_beta_0.001_u_0.001_v_0.001_p_0.0_ϵ_1.0_gens_20000000_210216-202547.067
      From worker 3:	replicate complete, ran 20000000 generations:
      From worker 3:	
      From worker 3:		num_imitating:			20000000
      From worker 3:		num_not_imitating:		0
      From worker 3:		num_strategies_changed:  	574955
      From worker 3:			num_random_strategies: 	20116
      From worker 3:		num_sets_changed: 		1168352
      From worker 3:			num_random_opinions: 	44584
      From worker 3:			num_biased_opinions: 	0
      From worker 3:		num_both_changed: 		58521
      From worker 3:	
      From worker 3:	data processed and exported
      From worker 3:	
      From worker 3:	starting b_1.0_c_0.2_N_40_M_2_K_1_P_2_beta_0.001_u_0.001_v_0.0022360679774997894_p_0.25_ϵ_1.0_gens_20000000_210216-202547.067
      From worker 4:	replicate complete, ran 20000000 generations:
      From worker 4:	
      From worker 4:		num_imitating:			17497555
      From worker 4:		num_not_imitating:		2502445
      From worker 4:		num_strategies_changed:  	523055
      From worker 4:			num_random_strategies: 	17463
      From worker 4:		num_sets_changed: 		1028816
      From worker 4:			num_random_opinions: 	29299
      From worker 4:			num_biased_opinions: 	9841
      From worker 4:		num_both_changed: 		53854
      From worker 4:	
      From worker 4:	data processed and exported
      From worker 16:	replicate complete, ran 20000000 generations:
      From worker 16:	
      From worker 16:		num_imitating:			17501203
      From worker 16:		num_not_imitating:		2498797
      From worker 16:		num_strategies_changed:  	516174
      From worker 16:			num_random_strategies: 	17658
      From worker 16:		num_sets_changed: 		12793237
      From worker 16:			num_random_opinions: 	8205169
      From worker 16:			num_biased_opinions: 	2735313
      From worker 16:		num_both_changed: 		383107
      From worker 16:	
      From worker 4:	
      From worker 4:	starting b_1.0_c_0.2_N_40_M_2_K_1_P_2_beta_0.001_u_0.001_v_0.0022360679774997894_p_0.5_ϵ_1.0_gens_20000000_210216-202547.067
      From worker 16:	data processed and exported
      From worker 16:	
      From worker 16:	starting b_1.0_c_0.2_N_40_M_2_K_1_P_2_beta_0.001_u_0.001_v_0.625_p_0.5_ϵ_1.0_gens_20000000_210216-202547.067
      From worker 12:	replicate complete, ran 20000000 generations:
      From worker 12:	
      From worker 12:		num_imitating:			14999082
      From worker 12:		num_not_imitating:		5000918
      From worker 12:		num_strategies_changed:  	422076
      From worker 12:			num_random_strategies: 	15091
      From worker 12:		num_sets_changed: 		9432846
      From worker 12:			num_random_opinions: 	938191
      From worker 12:			num_biased_opinions: 	936917
      From worker 12:		num_both_changed: 		306550
      From worker 12:	
      From worker 12:	data processed and exported
      From worker 12:	
      From worker 12:	starting b_1.0_c_0.2_N_40_M_2_K_1_P_2_beta_0.001_u_0.001_v_0.125_p_0.75_ϵ_1.0_gens_20000000_210216-202547.067
      From worker 5:	replicate complete, ran 20000000 generations:
      From worker 5:	
      From worker 5:		num_imitating:			14997512
      From worker 5:		num_not_imitating:		5002488
      From worker 5:		num_strategies_changed:  	399418
      From worker 5:			num_random_strategies: 	14937
      From worker 5:		num_sets_changed: 		1804132
      From worker 5:			num_random_opinions: 	37100
      From worker 5:			num_biased_opinions: 	37503
      From worker 5:		num_both_changed: 		88147
      From worker 5:	
      From worker 5:	data processed and exported
      From worker 9:	replicate complete, ran 20000000 generations:
      From worker 9:	
      From worker 9:		num_imitating:			20000000
      From worker 9:		num_not_imitating:		0
      From worker 9:		num_strategies_changed:  	592683
      From worker 9:			num_random_strategies: 	20130
      From worker 9:		num_sets_changed: 		7427786
      From worker 9:			num_random_opinions: 	499767
      From worker 9:			num_biased_opinions: 	0
      From worker 9:		num_both_changed: 		324881
      From worker 9:	
      From worker 5:	
      From worker 5:	starting b_1.0_c_0.2_N_40_M_2_K_1_P_2_beta_0.001_u_0.001_v_0.005_p_0.75_ϵ_1.0_gens_20000000_210216-202547.067
      From worker 9:	data processed and exported
      From worker 9:	
      From worker 9:	starting b_1.0_c_0.2_N_40_M_2_K_1_P_2_beta_0.001_u_0.001_v_0.025_p_0.25_ϵ_1.0_gens_20000000_210216-202547.067
      From worker 6:	replicate complete, ran 20000000 generations:
      From worker 6:	
      From worker 6:		num_imitating:			12502394
      From worker 6:		num_not_imitating:		7497606
      From worker 6:		num_strategies_changed:  	349287
      From worker 6:			num_random_strategies: 	12508
      From worker 6:		num_sets_changed: 		1512181
      From worker 6:			num_random_opinions: 	15766
      From worker 6:			num_biased_opinions: 	46645
      From worker 6:		num_both_changed: 		74000
      From worker 6:	
      From worker 6:	data processed and exported
      From worker 6:	
      From worker 6:	starting b_1.0_c_0.2_N_40_M_2_K_1_P_2_beta_0.001_u_0.001_v_0.005_p_1.0_ϵ_1.0_gens_20000000_210216-202547.067
      From worker 10:	replicate complete, ran 20000000 generations:
      From worker 10:	
      From worker 10:		num_imitating:			17501820
      From worker 10:		num_not_imitating:		2498180
      From worker 10:		num_strategies_changed:  	494120
      From worker 10:			num_random_strategies: 	17565
      From worker 10:		num_sets_changed: 		9111946
      From worker 10:			num_random_opinions: 	733858
      From worker 10:			num_biased_opinions: 	244029
      From worker 10:		num_both_changed: 		332463
      From worker 10:	
      From worker 10:	data processed and exported
      From worker 10:	
      From worker 10:	starting b_1.0_c_0.2_N_40_M_2_K_1_P_2_beta_0.001_u_0.001_v_0.055901699437494755_p_0.5_ϵ_1.0_gens_20000000_210216-202547.067
      From worker 7:	replicate complete, ran 20000000 generations:
      From worker 7:	
      From worker 7:		num_imitating:			10001135
      From worker 7:		num_not_imitating:		9998865
      From worker 7:		num_strategies_changed:  	142736
      From worker 7:			num_random_strategies: 	9952
      From worker 7:		num_sets_changed: 		893558
      From worker 7:			num_random_opinions: 	0
      From worker 7:			num_biased_opinions: 	111763
      From worker 7:		num_both_changed: 		22213
      From worker 7:	
      From worker 7:	data processed and exported
      From worker 7:	
      From worker 7:	starting b_1.0_c_0.2_N_40_M_2_K_1_P_2_beta_0.001_u_0.001_v_0.011180339887498947_p_0.0_ϵ_1.0_gens_20000000_210216-202547.067
      From worker 2:	replicate complete, ran 20000000 generations:
      From worker 2:	
      From worker 2:		num_imitating:			20000000
      From worker 2:		num_not_imitating:		0
      From worker 2:		num_strategies_changed:  	587562
      From worker 2:			num_random_strategies: 	20034
      From worker 2:		num_sets_changed: 		567980
      From worker 2:			num_random_opinions: 	19813
      From worker 2:			num_biased_opinions: 	0
      From worker 2:		num_both_changed: 		29762
      From worker 2:	
      From worker 2:	data processed and exported
      From worker 11:	replicate complete, ran 20000000 generations:
      From worker 11:	
      From worker 11:		num_imitating:			15002739
      From worker 11:		num_not_imitating:		4997261
      From worker 11:		num_strategies_changed:  	431940
      From worker 11:			num_random_strategies: 	15099
      From worker 11:		num_sets_changed: 		7755134
      From worker 11:			num_random_opinions: 	419105
      From worker 11:			num_biased_opinions: 	419330
      From worker 11:		num_both_changed: 		289213
      From worker 11:	
      From worker 11:	data processed and exported
      From worker 11:	
      From worker 11:	starting b_1.0_c_0.2_N_40_M_2_K_1_P_2_beta_0.001_u_0.001_v_0.055901699437494755_p_0.75_ϵ_1.0_gens_20000000_210216-202547.067
      From worker 3:	replicate complete, ran 20000000 generations:
      From worker 3:	
      From worker 3:		num_imitating:			17501775
      From worker 3:		num_not_imitating:		2498225
      From worker 3:		num_strategies_changed:  	489005
      From worker 3:			num_random_strategies: 	17452
      From worker 3:		num_sets_changed: 		1079929
      From worker 3:			num_random_opinions: 	29290
      From worker 3:			num_biased_opinions: 	9916
      From worker 3:		num_both_changed: 		54208
      From worker 3:	
      From worker 3:	data processed and exported
      From worker 13:	replicate complete, ran 20000000 generations:
      From worker 13:	
      From worker 13:		num_imitating:			10001690
      From worker 13:		num_not_imitating:		9998310
      From worker 13:		num_strategies_changed:  	149595
      From worker 13:			num_random_strategies: 	9926
      From worker 13:		num_sets_changed: 		3692983
      From worker 13:			num_random_opinions: 	0
      From worker 13:			num_biased_opinions: 	1250639
      From worker 13:		num_both_changed: 		68917
      From worker 13:	
      From worker 4:	replicate complete, ran 20000000 generations:
      From worker 4:	
      From worker 4:		num_imitating:			14999646
      From worker 4:		num_not_imitating:		5000354
      From worker 4:		num_strategies_changed:  	437757
      From worker 4:			num_random_strategies: 	14964
      From worker 4:		num_sets_changed: 		866002
      From worker 4:			num_random_opinions: 	16634
      From worker 4:			num_biased_opinions: 	16879
      From worker 4:		num_both_changed: 		40844
      From worker 4:	
      From worker 13:	data processed and exported
      From worker 4:	data processed and exported
      From worker 13:	
      From worker 13:	starting b_1.0_c_0.2_N_40_M_2_K_1_P_2_beta_0.001_u_0.001_v_0.2795084971874737_p_0.0_ϵ_1.0_gens_20000000_210216-202547.067
      From worker 8:	replicate complete, ran 20000000 generations:
      From worker 8:	
      From worker 8:		num_imitating:			20000000
      From worker 8:		num_not_imitating:		0
      From worker 8:		num_strategies_changed:  	542349
      From worker 8:			num_random_strategies: 	20013
      From worker 8:		num_sets_changed: 		7460533
      From worker 8:			num_random_opinions: 	500144
      From worker 8:			num_biased_opinions: 	0
      From worker 8:		num_both_changed: 		297322
      From worker 8:	
      From worker 8:	data processed and exported
      From worker 8:	
      From worker 8:	starting b_1.0_c_0.2_N_40_M_2_K_1_P_2_beta_0.001_u_0.001_v_0.025_p_0.25_ϵ_1.0_gens_20000000_210216-202547.067
      From worker 5:	replicate complete, ran 20000000 generations:
      From worker 5:	
      From worker 5:		num_imitating:			12499252
      From worker 5:		num_not_imitating:		7500748
      From worker 5:		num_strategies_changed:  	368653
      From worker 5:			num_random_strategies: 	12615
      From worker 5:		num_sets_changed: 		1473576
      From worker 5:			num_random_opinions: 	15490
      From worker 5:			num_biased_opinions: 	46771
      From worker 5:		num_both_changed: 		80748
      From worker 5:	
      From worker 5:	data processed and exported
      From worker 14:	replicate complete, ran 20000000 generations:
      From worker 14:	
      From worker 14:		num_imitating:			20000000
      From worker 14:		num_not_imitating:		0
      From worker 14:		num_strategies_changed:  	585580
      From worker 14:			num_random_strategies: 	19647
      From worker 14:		num_sets_changed: 		14084505
      From worker 14:			num_random_opinions: 	5590096
      From worker 14:			num_biased_opinions: 	0
      From worker 14:		num_both_changed: 		435915
      From worker 14:	
      From worker 14:	data processed and exported
      From worker 14:	
      From worker 14:	starting b_1.0_c_0.2_N_40_M_2_K_1_P_2_beta_0.001_u_0.001_v_0.2795084971874737_p_0.25_ϵ_1.0_gens_20000000_210216-202547.067
      From worker 6:	replicate complete, ran 20000000 generations:
      From worker 6:	
      From worker 6:		num_imitating:			10000471
      From worker 6:		num_not_imitating:		9999529
      From worker 6:		num_strategies_changed:  	138151
      From worker 6:			num_random_strategies: 	9911
      From worker 6:		num_sets_changed: 		437487
      From worker 6:			num_random_opinions: 	0
      From worker 6:			num_biased_opinions: 	49710
      From worker 6:		num_both_changed: 		10240
      From worker 6:	
      From worker 6:	data processed and exported
      From worker 15:	replicate complete, ran 20000000 generations:
      From worker 15:	
      From worker 15:		num_imitating:			17499633
      From worker 15:		num_not_imitating:		2500367
      From worker 15:		num_strategies_changed:  	512827
      From worker 15:			num_random_strategies: 	17580
      From worker 15:		num_sets_changed: 		12794366
      From worker 15:			num_random_opinions: 	8203450
      From worker 15:			num_biased_opinions: 	2733628
      From worker 15:		num_both_changed: 		381113
      From worker 15:	
      From worker 15:	data processed and exported
      From worker 15:	
      From worker 15:	starting b_1.0_c_0.2_N_40_M_2_K_1_P_2_beta_0.001_u_0.001_v_0.625_p_0.5_ϵ_1.0_gens_20000000_210216-202547.067
      From worker 9:	replicate complete, ran 20000000 generations:
      From worker 9:	
      From worker 9:		num_imitating:			17500603
      From worker 9:		num_not_imitating:		2499397
      From worker 9:		num_strategies_changed:  	504631
      From worker 9:			num_random_strategies: 	17348
      From worker 9:		num_sets_changed: 		6497599
      From worker 9:			num_random_opinions: 	328423
      From worker 9:			num_biased_opinions: 	108908
      From worker 9:		num_both_changed: 		279116
      From worker 9:	
      From worker 9:	data processed and exported
      From worker 9:	
      From worker 9:	starting b_1.0_c_0.2_N_40_M_2_K_1_P_2_beta_0.001_u_0.001_v_0.025_p_0.5_ϵ_1.0_gens_20000000_210216-202547.067
      From worker 16:	replicate complete, ran 20000000 generations:
      From worker 16:	
      From worker 16:		num_imitating:			15004947
      From worker 16:		num_not_imitating:		4995053
      From worker 16:		num_strategies_changed:  	446642
      From worker 16:			num_random_strategies: 	14904
      From worker 16:		num_sets_changed: 		10578854
      From worker 16:			num_random_opinions: 	4691299
      From worker 16:			num_biased_opinions: 	4688433
      From worker 16:		num_both_changed: 		320286
      From worker 16:	
      From worker 16:	data processed and exported
      From worker 16:	
      From worker 16:	starting b_1.0_c_0.2_N_40_M_2_K_1_P_2_beta_0.001_u_0.001_v_0.625_p_0.75_ϵ_1.0_gens_20000000_210216-202547.067
      From worker 12:	replicate complete, ran 20000000 generations:
      From worker 12:	
      From worker 12:		num_imitating:			12500531
      From worker 12:		num_not_imitating:		7499469
      From worker 12:		num_strategies_changed:  	368097
      From worker 12:			num_random_strategies: 	12599
      From worker 12:		num_sets_changed: 		7675754
      From worker 12:			num_random_opinions: 	391373
      From worker 12:			num_biased_opinions: 	1172929
      From worker 12:		num_both_changed: 		265686
      From worker 12:	
      From worker 12:	data processed and exported
      From worker 12:	
      From worker 12:	starting b_1.0_c_0.2_N_40_M_2_K_1_P_2_beta_0.001_u_0.001_v_0.125_p_1.0_ϵ_1.0_gens_20000000_210216-202547.067
      From worker 10:	replicate complete, ran 20000000 generations:
      From worker 10:	
      From worker 10:		num_imitating:			15004809
      From worker 10:		num_not_imitating:		4995191
      From worker 10:		num_strategies_changed:  	436129
      From worker 10:			num_random_strategies: 	14936
      From worker 10:		num_sets_changed: 		7755086
      From worker 10:			num_random_opinions: 	419379
      From worker 10:			num_biased_opinions: 	418467
      From worker 10:		num_both_changed: 		291528
      From worker 10:	
      From worker 10:	data processed and exported
      From worker 10:	
      From worker 10:	starting b_1.0_c_0.2_N_40_M_2_K_1_P_2_beta_0.001_u_0.001_v_0.055901699437494755_p_0.75_ϵ_1.0_gens_20000000_210216-202547.067
      From worker 7:	replicate complete, ran 20000000 generations:
      From worker 7:	
      From worker 7:		num_imitating:			20000000
      From worker 7:		num_not_imitating:		0
      From worker 7:		num_strategies_changed:  	585620
      From worker 7:			num_random_strategies: 	19779
      From worker 7:		num_sets_changed: 		4523893
      From worker 7:			num_random_opinions: 	223746
      From worker 7:			num_biased_opinions: 	0
      From worker 7:		num_both_changed: 		216587
      From worker 7:	
      From worker 7:	data processed and exported
      From worker 11:	replicate complete, ran 20000000 generations:
      From worker 11:	
      From worker 11:		num_imitating:			12502135
      From worker 11:		num_not_imitating:		7497865
      From worker 11:		num_strategies_changed:  	377902
      From worker 11:			num_random_strategies: 	12720
      From worker 11:		num_sets_changed: 		6371587
      From worker 11:			num_random_opinions: 	174879
      From worker 11:			num_biased_opinions: 	523364
      From worker 11:		num_both_changed: 		253015
      From worker 11:	
      From worker 11:	data processed and exported
      From worker 11:	
      From worker 11:	starting b_1.0_c_0.2_N_40_M_2_K_1_P_2_beta_0.001_u_0.001_v_0.055901699437494755_p_1.0_ϵ_1.0_gens_20000000_210216-202547.067
      From worker 8:	replicate complete, ran 20000000 generations:
      From worker 8:	
      From worker 8:		num_imitating:			17499177
      From worker 8:		num_not_imitating:		2500823
      From worker 8:		num_strategies_changed:  	497390
      From worker 8:			num_random_strategies: 	17501
      From worker 8:		num_sets_changed: 		6538113
      From worker 8:			num_random_opinions: 	326833
      From worker 8:			num_biased_opinions: 	109608
      From worker 8:		num_both_changed: 		272911
      From worker 8:	
      From worker 8:	data processed and exported
      From worker 12:	replicate complete, ran 20000000 generations:
      From worker 12:	
      From worker 12:		num_imitating:			10002159
      From worker 12:		num_not_imitating:		9997841
      From worker 12:		num_strategies_changed:  	151183
      From worker 12:			num_random_strategies: 	9876
      From worker 12:		num_sets_changed: 		3686091
      From worker 12:			num_random_opinions: 	0
      From worker 12:			num_biased_opinions: 	1250132
      From worker 12:		num_both_changed: 		68740
      From worker 12:	
      From worker 12:	data processed and exported
      From worker 12:	
      From worker 12:	starting b_1.0_c_0.2_N_40_M_2_K_1_P_2_beta_0.001_u_0.001_v_0.125_p_0.0_ϵ_1.0_gens_20000000_210216-202547.067
      From worker 13:	replicate complete, ran 20000000 generations:
      From worker 13:	
      From worker 13:		num_imitating:			20000000
      From worker 13:		num_not_imitating:		0
      From worker 13:		num_strategies_changed:  	535587
      From worker 13:			num_random_strategies: 	20169
      From worker 13:		num_sets_changed: 		14081024
      From worker 13:			num_random_opinions: 	5583422
      From worker 13:			num_biased_opinions: 	0
      From worker 13:		num_both_changed: 		399338
      From worker 13:	
      From worker 13:	data processed and exported
      From worker 13:	
      From worker 13:	starting b_1.0_c_0.2_N_40_M_2_K_1_P_2_beta_0.001_u_0.001_v_0.2795084971874737_p_0.25_ϵ_1.0_gens_20000000_210216-202547.067
      From worker 9:	replicate complete, ran 20000000 generations:
      From worker 9:	
      From worker 9:		num_imitating:			14999756
      From worker 9:		num_not_imitating:		5000244
      From worker 9:		num_strategies_changed:  	440679
      From worker 9:			num_random_strategies: 	14874
      From worker 9:		num_sets_changed: 		5530018
      From worker 9:			num_random_opinions: 	187839
      From worker 9:			num_biased_opinions: 	187127
      From worker 9:		num_both_changed: 		251038
      From worker 9:	
      From worker 9:	data processed and exported
      From worker 14:	replicate complete, ran 20000000 generations:
      From worker 14:	
      From worker 14:		num_imitating:			17500334
      From worker 14:		num_not_imitating:		2499666
      From worker 14:		num_strategies_changed:  	494584
      From worker 14:			num_random_strategies: 	17489
      From worker 14:		num_sets_changed: 		12262639
      From worker 14:			num_random_opinions: 	3668561
      From worker 14:			num_biased_opinions: 	1223383
      From worker 14:		num_both_changed: 		368556
      From worker 14:	
      From worker 14:	data processed and exported
      From worker 14:	
      From worker 14:	starting b_1.0_c_0.2_N_40_M_2_K_1_P_2_beta_0.001_u_0.001_v_0.2795084971874737_p_0.5_ϵ_1.0_gens_20000000_210216-202547.067
      From worker 15:	replicate complete, ran 20000000 generations:
      From worker 15:	
      From worker 15:		num_imitating:			15004685
      From worker 15:		num_not_imitating:		4995315
      From worker 15:		num_strategies_changed:  	449548
      From worker 15:			num_random_strategies: 	14989
      From worker 15:		num_sets_changed: 		10576510
      From worker 15:			num_random_opinions: 	4686876
      From worker 15:			num_biased_opinions: 	4689285
      From worker 15:		num_both_changed: 		322978
      From worker 15:	
      From worker 15:	data processed and exported
      From worker 15:	
      From worker 15:	starting b_1.0_c_0.2_N_40_M_2_K_1_P_2_beta_0.001_u_0.001_v_0.625_p_0.75_ϵ_1.0_gens_20000000_210216-202547.067
      From worker 16:	replicate complete, ran 20000000 generations:
      From worker 16:	
      From worker 16:		num_imitating:			12498871
      From worker 16:		num_not_imitating:		7501129
      From worker 16:		num_strategies_changed:  	337366
      From worker 16:			num_random_strategies: 	12577
      From worker 16:		num_sets_changed: 		8048048
      From worker 16:			num_random_opinions: 	1952234
      From worker 16:			num_biased_opinions: 	5861392
      From worker 16:		num_both_changed: 		222869
      From worker 16:	
      From worker 16:	data processed and exported
      From worker 16:	
      From worker 16:	starting b_1.0_c_0.2_N_40_M_2_K_1_P_2_beta_0.001_u_0.001_v_0.625_p_1.0_ϵ_1.0_gens_20000000_210216-202547.067
      From worker 11:	replicate complete, ran 20000000 generations:
      From worker 11:	
      From worker 11:		num_imitating:			9998301
      From worker 11:		num_not_imitating:		10001699
      From worker 11:		num_strategies_changed:  	153766
      From worker 11:			num_random_strategies: 	9988
      From worker 11:		num_sets_changed: 		2687679
      From worker 11:			num_random_opinions: 	0
      From worker 11:			num_biased_opinions: 	559148
      From worker 11:		num_both_changed: 		58515
      From worker 11:	
      From worker 11:	data processed and exported
      From worker 10:	replicate complete, ran 20000000 generations:
      From worker 10:	
      From worker 10:		num_imitating:			12497769
      From worker 10:		num_not_imitating:		7502231
      From worker 10:		num_strategies_changed:  	354128
      From worker 10:			num_random_strategies: 	12325
      From worker 10:		num_sets_changed: 		6372761
      From worker 10:			num_random_opinions: 	174074
      From worker 10:			num_biased_opinions: 	523664
      From worker 10:		num_both_changed: 		239598
      From worker 10:	
      From worker 10:	data processed and exported
      From worker 16:	replicate complete, ran 20000000 generations:
      From worker 16:	
      From worker 16:		num_imitating:			9998267
      From worker 16:		num_not_imitating:		10001733
      From worker 16:		num_strategies_changed:  	155012
      From worker 16:			num_random_strategies: 	10022
      From worker 16:		num_sets_changed: 		4852314
      From worker 16:			num_random_opinions: 	0
      From worker 16:			num_biased_opinions: 	6251886
 Activating environment at `/tigress/mk28/CooperationPolarization2/Project.toml`
 Activating environment at `/tigress/mk28/CooperationPolarization2/Project.toml`
      From worker 16:		num_both_changed: 		77514
      From worker 16:	
      From worker 16:	data processed and exported
      From worker 15:	replicate complete, ran 20000000 generations:
      From worker 15:	
      From worker 15:		num_imitating:			12498796
      From worker 15:		num_not_imitating:		7501204
      From worker 15:		num_strategies_changed:  	356059
      From worker 15:			num_random_strategies: 	12293
      From worker 15:		num_sets_changed: 		8051386
      From worker 15:			num_random_opinions: 	1953870
      From worker 15:			num_biased_opinions: 	5859635
      From worker 15:		num_both_changed: 		235303
      From worker 15:	
      From worker 15:	data processed and exported
      From worker 14:	replicate complete, ran 20000000 generations:
      From worker 14:	
      From worker 14:		num_imitating:			15001342
      From worker 14:		num_not_imitating:		4998658
      From worker 14:		num_strategies_changed:  	425881
      From worker 14:			num_random_strategies: 	15046
      From worker 14:		num_sets_changed: 		10369967
      From worker 14:			num_random_opinions: 	2098700
      From worker 14:			num_biased_opinions: 	2095550
      From worker 14:		num_both_changed: 		314198
      From worker 14:	
      From worker 14:	data processed and exported
      From worker 12:	replicate complete, ran 20000000 generations:
      From worker 12:	
      From worker 12:		num_imitating:			20000000
      From worker 12:		num_not_imitating:		0
      From worker 12:		num_strategies_changed:  	548371
      From worker 12:			num_random_strategies: 	19903
      From worker 12:		num_sets_changed: 		12724123
      From worker 12:			num_random_opinions: 	2499683
      From worker 12:			num_biased_opinions: 	0
      From worker 12:		num_both_changed: 		398417
      From worker 12:	
      From worker 12:	data processed and exported
      From worker 13:	replicate complete, ran 20000000 generations:
      From worker 13:	
      From worker 13:		num_imitating:			17499386
      From worker 13:		num_not_imitating:		2500614
      From worker 13:		num_strategies_changed:  	495600
      From worker 13:			num_random_strategies: 	17462
      From worker 13:		num_sets_changed: 		12262405
      From worker 13:			num_random_opinions: 	3664184
      From worker 13:			num_biased_opinions: 	1222703
      From worker 13:		num_both_changed: 		369109
      From worker 13:	
      From worker 13:	data processed and exported
8967.352579 seconds (2.60 M allocations: 118.280 MiB, 0.00% gc time)
