packages loaded
      From worker 2:	 Activating environment at `/tigress/mk28/CooperationPolarization2/Project.toml`
      From worker 4:	 Activating environment at `/tigress/mk28/CooperationPolarization2/Project.toml`
      From worker 3:	 Activating environment at `/tigress/mk28/CooperationPolarization2/Project.toml`
      From worker 5:	 Activating environment at `/tigress/mk28/CooperationPolarization2/Project.toml`
      From worker 6:	 Activating environment at `/tigress/mk28/CooperationPolarization2/Project.toml`
      From worker 12:	 Activating environment at `/tigress/mk28/CooperationPolarization2/Project.toml`
      From worker 7:	 Activating environment at `/tigress/mk28/CooperationPolarization2/Project.toml`
      From worker 13:	 Activating environment at `/tigress/mk28/CooperationPolarization2/Project.toml`
      From worker 15:	 Activating environment at `/tigress/mk28/CooperationPolarization2/Project.toml`
      From worker 16:	 Activating environment at `/tigress/mk28/CooperationPolarization2/Project.toml`
      From worker 8:	 Activating environment at `/tigress/mk28/CooperationPolarization2/Project.toml`
      From worker 11:	 Activating environment at `/tigress/mk28/CooperationPolarization2/Project.toml`
      From worker 10:	 Activating environment at `/tigress/mk28/CooperationPolarization2/Project.toml`
      From worker 9:	 Activating environment at `/tigress/mk28/CooperationPolarization2/Project.toml`
      From worker 14:	 Activating environment at `/tigress/mk28/CooperationPolarization2/Project.toml`
      From worker 12:	packages loaded
      From worker 2:	packages loaded
      From worker 4:	packages loaded
      From worker 6:	packages loaded
      From worker 5:	packages loaded
      From worker 3:	packages loaded
      From worker 9:	packages loaded
      From worker 16:	packages loaded
      From worker 8:	packages loaded
      From worker 13:	packages loaded
      From worker 11:	packages loaded
      From worker 10:	packages loaded
      From worker 14:	packages loaded
      From worker 15:	packages loaded
      From worker 7:	packages loaded
parameters defined
      From worker 12:	
      From worker 12:	starting b_1.0_c_0.2_N_40_M_5_K_3_P_2_beta_0.001_u_0.001_v_0.1_p_0.0_ϵ_1.0_gens_20000000_210219-061408.658
      From worker 4:	
      From worker 4:	starting b_1.0_c_0.2_N_40_M_5_K_3_P_2_beta_0.001_u_0.001_v_0.001_p_0.0_ϵ_1.0_gens_20000000_210219-061408.658
      From worker 14:	
      From worker 14:	starting b_1.0_c_0.2_N_40_M_5_K_3_P_2_beta_0.001_u_0.001_v_0.1_p_0.0_ϵ_1.0_gens_20000000_210219-061408.658
      From worker 5:	
      From worker 5:	starting b_1.0_c_0.2_N_40_M_5_K_3_P_2_beta_0.001_u_0.001_v_0.001_p_0.0_ϵ_1.0_gens_20000000_210219-061408.658
      From worker 11:	
      From worker 11:	starting b_1.0_c_0.2_N_40_M_5_K_3_P_2_beta_0.001_u_0.001_v_0.025_p_0.0_ϵ_1.0_gens_20000000_210219-061408.658
      From worker 3:	
      From worker 3:	starting b_1.0_c_0.2_N_40_M_5_K_3_P_2_beta_0.001_u_0.001_v_0.001_p_0.0_ϵ_1.0_gens_20000000_210219-061408.658
      From worker 13:	
      From worker 13:	starting b_1.0_c_0.2_N_40_M_5_K_3_P_2_beta_0.001_u_0.001_v_0.1_p_0.0_ϵ_1.0_gens_20000000_210219-061408.658
      From worker 9:	
      From worker 9:	starting b_1.0_c_0.2_N_40_M_5_K_3_P_2_beta_0.001_u_0.001_v_0.025_p_0.0_ϵ_1.0_gens_20000000_210219-061408.658
      From worker 10:	
      From worker 10:	starting b_1.0_c_0.2_N_40_M_5_K_3_P_2_beta_0.001_u_0.001_v_0.025_p_0.0_ϵ_1.0_gens_20000000_210219-061408.658
      From worker 16:	
      From worker 16:	starting b_1.0_c_0.2_N_40_M_5_K_3_P_2_beta_0.001_u_0.001_v_0.1_p_0.0_ϵ_1.0_gens_20000000_210219-061408.658
      From worker 6:	
      From worker 6:	starting b_1.0_c_0.2_N_40_M_5_K_3_P_2_beta_0.001_u_0.001_v_0.001_p_0.0_ϵ_1.0_gens_20000000_210219-061408.658
      From worker 15:	
      From worker 15:	starting b_1.0_c_0.2_N_40_M_5_K_3_P_2_beta_0.001_u_0.001_v_0.1_p_0.0_ϵ_1.0_gens_20000000_210219-061408.658
      From worker 8:	
      From worker 8:	starting b_1.0_c_0.2_N_40_M_5_K_3_P_2_beta_0.001_u_0.001_v_0.025_p_0.0_ϵ_1.0_gens_20000000_210219-061408.658
      From worker 7:	
      From worker 7:	starting b_1.0_c_0.2_N_40_M_5_K_3_P_2_beta_0.001_u_0.001_v_0.025_p_0.0_ϵ_1.0_gens_20000000_210219-061408.658
      From worker 2:	
      From worker 2:	starting b_1.0_c_0.2_N_40_M_5_K_3_P_2_beta_0.001_u_0.001_v_0.001_p_0.0_ϵ_1.0_gens_20000000_210219-061408.658
      From worker 2:	replicate complete, ran 20000000 generations:
      From worker 2:	
      From worker 2:		num_imitating:			20000000
      From worker 2:		num_not_imitating:		0
      From worker 2:		num_strategies_changed:  	584552
      From worker 2:			num_random_strategies: 	19977
      From worker 2:		num_sets_changed: 		741874
      From worker 2:			num_random_opinions: 	20215
      From worker 2:			num_biased_opinions: 	0
      From worker 2:		num_both_changed: 		40804
      From worker 2:	
      From worker 4:	replicate complete, ran 20000000 generations:
      From worker 4:	
      From worker 4:		num_imitating:			20000000
      From worker 4:		num_not_imitating:		0
      From worker 4:		num_strategies_changed:  	568146
      From worker 4:			num_random_strategies: 	20215
      From worker 4:		num_sets_changed: 		732626
      From worker 4:			num_random_opinions: 	20324
      From worker 4:			num_biased_opinions: 	0
      From worker 4:		num_both_changed: 		31663
      From worker 4:	
      From worker 6:	replicate complete, ran 20000000 generations:
      From worker 6:	
      From worker 6:		num_imitating:			20000000
      From worker 6:		num_not_imitating:		0
      From worker 6:		num_strategies_changed:  	535373
      From worker 6:			num_random_strategies: 	20187
      From worker 6:		num_sets_changed: 		758841
      From worker 6:			num_random_opinions: 	19746
      From worker 6:			num_biased_opinions: 	0
      From worker 6:		num_both_changed: 		40164
      From worker 6:	
      From worker 5:	replicate complete, ran 20000000 generations:
      From worker 5:	
      From worker 5:		num_imitating:			20000000
      From worker 5:		num_not_imitating:		0
      From worker 5:		num_strategies_changed:  	566986
      From worker 5:			num_random_strategies: 	20105
      From worker 5:		num_sets_changed: 		721281
      From worker 5:			num_random_opinions: 	19805
      From worker 5:			num_biased_opinions: 	0
      From worker 5:		num_both_changed: 		36771
      From worker 5:	
      From worker 3:	replicate complete, ran 20000000 generations:
      From worker 3:	
      From worker 3:		num_imitating:			20000000
      From worker 3:		num_not_imitating:		0
      From worker 3:		num_strategies_changed:  	557082
      From worker 3:			num_random_strategies: 	20097
      From worker 3:		num_sets_changed: 		721728
      From worker 3:			num_random_opinions: 	20190
      From worker 3:			num_biased_opinions: 	0
      From worker 3:		num_both_changed: 		35025
      From worker 3:	
      From worker 2:	data processed and exported
      From worker 4:	data processed and exported
      From worker 5:	data processed and exported
      From worker 6:	data processed and exported
      From worker 3:	data processed and exported
      From worker 2:	
      From worker 2:	starting b_1.0_c_0.2_N_40_M_5_K_3_P_2_beta_0.001_u_0.001_v_0.001_p_0.25_ϵ_1.0_gens_20000000_210219-061408.658
      From worker 4:	
      From worker 4:	starting b_1.0_c_0.2_N_40_M_5_K_3_P_2_beta_0.001_u_0.001_v_0.001_p_0.25_ϵ_1.0_gens_20000000_210219-061408.658
      From worker 5:	
      From worker 5:	starting b_1.0_c_0.2_N_40_M_5_K_3_P_2_beta_0.001_u_0.001_v_0.001_p_0.25_ϵ_1.0_gens_20000000_210219-061408.658
      From worker 6:	
      From worker 6:	starting b_1.0_c_0.2_N_40_M_5_K_3_P_2_beta_0.001_u_0.001_v_0.001_p_0.25_ϵ_1.0_gens_20000000_210219-061408.658
      From worker 3:	
      From worker 3:	starting b_1.0_c_0.2_N_40_M_5_K_3_P_2_beta_0.001_u_0.001_v_0.001_p_0.25_ϵ_1.0_gens_20000000_210219-061408.658
      From worker 2:	replicate complete, ran 20000000 generations:
      From worker 2:	
      From worker 2:		num_imitating:			17499254
      From worker 2:		num_not_imitating:		2500746
      From worker 2:		num_strategies_changed:  	464445
      From worker 2:			num_random_strategies: 	17367
      From worker 2:		num_sets_changed: 		669899
      From worker 2:			num_random_opinions: 	13020
      From worker 2:			num_biased_opinions: 	4433
      From worker 2:		num_both_changed: 		38103
      From worker 2:	
      From worker 9:	replicate complete, ran 20000000 generations:
      From worker 9:	
      From worker 9:		num_imitating:			20000000
      From worker 9:		num_not_imitating:		0
      From worker 9:		num_strategies_changed:  	560707
      From worker 9:			num_random_strategies: 	20081
      From worker 9:		num_sets_changed: 		9612213
      From worker 9:			num_random_opinions: 	500124
      From worker 9:			num_biased_opinions: 	0
      From worker 9:		num_both_changed: 		389774
      From worker 9:	
      From worker 6:	replicate complete, ran 20000000 generations:
      From worker 6:	
      From worker 6:		num_imitating:			17502832
      From worker 6:		num_not_imitating:		2497168
      From worker 6:		num_strategies_changed:  	469165
      From worker 6:			num_random_strategies: 	17496
      From worker 6:		num_sets_changed: 		635554
      From worker 6:			num_random_opinions: 	13311
      From worker 6:			num_biased_opinions: 	4335
      From worker 6:		num_both_changed: 		33779
      From worker 6:	
      From worker 11:	replicate complete, ran 20000000 generations:
      From worker 11:	
      From worker 11:		num_imitating:			20000000
      From worker 11:		num_not_imitating:		0
      From worker 11:		num_strategies_changed:  	568094
      From worker 11:			num_random_strategies: 	19664
      From worker 11:		num_sets_changed: 		9657201
      From worker 11:			num_random_opinions: 	500066
      From worker 11:			num_biased_opinions: 	0
      From worker 11:		num_both_changed: 		405513
      From worker 11:	
      From worker 4:	replicate complete, ran 20000000 generations:
      From worker 4:	
      From worker 4:		num_imitating:			17497979
      From worker 4:		num_not_imitating:		2502021
      From worker 4:		num_strategies_changed:  	484191
      From worker 4:			num_random_strategies: 	17630
      From worker 4:		num_sets_changed: 		641803
      From worker 4:			num_random_opinions: 	13038
      From worker 4:			num_biased_opinions: 	4434
      From worker 4:		num_both_changed: 		34868
      From worker 4:	
      From worker 5:	replicate complete, ran 20000000 generations:
      From worker 5:	
      From worker 5:		num_imitating:			17500341
      From worker 5:		num_not_imitating:		2499659
      From worker 5:		num_strategies_changed:  	488277
      From worker 5:			num_random_strategies: 	17747
      From worker 5:		num_sets_changed: 		634113
      From worker 5:			num_random_opinions: 	12852
      From worker 5:			num_biased_opinions: 	4366
      From worker 5:		num_both_changed: 		27621
      From worker 5:	
      From worker 10:	replicate complete, ran 20000000 generations:
      From worker 10:	
      From worker 10:		num_imitating:			20000000
      From worker 10:		num_not_imitating:		0
      From worker 10:		num_strategies_changed:  	554857
      From worker 10:			num_random_strategies: 	19732
      From worker 10:		num_sets_changed: 		9613391
      From worker 10:			num_random_opinions: 	500281
      From worker 10:			num_biased_opinions: 	0
      From worker 10:		num_both_changed: 		390564
      From worker 10:	
      From worker 3:	replicate complete, ran 20000000 generations:
      From worker 3:	
      From worker 3:		num_imitating:			17502435
      From worker 3:		num_not_imitating:		2497565
      From worker 3:		num_strategies_changed:  	488658
      From worker 3:			num_random_strategies: 	17619
      From worker 3:		num_sets_changed: 		679270
      From worker 3:			num_random_opinions: 	13013
      From worker 3:			num_biased_opinions: 	4401
      From worker 3:		num_both_changed: 		35764
      From worker 3:	
      From worker 2:	data processed and exported
      From worker 7:	replicate complete, ran 20000000 generations:
      From worker 7:	
      From worker 7:		num_imitating:			20000000
      From worker 7:		num_not_imitating:		0
      From worker 7:		num_strategies_changed:  	558104
      From worker 7:			num_random_strategies: 	20057
      From worker 7:		num_sets_changed: 		9712692
      From worker 7:			num_random_opinions: 	500191
      From worker 7:			num_biased_opinions: 	0
      From worker 7:		num_both_changed: 		395917
      From worker 7:	
      From worker 9:	data processed and exported
      From worker 2:	
      From worker 2:	starting b_1.0_c_0.2_N_40_M_5_K_3_P_2_beta_0.001_u_0.001_v_0.001_p_0.5_ϵ_1.0_gens_20000000_210219-061408.658
      From worker 6:	data processed and exported
      From worker 4:	data processed and exported
      From worker 11:	data processed and exported
      From worker 9:	
      From worker 9:	starting b_1.0_c_0.2_N_40_M_5_K_3_P_2_beta_0.001_u_0.001_v_0.025_p_0.25_ϵ_1.0_gens_20000000_210219-061408.658
      From worker 8:	replicate complete, ran 20000000 generations:
      From worker 8:	
      From worker 8:		num_imitating:			20000000
      From worker 8:		num_not_imitating:		0
      From worker 8:		num_strategies_changed:  	578584
      From worker 8:			num_random_strategies: 	20051
      From worker 8:		num_sets_changed: 		9669696
      From worker 8:			num_random_opinions: 	500732
      From worker 8:			num_biased_opinions: 	0
      From worker 8:		num_both_changed: 		413712
      From worker 8:	
      From worker 5:	data processed and exported
      From worker 10:	data processed and exported
      From worker 6:	
      From worker 6:	starting b_1.0_c_0.2_N_40_M_5_K_3_P_2_beta_0.001_u_0.001_v_0.001_p_0.5_ϵ_1.0_gens_20000000_210219-061408.658
      From worker 4:	
      From worker 4:	starting b_1.0_c_0.2_N_40_M_5_K_3_P_2_beta_0.001_u_0.001_v_0.001_p_0.5_ϵ_1.0_gens_20000000_210219-061408.658
      From worker 11:	
      From worker 11:	starting b_1.0_c_0.2_N_40_M_5_K_3_P_2_beta_0.001_u_0.001_v_0.025_p_0.25_ϵ_1.0_gens_20000000_210219-061408.658
      From worker 3:	data processed and exported
      From worker 5:	
      From worker 5:	starting b_1.0_c_0.2_N_40_M_5_K_3_P_2_beta_0.001_u_0.001_v_0.001_p_0.5_ϵ_1.0_gens_20000000_210219-061408.658
      From worker 7:	data processed and exported
      From worker 10:	
      From worker 10:	starting b_1.0_c_0.2_N_40_M_5_K_3_P_2_beta_0.001_u_0.001_v_0.025_p_0.25_ϵ_1.0_gens_20000000_210219-061408.658
      From worker 3:	
      From worker 3:	starting b_1.0_c_0.2_N_40_M_5_K_3_P_2_beta_0.001_u_0.001_v_0.001_p_0.5_ϵ_1.0_gens_20000000_210219-061408.658
      From worker 7:	
      From worker 7:	starting b_1.0_c_0.2_N_40_M_5_K_3_P_2_beta_0.001_u_0.001_v_0.025_p_0.25_ϵ_1.0_gens_20000000_210219-061408.658
      From worker 8:	data processed and exported
      From worker 8:	
      From worker 8:	starting b_1.0_c_0.2_N_40_M_5_K_3_P_2_beta_0.001_u_0.001_v_0.025_p_0.25_ϵ_1.0_gens_20000000_210219-061408.658
      From worker 14:	replicate complete, ran 20000000 generations:
      From worker 14:	
      From worker 14:		num_imitating:			20000000
      From worker 14:		num_not_imitating:		0
      From worker 14:		num_strategies_changed:  	567651
      From worker 14:			num_random_strategies: 	20010
      From worker 14:		num_sets_changed: 		16058167
      From worker 14:			num_random_opinions: 	1999901
      From worker 14:			num_biased_opinions: 	0
      From worker 14:		num_both_changed: 		537868
      From worker 14:	
      From worker 15:	replicate complete, ran 20000000 generations:
      From worker 15:	
      From worker 15:		num_imitating:			20000000
      From worker 15:		num_not_imitating:		0
      From worker 15:		num_strategies_changed:  	584368
      From worker 15:			num_random_strategies: 	19787
      From worker 15:		num_sets_changed: 		16042158
      From worker 15:			num_random_opinions: 	1999864
      From worker 15:			num_biased_opinions: 	0
      From worker 15:		num_both_changed: 		553992
      From worker 15:	
      From worker 13:	replicate complete, ran 20000000 generations:
      From worker 13:	
      From worker 13:		num_imitating:			20000000
      From worker 13:		num_not_imitating:		0
      From worker 13:		num_strategies_changed:  	575033
      From worker 13:			num_random_strategies: 	20066
      From worker 13:		num_sets_changed: 		16049934
      From worker 13:			num_random_opinions: 	2001250
      From worker 13:			num_biased_opinions: 	0
      From worker 13:		num_both_changed: 		544229
      From worker 13:	
      From worker 16:	replicate complete, ran 20000000 generations:
      From worker 16:	
      From worker 16:		num_imitating:			20000000
      From worker 16:		num_not_imitating:		0
      From worker 16:		num_strategies_changed:  	557546
      From worker 16:			num_random_strategies: 	20025
      From worker 16:		num_sets_changed: 		16053273
      From worker 16:			num_random_opinions: 	1998414
      From worker 16:			num_biased_opinions: 	0
      From worker 16:		num_both_changed: 		528161
      From worker 16:	
      From worker 14:	data processed and exported
      From worker 15:	data processed and exported
      From worker 14:	
      From worker 14:	starting b_1.0_c_0.2_N_40_M_5_K_3_P_2_beta_0.001_u_0.001_v_0.1_p_0.25_ϵ_1.0_gens_20000000_210219-061408.658
      From worker 12:	replicate complete, ran 20000000 generations:
      From worker 12:	
      From worker 12:		num_imitating:			20000000
      From worker 12:		num_not_imitating:		0
      From worker 12:		num_strategies_changed:  	579484
      From worker 12:			num_random_strategies: 	19984
      From worker 12:		num_sets_changed: 		16058483
      From worker 12:			num_random_opinions: 	1997416
      From worker 12:			num_biased_opinions: 	0
      From worker 12:		num_both_changed: 		548421
      From worker 12:	
      From worker 13:	data processed and exported
      From worker 16:	data processed and exported
      From worker 15:	
      From worker 15:	starting b_1.0_c_0.2_N_40_M_5_K_3_P_2_beta_0.001_u_0.001_v_0.1_p_0.25_ϵ_1.0_gens_20000000_210219-061408.658
      From worker 13:	
      From worker 13:	starting b_1.0_c_0.2_N_40_M_5_K_3_P_2_beta_0.001_u_0.001_v_0.1_p_0.25_ϵ_1.0_gens_20000000_210219-061408.658
      From worker 16:	
      From worker 16:	starting b_1.0_c_0.2_N_40_M_5_K_3_P_2_beta_0.001_u_0.001_v_0.1_p_0.25_ϵ_1.0_gens_20000000_210219-061408.658
      From worker 12:	data processed and exported
      From worker 12:	
      From worker 12:	starting b_1.0_c_0.2_N_40_M_5_K_3_P_2_beta_0.001_u_0.001_v_0.1_p_0.25_ϵ_1.0_gens_20000000_210219-061408.658
      From worker 2:	replicate complete, ran 20000000 generations:
      From worker 2:	
      From worker 2:		num_imitating:			15003474
      From worker 2:		num_not_imitating:		4996526
      From worker 2:		num_strategies_changed:  	385603
      From worker 2:			num_random_strategies: 	14992
      From worker 2:		num_sets_changed: 		556040
      From worker 2:			num_random_opinions: 	7633
      From worker 2:			num_biased_opinions: 	7481
      From worker 2:		num_both_changed: 		31194
      From worker 2:	
      From worker 4:	replicate complete, ran 20000000 generations:
      From worker 4:	
      From worker 4:		num_imitating:			14999845
      From worker 4:		num_not_imitating:		5000155
      From worker 4:		num_strategies_changed:  	430671
      From worker 4:			num_random_strategies: 	14949
      From worker 4:		num_sets_changed: 		536124
      From worker 4:			num_random_opinions: 	7515
      From worker 4:			num_biased_opinions: 	7420
      From worker 4:		num_both_changed: 		25280
      From worker 4:	
      From worker 6:	replicate complete, ran 20000000 generations:
      From worker 6:	
      From worker 6:		num_imitating:			15001241
      From worker 6:		num_not_imitating:		4998759
      From worker 6:		num_strategies_changed:  	415653
      From worker 6:			num_random_strategies: 	15195
      From worker 6:		num_sets_changed: 		579693
      From worker 6:			num_random_opinions: 	7387
      From worker 6:			num_biased_opinions: 	7594
      From worker 6:		num_both_changed: 		25150
      From worker 6:	
      From worker 5:	replicate complete, ran 20000000 generations:
      From worker 5:	
      From worker 5:		num_imitating:			14999711
      From worker 5:		num_not_imitating:		5000289
      From worker 5:		num_strategies_changed:  	422909
      From worker 5:			num_random_strategies: 	14971
      From worker 5:		num_sets_changed: 		532814
      From worker 5:			num_random_opinions: 	7480
      From worker 5:			num_biased_opinions: 	7526
      From worker 5:		num_both_changed: 		25769
      From worker 5:	
      From worker 2:	data processed and exported
      From worker 2:	
      From worker 2:	starting b_1.0_c_0.2_N_40_M_5_K_3_P_2_beta_0.001_u_0.001_v_0.001_p_0.75_ϵ_1.0_gens_20000000_210219-061408.658
      From worker 3:	replicate complete, ran 20000000 generations:
      From worker 3:	
      From worker 3:		num_imitating:			14997404
      From worker 3:		num_not_imitating:		5002596
      From worker 3:		num_strategies_changed:  	429791
      From worker 3:			num_random_strategies: 	14982
      From worker 3:		num_sets_changed: 		552702
      From worker 3:			num_random_opinions: 	7404
      From worker 3:			num_biased_opinions: 	7540
      From worker 3:		num_both_changed: 		28164
      From worker 3:	
      From worker 4:	data processed and exported
      From worker 6:	data processed and exported
      From worker 4:	
      From worker 4:	starting b_1.0_c_0.2_N_40_M_5_K_3_P_2_beta_0.001_u_0.001_v_0.001_p_0.75_ϵ_1.0_gens_20000000_210219-061408.658
      From worker 5:	data processed and exported
      From worker 6:	
      From worker 6:	starting b_1.0_c_0.2_N_40_M_5_K_3_P_2_beta_0.001_u_0.001_v_0.001_p_0.75_ϵ_1.0_gens_20000000_210219-061408.658
      From worker 5:	
      From worker 5:	starting b_1.0_c_0.2_N_40_M_5_K_3_P_2_beta_0.001_u_0.001_v_0.001_p_0.75_ϵ_1.0_gens_20000000_210219-061408.658
      From worker 3:	data processed and exported
      From worker 3:	
      From worker 3:	starting b_1.0_c_0.2_N_40_M_5_K_3_P_2_beta_0.001_u_0.001_v_0.001_p_0.75_ϵ_1.0_gens_20000000_210219-061408.658
      From worker 11:	replicate complete, ran 20000000 generations:
      From worker 11:	
      From worker 11:		num_imitating:			17500331
      From worker 11:		num_not_imitating:		2499669
      From worker 11:		num_strategies_changed:  	485567
      From worker 11:			num_random_strategies: 	17797
      From worker 11:		num_sets_changed: 		8454385
      From worker 11:			num_random_opinions: 	327157
      From worker 11:			num_biased_opinions: 	109511
      From worker 11:		num_both_changed: 		337916
      From worker 11:	
      From worker 9:	replicate complete, ran 20000000 generations:
      From worker 9:	
      From worker 9:		num_imitating:			17500121
      From worker 9:		num_not_imitating:		2499879
      From worker 9:		num_strategies_changed:  	491605
      From worker 9:			num_random_strategies: 	17671
      From worker 9:		num_sets_changed: 		8526751
      From worker 9:			num_random_opinions: 	329209
      From worker 9:			num_biased_opinions: 	109406
      From worker 9:		num_both_changed: 		350260
      From worker 9:	
      From worker 7:	replicate complete, ran 20000000 generations:
      From worker 7:	
      From worker 7:		num_imitating:			17500813
      From worker 7:		num_not_imitating:		2499187
      From worker 7:		num_strategies_changed:  	518230
      From worker 7:			num_random_strategies: 	17535
      From worker 7:		num_sets_changed: 		8359699
      From worker 7:			num_random_opinions: 	327409
      From worker 7:			num_biased_opinions: 	109504
      From worker 7:		num_both_changed: 		366367
      From worker 7:	
      From worker 10:	replicate complete, ran 20000000 generations:
      From worker 10:	
      From worker 10:		num_imitating:			17499908
      From worker 10:		num_not_imitating:		2500092
      From worker 10:		num_strategies_changed:  	481593
      From worker 10:			num_random_strategies: 	17432
      From worker 10:		num_sets_changed: 		8457424
      From worker 10:			num_random_opinions: 	328808
      From worker 10:			num_biased_opinions: 	109568
      From worker 10:		num_both_changed: 		341459
      From worker 10:	
      From worker 11:	data processed and exported
      From worker 9:	data processed and exported
      From worker 11:	
      From worker 11:	starting b_1.0_c_0.2_N_40_M_5_K_3_P_2_beta_0.001_u_0.001_v_0.025_p_0.5_ϵ_1.0_gens_20000000_210219-061408.658
      From worker 9:	
      From worker 9:	starting b_1.0_c_0.2_N_40_M_5_K_3_P_2_beta_0.001_u_0.001_v_0.025_p_0.5_ϵ_1.0_gens_20000000_210219-061408.658
      From worker 10:	data processed and exported
      From worker 7:	data processed and exported
      From worker 8:	replicate complete, ran 20000000 generations:
      From worker 8:	
      From worker 8:		num_imitating:			17498557
      From worker 8:		num_not_imitating:		2501443
      From worker 8:		num_strategies_changed:  	496468
      From worker 8:			num_random_strategies: 	17393
      From worker 8:		num_sets_changed: 		8413707
      From worker 8:			num_random_opinions: 	327680
      From worker 8:			num_biased_opinions: 	109775
      From worker 8:		num_both_changed: 		353834
      From worker 8:	
      From worker 10:	
      From worker 10:	starting b_1.0_c_0.2_N_40_M_5_K_3_P_2_beta_0.001_u_0.001_v_0.025_p_0.5_ϵ_1.0_gens_20000000_210219-061408.658
      From worker 7:	
      From worker 7:	starting b_1.0_c_0.2_N_40_M_5_K_3_P_2_beta_0.001_u_0.001_v_0.025_p_0.5_ϵ_1.0_gens_20000000_210219-061408.658
      From worker 2:	replicate complete, ran 20000000 generations:
      From worker 2:	
      From worker 2:		num_imitating:			12499997
      From worker 2:		num_not_imitating:		7500003
      From worker 2:		num_strategies_changed:  	340754
      From worker 2:			num_random_strategies: 	12558
      From worker 2:		num_sets_changed: 		465418
      From worker 2:			num_random_opinions: 	3075
      From worker 2:			num_biased_opinions: 	9239
      From worker 2:		num_both_changed: 		26775
      From worker 2:	
      From worker 4:	replicate complete, ran 20000000 generations:
      From worker 4:	
      From worker 4:		num_imitating:			12505883
      From worker 4:		num_not_imitating:		7494117
      From worker 4:		num_strategies_changed:  	361087
      From worker 4:			num_random_strategies: 	12575
      From worker 4:		num_sets_changed: 		467036
      From worker 4:			num_random_opinions: 	3124
      From worker 4:			num_biased_opinions: 	9221
      From worker 4:		num_both_changed: 		28509
      From worker 4:	
      From worker 8:	data processed and exported
      From worker 2:	data processed and exported
      From worker 6:	replicate complete, ran 20000000 generations:
      From worker 6:	
      From worker 6:		num_imitating:			12500168
      From worker 6:		num_not_imitating:		7499832
      From worker 6:		num_strategies_changed:  	324484
      From worker 6:			num_random_strategies: 	12423
      From worker 6:		num_sets_changed: 		487116
      From worker 6:			num_random_opinions: 	3169
      From worker 6:			num_biased_opinions: 	9294
      From worker 6:		num_both_changed: 		21100
      From worker 6:	
      From worker 5:	replicate complete, ran 20000000 generations:
      From worker 5:	
      From worker 5:		num_imitating:			12500993
      From worker 5:		num_not_imitating:		7499007
      From worker 5:		num_strategies_changed:  	349117
      From worker 5:			num_random_strategies: 	12534
      From worker 5:		num_sets_changed: 		443925
      From worker 5:			num_random_opinions: 	3035
      From worker 5:			num_biased_opinions: 	9443
      From worker 5:		num_both_changed: 		25941
      From worker 5:	
      From worker 8:	
      From worker 8:	starting b_1.0_c_0.2_N_40_M_5_K_3_P_2_beta_0.001_u_0.001_v_0.025_p_0.5_ϵ_1.0_gens_20000000_210219-061408.658
      From worker 2:	
      From worker 2:	starting b_1.0_c_0.2_N_40_M_5_K_3_P_2_beta_0.001_u_0.001_v_0.001_p_1.0_ϵ_1.0_gens_20000000_210219-061408.658
      From worker 4:	data processed and exported
      From worker 3:	replicate complete, ran 20000000 generations:
      From worker 3:	
      From worker 3:		num_imitating:			12499940
      From worker 3:		num_not_imitating:		7500060
      From worker 3:		num_strategies_changed:  	339653
      From worker 3:			num_random_strategies: 	12468
      From worker 3:		num_sets_changed: 		421472
      From worker 3:			num_random_opinions: 	3134
      From worker 3:			num_biased_opinions: 	9307
      From worker 3:		num_both_changed: 		18337
      From worker 3:	
      From worker 4:	
      From worker 4:	starting b_1.0_c_0.2_N_40_M_5_K_3_P_2_beta_0.001_u_0.001_v_0.001_p_1.0_ϵ_1.0_gens_20000000_210219-061408.658
      From worker 6:	data processed and exported
      From worker 5:	data processed and exported
      From worker 6:	
      From worker 6:	starting b_1.0_c_0.2_N_40_M_5_K_3_P_2_beta_0.001_u_0.001_v_0.001_p_1.0_ϵ_1.0_gens_20000000_210219-061408.658
      From worker 5:	
      From worker 5:	starting b_1.0_c_0.2_N_40_M_5_K_3_P_2_beta_0.001_u_0.001_v_0.001_p_1.0_ϵ_1.0_gens_20000000_210219-061408.658
      From worker 3:	data processed and exported
      From worker 3:	
      From worker 3:	starting b_1.0_c_0.2_N_40_M_5_K_3_P_2_beta_0.001_u_0.001_v_0.001_p_1.0_ϵ_1.0_gens_20000000_210219-061408.658
      From worker 2:	replicate complete, ran 20000000 generations:
      From worker 2:	
      From worker 2:		num_imitating:			10000344
      From worker 2:		num_not_imitating:		9999656
      From worker 2:		num_strategies_changed:  	152671
      From worker 2:			num_random_strategies: 	9902
      From worker 2:		num_sets_changed: 		175908
      From worker 2:			num_random_opinions: 	0
      From worker 2:			num_biased_opinions: 	10152
      From worker 2:		num_both_changed: 		5512
      From worker 2:	
      From worker 2:	data processed and exported
      From worker 4:	replicate complete, ran 20000000 generations:
      From worker 4:	
      From worker 4:		num_imitating:			9999791
      From worker 4:		num_not_imitating:		10000209
      From worker 4:		num_strategies_changed:  	144791
      From worker 4:			num_random_strategies: 	9942
      From worker 4:		num_sets_changed: 		175015
      From worker 4:			num_random_opinions: 	0
      From worker 4:			num_biased_opinions: 	9990
      From worker 4:		num_both_changed: 		4233
      From worker 4:	
      From worker 6:	replicate complete, ran 20000000 generations:
      From worker 6:	
      From worker 6:		num_imitating:			9999786
      From worker 6:		num_not_imitating:		10000214
      From worker 6:		num_strategies_changed:  	147525
      From worker 6:			num_random_strategies: 	9848
      From worker 6:		num_sets_changed: 		176530
      From worker 6:			num_random_opinions: 	0
      From worker 6:			num_biased_opinions: 	9894
      From worker 6:		num_both_changed: 		5074
      From worker 6:	
      From worker 2:	
      From worker 2:	starting b_1.0_c_0.2_N_40_M_5_K_3_P_2_beta_0.001_u_0.001_v_0.001_p_0.0_ϵ_1.0_gens_20000000_210219-061408.658
      From worker 5:	replicate complete, ran 20000000 generations:
      From worker 5:	
      From worker 5:		num_imitating:			10003170
      From worker 5:		num_not_imitating:		9996830
      From worker 5:		num_strategies_changed:  	144477
      From worker 5:			num_random_strategies: 	10005
      From worker 5:		num_sets_changed: 		166836
      From worker 5:			num_random_opinions: 	0
      From worker 5:			num_biased_opinions: 	10052
      From worker 5:		num_both_changed: 		3468
      From worker 5:	
      From worker 4:	data processed and exported
      From worker 6:	data processed and exported
      From worker 3:	replicate complete, ran 20000000 generations:
      From worker 3:	
      From worker 3:		num_imitating:			10000509
      From worker 3:		num_not_imitating:		9999491
      From worker 3:		num_strategies_changed:  	152830
      From worker 3:			num_random_strategies: 	9969
      From worker 3:		num_sets_changed: 		179544
      From worker 3:			num_random_opinions: 	0
      From worker 3:			num_biased_opinions: 	10035
      From worker 3:		num_both_changed: 		5856
      From worker 3:	
      From worker 5:	data processed and exported
      From worker 4:	
      From worker 4:	starting b_1.0_c_0.2_N_40_M_5_K_3_P_2_beta_0.001_u_0.001_v_0.001_p_0.0_ϵ_1.0_gens_20000000_210219-061408.658
      From worker 6:	
      From worker 6:	starting b_1.0_c_0.2_N_40_M_5_K_3_P_2_beta_0.001_u_0.001_v_0.001_p_0.0_ϵ_1.0_gens_20000000_210219-061408.658
      From worker 5:	
      From worker 5:	starting b_1.0_c_0.2_N_40_M_5_K_3_P_2_beta_0.001_u_0.001_v_0.001_p_0.0_ϵ_1.0_gens_20000000_210219-061408.658
      From worker 3:	data processed and exported
      From worker 3:	
      From worker 3:	starting b_1.0_c_0.2_N_40_M_5_K_3_P_2_beta_0.001_u_0.001_v_0.001_p_0.0_ϵ_1.0_gens_20000000_210219-061408.658
      From worker 14:	replicate complete, ran 20000000 generations:
      From worker 14:	
      From worker 14:		num_imitating:			17497825
      From worker 14:		num_not_imitating:		2502175
      From worker 14:		num_strategies_changed:  	505637
      From worker 14:			num_random_strategies: 	17598
      From worker 14:		num_sets_changed: 		13976857
      From worker 14:			num_random_opinions: 	1309986
      From worker 14:			num_biased_opinions: 	437201
      From worker 14:		num_both_changed: 		477705
      From worker 14:	
      From worker 15:	replicate complete, ran 20000000 generations:
      From worker 15:	
      From worker 15:		num_imitating:			17501176
      From worker 15:		num_not_imitating:		2498824
      From worker 15:		num_strategies_changed:  	496992
      From worker 15:			num_random_strategies: 	17601
      From worker 15:		num_sets_changed: 		13976529
      From worker 15:			num_random_opinions: 	1314120
      From worker 15:			num_biased_opinions: 	437353
      From worker 15:		num_both_changed: 		470156
      From worker 15:	
      From worker 16:	replicate complete, ran 20000000 generations:
      From worker 16:	
      From worker 16:		num_imitating:			17498368
      From worker 16:		num_not_imitating:		2501632
      From worker 16:		num_strategies_changed:  	491496
      From worker 16:			num_random_strategies: 	17652
      From worker 16:		num_sets_changed: 		13964549
      From worker 16:			num_random_opinions: 	1312887
      From worker 16:			num_biased_opinions: 	437655
      From worker 16:		num_both_changed: 		464009
      From worker 16:	
      From worker 14:	data processed and exported
      From worker 13:	replicate complete, ran 20000000 generations:
      From worker 13:	
      From worker 13:		num_imitating:			17501682
      From worker 13:		num_not_imitating:		2498318
      From worker 13:		num_strategies_changed:  	491110
      From worker 13:			num_random_strategies: 	17452
      From worker 13:		num_sets_changed: 		13983878
      From worker 13:			num_random_opinions: 	1314171
      From worker 13:			num_biased_opinions: 	437833
      From worker 13:		num_both_changed: 		462694
      From worker 13:	
      From worker 14:	
      From worker 14:	starting b_1.0_c_0.2_N_40_M_5_K_3_P_2_beta_0.001_u_0.001_v_0.1_p_0.5_ϵ_1.0_gens_20000000_210219-061408.658
      From worker 15:	data processed and exported
      From worker 16:	data processed and exported
      From worker 15:	
      From worker 15:	starting b_1.0_c_0.2_N_40_M_5_K_3_P_2_beta_0.001_u_0.001_v_0.1_p_0.5_ϵ_1.0_gens_20000000_210219-061408.658
      From worker 13:	data processed and exported
      From worker 16:	
      From worker 16:	starting b_1.0_c_0.2_N_40_M_5_K_3_P_2_beta_0.001_u_0.001_v_0.1_p_0.5_ϵ_1.0_gens_20000000_210219-061408.658
      From worker 12:	replicate complete, ran 20000000 generations:
      From worker 12:	
      From worker 12:		num_imitating:			17499668
      From worker 12:		num_not_imitating:		2500332
      From worker 12:		num_strategies_changed:  	500826
      From worker 12:			num_random_strategies: 	17600
      From worker 12:		num_sets_changed: 		13976306
      From worker 12:			num_random_opinions: 	1312611
      From worker 12:			num_biased_opinions: 	437311
      From worker 12:		num_both_changed: 		473320
      From worker 12:	
      From worker 13:	
      From worker 13:	starting b_1.0_c_0.2_N_40_M_5_K_3_P_2_beta_0.001_u_0.001_v_0.1_p_0.5_ϵ_1.0_gens_20000000_210219-061408.658
      From worker 12:	data processed and exported
      From worker 12:	
      From worker 12:	starting b_1.0_c_0.2_N_40_M_5_K_3_P_2_beta_0.001_u_0.001_v_0.1_p_0.5_ϵ_1.0_gens_20000000_210219-061408.658
      From worker 11:	replicate complete, ran 20000000 generations:
      From worker 11:	
      From worker 11:		num_imitating:			14997937
      From worker 11:		num_not_imitating:		5002063
      From worker 11:		num_strategies_changed:  	411871
      From worker 11:			num_random_strategies: 	15090
      From worker 11:		num_sets_changed: 		7133576
      From worker 11:			num_random_opinions: 	187419
      From worker 11:			num_biased_opinions: 	188100
      From worker 11:		num_both_changed: 		286110
      From worker 11:	
      From worker 9:	replicate complete, ran 20000000 generations:
      From worker 9:	
      From worker 9:		num_imitating:			15000032
      From worker 9:		num_not_imitating:		4999968
      From worker 9:		num_strategies_changed:  	401930
      From worker 9:			num_random_strategies: 	15189
      From worker 9:		num_sets_changed: 		7140248
      From worker 9:			num_random_opinions: 	187552
      From worker 9:			num_biased_opinions: 	187592
      From worker 9:		num_both_changed: 		274501
      From worker 9:	
      From worker 11:	data processed and exported
      From worker 11:	
      From worker 11:	starting b_1.0_c_0.2_N_40_M_5_K_3_P_2_beta_0.001_u_0.001_v_0.025_p_0.75_ϵ_1.0_gens_20000000_210219-061408.658
      From worker 7:	replicate complete, ran 20000000 generations:
      From worker 7:	
      From worker 7:		num_imitating:			15000850
      From worker 7:		num_not_imitating:		4999150
      From worker 7:		num_strategies_changed:  	447677
      From worker 7:			num_random_strategies: 	14977
      From worker 7:		num_sets_changed: 		7099605
      From worker 7:			num_random_opinions: 	187568
      From worker 7:			num_biased_opinions: 	186762
      From worker 7:		num_both_changed: 		318080
      From worker 7:	
      From worker 9:	data processed and exported
      From worker 10:	replicate complete, ran 20000000 generations:
      From worker 10:	
      From worker 10:		num_imitating:			15002140
      From worker 10:		num_not_imitating:		4997860
      From worker 10:		num_strategies_changed:  	423597
      From worker 10:			num_random_strategies: 	15100
      From worker 10:		num_sets_changed: 		7193045
      From worker 10:			num_random_opinions: 	187911
      From worker 10:			num_biased_opinions: 	187572
      From worker 10:		num_both_changed: 		301784
      From worker 10:	
      From worker 9:	
      From worker 9:	starting b_1.0_c_0.2_N_40_M_5_K_3_P_2_beta_0.001_u_0.001_v_0.025_p_0.75_ϵ_1.0_gens_20000000_210219-061408.658
      From worker 7:	data processed and exported
      From worker 10:	data processed and exported
      From worker 7:	
      From worker 7:	starting b_1.0_c_0.2_N_40_M_5_K_3_P_2_beta_0.001_u_0.001_v_0.025_p_0.75_ϵ_1.0_gens_20000000_210219-061408.658
      From worker 10:	
      From worker 10:	starting b_1.0_c_0.2_N_40_M_5_K_3_P_2_beta_0.001_u_0.001_v_0.025_p_0.75_ϵ_1.0_gens_20000000_210219-061408.658
      From worker 8:	replicate complete, ran 20000000 generations:
      From worker 8:	
      From worker 8:		num_imitating:			14997652
      From worker 8:		num_not_imitating:		5002348
      From worker 8:		num_strategies_changed:  	393464
      From worker 8:			num_random_strategies: 	14911
      From worker 8:		num_sets_changed: 		7111843
      From worker 8:			num_random_opinions: 	187186
      From worker 8:			num_biased_opinions: 	188057
      From worker 8:		num_both_changed: 		274864
      From worker 8:	
      From worker 8:	data processed and exported
      From worker 8:	
      From worker 8:	starting b_1.0_c_0.2_N_40_M_5_K_3_P_2_beta_0.001_u_0.001_v_0.025_p_0.75_ϵ_1.0_gens_20000000_210219-061408.658
      From worker 2:	replicate complete, ran 20000000 generations:
      From worker 2:	
      From worker 2:		num_imitating:			20000000
      From worker 2:		num_not_imitating:		0
      From worker 2:		num_strategies_changed:  	536515
      From worker 2:			num_random_strategies: 	19875
      From worker 2:		num_sets_changed: 		735787
      From worker 2:			num_random_opinions: 	19990
      From worker 2:			num_biased_opinions: 	0
      From worker 2:		num_both_changed: 		40465
      From worker 2:	
      From worker 2:	data processed and exported
      From worker 6:	replicate complete, ran 20000000 generations:
      From worker 6:	
      From worker 6:		num_imitating:			20000000
      From worker 6:		num_not_imitating:		0
      From worker 6:		num_strategies_changed:  	547152
      From worker 6:			num_random_strategies: 	19787
      From worker 6:		num_sets_changed: 		751785
      From worker 6:			num_random_opinions: 	19945
      From worker 6:			num_biased_opinions: 	0
      From worker 6:		num_both_changed: 		37894
      From worker 6:	
      From worker 2:	
      From worker 2:	starting b_1.0_c_0.2_N_40_M_5_K_3_P_2_beta_0.001_u_0.001_v_0.001_p_0.25_ϵ_1.0_gens_20000000_210219-061408.658
      From worker 4:	replicate complete, ran 20000000 generations:
      From worker 4:	
      From worker 4:		num_imitating:			20000000
      From worker 4:		num_not_imitating:		0
      From worker 4:		num_strategies_changed:  	550063
      From worker 4:			num_random_strategies: 	20134
      From worker 4:		num_sets_changed: 		792362
      From worker 4:			num_random_opinions: 	19907
      From worker 4:			num_biased_opinions: 	0
      From worker 4:		num_both_changed: 		41340
      From worker 4:	
      From worker 5:	replicate complete, ran 20000000 generations:
      From worker 5:	
      From worker 5:		num_imitating:			20000000
      From worker 5:		num_not_imitating:		0
      From worker 5:		num_strategies_changed:  	558355
      From worker 5:			num_random_strategies: 	19993
      From worker 5:		num_sets_changed: 		716073
      From worker 5:			num_random_opinions: 	19939
      From worker 5:			num_biased_opinions: 	0
      From worker 5:		num_both_changed: 		38605
      From worker 5:	
      From worker 6:	data processed and exported
      From worker 3:	replicate complete, ran 20000000 generations:
      From worker 3:	
      From worker 3:		num_imitating:			20000000
      From worker 3:		num_not_imitating:		0
      From worker 3:		num_strategies_changed:  	506539
      From worker 3:			num_random_strategies: 	19831
      From worker 3:		num_sets_changed: 		718549
      From worker 3:			num_random_opinions: 	19758
      From worker 3:			num_biased_opinions: 	0
      From worker 3:		num_both_changed: 		35434
      From worker 3:	
      From worker 4:	data processed and exported
      From worker 5:	data processed and exported
      From worker 6:	
      From worker 6:	starting b_1.0_c_0.2_N_40_M_5_K_3_P_2_beta_0.001_u_0.001_v_0.001_p_0.25_ϵ_1.0_gens_20000000_210219-061408.658
      From worker 4:	
      From worker 4:	starting b_1.0_c_0.2_N_40_M_5_K_3_P_2_beta_0.001_u_0.001_v_0.001_p_0.25_ϵ_1.0_gens_20000000_210219-061408.658
      From worker 5:	
      From worker 5:	starting b_1.0_c_0.2_N_40_M_5_K_3_P_2_beta_0.001_u_0.001_v_0.001_p_0.25_ϵ_1.0_gens_20000000_210219-061408.658
      From worker 3:	data processed and exported
      From worker 3:	
      From worker 3:	starting b_1.0_c_0.2_N_40_M_5_K_3_P_2_beta_0.001_u_0.001_v_0.001_p_0.25_ϵ_1.0_gens_20000000_210219-061408.658
      From worker 2:	replicate complete, ran 20000000 generations:
      From worker 2:	
      From worker 2:		num_imitating:			17500372
      From worker 2:		num_not_imitating:		2499628
      From worker 2:		num_strategies_changed:  	469391
      From worker 2:			num_random_strategies: 	17320
      From worker 2:		num_sets_changed: 		685927
      From worker 2:			num_random_opinions: 	13207
      From worker 2:			num_biased_opinions: 	4466
      From worker 2:		num_both_changed: 		34266
      From worker 2:	
      From worker 2:	data processed and exported
      From worker 6:	replicate complete, ran 20000000 generations:
      From worker 6:	
      From worker 6:		num_imitating:			17497869
      From worker 6:		num_not_imitating:		2502131
      From worker 6:		num_strategies_changed:  	501203
      From worker 6:			num_random_strategies: 	17500
      From worker 6:		num_sets_changed: 		639963
      From worker 6:			num_random_opinions: 	13013
      From worker 6:			num_biased_opinions: 	4390
      From worker 6:		num_both_changed: 		29269
      From worker 6:	
      From worker 2:	
      From worker 2:	starting b_1.0_c_0.2_N_40_M_5_K_3_P_2_beta_0.001_u_0.001_v_0.001_p_0.5_ϵ_1.0_gens_20000000_210219-061408.658
      From worker 5:	replicate complete, ran 20000000 generations:
      From worker 5:	
      From worker 5:		num_imitating:			17501486
      From worker 5:		num_not_imitating:		2498514
      From worker 5:		num_strategies_changed:  	503040
      From worker 5:			num_random_strategies: 	17310
      From worker 5:		num_sets_changed: 		659334
      From worker 5:			num_random_opinions: 	13311
      From worker 5:			num_biased_opinions: 	4318
      From worker 5:		num_both_changed: 		33873
      From worker 5:	
      From worker 6:	data processed and exported
      From worker 4:	replicate complete, ran 20000000 generations:
      From worker 4:	
      From worker 4:		num_imitating:			17498679
      From worker 4:		num_not_imitating:		2501321
      From worker 4:		num_strategies_changed:  	471708
      From worker 4:			num_random_strategies: 	17565
      From worker 4:		num_sets_changed: 		679481
      From worker 4:			num_random_opinions: 	13097
      From worker 4:			num_biased_opinions: 	4472
      From worker 4:		num_both_changed: 		39665
      From worker 4:	
      From worker 6:	
      From worker 6:	starting b_1.0_c_0.2_N_40_M_5_K_3_P_2_beta_0.001_u_0.001_v_0.001_p_0.5_ϵ_1.0_gens_20000000_210219-061408.658
      From worker 5:	data processed and exported
      From worker 3:	replicate complete, ran 20000000 generations:
      From worker 3:	
      From worker 3:		num_imitating:			17500159
      From worker 3:		num_not_imitating:		2499841
      From worker 3:		num_strategies_changed:  	487979
      From worker 3:			num_random_strategies: 	17263
      From worker 3:		num_sets_changed: 		667866
      From worker 3:			num_random_opinions: 	13247
      From worker 3:			num_biased_opinions: 	4276
      From worker 3:		num_both_changed: 		37490
      From worker 3:	
      From worker 4:	data processed and exported
      From worker 5:	
      From worker 5:	starting b_1.0_c_0.2_N_40_M_5_K_3_P_2_beta_0.001_u_0.001_v_0.001_p_0.5_ϵ_1.0_gens_20000000_210219-061408.658
      From worker 4:	
      From worker 4:	starting b_1.0_c_0.2_N_40_M_5_K_3_P_2_beta_0.001_u_0.001_v_0.001_p_0.5_ϵ_1.0_gens_20000000_210219-061408.658
      From worker 3:	data processed and exported
      From worker 3:	
      From worker 3:	starting b_1.0_c_0.2_N_40_M_5_K_3_P_2_beta_0.001_u_0.001_v_0.001_p_0.5_ϵ_1.0_gens_20000000_210219-061408.658
      From worker 11:	replicate complete, ran 20000000 generations:
      From worker 11:	
      From worker 11:		num_imitating:			12497821
      From worker 11:		num_not_imitating:		7502179
      From worker 11:		num_strategies_changed:  	345209
      From worker 11:			num_random_strategies: 	12533
      From worker 11:		num_sets_changed: 		5823727
      From worker 11:			num_random_opinions: 	78310
      From worker 11:			num_biased_opinions: 	234454
      From worker 11:		num_both_changed: 		245966
      From worker 11:	
      From worker 9:	replicate complete, ran 20000000 generations:
      From worker 9:	
      From worker 9:		num_imitating:			12499643
      From worker 9:		num_not_imitating:		7500357
      From worker 9:		num_strategies_changed:  	373981
      From worker 9:			num_random_strategies: 	12688
      From worker 9:		num_sets_changed: 		5821644
      From worker 9:			num_random_opinions: 	78473
      From worker 9:			num_biased_opinions: 	234556
      From worker 9:		num_both_changed: 		263789
      From worker 9:	
      From worker 11:	data processed and exported
      From worker 11:	
      From worker 11:	starting b_1.0_c_0.2_N_40_M_5_K_3_P_2_beta_0.001_u_0.001_v_0.025_p_1.0_ϵ_1.0_gens_20000000_210219-061408.658
      From worker 7:	replicate complete, ran 20000000 generations:
      From worker 7:	
      From worker 7:		num_imitating:			12504147
      From worker 7:		num_not_imitating:		7495853
      From worker 7:		num_strategies_changed:  	337359
      From worker 7:			num_random_strategies: 	12667
      From worker 7:		num_sets_changed: 		5781589
      From worker 7:			num_random_opinions: 	78333
      From worker 7:			num_biased_opinions: 	234212
      From worker 7:		num_both_changed: 		234504
      From worker 7:	
      From worker 9:	data processed and exported
      From worker 9:	
      From worker 9:	starting b_1.0_c_0.2_N_40_M_5_K_3_P_2_beta_0.001_u_0.001_v_0.025_p_1.0_ϵ_1.0_gens_20000000_210219-061408.658
      From worker 10:	replicate complete, ran 20000000 generations:
      From worker 10:	
      From worker 10:		num_imitating:			12501371
      From worker 10:		num_not_imitating:		7498629
      From worker 10:		num_strategies_changed:  	344770
      From worker 10:			num_random_strategies: 	12655
      From worker 10:		num_sets_changed: 		5850588
      From worker 10:			num_random_opinions: 	77901
      From worker 10:			num_biased_opinions: 	235475
      From worker 10:		num_both_changed: 		242177
      From worker 10:	
      From worker 7:	data processed and exported
      From worker 7:	
      From worker 7:	starting b_1.0_c_0.2_N_40_M_5_K_3_P_2_beta_0.001_u_0.001_v_0.025_p_1.0_ϵ_1.0_gens_20000000_210219-061408.658
      From worker 10:	data processed and exported
      From worker 15:	replicate complete, ran 20000000 generations:
      From worker 15:	
      From worker 15:		num_imitating:			14997879
      From worker 15:		num_not_imitating:		5002121
      From worker 15:		num_strategies_changed:  	427460
      From worker 15:			num_random_strategies: 	15107
      From worker 15:		num_sets_changed: 		11825846
      From worker 15:			num_random_opinions: 	749360
      From worker 15:			num_biased_opinions: 	750595
      From worker 15:		num_both_changed: 		401868
      From worker 15:	
      From worker 8:	replicate complete, ran 20000000 generations:
      From worker 8:	
      From worker 8:		num_imitating:			12500605
      From worker 8:		num_not_imitating:		7499395
      From worker 8:		num_strategies_changed:  	331119
      From worker 8:			num_random_strategies: 	12305
      From worker 8:		num_sets_changed: 		5780862
      From worker 8:			num_random_opinions: 	77899
      From worker 8:			num_biased_opinions: 	235005
      From worker 8:		num_both_changed: 		230847
      From worker 8:	
      From worker 14:	replicate complete, ran 20000000 generations:
      From worker 14:	
      From worker 14:		num_imitating:			14996058
      From worker 14:		num_not_imitating:		5003942
      From worker 14:		num_strategies_changed:  	404525
      From worker 14:			num_random_strategies: 	15021
      From worker 14:		num_sets_changed: 		11840069
      From worker 14:			num_random_opinions: 	749969
      From worker 14:			num_biased_opinions: 	749470
      From worker 14:		num_both_changed: 		378416
      From worker 14:	
      From worker 10:	
      From worker 10:	starting b_1.0_c_0.2_N_40_M_5_K_3_P_2_beta_0.001_u_0.001_v_0.025_p_1.0_ϵ_1.0_gens_20000000_210219-061408.658
      From worker 16:	replicate complete, ran 20000000 generations:
      From worker 16:	
      From worker 16:		num_imitating:			14999820
      From worker 16:		num_not_imitating:		5000180
      From worker 16:		num_strategies_changed:  	440719
      From worker 16:			num_random_strategies: 	14928
      From worker 16:		num_sets_changed: 		11819119
      From worker 16:			num_random_opinions: 	749304
      From worker 16:			num_biased_opinions: 	751338
      From worker 16:		num_both_changed: 		414427
      From worker 16:	
      From worker 15:	data processed and exported
      From worker 8:	data processed and exported
      From worker 14:	data processed and exported
      From worker 16:	data processed and exported
      From worker 15:	
      From worker 15:	starting b_1.0_c_0.2_N_40_M_5_K_3_P_2_beta_0.001_u_0.001_v_0.1_p_0.75_ϵ_1.0_gens_20000000_210219-061408.658
      From worker 8:	
      From worker 8:	starting b_1.0_c_0.2_N_40_M_5_K_3_P_2_beta_0.001_u_0.001_v_0.025_p_1.0_ϵ_1.0_gens_20000000_210219-061408.658
      From worker 13:	replicate complete, ran 20000000 generations:
      From worker 13:	
      From worker 13:		num_imitating:			15001591
      From worker 13:		num_not_imitating:		4998409
      From worker 13:		num_strategies_changed:  	404998
      From worker 13:			num_random_strategies: 	15085
      From worker 13:		num_sets_changed: 		11825448
      From worker 13:			num_random_opinions: 	749032
      From worker 13:			num_biased_opinions: 	749602
      From worker 13:		num_both_changed: 		379438
      From worker 13:	
      From worker 14:	
      From worker 14:	starting b_1.0_c_0.2_N_40_M_5_K_3_P_2_beta_0.001_u_0.001_v_0.1_p_0.75_ϵ_1.0_gens_20000000_210219-061408.658
      From worker 16:	
      From worker 16:	starting b_1.0_c_0.2_N_40_M_5_K_3_P_2_beta_0.001_u_0.001_v_0.1_p_0.75_ϵ_1.0_gens_20000000_210219-061408.658
      From worker 12:	replicate complete, ran 20000000 generations:
      From worker 12:	
      From worker 12:		num_imitating:			15001835
      From worker 12:		num_not_imitating:		4998165
      From worker 12:		num_strategies_changed:  	412547
      From worker 12:			num_random_strategies: 	14928
      From worker 12:		num_sets_changed: 		11825484
      From worker 12:			num_random_opinions: 	750002
      From worker 12:			num_biased_opinions: 	749017
      From worker 12:		num_both_changed: 		386098
      From worker 12:	
      From worker 13:	data processed and exported
      From worker 13:	
      From worker 13:	starting b_1.0_c_0.2_N_40_M_5_K_3_P_2_beta_0.001_u_0.001_v_0.1_p_0.75_ϵ_1.0_gens_20000000_210219-061408.658
      From worker 12:	data processed and exported
      From worker 12:	
      From worker 12:	starting b_1.0_c_0.2_N_40_M_5_K_3_P_2_beta_0.001_u_0.001_v_0.1_p_0.75_ϵ_1.0_gens_20000000_210219-061408.658
      From worker 2:	replicate complete, ran 20000000 generations:
      From worker 2:	
      From worker 2:		num_imitating:			14996985
      From worker 2:		num_not_imitating:		5003015
      From worker 2:		num_strategies_changed:  	413831
      From worker 2:			num_random_strategies: 	14861
      From worker 2:		num_sets_changed: 		575623
      From worker 2:			num_random_opinions: 	7454
      From worker 2:			num_biased_opinions: 	7584
      From worker 2:		num_both_changed: 		26296
      From worker 2:	
      From worker 2:	data processed and exported
      From worker 6:	replicate complete, ran 20000000 generations:
      From worker 6:	
      From worker 6:		num_imitating:			15003637
      From worker 6:		num_not_imitating:		4996363
      From worker 6:		num_strategies_changed:  	386979
      From worker 6:			num_random_strategies: 	14759
      From worker 6:		num_sets_changed: 		558453
      From worker 6:			num_random_opinions: 	7330
      From worker 6:			num_biased_opinions: 	7634
      From worker 6:		num_both_changed: 		24983
      From worker 6:	
      From worker 2:	
      From worker 2:	starting b_1.0_c_0.2_N_40_M_5_K_3_P_2_beta_0.001_u_0.001_v_0.001_p_0.75_ϵ_1.0_gens_20000000_210219-061408.658
      From worker 5:	replicate complete, ran 20000000 generations:
      From worker 5:	
      From worker 5:		num_imitating:			14997973
      From worker 5:		num_not_imitating:		5002027
      From worker 5:		num_strategies_changed:  	404520
      From worker 5:			num_random_strategies: 	14785
      From worker 5:		num_sets_changed: 		571052
      From worker 5:			num_random_opinions: 	7569
      From worker 5:			num_biased_opinions: 	7449
      From worker 5:		num_both_changed: 		26363
      From worker 5:	
      From worker 6:	data processed and exported
      From worker 4:	replicate complete, ran 20000000 generations:
      From worker 4:	
      From worker 4:		num_imitating:			14996090
      From worker 4:		num_not_imitating:		5003910
      From worker 4:		num_strategies_changed:  	412227
      From worker 4:			num_random_strategies: 	14770
      From worker 4:		num_sets_changed: 		566140
      From worker 4:			num_random_opinions: 	7383
      From worker 4:			num_biased_opinions: 	7507
      From worker 4:		num_both_changed: 		29027
      From worker 4:	
      From worker 6:	
      From worker 6:	starting b_1.0_c_0.2_N_40_M_5_K_3_P_2_beta_0.001_u_0.001_v_0.001_p_0.75_ϵ_1.0_gens_20000000_210219-061408.658
      From worker 3:	replicate complete, ran 20000000 generations:
      From worker 3:	
      From worker 3:		num_imitating:			15003855
      From worker 3:		num_not_imitating:		4996145
      From worker 3:		num_strategies_changed:  	413146
      From worker 3:			num_random_strategies: 	15203
      From worker 3:		num_sets_changed: 		547531
      From worker 3:			num_random_opinions: 	7518
      From worker 3:			num_biased_opinions: 	7487
      From worker 3:		num_both_changed: 		30022
      From worker 3:	
      From worker 5:	data processed and exported
      From worker 5:	
      From worker 5:	starting b_1.0_c_0.2_N_40_M_5_K_3_P_2_beta_0.001_u_0.001_v_0.001_p_0.75_ϵ_1.0_gens_20000000_210219-061408.658
      From worker 4:	data processed and exported
      From worker 4:	
      From worker 4:	starting b_1.0_c_0.2_N_40_M_5_K_3_P_2_beta_0.001_u_0.001_v_0.001_p_0.75_ϵ_1.0_gens_20000000_210219-061408.658
      From worker 3:	data processed and exported
      From worker 3:	
      From worker 3:	starting b_1.0_c_0.2_N_40_M_5_K_3_P_2_beta_0.001_u_0.001_v_0.001_p_0.75_ϵ_1.0_gens_20000000_210219-061408.658
      From worker 11:	replicate complete, ran 20000000 generations:
      From worker 11:	
      From worker 11:		num_imitating:			9999209
      From worker 11:		num_not_imitating:		10000791
      From worker 11:		num_strategies_changed:  	147491
      From worker 11:			num_random_strategies: 	10115
      From worker 11:		num_sets_changed: 		3024826
      From worker 11:			num_random_opinions: 	0
      From worker 11:			num_biased_opinions: 	250603
      From worker 11:		num_both_changed: 		73025
      From worker 11:	
      From worker 9:	replicate complete, ran 20000000 generations:
      From worker 9:	
      From worker 9:		num_imitating:			9999665
      From worker 9:		num_not_imitating:		10000335
      From worker 9:		num_strategies_changed:  	140740
      From worker 9:			num_random_strategies: 	9781
      From worker 9:		num_sets_changed: 		3007086
      From worker 9:			num_random_opinions: 	0
      From worker 9:			num_biased_opinions: 	249894
      From worker 9:		num_both_changed: 		69034
      From worker 9:	
      From worker 11:	data processed and exported
      From worker 11:	
      From worker 11:	starting b_1.0_c_0.2_N_40_M_5_K_3_P_2_beta_0.001_u_0.001_v_0.025_p_0.0_ϵ_1.0_gens_20000000_210219-061408.658
      From worker 7:	replicate complete, ran 20000000 generations:
      From worker 7:	
      From worker 7:		num_imitating:			9997790
      From worker 7:		num_not_imitating:		10002210
      From worker 7:		num_strategies_changed:  	146965
      From worker 7:			num_random_strategies: 	10029
      From worker 7:		num_sets_changed: 		3029860
      From worker 7:			num_random_opinions: 	0
      From worker 7:			num_biased_opinions: 	250348
      From worker 7:		num_both_changed: 		73058
      From worker 7:	
      From worker 9:	data processed and exported
      From worker 9:	
      From worker 9:	starting b_1.0_c_0.2_N_40_M_5_K_3_P_2_beta_0.001_u_0.001_v_0.025_p_0.0_ϵ_1.0_gens_20000000_210219-061408.658
      From worker 7:	data processed and exported
      From worker 10:	replicate complete, ran 20000000 generations:
      From worker 10:	
      From worker 10:		num_imitating:			9999877
      From worker 10:		num_not_imitating:		10000123
      From worker 10:		num_strategies_changed:  	150705
      From worker 10:			num_random_strategies: 	10001
      From worker 10:		num_sets_changed: 		3002209
      From worker 10:			num_random_opinions: 	0
      From worker 10:			num_biased_opinions: 	249626
      From worker 10:		num_both_changed: 		74200
      From worker 10:	
      From worker 7:	
      From worker 7:	starting b_1.0_c_0.2_N_40_M_5_K_3_P_2_beta_0.001_u_0.001_v_0.025_p_0.0_ϵ_1.0_gens_20000000_210219-061408.658
      From worker 10:	data processed and exported
      From worker 10:	
      From worker 10:	starting b_1.0_c_0.2_N_40_M_5_K_3_P_2_beta_0.001_u_0.001_v_0.025_p_0.0_ϵ_1.0_gens_20000000_210219-061408.658
      From worker 8:	replicate complete, ran 20000000 generations:
      From worker 8:	
      From worker 8:		num_imitating:			10000951
      From worker 8:		num_not_imitating:		9999049
      From worker 8:		num_strategies_changed:  	138805
      From worker 8:			num_random_strategies: 	9707
      From worker 8:		num_sets_changed: 		3004961
      From worker 8:			num_random_opinions: 	0
      From worker 8:			num_biased_opinions: 	250462
      From worker 8:		num_both_changed: 		66582
      From worker 8:	
      From worker 8:	data processed and exported
      From worker 8:	
      From worker 8:	starting b_1.0_c_0.2_N_40_M_5_K_3_P_2_beta_0.001_u_0.001_v_0.025_p_0.0_ϵ_1.0_gens_20000000_210219-061408.658
      From worker 2:	replicate complete, ran 20000000 generations:
      From worker 2:	
      From worker 2:		num_imitating:			12498714
      From worker 2:		num_not_imitating:		7501286
      From worker 2:		num_strategies_changed:  	323780
      From worker 2:			num_random_strategies: 	12408
      From worker 2:		num_sets_changed: 		452006
      From worker 2:			num_random_opinions: 	3259
      From worker 2:			num_biased_opinions: 	9327
      From worker 2:		num_both_changed: 		20071
      From worker 2:	
      From worker 2:	data processed and exported
      From worker 2:	
      From worker 2:	starting b_1.0_c_0.2_N_40_M_5_K_3_P_2_beta_0.001_u_0.001_v_0.001_p_1.0_ϵ_1.0_gens_20000000_210219-061408.658
      From worker 6:	replicate complete, ran 20000000 generations:
      From worker 6:	
      From worker 6:		num_imitating:			12500906
      From worker 6:		num_not_imitating:		7499094
      From worker 6:		num_strategies_changed:  	353571
      From worker 6:			num_random_strategies: 	12448
      From worker 6:		num_sets_changed: 		472307
      From worker 6:			num_random_opinions: 	3065
      From worker 6:			num_biased_opinions: 	9451
      From worker 6:		num_both_changed: 		27161
      From worker 6:	
      From worker 6:	data processed and exported
      From worker 5:	replicate complete, ran 20000000 generations:
      From worker 5:	
      From worker 5:		num_imitating:			12499169
      From worker 5:		num_not_imitating:		7500831
      From worker 5:		num_strategies_changed:  	360708
      From worker 5:			num_random_strategies: 	12669
      From worker 5:		num_sets_changed: 		488448
      From worker 5:			num_random_opinions: 	3117
      From worker 5:			num_biased_opinions: 	9506
      From worker 5:		num_both_changed: 		26417
      From worker 5:	
      From worker 6:	
      From worker 6:	starting b_1.0_c_0.2_N_40_M_5_K_3_P_2_beta_0.001_u_0.001_v_0.001_p_1.0_ϵ_1.0_gens_20000000_210219-061408.658
      From worker 4:	replicate complete, ran 20000000 generations:
      From worker 4:	
      From worker 4:		num_imitating:			12499957
      From worker 4:		num_not_imitating:		7500043
      From worker 4:		num_strategies_changed:  	336098
      From worker 4:			num_random_strategies: 	12585
      From worker 4:		num_sets_changed: 		446633
      From worker 4:			num_random_opinions: 	3081
      From worker 4:			num_biased_opinions: 	9307
      From worker 4:		num_both_changed: 		22846
      From worker 4:	
      From worker 3:	replicate complete, ran 20000000 generations:
      From worker 3:	
      From worker 3:		num_imitating:			12503173
      From worker 3:		num_not_imitating:		7496827
      From worker 3:		num_strategies_changed:  	330844
      From worker 3:			num_random_strategies: 	12287
      From worker 3:		num_sets_changed: 		481671
      From worker 3:			num_random_opinions: 	3154
      From worker 3:			num_biased_opinions: 	9467
      From worker 3:		num_both_changed: 		21513
      From worker 3:	
      From worker 5:	data processed and exported
      From worker 4:	data processed and exported
      From worker 5:	
      From worker 5:	starting b_1.0_c_0.2_N_40_M_5_K_3_P_2_beta_0.001_u_0.001_v_0.001_p_1.0_ϵ_1.0_gens_20000000_210219-061408.658
      From worker 4:	
