packages loaded
      From worker 6:	 Activating environment at `/tigress/mk28/CooperationPolarization2/Project.toml`
      From worker 5:	 Activating environment at `/tigress/mk28/CooperationPolarization2/Project.toml`
      From worker 3:	 Activating environment at `/tigress/mk28/CooperationPolarization2/Project.toml`
      From worker 4:	 Activating environment at `/tigress/mk28/CooperationPolarization2/Project.toml`
      From worker 2:	 Activating environment at `/tigress/mk28/CooperationPolarization2/Project.toml`
      From worker 15:	 Activating environment at `/tigress/mk28/CooperationPolarization2/Project.toml`
      From worker 11:	 Activating environment at `/tigress/mk28/CooperationPolarization2/Project.toml`
      From worker 13:	 Activating environment at `/tigress/mk28/CooperationPolarization2/Project.toml`
      From worker 14:	 Activating environment at `/tigress/mk28/CooperationPolarization2/Project.toml`
      From worker 9:	 Activating environment at `/tigress/mk28/CooperationPolarization2/Project.toml`
      From worker 12:	 Activating environment at `/tigress/mk28/CooperationPolarization2/Project.toml`
      From worker 8:	 Activating environment at `/tigress/mk28/CooperationPolarization2/Project.toml`
      From worker 10:	 Activating environment at `/tigress/mk28/CooperationPolarization2/Project.toml`
      From worker 16:	 Activating environment at `/tigress/mk28/CooperationPolarization2/Project.toml`
      From worker 7:	 Activating environment at `/tigress/mk28/CooperationPolarization2/Project.toml`
      From worker 9:	packages loaded
      From worker 3:	packages loaded
      From worker 6:	packages loaded
      From worker 11:	packages loaded
      From worker 15:	packages loaded
      From worker 5:	packages loaded
      From worker 13:	packages loaded
      From worker 2:	packages loaded
      From worker 12:	packages loaded
      From worker 8:	packages loaded
      From worker 10:	packages loaded
      From worker 4:	packages loaded
      From worker 14:	packages loaded
      From worker 7:	packages loaded
      From worker 16:	packages loaded
parameters defined
      From worker 3:	
      From worker 3:	starting b_1.0_c_0.2_N_40_M_4_K_2_P_2_beta_0.001_u_0.001_v_0.001_p_0.0_ϵ_1.0_gens_20000000_210216-130745.686
      From worker 5:	
      From worker 5:	starting b_1.0_c_0.2_N_40_M_4_K_2_P_2_beta_0.001_u_0.001_v_0.001_p_0.0_ϵ_1.0_gens_20000000_210216-130745.686
      From worker 7:	
      From worker 7:	starting b_1.0_c_0.2_N_40_M_4_K_2_P_2_beta_0.001_u_0.001_v_0.025_p_0.0_ϵ_1.0_gens_20000000_210216-130745.686
      From worker 4:	
      From worker 4:	starting b_1.0_c_0.2_N_40_M_4_K_2_P_2_beta_0.001_u_0.001_v_0.001_p_0.0_ϵ_1.0_gens_20000000_210216-130745.686
      From worker 10:	
      From worker 10:	starting b_1.0_c_0.2_N_40_M_4_K_2_P_2_beta_0.001_u_0.001_v_0.025_p_0.0_ϵ_1.0_gens_20000000_210216-130745.686
      From worker 6:	
      From worker 6:	starting b_1.0_c_0.2_N_40_M_4_K_2_P_2_beta_0.001_u_0.001_v_0.001_p_0.0_ϵ_1.0_gens_20000000_210216-130745.686
      From worker 16:	
      From worker 16:	starting b_1.0_c_0.2_N_40_M_4_K_2_P_2_beta_0.001_u_0.001_v_0.1_p_0.0_ϵ_1.0_gens_20000000_210216-130745.686
      From worker 8:	
      From worker 8:	starting b_1.0_c_0.2_N_40_M_4_K_2_P_2_beta_0.001_u_0.001_v_0.025_p_0.0_ϵ_1.0_gens_20000000_210216-130745.686
      From worker 9:	
      From worker 9:	starting b_1.0_c_0.2_N_40_M_4_K_2_P_2_beta_0.001_u_0.001_v_0.025_p_0.0_ϵ_1.0_gens_20000000_210216-130745.686
      From worker 14:	
      From worker 14:	starting b_1.0_c_0.2_N_40_M_4_K_2_P_2_beta_0.001_u_0.001_v_0.1_p_0.0_ϵ_1.0_gens_20000000_210216-130745.686
      From worker 15:	
      From worker 15:	starting b_1.0_c_0.2_N_40_M_4_K_2_P_2_beta_0.001_u_0.001_v_0.1_p_0.0_ϵ_1.0_gens_20000000_210216-130745.686
      From worker 2:	
      From worker 2:	starting b_1.0_c_0.2_N_40_M_4_K_2_P_2_beta_0.001_u_0.001_v_0.001_p_0.0_ϵ_1.0_gens_20000000_210216-130745.686
      From worker 13:	
      From worker 13:	starting b_1.0_c_0.2_N_40_M_4_K_2_P_2_beta_0.001_u_0.001_v_0.1_p_0.0_ϵ_1.0_gens_20000000_210216-130745.686
      From worker 12:	
      From worker 12:	starting b_1.0_c_0.2_N_40_M_4_K_2_P_2_beta_0.001_u_0.001_v_0.1_p_0.0_ϵ_1.0_gens_20000000_210216-130745.686
      From worker 11:	
      From worker 11:	starting b_1.0_c_0.2_N_40_M_4_K_2_P_2_beta_0.001_u_0.001_v_0.025_p_0.0_ϵ_1.0_gens_20000000_210216-130745.686
      From worker 6:	replicate complete, ran 20000000 generations:
      From worker 6:	
      From worker 6:		num_imitating:			20000000
      From worker 6:		num_not_imitating:		0
      From worker 6:		num_strategies_changed:  	547612
      From worker 6:			num_random_strategies: 	20132
      From worker 6:		num_sets_changed: 		697023
      From worker 6:			num_random_opinions: 	20070
      From worker 6:			num_biased_opinions: 	0
      From worker 6:		num_both_changed: 		36969
      From worker 6:	
      From worker 4:	replicate complete, ran 20000000 generations:
      From worker 4:	
      From worker 4:		num_imitating:			20000000
      From worker 4:		num_not_imitating:		0
      From worker 4:		num_strategies_changed:  	553275
      From worker 4:			num_random_strategies: 	19899
      From worker 4:		num_sets_changed: 		708720
      From worker 4:			num_random_opinions: 	19942
      From worker 4:			num_biased_opinions: 	0
      From worker 4:		num_both_changed: 		33014
      From worker 4:	
      From worker 6:	data processed and exported
      From worker 6:	
      From worker 6:	starting b_1.0_c_0.2_N_40_M_4_K_2_P_2_beta_0.001_u_0.001_v_0.001_p_0.25_ϵ_1.0_gens_20000000_210216-130745.686
      From worker 4:	data processed and exported
      From worker 5:	replicate complete, ran 20000000 generations:
      From worker 5:	
      From worker 5:		num_imitating:			20000000
      From worker 5:		num_not_imitating:		0
      From worker 5:		num_strategies_changed:  	562806
      From worker 5:			num_random_strategies: 	19841
      From worker 5:		num_sets_changed: 		692250
      From worker 5:			num_random_opinions: 	20034
      From worker 5:			num_biased_opinions: 	0
      From worker 5:		num_both_changed: 		29989
      From worker 5:	
      From worker 4:	
      From worker 4:	starting b_1.0_c_0.2_N_40_M_4_K_2_P_2_beta_0.001_u_0.001_v_0.001_p_0.25_ϵ_1.0_gens_20000000_210216-130745.686
      From worker 2:	replicate complete, ran 20000000 generations:
      From worker 2:	
      From worker 2:		num_imitating:			20000000
      From worker 2:		num_not_imitating:		0
      From worker 2:		num_strategies_changed:  	606609
      From worker 2:			num_random_strategies: 	19964
      From worker 2:		num_sets_changed: 		721045
      From worker 2:			num_random_opinions: 	20096
      From worker 2:			num_biased_opinions: 	0
      From worker 2:		num_both_changed: 		50210
      From worker 2:	
      From worker 5:	data processed and exported
      From worker 3:	replicate complete, ran 20000000 generations:
      From worker 3:	
      From worker 3:		num_imitating:			20000000
      From worker 3:		num_not_imitating:		0
      From worker 3:		num_strategies_changed:  	566140
      From worker 3:			num_random_strategies: 	19780
      From worker 3:		num_sets_changed: 		723371
      From worker 3:			num_random_opinions: 	20146
      From worker 3:			num_biased_opinions: 	0
      From worker 3:		num_both_changed: 		34289
      From worker 3:	
      From worker 2:	data processed and exported
      From worker 5:	
      From worker 5:	starting b_1.0_c_0.2_N_40_M_4_K_2_P_2_beta_0.001_u_0.001_v_0.001_p_0.25_ϵ_1.0_gens_20000000_210216-130745.686
      From worker 2:	
      From worker 2:	starting b_1.0_c_0.2_N_40_M_4_K_2_P_2_beta_0.001_u_0.001_v_0.001_p_0.25_ϵ_1.0_gens_20000000_210216-130745.686
      From worker 3:	data processed and exported
      From worker 3:	
      From worker 3:	starting b_1.0_c_0.2_N_40_M_4_K_2_P_2_beta_0.001_u_0.001_v_0.001_p_0.25_ϵ_1.0_gens_20000000_210216-130745.686
      From worker 10:	replicate complete, ran 20000000 generations:
      From worker 10:	
      From worker 10:		num_imitating:			20000000
      From worker 10:		num_not_imitating:		0
      From worker 10:		num_strategies_changed:  	576741
      From worker 10:			num_random_strategies: 	19896
      From worker 10:		num_sets_changed: 		9409484
      From worker 10:			num_random_opinions: 	498974
      From worker 10:			num_biased_opinions: 	0
      From worker 10:		num_both_changed: 		399204
      From worker 10:	
      From worker 11:	replicate complete, ran 20000000 generations:
      From worker 11:	
      From worker 11:		num_imitating:			20000000
      From worker 11:		num_not_imitating:		0
      From worker 11:		num_strategies_changed:  	575708
      From worker 11:			num_random_strategies: 	20091
      From worker 11:		num_sets_changed: 		9441842
      From worker 11:			num_random_opinions: 	500051
      From worker 11:			num_biased_opinions: 	0
      From worker 11:		num_both_changed: 		396654
      From worker 11:	
      From worker 8:	replicate complete, ran 20000000 generations:
      From worker 8:	
      From worker 8:		num_imitating:			20000000
      From worker 8:		num_not_imitating:		0
      From worker 8:		num_strategies_changed:  	580487
      From worker 8:			num_random_strategies: 	20117
      From worker 8:		num_sets_changed: 		9392103
      From worker 8:			num_random_opinions: 	499474
      From worker 8:			num_biased_opinions: 	0
      From worker 8:		num_both_changed: 		405827
      From worker 8:	
      From worker 7:	replicate complete, ran 20000000 generations:
      From worker 7:	
      From worker 7:		num_imitating:			20000000
      From worker 7:		num_not_imitating:		0
      From worker 7:		num_strategies_changed:  	572003
      From worker 7:			num_random_strategies: 	20024
      From worker 7:		num_sets_changed: 		9441822
      From worker 7:			num_random_opinions: 	499072
      From worker 7:			num_biased_opinions: 	0
      From worker 7:		num_both_changed: 		396010
      From worker 7:	
      From worker 9:	replicate complete, ran 20000000 generations:
      From worker 9:	
      From worker 9:		num_imitating:			20000000
      From worker 9:		num_not_imitating:		0
      From worker 9:		num_strategies_changed:  	545864
      From worker 9:			num_random_strategies: 	20017
      From worker 9:		num_sets_changed: 		9413049
      From worker 9:			num_random_opinions: 	499127
      From worker 9:			num_biased_opinions: 	0
      From worker 9:		num_both_changed: 		377561
      From worker 9:	
      From worker 10:	data processed and exported
      From worker 11:	data processed and exported
      From worker 8:	data processed and exported
      From worker 7:	data processed and exported
      From worker 10:	
      From worker 10:	starting b_1.0_c_0.2_N_40_M_4_K_2_P_2_beta_0.001_u_0.001_v_0.025_p_0.25_ϵ_1.0_gens_20000000_210216-130745.686
      From worker 9:	data processed and exported
      From worker 11:	
      From worker 11:	starting b_1.0_c_0.2_N_40_M_4_K_2_P_2_beta_0.001_u_0.001_v_0.025_p_0.25_ϵ_1.0_gens_20000000_210216-130745.686
      From worker 8:	
      From worker 8:	starting b_1.0_c_0.2_N_40_M_4_K_2_P_2_beta_0.001_u_0.001_v_0.025_p_0.25_ϵ_1.0_gens_20000000_210216-130745.686
      From worker 7:	
      From worker 7:	starting b_1.0_c_0.2_N_40_M_4_K_2_P_2_beta_0.001_u_0.001_v_0.025_p_0.25_ϵ_1.0_gens_20000000_210216-130745.686
      From worker 9:	
      From worker 9:	starting b_1.0_c_0.2_N_40_M_4_K_2_P_2_beta_0.001_u_0.001_v_0.025_p_0.25_ϵ_1.0_gens_20000000_210216-130745.686
      From worker 6:	replicate complete, ran 20000000 generations:
      From worker 6:	
      From worker 6:		num_imitating:			17498634
      From worker 6:		num_not_imitating:		2501366
      From worker 6:		num_strategies_changed:  	489074
      From worker 6:			num_random_strategies: 	17287
      From worker 6:		num_sets_changed: 		627950
      From worker 6:			num_random_opinions: 	13185
      From worker 6:			num_biased_opinions: 	4304
      From worker 6:		num_both_changed: 		37178
      From worker 6:	
      From worker 4:	replicate complete, ran 20000000 generations:
      From worker 4:	
      From worker 4:		num_imitating:			17497926
      From worker 4:		num_not_imitating:		2502074
      From worker 4:		num_strategies_changed:  	494897
      From worker 4:			num_random_strategies: 	17645
      From worker 4:		num_sets_changed: 		629435
      From worker 4:			num_random_opinions: 	13044
      From worker 4:			num_biased_opinions: 	4351
      From worker 4:		num_both_changed: 		35175
      From worker 4:	
      From worker 6:	data processed and exported
      From worker 6:	
      From worker 6:	starting b_1.0_c_0.2_N_40_M_4_K_2_P_2_beta_0.001_u_0.001_v_0.001_p_0.5_ϵ_1.0_gens_20000000_210216-130745.686
      From worker 4:	data processed and exported
      From worker 4:	
      From worker 4:	starting b_1.0_c_0.2_N_40_M_4_K_2_P_2_beta_0.001_u_0.001_v_0.001_p_0.5_ϵ_1.0_gens_20000000_210216-130745.686
      From worker 2:	replicate complete, ran 20000000 generations:
      From worker 2:	
      From worker 2:		num_imitating:			17500999
      From worker 2:		num_not_imitating:		2499001
      From worker 2:		num_strategies_changed:  	507379
      From worker 2:			num_random_strategies: 	17563
      From worker 2:		num_sets_changed: 		596809
      From worker 2:			num_random_opinions: 	13224
      From worker 2:			num_biased_opinions: 	4355
      From worker 2:		num_both_changed: 		33352
      From worker 2:	
      From worker 5:	replicate complete, ran 20000000 generations:
      From worker 5:	
      From worker 5:		num_imitating:			17500939
      From worker 5:		num_not_imitating:		2499061
      From worker 5:		num_strategies_changed:  	470389
      From worker 5:			num_random_strategies: 	17225
      From worker 5:		num_sets_changed: 		611755
      From worker 5:			num_random_opinions: 	13176
      From worker 5:			num_biased_opinions: 	4282
      From worker 5:		num_both_changed: 		27792
      From worker 5:	
      From worker 2:	data processed and exported
      From worker 2:	
      From worker 2:	starting b_1.0_c_0.2_N_40_M_4_K_2_P_2_beta_0.001_u_0.001_v_0.001_p_0.5_ϵ_1.0_gens_20000000_210216-130745.686
      From worker 5:	data processed and exported
      From worker 3:	replicate complete, ran 20000000 generations:
      From worker 3:	
      From worker 3:		num_imitating:			17498258
      From worker 3:		num_not_imitating:		2501742
      From worker 3:		num_strategies_changed:  	498293
      From worker 3:			num_random_strategies: 	17564
      From worker 3:		num_sets_changed: 		633144
      From worker 3:			num_random_opinions: 	13038
      From worker 3:			num_biased_opinions: 	4341
      From worker 3:		num_both_changed: 		29729
      From worker 3:	
      From worker 5:	
      From worker 5:	starting b_1.0_c_0.2_N_40_M_4_K_2_P_2_beta_0.001_u_0.001_v_0.001_p_0.5_ϵ_1.0_gens_20000000_210216-130745.686
      From worker 3:	data processed and exported
      From worker 3:	
      From worker 3:	starting b_1.0_c_0.2_N_40_M_4_K_2_P_2_beta_0.001_u_0.001_v_0.001_p_0.5_ϵ_1.0_gens_20000000_210216-130745.686
      From worker 12:	replicate complete, ran 20000000 generations:
      From worker 12:	
      From worker 12:		num_imitating:			20000000
      From worker 12:		num_not_imitating:		0
      From worker 12:		num_strategies_changed:  	549171
      From worker 12:			num_random_strategies: 	20027
      From worker 12:		num_sets_changed: 		15593886
      From worker 12:			num_random_opinions: 	2000303
      From worker 12:			num_biased_opinions: 	0
      From worker 12:		num_both_changed: 		503678
      From worker 12:	
      From worker 15:	replicate complete, ran 20000000 generations:
      From worker 15:	
      From worker 15:		num_imitating:			20000000
      From worker 15:		num_not_imitating:		0
      From worker 15:		num_strategies_changed:  	559939
      From worker 15:			num_random_strategies: 	19854
      From worker 15:		num_sets_changed: 		15572797
      From worker 15:			num_random_opinions: 	1998525
      From worker 15:			num_biased_opinions: 	0
      From worker 15:		num_both_changed: 		516075
      From worker 15:	
      From worker 16:	replicate complete, ran 20000000 generations:
      From worker 16:	
      From worker 16:		num_imitating:			20000000
      From worker 16:		num_not_imitating:		0
      From worker 16:		num_strategies_changed:  	552862
      From worker 16:			num_random_strategies: 	19790
      From worker 16:		num_sets_changed: 		15570131
      From worker 16:			num_random_opinions: 	1998088
      From worker 16:			num_biased_opinions: 	0
      From worker 16:		num_both_changed: 		507927
      From worker 16:	
      From worker 12:	data processed and exported
      From worker 14:	replicate complete, ran 20000000 generations:
      From worker 14:	
      From worker 14:		num_imitating:			20000000
      From worker 14:		num_not_imitating:		0
      From worker 14:		num_strategies_changed:  	590950
      From worker 14:			num_random_strategies: 	20090
      From worker 14:		num_sets_changed: 		15578232
      From worker 14:			num_random_opinions: 	2001116
      From worker 14:			num_biased_opinions: 	0
      From worker 14:		num_both_changed: 		542520
      From worker 14:	
      From worker 12:	
      From worker 12:	starting b_1.0_c_0.2_N_40_M_4_K_2_P_2_beta_0.001_u_0.001_v_0.1_p_0.25_ϵ_1.0_gens_20000000_210216-130745.686
      From worker 15:	data processed and exported
      From worker 16:	data processed and exported
      From worker 13:	replicate complete, ran 20000000 generations:
      From worker 13:	
      From worker 13:		num_imitating:			20000000
      From worker 13:		num_not_imitating:		0
      From worker 13:		num_strategies_changed:  	563420
      From worker 13:			num_random_strategies: 	20009
      From worker 13:		num_sets_changed: 		15594749
      From worker 13:			num_random_opinions: 	2000747
      From worker 13:			num_biased_opinions: 	0
      From worker 13:		num_both_changed: 		519252
      From worker 13:	
      From worker 15:	
      From worker 15:	starting b_1.0_c_0.2_N_40_M_4_K_2_P_2_beta_0.001_u_0.001_v_0.1_p_0.25_ϵ_1.0_gens_20000000_210216-130745.686
      From worker 16:	
      From worker 16:	starting b_1.0_c_0.2_N_40_M_4_K_2_P_2_beta_0.001_u_0.001_v_0.1_p_0.25_ϵ_1.0_gens_20000000_210216-130745.686
      From worker 14:	data processed and exported
      From worker 14:	
      From worker 14:	starting b_1.0_c_0.2_N_40_M_4_K_2_P_2_beta_0.001_u_0.001_v_0.1_p_0.25_ϵ_1.0_gens_20000000_210216-130745.686
      From worker 13:	data processed and exported
      From worker 13:	
      From worker 13:	starting b_1.0_c_0.2_N_40_M_4_K_2_P_2_beta_0.001_u_0.001_v_0.1_p_0.25_ϵ_1.0_gens_20000000_210216-130745.686
      From worker 6:	replicate complete, ran 20000000 generations:
      From worker 6:	
      From worker 6:		num_imitating:			14997602
      From worker 6:		num_not_imitating:		5002398
      From worker 6:		num_strategies_changed:  	394906
      From worker 6:			num_random_strategies: 	14854
      From worker 6:		num_sets_changed: 		546651
      From worker 6:			num_random_opinions: 	7448
      From worker 6:			num_biased_opinions: 	7553
      From worker 6:		num_both_changed: 		28310
      From worker 6:	
      From worker 4:	replicate complete, ran 20000000 generations:
      From worker 4:	
      From worker 4:		num_imitating:			14997763
      From worker 4:		num_not_imitating:		5002237
      From worker 4:		num_strategies_changed:  	426899
      From worker 4:			num_random_strategies: 	14880
      From worker 4:		num_sets_changed: 		488300
      From worker 4:			num_random_opinions: 	7393
      From worker 4:			num_biased_opinions: 	7446
      From worker 4:		num_both_changed: 		28678
      From worker 4:	
      From worker 6:	data processed and exported
      From worker 4:	data processed and exported
      From worker 6:	
      From worker 6:	starting b_1.0_c_0.2_N_40_M_4_K_2_P_2_beta_0.001_u_0.001_v_0.001_p_0.75_ϵ_1.0_gens_20000000_210216-130745.686
      From worker 4:	
      From worker 4:	starting b_1.0_c_0.2_N_40_M_4_K_2_P_2_beta_0.001_u_0.001_v_0.001_p_0.75_ϵ_1.0_gens_20000000_210216-130745.686
      From worker 2:	replicate complete, ran 20000000 generations:
      From worker 2:	
      From worker 2:		num_imitating:			14998293
      From worker 2:		num_not_imitating:		5001707
      From worker 2:		num_strategies_changed:  	446127
      From worker 2:			num_random_strategies: 	15045
      From worker 2:		num_sets_changed: 		511509
      From worker 2:			num_random_opinions: 	7444
      From worker 2:			num_biased_opinions: 	7488
      From worker 2:		num_both_changed: 		27597
      From worker 2:	
      From worker 5:	replicate complete, ran 20000000 generations:
      From worker 5:	
      From worker 5:		num_imitating:			15000837
      From worker 5:		num_not_imitating:		4999163
      From worker 5:		num_strategies_changed:  	435489
      From worker 5:			num_random_strategies: 	14978
      From worker 5:		num_sets_changed: 		524929
      From worker 5:			num_random_opinions: 	7624
      From worker 5:			num_biased_opinions: 	7573
      From worker 5:		num_both_changed: 		23263
      From worker 5:	
      From worker 2:	data processed and exported
      From worker 2:	
      From worker 2:	starting b_1.0_c_0.2_N_40_M_4_K_2_P_2_beta_0.001_u_0.001_v_0.001_p_0.75_ϵ_1.0_gens_20000000_210216-130745.686
      From worker 3:	replicate complete, ran 20000000 generations:
      From worker 3:	
      From worker 3:		num_imitating:			15000438
      From worker 3:		num_not_imitating:		4999562
      From worker 3:		num_strategies_changed:  	406958
      From worker 3:			num_random_strategies: 	14742
      From worker 3:		num_sets_changed: 		526579
      From worker 3:			num_random_opinions: 	7410
      From worker 3:			num_biased_opinions: 	7351
      From worker 3:		num_both_changed: 		28420
      From worker 3:	
      From worker 5:	data processed and exported
      From worker 5:	
      From worker 5:	starting b_1.0_c_0.2_N_40_M_4_K_2_P_2_beta_0.001_u_0.001_v_0.001_p_0.75_ϵ_1.0_gens_20000000_210216-130745.686
      From worker 3:	data processed and exported
      From worker 3:	
      From worker 3:	starting b_1.0_c_0.2_N_40_M_4_K_2_P_2_beta_0.001_u_0.001_v_0.001_p_0.75_ϵ_1.0_gens_20000000_210216-130745.686
      From worker 10:	replicate complete, ran 20000000 generations:
      From worker 10:	
      From worker 10:		num_imitating:			17502771
      From worker 10:		num_not_imitating:		2497229
      From worker 10:		num_strategies_changed:  	491292
      From worker 10:			num_random_strategies: 	17441
      From worker 10:		num_sets_changed: 		8191396
      From worker 10:			num_random_opinions: 	327579
      From worker 10:			num_biased_opinions: 	110092
      From worker 10:		num_both_changed: 		334495
      From worker 10:	
      From worker 7:	replicate complete, ran 20000000 generations:
      From worker 7:	
      From worker 7:		num_imitating:			17499602
      From worker 7:		num_not_imitating:		2500398
      From worker 7:		num_strategies_changed:  	470720
      From worker 7:			num_random_strategies: 	17357
      From worker 7:		num_sets_changed: 		8189659
      From worker 7:			num_random_opinions: 	327241
      From worker 7:			num_biased_opinions: 	109421
      From worker 7:		num_both_changed: 		330762
      From worker 7:	
      From worker 8:	replicate complete, ran 20000000 generations:
      From worker 8:	
      From worker 8:		num_imitating:			17500974
      From worker 8:		num_not_imitating:		2499026
      From worker 8:		num_strategies_changed:  	484505
      From worker 8:			num_random_strategies: 	17407
      From worker 8:		num_sets_changed: 		8201562
      From worker 8:			num_random_opinions: 	328285
      From worker 8:			num_biased_opinions: 	109786
      From worker 8:		num_both_changed: 		328389
      From worker 8:	
      From worker 9:	replicate complete, ran 20000000 generations:
      From worker 9:	
      From worker 9:		num_imitating:			17500898
      From worker 9:		num_not_imitating:		2499102
      From worker 9:		num_strategies_changed:  	503195
      From worker 9:			num_random_strategies: 	17373
      From worker 9:		num_sets_changed: 		8196375
      From worker 9:			num_random_opinions: 	328406
      From worker 9:			num_biased_opinions: 	109094
      From worker 9:		num_both_changed: 		348936
      From worker 9:	
      From worker 10:	data processed and exported
      From worker 7:	data processed and exported
      From worker 8:	data processed and exported
      From worker 10:	
      From worker 10:	starting b_1.0_c_0.2_N_40_M_4_K_2_P_2_beta_0.001_u_0.001_v_0.025_p_0.5_ϵ_1.0_gens_20000000_210216-130745.686
      From worker 7:	
      From worker 7:	starting b_1.0_c_0.2_N_40_M_4_K_2_P_2_beta_0.001_u_0.001_v_0.025_p_0.5_ϵ_1.0_gens_20000000_210216-130745.686
      From worker 8:	
      From worker 8:	starting b_1.0_c_0.2_N_40_M_4_K_2_P_2_beta_0.001_u_0.001_v_0.025_p_0.5_ϵ_1.0_gens_20000000_210216-130745.686
      From worker 11:	replicate complete, ran 20000000 generations:
      From worker 11:	
      From worker 11:		num_imitating:			17498792
      From worker 11:		num_not_imitating:		2501208
      From worker 11:		num_strategies_changed:  	478691
      From worker 11:			num_random_strategies: 	17315
      From worker 11:		num_sets_changed: 		8186587
      From worker 11:			num_random_opinions: 	327639
      From worker 11:			num_biased_opinions: 	109114
      From worker 11:		num_both_changed: 		330766
      From worker 11:	
      From worker 9:	data processed and exported
      From worker 9:	
      From worker 9:	starting b_1.0_c_0.2_N_40_M_4_K_2_P_2_beta_0.001_u_0.001_v_0.025_p_0.5_ϵ_1.0_gens_20000000_210216-130745.686
      From worker 11:	data processed and exported
      From worker 11:	
      From worker 11:	starting b_1.0_c_0.2_N_40_M_4_K_2_P_2_beta_0.001_u_0.001_v_0.025_p_0.5_ϵ_1.0_gens_20000000_210216-130745.686
      From worker 6:	replicate complete, ran 20000000 generations:
      From worker 6:	
      From worker 6:		num_imitating:			12502315
      From worker 6:		num_not_imitating:		7497685
      From worker 6:		num_strategies_changed:  	319892
      From worker 6:			num_random_strategies: 	12464
      From worker 6:		num_sets_changed: 		433037
      From worker 6:			num_random_opinions: 	3150
      From worker 6:			num_biased_opinions: 	9476
      From worker 6:		num_both_changed: 		23558
      From worker 6:	
      From worker 4:	replicate complete, ran 20000000 generations:
      From worker 4:	
      From worker 4:		num_imitating:			12504776
      From worker 4:		num_not_imitating:		7495224
      From worker 4:		num_strategies_changed:  	373516
      From worker 4:			num_random_strategies: 	12333
      From worker 4:		num_sets_changed: 		421774
      From worker 4:			num_random_opinions: 	3155
      From worker 4:			num_biased_opinions: 	9246
      From worker 4:		num_both_changed: 		26598
      From worker 4:	
      From worker 6:	data processed and exported
      From worker 6:	
      From worker 6:	starting b_1.0_c_0.2_N_40_M_4_K_2_P_2_beta_0.001_u_0.001_v_0.001_p_1.0_ϵ_1.0_gens_20000000_210216-130745.686
      From worker 4:	data processed and exported
      From worker 4:	
      From worker 4:	starting b_1.0_c_0.2_N_40_M_4_K_2_P_2_beta_0.001_u_0.001_v_0.001_p_1.0_ϵ_1.0_gens_20000000_210216-130745.686
      From worker 2:	replicate complete, ran 20000000 generations:
      From worker 2:	
      From worker 2:		num_imitating:			12501383
      From worker 2:		num_not_imitating:		7498617
      From worker 2:		num_strategies_changed:  	346945
      From worker 2:			num_random_strategies: 	12563
      From worker 2:		num_sets_changed: 		416188
      From worker 2:			num_random_opinions: 	3002
      From worker 2:			num_biased_opinions: 	9237
      From worker 2:		num_both_changed: 		22967
      From worker 2:	
      From worker 5:	replicate complete, ran 20000000 generations:
      From worker 5:	
      From worker 5:		num_imitating:			12498766
      From worker 5:		num_not_imitating:		7501234
      From worker 5:		num_strategies_changed:  	362101
      From worker 5:			num_random_strategies: 	12556
      From worker 5:		num_sets_changed: 		436433
      From worker 5:			num_random_opinions: 	3115
      From worker 5:			num_biased_opinions: 	9553
      From worker 5:		num_both_changed: 		26611
      From worker 5:	
      From worker 2:	data processed and exported
      From worker 3:	replicate complete, ran 20000000 generations:
      From worker 3:	
      From worker 3:		num_imitating:			12500285
      From worker 3:		num_not_imitating:		7499715
      From worker 3:		num_strategies_changed:  	353163
      From worker 3:			num_random_strategies: 	12357
      From worker 3:		num_sets_changed: 		413449
      From worker 3:			num_random_opinions: 	3111
      From worker 3:			num_biased_opinions: 	9296
      From worker 3:		num_both_changed: 		25026
      From worker 3:	
      From worker 2:	
      From worker 2:	starting b_1.0_c_0.2_N_40_M_4_K_2_P_2_beta_0.001_u_0.001_v_0.001_p_1.0_ϵ_1.0_gens_20000000_210216-130745.686
      From worker 5:	data processed and exported
      From worker 5:	
      From worker 5:	starting b_1.0_c_0.2_N_40_M_4_K_2_P_2_beta_0.001_u_0.001_v_0.001_p_1.0_ϵ_1.0_gens_20000000_210216-130745.686
      From worker 3:	data processed and exported
      From worker 3:	
      From worker 3:	starting b_1.0_c_0.2_N_40_M_4_K_2_P_2_beta_0.001_u_0.001_v_0.001_p_1.0_ϵ_1.0_gens_20000000_210216-130745.686
      From worker 12:	replicate complete, ran 20000000 generations:
      From worker 12:	
      From worker 12:		num_imitating:			17501464
      From worker 12:		num_not_imitating:		2498536
      From worker 12:		num_strategies_changed:  	486179
      From worker 12:			num_random_strategies: 	17667
      From worker 12:		num_sets_changed: 		13544716
      From worker 12:			num_random_opinions: 	1311559
      From worker 12:			num_biased_opinions: 	438718
      From worker 12:		num_both_changed: 		444318
      From worker 12:	
      From worker 12:	data processed and exported
      From worker 12:	
      From worker 12:	starting b_1.0_c_0.2_N_40_M_4_K_2_P_2_beta_0.001_u_0.001_v_0.1_p_0.5_ϵ_1.0_gens_20000000_210216-130745.686
      From worker 16:	replicate complete, ran 20000000 generations:
      From worker 16:	
      From worker 16:		num_imitating:			17498995
      From worker 16:		num_not_imitating:		2501005
      From worker 16:		num_strategies_changed:  	497923
      From worker 16:			num_random_strategies: 	17608
      From worker 16:		num_sets_changed: 		13560537
      From worker 16:			num_random_opinions: 	1312897
      From worker 16:			num_biased_opinions: 	437814
      From worker 16:		num_both_changed: 		456464
      From worker 16:	
      From worker 16:	data processed and exported
      From worker 14:	replicate complete, ran 20000000 generations:
      From worker 14:	
      From worker 14:		num_imitating:			17502763
      From worker 14:		num_not_imitating:		2497237
      From worker 14:		num_strategies_changed:  	472998
      From worker 14:			num_random_strategies: 	17346
      From worker 14:		num_sets_changed: 		13555334
      From worker 14:			num_random_opinions: 	1312212
      From worker 14:			num_biased_opinions: 	437606
      From worker 14:		num_both_changed: 		434128
      From worker 14:	
      From worker 16:	
      From worker 16:	starting b_1.0_c_0.2_N_40_M_4_K_2_P_2_beta_0.001_u_0.001_v_0.1_p_0.5_ϵ_1.0_gens_20000000_210216-130745.686
      From worker 15:	replicate complete, ran 20000000 generations:
      From worker 15:	
      From worker 15:		num_imitating:			17499753
      From worker 15:		num_not_imitating:		2500247
      From worker 15:		num_strategies_changed:  	495498
      From worker 15:			num_random_strategies: 	17567
      From worker 15:		num_sets_changed: 		13551487
      From worker 15:			num_random_opinions: 	1312259
      From worker 15:			num_biased_opinions: 	437675
      From worker 15:		num_both_changed: 		453306
      From worker 15:	
      From worker 13:	replicate complete, ran 20000000 generations:
      From worker 13:	
      From worker 13:		num_imitating:			17499007
      From worker 13:		num_not_imitating:		2500993
      From worker 13:		num_strategies_changed:  	498926
      From worker 13:			num_random_strategies: 	17373
      From worker 13:		num_sets_changed: 		13562699
      From worker 13:			num_random_opinions: 	1313309
      From worker 13:			num_biased_opinions: 	438262
      From worker 13:		num_both_changed: 		457088
      From worker 13:	
      From worker 14:	data processed and exported
      From worker 15:	data processed and exported
      From worker 14:	
      From worker 14:	starting b_1.0_c_0.2_N_40_M_4_K_2_P_2_beta_0.001_u_0.001_v_0.1_p_0.5_ϵ_1.0_gens_20000000_210216-130745.686
      From worker 13:	data processed and exported
      From worker 15:	
      From worker 15:	starting b_1.0_c_0.2_N_40_M_4_K_2_P_2_beta_0.001_u_0.001_v_0.1_p_0.5_ϵ_1.0_gens_20000000_210216-130745.686
      From worker 13:	
      From worker 13:	starting b_1.0_c_0.2_N_40_M_4_K_2_P_2_beta_0.001_u_0.001_v_0.1_p_0.5_ϵ_1.0_gens_20000000_210216-130745.686
      From worker 6:	replicate complete, ran 20000000 generations:
      From worker 6:	
      From worker 6:		num_imitating:			9998914
      From worker 6:		num_not_imitating:		10001086
      From worker 6:		num_strategies_changed:  	148723
      From worker 6:			num_random_strategies: 	9975
      From worker 6:		num_sets_changed: 		158075
      From worker 6:			num_random_opinions: 	0
      From worker 6:			num_biased_opinions: 	9952
      From worker 6:		num_both_changed: 		5319
      From worker 6:	
      From worker 4:	replicate complete, ran 20000000 generations:
      From worker 4:	
      From worker 4:		num_imitating:			10000307
      From worker 4:		num_not_imitating:		9999693
      From worker 4:		num_strategies_changed:  	138454
      From worker 4:			num_random_strategies: 	9989
      From worker 4:		num_sets_changed: 		153623
      From worker 4:			num_random_opinions: 	0
      From worker 4:			num_biased_opinions: 	9961
      From worker 4:		num_both_changed: 		3701
      From worker 4:	
      From worker 6:	data processed and exported
      From worker 6:	
      From worker 6:	starting b_1.0_c_0.2_N_40_M_4_K_2_P_2_beta_0.001_u_0.001_v_0.001_p_0.0_ϵ_1.0_gens_20000000_210216-130745.686
      From worker 4:	data processed and exported
      From worker 4:	
      From worker 4:	starting b_1.0_c_0.2_N_40_M_4_K_2_P_2_beta_0.001_u_0.001_v_0.001_p_0.0_ϵ_1.0_gens_20000000_210216-130745.686
      From worker 5:	replicate complete, ran 20000000 generations:
      From worker 5:	
      From worker 5:		num_imitating:			9998040
      From worker 5:		num_not_imitating:		10001960
      From worker 5:		num_strategies_changed:  	144724
      From worker 5:			num_random_strategies: 	10024
      From worker 5:		num_sets_changed: 		164241
      From worker 5:			num_random_opinions: 	0
      From worker 5:			num_biased_opinions: 	9986
      From worker 5:		num_both_changed: 		4531
      From worker 5:	
      From worker 3:	replicate complete, ran 20000000 generations:
      From worker 3:	
      From worker 3:		num_imitating:			10001296
      From worker 3:		num_not_imitating:		9998704
      From worker 3:		num_strategies_changed:  	143791
      From worker 3:			num_random_strategies: 	9932
      From worker 3:		num_sets_changed: 		157726
      From worker 3:			num_random_opinions: 	0
      From worker 3:			num_biased_opinions: 	10022
      From worker 3:		num_both_changed: 		3369
      From worker 3:	
      From worker 2:	replicate complete, ran 20000000 generations:
      From worker 2:	
      From worker 2:		num_imitating:			10001935
      From worker 2:		num_not_imitating:		9998065
      From worker 2:		num_strategies_changed:  	147574
      From worker 2:			num_random_strategies: 	10141
      From worker 2:		num_sets_changed: 		161806
      From worker 2:			num_random_opinions: 	0
      From worker 2:			num_biased_opinions: 	10135
      From worker 2:		num_both_changed: 		4543
      From worker 2:	
      From worker 5:	data processed and exported
      From worker 3:	data processed and exported
      From worker 2:	data processed and exported
      From worker 5:	
      From worker 5:	starting b_1.0_c_0.2_N_40_M_4_K_2_P_2_beta_0.001_u_0.001_v_0.001_p_0.0_ϵ_1.0_gens_20000000_210216-130745.686
      From worker 3:	
      From worker 3:	starting b_1.0_c_0.2_N_40_M_4_K_2_P_2_beta_0.001_u_0.001_v_0.001_p_0.0_ϵ_1.0_gens_20000000_210216-130745.686
      From worker 2:	
      From worker 2:	starting b_1.0_c_0.2_N_40_M_4_K_2_P_2_beta_0.001_u_0.001_v_0.001_p_0.0_ϵ_1.0_gens_20000000_210216-130745.686
      From worker 10:	replicate complete, ran 20000000 generations:
      From worker 10:	
      From worker 10:		num_imitating:			15000307
      From worker 10:		num_not_imitating:		4999693
      From worker 10:		num_strategies_changed:  	437544
      From worker 10:			num_random_strategies: 	15079
      From worker 10:		num_sets_changed: 		6965418
      From worker 10:			num_random_opinions: 	187572
      From worker 10:			num_biased_opinions: 	187697
      From worker 10:		num_both_changed: 		298849
      From worker 10:	
      From worker 8:	replicate complete, ran 20000000 generations:
      From worker 8:	
      From worker 8:		num_imitating:			15001091
      From worker 8:		num_not_imitating:		4998909
      From worker 8:		num_strategies_changed:  	428984
      From worker 8:			num_random_strategies: 	14977
      From worker 8:		num_sets_changed: 		6913442
      From worker 8:			num_random_opinions: 	187244
      From worker 8:			num_biased_opinions: 	187828
      From worker 8:		num_both_changed: 		291987
      From worker 8:	
      From worker 7:	replicate complete, ran 20000000 generations:
      From worker 7:	
      From worker 7:		num_imitating:			14997358
      From worker 7:		num_not_imitating:		5002642
      From worker 7:		num_strategies_changed:  	413402
      From worker 7:			num_random_strategies: 	15130
      From worker 7:		num_sets_changed: 		6971347
      From worker 7:			num_random_opinions: 	187491
      From worker 7:			num_biased_opinions: 	187297
      From worker 7:		num_both_changed: 		280845
      From worker 7:	
      From worker 10:	data processed and exported
      From worker 8:	data processed and exported
      From worker 9:	replicate complete, ran 20000000 generations:
      From worker 9:	
      From worker 9:		num_imitating:			15002528
      From worker 9:		num_not_imitating:		4997472
      From worker 9:		num_strategies_changed:  	440572
      From worker 9:			num_random_strategies: 	15084
      From worker 9:		num_sets_changed: 		6978720
      From worker 9:			num_random_opinions: 	187542
      From worker 9:			num_biased_opinions: 	188531
      From worker 9:		num_both_changed: 		309200
      From worker 9:	
      From worker 10:	
      From worker 10:	starting b_1.0_c_0.2_N_40_M_4_K_2_P_2_beta_0.001_u_0.001_v_0.025_p_0.75_ϵ_1.0_gens_20000000_210216-130745.686
      From worker 8:	
      From worker 8:	starting b_1.0_c_0.2_N_40_M_4_K_2_P_2_beta_0.001_u_0.001_v_0.025_p_0.75_ϵ_1.0_gens_20000000_210216-130745.686
      From worker 7:	data processed and exported
      From worker 7:	
      From worker 7:	starting b_1.0_c_0.2_N_40_M_4_K_2_P_2_beta_0.001_u_0.001_v_0.025_p_0.75_ϵ_1.0_gens_20000000_210216-130745.686
      From worker 11:	replicate complete, ran 20000000 generations:
      From worker 11:	
      From worker 11:		num_imitating:			15000757
      From worker 11:		num_not_imitating:		4999243
      From worker 11:		num_strategies_changed:  	405094
      From worker 11:			num_random_strategies: 	14954
      From worker 11:		num_sets_changed: 		6950307
      From worker 11:			num_random_opinions: 	187995
      From worker 11:			num_biased_opinions: 	187673
      From worker 11:		num_both_changed: 		276397
      From worker 11:	
      From worker 9:	data processed and exported
      From worker 9:	
      From worker 9:	starting b_1.0_c_0.2_N_40_M_4_K_2_P_2_beta_0.001_u_0.001_v_0.025_p_0.75_ϵ_1.0_gens_20000000_210216-130745.686
      From worker 11:	data processed and exported
      From worker 11:	
      From worker 11:	starting b_1.0_c_0.2_N_40_M_4_K_2_P_2_beta_0.001_u_0.001_v_0.025_p_0.75_ϵ_1.0_gens_20000000_210216-130745.686
      From worker 6:	replicate complete, ran 20000000 generations:
      From worker 6:	
      From worker 6:		num_imitating:			20000000
      From worker 6:		num_not_imitating:		0
      From worker 6:		num_strategies_changed:  	569953
      From worker 6:			num_random_strategies: 	19924
      From worker 6:		num_sets_changed: 		706042
      From worker 6:			num_random_opinions: 	20141
      From worker 6:			num_biased_opinions: 	0
      From worker 6:		num_both_changed: 		35078
      From worker 6:	
      From worker 4:	replicate complete, ran 20000000 generations:
      From worker 4:	
      From worker 4:		num_imitating:			20000000
      From worker 4:		num_not_imitating:		0
      From worker 4:		num_strategies_changed:  	572453
      From worker 4:			num_random_strategies: 	20084
      From worker 4:		num_sets_changed: 		680703
      From worker 4:			num_random_opinions: 	19784
      From worker 4:			num_biased_opinions: 	0
      From worker 4:		num_both_changed: 		31935
      From worker 4:	
      From worker 6:	data processed and exported
      From worker 6:	
      From worker 6:	starting b_1.0_c_0.2_N_40_M_4_K_2_P_2_beta_0.001_u_0.001_v_0.001_p_0.25_ϵ_1.0_gens_20000000_210216-130745.686
      From worker 4:	data processed and exported
      From worker 4:	
      From worker 4:	starting b_1.0_c_0.2_N_40_M_4_K_2_P_2_beta_0.001_u_0.001_v_0.001_p_0.25_ϵ_1.0_gens_20000000_210216-130745.686
      From worker 3:	replicate complete, ran 20000000 generations:
      From worker 3:	
      From worker 3:		num_imitating:			20000000
      From worker 3:		num_not_imitating:		0
      From worker 3:		num_strategies_changed:  	545258
      From worker 3:			num_random_strategies: 	19761
      From worker 3:		num_sets_changed: 		708988
      From worker 3:			num_random_opinions: 	20143
      From worker 3:			num_biased_opinions: 	0
      From worker 3:		num_both_changed: 		36052
      From worker 3:	
      From worker 5:	replicate complete, ran 20000000 generations:
      From worker 5:	
      From worker 5:		num_imitating:			20000000
      From worker 5:		num_not_imitating:		0
      From worker 5:		num_strategies_changed:  	568088
      From worker 5:			num_random_strategies: 	19955
      From worker 5:		num_sets_changed: 		745689
      From worker 5:			num_random_opinions: 	20224
      From worker 5:			num_biased_opinions: 	0
      From worker 5:		num_both_changed: 		38812
      From worker 5:	
      From worker 2:	replicate complete, ran 20000000 generations:
      From worker 2:	
      From worker 2:		num_imitating:			20000000
      From worker 2:		num_not_imitating:		0
      From worker 2:		num_strategies_changed:  	529498
      From worker 2:			num_random_strategies: 	19847
      From worker 2:		num_sets_changed: 		718887
      From worker 2:			num_random_opinions: 	20055
      From worker 2:			num_biased_opinions: 	0
      From worker 2:		num_both_changed: 		30350
      From worker 2:	
      From worker 3:	data processed and exported
      From worker 5:	data processed and exported
      From worker 3:	
      From worker 3:	starting b_1.0_c_0.2_N_40_M_4_K_2_P_2_beta_0.001_u_0.001_v_0.001_p_0.25_ϵ_1.0_gens_20000000_210216-130745.686
      From worker 5:	
      From worker 5:	starting b_1.0_c_0.2_N_40_M_4_K_2_P_2_beta_0.001_u_0.001_v_0.001_p_0.25_ϵ_1.0_gens_20000000_210216-130745.686
      From worker 2:	data processed and exported
      From worker 2:	
      From worker 2:	starting b_1.0_c_0.2_N_40_M_4_K_2_P_2_beta_0.001_u_0.001_v_0.001_p_0.25_ϵ_1.0_gens_20000000_210216-130745.686
      From worker 12:	replicate complete, ran 20000000 generations:
      From worker 12:	
      From worker 12:		num_imitating:			14999238
      From worker 12:		num_not_imitating:		5000762
      From worker 12:		num_strategies_changed:  	429081
      From worker 12:			num_random_strategies: 	14991
      From worker 12:		num_sets_changed: 		11450508
      From worker 12:			num_random_opinions: 	749399
      From worker 12:			num_biased_opinions: 	750032
      From worker 12:		num_both_changed: 		391407
      From worker 12:	
      From worker 12:	data processed and exported
      From worker 12:	
      From worker 12:	starting b_1.0_c_0.2_N_40_M_4_K_2_P_2_beta_0.001_u_0.001_v_0.1_p_0.75_ϵ_1.0_gens_20000000_210216-130745.686
      From worker 16:	replicate complete, ran 20000000 generations:
      From worker 16:	
      From worker 16:		num_imitating:			15000905
      From worker 16:		num_not_imitating:		4999095
      From worker 16:		num_strategies_changed:  	435939
      From worker 16:			num_random_strategies: 	15028
      From worker 16:		num_sets_changed: 		11454098
      From worker 16:			num_random_opinions: 	748906
      From worker 16:			num_biased_opinions: 	749392
      From worker 16:		num_both_changed: 		396646
      From worker 16:	
      From worker 16:	data processed and exported
      From worker 16:	
      From worker 16:	starting b_1.0_c_0.2_N_40_M_4_K_2_P_2_beta_0.001_u_0.001_v_0.1_p_0.75_ϵ_1.0_gens_20000000_210216-130745.686
      From worker 15:	replicate complete, ran 20000000 generations:
      From worker 15:	
      From worker 15:		num_imitating:			14999162
      From worker 15:		num_not_imitating:		5000838
      From worker 15:		num_strategies_changed:  	438254
      From worker 15:			num_random_strategies: 	15071
      From worker 15:		num_sets_changed: 		11456335
      From worker 15:			num_random_opinions: 	749021
      From worker 15:			num_biased_opinions: 	749213
      From worker 15:		num_both_changed: 		397832
      From worker 15:	
      From worker 14:	replicate complete, ran 20000000 generations:
      From worker 14:	
      From worker 14:		num_imitating:			14998179
      From worker 14:		num_not_imitating:		5001821
      From worker 14:		num_strategies_changed:  	413444
      From worker 14:			num_random_strategies: 	14974
      From worker 14:		num_sets_changed: 		11469565
      From worker 14:			num_random_opinions: 	752866
      From worker 14:			num_biased_opinions: 	750832
      From worker 14:		num_both_changed: 		375241
      From worker 14:	
      From worker 13:	replicate complete, ran 20000000 generations:
      From worker 13:	
      From worker 13:		num_imitating:			15001851
      From worker 13:		num_not_imitating:		4998149
      From worker 13:		num_strategies_changed:  	439435
      From worker 13:			num_random_strategies: 	15017
      From worker 13:		num_sets_changed: 		11457154
      From worker 13:			num_random_opinions: 	750586
      From worker 13:			num_biased_opinions: 	750340
      From worker 13:		num_both_changed: 		398780
      From worker 13:	
      From worker 15:	data processed and exported
      From worker 15:	
      From worker 15:	starting b_1.0_c_0.2_N_40_M_4_K_2_P_2_beta_0.001_u_0.001_v_0.1_p_0.75_ϵ_1.0_gens_20000000_210216-130745.686
      From worker 14:	data processed and exported
      From worker 13:	data processed and exported
      From worker 14:	
      From worker 14:	starting b_1.0_c_0.2_N_40_M_4_K_2_P_2_beta_0.001_u_0.001_v_0.1_p_0.75_ϵ_1.0_gens_20000000_210216-130745.686
      From worker 13:	
      From worker 13:	starting b_1.0_c_0.2_N_40_M_4_K_2_P_2_beta_0.001_u_0.001_v_0.1_p_0.75_ϵ_1.0_gens_20000000_210216-130745.686
      From worker 10:	replicate complete, ran 20000000 generations:
      From worker 10:	
      From worker 10:		num_imitating:			12501627
      From worker 10:		num_not_imitating:		7498373
      From worker 10:		num_strategies_changed:  	374652
      From worker 10:			num_random_strategies: 	12530
      From worker 10:		num_sets_changed: 		5612826
      From worker 10:			num_random_opinions: 	78456
      From worker 10:			num_biased_opinions: 	234670
      From worker 10:		num_both_changed: 		252381
      From worker 10:	
      From worker 8:	replicate complete, ran 20000000 generations:
      From worker 8:	
      From worker 8:		num_imitating:			12504344
      From worker 8:		num_not_imitating:		7495656
      From worker 8:		num_strategies_changed:  	335978
      From worker 8:			num_random_strategies: 	12397
      From worker 8:		num_sets_changed: 		5637097
      From worker 8:			num_random_opinions: 	78250
      From worker 8:			num_biased_opinions: 	234060
      From worker 8:		num_both_changed: 		225357
      From worker 8:	
      From worker 10:	data processed and exported
      From worker 7:	replicate complete, ran 20000000 generations:
      From worker 7:	
      From worker 7:		num_imitating:			12498752
      From worker 7:		num_not_imitating:		7501248
      From worker 7:		num_strategies_changed:  	382591
      From worker 7:			num_random_strategies: 	12648
      From worker 7:		num_sets_changed: 		5705136
      From worker 7:			num_random_opinions: 	78337
      From worker 7:			num_biased_opinions: 	235598
      From worker 7:		num_both_changed: 		265070
      From worker 7:	
      From worker 8:	data processed and exported
      From worker 10:	
      From worker 10:	starting b_1.0_c_0.2_N_40_M_4_K_2_P_2_beta_0.001_u_0.001_v_0.025_p_1.0_ϵ_1.0_gens_20000000_210216-130745.686
      From worker 9:	replicate complete, ran 20000000 generations:
      From worker 9:	
      From worker 9:		num_imitating:			12498921
      From worker 9:		num_not_imitating:		7501079
      From worker 9:		num_strategies_changed:  	366080
      From worker 9:			num_random_strategies: 	12593
      From worker 9:		num_sets_changed: 		5647150
      From worker 9:			num_random_opinions: 	78407
      From worker 9:			num_biased_opinions: 	233815
      From worker 9:		num_both_changed: 		245060
      From worker 9:	
      From worker 8:	
      From worker 8:	starting b_1.0_c_0.2_N_40_M_4_K_2_P_2_beta_0.001_u_0.001_v_0.025_p_1.0_ϵ_1.0_gens_20000000_210216-130745.686
      From worker 11:	replicate complete, ran 20000000 generations:
      From worker 11:	
      From worker 11:		num_imitating:			12499031
      From worker 11:		num_not_imitating:		7500969
      From worker 11:		num_strategies_changed:  	338701
      From worker 11:			num_random_strategies: 	12652
      From worker 11:		num_sets_changed: 		5629227
      From worker 11:			num_random_opinions: 	78592
      From worker 11:			num_biased_opinions: 	233872
      From worker 11:		num_both_changed: 		225509
      From worker 11:	
      From worker 7:	data processed and exported
      From worker 7:	
      From worker 7:	starting b_1.0_c_0.2_N_40_M_4_K_2_P_2_beta_0.001_u_0.001_v_0.025_p_1.0_ϵ_1.0_gens_20000000_210216-130745.686
      From worker 9:	data processed and exported
      From worker 11:	data processed and exported
      From worker 9:	
      From worker 9:	starting b_1.0_c_0.2_N_40_M_4_K_2_P_2_beta_0.001_u_0.001_v_0.025_p_1.0_ϵ_1.0_gens_20000000_210216-130745.686
      From worker 11:	
      From worker 11:	starting b_1.0_c_0.2_N_40_M_4_K_2_P_2_beta_0.001_u_0.001_v_0.025_p_1.0_ϵ_1.0_gens_20000000_210216-130745.686
      From worker 6:	replicate complete, ran 20000000 generations:
      From worker 6:	
      From worker 6:		num_imitating:			17501229
      From worker 6:		num_not_imitating:		2498771
      From worker 6:		num_strategies_changed:  	505360
      From worker 6:			num_random_strategies: 	17444
      From worker 6:		num_sets_changed: 		642675
      From worker 6:			num_random_opinions: 	13105
      From worker 6:			num_biased_opinions: 	4367
      From worker 6:		num_both_changed: 		32717
      From worker 6:	
      From worker 4:	replicate complete, ran 20000000 generations:
      From worker 4:	
      From worker 4:		num_imitating:			17497635
      From worker 4:		num_not_imitating:		2502365
      From worker 4:		num_strategies_changed:  	510719
      From worker 4:			num_random_strategies: 	17417
      From worker 4:		num_sets_changed: 		601332
      From worker 4:			num_random_opinions: 	13176
      From worker 4:			num_biased_opinions: 	4384
      From worker 4:		num_both_changed: 		31068
      From worker 4:	
      From worker 6:	data processed and exported
      From worker 4:	data processed and exported
      From worker 6:	
      From worker 6:	starting b_1.0_c_0.2_N_40_M_4_K_2_P_2_beta_0.001_u_0.001_v_0.001_p_0.5_ϵ_1.0_gens_20000000_210216-130745.686
      From worker 4:	
      From worker 4:	starting b_1.0_c_0.2_N_40_M_4_K_2_P_2_beta_0.001_u_0.001_v_0.001_p_0.5_ϵ_1.0_gens_20000000_210216-130745.686
      From worker 3:	replicate complete, ran 20000000 generations:
      From worker 3:	
      From worker 3:		num_imitating:			17499574
      From worker 3:		num_not_imitating:		2500426
      From worker 3:		num_strategies_changed:  	507081
      From worker 3:			num_random_strategies: 	17344
      From worker 3:		num_sets_changed: 		622575
      From worker 3:			num_random_opinions: 	13232
      From worker 3:			num_biased_opinions: 	4275
      From worker 3:		num_both_changed: 		34337
      From worker 3:	
      From worker 5:	replicate complete, ran 20000000 generations:
      From worker 5:	
      From worker 5:		num_imitating:			17500691
      From worker 5:		num_not_imitating:		2499309
      From worker 5:		num_strategies_changed:  	499438
      From worker 5:			num_random_strategies: 	17501
      From worker 5:		num_sets_changed: 		618468
      From worker 5:			num_random_opinions: 	13025
      From worker 5:			num_biased_opinions: 	4355
      From worker 5:		num_both_changed: 		33688
      From worker 5:	
      From worker 3:	data processed and exported
      From worker 2:	replicate complete, ran 20000000 generations:
      From worker 2:	
      From worker 2:		num_imitating:			17500990
      From worker 2:		num_not_imitating:		2499010
      From worker 2:		num_strategies_changed:  	502515
      From worker 2:			num_random_strategies: 	17602
      From worker 2:		num_sets_changed: 		602609
      From worker 2:			num_random_opinions: 	13018
      From worker 2:			num_biased_opinions: 	4416
      From worker 2:		num_both_changed: 		28540
      From worker 2:	
      From worker 3:	
      From worker 3:	starting b_1.0_c_0.2_N_40_M_4_K_2_P_2_beta_0.001_u_0.001_v_0.001_p_0.5_ϵ_1.0_gens_20000000_210216-130745.686
      From worker 5:	data processed and exported
      From worker 5:	
      From worker 5:	starting b_1.0_c_0.2_N_40_M_4_K_2_P_2_beta_0.001_u_0.001_v_0.001_p_0.5_ϵ_1.0_gens_20000000_210216-130745.686
      From worker 2:	data processed and exported
      From worker 2:	
      From worker 2:	starting b_1.0_c_0.2_N_40_M_4_K_2_P_2_beta_0.001_u_0.001_v_0.001_p_0.5_ϵ_1.0_gens_20000000_210216-130745.686
      From worker 8:	replicate complete, ran 20000000 generations:
      From worker 8:	
      From worker 8:		num_imitating:			9999504
      From worker 8:		num_not_imitating:		10000496
      From worker 8:		num_strategies_changed:  	136363
      From worker 8:			num_random_strategies: 	9780
      From worker 8:		num_sets_changed: 		2773512
      From worker 8:			num_random_opinions: 	0
      From worker 8:			num_biased_opinions: 	249867
      From worker 8:		num_both_changed: 		61585
      From worker 8:	
      From worker 10:	replicate complete, ran 20000000 generations:
      From worker 10:	
      From worker 10:		num_imitating:			9999539
      From worker 10:		num_not_imitating:		10000461
      From worker 10:		num_strategies_changed:  	148133
      From worker 10:			num_random_strategies: 	10107
      From worker 10:		num_sets_changed: 		2784847
      From worker 10:			num_random_opinions: 	0
      From worker 10:			num_biased_opinions: 	249774
      From worker 10:		num_both_changed: 		66396
      From worker 10:	
      From worker 11:	replicate complete, ran 20000000 generations:
      From worker 11:	
      From worker 11:		num_imitating:			9998980
      From worker 11:		num_not_imitating:		10001020
      From worker 11:		num_strategies_changed:  	137454
      From worker 11:			num_random_strategies: 	9868
      From worker 11:		num_sets_changed: 		2798859
      From worker 11:			num_random_opinions: 	0
      From worker 11:			num_biased_opinions: 	249689
      From worker 11:		num_both_changed: 		59754
      From worker 11:	
      From worker 8:	data processed and exported
      From worker 10:	data processed and exported
      From worker 7:	replicate complete, ran 20000000 generations:
      From worker 7:	
      From worker 7:		num_imitating:			10001396
      From worker 7:		num_not_imitating:		9998604
      From worker 7:		num_strategies_changed:  	149410
      From worker 7:			num_random_strategies: 	9957
      From worker 7:		num_sets_changed: 		2797690
      From worker 7:			num_random_opinions: 	0
      From worker 7:			num_biased_opinions: 	250392
      From worker 7:		num_both_changed: 		68116
      From worker 7:	
      From worker 8:	
      From worker 8:	starting b_1.0_c_0.2_N_40_M_4_K_2_P_2_beta_0.001_u_0.001_v_0.025_p_0.0_ϵ_1.0_gens_20000000_210216-130745.686
      From worker 10:	
      From worker 10:	starting b_1.0_c_0.2_N_40_M_4_K_2_P_2_beta_0.001_u_0.001_v_0.025_p_0.0_ϵ_1.0_gens_20000000_210216-130745.686
      From worker 11:	data processed and exported
      From worker 6:	replicate complete, ran 20000000 generations:
      From worker 6:	
      From worker 6:		num_imitating:			15001195
      From worker 6:		num_not_imitating:		4998805
      From worker 6:		num_strategies_changed:  	431226
      From worker 6:			num_random_strategies: 	15308
      From worker 6:		num_sets_changed: 		547490
      From worker 6:			num_random_opinions: 	7495
      From worker 6:			num_biased_opinions: 	7404
      From worker 6:		num_both_changed: 		29534
      From worker 6:	
      From worker 11:	
      From worker 11:	starting b_1.0_c_0.2_N_40_M_4_K_2_P_2_beta_0.001_u_0.001_v_0.025_p_0.0_ϵ_1.0_gens_20000000_210216-130745.686
      From worker 4:	replicate complete, ran 20000000 generations:
      From worker 4:	
      From worker 4:		num_imitating:			15000050
      From worker 4:		num_not_imitating:		4999950
      From worker 4:		num_strategies_changed:  	417468
      From worker 4:			num_random_strategies: 	14863
      From worker 4:		num_sets_changed: 		548511
      From worker 4:			num_random_opinions: 	7390
      From worker 4:			num_biased_opinions: 	7477
      From worker 4:		num_both_changed: 		30079
      From worker 4:	
      From worker 9:	replicate complete, ran 20000000 generations:
      From worker 9:	
      From worker 9:		num_imitating:			9999651
      From worker 9:		num_not_imitating:		10000349
      From worker 9:		num_strategies_changed:  	140864
      From worker 9:			num_random_strategies: 	9890
      From worker 9:		num_sets_changed: 		2797291
      From worker 9:			num_random_opinions: 	0
      From worker 9:			num_biased_opinions: 	250386
      From worker 9:		num_both_changed: 		63830
      From worker 9:	
      From worker 7:	data processed and exported
      From worker 7:	
      From worker 7:	starting b_1.0_c_0.2_N_40_M_4_K_2_P_2_beta_0.001_u_0.001_v_0.025_p_0.0_ϵ_1.0_gens_20000000_210216-130745.686
      From worker 6:	data processed and exported
      From worker 4:	data processed and exported
      From worker 6:	
      From worker 6:	starting b_1.0_c_0.2_N_40_M_4_K_2_P_2_beta_0.001_u_0.001_v_0.001_p_0.75_ϵ_1.0_gens_20000000_210216-130745.686
      From worker 9:	data processed and exported
      From worker 9:	
      From worker 9:	starting b_1.0_c_0.2_N_40_M_4_K_2_P_2_beta_0.001_u_0.001_v_0.025_p_0.0_ϵ_1.0_gens_20000000_210216-130745.686
      From worker 4:	
      From worker 4:	starting b_1.0_c_0.2_N_40_M_4_K_2_P_2_beta_0.001_u_0.001_v_0.001_p_0.75_ϵ_1.0_gens_20000000_210216-130745.686
      From worker 3:	replicate complete, ran 20000000 generations:
      From worker 3:	
      From worker 3:		num_imitating:			14996545
      From worker 3:		num_not_imitating:		5003455
      From worker 3:		num_strategies_changed:  	386969
      From worker 3:			num_random_strategies: 	14805
      From worker 3:		num_sets_changed: 		514482
      From worker 3:			num_random_opinions: 	7496
      From worker 3:			num_biased_opinions: 	7373
      From worker 3:		num_both_changed: 		22161
      From worker 3:	
      From worker 3:	data processed and exported
      From worker 5:	replicate complete, ran 20000000 generations:
      From worker 5:	
      From worker 5:		num_imitating:			15000694
      From worker 5:		num_not_imitating:		4999306
      From worker 5:		num_strategies_changed:  	423280
      From worker 5:			num_random_strategies: 	15196
      From worker 5:		num_sets_changed: 		541124
      From worker 5:			num_random_opinions: 	7709
      From worker 5:			num_biased_opinions: 	7410
      From worker 5:		num_both_changed: 		29320
      From worker 5:	
      From worker 3:	
      From worker 3:	starting b_1.0_c_0.2_N_40_M_4_K_2_P_2_beta_0.001_u_0.001_v_0.001_p_0.75_ϵ_1.0_gens_20000000_210216-130745.686
      From worker 5:	data processed and exported
      From worker 2:	replicate complete, ran 20000000 generations:
      From worker 2:	
      From worker 2:		num_imitating:			15001567
      From worker 2:		num_not_imitating:		4998433
      From worker 2:		num_strategies_changed:  	414638
      From worker 2:			num_random_strategies: 	15116
      From worker 2:		num_sets_changed: 		538365
      From worker 2:			num_random_opinions: 	7578
      From worker 2:			num_biased_opinions: 	7593
      From worker 2:		num_both_changed: 		26029
      From worker 2:	
      From worker 5:	
      From worker 5:	starting b_1.0_c_0.2_N_40_M_4_K_2_P_2_beta_0.001_u_0.001_v_0.001_p_0.75_ϵ_1.0_gens_20000000_210216-130745.686
      From worker 2:	data processed and exported
      From worker 2:	
      From worker 2:	starting b_1.0_c_0.2_N_40_M_4_K_2_P_2_beta_0.001_u_0.001_v_0.001_p_0.75_ϵ_1.0_gens_20000000_210216-130745.686
      From worker 12:	replicate complete, ran 20000000 generations:
      From worker 12:	
      From worker 12:		num_imitating:			12499152
      From worker 12:		num_not_imitating:		7500848
      From worker 12:		num_strategies_changed:  	346046
      From worker 12:			num_random_strategies: 	12541
      From worker 12:		num_sets_changed: 		9258613
      From worker 12:			num_random_opinions: 	312981
      From worker 12:			num_biased_opinions: 	938735
      From worker 12:		num_both_changed: 		308830
      From worker 12:	
      From worker 12:	data processed and exported
      From worker 12:	
      From worker 12:	starting b_1.0_c_0.2_N_40_M_4_K_2_P_2_beta_0.001_u_0.001_v_0.1_p_1.0_ϵ_1.0_gens_20000000_210216-130745.686
      From worker 16:	replicate complete, ran 20000000 generations:
      From worker 16:	
      From worker 16:		num_imitating:			12500837
      From worker 16:		num_not_imitating:		7499163
      From worker 16:		num_strategies_changed:  	346694
      From worker 16:			num_random_strategies: 	12635
      From worker 16:		num_sets_changed: 		9260600
      From worker 16:			num_random_opinions: 	312176
      From worker 16:			num_biased_opinions: 	936681
      From worker 16:		num_both_changed: 		311157
      From worker 16:	
      From worker 16:	data processed and exported
      From worker 16:	
      From worker 16:	starting b_1.0_c_0.2_N_40_M_4_K_2_P_2_beta_0.001_u_0.001_v_0.1_p_1.0_ϵ_1.0_gens_20000000_210216-130745.686
      From worker 15:	replicate complete, ran 20000000 generations:
      From worker 15:	
      From worker 15:		num_imitating:			12498200
      From worker 15:		num_not_imitating:		7501800
      From worker 15:		num_strategies_changed:  	341758
      From worker 15:			num_random_strategies: 	12524
      From worker 15:		num_sets_changed: 		9258318
      From worker 15:			num_random_opinions: 	312422
      From worker 15:			num_biased_opinions: 	936603
      From worker 15:		num_both_changed: 		305737
      From worker 15:	
      From worker 15:	data processed and exported
      From worker 14:	replicate complete, ran 20000000 generations:
      From worker 14:	
      From worker 14:		num_imitating:			12500193
      From worker 14:		num_not_imitating:		7499807
      From worker 14:		num_strategies_changed:  	351177
      From worker 14:			num_random_strategies: 	12486
      From worker 14:		num_sets_changed: 		9256573
      From worker 14:			num_random_opinions: 	312568
      From worker 14:			num_biased_opinions: 	938404
      From worker 14:		num_both_changed: 		314799
      From worker 14:	
      From worker 13:	replicate complete, ran 20000000 generations:
      From worker 13:	
      From worker 13:		num_imitating:			12498134
      From worker 13:		num_not_imitating:		7501866
      From worker 13:		num_strategies_changed:  	376762
      From worker 13:			num_random_strategies: 	12477
      From worker 13:		num_sets_changed: 		9265163
      From worker 13:			num_random_opinions: 	312640
      From worker 13:			num_biased_opinions: 	937018
      From worker 13:		num_both_changed: 		338632
      From worker 13:	
      From worker 15:	
      From worker 15:	starting b_1.0_c_0.2_N_40_M_4_K_2_P_2_beta_0.001_u_0.001_v_0.1_p_1.0_ϵ_1.0_gens_20000000_210216-130745.686
      From worker 13:	data processed and exported
      From worker 14:	data processed and exported
      From worker 13:	
