packages loaded
      From worker 3:	 Activating environment at `/tigress/mk28/CooperationPolarization2/Project.toml`
      From worker 7:	 Activating environment at `/tigress/mk28/CooperationPolarization2/Project.toml`
      From worker 14:	 Activating environment at `/tigress/mk28/CooperationPolarization2/Project.toml`
      From worker 12:	 Activating environment at `/tigress/mk28/CooperationPolarization2/Project.toml`
      From worker 9:	 Activating environment at `/tigress/mk28/CooperationPolarization2/Project.toml`
      From worker 2:	 Activating environment at `/tigress/mk28/CooperationPolarization2/Project.toml`
      From worker 5:	 Activating environment at `/tigress/mk28/CooperationPolarization2/Project.toml`
      From worker 10:	 Activating environment at `/tigress/mk28/CooperationPolarization2/Project.toml`
      From worker 16:	 Activating environment at `/tigress/mk28/CooperationPolarization2/Project.toml`
      From worker 15:	 Activating environment at `/tigress/mk28/CooperationPolarization2/Project.toml`
      From worker 13:	 Activating environment at `/tigress/mk28/CooperationPolarization2/Project.toml`
      From worker 11:	 Activating environment at `/tigress/mk28/CooperationPolarization2/Project.toml`
      From worker 6:	 Activating environment at `/tigress/mk28/CooperationPolarization2/Project.toml`
      From worker 4:	 Activating environment at `/tigress/mk28/CooperationPolarization2/Project.toml`
      From worker 8:	 Activating environment at `/tigress/mk28/CooperationPolarization2/Project.toml`
      From worker 7:	packages loaded
      From worker 3:	packages loaded
      From worker 12:	packages loaded
      From worker 4:	packages loaded
      From worker 5:	packages loaded
      From worker 15:	packages loaded
      From worker 6:	packages loaded
      From worker 11:	packages loaded
      From worker 9:	packages loaded
      From worker 8:	packages loaded
      From worker 16:	packages loaded
      From worker 14:	packages loaded
      From worker 10:	packages loaded
      From worker 2:	packages loaded
      From worker 13:	packages loaded
parameters defined
      From worker 15:	
      From worker 15:	starting b_1.0_c_0.2_N_40_M_2_K_2_P_2_beta_0.001_u_0.001_v_0.2795084971874737_p_0.75_ϵ_1.0_gens_20000000_210224-130705.037
      From worker 11:	
      From worker 11:	starting b_1.0_c_0.2_N_40_M_2_K_2_P_2_beta_0.001_u_0.001_v_0.055901699437494755_p_1.0_ϵ_1.0_gens_20000000_210224-130705.037
      From worker 12:	
      From worker 12:	starting b_1.0_c_0.2_N_40_M_2_K_2_P_2_beta_0.001_u_0.001_v_0.125_p_0.0_ϵ_1.0_gens_20000000_210224-130705.037
      From worker 6:	
      From worker 6:	starting b_1.0_c_0.2_N_40_M_2_K_2_P_2_beta_0.001_u_0.001_v_0.005_p_1.0_ϵ_1.0_gens_20000000_210224-130705.037
      From worker 3:	
      From worker 3:	starting b_1.0_c_0.2_N_40_M_2_K_2_P_2_beta_0.001_u_0.001_v_0.001_p_0.25_ϵ_1.0_gens_20000000_210224-130705.037
      From worker 7:	
      From worker 7:	starting b_1.0_c_0.2_N_40_M_2_K_2_P_2_beta_0.001_u_0.001_v_0.011180339887498947_p_0.0_ϵ_1.0_gens_20000000_210224-130705.037
      From worker 9:	
      From worker 9:	starting b_1.0_c_0.2_N_40_M_2_K_2_P_2_beta_0.001_u_0.001_v_0.025_p_0.5_ϵ_1.0_gens_20000000_210224-130705.037
      From worker 8:	
      From worker 8:	starting b_1.0_c_0.2_N_40_M_2_K_2_P_2_beta_0.001_u_0.001_v_0.011180339887498947_p_0.25_ϵ_1.0_gens_20000000_210224-130705.037
      From worker 4:	
      From worker 4:	starting b_1.0_c_0.2_N_40_M_2_K_2_P_2_beta_0.001_u_0.001_v_0.0022360679774997894_p_0.5_ϵ_1.0_gens_20000000_210224-130705.037
      From worker 5:	
      From worker 5:	starting b_1.0_c_0.2_N_40_M_2_K_2_P_2_beta_0.001_u_0.001_v_0.0022360679774997894_p_0.75_ϵ_1.0_gens_20000000_210224-130705.037
      From worker 10:	
      From worker 10:	starting b_1.0_c_0.2_N_40_M_2_K_2_P_2_beta_0.001_u_0.001_v_0.025_p_0.75_ϵ_1.0_gens_20000000_210224-130705.037
      From worker 16:	
      From worker 16:	starting b_1.0_c_0.2_N_40_M_2_K_2_P_2_beta_0.001_u_0.001_v_0.625_p_1.0_ϵ_1.0_gens_20000000_210224-130705.037
      From worker 13:	
      From worker 13:	starting b_1.0_c_0.2_N_40_M_2_K_2_P_2_beta_0.001_u_0.001_v_0.125_p_0.25_ϵ_1.0_gens_20000000_210224-130705.037
      From worker 2:	
      From worker 2:	starting b_1.0_c_0.2_N_40_M_2_K_2_P_2_beta_0.001_u_0.001_v_0.001_p_0.0_ϵ_1.0_gens_20000000_210224-130705.037
      From worker 14:	
      From worker 14:	starting b_1.0_c_0.2_N_40_M_2_K_2_P_2_beta_0.001_u_0.001_v_0.2795084971874737_p_0.5_ϵ_1.0_gens_20000000_210224-130705.037
      From worker 11:	replicate complete, ran 20000000 generations:
      From worker 11:	
      From worker 11:		num_imitating:			10001453
      From worker 11:		num_not_imitating:		9998547
      From worker 11:		num_strategies_changed:  	138822
      From worker 11:			num_random_strategies: 	9892
      From worker 11:		num_sets_changed: 		0
      From worker 11:			num_random_opinions: 	0
      From worker 11:			num_biased_opinions: 	558823
      From worker 11:		num_both_changed: 		0
      From worker 11:	
      From worker 11:	data processed and exported
      From worker 11:	
      From worker 11:	starting b_1.0_c_0.2_N_40_M_2_K_2_P_2_beta_0.001_u_0.001_v_0.055901699437494755_p_0.0_ϵ_1.0_gens_20000000_210224-130705.037
      From worker 6:	replicate complete, ran 20000000 generations:
      From worker 6:	
      From worker 6:		num_imitating:			10000182
      From worker 6:		num_not_imitating:		9999818
      From worker 6:		num_strategies_changed:  	144684
      From worker 6:			num_random_strategies: 	10013
      From worker 6:		num_sets_changed: 		0
      From worker 6:			num_random_opinions: 	0
      From worker 6:			num_biased_opinions: 	49946
      From worker 6:		num_both_changed: 		0
      From worker 6:	
      From worker 6:	data processed and exported
      From worker 6:	
      From worker 6:	starting b_1.0_c_0.2_N_40_M_2_K_2_P_2_beta_0.001_u_0.001_v_0.005_p_0.0_ϵ_1.0_gens_20000000_210224-130705.037
      From worker 3:	replicate complete, ran 20000000 generations:
      From worker 3:	
      From worker 3:		num_imitating:			17498450
      From worker 3:		num_not_imitating:		2501550
      From worker 3:		num_strategies_changed:  	484439
      From worker 3:			num_random_strategies: 	17465
      From worker 3:		num_sets_changed: 		493929
      From worker 3:			num_random_opinions: 	13182
      From worker 3:			num_biased_opinions: 	4394
      From worker 3:		num_both_changed: 		29844
      From worker 3:	
      From worker 3:	data processed and exported
      From worker 3:	
      From worker 3:	starting b_1.0_c_0.2_N_40_M_2_K_2_P_2_beta_0.001_u_0.001_v_0.001_p_0.5_ϵ_1.0_gens_20000000_210224-130705.037
      From worker 5:	replicate complete, ran 20000000 generations:
      From worker 5:	
      From worker 5:		num_imitating:			12498357
      From worker 5:		num_not_imitating:		7501643
      From worker 5:		num_strategies_changed:  	370649
      From worker 5:			num_random_strategies: 	12571
      From worker 5:		num_sets_changed: 		661461
      From worker 5:			num_random_opinions: 	7102
      From worker 5:			num_biased_opinions: 	21157
      From worker 5:		num_both_changed: 		37508
      From worker 5:	
      From worker 5:	data processed and exported
      From worker 5:	
      From worker 5:	starting b_1.0_c_0.2_N_40_M_2_K_2_P_2_beta_0.001_u_0.001_v_0.0022360679774997894_p_1.0_ϵ_1.0_gens_20000000_210224-130705.037
      From worker 16:	replicate complete, ran 20000000 generations:
      From worker 16:	
      From worker 16:		num_imitating:			10003078
      From worker 16:		num_not_imitating:		9996922
      From worker 16:		num_strategies_changed:  	140548
      From worker 16:			num_random_strategies: 	10025
      From worker 16:		num_sets_changed: 		0
      From worker 16:			num_random_opinions: 	0
      From worker 16:			num_biased_opinions: 	6250791
      From worker 16:		num_both_changed: 		0
      From worker 16:	
      From worker 16:	data processed and exported
      From worker 16:	
      From worker 16:	starting b_1.0_c_0.2_N_40_M_2_K_2_P_2_beta_0.001_u_0.001_v_0.625_p_0.0_ϵ_1.0_gens_20000000_210224-130705.037
      From worker 4:	replicate complete, ran 20000000 generations:
      From worker 4:	
      From worker 4:		num_imitating:			15001259
      From worker 4:		num_not_imitating:		4998741
      From worker 4:		num_strategies_changed:  	439180
      From worker 4:			num_random_strategies: 	15112
      From worker 4:		num_sets_changed: 		866329
      From worker 4:			num_random_opinions: 	16889
      From worker 4:			num_biased_opinions: 	16802
      From worker 4:		num_both_changed: 		42743
      From worker 4:	
      From worker 4:	data processed and exported
      From worker 4:	
      From worker 4:	starting b_1.0_c_0.2_N_40_M_2_K_2_P_2_beta_0.001_u_0.001_v_0.0022360679774997894_p_0.75_ϵ_1.0_gens_20000000_210224-130705.037
      From worker 2:	replicate complete, ran 20000000 generations:
      From worker 2:	
      From worker 2:		num_imitating:			20000000
      From worker 2:		num_not_imitating:		0
      From worker 2:		num_strategies_changed:  	548409
      From worker 2:			num_random_strategies: 	20116
      From worker 2:		num_sets_changed: 		584396
      From worker 2:			num_random_opinions: 	19954
      From worker 2:			num_biased_opinions: 	0
      From worker 2:		num_both_changed: 		29437
      From worker 2:	
      From worker 2:	data processed and exported
      From worker 2:	
      From worker 2:	starting b_1.0_c_0.2_N_40_M_2_K_2_P_2_beta_0.001_u_0.001_v_0.001_p_0.25_ϵ_1.0_gens_20000000_210224-130705.037
      From worker 8:	replicate complete, ran 20000000 generations:
      From worker 8:	
      From worker 8:		num_imitating:			17500127
      From worker 8:		num_not_imitating:		2499873
      From worker 8:		num_strategies_changed:  	498511
      From worker 8:			num_random_strategies: 	17717
      From worker 8:		num_sets_changed: 		4023251
      From worker 8:			num_random_opinions: 	146342
      From worker 8:			num_biased_opinions: 	48850
      From worker 8:		num_both_changed: 		188941
      From worker 8:	
      From worker 8:	data processed and exported
      From worker 8:	
      From worker 8:	starting b_1.0_c_0.2_N_40_M_2_K_2_P_2_beta_0.001_u_0.001_v_0.011180339887498947_p_0.5_ϵ_1.0_gens_20000000_210224-130705.037
      From worker 7:	replicate complete, ran 20000000 generations:
      From worker 7:	
      From worker 7:		num_imitating:			20000000
      From worker 7:		num_not_imitating:		0
      From worker 7:		num_strategies_changed:  	557316
      From worker 7:			num_random_strategies: 	19876
      From worker 7:		num_sets_changed: 		4727278
      From worker 7:			num_random_opinions: 	224470
      From worker 7:			num_biased_opinions: 	0
      From worker 7:		num_both_changed: 		211696
      From worker 7:	
      From worker 7:	data processed and exported
      From worker 7:	
      From worker 7:	starting b_1.0_c_0.2_N_40_M_2_K_2_P_2_beta_0.001_u_0.001_v_0.011180339887498947_p_0.25_ϵ_1.0_gens_20000000_210224-130705.037
      From worker 9:	replicate complete, ran 20000000 generations:
      From worker 9:	
      From worker 9:		num_imitating:			14998885
      From worker 9:		num_not_imitating:		5001115
      From worker 9:		num_strategies_changed:  	421025
      From worker 9:			num_random_strategies: 	14899
      From worker 9:		num_sets_changed: 		5133138
      From worker 9:			num_random_opinions: 	187765
      From worker 9:			num_biased_opinions: 	187300
      From worker 9:		num_both_changed: 		216523
      From worker 9:	
      From worker 9:	data processed and exported
      From worker 9:	
      From worker 9:	starting b_1.0_c_0.2_N_40_M_2_K_2_P_2_beta_0.001_u_0.001_v_0.025_p_0.75_ϵ_1.0_gens_20000000_210224-130705.037
      From worker 10:	replicate complete, ran 20000000 generations:
      From worker 10:	
      From worker 10:		num_imitating:			12499233
      From worker 10:		num_not_imitating:		7500767
      From worker 10:		num_strategies_changed:  	342956
      From worker 10:			num_random_strategies: 	12587
      From worker 10:		num_sets_changed: 		3757453
      From worker 10:			num_random_opinions: 	77733
      From worker 10:			num_biased_opinions: 	234640
      From worker 10:		num_both_changed: 		156750
      From worker 10:	
      From worker 10:	data processed and exported
      From worker 10:	
      From worker 10:	starting b_1.0_c_0.2_N_40_M_2_K_2_P_2_beta_0.001_u_0.001_v_0.025_p_1.0_ϵ_1.0_gens_20000000_210224-130705.037
      From worker 15:	replicate complete, ran 20000000 generations:
      From worker 15:	
      From worker 15:		num_imitating:			12500081
      From worker 15:		num_not_imitating:		7499919
      From worker 15:		num_strategies_changed:  	360353
      From worker 15:			num_random_strategies: 	12515
      From worker 15:		num_sets_changed: 		6238644
      From worker 15:			num_random_opinions: 	873076
      From worker 15:			num_biased_opinions: 	2620771
      From worker 15:		num_both_changed: 		196834
      From worker 15:	
      From worker 15:	data processed and exported
      From worker 15:	
      From worker 15:	starting b_1.0_c_0.2_N_40_M_2_K_2_P_2_beta_0.001_u_0.001_v_0.2795084971874737_p_1.0_ϵ_1.0_gens_20000000_210224-130705.037
      From worker 5:	replicate complete, ran 20000000 generations:
      From worker 5:	
      From worker 5:		num_imitating:			10000884
      From worker 5:		num_not_imitating:		9999116
      From worker 5:		num_strategies_changed:  	147007
      From worker 5:			num_random_strategies: 	10016
      From worker 5:		num_sets_changed: 		0
      From worker 5:			num_random_opinions: 	0
      From worker 5:			num_biased_opinions: 	22436
      From worker 5:		num_both_changed: 		0
      From worker 5:	
      From worker 5:	data processed and exported
      From worker 5:	
      From worker 5:	starting b_1.0_c_0.2_N_40_M_2_K_2_P_2_beta_0.001_u_0.001_v_0.005_p_0.0_ϵ_1.0_gens_20000000_210224-130705.037
      From worker 3:	replicate complete, ran 20000000 generations:
      From worker 3:	
      From worker 3:		num_imitating:			14996488
      From worker 3:		num_not_imitating:		5003512
      From worker 3:		num_strategies_changed:  	405091
      From worker 3:			num_random_strategies: 	15186
      From worker 3:		num_sets_changed: 		413983
      From worker 3:			num_random_opinions: 	7486
      From worker 3:			num_biased_opinions: 	7404
      From worker 3:		num_both_changed: 		18452
      From worker 3:	
      From worker 3:	data processed and exported
      From worker 3:	
      From worker 3:	starting b_1.0_c_0.2_N_40_M_2_K_2_P_2_beta_0.001_u_0.001_v_0.001_p_0.75_ϵ_1.0_gens_20000000_210224-130705.037
      From worker 4:	replicate complete, ran 20000000 generations:
      From worker 4:	
      From worker 4:		num_imitating:			12500327
      From worker 4:		num_not_imitating:		7499673
      From worker 4:		num_strategies_changed:  	348618
      From worker 4:			num_random_strategies: 	12529
      From worker 4:		num_sets_changed: 		627288
      From worker 4:			num_random_opinions: 	7061
      From worker 4:			num_biased_opinions: 	20726
      From worker 4:		num_both_changed: 		35598
      From worker 4:	
      From worker 4:	data processed and exported
      From worker 4:	
      From worker 4:	starting b_1.0_c_0.2_N_40_M_2_K_2_P_2_beta_0.001_u_0.001_v_0.0022360679774997894_p_1.0_ϵ_1.0_gens_20000000_210224-130705.037
      From worker 6:	replicate complete, ran 20000000 generations:
      From worker 6:	
      From worker 6:		num_imitating:			20000000
      From worker 6:		num_not_imitating:		0
      From worker 6:		num_strategies_changed:  	566543
      From worker 6:			num_random_strategies: 	19879
      From worker 6:		num_sets_changed: 		2524898
      From worker 6:			num_random_opinions: 	99337
      From worker 6:			num_biased_opinions: 	0
      From worker 6:		num_both_changed: 		120160
      From worker 6:	
      From worker 6:	data processed and exported
      From worker 6:	
      From worker 6:	starting b_1.0_c_0.2_N_40_M_2_K_2_P_2_beta_0.001_u_0.001_v_0.005_p_0.25_ϵ_1.0_gens_20000000_210224-130705.037
      From worker 2:	replicate complete, ran 20000000 generations:
      From worker 2:	
      From worker 2:		num_imitating:			17499044
      From worker 2:		num_not_imitating:		2500956
      From worker 2:		num_strategies_changed:  	477032
      From worker 2:			num_random_strategies: 	17480
      From worker 2:		num_sets_changed: 		562241
      From worker 2:			num_random_opinions: 	13001
      From worker 2:			num_biased_opinions: 	4391
      From worker 2:		num_both_changed: 		31567
      From worker 2:	
      From worker 2:	data processed and exported
      From worker 2:	
      From worker 2:	starting b_1.0_c_0.2_N_40_M_2_K_2_P_2_beta_0.001_u_0.001_v_0.001_p_0.5_ϵ_1.0_gens_20000000_210224-130705.037
      From worker 14:	replicate complete, ran 20000000 generations:
      From worker 14:	
      From worker 14:		num_imitating:			14998962
      From worker 14:		num_not_imitating:		5001038
      From worker 14:		num_strategies_changed:  	439104
      From worker 14:			num_random_strategies: 	15081
      From worker 14:		num_sets_changed: 		9376895
      From worker 14:			num_random_opinions: 	2095512
      From worker 14:			num_biased_opinions: 	2096322
      From worker 14:		num_both_changed: 		293698
      From worker 14:	
      From worker 14:	data processed and exported
      From worker 14:	
      From worker 14:	starting b_1.0_c_0.2_N_40_M_2_K_2_P_2_beta_0.001_u_0.001_v_0.2795084971874737_p_0.75_ϵ_1.0_gens_20000000_210224-130705.037
      From worker 10:	replicate complete, ran 20000000 generations:
      From worker 10:	
      From worker 10:		num_imitating:			10003015
      From worker 10:		num_not_imitating:		9996985
      From worker 10:		num_strategies_changed:  	156223
      From worker 10:			num_random_strategies: 	10033
      From worker 10:		num_sets_changed: 		0
      From worker 10:			num_random_opinions: 	0
      From worker 10:			num_biased_opinions: 	250205
      From worker 10:		num_both_changed: 		0
      From worker 10:	
      From worker 10:	data processed and exported
      From worker 10:	
      From worker 10:	starting b_1.0_c_0.2_N_40_M_2_K_2_P_2_beta_0.001_u_0.001_v_0.055901699437494755_p_0.0_ϵ_1.0_gens_20000000_210224-130705.037
      From worker 15:	replicate complete, ran 20000000 generations:
      From worker 15:	
      From worker 15:		num_imitating:			9996346
      From worker 15:		num_not_imitating:		10003654
      From worker 15:		num_strategies_changed:  	152177
      From worker 15:			num_random_strategies: 	9963
      From worker 15:		num_sets_changed: 		0
      From worker 15:			num_random_opinions: 	0
      From worker 15:			num_biased_opinions: 	2792577
      From worker 15:		num_both_changed: 		0
      From worker 15:	
      From worker 15:	data processed and exported
      From worker 15:	
      From worker 15:	starting b_1.0_c_0.2_N_40_M_2_K_2_P_2_beta_0.001_u_0.001_v_0.625_p_0.0_ϵ_1.0_gens_20000000_210224-130705.037
      From worker 13:	replicate complete, ran 20000000 generations:
      From worker 13:	
      From worker 13:		num_imitating:			17502066
      From worker 13:		num_not_imitating:		2497934
      From worker 13:		num_strategies_changed:  	503146
      From worker 13:			num_random_strategies: 	17581
      From worker 13:		num_sets_changed: 		10892534
      From worker 13:			num_random_opinions: 	1639841
      From worker 13:			num_biased_opinions: 	547364
      From worker 13:		num_both_changed: 		359770
      From worker 13:	
      From worker 13:	data processed and exported
      From worker 13:	
      From worker 13:	starting b_1.0_c_0.2_N_40_M_2_K_2_P_2_beta_0.001_u_0.001_v_0.125_p_0.5_ϵ_1.0_gens_20000000_210224-130705.037
      From worker 12:	replicate complete, ran 20000000 generations:
      From worker 12:	
      From worker 12:		num_imitating:			20000000
      From worker 12:		num_not_imitating:		0
      From worker 12:		num_strategies_changed:  	578654
      From worker 12:			num_random_strategies: 	20150
      From worker 12:		num_sets_changed: 		12773786
      From worker 12:			num_random_opinions: 	2500204
      From worker 12:			num_biased_opinions: 	0
      From worker 12:		num_both_changed: 		423768
      From worker 12:	
      From worker 12:	data processed and exported
      From worker 12:	
      From worker 12:	starting b_1.0_c_0.2_N_40_M_2_K_2_P_2_beta_0.001_u_0.001_v_0.125_p_0.25_ϵ_1.0_gens_20000000_210224-130705.037
      From worker 8:	replicate complete, ran 20000000 generations:
      From worker 8:	
      From worker 8:		num_imitating:			14998842
      From worker 8:		num_not_imitating:		5001158
      From worker 8:		num_strategies_changed:  	417219
      From worker 8:			num_random_strategies: 	15006
      From worker 8:		num_sets_changed: 		3253567
      From worker 8:			num_random_opinions: 	84107
      From worker 8:			num_biased_opinions: 	84377
      From worker 8:		num_both_changed: 		148768
      From worker 8:	
      From worker 8:	data processed and exported
      From worker 8:	
      From worker 8:	starting b_1.0_c_0.2_N_40_M_2_K_2_P_2_beta_0.001_u_0.001_v_0.011180339887498947_p_0.75_ϵ_1.0_gens_20000000_210224-130705.037
      From worker 3:	replicate complete, ran 20000000 generations:
      From worker 3:	
      From worker 3:		num_imitating:			12499429
      From worker 3:		num_not_imitating:		7500571
      From worker 3:		num_strategies_changed:  	368002
      From worker 3:			num_random_strategies: 	12580
      From worker 3:		num_sets_changed: 		294026
      From worker 3:			num_random_opinions: 	3140
      From worker 3:			num_biased_opinions: 	9344
      From worker 3:		num_both_changed: 		18174
      From worker 3:	
      From worker 3:	data processed and exported
      From worker 3:	
      From worker 3:	starting b_1.0_c_0.2_N_40_M_2_K_2_P_2_beta_0.001_u_0.001_v_0.001_p_1.0_ϵ_1.0_gens_20000000_210224-130705.037
      From worker 4:	replicate complete, ran 20000000 generations:
      From worker 4:	
      From worker 4:		num_imitating:			10002902
      From worker 4:		num_not_imitating:		9997098
      From worker 4:		num_strategies_changed:  	146394
      From worker 4:			num_random_strategies: 	9929
      From worker 4:		num_sets_changed: 		0
      From worker 4:			num_random_opinions: 	0
      From worker 4:			num_biased_opinions: 	22319
      From worker 4:		num_both_changed: 		0
      From worker 4:	
      From worker 4:	data processed and exported
      From worker 4:	
      From worker 4:	starting b_1.0_c_0.2_N_40_M_2_K_2_P_2_beta_0.001_u_0.001_v_0.0022360679774997894_p_0.0_ϵ_1.0_gens_20000000_210224-130705.037
      From worker 9:	replicate complete, ran 20000000 generations:
      From worker 9:	
      From worker 9:		num_imitating:			12502000
      From worker 9:		num_not_imitating:		7498000
      From worker 9:		num_strategies_changed:  	340611
      From worker 9:			num_random_strategies: 	12471
      From worker 9:		num_sets_changed: 		3779807
      From worker 9:			num_random_opinions: 	78971
      From worker 9:			num_biased_opinions: 	234864
      From worker 9:		num_both_changed: 		153002
      From worker 9:	
      From worker 9:	data processed and exported
      From worker 9:	
      From worker 9:	starting b_1.0_c_0.2_N_40_M_2_K_2_P_2_beta_0.001_u_0.001_v_0.025_p_1.0_ϵ_1.0_gens_20000000_210224-130705.037
      From worker 7:	replicate complete, ran 20000000 generations:
      From worker 7:	
      From worker 7:		num_imitating:			17498930
      From worker 7:		num_not_imitating:		2501070
      From worker 7:		num_strategies_changed:  	500353
      From worker 7:			num_random_strategies: 	17323
      From worker 7:		num_sets_changed: 		4093556
      From worker 7:			num_random_opinions: 	146568
      From worker 7:			num_biased_opinions: 	48872
      From worker 7:		num_both_changed: 		190698
      From worker 7:	
      From worker 7:	data processed and exported
      From worker 7:	
      From worker 7:	starting b_1.0_c_0.2_N_40_M_2_K_2_P_2_beta_0.001_u_0.001_v_0.011180339887498947_p_0.5_ϵ_1.0_gens_20000000_210224-130705.037
      From worker 5:	replicate complete, ran 20000000 generations:
      From worker 5:	
      From worker 5:		num_imitating:			20000000
      From worker 5:		num_not_imitating:		0
      From worker 5:		num_strategies_changed:  	559849
      From worker 5:			num_random_strategies: 	20038
      From worker 5:		num_sets_changed: 		2568093
      From worker 5:			num_random_opinions: 	100298
      From worker 5:			num_biased_opinions: 	0
      From worker 5:		num_both_changed: 		118146
      From worker 5:	
      From worker 5:	data processed and exported
      From worker 5:	
      From worker 5:	starting b_1.0_c_0.2_N_40_M_2_K_2_P_2_beta_0.001_u_0.001_v_0.005_p_0.25_ϵ_1.0_gens_20000000_210224-130705.037
      From worker 11:	replicate complete, ran 20000000 generations:
      From worker 11:	
      From worker 11:		num_imitating:			20000000
      From worker 11:		num_not_imitating:		0
      From worker 11:		num_strategies_changed:  	594905
      From worker 11:			num_random_strategies: 	20074
      From worker 11:		num_sets_changed: 		10516977
      From worker 11:			num_random_opinions: 	1118417
      From worker 11:			num_biased_opinions: 	0
      From worker 11:		num_both_changed: 		402264
      From worker 11:	
      From worker 2:	replicate complete, ran 20000000 generations:
      From worker 2:	
      From worker 2:		num_imitating:			14998774
      From worker 2:		num_not_imitating:		5001226
      From worker 2:		num_strategies_changed:  	430087
      From worker 2:			num_random_strategies: 	15063
      From worker 2:		num_sets_changed: 		426474
      From worker 2:			num_random_opinions: 	7559
      From worker 2:			num_biased_opinions: 	7472
      From worker 2:		num_both_changed: 		24815
      From worker 2:	
      From worker 11:	data processed and exported
      From worker 11:	
      From worker 11:	starting b_1.0_c_0.2_N_40_M_2_K_2_P_2_beta_0.001_u_0.001_v_0.055901699437494755_p_0.25_ϵ_1.0_gens_20000000_210224-130705.037
      From worker 2:	data processed and exported
      From worker 2:	
      From worker 2:	starting b_1.0_c_0.2_N_40_M_2_K_2_P_2_beta_0.001_u_0.001_v_0.001_p_0.75_ϵ_1.0_gens_20000000_210224-130705.037
      From worker 6:	replicate complete, ran 20000000 generations:
      From worker 6:	
      From worker 6:		num_imitating:			17498033
      From worker 6:		num_not_imitating:		2501967
      From worker 6:		num_strategies_changed:  	493396
      From worker 6:			num_random_strategies: 	17520
      From worker 6:		num_sets_changed: 		2182372
      From worker 6:			num_random_opinions: 	65737
      From worker 6:			num_biased_opinions: 	22220
      From worker 6:		num_both_changed: 		104283
      From worker 6:	
      From worker 6:	data processed and exported
      From worker 6:	
      From worker 6:	starting b_1.0_c_0.2_N_40_M_2_K_2_P_2_beta_0.001_u_0.001_v_0.005_p_0.5_ϵ_1.0_gens_20000000_210224-130705.037
      From worker 3:	replicate complete, ran 20000000 generations:
      From worker 3:	
      From worker 3:		num_imitating:			9997528
      From worker 3:		num_not_imitating:		10002472
      From worker 3:		num_strategies_changed:  	139734
      From worker 3:			num_random_strategies: 	10117
      From worker 3:		num_sets_changed: 		0
      From worker 3:			num_random_opinions: 	0
      From worker 3:			num_biased_opinions: 	10064
      From worker 3:		num_both_changed: 		0
      From worker 3:	
      From worker 3:	data processed and exported
      From worker 3:	
      From worker 3:	starting b_1.0_c_0.2_N_40_M_2_K_2_P_2_beta_0.001_u_0.001_v_0.0022360679774997894_p_0.0_ϵ_1.0_gens_20000000_210224-130705.037
      From worker 9:	replicate complete, ran 20000000 generations:
      From worker 9:	
      From worker 9:		num_imitating:			10001447
      From worker 9:		num_not_imitating:		9998553
      From worker 9:		num_strategies_changed:  	142905
      From worker 9:			num_random_strategies: 	10044
      From worker 9:		num_sets_changed: 		0
      From worker 9:			num_random_opinions: 	0
      From worker 9:			num_biased_opinions: 	249917
      From worker 9:		num_both_changed: 		0
      From worker 9:	
      From worker 9:	data processed and exported
      From worker 9:	
      From worker 9:	starting b_1.0_c_0.2_N_40_M_2_K_2_P_2_beta_0.001_u_0.001_v_0.025_p_0.0_ϵ_1.0_gens_20000000_210224-130705.037
      From worker 4:	replicate complete, ran 20000000 generations:
      From worker 4:	
      From worker 4:		num_imitating:			20000000
      From worker 4:		num_not_imitating:		0
      From worker 4:		num_strategies_changed:  	574391
      From worker 4:			num_random_strategies: 	20157
      From worker 4:		num_sets_changed: 		1260331
      From worker 4:			num_random_opinions: 	44395
      From worker 4:			num_biased_opinions: 	0
      From worker 4:		num_both_changed: 		68771
      From worker 4:	
      From worker 4:	data processed and exported
      From worker 4:	
      From worker 4:	starting b_1.0_c_0.2_N_40_M_2_K_2_P_2_beta_0.001_u_0.001_v_0.0022360679774997894_p_0.25_ϵ_1.0_gens_20000000_210224-130705.037
      From worker 8:	replicate complete, ran 20000000 generations:
      From worker 8:	
      From worker 8:		num_imitating:			12500412
      From worker 8:		num_not_imitating:		7499588
      From worker 8:		num_strategies_changed:  	358130
      From worker 8:			num_random_strategies: 	12561
      From worker 8:		num_sets_changed: 		2354421
      From worker 8:			num_random_opinions: 	35079
      From worker 8:			num_biased_opinions: 	104818
      From worker 8:		num_both_changed: 		118149
      From worker 8:	
      From worker 8:	data processed and exported
      From worker 8:	
      From worker 8:	starting b_1.0_c_0.2_N_40_M_2_K_2_P_2_beta_0.001_u_0.001_v_0.011180339887498947_p_1.0_ϵ_1.0_gens_20000000_210224-130705.037
      From worker 5:	replicate complete, ran 20000000 generations:
      From worker 5:	
      From worker 5:		num_imitating:			17500167
      From worker 5:		num_not_imitating:		2499833
      From worker 5:		num_strategies_changed:  	489977
      From worker 5:			num_random_strategies: 	17572
      From worker 5:		num_sets_changed: 		2177025
      From worker 5:			num_random_opinions: 	65756
      From worker 5:			num_biased_opinions: 	21583
      From worker 5:		num_both_changed: 		111502
      From worker 5:	
      From worker 5:	data processed and exported
      From worker 5:	
      From worker 5:	starting b_1.0_c_0.2_N_40_M_2_K_2_P_2_beta_0.001_u_0.001_v_0.005_p_0.5_ϵ_1.0_gens_20000000_210224-130705.037
      From worker 2:	replicate complete, ran 20000000 generations:
      From worker 2:	
      From worker 2:		num_imitating:			12503251
      From worker 2:		num_not_imitating:		7496749
      From worker 2:		num_strategies_changed:  	351480
      From worker 2:			num_random_strategies: 	12703
      From worker 2:		num_sets_changed: 		326480
      From worker 2:			num_random_opinions: 	3043
      From worker 2:			num_biased_opinions: 	9612
      From worker 2:		num_both_changed: 		17229
      From worker 2:	
      From worker 2:	data processed and exported
      From worker 2:	
      From worker 2:	starting b_1.0_c_0.2_N_40_M_2_K_2_P_2_beta_0.001_u_0.001_v_0.001_p_1.0_ϵ_1.0_gens_20000000_210224-130705.037
      From worker 7:	replicate complete, ran 20000000 generations:
      From worker 7:	
      From worker 7:		num_imitating:			14997357
      From worker 7:		num_not_imitating:		5002643
      From worker 7:		num_strategies_changed:  	411499
      From worker 7:			num_random_strategies: 	14971
      From worker 7:		num_sets_changed: 		3220731
      From worker 7:			num_random_opinions: 	84344
      From worker 7:			num_biased_opinions: 	83901
      From worker 7:		num_both_changed: 		141638
      From worker 7:	
      From worker 7:	data processed and exported
      From worker 7:	
      From worker 7:	starting b_1.0_c_0.2_N_40_M_2_K_2_P_2_beta_0.001_u_0.001_v_0.011180339887498947_p_0.75_ϵ_1.0_gens_20000000_210224-130705.037
      From worker 16:	replicate complete, ran 20000000 generations:
      From worker 16:	
      From worker 16:		num_imitating:			20000000
      From worker 16:		num_not_imitating:		0
      From worker 16:		num_strategies_changed:  	562362
      From worker 16:			num_random_strategies: 	19829
      From worker 16:		num_sets_changed: 		14779039
      From worker 16:			num_random_opinions: 	12497435
      From worker 16:			num_biased_opinions: 	0
      From worker 16:		num_both_changed: 		421032
      From worker 16:	
      From worker 16:	data processed and exported
      From worker 16:	
      From worker 16:	starting b_1.0_c_0.2_N_40_M_2_K_2_P_2_beta_0.001_u_0.001_v_0.625_p_0.25_ϵ_1.0_gens_20000000_210224-130705.037
      From worker 14:	replicate complete, ran 20000000 generations:
      From worker 14:	
      From worker 14:		num_imitating:			12499688
      From worker 14:		num_not_imitating:		7500312
      From worker 14:		num_strategies_changed:  	355838
      From worker 14:			num_random_strategies: 	12439
      From worker 14:		num_sets_changed: 		6242478
      From worker 14:			num_random_opinions: 	873960
      From worker 14:			num_biased_opinions: 	2620333
      From worker 14:		num_both_changed: 		194337
      From worker 14:	
      From worker 14:	data processed and exported
      From worker 14:	
      From worker 14:	starting b_1.0_c_0.2_N_40_M_2_K_2_P_2_beta_0.001_u_0.001_v_0.2795084971874737_p_1.0_ϵ_1.0_gens_20000000_210224-130705.037
      From worker 6:	replicate complete, ran 20000000 generations:
      From worker 6:	
      From worker 6:		num_imitating:			15001136
      From worker 6:		num_not_imitating:		4998864
      From worker 6:		num_strategies_changed:  	431490
      From worker 6:			num_random_strategies: 	15000
      From worker 6:		num_sets_changed: 		1738815
      From worker 6:			num_random_opinions: 	37887
      From worker 6:			num_biased_opinions: 	37423
      From worker 6:		num_both_changed: 		94385
      From worker 6:	
      From worker 6:	data processed and exported
      From worker 6:	
      From worker 6:	starting b_1.0_c_0.2_N_40_M_2_K_2_P_2_beta_0.001_u_0.001_v_0.005_p_0.75_ϵ_1.0_gens_20000000_210224-130705.037
      From worker 3:	replicate complete, ran 20000000 generations:
      From worker 3:	
      From worker 3:		num_imitating:			20000000
      From worker 3:		num_not_imitating:		0
      From worker 3:		num_strategies_changed:  	559260
      From worker 3:			num_random_strategies: 	19857
      From worker 3:		num_sets_changed: 		1292977
      From worker 3:			num_random_opinions: 	44954
      From worker 3:			num_biased_opinions: 	0
      From worker 3:		num_both_changed: 		62451
      From worker 3:	
      From worker 3:	data processed and exported
      From worker 3:	
      From worker 3:	starting b_1.0_c_0.2_N_40_M_2_K_2_P_2_beta_0.001_u_0.001_v_0.0022360679774997894_p_0.25_ϵ_1.0_gens_20000000_210224-130705.037
      From worker 8:	replicate complete, ran 20000000 generations:
      From worker 8:	
      From worker 8:		num_imitating:			9995588
      From worker 8:		num_not_imitating:		10004412
      From worker 8:		num_strategies_changed:  	147970
      From worker 8:			num_random_strategies: 	10170
      From worker 8:		num_sets_changed: 		0
      From worker 8:			num_random_opinions: 	0
      From worker 8:			num_biased_opinions: 	111855
      From worker 8:		num_both_changed: 		0
      From worker 8:	
      From worker 8:	data processed and exported
      From worker 8:	
      From worker 8:	starting b_1.0_c_0.2_N_40_M_2_K_2_P_2_beta_0.001_u_0.001_v_0.025_p_0.0_ϵ_1.0_gens_20000000_210224-130705.037
      From worker 4:	replicate complete, ran 20000000 generations:
      From worker 4:	
      From worker 4:		num_imitating:			17498335
      From worker 4:		num_not_imitating:		2501665
      From worker 4:		num_strategies_changed:  	514171
      From worker 4:			num_random_strategies: 	17738
      From worker 4:		num_sets_changed: 		1090153
      From worker 4:			num_random_opinions: 	29190
      From worker 4:			num_biased_opinions: 	9872
      From worker 4:		num_both_changed: 		56997
      From worker 4:	
      From worker 4:	data processed and exported
      From worker 4:	
      From worker 4:	starting b_1.0_c_0.2_N_40_M_2_K_2_P_2_beta_0.001_u_0.001_v_0.0022360679774997894_p_0.5_ϵ_1.0_gens_20000000_210224-130705.037
      From worker 12:	replicate complete, ran 20000000 generations:
      From worker 12:	
      From worker 12:		num_imitating:			17495933
      From worker 12:		num_not_imitating:		2504067
      From worker 12:		num_strategies_changed:  	488853
      From worker 12:			num_random_strategies: 	17514
      From worker 12:		num_sets_changed: 		10868864
      From worker 12:			num_random_opinions: 	1638277
      From worker 12:			num_biased_opinions: 	546021
      From worker 12:		num_both_changed: 		348125
      From worker 12:	
      From worker 13:	replicate complete, ran 20000000 generations:
      From worker 13:	
      From worker 13:		num_imitating:			15000302
      From worker 13:		num_not_imitating:		4999698
      From worker 13:		num_strategies_changed:  	437794
      From worker 13:			num_random_strategies: 	15010
      From worker 13:		num_sets_changed: 		8644741
      From worker 13:			num_random_opinions: 	937549
      From worker 13:			num_biased_opinions: 	938495
      From worker 13:		num_both_changed: 		290146
      From worker 13:	
      From worker 12:	data processed and exported
      From worker 12:	
      From worker 12:	starting b_1.0_c_0.2_N_40_M_2_K_2_P_2_beta_0.001_u_0.001_v_0.125_p_0.5_ϵ_1.0_gens_20000000_210224-130705.037
      From worker 13:	data processed and exported
      From worker 13:	
      From worker 13:	starting b_1.0_c_0.2_N_40_M_2_K_2_P_2_beta_0.001_u_0.001_v_0.125_p_0.75_ϵ_1.0_gens_20000000_210224-130705.037
      From worker 10:	replicate complete, ran 20000000 generations:
      From worker 10:	
      From worker 10:		num_imitating:			20000000
      From worker 10:		num_not_imitating:		0
      From worker 10:		num_strategies_changed:  	577434
      From worker 10:			num_random_strategies: 	20002
      From worker 10:		num_sets_changed: 		10524105
      From worker 10:			num_random_opinions: 	1118423
      From worker 10:			num_biased_opinions: 	0
      From worker 10:		num_both_changed: 		391399
      From worker 10:	
      From worker 10:	data processed and exported
      From worker 10:	
      From worker 10:	starting b_1.0_c_0.2_N_40_M_2_K_2_P_2_beta_0.001_u_0.001_v_0.055901699437494755_p_0.25_ϵ_1.0_gens_20000000_210224-130705.037
      From worker 5:	replicate complete, ran 20000000 generations:
      From worker 5:	
      From worker 5:		num_imitating:			14995822
      From worker 5:		num_not_imitating:		5004178
      From worker 5:		num_strategies_changed:  	399665
      From worker 5:			num_random_strategies: 	15099
      From worker 5:		num_sets_changed: 		1748234
      From worker 5:			num_random_opinions: 	37545
      From worker 5:			num_biased_opinions: 	37328
      From worker 5:		num_both_changed: 		80286
      From worker 5:	
      From worker 11:	replicate complete, ran 20000000 generations:
      From worker 11:	
      From worker 11:		num_imitating:			17500823
      From worker 11:		num_not_imitating:		2499177
      From worker 11:		num_strategies_changed:  	478266
      From worker 11:			num_random_strategies: 	17251
      From worker 11:		num_sets_changed: 		8980616
      From worker 11:			num_random_opinions: 	733865
      From worker 11:			num_biased_opinions: 	244689
      From worker 11:		num_both_changed: 		315086
      From worker 11:	
      From worker 5:	data processed and exported
      From worker 11:	data processed and exported
      From worker 5:	
      From worker 5:	starting b_1.0_c_0.2_N_40_M_2_K_2_P_2_beta_0.001_u_0.001_v_0.005_p_0.75_ϵ_1.0_gens_20000000_210224-130705.037
      From worker 11:	
      From worker 11:	starting b_1.0_c_0.2_N_40_M_2_K_2_P_2_beta_0.001_u_0.001_v_0.055901699437494755_p_0.5_ϵ_1.0_gens_20000000_210224-130705.037
      From worker 2:	replicate complete, ran 20000000 generations:
      From worker 2:	
      From worker 2:		num_imitating:			9999192
      From worker 2:		num_not_imitating:		10000808
      From worker 2:		num_strategies_changed:  	144632
      From worker 2:			num_random_strategies: 	9948
      From worker 2:		num_sets_changed: 		0
      From worker 2:			num_random_opinions: 	0
      From worker 2:			num_biased_opinions: 	9972
      From worker 2:		num_both_changed: 		0
      From worker 2:	
      From worker 2:	data processed and exported
      From worker 2:	
      From worker 2:	starting b_1.0_c_0.2_N_40_M_2_K_2_P_2_beta_0.001_u_0.001_v_0.001_p_0.0_ϵ_1.0_gens_20000000_210224-130705.037
      From worker 14:	replicate complete, ran 20000000 generations:
      From worker 14:	
      From worker 14:		num_imitating:			10000936
      From worker 14:		num_not_imitating:		9999064
      From worker 14:		num_strategies_changed:  	150519
      From worker 14:			num_random_strategies: 	10067
      From worker 14:		num_sets_changed: 		0
      From worker 14:			num_random_opinions: 	0
      From worker 14:			num_biased_opinions: 	2795752
      From worker 14:		num_both_changed: 		0
      From worker 14:	
      From worker 14:	data processed and exported
      From worker 14:	
      From worker 14:	starting b_1.0_c_0.2_N_40_M_2_K_2_P_2_beta_0.001_u_0.001_v_0.2795084971874737_p_0.0_ϵ_1.0_gens_20000000_210224-130705.037
      From worker 15:	replicate complete, ran 20000000 generations:
      From worker 15:	
      From worker 15:		num_imitating:			20000000
      From worker 15:		num_not_imitating:		0
      From worker 15:		num_strategies_changed:  	560086
      From worker 15:			num_random_strategies: 	19926
      From worker 15:		num_sets_changed: 		14776177
      From worker 15:			num_random_opinions: 	12502595
      From worker 15:			num_biased_opinions: 	0
      From worker 15:		num_both_changed: 		419522
      From worker 15:	
      From worker 15:	data processed and exported
      From worker 15:	
      From worker 15:	starting b_1.0_c_0.2_N_40_M_2_K_2_P_2_beta_0.001_u_0.001_v_0.625_p_0.25_ϵ_1.0_gens_20000000_210224-130705.037
      From worker 6:	replicate complete, ran 20000000 generations:
      From worker 6:	
      From worker 6:		num_imitating:			12499074
      From worker 6:		num_not_imitating:		7500926
      From worker 6:		num_strategies_changed:  	359947
      From worker 6:			num_random_strategies: 	12489
      From worker 6:		num_sets_changed: 		1268798
      From worker 6:			num_random_opinions: 	15506
      From worker 6:			num_biased_opinions: 	47217
      From worker 6:		num_both_changed: 		67745
      From worker 6:	
      From worker 6:	data processed and exported
      From worker 6:	
      From worker 6:	starting b_1.0_c_0.2_N_40_M_2_K_2_P_2_beta_0.001_u_0.001_v_0.005_p_1.0_ϵ_1.0_gens_20000000_210224-130705.037
      From worker 7:	replicate complete, ran 20000000 generations:
      From worker 7:	
      From worker 7:		num_imitating:			12499206
      From worker 7:		num_not_imitating:		7500794
      From worker 7:		num_strategies_changed:  	364724
      From worker 7:			num_random_strategies: 	12552
      From worker 7:		num_sets_changed: 		2398625
      From worker 7:			num_random_opinions: 	34948
      From worker 7:			num_biased_opinions: 	104640
      From worker 7:		num_both_changed: 		121020
      From worker 7:	
      From worker 7:	data processed and exported
      From worker 7:	
      From worker 7:	starting b_1.0_c_0.2_N_40_M_2_K_2_P_2_beta_0.001_u_0.001_v_0.011180339887498947_p_1.0_ϵ_1.0_gens_20000000_210224-130705.037
      From worker 3:	replicate complete, ran 20000000 generations:
      From worker 3:	
      From worker 3:		num_imitating:			17498631
      From worker 3:		num_not_imitating:		2501369
      From worker 3:		num_strategies_changed:  	501592
      From worker 3:			num_random_strategies: 	17651
      From worker 3:		num_sets_changed: 		1115275
      From worker 3:			num_random_opinions: 	29185
      From worker 3:			num_biased_opinions: 	9715
      From worker 3:		num_both_changed: 		56503
      From worker 3:	
      From worker 9:	replicate complete, ran 20000000 generations:
      From worker 9:	
      From worker 9:		num_imitating:			20000000
      From worker 9:		num_not_imitating:		0
      From worker 9:		num_strategies_changed:  	560557
      From worker 9:			num_random_strategies: 	19913
      From worker 9:		num_sets_changed: 		7561197
      From worker 9:			num_random_opinions: 	499110
      From worker 9:			num_biased_opinions: 	0
      From worker 9:		num_both_changed: 		301267
      From worker 9:	
      From worker 3:	data processed and exported
      From worker 9:	data processed and exported
      From worker 9:	
      From worker 9:	starting b_1.0_c_0.2_N_40_M_2_K_2_P_2_beta_0.001_u_0.001_v_0.025_p_0.25_ϵ_1.0_gens_20000000_210224-130705.037
      From worker 4:	replicate complete, ran 20000000 generations:
      From worker 4:	
      From worker 4:		num_imitating:			15000112
      From worker 4:		num_not_imitating:		4999888
      From worker 4:		num_strategies_changed:  	414571
      From worker 4:			num_random_strategies: 	15021
      From worker 4:		num_sets_changed: 		895087
      From worker 4:			num_random_opinions: 	16844
      From worker 4:			num_biased_opinions: 	16537
      From worker 4:		num_both_changed: 		39948
      From worker 4:	
      From worker 4:	data processed and exported
      From worker 6:	replicate complete, ran 20000000 generations:
      From worker 6:	
      From worker 6:		num_imitating:			10001337
      From worker 6:		num_not_imitating:		9998663
      From worker 6:		num_strategies_changed:  	143143
      From worker 6:			num_random_strategies: 	9936
      From worker 6:		num_sets_changed: 		0
      From worker 6:			num_random_opinions: 	0
      From worker 6:			num_biased_opinions: 	49902
      From worker 6:		num_both_changed: 		0
      From worker 6:	
      From worker 6:	data processed and exported
      From worker 5:	replicate complete, ran 20000000 generations:
      From worker 5:	
      From worker 5:		num_imitating:			12500374
      From worker 5:		num_not_imitating:		7499626
      From worker 5:		num_strategies_changed:  	368593
      From worker 5:			num_random_strategies: 	12525
      From worker 5:		num_sets_changed: 		1306288
      From worker 5:			num_random_opinions: 	15578
      From worker 5:			num_biased_opinions: 	46830
      From worker 5:		num_both_changed: 		71789
      From worker 5:	
      From worker 5:	data processed and exported
      From worker 2:	replicate complete, ran 20000000 generations:
      From worker 2:	
      From worker 2:		num_imitating:			20000000
      From worker 2:		num_not_imitating:		0
      From worker 2:		num_strategies_changed:  	579012
      From worker 2:			num_random_strategies: 	19705
      From worker 2:		num_sets_changed: 		621207
      From worker 2:			num_random_opinions: 	20449
      From worker 2:			num_biased_opinions: 	0
      From worker 2:		num_both_changed: 		32765
      From worker 2:	
      From worker 7:	replicate complete, ran 20000000 generations:
      From worker 7:	
      From worker 7:		num_imitating:			10002443
      From worker 7:		num_not_imitating:		9997557
      From worker 7:		num_strategies_changed:  	138876
      From worker 7:			num_random_strategies: 	9891
      From worker 7:		num_sets_changed: 		0
      From worker 7:			num_random_opinions: 	0
      From worker 7:			num_biased_opinions: 	111537
      From worker 7:		num_both_changed: 		0
      From worker 7:	
      From worker 2:	data processed and exported
      From worker 7:	data processed and exported
      From worker 7:	
      From worker 7:	starting b_1.0_c_0.2_N_40_M_2_K_2_P_2_beta_0.001_u_0.001_v_0.011180339887498947_p_0.0_ϵ_1.0_gens_20000000_210224-130705.037
      From worker 8:	replicate complete, ran 20000000 generations:
      From worker 8:	
      From worker 8:		num_imitating:			20000000
      From worker 8:		num_not_imitating:		0
      From worker 8:		num_strategies_changed:  	602168
      From worker 8:			num_random_strategies: 	20028
      From worker 8:		num_sets_changed: 		7488113
      From worker 8:			num_random_opinions: 	500253
      From worker 8:			num_biased_opinions: 	0
      From worker 8:		num_both_changed: 		330601
      From worker 8:	
      From worker 8:	data processed and exported
      From worker 8:	
      From worker 8:	starting b_1.0_c_0.2_N_40_M_2_K_2_P_2_beta_0.001_u_0.001_v_0.025_p_0.25_ϵ_1.0_gens_20000000_210224-130705.037
      From worker 13:	replicate complete, ran 20000000 generations:
      From worker 13:	
      From worker 13:		num_imitating:			12496820
      From worker 13:		num_not_imitating:		7503180
      From worker 13:		num_strategies_changed:  	350850
      From worker 13:			num_random_strategies: 	12414
      From worker 13:		num_sets_changed: 		6118036
      From worker 13:			num_random_opinions: 	390377
      From worker 13:			num_biased_opinions: 	1171720
      From worker 13:		num_both_changed: 		203013
      From worker 13:	
      From worker 13:	data processed and exported
      From worker 13:	
      From worker 13:	starting b_1.0_c_0.2_N_40_M_2_K_2_P_2_beta_0.001_u_0.001_v_0.125_p_1.0_ϵ_1.0_gens_20000000_210224-130705.037
      From worker 12:	replicate complete, ran 20000000 generations:
      From worker 12:	
      From worker 12:		num_imitating:			14999511
      From worker 12:		num_not_imitating:		5000489
      From worker 12:		num_strategies_changed:  	423754
      From worker 12:			num_random_strategies: 	15141
      From worker 12:		num_sets_changed: 		8658289
      From worker 12:			num_random_opinions: 	938710
      From worker 12:			num_biased_opinions: 	938302
      From worker 12:		num_both_changed: 		282004
      From worker 12:	
      From worker 12:	data processed and exported
      From worker 12:	
      From worker 12:	starting b_1.0_c_0.2_N_40_M_2_K_2_P_2_beta_0.001_u_0.001_v_0.125_p_0.75_ϵ_1.0_gens_20000000_210224-130705.037
      From worker 11:	replicate complete, ran 20000000 generations:
      From worker 11:	
      From worker 11:		num_imitating:			14999225
      From worker 11:		num_not_imitating:		5000775
      From worker 11:		num_strategies_changed:  	407924
      From worker 11:			num_random_strategies: 	14720
      From worker 11:		num_sets_changed: 		7175254
      From worker 11:			num_random_opinions: 	420532
      From worker 11:			num_biased_opinions: 	420736
      From worker 11:		num_both_changed: 		254127
      From worker 11:	
      From worker 11:	data processed and exported
      From worker 11:	
      From worker 11:	starting b_1.0_c_0.2_N_40_M_2_K_2_P_2_beta_0.001_u_0.001_v_0.055901699437494755_p_0.75_ϵ_1.0_gens_20000000_210224-130705.037
      From worker 16:	replicate complete, ran 20000000 generations:
      From worker 16:	
      From worker 16:		num_imitating:			17501810
      From worker 16:		num_not_imitating:		2498190
      From worker 16:		num_strategies_changed:  	490159
      From worker 16:			num_random_strategies: 	17605
      From worker 16:		num_sets_changed: 		12411770
      From worker 16:			num_random_opinions: 	8202420
      From worker 16:			num_biased_opinions: 	2734756
      From worker 16:		num_both_changed: 		353213
      From worker 16:	
      From worker 16:	data processed and exported
      From worker 16:	
      From worker 16:	starting b_1.0_c_0.2_N_40_M_2_K_2_P_2_beta_0.001_u_0.001_v_0.625_p_0.5_ϵ_1.0_gens_20000000_210224-130705.037
      From worker 9:	replicate complete, ran 20000000 generations:
      From worker 9:	
      From worker 9:		num_imitating:			17502032
      From worker 9:		num_not_imitating:		2497968
      From worker 9:		num_strategies_changed:  	517224
      From worker 9:			num_random_strategies: 	17324
      From worker 9:		num_sets_changed: 		6475375
      From worker 9:			num_random_opinions: 	327277
      From worker 9:			num_biased_opinions: 	109211
      From worker 9:		num_both_changed: 		278776
      From worker 9:	
      From worker 9:	data processed and exported
      From worker 9:	
      From worker 9:	starting b_1.0_c_0.2_N_40_M_2_K_2_P_2_beta_0.001_u_0.001_v_0.025_p_0.5_ϵ_1.0_gens_20000000_210224-130705.037
      From worker 10:	replicate complete, ran 20000000 generations:
      From worker 10:	
      From worker 10:		num_imitating:			17502981
      From worker 10:		num_not_imitating:		2497019
      From worker 10:		num_strategies_changed:  	531990
      From worker 10:			num_random_strategies: 	17918
      From worker 10:		num_sets_changed: 		9019755
      From worker 10:			num_random_opinions: 	733198
      From worker 10:			num_biased_opinions: 	244759
      From worker 10:		num_both_changed: 		352867
      From worker 10:	
      From worker 10:	data processed and exported
      From worker 10:	
      From worker 10:	starting b_1.0_c_0.2_N_40_M_2_K_2_P_2_beta_0.001_u_0.001_v_0.055901699437494755_p_0.5_ϵ_1.0_gens_20000000_210224-130705.037
      From worker 7:	replicate complete, ran 20000000 generations:
      From worker 7:	
      From worker 7:		num_imitating:			20000000
      From worker 7:		num_not_imitating:		0
      From worker 7:		num_strategies_changed:  	603803
      From worker 7:			num_random_strategies: 	19906
      From worker 7:		num_sets_changed: 		4637930
      From worker 7:			num_random_opinions: 	223331
      From worker 7:			num_biased_opinions: 	0
      From worker 7:		num_both_changed: 		232451
      From worker 7:	
      From worker 7:	data processed and exported
      From worker 13:	replicate complete, ran 20000000 generations:
      From worker 13:	
      From worker 13:		num_imitating:			10000981
      From worker 13:		num_not_imitating:		9999019
      From worker 13:		num_strategies_changed:  	145067
      From worker 13:			num_random_strategies: 	10064
      From worker 13:		num_sets_changed: 		0
      From worker 13:			num_random_opinions: 	0
      From worker 13:			num_biased_opinions: 	1250710
      From worker 13:		num_both_changed: 		0
      From worker 13:	
      From worker 13:	data processed and exported
      From worker 13:	
      From worker 13:	starting b_1.0_c_0.2_N_40_M_2_K_2_P_2_beta_0.001_u_0.001_v_0.2795084971874737_p_0.0_ϵ_1.0_gens_20000000_210224-130705.037
      From worker 15:	replicate complete, ran 20000000 generations:
      From worker 15:	
      From worker 15:		num_imitating:			17498017
      From worker 15:		num_not_imitating:		2501983
      From worker 15:		num_strategies_changed:  	521461
      From worker 15:			num_random_strategies: 	17569
      From worker 15:		num_sets_changed: 		12407163
      From worker 15:			num_random_opinions: 	8203584
      From worker 15:			num_biased_opinions: 	2733138
      From worker 15:		num_both_changed: 		376169
      From worker 15:	
      From worker 15:	data processed and exported
      From worker 15:	
      From worker 15:	starting b_1.0_c_0.2_N_40_M_2_K_2_P_2_beta_0.001_u_0.001_v_0.625_p_0.5_ϵ_1.0_gens_20000000_210224-130705.037
      From worker 8:	replicate complete, ran 20000000 generations:
      From worker 8:	
      From worker 8:		num_imitating:			17499783
      From worker 8:		num_not_imitating:		2500217
      From worker 8:		num_strategies_changed:  	512392
      From worker 8:			num_random_strategies: 	17709
      From worker 8:		num_sets_changed: 		6498654
      From worker 8:			num_random_opinions: 	327514
      From worker 8:			num_biased_opinions: 	109718
      From worker 8:		num_both_changed: 		287982
      From worker 8:	
      From worker 8:	data processed and exported
      From worker 14:	replicate complete, ran 20000000 generations:
      From worker 14:	
      From worker 14:		num_imitating:			20000000
      From worker 14:		num_not_imitating:		0
      From worker 14:		num_strategies_changed:  	568960
      From worker 14:			num_random_strategies: 	20047
      From worker 14:		num_sets_changed: 		14092213
      From worker 14:			num_random_opinions: 	5591639
      From worker 14:			num_biased_opinions: 	0
      From worker 14:		num_both_changed: 		424233
      From worker 14:	
      From worker 14:	data processed and exported
      From worker 14:	
      From worker 14:	starting b_1.0_c_0.2_N_40_M_2_K_2_P_2_beta_0.001_u_0.001_v_0.2795084971874737_p_0.25_ϵ_1.0_gens_20000000_210224-130705.037
      From worker 11:	replicate complete, ran 20000000 generations:
      From worker 11:	
      From worker 11:		num_imitating:			12498093
      From worker 11:		num_not_imitating:		7501907
      From worker 11:		num_strategies_changed:  	369614
      From worker 11:			num_random_strategies: 	12468
      From worker 11:		num_sets_changed: 		5168033
      From worker 11:			num_random_opinions: 	174392
      From worker 11:			num_biased_opinions: 	525626
      From worker 11:		num_both_changed: 		204333
      From worker 11:	
      From worker 11:	data processed and exported
      From worker 11:	
      From worker 11:	starting b_1.0_c_0.2_N_40_M_2_K_2_P_2_beta_0.001_u_0.001_v_0.055901699437494755_p_1.0_ϵ_1.0_gens_20000000_210224-130705.037
      From worker 12:	replicate complete, ran 20000000 generations:
      From worker 12:	
      From worker 12:		num_imitating:			12500141
      From worker 12:		num_not_imitating:		7499859
      From worker 12:		num_strategies_changed:  	345128
      From worker 12:			num_random_strategies: 	12578
      From worker 12:		num_sets_changed: 		6115406
      From worker 12:			num_random_opinions: 	388922
      From worker 12:			num_biased_opinions: 	1173632
      From worker 12:		num_both_changed: 		198475
      From worker 12:	
      From worker 12:	data processed and exported
      From worker 12:	
      From worker 12:	starting b_1.0_c_0.2_N_40_M_2_K_2_P_2_beta_0.001_u_0.001_v_0.125_p_1.0_ϵ_1.0_gens_20000000_210224-130705.037
      From worker 9:	replicate complete, ran 20000000 generations:
      From worker 9:	
      From worker 9:		num_imitating:			14999395
      From worker 9:		num_not_imitating:		5000605
      From worker 9:		num_strategies_changed:  	423721
      From worker 9:			num_random_strategies: 	15126
      From worker 9:		num_sets_changed: 		5164519
      From worker 9:			num_random_opinions: 	187214
      From worker 9:			num_biased_opinions: 	187617
      From worker 9:		num_both_changed: 		221619
      From worker 9:	
      From worker 9:	data processed and exported
      From worker 10:	replicate complete, ran 20000000 generations:
      From worker 10:	
      From worker 10:		num_imitating:			15000124
      From worker 10:		num_not_imitating:		4999876
      From worker 10:		num_strategies_changed:  	430450
      From worker 10:			num_random_strategies: 	14863
      From worker 10:		num_sets_changed: 		7141616
      From worker 10:			num_random_opinions: 	418556
      From worker 10:			num_biased_opinions: 	417895
      From worker 10:		num_both_changed: 		263824
      From worker 10:	
      From worker 10:	data processed and exported
      From worker 10:	
      From worker 10:	starting b_1.0_c_0.2_N_40_M_2_K_2_P_2_beta_0.001_u_0.001_v_0.055901699437494755_p_0.75_ϵ_1.0_gens_20000000_210224-130705.037
      From worker 11:	replicate complete, ran 20000000 generations:
      From worker 11:	
      From worker 11:		num_imitating:			9999314
      From worker 11:		num_not_imitating:		10000686
      From worker 11:		num_strategies_changed:  	147879
      From worker 11:			num_random_strategies: 	10136
      From worker 11:		num_sets_changed: 		0
      From worker 11:			num_random_opinions: 	0
      From worker 11:			num_biased_opinions: 	558136
      From worker 11:		num_both_changed: 		0
      From worker 11:	
      From worker 11:	data processed and exported
      From worker 12:	replicate complete, ran 20000000 generations:
      From worker 12:	
      From worker 12:		num_imitating:			10000841
      From worker 12:		num_not_imitating:		9999159
      From worker 12:		num_strategies_changed:  	136039
      From worker 12:			num_random_strategies: 	9956
      From worker 12:		num_sets_changed: 		0
      From worker 12:			num_random_opinions: 	0
      From worker 12:			num_biased_opinions: 	1250829
      From worker 12:		num_both_changed: 		0
      From worker 12:	
      From worker 12:	data processed and exported
      From worker 12:	
      From worker 12:	starting b_1.0_c_0.2_N_40_M_2_K_2_P_2_beta_0.001_u_0.001_v_0.125_p_0.0_ϵ_1.0_gens_20000000_210224-130705.037
      From worker 16:	replicate complete, ran 20000000 generations:
      From worker 16:	
      From worker 16:		num_imitating:			14997934
      From worker 16:		num_not_imitating:		5002066
      From worker 16:		num_strategies_changed:  	419363
      From worker 16:			num_random_strategies: 	14952
      From worker 16:		num_sets_changed: 		9180641
      From worker 16:			num_random_opinions: 	4686283
      From worker 16:			num_biased_opinions: 	4687480
      From worker 16:		num_both_changed: 		262054
      From worker 16:	
      From worker 16:	data processed and exported
      From worker 16:	
      From worker 16:	starting b_1.0_c_0.2_N_40_M_2_K_2_P_2_beta_0.001_u_0.001_v_0.625_p_0.75_ϵ_1.0_gens_20000000_210224-130705.037
      From worker 15:	replicate complete, ran 20000000 generations:
      From worker 15:	
      From worker 15:		num_imitating:			15000071
      From worker 15:		num_not_imitating:		4999929
      From worker 15:		num_strategies_changed:  	454623
      From worker 15:			num_random_strategies: 	14996
      From worker 15:		num_sets_changed: 		9183655
      From worker 15:			num_random_opinions: 	4685576
      From worker 15:			num_biased_opinions: 	4687900
      From worker 15:		num_both_changed: 		284153
      From worker 15:	
      From worker 15:	data processed and exported
      From worker 15:	
      From worker 15:	starting b_1.0_c_0.2_N_40_M_2_K_2_P_2_beta_0.001_u_0.001_v_0.625_p_0.75_ϵ_1.0_gens_20000000_210224-130705.037
      From worker 13:	replicate complete, ran 20000000 generations:
      From worker 13:	
      From worker 13:		num_imitating:			20000000
      From worker 13:		num_not_imitating:		0
      From worker 13:		num_strategies_changed:  	572223
      From worker 13:			num_random_strategies: 	19947
      From worker 13:		num_sets_changed: 		14090089
      From worker 13:			num_random_opinions: 	5589529
      From worker 13:			num_biased_opinions: 	0
      From worker 13:		num_both_changed: 		427508
      From worker 13:	
      From worker 13:	data processed and exported
      From worker 13:	
      From worker 13:	starting b_1.0_c_0.2_N_40_M_2_K_2_P_2_beta_0.001_u_0.001_v_0.2795084971874737_p_0.25_ϵ_1.0_gens_20000000_210224-130705.037
      From worker 10:	replicate complete, ran 20000000 generations:
      From worker 10:	
      From worker 10:		num_imitating:			12502312
      From worker 10:		num_not_imitating:		7497688
      From worker 10:		num_strategies_changed:  	369330
      From worker 10:			num_random_strategies: 	12341
      From worker 10:		num_sets_changed: 		5146207
      From worker 10:			num_random_opinions: 	175019
      From worker 10:			num_biased_opinions: 	522202
      From worker 10:		num_both_changed: 		201380
      From worker 10:	
      From worker 10:	data processed and exported
      From worker 14:	replicate complete, ran 20000000 generations:
      From worker 14:	
      From worker 14:		num_imitating:			17497563
      From worker 14:		num_not_imitating:		2502437
      From worker 14:		num_strategies_changed:  	504655
      From worker 14:			num_random_strategies: 	17382
      From worker 14:		num_sets_changed: 		11990043
      From worker 14:			num_random_opinions: 	3666235
      From worker 14:			num_biased_opinions: 	1222618
      From worker 14:		num_both_changed: 		367785
      From worker 14:	
      From worker 14:	data processed and exported
      From worker 14:	
      From worker 14:	starting b_1.0_c_0.2_N_40_M_2_K_2_P_2_beta_0.001_u_0.001_v_0.2795084971874737_p_0.5_ϵ_1.0_gens_20000000_210224-130705.037
      From worker 16:	replicate complete, ran 20000000 generations:
      From worker 16:	
      From worker 16:		num_imitating:			12499773
      From worker 16:		num_not_imitating:		7500227
      From worker 16:		num_strategies_changed:  	358952
      From worker 16:			num_random_strategies: 	12670
      From worker 16:		num_sets_changed: 		5216246
      From worker 16:			num_random_opinions: 	1952262
      From worker 16:			num_biased_opinions: 	5858194
      From worker 16:		num_both_changed: 		154455
      From worker 16:	
      From worker 16:	data processed and exported
      From worker 16:	
      From worker 16:	starting b_1.0_c_0.2_N_40_M_2_K_2_P_2_beta_0.001_u_0.001_v_0.625_p_1.0_ϵ_1.0_gens_20000000_210224-130705.037
      From worker 15:	replicate complete, ran 20000000 generations:
      From worker 15:	
      From worker 15:		num_imitating:			12501140
      From worker 15:		num_not_imitating:		7498860
      From worker 15:		num_strategies_changed:  	366381
      From worker 15:			num_random_strategies: 	12321
      From worker 15:		num_sets_changed: 		5215032
      From worker 15:			num_random_opinions: 	1952578
      From worker 15:			num_biased_opinions: 	5856501
      From worker 15:		num_both_changed: 		158699
      From worker 15:	
