packages loaded
      From worker 3:	 Activating environment at `/tigress/mk28/CooperationPolarization2/Project.toml`
      From worker 2:	 Activating environment at `/tigress/mk28/CooperationPolarization2/Project.toml`
      From worker 5:	 Activating environment at `/tigress/mk28/CooperationPolarization2/Project.toml`
      From worker 4:	 Activating environment at `/tigress/mk28/CooperationPolarization2/Project.toml`
      From worker 6:	 Activating environment at `/tigress/mk28/CooperationPolarization2/Project.toml`
      From worker 12:	 Activating environment at `/tigress/mk28/CooperationPolarization2/Project.toml`
      From worker 15:	 Activating environment at `/tigress/mk28/CooperationPolarization2/Project.toml`
      From worker 14:	 Activating environment at `/tigress/mk28/CooperationPolarization2/Project.toml`
      From worker 8:	 Activating environment at `/tigress/mk28/CooperationPolarization2/Project.toml`
      From worker 9:	 Activating environment at `/tigress/mk28/CooperationPolarization2/Project.toml`
      From worker 11:	 Activating environment at `/tigress/mk28/CooperationPolarization2/Project.toml`
      From worker 10:	 Activating environment at `/tigress/mk28/CooperationPolarization2/Project.toml`
      From worker 13:	 Activating environment at `/tigress/mk28/CooperationPolarization2/Project.toml`
      From worker 16:	 Activating environment at `/tigress/mk28/CooperationPolarization2/Project.toml`
      From worker 7:	 Activating environment at `/tigress/mk28/CooperationPolarization2/Project.toml`
      From worker 2:	packages loaded
      From worker 3:	packages loaded
      From worker 12:	packages loaded
      From worker 4:	packages loaded
      From worker 5:	packages loaded
      From worker 14:	packages loaded
      From worker 16:	packages loaded
      From worker 6:	packages loaded
      From worker 15:	packages loaded
      From worker 8:	packages loaded
      From worker 10:	packages loaded
      From worker 11:	packages loaded
      From worker 13:	packages loaded
      From worker 9:	packages loaded
      From worker 7:	packages loaded
parameters defined
      From worker 3:	
      From worker 3:	starting b_1.0_c_0.2_N_40_M_3_K_2_P_2_beta_0.001_u_0.001_v_0.001_p_0.25_ϵ_1.0_gens_20000000_210223-173821.077
      From worker 15:	
      From worker 15:	starting b_1.0_c_0.2_N_40_M_3_K_2_P_2_beta_0.001_u_0.001_v_0.2795084971874737_p_0.75_ϵ_1.0_gens_20000000_210223-173821.077
      From worker 5:	
      From worker 5:	starting b_1.0_c_0.2_N_40_M_3_K_2_P_2_beta_0.001_u_0.001_v_0.0022360679774997894_p_0.75_ϵ_1.0_gens_20000000_210223-173821.077
      From worker 16:	
      From worker 16:	starting b_1.0_c_0.2_N_40_M_3_K_2_P_2_beta_0.001_u_0.001_v_0.625_p_1.0_ϵ_1.0_gens_20000000_210223-173821.077
      From worker 12:	
      From worker 12:	starting b_1.0_c_0.2_N_40_M_3_K_2_P_2_beta_0.001_u_0.001_v_0.125_p_0.0_ϵ_1.0_gens_20000000_210223-173821.077
      From worker 14:	
      From worker 14:	starting b_1.0_c_0.2_N_40_M_3_K_2_P_2_beta_0.001_u_0.001_v_0.2795084971874737_p_0.5_ϵ_1.0_gens_20000000_210223-173821.077
      From worker 13:	
      From worker 13:	starting b_1.0_c_0.2_N_40_M_3_K_2_P_2_beta_0.001_u_0.001_v_0.125_p_0.25_ϵ_1.0_gens_20000000_210223-173821.077
      From worker 6:	
      From worker 6:	starting b_1.0_c_0.2_N_40_M_3_K_2_P_2_beta_0.001_u_0.001_v_0.005_p_1.0_ϵ_1.0_gens_20000000_210223-173821.077
      From worker 9:	
      From worker 9:	starting b_1.0_c_0.2_N_40_M_3_K_2_P_2_beta_0.001_u_0.001_v_0.025_p_0.5_ϵ_1.0_gens_20000000_210223-173821.077
      From worker 8:	
      From worker 8:	starting b_1.0_c_0.2_N_40_M_3_K_2_P_2_beta_0.001_u_0.001_v_0.011180339887498947_p_0.25_ϵ_1.0_gens_20000000_210223-173821.077
      From worker 4:	
      From worker 4:	starting b_1.0_c_0.2_N_40_M_3_K_2_P_2_beta_0.001_u_0.001_v_0.0022360679774997894_p_0.5_ϵ_1.0_gens_20000000_210223-173821.077
      From worker 10:	
      From worker 10:	starting b_1.0_c_0.2_N_40_M_3_K_2_P_2_beta_0.001_u_0.001_v_0.025_p_0.75_ϵ_1.0_gens_20000000_210223-173821.077
      From worker 2:	
      From worker 2:	starting b_1.0_c_0.2_N_40_M_3_K_2_P_2_beta_0.001_u_0.001_v_0.001_p_0.0_ϵ_1.0_gens_20000000_210223-173821.077
      From worker 7:	
      From worker 7:	starting b_1.0_c_0.2_N_40_M_3_K_2_P_2_beta_0.001_u_0.001_v_0.011180339887498947_p_0.0_ϵ_1.0_gens_20000000_210223-173821.077
      From worker 11:	
      From worker 11:	starting b_1.0_c_0.2_N_40_M_3_K_2_P_2_beta_0.001_u_0.001_v_0.055901699437494755_p_1.0_ϵ_1.0_gens_20000000_210223-173821.077
      From worker 6:	replicate complete, ran 20000000 generations:
      From worker 6:	
      From worker 6:		num_imitating:			10002628
      From worker 6:		num_not_imitating:		9997372
      From worker 6:		num_strategies_changed:  	149529
      From worker 6:			num_random_strategies: 	9997
      From worker 6:		num_sets_changed: 		579662
      From worker 6:			num_random_opinions: 	0
      From worker 6:			num_biased_opinions: 	49625
      From worker 6:		num_both_changed: 		16590
      From worker 6:	
      From worker 6:	data processed and exported
      From worker 6:	
      From worker 6:	starting b_1.0_c_0.2_N_40_M_3_K_2_P_2_beta_0.001_u_0.001_v_0.005_p_0.0_ϵ_1.0_gens_20000000_210223-173821.077
      From worker 3:	replicate complete, ran 20000000 generations:
      From worker 3:	
      From worker 3:		num_imitating:			17500528
      From worker 3:		num_not_imitating:		2499472
      From worker 3:		num_strategies_changed:  	498299
      From worker 3:			num_random_strategies: 	17784
      From worker 3:		num_sets_changed: 		613002
      From worker 3:			num_random_opinions: 	13331
      From worker 3:			num_biased_opinions: 	4449
      From worker 3:		num_both_changed: 		33613
      From worker 3:	
      From worker 3:	data processed and exported
      From worker 3:	
      From worker 3:	starting b_1.0_c_0.2_N_40_M_3_K_2_P_2_beta_0.001_u_0.001_v_0.001_p_0.5_ϵ_1.0_gens_20000000_210223-173821.077
      From worker 2:	replicate complete, ran 20000000 generations:
      From worker 2:	
      From worker 2:		num_imitating:			20000000
      From worker 2:		num_not_imitating:		0
      From worker 2:		num_strategies_changed:  	572088
      From worker 2:			num_random_strategies: 	19984
      From worker 2:		num_sets_changed: 		727169
      From worker 2:			num_random_opinions: 	20076
      From worker 2:			num_biased_opinions: 	0
      From worker 2:		num_both_changed: 		42687
      From worker 2:	
      From worker 2:	data processed and exported
      From worker 2:	
      From worker 2:	starting b_1.0_c_0.2_N_40_M_3_K_2_P_2_beta_0.001_u_0.001_v_0.001_p_0.25_ϵ_1.0_gens_20000000_210223-173821.077
      From worker 5:	replicate complete, ran 20000000 generations:
      From worker 5:	
      From worker 5:		num_imitating:			12498195
      From worker 5:		num_not_imitating:		7501805
      From worker 5:		num_strategies_changed:  	330656
      From worker 5:			num_random_strategies: 	12347
      From worker 5:		num_sets_changed: 		919442
      From worker 5:			num_random_opinions: 	6918
      From worker 5:			num_biased_opinions: 	21001
      From worker 5:		num_both_changed: 		51676
      From worker 5:	
      From worker 5:	data processed and exported
      From worker 5:	
      From worker 5:	starting b_1.0_c_0.2_N_40_M_3_K_2_P_2_beta_0.001_u_0.001_v_0.0022360679774997894_p_1.0_ϵ_1.0_gens_20000000_210223-173821.077
      From worker 4:	replicate complete, ran 20000000 generations:
      From worker 4:	
      From worker 4:		num_imitating:			14999932
      From worker 4:		num_not_imitating:		5000068
      From worker 4:		num_strategies_changed:  	402554
      From worker 4:			num_random_strategies: 	14770
      From worker 4:		num_sets_changed: 		1105356
      From worker 4:			num_random_opinions: 	16842
      From worker 4:			num_biased_opinions: 	16755
      From worker 4:		num_both_changed: 		59987
      From worker 4:	
      From worker 4:	data processed and exported
      From worker 4:	
      From worker 4:	starting b_1.0_c_0.2_N_40_M_3_K_2_P_2_beta_0.001_u_0.001_v_0.0022360679774997894_p_0.75_ϵ_1.0_gens_20000000_210223-173821.077
      From worker 11:	replicate complete, ran 20000000 generations:
      From worker 11:	
      From worker 11:		num_imitating:			9999837
      From worker 11:		num_not_imitating:		10000163
      From worker 11:		num_strategies_changed:  	141082
      From worker 11:			num_random_strategies: 	9998
      From worker 11:		num_sets_changed: 		3594631
      From worker 11:			num_random_opinions: 	0
      From worker 11:			num_biased_opinions: 	560037
      From worker 11:		num_both_changed: 		71820
      From worker 11:	
      From worker 11:	data processed and exported
      From worker 11:	
      From worker 11:	starting b_1.0_c_0.2_N_40_M_3_K_2_P_2_beta_0.001_u_0.001_v_0.055901699437494755_p_0.0_ϵ_1.0_gens_20000000_210223-173821.077
      From worker 8:	replicate complete, ran 20000000 generations:
      From worker 8:	
      From worker 8:		num_imitating:			17501159
      From worker 8:		num_not_imitating:		2498841
      From worker 8:		num_strategies_changed:  	511260
      From worker 8:			num_random_strategies: 	17654
      From worker 8:		num_sets_changed: 		4828339
      From worker 8:			num_random_opinions: 	146865
      From worker 8:			num_biased_opinions: 	48983
      From worker 8:		num_both_changed: 		230925
      From worker 8:	
      From worker 8:	data processed and exported
      From worker 8:	
      From worker 8:	starting b_1.0_c_0.2_N_40_M_3_K_2_P_2_beta_0.001_u_0.001_v_0.011180339887498947_p_0.5_ϵ_1.0_gens_20000000_210223-173821.077
      From worker 10:	replicate complete, ran 20000000 generations:
      From worker 10:	
      From worker 10:		num_imitating:			12496190
      From worker 10:		num_not_imitating:		7503810
      From worker 10:		num_strategies_changed:  	367596
      From worker 10:			num_random_strategies: 	12577
      From worker 10:		num_sets_changed: 		5275233
      From worker 10:			num_random_opinions: 	78040
      From worker 10:			num_biased_opinions: 	232903
      From worker 10:		num_both_changed: 		231829
      From worker 10:	
      From worker 10:	data processed and exported
      From worker 10:	
      From worker 10:	starting b_1.0_c_0.2_N_40_M_3_K_2_P_2_beta_0.001_u_0.001_v_0.025_p_1.0_ϵ_1.0_gens_20000000_210223-173821.077
      From worker 16:	replicate complete, ran 20000000 generations:
      From worker 16:	
      From worker 16:		num_imitating:			9999310
      From worker 16:		num_not_imitating:		10000690
      From worker 16:		num_strategies_changed:  	152317
      From worker 16:			num_random_strategies: 	9957
      From worker 16:		num_sets_changed: 		6471438
      From worker 16:			num_random_opinions: 	0
      From worker 16:			num_biased_opinions: 	6249479
      From worker 16:		num_both_changed: 		101052
      From worker 16:	
      From worker 16:	data processed and exported
      From worker 16:	
      From worker 16:	starting b_1.0_c_0.2_N_40_M_3_K_2_P_2_beta_0.001_u_0.001_v_0.625_p_0.0_ϵ_1.0_gens_20000000_210223-173821.077
      From worker 7:	replicate complete, ran 20000000 generations:
      From worker 7:	
      From worker 7:		num_imitating:			20000000
      From worker 7:		num_not_imitating:		0
      From worker 7:		num_strategies_changed:  	560482
      From worker 7:			num_random_strategies: 	20266
      From worker 7:		num_sets_changed: 		5634120
      From worker 7:			num_random_opinions: 	223847
      From worker 7:			num_biased_opinions: 	0
      From worker 7:		num_both_changed: 		242115
      From worker 7:	
      From worker 7:	data processed and exported
      From worker 7:	
      From worker 7:	starting b_1.0_c_0.2_N_40_M_3_K_2_P_2_beta_0.001_u_0.001_v_0.011180339887498947_p_0.25_ϵ_1.0_gens_20000000_210223-173821.077
      From worker 9:	replicate complete, ran 20000000 generations:
      From worker 9:	
      From worker 9:		num_imitating:			14997694
      From worker 9:		num_not_imitating:		5002306
      From worker 9:		num_strategies_changed:  	422959
      From worker 9:			num_random_strategies: 	14889
      From worker 9:		num_sets_changed: 		6624012
      From worker 9:			num_random_opinions: 	187907
      From worker 9:			num_biased_opinions: 	186360
      From worker 9:		num_both_changed: 		276714
      From worker 9:	
      From worker 9:	data processed and exported
      From worker 9:	
      From worker 9:	starting b_1.0_c_0.2_N_40_M_3_K_2_P_2_beta_0.001_u_0.001_v_0.025_p_0.75_ϵ_1.0_gens_20000000_210223-173821.077
      From worker 3:	replicate complete, ran 20000000 generations:
      From worker 3:	
      From worker 3:		num_imitating:			15002095
      From worker 3:		num_not_imitating:		4997905
      From worker 3:		num_strategies_changed:  	442925
      From worker 3:			num_random_strategies: 	15178
      From worker 3:		num_sets_changed: 		505589
      From worker 3:			num_random_opinions: 	7338
      From worker 3:			num_biased_opinions: 	7598
      From worker 3:		num_both_changed: 		34731
      From worker 3:	
      From worker 3:	data processed and exported
      From worker 15:	replicate complete, ran 20000000 generations:
      From worker 15:	
      From worker 15:		num_imitating:			12500192
      From worker 15:		num_not_imitating:		7499808
      From worker 15:		num_strategies_changed:  	351342
      From worker 15:			num_random_strategies: 	12646
      From worker 15:		num_sets_changed: 		9771435
      From worker 15:			num_random_opinions: 	873898
      From worker 15:			num_biased_opinions: 	2618845
      From worker 15:		num_both_changed: 		296722
      From worker 15:	
      From worker 5:	replicate complete, ran 20000000 generations:
      From worker 5:	
      From worker 5:		num_imitating:			10001403
      From worker 5:		num_not_imitating:		9998597
      From worker 5:		num_strategies_changed:  	148213
      From worker 5:			num_random_strategies: 	10128
      From worker 5:		num_sets_changed: 		269088
      From worker 5:			num_random_opinions: 	0
      From worker 5:			num_biased_opinions: 	22146
      From worker 5:		num_both_changed: 		7168
      From worker 5:	
      From worker 3:	
      From worker 3:	starting b_1.0_c_0.2_N_40_M_3_K_2_P_2_beta_0.001_u_0.001_v_0.001_p_0.75_ϵ_1.0_gens_20000000_210223-173821.077
      From worker 15:	data processed and exported
      From worker 5:	data processed and exported
      From worker 15:	
      From worker 15:	starting b_1.0_c_0.2_N_40_M_3_K_2_P_2_beta_0.001_u_0.001_v_0.2795084971874737_p_1.0_ϵ_1.0_gens_20000000_210223-173821.077
      From worker 5:	
      From worker 5:	starting b_1.0_c_0.2_N_40_M_3_K_2_P_2_beta_0.001_u_0.001_v_0.005_p_0.0_ϵ_1.0_gens_20000000_210223-173821.077
      From worker 2:	replicate complete, ran 20000000 generations:
      From worker 2:	
      From worker 2:		num_imitating:			17502255
      From worker 2:		num_not_imitating:		2497745
      From worker 2:		num_strategies_changed:  	507518
      From worker 2:			num_random_strategies: 	17598
      From worker 2:		num_sets_changed: 		603021
      From worker 2:			num_random_opinions: 	12913
      From worker 2:			num_biased_opinions: 	4349
      From worker 2:		num_both_changed: 		33600
      From worker 2:	
      From worker 2:	data processed and exported
      From worker 2:	
      From worker 2:	starting b_1.0_c_0.2_N_40_M_3_K_2_P_2_beta_0.001_u_0.001_v_0.001_p_0.5_ϵ_1.0_gens_20000000_210223-173821.077
      From worker 4:	replicate complete, ran 20000000 generations:
      From worker 4:	
      From worker 4:		num_imitating:			12495174
      From worker 4:		num_not_imitating:		7504826
      From worker 4:		num_strategies_changed:  	354855
      From worker 4:			num_random_strategies: 	12438
      From worker 4:		num_sets_changed: 		847512
      From worker 4:			num_random_opinions: 	6967
      From worker 4:			num_biased_opinions: 	20832
      From worker 4:		num_both_changed: 		51883
      From worker 4:	
      From worker 4:	data processed and exported
      From worker 4:	
      From worker 4:	starting b_1.0_c_0.2_N_40_M_3_K_2_P_2_beta_0.001_u_0.001_v_0.0022360679774997894_p_1.0_ϵ_1.0_gens_20000000_210223-173821.077
      From worker 6:	replicate complete, ran 20000000 generations:
      From worker 6:	
      From worker 6:		num_imitating:			20000000
      From worker 6:		num_not_imitating:		0
      From worker 6:		num_strategies_changed:  	569487
      From worker 6:			num_random_strategies: 	19752
      From worker 6:		num_sets_changed: 		2955666
      From worker 6:			num_random_opinions: 	99584
      From worker 6:			num_biased_opinions: 	0
      From worker 6:		num_both_changed: 		139222
      From worker 6:	
      From worker 6:	data processed and exported
      From worker 6:	
      From worker 6:	starting b_1.0_c_0.2_N_40_M_3_K_2_P_2_beta_0.001_u_0.001_v_0.005_p_0.25_ϵ_1.0_gens_20000000_210223-173821.077
      From worker 14:	replicate complete, ran 20000000 generations:
      From worker 14:	
      From worker 14:		num_imitating:			15000481
      From worker 14:		num_not_imitating:		4999519
      From worker 14:		num_strategies_changed:  	452709
      From worker 14:			num_random_strategies: 	15071
      From worker 14:		num_sets_changed: 		12448540
      From worker 14:			num_random_opinions: 	2096759
      From worker 14:			num_biased_opinions: 	2097317
      From worker 14:		num_both_changed: 		401285
      From worker 14:	
      From worker 14:	data processed and exported
      From worker 14:	
      From worker 14:	starting b_1.0_c_0.2_N_40_M_3_K_2_P_2_beta_0.001_u_0.001_v_0.2795084971874737_p_0.75_ϵ_1.0_gens_20000000_210223-173821.077
      From worker 13:	replicate complete, ran 20000000 generations:
      From worker 13:	
      From worker 13:		num_imitating:			17502456
      From worker 13:		num_not_imitating:		2497544
      From worker 13:		num_strategies_changed:  	487269
      From worker 13:			num_random_strategies: 	17558
      From worker 13:		num_sets_changed: 		13507392
      From worker 13:			num_random_opinions: 	1640824
      From worker 13:			num_biased_opinions: 	546385
      From worker 13:		num_both_changed: 		432003
      From worker 13:	
      From worker 13:	data processed and exported
      From worker 13:	
      From worker 13:	starting b_1.0_c_0.2_N_40_M_3_K_2_P_2_beta_0.001_u_0.001_v_0.125_p_0.5_ϵ_1.0_gens_20000000_210223-173821.077
      From worker 12:	replicate complete, ran 20000000 generations:
      From worker 12:	
      From worker 12:		num_imitating:			20000000
      From worker 12:		num_not_imitating:		0
      From worker 12:		num_strategies_changed:  	557419
      From worker 12:			num_random_strategies: 	19764
      From worker 12:		num_sets_changed: 		15581097
      From worker 12:			num_random_opinions: 	2502737
      From worker 12:			num_biased_opinions: 	0
      From worker 12:		num_both_changed: 		496351
      From worker 12:	
      From worker 12:	data processed and exported
      From worker 12:	
      From worker 12:	starting b_1.0_c_0.2_N_40_M_3_K_2_P_2_beta_0.001_u_0.001_v_0.125_p_0.25_ϵ_1.0_gens_20000000_210223-173821.077
      From worker 10:	replicate complete, ran 20000000 generations:
      From worker 10:	
      From worker 10:		num_imitating:			10000143
      From worker 10:		num_not_imitating:		9999857
      From worker 10:		num_strategies_changed:  	143373
      From worker 10:			num_random_strategies: 	10022
      From worker 10:		num_sets_changed: 		2221239
      From worker 10:			num_random_opinions: 	0
      From worker 10:			num_biased_opinions: 	250155
      From worker 10:		num_both_changed: 		51965
      From worker 10:	
      From worker 10:	data processed and exported
      From worker 10:	
      From worker 10:	starting b_1.0_c_0.2_N_40_M_3_K_2_P_2_beta_0.001_u_0.001_v_0.055901699437494755_p_0.0_ϵ_1.0_gens_20000000_210223-173821.077
      From worker 8:	replicate complete, ran 20000000 generations:
      From worker 8:	
      From worker 8:		num_imitating:			14999678
      From worker 8:		num_not_imitating:		5000322
      From worker 8:		num_strategies_changed:  	449329
      From worker 8:			num_random_strategies: 	15103
      From worker 8:		num_sets_changed: 		4071791
      From worker 8:			num_random_opinions: 	83983
      From worker 8:			num_biased_opinions: 	83746
      From worker 8:		num_both_changed: 		209625
      From worker 8:	
      From worker 8:	data processed and exported
      From worker 8:	
      From worker 8:	starting b_1.0_c_0.2_N_40_M_3_K_2_P_2_beta_0.001_u_0.001_v_0.011180339887498947_p_0.75_ϵ_1.0_gens_20000000_210223-173821.077
      From worker 3:	replicate complete, ran 20000000 generations:
      From worker 3:	
      From worker 3:		num_imitating:			12498906
      From worker 3:		num_not_imitating:		7501094
      From worker 3:		num_strategies_changed:  	353702
      From worker 3:			num_random_strategies: 	12447
      From worker 3:		num_sets_changed: 		413711
      From worker 3:			num_random_opinions: 	3092
      From worker 3:			num_biased_opinions: 	9357
      From worker 3:		num_both_changed: 		23382
      From worker 3:	
      From worker 3:	data processed and exported
      From worker 3:	
      From worker 3:	starting b_1.0_c_0.2_N_40_M_3_K_2_P_2_beta_0.001_u_0.001_v_0.001_p_1.0_ϵ_1.0_gens_20000000_210223-173821.077
      From worker 2:	replicate complete, ran 20000000 generations:
      From worker 2:	
      From worker 2:		num_imitating:			15001230
      From worker 2:		num_not_imitating:		4998770
      From worker 2:		num_strategies_changed:  	434438
      From worker 2:			num_random_strategies: 	14812
      From worker 2:		num_sets_changed: 		497032
      From worker 2:			num_random_opinions: 	7503
      From worker 2:			num_biased_opinions: 	7502
      From worker 2:		num_both_changed: 		30836
      From worker 2:	
      From worker 2:	data processed and exported
      From worker 2:	
      From worker 2:	starting b_1.0_c_0.2_N_40_M_3_K_2_P_2_beta_0.001_u_0.001_v_0.001_p_0.75_ϵ_1.0_gens_20000000_210223-173821.077
      From worker 4:	replicate complete, ran 20000000 generations:
      From worker 4:	
      From worker 4:		num_imitating:			10005169
      From worker 4:		num_not_imitating:		9994831
      From worker 4:		num_strategies_changed:  	149049
      From worker 4:			num_random_strategies: 	9893
      From worker 4:		num_sets_changed: 		279167
      From worker 4:			num_random_opinions: 	0
      From worker 4:			num_biased_opinions: 	22474
      From worker 4:		num_both_changed: 		7608
      From worker 4:	
      From worker 4:	data processed and exported
      From worker 4:	
      From worker 4:	starting b_1.0_c_0.2_N_40_M_3_K_2_P_2_beta_0.001_u_0.001_v_0.0022360679774997894_p_0.0_ϵ_1.0_gens_20000000_210223-173821.077
      From worker 7:	replicate complete, ran 20000000 generations:
      From worker 7:	
      From worker 7:		num_imitating:			17498472
      From worker 7:		num_not_imitating:		2501528
      From worker 7:		num_strategies_changed:  	475408
      From worker 7:			num_random_strategies: 	17168
      From worker 7:		num_sets_changed: 		4829262
      From worker 7:			num_random_opinions: 	146655
      From worker 7:			num_biased_opinions: 	48854
      From worker 7:		num_both_changed: 		211709
      From worker 7:	
      From worker 7:	data processed and exported
      From worker 7:	
      From worker 7:	starting b_1.0_c_0.2_N_40_M_3_K_2_P_2_beta_0.001_u_0.001_v_0.011180339887498947_p_0.5_ϵ_1.0_gens_20000000_210223-173821.077
      From worker 9:	replicate complete, ran 20000000 generations:
      From worker 9:	
      From worker 9:		num_imitating:			12497571
      From worker 9:		num_not_imitating:		7502429
      From worker 9:		num_strategies_changed:  	361903
      From worker 9:			num_random_strategies: 	12517
      From worker 9:		num_sets_changed: 		5250296
      From worker 9:			num_random_opinions: 	77996
      From worker 9:			num_biased_opinions: 	234120
      From worker 9:		num_both_changed: 		226264
      From worker 9:	
      From worker 9:	data processed and exported
      From worker 9:	
      From worker 9:	starting b_1.0_c_0.2_N_40_M_3_K_2_P_2_beta_0.001_u_0.001_v_0.025_p_1.0_ϵ_1.0_gens_20000000_210223-173821.077
      From worker 5:	replicate complete, ran 20000000 generations:
      From worker 5:	
      From worker 5:		num_imitating:			20000000
      From worker 5:		num_not_imitating:		0
      From worker 5:		num_strategies_changed:  	565633
      From worker 5:			num_random_strategies: 	19947
      From worker 5:		num_sets_changed: 		2980580
      From worker 5:			num_random_opinions: 	100481
      From worker 5:			num_biased_opinions: 	0
      From worker 5:		num_both_changed: 		147853
      From worker 5:	
      From worker 5:	data processed and exported
      From worker 5:	
      From worker 5:	starting b_1.0_c_0.2_N_40_M_3_K_2_P_2_beta_0.001_u_0.001_v_0.005_p_0.25_ϵ_1.0_gens_20000000_210223-173821.077
      From worker 6:	replicate complete, ran 20000000 generations:
      From worker 6:	
      From worker 6:		num_imitating:			17497963
      From worker 6:		num_not_imitating:		2502037
      From worker 6:		num_strategies_changed:  	479236
      From worker 6:			num_random_strategies: 	17428
      From worker 6:		num_sets_changed: 		2623192
      From worker 6:			num_random_opinions: 	65534
      From worker 6:			num_biased_opinions: 	22297
      From worker 6:		num_both_changed: 		129024
      From worker 6:	
      From worker 6:	data processed and exported
      From worker 6:	
      From worker 6:	starting b_1.0_c_0.2_N_40_M_3_K_2_P_2_beta_0.001_u_0.001_v_0.005_p_0.5_ϵ_1.0_gens_20000000_210223-173821.077
      From worker 15:	replicate complete, ran 20000000 generations:
      From worker 15:	
      From worker 15:		num_imitating:			9997500
      From worker 15:		num_not_imitating:		10002500
      From worker 15:		num_strategies_changed:  	141581
      From worker 15:			num_random_strategies: 	10165
      From worker 15:		num_sets_changed: 		5902397
      From worker 15:			num_random_opinions: 	0
      From worker 15:			num_biased_opinions: 	2794530
      From worker 15:		num_both_changed: 		92463
      From worker 15:	
      From worker 15:	data processed and exported
      From worker 15:	
      From worker 15:	starting b_1.0_c_0.2_N_40_M_3_K_2_P_2_beta_0.001_u_0.001_v_0.625_p_0.0_ϵ_1.0_gens_20000000_210223-173821.077
      From worker 11:	replicate complete, ran 20000000 generations:
      From worker 11:	
      From worker 11:		num_imitating:			20000000
      From worker 11:		num_not_imitating:		0
      From worker 11:		num_strategies_changed:  	574417
      From worker 11:			num_random_strategies: 	19968
      From worker 11:		num_sets_changed: 		12770934
      From worker 11:			num_random_opinions: 	1118388
      From worker 11:			num_biased_opinions: 	0
      From worker 11:		num_both_changed: 		474350
      From worker 11:	
      From worker 11:	data processed and exported
      From worker 11:	
      From worker 11:	starting b_1.0_c_0.2_N_40_M_3_K_2_P_2_beta_0.001_u_0.001_v_0.055901699437494755_p_0.25_ϵ_1.0_gens_20000000_210223-173821.077
      From worker 3:	replicate complete, ran 20000000 generations:
      From worker 3:	
      From worker 3:		num_imitating:			10002775
      From worker 3:		num_not_imitating:		9997225
      From worker 3:		num_strategies_changed:  	141148
      From worker 3:			num_random_strategies: 	9836
      From worker 3:		num_sets_changed: 		123093
      From worker 3:			num_random_opinions: 	0
      From worker 3:			num_biased_opinions: 	10032
      From worker 3:		num_both_changed: 		3795
      From worker 3:	
      From worker 3:	data processed and exported
      From worker 3:	
      From worker 3:	starting b_1.0_c_0.2_N_40_M_3_K_2_P_2_beta_0.001_u_0.001_v_0.0022360679774997894_p_0.0_ϵ_1.0_gens_20000000_210223-173821.077
      From worker 2:	replicate complete, ran 20000000 generations:
      From worker 2:	
      From worker 2:		num_imitating:			12497539
      From worker 2:		num_not_imitating:		7502461
      From worker 2:		num_strategies_changed:  	357939
      From worker 2:			num_random_strategies: 	12386
      From worker 2:		num_sets_changed: 		404457
      From worker 2:			num_random_opinions: 	3134
      From worker 2:			num_biased_opinions: 	9468
      From worker 2:		num_both_changed: 		21446
      From worker 2:	
      From worker 2:	data processed and exported
      From worker 2:	
      From worker 2:	starting b_1.0_c_0.2_N_40_M_3_K_2_P_2_beta_0.001_u_0.001_v_0.001_p_1.0_ϵ_1.0_gens_20000000_210223-173821.077
      From worker 4:	replicate complete, ran 20000000 generations:
      From worker 4:	
      From worker 4:		num_imitating:			20000000
      From worker 4:		num_not_imitating:		0
      From worker 4:		num_strategies_changed:  	546375
      From worker 4:			num_random_strategies: 	19854
      From worker 4:		num_sets_changed: 		1452182
      From worker 4:			num_random_opinions: 	44749
      From worker 4:			num_biased_opinions: 	0
      From worker 4:		num_both_changed: 		72168
      From worker 4:	
      From worker 4:	data processed and exported
      From worker 4:	
      From worker 4:	starting b_1.0_c_0.2_N_40_M_3_K_2_P_2_beta_0.001_u_0.001_v_0.0022360679774997894_p_0.25_ϵ_1.0_gens_20000000_210223-173821.077
      From worker 8:	replicate complete, ran 20000000 generations:
      From worker 8:	
      From worker 8:		num_imitating:			12498694
      From worker 8:		num_not_imitating:		7501306
      From worker 8:		num_strategies_changed:  	346886
      From worker 8:			num_random_strategies: 	12474
      From worker 8:		num_sets_changed: 		3348621
      From worker 8:			num_random_opinions: 	35411
      From worker 8:			num_biased_opinions: 	104792
      From worker 8:		num_both_changed: 		154963
      From worker 8:	
      From worker 8:	data processed and exported
      From worker 8:	
      From worker 8:	starting b_1.0_c_0.2_N_40_M_3_K_2_P_2_beta_0.001_u_0.001_v_0.011180339887498947_p_1.0_ϵ_1.0_gens_20000000_210223-173821.077
      From worker 14:	replicate complete, ran 20000000 generations:
      From worker 14:	
      From worker 14:		num_imitating:			12498662
      From worker 14:		num_not_imitating:		7501338
      From worker 14:		num_strategies_changed:  	324266
      From worker 14:			num_random_strategies: 	12278
      From worker 14:		num_sets_changed: 		9769279
      From worker 14:			num_random_opinions: 	873264
      From worker 14:			num_biased_opinions: 	2618349
      From worker 14:		num_both_changed: 		273765
      From worker 14:	
      From worker 14:	data processed and exported
      From worker 14:	
      From worker 14:	starting b_1.0_c_0.2_N_40_M_3_K_2_P_2_beta_0.001_u_0.001_v_0.2795084971874737_p_1.0_ϵ_1.0_gens_20000000_210223-173821.077
      From worker 9:	replicate complete, ran 20000000 generations:
      From worker 9:	
      From worker 9:		num_imitating:			9996648
      From worker 9:		num_not_imitating:		10003352
      From worker 9:		num_strategies_changed:  	146218
      From worker 9:			num_random_strategies: 	10066
      From worker 9:		num_sets_changed: 		2246545
      From worker 9:			num_random_opinions: 	0
      From worker 9:			num_biased_opinions: 	250776
      From worker 9:		num_both_changed: 		52398
      From worker 9:	
      From worker 9:	data processed and exported
      From worker 9:	
      From worker 9:	starting b_1.0_c_0.2_N_40_M_3_K_2_P_2_beta_0.001_u_0.001_v_0.025_p_0.0_ϵ_1.0_gens_20000000_210223-173821.077
      From worker 16:	replicate complete, ran 20000000 generations:
      From worker 16:	
      From worker 16:		num_imitating:			20000000
      From worker 16:		num_not_imitating:		0
      From worker 16:		num_strategies_changed:  	613420
      From worker 16:			num_random_strategies: 	20138
      From worker 16:		num_sets_changed: 		18061981
      From worker 16:			num_random_opinions: 	12502531
      From worker 16:			num_biased_opinions: 	0
      From worker 16:		num_both_changed: 		561930
      From worker 16:	
      From worker 16:	data processed and exported
      From worker 16:	
      From worker 16:	starting b_1.0_c_0.2_N_40_M_3_K_2_P_2_beta_0.001_u_0.001_v_0.625_p_0.25_ϵ_1.0_gens_20000000_210223-173821.077
      From worker 7:	replicate complete, ran 20000000 generations:
      From worker 7:	
      From worker 7:		num_imitating:			15000394
      From worker 7:		num_not_imitating:		4999606
      From worker 7:		num_strategies_changed:  	407308
      From worker 7:			num_random_strategies: 	15063
      From worker 7:		num_sets_changed: 		4051371
      From worker 7:			num_random_opinions: 	83889
      From worker 7:			num_biased_opinions: 	83696
      From worker 7:		num_both_changed: 		167988
      From worker 7:	
      From worker 7:	data processed and exported
      From worker 7:	
      From worker 7:	starting b_1.0_c_0.2_N_40_M_3_K_2_P_2_beta_0.001_u_0.001_v_0.011180339887498947_p_0.75_ϵ_1.0_gens_20000000_210223-173821.077
      From worker 5:	replicate complete, ran 20000000 generations:
      From worker 5:	
      From worker 5:		num_imitating:			17499033
      From worker 5:		num_not_imitating:		2500967
      From worker 5:		num_strategies_changed:  	513344
      From worker 5:			num_random_strategies: 	17346
      From worker 5:		num_sets_changed: 		2590517
      From worker 5:			num_random_opinions: 	65373
      From worker 5:			num_biased_opinions: 	21596
      From worker 5:		num_both_changed: 		127428
      From worker 5:	
      From worker 5:	data processed and exported
      From worker 5:	
      From worker 5:	starting b_1.0_c_0.2_N_40_M_3_K_2_P_2_beta_0.001_u_0.001_v_0.005_p_0.5_ϵ_1.0_gens_20000000_210223-173821.077
      From worker 13:	replicate complete, ran 20000000 generations:
      From worker 13:	
      From worker 13:		num_imitating:			15000422
      From worker 13:		num_not_imitating:		4999578
      From worker 13:		num_strategies_changed:  	430090
      From worker 13:			num_random_strategies: 	15016
      From worker 13:		num_sets_changed: 		11300995
      From worker 13:			num_random_opinions: 	936787
      From worker 13:			num_biased_opinions: 	938452
      From worker 13:		num_both_changed: 		374481
      From worker 13:	
      From worker 13:	data processed and exported
      From worker 13:	
      From worker 13:	starting b_1.0_c_0.2_N_40_M_3_K_2_P_2_beta_0.001_u_0.001_v_0.125_p_0.75_ϵ_1.0_gens_20000000_210223-173821.077
      From worker 6:	replicate complete, ran 20000000 generations:
      From worker 6:	
      From worker 6:		num_imitating:			14996067
      From worker 6:		num_not_imitating:		5003933
      From worker 6:		num_strategies_changed:  	435833
      From worker 6:			num_random_strategies: 	14920
      From worker 6:		num_sets_changed: 		2189542
      From worker 6:			num_random_opinions: 	37540
      From worker 6:			num_biased_opinions: 	37740
      From worker 6:		num_both_changed: 		116935
      From worker 6:	
      From worker 6:	data processed and exported
      From worker 6:	
      From worker 6:	starting b_1.0_c_0.2_N_40_M_3_K_2_P_2_beta_0.001_u_0.001_v_0.005_p_0.75_ϵ_1.0_gens_20000000_210223-173821.077
      From worker 2:	replicate complete, ran 20000000 generations:
      From worker 2:	
      From worker 2:		num_imitating:			9997417
      From worker 2:		num_not_imitating:		10002583
      From worker 2:		num_strategies_changed:  	150087
      From worker 2:			num_random_strategies: 	9679
      From worker 2:		num_sets_changed: 		130743
      From worker 2:			num_random_opinions: 	0
      From worker 2:			num_biased_opinions: 	10022
      From worker 2:		num_both_changed: 		4438
      From worker 2:	
      From worker 2:	data processed and exported
      From worker 2:	
      From worker 2:	starting b_1.0_c_0.2_N_40_M_3_K_2_P_2_beta_0.001_u_0.001_v_0.001_p_0.0_ϵ_1.0_gens_20000000_210223-173821.077
      From worker 3:	replicate complete, ran 20000000 generations:
      From worker 3:	
      From worker 3:		num_imitating:			20000000
      From worker 3:		num_not_imitating:		0
      From worker 3:		num_strategies_changed:  	594503
      From worker 3:			num_random_strategies: 	20300
      From worker 3:		num_sets_changed: 		1532210
      From worker 3:			num_random_opinions: 	44788
      From worker 3:			num_biased_opinions: 	0
      From worker 3:		num_both_changed: 		82815
      From worker 3:	
      From worker 3:	data processed and exported
      From worker 3:	
      From worker 3:	starting b_1.0_c_0.2_N_40_M_3_K_2_P_2_beta_0.001_u_0.001_v_0.0022360679774997894_p_0.25_ϵ_1.0_gens_20000000_210223-173821.077
      From worker 12:	replicate complete, ran 20000000 generations:
      From worker 12:	
      From worker 12:		num_imitating:			17499232
      From worker 12:		num_not_imitating:		2500768
      From worker 12:		num_strategies_changed:  	507173
      From worker 12:			num_random_strategies: 	17473
      From worker 12:		num_sets_changed: 		13505322
      From worker 12:			num_random_opinions: 	1640446
      From worker 12:			num_biased_opinions: 	547144
      From worker 12:		num_both_changed: 		448490
      From worker 12:	
      From worker 12:	data processed and exported
      From worker 12:	
      From worker 12:	starting b_1.0_c_0.2_N_40_M_3_K_2_P_2_beta_0.001_u_0.001_v_0.125_p_0.5_ϵ_1.0_gens_20000000_210223-173821.077
      From worker 10:	replicate complete, ran 20000000 generations:
      From worker 10:	
      From worker 10:		num_imitating:			20000000
      From worker 10:		num_not_imitating:		0
      From worker 10:		num_strategies_changed:  	580843
      From worker 10:			num_random_strategies: 	20121
      From worker 10:		num_sets_changed: 		12750124
      From worker 10:			num_random_opinions: 	1119086
      From worker 10:			num_biased_opinions: 	0
      From worker 10:		num_both_changed: 		474952
      From worker 10:	
      From worker 10:	data processed and exported
      From worker 10:	
      From worker 10:	starting b_1.0_c_0.2_N_40_M_3_K_2_P_2_beta_0.001_u_0.001_v_0.055901699437494755_p_0.25_ϵ_1.0_gens_20000000_210223-173821.077
      From worker 8:	replicate complete, ran 20000000 generations:
      From worker 8:	
      From worker 8:		num_imitating:			10000656
      From worker 8:		num_not_imitating:		9999344
      From worker 8:		num_strategies_changed:  	153036
      From worker 8:			num_random_strategies: 	10262
      From worker 8:		num_sets_changed: 		1201322
      From worker 8:			num_random_opinions: 	0
      From worker 8:			num_biased_opinions: 	111868
      From worker 8:		num_both_changed: 		32628
      From worker 8:	
      From worker 8:	data processed and exported
      From worker 8:	
      From worker 8:	starting b_1.0_c_0.2_N_40_M_3_K_2_P_2_beta_0.001_u_0.001_v_0.025_p_0.0_ϵ_1.0_gens_20000000_210223-173821.077
      From worker 4:	replicate complete, ran 20000000 generations:
      From worker 4:	
      From worker 4:		num_imitating:			17499003
      From worker 4:		num_not_imitating:		2500997
      From worker 4:		num_strategies_changed:  	508895
      From worker 4:			num_random_strategies: 	17490
      From worker 4:		num_sets_changed: 		1314134
      From worker 4:			num_random_opinions: 	29722
      From worker 4:			num_biased_opinions: 	9819
      From worker 4:		num_both_changed: 		65600
      From worker 4:	
      From worker 4:	data processed and exported
      From worker 4:	
      From worker 4:	starting b_1.0_c_0.2_N_40_M_3_K_2_P_2_beta_0.001_u_0.001_v_0.0022360679774997894_p_0.5_ϵ_1.0_gens_20000000_210223-173821.077
      From worker 5:	replicate complete, ran 20000000 generations:
      From worker 5:	
      From worker 5:		num_imitating:			14995366
      From worker 5:		num_not_imitating:		5004634
      From worker 5:		num_strategies_changed:  	423217
      From worker 5:			num_random_strategies: 	15045
      From worker 5:		num_sets_changed: 		2168750
      From worker 5:			num_random_opinions: 	37719
      From worker 5:			num_biased_opinions: 	37572
      From worker 5:		num_both_changed: 		107084
      From worker 5:	
      From worker 5:	data processed and exported
      From worker 5:	
      From worker 5:	starting b_1.0_c_0.2_N_40_M_3_K_2_P_2_beta_0.001_u_0.001_v_0.005_p_0.75_ϵ_1.0_gens_20000000_210223-173821.077
      From worker 6:	replicate complete, ran 20000000 generations:
      From worker 6:	
      From worker 6:		num_imitating:			12502930
      From worker 6:		num_not_imitating:		7497070
      From worker 6:		num_strategies_changed:  	360690
      From worker 6:			num_random_strategies: 	12289
      From worker 6:		num_sets_changed: 		1763295
      From worker 6:			num_random_opinions: 	15709
      From worker 6:			num_biased_opinions: 	47203
      From worker 6:		num_both_changed: 		82286
      From worker 6:	
      From worker 6:	data processed and exported
      From worker 6:	
      From worker 6:	starting b_1.0_c_0.2_N_40_M_3_K_2_P_2_beta_0.001_u_0.001_v_0.005_p_1.0_ϵ_1.0_gens_20000000_210223-173821.077
      From worker 14:	replicate complete, ran 20000000 generations:
      From worker 14:	
      From worker 14:		num_imitating:			9999072
      From worker 14:		num_not_imitating:		10000928
      From worker 14:		num_strategies_changed:  	146868
      From worker 14:			num_random_strategies: 	9997
      From worker 14:		num_sets_changed: 		5901475
      From worker 14:			num_random_opinions: 	0
      From worker 14:			num_biased_opinions: 	2794927
      From worker 14:		num_both_changed: 		96040
      From worker 14:	
      From worker 14:	data processed and exported
      From worker 14:	
      From worker 14:	starting b_1.0_c_0.2_N_40_M_3_K_2_P_2_beta_0.001_u_0.001_v_0.2795084971874737_p_0.0_ϵ_1.0_gens_20000000_210223-173821.077
      From worker 7:	replicate complete, ran 20000000 generations:
      From worker 7:	
      From worker 7:		num_imitating:			12496958
      From worker 7:		num_not_imitating:		7503042
      From worker 7:		num_strategies_changed:  	341828
      From worker 7:			num_random_strategies: 	12380
      From worker 7:		num_sets_changed: 		3315233
      From worker 7:			num_random_opinions: 	35020
      From worker 7:			num_biased_opinions: 	104773
      From worker 7:		num_both_changed: 		149496
      From worker 7:	
      From worker 7:	data processed and exported
      From worker 7:	
      From worker 7:	starting b_1.0_c_0.2_N_40_M_3_K_2_P_2_beta_0.001_u_0.001_v_0.011180339887498947_p_1.0_ϵ_1.0_gens_20000000_210223-173821.077
      From worker 2:	replicate complete, ran 20000000 generations:
      From worker 2:	
      From worker 2:		num_imitating:			20000000
      From worker 2:		num_not_imitating:		0
      From worker 2:		num_strategies_changed:  	562484
      From worker 2:			num_random_strategies: 	20085
      From worker 2:		num_sets_changed: 		721353
      From worker 2:			num_random_opinions: 	19991
      From worker 2:			num_biased_opinions: 	0
      From worker 2:		num_both_changed: 		37191
      From worker 2:	
      From worker 2:	data processed and exported
      From worker 11:	replicate complete, ran 20000000 generations:
      From worker 11:	
      From worker 11:		num_imitating:			17498953
      From worker 11:		num_not_imitating:		2501047
      From worker 11:		num_strategies_changed:  	493404
      From worker 11:			num_random_strategies: 	17523
      From worker 11:		num_sets_changed: 		11083060
      From worker 11:			num_random_opinions: 	734022
      From worker 11:			num_biased_opinions: 	244153
      From worker 11:		num_both_changed: 		402861
      From worker 11:	
      From worker 11:	data processed and exported
      From worker 11:	
      From worker 11:	starting b_1.0_c_0.2_N_40_M_3_K_2_P_2_beta_0.001_u_0.001_v_0.055901699437494755_p_0.5_ϵ_1.0_gens_20000000_210223-173821.077
      From worker 3:	replicate complete, ran 20000000 generations:
      From worker 3:	
      From worker 3:		num_imitating:			17499477
      From worker 3:		num_not_imitating:		2500523
      From worker 3:		num_strategies_changed:  	488516
      From worker 3:			num_random_strategies: 	17334
      From worker 3:		num_sets_changed: 		1243695
      From worker 3:			num_random_opinions: 	29387
      From worker 3:			num_biased_opinions: 	9588
      From worker 3:		num_both_changed: 		63293
      From worker 3:	
      From worker 3:	data processed and exported
      From worker 4:	replicate complete, ran 20000000 generations:
      From worker 4:	
      From worker 4:		num_imitating:			14997394
      From worker 4:		num_not_imitating:		5002606
      From worker 4:		num_strategies_changed:  	396784
      From worker 4:			num_random_strategies: 	15101
      From worker 4:		num_sets_changed: 		1105695
      From worker 4:			num_random_opinions: 	16665
      From worker 4:			num_biased_opinions: 	16930
      From worker 4:		num_both_changed: 		46259
      From worker 4:	
      From worker 4:	data processed and exported
      From worker 9:	replicate complete, ran 20000000 generations:
      From worker 9:	
      From worker 9:		num_imitating:			20000000
      From worker 9:		num_not_imitating:		0
      From worker 9:		num_strategies_changed:  	569621
      From worker 9:			num_random_strategies: 	20002
      From worker 9:		num_sets_changed: 		9132116
      From worker 9:			num_random_opinions: 	499638
      From worker 9:			num_biased_opinions: 	0
      From worker 9:		num_both_changed: 		384339
      From worker 9:	
      From worker 9:	data processed and exported
      From worker 9:	
      From worker 9:	starting b_1.0_c_0.2_N_40_M_3_K_2_P_2_beta_0.001_u_0.001_v_0.025_p_0.25_ϵ_1.0_gens_20000000_210223-173821.077
      From worker 15:	replicate complete, ran 20000000 generations:
      From worker 15:	
      From worker 15:		num_imitating:			20000000
      From worker 15:		num_not_imitating:		0
      From worker 15:		num_strategies_changed:  	582133
      From worker 15:			num_random_strategies: 	19924
      From worker 15:		num_sets_changed: 		18064479
      From worker 15:			num_random_opinions: 	12499796
      From worker 15:			num_biased_opinions: 	0
      From worker 15:		num_both_changed: 		533143
      From worker 15:	
      From worker 15:	data processed and exported
      From worker 15:	
      From worker 15:	starting b_1.0_c_0.2_N_40_M_3_K_2_P_2_beta_0.001_u_0.001_v_0.625_p_0.25_ϵ_1.0_gens_20000000_210223-173821.077
      From worker 13:	replicate complete, ran 20000000 generations:
      From worker 13:	
      From worker 13:		num_imitating:			12504003
      From worker 13:		num_not_imitating:		7495997
      From worker 13:		num_strategies_changed:  	358956
      From worker 13:			num_random_strategies: 	12570
      From worker 13:		num_sets_changed: 		8955926
      From worker 13:			num_random_opinions: 	390175
      From worker 13:			num_biased_opinions: 	1171946
      From worker 13:		num_both_changed: 		303375
      From worker 13:	
      From worker 13:	data processed and exported
      From worker 13:	
      From worker 13:	starting b_1.0_c_0.2_N_40_M_3_K_2_P_2_beta_0.001_u_0.001_v_0.125_p_1.0_ϵ_1.0_gens_20000000_210223-173821.077
      From worker 6:	replicate complete, ran 20000000 generations:
      From worker 6:	
      From worker 6:		num_imitating:			9996545
      From worker 6:		num_not_imitating:		10003455
      From worker 6:		num_strategies_changed:  	143301
      From worker 6:			num_random_strategies: 	9783
      From worker 6:		num_sets_changed: 		589356
      From worker 6:			num_random_opinions: 	0
      From worker 6:			num_biased_opinions: 	49917
      From worker 6:		num_both_changed: 		16265
      From worker 6:	
      From worker 6:	data processed and exported
      From worker 5:	replicate complete, ran 20000000 generations:
      From worker 5:	
      From worker 5:		num_imitating:			12501995
      From worker 5:		num_not_imitating:		7498005
      From worker 5:		num_strategies_changed:  	358676
      From worker 5:			num_random_strategies: 	12633
      From worker 5:		num_sets_changed: 		1760954
      From worker 5:			num_random_opinions: 	15493
      From worker 5:			num_biased_opinions: 	47071
      From worker 5:		num_both_changed: 		84219
      From worker 5:	
      From worker 5:	data processed and exported
      From worker 7:	replicate complete, ran 20000000 generations:
      From worker 7:	
      From worker 7:		num_imitating:			9998164
      From worker 7:		num_not_imitating:		10001836
      From worker 7:		num_strategies_changed:  	146186
      From worker 7:			num_random_strategies: 	9893
      From worker 7:		num_sets_changed: 		1210094
      From worker 7:			num_random_opinions: 	0
      From worker 7:			num_biased_opinions: 	111523
      From worker 7:		num_both_changed: 		31298
      From worker 7:	
      From worker 7:	data processed and exported
      From worker 7:	
      From worker 7:	starting b_1.0_c_0.2_N_40_M_3_K_2_P_2_beta_0.001_u_0.001_v_0.011180339887498947_p_0.0_ϵ_1.0_gens_20000000_210223-173821.077
      From worker 16:	replicate complete, ran 20000000 generations:
      From worker 16:	
      From worker 16:		num_imitating:			17497284
      From worker 16:		num_not_imitating:		2502716
      From worker 16:		num_strategies_changed:  	511309
      From worker 16:			num_random_strategies: 	17564
      From worker 16:		num_sets_changed: 		15611203
      From worker 16:			num_random_opinions: 	8201440
      From worker 16:			num_biased_opinions: 	2731350
      From worker 16:		num_both_changed: 		463298
      From worker 16:	
      From worker 16:	data processed and exported
      From worker 16:	
      From worker 16:	starting b_1.0_c_0.2_N_40_M_3_K_2_P_2_beta_0.001_u_0.001_v_0.625_p_0.5_ϵ_1.0_gens_20000000_210223-173821.077
      From worker 8:	replicate complete, ran 20000000 generations:
      From worker 8:	
      From worker 8:		num_imitating:			20000000
      From worker 8:		num_not_imitating:		0
      From worker 8:		num_strategies_changed:  	580130
      From worker 8:			num_random_strategies: 	20012
      From worker 8:		num_sets_changed: 		9151546
      From worker 8:			num_random_opinions: 	499471
      From worker 8:			num_biased_opinions: 	0
      From worker 8:		num_both_changed: 		392517
      From worker 8:	
      From worker 12:	replicate complete, ran 20000000 generations:
      From worker 12:	
      From worker 12:		num_imitating:			14998380
      From worker 12:		num_not_imitating:		5001620
      From worker 12:		num_strategies_changed:  	413395
      From worker 12:			num_random_strategies: 	15182
      From worker 12:		num_sets_changed: 		11305916
      From worker 12:			num_random_opinions: 	937292
      From worker 12:			num_biased_opinions: 	936600
      From worker 12:		num_both_changed: 		359972
      From worker 12:	
      From worker 8:	data processed and exported
      From worker 8:	
      From worker 8:	starting b_1.0_c_0.2_N_40_M_3_K_2_P_2_beta_0.001_u_0.001_v_0.025_p_0.25_ϵ_1.0_gens_20000000_210223-173821.077
      From worker 12:	data processed and exported
      From worker 12:	
      From worker 12:	starting b_1.0_c_0.2_N_40_M_3_K_2_P_2_beta_0.001_u_0.001_v_0.125_p_0.75_ϵ_1.0_gens_20000000_210223-173821.077
      From worker 10:	replicate complete, ran 20000000 generations:
      From worker 10:	
      From worker 10:		num_imitating:			17499042
      From worker 10:		num_not_imitating:		2500958
      From worker 10:		num_strategies_changed:  	478682
      From worker 10:			num_random_strategies: 	17504
      From worker 10:		num_sets_changed: 		11090886
      From worker 10:			num_random_opinions: 	734492
      From worker 10:			num_biased_opinions: 	244819
      From worker 10:		num_both_changed: 		390655
      From worker 10:	
      From worker 10:	data processed and exported
      From worker 10:	
      From worker 10:	starting b_1.0_c_0.2_N_40_M_3_K_2_P_2_beta_0.001_u_0.001_v_0.055901699437494755_p_0.5_ϵ_1.0_gens_20000000_210223-173821.077
      From worker 11:	replicate complete, ran 20000000 generations:
      From worker 11:	
      From worker 11:		num_imitating:			15001133
      From worker 11:		num_not_imitating:		4998867
      From worker 11:		num_strategies_changed:  	448200
      From worker 11:			num_random_strategies: 	15093
      From worker 11:		num_sets_changed: 		9312845
      From worker 11:			num_random_opinions: 	419704
      From worker 11:			num_biased_opinions: 	419739
      From worker 11:		num_both_changed: 		361896
      From worker 11:	
      From worker 11:	data processed and exported
      From worker 11:	
      From worker 11:	starting b_1.0_c_0.2_N_40_M_3_K_2_P_2_beta_0.001_u_0.001_v_0.055901699437494755_p_0.75_ϵ_1.0_gens_20000000_210223-173821.077
      From worker 13:	replicate complete, ran 20000000 generations:
      From worker 13:	
      From worker 13:		num_imitating:			10000923
      From worker 13:		num_not_imitating:		9999077
      From worker 13:		num_strategies_changed:  	144588
      From worker 13:			num_random_strategies: 	10038
      From worker 13:		num_sets_changed: 		4933830
      From worker 13:			num_random_opinions: 	0
      From worker 13:			num_biased_opinions: 	1251682
      From worker 13:		num_both_changed: 		88394
      From worker 13:	
      From worker 13:	data processed and exported
      From worker 13:	
      From worker 13:	starting b_1.0_c_0.2_N_40_M_3_K_2_P_2_beta_0.001_u_0.001_v_0.2795084971874737_p_0.0_ϵ_1.0_gens_20000000_210223-173821.077
      From worker 9:	replicate complete, ran 20000000 generations:
      From worker 9:	
      From worker 9:		num_imitating:			17501726
      From worker 9:		num_not_imitating:		2498274
      From worker 9:		num_strategies_changed:  	509953
      From worker 9:			num_random_strategies: 	17731
      From worker 9:		num_sets_changed: 		7890600
      From worker 9:			num_random_opinions: 	327464
      From worker 9:			num_biased_opinions: 	109659
      From worker 9:		num_both_changed: 		340056
      From worker 9:	
      From worker 9:	data processed and exported
      From worker 9:	
      From worker 9:	starting b_1.0_c_0.2_N_40_M_3_K_2_P_2_beta_0.001_u_0.001_v_0.025_p_0.5_ϵ_1.0_gens_20000000_210223-173821.077
      From worker 7:	replicate complete, ran 20000000 generations:
      From worker 7:	
      From worker 7:		num_imitating:			20000000
      From worker 7:		num_not_imitating:		0
      From worker 7:		num_strategies_changed:  	539050
      From worker 7:			num_random_strategies: 	19965
      From worker 7:		num_sets_changed: 		5595682
      From worker 7:			num_random_opinions: 	223363
      From worker 7:			num_biased_opinions: 	0
      From worker 7:		num_both_changed: 		239185
      From worker 7:	
      From worker 7:	data processed and exported
      From worker 14:	replicate complete, ran 20000000 generations:
      From worker 14:	
      From worker 14:		num_imitating:			20000000
      From worker 14:		num_not_imitating:		0
      From worker 14:		num_strategies_changed:  	569898
      From worker 14:			num_random_strategies: 	20207
      From worker 14:		num_sets_changed: 		17217274
      From worker 14:			num_random_opinions: 	5588255
      From worker 14:			num_biased_opinions: 	0
      From worker 14:		num_both_changed: 		519310
      From worker 14:	
      From worker 14:	data processed and exported
      From worker 14:	
      From worker 14:	starting b_1.0_c_0.2_N_40_M_3_K_2_P_2_beta_0.001_u_0.001_v_0.2795084971874737_p_0.25_ϵ_1.0_gens_20000000_210223-173821.077
      From worker 15:	replicate complete, ran 20000000 generations:
      From worker 15:	
      From worker 15:		num_imitating:			17499638
      From worker 15:		num_not_imitating:		2500362
      From worker 15:		num_strategies_changed:  	502558
      From worker 15:			num_random_strategies: 	17370
      From worker 15:		num_sets_changed: 		15613244
      From worker 15:			num_random_opinions: 	8200481
      From worker 15:			num_biased_opinions: 	2737069
      From worker 15:		num_both_changed: 		455326
      From worker 15:	
      From worker 15:	data processed and exported
      From worker 15:	
      From worker 15:	starting b_1.0_c_0.2_N_40_M_3_K_2_P_2_beta_0.001_u_0.001_v_0.625_p_0.5_ϵ_1.0_gens_20000000_210223-173821.077
      From worker 8:	replicate complete, ran 20000000 generations:
      From worker 8:	
      From worker 8:		num_imitating:			17502952
      From worker 8:		num_not_imitating:		2497048
      From worker 8:		num_strategies_changed:  	471925
      From worker 8:			num_random_strategies: 	17329
      From worker 8:		num_sets_changed: 		7881461
      From worker 8:			num_random_opinions: 	328525
      From worker 8:			num_biased_opinions: 	109385
      From worker 8:		num_both_changed: 		314589
      From worker 8:	
      From worker 8:	data processed and exported
      From worker 12:	replicate complete, ran 20000000 generations:
      From worker 12:	
      From worker 12:		num_imitating:			12500065
      From worker 12:		num_not_imitating:		7499935
      From worker 12:		num_strategies_changed:  	350998
      From worker 12:			num_random_strategies: 	12387
      From worker 12:		num_sets_changed: 		8947657
      From worker 12:			num_random_opinions: 	389549
      From worker 12:			num_biased_opinions: 	1170982
      From worker 12:		num_both_changed: 		294953
      From worker 12:	
      From worker 12:	data processed and exported
      From worker 12:	
      From worker 12:	starting b_1.0_c_0.2_N_40_M_3_K_2_P_2_beta_0.001_u_0.001_v_0.125_p_1.0_ϵ_1.0_gens_20000000_210223-173821.077
      From worker 10:	replicate complete, ran 20000000 generations:
      From worker 10:	
      From worker 10:		num_imitating:			15000667
      From worker 10:		num_not_imitating:		4999333
      From worker 10:		num_strategies_changed:  	415749
      From worker 10:			num_random_strategies: 	14867
      From worker 10:		num_sets_changed: 		9279775
      From worker 10:			num_random_opinions: 	417552
      From worker 10:			num_biased_opinions: 	420648
      From worker 10:		num_both_changed: 		334932
      From worker 10:	
      From worker 10:	data processed and exported
      From worker 10:	
      From worker 10:	starting b_1.0_c_0.2_N_40_M_3_K_2_P_2_beta_0.001_u_0.001_v_0.055901699437494755_p_0.75_ϵ_1.0_gens_20000000_210223-173821.077
      From worker 16:	replicate complete, ran 20000000 generations:
      From worker 16:	
      From worker 16:		num_imitating:			14998745
      From worker 16:		num_not_imitating:		5001255
      From worker 16:		num_strategies_changed:  	441084
      From worker 16:			num_random_strategies: 	14844
      From worker 16:		num_sets_changed: 		12879380
      From worker 16:			num_random_opinions: 	4690459
      From worker 16:			num_biased_opinions: 	4684580
      From worker 16:		num_both_changed: 		385882
      From worker 16:	
      From worker 16:	data processed and exported
      From worker 16:	
      From worker 16:	starting b_1.0_c_0.2_N_40_M_3_K_2_P_2_beta_0.001_u_0.001_v_0.625_p_0.75_ϵ_1.0_gens_20000000_210223-173821.077
      From worker 11:	replicate complete, ran 20000000 generations:
      From worker 11:	
      From worker 11:		num_imitating:			12500686
      From worker 11:		num_not_imitating:		7499314
      From worker 11:		num_strategies_changed:  	366522
      From worker 11:			num_random_strategies: 	12615
      From worker 11:		num_sets_changed: 		7358603
      From worker 11:			num_random_opinions: 	175038
      From worker 11:			num_biased_opinions: 	523780
      From worker 11:		num_both_changed: 		286584
      From worker 11:	
      From worker 11:	data processed and exported
      From worker 11:	
      From worker 11:	starting b_1.0_c_0.2_N_40_M_3_K_2_P_2_beta_0.001_u_0.001_v_0.055901699437494755_p_1.0_ϵ_1.0_gens_20000000_210223-173821.077
      From worker 9:	replicate complete, ran 20000000 generations:
      From worker 9:	
      From worker 9:		num_imitating:			15002246
      From worker 9:		num_not_imitating:		4997754
      From worker 9:		num_strategies_changed:  	443812
      From worker 9:			num_random_strategies: 	15082
      From worker 9:		num_sets_changed: 		6617857
      From worker 9:			num_random_opinions: 	187994
      From worker 9:			num_biased_opinions: 	187234
      From worker 9:		num_both_changed: 		291549
      From worker 9:	
      From worker 9:	data processed and exported
      From worker 12:	replicate complete, ran 20000000 generations:
      From worker 12:	
      From worker 12:		num_imitating:			10001850
      From worker 12:		num_not_imitating:		9998150
      From worker 12:		num_strategies_changed:  	145818
      From worker 12:			num_random_strategies: 	9829
      From worker 12:		num_sets_changed: 		4926256
      From worker 12:			num_random_opinions: 	0
      From worker 12:			num_biased_opinions: 	1249114
      From worker 12:		num_both_changed: 		89014
      From worker 12:	
      From worker 12:	data processed and exported
      From worker 12:	
      From worker 12:	starting b_1.0_c_0.2_N_40_M_3_K_2_P_2_beta_0.001_u_0.001_v_0.125_p_0.0_ϵ_1.0_gens_20000000_210223-173821.077
      From worker 13:	replicate complete, ran 20000000 generations:
      From worker 13:	
      From worker 13:		num_imitating:			20000000
      From worker 13:		num_not_imitating:		0
      From worker 13:		num_strategies_changed:  	593464
      From worker 13:			num_random_strategies: 	20032
      From worker 13:		num_sets_changed: 		17221437
      From worker 13:			num_random_opinions: 	5588302
      From worker 13:			num_biased_opinions: 	0
      From worker 13:		num_both_changed: 		541511
      From worker 13:	
      From worker 13:	data processed and exported
      From worker 13:	
      From worker 13:	starting b_1.0_c_0.2_N_40_M_3_K_2_P_2_beta_0.001_u_0.001_v_0.2795084971874737_p_0.25_ϵ_1.0_gens_20000000_210223-173821.077
      From worker 11:	replicate complete, ran 20000000 generations:
      From worker 11:	
      From worker 11:		num_imitating:			10001048
      From worker 11:		num_not_imitating:		9998952
      From worker 11:		num_strategies_changed:  	146957
      From worker 11:			num_random_strategies: 	9920
      From worker 11:		num_sets_changed: 		3587199
      From worker 11:			num_random_opinions: 	0
      From worker 11:			num_biased_opinions: 	557905
      From worker 11:		num_both_changed: 		75470
      From worker 11:	
      From worker 11:	data processed and exported
      From worker 10:	replicate complete, ran 20000000 generations:
      From worker 10:	
      From worker 10:		num_imitating:			12503057
      From worker 10:		num_not_imitating:		7496943
      From worker 10:		num_strategies_changed:  	378773
      From worker 10:			num_random_strategies: 	12817
      From worker 10:		num_sets_changed: 		7411281
      From worker 10:			num_random_opinions: 	174704
      From worker 10:			num_biased_opinions: 	523671
      From worker 10:		num_both_changed: 		297099
      From worker 10:	
      From worker 10:	data processed and exported
      From worker 14:	replicate complete, ran 20000000 generations:
      From worker 14:	
      From worker 14:		num_imitating:			17500240
      From worker 14:		num_not_imitating:		2499760
      From worker 14:		num_strategies_changed:  	486405
      From worker 14:			num_random_strategies: 	17361
      From worker 14:		num_sets_changed: 		14924692
      From worker 14:			num_random_opinions: 	3667909
      From worker 14:			num_biased_opinions: 	1222206
      From worker 14:		num_both_changed: 		440319
      From worker 14:	
      From worker 14:	data processed and exported
      From worker 14:	
      From worker 14:	starting b_1.0_c_0.2_N_40_M_3_K_2_P_2_beta_0.001_u_0.001_v_0.2795084971874737_p_0.5_ϵ_1.0_gens_20000000_210223-173821.077
      From worker 15:	replicate complete, ran 20000000 generations:
      From worker 15:	
      From worker 15:		num_imitating:			14996909
      From worker 15:		num_not_imitating:		5003091
      From worker 15:		num_strategies_changed:  	438804
      From worker 15:			num_random_strategies: 	14964
      From worker 15:		num_sets_changed: 		12875162
      From worker 15:			num_random_opinions: 	4686542
      From worker 15:			num_biased_opinions: 	4687520
      From worker 15:		num_both_changed: 		383528
      From worker 15:	
      From worker 15:	data processed and exported
      From worker 15:	
      From worker 15:	starting b_1.0_c_0.2_N_40_M_3_K_2_P_2_beta_0.001_u_0.001_v_0.625_p_0.75_ϵ_1.0_gens_20000000_210223-173821.077
      From worker 16:	replicate complete, ran 20000000 generations:
      From worker 16:	
      From worker 16:		num_imitating:			12498993
      From worker 16:		num_not_imitating:		7501007
      From worker 16:		num_strategies_changed:  	346170
      From worker 16:			num_random_strategies: 	12439
      From worker 16:		num_sets_changed: 		9891540
      From worker 16:			num_random_opinions: 	1952659
      From worker 16:			num_biased_opinions: 	5856876
      From worker 16:		num_both_changed: 		280984
      From worker 16:	
      From worker 16:	data processed and exported
      From worker 16:	
      From worker 16:	starting b_1.0_c_0.2_N_40_M_3_K_2_P_2_beta_0.001_u_0.001_v_0.625_p_1.0_ϵ_1.0_gens_20000000_210223-173821.077
      From worker 16:	replicate complete, ran 20000000 generations:
      From worker 16:	
      From worker 16:		num_imitating:			10000042
      From worker 16:		num_not_imitating:		9999958
      From worker 16:		num_strategies_changed:  	149414
      From worker 16:			num_random_strategies: 	9922
      From worker 16:		num_sets_changed: 		6473446
      From worker 16:			num_random_opinions: 	0
 Activating environment at `/tigress/mk28/CooperationPolarization2/Project.toml`
 Activating environment at `/tigress/mk28/CooperationPolarization2/Project.toml`
      From worker 16:			num_biased_opinions: 	6250850
      From worker 16:		num_both_changed: 		99547
      From worker 16:	
      From worker 16:	data processed and exported
      From worker 12:	replicate complete, ran 20000000 generations:
      From worker 12:	
      From worker 12:		num_imitating:			20000000
      From worker 12:		num_not_imitating:		0
      From worker 12:		num_strategies_changed:  	576424
      From worker 12:			num_random_strategies: 	20078
      From worker 12:		num_sets_changed: 		15562296
      From worker 12:			num_random_opinions: 	2500090
      From worker 12:			num_biased_opinions: 	0
      From worker 12:		num_both_changed: 		514671
      From worker 12:	
      From worker 12:	data processed and exported
      From worker 13:	replicate complete, ran 20000000 generations:
      From worker 13:	
      From worker 13:		num_imitating:			17500593
      From worker 13:		num_not_imitating:		2499407
      From worker 13:		num_strategies_changed:  	493149
      From worker 13:			num_random_strategies: 	17405
      From worker 13:		num_sets_changed: 		14926936
      From worker 13:			num_random_opinions: 	3666456
      From worker 13:			num_biased_opinions: 	1222660
      From worker 13:		num_both_changed: 		446703
      From worker 13:	
      From worker 13:	data processed and exported
      From worker 15:	replicate complete, ran 20000000 generations:
      From worker 15:	
      From worker 15:		num_imitating:			12498938
      From worker 15:		num_not_imitating:		7501062
      From worker 15:		num_strategies_changed:  	353478
      From worker 15:			num_random_strategies: 	12469
      From worker 15:		num_sets_changed: 		9888658
      From worker 15:			num_random_opinions: 	1953802
      From worker 15:			num_biased_opinions: 	5856537
      From worker 15:		num_both_changed: 		286463
      From worker 15:	
      From worker 15:	data processed and exported
      From worker 14:	replicate complete, ran 20000000 generations:
      From worker 14:	
      From worker 14:		num_imitating:			15000331
      From worker 14:		num_not_imitating:		4999669
      From worker 14:		num_strategies_changed:  	413203
      From worker 14:			num_random_strategies: 	14905
      From worker 14:		num_sets_changed: 		12448063
      From worker 14:			num_random_opinions: 	2096752
      From worker 14:			num_biased_opinions: 	2097072
      From worker 14:		num_both_changed: 		365782
      From worker 14:	
      From worker 14:	data processed and exported
13211.249907 seconds (2.86 M allocations: 124.726 MiB, 0.00% gc time)
