packages loaded
      From worker 6:	 Activating environment at `/tigress/mk28/CooperationPolarization2/Project.toml`
      From worker 2:	 Activating environment at `/tigress/mk28/CooperationPolarization2/Project.toml`
      From worker 5:	 Activating environment at `/tigress/mk28/CooperationPolarization2/Project.toml`
      From worker 4:	 Activating environment at `/tigress/mk28/CooperationPolarization2/Project.toml`
      From worker 3:	 Activating environment at `/tigress/mk28/CooperationPolarization2/Project.toml`
      From worker 9:	 Activating environment at `/tigress/mk28/CooperationPolarization2/Project.toml`
      From worker 8:	 Activating environment at `/tigress/mk28/CooperationPolarization2/Project.toml`
      From worker 11:	 Activating environment at `/tigress/mk28/CooperationPolarization2/Project.toml`
      From worker 13:	 Activating environment at `/tigress/mk28/CooperationPolarization2/Project.toml`
      From worker 10:	 Activating environment at `/tigress/mk28/CooperationPolarization2/Project.toml`
      From worker 12:	 Activating environment at `/tigress/mk28/CooperationPolarization2/Project.toml`
      From worker 7:	 Activating environment at `/tigress/mk28/CooperationPolarization2/Project.toml`
      From worker 14:	 Activating environment at `/tigress/mk28/CooperationPolarization2/Project.toml`
      From worker 15:	 Activating environment at `/tigress/mk28/CooperationPolarization2/Project.toml`
      From worker 16:	 Activating environment at `/tigress/mk28/CooperationPolarization2/Project.toml`
      From worker 2:	packages loaded
      From worker 3:	packages loaded
      From worker 6:	packages loaded
      From worker 9:	packages loaded
      From worker 8:	packages loaded
      From worker 11:	packages loaded
      From worker 16:	packages loaded
      From worker 5:	packages loaded
      From worker 4:	packages loaded
      From worker 12:	packages loaded
      From worker 10:	packages loaded
      From worker 13:	packages loaded
      From worker 7:	packages loaded
      From worker 15:	packages loaded
      From worker 14:	packages loaded
parameters defined
      From worker 16:	
      From worker 16:	starting b_1.0_c_0.2_N_40_M_2_K_2_P_2_beta_0.001_u_0.001_v_0.625_p_1.0_ϵ_1.0_gens_20000000_210220-063859.202
      From worker 11:	
      From worker 11:	starting b_1.0_c_0.2_N_40_M_2_K_2_P_2_beta_0.001_u_0.001_v_0.055901699437494755_p_1.0_ϵ_1.0_gens_20000000_210220-063859.202
      From worker 12:	
      From worker 12:	starting b_1.0_c_0.2_N_40_M_2_K_2_P_2_beta_0.001_u_0.001_v_0.125_p_0.0_ϵ_1.0_gens_20000000_210220-063859.202
      From worker 3:	
      From worker 3:	starting b_1.0_c_0.2_N_40_M_2_K_2_P_2_beta_0.001_u_0.001_v_0.001_p_0.25_ϵ_1.0_gens_20000000_210220-063859.202
      From worker 14:	
      From worker 14:	starting b_1.0_c_0.2_N_40_M_2_K_2_P_2_beta_0.001_u_0.001_v_0.2795084971874737_p_0.5_ϵ_1.0_gens_20000000_210220-063859.202
      From worker 6:	
      From worker 6:	starting b_1.0_c_0.2_N_40_M_2_K_2_P_2_beta_0.001_u_0.001_v_0.005_p_1.0_ϵ_1.0_gens_20000000_210220-063859.202
      From worker 2:	
      From worker 2:	starting b_1.0_c_0.2_N_40_M_2_K_2_P_2_beta_0.001_u_0.001_v_0.001_p_0.0_ϵ_1.0_gens_20000000_210220-063859.202
      From worker 9:	
      From worker 9:	starting b_1.0_c_0.2_N_40_M_2_K_2_P_2_beta_0.001_u_0.001_v_0.025_p_0.5_ϵ_1.0_gens_20000000_210220-063859.202
      From worker 15:	
      From worker 15:	starting b_1.0_c_0.2_N_40_M_2_K_2_P_2_beta_0.001_u_0.001_v_0.2795084971874737_p_0.75_ϵ_1.0_gens_20000000_210220-063859.202
      From worker 8:	
      From worker 8:	starting b_1.0_c_0.2_N_40_M_2_K_2_P_2_beta_0.001_u_0.001_v_0.011180339887498947_p_0.25_ϵ_1.0_gens_20000000_210220-063859.202
      From worker 10:	
      From worker 10:	starting b_1.0_c_0.2_N_40_M_2_K_2_P_2_beta_0.001_u_0.001_v_0.025_p_0.75_ϵ_1.0_gens_20000000_210220-063859.202
      From worker 5:	
      From worker 5:	starting b_1.0_c_0.2_N_40_M_2_K_2_P_2_beta_0.001_u_0.001_v_0.0022360679774997894_p_0.75_ϵ_1.0_gens_20000000_210220-063859.202
      From worker 13:	
      From worker 13:	starting b_1.0_c_0.2_N_40_M_2_K_2_P_2_beta_0.001_u_0.001_v_0.125_p_0.25_ϵ_1.0_gens_20000000_210220-063859.202
      From worker 7:	
      From worker 7:	starting b_1.0_c_0.2_N_40_M_2_K_2_P_2_beta_0.001_u_0.001_v_0.011180339887498947_p_0.0_ϵ_1.0_gens_20000000_210220-063859.202
      From worker 4:	
      From worker 4:	starting b_1.0_c_0.2_N_40_M_2_K_2_P_2_beta_0.001_u_0.001_v_0.0022360679774997894_p_0.5_ϵ_1.0_gens_20000000_210220-063859.202
      From worker 11:	replicate complete, ran 20000000 generations:
      From worker 11:	
      From worker 11:		num_imitating:			9996437
      From worker 11:		num_not_imitating:		10003563
      From worker 11:		num_strategies_changed:  	144340
      From worker 11:			num_random_strategies: 	9964
      From worker 11:		num_sets_changed: 		0
      From worker 11:			num_random_opinions: 	0
      From worker 11:			num_biased_opinions: 	558910
      From worker 11:		num_both_changed: 		0
      From worker 11:	
      From worker 11:	data processed and exported
      From worker 11:	
      From worker 11:	starting b_1.0_c_0.2_N_40_M_2_K_2_P_2_beta_0.001_u_0.001_v_0.055901699437494755_p_0.0_ϵ_1.0_gens_20000000_210220-063859.202
      From worker 6:	replicate complete, ran 20000000 generations:
      From worker 6:	
      From worker 6:		num_imitating:			10000069
      From worker 6:		num_not_imitating:		9999931
      From worker 6:		num_strategies_changed:  	147404
      From worker 6:			num_random_strategies: 	10057
      From worker 6:		num_sets_changed: 		0
      From worker 6:			num_random_opinions: 	0
      From worker 6:			num_biased_opinions: 	49880
      From worker 6:		num_both_changed: 		0
      From worker 6:	
      From worker 6:	data processed and exported
      From worker 6:	
      From worker 6:	starting b_1.0_c_0.2_N_40_M_2_K_2_P_2_beta_0.001_u_0.001_v_0.005_p_0.0_ϵ_1.0_gens_20000000_210220-063859.202
      From worker 16:	replicate complete, ran 20000000 generations:
      From worker 16:	
      From worker 16:		num_imitating:			9994188
      From worker 16:		num_not_imitating:		10005812
      From worker 16:		num_strategies_changed:  	153895
      From worker 16:			num_random_strategies: 	10254
      From worker 16:		num_sets_changed: 		0
      From worker 16:			num_random_opinions: 	0
      From worker 16:			num_biased_opinions: 	6244906
      From worker 16:		num_both_changed: 		0
      From worker 16:	
      From worker 16:	data processed and exported
      From worker 16:	
      From worker 16:	starting b_1.0_c_0.2_N_40_M_2_K_2_P_2_beta_0.001_u_0.001_v_0.625_p_0.0_ϵ_1.0_gens_20000000_210220-063859.202
      From worker 2:	replicate complete, ran 20000000 generations:
      From worker 2:	
      From worker 2:		num_imitating:			20000000
      From worker 2:		num_not_imitating:		0
      From worker 2:		num_strategies_changed:  	546772
      From worker 2:			num_random_strategies: 	20056
      From worker 2:		num_sets_changed: 		596744
      From worker 2:			num_random_opinions: 	19701
      From worker 2:			num_biased_opinions: 	0
      From worker 2:		num_both_changed: 		27954
      From worker 2:	
      From worker 2:	data processed and exported
      From worker 2:	
      From worker 2:	starting b_1.0_c_0.2_N_40_M_2_K_2_P_2_beta_0.001_u_0.001_v_0.001_p_0.25_ϵ_1.0_gens_20000000_210220-063859.202
      From worker 3:	replicate complete, ran 20000000 generations:
      From worker 3:	
      From worker 3:		num_imitating:			17498969
      From worker 3:		num_not_imitating:		2501031
      From worker 3:		num_strategies_changed:  	482257
      From worker 3:			num_random_strategies: 	17572
      From worker 3:		num_sets_changed: 		505840
      From worker 3:			num_random_opinions: 	13142
      From worker 3:			num_biased_opinions: 	4294
      From worker 3:		num_both_changed: 		22014
      From worker 3:	
      From worker 3:	data processed and exported
      From worker 3:	
      From worker 3:	starting b_1.0_c_0.2_N_40_M_2_K_2_P_2_beta_0.001_u_0.001_v_0.001_p_0.5_ϵ_1.0_gens_20000000_210220-063859.202
      From worker 5:	replicate complete, ran 20000000 generations:
      From worker 5:	
      From worker 5:		num_imitating:			12500968
      From worker 5:		num_not_imitating:		7499032
      From worker 5:		num_strategies_changed:  	352760
      From worker 5:			num_random_strategies: 	12735
      From worker 5:		num_sets_changed: 		641813
      From worker 5:			num_random_opinions: 	7079
      From worker 5:			num_biased_opinions: 	20956
      From worker 5:		num_both_changed: 		35732
      From worker 5:	
      From worker 5:	data processed and exported
      From worker 5:	
      From worker 5:	starting b_1.0_c_0.2_N_40_M_2_K_2_P_2_beta_0.001_u_0.001_v_0.0022360679774997894_p_1.0_ϵ_1.0_gens_20000000_210220-063859.202
      From worker 4:	replicate complete, ran 20000000 generations:
      From worker 4:	
      From worker 4:		num_imitating:			14999847
      From worker 4:		num_not_imitating:		5000153
      From worker 4:		num_strategies_changed:  	441762
      From worker 4:			num_random_strategies: 	14868
      From worker 4:		num_sets_changed: 		911684
      From worker 4:			num_random_opinions: 	16943
      From worker 4:			num_biased_opinions: 	17041
      From worker 4:		num_both_changed: 		47612
      From worker 4:	
      From worker 4:	data processed and exported
      From worker 4:	
      From worker 4:	starting b_1.0_c_0.2_N_40_M_2_K_2_P_2_beta_0.001_u_0.001_v_0.0022360679774997894_p_0.75_ϵ_1.0_gens_20000000_210220-063859.202
      From worker 10:	replicate complete, ran 20000000 generations:
      From worker 10:	
      From worker 10:		num_imitating:			12499920
      From worker 10:		num_not_imitating:		7500080
      From worker 10:		num_strategies_changed:  	344485
      From worker 10:			num_random_strategies: 	12417
      From worker 10:		num_sets_changed: 		3738664
      From worker 10:			num_random_opinions: 	77836
      From worker 10:			num_biased_opinions: 	234698
      From worker 10:		num_both_changed: 		159309
      From worker 10:	
      From worker 10:	data processed and exported
      From worker 10:	
      From worker 10:	starting b_1.0_c_0.2_N_40_M_2_K_2_P_2_beta_0.001_u_0.001_v_0.025_p_1.0_ϵ_1.0_gens_20000000_210220-063859.202
      From worker 8:	replicate complete, ran 20000000 generations:
      From worker 8:	
      From worker 8:		num_imitating:			17499526
      From worker 8:		num_not_imitating:		2500474
      From worker 8:		num_strategies_changed:  	505272
      From worker 8:			num_random_strategies: 	17561
      From worker 8:		num_sets_changed: 		4075241
      From worker 8:			num_random_opinions: 	146639
      From worker 8:			num_biased_opinions: 	49123
      From worker 8:		num_both_changed: 		191788
      From worker 8:	
      From worker 8:	data processed and exported
      From worker 8:	
      From worker 8:	starting b_1.0_c_0.2_N_40_M_2_K_2_P_2_beta_0.001_u_0.001_v_0.011180339887498947_p_0.5_ϵ_1.0_gens_20000000_210220-063859.202
      From worker 7:	replicate complete, ran 20000000 generations:
      From worker 7:	
      From worker 7:		num_imitating:			20000000
      From worker 7:		num_not_imitating:		0
      From worker 7:		num_strategies_changed:  	575283
      From worker 7:			num_random_strategies: 	19813
      From worker 7:		num_sets_changed: 		4701842
      From worker 7:			num_random_opinions: 	224216
      From worker 7:			num_biased_opinions: 	0
      From worker 7:		num_both_changed: 		214391
      From worker 7:	
      From worker 7:	data processed and exported
      From worker 7:	
      From worker 7:	starting b_1.0_c_0.2_N_40_M_2_K_2_P_2_beta_0.001_u_0.001_v_0.011180339887498947_p_0.25_ϵ_1.0_gens_20000000_210220-063859.202
      From worker 9:	replicate complete, ran 20000000 generations:
      From worker 9:	
      From worker 9:		num_imitating:			14995011
      From worker 9:		num_not_imitating:		5004989
      From worker 9:		num_strategies_changed:  	417186
      From worker 9:			num_random_strategies: 	14929
      From worker 9:		num_sets_changed: 		5137114
      From worker 9:			num_random_opinions: 	187536
      From worker 9:			num_biased_opinions: 	187104
      From worker 9:		num_both_changed: 		212170
      From worker 9:	
      From worker 9:	data processed and exported
      From worker 9:	
      From worker 9:	starting b_1.0_c_0.2_N_40_M_2_K_2_P_2_beta_0.001_u_0.001_v_0.025_p_0.75_ϵ_1.0_gens_20000000_210220-063859.202
      From worker 15:	replicate complete, ran 20000000 generations:
      From worker 15:	
      From worker 15:		num_imitating:			12501035
      From worker 15:		num_not_imitating:		7498965
      From worker 15:		num_strategies_changed:  	345583
      From worker 15:			num_random_strategies: 	12472
      From worker 15:		num_sets_changed: 		6241661
      From worker 15:			num_random_opinions: 	872589
      From worker 15:			num_biased_opinions: 	2621366
      From worker 15:		num_both_changed: 		188903
      From worker 15:	
      From worker 15:	data processed and exported
      From worker 15:	
      From worker 15:	starting b_1.0_c_0.2_N_40_M_2_K_2_P_2_beta_0.001_u_0.001_v_0.2795084971874737_p_1.0_ϵ_1.0_gens_20000000_210220-063859.202
      From worker 5:	replicate complete, ran 20000000 generations:
      From worker 5:	
      From worker 5:		num_imitating:			9999876
      From worker 5:		num_not_imitating:		10000124
      From worker 5:		num_strategies_changed:  	147152
      From worker 5:			num_random_strategies: 	9842
      From worker 5:		num_sets_changed: 		0
      From worker 5:			num_random_opinions: 	0
      From worker 5:			num_biased_opinions: 	22312
      From worker 5:		num_both_changed: 		0
      From worker 5:	
      From worker 5:	data processed and exported
      From worker 5:	
      From worker 5:	starting b_1.0_c_0.2_N_40_M_2_K_2_P_2_beta_0.001_u_0.001_v_0.005_p_0.0_ϵ_1.0_gens_20000000_210220-063859.202
      From worker 2:	replicate complete, ran 20000000 generations:
      From worker 2:	
      From worker 2:		num_imitating:			17499148
      From worker 2:		num_not_imitating:		2500852
      From worker 2:		num_strategies_changed:  	495247
      From worker 2:			num_random_strategies: 	17383
      From worker 2:		num_sets_changed: 		530079
      From worker 2:			num_random_opinions: 	13254
      From worker 2:			num_biased_opinions: 	4466
      From worker 2:		num_both_changed: 		30725
      From worker 2:	
      From worker 2:	data processed and exported
      From worker 2:	
      From worker 2:	starting b_1.0_c_0.2_N_40_M_2_K_2_P_2_beta_0.001_u_0.001_v_0.001_p_0.5_ϵ_1.0_gens_20000000_210220-063859.202
      From worker 3:	replicate complete, ran 20000000 generations:
      From worker 3:	
      From worker 3:		num_imitating:			14999152
      From worker 3:		num_not_imitating:		5000848
      From worker 3:		num_strategies_changed:  	422416
      From worker 3:			num_random_strategies: 	15079
      From worker 3:		num_sets_changed: 		439380
      From worker 3:			num_random_opinions: 	7411
      From worker 3:			num_biased_opinions: 	7521
      From worker 3:		num_both_changed: 		23516
      From worker 3:	
      From worker 3:	data processed and exported
      From worker 3:	
      From worker 3:	starting b_1.0_c_0.2_N_40_M_2_K_2_P_2_beta_0.001_u_0.001_v_0.001_p_0.75_ϵ_1.0_gens_20000000_210220-063859.202
      From worker 4:	replicate complete, ran 20000000 generations:
      From worker 4:	
      From worker 4:		num_imitating:			12501938
      From worker 4:		num_not_imitating:		7498062
      From worker 4:		num_strategies_changed:  	343478
      From worker 4:			num_random_strategies: 	12446
      From worker 4:		num_sets_changed: 		611240
      From worker 4:			num_random_opinions: 	6938
      From worker 4:			num_biased_opinions: 	20771
      From worker 4:		num_both_changed: 		32508
      From worker 4:	
      From worker 4:	data processed and exported
      From worker 4:	
      From worker 4:	starting b_1.0_c_0.2_N_40_M_2_K_2_P_2_beta_0.001_u_0.001_v_0.0022360679774997894_p_1.0_ϵ_1.0_gens_20000000_210220-063859.202
      From worker 6:	replicate complete, ran 20000000 generations:
      From worker 6:	
      From worker 6:		num_imitating:			20000000
      From worker 6:		num_not_imitating:		0
      From worker 6:		num_strategies_changed:  	598919
      From worker 6:			num_random_strategies: 	19820
      From worker 6:		num_sets_changed: 		2586496
      From worker 6:			num_random_opinions: 	100325
      From worker 6:			num_biased_opinions: 	0
      From worker 6:		num_both_changed: 		146994
      From worker 6:	
      From worker 6:	data processed and exported
      From worker 6:	
      From worker 6:	starting b_1.0_c_0.2_N_40_M_2_K_2_P_2_beta_0.001_u_0.001_v_0.005_p_0.25_ϵ_1.0_gens_20000000_210220-063859.202
      From worker 14:	replicate complete, ran 20000000 generations:
      From worker 14:	
      From worker 14:		num_imitating:			14999308
      From worker 14:		num_not_imitating:		5000692
      From worker 14:		num_strategies_changed:  	414878
      From worker 14:			num_random_strategies: 	14958
      From worker 14:		num_sets_changed: 		9372604
      From worker 14:			num_random_opinions: 	2094692
      From worker 14:			num_biased_opinions: 	2096483
      From worker 14:		num_both_changed: 		276747
      From worker 14:	
      From worker 14:	data processed and exported
      From worker 14:	
      From worker 14:	starting b_1.0_c_0.2_N_40_M_2_K_2_P_2_beta_0.001_u_0.001_v_0.2795084971874737_p_0.75_ϵ_1.0_gens_20000000_210220-063859.202
      From worker 10:	replicate complete, ran 20000000 generations:
      From worker 10:	
      From worker 10:		num_imitating:			10000931
      From worker 10:		num_not_imitating:		9999069
      From worker 10:		num_strategies_changed:  	148031
      From worker 10:			num_random_strategies: 	10061
      From worker 10:		num_sets_changed: 		0
      From worker 10:			num_random_opinions: 	0
      From worker 10:			num_biased_opinions: 	250346
      From worker 10:		num_both_changed: 		0
      From worker 10:	
      From worker 10:	data processed and exported
      From worker 10:	
      From worker 10:	starting b_1.0_c_0.2_N_40_M_2_K_2_P_2_beta_0.001_u_0.001_v_0.055901699437494755_p_0.0_ϵ_1.0_gens_20000000_210220-063859.202
      From worker 13:	replicate complete, ran 20000000 generations:
      From worker 13:	
      From worker 13:		num_imitating:			17499376
      From worker 13:		num_not_imitating:		2500624
      From worker 13:		num_strategies_changed:  	519744
      From worker 13:			num_random_strategies: 	17439
      From worker 13:		num_sets_changed: 		10894162
      From worker 13:			num_random_opinions: 	1640286
      From worker 13:			num_biased_opinions: 	546486
      From worker 13:		num_both_changed: 		370905
      From worker 13:	
      From worker 13:	data processed and exported
      From worker 13:	
      From worker 13:	starting b_1.0_c_0.2_N_40_M_2_K_2_P_2_beta_0.001_u_0.001_v_0.125_p_0.5_ϵ_1.0_gens_20000000_210220-063859.202
      From worker 12:	replicate complete, ran 20000000 generations:
      From worker 12:	
      From worker 12:		num_imitating:			20000000
      From worker 12:		num_not_imitating:		0
      From worker 12:		num_strategies_changed:  	596443
      From worker 12:			num_random_strategies: 	19993
      From worker 12:		num_sets_changed: 		12762722
      From worker 12:			num_random_opinions: 	2498826
      From worker 12:			num_biased_opinions: 	0
      From worker 12:		num_both_changed: 		437599
      From worker 12:	
      From worker 15:	replicate complete, ran 20000000 generations:
      From worker 15:	
      From worker 15:		num_imitating:			10003923
      From worker 15:		num_not_imitating:		9996077
      From worker 15:		num_strategies_changed:  	147633
      From worker 15:			num_random_strategies: 	9892
      From worker 15:		num_sets_changed: 		0
      From worker 15:			num_random_opinions: 	0
      From worker 15:			num_biased_opinions: 	2796082
      From worker 15:		num_both_changed: 		0
      From worker 15:	
      From worker 12:	data processed and exported
      From worker 15:	data processed and exported
      From worker 12:	
      From worker 12:	starting b_1.0_c_0.2_N_40_M_2_K_2_P_2_beta_0.001_u_0.001_v_0.125_p_0.25_ϵ_1.0_gens_20000000_210220-063859.202
      From worker 15:	
      From worker 15:	starting b_1.0_c_0.2_N_40_M_2_K_2_P_2_beta_0.001_u_0.001_v_0.625_p_0.0_ϵ_1.0_gens_20000000_210220-063859.202
      From worker 8:	replicate complete, ran 20000000 generations:
      From worker 8:	
      From worker 8:		num_imitating:			15001045
      From worker 8:		num_not_imitating:		4998955
      From worker 8:		num_strategies_changed:  	424592
      From worker 8:			num_random_strategies: 	14870
      From worker 8:		num_sets_changed: 		3170152
      From worker 8:			num_random_opinions: 	83949
      From worker 8:			num_biased_opinions: 	84007
      From worker 8:		num_both_changed: 		146417
      From worker 8:	
      From worker 8:	data processed and exported
      From worker 8:	
      From worker 8:	starting b_1.0_c_0.2_N_40_M_2_K_2_P_2_beta_0.001_u_0.001_v_0.011180339887498947_p_0.75_ϵ_1.0_gens_20000000_210220-063859.202
      From worker 2:	replicate complete, ran 20000000 generations:
      From worker 2:	
      From worker 2:		num_imitating:			14999312
      From worker 2:		num_not_imitating:		5000688
      From worker 2:		num_strategies_changed:  	418307
      From worker 2:			num_random_strategies: 	14746
      From worker 2:		num_sets_changed: 		401103
      From worker 2:			num_random_opinions: 	7442
      From worker 2:			num_biased_opinions: 	7508
      From worker 2:		num_both_changed: 		17900
      From worker 2:	
      From worker 2:	data processed and exported
      From worker 2:	
      From worker 2:	starting b_1.0_c_0.2_N_40_M_2_K_2_P_2_beta_0.001_u_0.001_v_0.001_p_0.75_ϵ_1.0_gens_20000000_210220-063859.202
      From worker 3:	replicate complete, ran 20000000 generations:
      From worker 3:	
      From worker 3:		num_imitating:			12502464
      From worker 3:		num_not_imitating:		7497536
      From worker 3:		num_strategies_changed:  	373907
      From worker 3:			num_random_strategies: 	12458
      From worker 3:		num_sets_changed: 		315368
      From worker 3:			num_random_opinions: 	3152
      From worker 3:			num_biased_opinions: 	9309
      From worker 3:		num_both_changed: 		17197
      From worker 3:	
      From worker 3:	data processed and exported
      From worker 3:	
      From worker 3:	starting b_1.0_c_0.2_N_40_M_2_K_2_P_2_beta_0.001_u_0.001_v_0.001_p_1.0_ϵ_1.0_gens_20000000_210220-063859.202
      From worker 4:	replicate complete, ran 20000000 generations:
      From worker 4:	
      From worker 4:		num_imitating:			9999543
      From worker 4:		num_not_imitating:		10000457
      From worker 4:		num_strategies_changed:  	149170
      From worker 4:			num_random_strategies: 	9875
      From worker 4:		num_sets_changed: 		0
      From worker 4:			num_random_opinions: 	0
      From worker 4:			num_biased_opinions: 	22210
      From worker 4:		num_both_changed: 		0
      From worker 4:	
      From worker 4:	data processed and exported
      From worker 4:	
      From worker 4:	starting b_1.0_c_0.2_N_40_M_2_K_2_P_2_beta_0.001_u_0.001_v_0.0022360679774997894_p_0.0_ϵ_1.0_gens_20000000_210220-063859.202
      From worker 9:	replicate complete, ran 20000000 generations:
      From worker 9:	
      From worker 9:		num_imitating:			12498409
      From worker 9:		num_not_imitating:		7501591
      From worker 9:		num_strategies_changed:  	340986
      From worker 9:			num_random_strategies: 	12432
      From worker 9:		num_sets_changed: 		3769251
      From worker 9:			num_random_opinions: 	77981
      From worker 9:			num_biased_opinions: 	234998
      From worker 9:		num_both_changed: 		162776
      From worker 9:	
      From worker 9:	data processed and exported
      From worker 9:	
      From worker 9:	starting b_1.0_c_0.2_N_40_M_2_K_2_P_2_beta_0.001_u_0.001_v_0.025_p_1.0_ϵ_1.0_gens_20000000_210220-063859.202
      From worker 7:	replicate complete, ran 20000000 generations:
      From worker 7:	
      From worker 7:		num_imitating:			17500292
      From worker 7:		num_not_imitating:		2499708
      From worker 7:		num_strategies_changed:  	514622
      From worker 7:			num_random_strategies: 	17422
      From worker 7:		num_sets_changed: 		4080567
      From worker 7:			num_random_opinions: 	146579
      From worker 7:			num_biased_opinions: 	49032
      From worker 7:		num_both_changed: 		199487
      From worker 7:	
      From worker 7:	data processed and exported
      From worker 7:	
      From worker 7:	starting b_1.0_c_0.2_N_40_M_2_K_2_P_2_beta_0.001_u_0.001_v_0.011180339887498947_p_0.5_ϵ_1.0_gens_20000000_210220-063859.202
      From worker 5:	replicate complete, ran 20000000 generations:
      From worker 5:	
      From worker 5:		num_imitating:			20000000
      From worker 5:		num_not_imitating:		0
      From worker 5:		num_strategies_changed:  	560649
      From worker 5:			num_random_strategies: 	19882
      From worker 5:		num_sets_changed: 		2524661
      From worker 5:			num_random_opinions: 	99998
      From worker 5:			num_biased_opinions: 	0
      From worker 5:		num_both_changed: 		123300
      From worker 5:	
      From worker 5:	data processed and exported
      From worker 5:	
      From worker 5:	starting b_1.0_c_0.2_N_40_M_2_K_2_P_2_beta_0.001_u_0.001_v_0.005_p_0.25_ϵ_1.0_gens_20000000_210220-063859.202
      From worker 11:	replicate complete, ran 20000000 generations:
      From worker 11:	
      From worker 11:		num_imitating:			20000000
      From worker 11:		num_not_imitating:		0
      From worker 11:		num_strategies_changed:  	561970
      From worker 11:			num_random_strategies: 	20141
      From worker 11:		num_sets_changed: 		10499483
      From worker 11:			num_random_opinions: 	1119090
      From worker 11:			num_biased_opinions: 	0
      From worker 11:		num_both_changed: 		379888
      From worker 11:	
      From worker 11:	data processed and exported
      From worker 11:	
      From worker 11:	starting b_1.0_c_0.2_N_40_M_2_K_2_P_2_beta_0.001_u_0.001_v_0.055901699437494755_p_0.25_ϵ_1.0_gens_20000000_210220-063859.202
      From worker 6:	replicate complete, ran 20000000 generations:
      From worker 6:	
      From worker 6:		num_imitating:			17499888
      From worker 6:		num_not_imitating:		2500112
      From worker 6:		num_strategies_changed:  	506297
      From worker 6:			num_random_strategies: 	17660
      From worker 6:		num_sets_changed: 		2233934
      From worker 6:			num_random_opinions: 	65813
      From worker 6:			num_biased_opinions: 	21787
      From worker 6:		num_both_changed: 		114999
      From worker 6:	
      From worker 6:	data processed and exported
      From worker 6:	
      From worker 6:	starting b_1.0_c_0.2_N_40_M_2_K_2_P_2_beta_0.001_u_0.001_v_0.005_p_0.5_ϵ_1.0_gens_20000000_210220-063859.202
      From worker 2:	replicate complete, ran 20000000 generations:
      From worker 2:	
      From worker 2:		num_imitating:			12501880
      From worker 2:		num_not_imitating:		7498120
      From worker 2:		num_strategies_changed:  	363852
      From worker 2:			num_random_strategies: 	12529
      From worker 2:		num_sets_changed: 		307907
      From worker 2:			num_random_opinions: 	3087
      From worker 2:			num_biased_opinions: 	9424
      From worker 2:		num_both_changed: 		16304
      From worker 2:	
      From worker 2:	data processed and exported
      From worker 2:	
      From worker 2:	starting b_1.0_c_0.2_N_40_M_2_K_2_P_2_beta_0.001_u_0.001_v_0.001_p_1.0_ϵ_1.0_gens_20000000_210220-063859.202
      From worker 3:	replicate complete, ran 20000000 generations:
      From worker 3:	
      From worker 3:		num_imitating:			9999185
      From worker 3:		num_not_imitating:		10000815
      From worker 3:		num_strategies_changed:  	144120
      From worker 3:			num_random_strategies: 	9872
      From worker 3:		num_sets_changed: 		0
      From worker 3:			num_random_opinions: 	0
      From worker 3:			num_biased_opinions: 	10090
      From worker 3:		num_both_changed: 		0
      From worker 3:	
      From worker 3:	data processed and exported
      From worker 3:	
      From worker 3:	starting b_1.0_c_0.2_N_40_M_2_K_2_P_2_beta_0.001_u_0.001_v_0.0022360679774997894_p_0.0_ϵ_1.0_gens_20000000_210220-063859.202
      From worker 9:	replicate complete, ran 20000000 generations:
      From worker 9:	
      From worker 9:		num_imitating:			9999747
      From worker 9:		num_not_imitating:		10000253
      From worker 9:		num_strategies_changed:  	148362
      From worker 9:			num_random_strategies: 	10024
      From worker 9:		num_sets_changed: 		0
      From worker 9:			num_random_opinions: 	0
      From worker 9:			num_biased_opinions: 	249978
      From worker 9:		num_both_changed: 		0
      From worker 9:	
      From worker 9:	data processed and exported
      From worker 9:	
      From worker 9:	starting b_1.0_c_0.2_N_40_M_2_K_2_P_2_beta_0.001_u_0.001_v_0.025_p_0.0_ϵ_1.0_gens_20000000_210220-063859.202
      From worker 8:	replicate complete, ran 20000000 generations:
      From worker 8:	
      From worker 8:		num_imitating:			12499023
      From worker 8:		num_not_imitating:		7500977
      From worker 8:		num_strategies_changed:  	358472
      From worker 8:			num_random_strategies: 	12335
      From worker 8:		num_sets_changed: 		2352122
      From worker 8:			num_random_opinions: 	34752
      From worker 8:			num_biased_opinions: 	105076
      From worker 8:		num_both_changed: 		114943
      From worker 8:	
      From worker 8:	data processed and exported
      From worker 8:	
      From worker 8:	starting b_1.0_c_0.2_N_40_M_2_K_2_P_2_beta_0.001_u_0.001_v_0.011180339887498947_p_1.0_ϵ_1.0_gens_20000000_210220-063859.202
      From worker 16:	replicate complete, ran 20000000 generations:
      From worker 16:	
      From worker 16:		num_imitating:			20000000
      From worker 16:		num_not_imitating:		0
      From worker 16:		num_strategies_changed:  	557527
      From worker 16:			num_random_strategies: 	20159
      From worker 16:		num_sets_changed: 		14778033
      From worker 16:			num_random_opinions: 	12499145
      From worker 16:			num_biased_opinions: 	0
      From worker 16:		num_both_changed: 		418061
      From worker 16:	
      From worker 16:	data processed and exported
      From worker 16:	
      From worker 16:	starting b_1.0_c_0.2_N_40_M_2_K_2_P_2_beta_0.001_u_0.001_v_0.625_p_0.25_ϵ_1.0_gens_20000000_210220-063859.202
      From worker 14:	replicate complete, ran 20000000 generations:
      From worker 14:	
      From worker 14:		num_imitating:			12499954
      From worker 14:		num_not_imitating:		7500046
      From worker 14:		num_strategies_changed:  	327680
      From worker 14:			num_random_strategies: 	12516
      From worker 14:		num_sets_changed: 		6242912
      From worker 14:			num_random_opinions: 	874530
      From worker 14:			num_biased_opinions: 	2619265
      From worker 14:		num_both_changed: 		178787
      From worker 14:	
      From worker 14:	data processed and exported
      From worker 14:	
      From worker 14:	starting b_1.0_c_0.2_N_40_M_2_K_2_P_2_beta_0.001_u_0.001_v_0.2795084971874737_p_1.0_ϵ_1.0_gens_20000000_210220-063859.202
      From worker 4:	replicate complete, ran 20000000 generations:
      From worker 4:	
      From worker 4:		num_imitating:			20000000
      From worker 4:		num_not_imitating:		0
      From worker 4:		num_strategies_changed:  	557277
      From worker 4:			num_random_strategies: 	20018
      From worker 4:		num_sets_changed: 		1244399
      From worker 4:			num_random_opinions: 	44707
      From worker 4:			num_biased_opinions: 	0
      From worker 4:		num_both_changed: 		62676
      From worker 4:	
      From worker 4:	data processed and exported
      From worker 4:	
      From worker 4:	starting b_1.0_c_0.2_N_40_M_2_K_2_P_2_beta_0.001_u_0.001_v_0.0022360679774997894_p_0.25_ϵ_1.0_gens_20000000_210220-063859.202
      From worker 5:	replicate complete, ran 20000000 generations:
      From worker 5:	
      From worker 5:		num_imitating:			17501226
      From worker 5:		num_not_imitating:		2498774
      From worker 5:		num_strategies_changed:  	521681
      From worker 5:			num_random_strategies: 	17362
      From worker 5:		num_sets_changed: 		2237825
      From worker 5:			num_random_opinions: 	65727
      From worker 5:			num_biased_opinions: 	21918
      From worker 5:		num_both_changed: 		114377
      From worker 5:	
      From worker 5:	data processed and exported
      From worker 7:	replicate complete, ran 20000000 generations:
      From worker 7:	
      From worker 7:		num_imitating:			14995200
      From worker 7:		num_not_imitating:		5004800
      From worker 7:		num_strategies_changed:  	427384
      From worker 7:			num_random_strategies: 	14973
      From worker 7:		num_sets_changed: 		3263382
      From worker 7:			num_random_opinions: 	83684
      From worker 7:			num_biased_opinions: 	84016
      From worker 7:		num_both_changed: 		149552
      From worker 7:	
      From worker 5:	
      From worker 5:	starting b_1.0_c_0.2_N_40_M_2_K_2_P_2_beta_0.001_u_0.001_v_0.005_p_0.5_ϵ_1.0_gens_20000000_210220-063859.202
      From worker 7:	data processed and exported
      From worker 7:	
      From worker 7:	starting b_1.0_c_0.2_N_40_M_2_K_2_P_2_beta_0.001_u_0.001_v_0.011180339887498947_p_0.75_ϵ_1.0_gens_20000000_210220-063859.202
      From worker 6:	replicate complete, ran 20000000 generations:
      From worker 6:	
      From worker 6:		num_imitating:			15000499
      From worker 6:		num_not_imitating:		4999501
      From worker 6:		num_strategies_changed:  	426263
      From worker 6:			num_random_strategies: 	15088
      From worker 6:		num_sets_changed: 		1738812
      From worker 6:			num_random_opinions: 	37210
      From worker 6:			num_biased_opinions: 	37404
      From worker 6:		num_both_changed: 		87505
      From worker 6:	
      From worker 6:	data processed and exported
      From worker 6:	
      From worker 6:	starting b_1.0_c_0.2_N_40_M_2_K_2_P_2_beta_0.001_u_0.001_v_0.005_p_0.75_ϵ_1.0_gens_20000000_210220-063859.202
      From worker 13:	replicate complete, ran 20000000 generations:
      From worker 13:	
      From worker 13:		num_imitating:			14999893
      From worker 13:		num_not_imitating:		5000107
      From worker 13:		num_strategies_changed:  	415165
      From worker 13:			num_random_strategies: 	15103
      From worker 13:		num_sets_changed: 		8635700
      From worker 13:			num_random_opinions: 	936624
      From worker 13:			num_biased_opinions: 	937534
      From worker 13:		num_both_changed: 		275289
      From worker 13:	
      From worker 13:	data processed and exported
      From worker 13:	
      From worker 13:	starting b_1.0_c_0.2_N_40_M_2_K_2_P_2_beta_0.001_u_0.001_v_0.125_p_0.75_ϵ_1.0_gens_20000000_210220-063859.202
      From worker 10:	replicate complete, ran 20000000 generations:
      From worker 10:	
      From worker 10:		num_imitating:			20000000
      From worker 10:		num_not_imitating:		0
      From worker 10:		num_strategies_changed:  	594479
      From worker 10:			num_random_strategies: 	19915
      From worker 10:		num_sets_changed: 		10546622
      From worker 10:			num_random_opinions: 	1117269
      From worker 10:			num_biased_opinions: 	0
      From worker 10:		num_both_changed: 		400871
      From worker 10:	
      From worker 10:	data processed and exported
      From worker 10:	
      From worker 10:	starting b_1.0_c_0.2_N_40_M_2_K_2_P_2_beta_0.001_u_0.001_v_0.055901699437494755_p_0.25_ϵ_1.0_gens_20000000_210220-063859.202
      From worker 2:	replicate complete, ran 20000000 generations:
      From worker 2:	
      From worker 2:		num_imitating:			10000809
      From worker 2:		num_not_imitating:		9999191
      From worker 2:		num_strategies_changed:  	146007
      From worker 2:			num_random_strategies: 	10098
      From worker 2:		num_sets_changed: 		0
      From worker 2:			num_random_opinions: 	0
      From worker 2:			num_biased_opinions: 	9935
      From worker 2:		num_both_changed: 		0
      From worker 2:	
      From worker 2:	data processed and exported
      From worker 2:	
      From worker 2:	starting b_1.0_c_0.2_N_40_M_2_K_2_P_2_beta_0.001_u_0.001_v_0.001_p_0.0_ϵ_1.0_gens_20000000_210220-063859.202
      From worker 8:	replicate complete, ran 20000000 generations:
      From worker 8:	
      From worker 8:		num_imitating:			10003177
      From worker 8:		num_not_imitating:		9996823
      From worker 8:		num_strategies_changed:  	144462
      From worker 8:			num_random_strategies: 	9849
      From worker 8:		num_sets_changed: 		0
      From worker 8:			num_random_opinions: 	0
      From worker 8:			num_biased_opinions: 	112194
      From worker 8:		num_both_changed: 		0
      From worker 8:	
      From worker 8:	data processed and exported
      From worker 8:	
      From worker 8:	starting b_1.0_c_0.2_N_40_M_2_K_2_P_2_beta_0.001_u_0.001_v_0.025_p_0.0_ϵ_1.0_gens_20000000_210220-063859.202
      From worker 3:	replicate complete, ran 20000000 generations:
      From worker 3:	
      From worker 3:		num_imitating:			20000000
      From worker 3:		num_not_imitating:		0
      From worker 3:		num_strategies_changed:  	565595
      From worker 3:			num_random_strategies: 	20115
      From worker 3:		num_sets_changed: 		1258706
      From worker 3:			num_random_opinions: 	44353
      From worker 3:			num_biased_opinions: 	0
      From worker 3:		num_both_changed: 		61448
      From worker 3:	
      From worker 3:	data processed and exported
      From worker 3:	
      From worker 3:	starting b_1.0_c_0.2_N_40_M_2_K_2_P_2_beta_0.001_u_0.001_v_0.0022360679774997894_p_0.25_ϵ_1.0_gens_20000000_210220-063859.202
      From worker 14:	replicate complete, ran 20000000 generations:
      From worker 14:	
      From worker 14:		num_imitating:			9996346
      From worker 14:		num_not_imitating:		10003654
      From worker 14:		num_strategies_changed:  	144426
      From worker 14:			num_random_strategies: 	9936
      From worker 14:		num_sets_changed: 		0
      From worker 14:			num_random_opinions: 	0
      From worker 14:			num_biased_opinions: 	2793239
      From worker 14:		num_both_changed: 		0
      From worker 14:	
      From worker 14:	data processed and exported
      From worker 14:	
      From worker 14:	starting b_1.0_c_0.2_N_40_M_2_K_2_P_2_beta_0.001_u_0.001_v_0.2795084971874737_p_0.0_ϵ_1.0_gens_20000000_210220-063859.202
      From worker 4:	replicate complete, ran 20000000 generations:
      From worker 4:	
      From worker 4:		num_imitating:			17499794
      From worker 4:		num_not_imitating:		2500206
      From worker 4:		num_strategies_changed:  	517865
      From worker 4:			num_random_strategies: 	17355
      From worker 4:		num_sets_changed: 		1059831
      From worker 4:			num_random_opinions: 	29547
      From worker 4:			num_biased_opinions: 	9488
      From worker 4:		num_both_changed: 		56385
      From worker 4:	
      From worker 4:	data processed and exported
      From worker 4:	
      From worker 4:	starting b_1.0_c_0.2_N_40_M_2_K_2_P_2_beta_0.001_u_0.001_v_0.0022360679774997894_p_0.5_ϵ_1.0_gens_20000000_210220-063859.202
      From worker 12:	replicate complete, ran 20000000 generations:
      From worker 12:	
      From worker 12:		num_imitating:			17498804
      From worker 12:		num_not_imitating:		2501196
      From worker 12:		num_strategies_changed:  	505715
      From worker 12:			num_random_strategies: 	17312
      From worker 12:		num_sets_changed: 		10878341
      From worker 12:			num_random_opinions: 	1639322
      From worker 12:			num_biased_opinions: 	546434
      From worker 12:		num_both_changed: 		362444
      From worker 12:	
      From worker 12:	data processed and exported
      From worker 12:	
      From worker 12:	starting b_1.0_c_0.2_N_40_M_2_K_2_P_2_beta_0.001_u_0.001_v_0.125_p_0.5_ϵ_1.0_gens_20000000_210220-063859.202
      From worker 11:	replicate complete, ran 20000000 generations:
      From worker 11:	
      From worker 11:		num_imitating:			17499113
      From worker 11:		num_not_imitating:		2500887
      From worker 11:		num_strategies_changed:  	499789
      From worker 11:			num_random_strategies: 	17445
      From worker 11:		num_sets_changed: 		8996043
      From worker 11:			num_random_opinions: 	733071
      From worker 11:			num_biased_opinions: 	245206
      From worker 11:		num_both_changed: 		331073
      From worker 11:	
      From worker 11:	data processed and exported
      From worker 11:	
      From worker 11:	starting b_1.0_c_0.2_N_40_M_2_K_2_P_2_beta_0.001_u_0.001_v_0.055901699437494755_p_0.5_ϵ_1.0_gens_20000000_210220-063859.202
      From worker 5:	replicate complete, ran 20000000 generations:
      From worker 5:	
      From worker 5:		num_imitating:			15000224
      From worker 5:		num_not_imitating:		4999776
      From worker 5:		num_strategies_changed:  	437606
      From worker 5:			num_random_strategies: 	14909
      From worker 5:		num_sets_changed: 		1739377
      From worker 5:			num_random_opinions: 	37461
      From worker 5:			num_biased_opinions: 	37833
      From worker 5:		num_both_changed: 		92635
      From worker 5:	
      From worker 5:	data processed and exported
      From worker 5:	
      From worker 5:	starting b_1.0_c_0.2_N_40_M_2_K_2_P_2_beta_0.001_u_0.001_v_0.005_p_0.75_ϵ_1.0_gens_20000000_210220-063859.202
      From worker 7:	replicate complete, ran 20000000 generations:
      From worker 7:	
      From worker 7:		num_imitating:			12500529
      From worker 7:		num_not_imitating:		7499471
      From worker 7:		num_strategies_changed:  	352350
      From worker 7:			num_random_strategies: 	12453
      From worker 7:		num_sets_changed: 		2370035
      From worker 7:			num_random_opinions: 	35365
      From worker 7:			num_biased_opinions: 	105124
      From worker 7:		num_both_changed: 		115581
      From worker 7:	
      From worker 7:	data processed and exported
      From worker 7:	
      From worker 7:	starting b_1.0_c_0.2_N_40_M_2_K_2_P_2_beta_0.001_u_0.001_v_0.011180339887498947_p_1.0_ϵ_1.0_gens_20000000_210220-063859.202
      From worker 15:	replicate complete, ran 20000000 generations:
      From worker 15:	
      From worker 15:		num_imitating:			20000000
      From worker 15:		num_not_imitating:		0
      From worker 15:		num_strategies_changed:  	570087
      From worker 15:			num_random_strategies: 	19881
      From worker 15:		num_sets_changed: 		14782235
      From worker 15:			num_random_opinions: 	12503635
      From worker 15:			num_biased_opinions: 	0
      From worker 15:		num_both_changed: 		427456
      From worker 15:	
      From worker 2:	replicate complete, ran 20000000 generations:
      From worker 2:	
      From worker 2:		num_imitating:			20000000
      From worker 2:		num_not_imitating:		0
      From worker 2:		num_strategies_changed:  	556161
      From worker 2:			num_random_strategies: 	19608
      From worker 2:		num_sets_changed: 		585088
      From worker 2:			num_random_opinions: 	20031
      From worker 2:			num_biased_opinions: 	0
      From worker 2:		num_both_changed: 		28246
      From worker 2:	
      From worker 15:	data processed and exported
      From worker 15:	
      From worker 15:	starting b_1.0_c_0.2_N_40_M_2_K_2_P_2_beta_0.001_u_0.001_v_0.625_p_0.25_ϵ_1.0_gens_20000000_210220-063859.202
      From worker 2:	data processed and exported
      From worker 6:	replicate complete, ran 20000000 generations:
      From worker 6:	
      From worker 6:		num_imitating:			12499066
      From worker 6:		num_not_imitating:		7500934
      From worker 6:		num_strategies_changed:  	334198
      From worker 6:			num_random_strategies: 	12336
      From worker 6:		num_sets_changed: 		1285093
      From worker 6:			num_random_opinions: 	15587
      From worker 6:			num_biased_opinions: 	47004
      From worker 6:		num_both_changed: 		62209
      From worker 6:	
      From worker 6:	data processed and exported
      From worker 6:	
      From worker 6:	starting b_1.0_c_0.2_N_40_M_2_K_2_P_2_beta_0.001_u_0.001_v_0.005_p_1.0_ϵ_1.0_gens_20000000_210220-063859.202
      From worker 9:	replicate complete, ran 20000000 generations:
      From worker 9:	
      From worker 9:		num_imitating:			20000000
      From worker 9:		num_not_imitating:		0
      From worker 9:		num_strategies_changed:  	591588
      From worker 9:			num_random_strategies: 	20360
      From worker 9:		num_sets_changed: 		7539896
      From worker 9:			num_random_opinions: 	498832
      From worker 9:			num_biased_opinions: 	0
      From worker 9:		num_both_changed: 		323224
      From worker 9:	
      From worker 9:	data processed and exported
      From worker 9:	
      From worker 9:	starting b_1.0_c_0.2_N_40_M_2_K_2_P_2_beta_0.001_u_0.001_v_0.025_p_0.25_ϵ_1.0_gens_20000000_210220-063859.202
      From worker 3:	replicate complete, ran 20000000 generations:
      From worker 3:	
      From worker 3:		num_imitating:			17500543
      From worker 3:		num_not_imitating:		2499457
      From worker 3:		num_strategies_changed:  	494992
      From worker 3:			num_random_strategies: 	17337
      From worker 3:		num_sets_changed: 		1065631
      From worker 3:			num_random_opinions: 	28897
      From worker 3:			num_biased_opinions: 	9869
      From worker 3:		num_both_changed: 		55639
      From worker 3:	
      From worker 3:	data processed and exported
      From worker 4:	replicate complete, ran 20000000 generations:
      From worker 4:	
      From worker 4:		num_imitating:			14996867
      From worker 4:		num_not_imitating:		5003133
      From worker 4:		num_strategies_changed:  	422487
      From worker 4:			num_random_strategies: 	14997
      From worker 4:		num_sets_changed: 		884074
      From worker 4:			num_random_opinions: 	16794
      From worker 4:			num_biased_opinions: 	17038
      From worker 4:		num_both_changed: 		48863
      From worker 4:	
      From worker 4:	data processed and exported
      From worker 13:	replicate complete, ran 20000000 generations:
      From worker 13:	
      From worker 13:		num_imitating:			12501125
      From worker 13:		num_not_imitating:		7498875
      From worker 13:		num_strategies_changed:  	358091
      From worker 13:			num_random_strategies: 	12267
      From worker 13:		num_sets_changed: 		6124712
      From worker 13:			num_random_opinions: 	390636
      From worker 13:			num_biased_opinions: 	1172985
      From worker 13:		num_both_changed: 		208003
      From worker 13:	
      From worker 13:	data processed and exported
      From worker 13:	
      From worker 13:	starting b_1.0_c_0.2_N_40_M_2_K_2_P_2_beta_0.001_u_0.001_v_0.125_p_1.0_ϵ_1.0_gens_20000000_210220-063859.202
      From worker 7:	replicate complete, ran 20000000 generations:
      From worker 7:	
      From worker 7:		num_imitating:			10002103
      From worker 7:		num_not_imitating:		9997897
      From worker 7:		num_strategies_changed:  	146230
      From worker 7:			num_random_strategies: 	10018
      From worker 7:		num_sets_changed: 		0
      From worker 7:			num_random_opinions: 	0
      From worker 7:			num_biased_opinions: 	111772
      From worker 7:		num_both_changed: 		0
      From worker 7:	
      From worker 7:	data processed and exported
      From worker 7:	
      From worker 7:	starting b_1.0_c_0.2_N_40_M_2_K_2_P_2_beta_0.001_u_0.001_v_0.011180339887498947_p_0.0_ϵ_1.0_gens_20000000_210220-063859.202
      From worker 6:	replicate complete, ran 20000000 generations:
      From worker 6:	
      From worker 6:		num_imitating:			10001861
      From worker 6:		num_not_imitating:		9998139
      From worker 6:		num_strategies_changed:  	146786
      From worker 6:			num_random_strategies: 	10082
      From worker 6:		num_sets_changed: 		0
      From worker 6:			num_random_opinions: 	0
      From worker 6:			num_biased_opinions: 	50278
      From worker 6:		num_both_changed: 		0
      From worker 6:	
      From worker 6:	data processed and exported
      From worker 5:	replicate complete, ran 20000000 generations:
      From worker 5:	
      From worker 5:		num_imitating:			12500728
      From worker 5:		num_not_imitating:		7499272
      From worker 5:		num_strategies_changed:  	369706
      From worker 5:			num_random_strategies: 	12526
      From worker 5:		num_sets_changed: 		1296711
      From worker 5:			num_random_opinions: 	15686
      From worker 5:			num_biased_opinions: 	46909
      From worker 5:		num_both_changed: 		78145
      From worker 5:	
      From worker 5:	data processed and exported
      From worker 16:	replicate complete, ran 20000000 generations:
      From worker 16:	
      From worker 16:		num_imitating:			17501275
      From worker 16:		num_not_imitating:		2498725
      From worker 16:		num_strategies_changed:  	474431
      From worker 16:			num_random_strategies: 	17612
      From worker 16:		num_sets_changed: 		12412422
      From worker 16:			num_random_opinions: 	8204325
      From worker 16:			num_biased_opinions: 	2733068
      From worker 16:		num_both_changed: 		341816
      From worker 16:	
      From worker 16:	data processed and exported
      From worker 16:	
      From worker 16:	starting b_1.0_c_0.2_N_40_M_2_K_2_P_2_beta_0.001_u_0.001_v_0.625_p_0.5_ϵ_1.0_gens_20000000_210220-063859.202
      From worker 10:	replicate complete, ran 20000000 generations:
      From worker 10:	
      From worker 10:		num_imitating:			17501064
      From worker 10:		num_not_imitating:		2498936
      From worker 10:		num_strategies_changed:  	492988
      From worker 10:			num_random_strategies: 	17365
      From worker 10:		num_sets_changed: 		9010462
      From worker 10:			num_random_opinions: 	733279
      From worker 10:			num_biased_opinions: 	244320
      From worker 10:		num_both_changed: 		322977
      From worker 10:	
      From worker 10:	data processed and exported
      From worker 10:	
      From worker 10:	starting b_1.0_c_0.2_N_40_M_2_K_2_P_2_beta_0.001_u_0.001_v_0.055901699437494755_p_0.5_ϵ_1.0_gens_20000000_210220-063859.202
      From worker 8:	replicate complete, ran 20000000 generations:
      From worker 8:	
      From worker 8:		num_imitating:			20000000
      From worker 8:		num_not_imitating:		0
      From worker 8:		num_strategies_changed:  	561153
      From worker 8:			num_random_strategies: 	20274
      From worker 8:		num_sets_changed: 		7557235
      From worker 8:			num_random_opinions: 	498660
      From worker 8:			num_biased_opinions: 	0
      From worker 8:		num_both_changed: 		308000
      From worker 8:	
      From worker 8:	data processed and exported
      From worker 8:	
      From worker 8:	starting b_1.0_c_0.2_N_40_M_2_K_2_P_2_beta_0.001_u_0.001_v_0.025_p_0.25_ϵ_1.0_gens_20000000_210220-063859.202
      From worker 12:	replicate complete, ran 20000000 generations:
      From worker 12:	
      From worker 12:		num_imitating:			14998642
      From worker 12:		num_not_imitating:		5001358
      From worker 12:		num_strategies_changed:  	427120
      From worker 12:			num_random_strategies: 	14861
      From worker 12:		num_sets_changed: 		8655238
      From worker 12:			num_random_opinions: 	939070
      From worker 12:			num_biased_opinions: 	935612
      From worker 12:		num_both_changed: 		285030
      From worker 12:	
      From worker 12:	data processed and exported
      From worker 12:	
      From worker 12:	starting b_1.0_c_0.2_N_40_M_2_K_2_P_2_beta_0.001_u_0.001_v_0.125_p_0.75_ϵ_1.0_gens_20000000_210220-063859.202
      From worker 13:	replicate complete, ran 20000000 generations:
      From worker 13:	
      From worker 13:		num_imitating:			9998879
      From worker 13:		num_not_imitating:		10001121
      From worker 13:		num_strategies_changed:  	148733
      From worker 13:			num_random_strategies: 	9954
      From worker 13:		num_sets_changed: 		0
      From worker 13:			num_random_opinions: 	0
      From worker 13:			num_biased_opinions: 	1249312
      From worker 13:		num_both_changed: 		0
      From worker 13:	
      From worker 13:	data processed and exported
      From worker 13:	
      From worker 13:	starting b_1.0_c_0.2_N_40_M_2_K_2_P_2_beta_0.001_u_0.001_v_0.2795084971874737_p_0.0_ϵ_1.0_gens_20000000_210220-063859.202
      From worker 11:	replicate complete, ran 20000000 generations:
      From worker 11:	
      From worker 11:		num_imitating:			15000118
      From worker 11:		num_not_imitating:		4999882
      From worker 11:		num_strategies_changed:  	396998
      From worker 11:			num_random_strategies: 	14983
      From worker 11:		num_sets_changed: 		7160592
      From worker 11:			num_random_opinions: 	419333
      From worker 11:			num_biased_opinions: 	419129
      From worker 11:		num_both_changed: 		243449
      From worker 11:	
      From worker 11:	data processed and exported
      From worker 11:	
      From worker 11:	starting b_1.0_c_0.2_N_40_M_2_K_2_P_2_beta_0.001_u_0.001_v_0.055901699437494755_p_0.75_ϵ_1.0_gens_20000000_210220-063859.202
      From worker 9:	replicate complete, ran 20000000 generations:
      From worker 9:	
      From worker 9:		num_imitating:			17498885
      From worker 9:		num_not_imitating:		2501115
      From worker 9:		num_strategies_changed:  	509900
      From worker 9:			num_random_strategies: 	17519
      From worker 9:		num_sets_changed: 		6430583
      From worker 9:			num_random_opinions: 	327291
      From worker 9:			num_biased_opinions: 	108740
      From worker 9:		num_both_changed: 		280709
      From worker 9:	
      From worker 9:	data processed and exported
      From worker 9:	
      From worker 9:	starting b_1.0_c_0.2_N_40_M_2_K_2_P_2_beta_0.001_u_0.001_v_0.025_p_0.5_ϵ_1.0_gens_20000000_210220-063859.202
      From worker 14:	replicate complete, ran 20000000 generations:
      From worker 14:	
      From worker 14:		num_imitating:			20000000
      From worker 14:		num_not_imitating:		0
      From worker 14:		num_strategies_changed:  	582782
      From worker 14:			num_random_strategies: 	19915
      From worker 14:		num_sets_changed: 		14088691
      From worker 14:			num_random_opinions: 	5590373
      From worker 14:			num_biased_opinions: 	0
      From worker 14:		num_both_changed: 		435077
      From worker 14:	
      From worker 14:	data processed and exported
      From worker 14:	
      From worker 14:	starting b_1.0_c_0.2_N_40_M_2_K_2_P_2_beta_0.001_u_0.001_v_0.2795084971874737_p_0.25_ϵ_1.0_gens_20000000_210220-063859.202
      From worker 7:	replicate complete, ran 20000000 generations:
      From worker 7:	
      From worker 7:		num_imitating:			20000000
      From worker 7:		num_not_imitating:		0
      From worker 7:		num_strategies_changed:  	575301
      From worker 7:			num_random_strategies: 	20160
      From worker 7:		num_sets_changed: 		4749573
      From worker 7:			num_random_opinions: 	223947
      From worker 7:			num_biased_opinions: 	0
      From worker 7:		num_both_changed: 		231026
      From worker 7:	
      From worker 7:	data processed and exported
      From worker 15:	replicate complete, ran 20000000 generations:
      From worker 15:	
      From worker 15:		num_imitating:			17502737
      From worker 15:		num_not_imitating:		2497263
      From worker 15:		num_strategies_changed:  	479944
      From worker 15:			num_random_strategies: 	17183
      From worker 15:		num_sets_changed: 		12408204
      From worker 15:			num_random_opinions: 	8205205
      From worker 15:			num_biased_opinions: 	2733425
      From worker 15:		num_both_changed: 		345309
      From worker 15:	
      From worker 15:	data processed and exported
      From worker 15:	
      From worker 15:	starting b_1.0_c_0.2_N_40_M_2_K_2_P_2_beta_0.001_u_0.001_v_0.625_p_0.5_ϵ_1.0_gens_20000000_210220-063859.202
      From worker 8:	replicate complete, ran 20000000 generations:
      From worker 8:	
      From worker 8:		num_imitating:			17500127
      From worker 8:		num_not_imitating:		2499873
      From worker 8:		num_strategies_changed:  	461644
      From worker 8:			num_random_strategies: 	17444
      From worker 8:		num_sets_changed: 		6406548
      From worker 8:			num_random_opinions: 	328184
      From worker 8:			num_biased_opinions: 	109993
      From worker 8:		num_both_changed: 		245105
      From worker 8:	
      From worker 8:	data processed and exported
      From worker 10:	replicate complete, ran 20000000 generations:
      From worker 10:	
      From worker 10:		num_imitating:			14999763
      From worker 10:		num_not_imitating:		5000237
      From worker 10:		num_strategies_changed:  	426027
      From worker 10:			num_random_strategies: 	14981
      From worker 10:		num_sets_changed: 		7150419
      From worker 10:			num_random_opinions: 	418218
      From worker 10:			num_biased_opinions: 	419905
      From worker 10:		num_both_changed: 		265546
      From worker 10:	
      From worker 10:	data processed and exported
      From worker 10:	
      From worker 10:	starting b_1.0_c_0.2_N_40_M_2_K_2_P_2_beta_0.001_u_0.001_v_0.055901699437494755_p_0.75_ϵ_1.0_gens_20000000_210220-063859.202
      From worker 11:	replicate complete, ran 20000000 generations:
      From worker 11:	
      From worker 11:		num_imitating:			12498172
      From worker 11:		num_not_imitating:		7501828
      From worker 11:		num_strategies_changed:  	340213
      From worker 11:			num_random_strategies: 	12411
      From worker 11:		num_sets_changed: 		5176061
      From worker 11:			num_random_opinions: 	174723
      From worker 11:			num_biased_opinions: 	523838
      From worker 11:		num_both_changed: 		185979
      From worker 11:	
      From worker 11:	data processed and exported
      From worker 11:	
      From worker 11:	starting b_1.0_c_0.2_N_40_M_2_K_2_P_2_beta_0.001_u_0.001_v_0.055901699437494755_p_1.0_ϵ_1.0_gens_20000000_210220-063859.202
      From worker 16:	replicate complete, ran 20000000 generations:
      From worker 16:	
      From worker 16:		num_imitating:			14999320
      From worker 16:		num_not_imitating:		5000680
      From worker 16:		num_strategies_changed:  	445189
      From worker 16:			num_random_strategies: 	15151
      From worker 16:		num_sets_changed: 		9186022
      From worker 16:			num_random_opinions: 	4687136
      From worker 16:			num_biased_opinions: 	4687913
      From worker 16:		num_both_changed: 		278066
      From worker 16:	
      From worker 16:	data processed and exported
      From worker 16:	
      From worker 16:	starting b_1.0_c_0.2_N_40_M_2_K_2_P_2_beta_0.001_u_0.001_v_0.625_p_0.75_ϵ_1.0_gens_20000000_210220-063859.202
      From worker 12:	replicate complete, ran 20000000 generations:
      From worker 12:	
      From worker 12:		num_imitating:			12502786
      From worker 12:		num_not_imitating:		7497214
      From worker 12:		num_strategies_changed:  	355470
      From worker 12:			num_random_strategies: 	12466
      From worker 12:		num_sets_changed: 		6123336
      From worker 12:			num_random_opinions: 	390359
      From worker 12:			num_biased_opinions: 	1172237
      From worker 12:		num_both_changed: 		207763
      From worker 12:	
      From worker 12:	data processed and exported
      From worker 12:	
      From worker 12:	starting b_1.0_c_0.2_N_40_M_2_K_2_P_2_beta_0.001_u_0.001_v_0.125_p_1.0_ϵ_1.0_gens_20000000_210220-063859.202
      From worker 9:	replicate complete, ran 20000000 generations:
      From worker 9:	
      From worker 9:		num_imitating:			15001997
      From worker 9:		num_not_imitating:		4998003
      From worker 9:		num_strategies_changed:  	434940
      From worker 9:			num_random_strategies: 	15034
      From worker 9:		num_sets_changed: 		5136886
      From worker 9:			num_random_opinions: 	187155
      From worker 9:			num_biased_opinions: 	187805
      From worker 9:		num_both_changed: 		223091
      From worker 9:	
      From worker 9:	data processed and exported
      From worker 11:	replicate complete, ran 20000000 generations:
      From worker 11:	
      From worker 11:		num_imitating:			9999570
      From worker 11:		num_not_imitating:		10000430
      From worker 11:		num_strategies_changed:  	151835
      From worker 11:			num_random_strategies: 	10057
      From worker 11:		num_sets_changed: 		0
      From worker 11:			num_random_opinions: 	0
      From worker 11:			num_biased_opinions: 	559755
      From worker 11:		num_both_changed: 		0
      From worker 11:	
      From worker 11:	data processed and exported
      From worker 12:	replicate complete, ran 20000000 generations:
      From worker 12:	
      From worker 12:		num_imitating:			9998170
      From worker 12:		num_not_imitating:		10001830
      From worker 12:		num_strategies_changed:  	138939
      From worker 12:			num_random_strategies: 	9872
      From worker 12:		num_sets_changed: 		0
      From worker 12:			num_random_opinions: 	0
      From worker 12:			num_biased_opinions: 	1246967
      From worker 12:		num_both_changed: 		0
      From worker 12:	
      From worker 12:	data processed and exported
      From worker 12:	
      From worker 12:	starting b_1.0_c_0.2_N_40_M_2_K_2_P_2_beta_0.001_u_0.001_v_0.125_p_0.0_ϵ_1.0_gens_20000000_210220-063859.202
      From worker 13:	replicate complete, ran 20000000 generations:
      From worker 13:	
      From worker 13:		num_imitating:			20000000
      From worker 13:		num_not_imitating:		0
      From worker 13:		num_strategies_changed:  	548449
      From worker 13:			num_random_strategies: 	19855
      From worker 13:		num_sets_changed: 		14092506
      From worker 13:			num_random_opinions: 	5591990
      From worker 13:			num_biased_opinions: 	0
      From worker 13:		num_both_changed: 		408368
      From worker 13:	
      From worker 13:	data processed and exported
      From worker 13:	
      From worker 13:	starting b_1.0_c_0.2_N_40_M_2_K_2_P_2_beta_0.001_u_0.001_v_0.2795084971874737_p_0.25_ϵ_1.0_gens_20000000_210220-063859.202
      From worker 10:	replicate complete, ran 20000000 generations:
      From worker 10:	
      From worker 10:		num_imitating:			12503939
      From worker 10:		num_not_imitating:		7496061
      From worker 10:		num_strategies_changed:  	347400
      From worker 10:			num_random_strategies: 	12592
      From worker 10:		num_sets_changed: 		5175063
      From worker 10:			num_random_opinions: 	174451
      From worker 10:			num_biased_opinions: 	524913
      From worker 10:		num_both_changed: 		189987
      From worker 10:	
      From worker 10:	data processed and exported
      From worker 14:	replicate complete, ran 20000000 generations:
      From worker 14:	
      From worker 14:		num_imitating:			17496868
      From worker 14:		num_not_imitating:		2503132
      From worker 14:		num_strategies_changed:  	495981
      From worker 14:			num_random_strategies: 	17500
      From worker 14:		num_sets_changed: 		11990724
      From worker 14:			num_random_opinions: 	3669180
      From worker 14:			num_biased_opinions: 	1222578
      From worker 14:		num_both_changed: 		360962
      From worker 14:	
      From worker 14:	data processed and exported
      From worker 14:	
      From worker 14:	starting b_1.0_c_0.2_N_40_M_2_K_2_P_2_beta_0.001_u_0.001_v_0.2795084971874737_p_0.5_ϵ_1.0_gens_20000000_210220-063859.202
      From worker 15:	replicate complete, ran 20000000 generations:
      From worker 15:	
      From worker 15:		num_imitating:			15000596
      From worker 15:		num_not_imitating:		4999404
      From worker 15:		num_strategies_changed:  	430331
      From worker 15:			num_random_strategies: 	15015
      From worker 15:		num_sets_changed: 		9183336
      From worker 15:			num_random_opinions: 	4690271
      From worker 15:			num_biased_opinions: 	4686291
      From worker 15:		num_both_changed: 		268687
      From worker 15:	
      From worker 15:	data processed and exported
      From worker 15:	
      From worker 15:	starting b_1.0_c_0.2_N_40_M_2_K_2_P_2_beta_0.001_u_0.001_v_0.625_p_0.75_ϵ_1.0_gens_20000000_210220-063859.202
      From worker 16:	replicate complete, ran 20000000 generations:
      From worker 16:	
      From worker 16:		num_imitating:			12499990
      From worker 16:		num_not_imitating:		7500010
      From worker 16:		num_strategies_changed:  	365777
      From worker 16:			num_random_strategies: 	12596
      From worker 16:		num_sets_changed: 		5212263
      From worker 16:			num_random_opinions: 	1953319
      From worker 16:			num_biased_opinions: 	5859405
      From worker 16:		num_both_changed: 		157645
      From worker 16:	
      From worker 16:	data processed and exported
      From worker 16:	
      From worker 16:	starting b_1.0_c_0.2_N_40_M_2_K_2_P_2_beta_0.001_u_0.001_v_0.625_p_1.0_ϵ_1.0_gens_20000000_210220-063859.202
      From worker 16:	replicate complete, ran 20000000 generations:
      From worker 16:	
      From worker 16:		num_imitating:			10000436
      From worker 16:		num_not_imitating:		9999564
      From worker 16:		num_strategies_changed:  	147012
      From worker 16:			num_random_strategies: 	10121
      From worker 16:		num_sets_changed: 		0
      From worker 16:			num_random_opinions: 	0
      From worker 16:			num_biased_opinions: 	6249039
      From worker 16:		num_both_changed: 		0
      From worker 16:	
      From worker 16:	data processed and exported
 Activating environment at `/tigress/mk28/CooperationPolarization2/Project.toml`
 Activating environment at `/tigress/mk28/CooperationPolarization2/Project.toml`
      From worker 15:	replicate complete, ran 20000000 generations:
      From worker 15:	
      From worker 15:		num_imitating:			12498009
      From worker 15:		num_not_imitating:		7501991
      From worker 15:		num_strategies_changed:  	355874
      From worker 15:			num_random_strategies: 	12752
      From worker 15:		num_sets_changed: 		5213475
      From worker 15:			num_random_opinions: 	1952010
      From worker 15:			num_biased_opinions: 	5859587
      From worker 15:		num_both_changed: 		153443
      From worker 15:	
      From worker 15:	data processed and exported
      From worker 12:	replicate complete, ran 20000000 generations:
      From worker 12:	
      From worker 12:		num_imitating:			20000000
      From worker 12:		num_not_imitating:		0
      From worker 12:		num_strategies_changed:  	556141
      From worker 12:			num_random_strategies: 	19946
      From worker 12:		num_sets_changed: 		12744781
      From worker 12:			num_random_opinions: 	2499234
      From worker 12:			num_biased_opinions: 	0
      From worker 12:		num_both_changed: 		404971
      From worker 12:	
      From worker 12:	data processed and exported
      From worker 14:	replicate complete, ran 20000000 generations:
      From worker 14:	
      From worker 14:		num_imitating:			14999888
      From worker 14:		num_not_imitating:		5000112
      From worker 14:		num_strategies_changed:  	416846
      From worker 14:			num_random_strategies: 	14862
      From worker 14:		num_sets_changed: 		9378062
      From worker 14:			num_random_opinions: 	2094356
      From worker 14:			num_biased_opinions: 	2097180
      From worker 14:		num_both_changed: 		278734
      From worker 14:	
      From worker 14:	data processed and exported
      From worker 13:	replicate complete, ran 20000000 generations:
      From worker 13:	
      From worker 13:		num_imitating:			17500060
      From worker 13:		num_not_imitating:		2499940
      From worker 13:		num_strategies_changed:  	492786
      From worker 13:			num_random_strategies: 	17489
      From worker 13:		num_sets_changed: 		11989789
      From worker 13:			num_random_opinions: 	3668974
      From worker 13:			num_biased_opinions: 	1221898
      From worker 13:		num_both_changed: 		358533
      From worker 13:	
      From worker 13:	data processed and exported
11157.476059 seconds (2.73 M allocations: 121.499 MiB, 0.00% gc time)
