packages loaded
      From worker 6:	 Activating environment at `/tigress/mk28/CooperationPolarization2/Project.toml`
      From worker 4:	 Activating environment at `/tigress/mk28/CooperationPolarization2/Project.toml`
      From worker 5:	 Activating environment at `/tigress/mk28/CooperationPolarization2/Project.toml`
      From worker 3:	 Activating environment at `/tigress/mk28/CooperationPolarization2/Project.toml`
      From worker 2:	 Activating environment at `/tigress/mk28/CooperationPolarization2/Project.toml`
      From worker 14:	 Activating environment at `/tigress/mk28/CooperationPolarization2/Project.toml`
      From worker 11:	 Activating environment at `/tigress/mk28/CooperationPolarization2/Project.toml`
      From worker 10:	 Activating environment at `/tigress/mk28/CooperationPolarization2/Project.toml`
      From worker 13:	 Activating environment at `/tigress/mk28/CooperationPolarization2/Project.toml`
      From worker 15:	 Activating environment at `/tigress/mk28/CooperationPolarization2/Project.toml`
      From worker 16:	 Activating environment at `/tigress/mk28/CooperationPolarization2/Project.toml`
      From worker 8:	 Activating environment at `/tigress/mk28/CooperationPolarization2/Project.toml`
      From worker 9:	 Activating environment at `/tigress/mk28/CooperationPolarization2/Project.toml`
      From worker 7:	 Activating environment at `/tigress/mk28/CooperationPolarization2/Project.toml`
      From worker 12:	 Activating environment at `/tigress/mk28/CooperationPolarization2/Project.toml`
      From worker 6:	packages loaded
      From worker 4:	packages loaded
      From worker 5:	packages loaded
      From worker 9:	packages loaded
      From worker 8:	packages loaded
      From worker 16:	packages loaded
      From worker 2:	packages loaded
      From worker 11:	packages loaded
      From worker 7:	packages loaded
      From worker 3:	packages loaded
      From worker 13:	packages loaded
      From worker 15:	packages loaded
      From worker 14:	packages loaded
      From worker 10:	packages loaded
      From worker 12:	packages loaded
parameters defined
      From worker 6:	
      From worker 6:	starting b_1.0_c_0.2_N_40_M_3_K_2_P_2_beta_0.001_u_0.001_v_0.005_p_1.0_ϵ_1.0_gens_20000000_210217-072417.999
      From worker 13:	
      From worker 13:	starting b_1.0_c_0.2_N_40_M_3_K_2_P_2_beta_0.001_u_0.001_v_0.125_p_0.25_ϵ_1.0_gens_20000000_210217-072417.999
      From worker 16:	
      From worker 16:	starting b_1.0_c_0.2_N_40_M_3_K_2_P_2_beta_0.001_u_0.001_v_0.625_p_1.0_ϵ_1.0_gens_20000000_210217-072417.999
      From worker 8:	
      From worker 8:	starting b_1.0_c_0.2_N_40_M_3_K_2_P_2_beta_0.001_u_0.001_v_0.011180339887498947_p_0.25_ϵ_1.0_gens_20000000_210217-072417.999
      From worker 15:	
      From worker 15:	starting b_1.0_c_0.2_N_40_M_3_K_2_P_2_beta_0.001_u_0.001_v_0.2795084971874737_p_0.75_ϵ_1.0_gens_20000000_210217-072417.999
      From worker 14:	
      From worker 14:	starting b_1.0_c_0.2_N_40_M_3_K_2_P_2_beta_0.001_u_0.001_v_0.2795084971874737_p_0.5_ϵ_1.0_gens_20000000_210217-072417.999
      From worker 3:	
      From worker 3:	starting b_1.0_c_0.2_N_40_M_3_K_2_P_2_beta_0.001_u_0.001_v_0.001_p_0.25_ϵ_1.0_gens_20000000_210217-072417.999
      From worker 4:	
      From worker 4:	starting b_1.0_c_0.2_N_40_M_3_K_2_P_2_beta_0.001_u_0.001_v_0.0022360679774997894_p_0.5_ϵ_1.0_gens_20000000_210217-072417.999
      From worker 7:	
      From worker 7:	starting b_1.0_c_0.2_N_40_M_3_K_2_P_2_beta_0.001_u_0.001_v_0.011180339887498947_p_0.0_ϵ_1.0_gens_20000000_210217-072417.999
      From worker 9:	
      From worker 9:	starting b_1.0_c_0.2_N_40_M_3_K_2_P_2_beta_0.001_u_0.001_v_0.025_p_0.5_ϵ_1.0_gens_20000000_210217-072417.999
      From worker 10:	
      From worker 10:	starting b_1.0_c_0.2_N_40_M_3_K_2_P_2_beta_0.001_u_0.001_v_0.025_p_0.75_ϵ_1.0_gens_20000000_210217-072417.999
      From worker 5:	
      From worker 5:	starting b_1.0_c_0.2_N_40_M_3_K_2_P_2_beta_0.001_u_0.001_v_0.0022360679774997894_p_0.75_ϵ_1.0_gens_20000000_210217-072417.999
      From worker 11:	
      From worker 11:	starting b_1.0_c_0.2_N_40_M_3_K_2_P_2_beta_0.001_u_0.001_v_0.055901699437494755_p_1.0_ϵ_1.0_gens_20000000_210217-072417.999
      From worker 2:	
      From worker 2:	starting b_1.0_c_0.2_N_40_M_3_K_2_P_2_beta_0.001_u_0.001_v_0.001_p_0.0_ϵ_1.0_gens_20000000_210217-072417.999
      From worker 12:	
      From worker 12:	starting b_1.0_c_0.2_N_40_M_3_K_2_P_2_beta_0.001_u_0.001_v_0.125_p_0.0_ϵ_1.0_gens_20000000_210217-072417.999
      From worker 6:	replicate complete, ran 20000000 generations:
      From worker 6:	
      From worker 6:		num_imitating:			9999914
      From worker 6:		num_not_imitating:		10000086
      From worker 6:		num_strategies_changed:  	152931
      From worker 6:			num_random_strategies: 	10074
      From worker 6:		num_sets_changed: 		593246
      From worker 6:			num_random_opinions: 	0
      From worker 6:			num_biased_opinions: 	49991
      From worker 6:		num_both_changed: 		15915
      From worker 6:	
      From worker 3:	replicate complete, ran 20000000 generations:
      From worker 3:	
      From worker 3:		num_imitating:			17499941
      From worker 3:		num_not_imitating:		2500059
      From worker 3:		num_strategies_changed:  	486668
      From worker 3:			num_random_strategies: 	17398
      From worker 3:		num_sets_changed: 		599687
      From worker 3:			num_random_opinions: 	12974
      From worker 3:			num_biased_opinions: 	4354
      From worker 3:		num_both_changed: 		29044
      From worker 3:	
      From worker 6:	data processed and exported
      From worker 6:	
      From worker 6:	starting b_1.0_c_0.2_N_40_M_3_K_2_P_2_beta_0.001_u_0.001_v_0.005_p_0.0_ϵ_1.0_gens_20000000_210217-072417.999
      From worker 3:	data processed and exported
      From worker 3:	
      From worker 3:	starting b_1.0_c_0.2_N_40_M_3_K_2_P_2_beta_0.001_u_0.001_v_0.001_p_0.5_ϵ_1.0_gens_20000000_210217-072417.999
      From worker 2:	replicate complete, ran 20000000 generations:
      From worker 2:	
      From worker 2:		num_imitating:			20000000
      From worker 2:		num_not_imitating:		0
      From worker 2:		num_strategies_changed:  	539223
      From worker 2:			num_random_strategies: 	19898
      From worker 2:		num_sets_changed: 		674835
      From worker 2:			num_random_opinions: 	19679
      From worker 2:			num_biased_opinions: 	0
      From worker 2:		num_both_changed: 		32418
      From worker 2:	
      From worker 5:	replicate complete, ran 20000000 generations:
      From worker 5:	
      From worker 5:		num_imitating:			12497986
      From worker 5:		num_not_imitating:		7502014
      From worker 5:		num_strategies_changed:  	336779
      From worker 5:			num_random_strategies: 	12594
      From worker 5:		num_sets_changed: 		863511
      From worker 5:			num_random_opinions: 	7016
      From worker 5:			num_biased_opinions: 	21099
      From worker 5:		num_both_changed: 		43245
      From worker 5:	
      From worker 2:	data processed and exported
      From worker 2:	
      From worker 2:	starting b_1.0_c_0.2_N_40_M_3_K_2_P_2_beta_0.001_u_0.001_v_0.001_p_0.25_ϵ_1.0_gens_20000000_210217-072417.999
      From worker 5:	data processed and exported
      From worker 5:	
      From worker 5:	starting b_1.0_c_0.2_N_40_M_3_K_2_P_2_beta_0.001_u_0.001_v_0.0022360679774997894_p_1.0_ϵ_1.0_gens_20000000_210217-072417.999
      From worker 4:	replicate complete, ran 20000000 generations:
      From worker 4:	
      From worker 4:		num_imitating:			14999530
      From worker 4:		num_not_imitating:		5000470
      From worker 4:		num_strategies_changed:  	417650
      From worker 4:			num_random_strategies: 	15009
      From worker 4:		num_sets_changed: 		1102463
      From worker 4:			num_random_opinions: 	16779
      From worker 4:			num_biased_opinions: 	16686
      From worker 4:		num_both_changed: 		58829
      From worker 4:	
      From worker 4:	data processed and exported
      From worker 4:	
      From worker 4:	starting b_1.0_c_0.2_N_40_M_3_K_2_P_2_beta_0.001_u_0.001_v_0.0022360679774997894_p_0.75_ϵ_1.0_gens_20000000_210217-072417.999
      From worker 11:	replicate complete, ran 20000000 generations:
      From worker 11:	
      From worker 11:		num_imitating:			9997663
      From worker 11:		num_not_imitating:		10002337
      From worker 11:		num_strategies_changed:  	142684
      From worker 11:			num_random_strategies: 	9773
      From worker 11:		num_sets_changed: 		3573454
      From worker 11:			num_random_opinions: 	0
      From worker 11:			num_biased_opinions: 	560042
      From worker 11:		num_both_changed: 		73322
      From worker 11:	
      From worker 11:	data processed and exported
      From worker 11:	
      From worker 11:	starting b_1.0_c_0.2_N_40_M_3_K_2_P_2_beta_0.001_u_0.001_v_0.055901699437494755_p_0.0_ϵ_1.0_gens_20000000_210217-072417.999
      From worker 8:	replicate complete, ran 20000000 generations:
      From worker 8:	
      From worker 8:		num_imitating:			17500548
      From worker 8:		num_not_imitating:		2499452
      From worker 8:		num_strategies_changed:  	494418
      From worker 8:			num_random_strategies: 	17540
      From worker 8:		num_sets_changed: 		4802153
      From worker 8:			num_random_opinions: 	146631
      From worker 8:			num_biased_opinions: 	48980
      From worker 8:		num_both_changed: 		226090
      From worker 8:	
      From worker 8:	data processed and exported
      From worker 8:	
      From worker 8:	starting b_1.0_c_0.2_N_40_M_3_K_2_P_2_beta_0.001_u_0.001_v_0.011180339887498947_p_0.5_ϵ_1.0_gens_20000000_210217-072417.999
      From worker 10:	replicate complete, ran 20000000 generations:
      From worker 10:	
      From worker 10:		num_imitating:			12502404
      From worker 10:		num_not_imitating:		7497596
      From worker 10:		num_strategies_changed:  	366030
      From worker 10:			num_random_strategies: 	12471
      From worker 10:		num_sets_changed: 		5309195
      From worker 10:			num_random_opinions: 	78302
      From worker 10:			num_biased_opinions: 	234073
      From worker 10:		num_both_changed: 		236125
      From worker 10:	
      From worker 10:	data processed and exported
      From worker 10:	
      From worker 10:	starting b_1.0_c_0.2_N_40_M_3_K_2_P_2_beta_0.001_u_0.001_v_0.025_p_1.0_ϵ_1.0_gens_20000000_210217-072417.999
      From worker 7:	replicate complete, ran 20000000 generations:
      From worker 7:	
      From worker 7:		num_imitating:			20000000
      From worker 7:		num_not_imitating:		0
      From worker 7:		num_strategies_changed:  	574111
      From worker 7:			num_random_strategies: 	19933
      From worker 7:		num_sets_changed: 		5556562
      From worker 7:			num_random_opinions: 	222935
      From worker 7:			num_biased_opinions: 	0
      From worker 7:		num_both_changed: 		265267
      From worker 7:	
      From worker 7:	data processed and exported
      From worker 7:	
      From worker 7:	starting b_1.0_c_0.2_N_40_M_3_K_2_P_2_beta_0.001_u_0.001_v_0.011180339887498947_p_0.25_ϵ_1.0_gens_20000000_210217-072417.999
      From worker 16:	replicate complete, ran 20000000 generations:
      From worker 16:	
      From worker 16:		num_imitating:			9997125
      From worker 16:		num_not_imitating:		10002875
      From worker 16:		num_strategies_changed:  	141239
      From worker 16:			num_random_strategies: 	9937
      From worker 16:		num_sets_changed: 		6469412
      From worker 16:			num_random_opinions: 	0
      From worker 16:			num_biased_opinions: 	6245581
      From worker 16:		num_both_changed: 		94056
      From worker 16:	
      From worker 16:	data processed and exported
      From worker 16:	
      From worker 16:	starting b_1.0_c_0.2_N_40_M_3_K_2_P_2_beta_0.001_u_0.001_v_0.625_p_0.0_ϵ_1.0_gens_20000000_210217-072417.999
      From worker 9:	replicate complete, ran 20000000 generations:
      From worker 9:	
      From worker 9:		num_imitating:			15000052
      From worker 9:		num_not_imitating:		4999948
      From worker 9:		num_strategies_changed:  	417366
      From worker 9:			num_random_strategies: 	14956
      From worker 9:		num_sets_changed: 		6606182
      From worker 9:			num_random_opinions: 	188007
      From worker 9:			num_biased_opinions: 	187801
      From worker 9:		num_both_changed: 		272768
      From worker 9:	
      From worker 9:	data processed and exported
      From worker 9:	
      From worker 9:	starting b_1.0_c_0.2_N_40_M_3_K_2_P_2_beta_0.001_u_0.001_v_0.025_p_0.75_ϵ_1.0_gens_20000000_210217-072417.999
      From worker 15:	replicate complete, ran 20000000 generations:
      From worker 15:	
      From worker 15:		num_imitating:			12499723
      From worker 15:		num_not_imitating:		7500277
      From worker 15:		num_strategies_changed:  	333090
      From worker 15:			num_random_strategies: 	12448
      From worker 15:		num_sets_changed: 		9768488
      From worker 15:			num_random_opinions: 	873069
      From worker 15:			num_biased_opinions: 	2619033
      From worker 15:		num_both_changed: 		281443
      From worker 15:	
      From worker 15:	data processed and exported
      From worker 15:	
      From worker 15:	starting b_1.0_c_0.2_N_40_M_3_K_2_P_2_beta_0.001_u_0.001_v_0.2795084971874737_p_1.0_ϵ_1.0_gens_20000000_210217-072417.999
      From worker 3:	replicate complete, ran 20000000 generations:
      From worker 3:	
      From worker 3:		num_imitating:			15001922
      From worker 3:		num_not_imitating:		4998078
      From worker 3:		num_strategies_changed:  	404078
      From worker 3:			num_random_strategies: 	15115
      From worker 3:		num_sets_changed: 		512102
      From worker 3:			num_random_opinions: 	7708
      From worker 3:			num_biased_opinions: 	7447
      From worker 3:		num_both_changed: 		25784
      From worker 3:	
      From worker 5:	replicate complete, ran 20000000 generations:
      From worker 5:	
      From worker 5:		num_imitating:			10000559
      From worker 5:		num_not_imitating:		9999441
      From worker 5:		num_strategies_changed:  	146894
      From worker 5:			num_random_strategies: 	9854
      From worker 5:		num_sets_changed: 		275525
      From worker 5:			num_random_opinions: 	0
      From worker 5:			num_biased_opinions: 	22331
      From worker 5:		num_both_changed: 		6684
      From worker 5:	
      From worker 3:	data processed and exported
      From worker 3:	
      From worker 3:	starting b_1.0_c_0.2_N_40_M_3_K_2_P_2_beta_0.001_u_0.001_v_0.001_p_0.75_ϵ_1.0_gens_20000000_210217-072417.999
      From worker 5:	data processed and exported
      From worker 5:	
      From worker 5:	starting b_1.0_c_0.2_N_40_M_3_K_2_P_2_beta_0.001_u_0.001_v_0.005_p_0.0_ϵ_1.0_gens_20000000_210217-072417.999
      From worker 2:	replicate complete, ran 20000000 generations:
      From worker 2:	
      From worker 2:		num_imitating:			17497430
      From worker 2:		num_not_imitating:		2502570
      From worker 2:		num_strategies_changed:  	491131
      From worker 2:			num_random_strategies: 	17645
      From worker 2:		num_sets_changed: 		602227
      From worker 2:			num_random_opinions: 	13206
      From worker 2:			num_biased_opinions: 	4281
      From worker 2:		num_both_changed: 		31175
      From worker 2:	
      From worker 2:	data processed and exported
      From worker 2:	
      From worker 2:	starting b_1.0_c_0.2_N_40_M_3_K_2_P_2_beta_0.001_u_0.001_v_0.001_p_0.5_ϵ_1.0_gens_20000000_210217-072417.999
      From worker 4:	replicate complete, ran 20000000 generations:
      From worker 4:	
      From worker 4:		num_imitating:			12501999
      From worker 4:		num_not_imitating:		7498001
      From worker 4:		num_strategies_changed:  	348785
      From worker 4:			num_random_strategies: 	12659
      From worker 4:		num_sets_changed: 		895374
      From worker 4:			num_random_opinions: 	6858
      From worker 4:			num_biased_opinions: 	21052
      From worker 4:		num_both_changed: 		43093
      From worker 4:	
      From worker 4:	data processed and exported
      From worker 4:	
      From worker 4:	starting b_1.0_c_0.2_N_40_M_3_K_2_P_2_beta_0.001_u_0.001_v_0.0022360679774997894_p_1.0_ϵ_1.0_gens_20000000_210217-072417.999
      From worker 14:	replicate complete, ran 20000000 generations:
      From worker 14:	
      From worker 14:		num_imitating:			15002126
      From worker 14:		num_not_imitating:		4997874
      From worker 14:		num_strategies_changed:  	445803
      From worker 14:			num_random_strategies: 	15158
      From worker 14:		num_sets_changed: 		12449374
      From worker 14:			num_random_opinions: 	2095724
      From worker 14:			num_biased_opinions: 	2095331
      From worker 14:		num_both_changed: 		395080
      From worker 14:	
      From worker 14:	data processed and exported
      From worker 6:	replicate complete, ran 20000000 generations:
      From worker 6:	
      From worker 6:		num_imitating:			20000000
      From worker 6:		num_not_imitating:		0
      From worker 6:		num_strategies_changed:  	593523
      From worker 6:			num_random_strategies: 	20233
      From worker 6:		num_sets_changed: 		2956749
      From worker 6:			num_random_opinions: 	100010
      From worker 6:			num_biased_opinions: 	0
      From worker 6:		num_both_changed: 		151269
      From worker 6:	
      From worker 14:	
      From worker 14:	starting b_1.0_c_0.2_N_40_M_3_K_2_P_2_beta_0.001_u_0.001_v_0.2795084971874737_p_0.75_ϵ_1.0_gens_20000000_210217-072417.999
      From worker 6:	data processed and exported
      From worker 6:	
      From worker 6:	starting b_1.0_c_0.2_N_40_M_3_K_2_P_2_beta_0.001_u_0.001_v_0.005_p_0.25_ϵ_1.0_gens_20000000_210217-072417.999
      From worker 13:	replicate complete, ran 20000000 generations:
      From worker 13:	
      From worker 13:		num_imitating:			17501662
      From worker 13:		num_not_imitating:		2498338
      From worker 13:		num_strategies_changed:  	492582
      From worker 13:			num_random_strategies: 	17471
      From worker 13:		num_sets_changed: 		13505860
      From worker 13:			num_random_opinions: 	1639882
      From worker 13:			num_biased_opinions: 	546484
      From worker 13:		num_both_changed: 		436675
      From worker 13:	
      From worker 13:	data processed and exported
      From worker 13:	
      From worker 13:	starting b_1.0_c_0.2_N_40_M_3_K_2_P_2_beta_0.001_u_0.001_v_0.125_p_0.5_ϵ_1.0_gens_20000000_210217-072417.999
      From worker 12:	replicate complete, ran 20000000 generations:
      From worker 12:	
      From worker 12:		num_imitating:			20000000
      From worker 12:		num_not_imitating:		0
      From worker 12:		num_strategies_changed:  	569302
      From worker 12:			num_random_strategies: 	20145
      From worker 12:		num_sets_changed: 		15567504
      From worker 12:			num_random_opinions: 	2498760
      From worker 12:			num_biased_opinions: 	0
      From worker 12:		num_both_changed: 		506208
      From worker 12:	
      From worker 12:	data processed and exported
      From worker 12:	
      From worker 12:	starting b_1.0_c_0.2_N_40_M_3_K_2_P_2_beta_0.001_u_0.001_v_0.125_p_0.25_ϵ_1.0_gens_20000000_210217-072417.999
      From worker 10:	replicate complete, ran 20000000 generations:
      From worker 10:	
      From worker 10:		num_imitating:			9996004
      From worker 10:		num_not_imitating:		10003996
      From worker 10:		num_strategies_changed:  	148428
      From worker 10:			num_random_strategies: 	10128
      From worker 10:		num_sets_changed: 		2237030
      From worker 10:			num_random_opinions: 	0
      From worker 10:			num_biased_opinions: 	249960
      From worker 10:		num_both_changed: 		53345
      From worker 10:	
      From worker 10:	data processed and exported
      From worker 10:	
      From worker 10:	starting b_1.0_c_0.2_N_40_M_3_K_2_P_2_beta_0.001_u_0.001_v_0.055901699437494755_p_0.0_ϵ_1.0_gens_20000000_210217-072417.999
      From worker 8:	replicate complete, ran 20000000 generations:
      From worker 8:	
      From worker 8:		num_imitating:			15000522
      From worker 8:		num_not_imitating:		4999478
      From worker 8:		num_strategies_changed:  	434371
      From worker 8:			num_random_strategies: 	15194
      From worker 8:		num_sets_changed: 		4068541
      From worker 8:			num_random_opinions: 	83852
      From worker 8:			num_biased_opinions: 	83536
      From worker 8:		num_both_changed: 		198066
      From worker 8:	
      From worker 8:	data processed and exported
      From worker 8:	
      From worker 8:	starting b_1.0_c_0.2_N_40_M_3_K_2_P_2_beta_0.001_u_0.001_v_0.011180339887498947_p_0.75_ϵ_1.0_gens_20000000_210217-072417.999
      From worker 3:	replicate complete, ran 20000000 generations:
      From worker 3:	
      From worker 3:		num_imitating:			12501001
      From worker 3:		num_not_imitating:		7498999
      From worker 3:		num_strategies_changed:  	372954
      From worker 3:			num_random_strategies: 	12495
      From worker 3:		num_sets_changed: 		421928
      From worker 3:			num_random_opinions: 	3149
      From worker 3:			num_biased_opinions: 	9484
      From worker 3:		num_both_changed: 		28846
      From worker 3:	
      From worker 3:	data processed and exported
      From worker 3:	
      From worker 3:	starting b_1.0_c_0.2_N_40_M_3_K_2_P_2_beta_0.001_u_0.001_v_0.001_p_1.0_ϵ_1.0_gens_20000000_210217-072417.999
      From worker 7:	replicate complete, ran 20000000 generations:
      From worker 7:	
      From worker 7:		num_imitating:			17499738
      From worker 7:		num_not_imitating:		2500262
      From worker 7:		num_strategies_changed:  	481531
      From worker 7:			num_random_strategies: 	17683
      From worker 7:		num_sets_changed: 		4791462
      From worker 7:			num_random_opinions: 	146016
      From worker 7:			num_biased_opinions: 	49089
      From worker 7:		num_both_changed: 		217306
      From worker 7:	
      From worker 7:	data processed and exported
      From worker 7:	
      From worker 7:	starting b_1.0_c_0.2_N_40_M_3_K_2_P_2_beta_0.001_u_0.001_v_0.011180339887498947_p_0.5_ϵ_1.0_gens_20000000_210217-072417.999
      From worker 2:	replicate complete, ran 20000000 generations:
      From worker 2:	
      From worker 2:		num_imitating:			14998214
      From worker 2:		num_not_imitating:		5001786
      From worker 2:		num_strategies_changed:  	426544
      From worker 2:			num_random_strategies: 	15140
      From worker 2:		num_sets_changed: 		508663
      From worker 2:			num_random_opinions: 	7472
      From worker 2:			num_biased_opinions: 	7474
      From worker 2:		num_both_changed: 		23107
      From worker 2:	
      From worker 2:	data processed and exported
      From worker 2:	
      From worker 2:	starting b_1.0_c_0.2_N_40_M_3_K_2_P_2_beta_0.001_u_0.001_v_0.001_p_0.75_ϵ_1.0_gens_20000000_210217-072417.999
      From worker 4:	replicate complete, ran 20000000 generations:
      From worker 4:	
      From worker 4:		num_imitating:			9997392
      From worker 4:		num_not_imitating:		10002608
      From worker 4:		num_strategies_changed:  	145533
      From worker 4:			num_random_strategies: 	10020
      From worker 4:		num_sets_changed: 		276615
      From worker 4:			num_random_opinions: 	0
      From worker 4:			num_biased_opinions: 	22331
      From worker 4:		num_both_changed: 		5895
      From worker 4:	
      From worker 4:	data processed and exported
      From worker 4:	
      From worker 4:	starting b_1.0_c_0.2_N_40_M_3_K_2_P_2_beta_0.001_u_0.001_v_0.0022360679774997894_p_0.0_ϵ_1.0_gens_20000000_210217-072417.999
      From worker 9:	replicate complete, ran 20000000 generations:
      From worker 9:	
      From worker 9:		num_imitating:			12501046
      From worker 9:		num_not_imitating:		7498954
      From worker 9:		num_strategies_changed:  	336234
      From worker 9:			num_random_strategies: 	12354
      From worker 9:		num_sets_changed: 		5270620
      From worker 9:			num_random_opinions: 	78128
      From worker 9:			num_biased_opinions: 	233981
      From worker 9:		num_both_changed: 		210960
      From worker 9:	
      From worker 9:	data processed and exported
      From worker 9:	
      From worker 9:	starting b_1.0_c_0.2_N_40_M_3_K_2_P_2_beta_0.001_u_0.001_v_0.025_p_1.0_ϵ_1.0_gens_20000000_210217-072417.999
      From worker 5:	replicate complete, ran 20000000 generations:
      From worker 5:	
      From worker 5:		num_imitating:			20000000
      From worker 5:		num_not_imitating:		0
      From worker 5:		num_strategies_changed:  	564552
      From worker 5:			num_random_strategies: 	20160
      From worker 5:		num_sets_changed: 		3009814
      From worker 5:			num_random_opinions: 	100124
      From worker 5:			num_biased_opinions: 	0
      From worker 5:		num_both_changed: 		137142
      From worker 5:	
      From worker 5:	data processed and exported
      From worker 5:	
      From worker 5:	starting b_1.0_c_0.2_N_40_M_3_K_2_P_2_beta_0.001_u_0.001_v_0.005_p_0.25_ϵ_1.0_gens_20000000_210217-072417.999
      From worker 15:	replicate complete, ran 20000000 generations:
      From worker 15:	
      From worker 15:		num_imitating:			10003645
      From worker 15:		num_not_imitating:		9996355
      From worker 15:		num_strategies_changed:  	154341
      From worker 15:			num_random_strategies: 	10186
      From worker 15:		num_sets_changed: 		5904462
      From worker 15:			num_random_opinions: 	0
      From worker 15:			num_biased_opinions: 	2794674
      From worker 15:		num_both_changed: 		101085
      From worker 15:	
      From worker 15:	data processed and exported
      From worker 15:	
      From worker 15:	starting b_1.0_c_0.2_N_40_M_3_K_2_P_2_beta_0.001_u_0.001_v_0.625_p_0.0_ϵ_1.0_gens_20000000_210217-072417.999
      From worker 6:	replicate complete, ran 20000000 generations:
      From worker 6:	
      From worker 6:		num_imitating:			17501726
      From worker 6:		num_not_imitating:		2498274
      From worker 6:		num_strategies_changed:  	497977
      From worker 6:			num_random_strategies: 	17472
      From worker 6:		num_sets_changed: 		2589873
      From worker 6:			num_random_opinions: 	65400
      From worker 6:			num_biased_opinions: 	21754
      From worker 6:		num_both_changed: 		137716
      From worker 6:	
      From worker 6:	data processed and exported
      From worker 6:	
      From worker 6:	starting b_1.0_c_0.2_N_40_M_3_K_2_P_2_beta_0.001_u_0.001_v_0.005_p_0.5_ϵ_1.0_gens_20000000_210217-072417.999
      From worker 11:	replicate complete, ran 20000000 generations:
      From worker 11:	
      From worker 11:		num_imitating:			20000000
      From worker 11:		num_not_imitating:		0
      From worker 11:		num_strategies_changed:  	549710
      From worker 11:			num_random_strategies: 	20235
      From worker 11:		num_sets_changed: 		12756726
      From worker 11:			num_random_opinions: 	1116586
      From worker 11:			num_biased_opinions: 	0
      From worker 11:		num_both_changed: 		452974
      From worker 11:	
      From worker 11:	data processed and exported
      From worker 11:	
      From worker 11:	starting b_1.0_c_0.2_N_40_M_3_K_2_P_2_beta_0.001_u_0.001_v_0.055901699437494755_p_0.25_ϵ_1.0_gens_20000000_210217-072417.999
      From worker 3:	replicate complete, ran 20000000 generations:
      From worker 3:	
      From worker 3:		num_imitating:			9999391
      From worker 3:		num_not_imitating:		10000609
      From worker 3:		num_strategies_changed:  	150315
      From worker 3:			num_random_strategies: 	10114
      From worker 3:		num_sets_changed: 		130008
      From worker 3:			num_random_opinions: 	0
      From worker 3:			num_biased_opinions: 	10060
      From worker 3:		num_both_changed: 		3461
      From worker 3:	
      From worker 3:	data processed and exported
      From worker 3:	
      From worker 3:	starting b_1.0_c_0.2_N_40_M_3_K_2_P_2_beta_0.001_u_0.001_v_0.0022360679774997894_p_0.0_ϵ_1.0_gens_20000000_210217-072417.999
      From worker 2:	replicate complete, ran 20000000 generations:
      From worker 2:	
      From worker 2:		num_imitating:			12499846
      From worker 2:		num_not_imitating:		7500154
      From worker 2:		num_strategies_changed:  	379643
      From worker 2:			num_random_strategies: 	12638
      From worker 2:		num_sets_changed: 		392329
      From worker 2:			num_random_opinions: 	3034
      From worker 2:			num_biased_opinions: 	9325
      From worker 2:		num_both_changed: 		21965
      From worker 2:	
      From worker 2:	data processed and exported
      From worker 2:	
      From worker 2:	starting b_1.0_c_0.2_N_40_M_3_K_2_P_2_beta_0.001_u_0.001_v_0.001_p_1.0_ϵ_1.0_gens_20000000_210217-072417.999
      From worker 8:	replicate complete, ran 20000000 generations:
      From worker 8:	
      From worker 8:		num_imitating:			12498749
      From worker 8:		num_not_imitating:		7501251
      From worker 8:		num_strategies_changed:  	346388
      From worker 8:			num_random_strategies: 	12487
      From worker 8:		num_sets_changed: 		3264343
      From worker 8:			num_random_opinions: 	35151
      From worker 8:			num_biased_opinions: 	104532
      From worker 8:		num_both_changed: 		147650
      From worker 8:	
      From worker 8:	data processed and exported
      From worker 8:	
      From worker 8:	starting b_1.0_c_0.2_N_40_M_3_K_2_P_2_beta_0.001_u_0.001_v_0.011180339887498947_p_1.0_ϵ_1.0_gens_20000000_210217-072417.999
      From worker 4:	replicate complete, ran 20000000 generations:
      From worker 4:	
      From worker 4:		num_imitating:			20000000
      From worker 4:		num_not_imitating:		0
      From worker 4:		num_strategies_changed:  	574664
      From worker 4:			num_random_strategies: 	20071
      From worker 4:		num_sets_changed: 		1473278
      From worker 4:			num_random_opinions: 	44731
      From worker 4:			num_biased_opinions: 	0
      From worker 4:		num_both_changed: 		70092
      From worker 4:	
      From worker 4:	data processed and exported
      From worker 4:	
      From worker 4:	starting b_1.0_c_0.2_N_40_M_3_K_2_P_2_beta_0.001_u_0.001_v_0.0022360679774997894_p_0.25_ϵ_1.0_gens_20000000_210217-072417.999
      From worker 14:	replicate complete, ran 20000000 generations:
      From worker 14:	
      From worker 14:		num_imitating:			12499195
      From worker 14:		num_not_imitating:		7500805
      From worker 14:		num_strategies_changed:  	349189
      From worker 14:			num_random_strategies: 	12505
      From worker 14:		num_sets_changed: 		9769838
      From worker 14:			num_random_opinions: 	874315
      From worker 14:			num_biased_opinions: 	2620100
      From worker 14:		num_both_changed: 		294810
      From worker 14:	
      From worker 14:	data processed and exported
      From worker 14:	
      From worker 14:	starting b_1.0_c_0.2_N_40_M_3_K_2_P_2_beta_0.001_u_0.001_v_0.2795084971874737_p_1.0_ϵ_1.0_gens_20000000_210217-072417.999
      From worker 9:	replicate complete, ran 20000000 generations:
      From worker 9:	
      From worker 9:		num_imitating:			9996615
      From worker 9:		num_not_imitating:		10003385
      From worker 9:		num_strategies_changed:  	150930
      From worker 9:			num_random_strategies: 	10253
      From worker 9:		num_sets_changed: 		2243821
      From worker 9:			num_random_opinions: 	0
      From worker 9:			num_biased_opinions: 	249878
      From worker 9:		num_both_changed: 		54331
      From worker 9:	
      From worker 9:	data processed and exported
      From worker 9:	
      From worker 9:	starting b_1.0_c_0.2_N_40_M_3_K_2_P_2_beta_0.001_u_0.001_v_0.025_p_0.0_ϵ_1.0_gens_20000000_210217-072417.999
      From worker 16:	replicate complete, ran 20000000 generations:
      From worker 16:	
      From worker 16:		num_imitating:			20000000
      From worker 16:		num_not_imitating:		0
      From worker 16:		num_strategies_changed:  	550153
      From worker 16:			num_random_strategies: 	19813
      From worker 16:		num_sets_changed: 		18062190
      From worker 16:			num_random_opinions: 	12499353
      From worker 16:			num_biased_opinions: 	0
      From worker 16:		num_both_changed: 		504169
      From worker 16:	
      From worker 16:	data processed and exported
      From worker 16:	
      From worker 16:	starting b_1.0_c_0.2_N_40_M_3_K_2_P_2_beta_0.001_u_0.001_v_0.625_p_0.25_ϵ_1.0_gens_20000000_210217-072417.999
      From worker 7:	replicate complete, ran 20000000 generations:
      From worker 7:	
      From worker 7:		num_imitating:			15000117
      From worker 7:		num_not_imitating:		4999883
      From worker 7:		num_strategies_changed:  	440519
      From worker 7:			num_random_strategies: 	15235
      From worker 7:		num_sets_changed: 		4060180
      From worker 7:			num_random_opinions: 	84099
      From worker 7:			num_biased_opinions: 	84005
      From worker 7:		num_both_changed: 		195373
      From worker 7:	
      From worker 7:	data processed and exported
      From worker 7:	
      From worker 7:	starting b_1.0_c_0.2_N_40_M_3_K_2_P_2_beta_0.001_u_0.001_v_0.011180339887498947_p_0.75_ϵ_1.0_gens_20000000_210217-072417.999
      From worker 13:	replicate complete, ran 20000000 generations:
      From worker 13:	
      From worker 13:		num_imitating:			14999672
      From worker 13:		num_not_imitating:		5000328
      From worker 13:		num_strategies_changed:  	425414
      From worker 13:			num_random_strategies: 	15064
      From worker 13:		num_sets_changed: 		11291642
      From worker 13:			num_random_opinions: 	937584
      From worker 13:			num_biased_opinions: 	939808
      From worker 13:		num_both_changed: 		370736
      From worker 13:	
      From worker 13:	data processed and exported
      From worker 5:	replicate complete, ran 20000000 generations:
      From worker 5:	
      From worker 5:		num_imitating:			17498566
      From worker 5:		num_not_imitating:		2501434
      From worker 5:		num_strategies_changed:  	474610
      From worker 5:			num_random_strategies: 	17328
      From worker 5:		num_sets_changed: 		2581091
      From worker 5:			num_random_opinions: 	65807
      From worker 5:			num_biased_opinions: 	21905
      From worker 5:		num_both_changed: 		117630
      From worker 5:	
      From worker 13:	
      From worker 13:	starting b_1.0_c_0.2_N_40_M_3_K_2_P_2_beta_0.001_u_0.001_v_0.125_p_0.75_ϵ_1.0_gens_20000000_210217-072417.999
      From worker 5:	data processed and exported
      From worker 5:	
      From worker 5:	starting b_1.0_c_0.2_N_40_M_3_K_2_P_2_beta_0.001_u_0.001_v_0.005_p_0.5_ϵ_1.0_gens_20000000_210217-072417.999
      From worker 6:	replicate complete, ran 20000000 generations:
      From worker 6:	
      From worker 6:		num_imitating:			14998261
      From worker 6:		num_not_imitating:		5001739
      From worker 6:		num_strategies_changed:  	444012
      From worker 6:			num_random_strategies: 	14851
      From worker 6:		num_sets_changed: 		2221742
      From worker 6:			num_random_opinions: 	37179
      From worker 6:			num_biased_opinions: 	37437
      From worker 6:		num_both_changed: 		121667
      From worker 6:	
      From worker 6:	data processed and exported
      From worker 6:	
      From worker 6:	starting b_1.0_c_0.2_N_40_M_3_K_2_P_2_beta_0.001_u_0.001_v_0.005_p_0.75_ϵ_1.0_gens_20000000_210217-072417.999
      From worker 2:	replicate complete, ran 20000000 generations:
      From worker 2:	
      From worker 2:		num_imitating:			9999191
      From worker 2:		num_not_imitating:		10000809
      From worker 2:		num_strategies_changed:  	141976
      From worker 2:			num_random_strategies: 	9996
      From worker 2:		num_sets_changed: 		121329
      From worker 2:			num_random_opinions: 	0
      From worker 2:			num_biased_opinions: 	10032
      From worker 2:		num_both_changed: 		3724
      From worker 2:	
      From worker 2:	data processed and exported
      From worker 2:	
      From worker 2:	starting b_1.0_c_0.2_N_40_M_3_K_2_P_2_beta_0.001_u_0.001_v_0.001_p_0.0_ϵ_1.0_gens_20000000_210217-072417.999
      From worker 3:	replicate complete, ran 20000000 generations:
      From worker 3:	
      From worker 3:		num_imitating:			20000000
      From worker 3:		num_not_imitating:		0
      From worker 3:		num_strategies_changed:  	567683
      From worker 3:			num_random_strategies: 	20178
      From worker 3:		num_sets_changed: 		1477899
      From worker 3:			num_random_opinions: 	44663
      From worker 3:			num_biased_opinions: 	0
      From worker 3:		num_both_changed: 		75175
      From worker 3:	
      From worker 3:	data processed and exported
      From worker 3:	
      From worker 3:	starting b_1.0_c_0.2_N_40_M_3_K_2_P_2_beta_0.001_u_0.001_v_0.0022360679774997894_p_0.25_ϵ_1.0_gens_20000000_210217-072417.999
      From worker 12:	replicate complete, ran 20000000 generations:
      From worker 12:	
      From worker 12:		num_imitating:			17500874
      From worker 12:		num_not_imitating:		2499126
      From worker 12:		num_strategies_changed:  	507478
      From worker 12:			num_random_strategies: 	17459
      From worker 12:		num_sets_changed: 		13517448
      From worker 12:			num_random_opinions: 	1639777
      From worker 12:			num_biased_opinions: 	546496
      From worker 12:		num_both_changed: 		450253
      From worker 12:	
      From worker 12:	data processed and exported
      From worker 12:	
      From worker 12:	starting b_1.0_c_0.2_N_40_M_3_K_2_P_2_beta_0.001_u_0.001_v_0.125_p_0.5_ϵ_1.0_gens_20000000_210217-072417.999
      From worker 10:	replicate complete, ran 20000000 generations:
      From worker 10:	
      From worker 10:		num_imitating:			20000000
      From worker 10:		num_not_imitating:		0
      From worker 10:		num_strategies_changed:  	571407
      From worker 10:			num_random_strategies: 	19604
      From worker 10:		num_sets_changed: 		12751028
      From worker 10:			num_random_opinions: 	1118313
      From worker 10:			num_biased_opinions: 	0
      From worker 10:		num_both_changed: 		469618
      From worker 10:	
      From worker 10:	data processed and exported
      From worker 10:	
      From worker 10:	starting b_1.0_c_0.2_N_40_M_3_K_2_P_2_beta_0.001_u_0.001_v_0.055901699437494755_p_0.25_ϵ_1.0_gens_20000000_210217-072417.999
      From worker 8:	replicate complete, ran 20000000 generations:
      From worker 8:	
      From worker 8:		num_imitating:			9996852
      From worker 8:		num_not_imitating:		10003148
      From worker 8:		num_strategies_changed:  	150786
      From worker 8:			num_random_strategies: 	10233
      From worker 8:		num_sets_changed: 		1218534
      From worker 8:			num_random_opinions: 	0
      From worker 8:			num_biased_opinions: 	112050
      From worker 8:		num_both_changed: 		33284
      From worker 8:	
      From worker 8:	data processed and exported
      From worker 8:	
      From worker 8:	starting b_1.0_c_0.2_N_40_M_3_K_2_P_2_beta_0.001_u_0.001_v_0.025_p_0.0_ϵ_1.0_gens_20000000_210217-072417.999
      From worker 4:	replicate complete, ran 20000000 generations:
      From worker 4:	
      From worker 4:		num_imitating:			17501246
      From worker 4:		num_not_imitating:		2498754
      From worker 4:		num_strategies_changed:  	491169
      From worker 4:			num_random_strategies: 	17269
      From worker 4:		num_sets_changed: 		1250536
      From worker 4:			num_random_opinions: 	29367
      From worker 4:			num_biased_opinions: 	9878
      From worker 4:		num_both_changed: 		62221
      From worker 4:	
      From worker 4:	data processed and exported
      From worker 4:	
      From worker 4:	starting b_1.0_c_0.2_N_40_M_3_K_2_P_2_beta_0.001_u_0.001_v_0.0022360679774997894_p_0.5_ϵ_1.0_gens_20000000_210217-072417.999
      From worker 7:	replicate complete, ran 20000000 generations:
      From worker 7:	
      From worker 7:		num_imitating:			12498788
      From worker 7:		num_not_imitating:		7501212
      From worker 7:		num_strategies_changed:  	372277
      From worker 7:			num_random_strategies: 	12517
      From worker 7:		num_sets_changed: 		3326716
      From worker 7:			num_random_opinions: 	34684
      From worker 7:			num_biased_opinions: 	104995
      From worker 7:		num_both_changed: 		174455
      From worker 7:	
      From worker 7:	data processed and exported
      From worker 5:	replicate complete, ran 20000000 generations:
      From worker 5:	
      From worker 5:		num_imitating:			14997092
      From worker 5:		num_not_imitating:		5002908
      From worker 5:		num_strategies_changed:  	420740
      From worker 5:			num_random_strategies: 	15109
      From worker 5:		num_sets_changed: 		2163056
      From worker 5:			num_random_opinions: 	37392
      From worker 5:			num_biased_opinions: 	37149
      From worker 5:		num_both_changed: 		112513
      From worker 5:	
      From worker 7:	
      From worker 7:	starting b_1.0_c_0.2_N_40_M_3_K_2_P_2_beta_0.001_u_0.001_v_0.011180339887498947_p_1.0_ϵ_1.0_gens_20000000_210217-072417.999
      From worker 5:	data processed and exported
      From worker 5:	
      From worker 5:	starting b_1.0_c_0.2_N_40_M_3_K_2_P_2_beta_0.001_u_0.001_v_0.005_p_0.75_ϵ_1.0_gens_20000000_210217-072417.999
      From worker 14:	replicate complete, ran 20000000 generations:
      From worker 14:	
      From worker 14:		num_imitating:			10002022
      From worker 14:		num_not_imitating:		9997978
      From worker 14:		num_strategies_changed:  	149651
      From worker 14:			num_random_strategies: 	10098
      From worker 14:		num_sets_changed: 		5902567
      From worker 14:			num_random_opinions: 	0
      From worker 14:			num_biased_opinions: 	2794216
      From worker 14:		num_both_changed: 		97819
      From worker 14:	
      From worker 14:	data processed and exported
      From worker 14:	
      From worker 14:	starting b_1.0_c_0.2_N_40_M_3_K_2_P_2_beta_0.001_u_0.001_v_0.2795084971874737_p_0.0_ϵ_1.0_gens_20000000_210217-072417.999
      From worker 6:	replicate complete, ran 20000000 generations:
      From worker 6:	
      From worker 6:		num_imitating:			12499377
      From worker 6:		num_not_imitating:		7500623
      From worker 6:		num_strategies_changed:  	354528
      From worker 6:			num_random_strategies: 	12558
      From worker 6:		num_sets_changed: 		1794054
      From worker 6:			num_random_opinions: 	15601
      From worker 6:			num_biased_opinions: 	46466
      From worker 6:		num_both_changed: 		98009
      From worker 6:	
      From worker 11:	replicate complete, ran 20000000 generations:
      From worker 11:	
      From worker 11:		num_imitating:			17500980
      From worker 11:		num_not_imitating:		2499020
      From worker 11:		num_strategies_changed:  	478115
      From worker 11:			num_random_strategies: 	17546
      From worker 11:		num_sets_changed: 		11099382
      From worker 11:			num_random_opinions: 	733219
      From worker 11:			num_biased_opinions: 	244489
      From worker 11:		num_both_changed: 		390305
      From worker 11:	
      From worker 6:	data processed and exported
      From worker 6:	
      From worker 6:	starting b_1.0_c_0.2_N_40_M_3_K_2_P_2_beta_0.001_u_0.001_v_0.005_p_1.0_ϵ_1.0_gens_20000000_210217-072417.999
      From worker 11:	data processed and exported
      From worker 11:	
      From worker 11:	starting b_1.0_c_0.2_N_40_M_3_K_2_P_2_beta_0.001_u_0.001_v_0.055901699437494755_p_0.5_ϵ_1.0_gens_20000000_210217-072417.999
      From worker 2:	replicate complete, ran 20000000 generations:
      From worker 2:	
      From worker 2:		num_imitating:			20000000
      From worker 2:		num_not_imitating:		0
      From worker 2:		num_strategies_changed:  	593302
      From worker 2:			num_random_strategies: 	20024
      From worker 2:		num_sets_changed: 		693792
      From worker 2:			num_random_opinions: 	20220
      From worker 2:			num_biased_opinions: 	0
      From worker 2:		num_both_changed: 		36123
      From worker 2:	
      From worker 2:	data processed and exported
      From worker 3:	replicate complete, ran 20000000 generations:
      From worker 3:	
      From worker 3:		num_imitating:			17498453
      From worker 3:		num_not_imitating:		2501547
      From worker 3:		num_strategies_changed:  	477038
      From worker 3:			num_random_strategies: 	17757
      From worker 3:		num_sets_changed: 		1275533
      From worker 3:			num_random_opinions: 	29336
      From worker 3:			num_biased_opinions: 	9783
      From worker 3:		num_both_changed: 		62217
      From worker 3:	
      From worker 3:	data processed and exported
      From worker 9:	replicate complete, ran 20000000 generations:
      From worker 9:	
      From worker 9:		num_imitating:			20000000
      From worker 9:		num_not_imitating:		0
      From worker 9:		num_strategies_changed:  	569738
      From worker 9:			num_random_strategies: 	20079
      From worker 9:		num_sets_changed: 		9128496
      From worker 9:			num_random_opinions: 	499760
      From worker 9:			num_biased_opinions: 	0
      From worker 9:		num_both_changed: 		385216
      From worker 9:	
      From worker 9:	data processed and exported
      From worker 9:	
      From worker 9:	starting b_1.0_c_0.2_N_40_M_3_K_2_P_2_beta_0.001_u_0.001_v_0.025_p_0.25_ϵ_1.0_gens_20000000_210217-072417.999
      From worker 4:	replicate complete, ran 20000000 generations:
      From worker 4:	
      From worker 4:		num_imitating:			15000367
      From worker 4:		num_not_imitating:		4999633
      From worker 4:		num_strategies_changed:  	442881
      From worker 4:			num_random_strategies: 	15218
      From worker 4:		num_sets_changed: 		1047581
      From worker 4:			num_random_opinions: 	16539
      From worker 4:			num_biased_opinions: 	16798
      From worker 4:		num_both_changed: 		55812
      From worker 4:	
      From worker 4:	data processed and exported
      From worker 15:	replicate complete, ran 20000000 generations:
      From worker 15:	
      From worker 15:		num_imitating:			20000000
      From worker 15:		num_not_imitating:		0
      From worker 15:		num_strategies_changed:  	579060
      From worker 15:			num_random_strategies: 	20127
      From worker 15:		num_sets_changed: 		18061496
      From worker 15:			num_random_opinions: 	12497659
      From worker 15:			num_biased_opinions: 	0
      From worker 15:		num_both_changed: 		530322
      From worker 15:	
      From worker 15:	data processed and exported
      From worker 15:	
      From worker 15:	starting b_1.0_c_0.2_N_40_M_3_K_2_P_2_beta_0.001_u_0.001_v_0.625_p_0.25_ϵ_1.0_gens_20000000_210217-072417.999
      From worker 13:	replicate complete, ran 20000000 generations:
      From worker 13:	
      From worker 13:		num_imitating:			12497904
      From worker 13:		num_not_imitating:		7502096
      From worker 13:		num_strategies_changed:  	351516
      From worker 13:			num_random_strategies: 	12602
      From worker 13:		num_sets_changed: 		8957274
      From worker 13:			num_random_opinions: 	390978
      From worker 13:			num_biased_opinions: 	1172118
      From worker 13:		num_both_changed: 		295341
      From worker 13:	
      From worker 13:	data processed and exported
      From worker 13:	
      From worker 13:	starting b_1.0_c_0.2_N_40_M_3_K_2_P_2_beta_0.001_u_0.001_v_0.125_p_1.0_ϵ_1.0_gens_20000000_210217-072417.999
      From worker 7:	replicate complete, ran 20000000 generations:
      From worker 7:	
      From worker 7:		num_imitating:			10002847
      From worker 7:		num_not_imitating:		9997153
      From worker 7:		num_strategies_changed:  	147503
      From worker 7:			num_random_strategies: 	10044
      From worker 7:		num_sets_changed: 		1211204
      From worker 7:			num_random_opinions: 	0
      From worker 7:			num_biased_opinions: 	112087
      From worker 7:		num_both_changed: 		31547
      From worker 7:	
      From worker 7:	data processed and exported
      From worker 7:	
      From worker 7:	starting b_1.0_c_0.2_N_40_M_3_K_2_P_2_beta_0.001_u_0.001_v_0.011180339887498947_p_0.0_ϵ_1.0_gens_20000000_210217-072417.999
      From worker 6:	replicate complete, ran 20000000 generations:
      From worker 6:	
      From worker 6:		num_imitating:			9999649
      From worker 6:		num_not_imitating:		10000351
      From worker 6:		num_strategies_changed:  	152935
      From worker 6:			num_random_strategies: 	10038
      From worker 6:		num_sets_changed: 		592591
      From worker 6:			num_random_opinions: 	0
      From worker 6:			num_biased_opinions: 	49786
      From worker 6:		num_both_changed: 		17096
      From worker 6:	
      From worker 6:	data processed and exported
      From worker 5:	replicate complete, ran 20000000 generations:
      From worker 5:	
      From worker 5:		num_imitating:			12496063
      From worker 5:		num_not_imitating:		7503937
      From worker 5:		num_strategies_changed:  	346968
      From worker 5:			num_random_strategies: 	12515
      From worker 5:		num_sets_changed: 		1739204
      From worker 5:			num_random_opinions: 	15672
      From worker 5:			num_biased_opinions: 	46771
      From worker 5:		num_both_changed: 		86979
      From worker 5:	
      From worker 5:	data processed and exported
      From worker 16:	replicate complete, ran 20000000 generations:
      From worker 16:	
      From worker 16:		num_imitating:			17500557
      From worker 16:		num_not_imitating:		2499443
      From worker 16:		num_strategies_changed:  	505825
      From worker 16:			num_random_strategies: 	17574
      From worker 16:		num_sets_changed: 		15614513
      From worker 16:			num_random_opinions: 	8199684
      From worker 16:			num_biased_opinions: 	2732668
      From worker 16:		num_both_changed: 		458640
      From worker 16:	
      From worker 16:	data processed and exported
      From worker 16:	
      From worker 16:	starting b_1.0_c_0.2_N_40_M_3_K_2_P_2_beta_0.001_u_0.001_v_0.625_p_0.5_ϵ_1.0_gens_20000000_210217-072417.999
      From worker 8:	replicate complete, ran 20000000 generations:
      From worker 8:	
      From worker 8:		num_imitating:			20000000
      From worker 8:		num_not_imitating:		0
      From worker 8:		num_strategies_changed:  	557281
      From worker 8:			num_random_strategies: 	19945
      From worker 8:		num_sets_changed: 		9098009
      From worker 8:			num_random_opinions: 	499988
      From worker 8:			num_biased_opinions: 	0
      From worker 8:		num_both_changed: 		375709
      From worker 8:	
      From worker 8:	data processed and exported
      From worker 8:	
      From worker 8:	starting b_1.0_c_0.2_N_40_M_3_K_2_P_2_beta_0.001_u_0.001_v_0.025_p_0.25_ϵ_1.0_gens_20000000_210217-072417.999
      From worker 10:	replicate complete, ran 20000000 generations:
      From worker 10:	
      From worker 10:		num_imitating:			17499488
      From worker 10:		num_not_imitating:		2500512
      From worker 10:		num_strategies_changed:  	488777
      From worker 10:			num_random_strategies: 	17328
      From worker 10:		num_sets_changed: 		11078557
      From worker 10:			num_random_opinions: 	734282
      From worker 10:			num_biased_opinions: 	245038
      From worker 10:		num_both_changed: 		397920
      From worker 10:	
      From worker 12:	replicate complete, ran 20000000 generations:
      From worker 12:	
      From worker 12:		num_imitating:			15002287
      From worker 12:		num_not_imitating:		4997713
      From worker 12:		num_strategies_changed:  	423793
      From worker 12:			num_random_strategies: 	15127
      From worker 12:		num_sets_changed: 		11291466
      From worker 12:			num_random_opinions: 	936541
      From worker 12:			num_biased_opinions: 	936659
      From worker 12:		num_both_changed: 		368718
      From worker 12:	
      From worker 10:	data processed and exported
      From worker 12:	data processed and exported
      From worker 10:	
      From worker 10:	starting b_1.0_c_0.2_N_40_M_3_K_2_P_2_beta_0.001_u_0.001_v_0.055901699437494755_p_0.5_ϵ_1.0_gens_20000000_210217-072417.999
      From worker 12:	
      From worker 12:	starting b_1.0_c_0.2_N_40_M_3_K_2_P_2_beta_0.001_u_0.001_v_0.125_p_0.75_ϵ_1.0_gens_20000000_210217-072417.999
      From worker 11:	replicate complete, ran 20000000 generations:
      From worker 11:	
      From worker 11:		num_imitating:			15002554
      From worker 11:		num_not_imitating:		4997446
      From worker 11:		num_strategies_changed:  	429751
      From worker 11:			num_random_strategies: 	14996
      From worker 11:		num_sets_changed: 		9286311
      From worker 11:			num_random_opinions: 	420484
      From worker 11:			num_biased_opinions: 	418932
      From worker 11:		num_both_changed: 		347486
      From worker 11:	
      From worker 11:	data processed and exported
      From worker 11:	
      From worker 11:	starting b_1.0_c_0.2_N_40_M_3_K_2_P_2_beta_0.001_u_0.001_v_0.055901699437494755_p_0.75_ϵ_1.0_gens_20000000_210217-072417.999
      From worker 13:	replicate complete, ran 20000000 generations:
      From worker 13:	
      From worker 13:		num_imitating:			9999513
      From worker 13:		num_not_imitating:		10000487
      From worker 13:		num_strategies_changed:  	146050
      From worker 13:			num_random_strategies: 	10027
      From worker 13:		num_sets_changed: 		4922427
      From worker 13:			num_random_opinions: 	0
      From worker 13:			num_biased_opinions: 	1251120
      From worker 13:		num_both_changed: 		89809
      From worker 13:	
      From worker 13:	data processed and exported
      From worker 13:	
      From worker 13:	starting b_1.0_c_0.2_N_40_M_3_K_2_P_2_beta_0.001_u_0.001_v_0.2795084971874737_p_0.0_ϵ_1.0_gens_20000000_210217-072417.999
      From worker 9:	replicate complete, ran 20000000 generations:
      From worker 9:	
      From worker 9:		num_imitating:			17502333
      From worker 9:		num_not_imitating:		2497667
      From worker 9:		num_strategies_changed:  	477537
      From worker 9:			num_random_strategies: 	17326
      From worker 9:		num_sets_changed: 		7833707
      From worker 9:			num_random_opinions: 	328105
      From worker 9:			num_biased_opinions: 	109623
      From worker 9:		num_both_changed: 		313808
      From worker 9:	
      From worker 9:	data processed and exported
      From worker 9:	
      From worker 9:	starting b_1.0_c_0.2_N_40_M_3_K_2_P_2_beta_0.001_u_0.001_v_0.025_p_0.5_ϵ_1.0_gens_20000000_210217-072417.999
      From worker 7:	replicate complete, ran 20000000 generations:
      From worker 7:	
      From worker 7:		num_imitating:			20000000
      From worker 7:		num_not_imitating:		0
      From worker 7:		num_strategies_changed:  	562953
      From worker 7:			num_random_strategies: 	20029
      From worker 7:		num_sets_changed: 		5525875
      From worker 7:			num_random_opinions: 	223166
      From worker 7:			num_biased_opinions: 	0
      From worker 7:		num_both_changed: 		250886
      From worker 7:	
      From worker 7:	data processed and exported
      From worker 14:	replicate complete, ran 20000000 generations:
      From worker 14:	
      From worker 14:		num_imitating:			20000000
      From worker 14:		num_not_imitating:		0
      From worker 14:		num_strategies_changed:  	557860
      From worker 14:			num_random_strategies: 	20067
      From worker 14:		num_sets_changed: 		17220898
      From worker 14:			num_random_opinions: 	5590537
      From worker 14:			num_biased_opinions: 	0
      From worker 14:		num_both_changed: 		508767
      From worker 14:	
      From worker 14:	data processed and exported
      From worker 14:	
      From worker 14:	starting b_1.0_c_0.2_N_40_M_3_K_2_P_2_beta_0.001_u_0.001_v_0.2795084971874737_p_0.25_ϵ_1.0_gens_20000000_210217-072417.999
      From worker 15:	replicate complete, ran 20000000 generations:
      From worker 15:	
      From worker 15:		num_imitating:			17499750
      From worker 15:		num_not_imitating:		2500250
      From worker 15:		num_strategies_changed:  	498677
      From worker 15:			num_random_strategies: 	17455
      From worker 15:		num_sets_changed: 		15613854
      From worker 15:			num_random_opinions: 	8205041
      From worker 15:			num_biased_opinions: 	2735619
      From worker 15:		num_both_changed: 		452118
      From worker 15:	
      From worker 15:	data processed and exported
      From worker 15:	
      From worker 15:	starting b_1.0_c_0.2_N_40_M_3_K_2_P_2_beta_0.001_u_0.001_v_0.625_p_0.5_ϵ_1.0_gens_20000000_210217-072417.999
      From worker 8:	replicate complete, ran 20000000 generations:
      From worker 8:	
      From worker 8:		num_imitating:			17502376
      From worker 8:		num_not_imitating:		2497624
      From worker 8:		num_strategies_changed:  	486526
      From worker 8:			num_random_strategies: 	17659
      From worker 8:		num_sets_changed: 		7931736
      From worker 8:			num_random_opinions: 	329032
      From worker 8:			num_biased_opinions: 	109963
      From worker 8:		num_both_changed: 		319915
      From worker 8:	
      From worker 8:	data processed and exported
      From worker 12:	replicate complete, ran 20000000 generations:
      From worker 12:	
      From worker 12:		num_imitating:			12499433
      From worker 12:		num_not_imitating:		7500567
      From worker 12:		num_strategies_changed:  	349744
      From worker 12:			num_random_strategies: 	12506
      From worker 12:		num_sets_changed: 		8959806
      From worker 12:			num_random_opinions: 	391993
      From worker 12:			num_biased_opinions: 	1170859
      From worker 12:		num_both_changed: 		294243
      From worker 12:	
      From worker 12:	data processed and exported
      From worker 12:	
      From worker 12:	starting b_1.0_c_0.2_N_40_M_3_K_2_P_2_beta_0.001_u_0.001_v_0.125_p_1.0_ϵ_1.0_gens_20000000_210217-072417.999
      From worker 10:	replicate complete, ran 20000000 generations:
      From worker 10:	
      From worker 10:		num_imitating:			15001003
      From worker 10:		num_not_imitating:		4998997
      From worker 10:		num_strategies_changed:  	433258
      From worker 10:			num_random_strategies: 	14914
      From worker 10:		num_sets_changed: 		9320094
      From worker 10:			num_random_opinions: 	419178
      From worker 10:			num_biased_opinions: 	419089
      From worker 10:		num_both_changed: 		351264
      From worker 10:	
      From worker 10:	data processed and exported
      From worker 10:	
      From worker 10:	starting b_1.0_c_0.2_N_40_M_3_K_2_P_2_beta_0.001_u_0.001_v_0.055901699437494755_p_0.75_ϵ_1.0_gens_20000000_210217-072417.999
      From worker 16:	replicate complete, ran 20000000 generations:
      From worker 16:	
      From worker 16:		num_imitating:			14996804
      From worker 16:		num_not_imitating:		5003196
      From worker 16:		num_strategies_changed:  	410953
      From worker 16:			num_random_strategies: 	14831
      From worker 16:		num_sets_changed: 		12878881
      From worker 16:			num_random_opinions: 	4687908
      From worker 16:			num_biased_opinions: 	4687049
      From worker 16:		num_both_changed: 		359263
      From worker 16:	
      From worker 16:	data processed and exported
      From worker 16:	
      From worker 16:	starting b_1.0_c_0.2_N_40_M_3_K_2_P_2_beta_0.001_u_0.001_v_0.625_p_0.75_ϵ_1.0_gens_20000000_210217-072417.999
      From worker 11:	replicate complete, ran 20000000 generations:
      From worker 11:	
      From worker 11:		num_imitating:			12504242
      From worker 11:		num_not_imitating:		7495758
      From worker 11:		num_strategies_changed:  	357124
      From worker 11:			num_random_strategies: 	12505
      From worker 11:		num_sets_changed: 		7410774
      From worker 11:			num_random_opinions: 	174664
      From worker 11:			num_biased_opinions: 	523472
      From worker 11:		num_both_changed: 		278782
      From worker 11:	
      From worker 11:	data processed and exported
      From worker 11:	
      From worker 11:	starting b_1.0_c_0.2_N_40_M_3_K_2_P_2_beta_0.001_u_0.001_v_0.055901699437494755_p_1.0_ϵ_1.0_gens_20000000_210217-072417.999
      From worker 9:	replicate complete, ran 20000000 generations:
      From worker 9:	
      From worker 9:		num_imitating:			14998774
      From worker 9:		num_not_imitating:		5001226
      From worker 9:		num_strategies_changed:  	420630
      From worker 9:			num_random_strategies: 	15123
      From worker 9:		num_sets_changed: 		6624860
      From worker 9:			num_random_opinions: 	187974
      From worker 9:			num_biased_opinions: 	187243
      From worker 9:		num_both_changed: 		274411
      From worker 9:	
      From worker 9:	data processed and exported
      From worker 12:	replicate complete, ran 20000000 generations:
      From worker 12:	
      From worker 12:		num_imitating:			10001701
      From worker 12:		num_not_imitating:		9998299
      From worker 12:		num_strategies_changed:  	151714
      From worker 12:			num_random_strategies: 	10084
      From worker 12:		num_sets_changed: 		4921645
      From worker 12:			num_random_opinions: 	0
      From worker 12:			num_biased_opinions: 	1250309
      From worker 12:		num_both_changed: 		93237
      From worker 12:	
      From worker 12:	data processed and exported
      From worker 12:	
      From worker 12:	starting b_1.0_c_0.2_N_40_M_3_K_2_P_2_beta_0.001_u_0.001_v_0.125_p_0.0_ϵ_1.0_gens_20000000_210217-072417.999
      From worker 13:	replicate complete, ran 20000000 generations:
      From worker 13:	
      From worker 13:		num_imitating:			20000000
      From worker 13:		num_not_imitating:		0
      From worker 13:		num_strategies_changed:  	602954
      From worker 13:			num_random_strategies: 	20202
      From worker 13:		num_sets_changed: 		17218880
      From worker 13:			num_random_opinions: 	5589598
      From worker 13:			num_biased_opinions: 	0
      From worker 13:		num_both_changed: 		549910
      From worker 13:	
      From worker 13:	data processed and exported
      From worker 13:	
      From worker 13:	starting b_1.0_c_0.2_N_40_M_3_K_2_P_2_beta_0.001_u_0.001_v_0.2795084971874737_p_0.25_ϵ_1.0_gens_20000000_210217-072417.999
      From worker 11:	replicate complete, ran 20000000 generations:
      From worker 11:	
      From worker 11:		num_imitating:			10001784
      From worker 11:		num_not_imitating:		9998216
      From worker 11:		num_strategies_changed:  	147998
      From worker 11:			num_random_strategies: 	10010
      From worker 11:		num_sets_changed: 		3580620
      From worker 11:			num_random_opinions: 	0
      From worker 11:			num_biased_opinions: 	559912
      From worker 11:		num_both_changed: 		75144
      From worker 11:	
      From worker 11:	data processed and exported
      From worker 10:	replicate complete, ran 20000000 generations:
      From worker 10:	
      From worker 10:		num_imitating:			12499743
      From worker 10:		num_not_imitating:		7500257
      From worker 10:		num_strategies_changed:  	351742
      From worker 10:			num_random_strategies: 	12289
      From worker 10:		num_sets_changed: 		7381334
      From worker 10:			num_random_opinions: 	174428
      From worker 10:			num_biased_opinions: 	524007
      From worker 10:		num_both_changed: 		276718
      From worker 10:	
      From worker 10:	data processed and exported
      From worker 14:	replicate complete, ran 20000000 generations:
      From worker 14:	
      From worker 14:		num_imitating:			17499493
      From worker 14:		num_not_imitating:		2500507
      From worker 14:		num_strategies_changed:  	512799
      From worker 14:			num_random_strategies: 	17504
      From worker 14:		num_sets_changed: 		14922920
      From worker 14:			num_random_opinions: 	3665053
      From worker 14:			num_biased_opinions: 	1225413
      From worker 14:		num_both_changed: 		464313
      From worker 14:	
      From worker 14:	data processed and exported
      From worker 14:	
      From worker 14:	starting b_1.0_c_0.2_N_40_M_3_K_2_P_2_beta_0.001_u_0.001_v_0.2795084971874737_p_0.5_ϵ_1.0_gens_20000000_210217-072417.999
      From worker 15:	replicate complete, ran 20000000 generations:
      From worker 15:	
      From worker 15:		num_imitating:			14996998
      From worker 15:		num_not_imitating:		5003002
      From worker 15:		num_strategies_changed:  	429542
      From worker 15:			num_random_strategies: 	14988
      From worker 15:		num_sets_changed: 		12875407
      From worker 15:			num_random_opinions: 	4684369
      From worker 15:			num_biased_opinions: 	4684686
      From worker 15:		num_both_changed: 		375749
      From worker 15:	
      From worker 15:	data processed and exported
      From worker 15:	
      From worker 15:	starting b_1.0_c_0.2_N_40_M_3_K_2_P_2_beta_0.001_u_0.001_v_0.625_p_0.75_ϵ_1.0_gens_20000000_210217-072417.999
      From worker 16:	replicate complete, ran 20000000 generations:
      From worker 16:	
      From worker 16:		num_imitating:			12500217
      From worker 16:		num_not_imitating:		7499783
      From worker 16:		num_strategies_changed:  	334656
      From worker 16:			num_random_strategies: 	12335
      From worker 16:		num_sets_changed: 		9892276
      From worker 16:			num_random_opinions: 	1953695
      From worker 16:			num_biased_opinions: 	5856985
      From worker 16:		num_both_changed: 		271145
      From worker 16:	
      From worker 16:	data processed and exported
      From worker 16:	
      From worker 16:	starting b_1.0_c_0.2_N_40_M_3_K_2_P_2_beta_0.001_u_0.001_v_0.625_p_1.0_ϵ_1.0_gens_20000000_210217-072417.999
      From worker 16:	replicate complete, ran 20000000 generations:
      From worker 16:	
      From worker 16:		num_imitating:			10000707
      From worker 16:		num_not_imitating:		9999293
      From worker 16:		num_strategies_changed:  	146448
      From worker 16:			num_random_strategies: 	9938
      From worker 16:		num_sets_changed: 		6472572
      From worker 16:			num_random_opinions: 	0
 Activating environment at `/tigress/mk28/CooperationPolarization2/Project.toml`
 Activating environment at `/tigress/mk28/CooperationPolarization2/Project.toml`
      From worker 16:			num_biased_opinions: 	6251602
      From worker 16:		num_both_changed: 		97447
      From worker 16:	
      From worker 16:	data processed and exported
      From worker 13:	replicate complete, ran 20000000 generations:
      From worker 13:	
      From worker 13:		num_imitating:			17502248
      From worker 13:		num_not_imitating:		2497752
      From worker 13:		num_strategies_changed:  	512291
      From worker 13:			num_random_strategies: 	17448
      From worker 13:		num_sets_changed: 		14930196
      From worker 13:			num_random_opinions: 	3669642
      From worker 13:			num_biased_opinions: 	1222548
      From worker 13:		num_both_changed: 		463739
      From worker 13:	
      From worker 15:	replicate complete, ran 20000000 generations:
      From worker 15:	
      From worker 15:		num_imitating:			12500411
      From worker 15:		num_not_imitating:		7499589
      From worker 15:		num_strategies_changed:  	352903
      From worker 15:			num_random_strategies: 	12439
      From worker 15:		num_sets_changed: 		9890790
      From worker 15:			num_random_opinions: 	1954610
      From worker 15:			num_biased_opinions: 	5858829
      From worker 15:		num_both_changed: 		285672
      From worker 15:	
      From worker 13:	data processed and exported
      From worker 15:	data processed and exported
      From worker 12:	replicate complete, ran 20000000 generations:
      From worker 12:	
      From worker 12:		num_imitating:			20000000
      From worker 12:		num_not_imitating:		0
      From worker 12:		num_strategies_changed:  	592937
      From worker 12:			num_random_strategies: 	20122
      From worker 12:		num_sets_changed: 		15564480
      From worker 12:			num_random_opinions: 	2496763
      From worker 12:			num_biased_opinions: 	0
      From worker 12:		num_both_changed: 		527910
      From worker 12:	
      From worker 12:	data processed and exported
      From worker 14:	replicate complete, ran 20000000 generations:
      From worker 14:	
      From worker 14:		num_imitating:			15001571
      From worker 14:		num_not_imitating:		4998429
      From worker 14:		num_strategies_changed:  	409898
      From worker 14:			num_random_strategies: 	15027
      From worker 14:		num_sets_changed: 		12446103
      From worker 14:			num_random_opinions: 	2098192
      From worker 14:			num_biased_opinions: 	2096780
      From worker 14:		num_both_changed: 		362957
      From worker 14:	
      From worker 14:	data processed and exported
14276.436091 seconds (2.93 M allocations: 126.929 MiB, 0.00% gc time)
