packages loaded
      From worker 3:	 Activating environment at `/tigress/mk28/CooperationPolarization2/Project.toml`
      From worker 4:	 Activating environment at `/tigress/mk28/CooperationPolarization2/Project.toml`
      From worker 6:	 Activating environment at `/tigress/mk28/CooperationPolarization2/Project.toml`
      From worker 2:	 Activating environment at `/tigress/mk28/CooperationPolarization2/Project.toml`
      From worker 5:	 Activating environment at `/tigress/mk28/CooperationPolarization2/Project.toml`
      From worker 12:	 Activating environment at `/tigress/mk28/CooperationPolarization2/Project.toml`
      From worker 13:	 Activating environment at `/tigress/mk28/CooperationPolarization2/Project.toml`
      From worker 11:	 Activating environment at `/tigress/mk28/CooperationPolarization2/Project.toml`
      From worker 15:	 Activating environment at `/tigress/mk28/CooperationPolarization2/Project.toml`
      From worker 14:	 Activating environment at `/tigress/mk28/CooperationPolarization2/Project.toml`
      From worker 8:	 Activating environment at `/tigress/mk28/CooperationPolarization2/Project.toml`
      From worker 10:	 Activating environment at `/tigress/mk28/CooperationPolarization2/Project.toml`
      From worker 9:	 Activating environment at `/tigress/mk28/CooperationPolarization2/Project.toml`
      From worker 7:	 Activating environment at `/tigress/mk28/CooperationPolarization2/Project.toml`
      From worker 16:	 Activating environment at `/tigress/mk28/CooperationPolarization2/Project.toml`
      From worker 8:	packages loaded
      From worker 2:	packages loaded
      From worker 3:	packages loaded
      From worker 6:	packages loaded
      From worker 14:	packages loaded
      From worker 10:	packages loaded
      From worker 15:	packages loaded
      From worker 13:	packages loaded
      From worker 9:	packages loaded
      From worker 7:	packages loaded
      From worker 12:	packages loaded
      From worker 11:	packages loaded
      From worker 4:	packages loaded
      From worker 5:	packages loaded
      From worker 16:	packages loaded
parameters defined
      From worker 6:	
      From worker 6:	starting b_1.0_c_0.2_N_40_M_2_K_1_P_2_beta_0.001_u_0.001_v_0.005_p_1.0_ϵ_1.0_gens_20000000_210220-122840.582
      From worker 3:	
      From worker 3:	starting b_1.0_c_0.2_N_40_M_2_K_1_P_2_beta_0.001_u_0.001_v_0.001_p_0.25_ϵ_1.0_gens_20000000_210220-122840.582
      From worker 4:	
      From worker 4:	starting b_1.0_c_0.2_N_40_M_2_K_1_P_2_beta_0.001_u_0.001_v_0.0022360679774997894_p_0.5_ϵ_1.0_gens_20000000_210220-122840.582
      From worker 8:	
      From worker 8:	starting b_1.0_c_0.2_N_40_M_2_K_1_P_2_beta_0.001_u_0.001_v_0.011180339887498947_p_0.25_ϵ_1.0_gens_20000000_210220-122840.582
      From worker 2:	
      From worker 2:	starting b_1.0_c_0.2_N_40_M_2_K_1_P_2_beta_0.001_u_0.001_v_0.001_p_0.0_ϵ_1.0_gens_20000000_210220-122840.582
      From worker 7:	
      From worker 7:	starting b_1.0_c_0.2_N_40_M_2_K_1_P_2_beta_0.001_u_0.001_v_0.011180339887498947_p_0.0_ϵ_1.0_gens_20000000_210220-122840.582
      From worker 14:	
      From worker 14:	starting b_1.0_c_0.2_N_40_M_2_K_1_P_2_beta_0.001_u_0.001_v_0.2795084971874737_p_0.5_ϵ_1.0_gens_20000000_210220-122840.582
      From worker 11:	
      From worker 11:	starting b_1.0_c_0.2_N_40_M_2_K_1_P_2_beta_0.001_u_0.001_v_0.055901699437494755_p_1.0_ϵ_1.0_gens_20000000_210220-122840.582
      From worker 10:	
      From worker 10:	starting b_1.0_c_0.2_N_40_M_2_K_1_P_2_beta_0.001_u_0.001_v_0.025_p_0.75_ϵ_1.0_gens_20000000_210220-122840.582
      From worker 5:	
      From worker 5:	starting b_1.0_c_0.2_N_40_M_2_K_1_P_2_beta_0.001_u_0.001_v_0.0022360679774997894_p_0.75_ϵ_1.0_gens_20000000_210220-122840.582
      From worker 9:	
      From worker 13:	
      From worker 13:	starting b_1.0_c_0.2_N_40_M_2_K_1_P_2_beta_0.001_u_0.001_v_0.125_p_0.25_ϵ_1.0_gens_20000000_210220-122840.582
      From worker 9:	starting b_1.0_c_0.2_N_40_M_2_K_1_P_2_beta_0.001_u_0.001_v_0.025_p_0.5_ϵ_1.0_gens_20000000_210220-122840.582
      From worker 12:	
      From worker 12:	starting b_1.0_c_0.2_N_40_M_2_K_1_P_2_beta_0.001_u_0.001_v_0.125_p_0.0_ϵ_1.0_gens_20000000_210220-122840.582
      From worker 16:	
      From worker 16:	starting b_1.0_c_0.2_N_40_M_2_K_1_P_2_beta_0.001_u_0.001_v_0.625_p_1.0_ϵ_1.0_gens_20000000_210220-122840.582
      From worker 15:	
      From worker 15:	starting b_1.0_c_0.2_N_40_M_2_K_1_P_2_beta_0.001_u_0.001_v_0.2795084971874737_p_0.75_ϵ_1.0_gens_20000000_210220-122840.582
      From worker 6:	replicate complete, ran 20000000 generations:
      From worker 6:	
      From worker 6:		num_imitating:			10001378
      From worker 6:		num_not_imitating:		9998622
      From worker 6:		num_strategies_changed:  	151191
      From worker 6:			num_random_strategies: 	10084
      From worker 6:		num_sets_changed: 		450194
      From worker 6:			num_random_opinions: 	0
      From worker 6:			num_biased_opinions: 	50422
      From worker 6:		num_both_changed: 		12727
      From worker 6:	
      From worker 6:	data processed and exported
      From worker 6:	
      From worker 6:	starting b_1.0_c_0.2_N_40_M_2_K_1_P_2_beta_0.001_u_0.001_v_0.005_p_0.0_ϵ_1.0_gens_20000000_210220-122840.582
      From worker 3:	replicate complete, ran 20000000 generations:
      From worker 3:	
      From worker 3:		num_imitating:			17500414
      From worker 3:		num_not_imitating:		2499586
      From worker 3:		num_strategies_changed:  	476606
      From worker 3:			num_random_strategies: 	17618
      From worker 3:		num_sets_changed: 		495402
      From worker 3:			num_random_opinions: 	13289
      From worker 3:			num_biased_opinions: 	4353
      From worker 3:		num_both_changed: 		28691
      From worker 3:	
      From worker 3:	data processed and exported
      From worker 2:	replicate complete, ran 20000000 generations:
      From worker 2:	
      From worker 2:		num_imitating:			20000000
      From worker 2:		num_not_imitating:		0
      From worker 2:		num_strategies_changed:  	558824
      From worker 2:			num_random_strategies: 	19851
      From worker 2:		num_sets_changed: 		575180
      From worker 2:			num_random_opinions: 	19884
      From worker 2:			num_biased_opinions: 	0
      From worker 2:		num_both_changed: 		34288
      From worker 2:	
      From worker 3:	
      From worker 3:	starting b_1.0_c_0.2_N_40_M_2_K_1_P_2_beta_0.001_u_0.001_v_0.001_p_0.5_ϵ_1.0_gens_20000000_210220-122840.582
      From worker 2:	data processed and exported
      From worker 5:	replicate complete, ran 20000000 generations:
      From worker 5:	
      From worker 5:		num_imitating:			12498660
      From worker 5:		num_not_imitating:		7501340
      From worker 5:		num_strategies_changed:  	346913
      From worker 5:			num_random_strategies: 	12323
      From worker 5:		num_sets_changed: 		763819
      From worker 5:			num_random_opinions: 	6907
      From worker 5:			num_biased_opinions: 	20983
      From worker 5:		num_both_changed: 		36041
      From worker 5:	
      From worker 2:	
      From worker 2:	starting b_1.0_c_0.2_N_40_M_2_K_1_P_2_beta_0.001_u_0.001_v_0.001_p_0.25_ϵ_1.0_gens_20000000_210220-122840.582
      From worker 5:	data processed and exported
      From worker 5:	
      From worker 5:	starting b_1.0_c_0.2_N_40_M_2_K_1_P_2_beta_0.001_u_0.001_v_0.0022360679774997894_p_1.0_ϵ_1.0_gens_20000000_210220-122840.582
      From worker 4:	replicate complete, ran 20000000 generations:
      From worker 4:	
      From worker 4:		num_imitating:			15004639
      From worker 4:		num_not_imitating:		4995361
      From worker 4:		num_strategies_changed:  	408152
      From worker 4:			num_random_strategies: 	14845
      From worker 4:		num_sets_changed: 		914968
      From worker 4:			num_random_opinions: 	17012
      From worker 4:			num_biased_opinions: 	16819
      From worker 4:		num_both_changed: 		43770
      From worker 4:	
      From worker 4:	data processed and exported
      From worker 4:	
      From worker 4:	starting b_1.0_c_0.2_N_40_M_2_K_1_P_2_beta_0.001_u_0.001_v_0.0022360679774997894_p_0.75_ϵ_1.0_gens_20000000_210220-122840.582
      From worker 11:	replicate complete, ran 20000000 generations:
      From worker 11:	
      From worker 11:		num_imitating:			9995141
      From worker 11:		num_not_imitating:		10004859
      From worker 11:		num_strategies_changed:  	142334
      From worker 11:			num_random_strategies: 	10118
      From worker 11:		num_sets_changed: 		2680235
      From worker 11:			num_random_opinions: 	0
      From worker 11:			num_biased_opinions: 	558722
      From worker 11:		num_both_changed: 		54742
      From worker 11:	
      From worker 11:	data processed and exported
      From worker 11:	
      From worker 11:	starting b_1.0_c_0.2_N_40_M_2_K_1_P_2_beta_0.001_u_0.001_v_0.055901699437494755_p_0.0_ϵ_1.0_gens_20000000_210220-122840.582
      From worker 8:	replicate complete, ran 20000000 generations:
      From worker 8:	
      From worker 8:		num_imitating:			17503745
      From worker 8:		num_not_imitating:		2496255
      From worker 8:		num_strategies_changed:  	505136
      From worker 8:			num_random_strategies: 	17420
      From worker 8:		num_sets_changed: 		3909459
      From worker 8:			num_random_opinions: 	147154
      From worker 8:			num_biased_opinions: 	48957
      From worker 8:		num_both_changed: 		183218
      From worker 8:	
      From worker 8:	data processed and exported
      From worker 8:	
      From worker 8:	starting b_1.0_c_0.2_N_40_M_2_K_1_P_2_beta_0.001_u_0.001_v_0.011180339887498947_p_0.5_ϵ_1.0_gens_20000000_210220-122840.582
      From worker 16:	replicate complete, ran 20000000 generations:
      From worker 16:	
      From worker 16:		num_imitating:			10000048
      From worker 16:		num_not_imitating:		9999952
      From worker 16:		num_strategies_changed:  	146829
      From worker 16:			num_random_strategies: 	9990
      From worker 16:		num_sets_changed: 		4855409
      From worker 16:			num_random_opinions: 	0
      From worker 16:			num_biased_opinions: 	6247673
      From worker 16:		num_both_changed: 		73105
      From worker 16:	
      From worker 16:	data processed and exported
      From worker 16:	
      From worker 16:	starting b_1.0_c_0.2_N_40_M_2_K_1_P_2_beta_0.001_u_0.001_v_0.625_p_0.0_ϵ_1.0_gens_20000000_210220-122840.582
      From worker 10:	replicate complete, ran 20000000 generations:
      From worker 10:	
      From worker 10:		num_imitating:			12499847
      From worker 10:		num_not_imitating:		7500153
      From worker 10:		num_strategies_changed:  	353887
      From worker 10:			num_random_strategies: 	12535
      From worker 10:		num_sets_changed: 		4557245
      From worker 10:			num_random_opinions: 	78263
      From worker 10:			num_biased_opinions: 	235081
      From worker 10:		num_both_changed: 		189565
      From worker 10:	
      From worker 10:	data processed and exported
      From worker 10:	
      From worker 10:	starting b_1.0_c_0.2_N_40_M_2_K_1_P_2_beta_0.001_u_0.001_v_0.025_p_1.0_ϵ_1.0_gens_20000000_210220-122840.582
      From worker 7:	replicate complete, ran 20000000 generations:
      From worker 7:	
      From worker 7:		num_imitating:			20000000
      From worker 7:		num_not_imitating:		0
      From worker 7:		num_strategies_changed:  	571029
      From worker 7:			num_random_strategies: 	20016
      From worker 7:		num_sets_changed: 		4525320
      From worker 7:			num_random_opinions: 	223566
      From worker 7:			num_biased_opinions: 	0
      From worker 7:		num_both_changed: 		213638
      From worker 7:	
      From worker 7:	data processed and exported
      From worker 7:	
      From worker 7:	starting b_1.0_c_0.2_N_40_M_2_K_1_P_2_beta_0.001_u_0.001_v_0.011180339887498947_p_0.25_ϵ_1.0_gens_20000000_210220-122840.582
      From worker 9:	replicate complete, ran 20000000 generations:
      From worker 9:	
      From worker 9:		num_imitating:			14999727
      From worker 9:		num_not_imitating:		5000273
      From worker 9:		num_strategies_changed:  	423923
      From worker 9:			num_random_strategies: 	14891
      From worker 9:		num_sets_changed: 		5516816
      From worker 9:			num_random_opinions: 	187439
      From worker 9:			num_biased_opinions: 	188194
      From worker 9:		num_both_changed: 		232373
      From worker 9:	
      From worker 9:	data processed and exported
      From worker 9:	
      From worker 9:	starting b_1.0_c_0.2_N_40_M_2_K_1_P_2_beta_0.001_u_0.001_v_0.025_p_0.75_ϵ_1.0_gens_20000000_210220-122840.582
      From worker 15:	replicate complete, ran 20000000 generations:
      From worker 15:	
      From worker 15:		num_imitating:			12499083
      From worker 15:		num_not_imitating:		7500917
      From worker 15:		num_strategies_changed:  	333084
      From worker 15:			num_random_strategies: 	12249
      From worker 15:		num_sets_changed: 		8255906
      From worker 15:			num_random_opinions: 	873388
      From worker 15:			num_biased_opinions: 	2620976
      From worker 15:		num_both_changed: 		238514
      From worker 15:	
      From worker 15:	data processed and exported
      From worker 15:	
      From worker 15:	starting b_1.0_c_0.2_N_40_M_2_K_1_P_2_beta_0.001_u_0.001_v_0.2795084971874737_p_1.0_ϵ_1.0_gens_20000000_210220-122840.582
      From worker 14:	replicate complete, ran 20000000 generations:
      From worker 14:	
      From worker 14:		num_imitating:			14999264
      From worker 14:		num_not_imitating:		5000736
      From worker 14:		num_strategies_changed:  	409619
      From worker 14:			num_random_strategies: 	14985
      From worker 14:		num_sets_changed: 		10371133
      From worker 14:			num_random_opinions: 	2095411
      From worker 14:			num_biased_opinions: 	2098995
      From worker 14:		num_both_changed: 		302340
      From worker 14:	
      From worker 14:	data processed and exported
      From worker 14:	
      From worker 14:	starting b_1.0_c_0.2_N_40_M_2_K_1_P_2_beta_0.001_u_0.001_v_0.2795084971874737_p_0.75_ϵ_1.0_gens_20000000_210220-122840.582
      From worker 13:	replicate complete, ran 20000000 generations:
      From worker 13:	
      From worker 13:		num_imitating:			17501168
      From worker 13:		num_not_imitating:		2498832
      From worker 13:		num_strategies_changed:  	520271
      From worker 13:			num_random_strategies: 	17669
      From worker 13:		num_sets_changed: 		11112928
      From worker 13:			num_random_opinions: 	1640776
      From worker 13:			num_biased_opinions: 	546206
      From worker 13:		num_both_changed: 		378960
      From worker 13:	
      From worker 13:	data processed and exported
      From worker 13:	
      From worker 13:	starting b_1.0_c_0.2_N_40_M_2_K_1_P_2_beta_0.001_u_0.001_v_0.125_p_0.5_ϵ_1.0_gens_20000000_210220-122840.582
      From worker 12:	replicate complete, ran 20000000 generations:
      From worker 12:	
      From worker 12:		num_imitating:			20000000
      From worker 12:		num_not_imitating:		0
      From worker 12:		num_strategies_changed:  	613413
      From worker 12:			num_random_strategies: 	20193
      From worker 12:		num_sets_changed: 		12720845
      From worker 12:			num_random_opinions: 	2498814
      From worker 12:			num_biased_opinions: 	0
      From worker 12:		num_both_changed: 		447685
      From worker 12:	
      From worker 12:	data processed and exported
      From worker 12:	
      From worker 12:	starting b_1.0_c_0.2_N_40_M_2_K_1_P_2_beta_0.001_u_0.001_v_0.125_p_0.25_ϵ_1.0_gens_20000000_210220-122840.582
      From worker 5:	replicate complete, ran 20000000 generations:
      From worker 5:	
      From worker 5:		num_imitating:			9996412
      From worker 5:		num_not_imitating:		10003588
      From worker 5:		num_strategies_changed:  	146343
      From worker 5:			num_random_strategies: 	9922
      From worker 5:		num_sets_changed: 		204062
      From worker 5:			num_random_opinions: 	0
      From worker 5:			num_biased_opinions: 	22359
      From worker 5:		num_both_changed: 		6312
      From worker 5:	
      From worker 5:	data processed and exported
      From worker 5:	
      From worker 5:	starting b_1.0_c_0.2_N_40_M_2_K_1_P_2_beta_0.001_u_0.001_v_0.005_p_0.0_ϵ_1.0_gens_20000000_210220-122840.582
      From worker 3:	replicate complete, ran 20000000 generations:
      From worker 3:	
      From worker 3:		num_imitating:			14999477
      From worker 3:		num_not_imitating:		5000523
      From worker 3:		num_strategies_changed:  	438519
      From worker 3:			num_random_strategies: 	14805
      From worker 3:		num_sets_changed: 		427883
      From worker 3:			num_random_opinions: 	7565
      From worker 3:			num_biased_opinions: 	7517
      From worker 3:		num_both_changed: 		22879
      From worker 3:	
      From worker 3:	data processed and exported
      From worker 3:	
      From worker 3:	starting b_1.0_c_0.2_N_40_M_2_K_1_P_2_beta_0.001_u_0.001_v_0.001_p_0.75_ϵ_1.0_gens_20000000_210220-122840.582
      From worker 2:	replicate complete, ran 20000000 generations:
      From worker 2:	
      From worker 2:		num_imitating:			17501714
      From worker 2:		num_not_imitating:		2498286
      From worker 2:		num_strategies_changed:  	492054
      From worker 2:			num_random_strategies: 	17401
      From worker 2:		num_sets_changed: 		497637
      From worker 2:			num_random_opinions: 	13098
      From worker 2:			num_biased_opinions: 	4303
      From worker 2:		num_both_changed: 		23735
      From worker 2:	
      From worker 2:	data processed and exported
      From worker 2:	
      From worker 2:	starting b_1.0_c_0.2_N_40_M_2_K_1_P_2_beta_0.001_u_0.001_v_0.001_p_0.5_ϵ_1.0_gens_20000000_210220-122840.582
      From worker 4:	replicate complete, ran 20000000 generations:
      From worker 4:	
      From worker 4:		num_imitating:			12496953
      From worker 4:		num_not_imitating:		7503047
      From worker 4:		num_strategies_changed:  	333638
      From worker 4:			num_random_strategies: 	12107
      From worker 4:		num_sets_changed: 		734901
      From worker 4:			num_random_opinions: 	6910
      From worker 4:			num_biased_opinions: 	21013
      From worker 4:		num_both_changed: 		40614
      From worker 4:	
      From worker 4:	data processed and exported
      From worker 4:	
      From worker 4:	starting b_1.0_c_0.2_N_40_M_2_K_1_P_2_beta_0.001_u_0.001_v_0.0022360679774997894_p_1.0_ϵ_1.0_gens_20000000_210220-122840.582
      From worker 6:	replicate complete, ran 20000000 generations:
      From worker 6:	
      From worker 6:		num_imitating:			20000000
      From worker 6:		num_not_imitating:		0
      From worker 6:		num_strategies_changed:  	551719
      From worker 6:			num_random_strategies: 	19827
      From worker 6:		num_sets_changed: 		2401592
      From worker 6:			num_random_opinions: 	100111
      From worker 6:			num_biased_opinions: 	0
      From worker 6:		num_both_changed: 		110343
      From worker 6:	
      From worker 6:	data processed and exported
      From worker 6:	
      From worker 6:	starting b_1.0_c_0.2_N_40_M_2_K_1_P_2_beta_0.001_u_0.001_v_0.005_p_0.25_ϵ_1.0_gens_20000000_210220-122840.582
      From worker 10:	replicate complete, ran 20000000 generations:
      From worker 10:	
      From worker 10:		num_imitating:			10000002
      From worker 10:		num_not_imitating:		9999998
      From worker 10:		num_strategies_changed:  	140175
      From worker 10:			num_random_strategies: 	9879
      From worker 10:		num_sets_changed: 		1662969
      From worker 10:			num_random_opinions: 	0
      From worker 10:			num_biased_opinions: 	248779
      From worker 10:		num_both_changed: 		38758
      From worker 10:	
      From worker 10:	data processed and exported
      From worker 10:	
      From worker 10:	starting b_1.0_c_0.2_N_40_M_2_K_1_P_2_beta_0.001_u_0.001_v_0.055901699437494755_p_0.0_ϵ_1.0_gens_20000000_210220-122840.582
      From worker 8:	replicate complete, ran 20000000 generations:
      From worker 8:	
      From worker 8:		num_imitating:			14996562
      From worker 8:		num_not_imitating:		5003438
      From worker 8:		num_strategies_changed:  	424174
      From worker 8:			num_random_strategies: 	15079
      From worker 8:		num_sets_changed: 		3361887
      From worker 8:			num_random_opinions: 	83901
      From worker 8:			num_biased_opinions: 	84020
      From worker 8:		num_both_changed: 		153107
      From worker 8:	
      From worker 8:	data processed and exported
      From worker 8:	
      From worker 8:	starting b_1.0_c_0.2_N_40_M_2_K_1_P_2_beta_0.001_u_0.001_v_0.011180339887498947_p_0.75_ϵ_1.0_gens_20000000_210220-122840.582
      From worker 7:	replicate complete, ran 20000000 generations:
      From worker 7:	
      From worker 7:		num_imitating:			17500735
      From worker 7:		num_not_imitating:		2499265
      From worker 7:		num_strategies_changed:  	464790
      From worker 7:			num_random_strategies: 	17419
      From worker 7:		num_sets_changed: 		3925916
      From worker 7:			num_random_opinions: 	146266
      From worker 7:			num_biased_opinions: 	48706
      From worker 7:		num_both_changed: 		171276
      From worker 7:	
      From worker 7:	data processed and exported
      From worker 7:	
      From worker 7:	starting b_1.0_c_0.2_N_40_M_2_K_1_P_2_beta_0.001_u_0.001_v_0.011180339887498947_p_0.5_ϵ_1.0_gens_20000000_210220-122840.582
      From worker 9:	replicate complete, ran 20000000 generations:
      From worker 9:	
      From worker 9:		num_imitating:			12496122
      From worker 9:		num_not_imitating:		7503878
      From worker 9:		num_strategies_changed:  	346468
      From worker 9:			num_random_strategies: 	12443
      From worker 9:		num_sets_changed: 		4557562
      From worker 9:			num_random_opinions: 	78194
      From worker 9:			num_biased_opinions: 	233191
      From worker 9:		num_both_changed: 		188035
      From worker 9:	
      From worker 9:	data processed and exported
      From worker 9:	
      From worker 9:	starting b_1.0_c_0.2_N_40_M_2_K_1_P_2_beta_0.001_u_0.001_v_0.025_p_1.0_ϵ_1.0_gens_20000000_210220-122840.582
      From worker 15:	replicate complete, ran 20000000 generations:
      From worker 15:	
      From worker 15:		num_imitating:			10001265
      From worker 15:		num_not_imitating:		9998735
      From worker 15:		num_strategies_changed:  	147532
      From worker 15:			num_random_strategies: 	10102
      From worker 15:		num_sets_changed: 		4427177
      From worker 15:			num_random_opinions: 	0
      From worker 15:			num_biased_opinions: 	2794851
      From worker 15:		num_both_changed: 		72145
      From worker 15:	
      From worker 15:	data processed and exported
      From worker 15:	
      From worker 15:	starting b_1.0_c_0.2_N_40_M_2_K_1_P_2_beta_0.001_u_0.001_v_0.625_p_0.0_ϵ_1.0_gens_20000000_210220-122840.582
      From worker 11:	replicate complete, ran 20000000 generations:
      From worker 11:	
      From worker 11:		num_imitating:			20000000
      From worker 11:		num_not_imitating:		0
      From worker 11:		num_strategies_changed:  	592664
      From worker 11:			num_random_strategies: 	19940
      From worker 11:		num_sets_changed: 		10434007
      From worker 11:			num_random_opinions: 	1119394
      From worker 11:			num_biased_opinions: 	0
      From worker 11:		num_both_changed: 		398742
      From worker 11:	
      From worker 11:	data processed and exported
      From worker 11:	
      From worker 11:	starting b_1.0_c_0.2_N_40_M_2_K_1_P_2_beta_0.001_u_0.001_v_0.055901699437494755_p_0.25_ϵ_1.0_gens_20000000_210220-122840.582
      From worker 3:	replicate complete, ran 20000000 generations:
      From worker 3:	
      From worker 3:		num_imitating:			12500374
      From worker 3:		num_not_imitating:		7499626
      From worker 3:		num_strategies_changed:  	370446
      From worker 3:			num_random_strategies: 	12526
      From worker 3:		num_sets_changed: 		332766
      From worker 3:			num_random_opinions: 	3065
      From worker 3:			num_biased_opinions: 	9442
      From worker 3:		num_both_changed: 		17257
      From worker 3:	
      From worker 3:	data processed and exported
      From worker 3:	
      From worker 3:	starting b_1.0_c_0.2_N_40_M_2_K_1_P_2_beta_0.001_u_0.001_v_0.001_p_1.0_ϵ_1.0_gens_20000000_210220-122840.582
      From worker 2:	replicate complete, ran 20000000 generations:
      From worker 2:	
      From worker 2:		num_imitating:			14999223
      From worker 2:		num_not_imitating:		5000777
      From worker 2:		num_strategies_changed:  	472236
      From worker 2:			num_random_strategies: 	15038
      From worker 2:		num_sets_changed: 		414220
      From worker 2:			num_random_opinions: 	7414
      From worker 2:			num_biased_opinions: 	7479
      From worker 2:		num_both_changed: 		27143
      From worker 2:	
      From worker 2:	data processed and exported
      From worker 2:	
      From worker 2:	starting b_1.0_c_0.2_N_40_M_2_K_1_P_2_beta_0.001_u_0.001_v_0.001_p_0.75_ϵ_1.0_gens_20000000_210220-122840.582
      From worker 4:	replicate complete, ran 20000000 generations:
      From worker 4:	
      From worker 4:		num_imitating:			9997348
      From worker 4:		num_not_imitating:		10002652
      From worker 4:		num_strategies_changed:  	145378
      From worker 4:			num_random_strategies: 	10021
      From worker 4:		num_sets_changed: 		205970
      From worker 4:			num_random_opinions: 	0
      From worker 4:			num_biased_opinions: 	22273
      From worker 4:		num_both_changed: 		5821
      From worker 4:	
      From worker 4:	data processed and exported
      From worker 4:	
      From worker 4:	starting b_1.0_c_0.2_N_40_M_2_K_1_P_2_beta_0.001_u_0.001_v_0.0022360679774997894_p_0.0_ϵ_1.0_gens_20000000_210220-122840.582
      From worker 5:	replicate complete, ran 20000000 generations:
      From worker 5:	
      From worker 5:		num_imitating:			20000000
      From worker 5:		num_not_imitating:		0
      From worker 5:		num_strategies_changed:  	572790
      From worker 5:			num_random_strategies: 	19997
      From worker 5:		num_sets_changed: 		2373467
      From worker 5:			num_random_opinions: 	99908
      From worker 5:			num_biased_opinions: 	0
      From worker 5:		num_both_changed: 		122766
      From worker 5:	
      From worker 5:	data processed and exported
      From worker 5:	
      From worker 5:	starting b_1.0_c_0.2_N_40_M_2_K_1_P_2_beta_0.001_u_0.001_v_0.005_p_0.25_ϵ_1.0_gens_20000000_210220-122840.582
      From worker 14:	replicate complete, ran 20000000 generations:
      From worker 14:	
      From worker 14:		num_imitating:			12499414
      From worker 14:		num_not_imitating:		7500586
      From worker 14:		num_strategies_changed:  	368487
      From worker 14:			num_random_strategies: 	12415
      From worker 14:		num_sets_changed: 		8256403
      From worker 14:			num_random_opinions: 	873886
      From worker 14:			num_biased_opinions: 	2620746
      From worker 14:		num_both_changed: 		264337
      From worker 14:	
      From worker 14:	data processed and exported
      From worker 14:	
      From worker 14:	starting b_1.0_c_0.2_N_40_M_2_K_1_P_2_beta_0.001_u_0.001_v_0.2795084971874737_p_1.0_ϵ_1.0_gens_20000000_210220-122840.582
      From worker 6:	replicate complete, ran 20000000 generations:
      From worker 6:	
      From worker 6:		num_imitating:			17500840
      From worker 6:		num_not_imitating:		2499160
      From worker 6:		num_strategies_changed:  	519533
      From worker 6:			num_random_strategies: 	17452
      From worker 6:		num_sets_changed: 		2119230
      From worker 6:			num_random_opinions: 	65658
      From worker 6:			num_biased_opinions: 	22111
      From worker 6:		num_both_changed: 		115704
      From worker 6:	
      From worker 6:	data processed and exported
      From worker 6:	
      From worker 6:	starting b_1.0_c_0.2_N_40_M_2_K_1_P_2_beta_0.001_u_0.001_v_0.005_p_0.5_ϵ_1.0_gens_20000000_210220-122840.582
      From worker 16:	replicate complete, ran 20000000 generations:
      From worker 16:	
      From worker 16:		num_imitating:			20000000
      From worker 16:		num_not_imitating:		0
      From worker 16:		num_strategies_changed:  	581846
      From worker 16:			num_random_strategies: 	20045
      From worker 16:		num_sets_changed: 		14777072
      From worker 16:			num_random_opinions: 	12499713
      From worker 16:			num_biased_opinions: 	0
      From worker 16:		num_both_changed: 		436412
      From worker 16:	
      From worker 16:	data processed and exported
      From worker 16:	
      From worker 16:	starting b_1.0_c_0.2_N_40_M_2_K_1_P_2_beta_0.001_u_0.001_v_0.625_p_0.25_ϵ_1.0_gens_20000000_210220-122840.582
      From worker 13:	replicate complete, ran 20000000 generations:
      From worker 13:	
      From worker 13:		num_imitating:			14995755
      From worker 13:		num_not_imitating:		5004245
      From worker 13:		num_strategies_changed:  	415479
      From worker 13:			num_random_strategies: 	14947
      From worker 13:		num_sets_changed: 		9436132
      From worker 13:			num_random_opinions: 	937401
      From worker 13:			num_biased_opinions: 	936809
      From worker 13:		num_both_changed: 		302483
      From worker 13:	
      From worker 13:	data processed and exported
      From worker 13:	
      From worker 13:	starting b_1.0_c_0.2_N_40_M_2_K_1_P_2_beta_0.001_u_0.001_v_0.125_p_0.75_ϵ_1.0_gens_20000000_210220-122840.582
      From worker 12:	replicate complete, ran 20000000 generations:
      From worker 12:	
      From worker 12:		num_imitating:			17501238
      From worker 12:		num_not_imitating:		2498762
      From worker 12:		num_strategies_changed:  	543623
      From worker 12:			num_random_strategies: 	17539
      From worker 12:		num_sets_changed: 		11106679
      From worker 12:			num_random_opinions: 	1640089
      From worker 12:			num_biased_opinions: 	546472
      From worker 12:		num_both_changed: 		397769
      From worker 12:	
      From worker 12:	data processed and exported
      From worker 12:	
      From worker 12:	starting b_1.0_c_0.2_N_40_M_2_K_1_P_2_beta_0.001_u_0.001_v_0.125_p_0.5_ϵ_1.0_gens_20000000_210220-122840.582
      From worker 8:	replicate complete, ran 20000000 generations:
      From worker 8:	
      From worker 8:		num_imitating:			12496432
      From worker 8:		num_not_imitating:		7503568
      From worker 8:		num_strategies_changed:  	373381
      From worker 8:			num_random_strategies: 	12581
      From worker 8:		num_sets_changed: 		2769379
      From worker 8:			num_random_opinions: 	35118
      From worker 8:			num_biased_opinions: 	104842
      From worker 8:		num_both_changed: 		149327
      From worker 8:	
      From worker 8:	data processed and exported
      From worker 8:	
      From worker 8:	starting b_1.0_c_0.2_N_40_M_2_K_1_P_2_beta_0.001_u_0.001_v_0.011180339887498947_p_1.0_ϵ_1.0_gens_20000000_210220-122840.582
      From worker 9:	replicate complete, ran 20000000 generations:
      From worker 9:	
      From worker 9:		num_imitating:			9999943
      From worker 9:		num_not_imitating:		10000057
      From worker 9:		num_strategies_changed:  	141772
      From worker 9:			num_random_strategies: 	10011
      From worker 9:		num_sets_changed: 		1678239
      From worker 9:			num_random_opinions: 	0
      From worker 9:			num_biased_opinions: 	249795
      From worker 9:		num_both_changed: 		39078
      From worker 9:	
      From worker 9:	data processed and exported
      From worker 9:	
      From worker 9:	starting b_1.0_c_0.2_N_40_M_2_K_1_P_2_beta_0.001_u_0.001_v_0.025_p_0.0_ϵ_1.0_gens_20000000_210220-122840.582
      From worker 7:	replicate complete, ran 20000000 generations:
      From worker 7:	
      From worker 7:		num_imitating:			14997532
      From worker 7:		num_not_imitating:		5002468
      From worker 7:		num_strategies_changed:  	454760
      From worker 7:			num_random_strategies: 	15232
      From worker 7:		num_sets_changed: 		3392394
      From worker 7:			num_random_opinions: 	83984
      From worker 7:			num_biased_opinions: 	83826
      From worker 7:		num_both_changed: 		169422
      From worker 7:	
      From worker 7:	data processed and exported
      From worker 7:	
      From worker 7:	starting b_1.0_c_0.2_N_40_M_2_K_1_P_2_beta_0.001_u_0.001_v_0.011180339887498947_p_0.75_ϵ_1.0_gens_20000000_210220-122840.582
      From worker 3:	replicate complete, ran 20000000 generations:
      From worker 3:	
      From worker 3:		num_imitating:			10007845
      From worker 3:		num_not_imitating:		9992155
      From worker 3:		num_strategies_changed:  	138967
      From worker 3:			num_random_strategies: 	9886
      From worker 3:		num_sets_changed: 		95205
      From worker 3:			num_random_opinions: 	0
      From worker 3:			num_biased_opinions: 	10051
      From worker 3:		num_both_changed: 		1569
      From worker 3:	
      From worker 3:	data processed and exported
      From worker 3:	
      From worker 3:	starting b_1.0_c_0.2_N_40_M_2_K_1_P_2_beta_0.001_u_0.001_v_0.0022360679774997894_p_0.0_ϵ_1.0_gens_20000000_210220-122840.582
      From worker 2:	replicate complete, ran 20000000 generations:
      From worker 2:	
      From worker 2:		num_imitating:			12500488
      From worker 2:		num_not_imitating:		7499512
      From worker 2:		num_strategies_changed:  	363415
      From worker 2:			num_random_strategies: 	12749
      From worker 2:		num_sets_changed: 		363429
      From worker 2:			num_random_opinions: 	3146
      From worker 2:			num_biased_opinions: 	9534
      From worker 2:		num_both_changed: 		21510
      From worker 2:	
      From worker 2:	data processed and exported
      From worker 2:	
      From worker 2:	starting b_1.0_c_0.2_N_40_M_2_K_1_P_2_beta_0.001_u_0.001_v_0.001_p_1.0_ϵ_1.0_gens_20000000_210220-122840.582
      From worker 10:	replicate complete, ran 20000000 generations:
      From worker 10:	
      From worker 10:		num_imitating:			20000000
      From worker 10:		num_not_imitating:		0
      From worker 10:		num_strategies_changed:  	590243
      From worker 10:			num_random_strategies: 	19875
      From worker 10:		num_sets_changed: 		10429858
      From worker 10:			num_random_opinions: 	1117967
      From worker 10:			num_biased_opinions: 	0
      From worker 10:		num_both_changed: 		400539
      From worker 10:	
      From worker 10:	data processed and exported
      From worker 10:	
      From worker 10:	starting b_1.0_c_0.2_N_40_M_2_K_1_P_2_beta_0.001_u_0.001_v_0.055901699437494755_p_0.25_ϵ_1.0_gens_20000000_210220-122840.582
      From worker 4:	replicate complete, ran 20000000 generations:
      From worker 4:	
      From worker 4:		num_imitating:			20000000
      From worker 4:		num_not_imitating:		0
      From worker 4:		num_strategies_changed:  	586074
      From worker 4:			num_random_strategies: 	19892
      From worker 4:		num_sets_changed: 		1147374
      From worker 4:			num_random_opinions: 	44877
      From worker 4:			num_biased_opinions: 	0
      From worker 4:		num_both_changed: 		62406
      From worker 4:	
      From worker 4:	data processed and exported
      From worker 4:	
      From worker 4:	starting b_1.0_c_0.2_N_40_M_2_K_1_P_2_beta_0.001_u_0.001_v_0.0022360679774997894_p_0.25_ϵ_1.0_gens_20000000_210220-122840.582
      From worker 5:	replicate complete, ran 20000000 generations:
      From worker 5:	
      From worker 5:		num_imitating:			17498154
      From worker 5:		num_not_imitating:		2501846
      From worker 5:		num_strategies_changed:  	505594
      From worker 5:			num_random_strategies: 	17673
      From worker 5:		num_sets_changed: 		2084186
      From worker 5:			num_random_opinions: 	65315
      From worker 5:			num_biased_opinions: 	21815
      From worker 5:		num_both_changed: 		108090
      From worker 5:	
      From worker 5:	data processed and exported
      From worker 5:	
      From worker 5:	starting b_1.0_c_0.2_N_40_M_2_K_1_P_2_beta_0.001_u_0.001_v_0.005_p_0.5_ϵ_1.0_gens_20000000_210220-122840.582
      From worker 6:	replicate complete, ran 20000000 generations:
      From worker 6:	
      From worker 6:		num_imitating:			14999236
      From worker 6:		num_not_imitating:		5000764
      From worker 6:		num_strategies_changed:  	447521
      From worker 6:			num_random_strategies: 	14980
      From worker 6:		num_sets_changed: 		1836081
      From worker 6:			num_random_opinions: 	37337
      From worker 6:			num_biased_opinions: 	37798
      From worker 6:		num_both_changed: 		103078
      From worker 6:	
      From worker 6:	data processed and exported
      From worker 6:	
      From worker 6:	starting b_1.0_c_0.2_N_40_M_2_K_1_P_2_beta_0.001_u_0.001_v_0.005_p_0.75_ϵ_1.0_gens_20000000_210220-122840.582
      From worker 11:	replicate complete, ran 20000000 generations:
      From worker 11:	
      From worker 11:		num_imitating:			17499244
      From worker 11:		num_not_imitating:		2500756
      From worker 11:		num_strategies_changed:  	503126
      From worker 11:			num_random_strategies: 	17451
      From worker 11:		num_sets_changed: 		9151868
      From worker 11:			num_random_opinions: 	734587
      From worker 11:			num_biased_opinions: 	243675
      From worker 11:		num_both_changed: 		338661
      From worker 11:	
      From worker 11:	data processed and exported
      From worker 11:	
      From worker 11:	starting b_1.0_c_0.2_N_40_M_2_K_1_P_2_beta_0.001_u_0.001_v_0.055901699437494755_p_0.5_ϵ_1.0_gens_20000000_210220-122840.582
      From worker 14:	replicate complete, ran 20000000 generations:
      From worker 14:	
      From worker 14:		num_imitating:			10001155
      From worker 14:		num_not_imitating:		9998845
      From worker 14:		num_strategies_changed:  	147905
      From worker 14:			num_random_strategies: 	10002
      From worker 14:		num_sets_changed: 		4425749
      From worker 14:			num_random_opinions: 	0
      From worker 14:			num_biased_opinions: 	2795644
      From worker 14:		num_both_changed: 		72536
      From worker 14:	
      From worker 14:	data processed and exported
      From worker 14:	
      From worker 14:	starting b_1.0_c_0.2_N_40_M_2_K_1_P_2_beta_0.001_u_0.001_v_0.2795084971874737_p_0.0_ϵ_1.0_gens_20000000_210220-122840.582
      From worker 8:	replicate complete, ran 20000000 generations:
      From worker 8:	
      From worker 8:		num_imitating:			9998265
      From worker 8:		num_not_imitating:		10001735
      From worker 8:		num_strategies_changed:  	143212
      From worker 8:			num_random_strategies: 	9955
      From worker 8:		num_sets_changed: 		913540
      From worker 8:			num_random_opinions: 	0
      From worker 8:			num_biased_opinions: 	112495
      From worker 8:		num_both_changed: 		22970
      From worker 8:	
      From worker 8:	data processed and exported
      From worker 8:	
      From worker 8:	starting b_1.0_c_0.2_N_40_M_2_K_1_P_2_beta_0.001_u_0.001_v_0.025_p_0.0_ϵ_1.0_gens_20000000_210220-122840.582
      From worker 15:	replicate complete, ran 20000000 generations:
      From worker 15:	
      From worker 15:		num_imitating:			20000000
      From worker 15:		num_not_imitating:		0
      From worker 15:		num_strategies_changed:  	582268
      From worker 15:			num_random_strategies: 	20081
      From worker 15:		num_sets_changed: 		14775040
      From worker 15:			num_random_opinions: 	12496010
      From worker 15:			num_biased_opinions: 	0
      From worker 15:		num_both_changed: 		436048
      From worker 15:	
      From worker 15:	data processed and exported
      From worker 15:	
      From worker 15:	starting b_1.0_c_0.2_N_40_M_2_K_1_P_2_beta_0.001_u_0.001_v_0.625_p_0.25_ϵ_1.0_gens_20000000_210220-122840.582
      From worker 2:	replicate complete, ran 20000000 generations:
      From worker 2:	
      From worker 2:		num_imitating:			9998356
      From worker 2:		num_not_imitating:		10001644
      From worker 2:		num_strategies_changed:  	142151
      From worker 2:			num_random_strategies: 	9915
      From worker 2:		num_sets_changed: 		99612
      From worker 2:			num_random_opinions: 	0
      From worker 2:			num_biased_opinions: 	10037
      From worker 2:		num_both_changed: 		2013
      From worker 2:	
      From worker 2:	data processed and exported
      From worker 2:	
      From worker 2:	starting b_1.0_c_0.2_N_40_M_2_K_1_P_2_beta_0.001_u_0.001_v_0.001_p_0.0_ϵ_1.0_gens_20000000_210220-122840.582
      From worker 13:	replicate complete, ran 20000000 generations:
      From worker 13:	
      From worker 13:		num_imitating:			12500633
      From worker 13:		num_not_imitating:		7499367
      From worker 13:		num_strategies_changed:  	363016
      From worker 13:			num_random_strategies: 	12484
      From worker 13:		num_sets_changed: 		7678376
      From worker 13:			num_random_opinions: 	391094
      From worker 13:			num_biased_opinions: 	1172645
      From worker 13:		num_both_changed: 		263227
      From worker 13:	
      From worker 13:	data processed and exported
      From worker 13:	
      From worker 13:	starting b_1.0_c_0.2_N_40_M_2_K_1_P_2_beta_0.001_u_0.001_v_0.125_p_1.0_ϵ_1.0_gens_20000000_210220-122840.582
      From worker 7:	replicate complete, ran 20000000 generations:
      From worker 7:	
      From worker 7:		num_imitating:			12500867
      From worker 7:		num_not_imitating:		7499133
      From worker 7:		num_strategies_changed:  	359751
      From worker 7:			num_random_strategies: 	12406
      From worker 7:		num_sets_changed: 		2807465
      From worker 7:			num_random_opinions: 	35032
      From worker 7:			num_biased_opinions: 	104646
      From worker 7:		num_both_changed: 		135302
      From worker 7:	
      From worker 7:	data processed and exported
      From worker 7:	
      From worker 7:	starting b_1.0_c_0.2_N_40_M_2_K_1_P_2_beta_0.001_u_0.001_v_0.011180339887498947_p_1.0_ϵ_1.0_gens_20000000_210220-122840.582
      From worker 3:	replicate complete, ran 20000000 generations:
      From worker 3:	
      From worker 3:		num_imitating:			20000000
      From worker 3:		num_not_imitating:		0
      From worker 3:		num_strategies_changed:  	558339
      From worker 3:			num_random_strategies: 	19692
      From worker 3:		num_sets_changed: 		1193579
      From worker 3:			num_random_opinions: 	44661
      From worker 3:			num_biased_opinions: 	0
      From worker 3:		num_both_changed: 		57874
      From worker 3:	
      From worker 3:	data processed and exported
      From worker 3:	
      From worker 3:	starting b_1.0_c_0.2_N_40_M_2_K_1_P_2_beta_0.001_u_0.001_v_0.0022360679774997894_p_0.25_ϵ_1.0_gens_20000000_210220-122840.582
      From worker 4:	replicate complete, ran 20000000 generations:
      From worker 4:	
      From worker 4:		num_imitating:			17500767
      From worker 4:		num_not_imitating:		2499233
      From worker 4:		num_strategies_changed:  	522808
      From worker 4:			num_random_strategies: 	17642
      From worker 4:		num_sets_changed: 		1069722
      From worker 4:			num_random_opinions: 	29567
      From worker 4:			num_biased_opinions: 	9712
      From worker 4:		num_both_changed: 		55323
      From worker 4:	
      From worker 4:	data processed and exported
      From worker 4:	
      From worker 4:	starting b_1.0_c_0.2_N_40_M_2_K_1_P_2_beta_0.001_u_0.001_v_0.0022360679774997894_p_0.5_ϵ_1.0_gens_20000000_210220-122840.582
      From worker 16:	replicate complete, ran 20000000 generations:
      From worker 16:	
      From worker 16:		num_imitating:			17498943
      From worker 16:		num_not_imitating:		2501057
      From worker 16:		num_strategies_changed:  	531342
      From worker 16:			num_random_strategies: 	17374
      From worker 16:		num_sets_changed: 		12795945
      From worker 16:			num_random_opinions: 	8201770
      From worker 16:			num_biased_opinions: 	2734412
      From worker 16:		num_both_changed: 		394133
      From worker 16:	
      From worker 16:	data processed and exported
      From worker 16:	
      From worker 16:	starting b_1.0_c_0.2_N_40_M_2_K_1_P_2_beta_0.001_u_0.001_v_0.625_p_0.5_ϵ_1.0_gens_20000000_210220-122840.582
      From worker 12:	replicate complete, ran 20000000 generations:
      From worker 12:	
      From worker 12:		num_imitating:			14998789
      From worker 12:		num_not_imitating:		5001211
      From worker 12:		num_strategies_changed:  	436714
      From worker 12:			num_random_strategies: 	14997
      From worker 12:		num_sets_changed: 		9435203
      From worker 12:			num_random_opinions: 	937180
      From worker 12:			num_biased_opinions: 	936411
      From worker 12:		num_both_changed: 		317065
      From worker 12:	
      From worker 12:	data processed and exported
      From worker 12:	
      From worker 12:	starting b_1.0_c_0.2_N_40_M_2_K_1_P_2_beta_0.001_u_0.001_v_0.125_p_0.75_ϵ_1.0_gens_20000000_210220-122840.582
      From worker 5:	replicate complete, ran 20000000 generations:
      From worker 5:	
      From worker 5:		num_imitating:			15000328
      From worker 5:		num_not_imitating:		4999672
      From worker 5:		num_strategies_changed:  	417786
      From worker 5:			num_random_strategies: 	15075
      From worker 5:		num_sets_changed: 		1816136
      From worker 5:			num_random_opinions: 	37640
      From worker 5:			num_biased_opinions: 	37253
      From worker 5:		num_both_changed: 		94759
      From worker 5:	
      From worker 5:	data processed and exported
      From worker 5:	
      From worker 5:	starting b_1.0_c_0.2_N_40_M_2_K_1_P_2_beta_0.001_u_0.001_v_0.005_p_0.75_ϵ_1.0_gens_20000000_210220-122840.582
      From worker 9:	replicate complete, ran 20000000 generations:
      From worker 9:	
      From worker 9:		num_imitating:			20000000
      From worker 9:		num_not_imitating:		0
      From worker 9:		num_strategies_changed:  	546877
      From worker 9:			num_random_strategies: 	19572
      From worker 9:		num_sets_changed: 		7439684
      From worker 9:			num_random_opinions: 	500468
      From worker 9:			num_biased_opinions: 	0
      From worker 9:		num_both_changed: 		293160
      From worker 9:	
      From worker 9:	data processed and exported
      From worker 9:	
      From worker 9:	starting b_1.0_c_0.2_N_40_M_2_K_1_P_2_beta_0.001_u_0.001_v_0.025_p_0.25_ϵ_1.0_gens_20000000_210220-122840.582
      From worker 6:	replicate complete, ran 20000000 generations:
      From worker 6:	
      From worker 6:		num_imitating:			12498308
      From worker 6:		num_not_imitating:		7501692
      From worker 6:		num_strategies_changed:  	359955
      From worker 6:			num_random_strategies: 	12559
      From worker 6:		num_sets_changed: 		1513938
      From worker 6:			num_random_opinions: 	15487
      From worker 6:			num_biased_opinions: 	47041
      From worker 6:		num_both_changed: 		82731
      From worker 6:	
      From worker 6:	data processed and exported
      From worker 6:	
      From worker 6:	starting b_1.0_c_0.2_N_40_M_2_K_1_P_2_beta_0.001_u_0.001_v_0.005_p_1.0_ϵ_1.0_gens_20000000_210220-122840.582
      From worker 10:	replicate complete, ran 20000000 generations:
      From worker 10:	
      From worker 10:		num_imitating:			17499130
      From worker 10:		num_not_imitating:		2500870
      From worker 10:		num_strategies_changed:  	512865
      From worker 10:			num_random_strategies: 	17554
      From worker 10:		num_sets_changed: 		9128380
      From worker 10:			num_random_opinions: 	734562
      From worker 10:			num_biased_opinions: 	244198
      From worker 10:		num_both_changed: 		347461
      From worker 10:	
      From worker 10:	data processed and exported
      From worker 10:	
      From worker 10:	starting b_1.0_c_0.2_N_40_M_2_K_1_P_2_beta_0.001_u_0.001_v_0.055901699437494755_p_0.5_ϵ_1.0_gens_20000000_210220-122840.582
      From worker 2:	replicate complete, ran 20000000 generations:
      From worker 2:	
      From worker 2:		num_imitating:			20000000
      From worker 2:		num_not_imitating:		0
      From worker 2:		num_strategies_changed:  	568636
      From worker 2:			num_random_strategies: 	20263
      From worker 2:		num_sets_changed: 		543632
      From worker 2:			num_random_opinions: 	19752
      From worker 2:			num_biased_opinions: 	0
      From worker 2:		num_both_changed: 		32248
      From worker 2:	
      From worker 2:	data processed and exported
      From worker 7:	replicate complete, ran 20000000 generations:
      From worker 7:	
      From worker 7:		num_imitating:			9999822
      From worker 7:		num_not_imitating:		10000178
      From worker 7:		num_strategies_changed:  	143094
      From worker 7:			num_random_strategies: 	9864
      From worker 7:		num_sets_changed: 		906057
      From worker 7:			num_random_opinions: 	0
      From worker 7:			num_biased_opinions: 	112044
      From worker 7:		num_both_changed: 		23436
      From worker 7:	
      From worker 7:	data processed and exported
      From worker 7:	
      From worker 7:	starting b_1.0_c_0.2_N_40_M_2_K_1_P_2_beta_0.001_u_0.001_v_0.011180339887498947_p_0.0_ϵ_1.0_gens_20000000_210220-122840.582
      From worker 11:	replicate complete, ran 20000000 generations:
      From worker 11:	
      From worker 11:		num_imitating:			14999254
      From worker 11:		num_not_imitating:		5000746
      From worker 11:		num_strategies_changed:  	434379
      From worker 11:			num_random_strategies: 	14913
      From worker 11:		num_sets_changed: 		7764657
      From worker 11:			num_random_opinions: 	418307
      From worker 11:			num_biased_opinions: 	419624
      From worker 11:		num_both_changed: 		297588
      From worker 11:	
      From worker 11:	data processed and exported
      From worker 11:	
      From worker 11:	starting b_1.0_c_0.2_N_40_M_2_K_1_P_2_beta_0.001_u_0.001_v_0.055901699437494755_p_0.75_ϵ_1.0_gens_20000000_210220-122840.582
      From worker 3:	replicate complete, ran 20000000 generations:
      From worker 3:	
      From worker 3:		num_imitating:			17501509
      From worker 3:		num_not_imitating:		2498491
      From worker 3:		num_strategies_changed:  	495077
      From worker 3:			num_random_strategies: 	17421
      From worker 3:		num_sets_changed: 		1029552
      From worker 3:			num_random_opinions: 	29416
      From worker 3:			num_biased_opinions: 	9827
      From worker 3:		num_both_changed: 		50877
      From worker 3:	
      From worker 3:	data processed and exported
      From worker 13:	replicate complete, ran 20000000 generations:
      From worker 13:	
      From worker 13:		num_imitating:			10001589
      From worker 13:		num_not_imitating:		9998411
      From worker 13:		num_strategies_changed:  	142488
      From worker 13:			num_random_strategies: 	10071
      From worker 13:		num_sets_changed: 		3687489
      From worker 13:			num_random_opinions: 	0
      From worker 13:			num_biased_opinions: 	1251098
      From worker 13:		num_both_changed: 		65609
      From worker 13:	
      From worker 13:	data processed and exported
      From worker 13:	
      From worker 13:	starting b_1.0_c_0.2_N_40_M_2_K_1_P_2_beta_0.001_u_0.001_v_0.2795084971874737_p_0.0_ϵ_1.0_gens_20000000_210220-122840.582
      From worker 8:	replicate complete, ran 20000000 generations:
      From worker 8:	
      From worker 8:		num_imitating:			20000000
      From worker 8:		num_not_imitating:		0
      From worker 8:		num_strategies_changed:  	563252
      From worker 8:			num_random_strategies: 	20091
      From worker 8:		num_sets_changed: 		7457897
      From worker 8:			num_random_opinions: 	500605
      From worker 8:			num_biased_opinions: 	0
      From worker 8:		num_both_changed: 		309008
      From worker 8:	
      From worker 8:	data processed and exported
      From worker 8:	
      From worker 8:	starting b_1.0_c_0.2_N_40_M_2_K_1_P_2_beta_0.001_u_0.001_v_0.025_p_0.25_ϵ_1.0_gens_20000000_210220-122840.582
      From worker 4:	replicate complete, ran 20000000 generations:
      From worker 4:	
      From worker 4:		num_imitating:			14999461
      From worker 4:		num_not_imitating:		5000539
      From worker 4:		num_strategies_changed:  	395376
      From worker 4:			num_random_strategies: 	15152
      From worker 4:		num_sets_changed: 		880688
      From worker 4:			num_random_opinions: 	16662
      From worker 4:			num_biased_opinions: 	16885
      From worker 4:		num_both_changed: 		46497
      From worker 4:	
      From worker 4:	data processed and exported
      From worker 5:	replicate complete, ran 20000000 generations:
      From worker 5:	
      From worker 5:		num_imitating:			12496348
      From worker 5:		num_not_imitating:		7503652
      From worker 5:		num_strategies_changed:  	363850
      From worker 5:			num_random_strategies: 	12400
      From worker 5:		num_sets_changed: 		1484640
      From worker 5:			num_random_opinions: 	15837
      From worker 5:			num_biased_opinions: 	46879
      From worker 5:		num_both_changed: 		79530
      From worker 5:	
      From worker 5:	data processed and exported
      From worker 6:	replicate complete, ran 20000000 generations:
      From worker 6:	
      From worker 6:		num_imitating:			9995447
      From worker 6:		num_not_imitating:		10004553
      From worker 6:		num_strategies_changed:  	155499
      From worker 6:			num_random_strategies: 	9967
      From worker 6:		num_sets_changed: 		450593
      From worker 6:			num_random_opinions: 	0
      From worker 6:			num_biased_opinions: 	50275
      From worker 6:		num_both_changed: 		14960
      From worker 6:	
      From worker 6:	data processed and exported
      From worker 14:	replicate complete, ran 20000000 generations:
      From worker 14:	
      From worker 14:		num_imitating:			20000000
      From worker 14:		num_not_imitating:		0
      From worker 14:		num_strategies_changed:  	568073
      From worker 14:			num_random_strategies: 	19843
      From worker 14:		num_sets_changed: 		14083102
      From worker 14:			num_random_opinions: 	5587838
      From worker 14:			num_biased_opinions: 	0
      From worker 14:		num_both_changed: 		423241
      From worker 14:	
      From worker 14:	data processed and exported
      From worker 14:	
      From worker 14:	starting b_1.0_c_0.2_N_40_M_2_K_1_P_2_beta_0.001_u_0.001_v_0.2795084971874737_p_0.25_ϵ_1.0_gens_20000000_210220-122840.582
      From worker 15:	replicate complete, ran 20000000 generations:
      From worker 15:	
      From worker 15:		num_imitating:			17497672
      From worker 15:		num_not_imitating:		2502328
      From worker 15:		num_strategies_changed:  	494196
      From worker 15:			num_random_strategies: 	17329
      From worker 15:		num_sets_changed: 		12790417
      From worker 15:			num_random_opinions: 	8206078
      From worker 15:			num_biased_opinions: 	2733886
      From worker 15:		num_both_changed: 		366792
      From worker 15:	
      From worker 15:	data processed and exported
      From worker 15:	
      From worker 15:	starting b_1.0_c_0.2_N_40_M_2_K_1_P_2_beta_0.001_u_0.001_v_0.625_p_0.5_ϵ_1.0_gens_20000000_210220-122840.582
      From worker 9:	replicate complete, ran 20000000 generations:
      From worker 9:	
      From worker 9:		num_imitating:			17501882
      From worker 9:		num_not_imitating:		2498118
      From worker 9:		num_strategies_changed:  	493824
      From worker 9:			num_random_strategies: 	17531
      From worker 9:		num_sets_changed: 		6471334
      From worker 9:			num_random_opinions: 	328006
      From worker 9:			num_biased_opinions: 	110127
      From worker 9:		num_both_changed: 		270020
      From worker 9:	
      From worker 12:	replicate complete, ran 20000000 generations:
      From worker 12:	
      From worker 12:		num_imitating:			12501363
      From worker 12:		num_not_imitating:		7498637
      From worker 12:		num_strategies_changed:  	356077
      From worker 12:			num_random_strategies: 	12331
      From worker 12:		num_sets_changed: 		7683214
      From worker 12:			num_random_opinions: 	391031
      From worker 12:			num_biased_opinions: 	1172268
      From worker 12:		num_both_changed: 		257059
      From worker 12:	
      From worker 9:	data processed and exported
      From worker 12:	data processed and exported
      From worker 9:	
      From worker 9:	starting b_1.0_c_0.2_N_40_M_2_K_1_P_2_beta_0.001_u_0.001_v_0.025_p_0.5_ϵ_1.0_gens_20000000_210220-122840.582
      From worker 12:	
      From worker 12:	starting b_1.0_c_0.2_N_40_M_2_K_1_P_2_beta_0.001_u_0.001_v_0.125_p_1.0_ϵ_1.0_gens_20000000_210220-122840.582
      From worker 16:	replicate complete, ran 20000000 generations:
      From worker 16:	
      From worker 16:		num_imitating:			14995279
      From worker 16:		num_not_imitating:		5004721
      From worker 16:		num_strategies_changed:  	420196
      From worker 16:			num_random_strategies: 	14926
      From worker 16:		num_sets_changed: 		10567905
      From worker 16:			num_random_opinions: 	4685117
      From worker 16:			num_biased_opinions: 	4687300
      From worker 16:		num_both_changed: 		301666
      From worker 16:	
      From worker 16:	data processed and exported
      From worker 16:	
      From worker 16:	starting b_1.0_c_0.2_N_40_M_2_K_1_P_2_beta_0.001_u_0.001_v_0.625_p_0.75_ϵ_1.0_gens_20000000_210220-122840.582
      From worker 10:	replicate complete, ran 20000000 generations:
      From worker 10:	
      From worker 10:		num_imitating:			15003023
      From worker 10:		num_not_imitating:		4996977
      From worker 10:		num_strategies_changed:  	422710
      From worker 10:			num_random_strategies: 	14808
      From worker 10:		num_sets_changed: 		7748632
      From worker 10:			num_random_opinions: 	419872
      From worker 10:			num_biased_opinions: 	418453
      From worker 10:		num_both_changed: 		287929
      From worker 10:	
      From worker 10:	data processed and exported
      From worker 10:	
      From worker 10:	starting b_1.0_c_0.2_N_40_M_2_K_1_P_2_beta_0.001_u_0.001_v_0.055901699437494755_p_0.75_ϵ_1.0_gens_20000000_210220-122840.582
      From worker 7:	replicate complete, ran 20000000 generations:
      From worker 7:	
      From worker 7:		num_imitating:			20000000
      From worker 7:		num_not_imitating:		0
      From worker 7:		num_strategies_changed:  	583537
      From worker 7:			num_random_strategies: 	20041
      From worker 7:		num_sets_changed: 		4507423
      From worker 7:			num_random_opinions: 	224175
      From worker 7:			num_biased_opinions: 	0
      From worker 7:		num_both_changed: 		209167
      From worker 7:	
      From worker 7:	data processed and exported
      From worker 11:	replicate complete, ran 20000000 generations:
      From worker 11:	
      From worker 11:		num_imitating:			12506775
      From worker 11:		num_not_imitating:		7493225
      From worker 11:		num_strategies_changed:  	342443
      From worker 11:			num_random_strategies: 	12388
      From worker 11:		num_sets_changed: 		6372912
      From worker 11:			num_random_opinions: 	174211
      From worker 11:			num_biased_opinions: 	525125
      From worker 11:		num_both_changed: 		229810
      From worker 11:	
      From worker 11:	data processed and exported
      From worker 11:	
      From worker 11:	starting b_1.0_c_0.2_N_40_M_2_K_1_P_2_beta_0.001_u_0.001_v_0.055901699437494755_p_1.0_ϵ_1.0_gens_20000000_210220-122840.582
      From worker 8:	replicate complete, ran 20000000 generations:
      From worker 8:	
      From worker 8:		num_imitating:			17501181
      From worker 8:		num_not_imitating:		2498819
      From worker 8:		num_strategies_changed:  	531429
      From worker 8:			num_random_strategies: 	17828
      From worker 8:		num_sets_changed: 		6497831
      From worker 8:			num_random_opinions: 	327840
      From worker 8:			num_biased_opinions: 	109827
      From worker 8:		num_both_changed: 		286566
      From worker 8:	
      From worker 8:	data processed and exported
      From worker 12:	replicate complete, ran 20000000 generations:
      From worker 12:	
      From worker 12:		num_imitating:			10001321
      From worker 12:		num_not_imitating:		9998679
      From worker 12:		num_strategies_changed:  	151122
      From worker 12:			num_random_strategies: 	9924
      From worker 12:		num_sets_changed: 		3698094
      From worker 12:			num_random_opinions: 	0
      From worker 12:			num_biased_opinions: 	1250655
      From worker 12:		num_both_changed: 		70110
      From worker 12:	
      From worker 12:	data processed and exported
      From worker 12:	
      From worker 12:	starting b_1.0_c_0.2_N_40_M_2_K_1_P_2_beta_0.001_u_0.001_v_0.125_p_0.0_ϵ_1.0_gens_20000000_210220-122840.582
      From worker 13:	replicate complete, ran 20000000 generations:
      From worker 13:	
      From worker 13:		num_imitating:			20000000
      From worker 13:		num_not_imitating:		0
      From worker 13:		num_strategies_changed:  	576007
      From worker 13:			num_random_strategies: 	20076
      From worker 13:		num_sets_changed: 		14079222
      From worker 13:			num_random_opinions: 	5589235
      From worker 13:			num_biased_opinions: 	0
      From worker 13:		num_both_changed: 		429119
      From worker 13:	
      From worker 13:	data processed and exported
      From worker 13:	
      From worker 13:	starting b_1.0_c_0.2_N_40_M_2_K_1_P_2_beta_0.001_u_0.001_v_0.2795084971874737_p_0.25_ϵ_1.0_gens_20000000_210220-122840.582
      From worker 9:	replicate complete, ran 20000000 generations:
      From worker 9:	
      From worker 9:		num_imitating:			14999397
      From worker 9:		num_not_imitating:		5000603
      From worker 9:		num_strategies_changed:  	439407
      From worker 9:			num_random_strategies: 	15068
      From worker 9:		num_sets_changed: 		5546718
      From worker 9:			num_random_opinions: 	187110
      From worker 9:			num_biased_opinions: 	187356
      From worker 9:		num_both_changed: 		236033
      From worker 9:	
      From worker 9:	data processed and exported
      From worker 14:	replicate complete, ran 20000000 generations:
      From worker 14:	
      From worker 14:		num_imitating:			17499317
      From worker 14:		num_not_imitating:		2500683
      From worker 14:		num_strategies_changed:  	517869
      From worker 14:			num_random_strategies: 	17565
      From worker 14:		num_sets_changed: 		12267737
      From worker 14:			num_random_opinions: 	3668631
      From worker 14:			num_biased_opinions: 	1223908
      From worker 14:		num_both_changed: 		385751
      From worker 14:	
      From worker 14:	data processed and exported
      From worker 14:	
      From worker 14:	starting b_1.0_c_0.2_N_40_M_2_K_1_P_2_beta_0.001_u_0.001_v_0.2795084971874737_p_0.5_ϵ_1.0_gens_20000000_210220-122840.582
      From worker 15:	replicate complete, ran 20000000 generations:
      From worker 15:	
      From worker 15:		num_imitating:			15001016
      From worker 15:		num_not_imitating:		4998984
      From worker 15:		num_strategies_changed:  	459311
      From worker 15:			num_random_strategies: 	15094
      From worker 15:		num_sets_changed: 		10576714
      From worker 15:			num_random_opinions: 	4691117
      From worker 15:			num_biased_opinions: 	4686245
      From worker 15:		num_both_changed: 		330331
      From worker 15:	
      From worker 15:	data processed and exported
      From worker 15:	
      From worker 15:	starting b_1.0_c_0.2_N_40_M_2_K_1_P_2_beta_0.001_u_0.001_v_0.625_p_0.75_ϵ_1.0_gens_20000000_210220-122840.582
      From worker 16:	replicate complete, ran 20000000 generations:
      From worker 16:	
      From worker 16:		num_imitating:			12499307
      From worker 16:		num_not_imitating:		7500693
      From worker 16:		num_strategies_changed:  	355288
      From worker 16:			num_random_strategies: 	12580
      From worker 16:		num_sets_changed: 		8052288
      From worker 16:			num_random_opinions: 	1950405
      From worker 16:			num_biased_opinions: 	5860029
      From worker 16:		num_both_changed: 		235037
      From worker 16:	
      From worker 16:	data processed and exported
      From worker 16:	
      From worker 16:	starting b_1.0_c_0.2_N_40_M_2_K_1_P_2_beta_0.001_u_0.001_v_0.625_p_1.0_ϵ_1.0_gens_20000000_210220-122840.582
      From worker 11:	replicate complete, ran 20000000 generations:
      From worker 11:	
      From worker 11:		num_imitating:			9999550
      From worker 11:		num_not_imitating:		10000450
      From worker 11:		num_strategies_changed:  	142251
      From worker 11:			num_random_strategies: 	9985
      From worker 11:		num_sets_changed: 		2688019
      From worker 11:			num_random_opinions: 	0
      From worker 11:			num_biased_opinions: 	559207
      From worker 11:		num_both_changed: 		53588
      From worker 11:	
      From worker 11:	data processed and exported
      From worker 10:	replicate complete, ran 20000000 generations:
      From worker 10:	
      From worker 10:		num_imitating:			12502535
      From worker 10:		num_not_imitating:		7497465
      From worker 10:		num_strategies_changed:  	367985
      From worker 10:			num_random_strategies: 	12723
      From worker 10:		num_sets_changed: 		6385571
      From worker 10:			num_random_opinions: 	175111
      From worker 10:			num_biased_opinions: 	524687
      From worker 10:		num_both_changed: 		248601
      From worker 10:	
      From worker 10:	data processed and exported
      From worker 16:	replicate complete, ran 20000000 generations:
      From worker 16:	
      From worker 16:		num_imitating:			9997930
      From worker 16:		num_not_imitating:		10002070
      From worker 16:		num_strategies_changed:  	145051
      From worker 16:			num_random_strategies: 	9987
      From worker 16:		num_sets_changed: 		4853500
      From worker 16:			num_random_opinions: 	0
      From worker 16:			num_biased_opinions: 	6249983
 Activating environment at `/tigress/mk28/CooperationPolarization2/Project.toml`
 Activating environment at `/tigress/mk28/CooperationPolarization2/Project.toml`
      From worker 16:		num_both_changed: 		72309
      From worker 16:	
      From worker 16:	data processed and exported
      From worker 15:	replicate complete, ran 20000000 generations:
      From worker 15:	
      From worker 15:		num_imitating:			12498651
      From worker 15:		num_not_imitating:		7501349
      From worker 15:		num_strategies_changed:  	349724
      From worker 15:			num_random_strategies: 	12570
      From worker 15:		num_sets_changed: 		8049809
      From worker 15:			num_random_opinions: 	1954482
      From worker 15:			num_biased_opinions: 	5857336
      From worker 15:		num_both_changed: 		230693
      From worker 15:	
      From worker 15:	data processed and exported
      From worker 12:	replicate complete, ran 20000000 generations:
      From worker 12:	
      From worker 12:		num_imitating:			20000000
      From worker 12:		num_not_imitating:		0
      From worker 12:		num_strategies_changed:  	600541
      From worker 12:			num_random_strategies: 	20114
      From worker 12:		num_sets_changed: 		12734240
      From worker 12:			num_random_opinions: 	2499777
      From worker 12:			num_biased_opinions: 	0
      From worker 12:		num_both_changed: 		436506
      From worker 12:	
      From worker 12:	data processed and exported
      From worker 13:	replicate complete, ran 20000000 generations:
      From worker 13:	
      From worker 13:		num_imitating:			17501326
      From worker 13:		num_not_imitating:		2498674
      From worker 13:		num_strategies_changed:  	497542
      From worker 13:			num_random_strategies: 	17379
      From worker 13:		num_sets_changed: 		12267195
      From worker 13:			num_random_opinions: 	3668505
      From worker 13:			num_biased_opinions: 	1221484
      From worker 13:		num_both_changed: 		369509
      From worker 13:	
      From worker 13:	data processed and exported
      From worker 14:	replicate complete, ran 20000000 generations:
      From worker 14:	
      From worker 14:		num_imitating:			14997985
      From worker 14:		num_not_imitating:		5002015
      From worker 14:		num_strategies_changed:  	465706
      From worker 14:			num_random_strategies: 	15056
      From worker 14:		num_sets_changed: 		10362629
      From worker 14:			num_random_opinions: 	2097558
      From worker 14:			num_biased_opinions: 	2095188
      From worker 14:		num_both_changed: 		343113
      From worker 14:	
      From worker 14:	data processed and exported
8361.528752 seconds (2.57 M allocations: 117.148 MiB, 0.00% gc time)
