packages loaded
      From worker 5:	 Activating environment at `/tigress/mk28/CooperationPolarization2/Project.toml`
      From worker 3:	 Activating environment at `/tigress/mk28/CooperationPolarization2/Project.toml`
      From worker 2:	 Activating environment at `/tigress/mk28/CooperationPolarization2/Project.toml`
      From worker 9:	 Activating environment at `/tigress/mk28/CooperationPolarization2/Project.toml`
      From worker 10:	 Activating environment at `/tigress/mk28/CooperationPolarization2/Project.toml`
      From worker 4:	 Activating environment at `/tigress/mk28/CooperationPolarization2/Project.toml`
      From worker 11:	 Activating environment at `/tigress/mk28/CooperationPolarization2/Project.toml`
      From worker 14:	 Activating environment at `/tigress/mk28/CooperationPolarization2/Project.toml`
      From worker 12:	 Activating environment at `/tigress/mk28/CooperationPolarization2/Project.toml`
      From worker 7:	 Activating environment at `/tigress/mk28/CooperationPolarization2/Project.toml`
      From worker 15:	 Activating environment at `/tigress/mk28/CooperationPolarization2/Project.toml`
      From worker 8:	 Activating environment at `/tigress/mk28/CooperationPolarization2/Project.toml`
      From worker 6:	 Activating environment at `/tigress/mk28/CooperationPolarization2/Project.toml`
      From worker 13:	 Activating environment at `/tigress/mk28/CooperationPolarization2/Project.toml`
      From worker 16:	 Activating environment at `/tigress/mk28/CooperationPolarization2/Project.toml`
      From worker 5:	packages loaded
      From worker 4:	packages loaded
      From worker 2:	packages loaded
      From worker 9:	packages loaded
      From worker 6:	packages loaded
      From worker 3:	packages loaded
      From worker 11:	packages loaded
      From worker 16:	packages loaded
      From worker 10:	packages loaded
      From worker 14:	packages loaded
      From worker 15:	packages loaded
      From worker 7:	packages loaded
      From worker 8:	packages loaded
      From worker 12:	packages loaded
      From worker 13:	packages loaded
parameters defined
      From worker 2:	
      From worker 2:	starting b_1.0_c_0.2_N_40_M_1_K_1_P_2_beta_0.0_u_0.001_v_0.0022360679774997894_p_0.0_ϵ_1.0_gens_20000000_210224-054551.337
      From worker 11:	
      From worker 11:	starting b_1.0_c_0.2_N_40_M_1_K_1_P_2_beta_0.0_u_0.001_v_0.011180339887498947_p_0.0_ϵ_1.0_gens_20000000_210224-054551.337
      From worker 6:	
      From worker 6:	starting b_1.0_c_0.2_N_40_M_1_K_1_P_2_beta_0.0_u_0.001_v_0.0022360679774997894_p_0.0_ϵ_1.0_gens_20000000_210224-054551.337
      From worker 16:	
      From worker 16:	starting b_1.0_c_0.2_N_40_M_1_K_1_P_2_beta_0.0_u_0.001_v_0.055901699437494755_p_0.0_ϵ_1.0_gens_20000000_210224-054551.337
      From worker 9:	
      From worker 9:	starting b_1.0_c_0.2_N_40_M_1_K_1_P_2_beta_0.0_u_0.001_v_0.011180339887498947_p_0.0_ϵ_1.0_gens_20000000_210224-054551.337
      From worker 14:	
      From worker 14:	starting b_1.0_c_0.2_N_40_M_1_K_1_P_2_beta_0.0_u_0.001_v_0.055901699437494755_p_0.0_ϵ_1.0_gens_20000000_210224-054551.337
      From worker 5:	
      From worker 5:	starting b_1.0_c_0.2_N_40_M_1_K_1_P_2_beta_0.0_u_0.001_v_0.0022360679774997894_p_0.0_ϵ_1.0_gens_20000000_210224-054551.337
      From worker 4:	
      From worker 4:	starting b_1.0_c_0.2_N_40_M_1_K_1_P_2_beta_0.0_u_0.001_v_0.0022360679774997894_p_0.0_ϵ_1.0_gens_20000000_210224-054551.337
      From worker 13:	
      From worker 13:	starting b_1.0_c_0.2_N_40_M_1_K_1_P_2_beta_0.0_u_0.001_v_0.055901699437494755_p_0.0_ϵ_1.0_gens_20000000_210224-054551.337
      From worker 10:	
      From worker 10:	starting b_1.0_c_0.2_N_40_M_1_K_1_P_2_beta_0.0_u_0.001_v_0.011180339887498947_p_0.0_ϵ_1.0_gens_20000000_210224-054551.337
      From worker 3:	
      From worker 3:	starting b_1.0_c_0.2_N_40_M_1_K_1_P_2_beta_0.0_u_0.001_v_0.0022360679774997894_p_0.0_ϵ_1.0_gens_20000000_210224-054551.337
      From worker 12:	
      From worker 12:	starting b_1.0_c_0.2_N_40_M_1_K_1_P_2_beta_0.0_u_0.001_v_0.055901699437494755_p_0.0_ϵ_1.0_gens_20000000_210224-054551.337
      From worker 8:	
      From worker 8:	starting b_1.0_c_0.2_N_40_M_1_K_1_P_2_beta_0.0_u_0.001_v_0.011180339887498947_p_0.0_ϵ_1.0_gens_20000000_210224-054551.337
      From worker 15:	
      From worker 15:	starting b_1.0_c_0.2_N_40_M_1_K_1_P_2_beta_0.0_u_0.001_v_0.055901699437494755_p_0.0_ϵ_1.0_gens_20000000_210224-054551.337
      From worker 7:	
      From worker 7:	starting b_1.0_c_0.2_N_40_M_1_K_1_P_2_beta_0.0_u_0.001_v_0.011180339887498947_p_0.0_ϵ_1.0_gens_20000000_210224-054551.337
      From worker 2:	replicate complete, ran 20000000 generations:
      From worker 2:	
      From worker 2:		num_imitating:			20000000
      From worker 2:		num_not_imitating:		0
      From worker 2:		num_strategies_changed:  	572527
      From worker 2:			num_random_strategies: 	20096
      From worker 2:		num_sets_changed: 		810446
      From worker 2:			num_random_opinions: 	44866
      From worker 2:			num_biased_opinions: 	0
      From worker 2:		num_both_changed: 		37661
      From worker 2:	
      From worker 2:	data processed and exported
      From worker 3:	replicate complete, ran 20000000 generations:
      From worker 3:	
      From worker 3:		num_imitating:			20000000
      From worker 3:		num_not_imitating:		0
      From worker 3:		num_strategies_changed:  	598088
      From worker 3:			num_random_strategies: 	20042
      From worker 3:		num_sets_changed: 		798794
      From worker 3:			num_random_opinions: 	44413
      From worker 3:			num_biased_opinions: 	0
      From worker 3:		num_both_changed: 		42871
      From worker 3:	
      From worker 5:	replicate complete, ran 20000000 generations:
      From worker 5:	
      From worker 5:		num_imitating:			20000000
      From worker 5:		num_not_imitating:		0
      From worker 5:		num_strategies_changed:  	577845
      From worker 5:			num_random_strategies: 	19989
      From worker 5:		num_sets_changed: 		794678
      From worker 5:			num_random_opinions: 	45070
      From worker 5:			num_biased_opinions: 	0
      From worker 5:		num_both_changed: 		40792
      From worker 5:	
      From worker 2:	
      From worker 2:	starting b_1.0_c_0.2_N_40_M_1_K_1_P_2_beta_0.0_u_0.001_v_0.0022360679774997894_p_0.25_ϵ_1.0_gens_20000000_210224-054551.337
      From worker 3:	data processed and exported
      From worker 5:	data processed and exported
      From worker 3:	
      From worker 3:	starting b_1.0_c_0.2_N_40_M_1_K_1_P_2_beta_0.0_u_0.001_v_0.0022360679774997894_p_0.25_ϵ_1.0_gens_20000000_210224-054551.337
      From worker 5:	
      From worker 5:	starting b_1.0_c_0.2_N_40_M_1_K_1_P_2_beta_0.0_u_0.001_v_0.0022360679774997894_p_0.25_ϵ_1.0_gens_20000000_210224-054551.337
      From worker 6:	replicate complete, ran 20000000 generations:
      From worker 6:	
      From worker 6:		num_imitating:			20000000
      From worker 6:		num_not_imitating:		0
      From worker 6:		num_strategies_changed:  	568643
      From worker 6:			num_random_strategies: 	20067
      From worker 6:		num_sets_changed: 		821556
      From worker 6:			num_random_opinions: 	44942
      From worker 6:			num_biased_opinions: 	0
      From worker 6:		num_both_changed: 		43317
      From worker 6:	
      From worker 6:	data processed and exported
      From worker 6:	
      From worker 6:	starting b_1.0_c_0.2_N_40_M_1_K_1_P_2_beta_0.0_u_0.001_v_0.0022360679774997894_p_0.25_ϵ_1.0_gens_20000000_210224-054551.337
      From worker 4:	replicate complete, ran 20000000 generations:
      From worker 4:	
      From worker 4:		num_imitating:			20000000
      From worker 4:		num_not_imitating:		0
      From worker 4:		num_strategies_changed:  	587867
      From worker 4:			num_random_strategies: 	20100
      From worker 4:		num_sets_changed: 		854302
      From worker 4:			num_random_opinions: 	44887
      From worker 4:			num_biased_opinions: 	0
      From worker 4:		num_both_changed: 		48193
      From worker 4:	
      From worker 4:	data processed and exported
      From worker 4:	
      From worker 4:	starting b_1.0_c_0.2_N_40_M_1_K_1_P_2_beta_0.0_u_0.001_v_0.0022360679774997894_p_0.25_ϵ_1.0_gens_20000000_210224-054551.337
      From worker 9:	replicate complete, ran 20000000 generations:
      From worker 9:	
      From worker 9:		num_imitating:			20000000
      From worker 9:		num_not_imitating:		0
      From worker 9:		num_strategies_changed:  	572820
      From worker 9:			num_random_strategies: 	20206
      From worker 9:		num_sets_changed: 		3042594
      From worker 9:			num_random_opinions: 	223339
      From worker 9:			num_biased_opinions: 	0
      From worker 9:		num_both_changed: 		147719
      From worker 9:	
      From worker 9:	data processed and exported
      From worker 9:	
      From worker 9:	starting b_1.0_c_0.2_N_40_M_1_K_1_P_2_beta_0.0_u_0.001_v_0.011180339887498947_p_0.25_ϵ_1.0_gens_20000000_210224-054551.337
      From worker 11:	replicate complete, ran 20000000 generations:
      From worker 11:	
      From worker 11:		num_imitating:			20000000
      From worker 11:		num_not_imitating:		0
      From worker 11:		num_strategies_changed:  	573756
      From worker 11:			num_random_strategies: 	19961
      From worker 11:		num_sets_changed: 		3085723
      From worker 11:			num_random_opinions: 	223060
      From worker 11:			num_biased_opinions: 	0
      From worker 11:		num_both_changed: 		153207
      From worker 11:	
      From worker 11:	data processed and exported
      From worker 11:	
      From worker 11:	starting b_1.0_c_0.2_N_40_M_1_K_1_P_2_beta_0.0_u_0.001_v_0.011180339887498947_p_0.25_ϵ_1.0_gens_20000000_210224-054551.337
      From worker 8:	replicate complete, ran 20000000 generations:
      From worker 8:	
      From worker 8:		num_imitating:			20000000
      From worker 8:		num_not_imitating:		0
      From worker 8:		num_strategies_changed:  	592363
      From worker 8:			num_random_strategies: 	20082
      From worker 8:		num_sets_changed: 		3094007
      From worker 8:			num_random_opinions: 	223910
      From worker 8:			num_biased_opinions: 	0
      From worker 8:		num_both_changed: 		149399
      From worker 8:	
      From worker 8:	data processed and exported
      From worker 10:	replicate complete, ran 20000000 generations:
      From worker 10:	
      From worker 10:		num_imitating:			20000000
      From worker 10:		num_not_imitating:		0
      From worker 10:		num_strategies_changed:  	573371
      From worker 10:			num_random_strategies: 	20179
      From worker 10:		num_sets_changed: 		3139516
      From worker 10:			num_random_opinions: 	223600
      From worker 10:			num_biased_opinions: 	0
      From worker 10:		num_both_changed: 		155665
      From worker 10:	
      From worker 10:	data processed and exported
      From worker 8:	
      From worker 8:	starting b_1.0_c_0.2_N_40_M_1_K_1_P_2_beta_0.0_u_0.001_v_0.011180339887498947_p_0.25_ϵ_1.0_gens_20000000_210224-054551.337
      From worker 10:	
      From worker 10:	starting b_1.0_c_0.2_N_40_M_1_K_1_P_2_beta_0.0_u_0.001_v_0.011180339887498947_p_0.25_ϵ_1.0_gens_20000000_210224-054551.337
      From worker 16:	replicate complete, ran 20000000 generations:
      From worker 16:	
      From worker 16:		num_imitating:			20000000
      From worker 16:		num_not_imitating:		0
      From worker 16:		num_strategies_changed:  	595777
      From worker 16:			num_random_strategies: 	19983
      From worker 16:		num_sets_changed: 		7063943
      From worker 16:			num_random_opinions: 	1119755
      From worker 16:			num_biased_opinions: 	0
      From worker 16:		num_both_changed: 		272747
      From worker 16:	
      From worker 16:	data processed and exported
      From worker 16:	
      From worker 16:	starting b_1.0_c_0.2_N_40_M_1_K_1_P_2_beta_0.0_u_0.001_v_0.055901699437494755_p_0.25_ϵ_1.0_gens_20000000_210224-054551.337
      From worker 7:	replicate complete, ran 20000000 generations:
      From worker 7:	
      From worker 7:		num_imitating:			20000000
      From worker 7:		num_not_imitating:		0
      From worker 7:		num_strategies_changed:  	568988
      From worker 7:			num_random_strategies: 	19962
      From worker 7:		num_sets_changed: 		3132196
      From worker 7:			num_random_opinions: 	222967
      From worker 7:			num_biased_opinions: 	0
      From worker 7:		num_both_changed: 		150450
      From worker 7:	
      From worker 7:	data processed and exported
      From worker 7:	
      From worker 7:	starting b_1.0_c_0.2_N_40_M_1_K_1_P_2_beta_0.0_u_0.001_v_0.011180339887498947_p_0.25_ϵ_1.0_gens_20000000_210224-054551.337
      From worker 12:	replicate complete, ran 20000000 generations:
      From worker 12:	
      From worker 12:		num_imitating:			20000000
      From worker 12:		num_not_imitating:		0
      From worker 12:		num_strategies_changed:  	587296
      From worker 12:			num_random_strategies: 	20215
      From worker 12:		num_sets_changed: 		7021175
      From worker 12:			num_random_opinions: 	1117414
      From worker 12:			num_biased_opinions: 	0
      From worker 12:		num_both_changed: 		273196
      From worker 12:	
      From worker 12:	data processed and exported
      From worker 12:	
      From worker 12:	starting b_1.0_c_0.2_N_40_M_1_K_1_P_2_beta_0.0_u_0.001_v_0.055901699437494755_p_0.25_ϵ_1.0_gens_20000000_210224-054551.337
      From worker 13:	replicate complete, ran 20000000 generations:
      From worker 13:	
      From worker 13:		num_imitating:			20000000
      From worker 13:		num_not_imitating:		0
      From worker 13:		num_strategies_changed:  	567934
      From worker 13:			num_random_strategies: 	19974
      From worker 13:		num_sets_changed: 		7035228
      From worker 13:			num_random_opinions: 	1117308
      From worker 13:			num_biased_opinions: 	0
      From worker 13:		num_both_changed: 		258945
      From worker 13:	
      From worker 15:	replicate complete, ran 20000000 generations:
      From worker 15:	
      From worker 15:		num_imitating:			20000000
      From worker 15:		num_not_imitating:		0
      From worker 15:		num_strategies_changed:  	561445
      From worker 15:			num_random_strategies: 	19659
      From worker 15:		num_sets_changed: 		7033361
      From worker 15:			num_random_opinions: 	1119292
      From worker 15:			num_biased_opinions: 	0
      From worker 15:		num_both_changed: 		250729
      From worker 15:	
      From worker 13:	data processed and exported
      From worker 15:	data processed and exported
      From worker 14:	replicate complete, ran 20000000 generations:
      From worker 14:	
      From worker 14:		num_imitating:			20000000
      From worker 14:		num_not_imitating:		0
      From worker 14:		num_strategies_changed:  	568649
      From worker 14:			num_random_strategies: 	19995
      From worker 14:		num_sets_changed: 		7042175
      From worker 14:			num_random_opinions: 	1117003
      From worker 14:			num_biased_opinions: 	0
      From worker 14:		num_both_changed: 		254657
      From worker 14:	
      From worker 13:	
      From worker 13:	starting b_1.0_c_0.2_N_40_M_1_K_1_P_2_beta_0.0_u_0.001_v_0.055901699437494755_p_0.25_ϵ_1.0_gens_20000000_210224-054551.337
      From worker 15:	
      From worker 15:	starting b_1.0_c_0.2_N_40_M_1_K_1_P_2_beta_0.0_u_0.001_v_0.055901699437494755_p_0.25_ϵ_1.0_gens_20000000_210224-054551.337
      From worker 14:	data processed and exported
      From worker 14:	
      From worker 14:	starting b_1.0_c_0.2_N_40_M_1_K_1_P_2_beta_0.0_u_0.001_v_0.055901699437494755_p_0.25_ϵ_1.0_gens_20000000_210224-054551.337
      From worker 5:	replicate complete, ran 20000000 generations:
      From worker 5:	
      From worker 5:		num_imitating:			17501400
      From worker 5:		num_not_imitating:		2498600
      From worker 5:		num_strategies_changed:  	483473
      From worker 5:			num_random_strategies: 	17457
      From worker 5:		num_sets_changed: 		730530
      From worker 5:			num_random_opinions: 	29207
      From worker 5:			num_biased_opinions: 	9861
      From worker 5:		num_both_changed: 		33285
      From worker 5:	
      From worker 5:	data processed and exported
      From worker 5:	
      From worker 5:	starting b_1.0_c_0.2_N_40_M_1_K_1_P_2_beta_0.0_u_0.001_v_0.0022360679774997894_p_0.5_ϵ_1.0_gens_20000000_210224-054551.337
      From worker 3:	replicate complete, ran 20000000 generations:
      From worker 3:	
      From worker 3:		num_imitating:			17500373
      From worker 3:		num_not_imitating:		2499627
      From worker 3:		num_strategies_changed:  	524699
      From worker 3:			num_random_strategies: 	17460
      From worker 3:		num_sets_changed: 		751129
      From worker 3:			num_random_opinions: 	29603
      From worker 3:			num_biased_opinions: 	9743
      From worker 3:		num_both_changed: 		49237
      From worker 3:	
      From worker 3:	data processed and exported
      From worker 2:	replicate complete, ran 20000000 generations:
      From worker 2:	
      From worker 2:		num_imitating:			17501574
      From worker 2:		num_not_imitating:		2498426
      From worker 2:		num_strategies_changed:  	515801
      From worker 2:			num_random_strategies: 	17467
      From worker 2:		num_sets_changed: 		698706
      From worker 2:			num_random_opinions: 	29416
      From worker 2:			num_biased_opinions: 	9685
      From worker 2:		num_both_changed: 		34176
      From worker 2:	
      From worker 2:	data processed and exported
      From worker 3:	
      From worker 3:	starting b_1.0_c_0.2_N_40_M_1_K_1_P_2_beta_0.0_u_0.001_v_0.0022360679774997894_p_0.5_ϵ_1.0_gens_20000000_210224-054551.337
      From worker 2:	
      From worker 2:	starting b_1.0_c_0.2_N_40_M_1_K_1_P_2_beta_0.0_u_0.001_v_0.0022360679774997894_p_0.5_ϵ_1.0_gens_20000000_210224-054551.337
      From worker 6:	replicate complete, ran 20000000 generations:
      From worker 6:	
      From worker 6:		num_imitating:			17500618
      From worker 6:		num_not_imitating:		2499382
      From worker 6:		num_strategies_changed:  	482472
      From worker 6:			num_random_strategies: 	17538
      From worker 6:		num_sets_changed: 		702856
      From worker 6:			num_random_opinions: 	29288
      From worker 6:			num_biased_opinions: 	9797
      From worker 6:		num_both_changed: 		35539
      From worker 6:	
      From worker 6:	data processed and exported
      From worker 6:	
      From worker 6:	starting b_1.0_c_0.2_N_40_M_1_K_1_P_2_beta_0.0_u_0.001_v_0.0022360679774997894_p_0.5_ϵ_1.0_gens_20000000_210224-054551.337
      From worker 4:	replicate complete, ran 20000000 generations:
      From worker 4:	
      From worker 4:		num_imitating:			17500060
      From worker 4:		num_not_imitating:		2499940
      From worker 4:		num_strategies_changed:  	493011
      From worker 4:			num_random_strategies: 	17251
      From worker 4:		num_sets_changed: 		742804
      From worker 4:			num_random_opinions: 	29133
      From worker 4:			num_biased_opinions: 	9799
      From worker 4:		num_both_changed: 		29634
      From worker 4:	
      From worker 4:	data processed and exported
      From worker 4:	
      From worker 4:	starting b_1.0_c_0.2_N_40_M_1_K_1_P_2_beta_0.0_u_0.001_v_0.0022360679774997894_p_0.5_ϵ_1.0_gens_20000000_210224-054551.337
      From worker 9:	replicate complete, ran 20000000 generations:
      From worker 9:	
      From worker 9:		num_imitating:			17499216
      From worker 9:		num_not_imitating:		2500784
      From worker 9:		num_strategies_changed:  	509942
      From worker 9:			num_random_strategies: 	17581
      From worker 9:		num_sets_changed: 		2711778
      From worker 9:			num_random_opinions: 	146797
      From worker 9:			num_biased_opinions: 	48823
      From worker 9:		num_both_changed: 		135256
      From worker 9:	
      From worker 9:	data processed and exported
      From worker 9:	
      From worker 9:	starting b_1.0_c_0.2_N_40_M_1_K_1_P_2_beta_0.0_u_0.001_v_0.011180339887498947_p_0.5_ϵ_1.0_gens_20000000_210224-054551.337
      From worker 11:	replicate complete, ran 20000000 generations:
      From worker 11:	
      From worker 11:		num_imitating:			17500020
      From worker 11:		num_not_imitating:		2499980
      From worker 11:		num_strategies_changed:  	529341
      From worker 11:			num_random_strategies: 	17667
      From worker 11:		num_sets_changed: 		2713242
      From worker 11:			num_random_opinions: 	146913
      From worker 11:			num_biased_opinions: 	48749
      From worker 11:		num_both_changed: 		137140
      From worker 11:	
      From worker 11:	data processed and exported
      From worker 11:	
      From worker 11:	starting b_1.0_c_0.2_N_40_M_1_K_1_P_2_beta_0.0_u_0.001_v_0.011180339887498947_p_0.5_ϵ_1.0_gens_20000000_210224-054551.337
      From worker 10:	replicate complete, ran 20000000 generations:
      From worker 10:	
      From worker 10:		num_imitating:			17501255
      From worker 10:		num_not_imitating:		2498745
      From worker 10:		num_strategies_changed:  	505029
      From worker 10:			num_random_strategies: 	17743
      From worker 10:		num_sets_changed: 		2710606
      From worker 10:			num_random_opinions: 	146496
      From worker 10:			num_biased_opinions: 	49261
      From worker 10:		num_both_changed: 		126870
      From worker 10:	
      From worker 10:	data processed and exported
      From worker 10:	
      From worker 10:	starting b_1.0_c_0.2_N_40_M_1_K_1_P_2_beta_0.0_u_0.001_v_0.011180339887498947_p_0.5_ϵ_1.0_gens_20000000_210224-054551.337
      From worker 8:	replicate complete, ran 20000000 generations:
      From worker 8:	
      From worker 8:		num_imitating:			17499127
      From worker 8:		num_not_imitating:		2500873
      From worker 8:		num_strategies_changed:  	527279
      From worker 8:			num_random_strategies: 	17295
      From worker 8:		num_sets_changed: 		2743745
      From worker 8:			num_random_opinions: 	147259
      From worker 8:			num_biased_opinions: 	49139
      From worker 8:		num_both_changed: 		157823
      From worker 8:	
      From worker 8:	data processed and exported
      From worker 8:	
      From worker 8:	starting b_1.0_c_0.2_N_40_M_1_K_1_P_2_beta_0.0_u_0.001_v_0.011180339887498947_p_0.5_ϵ_1.0_gens_20000000_210224-054551.337
      From worker 16:	replicate complete, ran 20000000 generations:
      From worker 16:	
      From worker 16:		num_imitating:			17498224
      From worker 16:		num_not_imitating:		2501776
      From worker 16:		num_strategies_changed:  	469247
      From worker 16:			num_random_strategies: 	17439
      From worker 16:		num_sets_changed: 		6143427
      From worker 16:			num_random_opinions: 	734933
      From worker 16:			num_biased_opinions: 	245276
      From worker 16:		num_both_changed: 		208633
      From worker 16:	
      From worker 16:	data processed and exported
      From worker 16:	
      From worker 16:	starting b_1.0_c_0.2_N_40_M_1_K_1_P_2_beta_0.0_u_0.001_v_0.055901699437494755_p_0.5_ϵ_1.0_gens_20000000_210224-054551.337
      From worker 7:	replicate complete, ran 20000000 generations:
      From worker 7:	
      From worker 7:		num_imitating:			17501344
      From worker 7:		num_not_imitating:		2498656
      From worker 7:		num_strategies_changed:  	485243
      From worker 7:			num_random_strategies: 	17418
      From worker 7:		num_sets_changed: 		2710405
      From worker 7:			num_random_opinions: 	146914
      From worker 7:			num_biased_opinions: 	48921
      From worker 7:		num_both_changed: 		123143
      From worker 7:	
      From worker 7:	data processed and exported
      From worker 7:	
      From worker 7:	starting b_1.0_c_0.2_N_40_M_1_K_1_P_2_beta_0.0_u_0.001_v_0.011180339887498947_p_0.5_ϵ_1.0_gens_20000000_210224-054551.337
      From worker 12:	replicate complete, ran 20000000 generations:
      From worker 12:	
      From worker 12:		num_imitating:			17502045
      From worker 12:		num_not_imitating:		2497955
      From worker 12:		num_strategies_changed:  	505692
      From worker 12:			num_random_strategies: 	17435
      From worker 12:		num_sets_changed: 		6136067
      From worker 12:			num_random_opinions: 	734564
      From worker 12:			num_biased_opinions: 	244354
      From worker 12:		num_both_changed: 		229949
      From worker 12:	
      From worker 12:	data processed and exported
      From worker 5:	replicate complete, ran 20000000 generations:
      From worker 5:	
      From worker 5:		num_imitating:			15001309
      From worker 5:		num_not_imitating:		4998691
      From worker 5:		num_strategies_changed:  	451477
      From worker 5:			num_random_strategies: 	15172
      From worker 5:		num_sets_changed: 		604358
      From worker 5:			num_random_opinions: 	16615
      From worker 5:			num_biased_opinions: 	16616
      From worker 5:		num_both_changed: 		35990
      From worker 5:	
      From worker 5:	data processed and exported
      From worker 12:	
      From worker 12:	starting b_1.0_c_0.2_N_40_M_1_K_1_P_2_beta_0.0_u_0.001_v_0.055901699437494755_p_0.5_ϵ_1.0_gens_20000000_210224-054551.337
      From worker 5:	
      From worker 5:	starting b_1.0_c_0.2_N_40_M_1_K_1_P_2_beta_0.0_u_0.001_v_0.0022360679774997894_p_0.75_ϵ_1.0_gens_20000000_210224-054551.337
      From worker 2:	replicate complete, ran 20000000 generations:
      From worker 2:	
      From worker 2:		num_imitating:			15001564
      From worker 2:		num_not_imitating:		4998436
      From worker 2:		num_strategies_changed:  	422873
      From worker 2:			num_random_strategies: 	14964
      From worker 2:		num_sets_changed: 		601610
      From worker 2:			num_random_opinions: 	16691
      From worker 2:			num_biased_opinions: 	16780
      From worker 2:		num_both_changed: 		32367
      From worker 2:	
      From worker 2:	data processed and exported
      From worker 2:	
      From worker 2:	starting b_1.0_c_0.2_N_40_M_1_K_1_P_2_beta_0.0_u_0.001_v_0.0022360679774997894_p_0.75_ϵ_1.0_gens_20000000_210224-054551.337
      From worker 3:	replicate complete, ran 20000000 generations:
      From worker 3:	
      From worker 3:		num_imitating:			15002342
      From worker 3:		num_not_imitating:		4997658
      From worker 3:		num_strategies_changed:  	427940
      From worker 3:			num_random_strategies: 	15108
      From worker 3:		num_sets_changed: 		669988
      From worker 3:			num_random_opinions: 	16757
      From worker 3:			num_biased_opinions: 	16815
      From worker 3:		num_both_changed: 		32097
      From worker 3:	
      From worker 3:	data processed and exported
      From worker 3:	
      From worker 3:	starting b_1.0_c_0.2_N_40_M_1_K_1_P_2_beta_0.0_u_0.001_v_0.0022360679774997894_p_0.75_ϵ_1.0_gens_20000000_210224-054551.337
      From worker 14:	replicate complete, ran 20000000 generations:
      From worker 14:	
      From worker 14:		num_imitating:			17499791
      From worker 14:		num_not_imitating:		2500209
      From worker 14:		num_strategies_changed:  	500634
      From worker 14:			num_random_strategies: 	17467
      From worker 14:		num_sets_changed: 		6143049
      From worker 14:			num_random_opinions: 	733847
      From worker 14:			num_biased_opinions: 	244561
      From worker 14:		num_both_changed: 		226917
      From worker 14:	
      From worker 14:	data processed and exported
      From worker 14:	
      From worker 14:	starting b_1.0_c_0.2_N_40_M_1_K_1_P_2_beta_0.0_u_0.001_v_0.055901699437494755_p_0.5_ϵ_1.0_gens_20000000_210224-054551.337
      From worker 13:	replicate complete, ran 20000000 generations:
      From worker 13:	
      From worker 13:		num_imitating:			17498900
      From worker 13:		num_not_imitating:		2501100
      From worker 13:		num_strategies_changed:  	517195
      From worker 13:			num_random_strategies: 	17461
      From worker 13:		num_sets_changed: 		6128150
      From worker 13:			num_random_opinions: 	733412
      From worker 13:			num_biased_opinions: 	244393
      From worker 13:		num_both_changed: 		231087
      From worker 13:	
      From worker 13:	data processed and exported
      From worker 13:	
      From worker 13:	starting b_1.0_c_0.2_N_40_M_1_K_1_P_2_beta_0.0_u_0.001_v_0.055901699437494755_p_0.5_ϵ_1.0_gens_20000000_210224-054551.337
      From worker 6:	replicate complete, ran 20000000 generations:
      From worker 6:	
      From worker 6:		num_imitating:			15002348
      From worker 6:		num_not_imitating:		4997652
      From worker 6:		num_strategies_changed:  	442054
      From worker 6:			num_random_strategies: 	14865
      From worker 6:		num_sets_changed: 		646620
      From worker 6:			num_random_opinions: 	16772
      From worker 6:			num_biased_opinions: 	16822
      From worker 6:		num_both_changed: 		39631
      From worker 6:	
      From worker 6:	data processed and exported
      From worker 6:	
      From worker 6:	starting b_1.0_c_0.2_N_40_M_1_K_1_P_2_beta_0.0_u_0.001_v_0.0022360679774997894_p_0.75_ϵ_1.0_gens_20000000_210224-054551.337
      From worker 15:	replicate complete, ran 20000000 generations:
      From worker 15:	
      From worker 15:		num_imitating:			17501030
      From worker 15:		num_not_imitating:		2498970
      From worker 15:		num_strategies_changed:  	493002
      From worker 15:			num_random_strategies: 	17194
      From worker 15:		num_sets_changed: 		6134723
      From worker 15:			num_random_opinions: 	733052
      From worker 15:			num_biased_opinions: 	244752
      From worker 15:		num_both_changed: 		222638
      From worker 15:	
      From worker 15:	data processed and exported
      From worker 15:	
      From worker 15:	starting b_1.0_c_0.2_N_40_M_1_K_1_P_2_beta_0.0_u_0.001_v_0.055901699437494755_p_0.5_ϵ_1.0_gens_20000000_210224-054551.337
      From worker 4:	replicate complete, ran 20000000 generations:
      From worker 4:	
      From worker 4:		num_imitating:			15001697
      From worker 4:		num_not_imitating:		4998303
      From worker 4:		num_strategies_changed:  	429261
      From worker 4:			num_random_strategies: 	14901
      From worker 4:		num_sets_changed: 		636302
      From worker 4:			num_random_opinions: 	16827
      From worker 4:			num_biased_opinions: 	16949
      From worker 4:		num_both_changed: 		36296
      From worker 4:	
      From worker 4:	data processed and exported
      From worker 4:	
      From worker 4:	starting b_1.0_c_0.2_N_40_M_1_K_1_P_2_beta_0.0_u_0.001_v_0.0022360679774997894_p_0.75_ϵ_1.0_gens_20000000_210224-054551.337
      From worker 9:	replicate complete, ran 20000000 generations:
      From worker 9:	
      From worker 9:		num_imitating:			14998426
      From worker 9:		num_not_imitating:		5001574
      From worker 9:		num_strategies_changed:  	463122
      From worker 9:			num_random_strategies: 	15086
      From worker 9:		num_sets_changed: 		2324482
      From worker 9:			num_random_opinions: 	84013
      From worker 9:			num_biased_opinions: 	84226
      From worker 9:		num_both_changed: 		117637
      From worker 9:	
      From worker 9:	data processed and exported
      From worker 9:	
      From worker 9:	starting b_1.0_c_0.2_N_40_M_1_K_1_P_2_beta_0.0_u_0.001_v_0.011180339887498947_p_0.75_ϵ_1.0_gens_20000000_210224-054551.337
      From worker 11:	replicate complete, ran 20000000 generations:
      From worker 11:	
      From worker 11:		num_imitating:			15000738
      From worker 11:		num_not_imitating:		4999262
      From worker 11:		num_strategies_changed:  	433832
      From worker 11:			num_random_strategies: 	15107
      From worker 11:		num_sets_changed: 		2299814
      From worker 11:			num_random_opinions: 	83878
      From worker 11:			num_biased_opinions: 	84056
      From worker 11:		num_both_changed: 		107595
      From worker 11:	
      From worker 11:	data processed and exported
      From worker 11:	
      From worker 11:	starting b_1.0_c_0.2_N_40_M_1_K_1_P_2_beta_0.0_u_0.001_v_0.011180339887498947_p_0.75_ϵ_1.0_gens_20000000_210224-054551.337
      From worker 10:	replicate complete, ran 20000000 generations:
      From worker 10:	
      From worker 10:		num_imitating:			14997040
      From worker 10:		num_not_imitating:		5002960
      From worker 10:		num_strategies_changed:  	409353
      From worker 10:			num_random_strategies: 	15022
      From worker 10:		num_sets_changed: 		2355253
      From worker 10:			num_random_opinions: 	84149
      From worker 10:			num_biased_opinions: 	84549
      From worker 10:		num_both_changed: 		103338
      From worker 10:	
      From worker 10:	data processed and exported
      From worker 10:	
      From worker 10:	starting b_1.0_c_0.2_N_40_M_1_K_1_P_2_beta_0.0_u_0.001_v_0.011180339887498947_p_0.75_ϵ_1.0_gens_20000000_210224-054551.337
      From worker 8:	replicate complete, ran 20000000 generations:
      From worker 8:	
      From worker 8:		num_imitating:			14998246
      From worker 8:		num_not_imitating:		5001754
      From worker 8:		num_strategies_changed:  	437214
      From worker 8:			num_random_strategies: 	15343
      From worker 8:		num_sets_changed: 		2332752
      From worker 8:			num_random_opinions: 	83291
      From worker 8:			num_biased_opinions: 	83692
      From worker 8:		num_both_changed: 		108309
      From worker 8:	
      From worker 8:	data processed and exported
      From worker 8:	
      From worker 8:	starting b_1.0_c_0.2_N_40_M_1_K_1_P_2_beta_0.0_u_0.001_v_0.011180339887498947_p_0.75_ϵ_1.0_gens_20000000_210224-054551.337
      From worker 16:	replicate complete, ran 20000000 generations:
      From worker 16:	
      From worker 16:		num_imitating:			14996565
      From worker 16:		num_not_imitating:		5003435
      From worker 16:		num_strategies_changed:  	426104
      From worker 16:			num_random_strategies: 	15099
      From worker 16:		num_sets_changed: 		5206846
      From worker 16:			num_random_opinions: 	419371
      From worker 16:			num_biased_opinions: 	418992
      From worker 16:		num_both_changed: 		194472
      From worker 16:	
      From worker 16:	data processed and exported
      From worker 16:	
      From worker 16:	starting b_1.0_c_0.2_N_40_M_1_K_1_P_2_beta_0.0_u_0.001_v_0.055901699437494755_p_0.75_ϵ_1.0_gens_20000000_210224-054551.337
      From worker 7:	replicate complete, ran 20000000 generations:
      From worker 7:	
      From worker 7:		num_imitating:			14996569
      From worker 7:		num_not_imitating:		5003431
      From worker 7:		num_strategies_changed:  	428961
      From worker 7:			num_random_strategies: 	15045
      From worker 7:		num_sets_changed: 		2353454
      From worker 7:			num_random_opinions: 	83604
      From worker 7:			num_biased_opinions: 	83777
      From worker 7:		num_both_changed: 		112715
      From worker 7:	
      From worker 7:	data processed and exported
      From worker 7:	
      From worker 7:	starting b_1.0_c_0.2_N_40_M_1_K_1_P_2_beta_0.0_u_0.001_v_0.011180339887498947_p_0.75_ϵ_1.0_gens_20000000_210224-054551.337
      From worker 5:	replicate complete, ran 20000000 generations:
      From worker 5:	
      From worker 5:		num_imitating:			12494996
      From worker 5:		num_not_imitating:		7505004
      From worker 5:		num_strategies_changed:  	364959
      From worker 5:			num_random_strategies: 	12684
      From worker 5:		num_sets_changed: 		507676
      From worker 5:			num_random_opinions: 	6924
      From worker 5:			num_biased_opinions: 	20933
      From worker 5:		num_both_changed: 		27997
      From worker 5:	
      From worker 5:	data processed and exported
      From worker 5:	
      From worker 5:	starting b_1.0_c_0.2_N_40_M_1_K_1_P_2_beta_0.0_u_0.001_v_0.0022360679774997894_p_1.0_ϵ_1.0_gens_20000000_210224-054551.337
      From worker 3:	replicate complete, ran 20000000 generations:
      From worker 3:	
      From worker 3:		num_imitating:			12501981
      From worker 3:		num_not_imitating:		7498019
      From worker 3:		num_strategies_changed:  	371837
      From worker 3:			num_random_strategies: 	12330
      From worker 3:		num_sets_changed: 		518186
      From worker 3:			num_random_opinions: 	7070
      From worker 3:			num_biased_opinions: 	20909
      From worker 3:		num_both_changed: 		28740
      From worker 3:	
      From worker 3:	data processed and exported
      From worker 3:	
      From worker 3:	starting b_1.0_c_0.2_N_40_M_1_K_1_P_2_beta_0.0_u_0.001_v_0.0022360679774997894_p_1.0_ϵ_1.0_gens_20000000_210224-054551.337
      From worker 2:	replicate complete, ran 20000000 generations:
      From worker 2:	
      From worker 2:		num_imitating:			12497380
      From worker 2:		num_not_imitating:		7502620
      From worker 2:		num_strategies_changed:  	374125
      From worker 2:			num_random_strategies: 	12570
      From worker 2:		num_sets_changed: 		534008
      From worker 2:			num_random_opinions: 	7093
      From worker 2:			num_biased_opinions: 	20900
      From worker 2:		num_both_changed: 		30389
      From worker 2:	
      From worker 2:	data processed and exported
      From worker 2:	
      From worker 2:	starting b_1.0_c_0.2_N_40_M_1_K_1_P_2_beta_0.0_u_0.001_v_0.0022360679774997894_p_1.0_ϵ_1.0_gens_20000000_210224-054551.337
      From worker 6:	replicate complete, ran 20000000 generations:
      From worker 6:	
      From worker 6:		num_imitating:			12500033
      From worker 6:		num_not_imitating:		7499967
      From worker 6:		num_strategies_changed:  	362977
      From worker 6:			num_random_strategies: 	12683
      From worker 6:		num_sets_changed: 		519602
      From worker 6:			num_random_opinions: 	7003
      From worker 6:			num_biased_opinions: 	20800
      From worker 6:		num_both_changed: 		27475
      From worker 6:	
      From worker 6:	data processed and exported
      From worker 6:	
      From worker 6:	starting b_1.0_c_0.2_N_40_M_1_K_1_P_2_beta_0.0_u_0.001_v_0.0022360679774997894_p_1.0_ϵ_1.0_gens_20000000_210224-054551.337
      From worker 4:	replicate complete, ran 20000000 generations:
      From worker 4:	
      From worker 4:		num_imitating:			12494160
      From worker 4:		num_not_imitating:		7505840
      From worker 4:		num_strategies_changed:  	369502
      From worker 4:			num_random_strategies: 	12544
      From worker 4:		num_sets_changed: 		500692
      From worker 4:			num_random_opinions: 	6963
      From worker 4:			num_biased_opinions: 	20909
      From worker 4:		num_both_changed: 		28952
      From worker 4:	
      From worker 4:	data processed and exported
      From worker 4:	
      From worker 4:	starting b_1.0_c_0.2_N_40_M_1_K_1_P_2_beta_0.0_u_0.001_v_0.0022360679774997894_p_1.0_ϵ_1.0_gens_20000000_210224-054551.337
      From worker 9:	replicate complete, ran 20000000 generations:
      From worker 9:	
      From worker 9:		num_imitating:			12498436
      From worker 9:		num_not_imitating:		7501564
      From worker 9:		num_strategies_changed:  	348494
      From worker 9:			num_random_strategies: 	12704
      From worker 9:		num_sets_changed: 		1965185
      From worker 9:			num_random_opinions: 	34841
      From worker 9:			num_biased_opinions: 	104695
      From worker 9:		num_both_changed: 		91331
      From worker 9:	
      From worker 9:	data processed and exported
      From worker 9:	
      From worker 9:	starting b_1.0_c_0.2_N_40_M_1_K_1_P_2_beta_0.0_u_0.001_v_0.011180339887498947_p_1.0_ϵ_1.0_gens_20000000_210224-054551.337
      From worker 11:	replicate complete, ran 20000000 generations:
      From worker 11:	
      From worker 11:		num_imitating:			12500131
      From worker 11:		num_not_imitating:		7499869
      From worker 11:		num_strategies_changed:  	370165
      From worker 11:			num_random_strategies: 	12479
      From worker 11:		num_sets_changed: 		1937911
      From worker 11:			num_random_opinions: 	35221
      From worker 11:			num_biased_opinions: 	105184
      From worker 11:		num_both_changed: 		103166
      From worker 11:	
      From worker 11:	data processed and exported
      From worker 11:	
      From worker 11:	starting b_1.0_c_0.2_N_40_M_1_K_1_P_2_beta_0.0_u_0.001_v_0.011180339887498947_p_1.0_ϵ_1.0_gens_20000000_210224-054551.337
      From worker 10:	replicate complete, ran 20000000 generations:
      From worker 10:	
      From worker 10:		num_imitating:			12500979
      From worker 10:		num_not_imitating:		7499021
      From worker 10:		num_strategies_changed:  	362571
      From worker 10:			num_random_strategies: 	12423
      From worker 10:		num_sets_changed: 		1920130
      From worker 10:			num_random_opinions: 	35018
      From worker 10:			num_biased_opinions: 	105000
      From worker 10:		num_both_changed: 		90870
      From worker 10:	
      From worker 10:	data processed and exported
      From worker 10:	
      From worker 10:	starting b_1.0_c_0.2_N_40_M_1_K_1_P_2_beta_0.0_u_0.001_v_0.011180339887498947_p_1.0_ϵ_1.0_gens_20000000_210224-054551.337
      From worker 8:	replicate complete, ran 20000000 generations:
      From worker 8:	
      From worker 8:		num_imitating:			12501191
      From worker 8:		num_not_imitating:		7498809
      From worker 8:		num_strategies_changed:  	335074
      From worker 8:			num_random_strategies: 	12272
      From worker 8:		num_sets_changed: 		1903485
      From worker 8:			num_random_opinions: 	34675
      From worker 8:			num_biased_opinions: 	104564
      From worker 8:		num_both_changed: 		91925
      From worker 8:	
      From worker 8:	data processed and exported
      From worker 8:	
      From worker 8:	starting b_1.0_c_0.2_N_40_M_1_K_1_P_2_beta_0.0_u_0.001_v_0.011180339887498947_p_1.0_ϵ_1.0_gens_20000000_210224-054551.337
      From worker 12:	replicate complete, ran 20000000 generations:
      From worker 12:	
      From worker 12:		num_imitating:			15003201
      From worker 12:		num_not_imitating:		4996799
      From worker 12:		num_strategies_changed:  	424212
      From worker 12:			num_random_strategies: 	14903
      From worker 12:		num_sets_changed: 		5212046
      From worker 12:			num_random_opinions: 	418585
      From worker 12:			num_biased_opinions: 	418894
      From worker 12:		num_both_changed: 		194735
      From worker 12:	
      From worker 12:	data processed and exported
      From worker 12:	
      From worker 12:	starting b_1.0_c_0.2_N_40_M_1_K_1_P_2_beta_0.0_u_0.001_v_0.055901699437494755_p_0.75_ϵ_1.0_gens_20000000_210224-054551.337
      From worker 14:	replicate complete, ran 20000000 generations:
      From worker 14:	
      From worker 14:		num_imitating:			15002290
      From worker 14:		num_not_imitating:		4997710
      From worker 14:		num_strategies_changed:  	419340
      From worker 14:			num_random_strategies: 	15080
      From worker 14:		num_sets_changed: 		5218863
      From worker 14:			num_random_opinions: 	418487
      From worker 14:			num_biased_opinions: 	418735
      From worker 14:		num_both_changed: 		190945
      From worker 14:	
      From worker 14:	data processed and exported
      From worker 14:	
      From worker 14:	starting b_1.0_c_0.2_N_40_M_1_K_1_P_2_beta_0.0_u_0.001_v_0.055901699437494755_p_0.75_ϵ_1.0_gens_20000000_210224-054551.337
      From worker 13:	replicate complete, ran 20000000 generations:
      From worker 13:	
      From worker 13:		num_imitating:			15001027
      From worker 13:		num_not_imitating:		4998973
      From worker 13:		num_strategies_changed:  	431152
      From worker 13:			num_random_strategies: 	15041
      From worker 13:		num_sets_changed: 		5225887
      From worker 13:			num_random_opinions: 	419283
      From worker 13:			num_biased_opinions: 	418874
      From worker 13:		num_both_changed: 		198174
      From worker 13:	
      From worker 13:	data processed and exported
      From worker 13:	
      From worker 13:	starting b_1.0_c_0.2_N_40_M_1_K_1_P_2_beta_0.0_u_0.001_v_0.055901699437494755_p_0.75_ϵ_1.0_gens_20000000_210224-054551.337
      From worker 15:	replicate complete, ran 20000000 generations:
      From worker 15:	
      From worker 15:		num_imitating:			15000202
      From worker 15:		num_not_imitating:		4999798
      From worker 15:		num_strategies_changed:  	443967
      From worker 15:			num_random_strategies: 	15038
      From worker 15:		num_sets_changed: 		5221628
      From worker 15:			num_random_opinions: 	419904
      From worker 15:			num_biased_opinions: 	419096
      From worker 15:		num_both_changed: 		198409
      From worker 15:	
      From worker 15:	data processed and exported
      From worker 15:	
      From worker 15:	starting b_1.0_c_0.2_N_40_M_1_K_1_P_2_beta_0.0_u_0.001_v_0.055901699437494755_p_0.75_ϵ_1.0_gens_20000000_210224-054551.337
      From worker 16:	replicate complete, ran 20000000 generations:
      From worker 16:	
      From worker 16:		num_imitating:			12499471
      From worker 16:		num_not_imitating:		7500529
      From worker 16:		num_strategies_changed:  	356510
      From worker 16:			num_random_strategies: 	12512
      From worker 16:		num_sets_changed: 		4248957
      From worker 16:			num_random_opinions: 	174207
      From worker 16:			num_biased_opinions: 	523290
      From worker 16:		num_both_changed: 		159173
      From worker 16:	
      From worker 16:	data processed and exported
      From worker 16:	
      From worker 16:	starting b_1.0_c_0.2_N_40_M_1_K_1_P_2_beta_0.0_u_0.001_v_0.055901699437494755_p_1.0_ϵ_1.0_gens_20000000_210224-054551.337
      From worker 5:	replicate complete, ran 20000000 generations:
      From worker 5:	
      From worker 5:		num_imitating:			9998028
      From worker 5:		num_not_imitating:		10001972
      From worker 5:		num_strategies_changed:  	152445
      From worker 5:			num_random_strategies: 	9993
      From worker 5:		num_sets_changed: 		0
      From worker 5:			num_random_opinions: 	0
      From worker 5:			num_biased_opinions: 	22257
      From worker 5:		num_both_changed: 		0
      From worker 5:	
      From worker 5:	data processed and exported
      From worker 5:	
      From worker 5:	starting b_1.0_c_0.2_N_40_M_1_K_1_P_2_beta_0.0_u_0.001_v_0.0022360679774997894_p_0.0_ϵ_1.0_gens_20000000_210224-054551.337
      From worker 2:	replicate complete, ran 20000000 generations:
      From worker 2:	
      From worker 2:		num_imitating:			10002290
      From worker 2:		num_not_imitating:		9997710
      From worker 2:		num_strategies_changed:  	144023
      From worker 2:			num_random_strategies: 	9851
      From worker 2:		num_sets_changed: 		0
      From worker 2:			num_random_opinions: 	0
      From worker 2:			num_biased_opinions: 	22336
      From worker 2:		num_both_changed: 		0
      From worker 2:	
      From worker 2:	data processed and exported
      From worker 3:	replicate complete, ran 20000000 generations:
      From worker 3:	
      From worker 3:		num_imitating:			9999953
      From worker 3:		num_not_imitating:		10000047
      From worker 3:		num_strategies_changed:  	153448
      From worker 3:			num_random_strategies: 	9989
      From worker 3:		num_sets_changed: 		0
      From worker 3:			num_random_opinions: 	0
      From worker 3:			num_biased_opinions: 	22414
      From worker 3:		num_both_changed: 		0
      From worker 3:	
      From worker 3:	data processed and exported
      From worker 2:	
      From worker 2:	starting b_1.0_c_0.2_N_40_M_1_K_1_P_2_beta_0.0_u_0.001_v_0.0022360679774997894_p_0.0_ϵ_1.0_gens_20000000_210224-054551.337
      From worker 3:	
      From worker 3:	starting b_1.0_c_0.2_N_40_M_1_K_1_P_2_beta_0.0_u_0.001_v_0.0022360679774997894_p_0.0_ϵ_1.0_gens_20000000_210224-054551.337
      From worker 6:	replicate complete, ran 20000000 generations:
      From worker 6:	
      From worker 6:		num_imitating:			10000166
      From worker 6:		num_not_imitating:		9999834
      From worker 6:		num_strategies_changed:  	150381
      From worker 6:			num_random_strategies: 	10060
      From worker 6:		num_sets_changed: 		0
      From worker 6:			num_random_opinions: 	0
      From worker 6:			num_biased_opinions: 	22562
      From worker 6:		num_both_changed: 		0
      From worker 6:	
      From worker 6:	data processed and exported
      From worker 6:	
      From worker 6:	starting b_1.0_c_0.2_N_40_M_1_K_1_P_2_beta_0.0_u_0.001_v_0.0022360679774997894_p_0.0_ϵ_1.0_gens_20000000_210224-054551.337
      From worker 4:	replicate complete, ran 20000000 generations:
      From worker 4:	
      From worker 4:		num_imitating:			9999259
      From worker 4:		num_not_imitating:		10000741
      From worker 4:		num_strategies_changed:  	153733
      From worker 4:			num_random_strategies: 	9959
      From worker 4:		num_sets_changed: 		0
      From worker 4:			num_random_opinions: 	0
      From worker 4:			num_biased_opinions: 	22510
      From worker 4:		num_both_changed: 		0
      From worker 4:	
      From worker 4:	data processed and exported
      From worker 4:	
      From worker 4:	starting b_1.0_c_0.2_N_40_M_1_K_1_P_2_beta_0.0_u_0.001_v_0.0022360679774997894_p_0.0_ϵ_1.0_gens_20000000_210224-054551.337
      From worker 7:	replicate complete, ran 20000000 generations:
      From worker 7:	
      From worker 7:		num_imitating:			12502162
      From worker 7:		num_not_imitating:		7497838
      From worker 7:		num_strategies_changed:  	366883
      From worker 7:			num_random_strategies: 	12445
      From worker 7:		num_sets_changed: 		1948807
      From worker 7:			num_random_opinions: 	34966
      From worker 7:			num_biased_opinions: 	105315
      From worker 7:		num_both_changed: 		102516
      From worker 7:	
      From worker 7:	data processed and exported
      From worker 7:	
      From worker 7:	starting b_1.0_c_0.2_N_40_M_1_K_1_P_2_beta_0.0_u_0.001_v_0.011180339887498947_p_1.0_ϵ_1.0_gens_20000000_210224-054551.337
      From worker 9:	replicate complete, ran 20000000 generations:
      From worker 9:	
      From worker 9:		num_imitating:			10004120
      From worker 9:		num_not_imitating:		9995880
      From worker 9:		num_strategies_changed:  	157168
      From worker 9:			num_random_strategies: 	9981
      From worker 9:		num_sets_changed: 		0
      From worker 9:			num_random_opinions: 	0
      From worker 9:			num_biased_opinions: 	111803
      From worker 9:		num_both_changed: 		0
      From worker 9:	
      From worker 9:	data processed and exported
      From worker 9:	
      From worker 9:	starting b_1.0_c_0.2_N_40_M_1_K_1_P_2_beta_0.0_u_0.001_v_0.011180339887498947_p_0.0_ϵ_1.0_gens_20000000_210224-054551.337
      From worker 11:	replicate complete, ran 20000000 generations:
      From worker 11:	
      From worker 11:		num_imitating:			9998473
      From worker 11:		num_not_imitating:		10001527
      From worker 11:		num_strategies_changed:  	145614
      From worker 11:			num_random_strategies: 	9813
      From worker 11:		num_sets_changed: 		0
      From worker 11:			num_random_opinions: 	0
      From worker 11:			num_biased_opinions: 	112132
      From worker 11:		num_both_changed: 		0
      From worker 11:	
      From worker 11:	data processed and exported
      From worker 11:	
      From worker 11:	starting b_1.0_c_0.2_N_40_M_1_K_1_P_2_beta_0.0_u_0.001_v_0.011180339887498947_p_0.0_ϵ_1.0_gens_20000000_210224-054551.337
      From worker 10:	replicate complete, ran 20000000 generations:
      From worker 10:	
      From worker 10:		num_imitating:			9998190
      From worker 10:		num_not_imitating:		10001810
      From worker 10:		num_strategies_changed:  	147849
      From worker 10:			num_random_strategies: 	10038
      From worker 10:		num_sets_changed: 		0
      From worker 10:			num_random_opinions: 	0
      From worker 10:			num_biased_opinions: 	111590
      From worker 10:		num_both_changed: 		0
      From worker 10:	
      From worker 10:	data processed and exported
      From worker 10:	
      From worker 10:	starting b_1.0_c_0.2_N_40_M_1_K_1_P_2_beta_0.0_u_0.001_v_0.011180339887498947_p_0.0_ϵ_1.0_gens_20000000_210224-054551.337
      From worker 8:	replicate complete, ran 20000000 generations:
      From worker 8:	
      From worker 8:		num_imitating:			9999994
      From worker 8:		num_not_imitating:		10000006
      From worker 8:		num_strategies_changed:  	148922
      From worker 8:			num_random_strategies: 	9964
      From worker 8:		num_sets_changed: 		0
      From worker 8:			num_random_opinions: 	0
      From worker 8:			num_biased_opinions: 	112214
      From worker 8:		num_both_changed: 		0
      From worker 8:	
      From worker 8:	data processed and exported
      From worker 8:	
      From worker 8:	starting b_1.0_c_0.2_N_40_M_1_K_1_P_2_beta_0.0_u_0.001_v_0.011180339887498947_p_0.0_ϵ_1.0_gens_20000000_210224-054551.337
      From worker 12:	replicate complete, ran 20000000 generations:
      From worker 12:	
      From worker 12:		num_imitating:			12500926
      From worker 12:		num_not_imitating:		7499074
      From worker 12:		num_strategies_changed:  	356077
      From worker 12:			num_random_strategies: 	12434
      From worker 12:		num_sets_changed: 		4240397
      From worker 12:			num_random_opinions: 	174345
      From worker 12:			num_biased_opinions: 	523941
      From worker 12:		num_both_changed: 		161678
      From worker 12:	
      From worker 12:	data processed and exported
      From worker 12:	
      From worker 12:	starting b_1.0_c_0.2_N_40_M_1_K_1_P_2_beta_0.0_u_0.001_v_0.055901699437494755_p_1.0_ϵ_1.0_gens_20000000_210224-054551.337
      From worker 16:	replicate complete, ran 20000000 generations:
      From worker 16:	
      From worker 16:		num_imitating:			10001054
      From worker 16:		num_not_imitating:		9998946
      From worker 16:		num_strategies_changed:  	148322
      From worker 16:			num_random_strategies: 	9919
      From worker 16:		num_sets_changed: 		0
      From worker 16:			num_random_opinions: 	0
      From worker 16:			num_biased_opinions: 	560186
      From worker 16:		num_both_changed: 		0
      From worker 16:	
      From worker 16:	data processed and exported
      From worker 16:	
      From worker 16:	starting b_1.0_c_0.2_N_40_M_1_K_1_P_2_beta_0.0_u_0.001_v_0.055901699437494755_p_0.0_ϵ_1.0_gens_20000000_210224-054551.337
      From worker 14:	replicate complete, ran 20000000 generations:
      From worker 14:	
      From worker 14:		num_imitating:			12499433
      From worker 14:		num_not_imitating:		7500567
      From worker 14:		num_strategies_changed:  	358828
      From worker 14:			num_random_strategies: 	12500
      From worker 14:		num_sets_changed: 		4240027
      From worker 14:			num_random_opinions: 	174039
      From worker 14:			num_biased_opinions: 	523856
      From worker 14:		num_both_changed: 		160811
      From worker 14:	
      From worker 14:	data processed and exported
      From worker 14:	
      From worker 14:	starting b_1.0_c_0.2_N_40_M_1_K_1_P_2_beta_0.0_u_0.001_v_0.055901699437494755_p_1.0_ϵ_1.0_gens_20000000_210224-054551.337
      From worker 13:	replicate complete, ran 20000000 generations:
      From worker 13:	
      From worker 13:		num_imitating:			12500681
      From worker 13:		num_not_imitating:		7499319
      From worker 13:		num_strategies_changed:  	382508
      From worker 13:			num_random_strategies: 	12503
      From worker 13:		num_sets_changed: 		4246124
      From worker 13:			num_random_opinions: 	175254
      From worker 13:			num_biased_opinions: 	524337
      From worker 13:		num_both_changed: 		172230
      From worker 13:	
      From worker 13:	data processed and exported
      From worker 13:	
      From worker 13:	starting b_1.0_c_0.2_N_40_M_1_K_1_P_2_beta_0.0_u_0.001_v_0.055901699437494755_p_1.0_ϵ_1.0_gens_20000000_210224-054551.337
      From worker 15:	replicate complete, ran 20000000 generations:
      From worker 15:	
      From worker 15:		num_imitating:			12503734
      From worker 15:		num_not_imitating:		7496266
      From worker 15:		num_strategies_changed:  	353715
      From worker 15:			num_random_strategies: 	12508
      From worker 15:		num_sets_changed: 		4262168
      From worker 15:			num_random_opinions: 	174595
      From worker 15:			num_biased_opinions: 	524192
      From worker 15:		num_both_changed: 		160252
      From worker 15:	
      From worker 15:	data processed and exported
      From worker 15:	
      From worker 15:	starting b_1.0_c_0.2_N_40_M_1_K_1_P_2_beta_0.0_u_0.001_v_0.055901699437494755_p_1.0_ϵ_1.0_gens_20000000_210224-054551.337
      From worker 2:	replicate complete, ran 20000000 generations:
      From worker 2:	
      From worker 2:		num_imitating:			20000000
      From worker 2:		num_not_imitating:		0
      From worker 2:		num_strategies_changed:  	537981
      From worker 2:			num_random_strategies: 	19857
      From worker 2:		num_sets_changed: 		812690
      From worker 2:			num_random_opinions: 	44853
      From worker 2:			num_biased_opinions: 	0
      From worker 2:		num_both_changed: 		36032
      From worker 2:	
      From worker 2:	data processed and exported
      From worker 2:	
      From worker 2:	starting b_1.0_c_0.2_N_40_M_1_K_1_P_2_beta_0.0_u_0.001_v_0.0022360679774997894_p_0.25_ϵ_1.0_gens_20000000_210224-054551.337
      From worker 3:	replicate complete, ran 20000000 generations:
      From worker 3:	
      From worker 3:		num_imitating:			20000000
      From worker 3:		num_not_imitating:		0
      From worker 3:		num_strategies_changed:  	578569
      From worker 3:			num_random_strategies: 	20047
      From worker 3:		num_sets_changed: 		811654
      From worker 3:			num_random_opinions: 	45106
      From worker 3:			num_biased_opinions: 	0
      From worker 3:		num_both_changed: 		48567
      From worker 3:	
      From worker 3:	data processed and exported
      From worker 5:	replicate complete, ran 20000000 generations:
      From worker 5:	
      From worker 5:		num_imitating:			20000000
      From worker 5:		num_not_imitating:		0
      From worker 5:		num_strategies_changed:  	554991
      From worker 5:			num_random_strategies: 	19829
      From worker 5:		num_sets_changed: 		798672
      From worker 5:			num_random_opinions: 	45023
      From worker 5:			num_biased_opinions: 	0
      From worker 5:		num_both_changed: 		41260
      From worker 5:	
      From worker 5:	data processed and exported
      From worker 3:	
      From worker 3:	starting b_1.0_c_0.2_N_40_M_1_K_1_P_2_beta_0.0_u_0.001_v_0.0022360679774997894_p_0.25_ϵ_1.0_gens_20000000_210224-054551.337
      From worker 5:	
      From worker 5:	starting b_1.0_c_0.2_N_40_M_1_K_1_P_2_beta_0.0_u_0.001_v_0.0022360679774997894_p_0.25_ϵ_1.0_gens_20000000_210224-054551.337
      From worker 6:	replicate complete, ran 20000000 generations:
      From worker 6:	
      From worker 6:		num_imitating:			20000000
      From worker 6:		num_not_imitating:		0
      From worker 6:		num_strategies_changed:  	570115
      From worker 6:			num_random_strategies: 	19739
      From worker 6:		num_sets_changed: 		807406
      From worker 6:			num_random_opinions: 	44298
      From worker 6:			num_biased_opinions: 	0
      From worker 6:		num_both_changed: 		44056
      From worker 6:	
      From worker 6:	data processed and exported
      From worker 6:	
      From worker 6:	starting b_1.0_c_0.2_N_40_M_1_K_1_P_2_beta_0.0_u_0.001_v_0.0022360679774997894_p_0.25_ϵ_1.0_gens_20000000_210224-054551.337
      From worker 4:	replicate complete, ran 20000000 generations:
      From worker 4:	
      From worker 4:		num_imitating:			20000000
      From worker 4:		num_not_imitating:		0
      From worker 4:		num_strategies_changed:  	599656
      From worker 4:			num_random_strategies: 	19953
      From worker 4:		num_sets_changed: 		818494
      From worker 4:			num_random_opinions: 	44670
      From worker 4:			num_biased_opinions: 	0
      From worker 4:		num_both_changed: 		46147
      From worker 4:	
      From worker 4:	data processed and exported
      From worker 4:	
      From worker 4:	starting b_1.0_c_0.2_N_40_M_1_K_1_P_2_beta_0.0_u_0.001_v_0.0022360679774997894_p_0.25_ϵ_1.0_gens_20000000_210224-054551.337
      From worker 7:	replicate complete, ran 20000000 generations:
      From worker 7:	
      From worker 7:		num_imitating:			10000569
      From worker 7:		num_not_imitating:		9999431
      From worker 7:		num_strategies_changed:  	147858
      From worker 7:			num_random_strategies: 	10032
      From worker 7:		num_sets_changed: 		0
      From worker 7:			num_random_opinions: 	0
      From worker 7:			num_biased_opinions: 	112151
      From worker 7:		num_both_changed: 		0
      From worker 7:	
      From worker 7:	data processed and exported
      From worker 7:	
      From worker 7:	starting b_1.0_c_0.2_N_40_M_1_K_1_P_2_beta_0.0_u_0.001_v_0.011180339887498947_p_0.0_ϵ_1.0_gens_20000000_210224-054551.337
      From worker 9:	replicate complete, ran 20000000 generations:
      From worker 9:	
      From worker 9:		num_imitating:			20000000
      From worker 9:		num_not_imitating:		0
      From worker 9:		num_strategies_changed:  	593032
      From worker 9:			num_random_strategies: 	20266
      From worker 9:		num_sets_changed: 		3110010
      From worker 9:			num_random_opinions: 	223679
      From worker 9:			num_biased_opinions: 	0
      From worker 9:		num_both_changed: 		154834
      From worker 9:	
      From worker 9:	data processed and exported
      From worker 9:	
      From worker 9:	starting b_1.0_c_0.2_N_40_M_1_K_1_P_2_beta_0.0_u_0.001_v_0.011180339887498947_p_0.25_ϵ_1.0_gens_20000000_210224-054551.337
      From worker 11:	replicate complete, ran 20000000 generations:
      From worker 11:	
      From worker 11:		num_imitating:			20000000
      From worker 11:		num_not_imitating:		0
      From worker 11:		num_strategies_changed:  	553747
      From worker 11:			num_random_strategies: 	19835
      From worker 11:		num_sets_changed: 		3093603
      From worker 11:			num_random_opinions: 	223463
      From worker 11:			num_biased_opinions: 	0
      From worker 11:		num_both_changed: 		134734
      From worker 11:	
      From worker 11:	data processed and exported
      From worker 11:	
      From worker 11:	starting b_1.0_c_0.2_N_40_M_1_K_1_P_2_beta_0.0_u_0.001_v_0.011180339887498947_p_0.25_ϵ_1.0_gens_20000000_210224-054551.337
      From worker 10:	replicate complete, ran 20000000 generations:
      From worker 10:	
      From worker 10:		num_imitating:			20000000
      From worker 10:		num_not_imitating:		0
      From worker 10:		num_strategies_changed:  	627587
      From worker 10:			num_random_strategies: 	20077
      From worker 10:		num_sets_changed: 		3085260
      From worker 10:			num_random_opinions: 	223098
      From worker 10:			num_biased_opinions: 	0
      From worker 10:		num_both_changed: 		160316
      From worker 10:	
      From worker 10:	data processed and exported
      From worker 10:	
      From worker 10:	starting b_1.0_c_0.2_N_40_M_1_K_1_P_2_beta_0.0_u_0.001_v_0.011180339887498947_p_0.25_ϵ_1.0_gens_20000000_210224-054551.337
      From worker 8:	replicate complete, ran 20000000 generations:
      From worker 8:	
      From worker 8:		num_imitating:			20000000
      From worker 8:		num_not_imitating:		0
      From worker 8:		num_strategies_changed:  	522003
      From worker 8:			num_random_strategies: 	19775
      From worker 8:		num_sets_changed: 		3072494
      From worker 8:			num_random_opinions: 	223252
      From worker 8:			num_biased_opinions: 	0
      From worker 8:		num_both_changed: 		133211
      From worker 8:	
      From worker 8:	data processed and exported
      From worker 8:	
      From worker 8:	starting b_1.0_c_0.2_N_40_M_1_K_1_P_2_beta_0.0_u_0.001_v_0.011180339887498947_p_0.25_ϵ_1.0_gens_20000000_210224-054551.337
      From worker 2:	replicate complete, ran 20000000 generations:
      From worker 2:	
      From worker 2:		num_imitating:			17499193
      From worker 2:		num_not_imitating:		2500807
      From worker 2:		num_strategies_changed:  	522314
      From worker 2:			num_random_strategies: 	17764
      From worker 2:		num_sets_changed: 		731520
      From worker 2:			num_random_opinions: 	29305
      From worker 2:			num_biased_opinions: 	9803
      From worker 2:		num_both_changed: 		41315
      From worker 2:	
      From worker 2:	data processed and exported
      From worker 2:	
      From worker 2:	starting b_1.0_c_0.2_N_40_M_1_K_1_P_2_beta_0.0_u_0.001_v_0.0022360679774997894_p_0.5_ϵ_1.0_gens_20000000_210224-054551.337
      From worker 5:	replicate complete, ran 20000000 generations:
      From worker 5:	
      From worker 5:		num_imitating:			17500586
      From worker 5:		num_not_imitating:		2499414
      From worker 5:		num_strategies_changed:  	495026
      From worker 5:			num_random_strategies: 	17440
      From worker 5:		num_sets_changed: 		688702
      From worker 5:			num_random_opinions: 	29301
      From worker 5:			num_biased_opinions: 	9844
      From worker 5:		num_both_changed: 		37610
      From worker 5:	
      From worker 5:	data processed and exported
      From worker 5:	
      From worker 5:	starting b_1.0_c_0.2_N_40_M_1_K_1_P_2_beta_0.0_u_0.001_v_0.0022360679774997894_p_0.5_ϵ_1.0_gens_20000000_210224-054551.337
      From worker 3:	replicate complete, ran 20000000 generations:
      From worker 3:	
      From worker 3:		num_imitating:			17501464
      From worker 3:		num_not_imitating:		2498536
      From worker 3:		num_strategies_changed:  	495385
      From worker 3:			num_random_strategies: 	17558
      From worker 3:		num_sets_changed: 		751418
      From worker 3:			num_random_opinions: 	29800
      From worker 3:			num_biased_opinions: 	9762
      From worker 3:		num_both_changed: 		38187
      From worker 3:	
      From worker 3:	data processed and exported
      From worker 3:	
