packages loaded
      From worker 5:	 Activating environment at `/tigress/mk28/CooperationPolarization2/Project.toml`
      From worker 3:	 Activating environment at `/tigress/mk28/CooperationPolarization2/Project.toml`
      From worker 2:	 Activating environment at `/tigress/mk28/CooperationPolarization2/Project.toml`
      From worker 6:	 Activating environment at `/tigress/mk28/CooperationPolarization2/Project.toml`
      From worker 4:	 Activating environment at `/tigress/mk28/CooperationPolarization2/Project.toml`
      From worker 9:	 Activating environment at `/tigress/mk28/CooperationPolarization2/Project.toml`
      From worker 13:	 Activating environment at `/tigress/mk28/CooperationPolarization2/Project.toml`
      From worker 8:	 Activating environment at `/tigress/mk28/CooperationPolarization2/Project.toml`
      From worker 12:	 Activating environment at `/tigress/mk28/CooperationPolarization2/Project.toml`
      From worker 10:	 Activating environment at `/tigress/mk28/CooperationPolarization2/Project.toml`
      From worker 14:	 Activating environment at `/tigress/mk28/CooperationPolarization2/Project.toml`
      From worker 15:	 Activating environment at `/tigress/mk28/CooperationPolarization2/Project.toml`
      From worker 11:	 Activating environment at `/tigress/mk28/CooperationPolarization2/Project.toml`
      From worker 7:	 Activating environment at `/tigress/mk28/CooperationPolarization2/Project.toml`
      From worker 16:	 Activating environment at `/tigress/mk28/CooperationPolarization2/Project.toml`
      From worker 2:	packages loaded
      From worker 9:	packages loaded
      From worker 10:	packages loaded
      From worker 5:	packages loaded
      From worker 6:	packages loaded
      From worker 3:	packages loaded
      From worker 7:	packages loaded
      From worker 16:	packages loaded
      From worker 4:	packages loaded
      From worker 8:	packages loaded
      From worker 12:	packages loaded
      From worker 13:	packages loaded
      From worker 14:	packages loaded
      From worker 15:	packages loaded
      From worker 11:	packages loaded
parameters defined
      From worker 5:	
      From worker 5:	starting b_1.0_c_0.2_N_40_M_2_K_1_P_2_beta_0.001_u_0.001_v_0.0022360679774997894_p_0.75_ϵ_1.0_gens_20000000_210214-174233.369
      From worker 8:	
      From worker 8:	starting b_1.0_c_0.2_N_40_M_2_K_1_P_2_beta_0.001_u_0.001_v_0.011180339887498947_p_0.25_ϵ_1.0_gens_20000000_210214-174233.369
      From worker 10:	
      From worker 10:	starting b_1.0_c_0.2_N_40_M_2_K_1_P_2_beta_0.001_u_0.001_v_0.025_p_0.75_ϵ_1.0_gens_20000000_210214-174233.369
      From worker 6:	
      From worker 6:	starting b_1.0_c_0.2_N_40_M_2_K_1_P_2_beta_0.001_u_0.001_v_0.005_p_1.0_ϵ_1.0_gens_20000000_210214-174233.369
      From worker 4:	
      From worker 4:	starting b_1.0_c_0.2_N_40_M_2_K_1_P_2_beta_0.001_u_0.001_v_0.0022360679774997894_p_0.5_ϵ_1.0_gens_20000000_210214-174233.369
      From worker 2:	
      From worker 2:	starting b_1.0_c_0.2_N_40_M_2_K_1_P_2_beta_0.001_u_0.001_v_0.001_p_0.0_ϵ_1.0_gens_20000000_210214-174233.369
      From worker 12:	
      From worker 12:	starting b_1.0_c_0.2_N_40_M_2_K_1_P_2_beta_0.001_u_0.001_v_0.125_p_0.0_ϵ_1.0_gens_20000000_210214-174233.369
      From worker 14:	
      From worker 14:	starting b_1.0_c_0.2_N_40_M_2_K_1_P_2_beta_0.001_u_0.001_v_0.2795084971874737_p_0.5_ϵ_1.0_gens_20000000_210214-174233.369
      From worker 3:	
      From worker 3:	starting b_1.0_c_0.2_N_40_M_2_K_1_P_2_beta_0.001_u_0.001_v_0.001_p_0.25_ϵ_1.0_gens_20000000_210214-174233.369
      From worker 13:	
      From worker 13:	starting b_1.0_c_0.2_N_40_M_2_K_1_P_2_beta_0.001_u_0.001_v_0.125_p_0.25_ϵ_1.0_gens_20000000_210214-174233.369
      From worker 9:	
      From worker 9:	starting b_1.0_c_0.2_N_40_M_2_K_1_P_2_beta_0.001_u_0.001_v_0.025_p_0.5_ϵ_1.0_gens_20000000_210214-174233.369
      From worker 11:	
      From worker 11:	starting b_1.0_c_0.2_N_40_M_2_K_1_P_2_beta_0.001_u_0.001_v_0.055901699437494755_p_1.0_ϵ_1.0_gens_20000000_210214-174233.369
      From worker 7:	
      From worker 7:	starting b_1.0_c_0.2_N_40_M_2_K_1_P_2_beta_0.001_u_0.001_v_0.011180339887498947_p_0.0_ϵ_1.0_gens_20000000_210214-174233.369
      From worker 16:	
      From worker 16:	starting b_1.0_c_0.2_N_40_M_2_K_1_P_2_beta_0.001_u_0.001_v_0.625_p_1.0_ϵ_1.0_gens_20000000_210214-174233.369
      From worker 15:	
      From worker 15:	starting b_1.0_c_0.2_N_40_M_2_K_1_P_2_beta_0.001_u_0.001_v_0.2795084971874737_p_0.75_ϵ_1.0_gens_20000000_210214-174233.369
      From worker 6:	replicate complete, ran 20000000 generations:
      From worker 6:	
      From worker 6:		num_imitating:			10000445
      From worker 6:		num_not_imitating:		9999555
      From worker 6:		num_strategies_changed:  	146049
      From worker 6:			num_random_strategies: 	10108
      From worker 6:		num_sets_changed: 		445368
      From worker 6:			num_random_opinions: 	0
      From worker 6:			num_biased_opinions: 	49788
      From worker 6:		num_both_changed: 		10299
      From worker 6:	
      From worker 6:	data processed and exported
      From worker 6:	
      From worker 6:	starting b_1.0_c_0.2_N_40_M_2_K_1_P_2_beta_0.001_u_0.001_v_0.005_p_0.0_ϵ_1.0_gens_20000000_210214-174233.369
      From worker 3:	replicate complete, ran 20000000 generations:
      From worker 3:	
      From worker 3:		num_imitating:			17503017
      From worker 3:		num_not_imitating:		2496983
      From worker 3:		num_strategies_changed:  	504268
      From worker 3:			num_random_strategies: 	17417
      From worker 3:		num_sets_changed: 		507455
      From worker 3:			num_random_opinions: 	13269
      From worker 3:			num_biased_opinions: 	4345
      From worker 3:		num_both_changed: 		27183
      From worker 3:	
      From worker 3:	data processed and exported
      From worker 3:	
      From worker 3:	starting b_1.0_c_0.2_N_40_M_2_K_1_P_2_beta_0.001_u_0.001_v_0.001_p_0.5_ϵ_1.0_gens_20000000_210214-174233.369
      From worker 2:	replicate complete, ran 20000000 generations:
      From worker 2:	
      From worker 2:		num_imitating:			20000000
      From worker 2:		num_not_imitating:		0
      From worker 2:		num_strategies_changed:  	567027
      From worker 2:			num_random_strategies: 	20145
      From worker 2:		num_sets_changed: 		550183
      From worker 2:			num_random_opinions: 	20116
      From worker 2:			num_biased_opinions: 	0
      From worker 2:		num_both_changed: 		25622
      From worker 2:	
      From worker 2:	data processed and exported
      From worker 2:	
      From worker 2:	starting b_1.0_c_0.2_N_40_M_2_K_1_P_2_beta_0.001_u_0.001_v_0.001_p_0.25_ϵ_1.0_gens_20000000_210214-174233.369
      From worker 5:	replicate complete, ran 20000000 generations:
      From worker 5:	
      From worker 5:		num_imitating:			12499508
      From worker 5:		num_not_imitating:		7500492
      From worker 5:		num_strategies_changed:  	371037
      From worker 5:			num_random_strategies: 	12469
      From worker 5:		num_sets_changed: 		750591
      From worker 5:			num_random_opinions: 	6972
      From worker 5:			num_biased_opinions: 	20970
      From worker 5:		num_both_changed: 		45609
      From worker 5:	
      From worker 5:	data processed and exported
      From worker 5:	
      From worker 5:	starting b_1.0_c_0.2_N_40_M_2_K_1_P_2_beta_0.001_u_0.001_v_0.0022360679774997894_p_1.0_ϵ_1.0_gens_20000000_210214-174233.369
      From worker 4:	replicate complete, ran 20000000 generations:
      From worker 4:	
      From worker 4:		num_imitating:			15002328
      From worker 4:		num_not_imitating:		4997672
      From worker 4:		num_strategies_changed:  	420442
      From worker 4:			num_random_strategies: 	15258
      From worker 4:		num_sets_changed: 		892096
      From worker 4:			num_random_opinions: 	16691
      From worker 4:			num_biased_opinions: 	17124
      From worker 4:		num_both_changed: 		50931
      From worker 4:	
      From worker 4:	data processed and exported
      From worker 4:	
      From worker 4:	starting b_1.0_c_0.2_N_40_M_2_K_1_P_2_beta_0.001_u_0.001_v_0.0022360679774997894_p_0.75_ϵ_1.0_gens_20000000_210214-174233.369
      From worker 11:	replicate complete, ran 20000000 generations:
      From worker 11:	
      From worker 11:		num_imitating:			10002287
      From worker 11:		num_not_imitating:		9997713
      From worker 11:		num_strategies_changed:  	139845
      From worker 11:			num_random_strategies: 	9954
      From worker 11:		num_sets_changed: 		2678900
      From worker 11:			num_random_opinions: 	0
      From worker 11:			num_biased_opinions: 	558949
      From worker 11:		num_both_changed: 		52285
      From worker 11:	
      From worker 11:	data processed and exported
      From worker 11:	
      From worker 11:	starting b_1.0_c_0.2_N_40_M_2_K_1_P_2_beta_0.001_u_0.001_v_0.055901699437494755_p_0.0_ϵ_1.0_gens_20000000_210214-174233.369
      From worker 8:	replicate complete, ran 20000000 generations:
      From worker 8:	
      From worker 8:		num_imitating:			17499421
      From worker 8:		num_not_imitating:		2500579
      From worker 8:		num_strategies_changed:  	510505
      From worker 8:			num_random_strategies: 	17537
      From worker 8:		num_sets_changed: 		3949356
      From worker 8:			num_random_opinions: 	147051
      From worker 8:			num_biased_opinions: 	48989
      From worker 8:		num_both_changed: 		190516
      From worker 8:	
      From worker 8:	data processed and exported
      From worker 16:	replicate complete, ran 20000000 generations:
      From worker 16:	
      From worker 16:		num_imitating:			10003188
      From worker 16:		num_not_imitating:		9996812
      From worker 16:		num_strategies_changed:  	158257
      From worker 16:			num_random_strategies: 	10028
      From worker 16:		num_sets_changed: 		4855694
      From worker 16:			num_random_opinions: 	0
      From worker 16:			num_biased_opinions: 	6252023
      From worker 16:		num_both_changed: 		78887
      From worker 16:	
      From worker 8:	
      From worker 8:	starting b_1.0_c_0.2_N_40_M_2_K_1_P_2_beta_0.001_u_0.001_v_0.011180339887498947_p_0.5_ϵ_1.0_gens_20000000_210214-174233.369
      From worker 16:	data processed and exported
      From worker 16:	
      From worker 16:	starting b_1.0_c_0.2_N_40_M_2_K_1_P_2_beta_0.001_u_0.001_v_0.625_p_0.0_ϵ_1.0_gens_20000000_210214-174233.369
      From worker 7:	replicate complete, ran 20000000 generations:
      From worker 7:	
      From worker 7:		num_imitating:			20000000
      From worker 7:		num_not_imitating:		0
      From worker 7:		num_strategies_changed:  	568021
      From worker 7:			num_random_strategies: 	19812
      From worker 7:		num_sets_changed: 		4489303
      From worker 7:			num_random_opinions: 	223704
      From worker 7:			num_biased_opinions: 	0
      From worker 7:		num_both_changed: 		204901
      From worker 7:	
      From worker 10:	replicate complete, ran 20000000 generations:
      From worker 10:	
      From worker 10:		num_imitating:			12500170
      From worker 10:		num_not_imitating:		7499830
      From worker 10:		num_strategies_changed:  	328769
      From worker 10:			num_random_strategies: 	12385
      From worker 10:		num_sets_changed: 		4590271
      From worker 10:			num_random_opinions: 	78505
      From worker 10:			num_biased_opinions: 	234657
      From worker 10:		num_both_changed: 		182992
      From worker 10:	
      From worker 7:	data processed and exported
      From worker 7:	
      From worker 7:	starting b_1.0_c_0.2_N_40_M_2_K_1_P_2_beta_0.001_u_0.001_v_0.011180339887498947_p_0.25_ϵ_1.0_gens_20000000_210214-174233.369
      From worker 10:	data processed and exported
      From worker 10:	
      From worker 10:	starting b_1.0_c_0.2_N_40_M_2_K_1_P_2_beta_0.001_u_0.001_v_0.025_p_1.0_ϵ_1.0_gens_20000000_210214-174233.369
      From worker 9:	replicate complete, ran 20000000 generations:
      From worker 9:	
      From worker 9:		num_imitating:			15002442
      From worker 9:		num_not_imitating:		4997558
      From worker 9:		num_strategies_changed:  	408950
      From worker 9:			num_random_strategies: 	14898
      From worker 9:		num_sets_changed: 		5514281
      From worker 9:			num_random_opinions: 	187874
      From worker 9:			num_biased_opinions: 	187403
      From worker 9:		num_both_changed: 		224162
      From worker 9:	
      From worker 9:	data processed and exported
      From worker 9:	
      From worker 9:	starting b_1.0_c_0.2_N_40_M_2_K_1_P_2_beta_0.001_u_0.001_v_0.025_p_0.75_ϵ_1.0_gens_20000000_210214-174233.369
      From worker 15:	replicate complete, ran 20000000 generations:
      From worker 15:	
      From worker 15:		num_imitating:			12503489
      From worker 15:		num_not_imitating:		7496511
      From worker 15:		num_strategies_changed:  	354968
      From worker 15:			num_random_strategies: 	12578
      From worker 15:		num_sets_changed: 		8255689
      From worker 15:			num_random_opinions: 	873568
      From worker 15:			num_biased_opinions: 	2621567
      From worker 15:		num_both_changed: 		253933
      From worker 15:	
      From worker 15:	data processed and exported
      From worker 15:	
      From worker 15:	starting b_1.0_c_0.2_N_40_M_2_K_1_P_2_beta_0.001_u_0.001_v_0.2795084971874737_p_1.0_ϵ_1.0_gens_20000000_210214-174233.369
      From worker 14:	replicate complete, ran 20000000 generations:
      From worker 14:	
      From worker 14:		num_imitating:			14997262
      From worker 14:		num_not_imitating:		5002738
      From worker 14:		num_strategies_changed:  	441020
      From worker 14:			num_random_strategies: 	15113
      From worker 14:		num_sets_changed: 		10362219
      From worker 14:			num_random_opinions: 	2094495
      From worker 14:			num_biased_opinions: 	2096917
      From worker 14:		num_both_changed: 		325620
      From worker 14:	
      From worker 14:	data processed and exported
      From worker 14:	
      From worker 14:	starting b_1.0_c_0.2_N_40_M_2_K_1_P_2_beta_0.001_u_0.001_v_0.2795084971874737_p_0.75_ϵ_1.0_gens_20000000_210214-174233.369
      From worker 13:	replicate complete, ran 20000000 generations:
      From worker 13:	
      From worker 13:		num_imitating:			17500122
      From worker 13:		num_not_imitating:		2499878
      From worker 13:		num_strategies_changed:  	507448
      From worker 13:			num_random_strategies: 	17376
      From worker 13:		num_sets_changed: 		11102585
      From worker 13:			num_random_opinions: 	1638637
      From worker 13:			num_biased_opinions: 	548344
      From worker 13:		num_both_changed: 		370408
      From worker 13:	
      From worker 13:	data processed and exported
      From worker 13:	
      From worker 13:	starting b_1.0_c_0.2_N_40_M_2_K_1_P_2_beta_0.001_u_0.001_v_0.125_p_0.5_ϵ_1.0_gens_20000000_210214-174233.369
      From worker 12:	replicate complete, ran 20000000 generations:
      From worker 12:	
      From worker 12:		num_imitating:			20000000
      From worker 12:		num_not_imitating:		0
      From worker 12:		num_strategies_changed:  	574635
      From worker 12:			num_random_strategies: 	20020
      From worker 12:		num_sets_changed: 		12721963
      From worker 12:			num_random_opinions: 	2496730
      From worker 12:			num_biased_opinions: 	0
      From worker 12:		num_both_changed: 		418331
      From worker 12:	
      From worker 12:	data processed and exported
      From worker 12:	
      From worker 12:	starting b_1.0_c_0.2_N_40_M_2_K_1_P_2_beta_0.001_u_0.001_v_0.125_p_0.25_ϵ_1.0_gens_20000000_210214-174233.369
      From worker 3:	replicate complete, ran 20000000 generations:
      From worker 3:	
      From worker 3:		num_imitating:			15001341
      From worker 3:		num_not_imitating:		4998659
      From worker 3:		num_strategies_changed:  	426816
      From worker 3:			num_random_strategies: 	14925
      From worker 3:		num_sets_changed: 		425737
      From worker 3:			num_random_opinions: 	7686
      From worker 3:			num_biased_opinions: 	7469
      From worker 3:		num_both_changed: 		21488
      From worker 3:	
      From worker 3:	data processed and exported
      From worker 3:	
      From worker 3:	starting b_1.0_c_0.2_N_40_M_2_K_1_P_2_beta_0.001_u_0.001_v_0.001_p_0.75_ϵ_1.0_gens_20000000_210214-174233.369
      From worker 5:	replicate complete, ran 20000000 generations:
      From worker 5:	
      From worker 5:		num_imitating:			9999735
      From worker 5:		num_not_imitating:		10000265
      From worker 5:		num_strategies_changed:  	146059
      From worker 5:			num_random_strategies: 	10002
      From worker 5:		num_sets_changed: 		209193
      From worker 5:			num_random_opinions: 	0
      From worker 5:			num_biased_opinions: 	22245
      From worker 5:		num_both_changed: 		6242
      From worker 5:	
      From worker 5:	data processed and exported
      From worker 5:	
      From worker 5:	starting b_1.0_c_0.2_N_40_M_2_K_1_P_2_beta_0.001_u_0.001_v_0.005_p_0.0_ϵ_1.0_gens_20000000_210214-174233.369
      From worker 2:	replicate complete, ran 20000000 generations:
      From worker 2:	
      From worker 2:		num_imitating:			17500310
      From worker 2:		num_not_imitating:		2499690
      From worker 2:		num_strategies_changed:  	484182
      From worker 2:			num_random_strategies: 	17318
      From worker 2:		num_sets_changed: 		497799
      From worker 2:			num_random_opinions: 	13003
      From worker 2:			num_biased_opinions: 	4328
      From worker 2:		num_both_changed: 		30038
      From worker 2:	
      From worker 2:	data processed and exported
      From worker 2:	
      From worker 2:	starting b_1.0_c_0.2_N_40_M_2_K_1_P_2_beta_0.001_u_0.001_v_0.001_p_0.5_ϵ_1.0_gens_20000000_210214-174233.369
      From worker 4:	replicate complete, ran 20000000 generations:
      From worker 4:	
      From worker 4:		num_imitating:			12503241
      From worker 4:		num_not_imitating:		7496759
      From worker 4:		num_strategies_changed:  	341436
      From worker 4:			num_random_strategies: 	12461
      From worker 4:		num_sets_changed: 		734840
      From worker 4:			num_random_opinions: 	6910
      From worker 4:			num_biased_opinions: 	21038
      From worker 4:		num_both_changed: 		40841
      From worker 4:	
      From worker 4:	data processed and exported
      From worker 4:	
      From worker 4:	starting b_1.0_c_0.2_N_40_M_2_K_1_P_2_beta_0.001_u_0.001_v_0.0022360679774997894_p_1.0_ϵ_1.0_gens_20000000_210214-174233.369
      From worker 6:	replicate complete, ran 20000000 generations:
      From worker 6:	
      From worker 6:		num_imitating:			20000000
      From worker 6:		num_not_imitating:		0
      From worker 6:		num_strategies_changed:  	562896
      From worker 6:			num_random_strategies: 	20061
      From worker 6:		num_sets_changed: 		2465502
      From worker 6:			num_random_opinions: 	99816
      From worker 6:			num_biased_opinions: 	0
      From worker 6:		num_both_changed: 		127189
      From worker 6:	
      From worker 6:	data processed and exported
      From worker 6:	
      From worker 6:	starting b_1.0_c_0.2_N_40_M_2_K_1_P_2_beta_0.001_u_0.001_v_0.005_p_0.25_ϵ_1.0_gens_20000000_210214-174233.369
      From worker 10:	replicate complete, ran 20000000 generations:
      From worker 10:	
      From worker 10:		num_imitating:			10000608
      From worker 10:		num_not_imitating:		9999392
      From worker 10:		num_strategies_changed:  	147039
      From worker 10:			num_random_strategies: 	9909
      From worker 10:		num_sets_changed: 		1670147
      From worker 10:			num_random_opinions: 	0
      From worker 10:			num_biased_opinions: 	249966
      From worker 10:		num_both_changed: 		40434
      From worker 10:	
      From worker 10:	data processed and exported
      From worker 10:	
      From worker 10:	starting b_1.0_c_0.2_N_40_M_2_K_1_P_2_beta_0.001_u_0.001_v_0.055901699437494755_p_0.0_ϵ_1.0_gens_20000000_210214-174233.369
      From worker 8:	replicate complete, ran 20000000 generations:
      From worker 8:	
      From worker 8:		num_imitating:			15000531
      From worker 8:		num_not_imitating:		4999469
      From worker 8:		num_strategies_changed:  	425005
      From worker 8:			num_random_strategies: 	15178
      From worker 8:		num_sets_changed: 		3385194
      From worker 8:			num_random_opinions: 	83491
      From worker 8:			num_biased_opinions: 	83860
      From worker 8:		num_both_changed: 		160658
      From worker 8:	
      From worker 8:	data processed and exported
      From worker 8:	
      From worker 8:	starting b_1.0_c_0.2_N_40_M_2_K_1_P_2_beta_0.001_u_0.001_v_0.011180339887498947_p_0.75_ϵ_1.0_gens_20000000_210214-174233.369
      From worker 7:	replicate complete, ran 20000000 generations:
      From worker 7:	
      From worker 7:		num_imitating:			17499392
      From worker 7:		num_not_imitating:		2500608
      From worker 7:		num_strategies_changed:  	493373
      From worker 7:			num_random_strategies: 	17493
      From worker 7:		num_sets_changed: 		3955247
      From worker 7:			num_random_opinions: 	146575
      From worker 7:			num_biased_opinions: 	48840
      From worker 7:		num_both_changed: 		179839
      From worker 7:	
      From worker 7:	data processed and exported
      From worker 7:	
      From worker 7:	starting b_1.0_c_0.2_N_40_M_2_K_1_P_2_beta_0.001_u_0.001_v_0.011180339887498947_p_0.5_ϵ_1.0_gens_20000000_210214-174233.369
      From worker 9:	replicate complete, ran 20000000 generations:
      From worker 9:	
      From worker 9:		num_imitating:			12499935
      From worker 9:		num_not_imitating:		7500065
      From worker 9:		num_strategies_changed:  	346281
      From worker 9:			num_random_strategies: 	12502
      From worker 9:		num_sets_changed: 		4580718
      From worker 9:			num_random_opinions: 	78270
      From worker 9:			num_biased_opinions: 	233920
      From worker 9:		num_both_changed: 		189719
      From worker 9:	
      From worker 9:	data processed and exported
      From worker 9:	
      From worker 9:	starting b_1.0_c_0.2_N_40_M_2_K_1_P_2_beta_0.001_u_0.001_v_0.025_p_1.0_ϵ_1.0_gens_20000000_210214-174233.369
      From worker 15:	replicate complete, ran 20000000 generations:
      From worker 15:	
      From worker 15:		num_imitating:			9996939
      From worker 15:		num_not_imitating:		10003061
      From worker 15:		num_strategies_changed:  	156461
      From worker 15:			num_random_strategies: 	10103
      From worker 15:		num_sets_changed: 		4426230
      From worker 15:			num_random_opinions: 	0
      From worker 15:			num_biased_opinions: 	2792575
      From worker 15:		num_both_changed: 		77172
      From worker 15:	
      From worker 15:	data processed and exported
      From worker 15:	
      From worker 15:	starting b_1.0_c_0.2_N_40_M_2_K_1_P_2_beta_0.001_u_0.001_v_0.625_p_0.0_ϵ_1.0_gens_20000000_210214-174233.369
      From worker 11:	replicate complete, ran 20000000 generations:
      From worker 11:	
      From worker 11:		num_imitating:			20000000
      From worker 11:		num_not_imitating:		0
      From worker 11:		num_strategies_changed:  	572927
      From worker 11:			num_random_strategies: 	20219
      From worker 11:		num_sets_changed: 		10430981
      From worker 11:			num_random_opinions: 	1117410
      From worker 11:			num_biased_opinions: 	0
      From worker 11:		num_both_changed: 		383356
      From worker 11:	
      From worker 11:	data processed and exported
      From worker 11:	
      From worker 11:	starting b_1.0_c_0.2_N_40_M_2_K_1_P_2_beta_0.001_u_0.001_v_0.055901699437494755_p_0.25_ϵ_1.0_gens_20000000_210214-174233.369
      From worker 3:	replicate complete, ran 20000000 generations:
      From worker 3:	
      From worker 3:		num_imitating:			12499389
      From worker 3:		num_not_imitating:		7500611
      From worker 3:		num_strategies_changed:  	360345
      From worker 3:			num_random_strategies: 	12565
      From worker 3:		num_sets_changed: 		351808
      From worker 3:			num_random_opinions: 	3108
      From worker 3:			num_biased_opinions: 	9481
      From worker 3:		num_both_changed: 		21467
      From worker 3:	
      From worker 3:	data processed and exported
      From worker 3:	
      From worker 3:	starting b_1.0_c_0.2_N_40_M_2_K_1_P_2_beta_0.001_u_0.001_v_0.001_p_1.0_ϵ_1.0_gens_20000000_210214-174233.369
      From worker 2:	replicate complete, ran 20000000 generations:
      From worker 2:	
      From worker 2:		num_imitating:			15000019
      From worker 2:		num_not_imitating:		4999981
      From worker 2:		num_strategies_changed:  	417020
      From worker 2:			num_random_strategies: 	14930
      From worker 2:		num_sets_changed: 		405009
      From worker 2:			num_random_opinions: 	7466
      From worker 2:			num_biased_opinions: 	7594
      From worker 2:		num_both_changed: 		15705
      From worker 2:	
      From worker 2:	data processed and exported
      From worker 2:	
      From worker 2:	starting b_1.0_c_0.2_N_40_M_2_K_1_P_2_beta_0.001_u_0.001_v_0.001_p_0.75_ϵ_1.0_gens_20000000_210214-174233.369
      From worker 4:	replicate complete, ran 20000000 generations:
      From worker 4:	
      From worker 4:		num_imitating:			10003613
      From worker 4:		num_not_imitating:		9996387
      From worker 4:		num_strategies_changed:  	149196
      From worker 4:			num_random_strategies: 	9908
      From worker 4:		num_sets_changed: 		213102
      From worker 4:			num_random_opinions: 	0
      From worker 4:			num_biased_opinions: 	22383
      From worker 4:		num_both_changed: 		6982
      From worker 4:	
      From worker 4:	data processed and exported
      From worker 4:	
      From worker 4:	starting b_1.0_c_0.2_N_40_M_2_K_1_P_2_beta_0.001_u_0.001_v_0.0022360679774997894_p_0.0_ϵ_1.0_gens_20000000_210214-174233.369
      From worker 5:	replicate complete, ran 20000000 generations:
      From worker 5:	
      From worker 5:		num_imitating:			20000000
      From worker 5:		num_not_imitating:		0
      From worker 5:		num_strategies_changed:  	567417
      From worker 5:			num_random_strategies: 	19854
      From worker 5:		num_sets_changed: 		2391137
      From worker 5:			num_random_opinions: 	99913
      From worker 5:			num_biased_opinions: 	0
      From worker 5:		num_both_changed: 		121072
      From worker 5:	
      From worker 5:	data processed and exported
      From worker 5:	
      From worker 5:	starting b_1.0_c_0.2_N_40_M_2_K_1_P_2_beta_0.001_u_0.001_v_0.005_p_0.25_ϵ_1.0_gens_20000000_210214-174233.369
      From worker 14:	replicate complete, ran 20000000 generations:
      From worker 14:	
      From worker 14:		num_imitating:			12496667
      From worker 14:		num_not_imitating:		7503333
      From worker 14:		num_strategies_changed:  	358564
      From worker 14:			num_random_strategies: 	12475
      From worker 14:		num_sets_changed: 		8248859
      From worker 14:			num_random_opinions: 	874444
      From worker 14:			num_biased_opinions: 	2620534
      From worker 14:		num_both_changed: 		256910
      From worker 14:	
      From worker 14:	data processed and exported
      From worker 14:	
      From worker 14:	starting b_1.0_c_0.2_N_40_M_2_K_1_P_2_beta_0.001_u_0.001_v_0.2795084971874737_p_1.0_ϵ_1.0_gens_20000000_210214-174233.369
      From worker 16:	replicate complete, ran 20000000 generations:
      From worker 16:	
      From worker 16:		num_imitating:			20000000
      From worker 16:		num_not_imitating:		0
      From worker 16:		num_strategies_changed:  	580339
      From worker 16:			num_random_strategies: 	20157
      From worker 16:		num_sets_changed: 		14775699
      From worker 16:			num_random_opinions: 	12500730
      From worker 16:			num_biased_opinions: 	0
      From worker 16:		num_both_changed: 		434903
      From worker 16:	
      From worker 6:	replicate complete, ran 20000000 generations:
      From worker 6:	
      From worker 6:		num_imitating:			17500369
      From worker 6:		num_not_imitating:		2499631
      From worker 6:		num_strategies_changed:  	492496
      From worker 6:			num_random_strategies: 	17378
      From worker 6:		num_sets_changed: 		2101897
      From worker 6:			num_random_opinions: 	65672
      From worker 6:			num_biased_opinions: 	22017
      From worker 6:		num_both_changed: 		100600
      From worker 6:	
      From worker 16:	data processed and exported
      From worker 16:	
      From worker 16:	starting b_1.0_c_0.2_N_40_M_2_K_1_P_2_beta_0.001_u_0.001_v_0.625_p_0.25_ϵ_1.0_gens_20000000_210214-174233.369
      From worker 6:	data processed and exported
      From worker 6:	
      From worker 6:	starting b_1.0_c_0.2_N_40_M_2_K_1_P_2_beta_0.001_u_0.001_v_0.005_p_0.5_ϵ_1.0_gens_20000000_210214-174233.369
      From worker 13:	replicate complete, ran 20000000 generations:
      From worker 13:	
      From worker 13:		num_imitating:			14998616
      From worker 13:		num_not_imitating:		5001384
      From worker 13:		num_strategies_changed:  	426933
      From worker 13:			num_random_strategies: 	14856
      From worker 13:		num_sets_changed: 		9443383
      From worker 13:			num_random_opinions: 	937124
      From worker 13:			num_biased_opinions: 	936107
      From worker 13:		num_both_changed: 		311123
      From worker 13:	
      From worker 13:	data processed and exported
      From worker 13:	
      From worker 13:	starting b_1.0_c_0.2_N_40_M_2_K_1_P_2_beta_0.001_u_0.001_v_0.125_p_0.75_ϵ_1.0_gens_20000000_210214-174233.369
      From worker 12:	replicate complete, ran 20000000 generations:
      From worker 12:	
      From worker 12:		num_imitating:			17502309
      From worker 12:		num_not_imitating:		2497691
      From worker 12:		num_strategies_changed:  	515029
      From worker 12:			num_random_strategies: 	17359
      From worker 12:		num_sets_changed: 		11099454
      From worker 12:			num_random_opinions: 	1640892
      From worker 12:			num_biased_opinions: 	548031
      From worker 12:		num_both_changed: 		375540
      From worker 12:	
      From worker 12:	data processed and exported
      From worker 12:	
      From worker 12:	starting b_1.0_c_0.2_N_40_M_2_K_1_P_2_beta_0.001_u_0.001_v_0.125_p_0.5_ϵ_1.0_gens_20000000_210214-174233.369
      From worker 8:	replicate complete, ran 20000000 generations:
      From worker 8:	
      From worker 8:		num_imitating:			12502686
      From worker 8:		num_not_imitating:		7497314
      From worker 8:		num_strategies_changed:  	354308
      From worker 8:			num_random_strategies: 	12502
      From worker 8:		num_sets_changed: 		2817235
      From worker 8:			num_random_opinions: 	34896
      From worker 8:			num_biased_opinions: 	104899
      From worker 8:		num_both_changed: 		139116
      From worker 8:	
      From worker 8:	data processed and exported
      From worker 8:	
      From worker 8:	starting b_1.0_c_0.2_N_40_M_2_K_1_P_2_beta_0.001_u_0.001_v_0.011180339887498947_p_1.0_ϵ_1.0_gens_20000000_210214-174233.369
      From worker 7:	replicate complete, ran 20000000 generations:
      From worker 7:	
      From worker 7:		num_imitating:			14997437
      From worker 7:		num_not_imitating:		5002563
      From worker 7:		num_strategies_changed:  	409665
      From worker 7:			num_random_strategies: 	15027
      From worker 7:		num_sets_changed: 		3357877
      From worker 7:			num_random_opinions: 	83634
      From worker 7:			num_biased_opinions: 	83962
      From worker 7:		num_both_changed: 		149048
      From worker 7:	
      From worker 7:	data processed and exported
      From worker 7:	
      From worker 7:	starting b_1.0_c_0.2_N_40_M_2_K_1_P_2_beta_0.001_u_0.001_v_0.011180339887498947_p_0.75_ϵ_1.0_gens_20000000_210214-174233.369
      From worker 9:	replicate complete, ran 20000000 generations:
      From worker 9:	
      From worker 9:		num_imitating:			9998465
      From worker 9:		num_not_imitating:		10001535
      From worker 9:		num_strategies_changed:  	146222
      From worker 9:			num_random_strategies: 	9919
      From worker 9:		num_sets_changed: 		1651313
      From worker 9:			num_random_opinions: 	0
      From worker 9:			num_biased_opinions: 	249539
      From worker 9:		num_both_changed: 		38437
      From worker 9:	
      From worker 9:	data processed and exported
      From worker 9:	
      From worker 9:	starting b_1.0_c_0.2_N_40_M_2_K_1_P_2_beta_0.001_u_0.001_v_0.025_p_0.0_ϵ_1.0_gens_20000000_210214-174233.369
      From worker 3:	replicate complete, ran 20000000 generations:
      From worker 3:	
      From worker 3:		num_imitating:			9997175
      From worker 3:		num_not_imitating:		10002825
      From worker 3:		num_strategies_changed:  	151980
      From worker 3:			num_random_strategies: 	10003
      From worker 3:		num_sets_changed: 		99345
      From worker 3:			num_random_opinions: 	0
      From worker 3:			num_biased_opinions: 	10012
      From worker 3:		num_both_changed: 		3132
      From worker 3:	
      From worker 3:	data processed and exported
      From worker 3:	
      From worker 3:	starting b_1.0_c_0.2_N_40_M_2_K_1_P_2_beta_0.001_u_0.001_v_0.0022360679774997894_p_0.0_ϵ_1.0_gens_20000000_210214-174233.369
      From worker 2:	replicate complete, ran 20000000 generations:
      From worker 2:	
      From worker 2:		num_imitating:			12498135
      From worker 2:		num_not_imitating:		7501865
      From worker 2:		num_strategies_changed:  	354319
      From worker 2:			num_random_strategies: 	12210
      From worker 2:		num_sets_changed: 		341873
      From worker 2:			num_random_opinions: 	3168
      From worker 2:			num_biased_opinions: 	9334
      From worker 2:		num_both_changed: 		19816
      From worker 2:	
      From worker 2:	data processed and exported
      From worker 2:	
      From worker 2:	starting b_1.0_c_0.2_N_40_M_2_K_1_P_2_beta_0.001_u_0.001_v_0.001_p_1.0_ϵ_1.0_gens_20000000_210214-174233.369
      From worker 10:	replicate complete, ran 20000000 generations:
      From worker 10:	
      From worker 10:		num_imitating:			20000000
      From worker 10:		num_not_imitating:		0
      From worker 10:		num_strategies_changed:  	598602
      From worker 10:			num_random_strategies: 	20107
      From worker 10:		num_sets_changed: 		10503050
      From worker 10:			num_random_opinions: 	1118085
      From worker 10:			num_biased_opinions: 	0
      From worker 10:		num_both_changed: 		406186
      From worker 10:	
      From worker 10:	data processed and exported
      From worker 10:	
      From worker 10:	starting b_1.0_c_0.2_N_40_M_2_K_1_P_2_beta_0.001_u_0.001_v_0.055901699437494755_p_0.25_ϵ_1.0_gens_20000000_210214-174233.369
      From worker 4:	replicate complete, ran 20000000 generations:
      From worker 4:	
      From worker 4:		num_imitating:			20000000
      From worker 4:		num_not_imitating:		0
      From worker 4:		num_strategies_changed:  	576951
      From worker 4:			num_random_strategies: 	19855
      From worker 4:		num_sets_changed: 		1176622
      From worker 4:			num_random_opinions: 	44687
      From worker 4:			num_biased_opinions: 	0
      From worker 4:		num_both_changed: 		62051
      From worker 4:	
      From worker 4:	data processed and exported
      From worker 4:	
      From worker 4:	starting b_1.0_c_0.2_N_40_M_2_K_1_P_2_beta_0.001_u_0.001_v_0.0022360679774997894_p_0.25_ϵ_1.0_gens_20000000_210214-174233.369
      From worker 5:	replicate complete, ran 20000000 generations:
      From worker 5:	
      From worker 5:		num_imitating:			17498723
      From worker 5:		num_not_imitating:		2501277
      From worker 5:		num_strategies_changed:  	491967
      From worker 5:			num_random_strategies: 	17391
      From worker 5:		num_sets_changed: 		2109109
      From worker 5:			num_random_opinions: 	64892
      From worker 5:			num_biased_opinions: 	21803
      From worker 5:		num_both_changed: 		103832
      From worker 5:	
      From worker 5:	data processed and exported
      From worker 5:	
      From worker 5:	starting b_1.0_c_0.2_N_40_M_2_K_1_P_2_beta_0.001_u_0.001_v_0.005_p_0.5_ϵ_1.0_gens_20000000_210214-174233.369
      From worker 6:	replicate complete, ran 20000000 generations:
      From worker 6:	
      From worker 6:		num_imitating:			15003251
      From worker 6:		num_not_imitating:		4996749
      From worker 6:		num_strategies_changed:  	436519
      From worker 6:			num_random_strategies: 	15165
      From worker 6:		num_sets_changed: 		1793642
      From worker 6:			num_random_opinions: 	37288
      From worker 6:			num_biased_opinions: 	37651
      From worker 6:		num_both_changed: 		96255
      From worker 6:	
      From worker 6:	data processed and exported
      From worker 6:	
      From worker 6:	starting b_1.0_c_0.2_N_40_M_2_K_1_P_2_beta_0.001_u_0.001_v_0.005_p_0.75_ϵ_1.0_gens_20000000_210214-174233.369
      From worker 14:	replicate complete, ran 20000000 generations:
      From worker 14:	
      From worker 14:		num_imitating:			10001000
      From worker 14:		num_not_imitating:		9999000
      From worker 14:		num_strategies_changed:  	150842
      From worker 14:			num_random_strategies: 	9926
      From worker 14:		num_sets_changed: 		4423857
      From worker 14:			num_random_opinions: 	0
      From worker 14:			num_biased_opinions: 	2794148
      From worker 14:		num_both_changed: 		73840
      From worker 14:	
      From worker 14:	data processed and exported
      From worker 14:	
      From worker 14:	starting b_1.0_c_0.2_N_40_M_2_K_1_P_2_beta_0.001_u_0.001_v_0.2795084971874737_p_0.0_ϵ_1.0_gens_20000000_210214-174233.369
      From worker 11:	replicate complete, ran 20000000 generations:
      From worker 11:	
      From worker 11:		num_imitating:			17499656
      From worker 11:		num_not_imitating:		2500344
      From worker 11:		num_strategies_changed:  	529298
      From worker 11:			num_random_strategies: 	17296
      From worker 11:		num_sets_changed: 		9125414
      From worker 11:			num_random_opinions: 	733044
      From worker 11:			num_biased_opinions: 	244125
      From worker 11:		num_both_changed: 		354040
      From worker 11:	
      From worker 11:	data processed and exported
      From worker 11:	
      From worker 11:	starting b_1.0_c_0.2_N_40_M_2_K_1_P_2_beta_0.001_u_0.001_v_0.055901699437494755_p_0.5_ϵ_1.0_gens_20000000_210214-174233.369
      From worker 8:	replicate complete, ran 20000000 generations:
      From worker 8:	
      From worker 8:		num_imitating:			9999248
      From worker 8:		num_not_imitating:		10000752
      From worker 8:		num_strategies_changed:  	143939
      From worker 8:			num_random_strategies: 	9867
      From worker 8:		num_sets_changed: 		894189
      From worker 8:			num_random_opinions: 	0
      From worker 8:			num_biased_opinions: 	112276
      From worker 8:		num_both_changed: 		22604
      From worker 8:	
      From worker 8:	data processed and exported
      From worker 8:	
      From worker 8:	starting b_1.0_c_0.2_N_40_M_2_K_1_P_2_beta_0.001_u_0.001_v_0.025_p_0.0_ϵ_1.0_gens_20000000_210214-174233.369
      From worker 15:	replicate complete, ran 20000000 generations:
      From worker 15:	
      From worker 15:		num_imitating:			20000000
      From worker 15:		num_not_imitating:		0
      From worker 15:		num_strategies_changed:  	573301
      From worker 15:			num_random_strategies: 	19949
      From worker 15:		num_sets_changed: 		14778092
      From worker 15:			num_random_opinions: 	12496047
      From worker 15:			num_biased_opinions: 	0
      From worker 15:		num_both_changed: 		429765
      From worker 15:	
      From worker 15:	data processed and exported
      From worker 15:	
      From worker 15:	starting b_1.0_c_0.2_N_40_M_2_K_1_P_2_beta_0.001_u_0.001_v_0.625_p_0.25_ϵ_1.0_gens_20000000_210214-174233.369
      From worker 13:	replicate complete, ran 20000000 generations:
      From worker 13:	
      From worker 13:		num_imitating:			12503506
      From worker 13:		num_not_imitating:		7496494
      From worker 13:		num_strategies_changed:  	357935
      From worker 13:			num_random_strategies: 	12388
      From worker 13:		num_sets_changed: 		7677360
      From worker 13:			num_random_opinions: 	390720
      From worker 13:			num_biased_opinions: 	1172123
      From worker 13:		num_both_changed: 		259132
      From worker 13:	
      From worker 13:	data processed and exported
      From worker 13:	
      From worker 13:	starting b_1.0_c_0.2_N_40_M_2_K_1_P_2_beta_0.001_u_0.001_v_0.125_p_1.0_ϵ_1.0_gens_20000000_210214-174233.369
      From worker 7:	replicate complete, ran 20000000 generations:
      From worker 7:	
      From worker 7:		num_imitating:			12495977
      From worker 7:		num_not_imitating:		7504023
      From worker 7:		num_strategies_changed:  	365348
      From worker 7:			num_random_strategies: 	12491
      From worker 7:		num_sets_changed: 		2812321
      From worker 7:			num_random_opinions: 	34701
      From worker 7:			num_biased_opinions: 	104953
      From worker 7:		num_both_changed: 		146283
      From worker 7:	
      From worker 7:	data processed and exported
      From worker 7:	
      From worker 7:	starting b_1.0_c_0.2_N_40_M_2_K_1_P_2_beta_0.001_u_0.001_v_0.011180339887498947_p_1.0_ϵ_1.0_gens_20000000_210214-174233.369
      From worker 3:	replicate complete, ran 20000000 generations:
      From worker 3:	
      From worker 3:		num_imitating:			20000000
      From worker 3:		num_not_imitating:		0
      From worker 3:		num_strategies_changed:  	592743
      From worker 3:			num_random_strategies: 	19948
      From worker 3:		num_sets_changed: 		1209765
      From worker 3:			num_random_opinions: 	44760
      From worker 3:			num_biased_opinions: 	0
      From worker 3:		num_both_changed: 		68870
      From worker 3:	
      From worker 3:	data processed and exported
      From worker 3:	
      From worker 3:	starting b_1.0_c_0.2_N_40_M_2_K_1_P_2_beta_0.001_u_0.001_v_0.0022360679774997894_p_0.25_ϵ_1.0_gens_20000000_210214-174233.369
      From worker 2:	replicate complete, ran 20000000 generations:
      From worker 2:	
      From worker 2:		num_imitating:			10000473
      From worker 2:		num_not_imitating:		9999527
      From worker 2:		num_strategies_changed:  	147559
      From worker 2:			num_random_strategies: 	10011
      From worker 2:		num_sets_changed: 		97536
      From worker 2:			num_random_opinions: 	0
      From worker 2:			num_biased_opinions: 	10049
      From worker 2:		num_both_changed: 		3212
      From worker 2:	
      From worker 2:	data processed and exported
      From worker 2:	
      From worker 2:	starting b_1.0_c_0.2_N_40_M_2_K_1_P_2_beta_0.001_u_0.001_v_0.001_p_0.0_ϵ_1.0_gens_20000000_210214-174233.369
      From worker 16:	replicate complete, ran 20000000 generations:
      From worker 16:	
      From worker 16:		num_imitating:			17500080
      From worker 16:		num_not_imitating:		2499920
      From worker 16:		num_strategies_changed:  	515994
      From worker 16:			num_random_strategies: 	17380
      From worker 16:		num_sets_changed: 		12794600
      From worker 16:			num_random_opinions: 	8204399
      From worker 16:			num_biased_opinions: 	2735637
      From worker 16:		num_both_changed: 		383828
      From worker 16:	
      From worker 16:	data processed and exported
      From worker 16:	
      From worker 16:	starting b_1.0_c_0.2_N_40_M_2_K_1_P_2_beta_0.001_u_0.001_v_0.625_p_0.5_ϵ_1.0_gens_20000000_210214-174233.369
      From worker 4:	replicate complete, ran 20000000 generations:
      From worker 4:	
      From worker 4:		num_imitating:			17499309
      From worker 4:		num_not_imitating:		2500691
      From worker 4:		num_strategies_changed:  	490274
      From worker 4:			num_random_strategies: 	17339
      From worker 4:		num_sets_changed: 		1080621
      From worker 4:			num_random_opinions: 	29564
      From worker 4:			num_biased_opinions: 	9900
      From worker 4:		num_both_changed: 		60060
      From worker 4:	
      From worker 4:	data processed and exported
      From worker 4:	
      From worker 4:	starting b_1.0_c_0.2_N_40_M_2_K_1_P_2_beta_0.001_u_0.001_v_0.0022360679774997894_p_0.5_ϵ_1.0_gens_20000000_210214-174233.369
      From worker 12:	replicate complete, ran 20000000 generations:
      From worker 12:	
      From worker 12:		num_imitating:			14996228
      From worker 12:		num_not_imitating:		5003772
      From worker 12:		num_strategies_changed:  	442382
      From worker 12:			num_random_strategies: 	15109
      From worker 12:		num_sets_changed: 		9423194
      From worker 12:			num_random_opinions: 	937564
      From worker 12:			num_biased_opinions: 	936816
      From worker 12:		num_both_changed: 		321617
      From worker 12:	
      From worker 12:	data processed and exported
      From worker 12:	
      From worker 12:	starting b_1.0_c_0.2_N_40_M_2_K_1_P_2_beta_0.001_u_0.001_v_0.125_p_0.75_ϵ_1.0_gens_20000000_210214-174233.369
      From worker 9:	replicate complete, ran 20000000 generations:
      From worker 9:	
      From worker 9:		num_imitating:			20000000
      From worker 9:		num_not_imitating:		0
      From worker 9:		num_strategies_changed:  	552717
      From worker 9:			num_random_strategies: 	19746
      From worker 9:		num_sets_changed: 		7420874
      From worker 9:			num_random_opinions: 	500706
      From worker 9:			num_biased_opinions: 	0
      From worker 9:		num_both_changed: 		306040
      From worker 9:	
      From worker 9:	data processed and exported
      From worker 9:	
      From worker 9:	starting b_1.0_c_0.2_N_40_M_2_K_1_P_2_beta_0.001_u_0.001_v_0.025_p_0.25_ϵ_1.0_gens_20000000_210214-174233.369
      From worker 5:	replicate complete, ran 20000000 generations:
      From worker 5:	
      From worker 5:		num_imitating:			14998896
      From worker 5:		num_not_imitating:		5001104
      From worker 5:		num_strategies_changed:  	433861
      From worker 5:			num_random_strategies: 	15024
      From worker 5:		num_sets_changed: 		1799372
      From worker 5:			num_random_opinions: 	37125
      From worker 5:			num_biased_opinions: 	37615
      From worker 5:		num_both_changed: 		96781
      From worker 5:	
      From worker 5:	data processed and exported
      From worker 5:	
      From worker 5:	starting b_1.0_c_0.2_N_40_M_2_K_1_P_2_beta_0.001_u_0.001_v_0.005_p_0.75_ϵ_1.0_gens_20000000_210214-174233.369
      From worker 6:	replicate complete, ran 20000000 generations:
      From worker 6:	
      From worker 6:		num_imitating:			12501029
      From worker 6:		num_not_imitating:		7498971
      From worker 6:		num_strategies_changed:  	338197
      From worker 6:			num_random_strategies: 	12475
      From worker 6:		num_sets_changed: 		1472934
      From worker 6:			num_random_opinions: 	15588
      From worker 6:			num_biased_opinions: 	47063
      From worker 6:		num_both_changed: 		69814
      From worker 6:	
      From worker 6:	data processed and exported
      From worker 6:	
      From worker 6:	starting b_1.0_c_0.2_N_40_M_2_K_1_P_2_beta_0.001_u_0.001_v_0.005_p_1.0_ϵ_1.0_gens_20000000_210214-174233.369
      From worker 10:	replicate complete, ran 20000000 generations:
      From worker 10:	
      From worker 10:		num_imitating:			17501020
      From worker 10:		num_not_imitating:		2498980
      From worker 10:		num_strategies_changed:  	503006
      From worker 10:			num_random_strategies: 	17587
      From worker 10:		num_sets_changed: 		9096139
      From worker 10:			num_random_opinions: 	734243
      From worker 10:			num_biased_opinions: 	244621
      From worker 10:		num_both_changed: 		337950
      From worker 10:	
      From worker 10:	data processed and exported
      From worker 10:	
      From worker 10:	starting b_1.0_c_0.2_N_40_M_2_K_1_P_2_beta_0.001_u_0.001_v_0.055901699437494755_p_0.5_ϵ_1.0_gens_20000000_210214-174233.369
      From worker 7:	replicate complete, ran 20000000 generations:
      From worker 7:	
      From worker 7:		num_imitating:			10003732
      From worker 7:		num_not_imitating:		9996268
      From worker 7:		num_strategies_changed:  	144553
      From worker 7:			num_random_strategies: 	10075
      From worker 7:		num_sets_changed: 		891764
      From worker 7:			num_random_opinions: 	0
      From worker 7:			num_biased_opinions: 	111983
      From worker 7:		num_both_changed: 		22622
      From worker 7:	
      From worker 7:	data processed and exported
      From worker 7:	
      From worker 7:	starting b_1.0_c_0.2_N_40_M_2_K_1_P_2_beta_0.001_u_0.001_v_0.011180339887498947_p_0.0_ϵ_1.0_gens_20000000_210214-174233.369
      From worker 2:	replicate complete, ran 20000000 generations:
      From worker 2:	
      From worker 2:		num_imitating:			20000000
      From worker 2:		num_not_imitating:		0
      From worker 2:		num_strategies_changed:  	596416
      From worker 2:			num_random_strategies: 	19887
      From worker 2:		num_sets_changed: 		561467
      From worker 2:			num_random_opinions: 	19803
      From worker 2:			num_biased_opinions: 	0
      From worker 2:		num_both_changed: 		34111
      From worker 2:	
      From worker 3:	replicate complete, ran 20000000 generations:
      From worker 3:	
      From worker 3:		num_imitating:			17501756
      From worker 3:		num_not_imitating:		2498244
      From worker 3:		num_strategies_changed:  	499647
      From worker 3:			num_random_strategies: 	17197
      From worker 3:		num_sets_changed: 		1057767
      From worker 3:			num_random_opinions: 	29381
      From worker 3:			num_biased_opinions: 	9757
      From worker 3:		num_both_changed: 		54008
      From worker 3:	
      From worker 2:	data processed and exported
      From worker 3:	data processed and exported
      From worker 11:	replicate complete, ran 20000000 generations:
      From worker 11:	
      From worker 11:		num_imitating:			14998355
      From worker 11:		num_not_imitating:		5001645
      From worker 11:		num_strategies_changed:  	430444
      From worker 11:			num_random_strategies: 	15093
      From worker 11:		num_sets_changed: 		7767989
      From worker 11:			num_random_opinions: 	419099
      From worker 11:			num_biased_opinions: 	418656
      From worker 11:		num_both_changed: 		290385
      From worker 11:	
      From worker 13:	replicate complete, ran 20000000 generations:
      From worker 13:	
      From worker 13:		num_imitating:			9998920
      From worker 13:		num_not_imitating:		10001080
      From worker 13:		num_strategies_changed:  	147419
      From worker 13:			num_random_strategies: 	9778
      From worker 13:		num_sets_changed: 		3687374
      From worker 13:			num_random_opinions: 	0
      From worker 13:			num_biased_opinions: 	1249058
      From worker 13:		num_both_changed: 		69102
      From worker 13:	
      From worker 11:	data processed and exported
      From worker 11:	
      From worker 11:	starting b_1.0_c_0.2_N_40_M_2_K_1_P_2_beta_0.001_u_0.001_v_0.055901699437494755_p_0.75_ϵ_1.0_gens_20000000_210214-174233.369
      From worker 13:	data processed and exported
      From worker 13:	
      From worker 13:	starting b_1.0_c_0.2_N_40_M_2_K_1_P_2_beta_0.001_u_0.001_v_0.2795084971874737_p_0.0_ϵ_1.0_gens_20000000_210214-174233.369
      From worker 8:	replicate complete, ran 20000000 generations:
      From worker 8:	
      From worker 8:		num_imitating:			20000000
      From worker 8:		num_not_imitating:		0
      From worker 8:		num_strategies_changed:  	567598
      From worker 8:			num_random_strategies: 	19807
      From worker 8:		num_sets_changed: 		7399430
      From worker 8:			num_random_opinions: 	499048
      From worker 8:			num_biased_opinions: 	0
      From worker 8:		num_both_changed: 		313097
      From worker 8:	
      From worker 8:	data processed and exported
      From worker 8:	
      From worker 8:	starting b_1.0_c_0.2_N_40_M_2_K_1_P_2_beta_0.001_u_0.001_v_0.025_p_0.25_ϵ_1.0_gens_20000000_210214-174233.369
      From worker 4:	replicate complete, ran 20000000 generations:
      From worker 4:	
      From worker 4:		num_imitating:			15003174
      From worker 4:		num_not_imitating:		4996826
      From worker 4:		num_strategies_changed:  	462460
      From worker 4:			num_random_strategies: 	14955
      From worker 4:		num_sets_changed: 		888681
      From worker 4:			num_random_opinions: 	16950
      From worker 4:			num_biased_opinions: 	16447
      From worker 4:		num_both_changed: 		51302
      From worker 4:	
      From worker 4:	data processed and exported
      From worker 14:	replicate complete, ran 20000000 generations:
      From worker 14:	
      From worker 14:		num_imitating:			20000000
      From worker 14:		num_not_imitating:		0
      From worker 14:		num_strategies_changed:  	579982
      From worker 14:			num_random_strategies: 	19857
      From worker 14:		num_sets_changed: 		14087001
      From worker 14:			num_random_opinions: 	5590254
      From worker 14:			num_biased_opinions: 	0
      From worker 14:		num_both_changed: 		432571
      From worker 14:	
      From worker 14:	data processed and exported
      From worker 14:	
      From worker 14:	starting b_1.0_c_0.2_N_40_M_2_K_1_P_2_beta_0.001_u_0.001_v_0.2795084971874737_p_0.25_ϵ_1.0_gens_20000000_210214-174233.369
      From worker 6:	replicate complete, ran 20000000 generations:
      From worker 6:	
      From worker 6:		num_imitating:			9999531
      From worker 6:		num_not_imitating:		10000469
      From worker 6:		num_strategies_changed:  	141000
      From worker 6:			num_random_strategies: 	10019
      From worker 6:		num_sets_changed: 		459877
      From worker 6:			num_random_opinions: 	0
      From worker 6:			num_biased_opinions: 	50050
      From worker 6:		num_both_changed: 		12638
      From worker 6:	
      From worker 6:	data processed and exported
      From worker 5:	replicate complete, ran 20000000 generations:
      From worker 5:	
      From worker 5:		num_imitating:			12501104
      From worker 5:		num_not_imitating:		7498896
      From worker 5:		num_strategies_changed:  	371481
      From worker 5:			num_random_strategies: 	12435
      From worker 5:		num_sets_changed: 		1522923
      From worker 5:			num_random_opinions: 	15603
      From worker 5:			num_biased_opinions: 	46956
      From worker 5:		num_both_changed: 		88061
      From worker 5:	
      From worker 5:	data processed and exported
      From worker 15:	replicate complete, ran 20000000 generations:
      From worker 15:	
      From worker 15:		num_imitating:			17500614
      From worker 15:		num_not_imitating:		2499386
      From worker 15:		num_strategies_changed:  	487399
      From worker 15:			num_random_strategies: 	17429
      From worker 15:		num_sets_changed: 		12794333
      From worker 15:			num_random_opinions: 	8203839
      From worker 15:			num_biased_opinions: 	2733255
      From worker 15:		num_both_changed: 		362024
      From worker 15:	
      From worker 15:	data processed and exported
      From worker 15:	
      From worker 15:	starting b_1.0_c_0.2_N_40_M_2_K_1_P_2_beta_0.001_u_0.001_v_0.625_p_0.5_ϵ_1.0_gens_20000000_210214-174233.369
      From worker 12:	replicate complete, ran 20000000 generations:
      From worker 12:	
      From worker 12:		num_imitating:			12502083
      From worker 12:		num_not_imitating:		7497917
      From worker 12:		num_strategies_changed:  	368582
      From worker 12:			num_random_strategies: 	12543
      From worker 12:		num_sets_changed: 		7682513
      From worker 12:			num_random_opinions: 	391079
      From worker 12:			num_biased_opinions: 	1172613
      From worker 12:		num_both_changed: 		267045
      From worker 12:	
      From worker 12:	data processed and exported
      From worker 12:	
      From worker 12:	starting b_1.0_c_0.2_N_40_M_2_K_1_P_2_beta_0.001_u_0.001_v_0.125_p_1.0_ϵ_1.0_gens_20000000_210214-174233.369
      From worker 9:	replicate complete, ran 20000000 generations:
      From worker 9:	
      From worker 9:		num_imitating:			17500931
      From worker 9:		num_not_imitating:		2499069
      From worker 9:		num_strategies_changed:  	506355
      From worker 9:			num_random_strategies: 	17716
      From worker 9:		num_sets_changed: 		6487523
      From worker 9:			num_random_opinions: 	329279
      From worker 9:			num_biased_opinions: 	109809
      From worker 9:		num_both_changed: 		279134
      From worker 9:	
      From worker 9:	data processed and exported
      From worker 9:	
      From worker 9:	starting b_1.0_c_0.2_N_40_M_2_K_1_P_2_beta_0.001_u_0.001_v_0.025_p_0.5_ϵ_1.0_gens_20000000_210214-174233.369
      From worker 16:	replicate complete, ran 20000000 generations:
      From worker 16:	
      From worker 16:		num_imitating:			15000039
      From worker 16:		num_not_imitating:		4999961
      From worker 16:		num_strategies_changed:  	458340
      From worker 16:			num_random_strategies: 	15046
      From worker 16:		num_sets_changed: 		10569962
      From worker 16:			num_random_opinions: 	4687745
      From worker 16:			num_biased_opinions: 	4690544
      From worker 16:		num_both_changed: 		329032
      From worker 16:	
      From worker 16:	data processed and exported
      From worker 16:	
      From worker 16:	starting b_1.0_c_0.2_N_40_M_2_K_1_P_2_beta_0.001_u_0.001_v_0.625_p_0.75_ϵ_1.0_gens_20000000_210214-174233.369
      From worker 7:	replicate complete, ran 20000000 generations:
      From worker 7:	
      From worker 7:		num_imitating:			20000000
      From worker 7:		num_not_imitating:		0
      From worker 7:		num_strategies_changed:  	578911
      From worker 7:			num_random_strategies: 	20096
      From worker 7:		num_sets_changed: 		4531882
      From worker 7:			num_random_opinions: 	224150
      From worker 7:			num_biased_opinions: 	0
      From worker 7:		num_both_changed: 		219248
      From worker 7:	
      From worker 10:	replicate complete, ran 20000000 generations:
      From worker 10:	
      From worker 10:		num_imitating:			14999938
      From worker 10:		num_not_imitating:		5000062
      From worker 10:		num_strategies_changed:  	420057
      From worker 10:			num_random_strategies: 	14991
      From worker 10:		num_sets_changed: 		7755434
      From worker 10:			num_random_opinions: 	419242
      From worker 10:			num_biased_opinions: 	419970
      From worker 10:		num_both_changed: 		284461
      From worker 10:	
      From worker 7:	data processed and exported
      From worker 10:	data processed and exported
      From worker 10:	
      From worker 10:	starting b_1.0_c_0.2_N_40_M_2_K_1_P_2_beta_0.001_u_0.001_v_0.055901699437494755_p_0.75_ϵ_1.0_gens_20000000_210214-174233.369
      From worker 11:	replicate complete, ran 20000000 generations:
      From worker 11:	
      From worker 11:		num_imitating:			12505317
      From worker 11:		num_not_imitating:		7494683
      From worker 11:		num_strategies_changed:  	372418
      From worker 11:			num_random_strategies: 	12630
      From worker 11:		num_sets_changed: 		6373845
      From worker 11:			num_random_opinions: 	174446
      From worker 11:			num_biased_opinions: 	524432
      From worker 11:		num_both_changed: 		253584
      From worker 11:	
      From worker 11:	data processed and exported
      From worker 11:	
      From worker 11:	starting b_1.0_c_0.2_N_40_M_2_K_1_P_2_beta_0.001_u_0.001_v_0.055901699437494755_p_1.0_ϵ_1.0_gens_20000000_210214-174233.369
      From worker 8:	replicate complete, ran 20000000 generations:
      From worker 8:	
      From worker 8:		num_imitating:			17501567
      From worker 8:		num_not_imitating:		2498433
      From worker 8:		num_strategies_changed:  	477473
      From worker 8:			num_random_strategies: 	17137
      From worker 8:		num_sets_changed: 		6495569
      From worker 8:			num_random_opinions: 	327283
      From worker 8:			num_biased_opinions: 	109155
      From worker 8:		num_both_changed: 		259177
      From worker 8:	
      From worker 8:	data processed and exported
      From worker 12:	replicate complete, ran 20000000 generations:
      From worker 12:	
      From worker 12:		num_imitating:			9996462
      From worker 12:		num_not_imitating:		10003538
      From worker 12:		num_strategies_changed:  	154040
      From worker 12:			num_random_strategies: 	10260
      From worker 12:		num_sets_changed: 		3704840
      From worker 12:			num_random_opinions: 	0
      From worker 12:			num_biased_opinions: 	1249898
      From worker 12:		num_both_changed: 		71041
      From worker 12:	
      From worker 12:	data processed and exported
      From worker 12:	
      From worker 12:	starting b_1.0_c_0.2_N_40_M_2_K_1_P_2_beta_0.001_u_0.001_v_0.125_p_0.0_ϵ_1.0_gens_20000000_210214-174233.369
      From worker 13:	replicate complete, ran 20000000 generations:
      From worker 13:	
      From worker 13:		num_imitating:			20000000
      From worker 13:		num_not_imitating:		0
      From worker 13:		num_strategies_changed:  	561748
      From worker 13:			num_random_strategies: 	20091
      From worker 13:		num_sets_changed: 		14088841
      From worker 13:			num_random_opinions: 	5588376
      From worker 13:			num_biased_opinions: 	0
      From worker 13:		num_both_changed: 		418818
      From worker 13:	
      From worker 13:	data processed and exported
      From worker 13:	
      From worker 13:	starting b_1.0_c_0.2_N_40_M_2_K_1_P_2_beta_0.001_u_0.001_v_0.2795084971874737_p_0.25_ϵ_1.0_gens_20000000_210214-174233.369
      From worker 14:	replicate complete, ran 20000000 generations:
      From worker 14:	
      From worker 14:		num_imitating:			17499498
      From worker 14:		num_not_imitating:		2500502
      From worker 14:		num_strategies_changed:  	518562
      From worker 14:			num_random_strategies: 	17504
      From worker 14:		num_sets_changed: 		12262542
      From worker 14:			num_random_opinions: 	3671770
      From worker 14:			num_biased_opinions: 	1221077
      From worker 14:		num_both_changed: 		385880
      From worker 14:	
      From worker 14:	data processed and exported
      From worker 14:	
      From worker 14:	starting b_1.0_c_0.2_N_40_M_2_K_1_P_2_beta_0.001_u_0.001_v_0.2795084971874737_p_0.5_ϵ_1.0_gens_20000000_210214-174233.369
      From worker 9:	replicate complete, ran 20000000 generations:
      From worker 9:	
      From worker 9:		num_imitating:			15001403
      From worker 9:		num_not_imitating:		4998597
      From worker 9:		num_strategies_changed:  	401593
      From worker 9:			num_random_strategies: 	15059
      From worker 9:		num_sets_changed: 		5528184
      From worker 9:			num_random_opinions: 	186974
      From worker 9:			num_biased_opinions: 	187286
      From worker 9:		num_both_changed: 		213571
      From worker 9:	
      From worker 9:	data processed and exported
      From worker 15:	replicate complete, ran 20000000 generations:
      From worker 15:	
      From worker 15:		num_imitating:			15000181
      From worker 15:		num_not_imitating:		4999819
      From worker 15:		num_strategies_changed:  	420479
      From worker 15:			num_random_strategies: 	14752
      From worker 15:		num_sets_changed: 		10570533
      From worker 15:			num_random_opinions: 	4689583
      From worker 15:			num_biased_opinions: 	4686571
      From worker 15:		num_both_changed: 		301669
      From worker 15:	
      From worker 15:	data processed and exported
      From worker 15:	
      From worker 15:	starting b_1.0_c_0.2_N_40_M_2_K_1_P_2_beta_0.001_u_0.001_v_0.625_p_0.75_ϵ_1.0_gens_20000000_210214-174233.369
      From worker 16:	replicate complete, ran 20000000 generations:
      From worker 16:	
      From worker 16:		num_imitating:			12500224
      From worker 16:		num_not_imitating:		7499776
      From worker 16:		num_strategies_changed:  	349288
      From worker 16:			num_random_strategies: 	12639
      From worker 16:		num_sets_changed: 		8051766
      From worker 16:			num_random_opinions: 	1953206
      From worker 16:			num_biased_opinions: 	5859346
      From worker 16:		num_both_changed: 		230996
      From worker 16:	
      From worker 16:	data processed and exported
      From worker 16:	
      From worker 16:	starting b_1.0_c_0.2_N_40_M_2_K_1_P_2_beta_0.001_u_0.001_v_0.625_p_1.0_ϵ_1.0_gens_20000000_210214-174233.369
      From worker 11:	replicate complete, ran 20000000 generations:
      From worker 11:	
      From worker 11:		num_imitating:			9997702
      From worker 11:		num_not_imitating:		10002298
      From worker 11:		num_strategies_changed:  	141664
      From worker 11:			num_random_strategies: 	9885
      From worker 11:		num_sets_changed: 		2677415
      From worker 11:			num_random_opinions: 	0
      From worker 11:			num_biased_opinions: 	558868
      From worker 11:		num_both_changed: 		54395
      From worker 11:	
      From worker 11:	data processed and exported
      From worker 10:	replicate complete, ran 20000000 generations:
      From worker 10:	
      From worker 10:		num_imitating:			12500915
      From worker 10:		num_not_imitating:		7499085
      From worker 10:		num_strategies_changed:  	351791
      From worker 10:			num_random_strategies: 	12377
      From worker 10:		num_sets_changed: 		6368013
      From worker 10:			num_random_opinions: 	174657
      From worker 10:			num_biased_opinions: 	523882
      From worker 10:		num_both_changed: 		236874
      From worker 10:	
      From worker 10:	data processed and exported
      From worker 16:	replicate complete, ran 20000000 generations:
      From worker 16:	
      From worker 16:		num_imitating:			10001688
      From worker 16:		num_not_imitating:		9998312
      From worker 16:		num_strategies_changed:  	145076
      From worker 16:			num_random_strategies: 	10095
      From worker 16:		num_sets_changed: 		4856195
      From worker 16:			num_random_opinions: 	0
      From worker 16:			num_biased_opinions: 	6251722
 Activating environment at `/tigress/mk28/CooperationPolarization2/Project.toml`
 Activating environment at `/tigress/mk28/CooperationPolarization2/Project.toml`
      From worker 16:		num_both_changed: 		72317
      From worker 16:	
      From worker 16:	data processed and exported
      From worker 12:	replicate complete, ran 20000000 generations:
      From worker 12:	
      From worker 12:		num_imitating:			20000000
      From worker 12:		num_not_imitating:		0
      From worker 12:		num_strategies_changed:  	580435
      From worker 12:			num_random_strategies: 	20158
      From worker 12:		num_sets_changed: 		12729759
      From worker 12:			num_random_opinions: 	2499659
      From worker 12:			num_biased_opinions: 	0
      From worker 12:		num_both_changed: 		422081
      From worker 12:	
      From worker 12:	data processed and exported
      From worker 13:	replicate complete, ran 20000000 generations:
      From worker 13:	
      From worker 13:		num_imitating:			17502398
      From worker 13:		num_not_imitating:		2497602
      From worker 13:		num_strategies_changed:  	497775
      From worker 13:			num_random_strategies: 	17334
      From worker 13:		num_sets_changed: 		12270347
      From worker 13:			num_random_opinions: 	3671380
      From worker 13:			num_biased_opinions: 	1223828
      From worker 13:		num_both_changed: 		370302
      From worker 13:	
      From worker 13:	data processed and exported
      From worker 15:	replicate complete, ran 20000000 generations:
      From worker 15:	
      From worker 15:		num_imitating:			12501577
      From worker 15:		num_not_imitating:		7498423
      From worker 15:		num_strategies_changed:  	387171
      From worker 15:			num_random_strategies: 	12563
      From worker 15:		num_sets_changed: 		8056509
      From worker 15:			num_random_opinions: 	1952192
      From worker 15:			num_biased_opinions: 	5859361
      From worker 15:		num_both_changed: 		256469
      From worker 15:	
      From worker 15:	data processed and exported
      From worker 14:	replicate complete, ran 20000000 generations:
      From worker 14:	
      From worker 14:		num_imitating:			15000376
      From worker 14:		num_not_imitating:		4999624
      From worker 14:		num_strategies_changed:  	450686
      From worker 14:			num_random_strategies: 	15016
      From worker 14:		num_sets_changed: 		10367216
      From worker 14:			num_random_opinions: 	2096973
      From worker 14:			num_biased_opinions: 	2096408
      From worker 14:		num_both_changed: 		332403
      From worker 14:	
      From worker 14:	data processed and exported
8313.462887 seconds (2.57 M allocations: 117.215 MiB, 0.00% gc time)
