packages loaded
      From worker 3:	 Activating environment at `/tigress/mk28/CooperationPolarization2/Project.toml`
      From worker 6:	 Activating environment at `/tigress/mk28/CooperationPolarization2/Project.toml`
      From worker 5:	 Activating environment at `/tigress/mk28/CooperationPolarization2/Project.toml`
      From worker 4:	 Activating environment at `/tigress/mk28/CooperationPolarization2/Project.toml`
      From worker 2:	 Activating environment at `/tigress/mk28/CooperationPolarization2/Project.toml`
      From worker 13:	 Activating environment at `/tigress/mk28/CooperationPolarization2/Project.toml`
      From worker 7:	 Activating environment at `/tigress/mk28/CooperationPolarization2/Project.toml`
      From worker 11:	 Activating environment at `/tigress/mk28/CooperationPolarization2/Project.toml`
      From worker 16:	 Activating environment at `/tigress/mk28/CooperationPolarization2/Project.toml`
      From worker 14:	 Activating environment at `/tigress/mk28/CooperationPolarization2/Project.toml`
      From worker 9:	 Activating environment at `/tigress/mk28/CooperationPolarization2/Project.toml`
      From worker 10:	 Activating environment at `/tigress/mk28/CooperationPolarization2/Project.toml`
      From worker 8:	 Activating environment at `/tigress/mk28/CooperationPolarization2/Project.toml`
      From worker 12:	 Activating environment at `/tigress/mk28/CooperationPolarization2/Project.toml`
      From worker 15:	 Activating environment at `/tigress/mk28/CooperationPolarization2/Project.toml`
      From worker 16:	packages loaded
      From worker 7:	packages loaded
      From worker 11:	packages loaded
      From worker 13:	packages loaded
      From worker 3:	packages loaded
      From worker 4:	packages loaded
      From worker 8:	packages loaded
      From worker 5:	packages loaded
      From worker 2:	packages loaded
      From worker 6:	packages loaded
      From worker 15:	packages loaded
      From worker 10:	packages loaded
      From worker 9:	packages loaded
      From worker 14:	packages loaded
      From worker 12:	packages loaded
parameters defined
      From worker 3:	
      From worker 3:	starting b_1.0_c_0.2_N_40_M_2_K_2_P_2_beta_0.001_u_0.001_v_0.001_p_0.25_ϵ_1.0_gens_20000000_210220-073209.862
      From worker 8:	
      From worker 8:	starting b_1.0_c_0.2_N_40_M_2_K_2_P_2_beta_0.001_u_0.001_v_0.011180339887498947_p_0.25_ϵ_1.0_gens_20000000_210220-073209.862
      From worker 15:	
      From worker 15:	starting b_1.0_c_0.2_N_40_M_2_K_2_P_2_beta_0.001_u_0.001_v_0.2795084971874737_p_0.75_ϵ_1.0_gens_20000000_210220-073209.862
      From worker 5:	
      From worker 5:	starting b_1.0_c_0.2_N_40_M_2_K_2_P_2_beta_0.001_u_0.001_v_0.0022360679774997894_p_0.75_ϵ_1.0_gens_20000000_210220-073209.862
      From worker 16:	
      From worker 16:	starting b_1.0_c_0.2_N_40_M_2_K_2_P_2_beta_0.001_u_0.001_v_0.625_p_1.0_ϵ_1.0_gens_20000000_210220-073209.862
      From worker 4:	
      From worker 4:	starting b_1.0_c_0.2_N_40_M_2_K_2_P_2_beta_0.001_u_0.001_v_0.0022360679774997894_p_0.5_ϵ_1.0_gens_20000000_210220-073209.862
      From worker 10:	
      From worker 10:	starting b_1.0_c_0.2_N_40_M_2_K_2_P_2_beta_0.001_u_0.001_v_0.025_p_0.75_ϵ_1.0_gens_20000000_210220-073209.862
      From worker 9:	
      From worker 9:	starting b_1.0_c_0.2_N_40_M_2_K_2_P_2_beta_0.001_u_0.001_v_0.025_p_0.5_ϵ_1.0_gens_20000000_210220-073209.862
      From worker 12:	
      From worker 12:	starting b_1.0_c_0.2_N_40_M_2_K_2_P_2_beta_0.001_u_0.001_v_0.125_p_0.0_ϵ_1.0_gens_20000000_210220-073209.862
      From worker 2:	
      From worker 2:	starting b_1.0_c_0.2_N_40_M_2_K_2_P_2_beta_0.001_u_0.001_v_0.001_p_0.0_ϵ_1.0_gens_20000000_210220-073209.862
      From worker 7:	
      From worker 7:	starting b_1.0_c_0.2_N_40_M_2_K_2_P_2_beta_0.001_u_0.001_v_0.011180339887498947_p_0.0_ϵ_1.0_gens_20000000_210220-073209.862
      From worker 6:	
      From worker 6:	starting b_1.0_c_0.2_N_40_M_2_K_2_P_2_beta_0.001_u_0.001_v_0.005_p_1.0_ϵ_1.0_gens_20000000_210220-073209.862
      From worker 13:	
      From worker 13:	starting b_1.0_c_0.2_N_40_M_2_K_2_P_2_beta_0.001_u_0.001_v_0.125_p_0.25_ϵ_1.0_gens_20000000_210220-073209.862
      From worker 14:	
      From worker 14:	starting b_1.0_c_0.2_N_40_M_2_K_2_P_2_beta_0.001_u_0.001_v_0.2795084971874737_p_0.5_ϵ_1.0_gens_20000000_210220-073209.862
      From worker 11:	
      From worker 11:	starting b_1.0_c_0.2_N_40_M_2_K_2_P_2_beta_0.001_u_0.001_v_0.055901699437494755_p_1.0_ϵ_1.0_gens_20000000_210220-073209.862
      From worker 6:	replicate complete, ran 20000000 generations:
      From worker 6:	
      From worker 6:		num_imitating:			10000502
      From worker 6:		num_not_imitating:		9999498
      From worker 6:		num_strategies_changed:  	151502
      From worker 6:			num_random_strategies: 	10019
      From worker 6:		num_sets_changed: 		0
      From worker 6:			num_random_opinions: 	0
      From worker 6:			num_biased_opinions: 	49782
      From worker 6:		num_both_changed: 		0
      From worker 6:	
      From worker 6:	data processed and exported
      From worker 6:	
      From worker 6:	starting b_1.0_c_0.2_N_40_M_2_K_2_P_2_beta_0.001_u_0.001_v_0.005_p_0.0_ϵ_1.0_gens_20000000_210220-073209.862
      From worker 11:	replicate complete, ran 20000000 generations:
      From worker 11:	
      From worker 11:		num_imitating:			9998950
      From worker 11:		num_not_imitating:		10001050
      From worker 11:		num_strategies_changed:  	143202
      From worker 11:			num_random_strategies: 	9981
      From worker 11:		num_sets_changed: 		0
      From worker 11:			num_random_opinions: 	0
      From worker 11:			num_biased_opinions: 	558903
      From worker 11:		num_both_changed: 		0
      From worker 11:	
      From worker 11:	data processed and exported
      From worker 11:	
      From worker 11:	starting b_1.0_c_0.2_N_40_M_2_K_2_P_2_beta_0.001_u_0.001_v_0.055901699437494755_p_0.0_ϵ_1.0_gens_20000000_210220-073209.862
      From worker 16:	replicate complete, ran 20000000 generations:
      From worker 16:	
      From worker 16:		num_imitating:			9999448
      From worker 16:		num_not_imitating:		10000552
      From worker 16:		num_strategies_changed:  	146845
      From worker 16:			num_random_strategies: 	9917
      From worker 16:		num_sets_changed: 		0
      From worker 16:			num_random_opinions: 	0
      From worker 16:			num_biased_opinions: 	6251183
      From worker 16:		num_both_changed: 		0
      From worker 16:	
      From worker 16:	data processed and exported
      From worker 16:	
      From worker 16:	starting b_1.0_c_0.2_N_40_M_2_K_2_P_2_beta_0.001_u_0.001_v_0.625_p_0.0_ϵ_1.0_gens_20000000_210220-073209.862
      From worker 5:	replicate complete, ran 20000000 generations:
      From worker 5:	
      From worker 5:		num_imitating:			12501209
      From worker 5:		num_not_imitating:		7498791
      From worker 5:		num_strategies_changed:  	375017
      From worker 5:			num_random_strategies: 	12437
      From worker 5:		num_sets_changed: 		653899
      From worker 5:			num_random_opinions: 	7156
      From worker 5:			num_biased_opinions: 	21157
      From worker 5:		num_both_changed: 		38224
      From worker 5:	
      From worker 3:	replicate complete, ran 20000000 generations:
      From worker 3:	
      From worker 3:		num_imitating:			17501171
      From worker 3:		num_not_imitating:		2498829
      From worker 3:		num_strategies_changed:  	482539
      From worker 3:			num_random_strategies: 	17462
      From worker 3:		num_sets_changed: 		513574
      From worker 3:			num_random_opinions: 	12992
      From worker 3:			num_biased_opinions: 	4408
      From worker 3:		num_both_changed: 		25440
      From worker 3:	
      From worker 5:	data processed and exported
      From worker 3:	data processed and exported
      From worker 5:	
      From worker 5:	starting b_1.0_c_0.2_N_40_M_2_K_2_P_2_beta_0.001_u_0.001_v_0.0022360679774997894_p_1.0_ϵ_1.0_gens_20000000_210220-073209.862
      From worker 3:	
      From worker 3:	starting b_1.0_c_0.2_N_40_M_2_K_2_P_2_beta_0.001_u_0.001_v_0.001_p_0.5_ϵ_1.0_gens_20000000_210220-073209.862
      From worker 2:	replicate complete, ran 20000000 generations:
      From worker 2:	
      From worker 2:		num_imitating:			20000000
      From worker 2:		num_not_imitating:		0
      From worker 2:		num_strategies_changed:  	545199
      From worker 2:			num_random_strategies: 	19844
      From worker 2:		num_sets_changed: 		578682
      From worker 2:			num_random_opinions: 	19947
      From worker 2:			num_biased_opinions: 	0
      From worker 2:		num_both_changed: 		33210
      From worker 2:	
      From worker 2:	data processed and exported
      From worker 2:	
      From worker 2:	starting b_1.0_c_0.2_N_40_M_2_K_2_P_2_beta_0.001_u_0.001_v_0.001_p_0.25_ϵ_1.0_gens_20000000_210220-073209.862
      From worker 4:	replicate complete, ran 20000000 generations:
      From worker 4:	
      From worker 4:		num_imitating:			15000933
      From worker 4:		num_not_imitating:		4999067
      From worker 4:		num_strategies_changed:  	435454
      From worker 4:			num_random_strategies: 	15035
      From worker 4:		num_sets_changed: 		878015
      From worker 4:			num_random_opinions: 	16837
      From worker 4:			num_biased_opinions: 	16675
      From worker 4:		num_both_changed: 		54715
      From worker 4:	
      From worker 4:	data processed and exported
      From worker 4:	
      From worker 4:	starting b_1.0_c_0.2_N_40_M_2_K_2_P_2_beta_0.001_u_0.001_v_0.0022360679774997894_p_0.75_ϵ_1.0_gens_20000000_210220-073209.862
      From worker 10:	replicate complete, ran 20000000 generations:
      From worker 10:	
      From worker 10:		num_imitating:			12500301
      From worker 10:		num_not_imitating:		7499699
      From worker 10:		num_strategies_changed:  	341127
      From worker 10:			num_random_strategies: 	12281
      From worker 10:		num_sets_changed: 		3767492
      From worker 10:			num_random_opinions: 	77942
      From worker 10:			num_biased_opinions: 	234393
      From worker 10:		num_both_changed: 		151885
      From worker 10:	
      From worker 10:	data processed and exported
      From worker 10:	
      From worker 10:	starting b_1.0_c_0.2_N_40_M_2_K_2_P_2_beta_0.001_u_0.001_v_0.025_p_1.0_ϵ_1.0_gens_20000000_210220-073209.862
      From worker 8:	replicate complete, ran 20000000 generations:
      From worker 8:	
      From worker 8:		num_imitating:			17501338
      From worker 8:		num_not_imitating:		2498662
      From worker 8:		num_strategies_changed:  	507972
      From worker 8:			num_random_strategies: 	17845
      From worker 8:		num_sets_changed: 		4040710
      From worker 8:			num_random_opinions: 	146666
      From worker 8:			num_biased_opinions: 	48615
      From worker 8:		num_both_changed: 		203320
      From worker 8:	
      From worker 8:	data processed and exported
      From worker 8:	
      From worker 8:	starting b_1.0_c_0.2_N_40_M_2_K_2_P_2_beta_0.001_u_0.001_v_0.011180339887498947_p_0.5_ϵ_1.0_gens_20000000_210220-073209.862
      From worker 7:	replicate complete, ran 20000000 generations:
      From worker 7:	
      From worker 7:		num_imitating:			20000000
      From worker 7:		num_not_imitating:		0
      From worker 7:		num_strategies_changed:  	561569
      From worker 7:			num_random_strategies: 	20195
      From worker 7:		num_sets_changed: 		4719748
      From worker 7:			num_random_opinions: 	223911
      From worker 7:			num_biased_opinions: 	0
      From worker 7:		num_both_changed: 		213926
      From worker 7:	
      From worker 7:	data processed and exported
      From worker 7:	
      From worker 7:	starting b_1.0_c_0.2_N_40_M_2_K_2_P_2_beta_0.001_u_0.001_v_0.011180339887498947_p_0.25_ϵ_1.0_gens_20000000_210220-073209.862
      From worker 9:	replicate complete, ran 20000000 generations:
      From worker 9:	
      From worker 9:		num_imitating:			15003022
      From worker 9:		num_not_imitating:		4996978
      From worker 9:		num_strategies_changed:  	426254
      From worker 9:			num_random_strategies: 	15029
      From worker 9:		num_sets_changed: 		5169969
      From worker 9:			num_random_opinions: 	186887
      From worker 9:			num_biased_opinions: 	187234
      From worker 9:		num_both_changed: 		219819
      From worker 9:	
      From worker 9:	data processed and exported
      From worker 9:	
      From worker 9:	starting b_1.0_c_0.2_N_40_M_2_K_2_P_2_beta_0.001_u_0.001_v_0.025_p_0.75_ϵ_1.0_gens_20000000_210220-073209.862
      From worker 15:	replicate complete, ran 20000000 generations:
      From worker 15:	
      From worker 15:		num_imitating:			12499225
      From worker 15:		num_not_imitating:		7500775
      From worker 15:		num_strategies_changed:  	349257
      From worker 15:			num_random_strategies: 	12635
      From worker 15:		num_sets_changed: 		6250114
      From worker 15:			num_random_opinions: 	873107
      From worker 15:			num_biased_opinions: 	2620241
      From worker 15:		num_both_changed: 		191197
      From worker 15:	
      From worker 15:	data processed and exported
      From worker 15:	
      From worker 15:	starting b_1.0_c_0.2_N_40_M_2_K_2_P_2_beta_0.001_u_0.001_v_0.2795084971874737_p_1.0_ϵ_1.0_gens_20000000_210220-073209.862
      From worker 5:	replicate complete, ran 20000000 generations:
      From worker 5:	
      From worker 5:		num_imitating:			10004668
      From worker 5:		num_not_imitating:		9995332
      From worker 5:		num_strategies_changed:  	146493
      From worker 5:			num_random_strategies: 	9938
      From worker 5:		num_sets_changed: 		0
      From worker 5:			num_random_opinions: 	0
      From worker 5:			num_biased_opinions: 	22269
      From worker 5:		num_both_changed: 		0
      From worker 5:	
      From worker 5:	data processed and exported
      From worker 5:	
      From worker 5:	starting b_1.0_c_0.2_N_40_M_2_K_2_P_2_beta_0.001_u_0.001_v_0.005_p_0.0_ϵ_1.0_gens_20000000_210220-073209.862
      From worker 3:	replicate complete, ran 20000000 generations:
      From worker 3:	
      From worker 3:		num_imitating:			15002646
      From worker 3:		num_not_imitating:		4997354
      From worker 3:		num_strategies_changed:  	442665
      From worker 3:			num_random_strategies: 	14719
      From worker 3:		num_sets_changed: 		441586
      From worker 3:			num_random_opinions: 	7481
      From worker 3:			num_biased_opinions: 	7413
      From worker 3:		num_both_changed: 		23512
      From worker 3:	
      From worker 3:	data processed and exported
      From worker 3:	
      From worker 3:	starting b_1.0_c_0.2_N_40_M_2_K_2_P_2_beta_0.001_u_0.001_v_0.001_p_0.75_ϵ_1.0_gens_20000000_210220-073209.862
      From worker 2:	replicate complete, ran 20000000 generations:
      From worker 2:	
      From worker 2:		num_imitating:			17498975
      From worker 2:		num_not_imitating:		2501025
      From worker 2:		num_strategies_changed:  	520066
      From worker 2:			num_random_strategies: 	17435
      From worker 2:		num_sets_changed: 		508035
      From worker 2:			num_random_opinions: 	13335
      From worker 2:			num_biased_opinions: 	4326
      From worker 2:		num_both_changed: 		28133
      From worker 2:	
      From worker 2:	data processed and exported
      From worker 2:	
      From worker 2:	starting b_1.0_c_0.2_N_40_M_2_K_2_P_2_beta_0.001_u_0.001_v_0.001_p_0.5_ϵ_1.0_gens_20000000_210220-073209.862
      From worker 4:	replicate complete, ran 20000000 generations:
      From worker 4:	
      From worker 4:		num_imitating:			12501176
      From worker 4:		num_not_imitating:		7498824
      From worker 4:		num_strategies_changed:  	376058
      From worker 4:			num_random_strategies: 	12501
      From worker 4:		num_sets_changed: 		643531
      From worker 4:			num_random_opinions: 	6909
      From worker 4:			num_biased_opinions: 	21130
      From worker 4:		num_both_changed: 		38643
      From worker 4:	
      From worker 4:	data processed and exported
      From worker 4:	
      From worker 4:	starting b_1.0_c_0.2_N_40_M_2_K_2_P_2_beta_0.001_u_0.001_v_0.0022360679774997894_p_1.0_ϵ_1.0_gens_20000000_210220-073209.862
      From worker 6:	replicate complete, ran 20000000 generations:
      From worker 6:	
      From worker 6:		num_imitating:			20000000
      From worker 6:		num_not_imitating:		0
      From worker 6:		num_strategies_changed:  	536226
      From worker 6:			num_random_strategies: 	20033
      From worker 6:		num_sets_changed: 		2570398
      From worker 6:			num_random_opinions: 	99539
      From worker 6:			num_biased_opinions: 	0
      From worker 6:		num_both_changed: 		116284
      From worker 6:	
      From worker 6:	data processed and exported
      From worker 6:	
      From worker 6:	starting b_1.0_c_0.2_N_40_M_2_K_2_P_2_beta_0.001_u_0.001_v_0.005_p_0.25_ϵ_1.0_gens_20000000_210220-073209.862
      From worker 14:	replicate complete, ran 20000000 generations:
      From worker 14:	
      From worker 14:		num_imitating:			15001964
      From worker 14:		num_not_imitating:		4998036
      From worker 14:		num_strategies_changed:  	419457
      From worker 14:			num_random_strategies: 	14747
      From worker 14:		num_sets_changed: 		9384766
      From worker 14:			num_random_opinions: 	2097327
      From worker 14:			num_biased_opinions: 	2097314
      From worker 14:		num_both_changed: 		281284
      From worker 14:	
      From worker 14:	data processed and exported
      From worker 14:	
      From worker 14:	starting b_1.0_c_0.2_N_40_M_2_K_2_P_2_beta_0.001_u_0.001_v_0.2795084971874737_p_0.75_ϵ_1.0_gens_20000000_210220-073209.862
      From worker 10:	replicate complete, ran 20000000 generations:
      From worker 10:	
      From worker 10:		num_imitating:			9999818
      From worker 10:		num_not_imitating:		10000182
      From worker 10:		num_strategies_changed:  	146000
      From worker 10:			num_random_strategies: 	9844
      From worker 10:		num_sets_changed: 		0
      From worker 10:			num_random_opinions: 	0
      From worker 10:			num_biased_opinions: 	249666
      From worker 10:		num_both_changed: 		0
      From worker 10:	
      From worker 10:	data processed and exported
      From worker 10:	
      From worker 10:	starting b_1.0_c_0.2_N_40_M_2_K_2_P_2_beta_0.001_u_0.001_v_0.055901699437494755_p_0.0_ϵ_1.0_gens_20000000_210220-073209.862
      From worker 13:	replicate complete, ran 20000000 generations:
      From worker 13:	
      From worker 13:		num_imitating:			17499368
      From worker 13:		num_not_imitating:		2500632
      From worker 13:		num_strategies_changed:  	498899
      From worker 13:			num_random_strategies: 	17424
      From worker 13:		num_sets_changed: 		10878496
      From worker 13:			num_random_opinions: 	1641713
      From worker 13:			num_biased_opinions: 	547418
      From worker 13:		num_both_changed: 		356145
      From worker 13:	
      From worker 13:	data processed and exported
      From worker 13:	
      From worker 13:	starting b_1.0_c_0.2_N_40_M_2_K_2_P_2_beta_0.001_u_0.001_v_0.125_p_0.5_ϵ_1.0_gens_20000000_210220-073209.862
      From worker 15:	replicate complete, ran 20000000 generations:
      From worker 15:	
      From worker 15:		num_imitating:			10000639
      From worker 15:		num_not_imitating:		9999361
      From worker 15:		num_strategies_changed:  	144218
      From worker 15:			num_random_strategies: 	10135
      From worker 15:		num_sets_changed: 		0
      From worker 15:			num_random_opinions: 	0
      From worker 15:			num_biased_opinions: 	2793025
      From worker 15:		num_both_changed: 		0
      From worker 15:	
      From worker 15:	data processed and exported
      From worker 15:	
      From worker 15:	starting b_1.0_c_0.2_N_40_M_2_K_2_P_2_beta_0.001_u_0.001_v_0.625_p_0.0_ϵ_1.0_gens_20000000_210220-073209.862
      From worker 12:	replicate complete, ran 20000000 generations:
      From worker 12:	
      From worker 12:		num_imitating:			20000000
      From worker 12:		num_not_imitating:		0
      From worker 12:		num_strategies_changed:  	603265
      From worker 12:			num_random_strategies: 	19733
      From worker 12:		num_sets_changed: 		12760996
      From worker 12:			num_random_opinions: 	2501826
      From worker 12:			num_biased_opinions: 	0
      From worker 12:		num_both_changed: 		441077
      From worker 12:	
      From worker 12:	data processed and exported
      From worker 12:	
      From worker 12:	starting b_1.0_c_0.2_N_40_M_2_K_2_P_2_beta_0.001_u_0.001_v_0.125_p_0.25_ϵ_1.0_gens_20000000_210220-073209.862
      From worker 8:	replicate complete, ran 20000000 generations:
      From worker 8:	
      From worker 8:		num_imitating:			14998493
      From worker 8:		num_not_imitating:		5001507
      From worker 8:		num_strategies_changed:  	421270
      From worker 8:			num_random_strategies: 	15029
      From worker 8:		num_sets_changed: 		3162377
      From worker 8:			num_random_opinions: 	83488
      From worker 8:			num_biased_opinions: 	83937
      From worker 8:		num_both_changed: 		148270
      From worker 8:	
      From worker 8:	data processed and exported
      From worker 8:	
      From worker 8:	starting b_1.0_c_0.2_N_40_M_2_K_2_P_2_beta_0.001_u_0.001_v_0.011180339887498947_p_0.75_ϵ_1.0_gens_20000000_210220-073209.862
      From worker 4:	replicate complete, ran 20000000 generations:
      From worker 4:	
      From worker 4:		num_imitating:			9997824
      From worker 4:		num_not_imitating:		10002176
      From worker 4:		num_strategies_changed:  	143530
      From worker 4:			num_random_strategies: 	10062
      From worker 4:		num_sets_changed: 		0
      From worker 4:			num_random_opinions: 	0
      From worker 4:			num_biased_opinions: 	22112
      From worker 4:		num_both_changed: 		0
      From worker 4:	
      From worker 4:	data processed and exported
      From worker 3:	replicate complete, ran 20000000 generations:
      From worker 3:	
      From worker 3:		num_imitating:			12501267
      From worker 3:		num_not_imitating:		7498733
      From worker 3:		num_strategies_changed:  	350061
      From worker 3:			num_random_strategies: 	12430
      From worker 3:		num_sets_changed: 		319375
      From worker 3:			num_random_opinions: 	3052
      From worker 3:			num_biased_opinions: 	9355
      From worker 3:		num_both_changed: 		11849
      From worker 3:	
      From worker 4:	
      From worker 4:	starting b_1.0_c_0.2_N_40_M_2_K_2_P_2_beta_0.001_u_0.001_v_0.0022360679774997894_p_0.0_ϵ_1.0_gens_20000000_210220-073209.862
      From worker 3:	data processed and exported
      From worker 3:	
      From worker 3:	starting b_1.0_c_0.2_N_40_M_2_K_2_P_2_beta_0.001_u_0.001_v_0.001_p_1.0_ϵ_1.0_gens_20000000_210220-073209.862
      From worker 2:	replicate complete, ran 20000000 generations:
      From worker 2:	
      From worker 2:		num_imitating:			15000879
      From worker 2:		num_not_imitating:		4999121
      From worker 2:		num_strategies_changed:  	425985
      From worker 2:			num_random_strategies: 	15160
      From worker 2:		num_sets_changed: 		411132
      From worker 2:			num_random_opinions: 	7480
      From worker 2:			num_biased_opinions: 	7431
      From worker 2:		num_both_changed: 		24088
      From worker 2:	
      From worker 2:	data processed and exported
      From worker 2:	
      From worker 2:	starting b_1.0_c_0.2_N_40_M_2_K_2_P_2_beta_0.001_u_0.001_v_0.001_p_0.75_ϵ_1.0_gens_20000000_210220-073209.862
      From worker 7:	replicate complete, ran 20000000 generations:
      From worker 7:	
      From worker 7:		num_imitating:			17500547
      From worker 7:		num_not_imitating:		2499453
      From worker 7:		num_strategies_changed:  	491513
      From worker 7:			num_random_strategies: 	17417
      From worker 7:		num_sets_changed: 		3904725
      From worker 7:			num_random_opinions: 	146019
      From worker 7:			num_biased_opinions: 	48743
      From worker 7:		num_both_changed: 		186080
      From worker 7:	
      From worker 7:	data processed and exported
      From worker 9:	replicate complete, ran 20000000 generations:
      From worker 9:	
      From worker 9:		num_imitating:			12496134
      From worker 9:		num_not_imitating:		7503866
      From worker 9:		num_strategies_changed:  	369955
      From worker 9:			num_random_strategies: 	12532
      From worker 9:		num_sets_changed: 		3734889
      From worker 9:			num_random_opinions: 	78037
      From worker 9:			num_biased_opinions: 	234650
      From worker 9:		num_both_changed: 		176097
      From worker 9:	
      From worker 7:	
      From worker 7:	starting b_1.0_c_0.2_N_40_M_2_K_2_P_2_beta_0.001_u_0.001_v_0.011180339887498947_p_0.5_ϵ_1.0_gens_20000000_210220-073209.862
      From worker 9:	data processed and exported
      From worker 9:	
      From worker 9:	starting b_1.0_c_0.2_N_40_M_2_K_2_P_2_beta_0.001_u_0.001_v_0.025_p_1.0_ϵ_1.0_gens_20000000_210220-073209.862
      From worker 5:	replicate complete, ran 20000000 generations:
      From worker 5:	
      From worker 5:		num_imitating:			20000000
      From worker 5:		num_not_imitating:		0
      From worker 5:		num_strategies_changed:  	578354
      From worker 5:			num_random_strategies: 	20197
      From worker 5:		num_sets_changed: 		2540616
      From worker 5:			num_random_opinions: 	99883
      From worker 5:			num_biased_opinions: 	0
      From worker 5:		num_both_changed: 		131025
      From worker 5:	
      From worker 5:	data processed and exported
      From worker 5:	
      From worker 5:	starting b_1.0_c_0.2_N_40_M_2_K_2_P_2_beta_0.001_u_0.001_v_0.005_p_0.25_ϵ_1.0_gens_20000000_210220-073209.862
      From worker 11:	replicate complete, ran 20000000 generations:
      From worker 11:	
      From worker 11:		num_imitating:			20000000
      From worker 11:		num_not_imitating:		0
      From worker 11:		num_strategies_changed:  	575744
      From worker 11:			num_random_strategies: 	20162
      From worker 11:		num_sets_changed: 		10507718
      From worker 11:			num_random_opinions: 	1118343
      From worker 11:			num_biased_opinions: 	0
      From worker 11:		num_both_changed: 		387765
      From worker 11:	
      From worker 11:	data processed and exported
      From worker 11:	
      From worker 11:	starting b_1.0_c_0.2_N_40_M_2_K_2_P_2_beta_0.001_u_0.001_v_0.055901699437494755_p_0.25_ϵ_1.0_gens_20000000_210220-073209.862
      From worker 6:	replicate complete, ran 20000000 generations:
      From worker 6:	
      From worker 6:		num_imitating:			17499380
      From worker 6:		num_not_imitating:		2500620
      From worker 6:		num_strategies_changed:  	500616
      From worker 6:			num_random_strategies: 	17622
      From worker 6:		num_sets_changed: 		2252583
      From worker 6:			num_random_opinions: 	65950
      From worker 6:			num_biased_opinions: 	22000
      From worker 6:		num_both_changed: 		123023
      From worker 6:	
      From worker 6:	data processed and exported
      From worker 6:	
      From worker 6:	starting b_1.0_c_0.2_N_40_M_2_K_2_P_2_beta_0.001_u_0.001_v_0.005_p_0.5_ϵ_1.0_gens_20000000_210220-073209.862
      From worker 3:	replicate complete, ran 20000000 generations:
      From worker 3:	
      From worker 3:		num_imitating:			9999472
      From worker 3:		num_not_imitating:		10000528
      From worker 3:		num_strategies_changed:  	143737
      From worker 3:			num_random_strategies: 	9805
      From worker 3:		num_sets_changed: 		0
      From worker 3:			num_random_opinions: 	0
      From worker 3:			num_biased_opinions: 	10160
      From worker 3:		num_both_changed: 		0
      From worker 3:	
      From worker 3:	data processed and exported
      From worker 3:	
      From worker 3:	starting b_1.0_c_0.2_N_40_M_2_K_2_P_2_beta_0.001_u_0.001_v_0.0022360679774997894_p_0.0_ϵ_1.0_gens_20000000_210220-073209.862
      From worker 2:	replicate complete, ran 20000000 generations:
      From worker 2:	
      From worker 2:		num_imitating:			12501836
      From worker 2:		num_not_imitating:		7498164
      From worker 2:		num_strategies_changed:  	350413
      From worker 2:			num_random_strategies: 	12431
      From worker 2:		num_sets_changed: 		317045
      From worker 2:			num_random_opinions: 	3136
      From worker 2:			num_biased_opinions: 	9524
      From worker 2:		num_both_changed: 		14778
      From worker 2:	
      From worker 2:	data processed and exported
      From worker 2:	
      From worker 2:	starting b_1.0_c_0.2_N_40_M_2_K_2_P_2_beta_0.001_u_0.001_v_0.001_p_1.0_ϵ_1.0_gens_20000000_210220-073209.862
      From worker 4:	replicate complete, ran 20000000 generations:
      From worker 4:	
      From worker 4:		num_imitating:			20000000
      From worker 4:		num_not_imitating:		0
      From worker 4:		num_strategies_changed:  	562544
      From worker 4:			num_random_strategies: 	20146
      From worker 4:		num_sets_changed: 		1292451
      From worker 4:			num_random_opinions: 	44821
      From worker 4:			num_biased_opinions: 	0
      From worker 4:		num_both_changed: 		73171
      From worker 4:	
      From worker 9:	replicate complete, ran 20000000 generations:
      From worker 9:	
      From worker 9:		num_imitating:			9999839
      From worker 9:		num_not_imitating:		10000161
      From worker 9:		num_strategies_changed:  	150124
      From worker 9:			num_random_strategies: 	9913
      From worker 9:		num_sets_changed: 		0
      From worker 9:			num_random_opinions: 	0
      From worker 9:			num_biased_opinions: 	249959
      From worker 9:		num_both_changed: 		0
      From worker 9:	
      From worker 4:	data processed and exported
      From worker 9:	data processed and exported
      From worker 4:	
      From worker 4:	starting b_1.0_c_0.2_N_40_M_2_K_2_P_2_beta_0.001_u_0.001_v_0.0022360679774997894_p_0.25_ϵ_1.0_gens_20000000_210220-073209.862
      From worker 9:	
      From worker 9:	starting b_1.0_c_0.2_N_40_M_2_K_2_P_2_beta_0.001_u_0.001_v_0.025_p_0.0_ϵ_1.0_gens_20000000_210220-073209.862
      From worker 8:	replicate complete, ran 20000000 generations:
      From worker 8:	
      From worker 8:		num_imitating:			12495993
      From worker 8:		num_not_imitating:		7504007
      From worker 8:		num_strategies_changed:  	358800
      From worker 8:			num_random_strategies: 	12559
      From worker 8:		num_sets_changed: 		2369593
      From worker 8:			num_random_opinions: 	35050
      From worker 8:			num_biased_opinions: 	104719
      From worker 8:		num_both_changed: 		113488
      From worker 8:	
      From worker 8:	data processed and exported
      From worker 8:	
      From worker 8:	starting b_1.0_c_0.2_N_40_M_2_K_2_P_2_beta_0.001_u_0.001_v_0.011180339887498947_p_1.0_ϵ_1.0_gens_20000000_210220-073209.862
      From worker 16:	replicate complete, ran 20000000 generations:
      From worker 16:	
      From worker 16:		num_imitating:			20000000
      From worker 16:		num_not_imitating:		0
      From worker 16:		num_strategies_changed:  	547875
      From worker 16:			num_random_strategies: 	19973
      From worker 16:		num_sets_changed: 		14778858
      From worker 16:			num_random_opinions: 	12500288
      From worker 16:			num_biased_opinions: 	0
      From worker 16:		num_both_changed: 		410962
      From worker 16:	
      From worker 16:	data processed and exported
      From worker 16:	
      From worker 16:	starting b_1.0_c_0.2_N_40_M_2_K_2_P_2_beta_0.001_u_0.001_v_0.625_p_0.25_ϵ_1.0_gens_20000000_210220-073209.862
      From worker 14:	replicate complete, ran 20000000 generations:
      From worker 14:	
      From worker 14:		num_imitating:			12501661
      From worker 14:		num_not_imitating:		7498339
      From worker 14:		num_strategies_changed:  	380129
      From worker 14:			num_random_strategies: 	12332
      From worker 14:		num_sets_changed: 		6236998
      From worker 14:			num_random_opinions: 	873067
      From worker 14:			num_biased_opinions: 	2621810
      From worker 14:		num_both_changed: 		208735
      From worker 14:	
      From worker 14:	data processed and exported
      From worker 14:	
      From worker 14:	starting b_1.0_c_0.2_N_40_M_2_K_2_P_2_beta_0.001_u_0.001_v_0.2795084971874737_p_1.0_ϵ_1.0_gens_20000000_210220-073209.862
      From worker 5:	replicate complete, ran 20000000 generations:
      From worker 5:	
      From worker 5:		num_imitating:			17502179
      From worker 5:		num_not_imitating:		2497821
      From worker 5:		num_strategies_changed:  	500741
      From worker 5:			num_random_strategies: 	17429
      From worker 5:		num_sets_changed: 		2230535
      From worker 5:			num_random_opinions: 	65298
      From worker 5:			num_biased_opinions: 	21698
      From worker 5:		num_both_changed: 		106214
      From worker 5:	
      From worker 5:	data processed and exported
      From worker 5:	
      From worker 5:	starting b_1.0_c_0.2_N_40_M_2_K_2_P_2_beta_0.001_u_0.001_v_0.005_p_0.5_ϵ_1.0_gens_20000000_210220-073209.862
      From worker 7:	replicate complete, ran 20000000 generations:
      From worker 7:	
      From worker 7:		num_imitating:			14996955
      From worker 7:		num_not_imitating:		5003045
      From worker 7:		num_strategies_changed:  	397777
      From worker 7:			num_random_strategies: 	15021
      From worker 7:		num_sets_changed: 		3172467
      From worker 7:			num_random_opinions: 	84391
      From worker 7:			num_biased_opinions: 	83520
      From worker 7:		num_both_changed: 		138318
      From worker 7:	
      From worker 7:	data processed and exported
      From worker 7:	
      From worker 7:	starting b_1.0_c_0.2_N_40_M_2_K_2_P_2_beta_0.001_u_0.001_v_0.011180339887498947_p_0.75_ϵ_1.0_gens_20000000_210220-073209.862
      From worker 6:	replicate complete, ran 20000000 generations:
      From worker 6:	
      From worker 6:		num_imitating:			15000185
      From worker 6:		num_not_imitating:		4999815
      From worker 6:		num_strategies_changed:  	448733
      From worker 6:			num_random_strategies: 	15161
      From worker 6:		num_sets_changed: 		1742865
      From worker 6:			num_random_opinions: 	37179
      From worker 6:			num_biased_opinions: 	37354
      From worker 6:		num_both_changed: 		92205
      From worker 6:	
      From worker 6:	data processed and exported
      From worker 6:	
      From worker 6:	starting b_1.0_c_0.2_N_40_M_2_K_2_P_2_beta_0.001_u_0.001_v_0.005_p_0.75_ϵ_1.0_gens_20000000_210220-073209.862
      From worker 13:	replicate complete, ran 20000000 generations:
      From worker 13:	
      From worker 13:		num_imitating:			15001607
      From worker 13:		num_not_imitating:		4998393
      From worker 13:		num_strategies_changed:  	419697
      From worker 13:			num_random_strategies: 	14962
      From worker 13:		num_sets_changed: 		8635491
      From worker 13:			num_random_opinions: 	936739
      From worker 13:			num_biased_opinions: 	938042
      From worker 13:		num_both_changed: 		280465
      From worker 13:	
      From worker 13:	data processed and exported
      From worker 13:	
      From worker 13:	starting b_1.0_c_0.2_N_40_M_2_K_2_P_2_beta_0.001_u_0.001_v_0.125_p_0.75_ϵ_1.0_gens_20000000_210220-073209.862
      From worker 10:	replicate complete, ran 20000000 generations:
      From worker 10:	
      From worker 10:		num_imitating:			20000000
      From worker 10:		num_not_imitating:		0
      From worker 10:		num_strategies_changed:  	563261
      From worker 10:			num_random_strategies: 	20019
      From worker 10:		num_sets_changed: 		10472771
      From worker 10:			num_random_opinions: 	1116114
      From worker 10:			num_biased_opinions: 	0
      From worker 10:		num_both_changed: 		383533
      From worker 10:	
      From worker 10:	data processed and exported
      From worker 10:	
      From worker 10:	starting b_1.0_c_0.2_N_40_M_2_K_2_P_2_beta_0.001_u_0.001_v_0.055901699437494755_p_0.25_ϵ_1.0_gens_20000000_210220-073209.862
      From worker 2:	replicate complete, ran 20000000 generations:
      From worker 2:	
      From worker 2:		num_imitating:			10000962
      From worker 2:		num_not_imitating:		9999038
      From worker 2:		num_strategies_changed:  	147320
      From worker 2:			num_random_strategies: 	10120
      From worker 2:		num_sets_changed: 		0
      From worker 2:			num_random_opinions: 	0
      From worker 2:			num_biased_opinions: 	9875
      From worker 2:		num_both_changed: 		0
      From worker 2:	
      From worker 2:	data processed and exported
      From worker 2:	
      From worker 2:	starting b_1.0_c_0.2_N_40_M_2_K_2_P_2_beta_0.001_u_0.001_v_0.001_p_0.0_ϵ_1.0_gens_20000000_210220-073209.862
      From worker 3:	replicate complete, ran 20000000 generations:
      From worker 3:	
      From worker 3:		num_imitating:			20000000
      From worker 3:		num_not_imitating:		0
      From worker 3:		num_strategies_changed:  	563978
      From worker 3:			num_random_strategies: 	20026
      From worker 3:		num_sets_changed: 		1262657
      From worker 3:			num_random_opinions: 	44603
      From worker 3:			num_biased_opinions: 	0
      From worker 3:		num_both_changed: 		66510
      From worker 3:	
      From worker 8:	replicate complete, ran 20000000 generations:
      From worker 8:	
      From worker 8:		num_imitating:			10001042
      From worker 8:		num_not_imitating:		9998958
      From worker 8:		num_strategies_changed:  	150090
      From worker 8:			num_random_strategies: 	9910
      From worker 8:		num_sets_changed: 		0
      From worker 8:			num_random_opinions: 	0
      From worker 8:			num_biased_opinions: 	111613
      From worker 8:		num_both_changed: 		0
      From worker 8:	
      From worker 3:	data processed and exported
      From worker 3:	
      From worker 3:	starting b_1.0_c_0.2_N_40_M_2_K_2_P_2_beta_0.001_u_0.001_v_0.0022360679774997894_p_0.25_ϵ_1.0_gens_20000000_210220-073209.862
      From worker 8:	data processed and exported
      From worker 8:	
      From worker 8:	starting b_1.0_c_0.2_N_40_M_2_K_2_P_2_beta_0.001_u_0.001_v_0.025_p_0.0_ϵ_1.0_gens_20000000_210220-073209.862
      From worker 14:	replicate complete, ran 20000000 generations:
      From worker 14:	
      From worker 14:		num_imitating:			10000489
      From worker 14:		num_not_imitating:		9999511
      From worker 14:		num_strategies_changed:  	154513
      From worker 14:			num_random_strategies: 	10053
      From worker 14:		num_sets_changed: 		0
      From worker 14:			num_random_opinions: 	0
      From worker 14:			num_biased_opinions: 	2794101
      From worker 14:		num_both_changed: 		0
      From worker 14:	
      From worker 14:	data processed and exported
      From worker 14:	
      From worker 14:	starting b_1.0_c_0.2_N_40_M_2_K_2_P_2_beta_0.001_u_0.001_v_0.2795084971874737_p_0.0_ϵ_1.0_gens_20000000_210220-073209.862
      From worker 4:	replicate complete, ran 20000000 generations:
      From worker 4:	
      From worker 4:		num_imitating:			17501565
      From worker 4:		num_not_imitating:		2498435
      From worker 4:		num_strategies_changed:  	481906
      From worker 4:			num_random_strategies: 	17460
      From worker 4:		num_sets_changed: 		1086939
      From worker 4:			num_random_opinions: 	29321
      From worker 4:			num_biased_opinions: 	9676
      From worker 4:		num_both_changed: 		45692
      From worker 4:	
      From worker 4:	data processed and exported
      From worker 4:	
      From worker 4:	starting b_1.0_c_0.2_N_40_M_2_K_2_P_2_beta_0.001_u_0.001_v_0.0022360679774997894_p_0.5_ϵ_1.0_gens_20000000_210220-073209.862
      From worker 12:	replicate complete, ran 20000000 generations:
      From worker 12:	
      From worker 12:		num_imitating:			17500120
      From worker 12:		num_not_imitating:		2499880
      From worker 12:		num_strategies_changed:  	513520
      From worker 12:			num_random_strategies: 	17509
      From worker 12:		num_sets_changed: 		10874906
      From worker 12:			num_random_opinions: 	1641053
      From worker 12:			num_biased_opinions: 	546834
      From worker 12:		num_both_changed: 		364819
      From worker 12:	
      From worker 12:	data processed and exported
      From worker 12:	
      From worker 12:	starting b_1.0_c_0.2_N_40_M_2_K_2_P_2_beta_0.001_u_0.001_v_0.125_p_0.5_ϵ_1.0_gens_20000000_210220-073209.862
      From worker 5:	replicate complete, ran 20000000 generations:
      From worker 5:	
      From worker 5:		num_imitating:			14998531
      From worker 5:		num_not_imitating:		5001469
      From worker 5:		num_strategies_changed:  	413355
      From worker 5:			num_random_strategies: 	15009
      From worker 5:		num_sets_changed: 		1714995
      From worker 5:			num_random_opinions: 	37176
      From worker 5:			num_biased_opinions: 	37398
      From worker 5:		num_both_changed: 		77299
      From worker 5:	
      From worker 5:	data processed and exported
      From worker 5:	
      From worker 5:	starting b_1.0_c_0.2_N_40_M_2_K_2_P_2_beta_0.001_u_0.001_v_0.005_p_0.75_ϵ_1.0_gens_20000000_210220-073209.862
      From worker 11:	replicate complete, ran 20000000 generations:
      From worker 11:	
      From worker 11:		num_imitating:			17500459
      From worker 11:		num_not_imitating:		2499541
      From worker 11:		num_strategies_changed:  	510439
      From worker 11:			num_random_strategies: 	17677
      From worker 11:		num_sets_changed: 		8991626
      From worker 11:			num_random_opinions: 	733204
      From worker 11:			num_biased_opinions: 	243898
      From worker 11:		num_both_changed: 		336463
      From worker 11:	
      From worker 11:	data processed and exported
      From worker 11:	
      From worker 11:	starting b_1.0_c_0.2_N_40_M_2_K_2_P_2_beta_0.001_u_0.001_v_0.055901699437494755_p_0.5_ϵ_1.0_gens_20000000_210220-073209.862
      From worker 6:	replicate complete, ran 20000000 generations:
      From worker 6:	
      From worker 6:		num_imitating:			12500941
      From worker 6:		num_not_imitating:		7499059
      From worker 6:		num_strategies_changed:  	360247
      From worker 6:			num_random_strategies: 	12585
      From worker 6:		num_sets_changed: 		1313320
      From worker 6:			num_random_opinions: 	15492
      From worker 6:			num_biased_opinions: 	46936
      From worker 6:		num_both_changed: 		69041
      From worker 6:	
      From worker 6:	data processed and exported
      From worker 6:	
      From worker 6:	starting b_1.0_c_0.2_N_40_M_2_K_2_P_2_beta_0.001_u_0.001_v_0.005_p_1.0_ϵ_1.0_gens_20000000_210220-073209.862
      From worker 15:	replicate complete, ran 20000000 generations:
      From worker 15:	
      From worker 15:		num_imitating:			20000000
      From worker 15:		num_not_imitating:		0
      From worker 15:		num_strategies_changed:  	580967
      From worker 15:			num_random_strategies: 	19897
      From worker 15:		num_sets_changed: 		14780862
      From worker 15:			num_random_opinions: 	12501157
      From worker 15:			num_biased_opinions: 	0
      From worker 15:		num_both_changed: 		435698
      From worker 15:	
      From worker 15:	data processed and exported
      From worker 15:	
      From worker 15:	starting b_1.0_c_0.2_N_40_M_2_K_2_P_2_beta_0.001_u_0.001_v_0.625_p_0.25_ϵ_1.0_gens_20000000_210220-073209.862
      From worker 7:	replicate complete, ran 20000000 generations:
      From worker 7:	
      From worker 7:		num_imitating:			12502447
      From worker 7:		num_not_imitating:		7497553
      From worker 7:		num_strategies_changed:  	354102
      From worker 7:			num_random_strategies: 	12447
      From worker 7:		num_sets_changed: 		2297510
      From worker 7:			num_random_opinions: 	34769
      From worker 7:			num_biased_opinions: 	104797
      From worker 7:		num_both_changed: 		117109
      From worker 7:	
      From worker 7:	data processed and exported
      From worker 7:	
      From worker 7:	starting b_1.0_c_0.2_N_40_M_2_K_2_P_2_beta_0.001_u_0.001_v_0.011180339887498947_p_1.0_ϵ_1.0_gens_20000000_210220-073209.862
      From worker 2:	replicate complete, ran 20000000 generations:
      From worker 2:	
      From worker 2:		num_imitating:			20000000
      From worker 2:		num_not_imitating:		0
      From worker 2:		num_strategies_changed:  	556818
      From worker 2:			num_random_strategies: 	19922
      From worker 2:		num_sets_changed: 		605526
      From worker 2:			num_random_opinions: 	20136
      From worker 2:			num_biased_opinions: 	0
      From worker 2:		num_both_changed: 		40982
      From worker 2:	
      From worker 2:	data processed and exported
      From worker 9:	replicate complete, ran 20000000 generations:
      From worker 9:	
      From worker 9:		num_imitating:			20000000
      From worker 9:		num_not_imitating:		0
      From worker 9:		num_strategies_changed:  	563756
      From worker 9:			num_random_strategies: 	19749
      From worker 9:		num_sets_changed: 		7527185
      From worker 9:			num_random_opinions: 	500001
      From worker 9:			num_biased_opinions: 	0
      From worker 9:		num_both_changed: 		315370
      From worker 9:	
      From worker 9:	data processed and exported
      From worker 9:	
      From worker 9:	starting b_1.0_c_0.2_N_40_M_2_K_2_P_2_beta_0.001_u_0.001_v_0.025_p_0.25_ϵ_1.0_gens_20000000_210220-073209.862
      From worker 3:	replicate complete, ran 20000000 generations:
      From worker 3:	
      From worker 3:		num_imitating:			17500688
      From worker 3:		num_not_imitating:		2499312
      From worker 3:		num_strategies_changed:  	483564
      From worker 3:			num_random_strategies: 	17529
      From worker 3:		num_sets_changed: 		1067325
      From worker 3:			num_random_opinions: 	29510
      From worker 3:			num_biased_opinions: 	9599
      From worker 3:		num_both_changed: 		57807
      From worker 3:	
      From worker 3:	data processed and exported
      From worker 4:	replicate complete, ran 20000000 generations:
      From worker 4:	
      From worker 4:		num_imitating:			14998607
      From worker 4:		num_not_imitating:		5001393
      From worker 4:		num_strategies_changed:  	432580
      From worker 4:			num_random_strategies: 	15011
      From worker 4:		num_sets_changed: 		881520
      From worker 4:			num_random_opinions: 	16936
      From worker 4:			num_biased_opinions: 	16680
      From worker 4:		num_both_changed: 		48563
      From worker 4:	
      From worker 4:	data processed and exported
      From worker 13:	replicate complete, ran 20000000 generations:
      From worker 13:	
      From worker 13:		num_imitating:			12497305
      From worker 13:		num_not_imitating:		7502695
      From worker 13:		num_strategies_changed:  	361165
      From worker 13:			num_random_strategies: 	12462
      From worker 13:		num_sets_changed: 		6128888
      From worker 13:			num_random_opinions: 	391215
      From worker 13:			num_biased_opinions: 	1170719
      From worker 13:		num_both_changed: 		207355
      From worker 13:	
      From worker 13:	data processed and exported
      From worker 13:	
      From worker 13:	starting b_1.0_c_0.2_N_40_M_2_K_2_P_2_beta_0.001_u_0.001_v_0.125_p_1.0_ϵ_1.0_gens_20000000_210220-073209.862
      From worker 6:	replicate complete, ran 20000000 generations:
      From worker 6:	
      From worker 6:		num_imitating:			10004180
      From worker 6:		num_not_imitating:		9995820
      From worker 6:		num_strategies_changed:  	156276
      From worker 6:			num_random_strategies: 	10067
      From worker 6:		num_sets_changed: 		0
      From worker 6:			num_random_opinions: 	0
      From worker 6:			num_biased_opinions: 	50144
      From worker 6:		num_both_changed: 		0
      From worker 6:	
      From worker 6:	data processed and exported
      From worker 5:	replicate complete, ran 20000000 generations:
      From worker 5:	
      From worker 5:		num_imitating:			12502330
      From worker 5:		num_not_imitating:		7497670
      From worker 5:		num_strategies_changed:  	370841
      From worker 5:			num_random_strategies: 	12436
      From worker 5:		num_sets_changed: 		1320512
      From worker 5:			num_random_opinions: 	15574
      From worker 5:			num_biased_opinions: 	47263
      From worker 5:		num_both_changed: 		72088
      From worker 5:	
      From worker 5:	data processed and exported
      From worker 7:	replicate complete, ran 20000000 generations:
      From worker 7:	
      From worker 7:		num_imitating:			10000169
      From worker 7:		num_not_imitating:		9999831
      From worker 7:		num_strategies_changed:  	146413
      From worker 7:			num_random_strategies: 	9894
      From worker 7:		num_sets_changed: 		0
      From worker 7:			num_random_opinions: 	0
      From worker 7:			num_biased_opinions: 	111838
      From worker 7:		num_both_changed: 		0
      From worker 7:	
      From worker 7:	data processed and exported
      From worker 7:	
      From worker 7:	starting b_1.0_c_0.2_N_40_M_2_K_2_P_2_beta_0.001_u_0.001_v_0.011180339887498947_p_0.0_ϵ_1.0_gens_20000000_210220-073209.862
      From worker 16:	replicate complete, ran 20000000 generations:
      From worker 16:	
      From worker 16:		num_imitating:			17499589
      From worker 16:		num_not_imitating:		2500411
      From worker 16:		num_strategies_changed:  	499152
      From worker 16:			num_random_strategies: 	17558
      From worker 16:		num_sets_changed: 		12409702
      From worker 16:			num_random_opinions: 	8203315
      From worker 16:			num_biased_opinions: 	2734679
      From worker 16:		num_both_changed: 		359438
      From worker 16:	
      From worker 16:	data processed and exported
      From worker 16:	
      From worker 16:	starting b_1.0_c_0.2_N_40_M_2_K_2_P_2_beta_0.001_u_0.001_v_0.625_p_0.5_ϵ_1.0_gens_20000000_210220-073209.862
      From worker 8:	replicate complete, ran 20000000 generations:
      From worker 8:	
      From worker 8:		num_imitating:			20000000
      From worker 8:		num_not_imitating:		0
      From worker 8:		num_strategies_changed:  	590737
      From worker 8:			num_random_strategies: 	19995
      From worker 8:		num_sets_changed: 		7543485
      From worker 8:			num_random_opinions: 	499311
      From worker 8:			num_biased_opinions: 	0
      From worker 8:		num_both_changed: 		325656
      From worker 8:	
      From worker 8:	data processed and exported
      From worker 8:	
      From worker 8:	starting b_1.0_c_0.2_N_40_M_2_K_2_P_2_beta_0.001_u_0.001_v_0.025_p_0.25_ϵ_1.0_gens_20000000_210220-073209.862
      From worker 10:	replicate complete, ran 20000000 generations:
      From worker 10:	
      From worker 10:		num_imitating:			17501280
      From worker 10:		num_not_imitating:		2498720
      From worker 10:		num_strategies_changed:  	502124
      From worker 10:			num_random_strategies: 	17467
      From worker 10:		num_sets_changed: 		8965240
      From worker 10:			num_random_opinions: 	732715
      From worker 10:			num_biased_opinions: 	244473
      From worker 10:		num_both_changed: 		330016
      From worker 10:	
      From worker 10:	data processed and exported
      From worker 10:	
      From worker 10:	starting b_1.0_c_0.2_N_40_M_2_K_2_P_2_beta_0.001_u_0.001_v_0.055901699437494755_p_0.5_ϵ_1.0_gens_20000000_210220-073209.862
      From worker 13:	replicate complete, ran 20000000 generations:
      From worker 13:	
      From worker 13:		num_imitating:			10003793
      From worker 13:		num_not_imitating:		9996207
      From worker 13:		num_strategies_changed:  	151176
      From worker 13:			num_random_strategies: 	10055
      From worker 13:		num_sets_changed: 		0
      From worker 13:			num_random_opinions: 	0
      From worker 13:			num_biased_opinions: 	1250449
      From worker 13:		num_both_changed: 		0
      From worker 13:	
      From worker 13:	data processed and exported
      From worker 13:	
      From worker 13:	starting b_1.0_c_0.2_N_40_M_2_K_2_P_2_beta_0.001_u_0.001_v_0.2795084971874737_p_0.0_ϵ_1.0_gens_20000000_210220-073209.862
      From worker 11:	replicate complete, ran 20000000 generations:
      From worker 11:	
      From worker 11:		num_imitating:			15001269
      From worker 11:		num_not_imitating:		4998731
      From worker 11:		num_strategies_changed:  	422429
      From worker 11:			num_random_strategies: 	15020
      From worker 11:		num_sets_changed: 		7134504
      From worker 11:			num_random_opinions: 	419852
      From worker 11:			num_biased_opinions: 	419576
      From worker 11:		num_both_changed: 		259210
      From worker 11:	
      From worker 11:	data processed and exported
      From worker 11:	
      From worker 11:	starting b_1.0_c_0.2_N_40_M_2_K_2_P_2_beta_0.001_u_0.001_v_0.055901699437494755_p_0.75_ϵ_1.0_gens_20000000_210220-073209.862
      From worker 12:	replicate complete, ran 20000000 generations:
      From worker 12:	
      From worker 12:		num_imitating:			14998852
      From worker 12:		num_not_imitating:		5001148
      From worker 12:		num_strategies_changed:  	416363
      From worker 12:			num_random_strategies: 	14724
      From worker 12:		num_sets_changed: 		8631744
      From worker 12:			num_random_opinions: 	937441
      From worker 12:			num_biased_opinions: 	938122
      From worker 12:		num_both_changed: 		277353
      From worker 12:	
      From worker 12:	data processed and exported
      From worker 12:	
      From worker 12:	starting b_1.0_c_0.2_N_40_M_2_K_2_P_2_beta_0.001_u_0.001_v_0.125_p_0.75_ϵ_1.0_gens_20000000_210220-073209.862
      From worker 9:	replicate complete, ran 20000000 generations:
      From worker 9:	
      From worker 9:		num_imitating:			17502328
      From worker 9:		num_not_imitating:		2497672
      From worker 9:		num_strategies_changed:  	495992
      From worker 9:			num_random_strategies: 	17440
      From worker 9:		num_sets_changed: 		6563234
      From worker 9:			num_random_opinions: 	327847
      From worker 9:			num_biased_opinions: 	109693
      From worker 9:		num_both_changed: 		265411
      From worker 9:	
      From worker 9:	data processed and exported
      From worker 9:	
      From worker 9:	starting b_1.0_c_0.2_N_40_M_2_K_2_P_2_beta_0.001_u_0.001_v_0.025_p_0.5_ϵ_1.0_gens_20000000_210220-073209.862
      From worker 14:	replicate complete, ran 20000000 generations:
      From worker 14:	
      From worker 14:		num_imitating:			20000000
      From worker 14:		num_not_imitating:		0
      From worker 14:		num_strategies_changed:  	581081
      From worker 14:			num_random_strategies: 	20208
      From worker 14:		num_sets_changed: 		14089669
      From worker 14:			num_random_opinions: 	5590038
      From worker 14:			num_biased_opinions: 	0
      From worker 14:		num_both_changed: 		433464
      From worker 14:	
      From worker 14:	data processed and exported
      From worker 14:	
      From worker 14:	starting b_1.0_c_0.2_N_40_M_2_K_2_P_2_beta_0.001_u_0.001_v_0.2795084971874737_p_0.25_ϵ_1.0_gens_20000000_210220-073209.862
      From worker 7:	replicate complete, ran 20000000 generations:
      From worker 7:	
      From worker 7:		num_imitating:			20000000
      From worker 7:		num_not_imitating:		0
      From worker 7:		num_strategies_changed:  	593245
      From worker 7:			num_random_strategies: 	19806
      From worker 7:		num_sets_changed: 		4732770
      From worker 7:			num_random_opinions: 	223564
      From worker 7:			num_biased_opinions: 	0
      From worker 7:		num_both_changed: 		227305
      From worker 7:	
      From worker 7:	data processed and exported
      From worker 15:	replicate complete, ran 20000000 generations:
      From worker 15:	
      From worker 15:		num_imitating:			17500606
      From worker 15:		num_not_imitating:		2499394
      From worker 15:		num_strategies_changed:  	457450
      From worker 15:			num_random_strategies: 	17442
      From worker 15:		num_sets_changed: 		12407862
      From worker 15:			num_random_opinions: 	8202458
      From worker 15:			num_biased_opinions: 	2730716
      From worker 15:		num_both_changed: 		329577
      From worker 15:	
      From worker 15:	data processed and exported
      From worker 15:	
      From worker 15:	starting b_1.0_c_0.2_N_40_M_2_K_2_P_2_beta_0.001_u_0.001_v_0.625_p_0.5_ϵ_1.0_gens_20000000_210220-073209.862
      From worker 8:	replicate complete, ran 20000000 generations:
      From worker 8:	
      From worker 8:		num_imitating:			17498709
      From worker 8:		num_not_imitating:		2501291
      From worker 8:		num_strategies_changed:  	493797
      From worker 8:			num_random_strategies: 	17426
      From worker 8:		num_sets_changed: 		6482348
      From worker 8:			num_random_opinions: 	327699
      From worker 8:			num_biased_opinions: 	108896
      From worker 8:		num_both_changed: 		268416
      From worker 8:	
      From worker 8:	data processed and exported
      From worker 10:	replicate complete, ran 20000000 generations:
      From worker 10:	
      From worker 10:		num_imitating:			15003009
      From worker 10:		num_not_imitating:		4996991
      From worker 10:		num_strategies_changed:  	454206
      From worker 10:			num_random_strategies: 	14935
      From worker 10:		num_sets_changed: 		7158875
      From worker 10:			num_random_opinions: 	419714
      From worker 10:			num_biased_opinions: 	418741
      From worker 10:		num_both_changed: 		286667
      From worker 10:	
      From worker 10:	data processed and exported
      From worker 10:	
      From worker 10:	starting b_1.0_c_0.2_N_40_M_2_K_2_P_2_beta_0.001_u_0.001_v_0.055901699437494755_p_0.75_ϵ_1.0_gens_20000000_210220-073209.862
      From worker 16:	replicate complete, ran 20000000 generations:
      From worker 16:	
      From worker 16:		num_imitating:			15002399
      From worker 16:		num_not_imitating:		4997601
      From worker 16:		num_strategies_changed:  	425434
      From worker 16:			num_random_strategies: 	14946
      From worker 16:		num_sets_changed: 		9184035
      From worker 16:			num_random_opinions: 	4688120
      From worker 16:			num_biased_opinions: 	4689206
      From worker 16:		num_both_changed: 		265873
      From worker 16:	
      From worker 16:	data processed and exported
      From worker 16:	
      From worker 16:	starting b_1.0_c_0.2_N_40_M_2_K_2_P_2_beta_0.001_u_0.001_v_0.625_p_0.75_ϵ_1.0_gens_20000000_210220-073209.862
      From worker 11:	replicate complete, ran 20000000 generations:
      From worker 11:	
      From worker 11:		num_imitating:			12500988
      From worker 11:		num_not_imitating:		7499012
      From worker 11:		num_strategies_changed:  	350182
      From worker 11:			num_random_strategies: 	12486
      From worker 11:		num_sets_changed: 		5174800
      From worker 11:			num_random_opinions: 	175215
      From worker 11:			num_biased_opinions: 	524226
      From worker 11:		num_both_changed: 		192706
      From worker 11:	
      From worker 11:	data processed and exported
      From worker 11:	
      From worker 11:	starting b_1.0_c_0.2_N_40_M_2_K_2_P_2_beta_0.001_u_0.001_v_0.055901699437494755_p_1.0_ϵ_1.0_gens_20000000_210220-073209.862
      From worker 12:	replicate complete, ran 20000000 generations:
      From worker 12:	
      From worker 12:		num_imitating:			12500084
      From worker 12:		num_not_imitating:		7499916
      From worker 12:		num_strategies_changed:  	352590
      From worker 12:			num_random_strategies: 	12585
      From worker 12:		num_sets_changed: 		6113965
      From worker 12:			num_random_opinions: 	390532
      From worker 12:			num_biased_opinions: 	1170930
      From worker 12:		num_both_changed: 		203843
      From worker 12:	
      From worker 12:	data processed and exported
      From worker 12:	
      From worker 12:	starting b_1.0_c_0.2_N_40_M_2_K_2_P_2_beta_0.001_u_0.001_v_0.125_p_1.0_ϵ_1.0_gens_20000000_210220-073209.862
      From worker 9:	replicate complete, ran 20000000 generations:
      From worker 9:	
      From worker 9:		num_imitating:			15000661
      From worker 9:		num_not_imitating:		4999339
      From worker 9:		num_strategies_changed:  	443150
      From worker 9:			num_random_strategies: 	14867
      From worker 9:		num_sets_changed: 		5180723
      From worker 9:			num_random_opinions: 	188095
      From worker 9:			num_biased_opinions: 	187523
      From worker 9:		num_both_changed: 		227254
      From worker 9:	
      From worker 9:	data processed and exported
      From worker 11:	replicate complete, ran 20000000 generations:
      From worker 11:	
      From worker 11:		num_imitating:			10000766
      From worker 11:		num_not_imitating:		9999234
      From worker 11:		num_strategies_changed:  	139905
      From worker 11:			num_random_strategies: 	9927
      From worker 11:		num_sets_changed: 		0
      From worker 11:			num_random_opinions: 	0
      From worker 11:			num_biased_opinions: 	560153
      From worker 11:		num_both_changed: 		0
      From worker 11:	
      From worker 11:	data processed and exported
      From worker 12:	replicate complete, ran 20000000 generations:
      From worker 12:	
      From worker 12:		num_imitating:			10001210
      From worker 12:		num_not_imitating:		9998790
      From worker 12:		num_strategies_changed:  	142992
      From worker 12:			num_random_strategies: 	9802
      From worker 12:		num_sets_changed: 		0
      From worker 12:			num_random_opinions: 	0
      From worker 12:			num_biased_opinions: 	1250134
      From worker 12:		num_both_changed: 		0
      From worker 12:	
      From worker 12:	data processed and exported
      From worker 12:	
      From worker 12:	starting b_1.0_c_0.2_N_40_M_2_K_2_P_2_beta_0.001_u_0.001_v_0.125_p_0.0_ϵ_1.0_gens_20000000_210220-073209.862
      From worker 13:	replicate complete, ran 20000000 generations:
      From worker 13:	
      From worker 13:		num_imitating:			20000000
      From worker 13:		num_not_imitating:		0
      From worker 13:		num_strategies_changed:  	575942
      From worker 13:			num_random_strategies: 	20159
      From worker 13:		num_sets_changed: 		14093797
      From worker 13:			num_random_opinions: 	5590735
      From worker 13:			num_biased_opinions: 	0
      From worker 13:		num_both_changed: 		429310
      From worker 13:	
      From worker 13:	data processed and exported
      From worker 13:	
      From worker 13:	starting b_1.0_c_0.2_N_40_M_2_K_2_P_2_beta_0.001_u_0.001_v_0.2795084971874737_p_0.25_ϵ_1.0_gens_20000000_210220-073209.862
      From worker 10:	replicate complete, ran 20000000 generations:
      From worker 10:	
      From worker 10:		num_imitating:			12502339
      From worker 10:		num_not_imitating:		7497661
      From worker 10:		num_strategies_changed:  	344698
      From worker 10:			num_random_strategies: 	12459
      From worker 10:		num_sets_changed: 		5171952
      From worker 10:			num_random_opinions: 	175147
      From worker 10:			num_biased_opinions: 	523384
      From worker 10:		num_both_changed: 		188813
      From worker 10:	
      From worker 10:	data processed and exported
      From worker 16:	replicate complete, ran 20000000 generations:
      From worker 16:	
      From worker 16:		num_imitating:			12499560
      From worker 16:		num_not_imitating:		7500440
      From worker 16:		num_strategies_changed:  	349294
      From worker 16:			num_random_strategies: 	12414
      From worker 16:		num_sets_changed: 		5214714
      From worker 16:			num_random_opinions: 	1951738
      From worker 16:			num_biased_opinions: 	5859638
      From worker 16:		num_both_changed: 		150677
      From worker 16:	
      From worker 14:	replicate complete, ran 20000000 generations:
      From worker 14:	
      From worker 14:		num_imitating:			17500980
      From worker 14:		num_not_imitating:		2499020
      From worker 14:		num_strategies_changed:  	495388
      From worker 14:			num_random_strategies: 	17592
      From worker 14:		num_sets_changed: 		11990254
      From worker 14:			num_random_opinions: 	3669692
      From worker 14:			num_biased_opinions: 	1222362
      From worker 14:		num_both_changed: 		360433
      From worker 14:	
      From worker 16:	data processed and exported
      From worker 16:	
      From worker 16:	starting b_1.0_c_0.2_N_40_M_2_K_2_P_2_beta_0.001_u_0.001_v_0.625_p_1.0_ϵ_1.0_gens_20000000_210220-073209.862
      From worker 14:	data processed and exported
      From worker 15:	replicate complete, ran 20000000 generations:
      From worker 15:	
      From worker 15:		num_imitating:			14999933
      From worker 15:		num_not_imitating:		5000067
      From worker 15:		num_strategies_changed:  	434971
      From worker 15:			num_random_strategies: 	15012
      From worker 15:		num_sets_changed: 		9188938
      From worker 15:			num_random_opinions: 	4689195
      From worker 15:			num_biased_opinions: 	4687740
      From worker 15:		num_both_changed: 		272101
      From worker 15:	
      From worker 14:	
      From worker 14:	starting b_1.0_c_0.2_N_40_M_2_K_2_P_2_beta_0.001_u_0.001_v_0.2795084971874737_p_0.5_ϵ_1.0_gens_20000000_210220-073209.862
      From worker 15:	data processed and exported
      From worker 15:	
      From worker 15:	starting b_1.0_c_0.2_N_40_M_2_K_2_P_2_beta_0.001_u_0.001_v_0.625_p_0.75_ϵ_1.0_gens_20000000_210220-073209.862
      From worker 16:	replicate complete, ran 20000000 generations:
      From worker 16:	
      From worker 16:		num_imitating:			10001964
      From worker 16:		num_not_imitating:		9998036
      From worker 16:		num_strategies_changed:  	147408
      From worker 16:			num_random_strategies: 	9883
      From worker 16:		num_sets_changed: 		0
      From worker 16:			num_random_opinions: 	0
      From worker 16:			num_biased_opinions: 	6247557
      From worker 16:		num_both_changed: 		0
      From worker 16:	
      From worker 16:	data processed and exported
 Activating environment at `/tigress/mk28/CooperationPolarization2/Project.toml`
 Activating environment at `/tigress/mk28/CooperationPolarization2/Project.toml`
      From worker 15:	replicate complete, ran 20000000 generations:
      From worker 15:	
      From worker 15:		num_imitating:			12499059
      From worker 15:		num_not_imitating:		7500941
      From worker 15:		num_strategies_changed:  	358829
      From worker 15:			num_random_strategies: 	12430
      From worker 15:		num_sets_changed: 		5220395
      From worker 15:			num_random_opinions: 	1955270
      From worker 15:			num_biased_opinions: 	5855543
      From worker 15:		num_both_changed: 		155700
      From worker 15:	
      From worker 15:	data processed and exported
      From worker 12:	replicate complete, ran 20000000 generations:
      From worker 12:	
      From worker 12:		num_imitating:			20000000
      From worker 12:		num_not_imitating:		0
      From worker 12:		num_strategies_changed:  	574826
      From worker 12:			num_random_strategies: 	19919
      From worker 12:		num_sets_changed: 		12757666
      From worker 12:			num_random_opinions: 	2498353
      From worker 12:			num_biased_opinions: 	0
      From worker 12:		num_both_changed: 		418769
      From worker 12:	
      From worker 12:	data processed and exported
      From worker 14:	replicate complete, ran 20000000 generations:
      From worker 14:	
      From worker 14:		num_imitating:			15000022
      From worker 14:		num_not_imitating:		4999978
      From worker 14:		num_strategies_changed:  	411126
      From worker 14:			num_random_strategies: 	15130
      From worker 14:		num_sets_changed: 		9381630
      From worker 14:			num_random_opinions: 	2097039
      From worker 14:			num_biased_opinions: 	2094659
      From worker 14:		num_both_changed: 		274934
      From worker 14:	
      From worker 14:	data processed and exported
      From worker 13:	replicate complete, ran 20000000 generations:
      From worker 13:	
      From worker 13:		num_imitating:			17497726
      From worker 13:		num_not_imitating:		2502274
      From worker 13:		num_strategies_changed:  	501002
      From worker 13:			num_random_strategies: 	17581
      From worker 13:		num_sets_changed: 		11987807
      From worker 13:			num_random_opinions: 	3668174
      From worker 13:			num_biased_opinions: 	1223351
      From worker 13:		num_both_changed: 		364314
      From worker 13:	
      From worker 13:	data processed and exported
11013.088868 seconds (2.73 M allocations: 121.549 MiB, 0.00% gc time)
