packages loaded
      From worker 3:	 Activating environment at `/tigress/mk28/CooperationPolarization2/Project.toml`
      From worker 2:	 Activating environment at `/tigress/mk28/CooperationPolarization2/Project.toml`
      From worker 4:	 Activating environment at `/tigress/mk28/CooperationPolarization2/Project.toml`
      From worker 5:	 Activating environment at `/tigress/mk28/CooperationPolarization2/Project.toml`
      From worker 6:	 Activating environment at `/tigress/mk28/CooperationPolarization2/Project.toml`
      From worker 9:	 Activating environment at `/tigress/mk28/CooperationPolarization2/Project.toml`
      From worker 15:	 Activating environment at `/tigress/mk28/CooperationPolarization2/Project.toml`
      From worker 8:	 Activating environment at `/tigress/mk28/CooperationPolarization2/Project.toml`
      From worker 13:	 Activating environment at `/tigress/mk28/CooperationPolarization2/Project.toml`
      From worker 12:	 Activating environment at `/tigress/mk28/CooperationPolarization2/Project.toml`
      From worker 10:	 Activating environment at `/tigress/mk28/CooperationPolarization2/Project.toml`
      From worker 14:	 Activating environment at `/tigress/mk28/CooperationPolarization2/Project.toml`
      From worker 11:	 Activating environment at `/tigress/mk28/CooperationPolarization2/Project.toml`
      From worker 7:	 Activating environment at `/tigress/mk28/CooperationPolarization2/Project.toml`
      From worker 16:	 Activating environment at `/tigress/mk28/CooperationPolarization2/Project.toml`
      From worker 12:	packages loaded
      From worker 9:	packages loaded
      From worker 10:	packages loaded
      From worker 15:	packages loaded
      From worker 3:	packages loaded
      From worker 2:	packages loaded
      From worker 6:	packages loaded
      From worker 11:	packages loaded
      From worker 7:	packages loaded
      From worker 4:	packages loaded
      From worker 5:	packages loaded
      From worker 16:	packages loaded
      From worker 13:	packages loaded
      From worker 14:	packages loaded
      From worker 8:	packages loaded
parameters defined
      From worker 15:	
      From worker 15:	starting b_1.0_c_0.2_N_40_M_1_K_1_P_2_beta_0.001_u_0.001_v_0.2795084971874737_p_0.75_ϵ_1.0_gens_20000000_210225-013508.689
      From worker 10:	
      From worker 10:	starting b_1.0_c_0.2_N_40_M_1_K_1_P_2_beta_0.001_u_0.001_v_0.025_p_0.75_ϵ_1.0_gens_20000000_210225-013508.689
      From worker 12:	
      From worker 12:	starting b_1.0_c_0.2_N_40_M_1_K_1_P_2_beta_0.001_u_0.001_v_0.125_p_0.0_ϵ_1.0_gens_20000000_210225-013508.689
      From worker 6:	
      From worker 6:	starting b_1.0_c_0.2_N_40_M_1_K_1_P_2_beta_0.001_u_0.001_v_0.005_p_1.0_ϵ_1.0_gens_20000000_210225-013508.689
      From worker 8:	
      From worker 8:	starting b_1.0_c_0.2_N_40_M_1_K_1_P_2_beta_0.001_u_0.001_v_0.011180339887498947_p_0.25_ϵ_1.0_gens_20000000_210225-013508.689
      From worker 7:	
      From worker 7:	starting b_1.0_c_0.2_N_40_M_1_K_1_P_2_beta_0.001_u_0.001_v_0.011180339887498947_p_0.0_ϵ_1.0_gens_20000000_210225-013508.689
      From worker 11:	
      From worker 11:	starting b_1.0_c_0.2_N_40_M_1_K_1_P_2_beta_0.001_u_0.001_v_0.055901699437494755_p_1.0_ϵ_1.0_gens_20000000_210225-013508.689
      From worker 9:	
      From worker 9:	starting b_1.0_c_0.2_N_40_M_1_K_1_P_2_beta_0.001_u_0.001_v_0.025_p_0.5_ϵ_1.0_gens_20000000_210225-013508.689
      From worker 4:	
      From worker 4:	starting b_1.0_c_0.2_N_40_M_1_K_1_P_2_beta_0.001_u_0.001_v_0.0022360679774997894_p_0.5_ϵ_1.0_gens_20000000_210225-013508.689
      From worker 3:	
      From worker 3:	starting b_1.0_c_0.2_N_40_M_1_K_1_P_2_beta_0.001_u_0.001_v_0.001_p_0.25_ϵ_1.0_gens_20000000_210225-013508.689
      From worker 16:	
      From worker 16:	starting b_1.0_c_0.2_N_40_M_1_K_1_P_2_beta_0.001_u_0.001_v_0.625_p_1.0_ϵ_1.0_gens_20000000_210225-013508.689
      From worker 2:	
      From worker 2:	starting b_1.0_c_0.2_N_40_M_1_K_1_P_2_beta_0.001_u_0.001_v_0.001_p_0.0_ϵ_1.0_gens_20000000_210225-013508.689
      From worker 5:	
      From worker 5:	starting b_1.0_c_0.2_N_40_M_1_K_1_P_2_beta_0.001_u_0.001_v_0.0022360679774997894_p_0.75_ϵ_1.0_gens_20000000_210225-013508.689
      From worker 13:	
      From worker 13:	starting b_1.0_c_0.2_N_40_M_1_K_1_P_2_beta_0.001_u_0.001_v_0.125_p_0.25_ϵ_1.0_gens_20000000_210225-013508.689
      From worker 14:	
      From worker 14:	starting b_1.0_c_0.2_N_40_M_1_K_1_P_2_beta_0.001_u_0.001_v_0.2795084971874737_p_0.5_ϵ_1.0_gens_20000000_210225-013508.689
      From worker 11:	replicate complete, ran 20000000 generations:
      From worker 11:	
      From worker 11:		num_imitating:			10002283
      From worker 11:		num_not_imitating:		9997717
      From worker 11:		num_strategies_changed:  	154557
      From worker 11:			num_random_strategies: 	10188
      From worker 11:		num_sets_changed: 		0
      From worker 11:			num_random_opinions: 	0
      From worker 11:			num_biased_opinions: 	559558
      From worker 11:		num_both_changed: 		0
      From worker 11:	
      From worker 11:	data processed and exported
      From worker 11:	
      From worker 11:	starting b_1.0_c_0.2_N_40_M_1_K_1_P_2_beta_0.001_u_0.001_v_0.055901699437494755_p_0.0_ϵ_1.0_gens_20000000_210225-013508.689
      From worker 6:	replicate complete, ran 20000000 generations:
      From worker 6:	
      From worker 6:		num_imitating:			10001981
      From worker 6:		num_not_imitating:		9998019
      From worker 6:		num_strategies_changed:  	149467
      From worker 6:			num_random_strategies: 	10024
      From worker 6:		num_sets_changed: 		0
      From worker 6:			num_random_opinions: 	0
      From worker 6:			num_biased_opinions: 	50324
      From worker 6:		num_both_changed: 		0
      From worker 6:	
      From worker 16:	replicate complete, ran 20000000 generations:
      From worker 16:	
      From worker 16:		num_imitating:			9997556
      From worker 16:		num_not_imitating:		10002444
      From worker 16:		num_strategies_changed:  	136119
      From worker 16:			num_random_strategies: 	10130
      From worker 16:		num_sets_changed: 		0
      From worker 16:			num_random_opinions: 	0
      From worker 16:			num_biased_opinions: 	6245113
      From worker 16:		num_both_changed: 		0
      From worker 16:	
      From worker 6:	data processed and exported
      From worker 16:	data processed and exported
      From worker 6:	
      From worker 6:	starting b_1.0_c_0.2_N_40_M_1_K_1_P_2_beta_0.001_u_0.001_v_0.005_p_0.0_ϵ_1.0_gens_20000000_210225-013508.689
      From worker 3:	replicate complete, ran 20000000 generations:
      From worker 3:	
      From worker 3:		num_imitating:			17498508
      From worker 3:		num_not_imitating:		2501492
      From worker 3:		num_strategies_changed:  	480782
      From worker 3:			num_random_strategies: 	17581
      From worker 3:		num_sets_changed: 		350042
      From worker 3:			num_random_opinions: 	13111
      From worker 3:			num_biased_opinions: 	4305
      From worker 3:		num_both_changed: 		20655
      From worker 3:	
      From worker 16:	
      From worker 16:	starting b_1.0_c_0.2_N_40_M_1_K_1_P_2_beta_0.001_u_0.001_v_0.625_p_0.0_ϵ_1.0_gens_20000000_210225-013508.689
      From worker 3:	data processed and exported
      From worker 3:	
      From worker 3:	starting b_1.0_c_0.2_N_40_M_1_K_1_P_2_beta_0.001_u_0.001_v_0.001_p_0.5_ϵ_1.0_gens_20000000_210225-013508.689
      From worker 2:	replicate complete, ran 20000000 generations:
      From worker 2:	
      From worker 2:		num_imitating:			20000000
      From worker 2:		num_not_imitating:		0
      From worker 2:		num_strategies_changed:  	589030
      From worker 2:			num_random_strategies: 	20052
      From worker 2:		num_sets_changed: 		371579
      From worker 2:			num_random_opinions: 	19933
      From worker 2:			num_biased_opinions: 	0
      From worker 2:		num_both_changed: 		18408
      From worker 2:	
      From worker 2:	data processed and exported
      From worker 5:	replicate complete, ran 20000000 generations:
      From worker 5:	
      From worker 5:		num_imitating:			12501678
      From worker 5:		num_not_imitating:		7498322
      From worker 5:		num_strategies_changed:  	360236
      From worker 5:			num_random_strategies: 	12461
      From worker 5:		num_sets_changed: 		504058
      From worker 5:			num_random_opinions: 	6972
      From worker 5:			num_biased_opinions: 	20853
      From worker 5:		num_both_changed: 		25221
      From worker 5:	
      From worker 2:	
      From worker 2:	starting b_1.0_c_0.2_N_40_M_1_K_1_P_2_beta_0.001_u_0.001_v_0.001_p_0.25_ϵ_1.0_gens_20000000_210225-013508.689
      From worker 5:	data processed and exported
      From worker 5:	
      From worker 5:	starting b_1.0_c_0.2_N_40_M_1_K_1_P_2_beta_0.001_u_0.001_v_0.0022360679774997894_p_1.0_ϵ_1.0_gens_20000000_210225-013508.689
      From worker 4:	replicate complete, ran 20000000 generations:
      From worker 4:	
      From worker 4:		num_imitating:			15000088
      From worker 4:		num_not_imitating:		4999912
      From worker 4:		num_strategies_changed:  	426943
      From worker 4:			num_random_strategies: 	14864
      From worker 4:		num_sets_changed: 		661210
      From worker 4:			num_random_opinions: 	16812
      From worker 4:			num_biased_opinions: 	16897
      From worker 4:		num_both_changed: 		33722
      From worker 4:	
      From worker 4:	data processed and exported
      From worker 4:	
      From worker 4:	starting b_1.0_c_0.2_N_40_M_1_K_1_P_2_beta_0.001_u_0.001_v_0.0022360679774997894_p_0.75_ϵ_1.0_gens_20000000_210225-013508.689
      From worker 8:	replicate complete, ran 20000000 generations:
      From worker 8:	
      From worker 8:		num_imitating:			17501622
      From worker 8:		num_not_imitating:		2498378
      From worker 8:		num_strategies_changed:  	493745
      From worker 8:			num_random_strategies: 	17605
      From worker 8:		num_sets_changed: 		2725064
      From worker 8:			num_random_opinions: 	147058
      From worker 8:			num_biased_opinions: 	48482
      From worker 8:		num_both_changed: 		136283
      From worker 8:	
      From worker 8:	data processed and exported
      From worker 8:	
      From worker 8:	starting b_1.0_c_0.2_N_40_M_1_K_1_P_2_beta_0.001_u_0.001_v_0.011180339887498947_p_0.5_ϵ_1.0_gens_20000000_210225-013508.689
      From worker 10:	replicate complete, ran 20000000 generations:
      From worker 10:	
      From worker 10:		num_imitating:			12500409
      From worker 10:		num_not_imitating:		7499591
      From worker 10:		num_strategies_changed:  	340821
      From worker 10:			num_random_strategies: 	12205
      From worker 10:		num_sets_changed: 		3086177
      From worker 10:			num_random_opinions: 	78148
      From worker 10:			num_biased_opinions: 	233963
      From worker 10:		num_both_changed: 		127284
      From worker 10:	
      From worker 10:	data processed and exported
      From worker 10:	
      From worker 10:	starting b_1.0_c_0.2_N_40_M_1_K_1_P_2_beta_0.001_u_0.001_v_0.025_p_1.0_ϵ_1.0_gens_20000000_210225-013508.689
      From worker 7:	replicate complete, ran 20000000 generations:
      From worker 7:	
      From worker 7:		num_imitating:			20000000
      From worker 7:		num_not_imitating:		0
      From worker 7:		num_strategies_changed:  	575563
      From worker 7:			num_random_strategies: 	19896
      From worker 7:		num_sets_changed: 		3158109
      From worker 7:			num_random_opinions: 	223669
      From worker 7:			num_biased_opinions: 	0
      From worker 7:		num_both_changed: 		146675
      From worker 7:	
      From worker 7:	data processed and exported
      From worker 7:	
      From worker 7:	starting b_1.0_c_0.2_N_40_M_1_K_1_P_2_beta_0.001_u_0.001_v_0.011180339887498947_p_0.25_ϵ_1.0_gens_20000000_210225-013508.689
      From worker 9:	replicate complete, ran 20000000 generations:
      From worker 9:	
      From worker 9:		num_imitating:			15000448
      From worker 9:		num_not_imitating:		4999552
      From worker 9:		num_strategies_changed:  	423479
      From worker 9:			num_random_strategies: 	14896
      From worker 9:		num_sets_changed: 		3749384
      From worker 9:			num_random_opinions: 	187163
      From worker 9:			num_biased_opinions: 	187428
      From worker 9:		num_both_changed: 		153823
      From worker 9:	
      From worker 9:	data processed and exported
      From worker 9:	
      From worker 9:	starting b_1.0_c_0.2_N_40_M_1_K_1_P_2_beta_0.001_u_0.001_v_0.025_p_0.75_ϵ_1.0_gens_20000000_210225-013508.689
      From worker 15:	replicate complete, ran 20000000 generations:
      From worker 15:	
      From worker 15:		num_imitating:			12499244
      From worker 15:		num_not_imitating:		7500756
      From worker 15:		num_strategies_changed:  	366967
      From worker 15:			num_random_strategies: 	12431
      From worker 15:		num_sets_changed: 		4983436
      From worker 15:			num_random_opinions: 	872966
      From worker 15:			num_biased_opinions: 	2619736
      From worker 15:		num_both_changed: 		161074
      From worker 15:	
      From worker 15:	data processed and exported
      From worker 15:	
      From worker 15:	starting b_1.0_c_0.2_N_40_M_1_K_1_P_2_beta_0.001_u_0.001_v_0.2795084971874737_p_1.0_ϵ_1.0_gens_20000000_210225-013508.689
      From worker 14:	replicate complete, ran 20000000 generations:
      From worker 14:	
      From worker 14:		num_imitating:			15003555
      From worker 14:		num_not_imitating:		4996445
      From worker 14:		num_strategies_changed:  	427940
      From worker 14:			num_random_strategies: 	15184
      From worker 14:		num_sets_changed: 		6754305
      From worker 14:			num_random_opinions: 	2099100
      From worker 14:			num_biased_opinions: 	2096731
      From worker 14:		num_both_changed: 		205691
      From worker 14:	
      From worker 14:	data processed and exported
      From worker 14:	
      From worker 14:	starting b_1.0_c_0.2_N_40_M_1_K_1_P_2_beta_0.001_u_0.001_v_0.2795084971874737_p_0.75_ϵ_1.0_gens_20000000_210225-013508.689
      From worker 13:	replicate complete, ran 20000000 generations:
      From worker 13:	
      From worker 13:		num_imitating:			17499077
      From worker 13:		num_not_imitating:		2500923
      From worker 13:		num_strategies_changed:  	524584
      From worker 13:			num_random_strategies: 	17476
      From worker 13:		num_sets_changed: 		7420557
      From worker 13:			num_random_opinions: 	1640534
      From worker 13:			num_biased_opinions: 	547039
      From worker 13:		num_both_changed: 		256429
      From worker 13:	
      From worker 13:	data processed and exported
      From worker 13:	
      From worker 13:	starting b_1.0_c_0.2_N_40_M_1_K_1_P_2_beta_0.001_u_0.001_v_0.125_p_0.5_ϵ_1.0_gens_20000000_210225-013508.689
      From worker 12:	replicate complete, ran 20000000 generations:
      From worker 12:	
      From worker 12:		num_imitating:			20000000
      From worker 12:		num_not_imitating:		0
      From worker 12:		num_strategies_changed:  	591894
      From worker 12:			num_random_strategies: 	19816
      From worker 12:		num_sets_changed: 		8521949
      From worker 12:			num_random_opinions: 	2501230
      From worker 12:			num_biased_opinions: 	0
      From worker 12:		num_both_changed: 		289971
      From worker 12:	
      From worker 12:	data processed and exported
      From worker 12:	
      From worker 12:	starting b_1.0_c_0.2_N_40_M_1_K_1_P_2_beta_0.001_u_0.001_v_0.125_p_0.25_ϵ_1.0_gens_20000000_210225-013508.689
      From worker 5:	replicate complete, ran 20000000 generations:
      From worker 5:	
      From worker 5:		num_imitating:			10001015
      From worker 5:		num_not_imitating:		9998985
      From worker 5:		num_strategies_changed:  	154978
      From worker 5:			num_random_strategies: 	10076
      From worker 5:		num_sets_changed: 		0
      From worker 5:			num_random_opinions: 	0
      From worker 5:			num_biased_opinions: 	22371
      From worker 5:		num_both_changed: 		0
      From worker 5:	
      From worker 3:	replicate complete, ran 20000000 generations:
      From worker 3:	
      From worker 3:		num_imitating:			14999050
      From worker 3:		num_not_imitating:		5000950
      From worker 3:		num_strategies_changed:  	435750
      From worker 3:			num_random_strategies: 	14979
      From worker 3:		num_sets_changed: 		311620
      From worker 3:			num_random_opinions: 	7417
      From worker 3:			num_biased_opinions: 	7553
      From worker 3:		num_both_changed: 		24054
      From worker 3:	
      From worker 5:	data processed and exported
      From worker 5:	
      From worker 5:	starting b_1.0_c_0.2_N_40_M_1_K_1_P_2_beta_0.001_u_0.001_v_0.005_p_0.0_ϵ_1.0_gens_20000000_210225-013508.689
      From worker 3:	data processed and exported
      From worker 3:	
      From worker 3:	starting b_1.0_c_0.2_N_40_M_1_K_1_P_2_beta_0.001_u_0.001_v_0.001_p_0.75_ϵ_1.0_gens_20000000_210225-013508.689
      From worker 2:	replicate complete, ran 20000000 generations:
      From worker 2:	
      From worker 2:		num_imitating:			17498635
      From worker 2:		num_not_imitating:		2501365
      From worker 2:		num_strategies_changed:  	477815
      From worker 2:			num_random_strategies: 	17287
      From worker 2:		num_sets_changed: 		340464
      From worker 2:			num_random_opinions: 	12990
      From worker 2:			num_biased_opinions: 	4332
      From worker 2:		num_both_changed: 		19436
      From worker 2:	
      From worker 2:	data processed and exported
      From worker 2:	
      From worker 2:	starting b_1.0_c_0.2_N_40_M_1_K_1_P_2_beta_0.001_u_0.001_v_0.001_p_0.5_ϵ_1.0_gens_20000000_210225-013508.689
      From worker 4:	replicate complete, ran 20000000 generations:
      From worker 4:	
      From worker 4:		num_imitating:			12501339
      From worker 4:		num_not_imitating:		7498661
      From worker 4:		num_strategies_changed:  	358631
      From worker 4:			num_random_strategies: 	12508
      From worker 4:		num_sets_changed: 		504552
      From worker 4:			num_random_opinions: 	6980
      From worker 4:			num_biased_opinions: 	21240
      From worker 4:		num_both_changed: 		30655
      From worker 4:	
      From worker 4:	data processed and exported
      From worker 4:	
      From worker 4:	starting b_1.0_c_0.2_N_40_M_1_K_1_P_2_beta_0.001_u_0.001_v_0.0022360679774997894_p_1.0_ϵ_1.0_gens_20000000_210225-013508.689
      From worker 6:	replicate complete, ran 20000000 generations:
      From worker 6:	
      From worker 6:		num_imitating:			20000000
      From worker 6:		num_not_imitating:		0
      From worker 6:		num_strategies_changed:  	598430
      From worker 6:			num_random_strategies: 	20021
      From worker 6:		num_sets_changed: 		1670201
      From worker 6:			num_random_opinions: 	99677
      From worker 6:			num_biased_opinions: 	0
      From worker 6:		num_both_changed: 		97147
      From worker 6:	
      From worker 6:	data processed and exported
      From worker 6:	
      From worker 6:	starting b_1.0_c_0.2_N_40_M_1_K_1_P_2_beta_0.001_u_0.001_v_0.005_p_0.25_ϵ_1.0_gens_20000000_210225-013508.689
      From worker 10:	replicate complete, ran 20000000 generations:
      From worker 10:	
      From worker 10:		num_imitating:			10002517
      From worker 10:		num_not_imitating:		9997483
      From worker 10:		num_strategies_changed:  	148927
      From worker 10:			num_random_strategies: 	10054
      From worker 10:		num_sets_changed: 		0
      From worker 10:			num_random_opinions: 	0
      From worker 10:			num_biased_opinions: 	250704
      From worker 10:		num_both_changed: 		0
      From worker 10:	
      From worker 10:	data processed and exported
      From worker 10:	
      From worker 10:	starting b_1.0_c_0.2_N_40_M_1_K_1_P_2_beta_0.001_u_0.001_v_0.055901699437494755_p_0.0_ϵ_1.0_gens_20000000_210225-013508.689
      From worker 15:	replicate complete, ran 20000000 generations:
      From worker 15:	
      From worker 15:		num_imitating:			9998834
      From worker 15:		num_not_imitating:		10001166
      From worker 15:		num_strategies_changed:  	147338
      From worker 15:			num_random_strategies: 	10093
      From worker 15:		num_sets_changed: 		0
      From worker 15:			num_random_opinions: 	0
      From worker 15:			num_biased_opinions: 	2791788
      From worker 15:		num_both_changed: 		0
      From worker 15:	
      From worker 15:	data processed and exported
      From worker 15:	
      From worker 15:	starting b_1.0_c_0.2_N_40_M_1_K_1_P_2_beta_0.001_u_0.001_v_0.625_p_0.0_ϵ_1.0_gens_20000000_210225-013508.689
      From worker 8:	replicate complete, ran 20000000 generations:
      From worker 8:	
      From worker 8:		num_imitating:			14996813
      From worker 8:		num_not_imitating:		5003187
      From worker 8:		num_strategies_changed:  	437555
      From worker 8:			num_random_strategies: 	14964
      From worker 8:		num_sets_changed: 		2333856
      From worker 8:			num_random_opinions: 	84216
      From worker 8:			num_biased_opinions: 	84068
      From worker 8:		num_both_changed: 		114497
      From worker 8:	
      From worker 8:	data processed and exported
      From worker 8:	
      From worker 8:	starting b_1.0_c_0.2_N_40_M_1_K_1_P_2_beta_0.001_u_0.001_v_0.011180339887498947_p_0.75_ϵ_1.0_gens_20000000_210225-013508.689
      From worker 7:	replicate complete, ran 20000000 generations:
      From worker 7:	
      From worker 7:		num_imitating:			17498423
      From worker 7:		num_not_imitating:		2501577
      From worker 7:		num_strategies_changed:  	513763
      From worker 7:			num_random_strategies: 	17657
      From worker 7:		num_sets_changed: 		2723440
      From worker 7:			num_random_opinions: 	146413
      From worker 7:			num_biased_opinions: 	49500
      From worker 7:		num_both_changed: 		139668
      From worker 7:	
      From worker 7:	data processed and exported
      From worker 7:	
      From worker 7:	starting b_1.0_c_0.2_N_40_M_1_K_1_P_2_beta_0.001_u_0.001_v_0.011180339887498947_p_0.5_ϵ_1.0_gens_20000000_210225-013508.689
      From worker 9:	replicate complete, ran 20000000 generations:
      From worker 9:	
      From worker 9:		num_imitating:			12499524
      From worker 9:		num_not_imitating:		7500476
      From worker 9:		num_strategies_changed:  	343367
      From worker 9:			num_random_strategies: 	12509
      From worker 9:		num_sets_changed: 		3081262
      From worker 9:			num_random_opinions: 	77867
      From worker 9:			num_biased_opinions: 	234712
      From worker 9:		num_both_changed: 		126392
      From worker 9:	
      From worker 9:	data processed and exported
      From worker 9:	
      From worker 9:	starting b_1.0_c_0.2_N_40_M_1_K_1_P_2_beta_0.001_u_0.001_v_0.025_p_1.0_ϵ_1.0_gens_20000000_210225-013508.689
      From worker 11:	replicate complete, ran 20000000 generations:
      From worker 11:	
      From worker 11:		num_imitating:			20000000
      From worker 11:		num_not_imitating:		0
      From worker 11:		num_strategies_changed:  	594712
      From worker 11:			num_random_strategies: 	20165
      From worker 11:		num_sets_changed: 		7007189
      From worker 11:			num_random_opinions: 	1117787
      From worker 11:			num_biased_opinions: 	0
      From worker 11:		num_both_changed: 		266070
      From worker 11:	
      From worker 11:	data processed and exported
      From worker 11:	
      From worker 11:	starting b_1.0_c_0.2_N_40_M_1_K_1_P_2_beta_0.001_u_0.001_v_0.055901699437494755_p_0.25_ϵ_1.0_gens_20000000_210225-013508.689
      From worker 3:	replicate complete, ran 20000000 generations:
      From worker 3:	
      From worker 3:		num_imitating:			12502065
      From worker 3:		num_not_imitating:		7497935
      From worker 3:		num_strategies_changed:  	358109
      From worker 3:			num_random_strategies: 	12384
      From worker 3:		num_sets_changed: 		239154
      From worker 3:			num_random_opinions: 	3163
      From worker 3:			num_biased_opinions: 	9377
      From worker 3:		num_both_changed: 		14495
      From worker 3:	
      From worker 3:	data processed and exported
      From worker 3:	
      From worker 3:	starting b_1.0_c_0.2_N_40_M_1_K_1_P_2_beta_0.001_u_0.001_v_0.001_p_1.0_ϵ_1.0_gens_20000000_210225-013508.689
      From worker 16:	replicate complete, ran 20000000 generations:
      From worker 16:	
      From worker 16:		num_imitating:			20000000
      From worker 16:		num_not_imitating:		0
      From worker 16:		num_strategies_changed:  	569182
      From worker 16:			num_random_strategies: 	19901
      From worker 16:		num_sets_changed: 		9853487
      From worker 16:			num_random_opinions: 	12499764
      From worker 16:			num_biased_opinions: 	0
      From worker 16:		num_both_changed: 		283890
      From worker 16:	
      From worker 2:	replicate complete, ran 20000000 generations:
      From worker 2:	
      From worker 2:		num_imitating:			15001713
      From worker 2:		num_not_imitating:		4998287
      From worker 2:		num_strategies_changed:  	450186
      From worker 2:			num_random_strategies: 	14960
      From worker 2:		num_sets_changed: 		290228
      From worker 2:			num_random_opinions: 	7469
      From worker 2:			num_biased_opinions: 	7490
      From worker 2:		num_both_changed: 		18891
      From worker 2:	
      From worker 16:	data processed and exported
      From worker 2:	data processed and exported
      From worker 16:	
      From worker 16:	starting b_1.0_c_0.2_N_40_M_1_K_1_P_2_beta_0.001_u_0.001_v_0.625_p_0.25_ϵ_1.0_gens_20000000_210225-013508.689
      From worker 2:	
      From worker 2:	starting b_1.0_c_0.2_N_40_M_1_K_1_P_2_beta_0.001_u_0.001_v_0.001_p_0.75_ϵ_1.0_gens_20000000_210225-013508.689
      From worker 4:	replicate complete, ran 20000000 generations:
      From worker 4:	
      From worker 4:		num_imitating:			10002525
      From worker 4:		num_not_imitating:		9997475
      From worker 4:		num_strategies_changed:  	151388
      From worker 4:			num_random_strategies: 	9935
      From worker 4:		num_sets_changed: 		0
      From worker 4:			num_random_opinions: 	0
      From worker 4:			num_biased_opinions: 	22180
      From worker 4:		num_both_changed: 		0
      From worker 4:	
      From worker 4:	data processed and exported
      From worker 4:	
      From worker 4:	starting b_1.0_c_0.2_N_40_M_1_K_1_P_2_beta_0.001_u_0.001_v_0.0022360679774997894_p_0.0_ϵ_1.0_gens_20000000_210225-013508.689
      From worker 5:	replicate complete, ran 20000000 generations:
      From worker 5:	
      From worker 5:		num_imitating:			20000000
      From worker 5:		num_not_imitating:		0
      From worker 5:		num_strategies_changed:  	587216
      From worker 5:			num_random_strategies: 	19974
      From worker 5:		num_sets_changed: 		1718622
      From worker 5:			num_random_opinions: 	100019
      From worker 5:			num_biased_opinions: 	0
      From worker 5:		num_both_changed: 		92856
      From worker 5:	
      From worker 5:	data processed and exported
      From worker 5:	
      From worker 5:	starting b_1.0_c_0.2_N_40_M_1_K_1_P_2_beta_0.001_u_0.001_v_0.005_p_0.25_ϵ_1.0_gens_20000000_210225-013508.689
      From worker 14:	replicate complete, ran 20000000 generations:
      From worker 14:	
      From worker 14:		num_imitating:			12502798
      From worker 14:		num_not_imitating:		7497202
      From worker 14:		num_strategies_changed:  	346997
      From worker 14:			num_random_strategies: 	12627
      From worker 14:		num_sets_changed: 		4984882
      From worker 14:			num_random_opinions: 	873932
      From worker 14:			num_biased_opinions: 	2620986
      From worker 14:		num_both_changed: 		151999
      From worker 14:	
      From worker 14:	data processed and exported
      From worker 14:	
      From worker 14:	starting b_1.0_c_0.2_N_40_M_1_K_1_P_2_beta_0.001_u_0.001_v_0.2795084971874737_p_1.0_ϵ_1.0_gens_20000000_210225-013508.689
      From worker 6:	replicate complete, ran 20000000 generations:
      From worker 6:	
      From worker 6:		num_imitating:			17500050
      From worker 6:		num_not_imitating:		2499950
      From worker 6:		num_strategies_changed:  	535432
      From worker 6:			num_random_strategies: 	17649
      From worker 6:		num_sets_changed: 		1456732
      From worker 6:			num_random_opinions: 	65528
      From worker 6:			num_biased_opinions: 	21581
      From worker 6:		num_both_changed: 		81862
      From worker 6:	
      From worker 6:	data processed and exported
      From worker 6:	
      From worker 6:	starting b_1.0_c_0.2_N_40_M_1_K_1_P_2_beta_0.001_u_0.001_v_0.005_p_0.5_ϵ_1.0_gens_20000000_210225-013508.689
      From worker 13:	replicate complete, ran 20000000 generations:
      From worker 13:	
      From worker 13:		num_imitating:			14998453
      From worker 13:		num_not_imitating:		5001547
      From worker 13:		num_strategies_changed:  	408134
      From worker 13:			num_random_strategies: 	14872
      From worker 13:		num_sets_changed: 		6272203
      From worker 13:			num_random_opinions: 	936852
      From worker 13:			num_biased_opinions: 	936452
      From worker 13:		num_both_changed: 		196530
      From worker 13:	
      From worker 13:	data processed and exported
      From worker 13:	
      From worker 13:	starting b_1.0_c_0.2_N_40_M_1_K_1_P_2_beta_0.001_u_0.001_v_0.125_p_0.75_ϵ_1.0_gens_20000000_210225-013508.689
      From worker 9:	replicate complete, ran 20000000 generations:
      From worker 9:	
      From worker 9:		num_imitating:			10000055
      From worker 9:		num_not_imitating:		9999945
      From worker 9:		num_strategies_changed:  	142730
      From worker 9:			num_random_strategies: 	9895
      From worker 9:		num_sets_changed: 		0
      From worker 9:			num_random_opinions: 	0
      From worker 9:			num_biased_opinions: 	250404
      From worker 9:		num_both_changed: 		0
      From worker 9:	
      From worker 9:	data processed and exported
      From worker 9:	
      From worker 9:	starting b_1.0_c_0.2_N_40_M_1_K_1_P_2_beta_0.001_u_0.001_v_0.025_p_0.0_ϵ_1.0_gens_20000000_210225-013508.689
      From worker 8:	replicate complete, ran 20000000 generations:
      From worker 8:	
      From worker 8:		num_imitating:			12499517
      From worker 8:		num_not_imitating:		7500483
      From worker 8:		num_strategies_changed:  	353426
      From worker 8:			num_random_strategies: 	12552
      From worker 8:		num_sets_changed: 		1927352
      From worker 8:			num_random_opinions: 	34791
      From worker 8:			num_biased_opinions: 	105036
      From worker 8:		num_both_changed: 		94402
      From worker 8:	
      From worker 8:	data processed and exported
      From worker 8:	
      From worker 8:	starting b_1.0_c_0.2_N_40_M_1_K_1_P_2_beta_0.001_u_0.001_v_0.011180339887498947_p_1.0_ϵ_1.0_gens_20000000_210225-013508.689
      From worker 12:	replicate complete, ran 20000000 generations:
      From worker 12:	
      From worker 12:		num_imitating:			17500785
      From worker 12:		num_not_imitating:		2499215
      From worker 12:		num_strategies_changed:  	493283
      From worker 12:			num_random_strategies: 	17373
      From worker 12:		num_sets_changed: 		7414120
      From worker 12:			num_random_opinions: 	1641436
      From worker 12:			num_biased_opinions: 	546509
      From worker 12:		num_both_changed: 		241407
      From worker 12:	
      From worker 12:	data processed and exported
      From worker 12:	
      From worker 12:	starting b_1.0_c_0.2_N_40_M_1_K_1_P_2_beta_0.001_u_0.001_v_0.125_p_0.5_ϵ_1.0_gens_20000000_210225-013508.689
      From worker 7:	replicate complete, ran 20000000 generations:
      From worker 7:	
      From worker 7:		num_imitating:			14999173
      From worker 7:		num_not_imitating:		5000827
      From worker 7:		num_strategies_changed:  	445424
      From worker 7:			num_random_strategies: 	15226
      From worker 7:		num_sets_changed: 		2292148
      From worker 7:			num_random_opinions: 	83734
      From worker 7:			num_biased_opinions: 	83845
      From worker 7:		num_both_changed: 		119275
      From worker 7:	
      From worker 7:	data processed and exported
      From worker 7:	
      From worker 7:	starting b_1.0_c_0.2_N_40_M_1_K_1_P_2_beta_0.001_u_0.001_v_0.011180339887498947_p_0.75_ϵ_1.0_gens_20000000_210225-013508.689
      From worker 10:	replicate complete, ran 20000000 generations:
      From worker 10:	
      From worker 10:		num_imitating:			20000000
      From worker 10:		num_not_imitating:		0
      From worker 10:		num_strategies_changed:  	596107
      From worker 10:			num_random_strategies: 	19991
      From worker 10:		num_sets_changed: 		7010814
      From worker 10:			num_random_opinions: 	1118633
      From worker 10:			num_biased_opinions: 	0
      From worker 10:		num_both_changed: 		271805
      From worker 10:	
      From worker 10:	data processed and exported
      From worker 10:	
      From worker 10:	starting b_1.0_c_0.2_N_40_M_1_K_1_P_2_beta_0.001_u_0.001_v_0.055901699437494755_p_0.25_ϵ_1.0_gens_20000000_210225-013508.689
      From worker 3:	replicate complete, ran 20000000 generations:
      From worker 3:	
      From worker 3:		num_imitating:			9999735
      From worker 3:		num_not_imitating:		10000265
      From worker 3:		num_strategies_changed:  	149453
      From worker 3:			num_random_strategies: 	10034
      From worker 3:		num_sets_changed: 		0
      From worker 3:			num_random_opinions: 	0
      From worker 3:			num_biased_opinions: 	9991
      From worker 3:		num_both_changed: 		0
      From worker 3:	
      From worker 3:	data processed and exported
      From worker 3:	
      From worker 3:	starting b_1.0_c_0.2_N_40_M_1_K_1_P_2_beta_0.001_u_0.001_v_0.0022360679774997894_p_0.0_ϵ_1.0_gens_20000000_210225-013508.689
      From worker 2:	replicate complete, ran 20000000 generations:
      From worker 2:	
      From worker 2:		num_imitating:			12500607
      From worker 2:		num_not_imitating:		7499393
      From worker 2:		num_strategies_changed:  	342333
      From worker 2:			num_random_strategies: 	12535
      From worker 2:		num_sets_changed: 		269258
      From worker 2:			num_random_opinions: 	3016
      From worker 2:			num_biased_opinions: 	9368
      From worker 2:		num_both_changed: 		14172
      From worker 2:	
      From worker 2:	data processed and exported
      From worker 2:	
      From worker 2:	starting b_1.0_c_0.2_N_40_M_1_K_1_P_2_beta_0.001_u_0.001_v_0.001_p_1.0_ϵ_1.0_gens_20000000_210225-013508.689
      From worker 14:	replicate complete, ran 20000000 generations:
      From worker 14:	
      From worker 14:		num_imitating:			10000584
      From worker 14:		num_not_imitating:		9999416
      From worker 14:		num_strategies_changed:  	141624
      From worker 14:			num_random_strategies: 	9790
      From worker 14:		num_sets_changed: 		0
      From worker 14:			num_random_opinions: 	0
      From worker 14:			num_biased_opinions: 	2793683
      From worker 14:		num_both_changed: 		0
      From worker 14:	
      From worker 14:	data processed and exported
      From worker 14:	
      From worker 14:	starting b_1.0_c_0.2_N_40_M_1_K_1_P_2_beta_0.001_u_0.001_v_0.2795084971874737_p_0.0_ϵ_1.0_gens_20000000_210225-013508.689
      From worker 4:	replicate complete, ran 20000000 generations:
      From worker 4:	
      From worker 4:		num_imitating:			20000000
      From worker 4:		num_not_imitating:		0
      From worker 4:		num_strategies_changed:  	577083
      From worker 4:			num_random_strategies: 	19738
      From worker 4:		num_sets_changed: 		823308
      From worker 4:			num_random_opinions: 	44776
      From worker 4:			num_biased_opinions: 	0
      From worker 4:		num_both_changed: 		46445
      From worker 4:	
      From worker 4:	data processed and exported
      From worker 4:	
      From worker 4:	starting b_1.0_c_0.2_N_40_M_1_K_1_P_2_beta_0.001_u_0.001_v_0.0022360679774997894_p_0.25_ϵ_1.0_gens_20000000_210225-013508.689
      From worker 5:	replicate complete, ran 20000000 generations:
      From worker 5:	
      From worker 5:		num_imitating:			17501101
      From worker 5:		num_not_imitating:		2498899
      From worker 5:		num_strategies_changed:  	502595
      From worker 5:			num_random_strategies: 	17465
      From worker 5:		num_sets_changed: 		1510915
      From worker 5:			num_random_opinions: 	65337
      From worker 5:			num_biased_opinions: 	22014
      From worker 5:		num_both_changed: 		77833
      From worker 5:	
      From worker 5:	data processed and exported
      From worker 5:	
      From worker 5:	starting b_1.0_c_0.2_N_40_M_1_K_1_P_2_beta_0.001_u_0.001_v_0.005_p_0.5_ϵ_1.0_gens_20000000_210225-013508.689
      From worker 11:	replicate complete, ran 20000000 generations:
      From worker 11:	
      From worker 11:		num_imitating:			17498867
      From worker 11:		num_not_imitating:		2501133
      From worker 11:		num_strategies_changed:  	513357
      From worker 11:			num_random_strategies: 	17470
      From worker 11:		num_sets_changed: 		6133351
      From worker 11:			num_random_opinions: 	732981
      From worker 11:			num_biased_opinions: 	244431
      From worker 11:		num_both_changed: 		233283
      From worker 11:	
      From worker 11:	data processed and exported
      From worker 11:	
      From worker 11:	starting b_1.0_c_0.2_N_40_M_1_K_1_P_2_beta_0.001_u_0.001_v_0.055901699437494755_p_0.5_ϵ_1.0_gens_20000000_210225-013508.689
      From worker 15:	replicate complete, ran 20000000 generations:
      From worker 15:	
      From worker 15:		num_imitating:			20000000
      From worker 15:		num_not_imitating:		0
      From worker 15:		num_strategies_changed:  	589009
      From worker 15:			num_random_strategies: 	19989
      From worker 15:		num_sets_changed: 		9854174
      From worker 15:			num_random_opinions: 	12494413
      From worker 15:			num_biased_opinions: 	0
      From worker 15:		num_both_changed: 		294134
      From worker 15:	
      From worker 15:	data processed and exported
      From worker 15:	
      From worker 15:	starting b_1.0_c_0.2_N_40_M_1_K_1_P_2_beta_0.001_u_0.001_v_0.625_p_0.25_ϵ_1.0_gens_20000000_210225-013508.689
      From worker 6:	replicate complete, ran 20000000 generations:
      From worker 6:	
      From worker 6:		num_imitating:			14997969
      From worker 6:		num_not_imitating:		5002031
      From worker 6:		num_strategies_changed:  	437782
      From worker 6:			num_random_strategies: 	15068
      From worker 6:		num_sets_changed: 		1247594
      From worker 6:			num_random_opinions: 	37496
      From worker 6:			num_biased_opinions: 	37230
      From worker 6:		num_both_changed: 		75925
      From worker 6:	
      From worker 6:	data processed and exported
      From worker 6:	
      From worker 6:	starting b_1.0_c_0.2_N_40_M_1_K_1_P_2_beta_0.001_u_0.001_v_0.005_p_0.75_ϵ_1.0_gens_20000000_210225-013508.689
      From worker 8:	replicate complete, ran 20000000 generations:
      From worker 8:	
      From worker 8:		num_imitating:			9999391
      From worker 8:		num_not_imitating:		10000609
      From worker 8:		num_strategies_changed:  	151294
      From worker 8:			num_random_strategies: 	10126
      From worker 8:		num_sets_changed: 		0
      From worker 8:			num_random_opinions: 	0
      From worker 8:			num_biased_opinions: 	111807
      From worker 8:		num_both_changed: 		0
      From worker 8:	
      From worker 8:	data processed and exported
      From worker 8:	
      From worker 8:	starting b_1.0_c_0.2_N_40_M_1_K_1_P_2_beta_0.001_u_0.001_v_0.025_p_0.0_ϵ_1.0_gens_20000000_210225-013508.689
      From worker 13:	replicate complete, ran 20000000 generations:
      From worker 13:	
      From worker 13:		num_imitating:			12498896
      From worker 13:		num_not_imitating:		7501104
      From worker 13:		num_strategies_changed:  	343722
      From worker 13:			num_random_strategies: 	12488
      From worker 13:		num_sets_changed: 		4995439
      From worker 13:			num_random_opinions: 	390973
      From worker 13:			num_biased_opinions: 	1173127
      From worker 13:		num_both_changed: 		164372
      From worker 13:	
      From worker 7:	replicate complete, ran 20000000 generations:
      From worker 7:	
      From worker 7:		num_imitating:			12502783
      From worker 7:		num_not_imitating:		7497217
      From worker 7:		num_strategies_changed:  	368217
      From worker 7:			num_random_strategies: 	12362
      From worker 7:		num_sets_changed: 		1954320
      From worker 7:			num_random_opinions: 	35012
      From worker 7:			num_biased_opinions: 	104784
      From worker 7:		num_both_changed: 		102493
      From worker 7:	
      From worker 13:	data processed and exported
      From worker 7:	data processed and exported
      From worker 13:	
      From worker 13:	starting b_1.0_c_0.2_N_40_M_1_K_1_P_2_beta_0.001_u_0.001_v_0.125_p_1.0_ϵ_1.0_gens_20000000_210225-013508.689
      From worker 7:	
      From worker 7:	starting b_1.0_c_0.2_N_40_M_1_K_1_P_2_beta_0.001_u_0.001_v_0.011180339887498947_p_1.0_ϵ_1.0_gens_20000000_210225-013508.689
      From worker 16:	replicate complete, ran 20000000 generations:
      From worker 16:	
      From worker 16:		num_imitating:			17500249
      From worker 16:		num_not_imitating:		2499751
      From worker 16:		num_strategies_changed:  	499703
      From worker 16:			num_random_strategies: 	17624
      From worker 16:		num_sets_changed: 		8374579
      From worker 16:			num_random_opinions: 	8202012
      From worker 16:			num_biased_opinions: 	2735326
      From worker 16:		num_both_changed: 		243046
      From worker 16:	
      From worker 16:	data processed and exported
      From worker 16:	
      From worker 16:	starting b_1.0_c_0.2_N_40_M_1_K_1_P_2_beta_0.001_u_0.001_v_0.625_p_0.5_ϵ_1.0_gens_20000000_210225-013508.689
      From worker 2:	replicate complete, ran 20000000 generations:
      From worker 2:	
      From worker 2:		num_imitating:			10000178
      From worker 2:		num_not_imitating:		9999822
      From worker 2:		num_strategies_changed:  	146774
      From worker 2:			num_random_strategies: 	10092
      From worker 2:		num_sets_changed: 		0
      From worker 2:			num_random_opinions: 	0
      From worker 2:			num_biased_opinions: 	9916
      From worker 2:		num_both_changed: 		0
      From worker 2:	
      From worker 2:	data processed and exported
      From worker 2:	
      From worker 2:	starting b_1.0_c_0.2_N_40_M_1_K_1_P_2_beta_0.001_u_0.001_v_0.001_p_0.0_ϵ_1.0_gens_20000000_210225-013508.689
      From worker 3:	replicate complete, ran 20000000 generations:
      From worker 3:	
      From worker 3:		num_imitating:			20000000
      From worker 3:		num_not_imitating:		0
      From worker 3:		num_strategies_changed:  	600441
      From worker 3:			num_random_strategies: 	20028
      From worker 3:		num_sets_changed: 		825950
      From worker 3:			num_random_opinions: 	44503
      From worker 3:			num_biased_opinions: 	0
      From worker 3:		num_both_changed: 		49791
      From worker 3:	
      From worker 3:	data processed and exported
      From worker 3:	
      From worker 3:	starting b_1.0_c_0.2_N_40_M_1_K_1_P_2_beta_0.001_u_0.001_v_0.0022360679774997894_p_0.25_ϵ_1.0_gens_20000000_210225-013508.689
      From worker 9:	replicate complete, ran 20000000 generations:
      From worker 9:	
      From worker 9:		num_imitating:			20000000
      From worker 9:		num_not_imitating:		0
      From worker 9:		num_strategies_changed:  	587880
      From worker 9:			num_random_strategies: 	20043
      From worker 9:		num_sets_changed: 		5038459
      From worker 9:			num_random_opinions: 	499810
      From worker 9:			num_biased_opinions: 	0
      From worker 9:		num_both_changed: 		218094
      From worker 9:	
      From worker 9:	data processed and exported
      From worker 9:	
      From worker 9:	starting b_1.0_c_0.2_N_40_M_1_K_1_P_2_beta_0.001_u_0.001_v_0.025_p_0.25_ϵ_1.0_gens_20000000_210225-013508.689
      From worker 4:	replicate complete, ran 20000000 generations:
      From worker 4:	
      From worker 4:		num_imitating:			17496761
      From worker 4:		num_not_imitating:		2503239
      From worker 4:		num_strategies_changed:  	501991
      From worker 4:			num_random_strategies: 	17286
      From worker 4:		num_sets_changed: 		677078
      From worker 4:			num_random_opinions: 	29495
      From worker 4:			num_biased_opinions: 	9711
      From worker 4:		num_both_changed: 		35255
      From worker 4:	
      From worker 4:	data processed and exported
      From worker 4:	
      From worker 4:	starting b_1.0_c_0.2_N_40_M_1_K_1_P_2_beta_0.001_u_0.001_v_0.0022360679774997894_p_0.5_ϵ_1.0_gens_20000000_210225-013508.689
      From worker 12:	replicate complete, ran 20000000 generations:
      From worker 12:	
      From worker 12:		num_imitating:			14997586
      From worker 12:		num_not_imitating:		5002414
      From worker 12:		num_strategies_changed:  	441124
      From worker 12:			num_random_strategies: 	15010
      From worker 12:		num_sets_changed: 		6263524
      From worker 12:			num_random_opinions: 	937790
      From worker 12:			num_biased_opinions: 	936088
      From worker 12:		num_both_changed: 		213998
      From worker 12:	
      From worker 12:	data processed and exported
      From worker 12:	
      From worker 12:	starting b_1.0_c_0.2_N_40_M_1_K_1_P_2_beta_0.001_u_0.001_v_0.125_p_0.75_ϵ_1.0_gens_20000000_210225-013508.689
      From worker 5:	replicate complete, ran 20000000 generations:
      From worker 5:	
      From worker 5:		num_imitating:			15000711
      From worker 5:		num_not_imitating:		4999289
      From worker 5:		num_strategies_changed:  	445215
      From worker 5:			num_random_strategies: 	14958
      From worker 5:		num_sets_changed: 		1256602
      From worker 5:			num_random_opinions: 	37381
      From worker 5:			num_biased_opinions: 	37500
      From worker 5:		num_both_changed: 		66462
      From worker 5:	
      From worker 5:	data processed and exported
      From worker 5:	
      From worker 5:	starting b_1.0_c_0.2_N_40_M_1_K_1_P_2_beta_0.001_u_0.001_v_0.005_p_0.75_ϵ_1.0_gens_20000000_210225-013508.689
      From worker 10:	replicate complete, ran 20000000 generations:
      From worker 10:	
      From worker 10:		num_imitating:			17498908
      From worker 10:		num_not_imitating:		2501092
      From worker 10:		num_strategies_changed:  	521605
      From worker 10:			num_random_strategies: 	17520
      From worker 10:		num_sets_changed: 		6095493
      From worker 10:			num_random_opinions: 	734072
      From worker 10:			num_biased_opinions: 	244379
      From worker 10:		num_both_changed: 		231227
      From worker 10:	
      From worker 6:	replicate complete, ran 20000000 generations:
      From worker 6:	
      From worker 6:		num_imitating:			12498135
      From worker 6:		num_not_imitating:		7501865
      From worker 6:		num_strategies_changed:  	346460
      From worker 6:			num_random_strategies: 	12477
      From worker 6:		num_sets_changed: 		1061293
      From worker 6:			num_random_opinions: 	15780
      From worker 6:			num_biased_opinions: 	46703
      From worker 6:		num_both_changed: 		49310
      From worker 6:	
      From worker 10:	data processed and exported
      From worker 6:	data processed and exported
      From worker 10:	
      From worker 10:	starting b_1.0_c_0.2_N_40_M_1_K_1_P_2_beta_0.001_u_0.001_v_0.055901699437494755_p_0.5_ϵ_1.0_gens_20000000_210225-013508.689
      From worker 6:	
      From worker 6:	starting b_1.0_c_0.2_N_40_M_1_K_1_P_2_beta_0.001_u_0.001_v_0.005_p_1.0_ϵ_1.0_gens_20000000_210225-013508.689
      From worker 11:	replicate complete, ran 20000000 generations:
      From worker 11:	
      From worker 11:		num_imitating:			15000228
      From worker 11:		num_not_imitating:		4999772
      From worker 11:		num_strategies_changed:  	435290
      From worker 11:			num_random_strategies: 	14848
      From worker 11:		num_sets_changed: 		5201958
      From worker 11:			num_random_opinions: 	418414
      From worker 11:			num_biased_opinions: 	419692
      From worker 11:		num_both_changed: 		197460
      From worker 11:	
      From worker 11:	data processed and exported
      From worker 11:	
      From worker 11:	starting b_1.0_c_0.2_N_40_M_1_K_1_P_2_beta_0.001_u_0.001_v_0.055901699437494755_p_0.75_ϵ_1.0_gens_20000000_210225-013508.689
      From worker 13:	replicate complete, ran 20000000 generations:
      From worker 13:	
      From worker 13:		num_imitating:			9995644
      From worker 13:		num_not_imitating:		10004356
      From worker 13:		num_strategies_changed:  	144327
      From worker 13:			num_random_strategies: 	9962
      From worker 13:		num_sets_changed: 		0
      From worker 13:			num_random_opinions: 	0
      From worker 13:			num_biased_opinions: 	1249668
      From worker 13:		num_both_changed: 		0
      From worker 13:	
      From worker 7:	replicate complete, ran 20000000 generations:
      From worker 7:	
      From worker 7:		num_imitating:			10001657
      From worker 7:		num_not_imitating:		9998343
      From worker 7:		num_strategies_changed:  	144983
      From worker 7:			num_random_strategies: 	9927
      From worker 7:		num_sets_changed: 		0
      From worker 7:			num_random_opinions: 	0
      From worker 7:			num_biased_opinions: 	111330
      From worker 7:		num_both_changed: 		0
      From worker 7:	
      From worker 13:	data processed and exported
      From worker 13:	
      From worker 13:	starting b_1.0_c_0.2_N_40_M_1_K_1_P_2_beta_0.001_u_0.001_v_0.2795084971874737_p_0.0_ϵ_1.0_gens_20000000_210225-013508.689
      From worker 7:	data processed and exported
      From worker 7:	
      From worker 7:	starting b_1.0_c_0.2_N_40_M_1_K_1_P_2_beta_0.001_u_0.001_v_0.011180339887498947_p_0.0_ϵ_1.0_gens_20000000_210225-013508.689
      From worker 2:	replicate complete, ran 20000000 generations:
      From worker 2:	
      From worker 2:		num_imitating:			20000000
      From worker 2:		num_not_imitating:		0
      From worker 2:		num_strategies_changed:  	568661
      From worker 2:			num_random_strategies: 	19912
      From worker 2:		num_sets_changed: 		380924
      From worker 2:			num_random_opinions: 	19912
      From worker 2:			num_biased_opinions: 	0
      From worker 2:		num_both_changed: 		23772
      From worker 2:	
      From worker 2:	data processed and exported
      From worker 3:	replicate complete, ran 20000000 generations:
      From worker 3:	
      From worker 3:		num_imitating:			17499181
      From worker 3:		num_not_imitating:		2500819
      From worker 3:		num_strategies_changed:  	491927
      From worker 3:			num_random_strategies: 	17682
      From worker 3:		num_sets_changed: 		729078
      From worker 3:			num_random_opinions: 	29231
      From worker 3:			num_biased_opinions: 	9803
      From worker 3:		num_both_changed: 		43082
      From worker 3:	
      From worker 3:	data processed and exported
      From worker 8:	replicate complete, ran 20000000 generations:
      From worker 8:	
      From worker 8:		num_imitating:			20000000
      From worker 8:		num_not_imitating:		0
      From worker 8:		num_strategies_changed:  	595374
      From worker 8:			num_random_strategies: 	19910
      From worker 8:		num_sets_changed: 		5070061
      From worker 8:			num_random_opinions: 	499775
      From worker 8:			num_biased_opinions: 	0
      From worker 8:		num_both_changed: 		217675
      From worker 8:	
      From worker 8:	data processed and exported
      From worker 8:	
      From worker 8:	starting b_1.0_c_0.2_N_40_M_1_K_1_P_2_beta_0.001_u_0.001_v_0.025_p_0.25_ϵ_1.0_gens_20000000_210225-013508.689
      From worker 14:	replicate complete, ran 20000000 generations:
      From worker 14:	
      From worker 14:		num_imitating:			20000000
      From worker 14:		num_not_imitating:		0
      From worker 14:		num_strategies_changed:  	577746
      From worker 14:			num_random_strategies: 	20112
      From worker 14:		num_sets_changed: 		9390821
      From worker 14:			num_random_opinions: 	5586233
      From worker 14:			num_biased_opinions: 	0
      From worker 14:		num_both_changed: 		287799
      From worker 14:	
      From worker 14:	data processed and exported
      From worker 14:	
      From worker 14:	starting b_1.0_c_0.2_N_40_M_1_K_1_P_2_beta_0.001_u_0.001_v_0.2795084971874737_p_0.25_ϵ_1.0_gens_20000000_210225-013508.689
      From worker 15:	replicate complete, ran 20000000 generations:
      From worker 15:	
      From worker 15:		num_imitating:			17501405
      From worker 15:		num_not_imitating:		2498595
      From worker 15:		num_strategies_changed:  	493751
      From worker 15:			num_random_strategies: 	17374
      From worker 15:		num_sets_changed: 		8373781
      From worker 15:			num_random_opinions: 	8203703
      From worker 15:			num_biased_opinions: 	2734071
      From worker 15:		num_both_changed: 		239245
      From worker 15:	
      From worker 15:	data processed and exported
      From worker 15:	
      From worker 15:	starting b_1.0_c_0.2_N_40_M_1_K_1_P_2_beta_0.001_u_0.001_v_0.625_p_0.5_ϵ_1.0_gens_20000000_210225-013508.689
      From worker 4:	replicate complete, ran 20000000 generations:
      From worker 4:	
      From worker 4:		num_imitating:			14999324
      From worker 4:		num_not_imitating:		5000676
      From worker 4:		num_strategies_changed:  	444991
      From worker 4:			num_random_strategies: 	15105
      From worker 4:		num_sets_changed: 		595530
      From worker 4:			num_random_opinions: 	16735
      From worker 4:			num_biased_opinions: 	16782
      From worker 4:		num_both_changed: 		34624
      From worker 4:	
      From worker 4:	data processed and exported
      From worker 5:	replicate complete, ran 20000000 generations:
      From worker 5:	
      From worker 5:		num_imitating:			12500399
      From worker 5:		num_not_imitating:		7499601
      From worker 5:		num_strategies_changed:  	340959
      From worker 5:			num_random_strategies: 	12424
      From worker 5:		num_sets_changed: 		1037900
      From worker 5:			num_random_opinions: 	15799
      From worker 5:			num_biased_opinions: 	46545
      From worker 5:		num_both_changed: 		50197
      From worker 5:	
      From worker 5:	data processed and exported
      From worker 9:	replicate complete, ran 20000000 generations:
      From worker 9:	
      From worker 9:		num_imitating:			17502356
      From worker 9:		num_not_imitating:		2497644
      From worker 9:		num_strategies_changed:  	490874
      From worker 9:			num_random_strategies: 	17441
      From worker 9:		num_sets_changed: 		4421997
      From worker 9:			num_random_opinions: 	327518
      From worker 9:			num_biased_opinions: 	109098
      From worker 9:		num_both_changed: 		179107
      From worker 9:	
      From worker 9:	data processed and exported
      From worker 9:	
      From worker 9:	starting b_1.0_c_0.2_N_40_M_1_K_1_P_2_beta_0.001_u_0.001_v_0.025_p_0.5_ϵ_1.0_gens_20000000_210225-013508.689
      From worker 6:	replicate complete, ran 20000000 generations:
      From worker 6:	
      From worker 6:		num_imitating:			10003036
      From worker 6:		num_not_imitating:		9996964
      From worker 6:		num_strategies_changed:  	147451
      From worker 6:			num_random_strategies: 	9984
      From worker 6:		num_sets_changed: 		0
      From worker 6:			num_random_opinions: 	0
      From worker 6:			num_biased_opinions: 	50218
      From worker 6:		num_both_changed: 		0
      From worker 6:	
      From worker 6:	data processed and exported
      From worker 16:	replicate complete, ran 20000000 generations:
      From worker 16:	
      From worker 16:		num_imitating:			15000976
      From worker 16:		num_not_imitating:		4999024
      From worker 16:		num_strategies_changed:  	425767
      From worker 16:			num_random_strategies: 	15003
      From worker 16:		num_sets_changed: 		6423955
      From worker 16:			num_random_opinions: 	4688886
      From worker 16:			num_biased_opinions: 	4690398
      From worker 16:		num_both_changed: 		185606
      From worker 16:	
      From worker 16:	data processed and exported
      From worker 16:	
      From worker 16:	starting b_1.0_c_0.2_N_40_M_1_K_1_P_2_beta_0.001_u_0.001_v_0.625_p_0.75_ϵ_1.0_gens_20000000_210225-013508.689
      From worker 12:	replicate complete, ran 20000000 generations:
      From worker 12:	
      From worker 12:		num_imitating:			12500468
      From worker 12:		num_not_imitating:		7499532
      From worker 12:		num_strategies_changed:  	354448
      From worker 12:			num_random_strategies: 	12440
      From worker 12:		num_sets_changed: 		4997785
      From worker 12:			num_random_opinions: 	389375
      From worker 12:			num_biased_opinions: 	1171820
      From worker 12:		num_both_changed: 		167412
      From worker 12:	
      From worker 12:	data processed and exported
      From worker 12:	
      From worker 12:	starting b_1.0_c_0.2_N_40_M_1_K_1_P_2_beta_0.001_u_0.001_v_0.125_p_1.0_ϵ_1.0_gens_20000000_210225-013508.689
      From worker 10:	replicate complete, ran 20000000 generations:
      From worker 10:	
      From worker 10:		num_imitating:			15000400
      From worker 10:		num_not_imitating:		4999600
      From worker 10:		num_strategies_changed:  	434949
      From worker 10:			num_random_strategies: 	15026
      From worker 10:		num_sets_changed: 		5206411
      From worker 10:			num_random_opinions: 	419108
      From worker 10:			num_biased_opinions: 	418649
      From worker 10:		num_both_changed: 		200464
      From worker 10:	
      From worker 10:	data processed and exported
      From worker 10:	
      From worker 10:	starting b_1.0_c_0.2_N_40_M_1_K_1_P_2_beta_0.001_u_0.001_v_0.055901699437494755_p_0.75_ϵ_1.0_gens_20000000_210225-013508.689
      From worker 7:	replicate complete, ran 20000000 generations:
      From worker 7:	
      From worker 7:		num_imitating:			20000000
      From worker 7:		num_not_imitating:		0
      From worker 7:		num_strategies_changed:  	564562
      From worker 7:			num_random_strategies: 	20060
      From worker 7:		num_sets_changed: 		3160464
      From worker 7:			num_random_opinions: 	223869
      From worker 7:			num_biased_opinions: 	0
      From worker 7:		num_both_changed: 		151480
      From worker 7:	
      From worker 7:	data processed and exported
      From worker 11:	replicate complete, ran 20000000 generations:
      From worker 11:	
      From worker 11:		num_imitating:			12501070
      From worker 11:		num_not_imitating:		7498930
      From worker 11:		num_strategies_changed:  	360300
      From worker 11:			num_random_strategies: 	12352
      From worker 11:		num_sets_changed: 		4227678
      From worker 11:			num_random_opinions: 	175254
      From worker 11:			num_biased_opinions: 	523035
      From worker 11:		num_both_changed: 		162147
      From worker 11:	
      From worker 11:	data processed and exported
      From worker 11:	
      From worker 11:	starting b_1.0_c_0.2_N_40_M_1_K_1_P_2_beta_0.001_u_0.001_v_0.055901699437494755_p_1.0_ϵ_1.0_gens_20000000_210225-013508.689
      From worker 8:	replicate complete, ran 20000000 generations:
      From worker 8:	
      From worker 8:		num_imitating:			17501789
      From worker 8:		num_not_imitating:		2498211
      From worker 8:		num_strategies_changed:  	507583
      From worker 8:			num_random_strategies: 	17484
      From worker 8:		num_sets_changed: 		4424994
      From worker 8:			num_random_opinions: 	328776
      From worker 8:			num_biased_opinions: 	109453
      From worker 8:		num_both_changed: 		195133
      From worker 8:	
      From worker 8:	data processed and exported
      From worker 12:	replicate complete, ran 20000000 generations:
      From worker 12:	
      From worker 12:		num_imitating:			10000490
      From worker 12:		num_not_imitating:		9999510
      From worker 12:		num_strategies_changed:  	146644
      From worker 12:			num_random_strategies: 	9929
      From worker 12:		num_sets_changed: 		0
      From worker 12:			num_random_opinions: 	0
      From worker 12:			num_biased_opinions: 	1250328
      From worker 12:		num_both_changed: 		0
      From worker 12:	
      From worker 12:	data processed and exported
      From worker 12:	
      From worker 12:	starting b_1.0_c_0.2_N_40_M_1_K_1_P_2_beta_0.001_u_0.001_v_0.125_p_0.0_ϵ_1.0_gens_20000000_210225-013508.689
      From worker 13:	replicate complete, ran 20000000 generations:
      From worker 13:	
      From worker 13:		num_imitating:			20000000
      From worker 13:		num_not_imitating:		0
      From worker 13:		num_strategies_changed:  	594163
      From worker 13:			num_random_strategies: 	19855
      From worker 13:		num_sets_changed: 		9392583
      From worker 13:			num_random_opinions: 	5592923
      From worker 13:			num_biased_opinions: 	0
      From worker 13:		num_both_changed: 		295436
      From worker 13:	
      From worker 13:	data processed and exported
      From worker 13:	
      From worker 13:	starting b_1.0_c_0.2_N_40_M_1_K_1_P_2_beta_0.001_u_0.001_v_0.2795084971874737_p_0.25_ϵ_1.0_gens_20000000_210225-013508.689
      From worker 15:	replicate complete, ran 20000000 generations:
      From worker 15:	
      From worker 15:		num_imitating:			14999843
      From worker 15:		num_not_imitating:		5000157
      From worker 15:		num_strategies_changed:  	431812
      From worker 15:			num_random_strategies: 	15023
      From worker 15:		num_sets_changed: 		6424783
      From worker 15:			num_random_opinions: 	4693335
      From worker 15:			num_biased_opinions: 	4685415
      From worker 15:		num_both_changed: 		188465
      From worker 15:	
      From worker 15:	data processed and exported
      From worker 9:	replicate complete, ran 20000000 generations:
      From worker 9:	
      From worker 9:		num_imitating:			14999713
      From worker 9:		num_not_imitating:		5000287
      From worker 9:		num_strategies_changed:  	434706
      From worker 9:			num_random_strategies: 	15126
      From worker 9:		num_sets_changed: 		3740973
      From worker 9:			num_random_opinions: 	186680
      From worker 9:			num_biased_opinions: 	187687
      From worker 9:		num_both_changed: 		159981
      From worker 9:	
      From worker 15:	
      From worker 15:	starting b_1.0_c_0.2_N_40_M_1_K_1_P_2_beta_0.001_u_0.001_v_0.625_p_0.75_ϵ_1.0_gens_20000000_210225-013508.689
      From worker 9:	data processed and exported
      From worker 14:	replicate complete, ran 20000000 generations:
      From worker 14:	
      From worker 14:		num_imitating:			17498854
      From worker 14:		num_not_imitating:		2501146
      From worker 14:		num_strategies_changed:  	530566
      From worker 14:			num_random_strategies: 	17499
      From worker 14:		num_sets_changed: 		8144842
      From worker 14:			num_random_opinions: 	3672096
      From worker 14:			num_biased_opinions: 	1222202
      From worker 14:		num_both_changed: 		262212
      From worker 14:	
      From worker 14:	data processed and exported
      From worker 14:	
      From worker 14:	starting b_1.0_c_0.2_N_40_M_1_K_1_P_2_beta_0.001_u_0.001_v_0.2795084971874737_p_0.5_ϵ_1.0_gens_20000000_210225-013508.689
      From worker 16:	replicate complete, ran 20000000 generations:
      From worker 16:	
      From worker 16:		num_imitating:			12499347
      From worker 16:		num_not_imitating:		7500653
      From worker 16:		num_strategies_changed:  	350368
      From worker 16:			num_random_strategies: 	12454
      From worker 16:		num_sets_changed: 		3873402
      From worker 16:			num_random_opinions: 	1954481
      From worker 16:			num_biased_opinions: 	5860484
      From worker 16:		num_both_changed: 		113077
      From worker 16:	
      From worker 16:	data processed and exported
      From worker 16:	
      From worker 16:	starting b_1.0_c_0.2_N_40_M_1_K_1_P_2_beta_0.001_u_0.001_v_0.625_p_1.0_ϵ_1.0_gens_20000000_210225-013508.689
      From worker 11:	replicate complete, ran 20000000 generations:
      From worker 11:	
      From worker 11:		num_imitating:			9998653
      From worker 11:		num_not_imitating:		10001347
      From worker 11:		num_strategies_changed:  	147577
      From worker 11:			num_random_strategies: 	10045
      From worker 11:		num_sets_changed: 		0
      From worker 11:			num_random_opinions: 	0
      From worker 11:			num_biased_opinions: 	559258
      From worker 11:		num_both_changed: 		0
      From worker 11:	
      From worker 11:	data processed and exported
      From worker 10:	replicate complete, ran 20000000 generations:
      From worker 10:	
      From worker 10:		num_imitating:			12495241
      From worker 10:		num_not_imitating:		7504759
      From worker 10:		num_strategies_changed:  	348091
      From worker 10:			num_random_strategies: 	12459
      From worker 10:		num_sets_changed: 		4266377
      From worker 10:			num_random_opinions: 	174762
      From worker 10:			num_biased_opinions: 	525299
      From worker 10:		num_both_changed: 		155923
      From worker 10:	
      From worker 10:	data processed and exported
      From worker 16:	replicate complete, ran 20000000 generations:
      From worker 16:	
      From worker 16:		num_imitating:			9996725
      From worker 16:		num_not_imitating:		10003275
      From worker 16:		num_strategies_changed:  	149126
      From worker 16:			num_random_strategies: 	9870
      From worker 16:		num_sets_changed: 		0
      From worker 16:			num_random_opinions: 	0
      From worker 16:			num_biased_opinions: 	6247613
      From worker 16:		num_both_changed: 		0
      From worker 16:	
      From worker 16:	data processed and exported
      From worker 15:	replicate complete, ran 20000000 generations:
 Activating environment at `/tigress/mk28/CooperationPolarization2/Project.toml`
 Activating environment at `/tigress/mk28/CooperationPolarization2/Project.toml`
      From worker 15:	
      From worker 15:		num_imitating:			12501017
      From worker 15:		num_not_imitating:		7498983
      From worker 15:		num_strategies_changed:  	344023
      From worker 15:			num_random_strategies: 	12622
      From worker 15:		num_sets_changed: 		3872591
      From worker 15:			num_random_opinions: 	1955180
      From worker 15:			num_biased_opinions: 	5859755
      From worker 15:		num_both_changed: 		110668
      From worker 15:	
      From worker 15:	data processed and exported
      From worker 12:	replicate complete, ran 20000000 generations:
      From worker 12:	
      From worker 12:		num_imitating:			20000000
      From worker 12:		num_not_imitating:		0
      From worker 12:		num_strategies_changed:  	568720
      From worker 12:			num_random_strategies: 	20020
      From worker 12:		num_sets_changed: 		8523900
      From worker 12:			num_random_opinions: 	2497568
      From worker 12:			num_biased_opinions: 	0
      From worker 12:		num_both_changed: 		277708
      From worker 12:	
      From worker 12:	data processed and exported
      From worker 14:	replicate complete, ran 20000000 generations:
      From worker 14:	
      From worker 14:		num_imitating:			14999559
      From worker 14:		num_not_imitating:		5000441
      From worker 14:		num_strategies_changed:  	410200
      From worker 14:			num_random_strategies: 	15182
      From worker 14:		num_sets_changed: 		6756985
      From worker 14:			num_random_opinions: 	2095197
      From worker 14:			num_biased_opinions: 	2097676
      From worker 14:		num_both_changed: 		197165
      From worker 14:	
      From worker 14:	data processed and exported
      From worker 13:	replicate complete, ran 20000000 generations:
      From worker 13:	
      From worker 13:		num_imitating:			17499485
      From worker 13:		num_not_imitating:		2500515
      From worker 13:		num_strategies_changed:  	494032
      From worker 13:			num_random_strategies: 	17501
      From worker 13:		num_sets_changed: 		8148077
      From worker 13:			num_random_opinions: 	3671335
      From worker 13:			num_biased_opinions: 	1223647
      From worker 13:		num_both_changed: 		244707
      From worker 13:	
      From worker 13:	data processed and exported
6819.258219 seconds (2.48 M allocations: 114.749 MiB, 0.00% gc time)
